"21-07-2026 08:45:21","1004","Information","Microsoft-Windows-Wcmsvc","A Group Policy change was processed"
"21-07-2026 08:45:21","1004","Information","Microsoft-Windows-Wcmsvc","A Group Policy change was processed"
"21-07-2026 08:45:15","1004","Information","Microsoft-Windows-Wcmsvc","A Group Policy change was processed"
"21-07-2026 08:45:15","1004","Information","Microsoft-Windows-Wcmsvc","A Group Policy change was processed"
"21-07-2026 08:44:55","1006","Information","Microsoft-Windows-Wcmsvc","A Terminal Services session change was processed. 

 Reason: A user has logged on to the session"
"21-07-2026 08:44:25","1015","Information","Microsoft-Windows-Wcmsvc","Interface Token Applied

Interface: {556d9bdf-d387-4ab9-be4c-a7e220faf218}
Media Type: Wlan
Manual enabled: true
Auto enabled: true"
"21-07-2026 08:44:25","1009","Information","Microsoft-Windows-Wcmsvc","CDE reported an L2 adapter arrival 

 Interface: {556d9bdf-d387-4ab9-be4c-a7e220faf218} 

 Type: Wlan"
"21-07-2026 08:44:23","1003","Information","Microsoft-Windows-Wcmsvc","CDE reported a state change 

 State: Connected. Service is running. 

 Name: Wlansvc."
"21-07-2026 08:44:19","1009","Information","Microsoft-Windows-Wcmsvc","CDE reported an L2 adapter arrival 

 Interface: {50b111d2-408a-4661-81de-9197fee6662c} 

 Type: Ethernet."
"21-07-2026 08:44:19","1009","Information","Microsoft-Windows-Wcmsvc","CDE reported an L2 adapter arrival 

 Interface: {f3ee0e1e-4745-4f87-ae39-b7b48921c065} 

 Type: Ethernet."
"21-07-2026 08:44:19","1009","Information","Microsoft-Windows-Wcmsvc","CDE reported an L2 adapter arrival 

 Interface: {9dd2647c-6c78-4a23-b861-c580fdec2864} 

 Type: Ethernet."
"21-07-2026 08:44:19","10002","Information","Microsoft-Windows-Wcmsvc","WCMSVC: Complete WCM Service Startup"
"21-07-2026 08:44:19","1009","Information","Microsoft-Windows-Wcmsvc","CDE reported an L2 adapter arrival 

 Interface: {6a4487bf-5a41-42e8-893a-9749e37014c0} 

 Type: Ethernet."
"21-07-2026 08:44:19","1003","Information","Microsoft-Windows-Wcmsvc","CDE reported a state change 

 State: Disconnected. Service is not started. 

 Name: Wwansvc."
"21-07-2026 08:44:19","1003","Information","Microsoft-Windows-Wcmsvc","CDE reported a state change 

 State: Disconnected. Service is not started. 

 Name: Wlansvc."
"21-07-2026 08:44:19","10001","Information","Microsoft-Windows-Wcmsvc","WCMSVC: Start WCM Service Startup"
"21-07-2026 08:43:35","10004","Information","Microsoft-Windows-Wcmsvc","WCMSVC: Complete Service Shutdown"
"21-07-2026 08:43:35","10003","Information","Microsoft-Windows-Wcmsvc","WCMSVC: Start Service Shutdown"
"21-07-2026 08:43:08","1006","Information","Microsoft-Windows-Wcmsvc","A Terminal Services session change was processed. 

 Reason: A user has logged off the session"
"21-07-2026 08:32:39","1004","Information","Microsoft-Windows-Wcmsvc","A Group Policy change was processed"
"21-07-2026 08:32:39","1004","Information","Microsoft-Windows-Wcmsvc","A Group Policy change was processed"
"21-07-2026 08:32:33","1004","Information","Microsoft-Windows-Wcmsvc","A Group Policy change was processed"
"21-07-2026 08:32:33","1004","Information","Microsoft-Windows-Wcmsvc","A Group Policy change was processed"
"21-07-2026 08:32:07","1023","Information","Microsoft-Windows-Wcmsvc","WCM exited connected standby"
"21-07-2026 08:32:07","1029","Information","Microsoft-Windows-Wcmsvc","WCM exited net quiet mode"
"21-07-2026 07:23:59","1028","Information","Microsoft-Windows-Wcmsvc","WCM entered net quiet mode"
"21-07-2026 07:23:58","1022","Information","Microsoft-Windows-Wcmsvc","WCM entered connected standby"
"21-07-2026 07:23:53","1023","Information","Microsoft-Windows-Wcmsvc","WCM exited connected standby"
"21-07-2026 07:23:53","1029","Information","Microsoft-Windows-Wcmsvc","WCM exited net quiet mode"
"21-07-2026 07:18:18","1028","Information","Microsoft-Windows-Wcmsvc","WCM entered net quiet mode"
"21-07-2026 07:18:17","1022","Information","Microsoft-Windows-Wcmsvc","WCM entered connected standby"
"21-07-2026 07:18:17","1023","Information","Microsoft-Windows-Wcmsvc","WCM exited connected standby"
"21-07-2026 07:18:17","1029","Information","Microsoft-Windows-Wcmsvc","WCM exited net quiet mode"
"21-07-2026 07:18:17","1028","Information","Microsoft-Windows-Wcmsvc","WCM entered net quiet mode"
"21-07-2026 07:18:16","1022","Information","Microsoft-Windows-Wcmsvc","WCM entered connected standby"
"21-07-2026 07:17:48","1004","Information","Microsoft-Windows-Wcmsvc","A Group Policy change was processed"
"21-07-2026 07:17:48","1004","Information","Microsoft-Windows-Wcmsvc","A Group Policy change was processed"
"21-07-2026 07:17:44","1004","Information","Microsoft-Windows-Wcmsvc","A Group Policy change was processed"
"21-07-2026 07:17:44","1004","Information","Microsoft-Windows-Wcmsvc","A Group Policy change was processed"
"21-07-2026 07:17:43","1004","Information","Microsoft-Windows-Wcmsvc","A Group Policy change was processed"
"21-07-2026 07:17:43","1004","Information","Microsoft-Windows-Wcmsvc","A Group Policy change was processed"
"21-07-2026 07:17:27","1004","Information","Microsoft-Windows-Wcmsvc","A Group Policy change was processed"
"21-07-2026 07:17:27","1004","Information","Microsoft-Windows-Wcmsvc","A Group Policy change was processed"
"21-07-2026 07:17:13","1023","Information","Microsoft-Windows-Wcmsvc","WCM exited connected standby"
"21-07-2026 07:17:13","1029","Information","Microsoft-Windows-Wcmsvc","WCM exited net quiet mode"
"21-07-2026 04:17:33","1028","Information","Microsoft-Windows-Wcmsvc","WCM entered net quiet mode"
"21-07-2026 04:17:32","1022","Information","Microsoft-Windows-Wcmsvc","WCM entered connected standby"
"21-07-2026 04:17:32","1023","Information","Microsoft-Windows-Wcmsvc","WCM exited connected standby"
"21-07-2026 04:17:32","1029","Information","Microsoft-Windows-Wcmsvc","WCM exited net quiet mode"
"21-07-2026 04:17:32","1028","Information","Microsoft-Windows-Wcmsvc","WCM entered net quiet mode"
"21-07-2026 04:17:31","1022","Information","Microsoft-Windows-Wcmsvc","WCM entered connected standby"
"21-07-2026 04:13:48","1023","Information","Microsoft-Windows-Wcmsvc","WCM exited connected standby"
"21-07-2026 04:13:48","1029","Information","Microsoft-Windows-Wcmsvc","WCM exited net quiet mode"
"21-07-2026 00:35:06","1004","Information","Microsoft-Windows-Wcmsvc","A Group Policy change was processed"
"21-07-2026 00:35:06","1004","Information","Microsoft-Windows-Wcmsvc","A Group Policy change was processed"
"20-07-2026 18:58:21","1028","Information","Microsoft-Windows-Wcmsvc","WCM entered net quiet mode"
"20-07-2026 18:58:20","1022","Information","Microsoft-Windows-Wcmsvc","WCM entered connected standby"
"20-07-2026 18:58:20","1023","Information","Microsoft-Windows-Wcmsvc","WCM exited connected standby"
"20-07-2026 18:58:20","1029","Information","Microsoft-Windows-Wcmsvc","WCM exited net quiet mode"
"20-07-2026 18:58:20","1028","Information","Microsoft-Windows-Wcmsvc","WCM entered net quiet mode"
"20-07-2026 18:58:19","1022","Information","Microsoft-Windows-Wcmsvc","WCM entered connected standby"
"20-07-2026 18:57:47","1023","Information","Microsoft-Windows-Wcmsvc","WCM exited connected standby"
"20-07-2026 18:57:47","1029","Information","Microsoft-Windows-Wcmsvc","WCM exited net quiet mode"
"20-07-2026 18:19:09","1028","Information","Microsoft-Windows-Wcmsvc","WCM entered net quiet mode"
"20-07-2026 18:19:08","1022","Information","Microsoft-Windows-Wcmsvc","WCM entered connected standby"
"20-07-2026 18:19:08","1023","Information","Microsoft-Windows-Wcmsvc","WCM exited connected standby"
"20-07-2026 18:19:08","1029","Information","Microsoft-Windows-Wcmsvc","WCM exited net quiet mode"
"20-07-2026 18:19:08","1028","Information","Microsoft-Windows-Wcmsvc","WCM entered net quiet mode"
"20-07-2026 18:19:07","1022","Information","Microsoft-Windows-Wcmsvc","WCM entered connected standby"
"20-07-2026 17:06:03","1004","Information","Microsoft-Windows-Wcmsvc","A Group Policy change was processed"
"20-07-2026 17:06:03","1004","Information","Microsoft-Windows-Wcmsvc","A Group Policy change was processed"
"20-07-2026 17:06:02","1004","Information","Microsoft-Windows-Wcmsvc","A Group Policy change was processed"
"20-07-2026 17:06:02","1004","Information","Microsoft-Windows-Wcmsvc","A Group Policy change was processed"
"20-07-2026 13:16:05","1004","Information","Microsoft-Windows-Wcmsvc","A Group Policy change was processed"
"20-07-2026 13:16:05","1004","Information","Microsoft-Windows-Wcmsvc","A Group Policy change was processed"
"20-07-2026 13:16:01","1004","Information","Microsoft-Windows-Wcmsvc","A Group Policy change was processed"
"20-07-2026 13:16:01","1004","Information","Microsoft-Windows-Wcmsvc","A Group Policy change was processed"
"20-07-2026 13:11:04","1004","Information","Microsoft-Windows-Wcmsvc","A Group Policy change was processed"
"20-07-2026 13:11:04","1004","Information","Microsoft-Windows-Wcmsvc","A Group Policy change was processed"
"20-07-2026 13:11:02","1004","Information","Microsoft-Windows-Wcmsvc","A Group Policy change was processed"
"20-07-2026 13:11:02","1004","Information","Microsoft-Windows-Wcmsvc","A Group Policy change was processed"
"20-07-2026 11:13:54","1005","Information","Microsoft-Windows-Wcmsvc","A Power change was processed. 

 Reason: Power status has changed"
"20-07-2026 10:19:43","1005","Information","Microsoft-Windows-Wcmsvc","A Power change was processed. 

 Reason: Power status has changed"
"20-07-2026 10:19:38","1005","Information","Microsoft-Windows-Wcmsvc","A Power change was processed. 

 Reason: Power status has changed"
"20-07-2026 10:05:28","1004","Information","Microsoft-Windows-Wcmsvc","A Group Policy change was processed"
"20-07-2026 10:05:28","1004","Information","Microsoft-Windows-Wcmsvc","A Group Policy change was processed"
"20-07-2026 10:04:59","1004","Information","Microsoft-Windows-Wcmsvc","A Group Policy change was processed"
"20-07-2026 10:04:59","1004","Information","Microsoft-Windows-Wcmsvc","A Group Policy change was processed"
"20-07-2026 09:58:52","1005","Information","Microsoft-Windows-Wcmsvc","A Power change was processed. 

 Reason: Power status has changed"
"20-07-2026 09:58:52","1005","Information","Microsoft-Windows-Wcmsvc","A Power change was processed. 

 Reason: A resume was triggered by user input"
"20-07-2026 09:58:51","1005","Information","Microsoft-Windows-Wcmsvc","A Power change was processed. 

 Reason: Operation is resuming automatically from a low-power state"
"16-07-2026 03:02:46","1005","Information","Microsoft-Windows-Wcmsvc","A Power change was processed. 

 Reason: System is suspending operation"
"16-07-2026 03:02:44","1023","Information","Microsoft-Windows-Wcmsvc","WCM exited connected standby"
"16-07-2026 03:02:44","1015","Information","Microsoft-Windows-Wcmsvc","Interface Token Applied

Interface: {556d9bdf-d387-4ab9-be4c-a7e220faf218}
Media Type: Wlan
Manual enabled: true
Auto enabled: true"
"16-07-2026 03:02:44","1029","Information","Microsoft-Windows-Wcmsvc","WCM exited net quiet mode"
"15-07-2026 18:21:30","1028","Information","Microsoft-Windows-Wcmsvc","WCM entered net quiet mode"
"15-07-2026 18:21:28","1015","Information","Microsoft-Windows-Wcmsvc","Interface Token Applied

Interface: {556d9bdf-d387-4ab9-be4c-a7e220faf218}
Media Type: Wlan
Manual enabled: false
Auto enabled: false"
"15-07-2026 18:21:28","1029","Information","Microsoft-Windows-Wcmsvc","WCM exited net quiet mode"
"15-07-2026 18:00:24","1022","Information","Microsoft-Windows-Wcmsvc","WCM entered connected standby"
"15-07-2026 18:00:24","1023","Information","Microsoft-Windows-Wcmsvc","WCM exited connected standby"
"15-07-2026 18:00:05","1022","Information","Microsoft-Windows-Wcmsvc","WCM entered connected standby"
"15-07-2026 18:00:05","1023","Information","Microsoft-Windows-Wcmsvc","WCM exited connected standby"
"15-07-2026 17:59:55","1005","Information","Microsoft-Windows-Wcmsvc","A Power change was processed. 

 Reason: Power status has changed"
"15-07-2026 17:59:36","1028","Information","Microsoft-Windows-Wcmsvc","WCM entered net quiet mode"
"15-07-2026 17:59:35","1022","Information","Microsoft-Windows-Wcmsvc","WCM entered connected standby"
"15-07-2026 17:59:35","1023","Information","Microsoft-Windows-Wcmsvc","WCM exited connected standby"
"15-07-2026 17:59:35","1029","Information","Microsoft-Windows-Wcmsvc","WCM exited net quiet mode"
"15-07-2026 17:59:35","1028","Information","Microsoft-Windows-Wcmsvc","WCM entered net quiet mode"
"15-07-2026 17:59:34","1022","Information","Microsoft-Windows-Wcmsvc","WCM entered connected standby"
"15-07-2026 14:26:04","1004","Information","Microsoft-Windows-Wcmsvc","A Group Policy change was processed"
"15-07-2026 14:26:04","1004","Information","Microsoft-Windows-Wcmsvc","A Group Policy change was processed"
"15-07-2026 14:26:02","1004","Information","Microsoft-Windows-Wcmsvc","A Group Policy change was processed"
"15-07-2026 14:26:02","1004","Information","Microsoft-Windows-Wcmsvc","A Group Policy change was processed"
"15-07-2026 13:11:03","1004","Information","Microsoft-Windows-Wcmsvc","A Group Policy change was processed"
"15-07-2026 13:11:03","1004","Information","Microsoft-Windows-Wcmsvc","A Group Policy change was processed"
"15-07-2026 13:11:01","1004","Information","Microsoft-Windows-Wcmsvc","A Group Policy change was processed"
"15-07-2026 13:11:01","1004","Information","Microsoft-Windows-Wcmsvc","A Group Policy change was processed"
"15-07-2026 10:36:05","1004","Information","Microsoft-Windows-Wcmsvc","A Group Policy change was processed"
"15-07-2026 10:36:05","1004","Information","Microsoft-Windows-Wcmsvc","A Group Policy change was processed"
"15-07-2026 10:36:02","1004","Information","Microsoft-Windows-Wcmsvc","A Group Policy change was processed"
"15-07-2026 10:36:02","1004","Information","Microsoft-Windows-Wcmsvc","A Group Policy change was processed"
"15-07-2026 10:12:57","1005","Information","Microsoft-Windows-Wcmsvc","A Power change was processed. 

 Reason: Power status has changed"
"15-07-2026 09:21:54","1004","Information","Microsoft-Windows-Wcmsvc","A Group Policy change was processed"
"15-07-2026 09:21:54","1004","Information","Microsoft-Windows-Wcmsvc","A Group Policy change was processed"
"15-07-2026 09:21:51","1004","Information","Microsoft-Windows-Wcmsvc","A Group Policy change was processed"
"15-07-2026 09:21:51","1004","Information","Microsoft-Windows-Wcmsvc","A Group Policy change was processed"
"15-07-2026 09:16:16","1009","Information","Microsoft-Windows-Wcmsvc","CDE reported an L2 adapter arrival 

 Interface: {556d9bdf-d387-4ab9-be4c-a7e220faf218} 

 Type: Wlan"
"15-07-2026 09:15:53","1005","Information","Microsoft-Windows-Wcmsvc","A Power change was processed. 

 Reason: Power status has changed"
"15-07-2026 09:15:52","1005","Information","Microsoft-Windows-Wcmsvc","A Power change was processed. 

 Reason: Operation is resuming automatically from a low-power state"
"15-07-2026 09:15:52","1005","Information","Microsoft-Windows-Wcmsvc","A Power change was processed. 

 Reason: A resume was triggered by user input"
"15-07-2026 09:15:52","1010","Information","Microsoft-Windows-Wcmsvc","CDE reported an L2 adapter removal 

 Interface: {556d9bdf-d387-4ab9-be4c-a7e220faf218} 

 Type: Wlan"
"15-07-2026 06:19:14","1004","Information","Microsoft-Windows-Wcmsvc","A Group Policy change was processed"
"15-07-2026 06:19:14","1004","Information","Microsoft-Windows-Wcmsvc","A Group Policy change was processed"
"15-07-2026 06:19:09","1004","Information","Microsoft-Windows-Wcmsvc","A Group Policy change was processed"
"15-07-2026 06:19:09","1004","Information","Microsoft-Windows-Wcmsvc","A Group Policy change was processed"
"15-07-2026 06:19:03","1005","Information","Microsoft-Windows-Wcmsvc","A Power change was processed. 

 Reason: System is suspending operation"
"15-07-2026 06:19:00","1023","Information","Microsoft-Windows-Wcmsvc","WCM exited connected standby"
"15-07-2026 06:19:00","1015","Information","Microsoft-Windows-Wcmsvc","Interface Token Applied

Interface: {556d9bdf-d387-4ab9-be4c-a7e220faf218}
Media Type: Wlan
Manual enabled: true
Auto enabled: true"
"15-07-2026 06:19:00","1029","Information","Microsoft-Windows-Wcmsvc","WCM exited net quiet mode"
"14-07-2026 21:26:11","1028","Information","Microsoft-Windows-Wcmsvc","WCM entered net quiet mode"
"14-07-2026 21:26:10","1022","Information","Microsoft-Windows-Wcmsvc","WCM entered connected standby"
"14-07-2026 21:26:10","1029","Information","Microsoft-Windows-Wcmsvc","WCM exited net quiet mode"
"14-07-2026 21:26:10","1015","Information","Microsoft-Windows-Wcmsvc","Interface Token Applied

Interface: {556d9bdf-d387-4ab9-be4c-a7e220faf218}
Media Type: Wlan
Manual enabled: false
Auto enabled: false"
"14-07-2026 21:26:10","1028","Information","Microsoft-Windows-Wcmsvc","WCM entered net quiet mode"
"14-07-2026 21:26:09","1022","Information","Microsoft-Windows-Wcmsvc","WCM entered connected standby"
"14-07-2026 21:26:08","1023","Information","Microsoft-Windows-Wcmsvc","WCM exited connected standby"
"14-07-2026 21:26:08","1029","Information","Microsoft-Windows-Wcmsvc","WCM exited net quiet mode"
"14-07-2026 20:24:08","1028","Information","Microsoft-Windows-Wcmsvc","WCM entered net quiet mode"
"14-07-2026 20:24:07","1022","Information","Microsoft-Windows-Wcmsvc","WCM entered connected standby"
"14-07-2026 20:24:07","1023","Information","Microsoft-Windows-Wcmsvc","WCM exited connected standby"
"14-07-2026 20:24:07","1029","Information","Microsoft-Windows-Wcmsvc","WCM exited net quiet mode"
"14-07-2026 20:24:07","1028","Information","Microsoft-Windows-Wcmsvc","WCM entered net quiet mode"
"14-07-2026 20:24:06","1022","Information","Microsoft-Windows-Wcmsvc","WCM entered connected standby"
"14-07-2026 19:23:29","1005","Information","Microsoft-Windows-Wcmsvc","A Power change was processed. 

 Reason: Power status has changed"
"14-07-2026 19:16:04","1004","Information","Microsoft-Windows-Wcmsvc","A Group Policy change was processed"
"14-07-2026 19:16:04","1004","Information","Microsoft-Windows-Wcmsvc","A Group Policy change was processed"
"14-07-2026 19:16:02","1004","Information","Microsoft-Windows-Wcmsvc","A Group Policy change was processed"
"14-07-2026 19:16:02","1004","Information","Microsoft-Windows-Wcmsvc","A Group Policy change was processed"
"14-07-2026 15:26:04","1004","Information","Microsoft-Windows-Wcmsvc","A Group Policy change was processed"
"14-07-2026 15:26:04","1004","Information","Microsoft-Windows-Wcmsvc","A Group Policy change was processed"
"14-07-2026 15:26:02","1004","Information","Microsoft-Windows-Wcmsvc","A Group Policy change was processed"
"14-07-2026 15:26:02","1004","Information","Microsoft-Windows-Wcmsvc","A Group Policy change was processed"
"14-07-2026 13:11:03","1004","Information","Microsoft-Windows-Wcmsvc","A Group Policy change was processed"
"14-07-2026 13:11:03","1004","Information","Microsoft-Windows-Wcmsvc","A Group Policy change was processed"
"14-07-2026 13:11:02","1004","Information","Microsoft-Windows-Wcmsvc","A Group Policy change was processed"
"14-07-2026 13:11:02","1004","Information","Microsoft-Windows-Wcmsvc","A Group Policy change was processed"
"14-07-2026 11:36:03","1004","Information","Microsoft-Windows-Wcmsvc","A Group Policy change was processed"
"14-07-2026 11:36:03","1004","Information","Microsoft-Windows-Wcmsvc","A Group Policy change was processed"
"14-07-2026 11:36:01","1004","Information","Microsoft-Windows-Wcmsvc","A Group Policy change was processed"
"14-07-2026 11:36:01","1004","Information","Microsoft-Windows-Wcmsvc","A Group Policy change was processed"
"14-07-2026 10:28:36","1005","Information","Microsoft-Windows-Wcmsvc","A Power change was processed. 

 Reason: Power status has changed"
"14-07-2026 09:42:48","1004","Information","Microsoft-Windows-Wcmsvc","A Group Policy change was processed"
"14-07-2026 09:42:47","1004","Information","Microsoft-Windows-Wcmsvc","A Group Policy change was processed"
"14-07-2026 09:42:46","1004","Information","Microsoft-Windows-Wcmsvc","A Group Policy change was processed"
"14-07-2026 09:42:46","1004","Information","Microsoft-Windows-Wcmsvc","A Group Policy change was processed"
"14-07-2026 09:38:03","1004","Information","Microsoft-Windows-Wcmsvc","A Group Policy change was processed"
"14-07-2026 09:37:01","1004","Information","Microsoft-Windows-Wcmsvc","A Group Policy change was processed"
"14-07-2026 09:37:01","1004","Information","Microsoft-Windows-Wcmsvc","A Group Policy change was processed"
"14-07-2026 09:36:55","1005","Information","Microsoft-Windows-Wcmsvc","A Power change was processed. 

 Reason: Power status has changed"
"14-07-2026 09:36:51","1005","Information","Microsoft-Windows-Wcmsvc","A Power change was processed. 

 Reason: Operation is resuming automatically from a low-power state"
"14-07-2026 09:36:51","1005","Information","Microsoft-Windows-Wcmsvc","A Power change was processed. 

 Reason: A resume was triggered by user input"
"14-07-2026 05:57:14","1004","Information","Microsoft-Windows-Wcmsvc","A Group Policy change was processed"
"14-07-2026 05:57:14","1004","Information","Microsoft-Windows-Wcmsvc","A Group Policy change was processed"
"14-07-2026 05:57:10","1005","Information","Microsoft-Windows-Wcmsvc","A Power change was processed. 

 Reason: System is suspending operation"
"14-07-2026 05:57:04","1023","Information","Microsoft-Windows-Wcmsvc","WCM exited connected standby"
"14-07-2026 05:57:04","1015","Information","Microsoft-Windows-Wcmsvc","Interface Token Applied

Interface: {556d9bdf-d387-4ab9-be4c-a7e220faf218}
Media Type: Wlan
Manual enabled: true
Auto enabled: true"
"14-07-2026 05:57:04","1029","Information","Microsoft-Windows-Wcmsvc","WCM exited net quiet mode"
"13-07-2026 20:57:33","1028","Information","Microsoft-Windows-Wcmsvc","WCM entered net quiet mode"
"13-07-2026 20:57:32","1015","Information","Microsoft-Windows-Wcmsvc","Interface Token Applied

Interface: {556d9bdf-d387-4ab9-be4c-a7e220faf218}
Media Type: Wlan
Manual enabled: false
Auto enabled: false"
"13-07-2026 20:57:32","1029","Information","Microsoft-Windows-Wcmsvc","WCM exited net quiet mode"
"13-07-2026 20:27:16","1028","Information","Microsoft-Windows-Wcmsvc","WCM entered net quiet mode"
"13-07-2026 20:27:15","1022","Information","Microsoft-Windows-Wcmsvc","WCM entered connected standby"
"13-07-2026 20:27:15","1023","Information","Microsoft-Windows-Wcmsvc","WCM exited connected standby"
"13-07-2026 20:27:15","1029","Information","Microsoft-Windows-Wcmsvc","WCM exited net quiet mode"
"13-07-2026 20:27:15","1028","Information","Microsoft-Windows-Wcmsvc","WCM entered net quiet mode"
"13-07-2026 20:27:14","1022","Information","Microsoft-Windows-Wcmsvc","WCM entered connected standby"
"13-07-2026 20:27:08","1005","Information","Microsoft-Windows-Wcmsvc","A Power change was processed. 

 Reason: Power status has changed"
"13-07-2026 20:16:04","1004","Information","Microsoft-Windows-Wcmsvc","A Group Policy change was processed"
"13-07-2026 20:16:04","1004","Information","Microsoft-Windows-Wcmsvc","A Group Policy change was processed"
"13-07-2026 20:16:02","1004","Information","Microsoft-Windows-Wcmsvc","A Group Policy change was processed"
"13-07-2026 20:16:02","1004","Information","Microsoft-Windows-Wcmsvc","A Group Policy change was processed"
"13-07-2026 16:26:04","1004","Information","Microsoft-Windows-Wcmsvc","A Group Policy change was processed"
"13-07-2026 16:26:04","1004","Information","Microsoft-Windows-Wcmsvc","A Group Policy change was processed"
"13-07-2026 16:26:02","1004","Information","Microsoft-Windows-Wcmsvc","A Group Policy change was processed"
"13-07-2026 16:26:02","1004","Information","Microsoft-Windows-Wcmsvc","A Group Policy change was processed"
"13-07-2026 15:29:46","1005","Information","Microsoft-Windows-Wcmsvc","A Power change was processed. 

 Reason: Power status has changed"
"13-07-2026 14:59:05","1005","Information","Microsoft-Windows-Wcmsvc","A Power change was processed. 

 Reason: Power status has changed"
"13-07-2026 13:11:04","1004","Information","Microsoft-Windows-Wcmsvc","A Group Policy change was processed"
"13-07-2026 13:11:04","1004","Information","Microsoft-Windows-Wcmsvc","A Group Policy change was processed"
"13-07-2026 13:11:01","1004","Information","Microsoft-Windows-Wcmsvc","A Group Policy change was processed"
"13-07-2026 13:11:01","1004","Information","Microsoft-Windows-Wcmsvc","A Group Policy change was processed"
"13-07-2026 12:36:04","1004","Information","Microsoft-Windows-Wcmsvc","A Group Policy change was processed"
"13-07-2026 12:36:04","1004","Information","Microsoft-Windows-Wcmsvc","A Group Policy change was processed"
"13-07-2026 12:36:01","1004","Information","Microsoft-Windows-Wcmsvc","A Group Policy change was processed"
"13-07-2026 12:36:01","1004","Information","Microsoft-Windows-Wcmsvc","A Group Policy change was processed"
"13-07-2026 12:06:57","1005","Information","Microsoft-Windows-Wcmsvc","A Power change was processed. 

 Reason: Power status has changed"
"13-07-2026 12:05:47","1005","Information","Microsoft-Windows-Wcmsvc","A Power change was processed. 

 Reason: Power status has changed"
"13-07-2026 11:02:17","1005","Information","Microsoft-Windows-Wcmsvc","A Power change was processed. 

 Reason: Power status has changed"
"13-07-2026 09:55:50","1005","Information","Microsoft-Windows-Wcmsvc","A Power change was processed. 

 Reason: Power status has changed"
"13-07-2026 09:55:47","1005","Information","Microsoft-Windows-Wcmsvc","A Power change was processed. 

 Reason: Power status has changed"
"13-07-2026 09:44:41","1004","Information","Microsoft-Windows-Wcmsvc","A Group Policy change was processed"
"13-07-2026 09:44:41","1004","Information","Microsoft-Windows-Wcmsvc","A Group Policy change was processed"
"13-07-2026 09:44:39","1004","Information","Microsoft-Windows-Wcmsvc","A Group Policy change was processed"
"13-07-2026 09:44:39","1004","Information","Microsoft-Windows-Wcmsvc","A Group Policy change was processed"
"13-07-2026 09:38:42","1005","Information","Microsoft-Windows-Wcmsvc","A Power change was processed. 

 Reason: Power status has changed"
"13-07-2026 09:38:42","1005","Information","Microsoft-Windows-Wcmsvc","A Power change was processed. 

 Reason: Operation is resuming automatically from a low-power state"
"13-07-2026 09:38:41","1005","Information","Microsoft-Windows-Wcmsvc","A Power change was processed. 

 Reason: A resume was triggered by user input"
"13-07-2026 00:54:59","1005","Information","Microsoft-Windows-Wcmsvc","A Power change was processed. 

 Reason: System is suspending operation"
"13-07-2026 00:54:54","1023","Information","Microsoft-Windows-Wcmsvc","WCM exited connected standby"
"13-07-2026 00:54:54","1015","Information","Microsoft-Windows-Wcmsvc","Interface Token Applied

Interface: {556d9bdf-d387-4ab9-be4c-a7e220faf218}
Media Type: Wlan
Manual enabled: true
Auto enabled: true"
"13-07-2026 00:54:54","1029","Information","Microsoft-Windows-Wcmsvc","WCM exited net quiet mode"
"12-07-2026 22:51:40","1028","Information","Microsoft-Windows-Wcmsvc","WCM entered net quiet mode"
"12-07-2026 22:51:39","1015","Information","Microsoft-Windows-Wcmsvc","Interface Token Applied

Interface: {556d9bdf-d387-4ab9-be4c-a7e220faf218}
Media Type: Wlan
Manual enabled: false
Auto enabled: false"
"12-07-2026 22:51:39","1029","Information","Microsoft-Windows-Wcmsvc","WCM exited net quiet mode"
"12-07-2026 22:32:10","1028","Information","Microsoft-Windows-Wcmsvc","WCM entered net quiet mode"
"12-07-2026 22:32:09","1022","Information","Microsoft-Windows-Wcmsvc","WCM entered connected standby"
"12-07-2026 22:32:09","1023","Information","Microsoft-Windows-Wcmsvc","WCM exited connected standby"
"12-07-2026 22:32:09","1029","Information","Microsoft-Windows-Wcmsvc","WCM exited net quiet mode"
"12-07-2026 22:32:09","1028","Information","Microsoft-Windows-Wcmsvc","WCM entered net quiet mode"
"12-07-2026 22:32:08","1022","Information","Microsoft-Windows-Wcmsvc","WCM entered connected standby"
"12-07-2026 22:31:44","1023","Information","Microsoft-Windows-Wcmsvc","WCM exited connected standby"
"12-07-2026 22:31:44","1015","Information","Microsoft-Windows-Wcmsvc","Interface Token Applied

Interface: {556d9bdf-d387-4ab9-be4c-a7e220faf218}
Media Type: Wlan
Manual enabled: true
Auto enabled: true"
"12-07-2026 22:31:43","1029","Information","Microsoft-Windows-Wcmsvc","WCM exited net quiet mode"
"12-07-2026 21:32:36","1028","Information","Microsoft-Windows-Wcmsvc","WCM entered net quiet mode"
"12-07-2026 21:32:35","1015","Information","Microsoft-Windows-Wcmsvc","Interface Token Applied

Interface: {556d9bdf-d387-4ab9-be4c-a7e220faf218}
Media Type: Wlan
Manual enabled: false
Auto enabled: false"
"12-07-2026 21:32:35","1029","Information","Microsoft-Windows-Wcmsvc","WCM exited net quiet mode"
"12-07-2026 21:20:39","1028","Information","Microsoft-Windows-Wcmsvc","WCM entered net quiet mode"
"12-07-2026 21:20:38","1022","Information","Microsoft-Windows-Wcmsvc","WCM entered connected standby"
"12-07-2026 21:20:38","1023","Information","Microsoft-Windows-Wcmsvc","WCM exited connected standby"
"12-07-2026 21:20:38","1029","Information","Microsoft-Windows-Wcmsvc","WCM exited net quiet mode"
"12-07-2026 21:20:38","1028","Information","Microsoft-Windows-Wcmsvc","WCM entered net quiet mode"
"12-07-2026 21:20:37","1022","Information","Microsoft-Windows-Wcmsvc","WCM entered connected standby"
"12-07-2026 21:16:03","1004","Information","Microsoft-Windows-Wcmsvc","A Group Policy change was processed"
"12-07-2026 21:16:03","1004","Information","Microsoft-Windows-Wcmsvc","A Group Policy change was processed"
"12-07-2026 21:16:02","1004","Information","Microsoft-Windows-Wcmsvc","A Group Policy change was processed"
"12-07-2026 21:16:02","1004","Information","Microsoft-Windows-Wcmsvc","A Group Policy change was processed"
"12-07-2026 21:11:03","1004","Information","Microsoft-Windows-Wcmsvc","A Group Policy change was processed"
"12-07-2026 21:11:03","1004","Information","Microsoft-Windows-Wcmsvc","A Group Policy change was processed"
"12-07-2026 21:11:02","1004","Information","Microsoft-Windows-Wcmsvc","A Group Policy change was processed"
"12-07-2026 21:11:02","1004","Information","Microsoft-Windows-Wcmsvc","A Group Policy change was processed"
"12-07-2026 19:52:51","1005","Information","Microsoft-Windows-Wcmsvc","A Power change was processed. 

 Reason: Power status has changed"
"12-07-2026 19:52:50","1005","Information","Microsoft-Windows-Wcmsvc","A Power change was processed. 

 Reason: Power status has changed"
"12-07-2026 18:33:04","1004","Information","Microsoft-Windows-Wcmsvc","A Group Policy change was processed"
"12-07-2026 18:33:04","1004","Information","Microsoft-Windows-Wcmsvc","A Group Policy change was processed"
"12-07-2026 18:32:45","1004","Information","Microsoft-Windows-Wcmsvc","A Group Policy change was processed"
"12-07-2026 18:32:45","1004","Information","Microsoft-Windows-Wcmsvc","A Group Policy change was processed"
"12-07-2026 18:32:29","1006","Information","Microsoft-Windows-Wcmsvc","A Terminal Services session change was processed. 

 Reason: A user has logged on to the session"
"12-07-2026 18:32:02","1015","Information","Microsoft-Windows-Wcmsvc","Interface Token Applied

Interface: {556d9bdf-d387-4ab9-be4c-a7e220faf218}
Media Type: Wlan
Manual enabled: true
Auto enabled: true"
"12-07-2026 18:32:02","1009","Information","Microsoft-Windows-Wcmsvc","CDE reported an L2 adapter arrival 

 Interface: {556d9bdf-d387-4ab9-be4c-a7e220faf218} 

 Type: Wlan"
"12-07-2026 18:32:00","1003","Information","Microsoft-Windows-Wcmsvc","CDE reported a state change 

 State: Connected. Service is running. 

 Name: Wlansvc."
"12-07-2026 18:31:56","1009","Information","Microsoft-Windows-Wcmsvc","CDE reported an L2 adapter arrival 

 Interface: {50b111d2-408a-4661-81de-9197fee6662c} 

 Type: Ethernet."
"12-07-2026 18:31:56","1009","Information","Microsoft-Windows-Wcmsvc","CDE reported an L2 adapter arrival 

 Interface: {f3ee0e1e-4745-4f87-ae39-b7b48921c065} 

 Type: Ethernet."
"12-07-2026 18:31:56","1009","Information","Microsoft-Windows-Wcmsvc","CDE reported an L2 adapter arrival 

 Interface: {9dd2647c-6c78-4a23-b861-c580fdec2864} 

 Type: Ethernet."
"12-07-2026 18:31:56","10002","Information","Microsoft-Windows-Wcmsvc","WCMSVC: Complete WCM Service Startup"
"12-07-2026 18:31:56","1009","Information","Microsoft-Windows-Wcmsvc","CDE reported an L2 adapter arrival 

 Interface: {6a4487bf-5a41-42e8-893a-9749e37014c0} 

 Type: Ethernet."
"12-07-2026 18:31:56","1003","Information","Microsoft-Windows-Wcmsvc","CDE reported a state change 

 State: Disconnected. Service is not started. 

 Name: Wlansvc."
"12-07-2026 18:31:56","1003","Information","Microsoft-Windows-Wcmsvc","CDE reported a state change 

 State: Disconnected. Service is not started. 

 Name: Wwansvc."
"12-07-2026 18:31:56","10001","Information","Microsoft-Windows-Wcmsvc","WCMSVC: Start WCM Service Startup"
"12-07-2026 18:31:23","10004","Information","Microsoft-Windows-Wcmsvc","WCMSVC: Complete Service Shutdown"
"12-07-2026 18:31:23","10003","Information","Microsoft-Windows-Wcmsvc","WCMSVC: Start Service Shutdown"
"12-07-2026 18:30:41","1006","Information","Microsoft-Windows-Wcmsvc","A Terminal Services session change was processed. 

 Reason: A user has logged off the session"
"12-07-2026 18:27:14","1004","Information","Microsoft-Windows-Wcmsvc","A Group Policy change was processed"
"12-07-2026 18:27:14","1004","Information","Microsoft-Windows-Wcmsvc","A Group Policy change was processed"
"12-07-2026 18:27:12","1004","Information","Microsoft-Windows-Wcmsvc","A Group Policy change was processed"
"12-07-2026 18:27:12","1004","Information","Microsoft-Windows-Wcmsvc","A Group Policy change was processed"
"12-07-2026 18:25:00","1004","Information","Microsoft-Windows-Wcmsvc","A Group Policy change was processed"
"12-07-2026 18:25:00","1004","Information","Microsoft-Windows-Wcmsvc","A Group Policy change was processed"
"12-07-2026 18:24:15","1004","Information","Microsoft-Windows-Wcmsvc","A Group Policy change was processed"
"12-07-2026 18:24:15","1004","Information","Microsoft-Windows-Wcmsvc","A Group Policy change was processed"
"12-07-2026 18:21:08","1005","Information","Microsoft-Windows-Wcmsvc","A Power change was processed. 

 Reason: Power status has changed"
"12-07-2026 18:21:08","1005","Information","Microsoft-Windows-Wcmsvc","A Power change was processed. 

 Reason: Operation is resuming automatically from a low-power state"
"12-07-2026 18:21:07","1005","Information","Microsoft-Windows-Wcmsvc","A Power change was processed. 

 Reason: A resume was triggered by user input"
"11-07-2026 22:21:33","1005","Information","Microsoft-Windows-Wcmsvc","A Power change was processed. 

 Reason: System is suspending operation"
"11-07-2026 22:21:26","1023","Information","Microsoft-Windows-Wcmsvc","WCM exited connected standby"
"11-07-2026 22:21:26","1015","Information","Microsoft-Windows-Wcmsvc","Interface Token Applied

Interface: {556d9bdf-d387-4ab9-be4c-a7e220faf218}
Media Type: Wlan
Manual enabled: true
Auto enabled: true"
"11-07-2026 22:21:26","1029","Information","Microsoft-Windows-Wcmsvc","WCM exited net quiet mode"
"11-07-2026 19:08:51","1028","Information","Microsoft-Windows-Wcmsvc","WCM entered net quiet mode"
"11-07-2026 19:08:50","1015","Information","Microsoft-Windows-Wcmsvc","Interface Token Applied

Interface: {556d9bdf-d387-4ab9-be4c-a7e220faf218}
Media Type: Wlan
Manual enabled: false
Auto enabled: false"
"11-07-2026 19:08:50","1029","Information","Microsoft-Windows-Wcmsvc","WCM exited net quiet mode"
"11-07-2026 18:36:31","1028","Information","Microsoft-Windows-Wcmsvc","WCM entered net quiet mode"
"11-07-2026 18:36:30","1022","Information","Microsoft-Windows-Wcmsvc","WCM entered connected standby"
"11-07-2026 18:36:30","1023","Information","Microsoft-Windows-Wcmsvc","WCM exited connected standby"
"11-07-2026 18:36:30","1022","Information","Microsoft-Windows-Wcmsvc","WCM entered connected standby"
"11-07-2026 18:26:03","1004","Information","Microsoft-Windows-Wcmsvc","A Group Policy change was processed"
"11-07-2026 18:26:03","1004","Information","Microsoft-Windows-Wcmsvc","A Group Policy change was processed"
"11-07-2026 18:26:02","1004","Information","Microsoft-Windows-Wcmsvc","A Group Policy change was processed"
"11-07-2026 18:26:02","1004","Information","Microsoft-Windows-Wcmsvc","A Group Policy change was processed"
"11-07-2026 17:19:39","1009","Information","Microsoft-Windows-Wcmsvc","CDE reported an L2 adapter arrival 

 Interface: {556d9bdf-d387-4ab9-be4c-a7e220faf218} 

 Type: Wlan"
"11-07-2026 17:19:36","1010","Information","Microsoft-Windows-Wcmsvc","CDE reported an L2 adapter removal 

 Interface: {556d9bdf-d387-4ab9-be4c-a7e220faf218} 

 Type: Wlan"
"11-07-2026 17:19:30","1005","Information","Microsoft-Windows-Wcmsvc","A Power change was processed. 

 Reason: Power status has changed"
"11-07-2026 17:19:29","1005","Information","Microsoft-Windows-Wcmsvc","A Power change was processed. 

 Reason: Operation is resuming automatically from a low-power state"
"11-07-2026 17:19:29","1005","Information","Microsoft-Windows-Wcmsvc","A Power change was processed. 

 Reason: A resume was triggered by user input"
"11-07-2026 17:16:36","1005","Information","Microsoft-Windows-Wcmsvc","A Power change was processed. 

 Reason: System is suspending operation"
"11-07-2026 17:16:33","1023","Information","Microsoft-Windows-Wcmsvc","WCM exited connected standby"
"11-07-2026 17:16:33","1015","Information","Microsoft-Windows-Wcmsvc","Interface Token Applied

Interface: {556d9bdf-d387-4ab9-be4c-a7e220faf218}
Media Type: Wlan
Manual enabled: true
Auto enabled: true"
"11-07-2026 17:16:33","1029","Information","Microsoft-Windows-Wcmsvc","WCM exited net quiet mode"
"11-07-2026 15:46:53","1028","Information","Microsoft-Windows-Wcmsvc","WCM entered net quiet mode"
"11-07-2026 15:46:52","1015","Information","Microsoft-Windows-Wcmsvc","Interface Token Applied

Interface: {556d9bdf-d387-4ab9-be4c-a7e220faf218}
Media Type: Wlan
Manual enabled: false
Auto enabled: false"
"11-07-2026 15:46:52","1029","Information","Microsoft-Windows-Wcmsvc","WCM exited net quiet mode"
"11-07-2026 15:37:36","1028","Information","Microsoft-Windows-Wcmsvc","WCM entered net quiet mode"
"11-07-2026 15:37:35","1022","Information","Microsoft-Windows-Wcmsvc","WCM entered connected standby"
"11-07-2026 15:37:35","1023","Information","Microsoft-Windows-Wcmsvc","WCM exited connected standby"
"11-07-2026 15:37:35","1029","Information","Microsoft-Windows-Wcmsvc","WCM exited net quiet mode"
"11-07-2026 15:37:35","1028","Information","Microsoft-Windows-Wcmsvc","WCM entered net quiet mode"
"11-07-2026 15:37:34","1022","Information","Microsoft-Windows-Wcmsvc","WCM entered connected standby"
"11-07-2026 14:36:03","1004","Information","Microsoft-Windows-Wcmsvc","A Group Policy change was processed"
"11-07-2026 14:36:03","1004","Information","Microsoft-Windows-Wcmsvc","A Group Policy change was processed"
"11-07-2026 14:36:02","1004","Information","Microsoft-Windows-Wcmsvc","A Group Policy change was processed"
"11-07-2026 14:36:02","1004","Information","Microsoft-Windows-Wcmsvc","A Group Policy change was processed"
"11-07-2026 13:22:50","1005","Information","Microsoft-Windows-Wcmsvc","A Power change was processed. 

 Reason: Power status has changed"
"11-07-2026 13:22:49","1005","Information","Microsoft-Windows-Wcmsvc","A Power change was processed. 

 Reason: Power status has changed"
"11-07-2026 13:11:02","1004","Information","Microsoft-Windows-Wcmsvc","A Group Policy change was processed"
"11-07-2026 13:11:02","1004","Information","Microsoft-Windows-Wcmsvc","A Group Policy change was processed"
"11-07-2026 13:11:01","1004","Information","Microsoft-Windows-Wcmsvc","A Group Policy change was processed"
"11-07-2026 13:11:01","1004","Information","Microsoft-Windows-Wcmsvc","A Group Policy change was processed"
"11-07-2026 12:25:19","1005","Information","Microsoft-Windows-Wcmsvc","A Power change was processed. 

 Reason: Power status has changed"
"11-07-2026 12:25:15","1005","Information","Microsoft-Windows-Wcmsvc","A Power change was processed. 

 Reason: Power status has changed"
"11-07-2026 12:25:12","1005","Information","Microsoft-Windows-Wcmsvc","A Power change was processed. 

 Reason: Power status has changed"
"11-07-2026 12:25:11","1005","Information","Microsoft-Windows-Wcmsvc","A Power change was processed. 

 Reason: Power status has changed"
"11-07-2026 12:01:13","1005","Information","Microsoft-Windows-Wcmsvc","A Power change was processed. 

 Reason: Power status has changed"
"11-07-2026 12:01:07","1005","Information","Microsoft-Windows-Wcmsvc","A Power change was processed. 

 Reason: Power status has changed"
"11-07-2026 10:46:03","1004","Information","Microsoft-Windows-Wcmsvc","A Group Policy change was processed"
"11-07-2026 10:46:03","1004","Information","Microsoft-Windows-Wcmsvc","A Group Policy change was processed"
"11-07-2026 10:46:01","1004","Information","Microsoft-Windows-Wcmsvc","A Group Policy change was processed"
"11-07-2026 10:46:01","1004","Information","Microsoft-Windows-Wcmsvc","A Group Policy change was processed"
"11-07-2026 09:14:11","1004","Information","Microsoft-Windows-Wcmsvc","A Group Policy change was processed"
"11-07-2026 09:14:11","1004","Information","Microsoft-Windows-Wcmsvc","A Group Policy change was processed"
"11-07-2026 09:14:10","1004","Information","Microsoft-Windows-Wcmsvc","A Group Policy change was processed"
"11-07-2026 09:14:10","1004","Information","Microsoft-Windows-Wcmsvc","A Group Policy change was processed"
"11-07-2026 09:14:01","1004","Information","Microsoft-Windows-Wcmsvc","A Group Policy change was processed"
"11-07-2026 09:14:01","1004","Information","Microsoft-Windows-Wcmsvc","A Group Policy change was processed"
"11-07-2026 09:08:04","1005","Information","Microsoft-Windows-Wcmsvc","A Power change was processed. 

 Reason: Operation is resuming automatically from a low-power state"
"11-07-2026 09:08:04","1005","Information","Microsoft-Windows-Wcmsvc","A Power change was processed. 

 Reason: A resume was triggered by user input"
"10-07-2026 21:04:23","1005","Information","Microsoft-Windows-Wcmsvc","A Power change was processed. 

 Reason: System is suspending operation"
"10-07-2026 21:04:20","1023","Information","Microsoft-Windows-Wcmsvc","WCM exited connected standby"
"10-07-2026 21:04:20","1015","Information","Microsoft-Windows-Wcmsvc","Interface Token Applied

Interface: {556d9bdf-d387-4ab9-be4c-a7e220faf218}
Media Type: Wlan
Manual enabled: true
Auto enabled: true"
"10-07-2026 21:04:20","1029","Information","Microsoft-Windows-Wcmsvc","WCM exited net quiet mode"
"10-07-2026 17:05:08","1028","Information","Microsoft-Windows-Wcmsvc","WCM entered net quiet mode"
"10-07-2026 17:05:07","1015","Information","Microsoft-Windows-Wcmsvc","Interface Token Applied

Interface: {556d9bdf-d387-4ab9-be4c-a7e220faf218}
Media Type: Wlan
Manual enabled: false
Auto enabled: false"
"10-07-2026 17:05:07","1029","Information","Microsoft-Windows-Wcmsvc","WCM exited net quiet mode"
"10-07-2026 17:04:52","1028","Information","Microsoft-Windows-Wcmsvc","WCM entered net quiet mode"
"10-07-2026 17:04:51","1022","Information","Microsoft-Windows-Wcmsvc","WCM entered connected standby"
"10-07-2026 17:04:51","1023","Information","Microsoft-Windows-Wcmsvc","WCM exited connected standby"
"10-07-2026 17:04:51","1029","Information","Microsoft-Windows-Wcmsvc","WCM exited net quiet mode"
"10-07-2026 17:04:03","1028","Information","Microsoft-Windows-Wcmsvc","WCM entered net quiet mode"
"10-07-2026 17:04:02","1022","Information","Microsoft-Windows-Wcmsvc","WCM entered connected standby"
"10-07-2026 17:04:02","1023","Information","Microsoft-Windows-Wcmsvc","WCM exited connected standby"
"10-07-2026 17:04:02","1029","Information","Microsoft-Windows-Wcmsvc","WCM exited net quiet mode"
"10-07-2026 17:04:02","1028","Information","Microsoft-Windows-Wcmsvc","WCM entered net quiet mode"
"10-07-2026 17:04:01","1022","Information","Microsoft-Windows-Wcmsvc","WCM entered connected standby"
"10-07-2026 17:03:30","1005","Information","Microsoft-Windows-Wcmsvc","A Power change was processed. 

 Reason: Power status has changed"
"10-07-2026 15:36:03","1004","Information","Microsoft-Windows-Wcmsvc","A Group Policy change was processed"
"10-07-2026 15:36:03","1004","Information","Microsoft-Windows-Wcmsvc","A Group Policy change was processed"
"10-07-2026 15:36:02","1004","Information","Microsoft-Windows-Wcmsvc","A Group Policy change was processed"
"10-07-2026 15:36:02","1004","Information","Microsoft-Windows-Wcmsvc","A Group Policy change was processed"
"10-07-2026 14:05:17","1005","Information","Microsoft-Windows-Wcmsvc","A Power change was processed. 

 Reason: Power status has changed"
"10-07-2026 13:11:03","1004","Information","Microsoft-Windows-Wcmsvc","A Group Policy change was processed"
"10-07-2026 13:11:03","1004","Information","Microsoft-Windows-Wcmsvc","A Group Policy change was processed"
"10-07-2026 13:11:02","1004","Information","Microsoft-Windows-Wcmsvc","A Group Policy change was processed"
"10-07-2026 13:11:02","1004","Information","Microsoft-Windows-Wcmsvc","A Group Policy change was processed"
"10-07-2026 13:00:29","1005","Information","Microsoft-Windows-Wcmsvc","A Power change was processed. 

 Reason: Power status has changed"
"10-07-2026 13:00:26","1005","Information","Microsoft-Windows-Wcmsvc","A Power change was processed. 

 Reason: Power status has changed"
"10-07-2026 13:00:03","1005","Information","Microsoft-Windows-Wcmsvc","A Power change was processed. 

 Reason: Power status has changed"
"10-07-2026 13:00:02","1005","Information","Microsoft-Windows-Wcmsvc","A Power change was processed. 

 Reason: Power status has changed"
"10-07-2026 12:50:12","1005","Information","Microsoft-Windows-Wcmsvc","A Power change was processed. 

 Reason: Power status has changed"
"10-07-2026 12:50:09","1005","Information","Microsoft-Windows-Wcmsvc","A Power change was processed. 

 Reason: Power status has changed"
"10-07-2026 11:46:03","1004","Information","Microsoft-Windows-Wcmsvc","A Group Policy change was processed"
"10-07-2026 11:46:03","1004","Information","Microsoft-Windows-Wcmsvc","A Group Policy change was processed"
"10-07-2026 11:46:02","1004","Information","Microsoft-Windows-Wcmsvc","A Group Policy change was processed"
"10-07-2026 11:46:02","1004","Information","Microsoft-Windows-Wcmsvc","A Group Policy change was processed"
"10-07-2026 10:42:20","1005","Information","Microsoft-Windows-Wcmsvc","A Power change was processed. 

 Reason: Power status has changed"
"10-07-2026 10:42:20","1005","Information","Microsoft-Windows-Wcmsvc","A Power change was processed. 

 Reason: Power status has changed"
"10-07-2026 10:05:25","1004","Information","Microsoft-Windows-Wcmsvc","A Group Policy change was processed"
"10-07-2026 10:05:25","1004","Information","Microsoft-Windows-Wcmsvc","A Group Policy change was processed"
"10-07-2026 10:05:19","1004","Information","Microsoft-Windows-Wcmsvc","A Group Policy change was processed"
"10-07-2026 10:05:19","1004","Information","Microsoft-Windows-Wcmsvc","A Group Policy change was processed"
"10-07-2026 09:59:30","1009","Information","Microsoft-Windows-Wcmsvc","CDE reported an L2 adapter arrival 

 Interface: {556d9bdf-d387-4ab9-be4c-a7e220faf218} 

 Type: Wlan"
"10-07-2026 09:59:29","1010","Information","Microsoft-Windows-Wcmsvc","CDE reported an L2 adapter removal 

 Interface: {556d9bdf-d387-4ab9-be4c-a7e220faf218} 

 Type: Wlan"
"10-07-2026 09:59:21","1005","Information","Microsoft-Windows-Wcmsvc","A Power change was processed. 

 Reason: Power status has changed"
"10-07-2026 09:59:21","1005","Information","Microsoft-Windows-Wcmsvc","A Power change was processed. 

 Reason: Operation is resuming automatically from a low-power state"
"10-07-2026 09:59:21","1005","Information","Microsoft-Windows-Wcmsvc","A Power change was processed. 

 Reason: A resume was triggered by user input"
"10-07-2026 01:56:05","1004","Information","Microsoft-Windows-Wcmsvc","A Group Policy change was processed"
"10-07-2026 01:56:05","1004","Information","Microsoft-Windows-Wcmsvc","A Group Policy change was processed"
"10-07-2026 01:55:57","1004","Information","Microsoft-Windows-Wcmsvc","A Group Policy change was processed"
"10-07-2026 01:55:57","1004","Information","Microsoft-Windows-Wcmsvc","A Group Policy change was processed"
"10-07-2026 01:55:51","1005","Information","Microsoft-Windows-Wcmsvc","A Power change was processed. 

 Reason: System is suspending operation"
"10-07-2026 01:55:49","1023","Information","Microsoft-Windows-Wcmsvc","WCM exited connected standby"
"10-07-2026 01:55:49","1015","Information","Microsoft-Windows-Wcmsvc","Interface Token Applied

Interface: {556d9bdf-d387-4ab9-be4c-a7e220faf218}
Media Type: Wlan
Manual enabled: true
Auto enabled: true"
"10-07-2026 01:55:48","1029","Information","Microsoft-Windows-Wcmsvc","WCM exited net quiet mode"
"09-07-2026 20:47:19","1028","Information","Microsoft-Windows-Wcmsvc","WCM entered net quiet mode"
"09-07-2026 20:47:18","1015","Information","Microsoft-Windows-Wcmsvc","Interface Token Applied

Interface: {556d9bdf-d387-4ab9-be4c-a7e220faf218}
Media Type: Wlan
Manual enabled: false
Auto enabled: false"
"09-07-2026 20:47:18","1029","Information","Microsoft-Windows-Wcmsvc","WCM exited net quiet mode"
"09-07-2026 20:43:30","1028","Information","Microsoft-Windows-Wcmsvc","WCM entered net quiet mode"
"09-07-2026 20:43:29","1022","Information","Microsoft-Windows-Wcmsvc","WCM entered connected standby"
"09-07-2026 20:43:29","1023","Information","Microsoft-Windows-Wcmsvc","WCM exited connected standby"
"09-07-2026 20:43:29","1029","Information","Microsoft-Windows-Wcmsvc","WCM exited net quiet mode"
"09-07-2026 20:43:29","1028","Information","Microsoft-Windows-Wcmsvc","WCM entered net quiet mode"
