"TimeCreated","Id","LevelDisplayName","ProviderName","Message"
"06-08-2026 19:00:05","1026","Information","Microsoft-Windows-TerminalServices-ClientActiveXCore","RDP ClientActiveX has been disconnected (Reason= 516)"
"06-08-2026 19:00:05","1105","Information","Microsoft-Windows-TerminalServices-ClientActiveXCore","The multi-transport connection has been disconnected."
"06-08-2026 18:56:53","1401","Information","Microsoft-Windows-TerminalServices-ClientActiveXCore","The server is using version 0xA0600 of the RDP graphics protocol (client mode: 2, AVC available: 1)."
"06-08-2026 18:56:53","1403","Information","Microsoft-Windows-TerminalServices-ClientActiveXCore","The client is using software memory for the frame buffer."
"06-08-2026 18:56:52","1027","Information","Microsoft-Windows-TerminalServices-ClientActiveXCore","Connected to domain () with session 1."
"06-08-2026 18:56:52","1025","Information","Microsoft-Windows-TerminalServices-ClientActiveXCore","RDP ClientActiveX has connected to the server"
"06-08-2026 18:56:50","1029","Information","Microsoft-Windows-TerminalServices-ClientActiveXCore","Base64(SHA256(UserName)) is = j4kanlvNAyf+w+loqQu14eLXwbLUs0I48owHnhLO9kI=-"
"06-08-2026 18:56:50","1028","Information","Microsoft-Windows-TerminalServices-ClientActiveXCore","Server supports SSL = not supported"
"06-08-2026 18:56:50","1024","Information","Microsoft-Windows-TerminalServices-ClientActiveXCore","RDP ClientActiveX is trying to connect to the server ()"
"06-08-2026 18:53:13","1026","Information","Microsoft-Windows-TerminalServices-ClientActiveXCore","RDP ClientActiveX has been disconnected (Reason= 516)"
"06-08-2026 18:53:13","1105","Information","Microsoft-Windows-TerminalServices-ClientActiveXCore","The multi-transport connection has been disconnected."
"06-08-2026 18:27:49","1401","Information","Microsoft-Windows-TerminalServices-ClientActiveXCore","The server is using version 0xA0600 of the RDP graphics protocol (client mode: 2, AVC available: 1)."
"06-08-2026 18:27:49","1403","Information","Microsoft-Windows-TerminalServices-ClientActiveXCore","The client is using software memory for the frame buffer."
"06-08-2026 18:27:49","1027","Information","Microsoft-Windows-TerminalServices-ClientActiveXCore","Connected to domain () with session 1."
"06-08-2026 18:27:49","1025","Information","Microsoft-Windows-TerminalServices-ClientActiveXCore","RDP ClientActiveX has connected to the server"
"06-08-2026 18:27:46","1029","Information","Microsoft-Windows-TerminalServices-ClientActiveXCore","Base64(SHA256(UserName)) is = zZ95yQscnQfqjR/hrGA4Z+hm7C/gEmCUiojhJ1JP8fU=-"
"06-08-2026 18:27:46","1028","Information","Microsoft-Windows-TerminalServices-ClientActiveXCore","Server supports SSL = not supported"
"06-08-2026 18:27:46","1024","Information","Microsoft-Windows-TerminalServices-ClientActiveXCore","RDP ClientActiveX is trying to connect to the server ()"
"06-08-2026 18:25:50","1026","Information","Microsoft-Windows-TerminalServices-ClientActiveXCore","RDP ClientActiveX has been disconnected (Reason= 516)"
"06-08-2026 18:25:50","1105","Information","Microsoft-Windows-TerminalServices-ClientActiveXCore","The multi-transport connection has been disconnected."
"06-08-2026 18:21:30","1401","Information","Microsoft-Windows-TerminalServices-ClientActiveXCore","The server is using version 0xA0600 of the RDP graphics protocol (client mode: 2, AVC available: 1)."
"06-08-2026 18:21:30","1403","Information","Microsoft-Windows-TerminalServices-ClientActiveXCore","The client is using software memory for the frame buffer."
"06-08-2026 18:21:30","1027","Information","Microsoft-Windows-TerminalServices-ClientActiveXCore","Connected to domain () with session 1."
"06-08-2026 18:21:30","1025","Information","Microsoft-Windows-TerminalServices-ClientActiveXCore","RDP ClientActiveX has connected to the server"
"06-08-2026 18:21:28","1029","Information","Microsoft-Windows-TerminalServices-ClientActiveXCore","Base64(SHA256(UserName)) is = 06cwNn8ugPo+RpAVgT+aMUiDDfitLKYU6CLIjlPm2v8=-"
"06-08-2026 18:21:28","1028","Information","Microsoft-Windows-TerminalServices-ClientActiveXCore","Server supports SSL = not supported"
"06-08-2026 18:21:27","1024","Information","Microsoft-Windows-TerminalServices-ClientActiveXCore","RDP ClientActiveX is trying to connect to the server ()"
"03-07-2026 11:05:48","1026","Information","Microsoft-Windows-TerminalServices-ClientActiveXCore","RDP ClientActiveX has been disconnected (Reason= 260)"
"03-07-2026 11:05:48","1105","Information","Microsoft-Windows-TerminalServices-ClientActiveXCore","The multi-transport connection has been disconnected."
"03-07-2026 11:05:46","1024","Information","Microsoft-Windows-TerminalServices-ClientActiveXCore","RDP ClientActiveX is trying to connect to the server (LINDB2FH9R2)"
"03-07-2026 11:05:13","1026","Information","Microsoft-Windows-TerminalServices-ClientActiveXCore","RDP ClientActiveX has been disconnected (Reason= 260)"
"03-07-2026 11:05:13","1105","Information","Microsoft-Windows-TerminalServices-ClientActiveXCore","The multi-transport connection has been disconnected."
"03-07-2026 11:05:12","1024","Information","Microsoft-Windows-TerminalServices-ClientActiveXCore","RDP ClientActiveX is trying to connect to the server (LINDB2FH9R2)"
"01-07-2026 11:15:37","1026","Information","Microsoft-Windows-TerminalServices-ClientActiveXCore","RDP ClientActiveX has been disconnected (Reason= 516)"
"01-07-2026 11:15:37","1105","Information","Microsoft-Windows-TerminalServices-ClientActiveXCore","The multi-transport connection has been disconnected."
"01-07-2026 11:08:47","1401","Information","Microsoft-Windows-TerminalServices-ClientActiveXCore","The server is using version 0xA0600 of the RDP graphics protocol (client mode: 2, AVC available: 1)."
"01-07-2026 11:08:47","1403","Information","Microsoft-Windows-TerminalServices-ClientActiveXCore","The client is using software memory for the frame buffer."
"01-07-2026 11:08:47","1027","Information","Microsoft-Windows-TerminalServices-ClientActiveXCore","Connected to domain () with session 1."
"01-07-2026 11:08:47","1025","Information","Microsoft-Windows-TerminalServices-ClientActiveXCore","RDP ClientActiveX has connected to the server"
"01-07-2026 11:08:45","1029","Information","Microsoft-Windows-TerminalServices-ClientActiveXCore","Base64(SHA256(UserName)) is = LB/IofTNbyoEI84I0P8bxPT3kZUnMBEJZCkoFsgQQVI=-"
"01-07-2026 11:08:45","1028","Information","Microsoft-Windows-TerminalServices-ClientActiveXCore","Server supports SSL = not supported"
"01-07-2026 11:08:44","1024","Information","Microsoft-Windows-TerminalServices-ClientActiveXCore","RDP ClientActiveX is trying to connect to the server ()"
"29-06-2026 16:13:51","1026","Information","Microsoft-Windows-TerminalServices-ClientActiveXCore","RDP ClientActiveX has been disconnected (Reason= 2)"
"29-06-2026 16:13:51","1105","Information","Microsoft-Windows-TerminalServices-ClientActiveXCore","The multi-transport connection has been disconnected."
"29-06-2026 16:13:51","226","Warning","Microsoft-Windows-TerminalServices-ClientActiveXCore","RDPClient_SSL: An error was encountered when transitioning from TsSslStateDisconnected to TsSslStateDisconnected in response to TsSslEventInvalidState (error code 0x8000FFFF)."
"29-06-2026 16:05:48","1027","Information","Microsoft-Windows-TerminalServices-ClientActiveXCore","Connected to domain (ENTERPRISE) with session 88."
"29-06-2026 16:05:23","1103","Information","Microsoft-Windows-TerminalServices-ClientActiveXCore","The client has established a multi-transport connection to the server."
"29-06-2026 16:05:23","1401","Information","Microsoft-Windows-TerminalServices-ClientActiveXCore","The server is using version 0xA0600 of the RDP graphics protocol (client mode: 0, AVC available: 1)."
"29-06-2026 16:05:23","1402","Information","Microsoft-Windows-TerminalServices-ClientActiveXCore","The client is using hardware memory for the frame buffer."
"29-06-2026 16:05:22","1025","Information","Microsoft-Windows-TerminalServices-ClientActiveXCore","RDP ClientActiveX has connected to the server"
"29-06-2026 16:05:22","1102","Information","Microsoft-Windows-TerminalServices-ClientActiveXCore","The client has initiated a multi-transport connection to the server 10.18.189.90."
"29-06-2026 16:05:16","1029","Information","Microsoft-Windows-TerminalServices-ClientActiveXCore","Base64(SHA256(UserName)) is = G3Uo5O1tEVYvgls3nX44exRkGKsP2H3ex+Hck3Ui89k=-gghZk5ud0iSdluqdGnGAZgj3rxhpDH+1up3oxYBMN+c="
"29-06-2026 16:05:04","1028","Information","Microsoft-Windows-TerminalServices-ClientActiveXCore","Server supports SSL = supported"
"29-06-2026 16:05:03","1024","Information","Microsoft-Windows-TerminalServices-ClientActiveXCore","RDP ClientActiveX is trying to connect to the server (DAYWINDAYP069)"
"29-06-2026 10:01:47","1026","Information","Microsoft-Windows-TerminalServices-ClientActiveXCore","RDP ClientActiveX has been disconnected (Reason= 1)"
"29-06-2026 10:01:47","1105","Information","Microsoft-Windows-TerminalServices-ClientActiveXCore","The multi-transport connection has been disconnected."
"29-06-2026 09:09:05","1027","Information","Microsoft-Windows-TerminalServices-ClientActiveXCore","Connected to domain (ENTERPRISE) with session 85."
"29-06-2026 09:08:51","1401","Information","Microsoft-Windows-TerminalServices-ClientActiveXCore","The server is using version 0xA0600 of the RDP graphics protocol (client mode: 0, AVC available: 1)."
"29-06-2026 09:08:50","1402","Information","Microsoft-Windows-TerminalServices-ClientActiveXCore","The client is using hardware memory for the frame buffer."
"29-06-2026 09:08:50","1103","Information","Microsoft-Windows-TerminalServices-ClientActiveXCore","The client has established a multi-transport connection to the server."
"29-06-2026 09:08:50","1025","Information","Microsoft-Windows-TerminalServices-ClientActiveXCore","RDP ClientActiveX has connected to the server"
"29-06-2026 09:08:49","1102","Information","Microsoft-Windows-TerminalServices-ClientActiveXCore","The client has initiated a multi-transport connection to the server 10.18.189.90."
"29-06-2026 09:08:44","1029","Information","Microsoft-Windows-TerminalServices-ClientActiveXCore","Base64(SHA256(UserName)) is = G3Uo5O1tEVYvgls3nX44exRkGKsP2H3ex+Hck3Ui89k=-gghZk5ud0iSdluqdGnGAZgj3rxhpDH+1up3oxYBMN+c="
"29-06-2026 09:08:29","1028","Information","Microsoft-Windows-TerminalServices-ClientActiveXCore","Server supports SSL = supported"
"29-06-2026 09:08:28","1024","Information","Microsoft-Windows-TerminalServices-ClientActiveXCore","RDP ClientActiveX is trying to connect to the server (DAYWINDAYP069)"
"29-06-2026 09:04:50","1026","Information","Microsoft-Windows-TerminalServices-ClientActiveXCore","RDP ClientActiveX has been disconnected (Reason= 3)"
"29-06-2026 09:04:50","1105","Information","Microsoft-Windows-TerminalServices-ClientActiveXCore","The multi-transport connection has been disconnected."
"29-06-2026 09:04:50","226","Warning","Microsoft-Windows-TerminalServices-ClientActiveXCore","RDPClient_SSL: An error was encountered when transitioning from TsSslStateReceivingAuthorizationResult to TsSslStateDisconnecting in response to TsSslEventProcessAuthorizationResultFailure (error code 0x80004005)."
"29-06-2026 09:04:47","1029","Information","Microsoft-Windows-TerminalServices-ClientActiveXCore","Base64(SHA256(UserName)) is = G3Uo5O1tEVYvgls3nX44exRkGKsP2H3ex+Hck3Ui89k=-gghZk5ud0iSdluqdGnGAZgj3rxhpDH+1up3oxYBMN+c="
"29-06-2026 09:04:30","1028","Information","Microsoft-Windows-TerminalServices-ClientActiveXCore","Server supports SSL = supported"
"29-06-2026 09:04:30","1024","Information","Microsoft-Windows-TerminalServices-ClientActiveXCore","RDP ClientActiveX is trying to connect to the server (daywinmdtp005)"
"28-05-2026 17:44:06","1026","Information","Microsoft-Windows-TerminalServices-ClientActiveXCore","RDP ClientActiveX has been disconnected (Reason= 516)"
"28-05-2026 17:44:06","1105","Information","Microsoft-Windows-TerminalServices-ClientActiveXCore","The multi-transport connection has been disconnected."
"28-05-2026 16:50:43","1401","Information","Microsoft-Windows-TerminalServices-ClientActiveXCore","The server is using version 0xA0600 of the RDP graphics protocol (client mode: 2, AVC available: 1)."
"28-05-2026 16:50:43","1403","Information","Microsoft-Windows-TerminalServices-ClientActiveXCore","The client is using software memory for the frame buffer."
"28-05-2026 16:50:43","1027","Information","Microsoft-Windows-TerminalServices-ClientActiveXCore","Connected to domain () with session 1."
"28-05-2026 16:50:43","1025","Information","Microsoft-Windows-TerminalServices-ClientActiveXCore","RDP ClientActiveX has connected to the server"
"28-05-2026 16:50:38","1029","Information","Microsoft-Windows-TerminalServices-ClientActiveXCore","Base64(SHA256(UserName)) is = D8owdk87Bk0IBH0c7oxUnxhs53PHbV+gmQ/cOyzUH+w=-"
"28-05-2026 16:50:38","1028","Information","Microsoft-Windows-TerminalServices-ClientActiveXCore","Server supports SSL = not supported"
"28-05-2026 16:50:37","1024","Information","Microsoft-Windows-TerminalServices-ClientActiveXCore","RDP ClientActiveX is trying to connect to the server ()"
