"19-08-2026 14:25:03","1","Error","Microsoft-Windows-Security-LessPrivilegedAppContainer","Access to the a resource has been denied for a less privileged app container at ‎2026‎-‎08‎-‎19T08:55:03.417806200Z (StackHash: 0x41F1C242)."
"19-08-2026 14:25:03","1","Error","Microsoft-Windows-Security-LessPrivilegedAppContainer","Access to the a resource has been denied for a less privileged app container at ‎2026‎-‎08‎-‎19T08:55:03.417802300Z (StackHash: 0x41EE0BE9)."
"19-08-2026 14:25:03","1","Error","Microsoft-Windows-Security-LessPrivilegedAppContainer","Access to the a resource has been denied for a less privileged app container at ‎2026‎-‎08‎-‎19T08:55:03.417739000Z (StackHash: 0x420E8271)."
"19-08-2026 14:25:03","1","Error","Microsoft-Windows-Security-LessPrivilegedAppContainer","Access to the a resource has been denied for a less privileged app container at ‎2026‎-‎08‎-‎19T08:55:03.417735200Z (StackHash: 0x420E8EA1)."
"19-08-2026 14:25:03","1","Error","Microsoft-Windows-Security-LessPrivilegedAppContainer","Access to the a resource has been denied for a less privileged app container at ‎2026‎-‎08‎-‎19T08:55:03.417731500Z (StackHash: 0x4209B671)."
"19-08-2026 14:25:03","1","Error","Microsoft-Windows-Security-LessPrivilegedAppContainer","Access to the a resource has been denied for a less privileged app container at ‎2026‎-‎08‎-‎19T08:55:03.417727600Z (StackHash: 0x420F2A39)."
"19-08-2026 14:25:03","1","Error","Microsoft-Windows-Security-LessPrivilegedAppContainer","Access to the a resource has been denied for a less privileged app container at ‎2026‎-‎08‎-‎19T08:55:03.417723800Z (StackHash: 0x420F3669)."
"19-08-2026 14:25:03","1","Error","Microsoft-Windows-Security-LessPrivilegedAppContainer","Access to the a resource has been denied for a less privileged app container at ‎2026‎-‎08‎-‎19T08:55:03.417719900Z (StackHash: 0x4203677F)."
"19-08-2026 14:25:03","1","Error","Microsoft-Windows-Security-LessPrivilegedAppContainer","Access to the a resource has been denied for a less privileged app container at ‎2026‎-‎08‎-‎19T08:55:03.417715700Z (StackHash: 0x41F0DBB2)."
"19-08-2026 14:25:03","1","Error","Microsoft-Windows-Security-LessPrivilegedAppContainer","Access to the a resource has been denied for a less privileged app container at ‎2026‎-‎08‎-‎19T08:55:03.417711400Z (StackHash: 0x420E8271)."
"19-08-2026 14:25:03","1","Error","Microsoft-Windows-Security-LessPrivilegedAppContainer","Access to the a resource has been denied for a less privileged app container at ‎2026‎-‎08‎-‎19T08:55:03.417707500Z (StackHash: 0x420E8EA1)."
"19-08-2026 14:25:03","1","Error","Microsoft-Windows-Security-LessPrivilegedAppContainer","Access to the a resource has been denied for a less privileged app container at ‎2026‎-‎08‎-‎19T08:55:03.417703400Z (StackHash: 0x4202BFA3)."
"19-08-2026 14:25:03","1","Error","Microsoft-Windows-Security-LessPrivilegedAppContainer","Access to the a resource has been denied for a less privileged app container at ‎2026‎-‎08‎-‎19T08:55:03.417693700Z (StackHash: 0x420F2AB1)."
"19-08-2026 14:25:03","1","Error","Microsoft-Windows-Security-LessPrivilegedAppContainer","Access to the a resource has been denied for a less privileged app container at ‎2026‎-‎08‎-‎19T08:55:03.417689100Z (StackHash: 0x420F36E1)."
"19-08-2026 14:25:03","1","Error","Microsoft-Windows-Security-LessPrivilegedAppContainer","Access to the a resource has been denied for a less privileged app container at ‎2026‎-‎08‎-‎19T08:55:03.417680500Z (StackHash: 0x41F1C1E2)."
"19-08-2026 14:25:03","1","Error","Microsoft-Windows-Security-LessPrivilegedAppContainer","Access to the a resource has been denied for a less privileged app container at ‎2026‎-‎08‎-‎19T08:55:03.417669600Z (StackHash: 0x41D98146)."
"19-08-2026 14:25:03","1","Error","Microsoft-Windows-Security-LessPrivilegedAppContainer","Access to the a resource has been denied for a less privileged app container at ‎2026‎-‎08‎-‎19T08:55:03.417659400Z (StackHash: 0x41EE0B89)."
"19-08-2026 14:25:03","1","Error","Microsoft-Windows-Security-LessPrivilegedAppContainer","Access to the a resource has been denied for a less privileged app container at ‎2026‎-‎08‎-‎19T08:55:03.414145100Z (StackHash: 0x41981C56)."
"19-08-2026 14:25:03","1","Error","Microsoft-Windows-Security-LessPrivilegedAppContainer","Access to the a resource has been denied for a less privileged app container at ‎2026‎-‎08‎-‎19T08:55:03.413915100Z (StackHash: 0x41C8A92B)."
"19-08-2026 14:25:03","1","Error","Microsoft-Windows-Security-LessPrivilegedAppContainer","Access to the a resource has been denied for a less privileged app container at ‎2026‎-‎08‎-‎19T08:55:03.413911300Z (StackHash: 0x41C8A33F)."
"19-08-2026 14:25:03","1","Error","Microsoft-Windows-Security-LessPrivilegedAppContainer","Access to the a resource has been denied for a less privileged app container at ‎2026‎-‎08‎-‎19T08:55:03.413907500Z (StackHash: 0x41B55029)."
"19-08-2026 14:25:03","1","Error","Microsoft-Windows-Security-LessPrivilegedAppContainer","Access to the a resource has been denied for a less privileged app container at ‎2026‎-‎08‎-‎19T08:55:03.413903600Z (StackHash: 0x41C89E06)."
"19-08-2026 14:25:03","1","Error","Microsoft-Windows-Security-LessPrivilegedAppContainer","Access to the a resource has been denied for a less privileged app container at ‎2026‎-‎08‎-‎19T08:55:03.413899700Z (StackHash: 0x41C8962B)."
"19-08-2026 14:25:03","1","Error","Microsoft-Windows-Security-LessPrivilegedAppContainer","Access to the a resource has been denied for a less privileged app container at ‎2026‎-‎08‎-‎19T08:55:03.413892700Z (StackHash: 0x41A751C1)."
"19-08-2026 14:25:03","1","Error","Microsoft-Windows-Security-LessPrivilegedAppContainer","Access to the a resource has been denied for a less privileged app container at ‎2026‎-‎08‎-‎19T08:55:03.413883800Z (StackHash: 0x41B542D8)."
"19-08-2026 14:25:03","1","Error","Microsoft-Windows-Security-LessPrivilegedAppContainer","Access to the a resource has been denied for a less privileged app container at ‎2026‎-‎08‎-‎19T08:55:03.413879900Z (StackHash: 0x41A749A9)."
"19-08-2026 14:25:03","1","Error","Microsoft-Windows-Security-LessPrivilegedAppContainer","Access to the a resource has been denied for a less privileged app container at ‎2026‎-‎08‎-‎19T08:55:03.413866100Z (StackHash: 0x41A75176)."
"19-08-2026 14:25:03","1","Error","Microsoft-Windows-Security-LessPrivilegedAppContainer","Access to the a resource has been denied for a less privileged app container at ‎2026‎-‎08‎-‎19T08:55:03.413858100Z (StackHash: 0x41A4D713)."
"19-08-2026 14:25:03","1","Error","Microsoft-Windows-Security-LessPrivilegedAppContainer","Access to the a resource has been denied for a less privileged app container at ‎2026‎-‎08‎-‎19T08:55:03.413849400Z (StackHash: 0x419E26A0)."
"19-08-2026 14:25:03","1","Error","Microsoft-Windows-Security-LessPrivilegedAppContainer","Access to the a resource has been denied for a less privileged app container at ‎2026‎-‎08‎-‎19T08:55:03.413727800Z (StackHash: 0x414F9E88)."
"19-08-2026 13:25:03","1","Error","Microsoft-Windows-Security-LessPrivilegedAppContainer","Access to the a resource has been denied for a less privileged app container at ‎2026‎-‎08‎-‎19T07:55:03.173184600Z (StackHash: 0xD21382A1)."
"19-08-2026 13:25:03","1","Error","Microsoft-Windows-Security-LessPrivilegedAppContainer","Access to the a resource has been denied for a less privileged app container at ‎2026‎-‎08‎-‎19T07:55:03.173178700Z (StackHash: 0xD2138268)."
"19-08-2026 13:25:03","1","Error","Microsoft-Windows-Security-LessPrivilegedAppContainer","Access to the a resource has been denied for a less privileged app container at ‎2026‎-‎08‎-‎19T07:55:03.173167600Z (StackHash: 0x41A63EED)."
"19-08-2026 13:25:03","1","Error","Microsoft-Windows-Security-LessPrivilegedAppContainer","Access to the a resource has been denied for a less privileged app container at ‎2026‎-‎08‎-‎19T07:55:03.173065300Z (StackHash: 0xD23F06AD)."
"19-08-2026 13:25:03","1","Error","Microsoft-Windows-Security-LessPrivilegedAppContainer","Access to the a resource has been denied for a less privileged app container at ‎2026‎-‎08‎-‎19T07:55:03.172971600Z (StackHash: 0xD23F0684)."
"19-08-2026 13:25:03","1","Error","Microsoft-Windows-Security-LessPrivilegedAppContainer","Access to the a resource has been denied for a less privileged app container at ‎2026‎-‎08‎-‎19T07:55:03.172941100Z (StackHash: 0x41DAAEA3)."
"19-08-2026 13:25:03","1","Error","Microsoft-Windows-Security-LessPrivilegedAppContainer","Access to the a resource has been denied for a less privileged app container at ‎2026‎-‎08‎-‎19T07:55:03.172317400Z (StackHash: 0xD2118D9A)."
"19-08-2026 13:25:03","1","Error","Microsoft-Windows-Security-LessPrivilegedAppContainer","Access to the a resource has been denied for a less privileged app container at ‎2026‎-‎08‎-‎19T07:55:03.172311400Z (StackHash: 0xD2118D6B)."
"19-08-2026 13:25:03","1","Error","Microsoft-Windows-Security-LessPrivilegedAppContainer","Access to the a resource has been denied for a less privileged app container at ‎2026‎-‎08‎-‎19T07:55:03.172295200Z (StackHash: 0x41A14FAB)."
"19-08-2026 13:25:03","1","Error","Microsoft-Windows-Security-LessPrivilegedAppContainer","Access to the a resource has been denied for a less privileged app container at ‎2026‎-‎08‎-‎19T07:55:03.171769000Z (StackHash: 0x41D538D4)."
"19-08-2026 13:25:03","1","Error","Microsoft-Windows-Security-LessPrivilegedAppContainer","Access to the a resource has been denied for a less privileged app container at ‎2026‎-‎08‎-‎19T07:55:03.171755600Z (StackHash: 0x41D33E27)."
"19-08-2026 13:25:03","1","Error","Microsoft-Windows-Security-LessPrivilegedAppContainer","Access to the a resource has been denied for a less privileged app container at ‎2026‎-‎08‎-‎19T07:55:03.171742600Z (StackHash: 0x41D3440B)."
"19-08-2026 13:25:03","1","Error","Microsoft-Windows-Security-LessPrivilegedAppContainer","Access to the a resource has been denied for a less privileged app container at ‎2026‎-‎08‎-‎19T07:55:03.171729500Z (StackHash: 0x41D44D08)."
"19-08-2026 13:25:03","1","Error","Microsoft-Windows-Security-LessPrivilegedAppContainer","Access to the a resource has been denied for a less privileged app container at ‎2026‎-‎08‎-‎19T07:55:03.171716300Z (StackHash: 0x41D33D87)."
"19-08-2026 13:25:03","1","Error","Microsoft-Windows-Security-LessPrivilegedAppContainer","Access to the a resource has been denied for a less privileged app container at ‎2026‎-‎08‎-‎19T07:55:03.171703500Z (StackHash: 0x41D3436B)."
"19-08-2026 13:25:03","1","Error","Microsoft-Windows-Security-LessPrivilegedAppContainer","Access to the a resource has been denied for a less privileged app container at ‎2026‎-‎08‎-‎19T07:55:03.171690600Z (StackHash: 0x41D5402C)."
"19-08-2026 13:25:03","1","Error","Microsoft-Windows-Security-LessPrivilegedAppContainer","Access to the a resource has been denied for a less privileged app container at ‎2026‎-‎08‎-‎19T07:55:03.171677400Z (StackHash: 0x41C3A6F1)."
"19-08-2026 13:25:03","1","Error","Microsoft-Windows-Security-LessPrivilegedAppContainer","Access to the a resource has been denied for a less privileged app container at ‎2026‎-‎08‎-‎19T07:55:03.171663500Z (StackHash: 0x41D62E58)."
"19-08-2026 13:25:03","1","Error","Microsoft-Windows-Security-LessPrivilegedAppContainer","Access to the a resource has been denied for a less privileged app container at ‎2026‎-‎08‎-‎19T07:55:03.171650200Z (StackHash: 0x41D33E27)."
"19-08-2026 13:25:03","1","Error","Microsoft-Windows-Security-LessPrivilegedAppContainer","Access to the a resource has been denied for a less privileged app container at ‎2026‎-‎08‎-‎19T07:55:03.171636800Z (StackHash: 0x41D3440B)."
"19-08-2026 13:25:03","1","Error","Microsoft-Windows-Security-LessPrivilegedAppContainer","Access to the a resource has been denied for a less privileged app container at ‎2026‎-‎08‎-‎19T07:55:03.171623800Z (StackHash: 0x41D540B8)."
"19-08-2026 13:25:03","1","Error","Microsoft-Windows-Security-LessPrivilegedAppContainer","Access to the a resource has been denied for a less privileged app container at ‎2026‎-‎08‎-‎19T07:55:03.171610000Z (StackHash: 0x41D3421B)."
"19-08-2026 13:25:03","1","Error","Microsoft-Windows-Security-LessPrivilegedAppContainer","Access to the a resource has been denied for a less privileged app container at ‎2026‎-‎08‎-‎19T07:55:03.171596300Z (StackHash: 0x41D347FF)."
"19-08-2026 13:25:03","1","Error","Microsoft-Windows-Security-LessPrivilegedAppContainer","Access to the a resource has been denied for a less privileged app container at ‎2026‎-‎08‎-‎19T07:55:03.171583000Z (StackHash: 0x41D635B0)."
"19-08-2026 13:25:03","1","Error","Microsoft-Windows-Security-LessPrivilegedAppContainer","Access to the a resource has been denied for a less privileged app container at ‎2026‎-‎08‎-‎19T07:55:03.171569100Z (StackHash: 0x41B00D49)."
"19-08-2026 13:25:03","1","Error","Microsoft-Windows-Security-LessPrivilegedAppContainer","Access to the a resource has been denied for a less privileged app container at ‎2026‎-‎08‎-‎19T07:55:03.171552000Z (StackHash: 0x418DC4F1)."
"19-08-2026 13:25:03","1","Error","Microsoft-Windows-Security-LessPrivilegedAppContainer","Access to the a resource has been denied for a less privileged app container at ‎2026‎-‎08‎-‎19T07:55:03.171532500Z (StackHash: 0x41D538D4)."
"19-08-2026 13:25:03","1","Error","Microsoft-Windows-Security-LessPrivilegedAppContainer","Access to the a resource has been denied for a less privileged app container at ‎2026‎-‎08‎-‎19T07:55:03.171516900Z (StackHash: 0x41D33E27)."
"19-08-2026 13:25:03","1","Error","Microsoft-Windows-Security-LessPrivilegedAppContainer","Access to the a resource has been denied for a less privileged app container at ‎2026‎-‎08‎-‎19T07:55:03.171502200Z (StackHash: 0x41D3440B)."
"19-08-2026 13:25:03","1","Error","Microsoft-Windows-Security-LessPrivilegedAppContainer","Access to the a resource has been denied for a less privileged app container at ‎2026‎-‎08‎-‎19T07:55:03.171483300Z (StackHash: 0x41D44D08)."
"19-08-2026 13:25:03","1","Error","Microsoft-Windows-Security-LessPrivilegedAppContainer","Access to the a resource has been denied for a less privileged app container at ‎2026‎-‎08‎-‎19T07:55:03.171440300Z (StackHash: 0x41D33D87)."
"19-08-2026 13:25:03","1","Error","Microsoft-Windows-Security-LessPrivilegedAppContainer","Access to the a resource has been denied for a less privileged app container at ‎2026‎-‎08‎-‎19T07:55:03.171370600Z (StackHash: 0x41D3436B)."
"19-08-2026 13:25:03","1","Error","Microsoft-Windows-Security-LessPrivilegedAppContainer","Access to the a resource has been denied for a less privileged app container at ‎2026‎-‎08‎-‎19T07:55:03.171351400Z (StackHash: 0x41D5402C)."
"19-08-2026 13:25:03","1","Error","Microsoft-Windows-Security-LessPrivilegedAppContainer","Access to the a resource has been denied for a less privileged app container at ‎2026‎-‎08‎-‎19T07:55:03.171334400Z (StackHash: 0x41AF17B1)."
"19-08-2026 13:25:03","1","Error","Microsoft-Windows-Security-LessPrivilegedAppContainer","Access to the a resource has been denied for a less privileged app container at ‎2026‎-‎08‎-‎19T07:55:03.171316100Z (StackHash: 0x41D62ECC)."
"19-08-2026 13:25:03","1","Error","Microsoft-Windows-Security-LessPrivilegedAppContainer","Access to the a resource has been denied for a less privileged app container at ‎2026‎-‎08‎-‎19T07:55:03.171298600Z (StackHash: 0x41D33E27)."
"19-08-2026 13:25:03","1","Error","Microsoft-Windows-Security-LessPrivilegedAppContainer","Access to the a resource has been denied for a less privileged app container at ‎2026‎-‎08‎-‎19T07:55:03.171281600Z (StackHash: 0x41D3440B)."
"19-08-2026 13:25:03","1","Error","Microsoft-Windows-Security-LessPrivilegedAppContainer","Access to the a resource has been denied for a less privileged app container at ‎2026‎-‎08‎-‎19T07:55:03.171264200Z (StackHash: 0x41D540B8)."
"19-08-2026 13:25:03","1","Error","Microsoft-Windows-Security-LessPrivilegedAppContainer","Access to the a resource has been denied for a less privileged app container at ‎2026‎-‎08‎-‎19T07:55:03.171242300Z (StackHash: 0x41D3421B)."
"19-08-2026 13:25:03","1","Error","Microsoft-Windows-Security-LessPrivilegedAppContainer","Access to the a resource has been denied for a less privileged app container at ‎2026‎-‎08‎-‎19T07:55:03.171223000Z (StackHash: 0x41D347FF)."
"19-08-2026 13:25:03","1","Error","Microsoft-Windows-Security-LessPrivilegedAppContainer","Access to the a resource has been denied for a less privileged app container at ‎2026‎-‎08‎-‎19T07:55:03.171199900Z (StackHash: 0x41D63624)."
"19-08-2026 13:25:03","1","Error","Microsoft-Windows-Security-LessPrivilegedAppContainer","Access to the a resource has been denied for a less privileged app container at ‎2026‎-‎08‎-‎19T07:55:03.171170800Z (StackHash: 0x41A4C8F1)."
"19-08-2026 13:25:03","1","Error","Microsoft-Windows-Security-LessPrivilegedAppContainer","Access to the a resource has been denied for a less privileged app container at ‎2026‎-‎08‎-‎19T07:55:03.171119800Z (StackHash: 0x417BBCB9)."
"19-08-2026 13:24:59","1","Error","Microsoft-Windows-Security-LessPrivilegedAppContainer","Access to the a resource has been denied for a less privileged app container at ‎2026‎-‎08‎-‎19T07:54:59.139789300Z (StackHash: 0x622964BA)."
"19-08-2026 13:24:54","1","Error","Microsoft-Windows-Security-LessPrivilegedAppContainer","Access to the a resource has been denied for a less privileged app container at ‎2026‎-‎08‎-‎19T07:54:54.655018500Z (StackHash: 0x622964BA)."
"19-08-2026 13:24:50","1","Error","Microsoft-Windows-Security-LessPrivilegedAppContainer","Access to the a resource has been denied for a less privileged app container at ‎2026‎-‎08‎-‎19T07:54:50.396126900Z (StackHash: 0x622964BA)."
"19-08-2026 13:24:50","1","Error","Microsoft-Windows-Security-LessPrivilegedAppContainer","Access to the a resource has been denied for a less privileged app container at ‎2026‎-‎08‎-‎19T07:54:50.392205000Z (StackHash: 0x622964BA)."
"19-08-2026 13:24:49","1","Error","Microsoft-Windows-Security-LessPrivilegedAppContainer","Access to the a resource has been denied for a less privileged app container at ‎2026‎-‎08‎-‎19T07:54:49.989097700Z (StackHash: 0x622964BA)."
"19-08-2026 13:24:49","1","Error","Microsoft-Windows-Security-LessPrivilegedAppContainer","Access to the a resource has been denied for a less privileged app container at ‎2026‎-‎08‎-‎19T07:54:49.777263800Z (StackHash: 0x4191D4FF)."
"19-08-2026 13:24:49","1","Error","Microsoft-Windows-Security-LessPrivilegedAppContainer","Access to the a resource has been denied for a less privileged app container at ‎2026‎-‎08‎-‎19T07:54:49.777182700Z (StackHash: 0x417BEA5B)."
"19-08-2026 13:24:49","1","Error","Microsoft-Windows-Security-LessPrivilegedAppContainer","Access to the a resource has been denied for a less privileged app container at ‎2026‎-‎08‎-‎19T07:54:49.777176400Z (StackHash: 0x41663EAB)."
"19-08-2026 13:24:49","1","Error","Microsoft-Windows-Security-LessPrivilegedAppContainer","Access to the a resource has been denied for a less privileged app container at ‎2026‎-‎08‎-‎19T07:54:49.777146100Z (StackHash: 0x4191DE2E)."
"19-08-2026 13:24:49","1","Error","Microsoft-Windows-Security-LessPrivilegedAppContainer","Access to the a resource has been denied for a less privileged app container at ‎2026‎-‎08‎-‎19T07:54:49.777142200Z (StackHash: 0x4191DE29)."
"19-08-2026 13:24:49","1","Error","Microsoft-Windows-Security-LessPrivilegedAppContainer","Access to the a resource has been denied for a less privileged app container at ‎2026‎-‎08‎-‎19T07:54:49.777138200Z (StackHash: 0x4191DE24)."
"19-08-2026 13:24:49","1","Error","Microsoft-Windows-Security-LessPrivilegedAppContainer","Access to the a resource has been denied for a less privileged app container at ‎2026‎-‎08‎-‎19T07:54:49.777133900Z (StackHash: 0x4191DE12)."
"19-08-2026 13:24:49","1","Error","Microsoft-Windows-Security-LessPrivilegedAppContainer","Access to the a resource has been denied for a less privileged app container at ‎2026‎-‎08‎-‎19T07:54:49.777129800Z (StackHash: 0x4191DE00)."
"19-08-2026 13:24:49","1","Error","Microsoft-Windows-Security-LessPrivilegedAppContainer","Access to the a resource has been denied for a less privileged app container at ‎2026‎-‎08‎-‎19T07:54:49.777125100Z (StackHash: 0x4191DDEE)."
"19-08-2026 13:24:49","1","Error","Microsoft-Windows-Security-LessPrivilegedAppContainer","Access to the a resource has been denied for a less privileged app container at ‎2026‎-‎08‎-‎19T07:54:49.777120800Z (StackHash: 0x4191DDDC)."
"19-08-2026 13:24:49","1","Error","Microsoft-Windows-Security-LessPrivilegedAppContainer","Access to the a resource has been denied for a less privileged app container at ‎2026‎-‎08‎-‎19T07:54:49.777115900Z (StackHash: 0x4191DDCA)."
"19-08-2026 13:24:49","1","Error","Microsoft-Windows-Security-LessPrivilegedAppContainer","Access to the a resource has been denied for a less privileged app container at ‎2026‎-‎08‎-‎19T07:54:49.777111500Z (StackHash: 0x4191DDC5)."
"19-08-2026 13:24:49","1","Error","Microsoft-Windows-Security-LessPrivilegedAppContainer","Access to the a resource has been denied for a less privileged app container at ‎2026‎-‎08‎-‎19T07:54:49.777105500Z (StackHash: 0x4191DDB3)."
"19-08-2026 13:24:49","1","Error","Microsoft-Windows-Security-LessPrivilegedAppContainer","Access to the a resource has been denied for a less privileged app container at ‎2026‎-‎08‎-‎19T07:54:49.777100500Z (StackHash: 0x4193B62F)."
"19-08-2026 13:24:49","1","Error","Microsoft-Windows-Security-LessPrivilegedAppContainer","Access to the a resource has been denied for a less privileged app container at ‎2026‎-‎08‎-‎19T07:54:49.777095300Z (StackHash: 0x4191DDA1)."
"19-08-2026 13:24:49","1","Error","Microsoft-Windows-Security-LessPrivilegedAppContainer","Access to the a resource has been denied for a less privileged app container at ‎2026‎-‎08‎-‎19T07:54:49.777091400Z (StackHash: 0x4191DD8F)."
"19-08-2026 13:24:49","1","Error","Microsoft-Windows-Security-LessPrivilegedAppContainer","Access to the a resource has been denied for a less privileged app container at ‎2026‎-‎08‎-‎19T07:54:49.777086900Z (StackHash: 0x4193B60B)."
"19-08-2026 13:24:49","1","Error","Microsoft-Windows-Security-LessPrivilegedAppContainer","Access to the a resource has been denied for a less privileged app container at ‎2026‎-‎08‎-‎19T07:54:49.777082500Z (StackHash: 0x4191DD7D)."
"19-08-2026 13:24:49","1","Error","Microsoft-Windows-Security-LessPrivilegedAppContainer","Access to the a resource has been denied for a less privileged app container at ‎2026‎-‎08‎-‎19T07:54:49.777077600Z (StackHash: 0x4193B606)."
"19-08-2026 13:24:49","1","Error","Microsoft-Windows-Security-LessPrivilegedAppContainer","Access to the a resource has been denied for a less privileged app container at ‎2026‎-‎08‎-‎19T07:54:49.777073600Z (StackHash: 0x4191DD78)."
"19-08-2026 13:24:49","1","Error","Microsoft-Windows-Security-LessPrivilegedAppContainer","Access to the a resource has been denied for a less privileged app container at ‎2026‎-‎08‎-‎19T07:54:49.777069100Z (StackHash: 0x4191DD73)."
"19-08-2026 13:24:49","1","Error","Microsoft-Windows-Security-LessPrivilegedAppContainer","Access to the a resource has been denied for a less privileged app container at ‎2026‎-‎08‎-‎19T07:54:49.777064200Z (StackHash: 0x4191DD6E)."
"19-08-2026 13:24:49","1","Error","Microsoft-Windows-Security-LessPrivilegedAppContainer","Access to the a resource has been denied for a less privileged app container at ‎2026‎-‎08‎-‎19T07:54:49.777059000Z (StackHash: 0x4191DD5C)."
"19-08-2026 13:24:49","1","Error","Microsoft-Windows-Security-LessPrivilegedAppContainer","Access to the a resource has been denied for a less privileged app container at ‎2026‎-‎08‎-‎19T07:54:49.777054200Z (StackHash: 0x4191DD3E)."
"19-08-2026 13:24:49","1","Error","Microsoft-Windows-Security-LessPrivilegedAppContainer","Access to the a resource has been denied for a less privileged app container at ‎2026‎-‎08‎-‎19T07:54:49.777049600Z (StackHash: 0x4191DD2C)."
"19-08-2026 13:24:49","1","Error","Microsoft-Windows-Security-LessPrivilegedAppContainer","Access to the a resource has been denied for a less privileged app container at ‎2026‎-‎08‎-‎19T07:54:49.777044800Z (StackHash: 0x4191DD27)."
"19-08-2026 13:24:49","1","Error","Microsoft-Windows-Security-LessPrivilegedAppContainer","Access to the a resource has been denied for a less privileged app container at ‎2026‎-‎08‎-‎19T07:54:49.777040100Z (StackHash: 0x4191DD09)."
"19-08-2026 13:24:49","1","Error","Microsoft-Windows-Security-LessPrivilegedAppContainer","Access to the a resource has been denied for a less privileged app container at ‎2026‎-‎08‎-‎19T07:54:49.777035500Z (StackHash: 0x4191DCF1)."
"19-08-2026 13:24:49","1","Error","Microsoft-Windows-Security-LessPrivilegedAppContainer","Access to the a resource has been denied for a less privileged app container at ‎2026‎-‎08‎-‎19T07:54:49.777029000Z (StackHash: 0x4191DCD9)."
"19-08-2026 13:24:49","1","Error","Microsoft-Windows-Security-LessPrivilegedAppContainer","Access to the a resource has been denied for a less privileged app container at ‎2026‎-‎08‎-‎19T07:54:49.777024800Z (StackHash: 0x4193B555)."
"19-08-2026 13:24:49","1","Error","Microsoft-Windows-Security-LessPrivilegedAppContainer","Access to the a resource has been denied for a less privileged app container at ‎2026‎-‎08‎-‎19T07:54:49.777017000Z (StackHash: 0x4191DCC7)."
"19-08-2026 13:24:49","1","Error","Microsoft-Windows-Security-LessPrivilegedAppContainer","Access to the a resource has been denied for a less privileged app container at ‎2026‎-‎08‎-‎19T07:54:49.777003100Z (StackHash: 0x4191DCB3)."
"19-08-2026 13:24:49","1","Error","Microsoft-Windows-Security-LessPrivilegedAppContainer","Access to the a resource has been denied for a less privileged app container at ‎2026‎-‎08‎-‎19T07:54:49.774498200Z (StackHash: 0x622964BA)."
"19-08-2026 13:24:45","1","Error","Microsoft-Windows-Security-LessPrivilegedAppContainer","Access to the a resource has been denied for a less privileged app container at ‎2026‎-‎08‎-‎19T07:54:45.758752100Z (StackHash: 0x622964BA)."
"19-08-2026 13:24:41","1","Error","Microsoft-Windows-Security-LessPrivilegedAppContainer","Access to the a resource has been denied for a less privileged app container at ‎2026‎-‎08‎-‎19T07:54:41.741708100Z (StackHash: 0x622964BA)."
"19-08-2026 13:24:37","1","Error","Microsoft-Windows-Security-LessPrivilegedAppContainer","Access to the a resource has been denied for a less privileged app container at ‎2026‎-‎08‎-‎19T07:54:37.729544700Z (StackHash: 0x622964BA)."
"19-08-2026 13:24:37","1","Error","Microsoft-Windows-Security-LessPrivilegedAppContainer","Access to the a resource has been denied for a less privileged app container at ‎2026‎-‎08‎-‎19T07:54:37.728142200Z (StackHash: 0x41569BFE)."
"19-08-2026 13:24:37","1","Error","Microsoft-Windows-Security-LessPrivilegedAppContainer","Access to the a resource has been denied for a less privileged app container at ‎2026‎-‎08‎-‎19T07:54:37.726306700Z (StackHash: 0x41503518)."
"19-08-2026 13:24:37","1","Error","Microsoft-Windows-Security-LessPrivilegedAppContainer","Access to the a resource has been denied for a less privileged app container at ‎2026‎-‎08‎-‎19T07:54:37.724644300Z (StackHash: 0x415A2DB6)."
"19-08-2026 13:24:37","1","Error","Microsoft-Windows-Security-LessPrivilegedAppContainer","Access to the a resource has been denied for a less privileged app container at ‎2026‎-‎08‎-‎19T07:54:37.724640100Z (StackHash: 0x415A2DA8)."
"19-08-2026 13:24:37","1","Error","Microsoft-Windows-Security-LessPrivilegedAppContainer","Access to the a resource has been denied for a less privileged app container at ‎2026‎-‎08‎-‎19T07:54:37.724635400Z (StackHash: 0x416C27D1)."
"19-08-2026 13:24:37","1","Error","Microsoft-Windows-Security-LessPrivilegedAppContainer","Access to the a resource has been denied for a less privileged app container at ‎2026‎-‎08‎-‎19T07:54:37.724629900Z (StackHash: 0x415A2D9A)."
"19-08-2026 13:24:37","1","Error","Microsoft-Windows-Security-LessPrivilegedAppContainer","Access to the a resource has been denied for a less privileged app container at ‎2026‎-‎08‎-‎19T07:54:37.724624000Z (StackHash: 0x415A2D8C)."
"19-08-2026 13:24:37","1","Error","Microsoft-Windows-Security-LessPrivilegedAppContainer","Access to the a resource has been denied for a less privileged app container at ‎2026‎-‎08‎-‎19T07:54:37.724567400Z (StackHash: 0x415A1EF6)."
"19-08-2026 13:24:37","1","Error","Microsoft-Windows-Security-LessPrivilegedAppContainer","Access to the a resource has been denied for a less privileged app container at ‎2026‎-‎08‎-‎19T07:54:37.721609300Z (StackHash: 0x4153E78D)."
"19-08-2026 13:24:37","1","Error","Microsoft-Windows-Security-LessPrivilegedAppContainer","Access to the a resource has been denied for a less privileged app container at ‎2026‎-‎08‎-‎19T07:54:37.721116800Z (StackHash: 0x41806175)."
"19-08-2026 13:24:37","1","Error","Microsoft-Windows-Security-LessPrivilegedAppContainer","Access to the a resource has been denied for a less privileged app container at ‎2026‎-‎08‎-‎19T07:54:37.720419900Z (StackHash: 0x42051524)."
"19-08-2026 13:24:37","1","Error","Microsoft-Windows-Security-LessPrivilegedAppContainer","Access to the a resource has been denied for a less privileged app container at ‎2026‎-‎08‎-‎19T07:54:37.720416100Z (StackHash: 0x41D1A6D9)."
"19-08-2026 13:24:37","1","Error","Microsoft-Windows-Security-LessPrivilegedAppContainer","Access to the a resource has been denied for a less privileged app container at ‎2026‎-‎08‎-‎19T07:54:37.720411900Z (StackHash: 0x41F1138F)."
"19-08-2026 13:24:37","1","Error","Microsoft-Windows-Security-LessPrivilegedAppContainer","Access to the a resource has been denied for a less privileged app container at ‎2026‎-‎08‎-‎19T07:54:37.720407500Z (StackHash: 0x41BA5AD5)."
"19-08-2026 13:24:37","1","Error","Microsoft-Windows-Security-LessPrivilegedAppContainer","Access to the a resource has been denied for a less privileged app container at ‎2026‎-‎08‎-‎19T07:54:37.720403300Z (StackHash: 0x420E8271)."
"19-08-2026 13:24:37","1","Error","Microsoft-Windows-Security-LessPrivilegedAppContainer","Access to the a resource has been denied for a less privileged app container at ‎2026‎-‎08‎-‎19T07:54:37.720399600Z (StackHash: 0x420E8EA1)."
"19-08-2026 13:24:37","1","Error","Microsoft-Windows-Security-LessPrivilegedAppContainer","Access to the a resource has been denied for a less privileged app container at ‎2026‎-‎08‎-‎19T07:54:37.720395900Z (StackHash: 0x41FD1AA8)."
"19-08-2026 13:24:37","1","Error","Microsoft-Windows-Security-LessPrivilegedAppContainer","Access to the a resource has been denied for a less privileged app container at ‎2026‎-‎08‎-‎19T07:54:37.720391600Z (StackHash: 0x420F2A39)."
"19-08-2026 13:24:37","1","Error","Microsoft-Windows-Security-LessPrivilegedAppContainer","Access to the a resource has been denied for a less privileged app container at ‎2026‎-‎08‎-‎19T07:54:37.720387600Z (StackHash: 0x420F3669)."
"19-08-2026 13:24:37","1","Error","Microsoft-Windows-Security-LessPrivilegedAppContainer","Access to the a resource has been denied for a less privileged app container at ‎2026‎-‎08‎-‎19T07:54:37.720383900Z (StackHash: 0x41F11FD5)."
"19-08-2026 13:24:37","1","Error","Microsoft-Windows-Security-LessPrivilegedAppContainer","Access to the a resource has been denied for a less privileged app container at ‎2026‎-‎08‎-‎19T07:54:37.720380100Z (StackHash: 0x41BDB7BE)."
"19-08-2026 13:24:37","1","Error","Microsoft-Windows-Security-LessPrivilegedAppContainer","Access to the a resource has been denied for a less privileged app container at ‎2026‎-‎08‎-‎19T07:54:37.720376300Z (StackHash: 0x420E8271)."
"19-08-2026 13:24:37","1","Error","Microsoft-Windows-Security-LessPrivilegedAppContainer","Access to the a resource has been denied for a less privileged app container at ‎2026‎-‎08‎-‎19T07:54:37.720372600Z (StackHash: 0x420E8EA1)."
"19-08-2026 13:24:37","1","Error","Microsoft-Windows-Security-LessPrivilegedAppContainer","Access to the a resource has been denied for a less privileged app container at ‎2026‎-‎08‎-‎19T07:54:37.720368800Z (StackHash: 0x41F077F9)."
"19-08-2026 13:24:37","1","Error","Microsoft-Windows-Security-LessPrivilegedAppContainer","Access to the a resource has been denied for a less privileged app container at ‎2026‎-‎08‎-‎19T07:54:37.720365000Z (StackHash: 0x420F2AB1)."
"19-08-2026 13:24:37","1","Error","Microsoft-Windows-Security-LessPrivilegedAppContainer","Access to the a resource has been denied for a less privileged app container at ‎2026‎-‎08‎-‎19T07:54:37.720361300Z (StackHash: 0x420F36E1)."
"19-08-2026 13:24:37","1","Error","Microsoft-Windows-Security-LessPrivilegedAppContainer","Access to the a resource has been denied for a less privileged app container at ‎2026‎-‎08‎-‎19T07:54:37.720357500Z (StackHash: 0x41DD3570)."
"19-08-2026 13:24:37","1","Error","Microsoft-Windows-Security-LessPrivilegedAppContainer","Access to the a resource has been denied for a less privileged app container at ‎2026‎-‎08‎-‎19T07:54:37.720353600Z (StackHash: 0x41A682EA)."
"19-08-2026 13:24:37","1","Error","Microsoft-Windows-Security-LessPrivilegedAppContainer","Access to the a resource has been denied for a less privileged app container at ‎2026‎-‎08‎-‎19T07:54:37.720345000Z (StackHash: 0x420E8271)."
"19-08-2026 13:24:37","1","Error","Microsoft-Windows-Security-LessPrivilegedAppContainer","Access to the a resource has been denied for a less privileged app container at ‎2026‎-‎08‎-‎19T07:54:37.720341300Z (StackHash: 0x420E8EA1)."
"19-08-2026 13:24:37","1","Error","Microsoft-Windows-Security-LessPrivilegedAppContainer","Access to the a resource has been denied for a less privileged app container at ‎2026‎-‎08‎-‎19T07:54:37.720337600Z (StackHash: 0x41FD1AA8)."
"19-08-2026 13:24:37","1","Error","Microsoft-Windows-Security-LessPrivilegedAppContainer","Access to the a resource has been denied for a less privileged app container at ‎2026‎-‎08‎-‎19T07:54:37.720333800Z (StackHash: 0x420F2A39)."
"19-08-2026 13:24:37","1","Error","Microsoft-Windows-Security-LessPrivilegedAppContainer","Access to the a resource has been denied for a less privileged app container at ‎2026‎-‎08‎-‎19T07:54:37.720330100Z (StackHash: 0x420F3669)."
"19-08-2026 13:24:37","1","Error","Microsoft-Windows-Security-LessPrivilegedAppContainer","Access to the a resource has been denied for a less privileged app container at ‎2026‎-‎08‎-‎19T07:54:37.720326400Z (StackHash: 0x41FAACD8)."
"19-08-2026 13:24:37","1","Error","Microsoft-Windows-Security-LessPrivilegedAppContainer","Access to the a resource has been denied for a less privileged app container at ‎2026‎-‎08‎-‎19T07:54:37.720322700Z (StackHash: 0x41BD80E1)."
"19-08-2026 13:24:37","1","Error","Microsoft-Windows-Security-LessPrivilegedAppContainer","Access to the a resource has been denied for a less privileged app container at ‎2026‎-‎08‎-‎19T07:54:37.720318200Z (StackHash: 0x420E8271)."
"19-08-2026 13:24:37","1","Error","Microsoft-Windows-Security-LessPrivilegedAppContainer","Access to the a resource has been denied for a less privileged app container at ‎2026‎-‎08‎-‎19T07:54:37.720314500Z (StackHash: 0x420E8EA1)."
"19-08-2026 13:24:37","1","Error","Microsoft-Windows-Security-LessPrivilegedAppContainer","Access to the a resource has been denied for a less privileged app container at ‎2026‎-‎08‎-‎19T07:54:37.720310800Z (StackHash: 0x41FA04FC)."
"19-08-2026 13:24:37","1","Error","Microsoft-Windows-Security-LessPrivilegedAppContainer","Access to the a resource has been denied for a less privileged app container at ‎2026‎-‎08‎-‎19T07:54:37.720307000Z (StackHash: 0x420F2AB1)."
"19-08-2026 13:24:37","1","Error","Microsoft-Windows-Security-LessPrivilegedAppContainer","Access to the a resource has been denied for a less privileged app container at ‎2026‎-‎08‎-‎19T07:54:37.720303300Z (StackHash: 0x420F36E1)."
"19-08-2026 13:24:37","1","Error","Microsoft-Windows-Security-LessPrivilegedAppContainer","Access to the a resource has been denied for a less privileged app container at ‎2026‎-‎08‎-‎19T07:54:37.720299600Z (StackHash: 0x41E5C97E)."
"19-08-2026 13:24:37","1","Error","Microsoft-Windows-Security-LessPrivilegedAppContainer","Access to the a resource has been denied for a less privileged app container at ‎2026‎-‎08‎-‎19T07:54:37.720295900Z (StackHash: 0x41A8B62D)."
"19-08-2026 13:24:37","1","Error","Microsoft-Windows-Security-LessPrivilegedAppContainer","Access to the a resource has been denied for a less privileged app container at ‎2026‎-‎08‎-‎19T07:54:37.720291600Z (StackHash: 0x420E8271)."
"19-08-2026 13:24:37","1","Error","Microsoft-Windows-Security-LessPrivilegedAppContainer","Access to the a resource has been denied for a less privileged app container at ‎2026‎-‎08‎-‎19T07:54:37.720287900Z (StackHash: 0x420E8EA1)."
"19-08-2026 13:24:37","1","Error","Microsoft-Windows-Security-LessPrivilegedAppContainer","Access to the a resource has been denied for a less privileged app container at ‎2026‎-‎08‎-‎19T07:54:37.720284200Z (StackHash: 0x41FD1AA8)."
"19-08-2026 13:24:37","1","Error","Microsoft-Windows-Security-LessPrivilegedAppContainer","Access to the a resource has been denied for a less privileged app container at ‎2026‎-‎08‎-‎19T07:54:37.720280400Z (StackHash: 0x420F2A39)."
"19-08-2026 13:24:37","1","Error","Microsoft-Windows-Security-LessPrivilegedAppContainer","Access to the a resource has been denied for a less privileged app container at ‎2026‎-‎08‎-‎19T07:54:37.720276600Z (StackHash: 0x420F3669)."
"19-08-2026 13:24:37","1","Error","Microsoft-Windows-Security-LessPrivilegedAppContainer","Access to the a resource has been denied for a less privileged app container at ‎2026‎-‎08‎-‎19T07:54:37.720272900Z (StackHash: 0x41F01C4A)."
"19-08-2026 13:24:37","1","Error","Microsoft-Windows-Security-LessPrivilegedAppContainer","Access to the a resource has been denied for a less privileged app container at ‎2026‎-‎08‎-‎19T07:54:37.720269300Z (StackHash: 0x41B2F035)."
"19-08-2026 13:24:37","1","Error","Microsoft-Windows-Security-LessPrivilegedAppContainer","Access to the a resource has been denied for a less privileged app container at ‎2026‎-‎08‎-‎19T07:54:37.720265400Z (StackHash: 0x420E8271)."
"19-08-2026 13:24:37","1","Error","Microsoft-Windows-Security-LessPrivilegedAppContainer","Access to the a resource has been denied for a less privileged app container at ‎2026‎-‎08‎-‎19T07:54:37.720261700Z (StackHash: 0x420E8EA1)."
"19-08-2026 13:24:37","1","Error","Microsoft-Windows-Security-LessPrivilegedAppContainer","Access to the a resource has been denied for a less privileged app container at ‎2026‎-‎08‎-‎19T07:54:37.720258000Z (StackHash: 0x41EF746E)."
"19-08-2026 13:24:37","1","Error","Microsoft-Windows-Security-LessPrivilegedAppContainer","Access to the a resource has been denied for a less privileged app container at ‎2026‎-‎08‎-‎19T07:54:37.720254200Z (StackHash: 0x420F2AB1)."
"19-08-2026 13:24:37","1","Error","Microsoft-Windows-Security-LessPrivilegedAppContainer","Access to the a resource has been denied for a less privileged app container at ‎2026‎-‎08‎-‎19T07:54:37.720250400Z (StackHash: 0x420F36E1)."
"19-08-2026 13:24:37","1","Error","Microsoft-Windows-Security-LessPrivilegedAppContainer","Access to the a resource has been denied for a less privileged app container at ‎2026‎-‎08‎-‎19T07:54:37.720246700Z (StackHash: 0x41DB38D2)."
"19-08-2026 13:24:37","1","Error","Microsoft-Windows-Security-LessPrivilegedAppContainer","Access to the a resource has been denied for a less privileged app container at ‎2026‎-‎08‎-‎19T07:54:37.720243100Z (StackHash: 0x419E2581)."
"19-08-2026 13:24:37","1","Error","Microsoft-Windows-Security-LessPrivilegedAppContainer","Access to the a resource has been denied for a less privileged app container at ‎2026‎-‎08‎-‎19T07:54:37.720230800Z (StackHash: 0x420E8271)."
"19-08-2026 13:24:37","1","Error","Microsoft-Windows-Security-LessPrivilegedAppContainer","Access to the a resource has been denied for a less privileged app container at ‎2026‎-‎08‎-‎19T07:54:37.720227000Z (StackHash: 0x420E8EA1)."
"19-08-2026 13:24:37","1","Error","Microsoft-Windows-Security-LessPrivilegedAppContainer","Access to the a resource has been denied for a less privileged app container at ‎2026‎-‎08‎-‎19T07:54:37.720223300Z (StackHash: 0x41FD1AA8)."
"19-08-2026 13:24:37","1","Error","Microsoft-Windows-Security-LessPrivilegedAppContainer","Access to the a resource has been denied for a less privileged app container at ‎2026‎-‎08‎-‎19T07:54:37.720219500Z (StackHash: 0x420F2A39)."
"19-08-2026 13:24:37","1","Error","Microsoft-Windows-Security-LessPrivilegedAppContainer","Access to the a resource has been denied for a less privileged app container at ‎2026‎-‎08‎-‎19T07:54:37.720215700Z (StackHash: 0x420F3669)."
"19-08-2026 13:24:37","1","Error","Microsoft-Windows-Security-LessPrivilegedAppContainer","Access to the a resource has been denied for a less privileged app container at ‎2026‎-‎08‎-‎19T07:54:37.720212000Z (StackHash: 0x41FAACD8)."
"19-08-2026 13:24:37","1","Error","Microsoft-Windows-Security-LessPrivilegedAppContainer","Access to the a resource has been denied for a less privileged app container at ‎2026‎-‎08‎-‎19T07:54:37.720208400Z (StackHash: 0x41BD802D)."
"19-08-2026 13:24:37","1","Error","Microsoft-Windows-Security-LessPrivilegedAppContainer","Access to the a resource has been denied for a less privileged app container at ‎2026‎-‎08‎-‎19T07:54:37.720204300Z (StackHash: 0x420E8271)."
"19-08-2026 13:24:37","1","Error","Microsoft-Windows-Security-LessPrivilegedAppContainer","Access to the a resource has been denied for a less privileged app container at ‎2026‎-‎08‎-‎19T07:54:37.720200500Z (StackHash: 0x420E8EA1)."
"19-08-2026 13:24:37","1","Error","Microsoft-Windows-Security-LessPrivilegedAppContainer","Access to the a resource has been denied for a less privileged app container at ‎2026‎-‎08‎-‎19T07:54:37.720196900Z (StackHash: 0x41FA04FC)."
"19-08-2026 13:24:37","1","Error","Microsoft-Windows-Security-LessPrivilegedAppContainer","Access to the a resource has been denied for a less privileged app container at ‎2026‎-‎08‎-‎19T07:54:37.720192900Z (StackHash: 0x420F2AB1)."
"19-08-2026 13:24:37","1","Error","Microsoft-Windows-Security-LessPrivilegedAppContainer","Access to the a resource has been denied for a less privileged app container at ‎2026‎-‎08‎-‎19T07:54:37.720188800Z (StackHash: 0x420F36E1)."
"19-08-2026 13:24:37","1","Error","Microsoft-Windows-Security-LessPrivilegedAppContainer","Access to the a resource has been denied for a less privileged app container at ‎2026‎-‎08‎-‎19T07:54:37.720184700Z (StackHash: 0x41E5C97E)."
"19-08-2026 13:24:37","1","Error","Microsoft-Windows-Security-LessPrivilegedAppContainer","Access to the a resource has been denied for a less privileged app container at ‎2026‎-‎08‎-‎19T07:54:37.720179300Z (StackHash: 0x41A8B569)."
"19-08-2026 13:24:37","1","Error","Microsoft-Windows-Security-LessPrivilegedAppContainer","Access to the a resource has been denied for a less privileged app container at ‎2026‎-‎08‎-‎19T07:54:37.719499600Z (StackHash: 0x420E8271)."
"19-08-2026 13:24:37","1","Error","Microsoft-Windows-Security-LessPrivilegedAppContainer","Access to the a resource has been denied for a less privileged app container at ‎2026‎-‎08‎-‎19T07:54:37.719495800Z (StackHash: 0x420E8EA1)."
"19-08-2026 13:24:37","1","Error","Microsoft-Windows-Security-LessPrivilegedAppContainer","Access to the a resource has been denied for a less privileged app container at ‎2026‎-‎08‎-‎19T07:54:37.719492100Z (StackHash: 0x420AE1F4)."
"19-08-2026 13:24:37","1","Error","Microsoft-Windows-Security-LessPrivilegedAppContainer","Access to the a resource has been denied for a less privileged app container at ‎2026‎-‎08‎-‎19T07:54:37.719488300Z (StackHash: 0x420F2A39)."
"19-08-2026 13:24:37","1","Error","Microsoft-Windows-Security-LessPrivilegedAppContainer","Access to the a resource has been denied for a less privileged app container at ‎2026‎-‎08‎-‎19T07:54:37.719484600Z (StackHash: 0x420F3669)."
"19-08-2026 13:24:37","1","Error","Microsoft-Windows-Security-LessPrivilegedAppContainer","Access to the a resource has been denied for a less privileged app container at ‎2026‎-‎08‎-‎19T07:54:37.719480900Z (StackHash: 0x41F7F8E2)."
"19-08-2026 13:24:37","1","Error","Microsoft-Windows-Security-LessPrivilegedAppContainer","Access to the a resource has been denied for a less privileged app container at ‎2026‎-‎08‎-‎19T07:54:37.719477200Z (StackHash: 0x41C1F2A6)."
"19-08-2026 13:24:37","1","Error","Microsoft-Windows-Security-LessPrivilegedAppContainer","Access to the a resource has been denied for a less privileged app container at ‎2026‎-‎08‎-‎19T07:54:37.719473500Z (StackHash: 0x420E8271)."
"19-08-2026 13:24:37","1","Error","Microsoft-Windows-Security-LessPrivilegedAppContainer","Access to the a resource has been denied for a less privileged app container at ‎2026‎-‎08‎-‎19T07:54:37.719469800Z (StackHash: 0x420E8EA1)."
"19-08-2026 13:24:37","1","Error","Microsoft-Windows-Security-LessPrivilegedAppContainer","Access to the a resource has been denied for a less privileged app container at ‎2026‎-‎08‎-‎19T07:54:37.719466100Z (StackHash: 0x41F75106)."
"19-08-2026 13:24:37","1","Error","Microsoft-Windows-Security-LessPrivilegedAppContainer","Access to the a resource has been denied for a less privileged app container at ‎2026‎-‎08‎-‎19T07:54:37.719462200Z (StackHash: 0x420F2AB1)."
"19-08-2026 13:24:37","1","Error","Microsoft-Windows-Security-LessPrivilegedAppContainer","Access to the a resource has been denied for a less privileged app container at ‎2026‎-‎08‎-‎19T07:54:37.719458400Z (StackHash: 0x420F36E1)."
"19-08-2026 13:24:37","1","Error","Microsoft-Windows-Security-LessPrivilegedAppContainer","Access to the a resource has been denied for a less privileged app container at ‎2026‎-‎08‎-‎19T07:54:37.719454700Z (StackHash: 0x41EA52A8)."
"19-08-2026 13:24:37","1","Error","Microsoft-Windows-Security-LessPrivilegedAppContainer","Access to the a resource has been denied for a less privileged app container at ‎2026‎-‎08‎-‎19T07:54:37.719451000Z (StackHash: 0x41AD25DF)."
"19-08-2026 13:24:37","1","Error","Microsoft-Windows-Security-LessPrivilegedAppContainer","Access to the a resource has been denied for a less privileged app container at ‎2026‎-‎08‎-‎19T07:54:37.719447000Z (StackHash: 0x420E8271)."
"19-08-2026 13:24:37","1","Error","Microsoft-Windows-Security-LessPrivilegedAppContainer","Access to the a resource has been denied for a less privileged app container at ‎2026‎-‎08‎-‎19T07:54:37.719443200Z (StackHash: 0x420E8EA1)."
"19-08-2026 13:24:37","1","Error","Microsoft-Windows-Security-LessPrivilegedAppContainer","Access to the a resource has been denied for a less privileged app container at ‎2026‎-‎08‎-‎19T07:54:37.719439400Z (StackHash: 0x420AE19E)."
"19-08-2026 13:24:37","1","Error","Microsoft-Windows-Security-LessPrivilegedAppContainer","Access to the a resource has been denied for a less privileged app container at ‎2026‎-‎08‎-‎19T07:54:37.719435600Z (StackHash: 0x420F2A39)."
"19-08-2026 13:24:37","1","Error","Microsoft-Windows-Security-LessPrivilegedAppContainer","Access to the a resource has been denied for a less privileged app container at ‎2026‎-‎08‎-‎19T07:54:37.719431900Z (StackHash: 0x420F3669)."
"19-08-2026 13:24:37","1","Error","Microsoft-Windows-Security-LessPrivilegedAppContainer","Access to the a resource has been denied for a less privileged app container at ‎2026‎-‎08‎-‎19T07:54:37.719428100Z (StackHash: 0x41F7F88C)."
"19-08-2026 13:24:37","1","Error","Microsoft-Windows-Security-LessPrivilegedAppContainer","Access to the a resource has been denied for a less privileged app container at ‎2026‎-‎08‎-‎19T07:54:37.719424500Z (StackHash: 0x41C1F250)."
"19-08-2026 13:24:37","1","Error","Microsoft-Windows-Security-LessPrivilegedAppContainer","Access to the a resource has been denied for a less privileged app container at ‎2026‎-‎08‎-‎19T07:54:37.719420600Z (StackHash: 0x420E8271)."
"19-08-2026 13:24:37","1","Error","Microsoft-Windows-Security-LessPrivilegedAppContainer","Access to the a resource has been denied for a less privileged app container at ‎2026‎-‎08‎-‎19T07:54:37.719416900Z (StackHash: 0x420E8EA1)."
"19-08-2026 13:24:37","1","Error","Microsoft-Windows-Security-LessPrivilegedAppContainer","Access to the a resource has been denied for a less privileged app container at ‎2026‎-‎08‎-‎19T07:54:37.719413200Z (StackHash: 0x41F750B0)."
"19-08-2026 13:24:37","1","Error","Microsoft-Windows-Security-LessPrivilegedAppContainer","Access to the a resource has been denied for a less privileged app container at ‎2026‎-‎08‎-‎19T07:54:37.719409300Z (StackHash: 0x420F2AB1)."
"19-08-2026 13:24:37","1","Error","Microsoft-Windows-Security-LessPrivilegedAppContainer","Access to the a resource has been denied for a less privileged app container at ‎2026‎-‎08‎-‎19T07:54:37.719405500Z (StackHash: 0x420F36E1)."
"19-08-2026 13:24:37","1","Error","Microsoft-Windows-Security-LessPrivilegedAppContainer","Access to the a resource has been denied for a less privileged app container at ‎2026‎-‎08‎-‎19T07:54:37.719401700Z (StackHash: 0x41EA5252)."
"19-08-2026 13:24:37","1","Error","Microsoft-Windows-Security-LessPrivilegedAppContainer","Access to the a resource has been denied for a less privileged app container at ‎2026‎-‎08‎-‎19T07:54:37.719398000Z (StackHash: 0x41AD2589)."
"19-08-2026 13:24:37","1","Error","Microsoft-Windows-Security-LessPrivilegedAppContainer","Access to the a resource has been denied for a less privileged app container at ‎2026‎-‎08‎-‎19T07:54:37.719393600Z (StackHash: 0x420E8271)."
"19-08-2026 13:24:37","1","Error","Microsoft-Windows-Security-LessPrivilegedAppContainer","Access to the a resource has been denied for a less privileged app container at ‎2026‎-‎08‎-‎19T07:54:37.719389800Z (StackHash: 0x420E8EA1)."
