"10-06-2026 15:17:05","25","Information","Microsoft-Windows-Audio","Stream stopped.
App Id: Microsoft.Windows.ShellExperienceHost_cw5n1h2txyewy!App
PID: 29840
Audio Stream Category: 5"
"10-06-2026 15:17:03","24","Information","Microsoft-Windows-Audio","Stream started.
App Id: Microsoft.Windows.ShellExperienceHost_cw5n1h2txyewy!App
PID: 29840
Audio Stream Category: 5"
"10-06-2026 15:16:14","25","Information","Microsoft-Windows-Audio","Stream stopped.
App Id: Microsoft.Windows.ShellExperienceHost_cw5n1h2txyewy!App
PID: 29840
Audio Stream Category: 5"
"10-06-2026 15:16:12","24","Information","Microsoft-Windows-Audio","Stream started.
App Id: Microsoft.Windows.ShellExperienceHost_cw5n1h2txyewy!App
PID: 29840
Audio Stream Category: 5"
"10-06-2026 15:11:41","25","Information","Microsoft-Windows-Audio","Stream stopped.
App Id: Microsoft.Windows.ShellExperienceHost_cw5n1h2txyewy!App
PID: 29840
Audio Stream Category: 5"
"10-06-2026 15:11:39","24","Information","Microsoft-Windows-Audio","Stream started.
App Id: Microsoft.Windows.ShellExperienceHost_cw5n1h2txyewy!App
PID: 29840
Audio Stream Category: 5"
"10-06-2026 15:05:13","25","Information","Microsoft-Windows-Audio","Stream stopped.
App Id: Microsoft.Windows.ShellExperienceHost_cw5n1h2txyewy!App
PID: 29840
Audio Stream Category: 5"
"10-06-2026 15:05:11","24","Information","Microsoft-Windows-Audio","Stream started.
App Id: Microsoft.Windows.ShellExperienceHost_cw5n1h2txyewy!App
PID: 29840
Audio Stream Category: 5"
"10-06-2026 14:53:43","25","Information","Microsoft-Windows-Audio","Stream stopped.
App Id: Microsoft.Windows.ShellExperienceHost_cw5n1h2txyewy!App
PID: 29840
Audio Stream Category: 5"
"10-06-2026 14:53:41","24","Information","Microsoft-Windows-Audio","Stream started.
App Id: Microsoft.Windows.ShellExperienceHost_cw5n1h2txyewy!App
PID: 29840
Audio Stream Category: 5"
"10-06-2026 14:42:52","25","Information","Microsoft-Windows-Audio","Stream stopped.
App Id: Microsoft.Windows.ShellExperienceHost_cw5n1h2txyewy!App
PID: 29840
Audio Stream Category: 5"
"10-06-2026 14:42:50","24","Information","Microsoft-Windows-Audio","Stream started.
App Id: Microsoft.Windows.ShellExperienceHost_cw5n1h2txyewy!App
PID: 29840
Audio Stream Category: 5"
"10-06-2026 12:51:04","25","Information","Microsoft-Windows-Audio","Stream stopped.
App Id: Microsoft.Windows.ShellExperienceHost_cw5n1h2txyewy!App
PID: 29840
Audio Stream Category: 5"
"10-06-2026 12:51:02","24","Information","Microsoft-Windows-Audio","Stream started.
App Id: Microsoft.Windows.ShellExperienceHost_cw5n1h2txyewy!App
PID: 29840
Audio Stream Category: 5"
"10-06-2026 12:49:25","25","Information","Microsoft-Windows-Audio","Stream stopped.
App Id: Microsoft.Windows.ShellExperienceHost_cw5n1h2txyewy!App
PID: 29840
Audio Stream Category: 5"
"10-06-2026 12:49:23","24","Information","Microsoft-Windows-Audio","Stream started.
App Id: Microsoft.Windows.ShellExperienceHost_cw5n1h2txyewy!App
PID: 29840
Audio Stream Category: 5"
"10-06-2026 12:48:49","23","Information","Microsoft-Windows-Audio","Released exclusive mode resource false
Released offload mode resource false"
"10-06-2026 12:48:37","25","Information","Microsoft-Windows-Audio","Stream stopped.
App Id: Microsoft.Windows.ShellExperienceHost_cw5n1h2txyewy!App
PID: 29840
Audio Stream Category: 5"
"10-06-2026 12:48:35","24","Information","Microsoft-Windows-Audio","Stream started.
App Id: Microsoft.Windows.ShellExperienceHost_cw5n1h2txyewy!App
PID: 29840
Audio Stream Category: 5"
"10-06-2026 12:46:11","23","Information","Microsoft-Windows-Audio","Released exclusive mode resource false
Released offload mode resource false"
"10-06-2026 12:46:11","23","Information","Microsoft-Windows-Audio","Released exclusive mode resource false
Released offload mode resource false"
"10-06-2026 12:46:11","23","Information","Microsoft-Windows-Audio","Released exclusive mode resource false
Released offload mode resource false"
"10-06-2026 12:30:25","25","Information","Microsoft-Windows-Audio","Stream stopped.
App Id: Microsoft.Windows.ShellExperienceHost_cw5n1h2txyewy!App
PID: 29840
Audio Stream Category: 5"
"10-06-2026 12:30:23","24","Information","Microsoft-Windows-Audio","Stream started.
App Id: Microsoft.Windows.ShellExperienceHost_cw5n1h2txyewy!App
PID: 29840
Audio Stream Category: 5"
"10-06-2026 12:22:59","25","Information","Microsoft-Windows-Audio","Stream stopped.
App Id: Microsoft.Windows.ShellExperienceHost_cw5n1h2txyewy!App
PID: 29840
Audio Stream Category: 5"
"10-06-2026 12:22:57","24","Information","Microsoft-Windows-Audio","Stream started.
App Id: Microsoft.Windows.ShellExperienceHost_cw5n1h2txyewy!App
PID: 29840
Audio Stream Category: 5"
"10-06-2026 12:07:45","25","Information","Microsoft-Windows-Audio","Stream stopped.
App Id: Microsoft.Windows.ShellExperienceHost_cw5n1h2txyewy!App
PID: 29840
Audio Stream Category: 5"
"10-06-2026 12:07:43","24","Information","Microsoft-Windows-Audio","Stream started.
App Id: Microsoft.Windows.ShellExperienceHost_cw5n1h2txyewy!App
PID: 29840
Audio Stream Category: 5"
"10-06-2026 11:56:36","25","Information","Microsoft-Windows-Audio","Stream stopped.
App Id: Microsoft.Windows.ShellExperienceHost_cw5n1h2txyewy!App
PID: 29840
Audio Stream Category: 5"
"10-06-2026 11:56:34","24","Information","Microsoft-Windows-Audio","Stream started.
App Id: Microsoft.Windows.ShellExperienceHost_cw5n1h2txyewy!App
PID: 29840
Audio Stream Category: 5"
"10-06-2026 11:47:37","25","Information","Microsoft-Windows-Audio","Stream stopped.
App Id: Microsoft.Windows.ShellExperienceHost_cw5n1h2txyewy!App
PID: 29840
Audio Stream Category: 5"
"10-06-2026 11:47:35","24","Information","Microsoft-Windows-Audio","Stream started.
App Id: Microsoft.Windows.ShellExperienceHost_cw5n1h2txyewy!App
PID: 29840
Audio Stream Category: 5"
"10-06-2026 11:46:40","25","Information","Microsoft-Windows-Audio","Stream stopped.
App Id: Microsoft.Windows.ShellExperienceHost_cw5n1h2txyewy!App
PID: 29840
Audio Stream Category: 5"
"10-06-2026 11:46:38","24","Information","Microsoft-Windows-Audio","Stream started.
App Id: Microsoft.Windows.ShellExperienceHost_cw5n1h2txyewy!App
PID: 29840
Audio Stream Category: 5"
"10-06-2026 11:11:00","25","Information","Microsoft-Windows-Audio","Stream stopped.
App Id: Microsoft.Windows.ShellExperienceHost_cw5n1h2txyewy!App
PID: 29840
Audio Stream Category: 5"
"10-06-2026 11:10:58","24","Information","Microsoft-Windows-Audio","Stream started.
App Id: Microsoft.Windows.ShellExperienceHost_cw5n1h2txyewy!App
PID: 29840
Audio Stream Category: 5"
"10-06-2026 11:10:53","25","Information","Microsoft-Windows-Audio","Stream stopped.
App Id: Microsoft.Windows.ShellExperienceHost_cw5n1h2txyewy!App
PID: 29840
Audio Stream Category: 5"
"10-06-2026 11:10:51","24","Information","Microsoft-Windows-Audio","Stream started.
App Id: Microsoft.Windows.ShellExperienceHost_cw5n1h2txyewy!App
PID: 29840
Audio Stream Category: 5"
"10-06-2026 11:08:22","25","Information","Microsoft-Windows-Audio","Stream stopped.
App Id: Microsoft.Windows.ShellExperienceHost_cw5n1h2txyewy!App
PID: 29840
Audio Stream Category: 5"
"10-06-2026 11:08:20","24","Information","Microsoft-Windows-Audio","Stream started.
App Id: Microsoft.Windows.ShellExperienceHost_cw5n1h2txyewy!App
PID: 29840
Audio Stream Category: 5"
"10-06-2026 11:08:15","25","Information","Microsoft-Windows-Audio","Stream stopped.
App Id: Microsoft.Windows.ShellExperienceHost_cw5n1h2txyewy!App
PID: 29840
Audio Stream Category: 5"
"10-06-2026 11:08:13","24","Information","Microsoft-Windows-Audio","Stream started.
App Id: Microsoft.Windows.ShellExperienceHost_cw5n1h2txyewy!App
PID: 29840
Audio Stream Category: 5"
"10-06-2026 10:59:57","25","Information","Microsoft-Windows-Audio","Stream stopped.
App Id: Microsoft.Windows.ShellExperienceHost_cw5n1h2txyewy!App
PID: 29840
Audio Stream Category: 5"
"10-06-2026 10:59:56","24","Information","Microsoft-Windows-Audio","Stream started.
App Id: Microsoft.Windows.ShellExperienceHost_cw5n1h2txyewy!App
PID: 29840
Audio Stream Category: 5"
"10-06-2026 10:17:44","25","Information","Microsoft-Windows-Audio","Stream stopped.
App Id: Microsoft.Windows.ShellExperienceHost_cw5n1h2txyewy!App
PID: 29840
Audio Stream Category: 5"
"10-06-2026 10:17:42","24","Information","Microsoft-Windows-Audio","Stream started.
App Id: Microsoft.Windows.ShellExperienceHost_cw5n1h2txyewy!App
PID: 29840
Audio Stream Category: 5"
"10-06-2026 10:09:58","25","Information","Microsoft-Windows-Audio","Stream stopped.
App Id: Microsoft.Windows.ShellExperienceHost_cw5n1h2txyewy!App
PID: 29840
Audio Stream Category: 5"
"10-06-2026 10:09:56","24","Information","Microsoft-Windows-Audio","Stream started.
App Id: Microsoft.Windows.ShellExperienceHost_cw5n1h2txyewy!App
PID: 29840
Audio Stream Category: 5"
"10-06-2026 09:54:36","25","Information","Microsoft-Windows-Audio","Stream stopped.
App Id: Microsoft.Windows.ShellExperienceHost_cw5n1h2txyewy!App
PID: 29840
Audio Stream Category: 5"
"10-06-2026 09:54:34","24","Information","Microsoft-Windows-Audio","Stream started.
App Id: Microsoft.Windows.ShellExperienceHost_cw5n1h2txyewy!App
PID: 29840
Audio Stream Category: 5"
"10-06-2026 09:54:27","25","Information","Microsoft-Windows-Audio","Stream stopped.
App Id: Microsoft.Windows.ShellExperienceHost_cw5n1h2txyewy!App
PID: 29840
Audio Stream Category: 5"
"10-06-2026 09:54:25","24","Information","Microsoft-Windows-Audio","Stream started.
App Id: Microsoft.Windows.ShellExperienceHost_cw5n1h2txyewy!App
PID: 29840
Audio Stream Category: 5"
"09-06-2026 15:57:20","25","Information","Microsoft-Windows-Audio","Stream stopped.
App Id: Microsoft.Windows.ShellExperienceHost_cw5n1h2txyewy!App
PID: 29840
Audio Stream Category: 5"
"09-06-2026 15:57:18","24","Information","Microsoft-Windows-Audio","Stream started.
App Id: Microsoft.Windows.ShellExperienceHost_cw5n1h2txyewy!App
PID: 29840
Audio Stream Category: 5"
"09-06-2026 15:00:11","25","Information","Microsoft-Windows-Audio","Stream stopped.
App Id: Microsoft.Windows.ShellExperienceHost_cw5n1h2txyewy!App
PID: 29840
Audio Stream Category: 5"
"09-06-2026 15:00:10","24","Information","Microsoft-Windows-Audio","Stream started.
App Id: Microsoft.Windows.ShellExperienceHost_cw5n1h2txyewy!App
PID: 29840
Audio Stream Category: 5"
"09-06-2026 14:27:55","25","Information","Microsoft-Windows-Audio","Stream stopped.
App Id: Microsoft.Windows.ShellExperienceHost_cw5n1h2txyewy!App
PID: 29840
Audio Stream Category: 5"
"09-06-2026 14:27:53","24","Information","Microsoft-Windows-Audio","Stream started.
App Id: Microsoft.Windows.ShellExperienceHost_cw5n1h2txyewy!App
PID: 29840
Audio Stream Category: 5"
"09-06-2026 13:57:14","25","Information","Microsoft-Windows-Audio","Stream stopped.
App Id: Microsoft.Windows.ShellExperienceHost_cw5n1h2txyewy!App
PID: 29840
Audio Stream Category: 5"
"09-06-2026 13:57:12","24","Information","Microsoft-Windows-Audio","Stream started.
App Id: Microsoft.Windows.ShellExperienceHost_cw5n1h2txyewy!App
PID: 29840
Audio Stream Category: 5"
"09-06-2026 13:45:49","25","Information","Microsoft-Windows-Audio","Stream stopped.
App Id: Microsoft.Windows.ShellExperienceHost_cw5n1h2txyewy!App
PID: 29840
Audio Stream Category: 5"
"09-06-2026 13:45:47","24","Information","Microsoft-Windows-Audio","Stream started.
App Id: Microsoft.Windows.ShellExperienceHost_cw5n1h2txyewy!App
PID: 29840
Audio Stream Category: 5"
"09-06-2026 13:19:15","25","Information","Microsoft-Windows-Audio","Stream stopped.
App Id: Microsoft.Windows.ShellExperienceHost_cw5n1h2txyewy!App
PID: 29840
Audio Stream Category: 5"
"09-06-2026 13:19:14","24","Information","Microsoft-Windows-Audio","Stream started.
App Id: Microsoft.Windows.ShellExperienceHost_cw5n1h2txyewy!App
PID: 29840
Audio Stream Category: 5"
"09-06-2026 12:55:20","25","Information","Microsoft-Windows-Audio","Stream stopped.
App Id: Microsoft.Windows.ShellExperienceHost_cw5n1h2txyewy!App
PID: 29840
Audio Stream Category: 5"
"09-06-2026 12:55:18","24","Information","Microsoft-Windows-Audio","Stream started.
App Id: Microsoft.Windows.ShellExperienceHost_cw5n1h2txyewy!App
PID: 29840
Audio Stream Category: 5"
"09-06-2026 12:51:41","25","Information","Microsoft-Windows-Audio","Stream stopped.
App Id: Microsoft.Windows.ShellExperienceHost_cw5n1h2txyewy!App
PID: 29840
Audio Stream Category: 5"
"09-06-2026 12:51:39","24","Information","Microsoft-Windows-Audio","Stream started.
App Id: Microsoft.Windows.ShellExperienceHost_cw5n1h2txyewy!App
PID: 29840
Audio Stream Category: 5"
"09-06-2026 12:50:55","25","Information","Microsoft-Windows-Audio","Stream stopped.
App Id: Microsoft.Windows.ShellExperienceHost_cw5n1h2txyewy!App
PID: 29840
Audio Stream Category: 5"
"09-06-2026 12:50:53","24","Information","Microsoft-Windows-Audio","Stream started.
App Id: Microsoft.Windows.ShellExperienceHost_cw5n1h2txyewy!App
PID: 29840
Audio Stream Category: 5"
"09-06-2026 12:37:25","25","Information","Microsoft-Windows-Audio","Stream stopped.
App Id: Microsoft.Windows.ShellExperienceHost_cw5n1h2txyewy!App
PID: 29840
Audio Stream Category: 5"
"09-06-2026 12:37:23","24","Information","Microsoft-Windows-Audio","Stream started.
App Id: Microsoft.Windows.ShellExperienceHost_cw5n1h2txyewy!App
PID: 29840
Audio Stream Category: 5"
"09-06-2026 12:35:53","25","Information","Microsoft-Windows-Audio","Stream stopped.
App Id: Microsoft.Windows.ShellExperienceHost_cw5n1h2txyewy!App
PID: 29840
Audio Stream Category: 5"
"09-06-2026 12:35:51","24","Information","Microsoft-Windows-Audio","Stream started.
App Id: Microsoft.Windows.ShellExperienceHost_cw5n1h2txyewy!App
PID: 29840
Audio Stream Category: 5"
"09-06-2026 09:56:44","25","Information","Microsoft-Windows-Audio","Stream stopped.
App Id: Microsoft.Windows.ShellExperienceHost_cw5n1h2txyewy!App
PID: 29840
Audio Stream Category: 5"
"09-06-2026 09:56:42","24","Information","Microsoft-Windows-Audio","Stream started.
App Id: Microsoft.Windows.ShellExperienceHost_cw5n1h2txyewy!App
PID: 29840
Audio Stream Category: 5"
"09-06-2026 09:56:34","25","Information","Microsoft-Windows-Audio","Stream stopped.
App Id: Microsoft.Windows.ShellExperienceHost_cw5n1h2txyewy!App
PID: 29840
Audio Stream Category: 5"
"09-06-2026 09:56:32","24","Information","Microsoft-Windows-Audio","Stream started.
App Id: Microsoft.Windows.ShellExperienceHost_cw5n1h2txyewy!App
PID: 29840
Audio Stream Category: 5"
"09-06-2026 09:56:27","25","Information","Microsoft-Windows-Audio","Stream stopped.
App Id: Microsoft.Windows.ShellExperienceHost_cw5n1h2txyewy!App
PID: 29840
Audio Stream Category: 5"
"09-06-2026 09:56:25","24","Information","Microsoft-Windows-Audio","Stream started.
App Id: Microsoft.Windows.ShellExperienceHost_cw5n1h2txyewy!App
PID: 29840
Audio Stream Category: 5"
"08-06-2026 19:01:47","25","Information","Microsoft-Windows-Audio","Stream stopped.
App Id: Microsoft.Windows.ShellExperienceHost_cw5n1h2txyewy!App
PID: 7084
Audio Stream Category: 5"
"08-06-2026 19:01:45","24","Information","Microsoft-Windows-Audio","Stream started.
App Id: Microsoft.Windows.ShellExperienceHost_cw5n1h2txyewy!App
PID: 7084
Audio Stream Category: 5"
"08-06-2026 17:05:27","25","Information","Microsoft-Windows-Audio","Stream stopped.
App Id: Microsoft.Windows.ShellExperienceHost_cw5n1h2txyewy!App
PID: 7084
Audio Stream Category: 5"
"08-06-2026 17:05:26","24","Information","Microsoft-Windows-Audio","Stream started.
App Id: Microsoft.Windows.ShellExperienceHost_cw5n1h2txyewy!App
PID: 7084
Audio Stream Category: 5"
"08-06-2026 16:57:24","25","Information","Microsoft-Windows-Audio","Stream stopped.
App Id: Microsoft.Windows.ShellExperienceHost_cw5n1h2txyewy!App
PID: 7084
Audio Stream Category: 5"
"08-06-2026 16:57:22","24","Information","Microsoft-Windows-Audio","Stream started.
App Id: Microsoft.Windows.ShellExperienceHost_cw5n1h2txyewy!App
PID: 7084
Audio Stream Category: 5"
"08-06-2026 16:23:17","23","Information","Microsoft-Windows-Audio","Released exclusive mode resource false
Released offload mode resource false"
"08-06-2026 16:23:17","23","Information","Microsoft-Windows-Audio","Released exclusive mode resource false
Released offload mode resource false"
"08-06-2026 15:51:51","25","Information","Microsoft-Windows-Audio","Stream stopped.
App Id: Microsoft.Windows.ShellExperienceHost_cw5n1h2txyewy!App
PID: 7084
Audio Stream Category: 5"
"08-06-2026 15:51:50","24","Information","Microsoft-Windows-Audio","Stream started.
App Id: Microsoft.Windows.ShellExperienceHost_cw5n1h2txyewy!App
PID: 7084
Audio Stream Category: 5"
