"16-06-2026 09:39:52","420","Information","Microsoft-Windows-Kernel-PnP","Device HDAUDIO\SUBFUNC_01&VEN_8086&DEV_281D&NID_0001&SUBSYS_00000000&REV_1000\6&2D9A5E4C&0&0002&00000029 was deleted.

Class GUID: {4d36e96c-e325-11ce-bfc1-08002be10318}"
"16-06-2026 09:39:52","420","Information","Microsoft-Windows-Kernel-PnP","Device SWD\MMDEVAPI\{0.0.0.00000000}.{0EC42EB5-FDDE-4461-BADB-C7A3B929D68C} was deleted.

Class GUID: {c166523c-fe0c-4a94-a586-f1a80cfbbf3e}"
"16-06-2026 09:39:51","420","Information","Microsoft-Windows-Kernel-PnP","Device SWD\MMDEVAPI\{0.0.0.00000000}.{9A1BF29B-FAC1-4738-A148-14E38C14A020} was deleted.

Class GUID: {c166523c-fe0c-4a94-a586-f1a80cfbbf3e}"
"16-06-2026 09:39:51","420","Information","Microsoft-Windows-Kernel-PnP","Device SWD\MMDEVAPI\{0.0.0.00000000}.{D9730B53-DE8F-416A-85F6-57EBF60C3B82} was deleted.

Class GUID: {c166523c-fe0c-4a94-a586-f1a80cfbbf3e}"
"16-06-2026 09:39:50","420","Information","Microsoft-Windows-Kernel-PnP","Device INTELAUDIO\CTLR_DEV_7728&LINKTYPE_06&DEVTYPE_06&VEN_8086&DEV_AE50&SUBSYS_0CE81028&REV_0001\0604DIF_000B&UIF_0000 was deleted.

Class GUID: {00000000-0000-0000-0000-000000000000}"
"16-06-2026 09:39:50","420","Information","Microsoft-Windows-Kernel-PnP","Device INTELAUDIO\DIF_0001&UIF_0001&CTLR_DEV_7728&LINKTYPE_05&DEVTYPE_05&VEN_8086&DEV_AE35&SUBSYS_0CE81028&REV_0001\5&32640736&0&0500DIF_000B&UIF_0001 was deleted.

Class GUID: {00000000-0000-0000-0000-000000000000}"
"16-06-2026 09:39:50","420","Information","Microsoft-Windows-Kernel-PnP","Device {F67B0BEA-BDB7-47D3-9131-75877CDE0ED4}\STREAMING_SPEAKER&CP_{315065C5-56D6-11F1-A26A-A95A57CE4523}\6&24274C2A&0 was deleted.

Class GUID: {4d36e96c-e325-11ce-bfc1-08002be10318}"
"16-06-2026 09:39:49","420","Information","Microsoft-Windows-Kernel-PnP","Device {F67B0BEA-BDB7-47D3-9131-75877CDE0ED4}\STREAMING_HEADSETOUTPUT&CP_{3150650C-56D6-11F1-A26A-A95A57CE4523}\6&24274C2A&0 was deleted.

Class GUID: {4d36e96c-e325-11ce-bfc1-08002be10318}"
"16-06-2026 09:39:49","420","Information","Microsoft-Windows-Kernel-PnP","Device {F67B0BEA-BDB7-47D3-9131-75877CDE0ED4}\STREAMING_MICROPHONEARRAY&CP_{315065BF-56D6-11F1-A26A-A95A57CE4523}\6&24274C2A&0 was deleted.

Class GUID: {4d36e96c-e325-11ce-bfc1-08002be10318}"
"16-06-2026 09:39:48","420","Information","Microsoft-Windows-Kernel-PnP","Device {F67B0BEA-BDB7-47D3-9131-75877CDE0ED4}\STREAMING_HEADSETMIC&CP_{3150650D-56D6-11F1-A26A-A95A57CE4523}\6&24274C2A&0 was deleted.

Class GUID: {4d36e96c-e325-11ce-bfc1-08002be10318}"
"16-06-2026 09:39:48","420","Information","Microsoft-Windows-Kernel-PnP","Device INTELAUDIO\SDW_CTLR_DEV_7728&VEN_8086&DEV_0333\5&32640736&0 was deleted.

Class GUID: {00000000-0000-0000-0000-000000000000}"
"16-06-2026 09:39:48","420","Information","Microsoft-Windows-Kernel-PnP","Device SOUNDWIRE\SDCA&MAN_01FA&PART_4243&VER_03&CID_00&LID_00&UID_00&SUBSYS_0CE81028\6&19B92226&0&01424301FA000300 was deleted.

Class GUID: {4d36e97d-e325-11ce-bfc1-08002be10318}"
"16-06-2026 09:39:47","420","Information","Microsoft-Windows-Kernel-PnP","Device SOUNDWIRE\AGGREGATOR\6&19B92226&0 was deleted.

Class GUID: {4d36e96c-e325-11ce-bfc1-08002be10318}"
"16-06-2026 09:39:47","420","Information","Microsoft-Windows-Kernel-PnP","Device SOUNDWIRE\SDCA_06&MAN_01FA&FUNC_4243&TYPE_06&VER_01&ADR_03&LID_00&UID_00&SUBSYS_0CE81028\7&1EC1788&0&0000000000000003 was deleted.

Class GUID: {4d36e96c-e325-11ce-bfc1-08002be10318}"
"16-06-2026 09:39:47","420","Information","Microsoft-Windows-Kernel-PnP","Device SWD\DRIVERENUM\{EBF04DFA-3A1B-4E2E-8CFA-5D2BDB215DCA}#CSGMMUTESRV&7&1EC1788&0 was deleted.

Class GUID: {5c4c3332-344d-483c-8739-259e934c9cc8}"
"16-06-2026 09:39:46","420","Information","Microsoft-Windows-Kernel-PnP","Device SOUNDWIRE\SDCA_06&MAN_01FA&FUNC_4243&TYPE_0A&VER_01&ADR_04&LID_00&UID_00&SUBSYS_0CE81028\7&1EC1788&0&0000000000000004 was deleted.

Class GUID: {745a17a0-74d3-11d0-b6fe-00a0c90f57da}"
"16-06-2026 09:39:46","420","Information","Microsoft-Windows-Kernel-PnP","Device SOUNDWIRE\SDCA_06&MAN_01FA&FUNC_4243&TYPE_01&VER_01&ADR_01&LID_00&UID_00&SUBSYS_0CE81028\7&1EC1788&0&0000000000000001 was deleted.

Class GUID: {4d36e96c-e325-11ce-bfc1-08002be10318}"
"16-06-2026 09:39:46","420","Information","Microsoft-Windows-Kernel-PnP","Device SOUNDWIRE\SDCA_06&MAN_01FA&FUNC_4243&TYPE_03&VER_01&ADR_02&LID_00&UID_00&SUBSYS_0CE81028\7&1EC1788&0&0000000000000002 was deleted.

Class GUID: {4d36e96c-e325-11ce-bfc1-08002be10318}"
"16-06-2026 09:39:45","420","Information","Microsoft-Windows-Kernel-PnP","Device SOUNDWIRE\SDCA_06&MAN_01FA&FUNC_4243&TYPE_06&VER_01&ADR_03&LID_00&UID_00&SUBSYS_0CE81028&DYNAMICENUMSPEAKER0\8&88B61C&0&00001700 was deleted.

Class GUID: {4d36e96c-e325-11ce-bfc1-08002be10318}"
"16-06-2026 09:39:45","420","Information","Microsoft-Windows-Kernel-PnP","Device SOUNDWIRE\SDCA_06&MAN_01FA&FUNC_4243&TYPE_06&VER_01&ADR_03&LID_00&UID_00&SUBSYS_0CE81028&DYNAMICENUMMICROPHONE0\8&88B61C&0&00000B00 was deleted.

Class GUID: {4d36e96c-e325-11ce-bfc1-08002be10318}"
"16-06-2026 09:39:44","420","Information","Microsoft-Windows-Kernel-PnP","Device XUCSME\EXTENSIONSPEAKER\8&88B61C&0&00 was deleted.

Class GUID: {4d36e97d-e325-11ce-bfc1-08002be10318}"
"16-06-2026 09:39:44","420","Information","Microsoft-Windows-Kernel-PnP","Device XUCSME\JACKRETASKINGAUDIOMODULE\8&88B61C&0&00 was deleted.

Class GUID: {4d36e97d-e325-11ce-bfc1-08002be10318}"
"16-06-2026 09:39:44","420","Information","Microsoft-Windows-Kernel-PnP","Device XUCSME\EXTENSIONMICROPHONE\8&88B61C&0&00 was deleted.

Class GUID: {4d36e97d-e325-11ce-bfc1-08002be10318}"
"16-06-2026 09:39:43","420","Information","Microsoft-Windows-Kernel-PnP","Device VHF\HID_DEVICE_SYSTEM_VHF\8&4F577FA&0&{D782C0EF-B01F-531C-A36D-E539FE17560B} was deleted.

Class GUID: {745a17a0-74d3-11d0-b6fe-00a0c90f57da}"
"16-06-2026 09:39:43","420","Information","Microsoft-Windows-Kernel-PnP","Device SOUNDWIRE\SDCA_06&MAN_01FA&FUNC_4243&TYPE_01&VER_01&ADR_01&LID_00&UID_00&SUBSYS_0CE81028&DYNAMICENUMSPEAKER0\8&6AADA1E&0&00000C00 was deleted.

Class GUID: {4d36e96c-e325-11ce-bfc1-08002be10318}"
"16-06-2026 09:39:43","420","Information","Microsoft-Windows-Kernel-PnP","Device XUCSME\EXTENSIONSPEAKER\8&6AADA1E&0&00 was deleted.

Class GUID: {4d36e97d-e325-11ce-bfc1-08002be10318}"
"16-06-2026 09:39:42","420","Information","Microsoft-Windows-Kernel-PnP","Device XUCSME\EXTENSIONMICROPHONE\8&499087D&0&00 was deleted.

Class GUID: {4d36e97d-e325-11ce-bfc1-08002be10318}"
"16-06-2026 09:39:42","420","Information","Microsoft-Windows-Kernel-PnP","Device SOUNDWIRE\SDCA_06&MAN_01FA&FUNC_4243&TYPE_03&VER_01&ADR_02&LID_00&UID_00&SUBSYS_0CE81028&DYNAMICENUMMICROPHONE0\8&499087D&0&00000400 was deleted.

Class GUID: {4d36e96c-e325-11ce-bfc1-08002be10318}"
"16-06-2026 09:39:42","420","Information","Microsoft-Windows-Kernel-PnP","Device SWD\DRIVERENUM\{DC0701E7-E54B-442A-B70C-EF640F28C5DE}#ENHANCEAPO&9&1E28A088&0 was deleted.

Class GUID: {5989fce8-9cd0-467d-8a6a-5419e31529d4}"
"16-06-2026 09:39:41","420","Information","Microsoft-Windows-Kernel-PnP","Device SWD\DRIVERENUM\{B40146ED-D625-48CD-8DCB-36441AB5A116}#CLABPSRV&9&1E28A088&0 was deleted.

Class GUID: {5c4c3332-344d-483c-8739-259e934c9cc8}"
"16-06-2026 09:39:41","420","Information","Microsoft-Windows-Kernel-PnP","Device SWD\DRIVERENUM\{CEDDD3B4-1C8D-4834-805D-9DCEFA53921F}#INTELLIGOAPOSVC&9&A812C6C&0 was deleted.

Class GUID: {5c4c3332-344d-483c-8739-259e934c9cc8}"
"16-06-2026 09:39:41","420","Information","Microsoft-Windows-Kernel-PnP","Device SWD\DRIVERENUM\{CEDDD3B4-1C8D-4834-805D-9DCEFA53921F}#INTELLIGOAPOBASE&9&A812C6C&0 was deleted.

Class GUID: {5989fce8-9cd0-467d-8a6a-5419e31529d4}"
"16-06-2026 09:39:40","420","Information","Microsoft-Windows-Kernel-PnP","Device HID\HID_DEVICE_SYSTEM_VHF&COL01\9&326357C6&0&0000 was deleted.

Class GUID: {745a17a0-74d3-11d0-b6fe-00a0c90f57da}"
"16-06-2026 09:39:40","420","Information","Microsoft-Windows-Kernel-PnP","Device HID\HID_DEVICE_SYSTEM_VHF&COL02\9&326357C6&0&0001 was deleted.

Class GUID: {745a17a0-74d3-11d0-b6fe-00a0c90f57da}"
"16-06-2026 09:39:40","420","Information","Microsoft-Windows-Kernel-PnP","Device SWD\DRIVERENUM\{DC0701E7-E54B-442A-B70C-EF640F28C5DE}#ENHANCEAPO&9&8193FC6&0 was deleted.

Class GUID: {5989fce8-9cd0-467d-8a6a-5419e31529d4}"
"16-06-2026 09:39:39","420","Information","Microsoft-Windows-Kernel-PnP","Device SWD\MMDEVAPI\{0.0.0.00000000}.{5C509850-DBC3-4E8A-A765-A65342C4F9A0} was deleted.

Class GUID: {c166523c-fe0c-4a94-a586-f1a80cfbbf3e}"
"16-06-2026 09:39:39","420","Information","Microsoft-Windows-Kernel-PnP","Device SWD\DRIVERENUM\{B40146ED-D625-48CD-8DCB-36441AB5A116}#CLABPSRV&9&8193FC6&0 was deleted.

Class GUID: {5c4c3332-344d-483c-8739-259e934c9cc8}"
"16-06-2026 09:39:39","420","Information","Microsoft-Windows-Kernel-PnP","Device SWD\DRIVERENUM\{CEDDD3B4-1C8D-4834-805D-9DCEFA53921F}#INTELLIGOAPOBASE&9&1C2367BB&0 was deleted.

Class GUID: {5989fce8-9cd0-467d-8a6a-5419e31529d4}"
"16-06-2026 09:39:38","420","Information","Microsoft-Windows-Kernel-PnP","Device SWD\MMDEVAPI\{0.0.1.00000000}.{775FCCF5-6A61-4486-AC68-82C2E48691CA} was deleted.

Class GUID: {c166523c-fe0c-4a94-a586-f1a80cfbbf3e}"
"16-06-2026 09:39:38","420","Information","Microsoft-Windows-Kernel-PnP","Device SWD\DRIVERENUM\{CEDDD3B4-1C8D-4834-805D-9DCEFA53921F}#INTELLIGOAPOSVC&9&1C2367BB&0 was deleted.

Class GUID: {5c4c3332-344d-483c-8739-259e934c9cc8}"
"16-06-2026 09:39:36","410","Information","Microsoft-Windows-Kernel-PnP","Device ACPI\ACPI0018\2&daba3ff&0 was started.

Driver Name: acpiaudiocompositor.inf
Class GUID: {4d36e97d-e325-11ce-bfc1-08002be10318}
Service: AcpiAudioCompositorInbox
Lower Filters: 
Upper Filters: "
"16-06-2026 09:39:36","400","Information","Microsoft-Windows-Kernel-PnP","Device ACPI\ACPI0018\2&daba3ff&0 was configured.

Driver Name: acpiaudiocompositor.inf
Driver Package ID: acpiaudiocompositor.inf_amd64_047f553a6f70b169
Class GUID: {4d36e97d-e325-11ce-bfc1-08002be10318}
Driver Date: 06/21/2006
Driver Version: 10.0.26100.5074
Driver Provider: Microsoft
Driver Section: AcpiAudioCompositor_Device.NT
Driver Rank: 0xFF1002
Matching Device ID: *ACPI0018
Outranked Drivers: oem54.inf:*ACPI0018:00FF0002
Device Updated: true
Parent Device: ACPI_HAL\PNP0C08\0"
"16-06-2026 09:37:59","410","Information","Microsoft-Windows-Kernel-PnP","Device PCI\VEN_8086&DEV_7728&SUBSYS_0CE81028&REV_00\3&11583659&0&FB was started.

Driver Name: hdaudbus.inf
Class GUID: {4d36e97d-e325-11ce-bfc1-08002be10318}
Service: HDAudBus
Lower Filters: 
Upper Filters: "
"16-06-2026 09:37:59","400","Information","Microsoft-Windows-Kernel-PnP","Device PCI\VEN_8086&DEV_7728&SUBSYS_0CE81028&REV_00\3&11583659&0&FB was configured.

Driver Name: oem501.inf
Driver Package ID: hdbusext.inf_amd64_fa3aaa1a353259f9
Class GUID: {e2f84ce7-8efa-411c-aa69-97454ca4cb57}
Driver Date: 04/16/2026
Driver Version: 32.0.101.8724
Driver Provider: Intel Corporation
Driver Section: iAUDIO_w10_SGPC_DS
Driver Rank: 0xFF2001
Matching Device ID: PCI\VEN_8086&DEV_7728
Outranked Drivers: 
Device Updated: true
Parent Device: ACPI\PNP0A08\0"
"16-06-2026 09:37:59","400","Information","Microsoft-Windows-Kernel-PnP","Device PCI\VEN_8086&DEV_7728&SUBSYS_0CE81028&REV_00\3&11583659&0&FB was configured.

Driver Name: hdaudbus.inf
Driver Package ID: hdaudbus.inf_amd64_b6ab0e067332d74c
Class GUID: {4d36e97d-e325-11ce-bfc1-08002be10318}
Driver Date: 03/21/2026
Driver Version: 10.0.26100.8115
Driver Provider: Microsoft
Driver Section: HDAudio_Device.NT
Driver Rank: 0xFF2006
Matching Device ID: PCI\CC_0403
Outranked Drivers: oem479.inf:PCI\VEN_8086&DEV_7728&CC_040380:00FF0002
Device Updated: true
Parent Device: ACPI\PNP0A08\0"
"16-06-2026 09:37:53","400","Information","Microsoft-Windows-Kernel-PnP","Device INTELAUDIO\DSP_CTLR_DEV_7728&VEN_8086&DEV_0222&SUBSYS_0CE81028&REV_0000\4&417d3cc&0&0800DIF_000B&UIF_0000 was configured.

Driver Name: null
Driver Package ID: null
Class GUID: {00000000-0000-0000-0000-000000000000}
Driver Date: 
Driver Version: 
Driver Provider: 
Driver Section: 
Driver Rank: 0x0
Matching Device ID: 
Outranked Drivers: 
Device Updated: true
Parent Device: PCI\VEN_8086&DEV_7728&SUBSYS_0CE81028&REV_00\3&11583659&0&FB"
"16-06-2026 09:37:49","420","Information","Microsoft-Windows-Kernel-PnP","Device SWD\MMDEVAPI\{0.0.1.00000000}.{98A19C9D-EFA0-40EB-8907-8DB9CD2F7D05} was deleted.

Class GUID: {c166523c-fe0c-4a94-a586-f1a80cfbbf3e}"
"16-06-2026 09:37:49","420","Information","Microsoft-Windows-Kernel-PnP","Device SWD\MMDEVAPI\{0.0.1.00000000}.{323F7B54-B30B-4D80-B3B5-240BB16692EF} was deleted.

Class GUID: {c166523c-fe0c-4a94-a586-f1a80cfbbf3e}"
"16-06-2026 09:37:49","420","Information","Microsoft-Windows-Kernel-PnP","Device SWD\MMDEVAPI\{0.0.0.00000000}.{F401B7EF-BD2A-4659-B59B-9219752DAB13} was deleted.

Class GUID: {c166523c-fe0c-4a94-a586-f1a80cfbbf3e}"
"16-06-2026 09:37:49","420","Information","Microsoft-Windows-Kernel-PnP","Device SWD\MMDEVAPI\{0.0.0.00000000}.{BDABF973-E957-482C-B18F-7EE0D853173B} was deleted.

Class GUID: {c166523c-fe0c-4a94-a586-f1a80cfbbf3e}"
"16-06-2026 09:37:49","400","Information","Microsoft-Windows-Kernel-PnP","Device INTELAUDIO\SDW_CTLR_DEV_7728&VEN_8086&DEV_0333\5&32640736&0 was configured.

Driver Name: null
Driver Package ID: null
Class GUID: {00000000-0000-0000-0000-000000000000}
Driver Date: 
Driver Version: 
Driver Provider: 
Driver Section: 
Driver Rank: 0x0
Matching Device ID: 
Outranked Drivers: 
Device Updated: true
Parent Device: INTELAUDIO\DSP_CTLR_DEV_7728&VEN_8086&DEV_0222&SUBSYS_0CE81028&REV_0000\4&417d3cc&0&0800DIF_000B&UIF_0000"
"16-06-2026 09:37:47","400","Information","Microsoft-Windows-Kernel-PnP","Device INTELAUDIO\CTLR_DEV_7728&LINKTYPE_06&DEVTYPE_06&VEN_8086&DEV_AE50&SUBSYS_0CE81028&REV_0001\0604DIF_000B&UIF_0000 was configured.

Driver Name: null
Driver Package ID: null
Class GUID: {00000000-0000-0000-0000-000000000000}
Driver Date: 
Driver Version: 
Driver Provider: 
Driver Section: 
Driver Rank: 0x0
Matching Device ID: 
Outranked Drivers: 
Device Updated: true
Parent Device: INTELAUDIO\DSP_CTLR_DEV_7728&VEN_8086&DEV_0222&SUBSYS_0CE81028&REV_0000\4&417d3cc&0&0800DIF_000B&UIF_0000"
"16-06-2026 09:37:44","410","Information","Microsoft-Windows-Kernel-PnP","Device INTELAUDIO\CTLR_DEV_7728&LINKTYPE_06&DEVTYPE_06&VEN_8086&DEV_AE50&SUBSYS_0CE81028&REV_0001\0604DIF_000B&UIF_0000 was started.

Driver Name: oem418.inf
Class GUID: {4d36e96c-e325-11ce-bfc1-08002be10318}
Service: IntcUSB
Lower Filters: 
Upper Filters: "
"16-06-2026 09:37:44","400","Information","Microsoft-Windows-Kernel-PnP","Device INTELAUDIO\CTLR_DEV_7728&LINKTYPE_06&DEVTYPE_06&VEN_8086&DEV_AE50&SUBSYS_0CE81028&REV_0001\0604DIF_000B&UIF_0000 was configured.

Driver Name: oem418.inf
Driver Package ID: intcusb.inf_amd64_964806e9d7d14796
Class GUID: {4d36e96c-e325-11ce-bfc1-08002be10318}
Driver Date: 12/18/2024
Driver Version: 20.40.11684.4
Driver Provider: Intel(R) Corporation
Driver Section: IntcAudModel.NT
Driver Rank: 0xFF2000
Matching Device ID: INTELAUDIO\DIF_0001&UIF_0000&CTLR_DEV_7728&LINKTYPE_06&DEVTYPE_06&VEN_8086&DEV_AE50
Outranked Drivers: oem376.inf:INTELAUDIO\DIF_0001&UIF_0000&CTLR_DEV_7728&LINKTYPE_06&DEVTYPE_06&VEN_8086&DEV_AE50:00FF2000
Device Updated: true
Parent Device: INTELAUDIO\DSP_CTLR_DEV_7728&VEN_8086&DEV_0222&SUBSYS_0CE81028&REV_0000\4&417d3cc&0&0800DIF_000B&UIF_0000"
"16-06-2026 09:37:41","400","Information","Microsoft-Windows-Kernel-PnP","Device INTELAUDIO\CTLR_DEV_7728&LINKTYPE_03&DEVTYPE_00&VEN_8086&DEV_AE30&SUBSYS_0CE81028&REV_0001\5&32640736&0&0000DIF_000B&UIF_0000 was configured.

Driver Name: null
Driver Package ID: null
Class GUID: {00000000-0000-0000-0000-000000000000}
Driver Date: 
Driver Version: 
Driver Provider: 
Driver Section: 
Driver Rank: 0x0
Matching Device ID: 
Outranked Drivers: 
Device Updated: true
Parent Device: INTELAUDIO\DSP_CTLR_DEV_7728&VEN_8086&DEV_0222&SUBSYS_0CE81028&REV_0000\4&417d3cc&0&0800DIF_000B&UIF_0000"
"16-06-2026 09:37:39","410","Information","Microsoft-Windows-Kernel-PnP","Device INTELAUDIO\CTLR_DEV_7728&LINKTYPE_03&DEVTYPE_00&VEN_8086&DEV_AE30&SUBSYS_0CE81028&REV_0001\5&32640736&0&0000DIF_000B&UIF_0000 was started.

Driver Name: oem37.inf
Class GUID: {4d36e96c-e325-11ce-bfc1-08002be10318}
Service: IntcBTAu
Lower Filters: 
Upper Filters: "
"16-06-2026 09:37:39","400","Information","Microsoft-Windows-Kernel-PnP","Device INTELAUDIO\CTLR_DEV_7728&LINKTYPE_03&DEVTYPE_00&VEN_8086&DEV_AE30&SUBSYS_0CE81028&REV_0001\5&32640736&0&0000DIF_000B&UIF_0000 was configured.

Driver Name: oem37.inf
Driver Package ID: intcbtau.inf_amd64_6f51b1ae1a075883
Class GUID: {4d36e96c-e325-11ce-bfc1-08002be10318}
Driver Date: 12/18/2024
Driver Version: 20.40.11684.4
Driver Provider: Intel(R) Corporation
Driver Section: IntcAudModel.NT
Driver Rank: 0xFF2000
Matching Device ID: INTELAUDIO\DIF_0001&UIF_0000&CTLR_DEV_7728&LINKTYPE_03&DEVTYPE_00&VEN_8086&DEV_AE30
Outranked Drivers: oem169.inf:INTELAUDIO\DIF_0001&UIF_0000&CTLR_DEV_7728&LINKTYPE_03&DEVTYPE_00&VEN_8086&DEV_AE30:00FF2000
Device Updated: true
Parent Device: INTELAUDIO\DSP_CTLR_DEV_7728&VEN_8086&DEV_0222&SUBSYS_0CE81028&REV_0000\4&417d3cc&0&0800DIF_000B&UIF_0000"
"16-06-2026 09:37:32","400","Information","Microsoft-Windows-Kernel-PnP","Device INTELAUDIO\DIF_0000&UIF_0000&CTLR_DEV_7728&VEN_8086&DetectionVerification\5&32640736&0&DIF_0000&UIF_0000 was configured.

Driver Name: null
Driver Package ID: null
Class GUID: {00000000-0000-0000-0000-000000000000}
Driver Date: 
Driver Version: 
Driver Provider: 
Driver Section: 
Driver Rank: 0x0
Matching Device ID: 
Outranked Drivers: 
Device Updated: true
Parent Device: INTELAUDIO\DSP_CTLR_DEV_7728&VEN_8086&DEV_0222&SUBSYS_0CE81028&REV_0000\4&417d3cc&0&0800DIF_000B&UIF_0000"
"16-06-2026 09:37:28","400","Information","Microsoft-Windows-Kernel-PnP","Device INTELAUDIO\DIF_0001&UIF_0001&CTLR_DEV_7728&LINKTYPE_05&DEVTYPE_05&VEN_8086&DEV_AE35&SUBSYS_0CE81028&REV_0001\5&32640736&0&0500DIF_000B&UIF_0001 was configured.

Driver Name: null
Driver Package ID: null
Class GUID: {00000000-0000-0000-0000-000000000000}
Driver Date: 
Driver Version: 
Driver Provider: 
Driver Section: 
Driver Rank: 0x0
Matching Device ID: 
Outranked Drivers: 
Device Updated: true
Parent Device: INTELAUDIO\DSP_CTLR_DEV_7728&VEN_8086&DEV_0222&SUBSYS_0CE81028&REV_0000\4&417d3cc&0&0800DIF_000B&UIF_0000"
"16-06-2026 09:37:26","410","Information","Microsoft-Windows-Kernel-PnP","Device {F67B0BEA-BDB7-47D3-9131-75877CDE0ED4}\Streaming_HeadsetMic&CP_{3150650d-56d6-11f1-a26a-a95a57ce4523}\6&24274c2a&0 was started.

Driver Name: oem249.inf
Class GUID: {4d36e96c-e325-11ce-bfc1-08002be10318}
Service: 
Lower Filters: 
Upper Filters: "
"16-06-2026 09:37:25","400","Information","Microsoft-Windows-Kernel-PnP","Device {F67B0BEA-BDB7-47D3-9131-75877CDE0ED4}\Streaming_HeadsetMic&CP_{3150650d-56d6-11f1-a26a-a95a57ce4523}\6&24274c2a&0 was configured.

Driver Name: oem249.inf
Driver Package ID: intcstreaming.inf_amd64_1eb6a4b7cbddf431
Class GUID: {4d36e96c-e325-11ce-bfc1-08002be10318}
Driver Date: 12/18/2024
Driver Version: 20.40.11684.4
Driver Provider: Intel
Driver Section: Audio_Child_Device.NT
Driver Rank: 0xFF0001
Matching Device ID: {F67B0BEA-BDB7-47D3-9131-75877CDE0ED4}\Streaming_HeadsetMic
Outranked Drivers: oem100.inf:{F67B0BEA-BDB7-47D3-9131-75877CDE0ED4}\Streaming_HeadsetMic:00FF0001
Device Updated: true
Parent Device: INTELAUDIO\DIF_0001&UIF_0001&CTLR_DEV_7728&LINKTYPE_05&DEVTYPE_05&VEN_8086&DEV_AE35&SUBSYS_0CE81028&REV_0001\5&32640736&0&0500DIF_000B&UIF_0001"
"16-06-2026 09:37:25","410","Information","Microsoft-Windows-Kernel-PnP","Device {F67B0BEA-BDB7-47D3-9131-75877CDE0ED4}\Streaming_MicrophoneArray&CP_{315065bf-56d6-11f1-a26a-a95a57ce4523}\6&24274c2a&0 was started.

Driver Name: oem249.inf
Class GUID: {4d36e96c-e325-11ce-bfc1-08002be10318}
Service: 
Lower Filters: 
Upper Filters: "
"16-06-2026 09:37:25","400","Information","Microsoft-Windows-Kernel-PnP","Device {F67B0BEA-BDB7-47D3-9131-75877CDE0ED4}\Streaming_MicrophoneArray&CP_{315065bf-56d6-11f1-a26a-a95a57ce4523}\6&24274c2a&0 was configured.

Driver Name: oem249.inf
Driver Package ID: intcstreaming.inf_amd64_1eb6a4b7cbddf431
Class GUID: {4d36e96c-e325-11ce-bfc1-08002be10318}
Driver Date: 12/18/2024
Driver Version: 20.40.11684.4
Driver Provider: Intel
Driver Section: Audio_Child_Device.NT
Driver Rank: 0xFF0001
Matching Device ID: {F67B0BEA-BDB7-47D3-9131-75877CDE0ED4}\Streaming_MicrophoneArray
Outranked Drivers: oem100.inf:{F67B0BEA-BDB7-47D3-9131-75877CDE0ED4}\Streaming_MicrophoneArray:00FF0001
Device Updated: true
Parent Device: INTELAUDIO\DIF_0001&UIF_0001&CTLR_DEV_7728&LINKTYPE_05&DEVTYPE_05&VEN_8086&DEV_AE35&SUBSYS_0CE81028&REV_0001\5&32640736&0&0500DIF_000B&UIF_0001"
"16-06-2026 09:37:24","410","Information","Microsoft-Windows-Kernel-PnP","Device {F67B0BEA-BDB7-47D3-9131-75877CDE0ED4}\Streaming_HeadsetOutput&CP_{3150650c-56d6-11f1-a26a-a95a57ce4523}\6&24274c2a&0 was started.

Driver Name: oem249.inf
Class GUID: {4d36e96c-e325-11ce-bfc1-08002be10318}
Service: 
Lower Filters: 
Upper Filters: "
"16-06-2026 09:37:24","400","Information","Microsoft-Windows-Kernel-PnP","Device {F67B0BEA-BDB7-47D3-9131-75877CDE0ED4}\Streaming_HeadsetOutput&CP_{3150650c-56d6-11f1-a26a-a95a57ce4523}\6&24274c2a&0 was configured.

Driver Name: oem249.inf
Driver Package ID: intcstreaming.inf_amd64_1eb6a4b7cbddf431
Class GUID: {4d36e96c-e325-11ce-bfc1-08002be10318}
Driver Date: 12/18/2024
Driver Version: 20.40.11684.4
Driver Provider: Intel
Driver Section: Audio_Child_Device.NT
Driver Rank: 0xFF0001
Matching Device ID: {F67B0BEA-BDB7-47D3-9131-75877CDE0ED4}\Streaming_HeadsetOutput
Outranked Drivers: oem100.inf:{F67B0BEA-BDB7-47D3-9131-75877CDE0ED4}\Streaming_HeadsetOutput:00FF0001
Device Updated: true
Parent Device: INTELAUDIO\DIF_0001&UIF_0001&CTLR_DEV_7728&LINKTYPE_05&DEVTYPE_05&VEN_8086&DEV_AE35&SUBSYS_0CE81028&REV_0001\5&32640736&0&0500DIF_000B&UIF_0001"
"16-06-2026 09:37:23","410","Information","Microsoft-Windows-Kernel-PnP","Device {F67B0BEA-BDB7-47D3-9131-75877CDE0ED4}\Streaming_Speaker&CP_{315065c5-56d6-11f1-a26a-a95a57ce4523}\6&24274c2a&0 was started.

Driver Name: oem249.inf
Class GUID: {4d36e96c-e325-11ce-bfc1-08002be10318}
Service: 
Lower Filters: 
Upper Filters: "
"16-06-2026 09:37:23","400","Information","Microsoft-Windows-Kernel-PnP","Device {F67B0BEA-BDB7-47D3-9131-75877CDE0ED4}\Streaming_Speaker&CP_{315065c5-56d6-11f1-a26a-a95a57ce4523}\6&24274c2a&0 was configured.

Driver Name: oem249.inf
Driver Package ID: intcstreaming.inf_amd64_1eb6a4b7cbddf431
Class GUID: {4d36e96c-e325-11ce-bfc1-08002be10318}
Driver Date: 12/18/2024
Driver Version: 20.40.11684.4
Driver Provider: Intel
Driver Section: Audio_Child_Device.NT
Driver Rank: 0xFF0001
Matching Device ID: {F67B0BEA-BDB7-47D3-9131-75877CDE0ED4}\Streaming_Speaker
Outranked Drivers: oem100.inf:{F67B0BEA-BDB7-47D3-9131-75877CDE0ED4}\Streaming_Speaker:00FF0001
Device Updated: true
Parent Device: INTELAUDIO\DIF_0001&UIF_0001&CTLR_DEV_7728&LINKTYPE_05&DEVTYPE_05&VEN_8086&DEV_AE35&SUBSYS_0CE81028&REV_0001\5&32640736&0&0500DIF_000B&UIF_0001"
"16-06-2026 09:37:23","410","Information","Microsoft-Windows-Kernel-PnP","Device INTELAUDIO\DIF_0001&UIF_0001&CTLR_DEV_7728&LINKTYPE_05&DEVTYPE_05&VEN_8086&DEV_AE35&SUBSYS_0CE81028&REV_0001\5&32640736&0&0500DIF_000B&UIF_0001 was started.

Driver Name: oem249.inf
Class GUID: {4d36e96c-e325-11ce-bfc1-08002be10318}
Service: IntcStreaming
Lower Filters: 
Upper Filters: "
"16-06-2026 09:37:23","400","Information","Microsoft-Windows-Kernel-PnP","Device INTELAUDIO\DIF_0001&UIF_0001&CTLR_DEV_7728&LINKTYPE_05&DEVTYPE_05&VEN_8086&DEV_AE35&SUBSYS_0CE81028&REV_0001\5&32640736&0&0500DIF_000B&UIF_0001 was configured.

Driver Name: oem260.inf
Driver Package ID: intelstreamingext_cirrus.inf_amd64_682f7a5b7f55914d
Class GUID: {e2f84ce7-8efa-411c-aa69-97454ca4cb57}
Driver Date: 12/17/2024
Driver Version: 1.13.6.313
Driver Provider: Cirrus Logic, Inc.
Driver Section: IntelACXExt
Driver Rank: 0xFF0000
Matching Device ID: INTELAUDIO\DIF_0001&UIF_0001&CTLR_DEV_7728&LINKTYPE_05&DEVTYPE_05&VEN_8086&DEV_AE35&SUBSYS_0CE81028&REV_0001
Outranked Drivers: 
Device Updated: true
Parent Device: INTELAUDIO\DSP_CTLR_DEV_7728&VEN_8086&DEV_0222&SUBSYS_0CE81028&REV_0000\4&417d3cc&0&0800DIF_000B&UIF_0000"
"16-06-2026 09:37:23","400","Information","Microsoft-Windows-Kernel-PnP","Device INTELAUDIO\DIF_0001&UIF_0001&CTLR_DEV_7728&LINKTYPE_05&DEVTYPE_05&VEN_8086&DEV_AE35&SUBSYS_0CE81028&REV_0001\5&32640736&0&0500DIF_000B&UIF_0001 was configured.

Driver Name: oem249.inf
Driver Package ID: intcstreaming.inf_amd64_1eb6a4b7cbddf431
Class GUID: {4d36e96c-e325-11ce-bfc1-08002be10318}
Driver Date: 12/18/2024
Driver Version: 20.40.11684.4
Driver Provider: Intel
Driver Section: Audio_Device.NT
Driver Rank: 0xFF2000
Matching Device ID: INTELAUDIO\DIF_0001&UIF_0001&CTLR_DEV_7728&LINKTYPE_05&DEVTYPE_05&VEN_8086&DEV_AE35
Outranked Drivers: oem100.inf:INTELAUDIO\DIF_0001&UIF_0001&CTLR_DEV_7728&LINKTYPE_05&DEVTYPE_05&VEN_8086&DEV_AE35:00FF2000
Device Updated: true
Parent Device: INTELAUDIO\DSP_CTLR_DEV_7728&VEN_8086&DEV_0222&SUBSYS_0CE81028&REV_0000\4&417d3cc&0&0800DIF_000B&UIF_0000"
"16-06-2026 09:37:20","400","Information","Microsoft-Windows-Kernel-PnP","Device INTELAUDIO\CTLR_DEV_7728&LINKTYPE_03&DEVTYPE_03&VEN_8086&DEV_AE33&SUBSYS_0CE81028&REV_0001\5&32640736&0&0301DIF_000B&UIF_0000 was configured.

Driver Name: null
Driver Package ID: null
Class GUID: {00000000-0000-0000-0000-000000000000}
Driver Date: 
Driver Version: 
Driver Provider: 
Driver Section: 
Driver Rank: 0x0
Matching Device ID: 
Outranked Drivers: 
Device Updated: true
Parent Device: INTELAUDIO\DSP_CTLR_DEV_7728&VEN_8086&DEV_0222&SUBSYS_0CE81028&REV_0000\4&417d3cc&0&0800DIF_000B&UIF_0000"
"16-06-2026 09:37:18","410","Information","Microsoft-Windows-Kernel-PnP","Device INTELAUDIO\CTLR_DEV_7728&LINKTYPE_03&DEVTYPE_03&VEN_8086&DEV_AE33&SUBSYS_0CE81028&REV_0001\5&32640736&0&0301DIF_000B&UIF_0000 was started.

Driver Name: oem51.inf
Class GUID: {4d36e96c-e325-11ce-bfc1-08002be10318}
Service: IntcBtLE
Lower Filters: 
Upper Filters: "
"16-06-2026 09:37:18","400","Information","Microsoft-Windows-Kernel-PnP","Device INTELAUDIO\CTLR_DEV_7728&LINKTYPE_03&DEVTYPE_03&VEN_8086&DEV_AE33&SUBSYS_0CE81028&REV_0001\5&32640736&0&0301DIF_000B&UIF_0000 was configured.

Driver Name: oem51.inf
Driver Package ID: intcbtle.inf_amd64_ff9509b5cd68aeea
Class GUID: {4d36e96c-e325-11ce-bfc1-08002be10318}
Driver Date: 12/18/2024
Driver Version: 20.40.11684.4
Driver Provider: Intel(R) Corporation
Driver Section: IntcBtLE_Device.NT
Driver Rank: 0xFF2000
Matching Device ID: INTELAUDIO\DIF_0001&UIF_0000&CTLR_DEV_7728&LINKTYPE_03&DEVTYPE_03&VEN_8086&DEV_AE33
Outranked Drivers: oem155.inf:INTELAUDIO\DIF_0001&UIF_0000&CTLR_DEV_7728&LINKTYPE_03&DEVTYPE_03&VEN_8086&DEV_AE33:00FF2000
Device Updated: true
Parent Device: INTELAUDIO\DSP_CTLR_DEV_7728&VEN_8086&DEV_0222&SUBSYS_0CE81028&REV_0000\4&417d3cc&0&0800DIF_000B&UIF_0000"
"16-06-2026 09:37:16","410","Information","Microsoft-Windows-Kernel-PnP","Device INTELAUDIO\DSP_CTLR_DEV_7728&VEN_8086&DEV_0222&SUBSYS_0CE81028&REV_0000\4&417d3cc&0&0800DIF_000B&UIF_0000 was started.

Driver Name: oem58.inf
Class GUID: {4d36e97d-e325-11ce-bfc1-08002be10318}
Service: IntcOED
Lower Filters: 
Upper Filters: "
"16-06-2026 09:37:15","400","Information","Microsoft-Windows-Kernel-PnP","Device INTELAUDIO\DSP_CTLR_DEV_7728&VEN_8086&DEV_0222&SUBSYS_0CE81028&REV_0000\4&417d3cc&0&0800DIF_000B&UIF_0000 was configured.

Driver Name: oem443.inf
Driver Package ID: intcoed_oemlibpath_cirrus.inf_amd64_11b19b14b736837d
Class GUID: {e2f84ce7-8efa-411c-aa69-97454ca4cb57}
Driver Date: 12/17/2024
Driver Version: 1.13.6.313
Driver Provider: Cirrus Logic, Inc.
Driver Section: IntcOEDExt_Cirrus_MTL
Driver Rank: 0xFF0001
Matching Device ID: INTELAUDIO\DSP_CTLR_DEV_7728&VEN_8086&DEV_0222&SUBSYS_0CE81028
Outranked Drivers: 
Device Updated: true
Parent Device: PCI\VEN_8086&DEV_7728&SUBSYS_0CE81028&REV_00\3&11583659&0&FB"
"16-06-2026 09:37:15","400","Information","Microsoft-Windows-Kernel-PnP","Device INTELAUDIO\DSP_CTLR_DEV_7728&VEN_8086&DEV_0222&SUBSYS_0CE81028&REV_0000\4&417d3cc&0&0800DIF_000B&UIF_0000 was configured.

Driver Name: oem58.inf
Driver Package ID: intcoed.inf_amd64_7dc2fb71793c1221
Class GUID: {4d36e97d-e325-11ce-bfc1-08002be10318}
Driver Date: 11/24/2025
Driver Version: 20.40.12446.9
Driver Provider: Intel(R) Corporation
Driver Section: IntcOED_MTL_11.NT
Driver Rank: 0xFF2000
Matching Device ID: INTELAUDIO\DIF_000B&UIF_0000&DSP_CTLR_DEV_7728&VEN_8086&DEV_0222
Outranked Drivers: oem337.inf:INTELAUDIO\DIF_000B&UIF_0000&DSP_CTLR_DEV_7728&VEN_8086&DEV_0222:00FF2000
Device Updated: true
Parent Device: PCI\VEN_8086&DEV_7728&SUBSYS_0CE81028&REV_00\3&11583659&0&FB"
"16-06-2026 09:37:10","400","Information","Microsoft-Windows-Kernel-PnP","Device PCI\VEN_8086&DEV_774C&SUBSYS_0CE81028&REV_00\3&11583659&0&40 was configured.

Driver Name: null
Driver Package ID: null
Class GUID: {00000000-0000-0000-0000-000000000000}
Driver Date: 
Driver Version: 
Driver Provider: 
Driver Section: 
Driver Rank: 0x0
Matching Device ID: 
Outranked Drivers: 
Device Updated: true
Parent Device: ACPI\PNP0A08\0"
"15-06-2026 18:52:09","410","Information","Microsoft-Windows-Kernel-PnP","Device USB\VID_0BDA&PID_8153\001000001 was started.

Driver Name: oem516.inf
Class GUID: {4d36e972-e325-11ce-bfc1-08002be10318}
Service: rtu53cx22x64
Lower Filters: 
Upper Filters: "
"15-06-2026 18:52:08","410","Information","Microsoft-Windows-Kernel-PnP","Device DISPLAY\DELA1C6\4&20b8d095&0&UID24648 was started.

Driver Name: oem181.inf
Class GUID: {4d36e96e-e325-11ce-bfc1-08002be10318}
Service: monitor
Lower Filters: 
Upper Filters: "
"15-06-2026 18:52:08","400","Information","Microsoft-Windows-Kernel-PnP","Device DISPLAY\DELA1C6\4&20b8d095&0&UID24648 was configured.

Driver Name: oem181.inf
Driver Package ID: p2422he.inf_amd64_a24c8afa3c6a0ece
Class GUID: {4d36e96e-e325-11ce-bfc1-08002be10318}
Driver Date: 01/28/2021
Driver Version: 1.0.0.0
Driver Provider: Dell Inc.
Driver Section: P2422HE_USB_TypeC.Install
Driver Rank: 0xFF0000
Matching Device ID: MONITOR\DELA1C6
Outranked Drivers: monitor.inf:*PNP09FF:00FF2000
Device Updated: false
Parent Device: PCI\VEN_8086&DEV_7D41&SUBSYS_0CE81028&REV_00\3&11583659&0&10"
"15-06-2026 18:52:08","410","Information","Microsoft-Windows-Kernel-PnP","Device HID\VID_0424&PID_284C&MI_01\8&2dc08571&0&0000 was started.

Driver Name: input.inf
Class GUID: {745a17a0-74d3-11d0-b6fe-00a0c90f57da}
Service: 
Lower Filters: 
Upper Filters: "
"15-06-2026 18:52:08","410","Information","Microsoft-Windows-Kernel-PnP","Device USB\VID_0424&PID_284C&MI_00\7&1839e01b&0&0000 was started.

Driver Name: winusb.inf
Class GUID: {88bae032-5a81-49f0-bc3d-a4ff138216d6}
Service: WINUSB
Lower Filters: 
Upper Filters: "
"15-06-2026 18:52:08","400","Information","Microsoft-Windows-Kernel-PnP","Device HID\VID_0424&PID_284C&MI_01\8&2dc08571&0&0000 was configured.

Driver Name: input.inf
Driver Package ID: input.inf_amd64_b70b241e639b0256
Class GUID: {745a17a0-74d3-11d0-b6fe-00a0c90f57da}
Driver Date: 06/21/2006
Driver Version: 10.0.26100.8115
Driver Provider: Microsoft
Driver Section: HID_Raw_Inst.NT
Driver Rank: 0xFF1004
Matching Device ID: HID_DEVICE_UPR:FF00-FFFF
Outranked Drivers: input.inf:HID_DEVICE:00FF1005
Device Updated: false
Parent Device: USB\VID_0424&PID_284C&MI_01\7&1839e01b&0&0001"
"15-06-2026 18:52:08","410","Information","Microsoft-Windows-Kernel-PnP","Device USB\VID_0424&PID_284C&MI_01\7&1839e01b&0&0001 was started.

Driver Name: input.inf
Class GUID: {745a17a0-74d3-11d0-b6fe-00a0c90f57da}
Service: HidUsb
Lower Filters: 
Upper Filters: "
"15-06-2026 18:52:08","400","Information","Microsoft-Windows-Kernel-PnP","Device USB\VID_0424&PID_284C&MI_01\7&1839e01b&0&0001 was configured.

Driver Name: input.inf
Driver Package ID: input.inf_amd64_b70b241e639b0256
Class GUID: {745a17a0-74d3-11d0-b6fe-00a0c90f57da}
Driver Date: 06/21/2006
Driver Version: 10.0.26100.8115
Driver Provider: Microsoft
Driver Section: HID_Inst.NT
Driver Rank: 0xFF3205
Matching Device ID: USB\Class_03
Outranked Drivers: 
Device Updated: false
Parent Device: USB\VID_0424&PID_284C\6&1b0ddc8f&0&6"
"15-06-2026 18:52:08","400","Information","Microsoft-Windows-Kernel-PnP","Device USB\VID_0424&PID_284C&MI_00\7&1839e01b&0&0000 was configured.

Driver Name: winusb.inf
Driver Package ID: winusb.inf_amd64_e3d2ed0c43a36b9a
Class GUID: {88bae032-5a81-49f0-bc3d-a4ff138216d6}
Driver Date: 06/21/2006
Driver Version: 10.0.26100.1150
Driver Provider: Microsoft
Driver Section: WINUSB.NT
Driver Rank: 0xFF2000
Matching Device ID: USB\MS_COMP_WINUSB
Outranked Drivers: 
Device Updated: false
Parent Device: USB\VID_0424&PID_284C\6&1b0ddc8f&0&6"
"15-06-2026 18:52:08","410","Information","Microsoft-Windows-Kernel-PnP","Device USB\VID_0424&PID_284C\6&1b0ddc8f&0&6 was started.

Driver Name: usb.inf
Class GUID: {36fc9e60-c465-11cf-8056-444553540000}
Service: usbccgp
Lower Filters: 
Upper Filters: "
"15-06-2026 18:52:08","400","Information","Microsoft-Windows-Kernel-PnP","Device USB\VID_0424&PID_284C\6&1b0ddc8f&0&6 was configured.

Driver Name: usb.inf
Driver Package ID: usb.inf_amd64_ca05aed6371fe9f7
Class GUID: {36fc9e60-c465-11cf-8056-444553540000}
Driver Date: 06/21/2006
Driver Version: 10.0.26100.8115
Driver Provider: Microsoft
Driver Section: Composite.Dev.NT
Driver Rank: 0xFF2006
Matching Device ID: USB\COMPOSITE
Outranked Drivers: 
Device Updated: false
Parent Device: USB\VID_0424&PID_2806\5&2dc84fba&0&2"
"15-06-2026 18:52:08","400","Information","Microsoft-Windows-Kernel-PnP","Device USB\VID_0BDA&PID_8153\001000001 was configured.

Driver Name: oem516.inf
Driver Package ID: rtu53cx22x64sta.inf_amd64_c3c6ed4c6c05d323
Class GUID: {4d36e972-e325-11ce-bfc1-08002be10318}
Driver Date: 01/13/2026
Driver Version: 1153.22.20.113
Driver Provider: Realtek
Driver Section: RTL8153BCx64.ndi.NT
Driver Rank: 0xFF0000
Matching Device ID: USB\VID_0BDA&PID_8153&REV_3100
Outranked Drivers: rtux64w10.inf:USB\VID_0BDA&PID_8153&REV_3100:00FF1000 rtucx21x64.inf:USB\VID_0BDA&PID_8153&REV_3100:00FF1000 oem105.inf:USB\VID_0BDA&PID_8153&REV_3100:00FF0000 oem383.inf:USB\VID_0BDA&PID_8153&REV_3100:00FF0000 oem262.inf:USB\VID_0BDA&PID_8153&REV_3100:00FF0000 rtucx21x64.inf:USB\VID_0BDA&PID_8153:00FF1001 rtux64w10.inf:USB\VID_0BDA&PID_8153:00FF1001 oem105.inf:USB\VID_0BDA&PID_8153:00FF0001 oem262.inf:USB\VID_0BDA&PID_8153:00FF0001 oem383.inf:USB\VID_0BDA&PID_8153:00FF0001 oem516.inf:USB\VID_0BDA&PID_8153:00FF0001
Device Updated: true
Parent Device: USB\VID_0424&PID_5806\5&266331bc&0&5"
"15-06-2026 18:52:08","410","Information","Microsoft-Windows-Kernel-PnP","Device USB\VID_0424&PID_2806\5&2dc84fba&0&2 was started.

Driver Name: usbhub3.inf
Class GUID: {36fc9e60-c465-11cf-8056-444553540000}
Service: USBHUB3
Lower Filters: 
Upper Filters: "
"15-06-2026 18:52:07","400","Information","Microsoft-Windows-Kernel-PnP","Device USB\VID_0424&PID_2806\5&2dc84fba&0&2 was configured.

Driver Name: usbhub3.inf
Driver Package ID: usbhub3.inf_amd64_df35544dedc4d060
Class GUID: {36fc9e60-c465-11cf-8056-444553540000}
Driver Date: 03/20/2026
Driver Version: 10.0.26100.8115
Driver Provider: Microsoft
Driver Section: Generic.Install.NT
Driver Rank: 0x802000
Matching Device ID: USB\USB20_HUB
Outranked Drivers: 
Device Updated: false
Parent Device: USB\ROOT_HUB30\4&2169287b&0&0"
"15-06-2026 18:52:07","411","Error","Microsoft-Windows-Kernel-PnP","Device USB\VID_0424&PID_5806\5&266331bc&0&5 had a problem starting.

Driver Name: usbhub3.inf
Class GUID: {36fc9e60-c465-11cf-8056-444553540000}
Service: USBHUB3
Lower Filters: 
Upper Filters: 
Problem: 0xA
Problem Status: 0xC0000001"
"15-06-2026 18:52:07","400","Information","Microsoft-Windows-Kernel-PnP","Device USB\VID_0424&PID_5806\5&266331bc&0&5 was configured.

Driver Name: usbhub3.inf
Driver Package ID: usbhub3.inf_amd64_df35544dedc4d060
Class GUID: {36fc9e60-c465-11cf-8056-444553540000}
Driver Date: 03/20/2026
Driver Version: 10.0.26100.8115
Driver Provider: Microsoft
Driver Section: Generic.Install.NT
Driver Rank: 0x802000
Matching Device ID: USB\USB30_HUB
Outranked Drivers: 
Device Updated: false
Parent Device: USB\ROOT_HUB30\4&2855494a&0&0"
"15-06-2026 11:30:00","410","Information","Microsoft-Windows-Kernel-PnP","Device SWD\PRINTENUM\{82F6BACE-4071-4A3C-8BEA-0425E01E8029} was started.

Driver Name: printqueue.inf
Class GUID: {1ed2bbf9-11f0-4084-b21f-ad83a8e6dcdc}
Service: 
Lower Filters: 
Upper Filters: "
"15-06-2026 11:30:00","400","Information","Microsoft-Windows-Kernel-PnP","Device SWD\PRINTENUM\{82F6BACE-4071-4A3C-8BEA-0425E01E8029} was configured.

Driver Name: printqueue.inf
Driver Package ID: printqueue.inf_amd64_044b5f13f940e7c8
Class GUID: {1ed2bbf9-11f0-4084-b21f-ad83a8e6dcdc}
Driver Date: 06/21/2006
Driver Version: 10.0.26100.1
Driver Provider: Microsoft
Driver Section: NO_DRV_LOCAL
Driver Rank: 0x1
Matching Device ID: PRINTENUM\LocalPrintQueue
Outranked Drivers: oem455.inf:{3ee39114-30b4-45a4-a109-19d4a40fcc22}:00FF0002 c_swdevice.inf:SWD\GenericRaw:00FF3001
Device Updated: false
Parent Device: SWD\PRINTENUM\PrintQueues"
"15-06-2026 11:29:59","420","Information","Microsoft-Windows-Kernel-PnP","Device SWD\PRINTENUM\{85E2E57D-8517-48E9-9C9B-352E95CCE8E2} was deleted.

Class GUID: {1ed2bbf9-11f0-4084-b21f-ad83a8e6dcdc}"
"15-06-2026 10:50:44","410","Information","Microsoft-Windows-Kernel-PnP","Device USB\VID_0BDA&PID_8153\0013000001 was started.

Driver Name: oem516.inf
Class GUID: {4d36e972-e325-11ce-bfc1-08002be10318}
Service: rtu53cx22x64
Lower Filters: 
Upper Filters: "
"15-06-2026 10:50:43","400","Information","Microsoft-Windows-Kernel-PnP","Device USB\VID_0BDA&PID_8153\0013000001 was configured.

Driver Name: oem516.inf
Driver Package ID: rtu53cx22x64sta.inf_amd64_c3c6ed4c6c05d323
Class GUID: {4d36e972-e325-11ce-bfc1-08002be10318}
Driver Date: 01/13/2026
Driver Version: 1153.22.20.113
Driver Provider: Realtek
Driver Section: RTL8153BCx64.ndi.NT
Driver Rank: 0xFF0000
Matching Device ID: USB\VID_0BDA&PID_8153&REV_3100
Outranked Drivers: rtucx21x64.inf:USB\VID_0BDA&PID_8153&REV_3100:00FF1000 rtux64w10.inf:USB\VID_0BDA&PID_8153&REV_3100:00FF1000 oem105.inf:USB\VID_0BDA&PID_8153&REV_3100:00FF0000 oem262.inf:USB\VID_0BDA&PID_8153&REV_3100:00FF0000 oem383.inf:USB\VID_0BDA&PID_8153&REV_3100:00FF0000 rtucx21x64.inf:USB\VID_0BDA&PID_8153:00FF1001 rtux64w10.inf:USB\VID_0BDA&PID_8153:00FF1001 oem105.inf:USB\VID_0BDA&PID_8153:00FF0001 oem262.inf:USB\VID_0BDA&PID_8153:00FF0001 oem383.inf:USB\VID_0BDA&PID_8153:00FF0001 oem516.inf:USB\VID_0BDA&PID_8153:00FF0001
Device Updated: false
Parent Device: USB\VID_0424&PID_2806\5&2dc84fba&0&1"
"15-06-2026 10:50:42","430","Information","Microsoft-Windows-Kernel-PnP","Device USB\VID_0BDA&PID_8153\0013000001 requires further installation."
"15-06-2026 09:08:29","410","Information","Microsoft-Windows-Kernel-PnP","Device INTELAUDIO\DSP_CTLR_DEV_7728&VEN_8086&DEV_0222&SUBSYS_0CE81028&REV_0000\4&417d3cc&0&0800DIF_000B&UIF_0000 was started.

Driver Name: oem58.inf
Class GUID: {4d36e97d-e325-11ce-bfc1-08002be10318}
Service: IntcOED
Lower Filters: 
Upper Filters: "
"15-06-2026 09:08:28","430","Information","Microsoft-Windows-Kernel-PnP","Device HDAUDIO\SGPC_FUNC_01&VEN_8086&DEV_281D&SUBSYS_80860101&REV_1000\4&417d3cc&0&0201DIF_000B&UIF_0000 requires further installation."
"15-06-2026 09:08:28","400","Information","Microsoft-Windows-Kernel-PnP","Device INTELAUDIO\DSP_CTLR_DEV_7728&VEN_8086&DEV_0222&SUBSYS_0CE81028&REV_0000\4&417d3cc&0&0800DIF_000B&UIF_0000 was configured.

Driver Name: oem520.inf
Driver Package ID: intelmvaextension.inf_amd64_86623c218d777ae9
Class GUID: {e2f84ce7-8efa-411c-aa69-97454ca4cb57}
Driver Date: 02/02/2026
Driver Version: 1.0.4138.0
Driver Provider: Intel(R) Corporation
Driver Section: IntelMva.NT
Driver Rank: 0xFF2002
Matching Device ID: INTELAUDIO\DSP_CTLR_DEV_EXT_7728&VEN_8086&DEV_0222
Outranked Drivers: 
Device Updated: true
Parent Device: PCI\VEN_8086&DEV_7728&SUBSYS_0CE81028&REV_00\3&11583659&0&FB"
"15-06-2026 09:08:28","400","Information","Microsoft-Windows-Kernel-PnP","Device INTELAUDIO\DSP_CTLR_DEV_7728&VEN_8086&DEV_0222&SUBSYS_0CE81028&REV_0000\4&417d3cc&0&0800DIF_000B&UIF_0000 was configured.

Driver Name: oem443.inf
Driver Package ID: intcoed_oemlibpath_cirrus.inf_amd64_11b19b14b736837d
Class GUID: {e2f84ce7-8efa-411c-aa69-97454ca4cb57}
Driver Date: 12/17/2024
Driver Version: 1.13.6.313
Driver Provider: Cirrus Logic, Inc.
Driver Section: IntcOEDExt_Cirrus_MTL
Driver Rank: 0xFF0001
Matching Device ID: INTELAUDIO\DSP_CTLR_DEV_7728&VEN_8086&DEV_0222&SUBSYS_0CE81028
Outranked Drivers: 
Device Updated: true
Parent Device: PCI\VEN_8086&DEV_7728&SUBSYS_0CE81028&REV_00\3&11583659&0&FB"
"15-06-2026 09:08:28","400","Information","Microsoft-Windows-Kernel-PnP","Device INTELAUDIO\DSP_CTLR_DEV_7728&VEN_8086&DEV_0222&SUBSYS_0CE81028&REV_0000\4&417d3cc&0&0800DIF_000B&UIF_0000 was configured.

Driver Name: oem58.inf
Driver Package ID: intcoed.inf_amd64_7dc2fb71793c1221
Class GUID: {4d36e97d-e325-11ce-bfc1-08002be10318}
Driver Date: 11/24/2025
Driver Version: 20.40.12446.9
Driver Provider: Intel(R) Corporation
Driver Section: IntcOED_MTL_11.NT
Driver Rank: 0xFF2000
Matching Device ID: INTELAUDIO\DIF_000B&UIF_0000&DSP_CTLR_DEV_7728&VEN_8086&DEV_0222
Outranked Drivers: oem337.inf:INTELAUDIO\DIF_000B&UIF_0000&DSP_CTLR_DEV_7728&VEN_8086&DEV_0222:00FF2000
Device Updated: true
Parent Device: PCI\VEN_8086&DEV_7728&SUBSYS_0CE81028&REV_00\3&11583659&0&FB"
"09-06-2026 15:00:09","411","Error","Microsoft-Windows-Kernel-PnP","Device USB\VID_0000&PID_0002\5&2dc84fba&0&7 had a problem starting.

Driver Name: usb.inf
Class GUID: {36fc9e60-c465-11cf-8056-444553540000}
Service: 
Lower Filters: 
Upper Filters: 
Problem: 0x2B
Problem Status: 0x0"
"09-06-2026 15:00:09","400","Information","Microsoft-Windows-Kernel-PnP","Device USB\VID_0000&PID_0002\5&2dc84fba&0&7 was configured.

Driver Name: usb.inf
Driver Package ID: usb.inf_amd64_ca05aed6371fe9f7
Class GUID: {36fc9e60-c465-11cf-8056-444553540000}
Driver Date: 06/21/2006
Driver Version: 10.0.26100.8115
Driver Provider: Microsoft
Driver Section: BADDEVICE.Dev.NT
Driver Rank: 0xFF0000
Matching Device ID: USB\DEVICE_DESCRIPTOR_FAILURE
Outranked Drivers: usb.inf:USB\DEVICE_DESCRIPTOR_FAILURE:00FF2000
Device Updated: false
Parent Device: USB\ROOT_HUB30\4&2169287b&0&0"
"09-06-2026 11:14:48","410","Information","Microsoft-Windows-Kernel-PnP","Device SWD\MMDEVAPI\{0.0.0.00000000}.{0ec42eb5-fdde-4461-badb-c7a3b929d68c} was started.

Driver Name: audioendpoint.inf
Class GUID: {c166523c-fe0c-4a94-a586-f1a80cfbbf3e}
Service: 
Lower Filters: 
Upper Filters: "
"09-06-2026 11:14:48","400","Information","Microsoft-Windows-Kernel-PnP","Device SWD\MMDEVAPI\{0.0.0.00000000}.{0ec42eb5-fdde-4461-badb-c7a3b929d68c} was configured.

Driver Name: audioendpoint.inf
Driver Package ID: audioendpoint.inf_amd64_271c4d03bad18da8
Class GUID: {c166523c-fe0c-4a94-a586-f1a80cfbbf3e}
Driver Date: 03/31/2024
Driver Version: 10.0.26100.1
Driver Provider: Microsoft
Driver Section: NO_DRV
Driver Rank: 0xFF0000
Matching Device ID: MMDEVAPI\AudioEndpoints
Outranked Drivers: c_swdevice.inf:SWD\GenericRaw:00FF3001
Device Updated: false
Parent Device: HDAUDIO\SUBFUNC_01&VEN_8086&DEV_281D&NID_0001&SUBSYS_00000000&REV_1000\6&2d9a5e4c&0&0002&00000015"
"09-06-2026 11:14:47","410","Information","Microsoft-Windows-Kernel-PnP","Device HDAUDIO\SUBFUNC_01&VEN_8086&DEV_281D&NID_0001&SUBSYS_00000000&REV_1000\6&2d9a5e4c&0&0002&00000015 was started.

Driver Name: oem346.inf
Class GUID: {4d36e96c-e325-11ce-bfc1-08002be10318}
Service: 
Lower Filters: 
Upper Filters: "
"09-06-2026 11:14:47","400","Information","Microsoft-Windows-Kernel-PnP","Device HDAUDIO\SUBFUNC_01&VEN_8086&DEV_281D&NID_0001&SUBSYS_00000000&REV_1000\6&2d9a5e4c&0&0002&00000015 was configured.

Driver Name: oem346.inf
Driver Package ID: mshdadac.inf_amd64_a75c1fc7e527ee75
Class GUID: {4d36e96c-e325-11ce-bfc1-08002be10318}
Driver Date: 04/16/2026
Driver Version: 32.0.101.8724
Driver Provider: Intel Corporation
Driver Section: Audio_Child_Device_Wrapper.NT
Driver Rank: 0xFF3008
Matching Device ID: HDAUDIO\SUBFUNC_01&VEN_8086&DEV_281D
Outranked Drivers: oem484.inf:HDAUDIO\SUBFUNC_01&VEN_8086&DEV_281D:00FF3008
Device Updated: false
Parent Device: INTELAUDIO\SGPC_FUNC_01&VEN_8086&DEV_281D&SUBSYS_80860101&REV_1000\5&32640736&0&0201DIF_000B&UIF_0000"
"09-06-2026 11:14:47","410","Information","Microsoft-Windows-Kernel-PnP","Device DISPLAY\TSB2345\4&20b8d095&0&UID4145 was started.

Driver Name: monitor.inf
Class GUID: {4d36e96e-e325-11ce-bfc1-08002be10318}
Service: monitor
Lower Filters: 
Upper Filters: "
"09-06-2026 11:14:47","400","Information","Microsoft-Windows-Kernel-PnP","Device DISPLAY\TSB2345\4&20b8d095&0&UID4145 was configured.

Driver Name: monitor.inf
Driver Package ID: monitor.inf_amd64_f34c845bb3958726
Class GUID: {4d36e96e-e325-11ce-bfc1-08002be10318}
Driver Date: 06/21/2006
Driver Version: 10.0.26100.7309
Driver Provider: Microsoft
Driver Section: PnPMonitor.Install
Driver Rank: 0xFF2000
Matching Device ID: *PNP09FF
Outranked Drivers: 
Device Updated: false
Parent Device: PCI\VEN_8086&DEV_7D41&SUBSYS_0CE81028&REV_00\3&11583659&0&10"
"08-06-2026 19:03:42","410","Information","Microsoft-Windows-Kernel-PnP","Device HID\VID_248D&PID_8003\8&e289f5c&0&0000 was started.

Driver Name: keyboard.inf
Class GUID: {4d36e96b-e325-11ce-bfc1-08002be10318}
Service: kbdhid
Lower Filters: 
Upper Filters: "
"08-06-2026 19:03:42","400","Information","Microsoft-Windows-Kernel-PnP","Device HID\VID_248D&PID_8003\8&e289f5c&0&0000 was configured.

Driver Name: keyboard.inf
Driver Package ID: keyboard.inf_amd64_c56788078819b951
Class GUID: {4d36e96b-e325-11ce-bfc1-08002be10318}
Driver Date: 06/21/2006
Driver Version: 10.0.26100.1882
Driver Provider: Microsoft
Driver Section: HID_Keyboard_Inst.NT
Driver Rank: 0xFF1003
Matching Device ID: HID_DEVICE_SYSTEM_KEYBOARD
Outranked Drivers: input.inf:HID_DEVICE:00FF1005
Device Updated: false
Parent Device: USB\VID_248D&PID_8003\7&a758d7d&0&3"
"08-06-2026 19:03:42","410","Information","Microsoft-Windows-Kernel-PnP","Device USB\VID_248D&PID_8003\7&a758d7d&0&3 was started.

Driver Name: input.inf
Class GUID: {745a17a0-74d3-11d0-b6fe-00a0c90f57da}
Service: HidUsb
Lower Filters: 
Upper Filters: "
"08-06-2026 19:03:42","400","Information","Microsoft-Windows-Kernel-PnP","Device USB\VID_248D&PID_8003\7&a758d7d&0&3 was configured.

Driver Name: input.inf
Driver Package ID: input.inf_amd64_b70b241e639b0256
Class GUID: {745a17a0-74d3-11d0-b6fe-00a0c90f57da}
Driver Date: 06/21/2006
Driver Version: 10.0.26100.8115
Driver Provider: Microsoft
Driver Section: HID_Inst.NT
Driver Rank: 0xFF3104
Matching Device ID: USB\Class_03&SubClass_01
Outranked Drivers: input.inf:USB\Class_03:00FF3205
Device Updated: false
Parent Device: USB\VID_0424&PID_4216\6&27c8c08e&0&4"
"08-06-2026 18:44:39","410","Information","Microsoft-Windows-Kernel-PnP","Device USB\VID_0BDA&PID_8153\0033000001 was started.

Driver Name: oem518.inf
Class GUID: {4d36e972-e325-11ce-bfc1-08002be10318}
Service: rtu56cx22x64
Lower Filters: 
Upper Filters: "
"08-06-2026 18:44:36","400","Information","Microsoft-Windows-Kernel-PnP","Device USB\VID_0BDA&PID_8153\0033000001 was configured.

Driver Name: oem518.inf
Driver Package ID: rtu56cx22x64sta.inf_amd64_4630334b9b0b982d
Class GUID: {4d36e972-e325-11ce-bfc1-08002be10318}
Driver Date: 01/13/2026
Driver Version: 1156.22.20.113
Driver Provider: Realtek
Driver Section: RTL8153Dx64.ndi.NT
Driver Rank: 0xFF0000
Matching Device ID: USB\VID_0BDA&PID_8153&REV_3300
Outranked Drivers: rtucx21x64.inf:USB\VID_0BDA&PID_8153&REV_3300:00FF1000 oem78.inf:USB\VID_0BDA&PID_8153&REV_3300:00FF0000 oem238.inf:USB\VID_0BDA&PID_8153&REV_3300:00FF0000 oem275.inf:USB\VID_0BDA&PID_8153&REV_3300:00FF0000 rtucx21x64.inf:USB\VID_0BDA&PID_8153:00FF1001 rtux64w10.inf:USB\VID_0BDA&PID_8153:00FF1001 oem105.inf:USB\VID_0BDA&PID_8153:00FF0001 oem262.inf:USB\VID_0BDA&PID_8153:00FF0001 oem383.inf:USB\VID_0BDA&PID_8153:00FF0001 oem516.inf:USB\VID_0BDA&PID_8153:00FF0001
Device Updated: true
Parent Device: USB\VID_0424&PID_7216\6&2f275b41&0&4"
"08-06-2026 18:44:35","430","Information","Microsoft-Windows-Kernel-PnP","Device USB\VID_0BDA&PID_8153\0033000001 requires further installation."
"08-06-2026 17:04:21","410","Information","Microsoft-Windows-Kernel-PnP","Device PCI\VEN_8086&DEV_7D0B&SUBSYS_0CE81028&REV_00\3&11583659&0&70 was started.

Driver Name: oem512.inf
Class GUID: {4d36e97b-e325-11ce-bfc1-08002be10318}
Service: iaStorVD
Lower Filters: 
Upper Filters: "
"08-06-2026 17:04:16","410","Information","Microsoft-Windows-Kernel-PnP","Device SWD\DRIVERENUM\{8541b81c-193b-4f91-a86b-53df20c1974b}#RstHsa&4&2f520e81&0 was started.

Driver Name: oem514.inf
Class GUID: {5c4c3332-344d-483c-8739-259e934c9cc8}
Service: 
Lower Filters: 
Upper Filters: "
"08-06-2026 17:04:15","400","Information","Microsoft-Windows-Kernel-PnP","Device SWD\DRIVERENUM\{8541b81c-193b-4f91-a86b-53df20c1974b}#RstHsa&4&2f520e81&0 was configured.

Driver Name: oem514.inf
Driver Package ID: iastorhsacomponent.inf_amd64_495314391ea47070
Class GUID: {5c4c3332-344d-483c-8739-259e934c9cc8}
Driver Date: 04/02/2026
Driver Version: 20.2.13.1038
Driver Provider: Intel Corporation
Driver Section: RstHsaComponent_install.NTamd64
Driver Rank: 0xFF0000
Matching Device ID: SWC\VID8086&SW_RstHSA_19_0
Outranked Drivers: oem153.inf:SWC\VID8086&SW_RstHSA_19_0:00FF0000 oem365.inf:SWC\VID8086&SW_RstHSA_19_0:00FF0000 oem441.inf:SWC\VID8086&SW_RstHSA_19_0:00FF0000 c_swcomponent.inf:SWC\Generic:00FF3000 c_swdevice.inf:SWD\GenericRaw:00FF3001
Device Updated: true
Parent Device: PCI\VEN_8086&DEV_7D0B&SUBSYS_0CE81028&REV_00\3&11583659&0&70"
