"05-08-2026 17:48:13","105","Information","Microsoft-Windows-Diagnosis-DPS","Diagnostic module {45de1ea9-10bc-4f96-9b21-4b6b83dbf476} (%windir%\system32\radardt.dll) started troubleshooting scenario {180b3a99-8c39-4f12-b631-2031998efe45}, instance {dd44ca2c-a12c-4a49-92b4-0cdfabdbabc1}, original activity ID {00000000-0000-0000-0000-000000000000}."
"05-08-2026 17:48:13","100","Information","Microsoft-Windows-Diagnosis-DPS","Diagnostic module {45de1ea9-10bc-4f96-9b21-4b6b83dbf476} (%windir%\system32\radardt.dll) detected a problem for scenario {180b3a99-8c39-4f12-b631-2031998efe45}, instance {dd44ca2c-a12c-4a49-92b4-0cdfabdbabc1}, original activity ID {00000000-0000-0000-0000-000000000000}."
"05-08-2026 17:43:13","105","Information","Microsoft-Windows-Diagnosis-DPS","Diagnostic module {45de1ea9-10bc-4f96-9b21-4b6b83dbf476} (%windir%\system32\radardt.dll) started troubleshooting scenario {180b3a99-8c39-4f12-b631-2031998efe45}, instance {e6e4ee68-0c0e-4a9e-8db6-69e1d9af7be8}, original activity ID {00000000-0000-0000-0000-000000000000}."
"05-08-2026 17:43:13","100","Information","Microsoft-Windows-Diagnosis-DPS","Diagnostic module {45de1ea9-10bc-4f96-9b21-4b6b83dbf476} (%windir%\system32\radardt.dll) detected a problem for scenario {180b3a99-8c39-4f12-b631-2031998efe45}, instance {e6e4ee68-0c0e-4a9e-8db6-69e1d9af7be8}, original activity ID {00000000-0000-0000-0000-000000000000}."
"05-08-2026 17:38:13","105","Information","Microsoft-Windows-Diagnosis-DPS","Diagnostic module {45de1ea9-10bc-4f96-9b21-4b6b83dbf476} (%windir%\system32\radardt.dll) started troubleshooting scenario {180b3a99-8c39-4f12-b631-2031998efe45}, instance {fcf30496-931a-4aad-875c-34dbe5da530c}, original activity ID {00000000-0000-0000-0000-000000000000}."
"05-08-2026 17:38:13","100","Information","Microsoft-Windows-Diagnosis-DPS","Diagnostic module {45de1ea9-10bc-4f96-9b21-4b6b83dbf476} (%windir%\system32\radardt.dll) detected a problem for scenario {180b3a99-8c39-4f12-b631-2031998efe45}, instance {fcf30496-931a-4aad-875c-34dbe5da530c}, original activity ID {00000000-0000-0000-0000-000000000000}."
"05-08-2026 17:33:13","105","Information","Microsoft-Windows-Diagnosis-DPS","Diagnostic module {45de1ea9-10bc-4f96-9b21-4b6b83dbf476} (%windir%\system32\radardt.dll) started troubleshooting scenario {180b3a99-8c39-4f12-b631-2031998efe45}, instance {c74f665c-1d23-4b99-b8ef-586f25b0c626}, original activity ID {00000000-0000-0000-0000-000000000000}."
"05-08-2026 17:33:13","100","Information","Microsoft-Windows-Diagnosis-DPS","Diagnostic module {45de1ea9-10bc-4f96-9b21-4b6b83dbf476} (%windir%\system32\radardt.dll) detected a problem for scenario {180b3a99-8c39-4f12-b631-2031998efe45}, instance {c74f665c-1d23-4b99-b8ef-586f25b0c626}, original activity ID {00000000-0000-0000-0000-000000000000}."
"05-08-2026 17:28:13","105","Information","Microsoft-Windows-Diagnosis-DPS","Diagnostic module {45de1ea9-10bc-4f96-9b21-4b6b83dbf476} (%windir%\system32\radardt.dll) started troubleshooting scenario {180b3a99-8c39-4f12-b631-2031998efe45}, instance {786f3798-8fac-49c7-9ff4-159f56384b9f}, original activity ID {00000000-0000-0000-0000-000000000000}."
"05-08-2026 17:28:13","100","Information","Microsoft-Windows-Diagnosis-DPS","Diagnostic module {45de1ea9-10bc-4f96-9b21-4b6b83dbf476} (%windir%\system32\radardt.dll) detected a problem for scenario {180b3a99-8c39-4f12-b631-2031998efe45}, instance {786f3798-8fac-49c7-9ff4-159f56384b9f}, original activity ID {00000000-0000-0000-0000-000000000000}."
"05-08-2026 17:23:13","105","Information","Microsoft-Windows-Diagnosis-DPS","Diagnostic module {45de1ea9-10bc-4f96-9b21-4b6b83dbf476} (%windir%\system32\radardt.dll) started troubleshooting scenario {180b3a99-8c39-4f12-b631-2031998efe45}, instance {cb29ac45-fdbe-4959-99d3-557d171807a6}, original activity ID {00000000-0000-0000-0000-000000000000}."
"05-08-2026 17:23:13","100","Information","Microsoft-Windows-Diagnosis-DPS","Diagnostic module {45de1ea9-10bc-4f96-9b21-4b6b83dbf476} (%windir%\system32\radardt.dll) detected a problem for scenario {180b3a99-8c39-4f12-b631-2031998efe45}, instance {cb29ac45-fdbe-4959-99d3-557d171807a6}, original activity ID {00000000-0000-0000-0000-000000000000}."
"05-08-2026 17:18:13","105","Information","Microsoft-Windows-Diagnosis-DPS","Diagnostic module {45de1ea9-10bc-4f96-9b21-4b6b83dbf476} (%windir%\system32\radardt.dll) started troubleshooting scenario {180b3a99-8c39-4f12-b631-2031998efe45}, instance {8ef2418a-37bd-445e-9496-396d95a36b4c}, original activity ID {00000000-0000-0000-0000-000000000000}."
"05-08-2026 17:18:13","100","Information","Microsoft-Windows-Diagnosis-DPS","Diagnostic module {45de1ea9-10bc-4f96-9b21-4b6b83dbf476} (%windir%\system32\radardt.dll) detected a problem for scenario {180b3a99-8c39-4f12-b631-2031998efe45}, instance {8ef2418a-37bd-445e-9496-396d95a36b4c}, original activity ID {00000000-0000-0000-0000-000000000000}."
"05-08-2026 17:13:13","105","Information","Microsoft-Windows-Diagnosis-DPS","Diagnostic module {45de1ea9-10bc-4f96-9b21-4b6b83dbf476} (%windir%\system32\radardt.dll) started troubleshooting scenario {180b3a99-8c39-4f12-b631-2031998efe45}, instance {92a00674-c58b-470e-afac-1fa379b97315}, original activity ID {00000000-0000-0000-0000-000000000000}."
"05-08-2026 17:13:13","100","Information","Microsoft-Windows-Diagnosis-DPS","Diagnostic module {45de1ea9-10bc-4f96-9b21-4b6b83dbf476} (%windir%\system32\radardt.dll) detected a problem for scenario {180b3a99-8c39-4f12-b631-2031998efe45}, instance {92a00674-c58b-470e-afac-1fa379b97315}, original activity ID {00000000-0000-0000-0000-000000000000}."
"05-08-2026 17:08:13","105","Information","Microsoft-Windows-Diagnosis-DPS","Diagnostic module {45de1ea9-10bc-4f96-9b21-4b6b83dbf476} (%windir%\system32\radardt.dll) started troubleshooting scenario {180b3a99-8c39-4f12-b631-2031998efe45}, instance {fb2237b9-18f6-419f-b11f-e30511242fb4}, original activity ID {00000000-0000-0000-0000-000000000000}."
"05-08-2026 17:08:13","100","Information","Microsoft-Windows-Diagnosis-DPS","Diagnostic module {45de1ea9-10bc-4f96-9b21-4b6b83dbf476} (%windir%\system32\radardt.dll) detected a problem for scenario {180b3a99-8c39-4f12-b631-2031998efe45}, instance {fb2237b9-18f6-419f-b11f-e30511242fb4}, original activity ID {00000000-0000-0000-0000-000000000000}."
"05-08-2026 17:03:13","105","Information","Microsoft-Windows-Diagnosis-DPS","Diagnostic module {45de1ea9-10bc-4f96-9b21-4b6b83dbf476} (%windir%\system32\radardt.dll) started troubleshooting scenario {180b3a99-8c39-4f12-b631-2031998efe45}, instance {3283392e-5459-4ea7-9ec1-fc2bd46f1327}, original activity ID {00000000-0000-0000-0000-000000000000}."
"05-08-2026 17:03:13","100","Information","Microsoft-Windows-Diagnosis-DPS","Diagnostic module {45de1ea9-10bc-4f96-9b21-4b6b83dbf476} (%windir%\system32\radardt.dll) detected a problem for scenario {180b3a99-8c39-4f12-b631-2031998efe45}, instance {3283392e-5459-4ea7-9ec1-fc2bd46f1327}, original activity ID {00000000-0000-0000-0000-000000000000}."
"05-08-2026 16:58:13","105","Information","Microsoft-Windows-Diagnosis-DPS","Diagnostic module {45de1ea9-10bc-4f96-9b21-4b6b83dbf476} (%windir%\system32\radardt.dll) started troubleshooting scenario {180b3a99-8c39-4f12-b631-2031998efe45}, instance {7b629ae9-7170-4092-9b73-3ed8a7be3db9}, original activity ID {00000000-0000-0000-0000-000000000000}."
"05-08-2026 16:58:13","100","Information","Microsoft-Windows-Diagnosis-DPS","Diagnostic module {45de1ea9-10bc-4f96-9b21-4b6b83dbf476} (%windir%\system32\radardt.dll) detected a problem for scenario {180b3a99-8c39-4f12-b631-2031998efe45}, instance {7b629ae9-7170-4092-9b73-3ed8a7be3db9}, original activity ID {00000000-0000-0000-0000-000000000000}."
"05-08-2026 16:53:12","105","Information","Microsoft-Windows-Diagnosis-DPS","Diagnostic module {45de1ea9-10bc-4f96-9b21-4b6b83dbf476} (%windir%\system32\radardt.dll) started troubleshooting scenario {180b3a99-8c39-4f12-b631-2031998efe45}, instance {e06ccb68-02f9-40e0-a8e0-a09bce946e44}, original activity ID {00000000-0000-0000-0000-000000000000}."
"05-08-2026 16:53:12","100","Information","Microsoft-Windows-Diagnosis-DPS","Diagnostic module {45de1ea9-10bc-4f96-9b21-4b6b83dbf476} (%windir%\system32\radardt.dll) detected a problem for scenario {180b3a99-8c39-4f12-b631-2031998efe45}, instance {e06ccb68-02f9-40e0-a8e0-a09bce946e44}, original activity ID {00000000-0000-0000-0000-000000000000}."
"05-08-2026 16:48:12","105","Information","Microsoft-Windows-Diagnosis-DPS","Diagnostic module {45de1ea9-10bc-4f96-9b21-4b6b83dbf476} (%windir%\system32\radardt.dll) started troubleshooting scenario {180b3a99-8c39-4f12-b631-2031998efe45}, instance {6a66fe69-d106-4512-92ae-463e723e66a0}, original activity ID {00000000-0000-0000-0000-000000000000}."
"05-08-2026 16:48:12","100","Information","Microsoft-Windows-Diagnosis-DPS","Diagnostic module {45de1ea9-10bc-4f96-9b21-4b6b83dbf476} (%windir%\system32\radardt.dll) detected a problem for scenario {180b3a99-8c39-4f12-b631-2031998efe45}, instance {6a66fe69-d106-4512-92ae-463e723e66a0}, original activity ID {00000000-0000-0000-0000-000000000000}."
"05-08-2026 16:43:12","105","Information","Microsoft-Windows-Diagnosis-DPS","Diagnostic module {45de1ea9-10bc-4f96-9b21-4b6b83dbf476} (%windir%\system32\radardt.dll) started troubleshooting scenario {180b3a99-8c39-4f12-b631-2031998efe45}, instance {524657e7-c938-4b66-98c5-53a98211a101}, original activity ID {00000000-0000-0000-0000-000000000000}."
"05-08-2026 16:43:12","100","Information","Microsoft-Windows-Diagnosis-DPS","Diagnostic module {45de1ea9-10bc-4f96-9b21-4b6b83dbf476} (%windir%\system32\radardt.dll) detected a problem for scenario {180b3a99-8c39-4f12-b631-2031998efe45}, instance {524657e7-c938-4b66-98c5-53a98211a101}, original activity ID {00000000-0000-0000-0000-000000000000}."
"05-08-2026 16:38:12","105","Information","Microsoft-Windows-Diagnosis-DPS","Diagnostic module {45de1ea9-10bc-4f96-9b21-4b6b83dbf476} (%windir%\system32\radardt.dll) started troubleshooting scenario {180b3a99-8c39-4f12-b631-2031998efe45}, instance {e026f918-ed70-4cdb-afd7-fdf9862f8999}, original activity ID {00000000-0000-0000-0000-000000000000}."
"05-08-2026 16:38:12","100","Information","Microsoft-Windows-Diagnosis-DPS","Diagnostic module {45de1ea9-10bc-4f96-9b21-4b6b83dbf476} (%windir%\system32\radardt.dll) detected a problem for scenario {180b3a99-8c39-4f12-b631-2031998efe45}, instance {e026f918-ed70-4cdb-afd7-fdf9862f8999}, original activity ID {00000000-0000-0000-0000-000000000000}."
"05-08-2026 16:33:12","105","Information","Microsoft-Windows-Diagnosis-DPS","Diagnostic module {45de1ea9-10bc-4f96-9b21-4b6b83dbf476} (%windir%\system32\radardt.dll) started troubleshooting scenario {180b3a99-8c39-4f12-b631-2031998efe45}, instance {c64e0b66-1626-4001-b344-613fce1de8da}, original activity ID {00000000-0000-0000-0000-000000000000}."
"05-08-2026 16:33:12","100","Information","Microsoft-Windows-Diagnosis-DPS","Diagnostic module {45de1ea9-10bc-4f96-9b21-4b6b83dbf476} (%windir%\system32\radardt.dll) detected a problem for scenario {180b3a99-8c39-4f12-b631-2031998efe45}, instance {c64e0b66-1626-4001-b344-613fce1de8da}, original activity ID {00000000-0000-0000-0000-000000000000}."
"05-08-2026 16:28:12","105","Information","Microsoft-Windows-Diagnosis-DPS","Diagnostic module {45de1ea9-10bc-4f96-9b21-4b6b83dbf476} (%windir%\system32\radardt.dll) started troubleshooting scenario {180b3a99-8c39-4f12-b631-2031998efe45}, instance {de756ca7-4c51-42a2-8925-cac1fffe8240}, original activity ID {00000000-0000-0000-0000-000000000000}."
"05-08-2026 16:28:12","100","Information","Microsoft-Windows-Diagnosis-DPS","Diagnostic module {45de1ea9-10bc-4f96-9b21-4b6b83dbf476} (%windir%\system32\radardt.dll) detected a problem for scenario {180b3a99-8c39-4f12-b631-2031998efe45}, instance {de756ca7-4c51-42a2-8925-cac1fffe8240}, original activity ID {00000000-0000-0000-0000-000000000000}."
"05-08-2026 16:23:12","105","Information","Microsoft-Windows-Diagnosis-DPS","Diagnostic module {45de1ea9-10bc-4f96-9b21-4b6b83dbf476} (%windir%\system32\radardt.dll) started troubleshooting scenario {180b3a99-8c39-4f12-b631-2031998efe45}, instance {37b60c04-7305-4715-9a63-720931247491}, original activity ID {00000000-0000-0000-0000-000000000000}."
"05-08-2026 16:23:12","100","Information","Microsoft-Windows-Diagnosis-DPS","Diagnostic module {45de1ea9-10bc-4f96-9b21-4b6b83dbf476} (%windir%\system32\radardt.dll) detected a problem for scenario {180b3a99-8c39-4f12-b631-2031998efe45}, instance {37b60c04-7305-4715-9a63-720931247491}, original activity ID {00000000-0000-0000-0000-000000000000}."
"05-08-2026 16:18:12","105","Information","Microsoft-Windows-Diagnosis-DPS","Diagnostic module {45de1ea9-10bc-4f96-9b21-4b6b83dbf476} (%windir%\system32\radardt.dll) started troubleshooting scenario {180b3a99-8c39-4f12-b631-2031998efe45}, instance {a12f2d2f-c3a2-48d0-b767-f2088653ccc6}, original activity ID {00000000-0000-0000-0000-000000000000}."
"05-08-2026 16:18:12","100","Information","Microsoft-Windows-Diagnosis-DPS","Diagnostic module {45de1ea9-10bc-4f96-9b21-4b6b83dbf476} (%windir%\system32\radardt.dll) detected a problem for scenario {180b3a99-8c39-4f12-b631-2031998efe45}, instance {a12f2d2f-c3a2-48d0-b767-f2088653ccc6}, original activity ID {00000000-0000-0000-0000-000000000000}."
"05-08-2026 16:13:12","105","Information","Microsoft-Windows-Diagnosis-DPS","Diagnostic module {45de1ea9-10bc-4f96-9b21-4b6b83dbf476} (%windir%\system32\radardt.dll) started troubleshooting scenario {180b3a99-8c39-4f12-b631-2031998efe45}, instance {4089fafd-d49d-45a1-8c7c-9418aabbb882}, original activity ID {00000000-0000-0000-0000-000000000000}."
"05-08-2026 16:13:12","100","Information","Microsoft-Windows-Diagnosis-DPS","Diagnostic module {45de1ea9-10bc-4f96-9b21-4b6b83dbf476} (%windir%\system32\radardt.dll) detected a problem for scenario {180b3a99-8c39-4f12-b631-2031998efe45}, instance {4089fafd-d49d-45a1-8c7c-9418aabbb882}, original activity ID {00000000-0000-0000-0000-000000000000}."
"05-08-2026 16:08:14","105","Information","Microsoft-Windows-Diagnosis-DPS","Diagnostic module {45de1ea9-10bc-4f96-9b21-4b6b83dbf476} (%windir%\system32\radardt.dll) started troubleshooting scenario {180b3a99-8c39-4f12-b631-2031998efe45}, instance {32c24292-652d-40cf-9547-fcca6a193531}, original activity ID {00000000-0000-0000-0000-000000000000}."
"05-08-2026 16:08:14","100","Information","Microsoft-Windows-Diagnosis-DPS","Diagnostic module {45de1ea9-10bc-4f96-9b21-4b6b83dbf476} (%windir%\system32\radardt.dll) detected a problem for scenario {180b3a99-8c39-4f12-b631-2031998efe45}, instance {32c24292-652d-40cf-9547-fcca6a193531}, original activity ID {00000000-0000-0000-0000-000000000000}."
"05-08-2026 16:03:14","105","Information","Microsoft-Windows-Diagnosis-DPS","Diagnostic module {45de1ea9-10bc-4f96-9b21-4b6b83dbf476} (%windir%\system32\radardt.dll) started troubleshooting scenario {180b3a99-8c39-4f12-b631-2031998efe45}, instance {31b47367-7d43-4e39-a2dd-54093c34a217}, original activity ID {00000000-0000-0000-0000-000000000000}."
"05-08-2026 16:03:14","100","Information","Microsoft-Windows-Diagnosis-DPS","Diagnostic module {45de1ea9-10bc-4f96-9b21-4b6b83dbf476} (%windir%\system32\radardt.dll) detected a problem for scenario {180b3a99-8c39-4f12-b631-2031998efe45}, instance {31b47367-7d43-4e39-a2dd-54093c34a217}, original activity ID {00000000-0000-0000-0000-000000000000}."
"05-08-2026 15:58:14","105","Information","Microsoft-Windows-Diagnosis-DPS","Diagnostic module {45de1ea9-10bc-4f96-9b21-4b6b83dbf476} (%windir%\system32\radardt.dll) started troubleshooting scenario {180b3a99-8c39-4f12-b631-2031998efe45}, instance {c3a591cf-5684-4938-905f-3101c339d2a6}, original activity ID {00000000-0000-0000-0000-000000000000}."
"05-08-2026 15:58:14","100","Information","Microsoft-Windows-Diagnosis-DPS","Diagnostic module {45de1ea9-10bc-4f96-9b21-4b6b83dbf476} (%windir%\system32\radardt.dll) detected a problem for scenario {180b3a99-8c39-4f12-b631-2031998efe45}, instance {c3a591cf-5684-4938-905f-3101c339d2a6}, original activity ID {00000000-0000-0000-0000-000000000000}."
"05-08-2026 15:53:14","105","Information","Microsoft-Windows-Diagnosis-DPS","Diagnostic module {45de1ea9-10bc-4f96-9b21-4b6b83dbf476} (%windir%\system32\radardt.dll) started troubleshooting scenario {180b3a99-8c39-4f12-b631-2031998efe45}, instance {a16ec5fa-50bb-4700-8d2c-92a4b9d15e72}, original activity ID {00000000-0000-0000-0000-000000000000}."
"05-08-2026 15:53:14","100","Information","Microsoft-Windows-Diagnosis-DPS","Diagnostic module {45de1ea9-10bc-4f96-9b21-4b6b83dbf476} (%windir%\system32\radardt.dll) detected a problem for scenario {180b3a99-8c39-4f12-b631-2031998efe45}, instance {a16ec5fa-50bb-4700-8d2c-92a4b9d15e72}, original activity ID {00000000-0000-0000-0000-000000000000}."
"05-08-2026 15:48:13","105","Information","Microsoft-Windows-Diagnosis-DPS","Diagnostic module {45de1ea9-10bc-4f96-9b21-4b6b83dbf476} (%windir%\system32\radardt.dll) started troubleshooting scenario {180b3a99-8c39-4f12-b631-2031998efe45}, instance {8164b2bb-a883-44d8-ac8b-1a94c087ebb3}, original activity ID {00000000-0000-0000-0000-000000000000}."
"05-08-2026 15:48:13","100","Information","Microsoft-Windows-Diagnosis-DPS","Diagnostic module {45de1ea9-10bc-4f96-9b21-4b6b83dbf476} (%windir%\system32\radardt.dll) detected a problem for scenario {180b3a99-8c39-4f12-b631-2031998efe45}, instance {8164b2bb-a883-44d8-ac8b-1a94c087ebb3}, original activity ID {00000000-0000-0000-0000-000000000000}."
"05-08-2026 15:43:13","105","Information","Microsoft-Windows-Diagnosis-DPS","Diagnostic module {45de1ea9-10bc-4f96-9b21-4b6b83dbf476} (%windir%\system32\radardt.dll) started troubleshooting scenario {180b3a99-8c39-4f12-b631-2031998efe45}, instance {df6d3304-0114-4046-9e5c-3e31a5bc3d3f}, original activity ID {00000000-0000-0000-0000-000000000000}."
"05-08-2026 15:43:13","100","Information","Microsoft-Windows-Diagnosis-DPS","Diagnostic module {45de1ea9-10bc-4f96-9b21-4b6b83dbf476} (%windir%\system32\radardt.dll) detected a problem for scenario {180b3a99-8c39-4f12-b631-2031998efe45}, instance {df6d3304-0114-4046-9e5c-3e31a5bc3d3f}, original activity ID {00000000-0000-0000-0000-000000000000}."
"05-08-2026 15:38:13","105","Information","Microsoft-Windows-Diagnosis-DPS","Diagnostic module {45de1ea9-10bc-4f96-9b21-4b6b83dbf476} (%windir%\system32\radardt.dll) started troubleshooting scenario {180b3a99-8c39-4f12-b631-2031998efe45}, instance {ef77beb7-bc06-4673-b5a9-25b91416dd17}, original activity ID {00000000-0000-0000-0000-000000000000}."
"05-08-2026 15:38:13","100","Information","Microsoft-Windows-Diagnosis-DPS","Diagnostic module {45de1ea9-10bc-4f96-9b21-4b6b83dbf476} (%windir%\system32\radardt.dll) detected a problem for scenario {180b3a99-8c39-4f12-b631-2031998efe45}, instance {ef77beb7-bc06-4673-b5a9-25b91416dd17}, original activity ID {00000000-0000-0000-0000-000000000000}."
"05-08-2026 15:33:13","105","Information","Microsoft-Windows-Diagnosis-DPS","Diagnostic module {45de1ea9-10bc-4f96-9b21-4b6b83dbf476} (%windir%\system32\radardt.dll) started troubleshooting scenario {180b3a99-8c39-4f12-b631-2031998efe45}, instance {4f746aa5-23d1-46f1-84ea-202d56e2362b}, original activity ID {00000000-0000-0000-0000-000000000000}."
"05-08-2026 15:33:13","100","Information","Microsoft-Windows-Diagnosis-DPS","Diagnostic module {45de1ea9-10bc-4f96-9b21-4b6b83dbf476} (%windir%\system32\radardt.dll) detected a problem for scenario {180b3a99-8c39-4f12-b631-2031998efe45}, instance {4f746aa5-23d1-46f1-84ea-202d56e2362b}, original activity ID {00000000-0000-0000-0000-000000000000}."
"05-08-2026 15:28:13","105","Information","Microsoft-Windows-Diagnosis-DPS","Diagnostic module {45de1ea9-10bc-4f96-9b21-4b6b83dbf476} (%windir%\system32\radardt.dll) started troubleshooting scenario {180b3a99-8c39-4f12-b631-2031998efe45}, instance {e46f01af-5b6f-4dbc-9729-29d0eabcd690}, original activity ID {00000000-0000-0000-0000-000000000000}."
"05-08-2026 15:28:13","100","Information","Microsoft-Windows-Diagnosis-DPS","Diagnostic module {45de1ea9-10bc-4f96-9b21-4b6b83dbf476} (%windir%\system32\radardt.dll) detected a problem for scenario {180b3a99-8c39-4f12-b631-2031998efe45}, instance {e46f01af-5b6f-4dbc-9729-29d0eabcd690}, original activity ID {00000000-0000-0000-0000-000000000000}."
"05-08-2026 15:23:13","105","Information","Microsoft-Windows-Diagnosis-DPS","Diagnostic module {45de1ea9-10bc-4f96-9b21-4b6b83dbf476} (%windir%\system32\radardt.dll) started troubleshooting scenario {180b3a99-8c39-4f12-b631-2031998efe45}, instance {6a35c6e6-229f-4bf7-a18a-5be5a1ea725c}, original activity ID {00000000-0000-0000-0000-000000000000}."
"05-08-2026 15:23:13","100","Information","Microsoft-Windows-Diagnosis-DPS","Diagnostic module {45de1ea9-10bc-4f96-9b21-4b6b83dbf476} (%windir%\system32\radardt.dll) detected a problem for scenario {180b3a99-8c39-4f12-b631-2031998efe45}, instance {6a35c6e6-229f-4bf7-a18a-5be5a1ea725c}, original activity ID {00000000-0000-0000-0000-000000000000}."
"05-08-2026 15:18:13","105","Information","Microsoft-Windows-Diagnosis-DPS","Diagnostic module {45de1ea9-10bc-4f96-9b21-4b6b83dbf476} (%windir%\system32\radardt.dll) started troubleshooting scenario {180b3a99-8c39-4f12-b631-2031998efe45}, instance {643f2c49-ea97-4db7-b379-2307c040d9e4}, original activity ID {00000000-0000-0000-0000-000000000000}."
"05-08-2026 15:18:13","100","Information","Microsoft-Windows-Diagnosis-DPS","Diagnostic module {45de1ea9-10bc-4f96-9b21-4b6b83dbf476} (%windir%\system32\radardt.dll) detected a problem for scenario {180b3a99-8c39-4f12-b631-2031998efe45}, instance {643f2c49-ea97-4db7-b379-2307c040d9e4}, original activity ID {00000000-0000-0000-0000-000000000000}."
"05-08-2026 15:13:13","105","Information","Microsoft-Windows-Diagnosis-DPS","Diagnostic module {45de1ea9-10bc-4f96-9b21-4b6b83dbf476} (%windir%\system32\radardt.dll) started troubleshooting scenario {180b3a99-8c39-4f12-b631-2031998efe45}, instance {0a0b6f40-9f9b-4a36-be28-ad9748bf1360}, original activity ID {00000000-0000-0000-0000-000000000000}."
"05-08-2026 15:13:13","100","Information","Microsoft-Windows-Diagnosis-DPS","Diagnostic module {45de1ea9-10bc-4f96-9b21-4b6b83dbf476} (%windir%\system32\radardt.dll) detected a problem for scenario {180b3a99-8c39-4f12-b631-2031998efe45}, instance {0a0b6f40-9f9b-4a36-be28-ad9748bf1360}, original activity ID {00000000-0000-0000-0000-000000000000}."
"05-08-2026 15:08:13","105","Information","Microsoft-Windows-Diagnosis-DPS","Diagnostic module {45de1ea9-10bc-4f96-9b21-4b6b83dbf476} (%windir%\system32\radardt.dll) started troubleshooting scenario {180b3a99-8c39-4f12-b631-2031998efe45}, instance {e83b30b1-2d2c-46a2-95cb-68431dddce22}, original activity ID {00000000-0000-0000-0000-000000000000}."
"05-08-2026 15:08:13","100","Information","Microsoft-Windows-Diagnosis-DPS","Diagnostic module {45de1ea9-10bc-4f96-9b21-4b6b83dbf476} (%windir%\system32\radardt.dll) detected a problem for scenario {180b3a99-8c39-4f12-b631-2031998efe45}, instance {e83b30b1-2d2c-46a2-95cb-68431dddce22}, original activity ID {00000000-0000-0000-0000-000000000000}."
"05-08-2026 15:03:13","105","Information","Microsoft-Windows-Diagnosis-DPS","Diagnostic module {45de1ea9-10bc-4f96-9b21-4b6b83dbf476} (%windir%\system32\radardt.dll) started troubleshooting scenario {180b3a99-8c39-4f12-b631-2031998efe45}, instance {06b33022-b335-41b4-bd76-ae4f90470ebd}, original activity ID {00000000-0000-0000-0000-000000000000}."
"05-08-2026 15:03:13","100","Information","Microsoft-Windows-Diagnosis-DPS","Diagnostic module {45de1ea9-10bc-4f96-9b21-4b6b83dbf476} (%windir%\system32\radardt.dll) detected a problem for scenario {180b3a99-8c39-4f12-b631-2031998efe45}, instance {06b33022-b335-41b4-bd76-ae4f90470ebd}, original activity ID {00000000-0000-0000-0000-000000000000}."
"05-08-2026 14:58:13","105","Information","Microsoft-Windows-Diagnosis-DPS","Diagnostic module {45de1ea9-10bc-4f96-9b21-4b6b83dbf476} (%windir%\system32\radardt.dll) started troubleshooting scenario {180b3a99-8c39-4f12-b631-2031998efe45}, instance {bfc67870-a5e4-472e-899a-fbe46e11723b}, original activity ID {00000000-0000-0000-0000-000000000000}."
"05-08-2026 14:58:13","100","Information","Microsoft-Windows-Diagnosis-DPS","Diagnostic module {45de1ea9-10bc-4f96-9b21-4b6b83dbf476} (%windir%\system32\radardt.dll) detected a problem for scenario {180b3a99-8c39-4f12-b631-2031998efe45}, instance {bfc67870-a5e4-472e-899a-fbe46e11723b}, original activity ID {00000000-0000-0000-0000-000000000000}."
"05-08-2026 14:53:13","105","Information","Microsoft-Windows-Diagnosis-DPS","Diagnostic module {45de1ea9-10bc-4f96-9b21-4b6b83dbf476} (%windir%\system32\radardt.dll) started troubleshooting scenario {180b3a99-8c39-4f12-b631-2031998efe45}, instance {8daaa0dc-6c45-4d59-aa24-7668b50c8633}, original activity ID {00000000-0000-0000-0000-000000000000}."
"05-08-2026 14:53:13","100","Information","Microsoft-Windows-Diagnosis-DPS","Diagnostic module {45de1ea9-10bc-4f96-9b21-4b6b83dbf476} (%windir%\system32\radardt.dll) detected a problem for scenario {180b3a99-8c39-4f12-b631-2031998efe45}, instance {8daaa0dc-6c45-4d59-aa24-7668b50c8633}, original activity ID {00000000-0000-0000-0000-000000000000}."
"05-08-2026 14:48:13","105","Information","Microsoft-Windows-Diagnosis-DPS","Diagnostic module {45de1ea9-10bc-4f96-9b21-4b6b83dbf476} (%windir%\system32\radardt.dll) started troubleshooting scenario {180b3a99-8c39-4f12-b631-2031998efe45}, instance {719e8328-94fa-42b9-9d16-e431411a91e9}, original activity ID {00000000-0000-0000-0000-000000000000}."
"05-08-2026 14:48:13","100","Information","Microsoft-Windows-Diagnosis-DPS","Diagnostic module {45de1ea9-10bc-4f96-9b21-4b6b83dbf476} (%windir%\system32\radardt.dll) detected a problem for scenario {180b3a99-8c39-4f12-b631-2031998efe45}, instance {719e8328-94fa-42b9-9d16-e431411a91e9}, original activity ID {00000000-0000-0000-0000-000000000000}."
"05-08-2026 14:43:13","105","Information","Microsoft-Windows-Diagnosis-DPS","Diagnostic module {45de1ea9-10bc-4f96-9b21-4b6b83dbf476} (%windir%\system32\radardt.dll) started troubleshooting scenario {180b3a99-8c39-4f12-b631-2031998efe45}, instance {9743edc8-0171-4ddd-8770-ec2b38216da6}, original activity ID {00000000-0000-0000-0000-000000000000}."
"05-08-2026 14:43:13","100","Information","Microsoft-Windows-Diagnosis-DPS","Diagnostic module {45de1ea9-10bc-4f96-9b21-4b6b83dbf476} (%windir%\system32\radardt.dll) detected a problem for scenario {180b3a99-8c39-4f12-b631-2031998efe45}, instance {9743edc8-0171-4ddd-8770-ec2b38216da6}, original activity ID {00000000-0000-0000-0000-000000000000}."
"05-08-2026 14:38:13","105","Information","Microsoft-Windows-Diagnosis-DPS","Diagnostic module {45de1ea9-10bc-4f96-9b21-4b6b83dbf476} (%windir%\system32\radardt.dll) started troubleshooting scenario {180b3a99-8c39-4f12-b631-2031998efe45}, instance {a61d631c-7b7d-4567-a85a-8bb4a0233e23}, original activity ID {00000000-0000-0000-0000-000000000000}."
"05-08-2026 14:38:13","100","Information","Microsoft-Windows-Diagnosis-DPS","Diagnostic module {45de1ea9-10bc-4f96-9b21-4b6b83dbf476} (%windir%\system32\radardt.dll) detected a problem for scenario {180b3a99-8c39-4f12-b631-2031998efe45}, instance {a61d631c-7b7d-4567-a85a-8bb4a0233e23}, original activity ID {00000000-0000-0000-0000-000000000000}."
"05-08-2026 14:33:13","105","Information","Microsoft-Windows-Diagnosis-DPS","Diagnostic module {45de1ea9-10bc-4f96-9b21-4b6b83dbf476} (%windir%\system32\radardt.dll) started troubleshooting scenario {180b3a99-8c39-4f12-b631-2031998efe45}, instance {9e8663ba-bee3-40d9-aba8-73c20af33959}, original activity ID {00000000-0000-0000-0000-000000000000}."
"05-08-2026 14:33:13","100","Information","Microsoft-Windows-Diagnosis-DPS","Diagnostic module {45de1ea9-10bc-4f96-9b21-4b6b83dbf476} (%windir%\system32\radardt.dll) detected a problem for scenario {180b3a99-8c39-4f12-b631-2031998efe45}, instance {9e8663ba-bee3-40d9-aba8-73c20af33959}, original activity ID {00000000-0000-0000-0000-000000000000}."
"05-08-2026 14:28:13","105","Information","Microsoft-Windows-Diagnosis-DPS","Diagnostic module {45de1ea9-10bc-4f96-9b21-4b6b83dbf476} (%windir%\system32\radardt.dll) started troubleshooting scenario {180b3a99-8c39-4f12-b631-2031998efe45}, instance {d5b7ea92-274c-48aa-8141-946b5947546b}, original activity ID {00000000-0000-0000-0000-000000000000}."
"05-08-2026 14:28:13","100","Information","Microsoft-Windows-Diagnosis-DPS","Diagnostic module {45de1ea9-10bc-4f96-9b21-4b6b83dbf476} (%windir%\system32\radardt.dll) detected a problem for scenario {180b3a99-8c39-4f12-b631-2031998efe45}, instance {d5b7ea92-274c-48aa-8141-946b5947546b}, original activity ID {00000000-0000-0000-0000-000000000000}."
"05-08-2026 14:23:13","105","Information","Microsoft-Windows-Diagnosis-DPS","Diagnostic module {45de1ea9-10bc-4f96-9b21-4b6b83dbf476} (%windir%\system32\radardt.dll) started troubleshooting scenario {180b3a99-8c39-4f12-b631-2031998efe45}, instance {09246e4d-4101-4d86-a308-b391fa8adcc7}, original activity ID {00000000-0000-0000-0000-000000000000}."
"05-08-2026 14:23:13","100","Information","Microsoft-Windows-Diagnosis-DPS","Diagnostic module {45de1ea9-10bc-4f96-9b21-4b6b83dbf476} (%windir%\system32\radardt.dll) detected a problem for scenario {180b3a99-8c39-4f12-b631-2031998efe45}, instance {09246e4d-4101-4d86-a308-b391fa8adcc7}, original activity ID {00000000-0000-0000-0000-000000000000}."
"05-08-2026 14:18:13","105","Information","Microsoft-Windows-Diagnosis-DPS","Diagnostic module {45de1ea9-10bc-4f96-9b21-4b6b83dbf476} (%windir%\system32\radardt.dll) started troubleshooting scenario {180b3a99-8c39-4f12-b631-2031998efe45}, instance {b26fecde-5f41-4623-b35e-a4e0b477369c}, original activity ID {00000000-0000-0000-0000-000000000000}."
"05-08-2026 14:18:13","100","Information","Microsoft-Windows-Diagnosis-DPS","Diagnostic module {45de1ea9-10bc-4f96-9b21-4b6b83dbf476} (%windir%\system32\radardt.dll) detected a problem for scenario {180b3a99-8c39-4f12-b631-2031998efe45}, instance {b26fecde-5f41-4623-b35e-a4e0b477369c}, original activity ID {00000000-0000-0000-0000-000000000000}."
"05-08-2026 14:13:13","105","Information","Microsoft-Windows-Diagnosis-DPS","Diagnostic module {45de1ea9-10bc-4f96-9b21-4b6b83dbf476} (%windir%\system32\radardt.dll) started troubleshooting scenario {180b3a99-8c39-4f12-b631-2031998efe45}, instance {b5657116-c5f0-4628-b1ea-fb5409f5795a}, original activity ID {00000000-0000-0000-0000-000000000000}."
"05-08-2026 14:13:13","100","Information","Microsoft-Windows-Diagnosis-DPS","Diagnostic module {45de1ea9-10bc-4f96-9b21-4b6b83dbf476} (%windir%\system32\radardt.dll) detected a problem for scenario {180b3a99-8c39-4f12-b631-2031998efe45}, instance {b5657116-c5f0-4628-b1ea-fb5409f5795a}, original activity ID {00000000-0000-0000-0000-000000000000}."
"05-08-2026 14:08:13","105","Information","Microsoft-Windows-Diagnosis-DPS","Diagnostic module {45de1ea9-10bc-4f96-9b21-4b6b83dbf476} (%windir%\system32\radardt.dll) started troubleshooting scenario {180b3a99-8c39-4f12-b631-2031998efe45}, instance {4c4392ae-2147-4692-a0a2-9b10f8116330}, original activity ID {00000000-0000-0000-0000-000000000000}."
"05-08-2026 14:08:13","100","Information","Microsoft-Windows-Diagnosis-DPS","Diagnostic module {45de1ea9-10bc-4f96-9b21-4b6b83dbf476} (%windir%\system32\radardt.dll) detected a problem for scenario {180b3a99-8c39-4f12-b631-2031998efe45}, instance {4c4392ae-2147-4692-a0a2-9b10f8116330}, original activity ID {00000000-0000-0000-0000-000000000000}."
"05-08-2026 14:03:13","105","Information","Microsoft-Windows-Diagnosis-DPS","Diagnostic module {45de1ea9-10bc-4f96-9b21-4b6b83dbf476} (%windir%\system32\radardt.dll) started troubleshooting scenario {180b3a99-8c39-4f12-b631-2031998efe45}, instance {99d6aa3b-3efd-43c0-9305-42e4bf13a878}, original activity ID {00000000-0000-0000-0000-000000000000}."
"05-08-2026 14:03:13","100","Information","Microsoft-Windows-Diagnosis-DPS","Diagnostic module {45de1ea9-10bc-4f96-9b21-4b6b83dbf476} (%windir%\system32\radardt.dll) detected a problem for scenario {180b3a99-8c39-4f12-b631-2031998efe45}, instance {99d6aa3b-3efd-43c0-9305-42e4bf13a878}, original activity ID {00000000-0000-0000-0000-000000000000}."
"05-08-2026 13:58:13","105","Information","Microsoft-Windows-Diagnosis-DPS","Diagnostic module {45de1ea9-10bc-4f96-9b21-4b6b83dbf476} (%windir%\system32\radardt.dll) started troubleshooting scenario {180b3a99-8c39-4f12-b631-2031998efe45}, instance {549988fd-8172-40ea-8a23-3fa2bb53dc20}, original activity ID {00000000-0000-0000-0000-000000000000}."
"05-08-2026 13:58:13","100","Information","Microsoft-Windows-Diagnosis-DPS","Diagnostic module {45de1ea9-10bc-4f96-9b21-4b6b83dbf476} (%windir%\system32\radardt.dll) detected a problem for scenario {180b3a99-8c39-4f12-b631-2031998efe45}, instance {549988fd-8172-40ea-8a23-3fa2bb53dc20}, original activity ID {00000000-0000-0000-0000-000000000000}."
"05-08-2026 13:53:13","105","Information","Microsoft-Windows-Diagnosis-DPS","Diagnostic module {45de1ea9-10bc-4f96-9b21-4b6b83dbf476} (%windir%\system32\radardt.dll) started troubleshooting scenario {180b3a99-8c39-4f12-b631-2031998efe45}, instance {4983c685-5df3-4282-a53e-311597420f7e}, original activity ID {00000000-0000-0000-0000-000000000000}."
"05-08-2026 13:53:13","100","Information","Microsoft-Windows-Diagnosis-DPS","Diagnostic module {45de1ea9-10bc-4f96-9b21-4b6b83dbf476} (%windir%\system32\radardt.dll) detected a problem for scenario {180b3a99-8c39-4f12-b631-2031998efe45}, instance {4983c685-5df3-4282-a53e-311597420f7e}, original activity ID {00000000-0000-0000-0000-000000000000}."
"05-08-2026 13:48:13","105","Information","Microsoft-Windows-Diagnosis-DPS","Diagnostic module {45de1ea9-10bc-4f96-9b21-4b6b83dbf476} (%windir%\system32\radardt.dll) started troubleshooting scenario {180b3a99-8c39-4f12-b631-2031998efe45}, instance {54ac7ea3-df07-44a4-994f-bc1085735ee0}, original activity ID {00000000-0000-0000-0000-000000000000}."
"05-08-2026 13:48:13","100","Information","Microsoft-Windows-Diagnosis-DPS","Diagnostic module {45de1ea9-10bc-4f96-9b21-4b6b83dbf476} (%windir%\system32\radardt.dll) detected a problem for scenario {180b3a99-8c39-4f12-b631-2031998efe45}, instance {54ac7ea3-df07-44a4-994f-bc1085735ee0}, original activity ID {00000000-0000-0000-0000-000000000000}."
"05-08-2026 13:43:13","105","Information","Microsoft-Windows-Diagnosis-DPS","Diagnostic module {45de1ea9-10bc-4f96-9b21-4b6b83dbf476} (%windir%\system32\radardt.dll) started troubleshooting scenario {180b3a99-8c39-4f12-b631-2031998efe45}, instance {de449b02-778e-4b87-95ef-b3e15fadf2a7}, original activity ID {00000000-0000-0000-0000-000000000000}."
"05-08-2026 13:43:13","100","Information","Microsoft-Windows-Diagnosis-DPS","Diagnostic module {45de1ea9-10bc-4f96-9b21-4b6b83dbf476} (%windir%\system32\radardt.dll) detected a problem for scenario {180b3a99-8c39-4f12-b631-2031998efe45}, instance {de449b02-778e-4b87-95ef-b3e15fadf2a7}, original activity ID {00000000-0000-0000-0000-000000000000}."
"05-08-2026 13:38:13","105","Information","Microsoft-Windows-Diagnosis-DPS","Diagnostic module {45de1ea9-10bc-4f96-9b21-4b6b83dbf476} (%windir%\system32\radardt.dll) started troubleshooting scenario {180b3a99-8c39-4f12-b631-2031998efe45}, instance {31505ca2-3c1c-40a5-ac60-eb3149311f07}, original activity ID {00000000-0000-0000-0000-000000000000}."
"05-08-2026 13:38:13","100","Information","Microsoft-Windows-Diagnosis-DPS","Diagnostic module {45de1ea9-10bc-4f96-9b21-4b6b83dbf476} (%windir%\system32\radardt.dll) detected a problem for scenario {180b3a99-8c39-4f12-b631-2031998efe45}, instance {31505ca2-3c1c-40a5-ac60-eb3149311f07}, original activity ID {00000000-0000-0000-0000-000000000000}."
"05-08-2026 13:33:13","105","Information","Microsoft-Windows-Diagnosis-DPS","Diagnostic module {45de1ea9-10bc-4f96-9b21-4b6b83dbf476} (%windir%\system32\radardt.dll) started troubleshooting scenario {180b3a99-8c39-4f12-b631-2031998efe45}, instance {b406ea93-686f-47e5-8590-5e7a84d5c503}, original activity ID {00000000-0000-0000-0000-000000000000}."
"05-08-2026 13:33:13","100","Information","Microsoft-Windows-Diagnosis-DPS","Diagnostic module {45de1ea9-10bc-4f96-9b21-4b6b83dbf476} (%windir%\system32\radardt.dll) detected a problem for scenario {180b3a99-8c39-4f12-b631-2031998efe45}, instance {b406ea93-686f-47e5-8590-5e7a84d5c503}, original activity ID {00000000-0000-0000-0000-000000000000}."
"05-08-2026 13:28:13","105","Information","Microsoft-Windows-Diagnosis-DPS","Diagnostic module {45de1ea9-10bc-4f96-9b21-4b6b83dbf476} (%windir%\system32\radardt.dll) started troubleshooting scenario {180b3a99-8c39-4f12-b631-2031998efe45}, instance {32bcd74b-9cc7-43ee-a367-d55f54f59116}, original activity ID {00000000-0000-0000-0000-000000000000}."
"05-08-2026 13:28:13","100","Information","Microsoft-Windows-Diagnosis-DPS","Diagnostic module {45de1ea9-10bc-4f96-9b21-4b6b83dbf476} (%windir%\system32\radardt.dll) detected a problem for scenario {180b3a99-8c39-4f12-b631-2031998efe45}, instance {32bcd74b-9cc7-43ee-a367-d55f54f59116}, original activity ID {00000000-0000-0000-0000-000000000000}."
"05-08-2026 13:23:13","105","Information","Microsoft-Windows-Diagnosis-DPS","Diagnostic module {45de1ea9-10bc-4f96-9b21-4b6b83dbf476} (%windir%\system32\radardt.dll) started troubleshooting scenario {180b3a99-8c39-4f12-b631-2031998efe45}, instance {84134b68-3f5a-4b2f-ab67-9ae8dd06b3f9}, original activity ID {00000000-0000-0000-0000-000000000000}."
"05-08-2026 13:23:13","100","Information","Microsoft-Windows-Diagnosis-DPS","Diagnostic module {45de1ea9-10bc-4f96-9b21-4b6b83dbf476} (%windir%\system32\radardt.dll) detected a problem for scenario {180b3a99-8c39-4f12-b631-2031998efe45}, instance {84134b68-3f5a-4b2f-ab67-9ae8dd06b3f9}, original activity ID {00000000-0000-0000-0000-000000000000}."
"05-08-2026 13:18:13","105","Information","Microsoft-Windows-Diagnosis-DPS","Diagnostic module {45de1ea9-10bc-4f96-9b21-4b6b83dbf476} (%windir%\system32\radardt.dll) started troubleshooting scenario {180b3a99-8c39-4f12-b631-2031998efe45}, instance {baabc002-2301-4e59-b819-c602854b3665}, original activity ID {00000000-0000-0000-0000-000000000000}."
"05-08-2026 13:18:13","100","Information","Microsoft-Windows-Diagnosis-DPS","Diagnostic module {45de1ea9-10bc-4f96-9b21-4b6b83dbf476} (%windir%\system32\radardt.dll) detected a problem for scenario {180b3a99-8c39-4f12-b631-2031998efe45}, instance {baabc002-2301-4e59-b819-c602854b3665}, original activity ID {00000000-0000-0000-0000-000000000000}."
"05-08-2026 13:13:13","105","Information","Microsoft-Windows-Diagnosis-DPS","Diagnostic module {45de1ea9-10bc-4f96-9b21-4b6b83dbf476} (%windir%\system32\radardt.dll) started troubleshooting scenario {180b3a99-8c39-4f12-b631-2031998efe45}, instance {43ef6d5e-f1ad-4677-a347-ec7748ad497d}, original activity ID {00000000-0000-0000-0000-000000000000}."
"05-08-2026 13:13:13","100","Information","Microsoft-Windows-Diagnosis-DPS","Diagnostic module {45de1ea9-10bc-4f96-9b21-4b6b83dbf476} (%windir%\system32\radardt.dll) detected a problem for scenario {180b3a99-8c39-4f12-b631-2031998efe45}, instance {43ef6d5e-f1ad-4677-a347-ec7748ad497d}, original activity ID {00000000-0000-0000-0000-000000000000}."
"05-08-2026 13:08:13","105","Information","Microsoft-Windows-Diagnosis-DPS","Diagnostic module {45de1ea9-10bc-4f96-9b21-4b6b83dbf476} (%windir%\system32\radardt.dll) started troubleshooting scenario {180b3a99-8c39-4f12-b631-2031998efe45}, instance {d9260393-d3e8-4aa9-9e45-0fb4ffb25767}, original activity ID {00000000-0000-0000-0000-000000000000}."
"05-08-2026 13:08:13","100","Information","Microsoft-Windows-Diagnosis-DPS","Diagnostic module {45de1ea9-10bc-4f96-9b21-4b6b83dbf476} (%windir%\system32\radardt.dll) detected a problem for scenario {180b3a99-8c39-4f12-b631-2031998efe45}, instance {d9260393-d3e8-4aa9-9e45-0fb4ffb25767}, original activity ID {00000000-0000-0000-0000-000000000000}."
"05-08-2026 13:03:13","105","Information","Microsoft-Windows-Diagnosis-DPS","Diagnostic module {45de1ea9-10bc-4f96-9b21-4b6b83dbf476} (%windir%\system32\radardt.dll) started troubleshooting scenario {180b3a99-8c39-4f12-b631-2031998efe45}, instance {625d7995-dfb8-4d2a-a342-58d4bf76e0ac}, original activity ID {00000000-0000-0000-0000-000000000000}."
"05-08-2026 13:03:13","100","Information","Microsoft-Windows-Diagnosis-DPS","Diagnostic module {45de1ea9-10bc-4f96-9b21-4b6b83dbf476} (%windir%\system32\radardt.dll) detected a problem for scenario {180b3a99-8c39-4f12-b631-2031998efe45}, instance {625d7995-dfb8-4d2a-a342-58d4bf76e0ac}, original activity ID {00000000-0000-0000-0000-000000000000}."
"05-08-2026 12:58:13","105","Information","Microsoft-Windows-Diagnosis-DPS","Diagnostic module {45de1ea9-10bc-4f96-9b21-4b6b83dbf476} (%windir%\system32\radardt.dll) started troubleshooting scenario {180b3a99-8c39-4f12-b631-2031998efe45}, instance {e773502f-b25c-462b-8d8f-5edf1e7fa4eb}, original activity ID {00000000-0000-0000-0000-000000000000}."
"05-08-2026 12:58:13","100","Information","Microsoft-Windows-Diagnosis-DPS","Diagnostic module {45de1ea9-10bc-4f96-9b21-4b6b83dbf476} (%windir%\system32\radardt.dll) detected a problem for scenario {180b3a99-8c39-4f12-b631-2031998efe45}, instance {e773502f-b25c-462b-8d8f-5edf1e7fa4eb}, original activity ID {00000000-0000-0000-0000-000000000000}."
"05-08-2026 12:53:13","105","Information","Microsoft-Windows-Diagnosis-DPS","Diagnostic module {45de1ea9-10bc-4f96-9b21-4b6b83dbf476} (%windir%\system32\radardt.dll) started troubleshooting scenario {180b3a99-8c39-4f12-b631-2031998efe45}, instance {6dc6b31b-f956-4a77-9f9c-a781e87d702e}, original activity ID {00000000-0000-0000-0000-000000000000}."
"05-08-2026 12:53:13","100","Information","Microsoft-Windows-Diagnosis-DPS","Diagnostic module {45de1ea9-10bc-4f96-9b21-4b6b83dbf476} (%windir%\system32\radardt.dll) detected a problem for scenario {180b3a99-8c39-4f12-b631-2031998efe45}, instance {6dc6b31b-f956-4a77-9f9c-a781e87d702e}, original activity ID {00000000-0000-0000-0000-000000000000}."
"05-08-2026 12:48:13","105","Information","Microsoft-Windows-Diagnosis-DPS","Diagnostic module {45de1ea9-10bc-4f96-9b21-4b6b83dbf476} (%windir%\system32\radardt.dll) started troubleshooting scenario {180b3a99-8c39-4f12-b631-2031998efe45}, instance {a8213f7c-f204-4e0a-bf0e-fd3c855d486f}, original activity ID {00000000-0000-0000-0000-000000000000}."
"05-08-2026 12:48:13","100","Information","Microsoft-Windows-Diagnosis-DPS","Diagnostic module {45de1ea9-10bc-4f96-9b21-4b6b83dbf476} (%windir%\system32\radardt.dll) detected a problem for scenario {180b3a99-8c39-4f12-b631-2031998efe45}, instance {a8213f7c-f204-4e0a-bf0e-fd3c855d486f}, original activity ID {00000000-0000-0000-0000-000000000000}."
"05-08-2026 12:43:13","105","Information","Microsoft-Windows-Diagnosis-DPS","Diagnostic module {45de1ea9-10bc-4f96-9b21-4b6b83dbf476} (%windir%\system32\radardt.dll) started troubleshooting scenario {180b3a99-8c39-4f12-b631-2031998efe45}, instance {18b32510-0932-4e5f-a0e1-30c0d08a242c}, original activity ID {00000000-0000-0000-0000-000000000000}."
"05-08-2026 12:43:13","100","Information","Microsoft-Windows-Diagnosis-DPS","Diagnostic module {45de1ea9-10bc-4f96-9b21-4b6b83dbf476} (%windir%\system32\radardt.dll) detected a problem for scenario {180b3a99-8c39-4f12-b631-2031998efe45}, instance {18b32510-0932-4e5f-a0e1-30c0d08a242c}, original activity ID {00000000-0000-0000-0000-000000000000}."
"05-08-2026 12:28:12","105","Information","Microsoft-Windows-Diagnosis-DPS","Diagnostic module {45de1ea9-10bc-4f96-9b21-4b6b83dbf476} (%windir%\system32\radardt.dll) started troubleshooting scenario {180b3a99-8c39-4f12-b631-2031998efe45}, instance {34e1defd-3416-49d5-8981-33c158785386}, original activity ID {00000000-0000-0000-0000-000000000000}."
"05-08-2026 12:28:12","100","Information","Microsoft-Windows-Diagnosis-DPS","Diagnostic module {45de1ea9-10bc-4f96-9b21-4b6b83dbf476} (%windir%\system32\radardt.dll) detected a problem for scenario {180b3a99-8c39-4f12-b631-2031998efe45}, instance {34e1defd-3416-49d5-8981-33c158785386}, original activity ID {00000000-0000-0000-0000-000000000000}."
"05-08-2026 12:18:12","105","Information","Microsoft-Windows-Diagnosis-DPS","Diagnostic module {45de1ea9-10bc-4f96-9b21-4b6b83dbf476} (%windir%\system32\radardt.dll) started troubleshooting scenario {180b3a99-8c39-4f12-b631-2031998efe45}, instance {10417cac-91a2-4989-944b-e8a6e9932f8f}, original activity ID {00000000-0000-0000-0000-000000000000}."
"05-08-2026 12:18:12","100","Information","Microsoft-Windows-Diagnosis-DPS","Diagnostic module {45de1ea9-10bc-4f96-9b21-4b6b83dbf476} (%windir%\system32\radardt.dll) detected a problem for scenario {180b3a99-8c39-4f12-b631-2031998efe45}, instance {10417cac-91a2-4989-944b-e8a6e9932f8f}, original activity ID {00000000-0000-0000-0000-000000000000}."
"05-08-2026 11:58:11","105","Information","Microsoft-Windows-Diagnosis-DPS","Diagnostic module {45de1ea9-10bc-4f96-9b21-4b6b83dbf476} (%windir%\system32\radardt.dll) started troubleshooting scenario {180b3a99-8c39-4f12-b631-2031998efe45}, instance {f8ca1e87-b74a-42f8-8757-15ac10ffdd61}, original activity ID {00000000-0000-0000-0000-000000000000}."
"05-08-2026 11:58:11","100","Information","Microsoft-Windows-Diagnosis-DPS","Diagnostic module {45de1ea9-10bc-4f96-9b21-4b6b83dbf476} (%windir%\system32\radardt.dll) detected a problem for scenario {180b3a99-8c39-4f12-b631-2031998efe45}, instance {f8ca1e87-b74a-42f8-8757-15ac10ffdd61}, original activity ID {00000000-0000-0000-0000-000000000000}."
"05-08-2026 11:53:11","105","Information","Microsoft-Windows-Diagnosis-DPS","Diagnostic module {45de1ea9-10bc-4f96-9b21-4b6b83dbf476} (%windir%\system32\radardt.dll) started troubleshooting scenario {180b3a99-8c39-4f12-b631-2031998efe45}, instance {1538bb52-8a6f-4677-bb50-2a3158e3e02a}, original activity ID {00000000-0000-0000-0000-000000000000}."
"05-08-2026 11:53:11","100","Information","Microsoft-Windows-Diagnosis-DPS","Diagnostic module {45de1ea9-10bc-4f96-9b21-4b6b83dbf476} (%windir%\system32\radardt.dll) detected a problem for scenario {180b3a99-8c39-4f12-b631-2031998efe45}, instance {1538bb52-8a6f-4677-bb50-2a3158e3e02a}, original activity ID {00000000-0000-0000-0000-000000000000}."
"05-08-2026 11:48:11","105","Information","Microsoft-Windows-Diagnosis-DPS","Diagnostic module {45de1ea9-10bc-4f96-9b21-4b6b83dbf476} (%windir%\system32\radardt.dll) started troubleshooting scenario {180b3a99-8c39-4f12-b631-2031998efe45}, instance {1f506f86-cc47-4ce5-9c32-ae36a8123f77}, original activity ID {00000000-0000-0000-0000-000000000000}."
"05-08-2026 11:48:11","100","Information","Microsoft-Windows-Diagnosis-DPS","Diagnostic module {45de1ea9-10bc-4f96-9b21-4b6b83dbf476} (%windir%\system32\radardt.dll) detected a problem for scenario {180b3a99-8c39-4f12-b631-2031998efe45}, instance {1f506f86-cc47-4ce5-9c32-ae36a8123f77}, original activity ID {00000000-0000-0000-0000-000000000000}."
"05-08-2026 11:43:11","105","Information","Microsoft-Windows-Diagnosis-DPS","Diagnostic module {45de1ea9-10bc-4f96-9b21-4b6b83dbf476} (%windir%\system32\radardt.dll) started troubleshooting scenario {180b3a99-8c39-4f12-b631-2031998efe45}, instance {e7b7b48c-e21d-4985-9ae7-da6edaba20bd}, original activity ID {00000000-0000-0000-0000-000000000000}."
"05-08-2026 11:43:11","100","Information","Microsoft-Windows-Diagnosis-DPS","Diagnostic module {45de1ea9-10bc-4f96-9b21-4b6b83dbf476} (%windir%\system32\radardt.dll) detected a problem for scenario {180b3a99-8c39-4f12-b631-2031998efe45}, instance {e7b7b48c-e21d-4985-9ae7-da6edaba20bd}, original activity ID {00000000-0000-0000-0000-000000000000}."
"05-08-2026 11:38:11","105","Information","Microsoft-Windows-Diagnosis-DPS","Diagnostic module {45de1ea9-10bc-4f96-9b21-4b6b83dbf476} (%windir%\system32\radardt.dll) started troubleshooting scenario {180b3a99-8c39-4f12-b631-2031998efe45}, instance {524a12dc-66c6-4f78-9539-205d863723a5}, original activity ID {00000000-0000-0000-0000-000000000000}."
"05-08-2026 11:38:11","100","Information","Microsoft-Windows-Diagnosis-DPS","Diagnostic module {45de1ea9-10bc-4f96-9b21-4b6b83dbf476} (%windir%\system32\radardt.dll) detected a problem for scenario {180b3a99-8c39-4f12-b631-2031998efe45}, instance {524a12dc-66c6-4f78-9539-205d863723a5}, original activity ID {00000000-0000-0000-0000-000000000000}."
"05-08-2026 11:33:11","105","Information","Microsoft-Windows-Diagnosis-DPS","Diagnostic module {45de1ea9-10bc-4f96-9b21-4b6b83dbf476} (%windir%\system32\radardt.dll) started troubleshooting scenario {180b3a99-8c39-4f12-b631-2031998efe45}, instance {1f1a1125-c453-4c47-bfd3-1e77f998b272}, original activity ID {00000000-0000-0000-0000-000000000000}."
"05-08-2026 11:33:11","100","Information","Microsoft-Windows-Diagnosis-DPS","Diagnostic module {45de1ea9-10bc-4f96-9b21-4b6b83dbf476} (%windir%\system32\radardt.dll) detected a problem for scenario {180b3a99-8c39-4f12-b631-2031998efe45}, instance {1f1a1125-c453-4c47-bfd3-1e77f998b272}, original activity ID {00000000-0000-0000-0000-000000000000}."
"05-08-2026 11:28:11","105","Information","Microsoft-Windows-Diagnosis-DPS","Diagnostic module {45de1ea9-10bc-4f96-9b21-4b6b83dbf476} (%windir%\system32\radardt.dll) started troubleshooting scenario {180b3a99-8c39-4f12-b631-2031998efe45}, instance {6f658d5e-2d3e-435d-aefc-b0d327b8e698}, original activity ID {00000000-0000-0000-0000-000000000000}."
"05-08-2026 11:28:11","100","Information","Microsoft-Windows-Diagnosis-DPS","Diagnostic module {45de1ea9-10bc-4f96-9b21-4b6b83dbf476} (%windir%\system32\radardt.dll) detected a problem for scenario {180b3a99-8c39-4f12-b631-2031998efe45}, instance {6f658d5e-2d3e-435d-aefc-b0d327b8e698}, original activity ID {00000000-0000-0000-0000-000000000000}."
"05-08-2026 11:23:11","105","Information","Microsoft-Windows-Diagnosis-DPS","Diagnostic module {45de1ea9-10bc-4f96-9b21-4b6b83dbf476} (%windir%\system32\radardt.dll) started troubleshooting scenario {180b3a99-8c39-4f12-b631-2031998efe45}, instance {e0f17395-d78a-4916-8a65-6d40acc6b9a8}, original activity ID {00000000-0000-0000-0000-000000000000}."
