"TimeCreated","Id","LevelDisplayName","ProviderName","Message"
"19-08-2026 14:40:34","258","Information","Microsoft-Windows-Time-Service","W32time service is stopping at 2026-08-19T09:10:34.134Z (UTC), System Tick Count 86995421 with return code: 0x00000000: Success.
For more information, see https://go.microsoft.com/fwlink/?linkid=845961."
"19-08-2026 14:40:34","261","Information","Microsoft-Windows-Time-Service","W32time service has set the system time to 2026-08-19T09:10:34.126Z(UTC). Previous system time was 2026-08-19T09:10:34.125Z(UTC). System Tick Count: 86995406
For more information, see https://go.microsoft.com/fwlink/?linkid=845961."
"19-08-2026 14:40:34","265","Information","Microsoft-Windows-Time-Service","The time service is now synchronizing the system time with the reference time source time.windows.com,0x9 (ntp.m|0x9|0.0.0.0:123->40.81.94.65:123) with reference id 0x28515E41. Current local stratum number is 5, System Tick Count: 86995406.
For more information, see https://go.microsoft.com/fwlink/?linkid=845961."
"19-08-2026 14:40:34","264","Information","Microsoft-Windows-Time-Service","NTP Client observed a change peer reachability. Ntp Client is now receiving time data from the following NTP Servers: time.windows.com,0x9 (ntp.m|0x9|0.0.0.0:123->40.81.94.65:123);. System Tick Count: 86995406.
For more information, see https://go.microsoft.com/fwlink/?linkid=845961."
"19-08-2026 11:16:02","263","Information","Microsoft-Windows-Time-Service","W32time Service configuration parameters have been updated. This may impact the fine-grained time synchronization accuracy.
Updated Configuration:
EventLogFlags: 2 (Local)
AnnounceFlags: 10 (Local)
TimeJumpAuditOffset: 28800 (Local)
MinPollInterval: 10 (Local)
MaxPollInterval: 15 (Local)
MaxNegPhaseCorrection: 54000 (Local)
MaxPosPhaseCorrection: 54000 (Local)
MaxAllowedPhaseOffset: 1 (Local)

FrequencyCorrectRate: 4 (Local)
PollAdjustFactor: 5 (Local)
LargePhaseOffset: 50000000 (Local)
SpikeWatchPeriod: 900 (Local)
LocalClockDispersion: 10 (Local)
HoldPeriod: 5 (Local)
PhaseCorrectRate: 1 (Local)
UpdateInterval: 360000 (Local)

FileLogName:  (Local)
FileLogEntries:  (Local)
FileLogSize: 0 (Local)
FileLogFlags: 0 (Undefined or not used)

UtilizeSslTimeData: 1 (Local)

[Leap Seconds]
Enabled: 1 (Local)
Total Leap Seconds (after June 2018): 0 (Local)
Current UTC offset: 0 (Local)

Updated Time Providers:
NtpClient (Local)
DllName: C:\Windows\system32\w32time.dll (Local)
Enabled: 1 (Local)
InputProvider: 1 (Local)
CrossSiteSyncFlags: 0 (Undefined or not used)
AllowNonstandardModeCombinations: 1 (Local)
ResolvePeerBackoffMinutes: 15 (Local)
ResolvePeerBackoffMaxTimes: 7 (Local)
CompatibilityFlags: 2147483648 (Local)
EventLogFlags: 1 (Local)
LargeSampleSkew: 3 (Local)
SpecialPollInterval: 16384 (Local)
Type: NTP (Local)
NtpServer: time.windows.com,0x9 (Local)

NtpServer (Local)
DllName: C:\Windows\system32\w32time.dll (Local)
Enabled: 0 (Local)
InputProvider: 0 (Local)


System Tick Count: 74723359
For more information, see https://go.microsoft.com/fwlink/?linkid=845961."
"19-08-2026 11:16:02","272","Information","Microsoft-Windows-Time-Service","Leap second configuration:
Enabled: 1 (Local)
Count: 0 (Local)
Current Offset from UTC(Seconds): 0 (Local)
Runtime state consistent with settings: 1
Newest Leap Seconds List (Local):

System Tick Count: 74723343.

For more information, see https://go.microsoft.com/fwlink/?linkid=845961."
"19-08-2026 10:58:58","263","Information","Microsoft-Windows-Time-Service","W32time Service configuration parameters have been updated. This may impact the fine-grained time synchronization accuracy.
Updated Configuration:
EventLogFlags: 2 (Local)
AnnounceFlags: 10 (Local)
TimeJumpAuditOffset: 28800 (Local)
MinPollInterval: 10 (Local)
MaxPollInterval: 15 (Local)
MaxNegPhaseCorrection: 54000 (Local)
MaxPosPhaseCorrection: 54000 (Local)
MaxAllowedPhaseOffset: 1 (Local)

FrequencyCorrectRate: 4 (Local)
PollAdjustFactor: 5 (Local)
LargePhaseOffset: 50000000 (Local)
SpikeWatchPeriod: 900 (Local)
LocalClockDispersion: 10 (Local)
HoldPeriod: 5 (Local)
PhaseCorrectRate: 1 (Local)
UpdateInterval: 360000 (Local)

FileLogName:  (Local)
FileLogEntries:  (Local)
FileLogSize: 0 (Local)
FileLogFlags: 0 (Undefined or not used)

UtilizeSslTimeData: 1 (Local)

[Leap Seconds]
Enabled: 1 (Local)
Total Leap Seconds (after June 2018): 0 (Local)
Current UTC offset: 0 (Local)

Updated Time Providers:
NtpClient (Local)
DllName: C:\Windows\system32\w32time.dll (Local)
Enabled: 1 (Local)
InputProvider: 1 (Local)
CrossSiteSyncFlags: 0 (Undefined or not used)
AllowNonstandardModeCombinations: 1 (Local)
ResolvePeerBackoffMinutes: 15 (Local)
ResolvePeerBackoffMaxTimes: 7 (Local)
CompatibilityFlags: 2147483648 (Local)
EventLogFlags: 1 (Local)
LargeSampleSkew: 3 (Local)
SpecialPollInterval: 16384 (Local)
Type: NTP (Local)
NtpServer: time.windows.com,0x9 (Local)

NtpServer (Local)
DllName: C:\Windows\system32\w32time.dll (Local)
Enabled: 0 (Local)
InputProvider: 0 (Local)


System Tick Count: 73699343
For more information, see https://go.microsoft.com/fwlink/?linkid=845961."
"19-08-2026 10:58:58","272","Information","Microsoft-Windows-Time-Service","Leap second configuration:
Enabled: 1 (Local)
Count: 0 (Local)
Current Offset from UTC(Seconds): 0 (Local)
Runtime state consistent with settings: 1
Newest Leap Seconds List (Local):

System Tick Count: 73699343.

For more information, see https://go.microsoft.com/fwlink/?linkid=845961."
"19-08-2026 10:41:54","263","Information","Microsoft-Windows-Time-Service","W32time Service configuration parameters have been updated. This may impact the fine-grained time synchronization accuracy.
Updated Configuration:
EventLogFlags: 2 (Local)
AnnounceFlags: 10 (Local)
TimeJumpAuditOffset: 28800 (Local)
MinPollInterval: 10 (Local)
MaxPollInterval: 15 (Local)
MaxNegPhaseCorrection: 54000 (Local)
MaxPosPhaseCorrection: 54000 (Local)
MaxAllowedPhaseOffset: 1 (Local)

FrequencyCorrectRate: 4 (Local)
PollAdjustFactor: 5 (Local)
LargePhaseOffset: 50000000 (Local)
SpikeWatchPeriod: 900 (Local)
LocalClockDispersion: 10 (Local)
HoldPeriod: 5 (Local)
PhaseCorrectRate: 1 (Local)
UpdateInterval: 360000 (Local)

FileLogName:  (Local)
FileLogEntries:  (Local)
FileLogSize: 0 (Local)
FileLogFlags: 0 (Undefined or not used)

UtilizeSslTimeData: 1 (Local)

[Leap Seconds]
Enabled: 1 (Local)
Total Leap Seconds (after June 2018): 0 (Local)
Current UTC offset: 0 (Local)

Updated Time Providers:
NtpClient (Local)
DllName: C:\Windows\system32\w32time.dll (Local)
Enabled: 1 (Local)
InputProvider: 1 (Local)
CrossSiteSyncFlags: 0 (Undefined or not used)
AllowNonstandardModeCombinations: 1 (Local)
ResolvePeerBackoffMinutes: 15 (Local)
ResolvePeerBackoffMaxTimes: 7 (Local)
CompatibilityFlags: 2147483648 (Local)
EventLogFlags: 1 (Local)
LargeSampleSkew: 3 (Local)
SpecialPollInterval: 16384 (Local)
Type: NTP (Local)
NtpServer: time.windows.com,0x9 (Local)

NtpServer (Local)
DllName: C:\Windows\system32\w32time.dll (Local)
Enabled: 0 (Local)
InputProvider: 0 (Local)


System Tick Count: 72675328
For more information, see https://go.microsoft.com/fwlink/?linkid=845961."
"19-08-2026 10:41:54","272","Information","Microsoft-Windows-Time-Service","Leap second configuration:
Enabled: 1 (Local)
Count: 0 (Local)
Current Offset from UTC(Seconds): 0 (Local)
Runtime state consistent with settings: 1
Newest Leap Seconds List (Local):

System Tick Count: 72675328.

For more information, see https://go.microsoft.com/fwlink/?linkid=845961."
"19-08-2026 10:24:50","263","Information","Microsoft-Windows-Time-Service","W32time Service configuration parameters have been updated. This may impact the fine-grained time synchronization accuracy.
Updated Configuration:
EventLogFlags: 2 (Local)
AnnounceFlags: 10 (Local)
TimeJumpAuditOffset: 28800 (Local)
MinPollInterval: 10 (Local)
MaxPollInterval: 15 (Local)
MaxNegPhaseCorrection: 54000 (Local)
MaxPosPhaseCorrection: 54000 (Local)
MaxAllowedPhaseOffset: 1 (Local)

FrequencyCorrectRate: 4 (Local)
PollAdjustFactor: 5 (Local)
LargePhaseOffset: 50000000 (Local)
SpikeWatchPeriod: 900 (Local)
LocalClockDispersion: 10 (Local)
HoldPeriod: 5 (Local)
PhaseCorrectRate: 1 (Local)
UpdateInterval: 360000 (Local)

FileLogName:  (Local)
FileLogEntries:  (Local)
FileLogSize: 0 (Local)
FileLogFlags: 0 (Undefined or not used)

UtilizeSslTimeData: 1 (Local)

[Leap Seconds]
Enabled: 1 (Local)
Total Leap Seconds (after June 2018): 0 (Local)
Current UTC offset: 0 (Local)

Updated Time Providers:
NtpClient (Local)
DllName: C:\Windows\system32\w32time.dll (Local)
Enabled: 1 (Local)
InputProvider: 1 (Local)
CrossSiteSyncFlags: 0 (Undefined or not used)
AllowNonstandardModeCombinations: 1 (Local)
ResolvePeerBackoffMinutes: 15 (Local)
ResolvePeerBackoffMaxTimes: 7 (Local)
CompatibilityFlags: 2147483648 (Local)
EventLogFlags: 1 (Local)
LargeSampleSkew: 3 (Local)
SpecialPollInterval: 16384 (Local)
Type: NTP (Local)
NtpServer: time.windows.com,0x9 (Local)

NtpServer (Local)
DllName: C:\Windows\system32\w32time.dll (Local)
Enabled: 0 (Local)
InputProvider: 0 (Local)


System Tick Count: 71651312
For more information, see https://go.microsoft.com/fwlink/?linkid=845961."
"19-08-2026 10:24:50","272","Information","Microsoft-Windows-Time-Service","Leap second configuration:
Enabled: 1 (Local)
Count: 0 (Local)
Current Offset from UTC(Seconds): 0 (Local)
Runtime state consistent with settings: 1
Newest Leap Seconds List (Local):

System Tick Count: 71651312.

For more information, see https://go.microsoft.com/fwlink/?linkid=845961."
"19-08-2026 10:24:50","260","Information","Microsoft-Windows-Time-Service","W32time Service periodic configuration and status message
Configuration:
EventLogFlags: 2 (Local)
AnnounceFlags: 10 (Local)
TimeJumpAuditOffset: 28800 (Local)
MinPollInterval: 10 (Local)
MaxPollInterval: 15 (Local)
MaxNegPhaseCorrection: 54000 (Local)
MaxPosPhaseCorrection: 54000 (Local)
MaxAllowedPhaseOffset: 1 (Local)

FrequencyCorrectRate: 4 (Local)
PollAdjustFactor: 5 (Local)
LargePhaseOffset: 50000000 (Local)
SpikeWatchPeriod: 900 (Local)
LocalClockDispersion: 10 (Local)
HoldPeriod: 5 (Local)
PhaseCorrectRate: 1 (Local)
UpdateInterval: 360000 (Local)

FileLogName:  (Local)
FileLogEntries:  (Local)
FileLogSize: 0 (Local)
FileLogFlags: 0 (Undefined or not used)

UtilizeSslTimeData: 1 (Local)

[Leap Seconds]
Enabled: 1 (Local)
Total Leap Seconds (after June 2018): 0 (Local)
Current UTC offset: 0 (Local)

Time Providers:
NtpClient (Local)
DllName: C:\Windows\system32\w32time.dll (Local)
Enabled: 1 (Local)
InputProvider: 1 (Local)
CrossSiteSyncFlags: 0 (Undefined or not used)
AllowNonstandardModeCombinations: 1 (Local)
ResolvePeerBackoffMinutes: 15 (Local)
ResolvePeerBackoffMaxTimes: 7 (Local)
CompatibilityFlags: 2147483648 (Local)
EventLogFlags: 1 (Local)
LargeSampleSkew: 3 (Local)
SpecialPollInterval: 16384 (Local)
Type: NTP (Local)
NtpServer: time.windows.com,0x9 (Local)

NtpServer (Local)
DllName: C:\Windows\system32\w32time.dll (Local)
Enabled: 0 (Local)
InputProvider: 0 (Local)



Current Status:
Leap Indicator: 3
Stratum: 0
Precision: -23
RootDelay: 0.0000000s
RootDispersion: 0.0000000s
ReferenceId: 0x00000000
Last Successful Sync Time: 1601-01-01T00:00:00.0Z (UTC)
Source: Local CMOS Clock
Poll Interval: 10
Phase Offset: 0.0000000s
Clock Rate: 156250
State Machine: 0
Time Source Flags: 0
Server Role: 0
Last Sync Error: 1
Time Since Last Good Sync: 1040.0163345s
System Tick Count: 71651312
For more information, see https://go.microsoft.com/fwlink/?linkid=845961."
"19-08-2026 10:24:50","259","Information","Microsoft-Windows-Time-Service","NTP Client provider periodic status:
Ntp Client is receiving time data from the following NTP Servers: ;  and the chosen reference time server is . System Tick Count 71651312. IFTSTMP:1.
For more information, see https://go.microsoft.com/fwlink/?linkid=845961."
"19-08-2026 10:07:30","264","Information","Microsoft-Windows-Time-Service","NTP Client observed a change peer reachability. Ntp Client is now receiving time data from the following NTP Servers: time.windows.com,0x9 (ntp.m|0x9|0.0.0.0:123->40.81.94.65:123);. System Tick Count: 70611359.
For more information, see https://go.microsoft.com/fwlink/?linkid=845961."
"19-08-2026 10:07:30","257","Information","Microsoft-Windows-Time-Service","W32time service has started at 2026-08-19T04:37:30.7Z (UTC), System Tick Count 70611265.
Configuration:
EventLogFlags: 2 (Local)
AnnounceFlags: 10 (Local)
TimeJumpAuditOffset: 28800 (Local)
MinPollInterval: 10 (Local)
MaxPollInterval: 15 (Local)
MaxNegPhaseCorrection: 54000 (Local)
MaxPosPhaseCorrection: 54000 (Local)
MaxAllowedPhaseOffset: 1 (Local)

FrequencyCorrectRate: 4 (Local)
PollAdjustFactor: 5 (Local)
LargePhaseOffset: 50000000 (Local)
SpikeWatchPeriod: 900 (Local)
LocalClockDispersion: 10 (Local)
HoldPeriod: 5 (Local)
PhaseCorrectRate: 1 (Local)
UpdateInterval: 360000 (Local)

FileLogName:  (Local)
FileLogEntries:  (Local)
FileLogSize: 0 (Local)
FileLogFlags: 0 (Undefined or not used)

UtilizeSslTimeData: 1 (Local)

[Leap Seconds]
Enabled: 1 (Local)
Total Leap Seconds (after June 2018): 0 (Local)
Current UTC offset: 0 (Local)

Time Providers:
NtpClient (Local)
DllName: C:\Windows\system32\w32time.dll (Local)
Enabled: 1 (Local)
InputProvider: 1 (Local)
CrossSiteSyncFlags: 0 (Undefined or not used)
AllowNonstandardModeCombinations: 1 (Local)
ResolvePeerBackoffMinutes: 15 (Local)
ResolvePeerBackoffMaxTimes: 7 (Local)
CompatibilityFlags: 2147483648 (Local)
EventLogFlags: 1 (Local)
LargeSampleSkew: 3 (Local)
SpecialPollInterval: 16384 (Local)
Type: NTP (Local)
NtpServer: time.windows.com,0x9 (Local)

NtpServer (Local)
DllName: C:\Windows\system32\w32time.dll (Local)
Enabled: 0 (Local)
InputProvider: 0 (Local)


Clock Rate:156250
For more information, see https://go.microsoft.com/fwlink/?linkid=845961."
"19-08-2026 10:07:29","272","Information","Microsoft-Windows-Time-Service","Leap second configuration:
Enabled: 1 (Local)
Count: 0 (Local)
Current Offset from UTC(Seconds): 0 (Local)
Runtime state consistent with settings: 1
Newest Leap Seconds List (Local):

System Tick Count: 70611265.

For more information, see https://go.microsoft.com/fwlink/?linkid=845961."
"18-08-2026 10:26:04","263","Information","Microsoft-Windows-Time-Service","W32time Service configuration parameters have been updated. This may impact the fine-grained time synchronization accuracy.
Updated Configuration:
EventLogFlags: 2 (Local)
AnnounceFlags: 10 (Local)
TimeJumpAuditOffset: 28800 (Local)
MinPollInterval: 10 (Local)
MaxPollInterval: 15 (Local)
MaxNegPhaseCorrection: 54000 (Local)
MaxPosPhaseCorrection: 54000 (Local)
MaxAllowedPhaseOffset: 1 (Local)

FrequencyCorrectRate: 4 (Local)
PollAdjustFactor: 5 (Local)
LargePhaseOffset: 50000000 (Local)
SpikeWatchPeriod: 900 (Local)
LocalClockDispersion: 10 (Local)
HoldPeriod: 5 (Local)
PhaseCorrectRate: 1 (Local)
UpdateInterval: 360000 (Local)

FileLogName:  (Local)
FileLogEntries:  (Local)
FileLogSize: 0 (Local)
FileLogFlags: 0 (Undefined or not used)

UtilizeSslTimeData: 1 (Local)

[Leap Seconds]
Enabled: 1 (Local)
Total Leap Seconds (after June 2018): 0 (Local)
Current UTC offset: 0 (Local)

Updated Time Providers:
NtpClient (Local)
DllName: C:\Windows\system32\w32time.dll (Local)
Enabled: 1 (Local)
InputProvider: 1 (Local)
CrossSiteSyncFlags: 0 (Undefined or not used)
AllowNonstandardModeCombinations: 1 (Local)
ResolvePeerBackoffMinutes: 15 (Local)
ResolvePeerBackoffMaxTimes: 7 (Local)
CompatibilityFlags: 2147483648 (Local)
EventLogFlags: 1 (Local)
LargeSampleSkew: 3 (Local)
SpecialPollInterval: 16384 (Local)
Type: NTP (Local)
NtpServer: time.windows.com,0x9 (Local)

NtpServer (Local)
DllName: C:\Windows\system32\w32time.dll (Local)
Enabled: 0 (Local)
InputProvider: 0 (Local)


System Tick Count: 599025140
For more information, see https://go.microsoft.com/fwlink/?linkid=845961."
"18-08-2026 10:26:04","272","Information","Microsoft-Windows-Time-Service","Leap second configuration:
Enabled: 1 (Local)
Count: 0 (Local)
Current Offset from UTC(Seconds): 0 (Local)
Runtime state consistent with settings: 1
Newest Leap Seconds List (Local):

System Tick Count: 599025125.

For more information, see https://go.microsoft.com/fwlink/?linkid=845961."
"18-08-2026 10:09:00","263","Information","Microsoft-Windows-Time-Service","W32time Service configuration parameters have been updated. This may impact the fine-grained time synchronization accuracy.
Updated Configuration:
EventLogFlags: 2 (Local)
AnnounceFlags: 10 (Local)
TimeJumpAuditOffset: 28800 (Local)
MinPollInterval: 10 (Local)
MaxPollInterval: 15 (Local)
MaxNegPhaseCorrection: 54000 (Local)
MaxPosPhaseCorrection: 54000 (Local)
MaxAllowedPhaseOffset: 1 (Local)

FrequencyCorrectRate: 4 (Local)
PollAdjustFactor: 5 (Local)
LargePhaseOffset: 50000000 (Local)
SpikeWatchPeriod: 900 (Local)
LocalClockDispersion: 10 (Local)
HoldPeriod: 5 (Local)
PhaseCorrectRate: 1 (Local)
UpdateInterval: 360000 (Local)

FileLogName:  (Local)
FileLogEntries:  (Local)
FileLogSize: 0 (Local)
FileLogFlags: 0 (Undefined or not used)

UtilizeSslTimeData: 1 (Local)

[Leap Seconds]
Enabled: 1 (Local)
Total Leap Seconds (after June 2018): 0 (Local)
Current UTC offset: 0 (Local)

Updated Time Providers:
NtpClient (Local)
DllName: C:\Windows\system32\w32time.dll (Local)
Enabled: 1 (Local)
InputProvider: 1 (Local)
CrossSiteSyncFlags: 0 (Undefined or not used)
AllowNonstandardModeCombinations: 1 (Local)
ResolvePeerBackoffMinutes: 15 (Local)
ResolvePeerBackoffMaxTimes: 7 (Local)
CompatibilityFlags: 2147483648 (Local)
EventLogFlags: 1 (Local)
LargeSampleSkew: 3 (Local)
SpecialPollInterval: 16384 (Local)
Type: NTP (Local)
NtpServer: time.windows.com,0x9 (Local)

NtpServer (Local)
DllName: C:\Windows\system32\w32time.dll (Local)
Enabled: 0 (Local)
InputProvider: 0 (Local)


System Tick Count: 598001125
For more information, see https://go.microsoft.com/fwlink/?linkid=845961."
"18-08-2026 10:09:00","272","Information","Microsoft-Windows-Time-Service","Leap second configuration:
Enabled: 1 (Local)
Count: 0 (Local)
Current Offset from UTC(Seconds): 0 (Local)
Runtime state consistent with settings: 1
Newest Leap Seconds List (Local):

System Tick Count: 598001109.

For more information, see https://go.microsoft.com/fwlink/?linkid=845961."
"18-08-2026 10:09:00","260","Information","Microsoft-Windows-Time-Service","W32time Service periodic configuration and status message
Configuration:
EventLogFlags: 2 (Local)
AnnounceFlags: 10 (Local)
TimeJumpAuditOffset: 28800 (Local)
MinPollInterval: 10 (Local)
MaxPollInterval: 15 (Local)
MaxNegPhaseCorrection: 54000 (Local)
MaxPosPhaseCorrection: 54000 (Local)
MaxAllowedPhaseOffset: 1 (Local)

FrequencyCorrectRate: 4 (Local)
PollAdjustFactor: 5 (Local)
LargePhaseOffset: 50000000 (Local)
SpikeWatchPeriod: 900 (Local)
LocalClockDispersion: 10 (Local)
HoldPeriod: 5 (Local)
PhaseCorrectRate: 1 (Local)
UpdateInterval: 360000 (Local)

FileLogName:  (Local)
FileLogEntries:  (Local)
FileLogSize: 0 (Local)
FileLogFlags: 0 (Undefined or not used)

UtilizeSslTimeData: 1 (Local)

[Leap Seconds]
Enabled: 1 (Local)
Total Leap Seconds (after June 2018): 0 (Local)
Current UTC offset: 0 (Local)

Time Providers:
NtpClient (Local)
DllName: C:\Windows\system32\w32time.dll (Local)
Enabled: 1 (Local)
InputProvider: 1 (Local)
CrossSiteSyncFlags: 0 (Undefined or not used)
AllowNonstandardModeCombinations: 1 (Local)
ResolvePeerBackoffMinutes: 15 (Local)
ResolvePeerBackoffMaxTimes: 7 (Local)
CompatibilityFlags: 2147483648 (Local)
EventLogFlags: 1 (Local)
LargeSampleSkew: 3 (Local)
SpecialPollInterval: 16384 (Local)
Type: NTP (Local)
NtpServer: time.windows.com,0x9 (Local)

NtpServer (Local)
DllName: C:\Windows\system32\w32time.dll (Local)
Enabled: 0 (Local)
InputProvider: 0 (Local)



Current Status:
Leap Indicator: 3
Stratum: 0
Precision: -23
RootDelay: 0.0000000s
RootDispersion: 0.0000000s
ReferenceId: 0x00000000
Last Successful Sync Time: 1601-01-01T00:00:00.0Z (UTC)
Source: Local CMOS Clock
Poll Interval: 10
Phase Offset: 0.0000000s
Clock Rate: 156250
State Machine: 0
Time Source Flags: 0
Server Role: 0
Last Sync Error: 1
Time Since Last Good Sync: 1040.0030717s
System Tick Count: 598001109
For more information, see https://go.microsoft.com/fwlink/?linkid=845961."
"18-08-2026 10:09:00","259","Information","Microsoft-Windows-Time-Service","NTP Client provider periodic status:
Ntp Client is receiving time data from the following NTP Servers: ;  and the chosen reference time server is . System Tick Count 598001109. IFTSTMP:1.
For more information, see https://go.microsoft.com/fwlink/?linkid=845961."
"18-08-2026 09:51:40","264","Information","Microsoft-Windows-Time-Service","NTP Client observed a change peer reachability. Ntp Client is now receiving time data from the following NTP Servers: time.windows.com,0x9 (ntp.m|0x9|0.0.0.0:123->40.81.94.65:123);. System Tick Count: 596961125.
For more information, see https://go.microsoft.com/fwlink/?linkid=845961."
"18-08-2026 09:51:40","257","Information","Microsoft-Windows-Time-Service","W32time service has started at 2026-08-18T04:21:40.171Z (UTC), System Tick Count 596960937.
Configuration:
EventLogFlags: 2 (Local)
AnnounceFlags: 10 (Local)
TimeJumpAuditOffset: 28800 (Local)
MinPollInterval: 10 (Local)
MaxPollInterval: 15 (Local)
MaxNegPhaseCorrection: 54000 (Local)
MaxPosPhaseCorrection: 54000 (Local)
MaxAllowedPhaseOffset: 1 (Local)

FrequencyCorrectRate: 4 (Local)
PollAdjustFactor: 5 (Local)
LargePhaseOffset: 50000000 (Local)
SpikeWatchPeriod: 900 (Local)
LocalClockDispersion: 10 (Local)
HoldPeriod: 5 (Local)
PhaseCorrectRate: 1 (Local)
UpdateInterval: 360000 (Local)

FileLogName:  (Local)
FileLogEntries:  (Local)
FileLogSize: 0 (Local)
FileLogFlags: 0 (Undefined or not used)

UtilizeSslTimeData: 1 (Local)

[Leap Seconds]
Enabled: 1 (Local)
Total Leap Seconds (after June 2018): 0 (Local)
Current UTC offset: 0 (Local)

Time Providers:
NtpClient (Local)
DllName: C:\Windows\system32\w32time.dll (Local)
Enabled: 1 (Local)
InputProvider: 1 (Local)
CrossSiteSyncFlags: 0 (Undefined or not used)
AllowNonstandardModeCombinations: 1 (Local)
ResolvePeerBackoffMinutes: 15 (Local)
ResolvePeerBackoffMaxTimes: 7 (Local)
CompatibilityFlags: 2147483648 (Local)
EventLogFlags: 1 (Local)
LargeSampleSkew: 3 (Local)
SpecialPollInterval: 16384 (Local)
Type: NTP (Local)
NtpServer: time.windows.com,0x9 (Local)

NtpServer (Local)
DllName: C:\Windows\system32\w32time.dll (Local)
Enabled: 0 (Local)
InputProvider: 0 (Local)


Clock Rate:156250
For more information, see https://go.microsoft.com/fwlink/?linkid=845961."
"18-08-2026 09:51:40","272","Information","Microsoft-Windows-Time-Service","Leap second configuration:
Enabled: 1 (Local)
Count: 0 (Local)
Current Offset from UTC(Seconds): 0 (Local)
Runtime state consistent with settings: 1
Newest Leap Seconds List (Local):

System Tick Count: 596960937.

For more information, see https://go.microsoft.com/fwlink/?linkid=845961."
"17-08-2026 14:36:17","258","Information","Microsoft-Windows-Time-Service","W32time service is stopping at 2026-08-17T09:06:17.397Z (UTC), System Tick Count 527638312 with return code: 0x00000000: Success.
For more information, see https://go.microsoft.com/fwlink/?linkid=845961."
"17-08-2026 14:36:17","261","Information","Microsoft-Windows-Time-Service","W32time service has set the system time to 2026-08-17T09:06:17.388Z(UTC). Previous system time was 2026-08-17T09:06:17.387Z(UTC). System Tick Count: 527638312
For more information, see https://go.microsoft.com/fwlink/?linkid=845961."
"17-08-2026 14:36:17","261","Information","Microsoft-Windows-Time-Service","W32time service has set the system time to 2026-08-17T09:06:17.385Z(UTC). Previous system time was 2026-08-17T09:06:17.384Z(UTC). System Tick Count: 527638296
For more information, see https://go.microsoft.com/fwlink/?linkid=845961."
"17-08-2026 14:36:17","266","Information","Microsoft-Windows-Time-Service","W32time Service received notification to rediscover its time sources and/or resynchronize time. Reason Code:3 System Tick Count: 527638296
Reason code description:
0 : An explicit time resynchronization request from an administrator
1 : Power state changes on this machine
2 : Changes to the network interface or to the network topology
3 : State changes within W32time that require time synchronization
The actions that follow this notifcation may impact fine-grained time synchronization accuracy.For more information, see https://go.microsoft.com/fwlink/?linkid=845961."
"17-08-2026 14:36:17","265","Information","Microsoft-Windows-Time-Service","The time service is now synchronizing the system time with the reference time source time.windows.com,0x9 (ntp.m|0x9|0.0.0.0:123->40.81.94.65:123) with reference id 0x28515E41. Current local stratum number is 5, System Tick Count: 527638296.
For more information, see https://go.microsoft.com/fwlink/?linkid=845961."
"17-08-2026 14:36:17","261","Information","Microsoft-Windows-Time-Service","W32time service has set the system time to 2026-08-17T09:06:17.382Z(UTC). Previous system time was 2026-08-17T09:06:18.527Z(UTC). System Tick Count: 527638296
For more information, see https://go.microsoft.com/fwlink/?linkid=845961."
"17-08-2026 14:36:02","264","Information","Microsoft-Windows-Time-Service","NTP Client observed a change peer reachability. Ntp Client is now receiving time data from the following NTP Servers: time.windows.com,0x9 (ntp.m|0x9|0.0.0.0:123->40.81.94.65:123);. System Tick Count: 527622328.
For more information, see https://go.microsoft.com/fwlink/?linkid=845961."
"17-08-2026 11:11:30","263","Information","Microsoft-Windows-Time-Service","W32time Service configuration parameters have been updated. This may impact the fine-grained time synchronization accuracy.
Updated Configuration:
EventLogFlags: 2 (Local)
AnnounceFlags: 10 (Local)
TimeJumpAuditOffset: 28800 (Local)
MinPollInterval: 10 (Local)
MaxPollInterval: 15 (Local)
MaxNegPhaseCorrection: 54000 (Local)
MaxPosPhaseCorrection: 54000 (Local)
MaxAllowedPhaseOffset: 1 (Local)

FrequencyCorrectRate: 4 (Local)
PollAdjustFactor: 5 (Local)
LargePhaseOffset: 50000000 (Local)
SpikeWatchPeriod: 900 (Local)
LocalClockDispersion: 10 (Local)
HoldPeriod: 5 (Local)
PhaseCorrectRate: 1 (Local)
UpdateInterval: 360000 (Local)

FileLogName:  (Local)
FileLogEntries:  (Local)
FileLogSize: 0 (Local)
FileLogFlags: 0 (Undefined or not used)

UtilizeSslTimeData: 1 (Local)

[Leap Seconds]
Enabled: 1 (Local)
Total Leap Seconds (after June 2018): 0 (Local)
Current UTC offset: 0 (Local)

Updated Time Providers:
NtpClient (Local)
DllName: C:\Windows\system32\w32time.dll (Local)
Enabled: 1 (Local)
InputProvider: 1 (Local)
CrossSiteSyncFlags: 0 (Undefined or not used)
AllowNonstandardModeCombinations: 1 (Local)
ResolvePeerBackoffMinutes: 15 (Local)
ResolvePeerBackoffMaxTimes: 7 (Local)
CompatibilityFlags: 2147483648 (Local)
EventLogFlags: 1 (Local)
LargeSampleSkew: 3 (Local)
SpecialPollInterval: 16384 (Local)
Type: NTP (Local)
NtpServer: time.windows.com,0x9 (Local)

NtpServer (Local)
DllName: C:\Windows\system32\w32time.dll (Local)
Enabled: 0 (Local)
InputProvider: 0 (Local)


System Tick Count: 515350203
For more information, see https://go.microsoft.com/fwlink/?linkid=845961."
"17-08-2026 11:11:30","272","Information","Microsoft-Windows-Time-Service","Leap second configuration:
Enabled: 1 (Local)
Count: 0 (Local)
Current Offset from UTC(Seconds): 0 (Local)
Runtime state consistent with settings: 1
Newest Leap Seconds List (Local):

System Tick Count: 515350187.

For more information, see https://go.microsoft.com/fwlink/?linkid=845961."
"17-08-2026 10:54:26","263","Information","Microsoft-Windows-Time-Service","W32time Service configuration parameters have been updated. This may impact the fine-grained time synchronization accuracy.
Updated Configuration:
EventLogFlags: 2 (Local)
AnnounceFlags: 10 (Local)
TimeJumpAuditOffset: 28800 (Local)
MinPollInterval: 10 (Local)
MaxPollInterval: 15 (Local)
MaxNegPhaseCorrection: 54000 (Local)
MaxPosPhaseCorrection: 54000 (Local)
MaxAllowedPhaseOffset: 1 (Local)

FrequencyCorrectRate: 4 (Local)
PollAdjustFactor: 5 (Local)
LargePhaseOffset: 50000000 (Local)
SpikeWatchPeriod: 900 (Local)
LocalClockDispersion: 10 (Local)
HoldPeriod: 5 (Local)
PhaseCorrectRate: 1 (Local)
UpdateInterval: 360000 (Local)

FileLogName:  (Local)
FileLogEntries:  (Local)
FileLogSize: 0 (Local)
FileLogFlags: 0 (Undefined or not used)

UtilizeSslTimeData: 1 (Local)

[Leap Seconds]
Enabled: 1 (Local)
Total Leap Seconds (after June 2018): 0 (Local)
Current UTC offset: 0 (Local)

Updated Time Providers:
NtpClient (Local)
DllName: C:\Windows\system32\w32time.dll (Local)
Enabled: 1 (Local)
InputProvider: 1 (Local)
CrossSiteSyncFlags: 0 (Undefined or not used)
AllowNonstandardModeCombinations: 1 (Local)
ResolvePeerBackoffMinutes: 15 (Local)
ResolvePeerBackoffMaxTimes: 7 (Local)
CompatibilityFlags: 2147483648 (Local)
EventLogFlags: 1 (Local)
LargeSampleSkew: 3 (Local)
SpecialPollInterval: 16384 (Local)
Type: NTP (Local)
NtpServer: time.windows.com,0x9 (Local)

NtpServer (Local)
DllName: C:\Windows\system32\w32time.dll (Local)
Enabled: 0 (Local)
InputProvider: 0 (Local)


System Tick Count: 514326187
For more information, see https://go.microsoft.com/fwlink/?linkid=845961."
"17-08-2026 10:54:26","272","Information","Microsoft-Windows-Time-Service","Leap second configuration:
Enabled: 1 (Local)
Count: 0 (Local)
Current Offset from UTC(Seconds): 0 (Local)
Runtime state consistent with settings: 1
Newest Leap Seconds List (Local):

System Tick Count: 514326187.

For more information, see https://go.microsoft.com/fwlink/?linkid=845961."
"17-08-2026 10:37:22","263","Information","Microsoft-Windows-Time-Service","W32time Service configuration parameters have been updated. This may impact the fine-grained time synchronization accuracy.
Updated Configuration:
EventLogFlags: 2 (Local)
AnnounceFlags: 10 (Local)
TimeJumpAuditOffset: 28800 (Local)
MinPollInterval: 10 (Local)
MaxPollInterval: 15 (Local)
MaxNegPhaseCorrection: 54000 (Local)
MaxPosPhaseCorrection: 54000 (Local)
MaxAllowedPhaseOffset: 1 (Local)

FrequencyCorrectRate: 4 (Local)
PollAdjustFactor: 5 (Local)
LargePhaseOffset: 50000000 (Local)
SpikeWatchPeriod: 900 (Local)
LocalClockDispersion: 10 (Local)
HoldPeriod: 5 (Local)
PhaseCorrectRate: 1 (Local)
UpdateInterval: 360000 (Local)

FileLogName:  (Local)
FileLogEntries:  (Local)
FileLogSize: 0 (Local)
FileLogFlags: 0 (Undefined or not used)

UtilizeSslTimeData: 1 (Local)

[Leap Seconds]
Enabled: 1 (Local)
Total Leap Seconds (after June 2018): 0 (Local)
Current UTC offset: 0 (Local)

Updated Time Providers:
NtpClient (Local)
DllName: C:\Windows\system32\w32time.dll (Local)
Enabled: 1 (Local)
InputProvider: 1 (Local)
CrossSiteSyncFlags: 0 (Undefined or not used)
AllowNonstandardModeCombinations: 1 (Local)
ResolvePeerBackoffMinutes: 15 (Local)
ResolvePeerBackoffMaxTimes: 7 (Local)
CompatibilityFlags: 2147483648 (Local)
EventLogFlags: 1 (Local)
LargeSampleSkew: 3 (Local)
SpecialPollInterval: 16384 (Local)
Type: NTP (Local)
NtpServer: time.windows.com,0x9 (Local)

NtpServer (Local)
DllName: C:\Windows\system32\w32time.dll (Local)
Enabled: 0 (Local)
InputProvider: 0 (Local)


System Tick Count: 513302187
For more information, see https://go.microsoft.com/fwlink/?linkid=845961."
"17-08-2026 10:37:22","272","Information","Microsoft-Windows-Time-Service","Leap second configuration:
Enabled: 1 (Local)
Count: 0 (Local)
Current Offset from UTC(Seconds): 0 (Local)
Runtime state consistent with settings: 1
Newest Leap Seconds List (Local):

System Tick Count: 513302171.

For more information, see https://go.microsoft.com/fwlink/?linkid=845961."
"17-08-2026 10:20:18","263","Information","Microsoft-Windows-Time-Service","W32time Service configuration parameters have been updated. This may impact the fine-grained time synchronization accuracy.
Updated Configuration:
EventLogFlags: 2 (Local)
AnnounceFlags: 10 (Local)
TimeJumpAuditOffset: 28800 (Local)
MinPollInterval: 10 (Local)
MaxPollInterval: 15 (Local)
MaxNegPhaseCorrection: 54000 (Local)
MaxPosPhaseCorrection: 54000 (Local)
MaxAllowedPhaseOffset: 1 (Local)

FrequencyCorrectRate: 4 (Local)
PollAdjustFactor: 5 (Local)
LargePhaseOffset: 50000000 (Local)
SpikeWatchPeriod: 900 (Local)
LocalClockDispersion: 10 (Local)
HoldPeriod: 5 (Local)
PhaseCorrectRate: 1 (Local)
UpdateInterval: 360000 (Local)

FileLogName:  (Local)
FileLogEntries:  (Local)
FileLogSize: 0 (Local)
FileLogFlags: 0 (Undefined or not used)

UtilizeSslTimeData: 1 (Local)

[Leap Seconds]
Enabled: 1 (Local)
Total Leap Seconds (after June 2018): 0 (Local)
Current UTC offset: 0 (Local)

Updated Time Providers:
NtpClient (Local)
DllName: C:\Windows\system32\w32time.dll (Local)
Enabled: 1 (Local)
InputProvider: 1 (Local)
CrossSiteSyncFlags: 0 (Undefined or not used)
AllowNonstandardModeCombinations: 1 (Local)
ResolvePeerBackoffMinutes: 15 (Local)
ResolvePeerBackoffMaxTimes: 7 (Local)
CompatibilityFlags: 2147483648 (Local)
EventLogFlags: 1 (Local)
LargeSampleSkew: 3 (Local)
SpecialPollInterval: 16384 (Local)
Type: NTP (Local)
NtpServer: time.windows.com,0x9 (Local)

NtpServer (Local)
DllName: C:\Windows\system32\w32time.dll (Local)
Enabled: 0 (Local)
InputProvider: 0 (Local)


System Tick Count: 512278171
For more information, see https://go.microsoft.com/fwlink/?linkid=845961."
"17-08-2026 10:20:18","272","Information","Microsoft-Windows-Time-Service","Leap second configuration:
Enabled: 1 (Local)
Count: 0 (Local)
Current Offset from UTC(Seconds): 0 (Local)
Runtime state consistent with settings: 1
Newest Leap Seconds List (Local):

System Tick Count: 512278156.

For more information, see https://go.microsoft.com/fwlink/?linkid=845961."
"17-08-2026 10:20:18","260","Information","Microsoft-Windows-Time-Service","W32time Service periodic configuration and status message
Configuration:
EventLogFlags: 2 (Local)
AnnounceFlags: 10 (Local)
TimeJumpAuditOffset: 28800 (Local)
MinPollInterval: 10 (Local)
MaxPollInterval: 15 (Local)
MaxNegPhaseCorrection: 54000 (Local)
MaxPosPhaseCorrection: 54000 (Local)
MaxAllowedPhaseOffset: 1 (Local)

FrequencyCorrectRate: 4 (Local)
PollAdjustFactor: 5 (Local)
LargePhaseOffset: 50000000 (Local)
SpikeWatchPeriod: 900 (Local)
LocalClockDispersion: 10 (Local)
HoldPeriod: 5 (Local)
PhaseCorrectRate: 1 (Local)
UpdateInterval: 360000 (Local)

FileLogName:  (Local)
FileLogEntries:  (Local)
FileLogSize: 0 (Local)
FileLogFlags: 0 (Undefined or not used)

UtilizeSslTimeData: 1 (Local)

[Leap Seconds]
Enabled: 1 (Local)
Total Leap Seconds (after June 2018): 0 (Local)
Current UTC offset: 0 (Local)

Time Providers:
NtpClient (Local)
DllName: C:\Windows\system32\w32time.dll (Local)
Enabled: 1 (Local)
InputProvider: 1 (Local)
CrossSiteSyncFlags: 0 (Undefined or not used)
AllowNonstandardModeCombinations: 1 (Local)
ResolvePeerBackoffMinutes: 15 (Local)
ResolvePeerBackoffMaxTimes: 7 (Local)
CompatibilityFlags: 2147483648 (Local)
EventLogFlags: 1 (Local)
LargeSampleSkew: 3 (Local)
SpecialPollInterval: 16384 (Local)
Type: NTP (Local)
NtpServer: time.windows.com,0x9 (Local)

NtpServer (Local)
DllName: C:\Windows\system32\w32time.dll (Local)
Enabled: 0 (Local)
InputProvider: 0 (Local)



Current Status:
Leap Indicator: 3
Stratum: 0
Precision: -23
RootDelay: 0.0000000s
RootDispersion: 0.0000000s
ReferenceId: 0x00000000
Last Successful Sync Time: 1601-01-01T00:00:00.0Z (UTC)
Source: Local CMOS Clock
Poll Interval: 10
Phase Offset: 0.0000000s
Clock Rate: 156250
State Machine: 0
Time Source Flags: 0
Server Role: 0
Last Sync Error: 1
Time Since Last Good Sync: 1040.0269647s
System Tick Count: 512278156
For more information, see https://go.microsoft.com/fwlink/?linkid=845961."
"17-08-2026 10:20:18","259","Information","Microsoft-Windows-Time-Service","NTP Client provider periodic status:
Ntp Client is receiving time data from the following NTP Servers: ;  and the chosen reference time server is . System Tick Count 512278156. IFTSTMP:1.
For more information, see https://go.microsoft.com/fwlink/?linkid=845961."
"17-08-2026 10:02:58","264","Information","Microsoft-Windows-Time-Service","NTP Client observed a change peer reachability. Ntp Client is now receiving time data from the following NTP Servers: time.windows.com,0x9 (ntp.m|0x9|0.0.0.0:123->40.81.94.65:123);. System Tick Count: 511238171.
For more information, see https://go.microsoft.com/fwlink/?linkid=845961."
"17-08-2026 10:02:58","257","Information","Microsoft-Windows-Time-Service","W32time service has started at 2026-08-17T04:32:58.355Z (UTC), System Tick Count 511238093.
Configuration:
EventLogFlags: 2 (Local)
AnnounceFlags: 10 (Local)
TimeJumpAuditOffset: 28800 (Local)
MinPollInterval: 10 (Local)
MaxPollInterval: 15 (Local)
MaxNegPhaseCorrection: 54000 (Local)
MaxPosPhaseCorrection: 54000 (Local)
MaxAllowedPhaseOffset: 1 (Local)

FrequencyCorrectRate: 4 (Local)
PollAdjustFactor: 5 (Local)
LargePhaseOffset: 50000000 (Local)
SpikeWatchPeriod: 900 (Local)
LocalClockDispersion: 10 (Local)
HoldPeriod: 5 (Local)
PhaseCorrectRate: 1 (Local)
UpdateInterval: 360000 (Local)

FileLogName:  (Local)
FileLogEntries:  (Local)
FileLogSize: 0 (Local)
FileLogFlags: 0 (Undefined or not used)

UtilizeSslTimeData: 1 (Local)

[Leap Seconds]
Enabled: 1 (Local)
Total Leap Seconds (after June 2018): 0 (Local)
Current UTC offset: 0 (Local)

Time Providers:
NtpClient (Local)
DllName: C:\Windows\system32\w32time.dll (Local)
Enabled: 1 (Local)
InputProvider: 1 (Local)
CrossSiteSyncFlags: 0 (Undefined or not used)
AllowNonstandardModeCombinations: 1 (Local)
ResolvePeerBackoffMinutes: 15 (Local)
ResolvePeerBackoffMaxTimes: 7 (Local)
CompatibilityFlags: 2147483648 (Local)
EventLogFlags: 1 (Local)
LargeSampleSkew: 3 (Local)
SpecialPollInterval: 16384 (Local)
Type: NTP (Local)
NtpServer: time.windows.com,0x9 (Local)

NtpServer (Local)
DllName: C:\Windows\system32\w32time.dll (Local)
Enabled: 0 (Local)
InputProvider: 0 (Local)


Clock Rate:156250
For more information, see https://go.microsoft.com/fwlink/?linkid=845961."
"17-08-2026 10:02:58","272","Information","Microsoft-Windows-Time-Service","Leap second configuration:
Enabled: 1 (Local)
Count: 0 (Local)
Current Offset from UTC(Seconds): 0 (Local)
Runtime state consistent with settings: 1
Newest Leap Seconds List (Local):

System Tick Count: 511238093.

For more information, see https://go.microsoft.com/fwlink/?linkid=845961."
"14-08-2026 18:25:31","258","Information","Microsoft-Windows-Time-Service","W32time service is stopping at 2026-08-14T12:55:31.885Z (UTC), System Tick Count 282191656 with return code: 0x00000000: Success.
For more information, see https://go.microsoft.com/fwlink/?linkid=845961."
"14-08-2026 18:25:31","261","Information","Microsoft-Windows-Time-Service","W32time service has set the system time to 2026-08-14T12:55:31.876Z(UTC). Previous system time was 2026-08-14T12:55:31.873Z(UTC). System Tick Count: 282191640
For more information, see https://go.microsoft.com/fwlink/?linkid=845961."
"14-08-2026 18:25:31","265","Information","Microsoft-Windows-Time-Service","The time service is now synchronizing the system time with the reference time source time.windows.com,0x9 (ntp.m|0x9|0.0.0.0:123->40.81.94.65:123) with reference id 0x28515E41. Current local stratum number is 5, System Tick Count: 282191640.
For more information, see https://go.microsoft.com/fwlink/?linkid=845961."
"14-08-2026 18:25:15","264","Information","Microsoft-Windows-Time-Service","NTP Client observed a change peer reachability. Ntp Client is now receiving time data from the following NTP Servers: time.windows.com,0x9 (ntp.m|0x9|0.0.0.0:123->40.81.94.65:123);. System Tick Count: 282175687.
For more information, see https://go.microsoft.com/fwlink/?linkid=845961."
"14-08-2026 15:00:43","263","Information","Microsoft-Windows-Time-Service","W32time Service configuration parameters have been updated. This may impact the fine-grained time synchronization accuracy.
Updated Configuration:
EventLogFlags: 2 (Local)
AnnounceFlags: 10 (Local)
TimeJumpAuditOffset: 28800 (Local)
MinPollInterval: 10 (Local)
MaxPollInterval: 15 (Local)
MaxNegPhaseCorrection: 54000 (Local)
MaxPosPhaseCorrection: 54000 (Local)
MaxAllowedPhaseOffset: 1 (Local)

FrequencyCorrectRate: 4 (Local)
PollAdjustFactor: 5 (Local)
LargePhaseOffset: 50000000 (Local)
SpikeWatchPeriod: 900 (Local)
LocalClockDispersion: 10 (Local)
HoldPeriod: 5 (Local)
PhaseCorrectRate: 1 (Local)
UpdateInterval: 360000 (Local)

FileLogName:  (Local)
FileLogEntries:  (Local)
FileLogSize: 0 (Local)
FileLogFlags: 0 (Undefined or not used)

UtilizeSslTimeData: 1 (Local)

[Leap Seconds]
Enabled: 1 (Local)
Total Leap Seconds (after June 2018): 0 (Local)
Current UTC offset: 0 (Local)

Updated Time Providers:
NtpClient (Local)
DllName: C:\Windows\system32\w32time.dll (Local)
Enabled: 1 (Local)
InputProvider: 1 (Local)
CrossSiteSyncFlags: 0 (Undefined or not used)
AllowNonstandardModeCombinations: 1 (Local)
ResolvePeerBackoffMinutes: 15 (Local)
ResolvePeerBackoffMaxTimes: 7 (Local)
CompatibilityFlags: 2147483648 (Local)
EventLogFlags: 1 (Local)
LargeSampleSkew: 3 (Local)
SpecialPollInterval: 16384 (Local)
Type: NTP (Local)
NtpServer: time.windows.com,0x9 (Local)

NtpServer (Local)
DllName: C:\Windows\system32\w32time.dll (Local)
Enabled: 0 (Local)
InputProvider: 0 (Local)


System Tick Count: 269903531
For more information, see https://go.microsoft.com/fwlink/?linkid=845961."
"14-08-2026 15:00:43","272","Information","Microsoft-Windows-Time-Service","Leap second configuration:
Enabled: 1 (Local)
Count: 0 (Local)
Current Offset from UTC(Seconds): 0 (Local)
Runtime state consistent with settings: 1
Newest Leap Seconds List (Local):

System Tick Count: 269903531.

For more information, see https://go.microsoft.com/fwlink/?linkid=845961."
"14-08-2026 14:43:39","263","Information","Microsoft-Windows-Time-Service","W32time Service configuration parameters have been updated. This may impact the fine-grained time synchronization accuracy.
Updated Configuration:
EventLogFlags: 2 (Local)
AnnounceFlags: 10 (Local)
TimeJumpAuditOffset: 28800 (Local)
MinPollInterval: 10 (Local)
MaxPollInterval: 15 (Local)
MaxNegPhaseCorrection: 54000 (Local)
MaxPosPhaseCorrection: 54000 (Local)
MaxAllowedPhaseOffset: 1 (Local)

FrequencyCorrectRate: 4 (Local)
PollAdjustFactor: 5 (Local)
LargePhaseOffset: 50000000 (Local)
SpikeWatchPeriod: 900 (Local)
LocalClockDispersion: 10 (Local)
HoldPeriod: 5 (Local)
PhaseCorrectRate: 1 (Local)
UpdateInterval: 360000 (Local)

FileLogName:  (Local)
FileLogEntries:  (Local)
FileLogSize: 0 (Local)
FileLogFlags: 0 (Undefined or not used)

UtilizeSslTimeData: 1 (Local)

[Leap Seconds]
Enabled: 1 (Local)
Total Leap Seconds (after June 2018): 0 (Local)
Current UTC offset: 0 (Local)

Updated Time Providers:
NtpClient (Local)
DllName: C:\Windows\system32\w32time.dll (Local)
Enabled: 1 (Local)
InputProvider: 1 (Local)
CrossSiteSyncFlags: 0 (Undefined or not used)
AllowNonstandardModeCombinations: 1 (Local)
ResolvePeerBackoffMinutes: 15 (Local)
ResolvePeerBackoffMaxTimes: 7 (Local)
CompatibilityFlags: 2147483648 (Local)
EventLogFlags: 1 (Local)
LargeSampleSkew: 3 (Local)
SpecialPollInterval: 16384 (Local)
Type: NTP (Local)
NtpServer: time.windows.com,0x9 (Local)

NtpServer (Local)
DllName: C:\Windows\system32\w32time.dll (Local)
Enabled: 0 (Local)
InputProvider: 0 (Local)


System Tick Count: 268879531
For more information, see https://go.microsoft.com/fwlink/?linkid=845961."
"14-08-2026 14:43:39","272","Information","Microsoft-Windows-Time-Service","Leap second configuration:
Enabled: 1 (Local)
Count: 0 (Local)
Current Offset from UTC(Seconds): 0 (Local)
Runtime state consistent with settings: 1
Newest Leap Seconds List (Local):

System Tick Count: 268879531.

For more information, see https://go.microsoft.com/fwlink/?linkid=845961."
"14-08-2026 14:26:35","263","Information","Microsoft-Windows-Time-Service","W32time Service configuration parameters have been updated. This may impact the fine-grained time synchronization accuracy.
Updated Configuration:
EventLogFlags: 2 (Local)
AnnounceFlags: 10 (Local)
TimeJumpAuditOffset: 28800 (Local)
MinPollInterval: 10 (Local)
MaxPollInterval: 15 (Local)
MaxNegPhaseCorrection: 54000 (Local)
MaxPosPhaseCorrection: 54000 (Local)
MaxAllowedPhaseOffset: 1 (Local)

FrequencyCorrectRate: 4 (Local)
PollAdjustFactor: 5 (Local)
LargePhaseOffset: 50000000 (Local)
SpikeWatchPeriod: 900 (Local)
LocalClockDispersion: 10 (Local)
HoldPeriod: 5 (Local)
PhaseCorrectRate: 1 (Local)
UpdateInterval: 360000 (Local)

FileLogName:  (Local)
FileLogEntries:  (Local)
FileLogSize: 0 (Local)
FileLogFlags: 0 (Undefined or not used)

UtilizeSslTimeData: 1 (Local)

[Leap Seconds]
Enabled: 1 (Local)
Total Leap Seconds (after June 2018): 0 (Local)
Current UTC offset: 0 (Local)

Updated Time Providers:
NtpClient (Local)
DllName: C:\Windows\system32\w32time.dll (Local)
Enabled: 1 (Local)
InputProvider: 1 (Local)
CrossSiteSyncFlags: 0 (Undefined or not used)
AllowNonstandardModeCombinations: 1 (Local)
ResolvePeerBackoffMinutes: 15 (Local)
ResolvePeerBackoffMaxTimes: 7 (Local)
CompatibilityFlags: 2147483648 (Local)
EventLogFlags: 1 (Local)
LargeSampleSkew: 3 (Local)
SpecialPollInterval: 16384 (Local)
Type: NTP (Local)
NtpServer: time.windows.com,0x9 (Local)

NtpServer (Local)
DllName: C:\Windows\system32\w32time.dll (Local)
Enabled: 0 (Local)
InputProvider: 0 (Local)


System Tick Count: 267855531
For more information, see https://go.microsoft.com/fwlink/?linkid=845961."
"14-08-2026 14:26:35","272","Information","Microsoft-Windows-Time-Service","Leap second configuration:
Enabled: 1 (Local)
Count: 0 (Local)
Current Offset from UTC(Seconds): 0 (Local)
Runtime state consistent with settings: 1
Newest Leap Seconds List (Local):

System Tick Count: 267855515.

For more information, see https://go.microsoft.com/fwlink/?linkid=845961."
"14-08-2026 14:09:31","263","Information","Microsoft-Windows-Time-Service","W32time Service configuration parameters have been updated. This may impact the fine-grained time synchronization accuracy.
Updated Configuration:
EventLogFlags: 2 (Local)
AnnounceFlags: 10 (Local)
TimeJumpAuditOffset: 28800 (Local)
MinPollInterval: 10 (Local)
MaxPollInterval: 15 (Local)
MaxNegPhaseCorrection: 54000 (Local)
MaxPosPhaseCorrection: 54000 (Local)
MaxAllowedPhaseOffset: 1 (Local)

FrequencyCorrectRate: 4 (Local)
PollAdjustFactor: 5 (Local)
LargePhaseOffset: 50000000 (Local)
SpikeWatchPeriod: 900 (Local)
LocalClockDispersion: 10 (Local)
HoldPeriod: 5 (Local)
PhaseCorrectRate: 1 (Local)
UpdateInterval: 360000 (Local)

FileLogName:  (Local)
FileLogEntries:  (Local)
FileLogSize: 0 (Local)
FileLogFlags: 0 (Undefined or not used)

UtilizeSslTimeData: 1 (Local)

[Leap Seconds]
Enabled: 1 (Local)
Total Leap Seconds (after June 2018): 0 (Local)
Current UTC offset: 0 (Local)

Updated Time Providers:
NtpClient (Local)
DllName: C:\Windows\system32\w32time.dll (Local)
Enabled: 1 (Local)
InputProvider: 1 (Local)
CrossSiteSyncFlags: 0 (Undefined or not used)
AllowNonstandardModeCombinations: 1 (Local)
ResolvePeerBackoffMinutes: 15 (Local)
ResolvePeerBackoffMaxTimes: 7 (Local)
CompatibilityFlags: 2147483648 (Local)
EventLogFlags: 1 (Local)
LargeSampleSkew: 3 (Local)
SpecialPollInterval: 16384 (Local)
Type: NTP (Local)
NtpServer: time.windows.com,0x9 (Local)

NtpServer (Local)
DllName: C:\Windows\system32\w32time.dll (Local)
Enabled: 0 (Local)
InputProvider: 0 (Local)


System Tick Count: 266831515
For more information, see https://go.microsoft.com/fwlink/?linkid=845961."
"14-08-2026 14:09:31","272","Information","Microsoft-Windows-Time-Service","Leap second configuration:
Enabled: 1 (Local)
Count: 0 (Local)
Current Offset from UTC(Seconds): 0 (Local)
Runtime state consistent with settings: 1
Newest Leap Seconds List (Local):

System Tick Count: 266831515.

For more information, see https://go.microsoft.com/fwlink/?linkid=845961."
"14-08-2026 14:09:31","260","Information","Microsoft-Windows-Time-Service","W32time Service periodic configuration and status message
Configuration:
EventLogFlags: 2 (Local)
AnnounceFlags: 10 (Local)
TimeJumpAuditOffset: 28800 (Local)
MinPollInterval: 10 (Local)
MaxPollInterval: 15 (Local)
MaxNegPhaseCorrection: 54000 (Local)
MaxPosPhaseCorrection: 54000 (Local)
MaxAllowedPhaseOffset: 1 (Local)

FrequencyCorrectRate: 4 (Local)
PollAdjustFactor: 5 (Local)
LargePhaseOffset: 50000000 (Local)
SpikeWatchPeriod: 900 (Local)
LocalClockDispersion: 10 (Local)
HoldPeriod: 5 (Local)
PhaseCorrectRate: 1 (Local)
UpdateInterval: 360000 (Local)

FileLogName:  (Local)
FileLogEntries:  (Local)
FileLogSize: 0 (Local)
FileLogFlags: 0 (Undefined or not used)

UtilizeSslTimeData: 1 (Local)

[Leap Seconds]
Enabled: 1 (Local)
Total Leap Seconds (after June 2018): 0 (Local)
Current UTC offset: 0 (Local)

Time Providers:
NtpClient (Local)
DllName: C:\Windows\system32\w32time.dll (Local)
Enabled: 1 (Local)
InputProvider: 1 (Local)
CrossSiteSyncFlags: 0 (Undefined or not used)
AllowNonstandardModeCombinations: 1 (Local)
ResolvePeerBackoffMinutes: 15 (Local)
ResolvePeerBackoffMaxTimes: 7 (Local)
CompatibilityFlags: 2147483648 (Local)
EventLogFlags: 1 (Local)
LargeSampleSkew: 3 (Local)
SpecialPollInterval: 16384 (Local)
Type: NTP (Local)
NtpServer: time.windows.com,0x9 (Local)

NtpServer (Local)
DllName: C:\Windows\system32\w32time.dll (Local)
Enabled: 0 (Local)
InputProvider: 0 (Local)



Current Status:
Leap Indicator: 3
Stratum: 0
Precision: -23
RootDelay: 0.0000000s
RootDispersion: 0.0000000s
ReferenceId: 0x00000000
Last Successful Sync Time: 1601-01-01T00:00:00.0Z (UTC)
Source: Local CMOS Clock
Poll Interval: 10
Phase Offset: 0.0000000s
Clock Rate: 156250
State Machine: 0
Time Source Flags: 0
Server Role: 0
Last Sync Error: 1
Time Since Last Good Sync: 1040.0049083s
System Tick Count: 266831515
For more information, see https://go.microsoft.com/fwlink/?linkid=845961."
