"29-06-2026 17:06:52","4004","Information","Microsoft-Windows-NetworkProfile","Network State Change Fired
	New Internet Connection Profile: false
	Connection Cost Changed: false
	Domain Connectivity Level Changed: false
	Network Connectivity Level Changed: true
	Host Name Changed: false
	Wwan Registration State Changed: false
	Tethering Operational State Changed: false
	Tethering Client Count Changed: false"
"29-06-2026 17:06:51","10000","Information","Microsoft-Windows-NetworkProfile","Network Connected
	Name: securityroot.net
	Desc: securityroot.net
	Type: Managed
	State: Connected
	Category: Public
"
"29-06-2026 17:06:51","4002","Information","Microsoft-Windows-NetworkProfile","Transitioning to State: Identified Network Interface Guid: {556d9bdf-d387-4ab9-be4c-a7e220faf218}"
"29-06-2026 17:06:51","4004","Information","Microsoft-Windows-NetworkProfile","Network State Change Fired
	New Internet Connection Profile: true
	Connection Cost Changed: true
	Domain Connectivity Level Changed: false
	Network Connectivity Level Changed: true
	Host Name Changed: true
	Wwan Registration State Changed: false
	Tethering Operational State Changed: false
	Tethering Client Count Changed: false"
"29-06-2026 17:06:51","10000","Information","Microsoft-Windows-NetworkProfile","Network Connected
	Name: Identifying...
	Desc: Identifying...
	Type: Unmanaged
	State: Connected
	Category: Public
"
"29-06-2026 17:06:51","4001","Information","Microsoft-Windows-NetworkProfile","Entered State: Identifying Network Interface Guid: {556d9bdf-d387-4ab9-be4c-a7e220faf218}"
"29-06-2026 17:06:51","10001","Information","Microsoft-Windows-NetworkProfile","Network Disconnected
	Name: securityroot.net
	Desc: securityroot.net
	Type: Managed
	State: Disconnected
	Category: Public
"
"29-06-2026 17:06:51","10000","Information","Microsoft-Windows-NetworkProfile","Network Connected
	Name: securityroot.net
	Desc: securityroot.net
	Type: Managed
	State: Connected
	Category: Public
"
"29-06-2026 17:06:51","4002","Information","Microsoft-Windows-NetworkProfile","Transitioning to State: Identified Network Interface Guid: {556d9bdf-d387-4ab9-be4c-a7e220faf218}"
"29-06-2026 17:06:50","10000","Information","Microsoft-Windows-NetworkProfile","Network Connected
	Name: Identifying...
	Desc: Identifying...
	Type: Unmanaged
	State: Connected
	Category: Public
"
"29-06-2026 17:06:50","4001","Information","Microsoft-Windows-NetworkProfile","Entered State: Identifying Network Interface Guid: {556d9bdf-d387-4ab9-be4c-a7e220faf218}"
"29-06-2026 17:06:39","4004","Information","Microsoft-Windows-NetworkProfile","Network State Change Fired
	New Internet Connection Profile: true
	Connection Cost Changed: true
	Domain Connectivity Level Changed: false
	Network Connectivity Level Changed: true
	Host Name Changed: false
	Wwan Registration State Changed: false
	Tethering Operational State Changed: false
	Tethering Client Count Changed: false"
"29-06-2026 17:06:38","10001","Information","Microsoft-Windows-NetworkProfile","Network Disconnected
	Name: securityroot.net
	Desc: securityroot.net
	Type: Managed
	State: Disconnected
	Category: Public
"
"29-06-2026 17:02:34","4004","Information","Microsoft-Windows-NetworkProfile","Network State Change Fired
	New Internet Connection Profile: false
	Connection Cost Changed: false
	Domain Connectivity Level Changed: false
	Network Connectivity Level Changed: false
	Host Name Changed: true
	Wwan Registration State Changed: false
	Tethering Operational State Changed: false
	Tethering Client Count Changed: false"
"29-06-2026 10:28:45","4004","Information","Microsoft-Windows-NetworkProfile","Network State Change Fired
	New Internet Connection Profile: false
	Connection Cost Changed: false
	Domain Connectivity Level Changed: false
	Network Connectivity Level Changed: false
	Host Name Changed: true
	Wwan Registration State Changed: false
	Tethering Operational State Changed: false
	Tethering Client Count Changed: false"
"29-06-2026 10:28:34","4004","Information","Microsoft-Windows-NetworkProfile","Network State Change Fired
	New Internet Connection Profile: false
	Connection Cost Changed: false
	Domain Connectivity Level Changed: false
	Network Connectivity Level Changed: false
	Host Name Changed: true
	Wwan Registration State Changed: false
	Tethering Operational State Changed: false
	Tethering Client Count Changed: false"
"29-06-2026 10:27:26","4004","Information","Microsoft-Windows-NetworkProfile","Network State Change Fired
	New Internet Connection Profile: false
	Connection Cost Changed: false
	Domain Connectivity Level Changed: false
	Network Connectivity Level Changed: false
	Host Name Changed: true
	Wwan Registration State Changed: false
	Tethering Operational State Changed: false
	Tethering Client Count Changed: false"
"29-06-2026 10:27:21","4004","Information","Microsoft-Windows-NetworkProfile","Network State Change Fired
	New Internet Connection Profile: false
	Connection Cost Changed: false
	Domain Connectivity Level Changed: false
	Network Connectivity Level Changed: false
	Host Name Changed: true
	Wwan Registration State Changed: false
	Tethering Operational State Changed: false
	Tethering Client Count Changed: false"
"29-06-2026 10:27:10","4004","Information","Microsoft-Windows-NetworkProfile","Network State Change Fired
	New Internet Connection Profile: false
	Connection Cost Changed: false
	Domain Connectivity Level Changed: false
	Network Connectivity Level Changed: false
	Host Name Changed: true
	Wwan Registration State Changed: false
	Tethering Operational State Changed: false
	Tethering Client Count Changed: false"
"29-06-2026 10:26:59","4004","Information","Microsoft-Windows-NetworkProfile","Network State Change Fired
	New Internet Connection Profile: false
	Connection Cost Changed: false
	Domain Connectivity Level Changed: false
	Network Connectivity Level Changed: false
	Host Name Changed: true
	Wwan Registration State Changed: false
	Tethering Operational State Changed: false
	Tethering Client Count Changed: false"
"29-06-2026 10:26:54","4004","Information","Microsoft-Windows-NetworkProfile","Network State Change Fired
	New Internet Connection Profile: false
	Connection Cost Changed: false
	Domain Connectivity Level Changed: false
	Network Connectivity Level Changed: false
	Host Name Changed: true
	Wwan Registration State Changed: false
	Tethering Operational State Changed: false
	Tethering Client Count Changed: false"
"29-06-2026 10:26:43","4004","Information","Microsoft-Windows-NetworkProfile","Network State Change Fired
	New Internet Connection Profile: false
	Connection Cost Changed: false
	Domain Connectivity Level Changed: false
	Network Connectivity Level Changed: false
	Host Name Changed: true
	Wwan Registration State Changed: false
	Tethering Operational State Changed: false
	Tethering Client Count Changed: false"
"29-06-2026 10:26:21","4004","Information","Microsoft-Windows-NetworkProfile","Network State Change Fired
	New Internet Connection Profile: false
	Connection Cost Changed: false
	Domain Connectivity Level Changed: false
	Network Connectivity Level Changed: false
	Host Name Changed: true
	Wwan Registration State Changed: false
	Tethering Operational State Changed: false
	Tethering Client Count Changed: false"
"29-06-2026 10:26:14","4004","Information","Microsoft-Windows-NetworkProfile","Network State Change Fired
	New Internet Connection Profile: false
	Connection Cost Changed: false
	Domain Connectivity Level Changed: false
	Network Connectivity Level Changed: false
	Host Name Changed: true
	Wwan Registration State Changed: false
	Tethering Operational State Changed: false
	Tethering Client Count Changed: false"
"29-06-2026 10:26:06","4004","Information","Microsoft-Windows-NetworkProfile","Network State Change Fired
	New Internet Connection Profile: false
	Connection Cost Changed: false
	Domain Connectivity Level Changed: false
	Network Connectivity Level Changed: false
	Host Name Changed: true
	Wwan Registration State Changed: false
	Tethering Operational State Changed: false
	Tethering Client Count Changed: false"
"29-06-2026 10:26:03","4004","Information","Microsoft-Windows-NetworkProfile","Network State Change Fired
	New Internet Connection Profile: false
	Connection Cost Changed: false
	Domain Connectivity Level Changed: false
	Network Connectivity Level Changed: false
	Host Name Changed: true
	Wwan Registration State Changed: false
	Tethering Operational State Changed: false
	Tethering Client Count Changed: false"
"29-06-2026 10:25:36","4004","Information","Microsoft-Windows-NetworkProfile","Network State Change Fired
	New Internet Connection Profile: false
	Connection Cost Changed: false
	Domain Connectivity Level Changed: false
	Network Connectivity Level Changed: false
	Host Name Changed: true
	Wwan Registration State Changed: false
	Tethering Operational State Changed: false
	Tethering Client Count Changed: false"
"29-06-2026 10:25:25","4004","Information","Microsoft-Windows-NetworkProfile","Network State Change Fired
	New Internet Connection Profile: false
	Connection Cost Changed: false
	Domain Connectivity Level Changed: false
	Network Connectivity Level Changed: false
	Host Name Changed: true
	Wwan Registration State Changed: false
	Tethering Operational State Changed: false
	Tethering Client Count Changed: false"
"29-06-2026 10:25:14","4004","Information","Microsoft-Windows-NetworkProfile","Network State Change Fired
	New Internet Connection Profile: false
	Connection Cost Changed: false
	Domain Connectivity Level Changed: false
	Network Connectivity Level Changed: false
	Host Name Changed: true
	Wwan Registration State Changed: false
	Tethering Operational State Changed: false
	Tethering Client Count Changed: false"
"29-06-2026 10:24:39","4004","Information","Microsoft-Windows-NetworkProfile","Network State Change Fired
	New Internet Connection Profile: false
	Connection Cost Changed: false
	Domain Connectivity Level Changed: false
	Network Connectivity Level Changed: false
	Host Name Changed: true
	Wwan Registration State Changed: false
	Tethering Operational State Changed: false
	Tethering Client Count Changed: false"
"29-06-2026 10:24:30","4004","Information","Microsoft-Windows-NetworkProfile","Network State Change Fired
	New Internet Connection Profile: false
	Connection Cost Changed: false
	Domain Connectivity Level Changed: false
	Network Connectivity Level Changed: true
	Host Name Changed: false
	Wwan Registration State Changed: false
	Tethering Operational State Changed: false
	Tethering Client Count Changed: false"
"29-06-2026 10:24:30","10000","Information","Microsoft-Windows-NetworkProfile","Network Connected
	Name: securityroot.net
	Desc: securityroot.net
	Type: Managed
	State: Connected,IPV4 (Internet)
	Category: Public
"
"29-06-2026 10:24:30","4002","Information","Microsoft-Windows-NetworkProfile","Transitioning to State: Identified Network Interface Guid: {556d9bdf-d387-4ab9-be4c-a7e220faf218}"
"29-06-2026 10:24:30","4004","Information","Microsoft-Windows-NetworkProfile","Network State Change Fired
	New Internet Connection Profile: true
	Connection Cost Changed: true
	Domain Connectivity Level Changed: false
	Network Connectivity Level Changed: true
	Host Name Changed: true
	Wwan Registration State Changed: false
	Tethering Operational State Changed: false
	Tethering Client Count Changed: false"
"29-06-2026 10:24:29","10000","Information","Microsoft-Windows-NetworkProfile","Network Connected
	Name: Identifying...
	Desc: Identifying...
	Type: Unmanaged
	State: Connected
	Category: Public
"
"29-06-2026 10:24:29","4001","Information","Microsoft-Windows-NetworkProfile","Entered State: Identifying Network Interface Guid: {556d9bdf-d387-4ab9-be4c-a7e220faf218}"
"29-06-2026 10:24:29","20002","Information","Microsoft-Windows-NetworkProfile","NSI Set Category Result
	Profile GUID: {ffffffff-ffff-ffff-ffff-ffffffffffff}
	Interface GUID: {556d9bdf-d387-4ab9-be4c-a7e220faf218}
	Network Category: Public
	IPv4 Error Code: 0
	IPv6 Error Code: 1168
	Context: 3275
"
"29-06-2026 10:24:29","4004","Information","Microsoft-Windows-NetworkProfile","Network State Change Fired
	New Internet Connection Profile: false
	Connection Cost Changed: false
	Domain Connectivity Level Changed: false
	Network Connectivity Level Changed: false
	Host Name Changed: true
	Wwan Registration State Changed: false
	Tethering Operational State Changed: false
	Tethering Client Count Changed: false"
"29-06-2026 10:24:24","4004","Information","Microsoft-Windows-NetworkProfile","Network State Change Fired
	New Internet Connection Profile: false
	Connection Cost Changed: true
	Domain Connectivity Level Changed: false
	Network Connectivity Level Changed: true
	Host Name Changed: false
	Wwan Registration State Changed: false
	Tethering Operational State Changed: false
	Tethering Client Count Changed: false"
"29-06-2026 10:12:35","4004","Information","Microsoft-Windows-NetworkProfile","Network State Change Fired
	New Internet Connection Profile: false
	Connection Cost Changed: false
	Domain Connectivity Level Changed: false
	Network Connectivity Level Changed: false
	Host Name Changed: true
	Wwan Registration State Changed: false
	Tethering Operational State Changed: false
	Tethering Client Count Changed: false"
"29-06-2026 10:12:34","4004","Information","Microsoft-Windows-NetworkProfile","Network State Change Fired
	New Internet Connection Profile: true
	Connection Cost Changed: true
	Domain Connectivity Level Changed: false
	Network Connectivity Level Changed: true
	Host Name Changed: false
	Wwan Registration State Changed: false
	Tethering Operational State Changed: false
	Tethering Client Count Changed: false"
"29-06-2026 10:12:34","10001","Information","Microsoft-Windows-NetworkProfile","Network Disconnected
	Name: securityroot.net
	Desc: securityroot.net
	Type: Managed
	State: Disconnected
	Category: Public
"
"29-06-2026 09:48:13","4004","Information","Microsoft-Windows-NetworkProfile","Network State Change Fired
	New Internet Connection Profile: false
	Connection Cost Changed: false
	Domain Connectivity Level Changed: false
	Network Connectivity Level Changed: false
	Host Name Changed: true
	Wwan Registration State Changed: false
	Tethering Operational State Changed: false
	Tethering Client Count Changed: false"
"29-06-2026 09:48:02","4004","Information","Microsoft-Windows-NetworkProfile","Network State Change Fired
	New Internet Connection Profile: false
	Connection Cost Changed: false
	Domain Connectivity Level Changed: false
	Network Connectivity Level Changed: false
	Host Name Changed: true
	Wwan Registration State Changed: false
	Tethering Operational State Changed: false
	Tethering Client Count Changed: false"
"29-06-2026 09:47:57","4004","Information","Microsoft-Windows-NetworkProfile","Network State Change Fired
	New Internet Connection Profile: false
	Connection Cost Changed: false
	Domain Connectivity Level Changed: false
	Network Connectivity Level Changed: false
	Host Name Changed: true
	Wwan Registration State Changed: false
	Tethering Operational State Changed: false
	Tethering Client Count Changed: false"
"29-06-2026 09:47:47","4004","Information","Microsoft-Windows-NetworkProfile","Network State Change Fired
	New Internet Connection Profile: false
	Connection Cost Changed: false
	Domain Connectivity Level Changed: false
	Network Connectivity Level Changed: false
	Host Name Changed: true
	Wwan Registration State Changed: false
	Tethering Operational State Changed: false
	Tethering Client Count Changed: false"
"29-06-2026 09:47:36","4004","Information","Microsoft-Windows-NetworkProfile","Network State Change Fired
	New Internet Connection Profile: false
	Connection Cost Changed: false
	Domain Connectivity Level Changed: false
	Network Connectivity Level Changed: false
	Host Name Changed: true
	Wwan Registration State Changed: false
	Tethering Operational State Changed: false
	Tethering Client Count Changed: false"
"29-06-2026 09:47:31","4004","Information","Microsoft-Windows-NetworkProfile","Network State Change Fired
	New Internet Connection Profile: false
	Connection Cost Changed: false
	Domain Connectivity Level Changed: false
	Network Connectivity Level Changed: false
	Host Name Changed: true
	Wwan Registration State Changed: false
	Tethering Operational State Changed: false
	Tethering Client Count Changed: false"
"29-06-2026 09:04:36","4004","Information","Microsoft-Windows-NetworkProfile","Network State Change Fired
	New Internet Connection Profile: false
	Connection Cost Changed: false
	Domain Connectivity Level Changed: false
	Network Connectivity Level Changed: false
	Host Name Changed: true
	Wwan Registration State Changed: false
	Tethering Operational State Changed: false
	Tethering Client Count Changed: false"
"29-06-2026 09:04:25","4004","Information","Microsoft-Windows-NetworkProfile","Network State Change Fired
	New Internet Connection Profile: false
	Connection Cost Changed: false
	Domain Connectivity Level Changed: false
	Network Connectivity Level Changed: false
	Host Name Changed: true
	Wwan Registration State Changed: false
	Tethering Operational State Changed: false
	Tethering Client Count Changed: false"
"29-06-2026 09:02:45","4004","Information","Microsoft-Windows-NetworkProfile","Network State Change Fired
	New Internet Connection Profile: false
	Connection Cost Changed: false
	Domain Connectivity Level Changed: false
	Network Connectivity Level Changed: true
	Host Name Changed: false
	Wwan Registration State Changed: false
	Tethering Operational State Changed: false
	Tethering Client Count Changed: false"
"29-06-2026 09:02:44","10000","Information","Microsoft-Windows-NetworkProfile","Network Connected
	Name: securityroot.net
	Desc: securityroot.net
	Type: Managed
	State: Connected,IPV4 (Internet)
	Category: Public
"
"29-06-2026 09:02:44","4002","Information","Microsoft-Windows-NetworkProfile","Transitioning to State: Identified Network Interface Guid: {556d9bdf-d387-4ab9-be4c-a7e220faf218}"
"29-06-2026 09:02:44","4004","Information","Microsoft-Windows-NetworkProfile","Network State Change Fired
	New Internet Connection Profile: false
	Connection Cost Changed: false
	Domain Connectivity Level Changed: false
	Network Connectivity Level Changed: true
	Host Name Changed: true
	Wwan Registration State Changed: false
	Tethering Operational State Changed: false
	Tethering Client Count Changed: false"
"29-06-2026 09:02:41","4004","Information","Microsoft-Windows-NetworkProfile","Network State Change Fired
	New Internet Connection Profile: true
	Connection Cost Changed: true
	Domain Connectivity Level Changed: false
	Network Connectivity Level Changed: true
	Host Name Changed: false
	Wwan Registration State Changed: false
	Tethering Operational State Changed: false
	Tethering Client Count Changed: false"
"29-06-2026 09:02:41","10000","Information","Microsoft-Windows-NetworkProfile","Network Connected
	Name: Identifying...
	Desc: Identifying...
	Type: Unmanaged
	State: Connected
	Category: Public
"
"29-06-2026 09:02:41","20002","Information","Microsoft-Windows-NetworkProfile","NSI Set Category Result
	Profile GUID: {ffffffff-ffff-ffff-ffff-ffffffffffff}
	Interface GUID: {556d9bdf-d387-4ab9-be4c-a7e220faf218}
	Network Category: Public
	IPv4 Error Code: 0
	IPv6 Error Code: 1168
	Context: 3275
"
"29-06-2026 09:02:41","4001","Information","Microsoft-Windows-NetworkProfile","Entered State: Identifying Network Interface Guid: {556d9bdf-d387-4ab9-be4c-a7e220faf218}"
"29-06-2026 09:02:36","4004","Information","Microsoft-Windows-NetworkProfile","Network State Change Fired
	New Internet Connection Profile: false
	Connection Cost Changed: false
	Domain Connectivity Level Changed: false
	Network Connectivity Level Changed: false
	Host Name Changed: true
	Wwan Registration State Changed: false
	Tethering Operational State Changed: false
	Tethering Client Count Changed: false"
"29-06-2026 09:02:35","4004","Information","Microsoft-Windows-NetworkProfile","Network State Change Fired
	New Internet Connection Profile: false
	Connection Cost Changed: true
	Domain Connectivity Level Changed: false
	Network Connectivity Level Changed: true
	Host Name Changed: false
	Wwan Registration State Changed: false
	Tethering Operational State Changed: false
	Tethering Client Count Changed: false"
"26-06-2026 15:58:42","4004","Information","Microsoft-Windows-NetworkProfile","Network State Change Fired
	New Internet Connection Profile: true
	Connection Cost Changed: true
	Domain Connectivity Level Changed: false
	Network Connectivity Level Changed: true
	Host Name Changed: false
	Wwan Registration State Changed: false
	Tethering Operational State Changed: false
	Tethering Client Count Changed: false"
"26-06-2026 15:58:42","10000","Information","Microsoft-Windows-NetworkProfile","Network Connected
	Name: securityroot.net
	Desc: securityroot.net
	Type: Managed
	State: Connected,IPV4 (Internet)
	Category: Public
"
"26-06-2026 15:58:42","4002","Information","Microsoft-Windows-NetworkProfile","Transitioning to State: Identified Network Interface Guid: {556d9bdf-d387-4ab9-be4c-a7e220faf218}"
"26-06-2026 15:27:18","4004","Information","Microsoft-Windows-NetworkProfile","Network State Change Fired
	New Internet Connection Profile: true
	Connection Cost Changed: true
	Domain Connectivity Level Changed: false
	Network Connectivity Level Changed: true
	Host Name Changed: false
	Wwan Registration State Changed: false
	Tethering Operational State Changed: false
	Tethering Client Count Changed: false"
"26-06-2026 15:27:18","10000","Information","Microsoft-Windows-NetworkProfile","Network Connected
	Name: Identifying...
	Desc: Identifying...
	Type: Unmanaged
	State: Connected
	Category: Public
"
"26-06-2026 15:27:18","4001","Information","Microsoft-Windows-NetworkProfile","Entered State: Identifying Network Interface Guid: {556d9bdf-d387-4ab9-be4c-a7e220faf218}"
"26-06-2026 15:27:18","10001","Information","Microsoft-Windows-NetworkProfile","Network Disconnected
	Name: securityroot.net
	Desc: securityroot.net
	Type: Managed
	State: Disconnected
	Category: Public
"
"26-06-2026 11:52:55","4004","Information","Microsoft-Windows-NetworkProfile","Network State Change Fired
	New Internet Connection Profile: true
	Connection Cost Changed: true
	Domain Connectivity Level Changed: false
	Network Connectivity Level Changed: true
	Host Name Changed: false
	Wwan Registration State Changed: false
	Tethering Operational State Changed: false
	Tethering Client Count Changed: false"
"26-06-2026 11:52:54","10000","Information","Microsoft-Windows-NetworkProfile","Network Connected
	Name: securityroot.net
	Desc: securityroot.net
	Type: Managed
	State: Connected,IPV4 (Internet)
	Category: Public
"
"26-06-2026 11:52:54","4002","Information","Microsoft-Windows-NetworkProfile","Transitioning to State: Identified Network Interface Guid: {556d9bdf-d387-4ab9-be4c-a7e220faf218}"
"26-06-2026 11:48:57","4004","Information","Microsoft-Windows-NetworkProfile","Network State Change Fired
	New Internet Connection Profile: true
	Connection Cost Changed: true
	Domain Connectivity Level Changed: false
	Network Connectivity Level Changed: true
	Host Name Changed: false
	Wwan Registration State Changed: false
	Tethering Operational State Changed: false
	Tethering Client Count Changed: false"
"26-06-2026 11:48:57","10000","Information","Microsoft-Windows-NetworkProfile","Network Connected
	Name: Identifying...
	Desc: Identifying...
	Type: Unmanaged
	State: Connected
	Category: Public
"
"26-06-2026 11:48:57","4001","Information","Microsoft-Windows-NetworkProfile","Entered State: Identifying Network Interface Guid: {556d9bdf-d387-4ab9-be4c-a7e220faf218}"
"26-06-2026 11:48:57","10001","Information","Microsoft-Windows-NetworkProfile","Network Disconnected
	Name: securityroot.net
	Desc: securityroot.net
	Type: Managed
	State: Disconnected
	Category: Public
"
"26-06-2026 09:44:39","4004","Information","Microsoft-Windows-NetworkProfile","Network State Change Fired
	New Internet Connection Profile: false
	Connection Cost Changed: false
	Domain Connectivity Level Changed: false
	Network Connectivity Level Changed: false
	Host Name Changed: true
	Wwan Registration State Changed: false
	Tethering Operational State Changed: false
	Tethering Client Count Changed: false"
"26-06-2026 09:44:28","4004","Information","Microsoft-Windows-NetworkProfile","Network State Change Fired
	New Internet Connection Profile: false
	Connection Cost Changed: false
	Domain Connectivity Level Changed: false
	Network Connectivity Level Changed: false
	Host Name Changed: true
	Wwan Registration State Changed: false
	Tethering Operational State Changed: false
	Tethering Client Count Changed: false"
"26-06-2026 09:43:05","4004","Information","Microsoft-Windows-NetworkProfile","Network State Change Fired
	New Internet Connection Profile: false
	Connection Cost Changed: false
	Domain Connectivity Level Changed: false
	Network Connectivity Level Changed: false
	Host Name Changed: true
	Wwan Registration State Changed: false
	Tethering Operational State Changed: false
	Tethering Client Count Changed: false"
"26-06-2026 09:42:53","4004","Information","Microsoft-Windows-NetworkProfile","Network State Change Fired
	New Internet Connection Profile: false
	Connection Cost Changed: false
	Domain Connectivity Level Changed: false
	Network Connectivity Level Changed: false
	Host Name Changed: true
	Wwan Registration State Changed: false
	Tethering Operational State Changed: false
	Tethering Client Count Changed: false"
"26-06-2026 09:42:53","4004","Information","Microsoft-Windows-NetworkProfile","Network State Change Fired
	New Internet Connection Profile: false
	Connection Cost Changed: false
	Domain Connectivity Level Changed: false
	Network Connectivity Level Changed: true
	Host Name Changed: true
	Wwan Registration State Changed: false
	Tethering Operational State Changed: false
	Tethering Client Count Changed: false"
"26-06-2026 09:42:53","10000","Information","Microsoft-Windows-NetworkProfile","Network Connected
	Name: securityroot.net
	Desc: securityroot.net
	Type: Managed
	State: Connected,IPV4 (Internet)
	Category: Public
"
"26-06-2026 09:42:53","4002","Information","Microsoft-Windows-NetworkProfile","Transitioning to State: Identified Network Interface Guid: {556d9bdf-d387-4ab9-be4c-a7e220faf218}"
"26-06-2026 09:42:47","4004","Information","Microsoft-Windows-NetworkProfile","Network State Change Fired
	New Internet Connection Profile: false
	Connection Cost Changed: false
	Domain Connectivity Level Changed: false
	Network Connectivity Level Changed: true
	Host Name Changed: false
	Wwan Registration State Changed: false
	Tethering Operational State Changed: false
	Tethering Client Count Changed: false"
"26-06-2026 09:42:46","4004","Information","Microsoft-Windows-NetworkProfile","Network State Change Fired
	New Internet Connection Profile: false
	Connection Cost Changed: false
	Domain Connectivity Level Changed: false
	Network Connectivity Level Changed: true
	Host Name Changed: false
	Wwan Registration State Changed: false
	Tethering Operational State Changed: false
	Tethering Client Count Changed: false"
"26-06-2026 09:42:44","4004","Information","Microsoft-Windows-NetworkProfile","Network State Change Fired
	New Internet Connection Profile: true
	Connection Cost Changed: true
	Domain Connectivity Level Changed: false
	Network Connectivity Level Changed: true
	Host Name Changed: true
	Wwan Registration State Changed: false
	Tethering Operational State Changed: false
	Tethering Client Count Changed: false"
"26-06-2026 09:42:44","10000","Information","Microsoft-Windows-NetworkProfile","Network Connected
	Name: Identifying...
	Desc: Identifying...
	Type: Unmanaged
	State: Connected
	Category: Public
"
"26-06-2026 09:42:44","4001","Information","Microsoft-Windows-NetworkProfile","Entered State: Identifying Network Interface Guid: {556d9bdf-d387-4ab9-be4c-a7e220faf218}"
"26-06-2026 09:42:42","4004","Information","Microsoft-Windows-NetworkProfile","Network State Change Fired
	New Internet Connection Profile: true
	Connection Cost Changed: true
	Domain Connectivity Level Changed: false
	Network Connectivity Level Changed: true
	Host Name Changed: true
	Wwan Registration State Changed: false
	Tethering Operational State Changed: false
	Tethering Client Count Changed: false"
"26-06-2026 09:42:42","10001","Information","Microsoft-Windows-NetworkProfile","Network Disconnected
	Name: Cressida_5G
	Desc: Cressida_5G
	Type: Unmanaged
	State: Disconnected
	Category: Public
"
"26-06-2026 04:04:09","4004","Information","Microsoft-Windows-NetworkProfile","Network State Change Fired
	New Internet Connection Profile: false
	Connection Cost Changed: false
	Domain Connectivity Level Changed: false
	Network Connectivity Level Changed: false
	Host Name Changed: true
	Wwan Registration State Changed: false
	Tethering Operational State Changed: false
	Tethering Client Count Changed: false"
"26-06-2026 04:04:08","4004","Information","Microsoft-Windows-NetworkProfile","Network State Change Fired
	New Internet Connection Profile: false
	Connection Cost Changed: false
	Domain Connectivity Level Changed: false
	Network Connectivity Level Changed: false
	Host Name Changed: true
	Wwan Registration State Changed: false
	Tethering Operational State Changed: false
	Tethering Client Count Changed: false"
"26-06-2026 04:04:01","4004","Information","Microsoft-Windows-NetworkProfile","Network State Change Fired
	New Internet Connection Profile: false
	Connection Cost Changed: false
	Domain Connectivity Level Changed: false
	Network Connectivity Level Changed: true
	Host Name Changed: false
	Wwan Registration State Changed: false
	Tethering Operational State Changed: false
	Tethering Client Count Changed: false"
"26-06-2026 04:04:01","4004","Information","Microsoft-Windows-NetworkProfile","Network State Change Fired
	New Internet Connection Profile: true
	Connection Cost Changed: false
	Domain Connectivity Level Changed: false
	Network Connectivity Level Changed: true
	Host Name Changed: false
	Wwan Registration State Changed: false
	Tethering Operational State Changed: false
	Tethering Client Count Changed: false"
"26-06-2026 04:04:00","10000","Information","Microsoft-Windows-NetworkProfile","Network Connected
	Name: Cressida_5G
	Desc: Cressida_5G
	Type: Unmanaged
	State: Connected
	Category: Public
"
"26-06-2026 04:04:00","4004","Information","Microsoft-Windows-NetworkProfile","Network State Change Fired
	New Internet Connection Profile: false
	Connection Cost Changed: false
	Domain Connectivity Level Changed: false
	Network Connectivity Level Changed: true
	Host Name Changed: false
	Wwan Registration State Changed: false
	Tethering Operational State Changed: false
	Tethering Client Count Changed: false"
"26-06-2026 04:04:00","4002","Information","Microsoft-Windows-NetworkProfile","Transitioning to State: Identified Network Interface Guid: {556d9bdf-d387-4ab9-be4c-a7e220faf218}"
"26-06-2026 04:04:00","4004","Information","Microsoft-Windows-NetworkProfile","Network State Change Fired
	New Internet Connection Profile: true
	Connection Cost Changed: true
	Domain Connectivity Level Changed: false
	Network Connectivity Level Changed: true
	Host Name Changed: true
	Wwan Registration State Changed: false
	Tethering Operational State Changed: false
	Tethering Client Count Changed: false"
"25-06-2026 19:15:26","4004","Information","Microsoft-Windows-NetworkProfile","Network State Change Fired
	New Internet Connection Profile: false
	Connection Cost Changed: false
	Domain Connectivity Level Changed: false
	Network Connectivity Level Changed: true
	Host Name Changed: false
	Wwan Registration State Changed: false
	Tethering Operational State Changed: false
	Tethering Client Count Changed: false"
"25-06-2026 18:22:10","4004","Information","Microsoft-Windows-NetworkProfile","Network State Change Fired
	New Internet Connection Profile: true
	Connection Cost Changed: true
	Domain Connectivity Level Changed: false
	Network Connectivity Level Changed: true
	Host Name Changed: false
	Wwan Registration State Changed: false
	Tethering Operational State Changed: false
	Tethering Client Count Changed: false"
"25-06-2026 18:22:10","4001","Information","Microsoft-Windows-NetworkProfile","Entered State: Identifying Network Interface Guid: {556d9bdf-d387-4ab9-be4c-a7e220faf218}"
"25-06-2026 18:22:10","10001","Information","Microsoft-Windows-NetworkProfile","Network Disconnected
	Name: Cressida_5G
	Desc: Cressida_5G
	Type: Unmanaged
	State: Disconnected
	Category: Public
"
"25-06-2026 18:22:10","10000","Information","Microsoft-Windows-NetworkProfile","Network Connected
	Name: Identifying...
	Desc: Identifying...
	Type: Unmanaged
	State: Connected
	Category: Public
"
"25-06-2026 18:22:10","4001","Information","Microsoft-Windows-NetworkProfile","Entered State: Identifying Network Interface Guid: {26cb5c5d-910c-487e-bbee-b743191f35b5}"
"25-06-2026 18:22:10","10001","Information","Microsoft-Windows-NetworkProfile","Network Disconnected
	Name: securityroot.net
	Desc: securityroot.net
	Type: Managed
	State: Disconnected
	Category: Public
"
"25-06-2026 17:31:58","4004","Information","Microsoft-Windows-NetworkProfile","Network State Change Fired
	New Internet Connection Profile: false
	Connection Cost Changed: false
	Domain Connectivity Level Changed: false
	Network Connectivity Level Changed: false
	Host Name Changed: true
	Wwan Registration State Changed: false
	Tethering Operational State Changed: false
	Tethering Client Count Changed: false"
"25-06-2026 09:40:39","4004","Information","Microsoft-Windows-NetworkProfile","Network State Change Fired
	New Internet Connection Profile: false
	Connection Cost Changed: false
	Domain Connectivity Level Changed: false
	Network Connectivity Level Changed: true
	Host Name Changed: false
	Wwan Registration State Changed: false
	Tethering Operational State Changed: false
	Tethering Client Count Changed: false"
"25-06-2026 09:40:32","4004","Information","Microsoft-Windows-NetworkProfile","Network State Change Fired
	New Internet Connection Profile: false
	Connection Cost Changed: false
	Domain Connectivity Level Changed: false
	Network Connectivity Level Changed: true
	Host Name Changed: false
	Wwan Registration State Changed: false
	Tethering Operational State Changed: false
	Tethering Client Count Changed: false"
"25-06-2026 09:40:31","10000","Information","Microsoft-Windows-NetworkProfile","Network Connected
	Name: securityroot.net
	Desc: securityroot.net
	Type: Managed
	State: Connected
	Category: Public
"
"25-06-2026 09:40:31","4002","Information","Microsoft-Windows-NetworkProfile","Transitioning to State: Identified Network Interface Guid: {26cb5c5d-910c-487e-bbee-b743191f35b5}"
"25-06-2026 09:40:29","4004","Information","Microsoft-Windows-NetworkProfile","Network State Change Fired
	New Internet Connection Profile: false
	Connection Cost Changed: false
	Domain Connectivity Level Changed: false
	Network Connectivity Level Changed: false
	Host Name Changed: true
	Wwan Registration State Changed: false
	Tethering Operational State Changed: false
	Tethering Client Count Changed: false"
"25-06-2026 09:40:24","10000","Information","Microsoft-Windows-NetworkProfile","Network Connected
	Name: Identifying...
	Desc: Identifying...
	Type: Unmanaged
	State: Connected
	Category: Public
"
"25-06-2026 09:40:24","20002","Information","Microsoft-Windows-NetworkProfile","NSI Set Category Result
	Profile GUID: {ffffffff-ffff-ffff-ffff-ffffffffffff}
	Interface GUID: {26cb5c5d-910c-487e-bbee-b743191f35b5}
	Network Category: Public
	IPv4 Error Code: 0
	IPv6 Error Code: 0
	Context: 3275
"
"25-06-2026 09:40:24","4001","Information","Microsoft-Windows-NetworkProfile","Entered State: Identifying Network Interface Guid: {26cb5c5d-910c-487e-bbee-b743191f35b5}"
"25-06-2026 09:38:07","4004","Information","Microsoft-Windows-NetworkProfile","Network State Change Fired
	New Internet Connection Profile: false
	Connection Cost Changed: false
	Domain Connectivity Level Changed: false
	Network Connectivity Level Changed: false
	Host Name Changed: true
	Wwan Registration State Changed: false
	Tethering Operational State Changed: false
	Tethering Client Count Changed: false"
"25-06-2026 09:37:56","4004","Information","Microsoft-Windows-NetworkProfile","Network State Change Fired
	New Internet Connection Profile: false
	Connection Cost Changed: false
	Domain Connectivity Level Changed: false
	Network Connectivity Level Changed: false
	Host Name Changed: true
	Wwan Registration State Changed: false
	Tethering Operational State Changed: false
	Tethering Client Count Changed: false"
"25-06-2026 09:36:22","4004","Information","Microsoft-Windows-NetworkProfile","Network State Change Fired
	New Internet Connection Profile: false
	Connection Cost Changed: false
	Domain Connectivity Level Changed: false
	Network Connectivity Level Changed: false
	Host Name Changed: true
	Wwan Registration State Changed: false
	Tethering Operational State Changed: false
	Tethering Client Count Changed: false"
"25-06-2026 09:36:12","4004","Information","Microsoft-Windows-NetworkProfile","Network State Change Fired
	New Internet Connection Profile: false
	Connection Cost Changed: false
	Domain Connectivity Level Changed: false
	Network Connectivity Level Changed: true
	Host Name Changed: false
	Wwan Registration State Changed: false
	Tethering Operational State Changed: false
	Tethering Client Count Changed: false"
"25-06-2026 09:36:11","4004","Information","Microsoft-Windows-NetworkProfile","Network State Change Fired
	New Internet Connection Profile: false
	Connection Cost Changed: false
	Domain Connectivity Level Changed: false
	Network Connectivity Level Changed: true
	Host Name Changed: true
	Wwan Registration State Changed: false
	Tethering Operational State Changed: false
	Tethering Client Count Changed: false"
"25-06-2026 09:36:11","10000","Information","Microsoft-Windows-NetworkProfile","Network Connected
	Name: Cressida_5G
	Desc: Cressida_5G
	Type: Unmanaged
	State: Connected
	Category: Public
"
"25-06-2026 09:36:11","4002","Information","Microsoft-Windows-NetworkProfile","Transitioning to State: Identified Network Interface Guid: {556d9bdf-d387-4ab9-be4c-a7e220faf218}"
"25-06-2026 09:36:11","4004","Information","Microsoft-Windows-NetworkProfile","Network State Change Fired
	New Internet Connection Profile: true
	Connection Cost Changed: true
	Domain Connectivity Level Changed: false
	Network Connectivity Level Changed: true
	Host Name Changed: true
	Wwan Registration State Changed: false
	Tethering Operational State Changed: false
	Tethering Client Count Changed: false"
"25-06-2026 09:36:10","10000","Information","Microsoft-Windows-NetworkProfile","Network Connected
	Name: Identifying...
	Desc: Identifying...
	Type: Unmanaged
	State: Connected
	Category: Public
"
"25-06-2026 09:36:10","20002","Information","Microsoft-Windows-NetworkProfile","NSI Set Category Result
	Profile GUID: {ffffffff-ffff-ffff-ffff-ffffffffffff}
	Interface GUID: {556d9bdf-d387-4ab9-be4c-a7e220faf218}
	Network Category: Public
	IPv4 Error Code: 0
	IPv6 Error Code: 1168
	Context: 3275
"
"25-06-2026 09:36:10","4001","Information","Microsoft-Windows-NetworkProfile","Entered State: Identifying Network Interface Guid: {556d9bdf-d387-4ab9-be4c-a7e220faf218}"
"25-06-2026 09:36:05","4004","Information","Microsoft-Windows-NetworkProfile","Network State Change Fired
	New Internet Connection Profile: false
	Connection Cost Changed: true
	Domain Connectivity Level Changed: false
	Network Connectivity Level Changed: true
	Host Name Changed: true
	Wwan Registration State Changed: false
	Tethering Operational State Changed: false
	Tethering Client Count Changed: false"
"25-06-2026 09:35:25","4004","Information","Microsoft-Windows-NetworkProfile","Network State Change Fired
	New Internet Connection Profile: false
	Connection Cost Changed: false
	Domain Connectivity Level Changed: false
	Network Connectivity Level Changed: false
	Host Name Changed: true
	Wwan Registration State Changed: false
	Tethering Operational State Changed: false
	Tethering Client Count Changed: false"
