"30-06-2026 17:30:34","4006","Information","Microsoft-Windows-AppID","AppID certificate store is verified."
"30-06-2026 17:25:48","4006","Information","Microsoft-Windows-AppID","AppID certificate store is verified."
"30-06-2026 17:25:30","4006","Information","Microsoft-Windows-AppID","AppID certificate store is verified."
"30-06-2026 17:24:47","4006","Information","Microsoft-Windows-AppID","AppID certificate store is verified."
"30-06-2026 16:28:45","4006","Information","Microsoft-Windows-AppID","AppID certificate store is verified."
"30-06-2026 16:26:37","4006","Information","Microsoft-Windows-AppID","AppID certificate store is verified."
"30-06-2026 16:24:30","4006","Information","Microsoft-Windows-AppID","AppID certificate store is verified."
"30-06-2026 16:24:19","4006","Information","Microsoft-Windows-AppID","AppID certificate store is verified."
"30-06-2026 16:24:06","4006","Information","Microsoft-Windows-AppID","AppID certificate store is verified."
"30-06-2026 16:23:19","4006","Information","Microsoft-Windows-AppID","AppID certificate store is verified."
"30-06-2026 15:25:30","4006","Information","Microsoft-Windows-AppID","AppID certificate store is verified."
"30-06-2026 15:22:21","4006","Information","Microsoft-Windows-AppID","AppID certificate store is verified."
"30-06-2026 15:21:54","4006","Information","Microsoft-Windows-AppID","AppID certificate store is verified."
"30-06-2026 15:21:40","4006","Information","Microsoft-Windows-AppID","AppID certificate store is verified."
"30-06-2026 14:24:48","4006","Information","Microsoft-Windows-AppID","AppID certificate store is verified."
"30-06-2026 14:23:48","4006","Information","Microsoft-Windows-AppID","AppID certificate store is verified."
"30-06-2026 14:20:56","4006","Information","Microsoft-Windows-AppID","AppID certificate store is verified."
"30-06-2026 13:22:32","4006","Information","Microsoft-Windows-AppID","AppID certificate store is verified."
"30-06-2026 13:22:12","4006","Information","Microsoft-Windows-AppID","AppID certificate store is verified."
"30-06-2026 13:20:07","4006","Information","Microsoft-Windows-AppID","AppID certificate store is verified."
"30-06-2026 12:21:17","4006","Information","Microsoft-Windows-AppID","AppID certificate store is verified."
"30-06-2026 12:19:37","4006","Information","Microsoft-Windows-AppID","AppID certificate store is verified."
"30-06-2026 12:18:56","4006","Information","Microsoft-Windows-AppID","AppID certificate store is verified."
"30-06-2026 12:01:41","4006","Information","Microsoft-Windows-AppID","AppID certificate store is verified."
"30-06-2026 11:20:31","4006","Information","Microsoft-Windows-AppID","AppID certificate store is verified."
"30-06-2026 11:19:57","4006","Information","Microsoft-Windows-AppID","AppID certificate store is verified."
"30-06-2026 11:17:19","4006","Information","Microsoft-Windows-AppID","AppID certificate store is verified."
"30-06-2026 10:18:54","4006","Information","Microsoft-Windows-AppID","AppID certificate store is verified."
"30-06-2026 10:18:33","4006","Information","Microsoft-Windows-AppID","AppID certificate store is verified."
"30-06-2026 10:17:03","4006","Information","Microsoft-Windows-AppID","AppID certificate store is verified."
"30-06-2026 09:17:11","4006","Information","Microsoft-Windows-AppID","AppID certificate store is verified."
"30-06-2026 09:16:57","4006","Information","Microsoft-Windows-AppID","AppID certificate store is verified."
"30-06-2026 09:16:05","4006","Information","Microsoft-Windows-AppID","AppID certificate store is verified."
"30-06-2026 06:04:32","4006","Information","Microsoft-Windows-AppID","AppID certificate store is verified."
"29-06-2026 19:46:29","4006","Information","Microsoft-Windows-AppID","AppID certificate store is verified."
"29-06-2026 19:20:10","4006","Information","Microsoft-Windows-AppID","AppID certificate store is verified."
"29-06-2026 19:15:10","4006","Information","Microsoft-Windows-AppID","AppID certificate store is verified."
"29-06-2026 19:14:09","4006","Information","Microsoft-Windows-AppID","AppID certificate store is verified."
"29-06-2026 18:14:00","4006","Information","Microsoft-Windows-AppID","AppID certificate store is verified."
"29-06-2026 17:12:11","4006","Information","Microsoft-Windows-AppID","AppID certificate store is verified."
"29-06-2026 17:11:57","4006","Information","Microsoft-Windows-AppID","AppID certificate store is verified."
"29-06-2026 16:11:56","4006","Information","Microsoft-Windows-AppID","AppID certificate store is verified."
"29-06-2026 15:11:55","4006","Information","Microsoft-Windows-AppID","AppID certificate store is verified."
"29-06-2026 14:11:27","4006","Information","Microsoft-Windows-AppID","AppID certificate store is verified."
"29-06-2026 14:10:42","4006","Information","Microsoft-Windows-AppID","AppID certificate store is verified."
"29-06-2026 14:10:16","4006","Information","Microsoft-Windows-AppID","AppID certificate store is verified."
"29-06-2026 13:10:10","4006","Information","Microsoft-Windows-AppID","AppID certificate store is verified."
"29-06-2026 13:09:44","4006","Information","Microsoft-Windows-AppID","AppID certificate store is verified."
"29-06-2026 13:01:57","4006","Information","Microsoft-Windows-AppID","AppID certificate store is verified."
"29-06-2026 12:07:23","4006","Information","Microsoft-Windows-AppID","AppID certificate store is verified."
"29-06-2026 12:06:43","4006","Information","Microsoft-Windows-AppID","AppID certificate store is verified."
"29-06-2026 11:06:41","4006","Information","Microsoft-Windows-AppID","AppID certificate store is verified."
"29-06-2026 10:08:02","4006","Information","Microsoft-Windows-AppID","AppID certificate store is verified."
"29-06-2026 10:06:07","4006","Information","Microsoft-Windows-AppID","AppID certificate store is verified."
"29-06-2026 10:05:29","4006","Information","Microsoft-Windows-AppID","AppID certificate store is verified."
"29-06-2026 10:05:17","4006","Information","Microsoft-Windows-AppID","AppID certificate store is verified."
"29-06-2026 10:03:48","4006","Information","Microsoft-Windows-AppID","AppID certificate store is verified."
"29-06-2026 10:03:02","4006","Information","Microsoft-Windows-AppID","AppID certificate store is verified."
"26-06-2026 18:04:34","4006","Information","Microsoft-Windows-AppID","AppID certificate store is verified."
"26-06-2026 18:03:27","4006","Information","Microsoft-Windows-AppID","AppID certificate store is verified."
"26-06-2026 17:02:16","4006","Information","Microsoft-Windows-AppID","AppID certificate store is verified."
"26-06-2026 17:02:03","4006","Information","Microsoft-Windows-AppID","AppID certificate store is verified."
"26-06-2026 17:01:32","4006","Information","Microsoft-Windows-AppID","AppID certificate store is verified."
"26-06-2026 16:01:26","4006","Information","Microsoft-Windows-AppID","AppID certificate store is verified."
"26-06-2026 16:00:25","4006","Information","Microsoft-Windows-AppID","AppID certificate store is verified."
"26-06-2026 14:49:34","4006","Information","Microsoft-Windows-AppID","AppID certificate store is verified."
"26-06-2026 14:48:02","4006","Information","Microsoft-Windows-AppID","AppID certificate store is verified."
"26-06-2026 13:49:03","4006","Information","Microsoft-Windows-AppID","AppID certificate store is verified."
"26-06-2026 13:48:06","4006","Information","Microsoft-Windows-AppID","AppID certificate store is verified."
"26-06-2026 13:46:35","4006","Information","Microsoft-Windows-AppID","AppID certificate store is verified."
"26-06-2026 12:45:33","4006","Information","Microsoft-Windows-AppID","AppID certificate store is verified."
"26-06-2026 12:45:16","4006","Information","Microsoft-Windows-AppID","AppID certificate store is verified."
"26-06-2026 11:44:28","4006","Information","Microsoft-Windows-AppID","AppID certificate store is verified."
"26-06-2026 10:57:00","4006","Information","Microsoft-Windows-AppID","AppID certificate store is verified."
"26-06-2026 10:44:03","4006","Information","Microsoft-Windows-AppID","AppID certificate store is verified."
"26-06-2026 09:43:53","4006","Information","Microsoft-Windows-AppID","AppID certificate store is verified."
"26-06-2026 09:42:57","4006","Information","Microsoft-Windows-AppID","AppID certificate store is verified."
"26-06-2026 09:42:56","4005","Error","Microsoft-Windows-AppID","AppID certificate store verification failed. Status Unknown NTSTATUS Error code: 0x5."
"25-06-2026 17:41:23","4006","Information","Microsoft-Windows-AppID","AppID certificate store is verified."
"25-06-2026 17:41:04","4006","Information","Microsoft-Windows-AppID","AppID certificate store is verified."
"25-06-2026 17:40:33","4006","Information","Microsoft-Windows-AppID","AppID certificate store is verified."
"25-06-2026 16:40:07","4006","Information","Microsoft-Windows-AppID","AppID certificate store is verified."
"25-06-2026 16:39:52","4006","Information","Microsoft-Windows-AppID","AppID certificate store is verified."
"25-06-2026 16:39:35","4006","Information","Microsoft-Windows-AppID","AppID certificate store is verified."
"25-06-2026 15:39:34","4006","Information","Microsoft-Windows-AppID","AppID certificate store is verified."
"25-06-2026 15:38:07","4006","Information","Microsoft-Windows-AppID","AppID certificate store is verified."
"25-06-2026 14:37:33","4006","Information","Microsoft-Windows-AppID","AppID certificate store is verified."
"25-06-2026 14:37:18","4006","Information","Microsoft-Windows-AppID","AppID certificate store is verified."
"25-06-2026 14:37:04","4006","Information","Microsoft-Windows-AppID","AppID certificate store is verified."
"25-06-2026 14:36:35","4006","Information","Microsoft-Windows-AppID","AppID certificate store is verified."
"25-06-2026 14:36:23","4006","Information","Microsoft-Windows-AppID","AppID certificate store is verified."
"25-06-2026 13:35:51","4006","Information","Microsoft-Windows-AppID","AppID certificate store is verified."
"25-06-2026 13:35:12","4006","Information","Microsoft-Windows-AppID","AppID certificate store is verified."
"25-06-2026 12:47:59","4006","Information","Microsoft-Windows-AppID","AppID certificate store is verified."
"25-06-2026 12:35:10","4006","Information","Microsoft-Windows-AppID","AppID certificate store is verified."
"25-06-2026 11:35:02","4006","Information","Microsoft-Windows-AppID","AppID certificate store is verified."
"25-06-2026 11:34:28","4006","Information","Microsoft-Windows-AppID","AppID certificate store is verified."
"25-06-2026 11:34:06","4006","Information","Microsoft-Windows-AppID","AppID certificate store is verified."
"25-06-2026 10:34:05","4006","Information","Microsoft-Windows-AppID","AppID certificate store is verified."
"25-06-2026 10:33:53","4006","Information","Microsoft-Windows-AppID","AppID certificate store is verified."
"25-06-2026 09:32:23","4006","Information","Microsoft-Windows-AppID","AppID certificate store is verified."
"25-06-2026 09:32:23","4005","Error","Microsoft-Windows-AppID","AppID certificate store verification failed. Status Unknown NTSTATUS Error code: 0x5."
"25-06-2026 03:16:41","4006","Information","Microsoft-Windows-AppID","AppID certificate store is verified."
"24-06-2026 18:20:30","4006","Information","Microsoft-Windows-AppID","AppID certificate store is verified."
"24-06-2026 18:18:41","4006","Information","Microsoft-Windows-AppID","AppID certificate store is verified."
"24-06-2026 17:19:59","4006","Information","Microsoft-Windows-AppID","AppID certificate store is verified."
"24-06-2026 17:19:14","4006","Information","Microsoft-Windows-AppID","AppID certificate store is verified."
"24-06-2026 17:18:03","4006","Information","Microsoft-Windows-AppID","AppID certificate store is verified."
"24-06-2026 16:19:55","4006","Information","Microsoft-Windows-AppID","AppID certificate store is verified."
"24-06-2026 16:18:48","4006","Information","Microsoft-Windows-AppID","AppID certificate store is verified."
"24-06-2026 16:17:57","4006","Information","Microsoft-Windows-AppID","AppID certificate store is verified."
"24-06-2026 16:17:37","4006","Information","Microsoft-Windows-AppID","AppID certificate store is verified."
"24-06-2026 15:18:10","4006","Information","Microsoft-Windows-AppID","AppID certificate store is verified."
"24-06-2026 15:18:00","4006","Information","Microsoft-Windows-AppID","AppID certificate store is verified."
"24-06-2026 15:16:59","4006","Information","Microsoft-Windows-AppID","AppID certificate store is verified."
"24-06-2026 13:49:16","4006","Information","Microsoft-Windows-AppID","AppID certificate store is verified."
"24-06-2026 13:48:50","4006","Information","Microsoft-Windows-AppID","AppID certificate store is verified."
"24-06-2026 13:48:18","4006","Information","Microsoft-Windows-AppID","AppID certificate store is verified."
"24-06-2026 13:32:28","4006","Information","Microsoft-Windows-AppID","AppID certificate store is verified."
"24-06-2026 12:44:40","4006","Information","Microsoft-Windows-AppID","AppID certificate store is verified."
"24-06-2026 11:44:39","4006","Information","Microsoft-Windows-AppID","AppID certificate store is verified."
"24-06-2026 11:44:07","4006","Information","Microsoft-Windows-AppID","AppID certificate store is verified."
"24-06-2026 10:43:21","4006","Information","Microsoft-Windows-AppID","AppID certificate store is verified."
"24-06-2026 10:42:56","4006","Information","Microsoft-Windows-AppID","AppID certificate store is verified."
"24-06-2026 10:42:13","4006","Information","Microsoft-Windows-AppID","AppID certificate store is verified."
"23-06-2026 23:32:58","4006","Information","Microsoft-Windows-AppID","AppID certificate store is verified."
"23-06-2026 15:33:19","4006","Information","Microsoft-Windows-AppID","AppID certificate store is verified."
"23-06-2026 15:17:21","4006","Information","Microsoft-Windows-AppID","AppID certificate store is verified."
"23-06-2026 15:12:21","4006","Information","Microsoft-Windows-AppID","AppID certificate store is verified."
"23-06-2026 15:11:21","4006","Information","Microsoft-Windows-AppID","AppID certificate store is verified."
"23-06-2026 15:06:01","4006","Information","Microsoft-Windows-AppID","AppID certificate store is verified."
"23-06-2026 14:10:49","4006","Information","Microsoft-Windows-AppID","AppID certificate store is verified."
"23-06-2026 14:06:00","4006","Information","Microsoft-Windows-AppID","AppID certificate store is verified."
"23-06-2026 14:04:58","4006","Information","Microsoft-Windows-AppID","AppID certificate store is verified."
"23-06-2026 14:03:59","4006","Information","Microsoft-Windows-AppID","AppID certificate store is verified."
"23-06-2026 13:11:41","4006","Information","Microsoft-Windows-AppID","AppID certificate store is verified."
"23-06-2026 13:09:11","4006","Information","Microsoft-Windows-AppID","AppID certificate store is verified."
"23-06-2026 13:06:40","4006","Information","Microsoft-Windows-AppID","AppID certificate store is verified."
"23-06-2026 13:05:39","4006","Information","Microsoft-Windows-AppID","AppID certificate store is verified."
"23-06-2026 13:05:20","4006","Information","Microsoft-Windows-AppID","AppID certificate store is verified."
"23-06-2026 13:03:59","4006","Information","Microsoft-Windows-AppID","AppID certificate store is verified."
"23-06-2026 13:03:02","4006","Information","Microsoft-Windows-AppID","AppID certificate store is verified."
"23-06-2026 12:06:19","4006","Information","Microsoft-Windows-AppID","AppID certificate store is verified."
"23-06-2026 12:05:18","4006","Information","Microsoft-Windows-AppID","AppID certificate store is verified."
"23-06-2026 12:05:06","4006","Information","Microsoft-Windows-AppID","AppID certificate store is verified."
"23-06-2026 12:02:41","4006","Information","Microsoft-Windows-AppID","AppID certificate store is verified."
"23-06-2026 11:04:26","4006","Information","Microsoft-Windows-AppID","AppID certificate store is verified."
"23-06-2026 11:00:59","4006","Information","Microsoft-Windows-AppID","AppID certificate store is verified."
"23-06-2026 10:03:05","4006","Information","Microsoft-Windows-AppID","AppID certificate store is verified."
"23-06-2026 10:02:40","4006","Information","Microsoft-Windows-AppID","AppID certificate store is verified."
"23-06-2026 10:00:16","4006","Information","Microsoft-Windows-AppID","AppID certificate store is verified."
"23-06-2026 09:59:28","4006","Information","Microsoft-Windows-AppID","AppID certificate store is verified."
"23-06-2026 09:01:12","4006","Information","Microsoft-Windows-AppID","AppID certificate store is verified."
"23-06-2026 08:59:18","4006","Information","Microsoft-Windows-AppID","AppID certificate store is verified."
"22-06-2026 18:15:28","4006","Information","Microsoft-Windows-AppID","AppID certificate store is verified."
"22-06-2026 17:14:00","4006","Information","Microsoft-Windows-AppID","AppID certificate store is verified."
"22-06-2026 16:11:06","4006","Information","Microsoft-Windows-AppID","AppID certificate store is verified."
"22-06-2026 15:11:05","4006","Information","Microsoft-Windows-AppID","AppID certificate store is verified."
"22-06-2026 15:10:18","4006","Information","Microsoft-Windows-AppID","AppID certificate store is verified."
"22-06-2026 14:10:32","4006","Information","Microsoft-Windows-AppID","AppID certificate store is verified."
"22-06-2026 13:51:35","4006","Information","Microsoft-Windows-AppID","AppID certificate store is verified."
"22-06-2026 12:32:56","4006","Information","Microsoft-Windows-AppID","AppID certificate store is verified."
"22-06-2026 12:32:01","4006","Information","Microsoft-Windows-AppID","AppID certificate store is verified."
"22-06-2026 10:50:02","4006","Information","Microsoft-Windows-AppID","AppID certificate store is verified."
"22-06-2026 10:49:34","4006","Information","Microsoft-Windows-AppID","AppID certificate store is verified."
"22-06-2026 10:21:26","4006","Information","Microsoft-Windows-AppID","AppID certificate store is verified."
"22-06-2026 09:48:43","4006","Information","Microsoft-Windows-AppID","AppID certificate store is verified."
"22-06-2026 09:48:21","4006","Information","Microsoft-Windows-AppID","AppID certificate store is verified."
"22-06-2026 08:47:08","4006","Information","Microsoft-Windows-AppID","AppID certificate store is verified."
"22-06-2026 08:47:07","4005","Error","Microsoft-Windows-AppID","AppID certificate store verification failed. Status Unknown NTSTATUS Error code: 0x5."
"20-06-2026 05:23:10","4006","Information","Microsoft-Windows-AppID","AppID certificate store is verified."
"19-06-2026 20:16:10","4006","Information","Microsoft-Windows-AppID","AppID certificate store is verified."
"19-06-2026 20:15:37","4006","Information","Microsoft-Windows-AppID","AppID certificate store is verified."
"19-06-2026 19:16:02","4006","Information","Microsoft-Windows-AppID","AppID certificate store is verified."
"19-06-2026 19:15:51","4006","Information","Microsoft-Windows-AppID","AppID certificate store is verified."
"19-06-2026 19:15:35","4006","Information","Microsoft-Windows-AppID","AppID certificate store is verified."
"19-06-2026 19:14:50","4006","Information","Microsoft-Windows-AppID","AppID certificate store is verified."
"19-06-2026 18:18:07","4006","Information","Microsoft-Windows-AppID","AppID certificate store is verified."
"19-06-2026 18:17:17","4006","Information","Microsoft-Windows-AppID","AppID certificate store is verified."
"19-06-2026 18:15:00","4006","Information","Microsoft-Windows-AppID","AppID certificate store is verified."
"19-06-2026 18:14:07","4006","Information","Microsoft-Windows-AppID","AppID certificate store is verified."
"19-06-2026 17:17:12","4006","Information","Microsoft-Windows-AppID","AppID certificate store is verified."
"19-06-2026 17:16:14","4006","Information","Microsoft-Windows-AppID","AppID certificate store is verified."
"19-06-2026 17:10:06","4006","Information","Microsoft-Windows-AppID","AppID certificate store is verified."
"19-06-2026 17:09:54","4006","Information","Microsoft-Windows-AppID","AppID certificate store is verified."
"19-06-2026 16:14:28","4006","Information","Microsoft-Windows-AppID","AppID certificate store is verified."
"19-06-2026 16:14:05","4006","Information","Microsoft-Windows-AppID","AppID certificate store is verified."
"19-06-2026 16:09:15","4006","Information","Microsoft-Windows-AppID","AppID certificate store is verified."
"19-06-2026 16:09:04","4006","Information","Microsoft-Windows-AppID","AppID certificate store is verified."
"19-06-2026 16:08:04","4006","Information","Microsoft-Windows-AppID","AppID certificate store is verified."
"19-06-2026 15:07:02","4006","Information","Microsoft-Windows-AppID","AppID certificate store is verified."
"19-06-2026 15:06:43","4006","Information","Microsoft-Windows-AppID","AppID certificate store is verified."
"19-06-2026 14:06:26","4006","Information","Microsoft-Windows-AppID","AppID certificate store is verified."
"19-06-2026 14:05:57","4006","Information","Microsoft-Windows-AppID","AppID certificate store is verified."
"19-06-2026 13:04:47","4006","Information","Microsoft-Windows-AppID","AppID certificate store is verified."
"19-06-2026 12:04:08","4006","Information","Microsoft-Windows-AppID","AppID certificate store is verified."
"19-06-2026 12:03:08","4006","Information","Microsoft-Windows-AppID","AppID certificate store is verified."
"19-06-2026 11:34:34","4006","Information","Microsoft-Windows-AppID","AppID certificate store is verified."
"19-06-2026 11:02:43","4006","Information","Microsoft-Windows-AppID","AppID certificate store is verified."
"19-06-2026 11:01:56","4006","Information","Microsoft-Windows-AppID","AppID certificate store is verified."
"19-06-2026 10:01:41","4006","Information","Microsoft-Windows-AppID","AppID certificate store is verified."
"19-06-2026 09:00:56","4006","Information","Microsoft-Windows-AppID","AppID certificate store is verified."
"19-06-2026 08:59:44","4006","Information","Microsoft-Windows-AppID","AppID certificate store is verified."
"18-06-2026 18:21:44","4006","Information","Microsoft-Windows-AppID","AppID certificate store is verified."
"18-06-2026 18:15:35","4006","Information","Microsoft-Windows-AppID","AppID certificate store is verified."
"18-06-2026 18:14:38","4006","Information","Microsoft-Windows-AppID","AppID certificate store is verified."
"18-06-2026 17:19:43","4006","Information","Microsoft-Windows-AppID","AppID certificate store is verified."
"18-06-2026 17:18:51","4006","Information","Microsoft-Windows-AppID","AppID certificate store is verified."
"18-06-2026 17:14:15","4006","Information","Microsoft-Windows-AppID","AppID certificate store is verified."
"18-06-2026 17:13:31","4006","Information","Microsoft-Windows-AppID","AppID certificate store is verified."
"18-06-2026 17:13:14","4006","Information","Microsoft-Windows-AppID","AppID certificate store is verified."
"18-06-2026 17:12:50","4006","Information","Microsoft-Windows-AppID","AppID certificate store is verified."
"18-06-2026 16:18:09","4006","Information","Microsoft-Windows-AppID","AppID certificate store is verified."
"18-06-2026 16:12:41","4006","Information","Microsoft-Windows-AppID","AppID certificate store is verified."
"18-06-2026 15:17:14","4006","Information","Microsoft-Windows-AppID","AppID certificate store is verified."
"18-06-2026 15:17:01","4006","Information","Microsoft-Windows-AppID","AppID certificate store is verified."
"18-06-2026 15:16:17","4006","Information","Microsoft-Windows-AppID","AppID certificate store is verified."
"18-06-2026 15:16:02","4006","Information","Microsoft-Windows-AppID","AppID certificate store is verified."
"18-06-2026 15:12:23","4006","Information","Microsoft-Windows-AppID","AppID certificate store is verified."
"18-06-2026 15:11:23","4006","Information","Microsoft-Windows-AppID","AppID certificate store is verified."
"18-06-2026 14:16:10","4006","Information","Microsoft-Windows-AppID","AppID certificate store is verified."
"18-06-2026 14:15:52","4006","Information","Microsoft-Windows-AppID","AppID certificate store is verified."
"18-06-2026 14:15:39","4006","Information","Microsoft-Windows-AppID","AppID certificate store is verified."
"18-06-2026 14:14:58","4006","Information","Microsoft-Windows-AppID","AppID certificate store is verified."
"18-06-2026 14:10:47","4006","Information","Microsoft-Windows-AppID","AppID certificate store is verified."
"18-06-2026 13:12:24","4006","Information","Microsoft-Windows-AppID","AppID certificate store is verified."
"18-06-2026 13:11:45","4006","Information","Microsoft-Windows-AppID","AppID certificate store is verified."
"18-06-2026 13:10:34","4006","Information","Microsoft-Windows-AppID","AppID certificate store is verified."
"18-06-2026 12:11:26","4006","Information","Microsoft-Windows-AppID","AppID certificate store is verified."
"18-06-2026 12:10:31","4006","Information","Microsoft-Windows-AppID","AppID certificate store is verified."
"18-06-2026 12:10:15","4006","Information","Microsoft-Windows-AppID","AppID certificate store is verified."
"18-06-2026 12:09:42","4006","Information","Microsoft-Windows-AppID","AppID certificate store is verified."
"18-06-2026 12:09:15","4006","Information","Microsoft-Windows-AppID","AppID certificate store is verified."
"18-06-2026 11:10:34","4006","Information","Microsoft-Windows-AppID","AppID certificate store is verified."
"18-06-2026 11:10:21","4006","Information","Microsoft-Windows-AppID","AppID certificate store is verified."
"18-06-2026 11:08:51","4006","Information","Microsoft-Windows-AppID","AppID certificate store is verified."
"18-06-2026 11:08:11","4006","Information","Microsoft-Windows-AppID","AppID certificate store is verified."
"18-06-2026 10:10:45","4006","Information","Microsoft-Windows-AppID","AppID certificate store is verified."
"18-06-2026 10:09:58","4006","Information","Microsoft-Windows-AppID","AppID certificate store is verified."
"18-06-2026 10:09:21","4006","Information","Microsoft-Windows-AppID","AppID certificate store is verified."
"18-06-2026 10:09:11","4006","Information","Microsoft-Windows-AppID","AppID certificate store is verified."
"18-06-2026 10:08:11","4006","Information","Microsoft-Windows-AppID","AppID certificate store is verified."
"18-06-2026 09:08:26","4006","Information","Microsoft-Windows-AppID","AppID certificate store is verified."
"18-06-2026 09:08:14","4006","Information","Microsoft-Windows-AppID","AppID certificate store is verified."
"17-06-2026 18:25:56","4006","Information","Microsoft-Windows-AppID","AppID certificate store is verified."
"17-06-2026 18:25:16","4006","Information","Microsoft-Windows-AppID","AppID certificate store is verified."
"17-06-2026 18:22:08","4006","Information","Microsoft-Windows-AppID","AppID certificate store is verified."
"17-06-2026 18:21:58","4006","Information","Microsoft-Windows-AppID","AppID certificate store is verified."
"17-06-2026 18:21:08","4006","Information","Microsoft-Windows-AppID","AppID certificate store is verified."
"17-06-2026 17:25:06","4006","Information","Microsoft-Windows-AppID","AppID certificate store is verified."
"17-06-2026 17:20:01","4006","Information","Microsoft-Windows-AppID","AppID certificate store is verified."
"17-06-2026 17:05:31","4006","Information","Microsoft-Windows-AppID","AppID certificate store is verified."
"17-06-2026 16:23:31","4006","Information","Microsoft-Windows-AppID","AppID certificate store is verified."
"17-06-2026 16:23:00","4006","Information","Microsoft-Windows-AppID","AppID certificate store is verified."
"17-06-2026 16:16:36","4006","Information","Microsoft-Windows-AppID","AppID certificate store is verified."
"17-06-2026 16:05:00","4006","Information","Microsoft-Windows-AppID","AppID certificate store is verified."
"17-06-2026 15:22:49","4006","Information","Microsoft-Windows-AppID","AppID certificate store is verified."
"17-06-2026 15:22:23","4006","Information","Microsoft-Windows-AppID","AppID certificate store is verified."
"17-06-2026 15:16:14","4006","Information","Microsoft-Windows-AppID","AppID certificate store is verified."
"17-06-2026 15:04:02","4006","Information","Microsoft-Windows-AppID","AppID certificate store is verified."
"17-06-2026 14:21:33","4006","Information","Microsoft-Windows-AppID","AppID certificate store is verified."
"17-06-2026 14:16:10","4006","Information","Microsoft-Windows-AppID","AppID certificate store is verified."
"17-06-2026 13:44:25","4006","Information","Microsoft-Windows-AppID","AppID certificate store is verified."
"17-06-2026 13:43:38","4006","Information","Microsoft-Windows-AppID","AppID certificate store is verified."
"17-06-2026 13:19:45","4006","Information","Microsoft-Windows-AppID","AppID certificate store is verified."
"17-06-2026 13:19:27","4006","Information","Microsoft-Windows-AppID","AppID certificate store is verified."
"17-06-2026 13:15:07","4006","Information","Microsoft-Windows-AppID","AppID certificate store is verified."
"17-06-2026 13:14:49","4006","Information","Microsoft-Windows-AppID","AppID certificate store is verified."
"17-06-2026 12:42:55","4006","Information","Microsoft-Windows-AppID","AppID certificate store is verified."
"17-06-2026 12:41:56","4006","Information","Microsoft-Windows-AppID","AppID certificate store is verified."
"17-06-2026 12:18:33","4006","Information","Microsoft-Windows-AppID","AppID certificate store is verified."
"17-06-2026 12:13:08","4006","Information","Microsoft-Windows-AppID","AppID certificate store is verified."
"17-06-2026 12:12:50","4006","Information","Microsoft-Windows-AppID","AppID certificate store is verified."
"17-06-2026 12:12:29","4006","Information","Microsoft-Windows-AppID","AppID certificate store is verified."
"17-06-2026 11:41:30","4006","Information","Microsoft-Windows-AppID","AppID certificate store is verified."
"17-06-2026 11:17:41","4006","Information","Microsoft-Windows-AppID","AppID certificate store is verified."
"17-06-2026 11:11:00","4006","Information","Microsoft-Windows-AppID","AppID certificate store is verified."
"17-06-2026 11:10:19","4006","Information","Microsoft-Windows-AppID","AppID certificate store is verified."
"17-06-2026 10:41:27","4006","Information","Microsoft-Windows-AppID","AppID certificate store is verified."
"17-06-2026 10:40:59","4006","Information","Microsoft-Windows-AppID","AppID certificate store is verified."
"17-06-2026 10:17:40","4006","Information","Microsoft-Windows-AppID","AppID certificate store is verified."
"17-06-2026 10:09:36","4006","Information","Microsoft-Windows-AppID","AppID certificate store is verified."
"17-06-2026 09:40:47","4006","Information","Microsoft-Windows-AppID","AppID certificate store is verified."
"17-06-2026 09:39:58","4006","Information","Microsoft-Windows-AppID","AppID certificate store is verified."
"17-06-2026 09:38:57","4006","Information","Microsoft-Windows-AppID","AppID certificate store is verified."
"17-06-2026 09:37:39","4006","Information","Microsoft-Windows-AppID","AppID certificate store is verified."
"17-06-2026 09:33:56","4006","Information","Microsoft-Windows-AppID","AppID certificate store is verified."
"17-06-2026 05:13:58","4006","Information","Microsoft-Windows-AppID","AppID certificate store is verified."
"16-06-2026 19:12:12","4006","Information","Microsoft-Windows-AppID","AppID certificate store is verified."
"16-06-2026 18:23:33","4006","Information","Microsoft-Windows-AppID","AppID certificate store is verified."
"16-06-2026 18:22:36","4006","Information","Microsoft-Windows-AppID","AppID certificate store is verified."
"16-06-2026 18:10:46","4006","Information","Microsoft-Windows-AppID","AppID certificate store is verified."
"16-06-2026 17:21:28","4006","Information","Microsoft-Windows-AppID","AppID certificate store is verified."
"16-06-2026 17:21:01","4006","Information","Microsoft-Windows-AppID","AppID certificate store is verified."
"16-06-2026 17:20:33","4006","Information","Microsoft-Windows-AppID","AppID certificate store is verified."
"16-06-2026 17:10:31","4006","Information","Microsoft-Windows-AppID","AppID certificate store is verified."
"16-06-2026 16:54:59","4006","Information","Microsoft-Windows-AppID","AppID certificate store is verified."
"16-06-2026 16:19:00","4006","Information","Microsoft-Windows-AppID","AppID certificate store is verified."
"16-06-2026 16:18:06","4006","Information","Microsoft-Windows-AppID","AppID certificate store is verified."
"16-06-2026 16:08:57","4006","Information","Microsoft-Windows-AppID","AppID certificate store is verified."
"16-06-2026 16:08:16","4006","Information","Microsoft-Windows-AppID","AppID certificate store is verified."
"16-06-2026 15:16:11","4006","Information","Microsoft-Windows-AppID","AppID certificate store is verified."
"16-06-2026 15:15:23","4006","Information","Microsoft-Windows-AppID","AppID certificate store is verified."
"16-06-2026 15:08:05","4006","Information","Microsoft-Windows-AppID","AppID certificate store is verified."
"16-06-2026 15:07:42","4006","Information","Microsoft-Windows-AppID","AppID certificate store is verified."
"16-06-2026 14:14:12","4006","Information","Microsoft-Windows-AppID","AppID certificate store is verified."
"16-06-2026 14:14:01","4006","Information","Microsoft-Windows-AppID","AppID certificate store is verified."
"16-06-2026 14:06:45","4006","Information","Microsoft-Windows-AppID","AppID certificate store is verified."
"16-06-2026 13:12:28","4006","Information","Microsoft-Windows-AppID","AppID certificate store is verified."
"16-06-2026 13:06:43","4006","Information","Microsoft-Windows-AppID","AppID certificate store is verified."
"16-06-2026 12:11:34","4006","Information","Microsoft-Windows-AppID","AppID certificate store is verified."
"16-06-2026 12:06:06","4006","Information","Microsoft-Windows-AppID","AppID certificate store is verified."
"16-06-2026 11:11:14","4006","Information","Microsoft-Windows-AppID","AppID certificate store is verified."
"16-06-2026 11:06:04","4006","Information","Microsoft-Windows-AppID","AppID certificate store is verified."
"16-06-2026 10:08:05","4006","Information","Microsoft-Windows-AppID","AppID certificate store is verified."
"16-06-2026 10:07:38","4006","Information","Microsoft-Windows-AppID","AppID certificate store is verified."
"16-06-2026 10:07:11","4006","Information","Microsoft-Windows-AppID","AppID certificate store is verified."
"16-06-2026 10:05:59","4006","Information","Microsoft-Windows-AppID","AppID certificate store is verified."
"16-06-2026 09:06:26","4006","Information","Microsoft-Windows-AppID","AppID certificate store is verified."
"16-06-2026 09:05:29","4006","Information","Microsoft-Windows-AppID","AppID certificate store is verified."
"16-06-2026 05:06:03","4006","Information","Microsoft-Windows-AppID","AppID certificate store is verified."
"15-06-2026 20:02:31","4006","Information","Microsoft-Windows-AppID","AppID certificate store is verified."
"15-06-2026 20:01:51","4006","Information","Microsoft-Windows-AppID","AppID certificate store is verified."
"15-06-2026 19:01:47","4006","Information","Microsoft-Windows-AppID","AppID certificate store is verified."
"15-06-2026 18:03:06","4006","Information","Microsoft-Windows-AppID","AppID certificate store is verified."
"15-06-2026 18:02:05","4006","Information","Microsoft-Windows-AppID","AppID certificate store is verified."
"15-06-2026 18:01:29","4006","Information","Microsoft-Windows-AppID","AppID certificate store is verified."
"15-06-2026 17:50:13","4006","Information","Microsoft-Windows-AppID","AppID certificate store is verified."
"15-06-2026 17:01:06","4006","Information","Microsoft-Windows-AppID","AppID certificate store is verified."
"15-06-2026 15:59:28","4006","Information","Microsoft-Windows-AppID","AppID certificate store is verified."
"15-06-2026 14:59:12","4006","Information","Microsoft-Windows-AppID","AppID certificate store is verified."
"15-06-2026 13:58:27","4006","Information","Microsoft-Windows-AppID","AppID certificate store is verified."
"15-06-2026 12:58:10","4006","Information","Microsoft-Windows-AppID","AppID certificate store is verified."
"15-06-2026 11:57:45","4006","Information","Microsoft-Windows-AppID","AppID certificate store is verified."
"15-06-2026 11:56:52","4006","Information","Microsoft-Windows-AppID","AppID certificate store is verified."
"15-06-2026 10:57:41","4006","Information","Microsoft-Windows-AppID","AppID certificate store is verified."
"15-06-2026 10:56:37","4006","Information","Microsoft-Windows-AppID","AppID certificate store is verified."
"15-06-2026 10:56:09","4006","Information","Microsoft-Windows-AppID","AppID certificate store is verified."
"15-06-2026 10:55:27","4006","Information","Microsoft-Windows-AppID","AppID certificate store is verified."
"15-06-2026 09:55:36","4006","Information","Microsoft-Windows-AppID","AppID certificate store is verified."
"15-06-2026 08:54:10","4006","Information","Microsoft-Windows-AppID","AppID certificate store is verified."
"15-06-2026 08:54:06","4006","Information","Microsoft-Windows-AppID","AppID certificate store is verified."
"13-06-2026 01:47:43","4006","Information","Microsoft-Windows-AppID","AppID certificate store is verified."
"12-06-2026 19:30:00","4006","Information","Microsoft-Windows-AppID","AppID certificate store is verified."
"12-06-2026 17:31:14","4006","Information","Microsoft-Windows-AppID","AppID certificate store is verified."
"12-06-2026 17:30:12","4006","Information","Microsoft-Windows-AppID","AppID certificate store is verified."
"12-06-2026 17:28:29","4006","Information","Microsoft-Windows-AppID","AppID certificate store is verified."
"12-06-2026 16:34:53","4006","Information","Microsoft-Windows-AppID","AppID certificate store is verified."
"12-06-2026 16:30:40","4006","Information","Microsoft-Windows-AppID","AppID certificate store is verified."
"12-06-2026 16:30:00","4006","Information","Microsoft-Windows-AppID","AppID certificate store is verified."
"12-06-2026 16:29:28","4006","Information","Microsoft-Windows-AppID","AppID certificate store is verified."
"12-06-2026 16:28:18","4006","Information","Microsoft-Windows-AppID","AppID certificate store is verified."
"12-06-2026 15:30:09","4006","Information","Microsoft-Windows-AppID","AppID certificate store is verified."
"12-06-2026 15:29:00","4006","Information","Microsoft-Windows-AppID","AppID certificate store is verified."
"12-06-2026 15:27:49","4006","Information","Microsoft-Windows-AppID","AppID certificate store is verified."
"12-06-2026 14:29:19","4006","Information","Microsoft-Windows-AppID","AppID certificate store is verified."
"12-06-2026 14:28:43","4006","Information","Microsoft-Windows-AppID","AppID certificate store is verified."
"12-06-2026 14:28:21","4006","Information","Microsoft-Windows-AppID","AppID certificate store is verified."
"12-06-2026 14:28:08","4006","Information","Microsoft-Windows-AppID","AppID certificate store is verified."
"12-06-2026 14:27:24","4006","Information","Microsoft-Windows-AppID","AppID certificate store is verified."
"12-06-2026 14:26:57","4006","Information","Microsoft-Windows-AppID","AppID certificate store is verified."
"12-06-2026 13:28:17","4006","Information","Microsoft-Windows-AppID","AppID certificate store is verified."
"12-06-2026 13:27:06","4006","Information","Microsoft-Windows-AppID","AppID certificate store is verified."
"12-06-2026 13:26:01","4006","Information","Microsoft-Windows-AppID","AppID certificate store is verified."
"12-06-2026 12:27:14","4006","Information","Microsoft-Windows-AppID","AppID certificate store is verified."
"12-06-2026 12:26:26","4006","Information","Microsoft-Windows-AppID","AppID certificate store is verified."
"12-06-2026 12:26:16","4006","Information","Microsoft-Windows-AppID","AppID certificate store is verified."
"12-06-2026 12:25:56","4006","Information","Microsoft-Windows-AppID","AppID certificate store is verified."
"12-06-2026 12:25:15","4006","Information","Microsoft-Windows-AppID","AppID certificate store is verified."
"12-06-2026 11:29:03","4006","Information","Microsoft-Windows-AppID","AppID certificate store is verified."
"12-06-2026 11:25:56","4006","Information","Microsoft-Windows-AppID","AppID certificate store is verified."
"12-06-2026 11:24:26","4006","Information","Microsoft-Windows-AppID","AppID certificate store is verified."
"12-06-2026 11:24:11","4006","Information","Microsoft-Windows-AppID","AppID certificate store is verified."
"12-06-2026 10:25:32","4006","Information","Microsoft-Windows-AppID","AppID certificate store is verified."
"12-06-2026 10:22:49","4006","Information","Microsoft-Windows-AppID","AppID certificate store is verified."
"12-06-2026 09:20:51","4006","Information","Microsoft-Windows-AppID","AppID certificate store is verified."
"12-06-2026 09:20:07","4006","Information","Microsoft-Windows-AppID","AppID certificate store is verified."
"11-06-2026 22:08:24","4006","Information","Microsoft-Windows-AppID","AppID certificate store is verified."
"11-06-2026 21:48:41","4006","Information","Microsoft-Windows-AppID","AppID certificate store is verified."
"11-06-2026 21:35:53","4006","Information","Microsoft-Windows-AppID","AppID certificate store is verified."
"11-06-2026 20:03:52","4006","Information","Microsoft-Windows-AppID","AppID certificate store is verified."
"11-06-2026 20:03:36","4006","Information","Microsoft-Windows-AppID","AppID certificate store is verified."
"11-06-2026 20:02:25","4006","Information","Microsoft-Windows-AppID","AppID certificate store is verified."
"11-06-2026 19:01:14","4006","Information","Microsoft-Windows-AppID","AppID certificate store is verified."
"11-06-2026 18:00:10","4006","Information","Microsoft-Windows-AppID","AppID certificate store is verified."
"11-06-2026 16:59:54","4006","Information","Microsoft-Windows-AppID","AppID certificate store is verified."
"11-06-2026 15:56:35","4006","Information","Microsoft-Windows-AppID","AppID certificate store is verified."
"11-06-2026 14:56:19","4006","Information","Microsoft-Windows-AppID","AppID certificate store is verified."
"11-06-2026 14:55:08","4006","Information","Microsoft-Windows-AppID","AppID certificate store is verified."
"11-06-2026 13:56:16","4006","Information","Microsoft-Windows-AppID","AppID certificate store is verified."
"11-06-2026 13:56:06","4006","Information","Microsoft-Windows-AppID","AppID certificate store is verified."
"11-06-2026 13:54:55","4006","Information","Microsoft-Windows-AppID","AppID certificate store is verified."
"11-06-2026 12:54:00","4006","Information","Microsoft-Windows-AppID","AppID certificate store is verified."
"11-06-2026 12:52:50","4006","Information","Microsoft-Windows-AppID","AppID certificate store is verified."
"11-06-2026 11:53:08","4006","Information","Microsoft-Windows-AppID","AppID certificate store is verified."
"11-06-2026 11:51:57","4006","Information","Microsoft-Windows-AppID","AppID certificate store is verified."
"11-06-2026 11:05:59","4006","Information","Microsoft-Windows-AppID","AppID certificate store is verified."
"11-06-2026 10:52:21","4006","Information","Microsoft-Windows-AppID","AppID certificate store is verified."
"11-06-2026 10:51:26","4006","Information","Microsoft-Windows-AppID","AppID certificate store is verified."
"11-06-2026 10:51:10","4006","Information","Microsoft-Windows-AppID","AppID certificate store is verified."
"11-06-2026 09:51:55","4006","Information","Microsoft-Windows-AppID","AppID certificate store is verified."
"11-06-2026 09:51:13","4006","Information","Microsoft-Windows-AppID","AppID certificate store is verified."
"11-06-2026 09:50:59","4006","Information","Microsoft-Windows-AppID","AppID certificate store is verified."
"11-06-2026 09:50:03","4006","Information","Microsoft-Windows-AppID","AppID certificate store is verified."
"11-06-2026 08:50:17","4006","Information","Microsoft-Windows-AppID","AppID certificate store is verified."
"11-06-2026 08:49:27","4006","Information","Microsoft-Windows-AppID","AppID certificate store is verified."
"10-06-2026 20:06:33","4006","Information","Microsoft-Windows-AppID","AppID certificate store is verified."
"10-06-2026 20:04:47","4006","Information","Microsoft-Windows-AppID","AppID certificate store is verified."
"10-06-2026 19:06:03","4006","Information","Microsoft-Windows-AppID","AppID certificate store is verified."
"10-06-2026 19:02:38","4006","Information","Microsoft-Windows-AppID","AppID certificate store is verified."
"10-06-2026 19:02:17","4006","Information","Microsoft-Windows-AppID","AppID certificate store is verified."
"10-06-2026 18:04:47","4006","Information","Microsoft-Windows-AppID","AppID certificate store is verified."
"10-06-2026 18:03:48","4006","Information","Microsoft-Windows-AppID","AppID certificate store is verified."
"10-06-2026 18:01:23","4006","Information","Microsoft-Windows-AppID","AppID certificate store is verified."
"10-06-2026 18:01:08","4006","Information","Microsoft-Windows-AppID","AppID certificate store is verified."
"10-06-2026 17:02:38","4006","Information","Microsoft-Windows-AppID","AppID certificate store is verified."
"10-06-2026 17:01:02","4006","Information","Microsoft-Windows-AppID","AppID certificate store is verified."
"10-06-2026 17:00:47","4006","Information","Microsoft-Windows-AppID","AppID certificate store is verified."
"10-06-2026 16:59:36","4006","Information","Microsoft-Windows-AppID","AppID certificate store is verified."
"10-06-2026 16:01:57","4006","Information","Microsoft-Windows-AppID","AppID certificate store is verified."
"10-06-2026 16:00:25","4006","Information","Microsoft-Windows-AppID","AppID certificate store is verified."
"10-06-2026 15:59:27","4006","Information","Microsoft-Windows-AppID","AppID certificate store is verified."
"10-06-2026 15:59:14","4006","Information","Microsoft-Windows-AppID","AppID certificate store is verified."
"10-06-2026 15:00:12","4006","Information","Microsoft-Windows-AppID","AppID certificate store is verified."
"10-06-2026 14:59:37","4006","Information","Microsoft-Windows-AppID","AppID certificate store is verified."
"10-06-2026 14:57:23","4006","Information","Microsoft-Windows-AppID","AppID certificate store is verified."
"10-06-2026 13:58:58","4006","Information","Microsoft-Windows-AppID","AppID certificate store is verified."
"10-06-2026 13:58:07","4006","Information","Microsoft-Windows-AppID","AppID certificate store is verified."
"10-06-2026 13:56:56","4006","Information","Microsoft-Windows-AppID","AppID certificate store is verified."
"10-06-2026 12:58:58","4006","Information","Microsoft-Windows-AppID","AppID certificate store is verified."
"10-06-2026 12:57:13","4006","Information","Microsoft-Windows-AppID","AppID certificate store is verified."
"10-06-2026 12:56:25","4006","Information","Microsoft-Windows-AppID","AppID certificate store is verified."
"10-06-2026 12:55:27","4006","Information","Microsoft-Windows-AppID","AppID certificate store is verified."
"10-06-2026 11:58:33","4006","Information","Microsoft-Windows-AppID","AppID certificate store is verified."
"10-06-2026 11:58:06","4006","Information","Microsoft-Windows-AppID","AppID certificate store is verified."
"10-06-2026 11:56:15","4006","Information","Microsoft-Windows-AppID","AppID certificate store is verified."
"10-06-2026 11:55:04","4006","Information","Microsoft-Windows-AppID","AppID certificate store is verified."
"10-06-2026 11:33:26","4006","Information","Microsoft-Windows-AppID","AppID certificate store is verified."
"10-06-2026 10:55:29","4006","Information","Microsoft-Windows-AppID","AppID certificate store is verified."
"10-06-2026 10:54:52","4006","Information","Microsoft-Windows-AppID","AppID certificate store is verified."
"10-06-2026 10:54:18","4006","Information","Microsoft-Windows-AppID","AppID certificate store is verified."
"10-06-2026 09:54:50","4006","Information","Microsoft-Windows-AppID","AppID certificate store is verified."
"10-06-2026 09:54:14","4006","Information","Microsoft-Windows-AppID","AppID certificate store is verified."
"10-06-2026 09:54:14","4005","Error","Microsoft-Windows-AppID","AppID certificate store verification failed. Status STATUS_WAIT_3."
"10-06-2026 05:31:37","4006","Information","Microsoft-Windows-AppID","AppID certificate store is verified."
"09-06-2026 18:57:22","4006","Information","Microsoft-Windows-AppID","AppID certificate store is verified."
"09-06-2026 18:56:57","4006","Information","Microsoft-Windows-AppID","AppID certificate store is verified."
"09-06-2026 17:55:19","4006","Information","Microsoft-Windows-AppID","AppID certificate store is verified."
"09-06-2026 17:54:46","4006","Information","Microsoft-Windows-AppID","AppID certificate store is verified."
"09-06-2026 16:53:04","4006","Information","Microsoft-Windows-AppID","AppID certificate store is verified."
"09-06-2026 16:52:40","4006","Information","Microsoft-Windows-AppID","AppID certificate store is verified."
"09-06-2026 16:51:53","4006","Information","Microsoft-Windows-AppID","AppID certificate store is verified."
"09-06-2026 15:52:56","4006","Information","Microsoft-Windows-AppID","AppID certificate store is verified."
"09-06-2026 15:52:39","4006","Information","Microsoft-Windows-AppID","AppID certificate store is verified."
"09-06-2026 15:52:11","4006","Information","Microsoft-Windows-AppID","AppID certificate store is verified."
"09-06-2026 15:51:30","4006","Information","Microsoft-Windows-AppID","AppID certificate store is verified."
"09-06-2026 15:50:57","4006","Information","Microsoft-Windows-AppID","AppID certificate store is verified."
"09-06-2026 15:50:20","4006","Information","Microsoft-Windows-AppID","AppID certificate store is verified."
"09-06-2026 14:51:39","4006","Information","Microsoft-Windows-AppID","AppID certificate store is verified."
"09-06-2026 14:51:19","4006","Information","Microsoft-Windows-AppID","AppID certificate store is verified."
"09-06-2026 14:51:01","4006","Information","Microsoft-Windows-AppID","AppID certificate store is verified."
