"TimeCreated","Id","LevelDisplayName","ProviderName","Message"
"18-08-2026 14:38:05","1621","Information","Microsoft-Windows-Immersive-Shell","Activation of app Microsoft.MicrosoftOfficeHub_8wekyb3d8bbwe!Microsoft.MicrosoftOfficeHub attempted. Execution state: Attempted activation of the app, 0, The operation completed successfully.."
"18-08-2026 12:04:39","1621","Information","Microsoft-Windows-Immersive-Shell","Activation of app Microsoft.MicrosoftOfficeHub_8wekyb3d8bbwe!Microsoft.MicrosoftOfficeHub attempted. Execution state: Attempted activation of the app, 0, The operation completed successfully.."
"18-08-2026 12:00:41","1621","Information","Microsoft-Windows-Immersive-Shell","Activation of app Microsoft.MicrosoftOfficeHub_8wekyb3d8bbwe!Microsoft.MicrosoftOfficeHub attempted. Execution state: Attempted activation of the app, 0, The operation completed successfully.."
"18-08-2026 11:23:53","1621","Information","Microsoft-Windows-Immersive-Shell","Activation of app Microsoft.MicrosoftOfficeHub_8wekyb3d8bbwe!Microsoft.MicrosoftOfficeHub attempted. Execution state: Attempted activation of the app, 0, The operation completed successfully.."
"14-08-2026 13:39:11","1621","Information","Microsoft-Windows-Immersive-Shell","Activation of app Microsoft.MicrosoftOfficeHub_8wekyb3d8bbwe!Microsoft.MicrosoftOfficeHub attempted. Execution state: Attempted activation of the app, 0, The operation completed successfully.."
"13-08-2026 10:12:40","1621","Information","Microsoft-Windows-Immersive-Shell","Activation of app Microsoft.MicrosoftOfficeHub_8wekyb3d8bbwe!Microsoft.MicrosoftOfficeHub attempted. Execution state: Attempted activation of the app, 0, The operation completed successfully.."
"11-08-2026 17:33:40","1621","Information","Microsoft-Windows-Immersive-Shell","Activation of app Microsoft.MicrosoftOfficeHub_8wekyb3d8bbwe!Microsoft.MicrosoftOfficeHub attempted. Execution state: Attempted activation of the app, 0, The operation completed successfully.."
"11-08-2026 10:26:36","1621","Information","Microsoft-Windows-Immersive-Shell","Activation of app Microsoft.MicrosoftOfficeHub_8wekyb3d8bbwe!Microsoft.MicrosoftOfficeHub attempted. Execution state: Attempted activation of the app, 0, The operation completed successfully.."
"06-08-2026 10:24:48","1621","Information","Microsoft-Windows-Immersive-Shell","Activation of app Microsoft.MicrosoftOfficeHub_8wekyb3d8bbwe!Microsoft.MicrosoftOfficeHub attempted. Execution state: Attempted activation of the app, 0, The operation completed successfully.."
"04-08-2026 17:37:41","1621","Information","Microsoft-Windows-Immersive-Shell","Activation of app Microsoft.MicrosoftOfficeHub_8wekyb3d8bbwe!Microsoft.MicrosoftOfficeHub attempted. Execution state: Attempted activation of the app, 0, The operation completed successfully.."
"04-08-2026 14:14:47","1621","Information","Microsoft-Windows-Immersive-Shell","Activation of app Microsoft.MicrosoftOfficeHub_8wekyb3d8bbwe!Microsoft.MicrosoftOfficeHub attempted. Execution state: Attempted activation of the app, 0, The operation completed successfully.."
"31-07-2026 18:35:41","105","Information","Microsoft-Windows-Immersive-Shell",
"31-07-2026 10:53:40","1621","Information","Microsoft-Windows-Immersive-Shell","Activation of app Microsoft.MicrosoftOfficeHub_8wekyb3d8bbwe!Microsoft.MicrosoftOfficeHub attempted. Execution state: Attempted activation of the app, 0, The operation completed successfully.."
"28-07-2026 10:57:45","1621","Information","Microsoft-Windows-Immersive-Shell","Activation of app Microsoft.MicrosoftOfficeHub_8wekyb3d8bbwe!Microsoft.MicrosoftOfficeHub attempted. Execution state: Attempted activation of the app, 0, The operation completed successfully.."
"28-07-2026 09:39:14","1621","Information","Microsoft-Windows-Immersive-Shell","Activation of app Microsoft.MicrosoftOfficeHub_8wekyb3d8bbwe!Microsoft.MicrosoftOfficeHub attempted. Execution state: Attempted activation of the app, 0, The operation completed successfully.."
"27-07-2026 11:47:55","105","Information","Microsoft-Windows-Immersive-Shell",
"27-07-2026 09:30:06","105","Information","Microsoft-Windows-Immersive-Shell",
"24-07-2026 14:38:44","1621","Information","Microsoft-Windows-Immersive-Shell","Activation of app Microsoft.MicrosoftOfficeHub_8wekyb3d8bbwe!Microsoft.MicrosoftOfficeHub attempted. Execution state: Attempted activation of the app, 0, The operation completed successfully.."
"24-07-2026 09:38:41","1621","Information","Microsoft-Windows-Immersive-Shell","Activation of app Microsoft.MicrosoftOfficeHub_8wekyb3d8bbwe!Microsoft.MicrosoftOfficeHub attempted. Execution state: Attempted activation of the app, 0, The operation completed successfully.."
"23-07-2026 12:59:42","1621","Information","Microsoft-Windows-Immersive-Shell","Activation of app Microsoft.MicrosoftOfficeHub_8wekyb3d8bbwe!Microsoft.MicrosoftOfficeHub attempted. Execution state: Attempted activation of the app, 0, The operation completed successfully.."
"22-07-2026 12:28:59","1621","Information","Microsoft-Windows-Immersive-Shell","Activation of app Microsoft.MicrosoftOfficeHub_8wekyb3d8bbwe!Microsoft.MicrosoftOfficeHub attempted. Execution state: Attempted activation of the app, 0, The operation completed successfully.."
"22-07-2026 11:23:13","1621","Information","Microsoft-Windows-Immersive-Shell","Activation of app Microsoft.MicrosoftOfficeHub_8wekyb3d8bbwe!Microsoft.MicrosoftOfficeHub attempted. Execution state: Attempted activation of the app, 0, The operation completed successfully.."
"22-07-2026 10:32:07","1621","Information","Microsoft-Windows-Immersive-Shell","Activation of app Microsoft.MicrosoftOfficeHub_8wekyb3d8bbwe!Microsoft.MicrosoftOfficeHub attempted. Execution state: Attempted activation of the app, 0, The operation completed successfully.."
"22-07-2026 09:45:20","1621","Information","Microsoft-Windows-Immersive-Shell","Activation of app Microsoft.MicrosoftOfficeHub_8wekyb3d8bbwe!Microsoft.MicrosoftOfficeHub attempted. Execution state: Attempted activation of the app, 0, The operation completed successfully.."
"21-07-2026 18:32:17","1621","Information","Microsoft-Windows-Immersive-Shell","Activation of app Microsoft.MicrosoftOfficeHub_8wekyb3d8bbwe!Microsoft.MicrosoftOfficeHub attempted. Execution state: Attempted activation of the app, 0, The operation completed successfully.."
"21-07-2026 15:06:35","1621","Information","Microsoft-Windows-Immersive-Shell","Activation of app Microsoft.MicrosoftOfficeHub_8wekyb3d8bbwe!Microsoft.MicrosoftOfficeHub attempted. Execution state: Attempted activation of the app, 0, The operation completed successfully.."
"20-07-2026 18:17:15","1621","Information","Microsoft-Windows-Immersive-Shell","Activation of app Microsoft.MicrosoftOfficeHub_8wekyb3d8bbwe!Microsoft.MicrosoftOfficeHub attempted. Execution state: Attempted activation of the app, 0, The operation completed successfully.."
"20-07-2026 15:40:53","5961","Error","Microsoft-Windows-Immersive-Shell","Activation for Microsoft.LockApp_cw5n1h2txyewy!WindowsDefaultLockScreen failed. Error code: The remote procedure call failed and did not execute.. Activation phase: COM ActivateExtension"
"20-07-2026 13:16:03","1621","Information","Microsoft-Windows-Immersive-Shell","Activation of app Microsoft.MicrosoftOfficeHub_8wekyb3d8bbwe!Microsoft.MicrosoftOfficeHub attempted. Execution state: Attempted activation of the app, 0, The operation completed successfully.."
"15-07-2026 15:18:14","1621","Information","Microsoft-Windows-Immersive-Shell","Activation of app Microsoft.MicrosoftOfficeHub_8wekyb3d8bbwe!Microsoft.MicrosoftOfficeHub attempted. Execution state: Attempted activation of the app, 0, The operation completed successfully.."
"15-07-2026 12:51:49","1621","Information","Microsoft-Windows-Immersive-Shell","Activation of app Microsoft.MicrosoftOfficeHub_8wekyb3d8bbwe!Microsoft.MicrosoftOfficeHub attempted. Execution state: Attempted activation of the app, 0, The operation completed successfully.."
"15-07-2026 11:06:30","1621","Information","Microsoft-Windows-Immersive-Shell","Activation of app Microsoft.MicrosoftOfficeHub_8wekyb3d8bbwe!Microsoft.MicrosoftOfficeHub attempted. Execution state: Attempted activation of the app, 0, The operation completed successfully.."
"14-07-2026 15:05:00","1621","Information","Microsoft-Windows-Immersive-Shell","Activation of app Microsoft.MicrosoftOfficeHub_8wekyb3d8bbwe!Microsoft.MicrosoftOfficeHub attempted. Execution state: Attempted activation of the app, 0, The operation completed successfully.."
"12-07-2026 18:56:26","1621","Information","Microsoft-Windows-Immersive-Shell","Activation of app Microsoft.MicrosoftOfficeHub_8wekyb3d8bbwe!Microsoft.MicrosoftOfficeHub attempted. Execution state: Attempted activation of the app, 0, The operation completed successfully.."
"11-07-2026 18:10:50","1621","Information","Microsoft-Windows-Immersive-Shell","Activation of app Microsoft.MicrosoftOfficeHub_8wekyb3d8bbwe!Microsoft.MicrosoftOfficeHub attempted. Execution state: Attempted activation of the app, 0, The operation completed successfully.."
"11-07-2026 13:00:34","1621","Information","Microsoft-Windows-Immersive-Shell","Activation of app Microsoft.MicrosoftOfficeHub_8wekyb3d8bbwe!Microsoft.MicrosoftOfficeHub attempted. Execution state: Attempted activation of the app, 0, The operation completed successfully.."
"08-07-2026 15:30:55","1621","Information","Microsoft-Windows-Immersive-Shell","Activation of app Microsoft.MicrosoftOfficeHub_8wekyb3d8bbwe!Microsoft.MicrosoftOfficeHub attempted. Execution state: Attempted activation of the app, 0, The operation completed successfully.."
"07-07-2026 15:37:00","1621","Information","Microsoft-Windows-Immersive-Shell","Activation of app Microsoft.MicrosoftOfficeHub_8wekyb3d8bbwe!Microsoft.MicrosoftOfficeHub attempted. Execution state: Attempted activation of the app, 0, The operation completed successfully.."
"06-07-2026 09:48:55","1621","Information","Microsoft-Windows-Immersive-Shell","Activation of app Microsoft.MicrosoftOfficeHub_8wekyb3d8bbwe!Microsoft.MicrosoftOfficeHub attempted. Execution state: Attempted activation of the app, 0, The operation completed successfully.."
"03-07-2026 11:30:19","1621","Information","Microsoft-Windows-Immersive-Shell","Activation of app Microsoft.MicrosoftOfficeHub_8wekyb3d8bbwe!Microsoft.MicrosoftOfficeHub attempted. Execution state: Attempted activation of the app, 0, The operation completed successfully.."
"02-07-2026 10:06:48","1621","Information","Microsoft-Windows-Immersive-Shell","Activation of app Microsoft.MicrosoftOfficeHub_8wekyb3d8bbwe!Microsoft.MicrosoftOfficeHub attempted. Execution state: Attempted activation of the app, 0, The operation completed successfully.."
"02-07-2026 09:51:39","1621","Information","Microsoft-Windows-Immersive-Shell","Activation of app Microsoft.MicrosoftOfficeHub_8wekyb3d8bbwe!Microsoft.MicrosoftOfficeHub attempted. Execution state: Attempted activation of the app, 0, The operation completed successfully.."
"01-07-2026 14:13:01","1621","Information","Microsoft-Windows-Immersive-Shell","Activation of app Microsoft.MicrosoftOfficeHub_8wekyb3d8bbwe!Microsoft.MicrosoftOfficeHub attempted. Execution state: Attempted activation of the app, 0, The operation completed successfully.."
"29-06-2026 14:34:58","1621","Information","Microsoft-Windows-Immersive-Shell","Activation of app Microsoft.MicrosoftOfficeHub_8wekyb3d8bbwe!Microsoft.MicrosoftOfficeHub attempted. Execution state: Attempted activation of the app, 0, The operation completed successfully.."
"29-06-2026 10:47:06","1621","Information","Microsoft-Windows-Immersive-Shell","Activation of app Microsoft.MicrosoftOfficeHub_8wekyb3d8bbwe!Microsoft.MicrosoftOfficeHub attempted. Execution state: Attempted activation of the app, 0, The operation completed successfully.."
"29-06-2026 10:12:09","105","Information","Microsoft-Windows-Immersive-Shell",
"26-06-2026 16:54:59","1621","Information","Microsoft-Windows-Immersive-Shell","Activation of app Microsoft.MicrosoftOfficeHub_8wekyb3d8bbwe!Microsoft.MicrosoftOfficeHub attempted. Execution state: Attempted activation of the app, 0, The operation completed successfully.."
"26-06-2026 14:14:00","1621","Information","Microsoft-Windows-Immersive-Shell","Activation of app Microsoft.MicrosoftOfficeHub_8wekyb3d8bbwe!Microsoft.MicrosoftOfficeHub attempted. Execution state: Attempted activation of the app, 0, The operation completed successfully.."
"25-06-2026 12:17:28","1621","Information","Microsoft-Windows-Immersive-Shell","Activation of app Microsoft.MicrosoftOfficeHub_8wekyb3d8bbwe!Microsoft.MicrosoftOfficeHub attempted. Execution state: Attempted activation of the app, 0, The operation completed successfully.."
"23-06-2026 12:34:04","1621","Information","Microsoft-Windows-Immersive-Shell","Activation of app Microsoft.MicrosoftOfficeHub_8wekyb3d8bbwe!Microsoft.MicrosoftOfficeHub attempted. Execution state: Attempted activation of the app, 0, The operation completed successfully.."
"23-06-2026 10:35:50","1621","Information","Microsoft-Windows-Immersive-Shell","Activation of app Microsoft.MicrosoftOfficeHub_8wekyb3d8bbwe!Microsoft.MicrosoftOfficeHub attempted. Execution state: Attempted activation of the app, 0, The operation completed successfully.."
"23-06-2026 09:56:25","1621","Information","Microsoft-Windows-Immersive-Shell","Activation of app Microsoft.MicrosoftOfficeHub_8wekyb3d8bbwe!Microsoft.MicrosoftOfficeHub attempted. Execution state: Attempted activation of the app, 0, The operation completed successfully.."
"19-06-2026 10:14:55","1621","Information","Microsoft-Windows-Immersive-Shell","Activation of app Microsoft.MicrosoftOfficeHub_8wekyb3d8bbwe!Microsoft.MicrosoftOfficeHub attempted. Execution state: Attempted activation of the app, 0, The operation completed successfully.."
"19-06-2026 09:48:43","1621","Information","Microsoft-Windows-Immersive-Shell","Activation of app Microsoft.MicrosoftOfficeHub_8wekyb3d8bbwe!Microsoft.MicrosoftOfficeHub attempted. Execution state: Attempted activation of the app, 0, The operation completed successfully.."
"18-06-2026 19:04:36","105","Information","Microsoft-Windows-Immersive-Shell",
"18-06-2026 11:37:40","1621","Information","Microsoft-Windows-Immersive-Shell","Activation of app Microsoft.MicrosoftOfficeHub_8wekyb3d8bbwe!Microsoft.MicrosoftOfficeHub attempted. Execution state: Attempted activation of the app, 0, The operation completed successfully.."
"17-06-2026 19:10:44","105","Information","Microsoft-Windows-Immersive-Shell",
"17-06-2026 12:30:24","1621","Information","Microsoft-Windows-Immersive-Shell","Activation of app Microsoft.MicrosoftOfficeHub_8wekyb3d8bbwe!Microsoft.MicrosoftOfficeHub attempted. Execution state: Attempted activation of the app, 0, The operation completed successfully.."
"16-06-2026 18:55:23","1621","Information","Microsoft-Windows-Immersive-Shell","Activation of app Microsoft.MicrosoftOfficeHub_8wekyb3d8bbwe!Microsoft.MicrosoftOfficeHub attempted. Execution state: Attempted activation of the app, 0, The operation completed successfully.."
"16-06-2026 17:13:23","1621","Information","Microsoft-Windows-Immersive-Shell","Activation of app Microsoft.MicrosoftOfficeHub_8wekyb3d8bbwe!Microsoft.MicrosoftOfficeHub attempted. Execution state: Attempted activation of the app, 0, The operation completed successfully.."
"16-06-2026 10:58:36","1621","Information","Microsoft-Windows-Immersive-Shell","Activation of app Microsoft.MicrosoftOfficeHub_8wekyb3d8bbwe!Microsoft.MicrosoftOfficeHub attempted. Execution state: Attempted activation of the app, 0, The operation completed successfully.."
"16-06-2026 09:46:33","105","Information","Microsoft-Windows-Immersive-Shell",
"12-06-2026 16:28:55","1621","Information","Microsoft-Windows-Immersive-Shell","Activation of app Microsoft.MicrosoftOfficeHub_8wekyb3d8bbwe!Microsoft.MicrosoftOfficeHub attempted. Execution state: Attempted activation of the app, 0, The operation completed successfully.."
"12-06-2026 11:15:57","1621","Information","Microsoft-Windows-Immersive-Shell","Activation of app Microsoft.MicrosoftOfficeHub_8wekyb3d8bbwe!Microsoft.MicrosoftOfficeHub attempted. Execution state: Attempted activation of the app, 0, The operation completed successfully.."
"12-06-2026 10:04:16","1621","Information","Microsoft-Windows-Immersive-Shell","Activation of app Microsoft.MicrosoftOfficeHub_8wekyb3d8bbwe!Microsoft.MicrosoftOfficeHub attempted. Execution state: Attempted activation of the app, 0, The operation completed successfully.."
"11-06-2026 15:12:58","1621","Information","Microsoft-Windows-Immersive-Shell","Activation of app Microsoft.MicrosoftOfficeHub_8wekyb3d8bbwe!Microsoft.MicrosoftOfficeHub attempted. Execution state: Attempted activation of the app, 0, The operation completed successfully.."
"11-06-2026 14:54:02","1621","Information","Microsoft-Windows-Immersive-Shell","Activation of app Microsoft.MicrosoftOfficeHub_8wekyb3d8bbwe!Microsoft.MicrosoftOfficeHub attempted. Execution state: Attempted activation of the app, 0, The operation completed successfully.."
"11-06-2026 14:34:06","1621","Information","Microsoft-Windows-Immersive-Shell","Activation of app Microsoft.MicrosoftOfficeHub_8wekyb3d8bbwe!Microsoft.MicrosoftOfficeHub attempted. Execution state: Attempted activation of the app, 0, The operation completed successfully.."
"11-06-2026 10:46:24","1621","Information","Microsoft-Windows-Immersive-Shell","Activation of app Microsoft.MicrosoftOfficeHub_8wekyb3d8bbwe!Microsoft.MicrosoftOfficeHub attempted. Execution state: Attempted activation of the app, 0, The operation completed successfully.."
"11-06-2026 09:46:35","1621","Information","Microsoft-Windows-Immersive-Shell","Activation of app Microsoft.MicrosoftOfficeHub_8wekyb3d8bbwe!Microsoft.MicrosoftOfficeHub attempted. Execution state: Attempted activation of the app, 0, The operation completed successfully.."
"10-06-2026 17:14:16","1621","Information","Microsoft-Windows-Immersive-Shell","Activation of app Microsoft.MicrosoftOfficeHub_8wekyb3d8bbwe!Microsoft.MicrosoftOfficeHub attempted. Execution state: Attempted activation of the app, 0, The operation completed successfully.."
"10-06-2026 11:01:45","1621","Information","Microsoft-Windows-Immersive-Shell","Activation of app Microsoft.MicrosoftOfficeHub_8wekyb3d8bbwe!Microsoft.MicrosoftOfficeHub attempted. Execution state: Attempted activation of the app, 0, The operation completed successfully.."
"09-06-2026 18:36:15","1621","Information","Microsoft-Windows-Immersive-Shell","Activation of app Microsoft.MicrosoftOfficeHub_8wekyb3d8bbwe!Microsoft.MicrosoftOfficeHub attempted. Execution state: Attempted activation of the app, 0, The operation completed successfully.."
"09-06-2026 12:27:37","1621","Information","Microsoft-Windows-Immersive-Shell","Activation of app Microsoft.MicrosoftOfficeHub_8wekyb3d8bbwe!Microsoft.MicrosoftOfficeHub attempted. Execution state: Attempted activation of the app, 0, The operation completed successfully.."
"08-06-2026 19:12:49","105","Information","Microsoft-Windows-Immersive-Shell",
"08-06-2026 14:31:25","1621","Information","Microsoft-Windows-Immersive-Shell","Activation of app Microsoft.MicrosoftOfficeHub_8wekyb3d8bbwe!Microsoft.MicrosoftOfficeHub attempted. Execution state: Attempted activation of the app, 0, The operation completed successfully.."
"08-06-2026 11:56:29","1621","Information","Microsoft-Windows-Immersive-Shell","Activation of app Microsoft.MicrosoftOfficeHub_8wekyb3d8bbwe!Microsoft.MicrosoftOfficeHub attempted. Execution state: Attempted activation of the app, 0, The operation completed successfully.."
"05-06-2026 12:37:29","1621","Information","Microsoft-Windows-Immersive-Shell","Activation of app Microsoft.MicrosoftOfficeHub_8wekyb3d8bbwe!Microsoft.MicrosoftOfficeHub attempted. Execution state: Attempted activation of the app, 0, The operation completed successfully.."
"05-06-2026 09:51:23","1621","Information","Microsoft-Windows-Immersive-Shell","Activation of app Microsoft.MicrosoftOfficeHub_8wekyb3d8bbwe!Microsoft.MicrosoftOfficeHub attempted. Execution state: Attempted activation of the app, 0, The operation completed successfully.."
"04-06-2026 09:11:51","1621","Information","Microsoft-Windows-Immersive-Shell","Activation of app Microsoft.MicrosoftOfficeHub_8wekyb3d8bbwe!Microsoft.MicrosoftOfficeHub attempted. Execution state: Attempted activation of the app, 0, The operation completed successfully.."
"03-06-2026 19:18:35","1621","Information","Microsoft-Windows-Immersive-Shell","Activation of app Microsoft.MicrosoftOfficeHub_8wekyb3d8bbwe!Microsoft.MicrosoftOfficeHub attempted. Execution state: Attempted activation of the app, 0, The operation completed successfully.."
"03-06-2026 11:50:48","1621","Information","Microsoft-Windows-Immersive-Shell","Activation of app Microsoft.MicrosoftOfficeHub_8wekyb3d8bbwe!Microsoft.MicrosoftOfficeHub attempted. Execution state: Attempted activation of the app, 0, The operation completed successfully.."
"03-06-2026 11:25:42","1621","Information","Microsoft-Windows-Immersive-Shell","Activation of app Microsoft.MicrosoftOfficeHub_8wekyb3d8bbwe!Microsoft.MicrosoftOfficeHub attempted. Execution state: Attempted activation of the app, 0, The operation completed successfully.."
"03-06-2026 00:41:50","105","Information","Microsoft-Windows-Immersive-Shell",
"03-06-2026 00:12:33","105","Information","Microsoft-Windows-Immersive-Shell",
"02-06-2026 12:36:46","1621","Information","Microsoft-Windows-Immersive-Shell","Activation of app Microsoft.MicrosoftOfficeHub_8wekyb3d8bbwe!Microsoft.MicrosoftOfficeHub attempted. Execution state: Attempted activation of the app, 0, The operation completed successfully.."
"02-06-2026 11:27:07","1621","Information","Microsoft-Windows-Immersive-Shell","Activation of app Microsoft.MicrosoftOfficeHub_8wekyb3d8bbwe!Microsoft.MicrosoftOfficeHub attempted. Execution state: Attempted activation of the app, 0, The operation completed successfully.."
"02-06-2026 10:13:06","105","Information","Microsoft-Windows-Immersive-Shell",
"01-06-2026 15:57:18","1621","Information","Microsoft-Windows-Immersive-Shell","Activation of app Microsoft.MicrosoftOfficeHub_8wekyb3d8bbwe!Microsoft.MicrosoftOfficeHub attempted. Execution state: Attempted activation of the app, 0, The operation completed successfully.."
"01-06-2026 09:52:30","1621","Information","Microsoft-Windows-Immersive-Shell","Activation of app Microsoft.MicrosoftOfficeHub_8wekyb3d8bbwe!Microsoft.MicrosoftOfficeHub attempted. Execution state: Attempted activation of the app, 0, The operation completed successfully.."
"29-05-2026 12:27:33","1621","Information","Microsoft-Windows-Immersive-Shell","Activation of app Microsoft.MicrosoftOfficeHub_8wekyb3d8bbwe!Microsoft.MicrosoftOfficeHub attempted. Execution state: Attempted activation of the app, 0, The operation completed successfully.."
"28-05-2026 19:11:40","1621","Information","Microsoft-Windows-Immersive-Shell","Activation of app Microsoft.MicrosoftOfficeHub_8wekyb3d8bbwe!Microsoft.MicrosoftOfficeHub attempted. Execution state: Attempted activation of the app, 0, The operation completed successfully.."
"28-05-2026 11:14:00","1621","Information","Microsoft-Windows-Immersive-Shell","Activation of app Microsoft.MicrosoftOfficeHub_8wekyb3d8bbwe!Microsoft.MicrosoftOfficeHub attempted. Execution state: Attempted activation of the app, 0, The operation completed successfully.."
"28-05-2026 10:40:35","1621","Information","Microsoft-Windows-Immersive-Shell","Activation of app Microsoft.MicrosoftOfficeHub_8wekyb3d8bbwe!Microsoft.MicrosoftOfficeHub attempted. Execution state: Attempted activation of the app, 0, The operation completed successfully.."
"27-05-2026 12:05:39","1621","Information","Microsoft-Windows-Immersive-Shell","Activation of app Microsoft.MicrosoftOfficeHub_8wekyb3d8bbwe!Microsoft.MicrosoftOfficeHub attempted. Execution state: Attempted activation of the app, 0, The operation completed successfully.."
"27-05-2026 11:57:03","1621","Information","Microsoft-Windows-Immersive-Shell","Activation of app Microsoft.MicrosoftOfficeHub_8wekyb3d8bbwe!Microsoft.MicrosoftOfficeHub attempted. Execution state: Attempted activation of the app, 0, The operation completed successfully.."
"26-05-2026 16:37:09","1621","Information","Microsoft-Windows-Immersive-Shell","Activation of app Microsoft.MicrosoftOfficeHub_8wekyb3d8bbwe!Microsoft.MicrosoftOfficeHub attempted. Execution state: Attempted activation of the app, 0, The operation completed successfully.."
"25-05-2026 16:04:59","1621","Information","Microsoft-Windows-Immersive-Shell","Activation of app Microsoft.MicrosoftOfficeHub_8wekyb3d8bbwe!Microsoft.MicrosoftOfficeHub attempted. Execution state: Attempted activation of the app, 0, The operation completed successfully.."
"25-05-2026 11:11:43","1621","Information","Microsoft-Windows-Immersive-Shell","Activation of app Microsoft.MicrosoftOfficeHub_8wekyb3d8bbwe!Microsoft.MicrosoftOfficeHub attempted. Execution state: Attempted activation of the app, 0, The operation completed successfully.."
"25-05-2026 09:54:45","1621","Information","Microsoft-Windows-Immersive-Shell","Activation of app Microsoft.MicrosoftOfficeHub_8wekyb3d8bbwe!Microsoft.MicrosoftOfficeHub attempted. Execution state: Attempted activation of the app, 0, The operation completed successfully.."
"23-05-2026 22:59:02","105","Information","Microsoft-Windows-Immersive-Shell",
"23-05-2026 13:32:53","1621","Information","Microsoft-Windows-Immersive-Shell","Activation of app Microsoft.MicrosoftOfficeHub_8wekyb3d8bbwe!Microsoft.MicrosoftOfficeHub attempted. Execution state: Attempted activation of the app, 0, The operation completed successfully.."
"23-05-2026 13:01:58","1621","Information","Microsoft-Windows-Immersive-Shell","Activation of app Microsoft.MicrosoftOfficeHub_8wekyb3d8bbwe!Microsoft.MicrosoftOfficeHub attempted. Execution state: Attempted activation of the app, 0, The operation completed successfully.."
"23-05-2026 12:53:59","1621","Information","Microsoft-Windows-Immersive-Shell","Activation of app Microsoft.MicrosoftOfficeHub_8wekyb3d8bbwe!Microsoft.MicrosoftOfficeHub attempted. Execution state: Attempted activation of the app, 0, The operation completed successfully.."
"23-05-2026 11:02:03","105","Information","Microsoft-Windows-Immersive-Shell",
"23-05-2026 11:00:45","105","Information","Microsoft-Windows-Immersive-Shell",
"23-05-2026 10:51:20","105","Information","Microsoft-Windows-Immersive-Shell",
