"TimeCreated","Id","LevelDisplayName","ProviderName","Message"
"19-08-2026 13:30:21","800","Information","Microsoft-Windows-TaskScheduler","Maintenance state changed to 1 (Last Run: ‎8/‎19/‎2026 1:30 PM)."
"19-08-2026 13:29:21","800","Information","Microsoft-Windows-TaskScheduler","Maintenance state changed to 3 (Last Run: ‎8/‎19/‎2026 1:29 PM)."
"19-08-2026 10:13:54","800","Information","Microsoft-Windows-TaskScheduler","Maintenance state changed to 1 (Last Run: ‎8/‎19/‎2026 10:13 AM)."
"19-08-2026 10:13:54","800","Information","Microsoft-Windows-TaskScheduler","Maintenance state changed to 3 (Last Run: ‎8/‎19/‎2026 10:13 AM)."
"19-08-2026 10:08:45","800","Information","Microsoft-Windows-TaskScheduler","Maintenance state changed to 1 (Last Run: ‎8/‎19/‎2026 10:08 AM)."
"19-08-2026 10:07:37","800","Information","Microsoft-Windows-TaskScheduler","Maintenance state changed to 3 (Last Run: ‎8/‎19/‎2026 10:07 AM)."
"19-08-2026 10:07:36","800","Information","Microsoft-Windows-TaskScheduler","Maintenance state changed to 1 (Last Run: ‎8/‎19/‎2026 10:07 AM)."
"19-08-2026 10:07:29","800","Information","Microsoft-Windows-TaskScheduler","Maintenance state changed to 3 (Last Run: ‎8/‎19/‎2026 10:07 AM)."
"19-08-2026 10:07:17","800","Information","Microsoft-Windows-TaskScheduler","Maintenance state changed to 1 (Last Run: ‎8/‎19/‎2026 10:07 AM)."
"19-08-2026 10:07:15","800","Information","Microsoft-Windows-TaskScheduler","Maintenance state changed to 3 (Last Run: ‎8/‎19/‎2026 10:07 AM)."
"18-08-2026 15:25:47","800","Information","Microsoft-Windows-TaskScheduler","Maintenance state changed to 1 (Last Run: ‎8/‎18/‎2026 3:25 PM)."
"18-08-2026 15:25:46","800","Information","Microsoft-Windows-TaskScheduler","Maintenance state changed to 3 (Last Run: ‎8/‎18/‎2026 3:25 PM)."
"18-08-2026 15:03:26","800","Information","Microsoft-Windows-TaskScheduler","Maintenance state changed to 1 (Last Run: ‎8/‎18/‎2026 3:03 PM)."
"18-08-2026 15:01:26","800","Information","Microsoft-Windows-TaskScheduler","Maintenance state changed to 3 (Last Run: ‎8/‎18/‎2026 3:01 PM)."
"18-08-2026 14:56:47","800","Information","Microsoft-Windows-TaskScheduler","Maintenance state changed to 1 (Last Run: ‎8/‎18/‎2026 2:56 PM)."
"18-08-2026 14:56:46","800","Information","Microsoft-Windows-TaskScheduler","Maintenance state changed to 3 (Last Run: ‎8/‎18/‎2026 2:56 PM)."
"18-08-2026 14:55:48","800","Information","Microsoft-Windows-TaskScheduler","Maintenance state changed to 1 (Last Run: ‎8/‎18/‎2026 2:55 PM)."
"18-08-2026 14:55:46","800","Information","Microsoft-Windows-TaskScheduler","Maintenance state changed to 3 (Last Run: ‎8/‎18/‎2026 2:55 PM)."
"18-08-2026 14:42:10","800","Information","Microsoft-Windows-TaskScheduler","Maintenance state changed to 1 (Last Run: ‎8/‎18/‎2026 2:42 PM)."
"18-08-2026 14:41:10","800","Information","Microsoft-Windows-TaskScheduler","Maintenance state changed to 3 (Last Run: ‎8/‎18/‎2026 2:41 PM)."
"18-08-2026 12:07:09","800","Information","Microsoft-Windows-TaskScheduler","Maintenance state changed to 1 (Last Run: ‎8/‎18/‎2026 12:07 PM)."
"18-08-2026 12:07:09","800","Information","Microsoft-Windows-TaskScheduler","Maintenance state changed to 3 (Last Run: ‎8/‎18/‎2026 12:07 PM)."
"18-08-2026 10:54:34","800","Information","Microsoft-Windows-TaskScheduler","Maintenance state changed to 1 (Last Run: ‎8/‎18/‎2026 10:54 AM)."
"18-08-2026 10:54:33","800","Information","Microsoft-Windows-TaskScheduler","Maintenance state changed to 3 (Last Run: ‎8/‎18/‎2026 10:54 AM)."
"18-08-2026 10:49:32","800","Information","Microsoft-Windows-TaskScheduler","Maintenance state changed to 1 (Last Run: ‎8/‎18/‎2026 10:49 AM)."
"18-08-2026 10:49:30","800","Information","Microsoft-Windows-TaskScheduler","Maintenance state changed to 3 (Last Run: ‎8/‎18/‎2026 10:49 AM)."
"18-08-2026 09:57:00","800","Information","Microsoft-Windows-TaskScheduler","Maintenance state changed to 1 (Last Run: ‎8/‎18/‎2026 9:57 AM)."
"18-08-2026 09:57:00","800","Information","Microsoft-Windows-TaskScheduler","Maintenance state changed to 3 (Last Run: ‎8/‎18/‎2026 9:57 AM)."
"18-08-2026 09:53:02","800","Information","Microsoft-Windows-TaskScheduler","Maintenance state changed to 1 (Last Run: ‎8/‎18/‎2026 9:53 AM)."
"18-08-2026 09:51:54","800","Information","Microsoft-Windows-TaskScheduler","Maintenance state changed to 3 (Last Run: ‎8/‎18/‎2026 9:51 AM)."
"18-08-2026 09:51:53","800","Information","Microsoft-Windows-TaskScheduler","Maintenance state changed to 1 (Last Run: ‎8/‎18/‎2026 9:51 AM)."
"18-08-2026 09:51:53","800","Information","Microsoft-Windows-TaskScheduler","Maintenance state changed to 3 (Last Run: ‎8/‎18/‎2026 9:51 AM)."
"18-08-2026 09:51:52","800","Information","Microsoft-Windows-TaskScheduler","Maintenance state changed to 1 (Last Run: ‎8/‎18/‎2026 9:51 AM)."
"18-08-2026 09:51:38","800","Information","Microsoft-Windows-TaskScheduler","Maintenance state changed to 3 (Last Run: ‎8/‎18/‎2026 9:51 AM)."
"17-08-2026 19:49:56","800","Information","Microsoft-Windows-TaskScheduler","Maintenance state changed to 1 (Last Run: ‎8/‎17/‎2026 7:49 PM)."
"17-08-2026 19:49:56","800","Information","Microsoft-Windows-TaskScheduler","Maintenance state changed to 3 (Last Run: ‎8/‎17/‎2026 7:49 PM)."
"17-08-2026 13:40:34","800","Information","Microsoft-Windows-TaskScheduler","Maintenance state changed to 1 (Last Run: ‎8/‎17/‎2026 1:40 PM)."
"17-08-2026 13:39:34","800","Information","Microsoft-Windows-TaskScheduler","Maintenance state changed to 3 (Last Run: ‎8/‎17/‎2026 1:39 PM)."
"17-08-2026 10:06:15","800","Information","Microsoft-Windows-TaskScheduler","Maintenance state changed to 1 (Last Run: ‎8/‎17/‎2026 10:06 AM)."
"17-08-2026 10:05:05","800","Information","Microsoft-Windows-TaskScheduler","Maintenance state changed to 3 (Last Run: ‎8/‎17/‎2026 10:05 AM)."
"17-08-2026 10:05:04","800","Information","Microsoft-Windows-TaskScheduler","Maintenance state changed to 1 (Last Run: ‎8/‎17/‎2026 10:05 AM)."
"17-08-2026 10:05:03","800","Information","Microsoft-Windows-TaskScheduler","Maintenance state changed to 3 (Last Run: ‎8/‎17/‎2026 10:05 AM)."
"17-08-2026 10:05:02","800","Information","Microsoft-Windows-TaskScheduler","Maintenance state changed to 1 (Last Run: ‎8/‎17/‎2026 10:05 AM)."
"17-08-2026 10:02:56","800","Information","Microsoft-Windows-TaskScheduler","Maintenance state changed to 3 (Last Run: ‎8/‎17/‎2026 10:02 AM)."
"17-08-2026 09:57:15","800","Information","Microsoft-Windows-TaskScheduler","Maintenance state changed to 1 (Last Run: ‎8/‎17/‎2026 9:57 AM)."
"17-08-2026 09:56:15","800","Information","Microsoft-Windows-TaskScheduler","Maintenance state changed to 3 (Last Run: ‎8/‎17/‎2026 9:56 AM)."
"14-08-2026 13:54:53","800","Information","Microsoft-Windows-TaskScheduler","Maintenance state changed to 1 (Last Run: ‎8/‎14/‎2026 1:54 PM)."
"14-08-2026 13:53:45","800","Information","Microsoft-Windows-TaskScheduler","Maintenance state changed to 3 (Last Run: ‎8/‎14/‎2026 1:53 PM)."
"14-08-2026 13:53:44","800","Information","Microsoft-Windows-TaskScheduler","Maintenance state changed to 1 (Last Run: ‎8/‎14/‎2026 1:53 PM)."
"14-08-2026 13:51:43","800","Information","Microsoft-Windows-TaskScheduler","Maintenance state changed to 3 (Last Run: ‎8/‎14/‎2026 1:51 PM)."
"13-08-2026 13:54:45","800","Information","Microsoft-Windows-TaskScheduler","Maintenance state changed to 1 (Last Run: ‎8/‎13/‎2026 1:54 PM)."
"13-08-2026 13:53:45","800","Information","Microsoft-Windows-TaskScheduler","Maintenance state changed to 3 (Last Run: ‎8/‎13/‎2026 1:53 PM)."
"13-08-2026 10:29:33","800","Information","Microsoft-Windows-TaskScheduler","Maintenance state changed to 1 (Last Run: ‎8/‎13/‎2026 10:29 AM)."
"13-08-2026 10:29:33","800","Information","Microsoft-Windows-TaskScheduler","Maintenance state changed to 3 (Last Run: ‎8/‎13/‎2026 10:29 AM)."
"13-08-2026 09:28:04","800","Information","Microsoft-Windows-TaskScheduler","Maintenance state changed to 1 (Last Run: ‎8/‎13/‎2026 9:28 AM)."
"13-08-2026 09:26:56","800","Information","Microsoft-Windows-TaskScheduler","Maintenance state changed to 3 (Last Run: ‎8/‎13/‎2026 9:26 AM)."
"13-08-2026 09:26:55","800","Information","Microsoft-Windows-TaskScheduler","Maintenance state changed to 1 (Last Run: ‎8/‎13/‎2026 9:26 AM)."
"13-08-2026 09:26:55","800","Information","Microsoft-Windows-TaskScheduler","Maintenance state changed to 3 (Last Run: ‎8/‎13/‎2026 9:26 AM)."
"13-08-2026 09:26:54","800","Information","Microsoft-Windows-TaskScheduler","Maintenance state changed to 1 (Last Run: ‎8/‎13/‎2026 9:26 AM)."
"13-08-2026 09:24:53","800","Information","Microsoft-Windows-TaskScheduler","Maintenance state changed to 3 (Last Run: ‎8/‎13/‎2026 9:24 AM)."
"13-08-2026 09:14:49","800","Information","Microsoft-Windows-TaskScheduler","Maintenance state changed to 1 (Last Run: ‎8/‎13/‎2026 9:14 AM)."
"13-08-2026 09:13:36","800","Information","Microsoft-Windows-TaskScheduler","Maintenance state changed to 3 (Last Run: ‎8/‎13/‎2026 9:13 AM)."
"12-08-2026 10:30:30","800","Information","Microsoft-Windows-TaskScheduler","Maintenance state changed to 1 (Last Run: ‎8/‎12/‎2026 10:30 AM)."
"12-08-2026 10:29:22","800","Information","Microsoft-Windows-TaskScheduler","Maintenance state changed to 3 (Last Run: ‎8/‎12/‎2026 10:29 AM)."
"12-08-2026 10:29:21","800","Information","Microsoft-Windows-TaskScheduler","Maintenance state changed to 1 (Last Run: ‎8/‎12/‎2026 10:29 AM)."
"12-08-2026 10:29:20","800","Information","Microsoft-Windows-TaskScheduler","Maintenance state changed to 3 (Last Run: ‎8/‎12/‎2026 10:29 AM)."
"12-08-2026 10:29:19","800","Information","Microsoft-Windows-TaskScheduler","Maintenance state changed to 1 (Last Run: ‎8/‎12/‎2026 10:29 AM)."
"12-08-2026 10:29:12","800","Information","Microsoft-Windows-TaskScheduler","Maintenance state changed to 3 (Last Run: ‎8/‎12/‎2026 10:29 AM)."
"12-08-2026 10:04:04","800","Information","Microsoft-Windows-TaskScheduler","Maintenance state changed to 1 (Last Run: ‎8/‎12/‎2026 10:04 AM)."
"12-08-2026 10:04:04","800","Information","Microsoft-Windows-TaskScheduler","Maintenance state changed to 3 (Last Run: ‎8/‎12/‎2026 10:04 AM)."
"12-08-2026 03:27:38","800","Information","Microsoft-Windows-TaskScheduler","Maintenance state changed to 1 (Last Run: ‎8/‎12/‎2026 3:27 AM)."
"12-08-2026 03:27:17","800","Information","Microsoft-Windows-TaskScheduler","Maintenance state changed to 3 (Last Run: ‎8/‎12/‎2026 3:27 AM)."
"11-08-2026 17:37:01","800","Information","Microsoft-Windows-TaskScheduler","Maintenance state changed to 1 (Last Run: ‎8/‎11/‎2026 5:37 PM)."
"11-08-2026 17:35:01","800","Information","Microsoft-Windows-TaskScheduler","Maintenance state changed to 3 (Last Run: ‎8/‎11/‎2026 5:35 PM)."
"11-08-2026 09:15:18","800","Information","Microsoft-Windows-TaskScheduler","Maintenance state changed to 1 (Last Run: ‎8/‎11/‎2026 9:15 AM)."
"11-08-2026 09:15:11","800","Information","Microsoft-Windows-TaskScheduler","Maintenance state changed to 3 (Last Run: ‎8/‎11/‎2026 9:15 AM)."
"11-08-2026 09:15:10","800","Information","Microsoft-Windows-TaskScheduler","Maintenance state changed to 1 (Last Run: ‎8/‎11/‎2026 9:15 AM)."
"11-08-2026 09:14:02","800","Information","Microsoft-Windows-TaskScheduler","Maintenance state changed to 3 (Last Run: ‎8/‎11/‎2026 9:14 AM)."
"11-08-2026 06:06:44","800","Information","Microsoft-Windows-TaskScheduler","Maintenance state changed to 1 (Last Run: ‎8/‎11/‎2026 6:06 AM)."
"11-08-2026 06:06:43","800","Information","Microsoft-Windows-TaskScheduler","Maintenance state changed to 3 (Last Run: ‎8/‎11/‎2026 6:06 AM)."
"11-08-2026 06:04:32","800","Information","Microsoft-Windows-TaskScheduler","Maintenance state changed to 1 (Last Run: ‎8/‎11/‎2026 6:04 AM)."
"11-08-2026 06:04:13","800","Information","Microsoft-Windows-TaskScheduler","Maintenance state changed to 3 (Last Run: ‎8/‎11/‎2026 6:04 AM)."
"10-08-2026 18:56:57","800","Information","Microsoft-Windows-TaskScheduler","Maintenance state changed to 1 (Last Run: ‎8/‎10/‎2026 6:56 PM)."
"10-08-2026 18:55:50","800","Information","Microsoft-Windows-TaskScheduler","Maintenance state changed to 3 (Last Run: ‎8/‎10/‎2026 6:55 PM)."
"10-08-2026 18:55:49","800","Information","Microsoft-Windows-TaskScheduler","Maintenance state changed to 1 (Last Run: ‎8/‎10/‎2026 6:55 PM)."
"10-08-2026 18:55:49","800","Information","Microsoft-Windows-TaskScheduler","Maintenance state changed to 3 (Last Run: ‎8/‎10/‎2026 6:55 PM)."
"10-08-2026 18:55:48","800","Information","Microsoft-Windows-TaskScheduler","Maintenance state changed to 1 (Last Run: ‎8/‎10/‎2026 6:55 PM)."
"10-08-2026 18:50:36","800","Information","Microsoft-Windows-TaskScheduler","Maintenance state changed to 3 (Last Run: ‎8/‎10/‎2026 6:50 PM)."
"10-08-2026 15:25:59","800","Information","Microsoft-Windows-TaskScheduler","Maintenance state changed to 1 (Last Run: ‎8/‎10/‎2026 3:25 PM)."
"10-08-2026 15:25:58","800","Information","Microsoft-Windows-TaskScheduler","Maintenance state changed to 3 (Last Run: ‎8/‎10/‎2026 3:25 PM)."
"10-08-2026 13:25:08","800","Information","Microsoft-Windows-TaskScheduler","Maintenance state changed to 1 (Last Run: ‎8/‎10/‎2026 1:25 PM)."
"10-08-2026 13:14:00","800","Information","Microsoft-Windows-TaskScheduler","Maintenance state changed to 3 (Last Run: ‎8/‎10/‎2026 1:14 PM)."
"10-08-2026 13:01:24","800","Information","Microsoft-Windows-TaskScheduler","Maintenance state changed to 1 (Last Run: ‎8/‎10/‎2026 1:01 PM)."
"10-08-2026 13:00:24","800","Information","Microsoft-Windows-TaskScheduler","Maintenance state changed to 3 (Last Run: ‎8/‎10/‎2026 1:00 PM)."
"10-08-2026 10:22:26","800","Information","Microsoft-Windows-TaskScheduler","Maintenance state changed to 1 (Last Run: ‎8/‎10/‎2026 10:22 AM)."
"10-08-2026 10:22:26","800","Information","Microsoft-Windows-TaskScheduler","Maintenance state changed to 3 (Last Run: ‎8/‎10/‎2026 10:22 AM)."
"10-08-2026 10:22:18","800","Information","Microsoft-Windows-TaskScheduler","Maintenance state changed to 1 (Last Run: ‎8/‎10/‎2026 10:22 AM)."
"10-08-2026 10:21:24","800","Information","Microsoft-Windows-TaskScheduler","Maintenance state changed to 3 (Last Run: ‎8/‎10/‎2026 10:21 AM)."
"10-08-2026 09:37:34","800","Information","Microsoft-Windows-TaskScheduler","Maintenance state changed to 1 (Last Run: ‎8/‎10/‎2026 9:37 AM)."
"10-08-2026 09:36:34","800","Information","Microsoft-Windows-TaskScheduler","Maintenance state changed to 3 (Last Run: ‎8/‎10/‎2026 9:36 AM)."
"07-08-2026 09:55:06","800","Information","Microsoft-Windows-TaskScheduler","Maintenance state changed to 1 (Last Run: ‎8/‎7/‎2026 9:55 AM)."
"07-08-2026 09:53:58","800","Information","Microsoft-Windows-TaskScheduler","Maintenance state changed to 3 (Last Run: ‎8/‎7/‎2026 9:53 AM)."
"07-08-2026 09:53:57","800","Information","Microsoft-Windows-TaskScheduler","Maintenance state changed to 1 (Last Run: ‎8/‎7/‎2026 9:53 AM)."
"07-08-2026 09:52:56","800","Information","Microsoft-Windows-TaskScheduler","Maintenance state changed to 3 (Last Run: ‎8/‎7/‎2026 9:52 AM)."
"06-08-2026 19:02:47","800","Information","Microsoft-Windows-TaskScheduler","Maintenance state changed to 1 (Last Run: ‎8/‎6/‎2026 7:02 PM)."
"06-08-2026 19:01:04","800","Information","Microsoft-Windows-TaskScheduler","Maintenance state changed to 3 (Last Run: ‎8/‎6/‎2026 7:01 PM)."
"06-08-2026 16:30:54","800","Information","Microsoft-Windows-TaskScheduler","Maintenance state changed to 1 (Last Run: ‎8/‎6/‎2026 4:30 PM)."
"06-08-2026 16:29:53","800","Information","Microsoft-Windows-TaskScheduler","Maintenance state changed to 3 (Last Run: ‎8/‎6/‎2026 4:29 PM)."
"06-08-2026 10:49:03","800","Information","Microsoft-Windows-TaskScheduler","Maintenance state changed to 1 (Last Run: ‎8/‎6/‎2026 10:49 AM)."
"06-08-2026 10:47:55","800","Information","Microsoft-Windows-TaskScheduler","Maintenance state changed to 3 (Last Run: ‎8/‎6/‎2026 10:47 AM)."
"06-08-2026 10:40:55","800","Information","Microsoft-Windows-TaskScheduler","Maintenance state changed to 1 (Last Run: ‎8/‎6/‎2026 10:40 AM)."
"06-08-2026 10:39:49","800","Information","Microsoft-Windows-TaskScheduler","Maintenance state changed to 3 (Last Run: ‎8/‎6/‎2026 10:39 AM)."
"06-08-2026 10:39:48","800","Information","Microsoft-Windows-TaskScheduler","Maintenance state changed to 1 (Last Run: ‎8/‎6/‎2026 10:39 AM)."
"06-08-2026 10:39:47","800","Information","Microsoft-Windows-TaskScheduler","Maintenance state changed to 3 (Last Run: ‎8/‎6/‎2026 10:39 AM)."
"06-08-2026 10:39:46","800","Information","Microsoft-Windows-TaskScheduler","Maintenance state changed to 1 (Last Run: ‎8/‎6/‎2026 10:39 AM)."
"06-08-2026 10:39:46","800","Information","Microsoft-Windows-TaskScheduler","Maintenance state changed to 3 (Last Run: ‎8/‎6/‎2026 10:39 AM)."
"06-08-2026 10:39:45","800","Information","Microsoft-Windows-TaskScheduler","Maintenance state changed to 1 (Last Run: ‎8/‎6/‎2026 10:39 AM)."
"06-08-2026 10:39:36","800","Information","Microsoft-Windows-TaskScheduler","Maintenance state changed to 3 (Last Run: ‎8/‎6/‎2026 10:39 AM)."
"05-08-2026 13:30:39","800","Information","Microsoft-Windows-TaskScheduler","Maintenance state changed to 1 (Last Run: ‎8/‎5/‎2026 1:30 PM)."
"05-08-2026 13:29:39","800","Information","Microsoft-Windows-TaskScheduler","Maintenance state changed to 3 (Last Run: ‎8/‎5/‎2026 1:29 PM)."
"05-08-2026 11:39:46","800","Information","Microsoft-Windows-TaskScheduler","Maintenance state changed to 1 (Last Run: ‎8/‎5/‎2026 11:39 AM)."
"05-08-2026 11:38:38","800","Information","Microsoft-Windows-TaskScheduler","Maintenance state changed to 3 (Last Run: ‎8/‎5/‎2026 11:38 AM)."
"05-08-2026 11:38:37","800","Information","Microsoft-Windows-TaskScheduler","Maintenance state changed to 1 (Last Run: ‎8/‎5/‎2026 11:38 AM)."
"05-08-2026 11:37:27","800","Information","Microsoft-Windows-TaskScheduler","Maintenance state changed to 3 (Last Run: ‎8/‎5/‎2026 11:37 AM)."
"05-08-2026 11:37:26","800","Information","Microsoft-Windows-TaskScheduler","Maintenance state changed to 1 (Last Run: ‎8/‎5/‎2026 11:37 AM)."
"05-08-2026 11:37:26","800","Information","Microsoft-Windows-TaskScheduler","Maintenance state changed to 3 (Last Run: ‎8/‎5/‎2026 11:37 AM)."
"05-08-2026 11:37:25","800","Information","Microsoft-Windows-TaskScheduler","Maintenance state changed to 1 (Last Run: ‎8/‎5/‎2026 11:37 AM)."
"05-08-2026 11:37:11","800","Information","Microsoft-Windows-TaskScheduler","Maintenance state changed to 3 (Last Run: ‎8/‎5/‎2026 11:37 AM)."
"05-08-2026 09:38:43","800","Information","Microsoft-Windows-TaskScheduler","Maintenance state changed to 1 (Last Run: ‎8/‎5/‎2026 9:38 AM)."
"05-08-2026 09:38:34","800","Information","Microsoft-Windows-TaskScheduler","Maintenance state changed to 3 (Last Run: ‎8/‎5/‎2026 9:38 AM)."
"04-08-2026 13:35:53","800","Information","Microsoft-Windows-TaskScheduler","Maintenance state changed to 1 (Last Run: ‎8/‎4/‎2026 1:35 PM)."
"04-08-2026 13:33:53","800","Information","Microsoft-Windows-TaskScheduler","Maintenance state changed to 3 (Last Run: ‎8/‎4/‎2026 1:33 PM)."
"04-08-2026 13:21:02","800","Information","Microsoft-Windows-TaskScheduler","Maintenance state changed to 1 (Last Run: ‎8/‎4/‎2026 1:21 PM)."
"04-08-2026 13:21:02","800","Information","Microsoft-Windows-TaskScheduler","Maintenance state changed to 3 (Last Run: ‎8/‎4/‎2026 1:21 PM)."
"04-08-2026 09:21:43","800","Information","Microsoft-Windows-TaskScheduler","Maintenance state changed to 1 (Last Run: ‎8/‎4/‎2026 9:21 AM)."
"04-08-2026 09:20:35","800","Information","Microsoft-Windows-TaskScheduler","Maintenance state changed to 3 (Last Run: ‎8/‎4/‎2026 9:20 AM)."
"04-08-2026 09:20:34","800","Information","Microsoft-Windows-TaskScheduler","Maintenance state changed to 1 (Last Run: ‎8/‎4/‎2026 9:20 AM)."
"04-08-2026 09:19:33","800","Information","Microsoft-Windows-TaskScheduler","Maintenance state changed to 3 (Last Run: ‎8/‎4/‎2026 9:19 AM)."
"04-08-2026 09:19:33","800","Information","Microsoft-Windows-TaskScheduler","Maintenance state changed to 1 (Last Run: ‎8/‎4/‎2026 9:19 AM)."
"04-08-2026 09:19:32","800","Information","Microsoft-Windows-TaskScheduler","Maintenance state changed to 3 (Last Run: ‎8/‎4/‎2026 9:19 AM)."
"03-08-2026 10:08:44","800","Information","Microsoft-Windows-TaskScheduler","Maintenance state changed to 1 (Last Run: ‎8/‎3/‎2026 10:08 AM)."
"03-08-2026 10:08:44","800","Information","Microsoft-Windows-TaskScheduler","Maintenance state changed to 3 (Last Run: ‎8/‎3/‎2026 10:08 AM)."
"03-08-2026 10:08:43","800","Information","Microsoft-Windows-TaskScheduler","Maintenance state changed to 1 (Last Run: ‎8/‎3/‎2026 10:08 AM)."
"03-08-2026 10:07:36","800","Information","Microsoft-Windows-TaskScheduler","Maintenance state changed to 3 (Last Run: ‎8/‎3/‎2026 10:07 AM)."
"03-08-2026 09:52:17","800","Information","Microsoft-Windows-TaskScheduler","Maintenance state changed to 1 (Last Run: ‎8/‎3/‎2026 9:52 AM)."
"03-08-2026 09:51:50","800","Information","Microsoft-Windows-TaskScheduler","Maintenance state changed to 3 (Last Run: ‎8/‎3/‎2026 9:51 AM)."
"03-08-2026 09:51:49","800","Information","Microsoft-Windows-TaskScheduler","Maintenance state changed to 1 (Last Run: ‎8/‎3/‎2026 9:51 AM)."
"03-08-2026 09:39:50","800","Information","Microsoft-Windows-TaskScheduler","Maintenance state changed to 3 (Last Run: ‎8/‎3/‎2026 9:39 AM)."
"03-08-2026 09:39:42","800","Information","Microsoft-Windows-TaskScheduler","Maintenance state changed to 1 (Last Run: ‎8/‎3/‎2026 9:39 AM)."
"03-08-2026 09:39:41","800","Information","Microsoft-Windows-TaskScheduler","Maintenance state changed to 3 (Last Run: ‎8/‎3/‎2026 9:39 AM)."
"03-08-2026 09:38:51","800","Information","Microsoft-Windows-TaskScheduler","Maintenance state changed to 1 (Last Run: ‎8/‎3/‎2026 9:38 AM)."
"03-08-2026 09:38:50","800","Information","Microsoft-Windows-TaskScheduler","Maintenance state changed to 3 (Last Run: ‎8/‎3/‎2026 9:38 AM)."
"03-08-2026 09:38:42","800","Information","Microsoft-Windows-TaskScheduler","Maintenance state changed to 1 (Last Run: ‎8/‎3/‎2026 9:38 AM)."
"03-08-2026 09:38:41","800","Information","Microsoft-Windows-TaskScheduler","Maintenance state changed to 3 (Last Run: ‎8/‎3/‎2026 9:38 AM)."
"03-08-2026 09:27:41","800","Information","Microsoft-Windows-TaskScheduler","Maintenance state changed to 1 (Last Run: ‎8/‎3/‎2026 9:27 AM)."
"03-08-2026 09:26:37","800","Information","Microsoft-Windows-TaskScheduler","Maintenance state changed to 3 (Last Run: ‎8/‎3/‎2026 9:26 AM)."
"31-07-2026 18:03:14","800","Information","Microsoft-Windows-TaskScheduler","Maintenance state changed to 1 (Last Run: ‎7/‎31/‎2026 6:03 PM)."
"31-07-2026 18:01:14","800","Information","Microsoft-Windows-TaskScheduler","Maintenance state changed to 3 (Last Run: ‎7/‎31/‎2026 6:01 PM)."
"31-07-2026 16:08:03","800","Information","Microsoft-Windows-TaskScheduler","Maintenance state changed to 1 (Last Run: ‎7/‎31/‎2026 4:08 PM)."
"31-07-2026 16:07:03","800","Information","Microsoft-Windows-TaskScheduler","Maintenance state changed to 3 (Last Run: ‎7/‎31/‎2026 4:07 PM)."
"31-07-2026 10:25:11","800","Information","Microsoft-Windows-TaskScheduler","Maintenance state changed to 1 (Last Run: ‎7/‎31/‎2026 10:25 AM)."
"31-07-2026 10:25:10","800","Information","Microsoft-Windows-TaskScheduler","Maintenance state changed to 3 (Last Run: ‎7/‎31/‎2026 10:25 AM)."
"31-07-2026 10:25:09","800","Information","Microsoft-Windows-TaskScheduler","Maintenance state changed to 1 (Last Run: ‎7/‎31/‎2026 10:25 AM)."
"31-07-2026 10:24:01","800","Information","Microsoft-Windows-TaskScheduler","Maintenance state changed to 3 (Last Run: ‎7/‎31/‎2026 10:24 AM)."
"31-07-2026 10:03:08","800","Information","Microsoft-Windows-TaskScheduler","Maintenance state changed to 1 (Last Run: ‎7/‎31/‎2026 10:03 AM)."
"31-07-2026 10:02:44","800","Information","Microsoft-Windows-TaskScheduler","Maintenance state changed to 3 (Last Run: ‎7/‎31/‎2026 10:02 AM)."
"31-07-2026 10:02:43","800","Information","Microsoft-Windows-TaskScheduler","Maintenance state changed to 1 (Last Run: ‎7/‎31/‎2026 10:02 AM)."
"31-07-2026 10:02:36","800","Information","Microsoft-Windows-TaskScheduler","Maintenance state changed to 3 (Last Run: ‎7/‎31/‎2026 10:02 AM)."
"31-07-2026 10:02:35","800","Information","Microsoft-Windows-TaskScheduler","Maintenance state changed to 1 (Last Run: ‎7/‎31/‎2026 10:02 AM)."
"31-07-2026 10:02:35","800","Information","Microsoft-Windows-TaskScheduler","Maintenance state changed to 3 (Last Run: ‎7/‎31/‎2026 10:02 AM)."
"31-07-2026 10:02:32","800","Information","Microsoft-Windows-TaskScheduler","Maintenance state changed to 1 (Last Run: ‎7/‎31/‎2026 10:02 AM)."
"31-07-2026 10:02:32","800","Information","Microsoft-Windows-TaskScheduler","Maintenance state changed to 3 (Last Run: ‎7/‎31/‎2026 10:02 AM)."
"31-07-2026 10:02:12","800","Information","Microsoft-Windows-TaskScheduler","Maintenance state changed to 1 (Last Run: ‎7/‎31/‎2026 10:02 AM)."
"31-07-2026 10:02:07","800","Information","Microsoft-Windows-TaskScheduler","Maintenance state changed to 3 (Last Run: ‎7/‎31/‎2026 10:02 AM)."
"30-07-2026 13:53:00","800","Information","Microsoft-Windows-TaskScheduler","Maintenance state changed to 1 (Last Run: ‎7/‎30/‎2026 1:53 PM)."
"30-07-2026 13:51:00","800","Information","Microsoft-Windows-TaskScheduler","Maintenance state changed to 3 (Last Run: ‎7/‎30/‎2026 1:51 PM)."
"30-07-2026 09:46:15","800","Information","Microsoft-Windows-TaskScheduler","Maintenance state changed to 1 (Last Run: ‎7/‎30/‎2026 9:46 AM)."
"30-07-2026 09:45:07","800","Information","Microsoft-Windows-TaskScheduler","Maintenance state changed to 3 (Last Run: ‎7/‎30/‎2026 9:45 AM)."
"30-07-2026 09:45:06","800","Information","Microsoft-Windows-TaskScheduler","Maintenance state changed to 1 (Last Run: ‎7/‎30/‎2026 9:45 AM)."
"30-07-2026 09:45:05","800","Information","Microsoft-Windows-TaskScheduler","Maintenance state changed to 3 (Last Run: ‎7/‎30/‎2026 9:45 AM)."
"30-07-2026 09:45:04","800","Information","Microsoft-Windows-TaskScheduler","Maintenance state changed to 1 (Last Run: ‎7/‎30/‎2026 9:45 AM)."
"30-07-2026 09:45:01","800","Information","Microsoft-Windows-TaskScheduler","Maintenance state changed to 3 (Last Run: ‎7/‎30/‎2026 9:45 AM)."
"30-07-2026 09:45:01","800","Information","Microsoft-Windows-TaskScheduler","Maintenance state changed to 1 (Last Run: ‎7/‎30/‎2026 9:45 AM)."
"30-07-2026 09:44:48","800","Information","Microsoft-Windows-TaskScheduler","Maintenance state changed to 3 (Last Run: ‎7/‎30/‎2026 9:44 AM)."
"29-07-2026 13:52:00","800","Information","Microsoft-Windows-TaskScheduler","Maintenance state changed to 1 (Last Run: ‎7/‎29/‎2026 1:52 PM)."
"29-07-2026 13:51:00","800","Information","Microsoft-Windows-TaskScheduler","Maintenance state changed to 3 (Last Run: ‎7/‎29/‎2026 1:51 PM)."
"29-07-2026 11:23:03","800","Information","Microsoft-Windows-TaskScheduler","Maintenance state changed to 1 (Last Run: ‎7/‎29/‎2026 11:23 AM)."
"29-07-2026 11:21:54","800","Information","Microsoft-Windows-TaskScheduler","Maintenance state changed to 3 (Last Run: ‎7/‎29/‎2026 11:21 AM)."
"29-07-2026 11:21:53","800","Information","Microsoft-Windows-TaskScheduler","Maintenance state changed to 1 (Last Run: ‎7/‎29/‎2026 11:21 AM)."
"29-07-2026 11:21:41","800","Information","Microsoft-Windows-TaskScheduler","Maintenance state changed to 3 (Last Run: ‎7/‎29/‎2026 11:21 AM)."
"28-07-2026 14:00:01","800","Information","Microsoft-Windows-TaskScheduler","Maintenance state changed to 1 (Last Run: ‎7/‎28/‎2026 2:00 PM)."
"28-07-2026 13:58:01","800","Information","Microsoft-Windows-TaskScheduler","Maintenance state changed to 3 (Last Run: ‎7/‎28/‎2026 1:58 PM)."
"28-07-2026 11:23:18","800","Information","Microsoft-Windows-TaskScheduler","Maintenance state changed to 1 (Last Run: ‎7/‎28/‎2026 11:23 AM)."
"28-07-2026 11:22:10","800","Information","Microsoft-Windows-TaskScheduler","Maintenance state changed to 3 (Last Run: ‎7/‎28/‎2026 11:22 AM)."
"28-07-2026 11:22:09","800","Information","Microsoft-Windows-TaskScheduler","Maintenance state changed to 1 (Last Run: ‎7/‎28/‎2026 11:22 AM)."
"28-07-2026 11:07:47","800","Information","Microsoft-Windows-TaskScheduler","Maintenance state changed to 3 (Last Run: ‎7/‎28/‎2026 11:07 AM)."
"28-07-2026 11:06:48","800","Information","Microsoft-Windows-TaskScheduler","Maintenance state changed to 1 (Last Run: ‎7/‎28/‎2026 11:06 AM)."
"28-07-2026 11:06:48","800","Information","Microsoft-Windows-TaskScheduler","Maintenance state changed to 3 (Last Run: ‎7/‎28/‎2026 11:06 AM)."
"28-07-2026 10:40:18","800","Information","Microsoft-Windows-TaskScheduler","Maintenance state changed to 1 (Last Run: ‎7/‎28/‎2026 10:40 AM)."
"28-07-2026 10:36:04","800","Information","Microsoft-Windows-TaskScheduler","Maintenance state changed to 3 (Last Run: ‎7/‎28/‎2026 10:36 AM)."
"28-07-2026 09:41:57","800","Information","Microsoft-Windows-TaskScheduler","Maintenance state changed to 1 (Last Run: ‎7/‎28/‎2026 9:41 AM)."
"28-07-2026 09:41:57","800","Information","Microsoft-Windows-TaskScheduler","Maintenance state changed to 3 (Last Run: ‎7/‎28/‎2026 9:41 AM)."
"27-07-2026 18:48:08","800","Information","Microsoft-Windows-TaskScheduler","Maintenance state changed to 1 (Last Run: ‎7/‎27/‎2026 6:48 PM)."
"27-07-2026 18:47:08","800","Information","Microsoft-Windows-TaskScheduler","Maintenance state changed to 3 (Last Run: ‎7/‎27/‎2026 6:47 PM)."
"27-07-2026 10:05:12","800","Information","Microsoft-Windows-TaskScheduler","Maintenance state changed to 1 (Last Run: ‎7/‎27/‎2026 10:05 AM)."
"27-07-2026 10:05:12","800","Information","Microsoft-Windows-TaskScheduler","Maintenance state changed to 3 (Last Run: ‎7/‎27/‎2026 10:05 AM)."
"27-07-2026 10:04:46","800","Information","Microsoft-Windows-TaskScheduler","Maintenance state changed to 1 (Last Run: ‎7/‎27/‎2026 10:04 AM)."
"27-07-2026 10:04:45","800","Information","Microsoft-Windows-TaskScheduler","Maintenance state changed to 3 (Last Run: ‎7/‎27/‎2026 10:04 AM)."
"27-07-2026 10:03:46","800","Information","Microsoft-Windows-TaskScheduler","Maintenance state changed to 1 (Last Run: ‎7/‎27/‎2026 10:03 AM)."
"27-07-2026 10:03:45","800","Information","Microsoft-Windows-TaskScheduler","Maintenance state changed to 3 (Last Run: ‎7/‎27/‎2026 10:03 AM)."
"27-07-2026 09:38:41","800","Information","Microsoft-Windows-TaskScheduler","Maintenance state changed to 1 (Last Run: ‎7/‎27/‎2026 9:38 AM)."
"27-07-2026 09:38:41","808","Warning","Microsoft-Windows-TaskScheduler","Maintenance Task ""NT TASK\Microsoft\Windows\.NET Framework\.NET Framework NGEN v4.0.30319 64 Critical"" requests computer wakeup during next regular maintenance run."
"27-07-2026 09:37:41","800","Information","Microsoft-Windows-TaskScheduler","Maintenance state changed to 3 (Last Run: ‎7/‎27/‎2026 9:37 AM)."
"27-07-2026 09:37:17","808","Warning","Microsoft-Windows-TaskScheduler","Maintenance Task ""NT TASK\Microsoft\Windows\.NET Framework\.NET Framework NGEN v4.0.30319 64 Critical"" requests computer wakeup during next regular maintenance run."
"27-07-2026 09:37:17","808","Warning","Microsoft-Windows-TaskScheduler","Maintenance Task ""NT TASK\Microsoft\Windows\.NET Framework\.NET Framework NGEN v4.0.30319 64 Critical"" requests computer wakeup during next regular maintenance run."
"27-07-2026 09:37:17","808","Warning","Microsoft-Windows-TaskScheduler","Maintenance Task ""NT TASK\Microsoft\Windows\.NET Framework\.NET Framework NGEN v4.0.30319 64 Critical"" requests computer wakeup during next regular maintenance run."
"27-07-2026 09:35:50","800","Information","Microsoft-Windows-TaskScheduler","Maintenance state changed to 1 (Last Run: ‎7/‎27/‎2026 9:35 AM)."
"27-07-2026 09:35:14","800","Information","Microsoft-Windows-TaskScheduler","Maintenance state changed to 3 (Last Run: ‎7/‎27/‎2026 9:35 AM)."
"27-07-2026 09:35:13","808","Warning","Microsoft-Windows-TaskScheduler","Maintenance Task ""NT TASK\Microsoft\Windows\.NET Framework\.NET Framework NGEN v4.0.30319 64 Critical"" requests computer wakeup during next regular maintenance run."
"27-07-2026 09:35:13","808","Warning","Microsoft-Windows-TaskScheduler","Maintenance Task ""NT TASK\Microsoft\Windows\.NET Framework\.NET Framework NGEN v4.0.30319 Critical"" requests computer wakeup during next regular maintenance run."
"27-07-2026 09:28:23","800","Information","Microsoft-Windows-TaskScheduler","Maintenance state changed to 1 (Last Run: ‎7/‎27/‎2026 9:28 AM)."
"27-07-2026 09:27:13","800","Information","Microsoft-Windows-TaskScheduler","Maintenance state changed to 3 (Last Run: ‎7/‎27/‎2026 9:27 AM)."
"27-07-2026 09:27:12","800","Information","Microsoft-Windows-TaskScheduler","Maintenance state changed to 1 (Last Run: ‎7/‎27/‎2026 9:27 AM)."
"27-07-2026 09:27:12","800","Information","Microsoft-Windows-TaskScheduler","Maintenance state changed to 3 (Last Run: ‎7/‎27/‎2026 9:27 AM)."
"27-07-2026 09:27:11","800","Information","Microsoft-Windows-TaskScheduler","Maintenance state changed to 1 (Last Run: ‎7/‎27/‎2026 9:27 AM)."
"27-07-2026 09:24:33","800","Information","Microsoft-Windows-TaskScheduler","Maintenance state changed to 3 (Last Run: ‎7/‎27/‎2026 9:24 AM)."
"24-07-2026 13:23:37","800","Information","Microsoft-Windows-TaskScheduler","Maintenance state changed to 1 (Last Run: ‎7/‎24/‎2026 1:23 PM)."
"24-07-2026 13:22:35","800","Information","Microsoft-Windows-TaskScheduler","Maintenance state changed to 3 (Last Run: ‎7/‎24/‎2026 1:22 PM)."
"24-07-2026 10:30:46","800","Information","Microsoft-Windows-TaskScheduler","Maintenance state changed to 1 (Last Run: ‎7/‎24/‎2026 10:30 AM)."
"24-07-2026 10:30:45","800","Information","Microsoft-Windows-TaskScheduler","Maintenance state changed to 3 (Last Run: ‎7/‎24/‎2026 10:30 AM)."
"24-07-2026 10:30:44","800","Information","Microsoft-Windows-TaskScheduler","Maintenance state changed to 1 (Last Run: ‎7/‎24/‎2026 10:30 AM)."
"24-07-2026 10:29:35","800","Information","Microsoft-Windows-TaskScheduler","Maintenance state changed to 3 (Last Run: ‎7/‎24/‎2026 10:29 AM)."
"24-07-2026 10:29:34","800","Information","Microsoft-Windows-TaskScheduler","Maintenance state changed to 1 (Last Run: ‎7/‎24/‎2026 10:29 AM)."
"24-07-2026 10:29:33","800","Information","Microsoft-Windows-TaskScheduler","Maintenance state changed to 3 (Last Run: ‎7/‎24/‎2026 10:29 AM)."
"24-07-2026 10:29:32","800","Information","Microsoft-Windows-TaskScheduler","Maintenance state changed to 1 (Last Run: ‎7/‎24/‎2026 10:29 AM)."
"24-07-2026 10:29:32","800","Information","Microsoft-Windows-TaskScheduler","Maintenance state changed to 3 (Last Run: ‎7/‎24/‎2026 10:29 AM)."
"24-07-2026 10:29:30","800","Information","Microsoft-Windows-TaskScheduler","Maintenance state changed to 1 (Last Run: ‎7/‎24/‎2026 10:29 AM)."
"24-07-2026 10:17:26","800","Information","Microsoft-Windows-TaskScheduler","Maintenance state changed to 3 (Last Run: ‎7/‎24/‎2026 10:17 AM)."
"24-07-2026 10:17:26","800","Information","Microsoft-Windows-TaskScheduler","Maintenance state changed to 1 (Last Run: ‎7/‎24/‎2026 10:17 AM)."
"24-07-2026 10:17:25","800","Information","Microsoft-Windows-TaskScheduler","Maintenance state changed to 3 (Last Run: ‎7/‎24/‎2026 10:17 AM)."
"24-07-2026 09:31:21","800","Information","Microsoft-Windows-TaskScheduler","Maintenance state changed to 1 (Last Run: ‎7/‎24/‎2026 9:31 AM)."
"24-07-2026 09:29:46","800","Information","Microsoft-Windows-TaskScheduler","Maintenance state changed to 3 (Last Run: ‎7/‎24/‎2026 9:29 AM)."
"23-07-2026 10:18:24","800","Information","Microsoft-Windows-TaskScheduler","Maintenance state changed to 1 (Last Run: ‎7/‎23/‎2026 10:18 AM)."
"23-07-2026 10:17:28","800","Information","Microsoft-Windows-TaskScheduler","Maintenance state changed to 3 (Last Run: ‎7/‎23/‎2026 10:17 AM)."
"22-07-2026 14:18:28","800","Information","Microsoft-Windows-TaskScheduler","Maintenance state changed to 1 (Last Run: ‎7/‎22/‎2026 2:18 PM)."
"22-07-2026 14:16:28","800","Information","Microsoft-Windows-TaskScheduler","Maintenance state changed to 3 (Last Run: ‎7/‎22/‎2026 2:16 PM)."
"22-07-2026 11:13:32","800","Information","Microsoft-Windows-TaskScheduler","Maintenance state changed to 1 (Last Run: ‎7/‎22/‎2026 11:13 AM)."
"22-07-2026 11:12:23","800","Information","Microsoft-Windows-TaskScheduler","Maintenance state changed to 3 (Last Run: ‎7/‎22/‎2026 11:12 AM)."
"22-07-2026 11:12:22","800","Information","Microsoft-Windows-TaskScheduler","Maintenance state changed to 1 (Last Run: ‎7/‎22/‎2026 11:12 AM)."
"22-07-2026 11:12:22","800","Information","Microsoft-Windows-TaskScheduler","Maintenance state changed to 3 (Last Run: ‎7/‎22/‎2026 11:12 AM)."
"22-07-2026 11:12:21","800","Information","Microsoft-Windows-TaskScheduler","Maintenance state changed to 1 (Last Run: ‎7/‎22/‎2026 11:12 AM)."
"22-07-2026 11:11:12","800","Information","Microsoft-Windows-TaskScheduler","Maintenance state changed to 3 (Last Run: ‎7/‎22/‎2026 11:11 AM)."
"22-07-2026 11:04:14","800","Information","Microsoft-Windows-TaskScheduler","Maintenance state changed to 1 (Last Run: ‎7/‎22/‎2026 11:04 AM)."
"22-07-2026 11:04:14","800","Information","Microsoft-Windows-TaskScheduler","Maintenance state changed to 3 (Last Run: ‎7/‎22/‎2026 11:04 AM)."
"22-07-2026 10:52:03","800","Information","Microsoft-Windows-TaskScheduler","Maintenance state changed to 1 (Last Run: ‎7/‎22/‎2026 10:52 AM)."
"22-07-2026 10:51:21","800","Information","Microsoft-Windows-TaskScheduler","Maintenance state changed to 3 (Last Run: ‎7/‎22/‎2026 10:51 AM)."
"21-07-2026 17:41:32","800","Information","Microsoft-Windows-TaskScheduler","Maintenance state changed to 1 (Last Run: ‎7/‎21/‎2026 5:41 PM)."
"21-07-2026 17:41:32","800","Information","Microsoft-Windows-TaskScheduler","Maintenance state changed to 3 (Last Run: ‎7/‎21/‎2026 5:41 PM)."
"21-07-2026 17:32:43","800","Information","Microsoft-Windows-TaskScheduler","Maintenance state changed to 1 (Last Run: ‎7/‎21/‎2026 5:32 PM)."
"21-07-2026 17:32:43","800","Information","Microsoft-Windows-TaskScheduler","Maintenance state changed to 3 (Last Run: ‎7/‎21/‎2026 5:32 PM)."
"21-07-2026 13:25:27","800","Information","Microsoft-Windows-TaskScheduler","Maintenance state changed to 1 (Last Run: ‎7/‎21/‎2026 1:25 PM)."
"21-07-2026 13:23:27","800","Information","Microsoft-Windows-TaskScheduler","Maintenance state changed to 3 (Last Run: ‎7/‎21/‎2026 1:23 PM)."
"21-07-2026 08:58:53","800","Information","Microsoft-Windows-TaskScheduler","Maintenance state changed to 1 (Last Run: ‎7/‎21/‎2026 8:58 AM)."
"21-07-2026 08:58:52","800","Information","Microsoft-Windows-TaskScheduler","Maintenance state changed to 3 (Last Run: ‎7/‎21/‎2026 8:58 AM)."
"21-07-2026 08:57:58","800","Information","Microsoft-Windows-TaskScheduler","Maintenance state changed to 1 (Last Run: ‎7/‎21/‎2026 8:57 AM)."
"21-07-2026 08:57:52","800","Information","Microsoft-Windows-TaskScheduler","Maintenance state changed to 3 (Last Run: ‎7/‎21/‎2026 8:57 AM)."
"21-07-2026 04:17:26","800","Information","Microsoft-Windows-TaskScheduler","Maintenance state changed to 1 (Last Run: ‎7/‎21/‎2026 4:17 AM)."
"21-07-2026 04:16:16","800","Information","Microsoft-Windows-TaskScheduler","Maintenance state changed to 3 (Last Run: ‎7/‎21/‎2026 4:16 AM)."
"21-07-2026 04:16:15","800","Information","Microsoft-Windows-TaskScheduler","Maintenance state changed to 1 (Last Run: ‎7/‎21/‎2026 4:16 AM)."
"21-07-2026 04:15:49","800","Information","Microsoft-Windows-TaskScheduler","Maintenance state changed to 3 (Last Run: ‎7/‎21/‎2026 4:15 AM)."
"21-07-2026 04:14:06","800","Information","Microsoft-Windows-TaskScheduler","Maintenance state changed to 1 (Last Run: ‎7/‎21/‎2026 4:14 AM)."
"21-07-2026 04:13:48","800","Information","Microsoft-Windows-TaskScheduler","Maintenance state changed to 3 (Last Run: ‎7/‎21/‎2026 4:13 AM)."
"20-07-2026 14:19:22","800","Information","Microsoft-Windows-TaskScheduler","Maintenance state changed to 1 (Last Run: ‎7/‎20/‎2026 2:19 PM)."
"20-07-2026 14:17:22","800","Information","Microsoft-Windows-TaskScheduler","Maintenance state changed to 3 (Last Run: ‎7/‎20/‎2026 2:17 PM)."
"20-07-2026 14:04:57","800","Information","Microsoft-Windows-TaskScheduler","Maintenance state changed to 1 (Last Run: ‎7/‎20/‎2026 2:04 PM)."
"20-07-2026 14:04:16","800","Information","Microsoft-Windows-TaskScheduler","Maintenance state changed to 3 (Last Run: ‎7/‎20/‎2026 2:04 PM)."
"20-07-2026 13:54:16","800","Information","Microsoft-Windows-TaskScheduler","Maintenance state changed to 1 (Last Run: ‎7/‎20/‎2026 1:54 PM)."
"20-07-2026 13:53:41","800","Information","Microsoft-Windows-TaskScheduler","Maintenance state changed to 3 (Last Run: ‎7/‎20/‎2026 1:53 PM)."
"20-07-2026 11:30:46","800","Information","Microsoft-Windows-TaskScheduler","Maintenance state changed to 1 (Last Run: ‎7/‎20/‎2026 11:30 AM)."
"20-07-2026 11:29:38","800","Information","Microsoft-Windows-TaskScheduler","Maintenance state changed to 3 (Last Run: ‎7/‎20/‎2026 11:29 AM)."
"20-07-2026 11:29:37","800","Information","Microsoft-Windows-TaskScheduler","Maintenance state changed to 1 (Last Run: ‎7/‎20/‎2026 11:29 AM)."
"20-07-2026 11:29:36","800","Information","Microsoft-Windows-TaskScheduler","Maintenance state changed to 3 (Last Run: ‎7/‎20/‎2026 11:29 AM)."
"20-07-2026 11:29:35","800","Information","Microsoft-Windows-TaskScheduler","Maintenance state changed to 1 (Last Run: ‎7/‎20/‎2026 11:29 AM)."
"20-07-2026 11:29:35","800","Information","Microsoft-Windows-TaskScheduler","Maintenance state changed to 3 (Last Run: ‎7/‎20/‎2026 11:29 AM)."
"20-07-2026 11:29:34","800","Information","Microsoft-Windows-TaskScheduler","Maintenance state changed to 1 (Last Run: ‎7/‎20/‎2026 11:29 AM)."
"20-07-2026 11:27:25","800","Information","Microsoft-Windows-TaskScheduler","Maintenance state changed to 3 (Last Run: ‎7/‎20/‎2026 11:27 AM)."
"20-07-2026 10:33:18","800","Information","Microsoft-Windows-TaskScheduler","Maintenance state changed to 1 (Last Run: ‎7/‎20/‎2026 10:33 AM)."
"20-07-2026 10:32:18","800","Information","Microsoft-Windows-TaskScheduler","Maintenance state changed to 3 (Last Run: ‎7/‎20/‎2026 10:32 AM)."
"20-07-2026 10:19:40","800","Information","Microsoft-Windows-TaskScheduler","Maintenance state changed to 1 (Last Run: ‎7/‎20/‎2026 10:19 AM)."
"20-07-2026 10:19:38","800","Information","Microsoft-Windows-TaskScheduler","Maintenance state changed to 3 (Last Run: ‎7/‎20/‎2026 10:19 AM)."
"15-07-2026 13:30:49","800","Information","Microsoft-Windows-TaskScheduler","Maintenance state changed to 1 (Last Run: ‎7/‎15/‎2026 1:30 PM)."
"15-07-2026 13:29:48","800","Information","Microsoft-Windows-TaskScheduler","Maintenance state changed to 3 (Last Run: ‎7/‎15/‎2026 1:29 PM)."
"15-07-2026 09:28:04","800","Information","Microsoft-Windows-TaskScheduler","Maintenance state changed to 1 (Last Run: ‎7/‎15/‎2026 9:28 AM)."
"15-07-2026 09:26:54","800","Information","Microsoft-Windows-TaskScheduler","Maintenance state changed to 3 (Last Run: ‎7/‎15/‎2026 9:26 AM)."
"15-07-2026 09:26:52","800","Information","Microsoft-Windows-TaskScheduler","Maintenance state changed to 1 (Last Run: ‎7/‎15/‎2026 9:26 AM)."
"15-07-2026 09:26:17","800","Information","Microsoft-Windows-TaskScheduler","Maintenance state changed to 3 (Last Run: ‎7/‎15/‎2026 9:26 AM)."
"14-07-2026 21:26:06","800","Information","Microsoft-Windows-TaskScheduler","Maintenance state changed to 1 (Last Run: ‎7/‎14/‎2026 9:26 PM)."
"14-07-2026 21:25:56","800","Information","Microsoft-Windows-TaskScheduler","Maintenance state changed to 3 (Last Run: ‎7/‎14/‎2026 9:25 PM)."
"14-07-2026 13:41:36","800","Information","Microsoft-Windows-TaskScheduler","Maintenance state changed to 1 (Last Run: ‎7/‎14/‎2026 1:41 PM)."
"14-07-2026 13:39:35","800","Information","Microsoft-Windows-TaskScheduler","Maintenance state changed to 3 (Last Run: ‎7/‎14/‎2026 1:39 PM)."
"14-07-2026 10:54:16","800","Information","Microsoft-Windows-TaskScheduler","Maintenance state changed to 1 (Last Run: ‎7/‎14/‎2026 10:54 AM)."
"14-07-2026 10:53:08","800","Information","Microsoft-Windows-TaskScheduler","Maintenance state changed to 3 (Last Run: ‎7/‎14/‎2026 10:53 AM)."
"14-07-2026 09:54:10","800","Information","Microsoft-Windows-TaskScheduler","Maintenance state changed to 1 (Last Run: ‎7/‎14/‎2026 9:54 AM)."
"14-07-2026 09:53:52","800","Information","Microsoft-Windows-TaskScheduler","Maintenance state changed to 3 (Last Run: ‎7/‎14/‎2026 9:53 AM)."
"14-07-2026 09:53:51","800","Information","Microsoft-Windows-TaskScheduler","Maintenance state changed to 1 (Last Run: ‎7/‎14/‎2026 9:53 AM)."
"14-07-2026 09:52:43","800","Information","Microsoft-Windows-TaskScheduler","Maintenance state changed to 3 (Last Run: ‎7/‎14/‎2026 9:52 AM)."
"14-07-2026 09:52:42","800","Information","Microsoft-Windows-TaskScheduler","Maintenance state changed to 1 (Last Run: ‎7/‎14/‎2026 9:52 AM)."
"14-07-2026 09:52:33","800","Information","Microsoft-Windows-TaskScheduler","Maintenance state changed to 3 (Last Run: ‎7/‎14/‎2026 9:52 AM)."
"14-07-2026 09:36:56","800","Information","Microsoft-Windows-TaskScheduler","Maintenance state changed to 1 (Last Run: ‎7/‎14/‎2026 9:36 AM)."
"14-07-2026 09:36:56","800","Information","Microsoft-Windows-TaskScheduler","Maintenance state changed to 3 (Last Run: ‎7/‎14/‎2026 9:36 AM)."
"13-07-2026 19:14:41","800","Information","Microsoft-Windows-TaskScheduler","Maintenance state changed to 1 (Last Run: ‎7/‎13/‎2026 7:14 PM)."
"13-07-2026 19:14:41","800","Information","Microsoft-Windows-TaskScheduler","Maintenance state changed to 3 (Last Run: ‎7/‎13/‎2026 7:14 PM)."
"13-07-2026 17:37:57","800","Information","Microsoft-Windows-TaskScheduler","Maintenance state changed to 1 (Last Run: ‎7/‎13/‎2026 5:37 PM)."
"13-07-2026 17:36:57","800","Information","Microsoft-Windows-TaskScheduler","Maintenance state changed to 3 (Last Run: ‎7/‎13/‎2026 5:36 PM)."
"13-07-2026 12:14:07","800","Information","Microsoft-Windows-TaskScheduler","Maintenance state changed to 1 (Last Run: ‎7/‎13/‎2026 12:14 PM)."
"13-07-2026 12:12:59","800","Information","Microsoft-Windows-TaskScheduler","Maintenance state changed to 3 (Last Run: ‎7/‎13/‎2026 12:12 PM)."
"13-07-2026 12:12:58","800","Information","Microsoft-Windows-TaskScheduler","Maintenance state changed to 1 (Last Run: ‎7/‎13/‎2026 12:12 PM)."
"13-07-2026 12:12:58","800","Information","Microsoft-Windows-TaskScheduler","Maintenance state changed to 3 (Last Run: ‎7/‎13/‎2026 12:12 PM)."
"13-07-2026 12:12:57","800","Information","Microsoft-Windows-TaskScheduler","Maintenance state changed to 1 (Last Run: ‎7/‎13/‎2026 12:12 PM)."
"13-07-2026 12:10:56","800","Information","Microsoft-Windows-TaskScheduler","Maintenance state changed to 3 (Last Run: ‎7/‎13/‎2026 12:10 PM)."
"13-07-2026 12:10:45","800","Information","Microsoft-Windows-TaskScheduler","Maintenance state changed to 1 (Last Run: ‎7/‎13/‎2026 12:10 PM)."
"13-07-2026 12:09:44","800","Information","Microsoft-Windows-TaskScheduler","Maintenance state changed to 3 (Last Run: ‎7/‎13/‎2026 12:09 PM)."
"12-07-2026 19:53:21","800","Information","Microsoft-Windows-TaskScheduler","Maintenance state changed to 1 (Last Run: ‎7/‎12/‎2026 7:53 PM)."
"12-07-2026 19:53:20","800","Information","Microsoft-Windows-TaskScheduler","Maintenance state changed to 3 (Last Run: ‎7/‎12/‎2026 7:53 PM)."
"12-07-2026 18:25:31","800","Information","Microsoft-Windows-TaskScheduler","Maintenance state changed to 1 (Last Run: ‎7/‎12/‎2026 6:25 PM)."
"12-07-2026 18:21:14","800","Information","Microsoft-Windows-TaskScheduler","Maintenance state changed to 3 (Last Run: ‎7/‎12/‎2026 6:21 PM)."
"11-07-2026 11:53:15","800","Information","Microsoft-Windows-TaskScheduler","Maintenance state changed to 1 (Last Run: ‎7/‎11/‎2026 11:53 AM)."
"11-07-2026 11:53:15","800","Information","Microsoft-Windows-TaskScheduler","Maintenance state changed to 3 (Last Run: ‎7/‎11/‎2026 11:53 AM)."
"11-07-2026 09:58:35","800","Information","Microsoft-Windows-TaskScheduler","Maintenance state changed to 1 (Last Run: ‎7/‎11/‎2026 9:58 AM)."
"11-07-2026 09:58:34","800","Information","Microsoft-Windows-TaskScheduler","Maintenance state changed to 3 (Last Run: ‎7/‎11/‎2026 9:58 AM)."
"10-07-2026 14:35:50","800","Information","Microsoft-Windows-TaskScheduler","Maintenance state changed to 1 (Last Run: ‎7/‎10/‎2026 2:35 PM)."
"10-07-2026 14:33:50","800","Information","Microsoft-Windows-TaskScheduler","Maintenance state changed to 3 (Last Run: ‎7/‎10/‎2026 2:33 PM)."
"10-07-2026 10:11:50","800","Information","Microsoft-Windows-TaskScheduler","Maintenance state changed to 1 (Last Run: ‎7/‎10/‎2026 10:11 AM)."
"10-07-2026 10:10:42","800","Information","Microsoft-Windows-TaskScheduler","Maintenance state changed to 3 (Last Run: ‎7/‎10/‎2026 10:10 AM)."
"10-07-2026 10:10:41","800","Information","Microsoft-Windows-TaskScheduler","Maintenance state changed to 1 (Last Run: ‎7/‎10/‎2026 10:10 AM)."
"10-07-2026 10:10:41","800","Information","Microsoft-Windows-TaskScheduler","Maintenance state changed to 3 (Last Run: ‎7/‎10/‎2026 10:10 AM)."
"10-07-2026 10:10:40","800","Information","Microsoft-Windows-TaskScheduler","Maintenance state changed to 1 (Last Run: ‎7/‎10/‎2026 10:10 AM)."
"10-07-2026 10:10:31","800","Information","Microsoft-Windows-TaskScheduler","Maintenance state changed to 3 (Last Run: ‎7/‎10/‎2026 10:10 AM)."
"10-07-2026 10:10:11","800","Information","Microsoft-Windows-TaskScheduler","Maintenance state changed to 1 (Last Run: ‎7/‎10/‎2026 10:10 AM)."
"10-07-2026 10:10:10","800","Information","Microsoft-Windows-TaskScheduler","Maintenance state changed to 3 (Last Run: ‎7/‎10/‎2026 10:10 AM)."
"09-07-2026 19:43:11","800","Information","Microsoft-Windows-TaskScheduler","Maintenance state changed to 1 (Last Run: ‎7/‎9/‎2026 7:43 PM)."
"09-07-2026 19:43:10","800","Information","Microsoft-Windows-TaskScheduler","Maintenance state changed to 3 (Last Run: ‎7/‎9/‎2026 7:43 PM)."
"09-07-2026 13:38:34","800","Information","Microsoft-Windows-TaskScheduler","Maintenance state changed to 1 (Last Run: ‎7/‎9/‎2026 1:38 PM)."
"09-07-2026 13:37:33","800","Information","Microsoft-Windows-TaskScheduler","Maintenance state changed to 3 (Last Run: ‎7/‎9/‎2026 1:37 PM)."
