"19-08-2026 10:13:25","2006","Information","Microsoft-Windows-Install-Agent","Added to the installed pfn list: PackageFamilyName = Microsoft.RawImageExtension_8wekyb3d8bbwe  ContentId = AA7851FC-0A0C-BFCA-E276-726C2450B744  
Error: The operation completed successfully.
Function: GetInstalledPfns
Source: onecoreuap\enduser\winstore\installservice\libqueue2\uwainstallworkbridge.cpp (223)"
"19-08-2026 10:13:25","2006","Information","Microsoft-Windows-Install-Agent","Added to the installed pfn list: PackageFamilyName = Microsoft.PowerAutomateDesktop_8wekyb3d8bbwe  ContentId = 4EEA8AD1-4483-E2D6-CAFF-91CB047E74C2  
Error: The operation completed successfully.
Function: GetInstalledPfns
Source: onecoreuap\enduser\winstore\installservice\libqueue2\uwainstallworkbridge.cpp (223)"
"19-08-2026 10:13:25","2006","Information","Microsoft-Windows-Install-Agent","Added to the installed pfn list: PackageFamilyName = Microsoft.WindowsTerminal_8wekyb3d8bbwe  ContentId = D06A1B07-DD36-5158-552A-2D1968C87690  
Error: The operation completed successfully.
Function: GetInstalledPfns
Source: onecoreuap\enduser\winstore\installservice\libqueue2\uwainstallworkbridge.cpp (223)"
"19-08-2026 10:13:25","2006","Information","Microsoft-Windows-Install-Agent","Added to the installed pfn list: PackageFamilyName = Microsoft.AV1VideoExtension_8wekyb3d8bbwe  ContentId = FEFBBE2B-D68A-63D8-1D17-046F2C1266A9  
Error: The operation completed successfully.
Function: GetInstalledPfns
Source: onecoreuap\enduser\winstore\installservice\libqueue2\uwainstallworkbridge.cpp (223)"
"19-08-2026 10:13:25","2006","Information","Microsoft-Windows-Install-Agent","Added to the installed pfn list: PackageFamilyName = MicrosoftCorporationII.WinAppRuntime.Main.1.8_8wekyb3d8bbwe  ContentId = 476E4360-1108-BEF4-8B06-87E4B75059BE  
Error: The operation completed successfully.
Function: GetInstalledPfns
Source: onecoreuap\enduser\winstore\installservice\libqueue2\uwainstallworkbridge.cpp (223)"
"19-08-2026 10:13:25","2006","Information","Microsoft-Windows-Install-Agent","Added to the installed pfn list: PackageFamilyName = Microsoft.Paint_8wekyb3d8bbwe  ContentId = D6B9197E-3A6D-9032-DBFD-F40F95B464C1  
Error: The operation completed successfully.
Function: GetInstalledPfns
Source: onecoreuap\enduser\winstore\installservice\libqueue2\uwainstallworkbridge.cpp (223)"
"19-08-2026 10:13:25","2006","Information","Microsoft-Windows-Install-Agent","Added to the installed pfn list: PackageFamilyName = Microsoft.LanguageExperiencePacken-GB_8wekyb3d8bbwe  ContentId = D35834A6-4114-D9F0-8D69-C6AEC8F20768  
Error: The operation completed successfully.
Function: GetInstalledPfns
Source: onecoreuap\enduser\winstore\installservice\libqueue2\uwainstallworkbridge.cpp (223)"
"19-08-2026 10:13:25","2006","Information","Microsoft-Windows-Install-Agent","Added to the installed pfn list: PackageFamilyName = Microsoft.WebMediaExtensions_8wekyb3d8bbwe  ContentId = 7583E141-6210-5A36-BB89-80D0397C4721  
Error: The operation completed successfully.
Function: GetInstalledPfns
Source: onecoreuap\enduser\winstore\installservice\libqueue2\uwainstallworkbridge.cpp (223)"
"19-08-2026 10:13:25","2006","Information","Microsoft-Windows-Install-Agent","Added to the installed pfn list: PackageFamilyName = Microsoft.Windows.Photos_8wekyb3d8bbwe  ContentId = 558F5D32-0827-EB7B-6AD6-D5DB4138B3AA  
Error: The operation completed successfully.
Function: GetInstalledPfns
Source: onecoreuap\enduser\winstore\installservice\libqueue2\uwainstallworkbridge.cpp (223)"
"19-08-2026 10:13:25","2006","Information","Microsoft-Windows-Install-Agent","Added to the installed pfn list: PackageFamilyName = Microsoft.VP9VideoExtensions_8wekyb3d8bbwe  ContentId = 4AF301E9-F5E0-C8BF-6B7C-938BDDDF84D5  
Error: The operation completed successfully.
Function: GetInstalledPfns
Source: onecoreuap\enduser\winstore\installservice\libqueue2\uwainstallworkbridge.cpp (223)"
"19-08-2026 10:13:25","2006","Information","Microsoft-Windows-Install-Agent","Added to the installed pfn list: PackageFamilyName = Microsoft.WindowsCamera_8wekyb3d8bbwe  ContentId = 3BFD26C9-8DA9-B940-F638-55890012AAB4  
Error: The operation completed successfully.
Function: GetInstalledPfns
Source: onecoreuap\enduser\winstore\installservice\libqueue2\uwainstallworkbridge.cpp (223)"
"19-08-2026 10:13:25","2006","Information","Microsoft-Windows-Install-Agent","Added to the installed pfn list: PackageFamilyName = Microsoft.DesktopAppInstaller_8wekyb3d8bbwe  ContentId = 97612282-D1E8-1D6A-9E92-C271E7F177EF  
Error: The operation completed successfully.
Function: GetInstalledPfns
Source: onecoreuap\enduser\winstore\installservice\libqueue2\uwainstallworkbridge.cpp (223)"
"19-08-2026 10:13:25","2006","Information","Microsoft-Windows-Install-Agent","Added to the installed pfn list: PackageFamilyName = Microsoft.Todos_8wekyb3d8bbwe  ContentId = B7ADD246-4CF8-3E59-4D3E-18DA8AE3C88D  
Error: The operation completed successfully.
Function: GetInstalledPfns
Source: onecoreuap\enduser\winstore\installservice\libqueue2\uwainstallworkbridge.cpp (223)"
"19-08-2026 10:13:25","2006","Information","Microsoft-Windows-Install-Agent","Added to the installed pfn list: PackageFamilyName = Microsoft.ScreenSketch_8wekyb3d8bbwe  ContentId = 42493DE9-7734-949C-AD90-1D11F59F45CB  
Error: The operation completed successfully.
Function: GetInstalledPfns
Source: onecoreuap\enduser\winstore\installservice\libqueue2\uwainstallworkbridge.cpp (223)"
"19-08-2026 10:13:25","2006","Information","Microsoft-Windows-Install-Agent","Added to the installed pfn list: PackageFamilyName = Microsoft.HEVCVideoExtension_8wekyb3d8bbwe  ContentId = A0D50492-A769-FCE9-8C5B-6DC60312B8E4  
Error: The operation completed successfully.
Function: GetInstalledPfns
Source: onecoreuap\enduser\winstore\installservice\libqueue2\uwainstallworkbridge.cpp (223)"
"19-08-2026 10:13:25","2006","Information","Microsoft-Windows-Install-Agent","Added to the installed pfn list: PackageFamilyName = Microsoft.StartExperiencesApp_8wekyb3d8bbwe  ContentId = 4D0B8CBA-A07C-E0E7-A168-A4218C3D0E2D  
Error: The operation completed successfully.
Function: GetInstalledPfns
Source: onecoreuap\enduser\winstore\installservice\libqueue2\uwainstallworkbridge.cpp (223)"
"19-08-2026 10:13:25","2006","Information","Microsoft-Windows-Install-Agent","Added to the installed pfn list: PackageFamilyName = Microsoft.WidgetsPlatformRuntime_8wekyb3d8bbwe  ContentId = BDB3F316-C077-15D6-5BC3-BEA51131B48B  
Error: The operation completed successfully.
Function: GetInstalledPfns
Source: onecoreuap\enduser\winstore\installservice\libqueue2\uwainstallworkbridge.cpp (223)"
"19-08-2026 10:13:25","2006","Information","Microsoft-Windows-Install-Agent","Added to the installed pfn list: PackageFamilyName = Microsoft.People_8wekyb3d8bbwe  ContentId = 1FE89C0B-9BED-CC5D-7426-9E4025D6BDD9  
Error: The operation completed successfully.
Function: GetInstalledPfns
Source: onecoreuap\enduser\winstore\installservice\libqueue2\uwainstallworkbridge.cpp (223)"
"19-08-2026 10:13:25","2006","Information","Microsoft-Windows-Install-Agent","Added to the installed pfn list: PackageFamilyName = Microsoft.MPEG2VideoExtension_8wekyb3d8bbwe  ContentId = CB930C5D-A8CA-CB04-8220-6277C7E4F038  
Error: The operation completed successfully.
Function: GetInstalledPfns
Source: onecoreuap\enduser\winstore\installservice\libqueue2\uwainstallworkbridge.cpp (223)"
"19-08-2026 10:13:25","2006","Information","Microsoft-Windows-Install-Agent","Added to the installed pfn list: PackageFamilyName = Microsoft.MicrosoftStickyNotes_8wekyb3d8bbwe  ContentId = 68E019EB-0B92-5E08-5D86-9BFE6DBA8517  
Error: The operation completed successfully.
Function: GetInstalledPfns
Source: onecoreuap\enduser\winstore\installservice\libqueue2\uwainstallworkbridge.cpp (223)"
"19-08-2026 10:13:25","2006","Information","Microsoft-Windows-Install-Agent","Added to the installed pfn list: PackageFamilyName = Microsoft.AVCEncoderVideoExtension_8wekyb3d8bbwe  ContentId = A0E97106-F741-517D-F93D-FD2952E99E10  
Error: The operation completed successfully.
Function: GetInstalledPfns
Source: onecoreuap\enduser\winstore\installservice\libqueue2\uwainstallworkbridge.cpp (223)"
"19-08-2026 10:13:25","2006","Information","Microsoft-Windows-Install-Agent","Added to the installed pfn list: PackageFamilyName = Microsoft.ApplicationCompatibilityEnhancements_8wekyb3d8bbwe  ContentId = CD042EA5-9C77-34C0-2186-CF69DF02EF5A  
Error: The operation completed successfully.
Function: GetInstalledPfns
Source: onecoreuap\enduser\winstore\installservice\libqueue2\uwainstallworkbridge.cpp (223)"
"19-08-2026 10:13:25","2006","Information","Microsoft-Windows-Install-Agent","Added to the installed pfn list: PackageFamilyName = AppUp.IntelOptaneMemoryandStorageManagement_8j3eq9eme6ctt  ContentId = 8026B135-F2DC-C2A9-9FD2-EDA13A57749D  
Error: The operation completed successfully.
Function: GetInstalledPfns
Source: onecoreuap\enduser\winstore\installservice\libqueue2\uwainstallworkbridge.cpp (223)"
"19-08-2026 10:13:25","2006","Information","Microsoft-Windows-Install-Agent","Added to the installed pfn list: PackageFamilyName = AppUp.IntelGraphicsExperience_8j3eq9eme6ctt  ContentId = 7D8BB837-86FA-C111-76A5-0569498ACFC3  
Error: The operation completed successfully.
Function: GetInstalledPfns
Source: onecoreuap\enduser\winstore\installservice\libqueue2\uwainstallworkbridge.cpp (223)"
"19-08-2026 10:13:25","2006","Information","Microsoft-Windows-Install-Agent","Scanning a new plugin
Error: The operation completed successfully.
Function: InstallQueue2::CreateScanForAllUpdatesWork
Source: onecoreuap\enduser\winstore\installservice\libqueue2\installqueue2.cpp (2526)"
"19-08-2026 10:13:25","2006","Information","Microsoft-Windows-Install-Agent","request: interactive = false, CV = C2GP50Qp5keFT0qP.0, clientid = MoUpdateOrchestratorUserScan-MoUsoCoreWorker-SearchForAllUpdatesWithUpdateOptionsAsync, allowForcedAppRestart = false, automaticallyDownloadAndInstallUpdateIfFound = false
Error: Unknown HResult Error code: 0xefffffff
Function: Windows::ApplicationModel::Store::Preview::InstallControl::AppInstallManagerImpl::_SearchForAllUpdatesForUserAsync
Source: onecoreuap\enduser\winstore\installservice\lib\appinstallcontrol.cpp (2952)"
"19-08-2026 10:13:24","2006","Information","Microsoft-Windows-Install-Agent","result: interactive = false, CV = C2GP50Qp5keFT0qP.0.0, clientid = MoUpdateOrchestratorDeviceScan-MoUsoCoreWorker-SearchForAllUpdatesWithUpdateOptionsAsync, allowForcedAppRestart = false, automaticallyDownloadAndInstallUpdateIfFound = false
Error: The operation completed successfully.
Function: Windows::ApplicationModel::Store::Preview::InstallControl::AppInstallManagerImpl::_SearchForAllUpdatesForUserAsync::<lambda_ba26ec0bf80d4d167a709a64bb76da39>::operator ()
Source: onecoreuap\enduser\winstore\installservice\lib\appinstallcontrol.cpp (2993)"
"19-08-2026 10:13:24","2006","Information","Microsoft-Windows-Install-Agent","onecoreuap\enduser\winstore\installservice\lib\RegHelpers.h(166)\InstallService.dll!00007FF9A15870C9: (caller: 00007FF9A16265AE) Exception(1) tid(3868) 80070005 Access is denied.

Error: Access is denied.
Function: 
Source: onecoreuap\enduser\winstore\installservice\lib\ScanForUpdatesWorker.cpp (305)"
"19-08-2026 10:13:24","2007","Warning","Microsoft-Windows-Install-Agent","Failure detected
Error: Access is denied.
Function: 
Source: onecoreuap\enduser\winstore\installservice\lib\RegHelpers.h (166)"
"19-08-2026 10:13:24","2006","Information","Microsoft-Windows-Install-Agent","Queue State: Working = 0, Pending = 0, Idle = 5  
Error: The operation completed successfully.
Function: InstallQueue2::_FindNextPendingItem
Source: onecoreuap\enduser\winstore\installservice\libqueue2\installqueue2.cpp (4735)"
"19-08-2026 10:13:24","2006","Information","Microsoft-Windows-Install-Agent","Raising State Change for Item = , InstallState = 7  
Error: The operation completed successfully.
Function: InstallQueue2::FlushEventQueue
Source: onecoreuap\enduser\winstore\installservice\libqueue2\installqueue2.cpp (3512)"
"19-08-2026 10:13:24","2006","Information","Microsoft-Windows-Install-Agent","Queue State: Working = 0, Pending = 0, Idle = 5  
Error: The operation completed successfully.
Function: InstallQueue2::_FindNextPendingItem
Source: onecoreuap\enduser\winstore\installservice\libqueue2\installqueue2.cpp (4735)"
"19-08-2026 10:13:24","2006","Information","Microsoft-Windows-Install-Agent","[Telemetry]: FulfillmentInitiate :: ProductId = 9N3RK8ZV2ZR8  PFN = Microsoft.WidgetsPlatformRuntime_8wekyb3d8bbwe  InstalledPFuN = Microsoft.WidgetsPlatformRuntime_1.6.14.0_x64__8wekyb3d8bbwe  CatalogId =   FulfillmentPluginId = WU  PluginTelemetryData =   PluginWorkCreationHr = 0  ClientAppId = Update;MoUpdateOrchestratorDeviceScan-MoUsoCoreWorker-SearchForAllUpdatesWithUpdateOptionsAsync  QueueItemsTotal = 5  QueueItemsWorking = 0  QueueItemsPending = 0  QueueItemsIdle = 5  QueueOpenSlots = 3  __TlgCV__ = C2GP50Qp5keFT0qP.0.0  
Error: Unknown HResult Error code: 0xefffffff
Function: LogTelemetryEvent
Source: onecoreuap\enduser\winstore\installservice\svc\logging.cpp (10)"
"19-08-2026 10:13:24","2006","Information","Microsoft-Windows-Install-Agent","Received checkpoint data updateItem = 9N3RK8ZV2ZR8   
Error: The operation completed successfully.
Function: InstallQueue2::NotifyCheckpointChanged
Source: onecoreuap\enduser\winstore\installservice\libqueue2\installqueue2.cpp (3567)"
"19-08-2026 10:13:24","2006","Information","Microsoft-Windows-Install-Agent","[End] Item inserted into the queue. Attempting to create progresstrackersItem = 9N3RK8ZV2ZR8  
Error: The operation completed successfully.
Function: InstallQueue2::_EnqueueWork
Source: onecoreuap\enduser\winstore\installservice\libqueue2\installqueue2.cpp (2300)"
"19-08-2026 10:13:24","2006","Information","Microsoft-Windows-Install-Agent","[Start] Item inserted into the queue. Attempting to create progresstrackersItem = 9N3RK8ZV2ZR8  
Error: The operation completed successfully.
Function: InstallQueue2::_EnqueueWork
Source: onecoreuap\enduser\winstore\installservice\libqueue2\installqueue2.cpp (2300)"
"19-08-2026 10:13:24","2006","Information","Microsoft-Windows-Install-Agent","[End] Creating Queue Item for the workCatalogId = PackageFamilyName:Microsoft.WidgetsPlatformRuntime_8wekyb3d8bbwe  
Error: The operation completed successfully.
Function: InstallQueue2::_EnqueueWork
Source: onecoreuap\enduser\winstore\installservice\libqueue2\installqueue2.cpp (2209)"
"19-08-2026 10:13:24","2006","Information","Microsoft-Windows-Install-Agent","[Telemetry]: StateTransition :: ProductId = 9N3RK8ZV2ZR8  PFN = Microsoft.WidgetsPlatformRuntime_8wekyb3d8bbwe  CatalogId =   FulfillmentPluginId = WU  PluginTelemetryData = {""WorkProperties"":{""IsInteractive"":0,""CallerApplicationId"":""MoUpdateOrchestratorDeviceScan-MoUsoCoreWorker-SearchForAllUpdatesWithUpdateOptionsAsync"",""InstallForAllUsers"":0,""AllowDownloadOnAnyNetwork"":0,""ForceUseOfNonRemovableStorage"":0,""AllowForcedAppRestart"":0,""IsDiscInstall"":0,""IsRestore"":0,""Repair"":0,""StageButDoNotInstall"":0,""RequiresElevation"":0,""AutomaticallyDownloadAndInstallUpdateIfFound"":0,""AllowCachedResult"":0,""UserIdentityInfo"":"""",""VolumePath"":""""},""extendedErrorCode"":0}  PrevState = Pending  NewState = LowPriority  PluginLastStage = 0  HResult = 0  __TlgCV__ = C2GP50Qp5keFT0qP.0.0  
Error: Unknown HResult Error code: 0xefffffff
Function: LogTelemetryEvent
Source: onecoreuap\enduser\winstore\installservice\svc\logging.cpp (10)"
"19-08-2026 10:13:24","2006","Information","Microsoft-Windows-Install-Agent","[Start] Creating Queue Item for the workCatalogId = PackageFamilyName:Microsoft.WidgetsPlatformRuntime_8wekyb3d8bbwe  
Error: The operation completed successfully.
Function: InstallQueue2::_EnqueueWork
Source: onecoreuap\enduser\winstore\installservice\libqueue2\installqueue2.cpp (2209)"
"19-08-2026 10:13:24","2006","Information","Microsoft-Windows-Install-Agent","Raising State Change for Item = , InstallState = 7  
Error: The operation completed successfully.
Function: InstallQueue2::FlushEventQueue
Source: onecoreuap\enduser\winstore\installservice\libqueue2\installqueue2.cpp (3512)"
"19-08-2026 10:13:24","2006","Information","Microsoft-Windows-Install-Agent","Processing work PackageFamilyName = Microsoft.WidgetsPlatformRuntime_8wekyb3d8bbwe  
Error: The operation completed successfully.
Function: InstallQueue2::CreateScanForAllUpdatesWork
Source: onecoreuap\enduser\winstore\installservice\libqueue2\installqueue2.cpp (2576)"
"19-08-2026 10:13:24","2006","Information","Microsoft-Windows-Install-Agent","[Telemetry]: FulfillmentInitiate :: ProductId = 9PLFNLNT3G5G  PFN = AppUp.IntelGraphicsExperience_8j3eq9eme6ctt  InstalledPFuN = AppUp.IntelGraphicsExperience_1.100.5688.0_x64__8j3eq9eme6ctt  CatalogId =   FulfillmentPluginId = WU  PluginTelemetryData =   PluginWorkCreationHr = 0  ClientAppId = Update;MoUpdateOrchestratorDeviceScan-MoUsoCoreWorker-SearchForAllUpdatesWithUpdateOptionsAsync  QueueItemsTotal = 4  QueueItemsWorking = 0  QueueItemsPending = 0  QueueItemsIdle = 4  QueueOpenSlots = 3  __TlgCV__ = C2GP50Qp5keFT0qP.0.0  
Error: Unknown HResult Error code: 0xefffffff
Function: LogTelemetryEvent
Source: onecoreuap\enduser\winstore\installservice\svc\logging.cpp (10)"
"19-08-2026 10:13:24","2006","Information","Microsoft-Windows-Install-Agent","Received checkpoint data updateItem = 9PLFNLNT3G5G   
Error: The operation completed successfully.
Function: InstallQueue2::NotifyCheckpointChanged
Source: onecoreuap\enduser\winstore\installservice\libqueue2\installqueue2.cpp (3567)"
"19-08-2026 10:13:24","2006","Information","Microsoft-Windows-Install-Agent","Queue State: Working = 0, Pending = 0, Idle = 4  
Error: The operation completed successfully.
Function: InstallQueue2::_FindNextPendingItem
Source: onecoreuap\enduser\winstore\installservice\libqueue2\installqueue2.cpp (4735)"
"19-08-2026 10:13:24","2006","Information","Microsoft-Windows-Install-Agent","[End] Item inserted into the queue. Attempting to create progresstrackersItem = 9PLFNLNT3G5G  
Error: The operation completed successfully.
Function: InstallQueue2::_EnqueueWork
Source: onecoreuap\enduser\winstore\installservice\libqueue2\installqueue2.cpp (2300)"
"19-08-2026 10:13:24","2006","Information","Microsoft-Windows-Install-Agent","[Start] Item inserted into the queue. Attempting to create progresstrackersItem = 9PLFNLNT3G5G  
Error: The operation completed successfully.
Function: InstallQueue2::_EnqueueWork
Source: onecoreuap\enduser\winstore\installservice\libqueue2\installqueue2.cpp (2300)"
"19-08-2026 10:13:24","2006","Information","Microsoft-Windows-Install-Agent","[End] Creating Queue Item for the workCatalogId = PackageFamilyName:AppUp.IntelGraphicsExperience_8j3eq9eme6ctt  
Error: The operation completed successfully.
Function: InstallQueue2::_EnqueueWork
Source: onecoreuap\enduser\winstore\installservice\libqueue2\installqueue2.cpp (2209)"
"19-08-2026 10:13:24","2006","Information","Microsoft-Windows-Install-Agent","[Telemetry]: StateTransition :: ProductId = 9PLFNLNT3G5G  PFN = AppUp.IntelGraphicsExperience_8j3eq9eme6ctt  CatalogId =   FulfillmentPluginId = WU  PluginTelemetryData = {""WorkProperties"":{""IsInteractive"":0,""CallerApplicationId"":""MoUpdateOrchestratorDeviceScan-MoUsoCoreWorker-SearchForAllUpdatesWithUpdateOptionsAsync"",""InstallForAllUsers"":0,""AllowDownloadOnAnyNetwork"":0,""ForceUseOfNonRemovableStorage"":0,""AllowForcedAppRestart"":0,""IsDiscInstall"":0,""IsRestore"":0,""Repair"":0,""StageButDoNotInstall"":0,""RequiresElevation"":0,""AutomaticallyDownloadAndInstallUpdateIfFound"":0,""AllowCachedResult"":0,""UserIdentityInfo"":"""",""VolumePath"":""""},""extendedErrorCode"":0}  PrevState = Pending  NewState = LowPriority  PluginLastStage = 0  HResult = 0  __TlgCV__ = C2GP50Qp5keFT0qP.0.0  
Error: Unknown HResult Error code: 0xefffffff
Function: LogTelemetryEvent
Source: onecoreuap\enduser\winstore\installservice\svc\logging.cpp (10)"
"19-08-2026 10:13:24","2006","Information","Microsoft-Windows-Install-Agent","[Start] Creating Queue Item for the workCatalogId = PackageFamilyName:AppUp.IntelGraphicsExperience_8j3eq9eme6ctt  
Error: The operation completed successfully.
Function: InstallQueue2::_EnqueueWork
Source: onecoreuap\enduser\winstore\installservice\libqueue2\installqueue2.cpp (2209)"
"19-08-2026 10:13:24","2006","Information","Microsoft-Windows-Install-Agent","Raising State Change for Item = , InstallState = 7  
Error: The operation completed successfully.
Function: InstallQueue2::FlushEventQueue
Source: onecoreuap\enduser\winstore\installservice\libqueue2\installqueue2.cpp (3512)"
"19-08-2026 10:13:24","2006","Information","Microsoft-Windows-Install-Agent","Queue State: Working = 0, Pending = 0, Idle = 3  
Error: The operation completed successfully.
Function: InstallQueue2::_FindNextPendingItem
Source: onecoreuap\enduser\winstore\installservice\libqueue2\installqueue2.cpp (4735)"
"19-08-2026 10:13:24","2006","Information","Microsoft-Windows-Install-Agent","Processing work PackageFamilyName = AppUp.IntelGraphicsExperience_8j3eq9eme6ctt  
Error: The operation completed successfully.
Function: InstallQueue2::CreateScanForAllUpdatesWork
Source: onecoreuap\enduser\winstore\installservice\libqueue2\installqueue2.cpp (2576)"
"19-08-2026 10:13:24","2006","Information","Microsoft-Windows-Install-Agent","[Telemetry]: FulfillmentInitiate :: ProductId = 9PC1H9VN18CM  PFN = Microsoft.StartExperiencesApp_8wekyb3d8bbwe  InstalledPFuN = Microsoft.StartExperiencesApp_1.151.0.0_x64__8wekyb3d8bbwe  CatalogId =   FulfillmentPluginId = WU  PluginTelemetryData =   PluginWorkCreationHr = 0  ClientAppId = Update;MoUpdateOrchestratorDeviceScan-MoUsoCoreWorker-SearchForAllUpdatesWithUpdateOptionsAsync  QueueItemsTotal = 3  QueueItemsWorking = 0  QueueItemsPending = 0  QueueItemsIdle = 3  QueueOpenSlots = 3  __TlgCV__ = C2GP50Qp5keFT0qP.0.0  
Error: Unknown HResult Error code: 0xefffffff
Function: LogTelemetryEvent
Source: onecoreuap\enduser\winstore\installservice\svc\logging.cpp (10)"
"19-08-2026 10:13:24","2006","Information","Microsoft-Windows-Install-Agent","Received checkpoint data updateItem = 9PC1H9VN18CM   
Error: The operation completed successfully.
Function: InstallQueue2::NotifyCheckpointChanged
Source: onecoreuap\enduser\winstore\installservice\libqueue2\installqueue2.cpp (3567)"
"19-08-2026 10:13:24","2006","Information","Microsoft-Windows-Install-Agent","[End] Item inserted into the queue. Attempting to create progresstrackersItem = 9PC1H9VN18CM  
Error: The operation completed successfully.
Function: InstallQueue2::_EnqueueWork
Source: onecoreuap\enduser\winstore\installservice\libqueue2\installqueue2.cpp (2300)"
"19-08-2026 10:13:24","2006","Information","Microsoft-Windows-Install-Agent","[Start] Item inserted into the queue. Attempting to create progresstrackersItem = 9PC1H9VN18CM  
Error: The operation completed successfully.
Function: InstallQueue2::_EnqueueWork
Source: onecoreuap\enduser\winstore\installservice\libqueue2\installqueue2.cpp (2300)"
"19-08-2026 10:13:24","2006","Information","Microsoft-Windows-Install-Agent","[End] Creating Queue Item for the workCatalogId = PackageFamilyName:Microsoft.StartExperiencesApp_8wekyb3d8bbwe  
Error: The operation completed successfully.
Function: InstallQueue2::_EnqueueWork
Source: onecoreuap\enduser\winstore\installservice\libqueue2\installqueue2.cpp (2209)"
"19-08-2026 10:13:24","2006","Information","Microsoft-Windows-Install-Agent","[Telemetry]: StateTransition :: ProductId = 9PC1H9VN18CM  PFN = Microsoft.StartExperiencesApp_8wekyb3d8bbwe  CatalogId =   FulfillmentPluginId = WU  PluginTelemetryData = {""WorkProperties"":{""IsInteractive"":0,""CallerApplicationId"":""MoUpdateOrchestratorDeviceScan-MoUsoCoreWorker-SearchForAllUpdatesWithUpdateOptionsAsync"",""InstallForAllUsers"":0,""AllowDownloadOnAnyNetwork"":0,""ForceUseOfNonRemovableStorage"":0,""AllowForcedAppRestart"":0,""IsDiscInstall"":0,""IsRestore"":0,""Repair"":0,""StageButDoNotInstall"":0,""RequiresElevation"":0,""AutomaticallyDownloadAndInstallUpdateIfFound"":0,""AllowCachedResult"":0,""UserIdentityInfo"":"""",""VolumePath"":""""},""extendedErrorCode"":0}  PrevState = Pending  NewState = LowPriority  PluginLastStage = 0  HResult = 0  __TlgCV__ = C2GP50Qp5keFT0qP.0.0  
Error: Unknown HResult Error code: 0xefffffff
Function: LogTelemetryEvent
Source: onecoreuap\enduser\winstore\installservice\svc\logging.cpp (10)"
"19-08-2026 10:13:24","2006","Information","Microsoft-Windows-Install-Agent","[Start] Creating Queue Item for the workCatalogId = PackageFamilyName:Microsoft.StartExperiencesApp_8wekyb3d8bbwe  
Error: The operation completed successfully.
Function: InstallQueue2::_EnqueueWork
Source: onecoreuap\enduser\winstore\installservice\libqueue2\installqueue2.cpp (2209)"
"19-08-2026 10:13:24","2006","Information","Microsoft-Windows-Install-Agent","Raising State Change for Item = , InstallState = 7  
Error: The operation completed successfully.
Function: InstallQueue2::FlushEventQueue
Source: onecoreuap\enduser\winstore\installservice\libqueue2\installqueue2.cpp (3512)"
"19-08-2026 10:13:24","2006","Information","Microsoft-Windows-Install-Agent","Processing work PackageFamilyName = Microsoft.StartExperiencesApp_8wekyb3d8bbwe  
Error: The operation completed successfully.
Function: InstallQueue2::CreateScanForAllUpdatesWork
Source: onecoreuap\enduser\winstore\installservice\libqueue2\installqueue2.cpp (2576)"
"19-08-2026 10:13:24","2006","Information","Microsoft-Windows-Install-Agent","[Telemetry]: FulfillmentInitiate :: ProductId = 9NBLGGH10PG8  PFN = Microsoft.People_8wekyb3d8bbwe  InstalledPFuN = Microsoft.People_10.2202.100.0_x64__8wekyb3d8bbwe  CatalogId =   FulfillmentPluginId = WU  PluginTelemetryData =   PluginWorkCreationHr = 0  ClientAppId = Update;MoUpdateOrchestratorDeviceScan-MoUsoCoreWorker-SearchForAllUpdatesWithUpdateOptionsAsync  QueueItemsTotal = 2  QueueItemsWorking = 0  QueueItemsPending = 0  QueueItemsIdle = 2  QueueOpenSlots = 3  __TlgCV__ = C2GP50Qp5keFT0qP.0.0  
Error: Unknown HResult Error code: 0xefffffff
Function: LogTelemetryEvent
Source: onecoreuap\enduser\winstore\installservice\svc\logging.cpp (10)"
"19-08-2026 10:13:24","2006","Information","Microsoft-Windows-Install-Agent","Received checkpoint data updateItem = 9NBLGGH10PG8   
Error: The operation completed successfully.
Function: InstallQueue2::NotifyCheckpointChanged
Source: onecoreuap\enduser\winstore\installservice\libqueue2\installqueue2.cpp (3567)"
"19-08-2026 10:13:24","2006","Information","Microsoft-Windows-Install-Agent","[End] Item inserted into the queue. Attempting to create progresstrackersItem = 9NBLGGH10PG8  
Error: The operation completed successfully.
Function: InstallQueue2::_EnqueueWork
Source: onecoreuap\enduser\winstore\installservice\libqueue2\installqueue2.cpp (2300)"
"19-08-2026 10:13:24","2006","Information","Microsoft-Windows-Install-Agent","[Start] Item inserted into the queue. Attempting to create progresstrackersItem = 9NBLGGH10PG8  
Error: The operation completed successfully.
Function: InstallQueue2::_EnqueueWork
Source: onecoreuap\enduser\winstore\installservice\libqueue2\installqueue2.cpp (2300)"
"19-08-2026 10:13:24","2006","Information","Microsoft-Windows-Install-Agent","[End] Creating Queue Item for the workCatalogId = PackageFamilyName:Microsoft.People_8wekyb3d8bbwe  
Error: The operation completed successfully.
Function: InstallQueue2::_EnqueueWork
Source: onecoreuap\enduser\winstore\installservice\libqueue2\installqueue2.cpp (2209)"
"19-08-2026 10:13:24","2006","Information","Microsoft-Windows-Install-Agent","[Telemetry]: StateTransition :: ProductId = 9NBLGGH10PG8  PFN = Microsoft.People_8wekyb3d8bbwe  CatalogId =   FulfillmentPluginId = WU  PluginTelemetryData = {""WorkProperties"":{""IsInteractive"":0,""CallerApplicationId"":""MoUpdateOrchestratorDeviceScan-MoUsoCoreWorker-SearchForAllUpdatesWithUpdateOptionsAsync"",""InstallForAllUsers"":0,""AllowDownloadOnAnyNetwork"":0,""ForceUseOfNonRemovableStorage"":0,""AllowForcedAppRestart"":0,""IsDiscInstall"":0,""IsRestore"":0,""Repair"":0,""StageButDoNotInstall"":0,""RequiresElevation"":0,""AutomaticallyDownloadAndInstallUpdateIfFound"":0,""AllowCachedResult"":0,""UserIdentityInfo"":"""",""VolumePath"":""""},""extendedErrorCode"":0}  PrevState = Pending  NewState = LowPriority  PluginLastStage = 0  HResult = 0  __TlgCV__ = C2GP50Qp5keFT0qP.0.0  
Error: Unknown HResult Error code: 0xefffffff
Function: LogTelemetryEvent
Source: onecoreuap\enduser\winstore\installservice\svc\logging.cpp (10)"
"19-08-2026 10:13:24","2006","Information","Microsoft-Windows-Install-Agent","[Start] Creating Queue Item for the workCatalogId = PackageFamilyName:Microsoft.People_8wekyb3d8bbwe  
Error: The operation completed successfully.
Function: InstallQueue2::_EnqueueWork
Source: onecoreuap\enduser\winstore\installservice\libqueue2\installqueue2.cpp (2209)"
"19-08-2026 10:13:24","2006","Information","Microsoft-Windows-Install-Agent","Raising State Change for Item = , InstallState = 7  
Error: The operation completed successfully.
Function: InstallQueue2::FlushEventQueue
Source: onecoreuap\enduser\winstore\installservice\libqueue2\installqueue2.cpp (3512)"
"19-08-2026 10:13:24","2006","Information","Microsoft-Windows-Install-Agent","Queue State: Working = 0, Pending = 0, Idle = 1  
Error: The operation completed successfully.
Function: InstallQueue2::_FindNextPendingItem
Source: onecoreuap\enduser\winstore\installservice\libqueue2\installqueue2.cpp (4735)"
"19-08-2026 10:13:24","2006","Information","Microsoft-Windows-Install-Agent","Processing work PackageFamilyName = Microsoft.People_8wekyb3d8bbwe  
Error: The operation completed successfully.
Function: InstallQueue2::CreateScanForAllUpdatesWork
Source: onecoreuap\enduser\winstore\installservice\libqueue2\installqueue2.cpp (2576)"
"19-08-2026 10:13:24","2006","Information","Microsoft-Windows-Install-Agent","[Telemetry]: FulfillmentInitiate :: ProductId = 9NBLGGH4QGHW  PFN = Microsoft.MicrosoftStickyNotes_8wekyb3d8bbwe  InstalledPFuN = Microsoft.MicrosoftStickyNotes_6.1.4.0_x64__8wekyb3d8bbwe  CatalogId =   FulfillmentPluginId = WU  PluginTelemetryData =   PluginWorkCreationHr = 0  ClientAppId = Update;MoUpdateOrchestratorDeviceScan-MoUsoCoreWorker-SearchForAllUpdatesWithUpdateOptionsAsync  QueueItemsTotal = 1  QueueItemsWorking = 0  QueueItemsPending = 0  QueueItemsIdle = 1  QueueOpenSlots = 3  __TlgCV__ = C2GP50Qp5keFT0qP.0.0  
Error: Unknown HResult Error code: 0xefffffff
Function: LogTelemetryEvent
Source: onecoreuap\enduser\winstore\installservice\svc\logging.cpp (10)"
"19-08-2026 10:13:24","2006","Information","Microsoft-Windows-Install-Agent","Received checkpoint data updateItem = 9NBLGGH4QGHW   
Error: The operation completed successfully.
Function: InstallQueue2::NotifyCheckpointChanged
Source: onecoreuap\enduser\winstore\installservice\libqueue2\installqueue2.cpp (3567)"
"19-08-2026 10:13:24","2006","Information","Microsoft-Windows-Install-Agent","[End] Item inserted into the queue. Attempting to create progresstrackersItem = 9NBLGGH4QGHW  
Error: The operation completed successfully.
Function: InstallQueue2::_EnqueueWork
Source: onecoreuap\enduser\winstore\installservice\libqueue2\installqueue2.cpp (2300)"
"19-08-2026 10:13:24","2006","Information","Microsoft-Windows-Install-Agent","[Start] Item inserted into the queue. Attempting to create progresstrackersItem = 9NBLGGH4QGHW  
Error: The operation completed successfully.
Function: InstallQueue2::_EnqueueWork
Source: onecoreuap\enduser\winstore\installservice\libqueue2\installqueue2.cpp (2300)"
"19-08-2026 10:13:24","2006","Information","Microsoft-Windows-Install-Agent","[End] Creating Queue Item for the workCatalogId = PackageFamilyName:Microsoft.MicrosoftStickyNotes_8wekyb3d8bbwe  
Error: The operation completed successfully.
Function: InstallQueue2::_EnqueueWork
Source: onecoreuap\enduser\winstore\installservice\libqueue2\installqueue2.cpp (2209)"
"19-08-2026 10:13:24","2006","Information","Microsoft-Windows-Install-Agent","[Telemetry]: StateTransition :: ProductId = 9NBLGGH4QGHW  PFN = Microsoft.MicrosoftStickyNotes_8wekyb3d8bbwe  CatalogId =   FulfillmentPluginId = WU  PluginTelemetryData = {""WorkProperties"":{""IsInteractive"":0,""CallerApplicationId"":""MoUpdateOrchestratorDeviceScan-MoUsoCoreWorker-SearchForAllUpdatesWithUpdateOptionsAsync"",""InstallForAllUsers"":0,""AllowDownloadOnAnyNetwork"":0,""ForceUseOfNonRemovableStorage"":0,""AllowForcedAppRestart"":0,""IsDiscInstall"":0,""IsRestore"":0,""Repair"":0,""StageButDoNotInstall"":0,""RequiresElevation"":0,""AutomaticallyDownloadAndInstallUpdateIfFound"":0,""AllowCachedResult"":0,""UserIdentityInfo"":"""",""VolumePath"":""""},""extendedErrorCode"":0}  PrevState = Pending  NewState = LowPriority  PluginLastStage = 0  HResult = 0  __TlgCV__ = C2GP50Qp5keFT0qP.0.0  
Error: Unknown HResult Error code: 0xefffffff
Function: LogTelemetryEvent
Source: onecoreuap\enduser\winstore\installservice\svc\logging.cpp (10)"
"19-08-2026 10:13:24","2006","Information","Microsoft-Windows-Install-Agent","[Start] Creating Queue Item for the workCatalogId = PackageFamilyName:Microsoft.MicrosoftStickyNotes_8wekyb3d8bbwe  
Error: The operation completed successfully.
Function: InstallQueue2::_EnqueueWork
Source: onecoreuap\enduser\winstore\installservice\libqueue2\installqueue2.cpp (2209)"
"19-08-2026 10:13:24","2006","Information","Microsoft-Windows-Install-Agent","Processing work PackageFamilyName = Microsoft.MicrosoftStickyNotes_8wekyb3d8bbwe  
Error: The operation completed successfully.
Function: InstallQueue2::CreateScanForAllUpdatesWork
Source: onecoreuap\enduser\winstore\installservice\libqueue2\installqueue2.cpp (2576)"
"19-08-2026 10:13:24","2006","Information","Microsoft-Windows-Install-Agent","[End] Creating UWA Work FulfillmentData = {""ProductId"":""9N3RK8ZV2ZR8"",""WuBundleId"":""aba068c1-d920-4ef3-b596-a34c969950df"",""WuCategoryId"":""2ff93c20-14ba-4cbd-bd81-0bc49484fdc6"",""PackageFamilyName"":""Microsoft.WidgetsPlatformRuntime_8wekyb3d8bbwe"",""SkuId"":""0010"",""Content"":null,""PackageFeatures"":null}  
Error: The operation completed successfully.
Function: UWAInstallServiceWorkItem::UWAInstallServiceWorkItem
Source: onecoreuap\enduser\winstore\installservice\libqueue2\uwainstallworkbridge.cpp (494)"
"19-08-2026 10:13:24","2007","Warning","Microsoft-Windows-Install-Agent","Skipping fulfillment data map entry: PackageRank=0, PackageFullName=(empty)
Error: Unknown HResult Error code: 0xefffffff
Function: UWAInstallWork::UWAInstallWork
Source: onecoreuap\enduser\winstore\installservice\lib\uwainstallwork.cpp (619)"
"19-08-2026 10:13:24","2006","Information","Microsoft-Windows-Install-Agent","Update Work Flags: AutomaticallyDownloadAndInstallUpdateIfFound = false, IsSystemComponent = false, IsMandatory = true, IsAutoUpdateEnabled = true, IsMandatoryAllowed = false, IsUpdateNow = true 
Error: Unknown HResult Error code: 0xefffffff
Function: UWAInstallServiceWorkItem::UWAInstallServiceWorkItem
Source: onecoreuap\enduser\winstore\installservice\libqueue2\uwainstallworkbridge.cpp (629)"
"19-08-2026 10:13:24","2006","Information","Microsoft-Windows-Install-Agent","WU scan found 1 packages
Error: Unknown HResult Error code: 0xefffffff
Function: _PackagesFromSearchResult
Source: onecoreuap\enduser\winstore\installservice\lib\wuhelpers.cpp (157)"
"19-08-2026 10:13:22","2006","Information","Microsoft-Windows-Install-Agent","WU query: ""IsInstalled=0 AND AppCategoryIDs contains '2ff93c20-14ba-4cbd-bd81-0bc49484fdc6'""
Error: Unknown HResult Error code: 0xefffffff
Function: SearchUpdatePackages
Source: onecoreuap\enduser\winstore\installservice\lib\wuhelpers.cpp (359)"
"19-08-2026 10:13:22","2006","Information","Microsoft-Windows-Install-Agent","UUS Version = 1508.2606.17012.0
Error: Unknown HResult Error code: 0xefffffff
Function: SearchUpdatePackages
Source: onecoreuap\enduser\winstore\installservice\lib\wuhelpers.cpp (286)"
"19-08-2026 10:13:22","2006","Information","Microsoft-Windows-Install-Agent","AppId = 2ff93c20-14ba-4cbd-bd81-0bc49484fdc6, WU Installed Flag = 0, OnlineSearch = 0, Interactive = 0, Scope = 4, Client ID = Update;MoUpdateOrchestratorDeviceScan-MoUsoCoreWorker-SearchForAllUpdatesWithUpdateOptionsAsync
Error: Unknown HResult Error code: 0xefffffff
Function: SearchUpdatePackages
Source: onecoreuap\enduser\winstore\installservice\lib\wuhelpers.cpp (280)"
"19-08-2026 10:13:22","2006","Information","Microsoft-Windows-Install-Agent","[Start] Creating UWA Work FulfillmentData = {""ProductId"":""9N3RK8ZV2ZR8"",""WuBundleId"":""aba068c1-d920-4ef3-b596-a34c969950df"",""WuCategoryId"":""2ff93c20-14ba-4cbd-bd81-0bc49484fdc6"",""PackageFamilyName"":""Microsoft.WidgetsPlatformRuntime_8wekyb3d8bbwe"",""SkuId"":""0010"",""Content"":null,""PackageFeatures"":null}  
Error: The operation completed successfully.
Function: UWAInstallServiceWorkItem::UWAInstallServiceWorkItem
Source: onecoreuap\enduser\winstore\installservice\libqueue2\uwainstallworkbridge.cpp (494)"
"19-08-2026 10:13:22","2006","Information","Microsoft-Windows-Install-Agent","[End] Creating UWA Work FulfillmentData = {""ProductId"":""9PLFNLNT3G5G"",""WuBundleId"":""c35e480e-6cac-4458-9595-68ff149e6e7a"",""WuCategoryId"":""e16735c5-32a5-4fc3-a094-7c4c073b30b8"",""PackageFamilyName"":""AppUp.IntelGraphicsExperience_8j3eq9eme6ctt"",""SkuId"":""0010"",""Content"":null,""PackageFeatures"":null}  
Error: The operation completed successfully.
Function: UWAInstallServiceWorkItem::UWAInstallServiceWorkItem
Source: onecoreuap\enduser\winstore\installservice\libqueue2\uwainstallworkbridge.cpp (494)"
"19-08-2026 10:13:22","2007","Warning","Microsoft-Windows-Install-Agent","Skipping fulfillment data map entry: PackageRank=17120531081499242426, PackageFullName=(empty)
Error: Unknown HResult Error code: 0xefffffff
Function: UWAInstallWork::UWAInstallWork
Source: onecoreuap\enduser\winstore\installservice\lib\uwainstallwork.cpp (619)"
"19-08-2026 10:13:22","2006","Information","Microsoft-Windows-Install-Agent","Update Work Flags: AutomaticallyDownloadAndInstallUpdateIfFound = false, IsSystemComponent = false, IsMandatory = true, IsAutoUpdateEnabled = true, IsMandatoryAllowed = false, IsUpdateNow = true 
Error: Unknown HResult Error code: 0xefffffff
Function: UWAInstallServiceWorkItem::UWAInstallServiceWorkItem
Source: onecoreuap\enduser\winstore\installservice\libqueue2\uwainstallworkbridge.cpp (629)"
"19-08-2026 10:13:22","2006","Information","Microsoft-Windows-Install-Agent","WU scan found 1 packages
Error: Unknown HResult Error code: 0xefffffff
Function: _PackagesFromSearchResult
Source: onecoreuap\enduser\winstore\installservice\lib\wuhelpers.cpp (157)"
"19-08-2026 10:13:19","2006","Information","Microsoft-Windows-Install-Agent","WU query: ""IsInstalled=0 AND AppCategoryIDs contains 'e16735c5-32a5-4fc3-a094-7c4c073b30b8'""
Error: Unknown HResult Error code: 0xefffffff
Function: SearchUpdatePackages
Source: onecoreuap\enduser\winstore\installservice\lib\wuhelpers.cpp (359)"
"19-08-2026 10:13:19","2006","Information","Microsoft-Windows-Install-Agent","UUS Version = 1508.2606.17012.0
Error: Unknown HResult Error code: 0xefffffff
Function: SearchUpdatePackages
Source: onecoreuap\enduser\winstore\installservice\lib\wuhelpers.cpp (286)"
"19-08-2026 10:13:19","2006","Information","Microsoft-Windows-Install-Agent","AppId = e16735c5-32a5-4fc3-a094-7c4c073b30b8, WU Installed Flag = 0, OnlineSearch = 0, Interactive = 0, Scope = 4, Client ID = Update;MoUpdateOrchestratorDeviceScan-MoUsoCoreWorker-SearchForAllUpdatesWithUpdateOptionsAsync
Error: Unknown HResult Error code: 0xefffffff
Function: SearchUpdatePackages
Source: onecoreuap\enduser\winstore\installservice\lib\wuhelpers.cpp (280)"
"19-08-2026 10:13:19","2006","Information","Microsoft-Windows-Install-Agent","[Start] Creating UWA Work FulfillmentData = {""ProductId"":""9PLFNLNT3G5G"",""WuBundleId"":""c35e480e-6cac-4458-9595-68ff149e6e7a"",""WuCategoryId"":""e16735c5-32a5-4fc3-a094-7c4c073b30b8"",""PackageFamilyName"":""AppUp.IntelGraphicsExperience_8j3eq9eme6ctt"",""SkuId"":""0010"",""Content"":null,""PackageFeatures"":null}  
Error: The operation completed successfully.
Function: UWAInstallServiceWorkItem::UWAInstallServiceWorkItem
Source: onecoreuap\enduser\winstore\installservice\libqueue2\uwainstallworkbridge.cpp (494)"
"19-08-2026 10:13:19","2006","Information","Microsoft-Windows-Install-Agent","[End] Creating UWA Work FulfillmentData = {""ProductId"":""9PC1H9VN18CM"",""WuBundleId"":""6d2af963-f046-420f-a039-6cdec9fc6eff"",""WuCategoryId"":""17b81d1c-5988-43ea-8dfb-ed0bb1ac7162"",""PackageFamilyName"":""Microsoft.StartExperiencesApp_8wekyb3d8bbwe"",""SkuId"":""0010"",""Content"":null,""PackageFeatures"":null}  
Error: The operation completed successfully.
Function: UWAInstallServiceWorkItem::UWAInstallServiceWorkItem
Source: onecoreuap\enduser\winstore\installservice\libqueue2\uwainstallworkbridge.cpp (494)"
"19-08-2026 10:13:19","2007","Warning","Microsoft-Windows-Install-Agent","Skipping fulfillment data map entry: PackageRank=17895742658672555192, PackageFullName=(empty)
Error: Unknown HResult Error code: 0xefffffff
Function: UWAInstallWork::UWAInstallWork
Source: onecoreuap\enduser\winstore\installservice\lib\uwainstallwork.cpp (619)"
"19-08-2026 10:13:19","2006","Information","Microsoft-Windows-Install-Agent","Update Work Flags: AutomaticallyDownloadAndInstallUpdateIfFound = false, IsSystemComponent = false, IsMandatory = true, IsAutoUpdateEnabled = true, IsMandatoryAllowed = false, IsUpdateNow = true 
Error: Unknown HResult Error code: 0xefffffff
Function: UWAInstallServiceWorkItem::UWAInstallServiceWorkItem
Source: onecoreuap\enduser\winstore\installservice\libqueue2\uwainstallworkbridge.cpp (629)"
"19-08-2026 10:13:19","2006","Information","Microsoft-Windows-Install-Agent","WU scan found 1 packages
Error: Unknown HResult Error code: 0xefffffff
Function: _PackagesFromSearchResult
Source: onecoreuap\enduser\winstore\installservice\lib\wuhelpers.cpp (157)"
"19-08-2026 10:13:14","2006","Information","Microsoft-Windows-Install-Agent","WU query: ""IsInstalled=0 AND AppCategoryIDs contains '17b81d1c-5988-43ea-8dfb-ed0bb1ac7162'""
Error: Unknown HResult Error code: 0xefffffff
Function: SearchUpdatePackages
Source: onecoreuap\enduser\winstore\installservice\lib\wuhelpers.cpp (359)"
"19-08-2026 10:13:14","2006","Information","Microsoft-Windows-Install-Agent","UUS Version = 1508.2606.17012.0
Error: Unknown HResult Error code: 0xefffffff
Function: SearchUpdatePackages
Source: onecoreuap\enduser\winstore\installservice\lib\wuhelpers.cpp (286)"
"19-08-2026 10:13:14","2006","Information","Microsoft-Windows-Install-Agent","AppId = 17b81d1c-5988-43ea-8dfb-ed0bb1ac7162, WU Installed Flag = 0, OnlineSearch = 0, Interactive = 0, Scope = 4, Client ID = Update;MoUpdateOrchestratorDeviceScan-MoUsoCoreWorker-SearchForAllUpdatesWithUpdateOptionsAsync
Error: Unknown HResult Error code: 0xefffffff
Function: SearchUpdatePackages
Source: onecoreuap\enduser\winstore\installservice\lib\wuhelpers.cpp (280)"
"19-08-2026 10:13:14","2006","Information","Microsoft-Windows-Install-Agent","[Start] Creating UWA Work FulfillmentData = {""ProductId"":""9PC1H9VN18CM"",""WuBundleId"":""6d2af963-f046-420f-a039-6cdec9fc6eff"",""WuCategoryId"":""17b81d1c-5988-43ea-8dfb-ed0bb1ac7162"",""PackageFamilyName"":""Microsoft.StartExperiencesApp_8wekyb3d8bbwe"",""SkuId"":""0010"",""Content"":null,""PackageFeatures"":null}  
Error: The operation completed successfully.
Function: UWAInstallServiceWorkItem::UWAInstallServiceWorkItem
Source: onecoreuap\enduser\winstore\installservice\libqueue2\uwainstallworkbridge.cpp (494)"
"19-08-2026 10:13:14","2006","Information","Microsoft-Windows-Install-Agent","[End] Creating UWA Work FulfillmentData = {""ProductId"":""9NBLGGH10PG8"",""WuBundleId"":""9c2dba42-41cc-48bf-b041-945a90986dd2"",""WuCategoryId"":""cfc4a10e-0356-451d-bb3e-c4fe5edfd20c"",""PackageFamilyName"":""Microsoft.People_8wekyb3d8bbwe"",""SkuId"":""0010"",""Content"":null,""PackageFeatures"":null}  
Error: The operation completed successfully.
Function: UWAInstallServiceWorkItem::UWAInstallServiceWorkItem
Source: onecoreuap\enduser\winstore\installservice\libqueue2\uwainstallworkbridge.cpp (494)"
"19-08-2026 10:13:14","2007","Warning","Microsoft-Windows-Install-Agent","Skipping fulfillment data map entry: PackageRank=10195899818725947586, PackageFullName=(empty)
Error: Unknown HResult Error code: 0xefffffff
Function: UWAInstallWork::UWAInstallWork
Source: onecoreuap\enduser\winstore\installservice\lib\uwainstallwork.cpp (619)"
"19-08-2026 10:13:14","2006","Information","Microsoft-Windows-Install-Agent","Update Work Flags: AutomaticallyDownloadAndInstallUpdateIfFound = false, IsSystemComponent = false, IsMandatory = false, IsAutoUpdateEnabled = true, IsMandatoryAllowed = false, IsUpdateNow = false 
Error: Unknown HResult Error code: 0xefffffff
Function: UWAInstallServiceWorkItem::UWAInstallServiceWorkItem
Source: onecoreuap\enduser\winstore\installservice\libqueue2\uwainstallworkbridge.cpp (629)"
"19-08-2026 10:13:14","2006","Information","Microsoft-Windows-Install-Agent","WU scan found 1 packages
Error: Unknown HResult Error code: 0xefffffff
Function: _PackagesFromSearchResult
Source: onecoreuap\enduser\winstore\installservice\lib\wuhelpers.cpp (157)"
"19-08-2026 10:13:04","2006","Information","Microsoft-Windows-Install-Agent","WU query: ""IsInstalled=0 AND AppCategoryIDs contains 'cfc4a10e-0356-451d-bb3e-c4fe5edfd20c'""
Error: Unknown HResult Error code: 0xefffffff
Function: SearchUpdatePackages
Source: onecoreuap\enduser\winstore\installservice\lib\wuhelpers.cpp (359)"
"19-08-2026 10:13:04","2006","Information","Microsoft-Windows-Install-Agent","UUS Version = 1508.2606.17012.0
Error: Unknown HResult Error code: 0xefffffff
Function: SearchUpdatePackages
Source: onecoreuap\enduser\winstore\installservice\lib\wuhelpers.cpp (286)"
"19-08-2026 10:13:04","2006","Information","Microsoft-Windows-Install-Agent","AppId = cfc4a10e-0356-451d-bb3e-c4fe5edfd20c, WU Installed Flag = 0, OnlineSearch = 0, Interactive = 0, Scope = 4, Client ID = Update;MoUpdateOrchestratorDeviceScan-MoUsoCoreWorker-SearchForAllUpdatesWithUpdateOptionsAsync
Error: Unknown HResult Error code: 0xefffffff
Function: SearchUpdatePackages
Source: onecoreuap\enduser\winstore\installservice\lib\wuhelpers.cpp (280)"
"19-08-2026 10:13:04","2006","Information","Microsoft-Windows-Install-Agent","[Start] Creating UWA Work FulfillmentData = {""ProductId"":""9NBLGGH10PG8"",""WuBundleId"":""9c2dba42-41cc-48bf-b041-945a90986dd2"",""WuCategoryId"":""cfc4a10e-0356-451d-bb3e-c4fe5edfd20c"",""PackageFamilyName"":""Microsoft.People_8wekyb3d8bbwe"",""SkuId"":""0010"",""Content"":null,""PackageFeatures"":null}  
Error: The operation completed successfully.
Function: UWAInstallServiceWorkItem::UWAInstallServiceWorkItem
Source: onecoreuap\enduser\winstore\installservice\libqueue2\uwainstallworkbridge.cpp (494)"
"19-08-2026 10:13:04","2006","Information","Microsoft-Windows-Install-Agent","[End] Creating UWA Work FulfillmentData = {""ProductId"":""9NBLGGH4QGHW"",""WuBundleId"":""03c8cb8c-2f0d-4246-902f-e8302cb17d9e"",""WuCategoryId"":""b90f3a9a-c043-41a7-a774-e51f6069283b"",""PackageFamilyName"":""Microsoft.MicrosoftStickyNotes_8wekyb3d8bbwe"",""SkuId"":""0010"",""Content"":null,""PackageFeatures"":null}  
Error: The operation completed successfully.
Function: UWAInstallServiceWorkItem::UWAInstallServiceWorkItem
Source: onecoreuap\enduser\winstore\installservice\libqueue2\uwainstallworkbridge.cpp (494)"
"19-08-2026 10:13:04","2007","Warning","Microsoft-Windows-Install-Agent","Skipping fulfillment data map entry: PackageRank=16325694684725356, PackageFullName=(empty)
Error: Unknown HResult Error code: 0xefffffff
Function: UWAInstallWork::UWAInstallWork
Source: onecoreuap\enduser\winstore\installservice\lib\uwainstallwork.cpp (619)"
"19-08-2026 10:13:04","2006","Information","Microsoft-Windows-Install-Agent","Update Work Flags: AutomaticallyDownloadAndInstallUpdateIfFound = false, IsSystemComponent = false, IsMandatory = true, IsAutoUpdateEnabled = true, IsMandatoryAllowed = false, IsUpdateNow = true 
Error: Unknown HResult Error code: 0xefffffff
Function: UWAInstallServiceWorkItem::UWAInstallServiceWorkItem
Source: onecoreuap\enduser\winstore\installservice\libqueue2\uwainstallworkbridge.cpp (629)"
"19-08-2026 10:13:04","2006","Information","Microsoft-Windows-Install-Agent","WU scan found 1 packages
Error: Unknown HResult Error code: 0xefffffff
Function: _PackagesFromSearchResult
Source: onecoreuap\enduser\winstore\installservice\lib\wuhelpers.cpp (157)"
"19-08-2026 10:12:52","2006","Information","Microsoft-Windows-Install-Agent","WU query: ""IsInstalled=0 AND AppCategoryIDs contains 'b90f3a9a-c043-41a7-a774-e51f6069283b'""
Error: Unknown HResult Error code: 0xefffffff
Function: SearchUpdatePackages
Source: onecoreuap\enduser\winstore\installservice\lib\wuhelpers.cpp (359)"
"19-08-2026 10:12:52","2006","Information","Microsoft-Windows-Install-Agent","UUS Version = 1508.2606.17012.0
Error: Unknown HResult Error code: 0xefffffff
Function: SearchUpdatePackages
Source: onecoreuap\enduser\winstore\installservice\lib\wuhelpers.cpp (286)"
"19-08-2026 10:12:52","2006","Information","Microsoft-Windows-Install-Agent","AppId = b90f3a9a-c043-41a7-a774-e51f6069283b, WU Installed Flag = 0, OnlineSearch = 0, Interactive = 0, Scope = 4, Client ID = Update;MoUpdateOrchestratorDeviceScan-MoUsoCoreWorker-SearchForAllUpdatesWithUpdateOptionsAsync
Error: Unknown HResult Error code: 0xefffffff
Function: SearchUpdatePackages
Source: onecoreuap\enduser\winstore\installservice\lib\wuhelpers.cpp (280)"
