"13-08-2026 11:54:49","1001","Information","Microsoft-Windows-StorageManagement-WSP-Host","A Windows Storage Provider was loaded successfully.             
Provider: wsp_sr             
Provider DLL: wsp_sr.dll"
"13-08-2026 11:54:49","1001","Information","Microsoft-Windows-StorageManagement-WSP-Host","A Windows Storage Provider was loaded successfully.             
Provider: wsp_fs             
Provider DLL: wsp_fs.dll"
"13-08-2026 11:54:49","1001","Information","Microsoft-Windows-StorageManagement-WSP-Host","A Windows Storage Provider was loaded successfully.             
Provider: MISpace             
Provider DLL: mispace.dll"
"13-08-2026 11:54:49","2010","Information","Microsoft-Windows-StorageManagement-WSP-Spaces","The Windows Storage Spaces and Disk provider was loaded.             
Load time (milliseconds): 0             
Miresult: 0"
"13-08-2026 11:54:49","2023","Information","Microsoft-Windows-StorageManagement-WSP-Spaces","Successfully initialized the Storage Management Provider.             
Function: CSpProvider::Initialize             
Duration (milliseconds): 6"
"13-08-2026 11:54:49","2027","Information","Microsoft-Windows-StorageManagement-WSP-Spaces","Successfully initialized Extended Storage Spaces API.             
Function: SuInitializeEx             
Duration (milliseconds): 0"
"13-08-2026 11:54:49","8","Information","Microsoft-Windows-StorageManagement","The Windows Storage Management WMI Provider was loaded.                    
Load time (milliseconds): 0"
"13-08-2026 11:39:49","1003","Information","Microsoft-Windows-StorageManagement-WSP-Host","Shutdown for the Windows Storage Provider host service has been completed."
"13-08-2026 11:39:49","2025","Information","Microsoft-Windows-StorageManagement-WSP-Spaces","Successfully cleaned up the Storage Management Provider.             
Function: CSpProvider::Cleanup             
Duration (milliseconds): 2"
"13-08-2026 11:39:49","2029","Information","Microsoft-Windows-StorageManagement-WSP-Spaces","Successfully cleaned up Extended Storage Spaces API.             
Function: SuCleanupEx             
Duration (milliseconds): 0"
"13-08-2026 11:39:49","9","Information","Microsoft-Windows-StorageManagement","A Windows Storage Management WMI enumeration operation was performed.                   
Class: MSFT_PhysicalDisk                   
ResultCount: 0                   
Operation time (milliseconds): 47"
"13-08-2026 11:39:49","2007","Error","Microsoft-Windows-StorageManagement-WSP-Spaces","An error occurred during object enumeration.             
Class: SPACES_PhysicalDisk             
Error Code: 28"
"13-08-2026 11:39:49","1002","Information","Microsoft-Windows-StorageManagement-WSP-Host","Shutdown has been initiated for the Windows Storage Provider host service."
"13-08-2026 11:39:49","8","Information","Microsoft-Windows-StorageManagement","The Windows Storage Management WMI Provider was loaded.                    
Load time (milliseconds): 0"
"13-08-2026 11:24:49","9","Information","Microsoft-Windows-StorageManagement","A Windows Storage Management WMI enumeration operation was performed.                   
Class: MSFT_PhysicalDisk                   
ResultCount: 1                   
Operation time (milliseconds): 62"
"13-08-2026 11:24:49","8","Information","Microsoft-Windows-StorageManagement","The Windows Storage Management WMI Provider was loaded.                    
Load time (milliseconds): 0"
"13-08-2026 11:09:49","9","Information","Microsoft-Windows-StorageManagement","A Windows Storage Management WMI enumeration operation was performed.                   
Class: MSFT_PhysicalDisk                   
ResultCount: 1                   
Operation time (milliseconds): 31"
"13-08-2026 11:09:49","7","Information","Microsoft-Windows-StorageManagement","The Windows Storage Provider host service was started successfully.                    
Start time (milliseconds): 156"
"13-08-2026 11:09:49","1001","Information","Microsoft-Windows-StorageManagement-WSP-Host","A Windows Storage Provider was loaded successfully.             
Provider: wsp_health             
Provider DLL: wsp_health.dll"
"13-08-2026 11:09:49","1001","Information","Microsoft-Windows-StorageManagement-WSP-Host","A Windows Storage Provider was loaded successfully.             
Provider: wsp_sr             
Provider DLL: wsp_sr.dll"
"13-08-2026 11:09:49","1001","Information","Microsoft-Windows-StorageManagement-WSP-Host","A Windows Storage Provider was loaded successfully.             
Provider: wsp_fs             
Provider DLL: wsp_fs.dll"
"13-08-2026 11:09:49","1001","Information","Microsoft-Windows-StorageManagement-WSP-Host","A Windows Storage Provider was loaded successfully.             
Provider: MISpace             
Provider DLL: mispace.dll"
"13-08-2026 11:09:49","2010","Information","Microsoft-Windows-StorageManagement-WSP-Spaces","The Windows Storage Spaces and Disk provider was loaded.             
Load time (milliseconds): 15             
Miresult: 0"
"13-08-2026 11:09:49","2023","Information","Microsoft-Windows-StorageManagement-WSP-Spaces","Successfully initialized the Storage Management Provider.             
Function: CSpProvider::Initialize             
Duration (milliseconds): 6"
"13-08-2026 11:09:49","2027","Information","Microsoft-Windows-StorageManagement-WSP-Spaces","Successfully initialized Extended Storage Spaces API.             
Function: SuInitializeEx             
Duration (milliseconds): 0"
"13-08-2026 11:09:49","8","Information","Microsoft-Windows-StorageManagement","The Windows Storage Management WMI Provider was loaded.                    
Load time (milliseconds): 0"
"13-08-2026 10:54:49","1003","Information","Microsoft-Windows-StorageManagement-WSP-Host","Shutdown for the Windows Storage Provider host service has been completed."
"13-08-2026 10:54:49","2025","Information","Microsoft-Windows-StorageManagement-WSP-Spaces","Successfully cleaned up the Storage Management Provider.             
Function: CSpProvider::Cleanup             
Duration (milliseconds): 4"
"13-08-2026 10:54:49","2029","Information","Microsoft-Windows-StorageManagement-WSP-Spaces","Successfully cleaned up Extended Storage Spaces API.             
Function: SuCleanupEx             
Duration (milliseconds): 0"
"13-08-2026 10:54:49","9","Information","Microsoft-Windows-StorageManagement","A Windows Storage Management WMI enumeration operation was performed.                   
Class: MSFT_PhysicalDisk                   
ResultCount: 0                   
Operation time (milliseconds): 47"
"13-08-2026 10:54:49","2007","Error","Microsoft-Windows-StorageManagement-WSP-Spaces","An error occurred during object enumeration.             
Class: SPACES_PhysicalDisk             
Error Code: 28"
"13-08-2026 10:54:49","1002","Information","Microsoft-Windows-StorageManagement-WSP-Host","Shutdown has been initiated for the Windows Storage Provider host service."
"13-08-2026 10:54:49","8","Information","Microsoft-Windows-StorageManagement","The Windows Storage Management WMI Provider was loaded.                    
Load time (milliseconds): 0"
"13-08-2026 10:39:49","9","Information","Microsoft-Windows-StorageManagement","A Windows Storage Management WMI enumeration operation was performed.                   
Class: MSFT_PhysicalDisk                   
ResultCount: 1                   
Operation time (milliseconds): 63"
"13-08-2026 10:39:49","8","Information","Microsoft-Windows-StorageManagement","The Windows Storage Management WMI Provider was loaded.                    
Load time (milliseconds): 0"
"13-08-2026 10:24:49","9","Information","Microsoft-Windows-StorageManagement","A Windows Storage Management WMI enumeration operation was performed.                   
Class: MSFT_PhysicalDisk                   
ResultCount: 1                   
Operation time (milliseconds): 78"
"13-08-2026 10:24:49","8","Information","Microsoft-Windows-StorageManagement","The Windows Storage Management WMI Provider was loaded.                    
Load time (milliseconds): 0"
"13-08-2026 10:09:50","9","Information","Microsoft-Windows-StorageManagement","A Windows Storage Management WMI enumeration operation was performed.                   
Class: MSFT_PhysicalDisk                   
ResultCount: 1                   
Operation time (milliseconds): 62"
"13-08-2026 10:09:49","7","Information","Microsoft-Windows-StorageManagement","The Windows Storage Provider host service was started successfully.                    
Start time (milliseconds): 141"
"13-08-2026 10:09:49","1001","Information","Microsoft-Windows-StorageManagement-WSP-Host","A Windows Storage Provider was loaded successfully.             
Provider: wsp_health             
Provider DLL: wsp_health.dll"
"13-08-2026 10:09:49","1001","Information","Microsoft-Windows-StorageManagement-WSP-Host","A Windows Storage Provider was loaded successfully.             
Provider: wsp_sr             
Provider DLL: wsp_sr.dll"
"13-08-2026 10:09:49","1001","Information","Microsoft-Windows-StorageManagement-WSP-Host","A Windows Storage Provider was loaded successfully.             
Provider: wsp_fs             
Provider DLL: wsp_fs.dll"
"13-08-2026 10:09:49","1001","Information","Microsoft-Windows-StorageManagement-WSP-Host","A Windows Storage Provider was loaded successfully.             
Provider: MISpace             
Provider DLL: mispace.dll"
"13-08-2026 10:09:49","2010","Information","Microsoft-Windows-StorageManagement-WSP-Spaces","The Windows Storage Spaces and Disk provider was loaded.             
Load time (milliseconds): 15             
Miresult: 0"
"13-08-2026 10:09:49","2023","Information","Microsoft-Windows-StorageManagement-WSP-Spaces","Successfully initialized the Storage Management Provider.             
Function: CSpProvider::Initialize             
Duration (milliseconds): 6"
"13-08-2026 10:09:49","2027","Information","Microsoft-Windows-StorageManagement-WSP-Spaces","Successfully initialized Extended Storage Spaces API.             
Function: SuInitializeEx             
Duration (milliseconds): 0"
"13-08-2026 10:09:49","1003","Information","Microsoft-Windows-StorageManagement-WSP-Host","Shutdown for the Windows Storage Provider host service has been completed."
"13-08-2026 10:09:49","2025","Information","Microsoft-Windows-StorageManagement-WSP-Spaces","Successfully cleaned up the Storage Management Provider.             
Function: CSpProvider::Cleanup             
Duration (milliseconds): 4"
"13-08-2026 10:09:49","2029","Information","Microsoft-Windows-StorageManagement-WSP-Spaces","Successfully cleaned up Extended Storage Spaces API.             
Function: SuCleanupEx             
Duration (milliseconds): 0"
"13-08-2026 10:09:49","1002","Information","Microsoft-Windows-StorageManagement-WSP-Host","Shutdown has been initiated for the Windows Storage Provider host service."
"13-08-2026 10:09:49","8","Information","Microsoft-Windows-StorageManagement","The Windows Storage Management WMI Provider was loaded.                    
Load time (milliseconds): 0"
"13-08-2026 09:54:49","9","Information","Microsoft-Windows-StorageManagement","A Windows Storage Management WMI enumeration operation was performed.                   
Class: MSFT_PhysicalDisk                   
ResultCount: 1                   
Operation time (milliseconds): 63"
"13-08-2026 09:54:49","8","Information","Microsoft-Windows-StorageManagement","The Windows Storage Management WMI Provider was loaded.                    
Load time (milliseconds): 0"
"13-08-2026 09:39:49","9","Information","Microsoft-Windows-StorageManagement","A Windows Storage Management WMI enumeration operation was performed.                   
Class: MSFT_PhysicalDisk                   
ResultCount: 1                   
Operation time (milliseconds): 62"
"13-08-2026 09:39:49","7","Information","Microsoft-Windows-StorageManagement","The Windows Storage Provider host service was started successfully.                    
Start time (milliseconds): 141"
"13-08-2026 09:39:49","1001","Information","Microsoft-Windows-StorageManagement-WSP-Host","A Windows Storage Provider was loaded successfully.             
Provider: wsp_health             
Provider DLL: wsp_health.dll"
"13-08-2026 09:39:49","1001","Information","Microsoft-Windows-StorageManagement-WSP-Host","A Windows Storage Provider was loaded successfully.             
Provider: wsp_sr             
Provider DLL: wsp_sr.dll"
"13-08-2026 09:39:49","1001","Information","Microsoft-Windows-StorageManagement-WSP-Host","A Windows Storage Provider was loaded successfully.             
Provider: wsp_fs             
Provider DLL: wsp_fs.dll"
"13-08-2026 09:39:49","1001","Information","Microsoft-Windows-StorageManagement-WSP-Host","A Windows Storage Provider was loaded successfully.             
Provider: MISpace             
Provider DLL: mispace.dll"
"13-08-2026 09:39:49","2010","Information","Microsoft-Windows-StorageManagement-WSP-Spaces","The Windows Storage Spaces and Disk provider was loaded.             
Load time (milliseconds): 0             
Miresult: 0"
"13-08-2026 09:39:49","2023","Information","Microsoft-Windows-StorageManagement-WSP-Spaces","Successfully initialized the Storage Management Provider.             
Function: CSpProvider::Initialize             
Duration (milliseconds): 5"
"13-08-2026 09:39:49","2027","Information","Microsoft-Windows-StorageManagement-WSP-Spaces","Successfully initialized Extended Storage Spaces API.             
Function: SuInitializeEx             
Duration (milliseconds): 0"
"13-08-2026 09:39:49","1003","Information","Microsoft-Windows-StorageManagement-WSP-Host","Shutdown for the Windows Storage Provider host service has been completed."
"13-08-2026 09:39:49","2025","Information","Microsoft-Windows-StorageManagement-WSP-Spaces","Successfully cleaned up the Storage Management Provider.             
Function: CSpProvider::Cleanup             
Duration (milliseconds): 4"
"13-08-2026 09:39:49","2029","Information","Microsoft-Windows-StorageManagement-WSP-Spaces","Successfully cleaned up Extended Storage Spaces API.             
Function: SuCleanupEx             
Duration (milliseconds): 0"
"13-08-2026 09:39:49","8","Information","Microsoft-Windows-StorageManagement","The Windows Storage Management WMI Provider was loaded.                    
Load time (milliseconds): 0"
"13-08-2026 09:39:49","1002","Information","Microsoft-Windows-StorageManagement-WSP-Host","Shutdown has been initiated for the Windows Storage Provider host service."
"13-08-2026 09:24:49","9","Information","Microsoft-Windows-StorageManagement","A Windows Storage Management WMI enumeration operation was performed.                   
Class: MSFT_PhysicalDisk                   
ResultCount: 1                   
Operation time (milliseconds): 15"
"13-08-2026 09:24:11","9","Information","Microsoft-Windows-StorageManagement","A Windows Storage Management WMI enumeration operation was performed.                   
Class: MSFT_PhysicalDisk                   
ResultCount: 1                   
Operation time (milliseconds): 78"
"13-08-2026 09:24:11","8","Information","Microsoft-Windows-StorageManagement","The Windows Storage Management WMI Provider was loaded.                    
Load time (milliseconds): 0"
"13-08-2026 09:14:05","9","Information","Microsoft-Windows-StorageManagement","A Windows Storage Management WMI enumeration operation was performed.                   
Class: MSFT_Partition                   
ResultCount: 4                   
Operation time (milliseconds): 16"
"13-08-2026 09:14:05","9","Information","Microsoft-Windows-StorageManagement","A Windows Storage Management WMI enumeration operation was performed.                   
Class: MSFT_Partition                   
ResultCount: 4                   
Operation time (milliseconds): 31"
"13-08-2026 09:13:58","9","Information","Microsoft-Windows-StorageManagement","A Windows Storage Management WMI enumeration operation was performed.                   
Class: MSFT_PhysicalDisk                   
ResultCount: 1                   
Operation time (milliseconds): 16"
"13-08-2026 09:13:36","9","Information","Microsoft-Windows-StorageManagement","A Windows Storage Management WMI enumeration operation was performed.                   
Class: MSFT_Partition                   
ResultCount: 4                   
Operation time (milliseconds): 140"
"13-08-2026 09:13:36","8","Information","Microsoft-Windows-StorageManagement","The Windows Storage Management WMI Provider was loaded.                    
Load time (milliseconds): 0"
"12-08-2026 20:21:28","9","Information","Microsoft-Windows-StorageManagement","A Windows Storage Management WMI enumeration operation was performed.                   
Class: MSFT_PhysicalDisk                   
ResultCount: 1                   
Operation time (milliseconds): 125"
"12-08-2026 20:21:28","8","Information","Microsoft-Windows-StorageManagement","The Windows Storage Management WMI Provider was loaded.                    
Load time (milliseconds): 0"
"12-08-2026 20:06:28","9","Information","Microsoft-Windows-StorageManagement","A Windows Storage Management WMI enumeration operation was performed.                   
Class: MSFT_PhysicalDisk                   
ResultCount: 1                   
Operation time (milliseconds): 125"
"12-08-2026 20:06:28","8","Information","Microsoft-Windows-StorageManagement","The Windows Storage Management WMI Provider was loaded.                    
Load time (milliseconds): 0"
"12-08-2026 19:51:28","9","Information","Microsoft-Windows-StorageManagement","A Windows Storage Management WMI enumeration operation was performed.                   
Class: MSFT_PhysicalDisk                   
ResultCount: 1                   
Operation time (milliseconds): 110"
"12-08-2026 19:51:28","7","Information","Microsoft-Windows-StorageManagement","The Windows Storage Provider host service was started successfully.                    
Start time (milliseconds): 359"
"12-08-2026 19:51:28","1001","Information","Microsoft-Windows-StorageManagement-WSP-Host","A Windows Storage Provider was loaded successfully.             
Provider: wsp_health             
Provider DLL: wsp_health.dll"
"12-08-2026 19:51:28","1001","Information","Microsoft-Windows-StorageManagement-WSP-Host","A Windows Storage Provider was loaded successfully.             
Provider: wsp_sr             
Provider DLL: wsp_sr.dll"
"12-08-2026 19:51:28","1001","Information","Microsoft-Windows-StorageManagement-WSP-Host","A Windows Storage Provider was loaded successfully.             
Provider: wsp_fs             
Provider DLL: wsp_fs.dll"
"12-08-2026 19:51:28","1001","Information","Microsoft-Windows-StorageManagement-WSP-Host","A Windows Storage Provider was loaded successfully.             
Provider: MISpace             
Provider DLL: mispace.dll"
"12-08-2026 19:51:28","2010","Information","Microsoft-Windows-StorageManagement-WSP-Spaces","The Windows Storage Spaces and Disk provider was loaded.             
Load time (milliseconds): 31             
Miresult: 0"
"12-08-2026 19:51:28","2023","Information","Microsoft-Windows-StorageManagement-WSP-Spaces","Successfully initialized the Storage Management Provider.             
Function: CSpProvider::Initialize             
Duration (milliseconds): 19"
"12-08-2026 19:51:28","2027","Information","Microsoft-Windows-StorageManagement-WSP-Spaces","Successfully initialized Extended Storage Spaces API.             
Function: SuInitializeEx             
Duration (milliseconds): 1"
"12-08-2026 19:51:28","1003","Information","Microsoft-Windows-StorageManagement-WSP-Host","Shutdown for the Windows Storage Provider host service has been completed."
"12-08-2026 19:51:28","2025","Information","Microsoft-Windows-StorageManagement-WSP-Spaces","Successfully cleaned up the Storage Management Provider.             
Function: CSpProvider::Cleanup             
Duration (milliseconds): 2"
"12-08-2026 19:51:28","2029","Information","Microsoft-Windows-StorageManagement-WSP-Spaces","Successfully cleaned up Extended Storage Spaces API.             
Function: SuCleanupEx             
Duration (milliseconds): 0"
"12-08-2026 19:51:28","8","Information","Microsoft-Windows-StorageManagement","The Windows Storage Management WMI Provider was loaded.                    
Load time (milliseconds): 0"
"12-08-2026 19:51:28","1002","Information","Microsoft-Windows-StorageManagement-WSP-Host","Shutdown has been initiated for the Windows Storage Provider host service."
"12-08-2026 19:36:28","9","Information","Microsoft-Windows-StorageManagement","A Windows Storage Management WMI enumeration operation was performed.                   
Class: MSFT_PhysicalDisk                   
ResultCount: 1                   
Operation time (milliseconds): 109"
"12-08-2026 19:36:28","8","Information","Microsoft-Windows-StorageManagement","The Windows Storage Management WMI Provider was loaded.                    
Load time (milliseconds): 0"
"12-08-2026 19:21:28","9","Information","Microsoft-Windows-StorageManagement","A Windows Storage Management WMI enumeration operation was performed.                   
Class: MSFT_PhysicalDisk                   
ResultCount: 1                   
Operation time (milliseconds): 110"
"12-08-2026 19:21:28","7","Information","Microsoft-Windows-StorageManagement","The Windows Storage Provider host service was started successfully.                    
Start time (milliseconds): 406"
"12-08-2026 19:21:28","1001","Information","Microsoft-Windows-StorageManagement-WSP-Host","A Windows Storage Provider was loaded successfully.             
Provider: wsp_health             
Provider DLL: wsp_health.dll"
"12-08-2026 19:21:28","1001","Information","Microsoft-Windows-StorageManagement-WSP-Host","A Windows Storage Provider was loaded successfully.             
Provider: wsp_sr             
Provider DLL: wsp_sr.dll"
"12-08-2026 19:21:28","1001","Information","Microsoft-Windows-StorageManagement-WSP-Host","A Windows Storage Provider was loaded successfully.             
Provider: wsp_fs             
Provider DLL: wsp_fs.dll"
"12-08-2026 19:21:28","1001","Information","Microsoft-Windows-StorageManagement-WSP-Host","A Windows Storage Provider was loaded successfully.             
Provider: MISpace             
Provider DLL: mispace.dll"
"12-08-2026 19:21:28","2010","Information","Microsoft-Windows-StorageManagement-WSP-Spaces","The Windows Storage Spaces and Disk provider was loaded.             
Load time (milliseconds): 31             
Miresult: 0"
"12-08-2026 19:21:28","2023","Information","Microsoft-Windows-StorageManagement-WSP-Spaces","Successfully initialized the Storage Management Provider.             
Function: CSpProvider::Initialize             
Duration (milliseconds): 25"
"12-08-2026 19:21:28","2027","Information","Microsoft-Windows-StorageManagement-WSP-Spaces","Successfully initialized Extended Storage Spaces API.             
Function: SuInitializeEx             
Duration (milliseconds): 1"
"12-08-2026 19:21:28","8","Information","Microsoft-Windows-StorageManagement","The Windows Storage Management WMI Provider was loaded.                    
Load time (milliseconds): 0"
"12-08-2026 19:06:28","1003","Information","Microsoft-Windows-StorageManagement-WSP-Host","Shutdown for the Windows Storage Provider host service has been completed."
"12-08-2026 19:06:28","2025","Information","Microsoft-Windows-StorageManagement-WSP-Spaces","Successfully cleaned up the Storage Management Provider.             
Function: CSpProvider::Cleanup             
Duration (milliseconds): 5"
"12-08-2026 19:06:28","2029","Information","Microsoft-Windows-StorageManagement-WSP-Spaces","Successfully cleaned up Extended Storage Spaces API.             
Function: SuCleanupEx             
Duration (milliseconds): 0"
"12-08-2026 19:06:28","9","Information","Microsoft-Windows-StorageManagement","A Windows Storage Management WMI enumeration operation was performed.                   
Class: MSFT_PhysicalDisk                   
ResultCount: 0                   
Operation time (milliseconds): 63"
"12-08-2026 19:06:28","2007","Error","Microsoft-Windows-StorageManagement-WSP-Spaces","An error occurred during object enumeration.             
Class: SPACES_PhysicalDisk             
Error Code: 28"
"12-08-2026 19:06:28","1002","Information","Microsoft-Windows-StorageManagement-WSP-Host","Shutdown has been initiated for the Windows Storage Provider host service."
"12-08-2026 19:06:28","8","Information","Microsoft-Windows-StorageManagement","The Windows Storage Management WMI Provider was loaded.                    
Load time (milliseconds): 0"
"12-08-2026 18:51:28","9","Information","Microsoft-Windows-StorageManagement","A Windows Storage Management WMI enumeration operation was performed.                   
Class: MSFT_PhysicalDisk                   
ResultCount: 1                   
Operation time (milliseconds): 78"
"12-08-2026 18:51:28","8","Information","Microsoft-Windows-StorageManagement","The Windows Storage Management WMI Provider was loaded.                    
Load time (milliseconds): 0"
"12-08-2026 18:36:28","9","Information","Microsoft-Windows-StorageManagement","A Windows Storage Management WMI enumeration operation was performed.                   
Class: MSFT_PhysicalDisk                   
ResultCount: 1                   
Operation time (milliseconds): 78"
"12-08-2026 18:36:28","8","Information","Microsoft-Windows-StorageManagement","The Windows Storage Management WMI Provider was loaded.                    
Load time (milliseconds): 0"
"12-08-2026 18:21:28","9","Information","Microsoft-Windows-StorageManagement","A Windows Storage Management WMI enumeration operation was performed.                   
Class: MSFT_PhysicalDisk                   
ResultCount: 1                   
Operation time (milliseconds): 94"
"12-08-2026 18:21:28","7","Information","Microsoft-Windows-StorageManagement","The Windows Storage Provider host service was started successfully.                    
Start time (milliseconds): 281"
"12-08-2026 18:21:28","1001","Information","Microsoft-Windows-StorageManagement-WSP-Host","A Windows Storage Provider was loaded successfully.             
Provider: wsp_health             
Provider DLL: wsp_health.dll"
"12-08-2026 18:21:28","1001","Information","Microsoft-Windows-StorageManagement-WSP-Host","A Windows Storage Provider was loaded successfully.             
Provider: wsp_sr             
Provider DLL: wsp_sr.dll"
"12-08-2026 18:21:28","1001","Information","Microsoft-Windows-StorageManagement-WSP-Host","A Windows Storage Provider was loaded successfully.             
Provider: wsp_fs             
Provider DLL: wsp_fs.dll"
"12-08-2026 18:21:28","1001","Information","Microsoft-Windows-StorageManagement-WSP-Host","A Windows Storage Provider was loaded successfully.             
Provider: MISpace             
Provider DLL: mispace.dll"
"12-08-2026 18:21:28","2010","Information","Microsoft-Windows-StorageManagement-WSP-Spaces","The Windows Storage Spaces and Disk provider was loaded.             
Load time (milliseconds): 16             
Miresult: 0"
"12-08-2026 18:21:28","2023","Information","Microsoft-Windows-StorageManagement-WSP-Spaces","Successfully initialized the Storage Management Provider.             
Function: CSpProvider::Initialize             
Duration (milliseconds): 13"
"12-08-2026 18:21:28","2027","Information","Microsoft-Windows-StorageManagement-WSP-Spaces","Successfully initialized Extended Storage Spaces API.             
Function: SuInitializeEx             
Duration (milliseconds): 0"
"12-08-2026 18:21:28","1003","Information","Microsoft-Windows-StorageManagement-WSP-Host","Shutdown for the Windows Storage Provider host service has been completed."
"12-08-2026 18:21:28","2025","Information","Microsoft-Windows-StorageManagement-WSP-Spaces","Successfully cleaned up the Storage Management Provider.             
Function: CSpProvider::Cleanup             
Duration (milliseconds): 1"
"12-08-2026 18:21:28","2029","Information","Microsoft-Windows-StorageManagement-WSP-Spaces","Successfully cleaned up Extended Storage Spaces API.             
Function: SuCleanupEx             
Duration (milliseconds): 0"
"12-08-2026 18:21:28","1002","Information","Microsoft-Windows-StorageManagement-WSP-Host","Shutdown has been initiated for the Windows Storage Provider host service."
"12-08-2026 18:21:28","8","Information","Microsoft-Windows-StorageManagement","The Windows Storage Management WMI Provider was loaded.                    
Load time (milliseconds): 0"
"12-08-2026 18:06:28","9","Information","Microsoft-Windows-StorageManagement","A Windows Storage Management WMI enumeration operation was performed.                   
Class: MSFT_PhysicalDisk                   
ResultCount: 1                   
Operation time (milliseconds): 78"
"12-08-2026 18:06:28","8","Information","Microsoft-Windows-StorageManagement","The Windows Storage Management WMI Provider was loaded.                    
Load time (milliseconds): 0"
"12-08-2026 17:51:28","9","Information","Microsoft-Windows-StorageManagement","A Windows Storage Management WMI enumeration operation was performed.                   
Class: MSFT_PhysicalDisk                   
ResultCount: 1                   
Operation time (milliseconds): 79"
"12-08-2026 17:51:28","7","Information","Microsoft-Windows-StorageManagement","The Windows Storage Provider host service was started successfully.                    
Start time (milliseconds): 281"
"12-08-2026 17:51:28","1001","Information","Microsoft-Windows-StorageManagement-WSP-Host","A Windows Storage Provider was loaded successfully.             
Provider: wsp_health             
Provider DLL: wsp_health.dll"
"12-08-2026 17:51:28","1001","Information","Microsoft-Windows-StorageManagement-WSP-Host","A Windows Storage Provider was loaded successfully.             
Provider: wsp_sr             
Provider DLL: wsp_sr.dll"
"12-08-2026 17:51:28","1001","Information","Microsoft-Windows-StorageManagement-WSP-Host","A Windows Storage Provider was loaded successfully.             
Provider: wsp_fs             
Provider DLL: wsp_fs.dll"
"12-08-2026 17:51:28","1001","Information","Microsoft-Windows-StorageManagement-WSP-Host","A Windows Storage Provider was loaded successfully.             
Provider: MISpace             
Provider DLL: mispace.dll"
"12-08-2026 17:51:28","2010","Information","Microsoft-Windows-StorageManagement-WSP-Spaces","The Windows Storage Spaces and Disk provider was loaded.             
Load time (milliseconds): 0             
Miresult: 0"
"12-08-2026 17:51:28","2023","Information","Microsoft-Windows-StorageManagement-WSP-Spaces","Successfully initialized the Storage Management Provider.             
Function: CSpProvider::Initialize             
Duration (milliseconds): 10"
"12-08-2026 17:51:28","2027","Information","Microsoft-Windows-StorageManagement-WSP-Spaces","Successfully initialized Extended Storage Spaces API.             
Function: SuInitializeEx             
Duration (milliseconds): 0"
"12-08-2026 17:51:28","1003","Information","Microsoft-Windows-StorageManagement-WSP-Host","Shutdown for the Windows Storage Provider host service has been completed."
"12-08-2026 17:51:28","2025","Information","Microsoft-Windows-StorageManagement-WSP-Spaces","Successfully cleaned up the Storage Management Provider.             
Function: CSpProvider::Cleanup             
Duration (milliseconds): 2"
"12-08-2026 17:51:28","2029","Information","Microsoft-Windows-StorageManagement-WSP-Spaces","Successfully cleaned up Extended Storage Spaces API.             
Function: SuCleanupEx             
Duration (milliseconds): 0"
"12-08-2026 17:51:28","1002","Information","Microsoft-Windows-StorageManagement-WSP-Host","Shutdown has been initiated for the Windows Storage Provider host service."
"12-08-2026 17:51:28","8","Information","Microsoft-Windows-StorageManagement","The Windows Storage Management WMI Provider was loaded.                    
Load time (milliseconds): 0"
"12-08-2026 17:36:28","9","Information","Microsoft-Windows-StorageManagement","A Windows Storage Management WMI enumeration operation was performed.                   
Class: MSFT_PhysicalDisk                   
ResultCount: 1                   
Operation time (milliseconds): 62"
"12-08-2026 17:36:28","8","Information","Microsoft-Windows-StorageManagement","The Windows Storage Management WMI Provider was loaded.                    
Load time (milliseconds): 0"
"12-08-2026 17:21:28","9","Information","Microsoft-Windows-StorageManagement","A Windows Storage Management WMI enumeration operation was performed.                   
Class: MSFT_PhysicalDisk                   
ResultCount: 1                   
Operation time (milliseconds): 110"
"12-08-2026 17:21:28","8","Information","Microsoft-Windows-StorageManagement","The Windows Storage Management WMI Provider was loaded.                    
Load time (milliseconds): 0"
"12-08-2026 17:06:28","9","Information","Microsoft-Windows-StorageManagement","A Windows Storage Management WMI enumeration operation was performed.                   
Class: MSFT_PhysicalDisk                   
ResultCount: 1                   
Operation time (milliseconds): 109"
"12-08-2026 17:06:28","7","Information","Microsoft-Windows-StorageManagement","The Windows Storage Provider host service was started successfully.                    
Start time (milliseconds): 359"
"12-08-2026 17:06:28","1001","Information","Microsoft-Windows-StorageManagement-WSP-Host","A Windows Storage Provider was loaded successfully.             
Provider: wsp_health             
Provider DLL: wsp_health.dll"
"12-08-2026 17:06:28","1001","Information","Microsoft-Windows-StorageManagement-WSP-Host","A Windows Storage Provider was loaded successfully.             
Provider: wsp_sr             
Provider DLL: wsp_sr.dll"
"12-08-2026 17:06:28","1001","Information","Microsoft-Windows-StorageManagement-WSP-Host","A Windows Storage Provider was loaded successfully.             
Provider: wsp_fs             
Provider DLL: wsp_fs.dll"
"12-08-2026 17:06:28","1001","Information","Microsoft-Windows-StorageManagement-WSP-Host","A Windows Storage Provider was loaded successfully.             
Provider: MISpace             
Provider DLL: mispace.dll"
"12-08-2026 17:06:28","2010","Information","Microsoft-Windows-StorageManagement-WSP-Spaces","The Windows Storage Spaces and Disk provider was loaded.             
Load time (milliseconds): 31             
Miresult: 0"
"12-08-2026 17:06:28","2023","Information","Microsoft-Windows-StorageManagement-WSP-Spaces","Successfully initialized the Storage Management Provider.             
Function: CSpProvider::Initialize             
Duration (milliseconds): 18"
"12-08-2026 17:06:28","2027","Information","Microsoft-Windows-StorageManagement-WSP-Spaces","Successfully initialized Extended Storage Spaces API.             
Function: SuInitializeEx             
Duration (milliseconds): 0"
"12-08-2026 17:06:28","1003","Information","Microsoft-Windows-StorageManagement-WSP-Host","Shutdown for the Windows Storage Provider host service has been completed."
"12-08-2026 17:06:28","2025","Information","Microsoft-Windows-StorageManagement-WSP-Spaces","Successfully cleaned up the Storage Management Provider.             
Function: CSpProvider::Cleanup             
Duration (milliseconds): 4"
"12-08-2026 17:06:28","2029","Information","Microsoft-Windows-StorageManagement-WSP-Spaces","Successfully cleaned up Extended Storage Spaces API.             
Function: SuCleanupEx             
Duration (milliseconds): 0"
"12-08-2026 17:06:28","1002","Information","Microsoft-Windows-StorageManagement-WSP-Host","Shutdown has been initiated for the Windows Storage Provider host service."
"12-08-2026 17:06:28","8","Information","Microsoft-Windows-StorageManagement","The Windows Storage Management WMI Provider was loaded.                    
Load time (milliseconds): 0"
"12-08-2026 16:51:28","9","Information","Microsoft-Windows-StorageManagement","A Windows Storage Management WMI enumeration operation was performed.                   
Class: MSFT_PhysicalDisk                   
ResultCount: 1                   
Operation time (milliseconds): 110"
"12-08-2026 16:51:28","8","Information","Microsoft-Windows-StorageManagement","The Windows Storage Management WMI Provider was loaded.                    
Load time (milliseconds): 0"
"12-08-2026 16:36:28","9","Information","Microsoft-Windows-StorageManagement","A Windows Storage Management WMI enumeration operation was performed.                   
Class: MSFT_PhysicalDisk                   
ResultCount: 1                   
Operation time (milliseconds): 141"
"12-08-2026 16:36:28","8","Information","Microsoft-Windows-StorageManagement","The Windows Storage Management WMI Provider was loaded.                    
Load time (milliseconds): 0"
"12-08-2026 16:21:28","9","Information","Microsoft-Windows-StorageManagement","A Windows Storage Management WMI enumeration operation was performed.                   
Class: MSFT_PhysicalDisk                   
ResultCount: 1                   
Operation time (milliseconds): 109"
"12-08-2026 16:21:28","8","Information","Microsoft-Windows-StorageManagement","The Windows Storage Management WMI Provider was loaded.                    
Load time (milliseconds): 0"
"12-08-2026 16:06:28","9","Information","Microsoft-Windows-StorageManagement","A Windows Storage Management WMI enumeration operation was performed.                   
Class: MSFT_PhysicalDisk                   
ResultCount: 1                   
Operation time (milliseconds): 110"
"12-08-2026 16:06:28","7","Information","Microsoft-Windows-StorageManagement","The Windows Storage Provider host service was started successfully.                    
Start time (milliseconds): 390"
"12-08-2026 16:06:28","1001","Information","Microsoft-Windows-StorageManagement-WSP-Host","A Windows Storage Provider was loaded successfully.             
Provider: wsp_health             
Provider DLL: wsp_health.dll"
"12-08-2026 16:06:28","1001","Information","Microsoft-Windows-StorageManagement-WSP-Host","A Windows Storage Provider was loaded successfully.             
Provider: wsp_sr             
Provider DLL: wsp_sr.dll"
"12-08-2026 16:06:28","1001","Information","Microsoft-Windows-StorageManagement-WSP-Host","A Windows Storage Provider was loaded successfully.             
Provider: wsp_fs             
Provider DLL: wsp_fs.dll"
"12-08-2026 16:06:28","1001","Information","Microsoft-Windows-StorageManagement-WSP-Host","A Windows Storage Provider was loaded successfully.             
Provider: MISpace             
Provider DLL: mispace.dll"
"12-08-2026 16:06:28","2010","Information","Microsoft-Windows-StorageManagement-WSP-Spaces","The Windows Storage Spaces and Disk provider was loaded.             
Load time (milliseconds): 16             
Miresult: 0"
"12-08-2026 16:06:28","2023","Information","Microsoft-Windows-StorageManagement-WSP-Spaces","Successfully initialized the Storage Management Provider.             
Function: CSpProvider::Initialize             
Duration (milliseconds): 13"
"12-08-2026 16:06:28","2027","Information","Microsoft-Windows-StorageManagement-WSP-Spaces","Successfully initialized Extended Storage Spaces API.             
Function: SuInitializeEx             
Duration (milliseconds): 1"
"12-08-2026 16:06:28","1003","Information","Microsoft-Windows-StorageManagement-WSP-Host","Shutdown for the Windows Storage Provider host service has been completed."
"12-08-2026 16:06:28","2025","Information","Microsoft-Windows-StorageManagement-WSP-Spaces","Successfully cleaned up the Storage Management Provider.             
Function: CSpProvider::Cleanup             
Duration (milliseconds): 5"
"12-08-2026 16:06:28","2029","Information","Microsoft-Windows-StorageManagement-WSP-Spaces","Successfully cleaned up Extended Storage Spaces API.             
Function: SuCleanupEx             
Duration (milliseconds): 0"
"12-08-2026 16:06:28","1002","Information","Microsoft-Windows-StorageManagement-WSP-Host","Shutdown has been initiated for the Windows Storage Provider host service."
"12-08-2026 16:06:28","8","Information","Microsoft-Windows-StorageManagement","The Windows Storage Management WMI Provider was loaded.                    
Load time (milliseconds): 0"
"12-08-2026 15:51:28","9","Information","Microsoft-Windows-StorageManagement","A Windows Storage Management WMI enumeration operation was performed.                   
Class: MSFT_PhysicalDisk                   
ResultCount: 1                   
Operation time (milliseconds): 78"
"12-08-2026 15:51:28","8","Information","Microsoft-Windows-StorageManagement","The Windows Storage Management WMI Provider was loaded.                    
Load time (milliseconds): 0"
"12-08-2026 15:36:28","9","Information","Microsoft-Windows-StorageManagement","A Windows Storage Management WMI enumeration operation was performed.                   
Class: MSFT_PhysicalDisk                   
ResultCount: 1                   
Operation time (milliseconds): 79"
"12-08-2026 15:36:28","8","Information","Microsoft-Windows-StorageManagement","The Windows Storage Management WMI Provider was loaded.                    
Load time (milliseconds): 0"
"12-08-2026 15:21:28","9","Information","Microsoft-Windows-StorageManagement","A Windows Storage Management WMI enumeration operation was performed.                   
Class: MSFT_PhysicalDisk                   
ResultCount: 1                   
Operation time (milliseconds): 125"
"12-08-2026 15:21:28","7","Information","Microsoft-Windows-StorageManagement","The Windows Storage Provider host service was started successfully.                    
Start time (milliseconds): 375"
"12-08-2026 15:21:28","1001","Information","Microsoft-Windows-StorageManagement-WSP-Host","A Windows Storage Provider was loaded successfully.             
Provider: wsp_health             
Provider DLL: wsp_health.dll"
"12-08-2026 15:21:28","1001","Information","Microsoft-Windows-StorageManagement-WSP-Host","A Windows Storage Provider was loaded successfully.             
Provider: wsp_sr             
Provider DLL: wsp_sr.dll"
"12-08-2026 15:21:28","1001","Information","Microsoft-Windows-StorageManagement-WSP-Host","A Windows Storage Provider was loaded successfully.             
Provider: wsp_fs             
Provider DLL: wsp_fs.dll"
"12-08-2026 15:21:28","1001","Information","Microsoft-Windows-StorageManagement-WSP-Host","A Windows Storage Provider was loaded successfully.             
Provider: MISpace             
Provider DLL: mispace.dll"
"12-08-2026 15:21:28","2010","Information","Microsoft-Windows-StorageManagement-WSP-Spaces","The Windows Storage Spaces and Disk provider was loaded.             
Load time (milliseconds): 47             
Miresult: 0"
"12-08-2026 15:21:28","2023","Information","Microsoft-Windows-StorageManagement-WSP-Spaces","Successfully initialized the Storage Management Provider.             
Function: CSpProvider::Initialize             
Duration (milliseconds): 18"
"12-08-2026 15:21:28","2027","Information","Microsoft-Windows-StorageManagement-WSP-Spaces","Successfully initialized Extended Storage Spaces API.             
Function: SuInitializeEx             
Duration (milliseconds): 1"
"12-08-2026 15:21:28","1003","Information","Microsoft-Windows-StorageManagement-WSP-Host","Shutdown for the Windows Storage Provider host service has been completed."
"12-08-2026 15:21:28","2025","Information","Microsoft-Windows-StorageManagement-WSP-Spaces","Successfully cleaned up the Storage Management Provider.             
Function: CSpProvider::Cleanup             
Duration (milliseconds): 9"
"12-08-2026 15:21:28","2029","Information","Microsoft-Windows-StorageManagement-WSP-Spaces","Successfully cleaned up Extended Storage Spaces API.             
Function: SuCleanupEx             
Duration (milliseconds): 0"
"12-08-2026 15:21:28","8","Information","Microsoft-Windows-StorageManagement","The Windows Storage Management WMI Provider was loaded.                    
Load time (milliseconds): 0"
"12-08-2026 15:21:28","1002","Information","Microsoft-Windows-StorageManagement-WSP-Host","Shutdown has been initiated for the Windows Storage Provider host service."
"12-08-2026 15:06:28","9","Information","Microsoft-Windows-StorageManagement","A Windows Storage Management WMI enumeration operation was performed.                   
Class: MSFT_PhysicalDisk                   
ResultCount: 1                   
Operation time (milliseconds): 47"
"12-08-2026 15:06:28","8","Information","Microsoft-Windows-StorageManagement","The Windows Storage Management WMI Provider was loaded.                    
Load time (milliseconds): 0"
"12-08-2026 14:51:27","9","Information","Microsoft-Windows-StorageManagement","A Windows Storage Management WMI enumeration operation was performed.                   
Class: MSFT_PhysicalDisk                   
ResultCount: 1                   
Operation time (milliseconds): 140"
"12-08-2026 14:51:27","8","Information","Microsoft-Windows-StorageManagement","The Windows Storage Management WMI Provider was loaded.                    
Load time (milliseconds): 0"
"12-08-2026 14:36:27","9","Information","Microsoft-Windows-StorageManagement","A Windows Storage Management WMI enumeration operation was performed.                   
Class: MSFT_PhysicalDisk                   
ResultCount: 1                   
Operation time (milliseconds): 125"
"12-08-2026 14:36:27","7","Information","Microsoft-Windows-StorageManagement","The Windows Storage Provider host service was started successfully.                    
Start time (milliseconds): 359"
"12-08-2026 14:36:27","1001","Information","Microsoft-Windows-StorageManagement-WSP-Host","A Windows Storage Provider was loaded successfully.             
Provider: wsp_health             
Provider DLL: wsp_health.dll"
"12-08-2026 14:36:27","1001","Information","Microsoft-Windows-StorageManagement-WSP-Host","A Windows Storage Provider was loaded successfully.             
Provider: wsp_sr             
Provider DLL: wsp_sr.dll"
"12-08-2026 14:36:27","1001","Information","Microsoft-Windows-StorageManagement-WSP-Host","A Windows Storage Provider was loaded successfully.             
Provider: wsp_fs             
Provider DLL: wsp_fs.dll"
"12-08-2026 14:36:27","1001","Information","Microsoft-Windows-StorageManagement-WSP-Host","A Windows Storage Provider was loaded successfully.             
Provider: MISpace             
Provider DLL: mispace.dll"
"12-08-2026 14:36:27","2010","Information","Microsoft-Windows-StorageManagement-WSP-Spaces","The Windows Storage Spaces and Disk provider was loaded.             
Load time (milliseconds): 32             
Miresult: 0"
"12-08-2026 14:36:27","2023","Information","Microsoft-Windows-StorageManagement-WSP-Spaces","Successfully initialized the Storage Management Provider.             
Function: CSpProvider::Initialize             
Duration (milliseconds): 22"
"12-08-2026 14:36:27","2027","Information","Microsoft-Windows-StorageManagement-WSP-Spaces","Successfully initialized Extended Storage Spaces API.             
Function: SuInitializeEx             
Duration (milliseconds): 1"
"12-08-2026 14:36:27","1003","Information","Microsoft-Windows-StorageManagement-WSP-Host","Shutdown for the Windows Storage Provider host service has been completed."
"12-08-2026 14:36:27","2025","Information","Microsoft-Windows-StorageManagement-WSP-Spaces","Successfully cleaned up the Storage Management Provider.             
Function: CSpProvider::Cleanup             
Duration (milliseconds): 3"
"12-08-2026 14:36:27","2029","Information","Microsoft-Windows-StorageManagement-WSP-Spaces","Successfully cleaned up Extended Storage Spaces API.             
Function: SuCleanupEx             
Duration (milliseconds): 0"
"12-08-2026 14:36:27","8","Information","Microsoft-Windows-StorageManagement","The Windows Storage Management WMI Provider was loaded.                    
Load time (milliseconds): 0"
"12-08-2026 14:36:27","1002","Information","Microsoft-Windows-StorageManagement-WSP-Host","Shutdown has been initiated for the Windows Storage Provider host service."
"12-08-2026 14:21:27","9","Information","Microsoft-Windows-StorageManagement","A Windows Storage Management WMI enumeration operation was performed.                   
Class: MSFT_PhysicalDisk                   
ResultCount: 1                   
Operation time (milliseconds): 63"
"12-08-2026 14:21:27","8","Information","Microsoft-Windows-StorageManagement","The Windows Storage Management WMI Provider was loaded.                    
Load time (milliseconds): 0"
"12-08-2026 14:16:19","9","Information","Microsoft-Windows-StorageManagement","A Windows Storage Management WMI enumeration operation was performed.                   
Class: MSFT_PhysicalDisk                   
ResultCount: 1                   
Operation time (milliseconds): 109"
"12-08-2026 14:16:19","8","Information","Microsoft-Windows-StorageManagement","The Windows Storage Management WMI Provider was loaded.                    
Load time (milliseconds): 0"
"12-08-2026 14:06:27","9","Information","Microsoft-Windows-StorageManagement","A Windows Storage Management WMI enumeration operation was performed.                   
Class: MSFT_PhysicalDisk                   
ResultCount: 1                   
Operation time (milliseconds): 94"
"12-08-2026 14:06:27","7","Information","Microsoft-Windows-StorageManagement","The Windows Storage Provider host service was started successfully.                    
Start time (milliseconds): 344"
"12-08-2026 14:06:27","1001","Information","Microsoft-Windows-StorageManagement-WSP-Host","A Windows Storage Provider was loaded successfully.             
Provider: wsp_health             
Provider DLL: wsp_health.dll"
"12-08-2026 14:06:27","1001","Information","Microsoft-Windows-StorageManagement-WSP-Host","A Windows Storage Provider was loaded successfully.             
Provider: wsp_sr             
Provider DLL: wsp_sr.dll"
