"08-07-2026 22:09:47","142","Information","Microsoft-Windows-Ntfs","Summary of disk space usage, since last event:

           Available space was between 98.99 GB and 98.99 GB
           Change in available space: 68 KB
           
           Available clusters were between: 25948917 and 25948934
           Reserved clusters were between: 767790 and 767790
           Txf abort reserved clusters were between: 1024 and 1024
           
           Elapsed seconds: 5320
           
           Pagefile size: 18.27 GB
           Volume size: 235.88 GB
           Bytes per cluster: 4096
           
           Volume guid: {c5c572ba-c5d0-47f6-864e-13eb05e6d46c}
           Volume name: C:
           Is boot volume: true
           
           Cached runs miss counts:
               For MFT: 0
               For MFT zone: 0
               Everything else: 0
"
"08-07-2026 20:41:06","142","Information","Microsoft-Windows-Ntfs","Summary of disk space usage, since last event:

           Available space was between 98.99 GB and 99.01 GB
           Change in available space: 27.81 MB
           
           Available clusters were between: 25947125 and 25954243
           Reserved clusters were between: 767742 and 767790
           Txf abort reserved clusters were between: 1024 and 1024
           
           Elapsed seconds: 4954
           
           Pagefile size: 18.27 GB
           Volume size: 235.88 GB
           Bytes per cluster: 4096
           
           Volume guid: {c5c572ba-c5d0-47f6-864e-13eb05e6d46c}
           Volume name: C:
           Is boot volume: true
           
           Cached runs miss counts:
               For MFT: 0
               For MFT zone: 0
               Everything else: 0
"
"08-07-2026 19:18:31","142","Information","Microsoft-Windows-Ntfs","Summary of disk space usage, since last event:

           Available space was between 98.66 GB and 99.05 GB
           Change in available space: 407.08 MB
           
           Available clusters were between: 25860889 and 25965100
           Reserved clusters were between: 767598 and 775966
           Txf abort reserved clusters were between: 1024 and 1024
           
           Elapsed seconds: 3602
           
           Pagefile size: 18.27 GB
           Volume size: 235.88 GB
           Bytes per cluster: 4096
           
           Volume guid: {c5c572ba-c5d0-47f6-864e-13eb05e6d46c}
           Volume name: C:
           Is boot volume: true
           
           Cached runs miss counts:
               For MFT: 0
               For MFT zone: 0
               Everything else: 0
"
"08-07-2026 18:18:28","142","Information","Microsoft-Windows-Ntfs","Summary of disk space usage, since last event:

           Available space was between 98.79 GB and 99.25 GB
           Change in available space: 463.57 MB
           
           Available clusters were between: 25896896 and 26015568
           Reserved clusters were between: 767662 and 767934
           Txf abort reserved clusters were between: 1024 and 1024
           
           Elapsed seconds: 3601
           
           Pagefile size: 18.27 GB
           Volume size: 235.88 GB
           Bytes per cluster: 4096
           
           Volume guid: {c5c572ba-c5d0-47f6-864e-13eb05e6d46c}
           Volume name: C:
           Is boot volume: true
           
           Cached runs miss counts:
               For MFT: 0
               For MFT zone: 0
               Everything else: 0
"
"08-07-2026 17:18:27","142","Information","Microsoft-Windows-Ntfs","Summary of disk space usage, since last event:

           Available space was between 99.22 GB and 100.42 GB
           Change in available space: 1.20 GB
           
           Available clusters were between: 26009691 and 26323648
           Reserved clusters were between: 767598 and 776014
           Txf abort reserved clusters were between: 1024 and 1024
           
           Elapsed seconds: 3600
           
           Pagefile size: 18.27 GB
           Volume size: 235.88 GB
           Bytes per cluster: 4096
           
           Volume guid: {c5c572ba-c5d0-47f6-864e-13eb05e6d46c}
           Volume name: C:
           Is boot volume: true
           
           Cached runs miss counts:
               For MFT: 0
               For MFT zone: 0
               Everything else: 1
"
"08-07-2026 16:18:26","142","Information","Microsoft-Windows-Ntfs","Summary of disk space usage, since last event:

           Available space was between 99.81 GB and 100.45 GB
           Change in available space: 653.01 MB
           
           Available clusters were between: 26163927 and 26331096
           Reserved clusters were between: 767102 and 776206
           Txf abort reserved clusters were between: 1024 and 1024
           
           Elapsed seconds: 3601
           
           Pagefile size: 18.02 GB
           Volume size: 235.88 GB
           Bytes per cluster: 4096
           
           Volume guid: {c5c572ba-c5d0-47f6-864e-13eb05e6d46c}
           Volume name: C:
           Is boot volume: true
           
           Cached runs miss counts:
               For MFT: 0
               For MFT zone: 0
               Everything else: 0
"
"08-07-2026 15:18:25","142","Information","Microsoft-Windows-Ntfs","Summary of disk space usage, since last event:

           Available space was between 99.83 GB and 100.24 GB
           Change in available space: 413.09 MB
           
           Available clusters were between: 26169707 and 26275458
           Reserved clusters were between: 766990 and 767486
           Txf abort reserved clusters were between: 1024 and 1024
           
           Elapsed seconds: 3600
           
           Pagefile size: 18.02 GB
           Volume size: 235.88 GB
           Bytes per cluster: 4096
           
           Volume guid: {c5c572ba-c5d0-47f6-864e-13eb05e6d46c}
           Volume name: C:
           Is boot volume: true
           
           Cached runs miss counts:
               For MFT: 0
               For MFT zone: 0
               Everything else: 0
"
"08-07-2026 14:18:24","142","Information","Microsoft-Windows-Ntfs","Summary of disk space usage, since last event:

           Available space was between 100.18 GB and 100.25 GB
           Change in available space: 74.12 MB
           
           Available clusters were between: 26260688 and 26279662
           Reserved clusters were between: 766958 and 775966
           Txf abort reserved clusters were between: 1024 and 1024
           
           Elapsed seconds: 3601
           
           Pagefile size: 18.02 GB
           Volume size: 235.88 GB
           Bytes per cluster: 4096
           
           Volume guid: {c5c572ba-c5d0-47f6-864e-13eb05e6d46c}
           Volume name: C:
           Is boot volume: true
           
           Cached runs miss counts:
               For MFT: 0
               For MFT zone: 0
               Everything else: 0
"
"08-07-2026 13:18:23","142","Information","Microsoft-Windows-Ntfs","Summary of disk space usage, since last event:

           Available space was between 99.56 GB and 100.46 GB
           Change in available space: 922.60 MB
           
           Available clusters were between: 26097778 and 26333962
           Reserved clusters were between: 767822 and 776318
           Txf abort reserved clusters were between: 1024 and 1024
           
           Elapsed seconds: 3600
           
           Pagefile size: 18.02 GB
           Volume size: 235.88 GB
           Bytes per cluster: 4096
           
           Volume guid: {c5c572ba-c5d0-47f6-864e-13eb05e6d46c}
           Volume name: C:
           Is boot volume: true
           
           Cached runs miss counts:
               For MFT: 0
               For MFT zone: 0
               Everything else: 0
"
"08-07-2026 12:18:23","142","Information","Microsoft-Windows-Ntfs","Summary of disk space usage, since last event:

           Available space was between 99.46 GB and 100.52 GB
           Change in available space: 1.06 GB
           
           Available clusters were between: 26072297 and 26349512
           Reserved clusters were between: 768046 and 776510
           Txf abort reserved clusters were between: 1024 and 1024
           
           Elapsed seconds: 3601
           
           Pagefile size: 18.02 GB
           Volume size: 235.88 GB
           Bytes per cluster: 4096
           
           Volume guid: {c5c572ba-c5d0-47f6-864e-13eb05e6d46c}
           Volume name: C:
           Is boot volume: true
           
           Cached runs miss counts:
               For MFT: 0
               For MFT zone: 0
               Everything else: 0
"
"08-07-2026 11:18:21","142","Information","Microsoft-Windows-Ntfs","Summary of disk space usage, since last event:

           Available space was between 95.17 GB and 100.06 GB
           Change in available space: 4.89 GB
           
           Available clusters were between: 24947601 and 26228858
           Reserved clusters were between: 767294 and 776206
           Txf abort reserved clusters were between: 1024 and 1024
           
           Elapsed seconds: 3602
           
           Pagefile size: 18.02 GB
           Volume size: 235.88 GB
           Bytes per cluster: 4096
           
           Volume guid: {c5c572ba-c5d0-47f6-864e-13eb05e6d46c}
           Volume name: C:
           Is boot volume: true
           
           Cached runs miss counts:
               For MFT: 0
               For MFT zone: 0
               Everything else: 0
"
"08-07-2026 10:18:19","142","Information","Microsoft-Windows-Ntfs","Summary of disk space usage, since last event:

           Available space was between 100.02 GB and 100.05 GB
           Change in available space: 29.56 MB
           
           Available clusters were between: 26218512 and 26226078
           Reserved clusters were between: 767438 and 767806
           Txf abort reserved clusters were between: 1024 and 1024
           
           Elapsed seconds: 4218
           
           Pagefile size: 18.02 GB
           Volume size: 235.88 GB
           Bytes per cluster: 4096
           
           Volume guid: {c5c572ba-c5d0-47f6-864e-13eb05e6d46c}
           Volume name: C:
           Is boot volume: true
           
           Cached runs miss counts:
               For MFT: 0
               For MFT zone: 0
               Everything else: 0
"
"08-07-2026 09:08:00","142","Information","Microsoft-Windows-Ntfs","Summary of disk space usage, since last event:

           Available space was between 99.04 GB and 100.10 GB
           Change in available space: 1.07 GB
           
           Available clusters were between: 25960556 and 26240044
           Reserved clusters were between: 767486 and 767998
           Txf abort reserved clusters were between: 1024 and 1024
           
           Elapsed seconds: 3856
           
           Pagefile size: 18.02 GB
           Volume size: 235.88 GB
           Bytes per cluster: 4096
           
           Volume guid: {c5c572ba-c5d0-47f6-864e-13eb05e6d46c}
           Volume name: C:
           Is boot volume: true
           
           Cached runs miss counts:
               For MFT: 0
               For MFT zone: 0
               Everything else: 0
"
"08-07-2026 06:24:15","142","Information","Microsoft-Windows-Ntfs","Summary of disk space usage, since last event:

           Available space was between 100.09 GB and 100.09 GB
           Change in available space: 192 KB
           
           Available clusters were between: 26235469 and 26235517
           Reserved clusters were between: 767662 and 767662
           Txf abort reserved clusters were between: 1024 and 1024
           
           Elapsed seconds: 4767
           
           Pagefile size: 18.02 GB
           Volume size: 235.88 GB
           Bytes per cluster: 4096
           
           Volume guid: {c5c572ba-c5d0-47f6-864e-13eb05e6d46c}
           Volume name: C:
           Is boot volume: true
           
           Cached runs miss counts:
               For MFT: 0
               For MFT zone: 0
               Everything else: 0
"
"08-07-2026 05:04:47","142","Information","Microsoft-Windows-Ntfs","Summary of disk space usage, since last event:

           Available space was between 100.09 GB and 100.09 GB
           Change in available space: 64 KB
           
           Available clusters were between: 26235517 and 26235533
           Reserved clusters were between: 767662 and 767662
           Txf abort reserved clusters were between: 1024 and 1024
           
           Elapsed seconds: 4772
           
           Pagefile size: 18.02 GB
           Volume size: 235.88 GB
           Bytes per cluster: 4096
           
           Volume guid: {c5c572ba-c5d0-47f6-864e-13eb05e6d46c}
           Volume name: C:
           Is boot volume: true
           
           Cached runs miss counts:
               For MFT: 0
               For MFT zone: 0
               Everything else: 0
"
"08-07-2026 03:45:15","142","Information","Microsoft-Windows-Ntfs","Summary of disk space usage, since last event:

           Available space was between 100.09 GB and 100.09 GB
           Change in available space: 864 KB
           
           Available clusters were between: 26235533 and 26235749
           Reserved clusters were between: 767662 and 767662
           Txf abort reserved clusters were between: 1024 and 1024
           
           Elapsed seconds: 4600
           
           Pagefile size: 18.02 GB
           Volume size: 235.88 GB
           Bytes per cluster: 4096
           
           Volume guid: {c5c572ba-c5d0-47f6-864e-13eb05e6d46c}
           Volume name: C:
           Is boot volume: true
           
           Cached runs miss counts:
               For MFT: 0
               For MFT zone: 0
               Everything else: 0
"
"08-07-2026 02:28:35","142","Information","Microsoft-Windows-Ntfs","Summary of disk space usage, since last event:

           Available space was between 100.09 GB and 100.09 GB
           Change in available space: 192 KB
           
           Available clusters were between: 26235534 and 26235582
           Reserved clusters were between: 767662 and 767662
           Txf abort reserved clusters were between: 1024 and 1024
           
           Elapsed seconds: 4947
           
           Pagefile size: 18.02 GB
           Volume size: 235.88 GB
           Bytes per cluster: 4096
           
           Volume guid: {c5c572ba-c5d0-47f6-864e-13eb05e6d46c}
           Volume name: C:
           Is boot volume: true
           
           Cached runs miss counts:
               For MFT: 0
               For MFT zone: 0
               Everything else: 0
"
"07-07-2026 23:46:33","142","Information","Microsoft-Windows-Ntfs","Summary of disk space usage, since last event:

           Available space was between 100.09 GB and 100.09 GB
           Change in available space: 536 KB
           
           Available clusters were between: 26235448 and 26235582
           Reserved clusters were between: 767662 and 767662
           Txf abort reserved clusters were between: 1024 and 1024
           
           Elapsed seconds: 4472
           
           Pagefile size: 18.02 GB
           Volume size: 235.88 GB
           Bytes per cluster: 4096
           
           Volume guid: {c5c572ba-c5d0-47f6-864e-13eb05e6d46c}
           Volume name: C:
           Is boot volume: true
           
           Cached runs miss counts:
               For MFT: 0
               For MFT zone: 0
               Everything else: 0
"
"07-07-2026 22:32:01","142","Information","Microsoft-Windows-Ntfs","Summary of disk space usage, since last event:

           Available space was between 100.08 GB and 100.09 GB
           Change in available space: 4.20 MB
           
           Available clusters were between: 26234532 and 26235606
           Reserved clusters were between: 767662 and 767662
           Txf abort reserved clusters were between: 1024 and 1024
           
           Elapsed seconds: 3878
           
           Pagefile size: 18.02 GB
           Volume size: 235.88 GB
           Bytes per cluster: 4096
           
           Volume guid: {c5c572ba-c5d0-47f6-864e-13eb05e6d46c}
           Volume name: C:
           Is boot volume: true
           
           Cached runs miss counts:
               For MFT: 0
               For MFT zone: 0
               Everything else: 0
"
"07-07-2026 21:27:22","142","Information","Microsoft-Windows-Ntfs","Summary of disk space usage, since last event:

           Available space was between 100.05 GB and 100.15 GB
           Change in available space: 104.59 MB
           
           Available clusters were between: 26225979 and 26252752
           Reserved clusters were between: 767566 and 776190
           Txf abort reserved clusters were between: 1024 and 1024
           
           Elapsed seconds: 7116
           
           Pagefile size: 18.02 GB
           Volume size: 235.88 GB
           Bytes per cluster: 4096
           
           Volume guid: {c5c572ba-c5d0-47f6-864e-13eb05e6d46c}
           Volume name: C:
           Is boot volume: true
           
           Cached runs miss counts:
               For MFT: 0
               For MFT zone: 0
               Everything else: 0
"
"07-07-2026 19:28:46","142","Information","Microsoft-Windows-Ntfs","Summary of disk space usage, since last event:

           Available space was between 95.85 GB and 100.72 GB
           Change in available space: 4.88 GB
           
           Available clusters were between: 25124306 and 26403015
           Reserved clusters were between: 767630 and 767902
           Txf abort reserved clusters were between: 1024 and 1024
           
           Elapsed seconds: 3601
           
           Pagefile size: 18.02 GB
           Volume size: 235.88 GB
           Bytes per cluster: 4096
           
           Volume guid: {c5c572ba-c5d0-47f6-864e-13eb05e6d46c}
           Volume name: C:
           Is boot volume: true
           
           Cached runs miss counts:
               For MFT: 0
               For MFT zone: 0
               Everything else: 0
"
"07-07-2026 18:28:45","142","Information","Microsoft-Windows-Ntfs","Summary of disk space usage, since last event:

           Available space was between 99.69 GB and 99.75 GB
           Change in available space: 57.71 MB
           
           Available clusters were between: 26132728 and 26147501
           Reserved clusters were between: 767854 and 776366
           Txf abort reserved clusters were between: 1024 and 1024
           
           Elapsed seconds: 3604
           
           Pagefile size: 18.02 GB
           Volume size: 235.88 GB
           Bytes per cluster: 4096
           
           Volume guid: {c5c572ba-c5d0-47f6-864e-13eb05e6d46c}
           Volume name: C:
           Is boot volume: true
           
           Cached runs miss counts:
               For MFT: 0
               For MFT zone: 0
               Everything else: 0
"
"07-07-2026 17:28:40","142","Information","Microsoft-Windows-Ntfs","Summary of disk space usage, since last event:

           Available space was between 99.73 GB and 100.38 GB
           Change in available space: 666.13 MB
           
           Available clusters were between: 26141847 and 26312376
           Reserved clusters were between: 767678 and 776030
           Txf abort reserved clusters were between: 1024 and 1024
           
           Elapsed seconds: 3603
           
           Pagefile size: 18.02 GB
           Volume size: 235.88 GB
           Bytes per cluster: 4096
           
           Volume guid: {c5c572ba-c5d0-47f6-864e-13eb05e6d46c}
           Volume name: C:
           Is boot volume: true
           
           Cached runs miss counts:
               For MFT: 0
               For MFT zone: 0
               Everything else: 0
"
"07-07-2026 16:28:37","142","Information","Microsoft-Windows-Ntfs","Summary of disk space usage, since last event:

           Available space was between 100.20 GB and 100.92 GB
           Change in available space: 734.86 MB
           
           Available clusters were between: 26266181 and 26454305
           Reserved clusters were between: 767342 and 775774
           Txf abort reserved clusters were between: 1024 and 1024
           
           Elapsed seconds: 3601
           
           Pagefile size: 18.02 GB
           Volume size: 235.88 GB
           Bytes per cluster: 4096
           
           Volume guid: {c5c572ba-c5d0-47f6-864e-13eb05e6d46c}
           Volume name: C:
           Is boot volume: true
           
           Cached runs miss counts:
               For MFT: 0
               For MFT zone: 0
               Everything else: 0
"
"07-07-2026 15:28:35","142","Information","Microsoft-Windows-Ntfs","Summary of disk space usage, since last event:

           Available space was between 100.89 GB and 101.62 GB
           Change in available space: 744.20 MB
           
           Available clusters were between: 26447562 and 26638076
           Reserved clusters were between: 767326 and 776174
           Txf abort reserved clusters were between: 1024 and 1024
           
           Elapsed seconds: 3604
           
           Pagefile size: 18.02 GB
           Volume size: 235.88 GB
           Bytes per cluster: 4096
           
           Volume guid: {c5c572ba-c5d0-47f6-864e-13eb05e6d46c}
           Volume name: C:
           Is boot volume: true
           
           Cached runs miss counts:
               For MFT: 0
               For MFT zone: 0
               Everything else: 0
"
"07-07-2026 14:28:31","142","Information","Microsoft-Windows-Ntfs","Summary of disk space usage, since last event:

           Available space was between 101.47 GB and 102.09 GB
           Change in available space: 640.18 MB
           
           Available clusters were between: 26597140 and 26761025
           Reserved clusters were between: 767470 and 775790
           Txf abort reserved clusters were between: 1024 and 1024
           
           Elapsed seconds: 3602
           
           Pagefile size: 18.02 GB
           Volume size: 235.88 GB
           Bytes per cluster: 4096
           
           Volume guid: {c5c572ba-c5d0-47f6-864e-13eb05e6d46c}
           Volume name: C:
           Is boot volume: true
           
           Cached runs miss counts:
               For MFT: 0
               For MFT zone: 0
               Everything else: 0
"
"07-07-2026 13:28:28","142","Information","Microsoft-Windows-Ntfs","Summary of disk space usage, since last event:

           Available space was between 102.09 GB and 102.43 GB
           Change in available space: 348.52 MB
           
           Available clusters were between: 26760438 and 26849659
           Reserved clusters were between: 767374 and 767726
           Txf abort reserved clusters were between: 1024 and 1024
           
           Elapsed seconds: 3605
           
           Pagefile size: 18.02 GB
           Volume size: 235.88 GB
           Bytes per cluster: 4096
           
           Volume guid: {c5c572ba-c5d0-47f6-864e-13eb05e6d46c}
           Volume name: C:
           Is boot volume: true
           
           Cached runs miss counts:
               For MFT: 0
               For MFT zone: 0
               Everything else: 0
"
"07-07-2026 12:28:22","142","Information","Microsoft-Windows-Ntfs","Summary of disk space usage, since last event:

           Available space was between 98.61 GB and 102.50 GB
           Change in available space: 3.90 GB
           
           Available clusters were between: 25848394 and 26869436
           Reserved clusters were between: 767486 and 775870
           Txf abort reserved clusters were between: 1024 and 1024
           
           Elapsed seconds: 3603
           
           Pagefile size: 18.02 GB
           Volume size: 235.88 GB
           Bytes per cluster: 4096
           
           Volume guid: {c5c572ba-c5d0-47f6-864e-13eb05e6d46c}
           Volume name: C:
           Is boot volume: true
           
           Cached runs miss counts:
               For MFT: 0
               For MFT zone: 0
               Everything else: 0
"
"07-07-2026 11:28:19","142","Information","Microsoft-Windows-Ntfs","Summary of disk space usage, since last event:

           Available space was between 101.86 GB and 102.17 GB
           Change in available space: 314.27 MB
           
           Available clusters were between: 26701926 and 26782377
           Reserved clusters were between: 767534 and 775934
           Txf abort reserved clusters were between: 1024 and 1024
           
           Elapsed seconds: 3603
           
           Pagefile size: 18.02 GB
           Volume size: 235.88 GB
           Bytes per cluster: 4096
           
           Volume guid: {c5c572ba-c5d0-47f6-864e-13eb05e6d46c}
           Volume name: C:
           Is boot volume: true
           
           Cached runs miss counts:
               For MFT: 0
               For MFT zone: 0
               Everything else: 0
"
"07-07-2026 10:28:16","142","Information","Microsoft-Windows-Ntfs","Summary of disk space usage, since last event:

           Available space was between 99.84 GB and 102.07 GB
           Change in available space: 2.24 GB
           
           Available clusters were between: 26170373 and 26755395
           Reserved clusters were between: 766158 and 776078
           Txf abort reserved clusters were between: 1024 and 1024
           
           Elapsed seconds: 3600
           
           Pagefile size: 18.02 GB
           Volume size: 235.88 GB
           Bytes per cluster: 4096
           
           Volume guid: {c5c572ba-c5d0-47f6-864e-13eb05e6d46c}
           Volume name: C:
           Is boot volume: true
           
           Cached runs miss counts:
               For MFT: 0
               For MFT zone: 0
               Everything else: 0
"
"07-07-2026 09:28:53","501","Information","Microsoft-Windows-Ntfs","A process has deleted a USN journal on a volume.

           Process: SearchIndexer.
           Volume Id: {c5c572ba-c5d0-47f6-864e-13eb05e6d46c}
           Volume Name: C:
           Journal Id: 0x1DC11A038CEB841
           Current USN: 0x0
"
"07-07-2026 09:28:16","10","Information","Microsoft-Windows-Ntfs","NTFS cached runs statistics.

           Volume correlation Id: {effcabed-bb48-44d2-a9ca-b0bdf73688b0}
           Volume name: \\?\Volume{effcabed-bb48-44d2-a9ca-b0bdf73688b0}
           Volume label: WINRETOOLS

           Device name: \Device\HarddiskVolume4
           Device GUID: {0d0616a1-3adc-3de7-d9a2-784fe4e2d52a}
           Device manufacturer: NVMe
           Device model: PM9C1b Samsung 256GB
           Device revision: 58330109
           Device serial number: 0025_38F6_5106_1623.
           Bus type: NVMe
           Native NVMe: false

           Adapter serial number: 

           Media type: Hard disk
           Runs cached: 4
           Longest run cached: 128.55 MB
           Most populated bin Count: 1
           Most populated bin's minimum length: 0 Bytes
           Most populated bin's maximum length: 4 KB
"
"07-07-2026 09:28:16","9","Information","Microsoft-Windows-Ntfs","NTFS scanned entire volume bitmap.

           Volume correlation Id: {effcabed-bb48-44d2-a9ca-b0bdf73688b0}
           Volume name: \\?\Volume{effcabed-bb48-44d2-a9ca-b0bdf73688b0}
           Volume label: WINRETOOLS

           Device name: \Device\HarddiskVolume4
           Device GUID: {0d0616a1-3adc-3de7-d9a2-784fe4e2d52a}
           Device manufacturer: NVMe
           Device model: PM9C1b Samsung 256GB
           Device revision: 58330109
           Device serial number: 0025_38F6_5106_1623.
           Bus type: NVMe
           Native NVMe: false

           Adapter serial number: 

           Duration (micro seconds): 37
           InputFlags: 0x10
           Reason: Proactive background scan to repopulate cached runs
           Flags: 0x10
"
"07-07-2026 09:28:15","10","Information","Microsoft-Windows-Ntfs","NTFS cached runs statistics.

           Volume correlation Id: {c5c572ba-c5d0-47f6-864e-13eb05e6d46c}
           Volume name: C:
           Volume label: OS

           Device name: \Device\HarddiskVolume3
           Device GUID: {0d0616a1-3adc-3de7-d9a2-784fe4e2d52a}
           Device manufacturer: NVMe
           Device model: PM9C1b Samsung 256GB
           Device revision: 58330109
           Device serial number: 0025_38F6_5106_1623.
           Bus type: NVMe
           Native NVMe: false

           Adapter serial number: 

           Media type: Hard disk
           Runs cached: 9265
           Longest run cached: 25.49 GB
           Most populated bin Count: 2561
           Most populated bin's minimum length: 8 KB
           Most populated bin's maximum length: 8 KB
"
"07-07-2026 09:28:15","9","Information","Microsoft-Windows-Ntfs","NTFS scanned entire volume bitmap.

           Volume correlation Id: {c5c572ba-c5d0-47f6-864e-13eb05e6d46c}
           Volume name: C:
           Volume label: OS

           Device name: \Device\HarddiskVolume3
           Device GUID: {0d0616a1-3adc-3de7-d9a2-784fe4e2d52a}
           Device manufacturer: NVMe
           Device model: PM9C1b Samsung 256GB
           Device revision: 58330109
           Device serial number: 0025_38F6_5106_1623.
           Bus type: NVMe
           Native NVMe: false

           Adapter serial number: 

           Duration (micro seconds): 16380
           InputFlags: 0x10
           Reason: Proactive background scan to repopulate cached runs
           Flags: 0x10
"
"07-07-2026 09:28:15","142","Information","Microsoft-Windows-Ntfs","Summary of disk space usage, since last event:

           Available space was between 195.28 MB and 199.28 MB
           Change in available space: 4 MB
           
           Available clusters were between: 49991 and 51015
           Reserved clusters were between: 0 and 0
           Txf abort reserved clusters were between: 1024 and 1024
           
           Elapsed seconds: 0
           
           Pagefile size: 0 Bytes
           Volume size: 1.01 GB
           Bytes per cluster: 4096
           
           Volume guid: {effcabed-bb48-44d2-a9ca-b0bdf73688b0}
           Volume name: \\?\Volume{effcabed-bb48-44d2-a9ca-b0bdf73688b0}
           Is boot volume: false
           
           Cached runs miss counts:
               For MFT: 0
               For MFT zone: 0
               Everything else: 0
"
"07-07-2026 09:28:15","142","Information","Microsoft-Windows-Ntfs","Summary of disk space usage, since last event:

           Available space was between 100.77 GB and 103.70 GB
           Change in available space: 2.94 GB
           
           Available clusters were between: 26413804 and 27184018
           Reserved clusters were between: 766158 and 766158
           Txf abort reserved clusters were between: 1024 and 1024
           
           Elapsed seconds: 0
           
           Pagefile size: 0 Bytes
           Volume size: 235.88 GB
           Bytes per cluster: 4096
           
           Volume guid: {c5c572ba-c5d0-47f6-864e-13eb05e6d46c}
           Volume name: C:
           Is boot volume: true
           
           Cached runs miss counts:
               For MFT: 0
               For MFT zone: 0
               Everything else: 0
"
"07-07-2026 09:28:13","4","Information","Microsoft-Windows-Ntfs","The NTFS volume has been successfully mounted.

           Volume correlation Id: {effcabed-bb48-44d2-a9ca-b0bdf73688b0}
           Volume name: \\?\Volume{effcabed-bb48-44d2-a9ca-b0bdf73688b0}
           Volume label: WINRETOOLS

           Device name: \Device\HarddiskVolume4
           Device GUID: {0d0616a1-3adc-3de7-d9a2-784fe4e2d52a}
           Device manufacturer: NVMe
           Device model: PM9C1b Samsung 256GB
           Device revision: 58330109
           Device serial number: 0025_38F6_5106_1623.
           Bus type: NVMe
           Device number: 0
           Boot partition: false

           Native NVMe: false

           Adapter serial number: 
           
           Total mount duration: 5 ms
           Longest stage: 7. Duration 2 ms (35% of the total)
           Second longest stage: 3. Duration 2 ms (35% of the total)
           Volume restart applied: false
"
"07-07-2026 09:28:13","10","Information","Microsoft-Windows-Ntfs","NTFS cached runs statistics.

           Volume correlation Id: {effcabed-bb48-44d2-a9ca-b0bdf73688b0}
           Volume name: \\?\Volume{effcabed-bb48-44d2-a9ca-b0bdf73688b0}
           Volume label: WINRETOOLS

           Device name: \Device\HarddiskVolume4
           Device GUID: {0d0616a1-3adc-3de7-d9a2-784fe4e2d52a}
           Device manufacturer: NVMe
           Device model: PM9C1b Samsung 256GB
           Device revision: 58330109
           Device serial number: 0025_38F6_5106_1623.
           Bus type: NVMe
           Native NVMe: false

           Adapter serial number: 

           Media type: Hard disk
           Runs cached: 3
           Longest run cached: 70.54 MB
           Most populated bin Count: 1
           Most populated bin's minimum length: 0 Bytes
           Most populated bin's maximum length: 4 KB
"
"07-07-2026 09:28:13","9","Information","Microsoft-Windows-Ntfs","NTFS scanned entire volume bitmap.

           Volume correlation Id: {effcabed-bb48-44d2-a9ca-b0bdf73688b0}
           Volume name: \\?\Volume{effcabed-bb48-44d2-a9ca-b0bdf73688b0}
           Volume label: WINRETOOLS

           Device name: \Device\HarddiskVolume4
           Device GUID: {0d0616a1-3adc-3de7-d9a2-784fe4e2d52a}
           Device manufacturer: NVMe
           Device model: PM9C1b Samsung 256GB
           Device revision: 58330109
           Device serial number: 0025_38F6_5106_1623.
           Bus type: NVMe
           Native NVMe: false

           Adapter serial number: 

           Duration (micro seconds): 396
           InputFlags: 0xE
           Reason: Mount
           Flags: 0x10
"
"07-07-2026 09:28:10","4","Information","Microsoft-Windows-Ntfs","The NTFS volume has been successfully mounted.

           Volume correlation Id: {c5c572ba-c5d0-47f6-864e-13eb05e6d46c}
           Volume name: C:
           Volume label: OS

           Device name: \Device\HarddiskVolume3
           Device GUID: {0d0616a1-3adc-3de7-d9a2-784fe4e2d52a}
           Device manufacturer: NVMe
           Device model: PM9C1b Samsung 256GB
           Device revision: 58330109
           Device serial number: 0025_38F6_5106_1623.
           Bus type: NVMe
           Device number: 0
           Boot partition: true

           Native NVMe: false

           Adapter serial number: 
           
           Total mount duration: 387 ms
           Longest stage: 8. Duration 271 ms (70% of the total)
           Second longest stage: 7. Duration 63 ms (16% of the total)
           Volume restart applied: false
"
"07-07-2026 09:28:10","10","Information","Microsoft-Windows-Ntfs","NTFS cached runs statistics.

           Volume correlation Id: {c5c572ba-c5d0-47f6-864e-13eb05e6d46c}
           Volume name: C:
           Volume label: OS

           Device name: \Device\HarddiskVolume3
           Device GUID: {0d0616a1-3adc-3de7-d9a2-784fe4e2d52a}
           Device manufacturer: NVMe
           Device model: PM9C1b Samsung 256GB
           Device revision: 58330109
           Device serial number: 0025_38F6_5106_1623.
           Bus type: NVMe
           Native NVMe: false

           Adapter serial number: 

           Media type: Hard disk
           Runs cached: 2627
           Longest run cached: 25.49 GB
           Most populated bin Count: 69
           Most populated bin's minimum length: 516 KB
           Most populated bin's maximum length: 544 KB
"
"07-07-2026 09:28:10","9","Information","Microsoft-Windows-Ntfs","NTFS scanned entire volume bitmap.

           Volume correlation Id: {c5c572ba-c5d0-47f6-864e-13eb05e6d46c}
           Volume name: C:
           Volume label: OS

           Device name: \Device\HarddiskVolume3
           Device GUID: {0d0616a1-3adc-3de7-d9a2-784fe4e2d52a}
           Device manufacturer: NVMe
           Device model: PM9C1b Samsung 256GB
           Device revision: 58330109
           Device serial number: 0025_38F6_5106_1623.
           Bus type: NVMe
           Native NVMe: false

           Adapter serial number: 

           Duration (micro seconds): 19532
           InputFlags: 0xE
           Reason: Mount
           Flags: 0x10
"
"07-07-2026 09:07:33","142","Information","Microsoft-Windows-Ntfs","Summary of disk space usage, since last event:

           Available space was between 90.32 GB and 99.60 GB
           Change in available space: 9.29 GB
           
           Available clusters were between: 23674458 and 26108250
           Reserved clusters were between: 768126 and 768366
           Txf abort reserved clusters were between: 1024 and 1024
           
           Elapsed seconds: 16114
           
           Pagefile size: 18.02 GB
           Volume size: 235.88 GB
           Bytes per cluster: 4096
           
           Volume guid: {c5c572ba-c5d0-47f6-864e-13eb05e6d46c}
           Volume name: C:
           Is boot volume: true
           
           Cached runs miss counts:
               For MFT: 0
               For MFT zone: 0
               Everything else: 0
"
"06-07-2026 21:10:30","142","Information","Microsoft-Windows-Ntfs","Summary of disk space usage, since last event:

           Available space was between 99.55 GB and 99.59 GB
           Change in available space: 42.29 MB
           
           Available clusters were between: 26094967 and 26105791
           Reserved clusters were between: 768062 and 776446
           Txf abort reserved clusters were between: 1024 and 1024
           
           Elapsed seconds: 6886
           
           Pagefile size: 18.02 GB
           Volume size: 235.88 GB
           Bytes per cluster: 4096
           
           Volume guid: {c5c572ba-c5d0-47f6-864e-13eb05e6d46c}
           Volume name: C:
           Is boot volume: true
           
           Cached runs miss counts:
               For MFT: 0
               For MFT zone: 0
               Everything else: 0
"
"06-07-2026 19:15:44","142","Information","Microsoft-Windows-Ntfs","Summary of disk space usage, since last event:

           Available space was between 99.57 GB and 100.14 GB
           Change in available space: 578.74 MB
           
           Available clusters were between: 26101269 and 26249425
           Reserved clusters were between: 767934 and 768206
           Txf abort reserved clusters were between: 1024 and 1024
           
           Elapsed seconds: 3851
           
           Pagefile size: 18.02 GB
           Volume size: 235.88 GB
           Bytes per cluster: 4096
           
           Volume guid: {c5c572ba-c5d0-47f6-864e-13eb05e6d46c}
           Volume name: C:
           Is boot volume: true
           
           Cached runs miss counts:
               For MFT: 0
               For MFT zone: 0
               Everything else: 0
"
"06-07-2026 18:11:32","142","Information","Microsoft-Windows-Ntfs","Summary of disk space usage, since last event:

           Available space was between 99.77 GB and 100.23 GB
           Change in available space: 472.62 MB
           
           Available clusters were between: 26151654 and 26272644
           Reserved clusters were between: 767502 and 776174
           Txf abort reserved clusters were between: 1024 and 1024
           
           Elapsed seconds: 3601
           
           Pagefile size: 18.02 GB
           Volume size: 235.88 GB
           Bytes per cluster: 4096
           
           Volume guid: {c5c572ba-c5d0-47f6-864e-13eb05e6d46c}
           Volume name: C:
           Is boot volume: true
           
           Cached runs miss counts:
               For MFT: 0
               For MFT zone: 0
               Everything else: 0
"
"06-07-2026 17:11:31","142","Information","Microsoft-Windows-Ntfs","Summary of disk space usage, since last event:

           Available space was between 100.14 GB and 100.28 GB
           Change in available space: 142.43 MB
           
           Available clusters were between: 26248868 and 26285330
           Reserved clusters were between: 767726 and 776174
           Txf abort reserved clusters were between: 1024 and 1024
           
           Elapsed seconds: 3602
           
           Pagefile size: 18.02 GB
           Volume size: 235.88 GB
           Bytes per cluster: 4096
           
           Volume guid: {c5c572ba-c5d0-47f6-864e-13eb05e6d46c}
           Volume name: C:
           Is boot volume: true
           
           Cached runs miss counts:
               For MFT: 0
               For MFT zone: 0
               Everything else: 0
"
"06-07-2026 16:11:28","142","Information","Microsoft-Windows-Ntfs","Summary of disk space usage, since last event:

           Available space was between 100.22 GB and 100.30 GB
           Change in available space: 86.72 MB
           
           Available clusters were between: 26270097 and 26292295
           Reserved clusters were between: 767582 and 776030
           Txf abort reserved clusters were between: 1024 and 1024
           
           Elapsed seconds: 3604
           
           Pagefile size: 18.02 GB
           Volume size: 235.88 GB
           Bytes per cluster: 4096
           
           Volume guid: {c5c572ba-c5d0-47f6-864e-13eb05e6d46c}
           Volume name: C:
           Is boot volume: true
           
           Cached runs miss counts:
               For MFT: 0
               For MFT zone: 0
               Everything else: 0
"
"06-07-2026 15:11:24","142","Information","Microsoft-Windows-Ntfs","Summary of disk space usage, since last event:

           Available space was between 99.99 GB and 100.97 GB
           Change in available space: 998.08 MB
           
           Available clusters were between: 26210555 and 26466062
           Reserved clusters were between: 767566 and 767710
           Txf abort reserved clusters were between: 1024 and 1024
           
           Elapsed seconds: 3602
           
           Pagefile size: 18.02 GB
           Volume size: 235.88 GB
           Bytes per cluster: 4096
           
           Volume guid: {c5c572ba-c5d0-47f6-864e-13eb05e6d46c}
           Volume name: C:
           Is boot volume: true
           
           Cached runs miss counts:
               For MFT: 0
               For MFT zone: 0
               Everything else: 0
"
"06-07-2026 14:11:21","142","Information","Microsoft-Windows-Ntfs","Summary of disk space usage, since last event:

           Available space was between 100.03 GB and 101.05 GB
           Change in available space: 1.02 GB
           
           Available clusters were between: 26221910 and 26488547
           Reserved clusters were between: 767518 and 775838
           Txf abort reserved clusters were between: 1024 and 1024
           
           Elapsed seconds: 3600
           
           Pagefile size: 18.02 GB
           Volume size: 235.88 GB
           Bytes per cluster: 4096
           
           Volume guid: {c5c572ba-c5d0-47f6-864e-13eb05e6d46c}
           Volume name: C:
           Is boot volume: true
           
           Cached runs miss counts:
               For MFT: 0
               For MFT zone: 0
               Everything else: 0
"
"06-07-2026 13:11:20","142","Information","Microsoft-Windows-Ntfs","Summary of disk space usage, since last event:

           Available space was between 101.01 GB and 101.17 GB
           Change in available space: 168.63 MB
           
           Available clusters were between: 26476706 and 26519874
           Reserved clusters were between: 767822 and 776254
           Txf abort reserved clusters were between: 1024 and 1024
           
           Elapsed seconds: 3602
           
           Pagefile size: 18.02 GB
           Volume size: 235.88 GB
           Bytes per cluster: 4096
           
           Volume guid: {c5c572ba-c5d0-47f6-864e-13eb05e6d46c}
           Volume name: C:
           Is boot volume: true
           
           Cached runs miss counts:
               For MFT: 0
               For MFT zone: 0
               Everything else: 0
"
"06-07-2026 12:11:17","142","Information","Microsoft-Windows-Ntfs","Summary of disk space usage, since last event:

           Available space was between 100.72 GB and 101.25 GB
           Change in available space: 548.58 MB
           
           Available clusters were between: 26400936 and 26541370
           Reserved clusters were between: 767886 and 776686
           Txf abort reserved clusters were between: 1024 and 1024
           
           Elapsed seconds: 3604
           
           Pagefile size: 18.02 GB
           Volume size: 235.88 GB
           Bytes per cluster: 4096
           
           Volume guid: {c5c572ba-c5d0-47f6-864e-13eb05e6d46c}
           Volume name: C:
           Is boot volume: true
           
           Cached runs miss counts:
               For MFT: 0
               For MFT zone: 0
               Everything else: 0
"
"06-07-2026 11:11:13","142","Information","Microsoft-Windows-Ntfs","Summary of disk space usage, since last event:

           Available space was between 101.21 GB and 101.37 GB
           Change in available space: 162.71 MB
           
           Available clusters were between: 26531325 and 26572977
           Reserved clusters were between: 767614 and 776046
           Txf abort reserved clusters were between: 1024 and 1024
           
           Elapsed seconds: 3604
           
           Pagefile size: 18.02 GB
           Volume size: 235.88 GB
           Bytes per cluster: 4096
           
           Volume guid: {c5c572ba-c5d0-47f6-864e-13eb05e6d46c}
           Volume name: C:
           Is boot volume: true
           
           Cached runs miss counts:
               For MFT: 0
               For MFT zone: 0
               Everything else: 0
"
"06-07-2026 10:11:08","142","Information","Microsoft-Windows-Ntfs","Summary of disk space usage, since last event:

           Available space was between 91.80 GB and 102.32 GB
           Change in available space: 10.52 GB
           
           Available clusters were between: 24064479 and 26821395
           Reserved clusters were between: 767294 and 776398
           Txf abort reserved clusters were between: 1024 and 1024
           
           Elapsed seconds: 3602
           
           Pagefile size: 18.02 GB
           Volume size: 235.88 GB
           Bytes per cluster: 4096
           
           Volume guid: {c5c572ba-c5d0-47f6-864e-13eb05e6d46c}
           Volume name: C:
           Is boot volume: true
           
           Cached runs miss counts:
               For MFT: 0
               For MFT zone: 0
               Everything else: 0
"
"06-07-2026 09:11:06","142","Information","Microsoft-Windows-Ntfs","Summary of disk space usage, since last event:

           Available space was between 91.82 GB and 101.10 GB
           Change in available space: 9.29 GB
           
           Available clusters were between: 24068721 and 26501530
           Reserved clusters were between: 767438 and 767790
           Txf abort reserved clusters were between: 1024 and 1024
           
           Elapsed seconds: 125744
           
           Pagefile size: 18.02 GB
           Volume size: 235.88 GB
           Bytes per cluster: 4096
           
           Volume guid: {c5c572ba-c5d0-47f6-864e-13eb05e6d46c}
           Volume name: C:
           Is boot volume: true
           
           Cached runs miss counts:
               For MFT: 0
               For MFT zone: 0
               Everything else: 0
"
"04-07-2026 15:37:36","142","Information","Microsoft-Windows-Ntfs","Summary of disk space usage, since last event:

           Available space was between 100.43 GB and 101.10 GB
           Change in available space: 692.42 MB
           
           Available clusters were between: 26325098 and 26502355
           Reserved clusters were between: 764798 and 775038
           Txf abort reserved clusters were between: 1024 and 1024
           
           Elapsed seconds: 5100
           
           Pagefile size: 18.02 GB
           Volume size: 235.88 GB
           Bytes per cluster: 4096
           
           Volume guid: {c5c572ba-c5d0-47f6-864e-13eb05e6d46c}
           Volume name: C:
           Is boot volume: true
           
           Cached runs miss counts:
               For MFT: 0
               For MFT zone: 0
               Everything else: 0
"
"04-07-2026 14:13:04","501","Information","Microsoft-Windows-Ntfs","A process has deleted a USN journal on a volume.

           Process: SearchIndexer.
           Volume Id: {c5c572ba-c5d0-47f6-864e-13eb05e6d46c}
           Volume Name: C:
           Journal Id: 0x1DC11A038CEB841
           Current USN: 0x0
"
"04-07-2026 14:12:36","10","Information","Microsoft-Windows-Ntfs","NTFS cached runs statistics.

           Volume correlation Id: {effcabed-bb48-44d2-a9ca-b0bdf73688b0}
           Volume name: \\?\Volume{effcabed-bb48-44d2-a9ca-b0bdf73688b0}
           Volume label: WINRETOOLS

           Device name: \Device\HarddiskVolume4
           Device GUID: {0d0616a1-3adc-3de7-d9a2-784fe4e2d52a}
           Device manufacturer: NVMe
           Device model: PM9C1b Samsung 256GB
           Device revision: 58330109
           Device serial number: 0025_38F6_5106_1623.
           Bus type: NVMe
           Native NVMe: false

           Adapter serial number: 

           Media type: Hard disk
           Runs cached: 4
           Longest run cached: 128.55 MB
           Most populated bin Count: 1
           Most populated bin's minimum length: 0 Bytes
           Most populated bin's maximum length: 4 KB
"
