"19-08-2026 13:32:32","4104","Warning","Microsoft-Windows-PowerShell","Creating Scriptblock text (3 of 3):
hodParameters, $__cmdletization_returnValue)
      $__cmdletization_passThru = $false
            if ($PSBoundParameters.ContainsKey('InputObject')) {
                foreach ($x in $InputObject) { $__cmdletization_objectModelWrapper.ProcessRecord($x, $__cmdletization_methodInvocationInfo, $__cmdletization_PassThru) }
            } else {
                $__cmdletization_objectModelWrapper.ProcessRecord($__cmdletization_queryBuilder, $__cmdletization_methodInvocationInfo, $__cmdletization_PassThru)
            }
        }
    }

            }
        }
        catch
        {
            $__cmdletization_exceptionHasBeenThrown = $true
            throw
        }
    }
        

    End {
        try
        {
            if (-not $__cmdletization_exceptionHasBeenThrown)
            {
                $__cmdletization_objectModelWrapper.EndProcessing()
            }
        }
        catch
        {
            throw
        }
    }

    # .EXTERNALHELP MSFT_NetAdapter.cmdletDefinition.cdxml-Help.xml
}
Microsoft.PowerShell.Core\Export-ModuleMember -Function 'Rename-NetAdapter' -Alias '*'
        

function Set-NetAdapter
{
    [CmdletBinding(DefaultParameterSetName='ByName', SupportsShouldProcess=$true, ConfirmImpact='High', PositionalBinding=$false)]
    
    [OutputType([Microsoft.Management.Infrastructure.CimInstance])]
[OutputType('Microsoft.Management.Infrastructure.CimInstance#ROOT/StandardCimv2/MSFT_NetAdapter')]

    param(
    
    [Parameter(ParameterSetName='ByName', Mandatory=$true, Position=0)]
    [Alias('ifAlias','InterfaceAlias')]
    [ValidateNotNull()]
    [string[]]
    ${Name},

    [Parameter(ParameterSetName='ByInstanceID', Mandatory=$true, ValueFromPipelineByPropertyName=$true)]
    [Alias('ifDesc')]
    [ValidateNotNull()]
    [string[]]
    ${InterfaceDescription},

    [Parameter(ParameterSetName='ByName')]
    [Parameter(ParameterSetName='ByInstanceID')]
    [switch]
    ${IncludeHidden},

    [Parameter(ParameterSetName='InputObject (cdxml)', Mandatory=$true, ValueFromPipeline=$true)]
    [PSTypeName('Microsoft.Management.Infrastructure.CimInstance#MSFT_NetAdapter')]
    [ValidateNotNull()]
    [ciminstance[]]
    ${InputObject},

    [Parameter(ParameterSetName='ByName')]
    [Parameter(ParameterSetName='ByInstanceID')]
    [Parameter(ParameterSetName='InputObject (cdxml)')]
    [ValidateNotNull()]
    [ValidateNotNullOrEmpty()]
    [ValidateRange(0, 4094)]
    [uint16]
    ${VlanID},

    [Parameter(ParameterSetName='ByName')]
    [Parameter(ParameterSetName='ByInstanceID')]
    [Parameter(ParameterSetName='InputObject (cdxml)')]
    [Alias('LinkLayerAddress')]
    [string]
    ${MacAddress},

    [Parameter(ParameterSetName='ByName')]
    [Parameter(ParameterSetName='ByInstanceID')]
    [Parameter(ParameterSetName='InputObject (cdxml)')]
    [switch]
    ${NoRestart},

    [Parameter(ParameterSetName='ByName')]
    [Parameter(ParameterSetName='ByInstanceID')]
    [Parameter(ParameterSetName='InputObject (cdxml)')]
    [Alias('Session')]
    [ValidateNotNullOrEmpty()]
    [CimSession[]]
    ${CimSession},

    [Parameter(ParameterSetName='ByName')]
    [Parameter(ParameterSetName='ByInstanceID')]
    [Parameter(ParameterSetName='InputObject (cdxml)')]
    [int]
    ${ThrottleLimit},

    [Parameter(ParameterSetName='ByName')]
    [Parameter(ParameterSetName='ByInstanceID')]
    [Parameter(ParameterSetName='InputObject (cdxml)')]
    [switch]
    ${AsJob},

    [Parameter(ParameterSetName='ByName')]
    [Parameter(ParameterSetName='ByInstanceID')]
    [Parameter(ParameterSetName='InputObject (cdxml)')]
    [switch]
    ${PassThru})

    DynamicParam {
        try 
        {
            if (-not $__cmdletization_exceptionHasBeenThrown)
            {
                $__cmdletization_objectModelWrapper = $script:ObjectModelWrapper::new()
                $__cmdletization_objectModelWrapper.Initialize($PSCmdlet, $script:ClassName, $script:ClassVersion, $script:ModuleVersion, $script:PrivateData)

                if ($__cmdletization_objectModelWrapper -is [System.Management.Automation.IDynamicParameters])
                {
                    ([System.Management.Automation.IDynamicParameters]$__cmdletization_objectModelWrapper).GetDynamicParameters()
                }
            }
        }
        catch
        {
            $__cmdletization_exceptionHasBeenThrown = $true
            throw
        }
    }

    Begin {
        $__cmdletization_exceptionHasBeenThrown = $false
        try 
        {
            __cmdletization_BindCommonParameters $__cmdletization_objectModelWrapper $PSBoundParameters
            $__cmdletization_objectModelWrapper.BeginProcessing()
        }
        catch
        {
            $__cmdletization_exceptionHasBeenThrown = $true
            throw
        }
    }
        

    Process {
        try 
        {
            if (-not $__cmdletization_exceptionHasBeenThrown)
            {
    $__cmdletization_queryBuilder = $__cmdletization_objectModelWrapper.GetQueryBuilder()
    if ($PSBoundParameters.ContainsKey('Name') -and (@('ByName') -contains $PSCmdlet.ParameterSetName )) {
        $__cmdletization_values = @(${Name})
        $__cmdletization_queryBuilder.FilterByProperty('Name', $__cmdletization_values, $true, 'Default')
    }
    if ($PSBoundParameters.ContainsKey('InterfaceDescription') -and (@('ByInstanceID') -contains $PSCmdlet.ParameterSetName )) {
        $__cmdletization_values = @(${InterfaceDescription})
        $__cmdletization_queryBuilder.FilterByProperty('InterfaceDescription', $__cmdletization_values, $true, 'Default')
    }
    if ($PSBoundParameters.ContainsKey('IncludeHidden') -and (@('ByName', 'ByInstanceID') -contains $PSCmdlet.ParameterSetName )) {
    $__cmdletization_queryBuilder.AddQueryOption('IncludeHidden', ${IncludeHidden})
    }


    $__cmdletization_methodParameters = [System.Collections.Generic.List[Microsoft.PowerShell.Cmdletization.MethodParameter]]::new()
    switch -exact ($PSCmdlet.ParameterSetName) { 
        { @('ByName', 'ByInstanceID', 'InputObject (cdxml)') -contains $_ } {
          [object]$__cmdletization_defaultValue = $null
          [object]$__cmdletization_defaultValueIsPresent = $false
            $__cmdletization_methodParameter = [Microsoft.PowerShell.Cmdletization.MethodParameter]@{Name = 'NetworkAddresses'; ParameterType = 'System.String[]'; Bindings = '0'; Value = $__cmdletization_defaultValue; IsValuePresent = $__cmdletization_defaultValueIsPresent}
          $__cmdletization_methodParameters.Add($__cmdletization_methodParameter)

          [object]$__cmdletization_defaultValue = $null
          [object]$__cmdletization_defaultValueIsPresent = $false
          if ($PSBoundParameters.ContainsKey('VlanID')) {
            [object]$__cmdletization_value = ${VlanID}
            $__cmdletization_methodParameter = [Microsoft.PowerShell.Cmdletization.MethodParameter]@{Name = 'VlanID'; ParameterType = 'System.UInt16'; Bindings = 'In'; Value = $__cmdletization_value; IsValuePresent = $true}
          } else {
            $__cmdletization_methodParameter = [Microsoft.PowerShell.Cmdletization.MethodParameter]@{Name = 'VlanID'; ParameterType = 'System.UInt16'; Bindings = 'In'; Value = $__cmdletization_defaultValue; IsValuePresent = $__cmdletization_defaultValueIsPresent}
          }
          $__cmdletization_methodParameters.Add($__cmdletization_methodParameter)

          [object]$__cmdletization_defaultValue = $null
          [object]$__cmdletization_defaultValueIsPresent = $false
          if ($PSBoundParameters.ContainsKey('MacAddress')) {
            [object]$__cmdletization_value = ${MacAddress}
            $__cmdletization_methodParameter = [Microsoft.PowerShell.Cmdletization.MethodParameter]@{Name = 'cim:OperationOption:MacAddress'; ParameterType = 'System.String'; Bindings = 'In'; Value = $__cmdletization_value; IsValuePresent = $true}
          } else {
            $__cmdletization_methodParameter = [Microsoft.PowerShell.Cmdletization.MethodParameter]@{Name = 'cim:OperationOption:MacAddress'; ParameterType = 'System.String'; Bindings = 'In'; Value = $__cmdletization_defaultValue; IsValuePresent = $__cmdletization_defaultValueIsPresent}
          }
          $__cmdletization_methodParameters.Add($__cmdletization_methodParameter)

          [object]$__cmdletization_defaultValue = $null
          [object]$__cmdletization_defaultValueIsPresent = $false
          if ($PSBoundParameters.ContainsKey('NoRestart')) {
            [object]$__cmdletization_value = ${NoRestart}
            $__cmdletization_methodParameter = [Microsoft.PowerShell.Cmdletization.MethodParameter]@{Name = 'cim:OperationOption:NoRestart'; ParameterType = 'System.Management.Automation.SwitchParameter'; Bindings = 'In'; Value = $__cmdletization_value; IsValuePresent = $true}
          } else {
            $__cmdletization_methodParameter = [Microsoft.PowerShell.Cmdletization.MethodParameter]@{Name = 'cim:OperationOption:NoRestart'; ParameterType = 'System.Management.Automation.SwitchParameter'; Bindings = 'In'; Value = $__cmdletization_defaultValue; IsValuePresent = $__cmdletization_defaultValueIsPresent}
          }
          $__cmdletization_methodParameters.Add($__cmdletization_methodParameter)

      $__cmdletization_returnValue = $null
      $__cmdletization_methodInvocationInfo = [Microsoft.PowerShell.Cmdletization.MethodInvocationInfo]::new('cim:ModifyInstance', $__cmdletization_methodParameters, $__cmdletization_returnValue)
      $__cmdletization_passThru = $PSBoundParameters.ContainsKey('PassThru') -and $PassThru
            if ($PSBoundParameters.ContainsKey('InputObject')) {
                foreach ($x in $InputObject) { $__cmdletization_objectModelWrapper.ProcessRecord($x, $__cmdletization_methodInvocationInfo, $__cmdletization_PassThru) }
            } else {
                $__cmdletization_objectModelWrapper.ProcessRecord($__cmdletization_queryBuilder, $__cmdletization_methodInvocationInfo, $__cmdletization_PassThru)
            }
        }
    }

            }
        }
        catch
        {
            $__cmdletization_exceptionHasBeenThrown = $true
            throw
        }
    }
        

    End {
        try
        {
            if (-not $__cmdletization_exceptionHasBeenThrown)
            {
                $__cmdletization_objectModelWrapper.EndProcessing()
            }
        }
        catch
        {
            throw
        }
    }

    # .EXTERNALHELP MSFT_NetAdapter.cmdletDefinition.cdxml-Help.xml
}
Microsoft.PowerShell.Core\Export-ModuleMember -Function 'Set-NetAdapter' -Alias '*'
        


ScriptBlock ID: 44dcce1b-6ada-4c41-9a22-73cd0e3e96ea
Path: "
"19-08-2026 13:32:32","4104","Warning","Microsoft-Windows-PowerShell","Creating Scriptblock text (2 of 3):
 'Default')
    }
    if ($PSBoundParameters.ContainsKey('IncludeHidden') -and (@('ByName', 'ByInstanceID') -contains $PSCmdlet.ParameterSetName )) {
    $__cmdletization_queryBuilder.AddQueryOption('IncludeHidden', ${IncludeHidden})
    }


    $__cmdletization_methodParameters = [System.Collections.Generic.List[Microsoft.PowerShell.Cmdletization.MethodParameter]]::new()
    switch -exact ($PSCmdlet.ParameterSetName) { 
        { @('ByName', 'ByInstanceID', 'InputObject (cdxml)') -contains $_ } {
          [object]$__cmdletization_defaultValue = $null
          [object]$__cmdletization_defaultValueIsPresent = $false
          if ($PSBoundParameters.ContainsKey('PassThru')) {
            [object]$__cmdletization_value = ${PassThru}
            $__cmdletization_methodParameter = [Microsoft.PowerShell.Cmdletization.MethodParameter]@{Name = 'cim:OperationOption:PassThru'; ParameterType = 'System.Management.Automation.SwitchParameter'; Bindings = 'In'; Value = $__cmdletization_value; IsValuePresent = $true}
          } else {
            $__cmdletization_methodParameter = [Microsoft.PowerShell.Cmdletization.MethodParameter]@{Name = 'cim:OperationOption:PassThru'; ParameterType = 'System.Management.Automation.SwitchParameter'; Bindings = 'In'; Value = $__cmdletization_defaultValue; IsValuePresent = $__cmdletization_defaultValueIsPresent}
          }
          $__cmdletization_methodParameters.Add($__cmdletization_methodParameter)

          [object]$__cmdletization_defaultValue = $null
          [object]$__cmdletization_defaultValueIsPresent = $false
            $__cmdletization_methodParameter = [Microsoft.PowerShell.Cmdletization.MethodParameter]@{Name = 'CmdletOutput'; ParameterType = 'Microsoft.Management.Infrastructure.CimInstance'; Bindings = 'Out'; Value = $__cmdletization_defaultValue; IsValuePresent = $__cmdletization_defaultValueIsPresent}
          $__cmdletization_methodParameters.Add($__cmdletization_methodParameter)

      $__cmdletization_returnValue = $null
      $__cmdletization_methodInvocationInfo = [Microsoft.PowerShell.Cmdletization.MethodInvocationInfo]::new('Disable', $__cmdletization_methodParameters, $__cmdletization_returnValue)
      $__cmdletization_passThru = $false
            if ($PSBoundParameters.ContainsKey('InputObject')) {
                foreach ($x in $InputObject) { $__cmdletization_objectModelWrapper.ProcessRecord($x, $__cmdletization_methodInvocationInfo, $__cmdletization_PassThru) }
            } else {
                $__cmdletization_objectModelWrapper.ProcessRecord($__cmdletization_queryBuilder, $__cmdletization_methodInvocationInfo, $__cmdletization_PassThru)
            }
        }
    }

            }
        }
        catch
        {
            $__cmdletization_exceptionHasBeenThrown = $true
            throw
        }
    }
        

    End {
        try
        {
            if (-not $__cmdletization_exceptionHasBeenThrown)
            {
                $__cmdletization_objectModelWrapper.EndProcessing()
            }
        }
        catch
        {
            throw
        }
    }

    # .EXTERNALHELP MSFT_NetAdapter.cmdletDefinition.cdxml-Help.xml
}
Microsoft.PowerShell.Core\Export-ModuleMember -Function 'Disable-NetAdapter' -Alias '*'
        

function Restart-NetAdapter
{
    [CmdletBinding(DefaultParameterSetName='ByName', SupportsShouldProcess=$true, ConfirmImpact='Medium', PositionalBinding=$false)]
    
    [OutputType([Microsoft.Management.Infrastructure.CimInstance])]
    param(
    
    [Parameter(ParameterSetName='ByName', Mandatory=$true, Position=0)]
    [Alias('ifAlias','InterfaceAlias')]
    [ValidateNotNull()]
    [string[]]
    ${Name},

    [Parameter(ParameterSetName='ByInstanceID', Mandatory=$true, ValueFromPipelineByPropertyName=$true)]
    [Alias('ifDesc')]
    [ValidateNotNull()]
    [string[]]
    ${InterfaceDescription},

    [Parameter(ParameterSetName='ByName')]
    [Parameter(ParameterSetName='ByInstanceID')]
    [switch]
    ${IncludeHidden},

    [Parameter(ParameterSetName='InputObject (cdxml)', Mandatory=$true, ValueFromPipeline=$true)]
    [PSTypeName('Microsoft.Management.Infrastructure.CimInstance#MSFT_NetAdapter')]
    [ValidateNotNull()]
    [ciminstance[]]
    ${InputObject},

    [Parameter(ParameterSetName='ByName')]
    [Parameter(ParameterSetName='ByInstanceID')]
    [Parameter(ParameterSetName='InputObject (cdxml)')]
    [switch]
    ${PassThru},

    [Parameter(ParameterSetName='ByName')]
    [Parameter(ParameterSetName='ByInstanceID')]
    [Parameter(ParameterSetName='InputObject (cdxml)')]
    [Alias('Session')]
    [ValidateNotNullOrEmpty()]
    [CimSession[]]
    ${CimSession},

    [Parameter(ParameterSetName='ByName')]
    [Parameter(ParameterSetName='ByInstanceID')]
    [Parameter(ParameterSetName='InputObject (cdxml)')]
    [int]
    ${ThrottleLimit},

    [Parameter(ParameterSetName='ByName')]
    [Parameter(ParameterSetName='ByInstanceID')]
    [Parameter(ParameterSetName='InputObject (cdxml)')]
    [switch]
    ${AsJob})

    DynamicParam {
        try 
        {
            if (-not $__cmdletization_exceptionHasBeenThrown)
            {
                $__cmdletization_objectModelWrapper = $script:ObjectModelWrapper::new()
                $__cmdletization_objectModelWrapper.Initialize($PSCmdlet, $script:ClassName, $script:ClassVersion, $script:ModuleVersion, $script:PrivateData)

                if ($__cmdletization_objectModelWrapper -is [System.Management.Automation.IDynamicParameters])
                {
                    ([System.Management.Automation.IDynamicParameters]$__cmdletization_objectModelWrapper).GetDynamicParameters()
                }
            }
        }
        catch
        {
            $__cmdletization_exceptionHasBeenThrown = $true
            throw
        }
    }

    Begin {
        $__cmdletization_exceptionHasBeenThrown = $false
        try 
        {
            __cmdletization_BindCommonParameters $__cmdletization_objectModelWrapper $PSBoundParameters
            $__cmdletization_objectModelWrapper.BeginProcessing()
        }
        catch
        {
            $__cmdletization_exceptionHasBeenThrown = $true
            throw
        }
    }
        

    Process {
        try 
        {
            if (-not $__cmdletization_exceptionHasBeenThrown)
            {
    $__cmdletization_queryBuilder = $__cmdletization_objectModelWrapper.GetQueryBuilder()
    if ($PSBoundParameters.ContainsKey('Name') -and (@('ByName') -contains $PSCmdlet.ParameterSetName )) {
        $__cmdletization_values = @(${Name})
        $__cmdletization_queryBuilder.FilterByProperty('Name', $__cmdletization_values, $true, 'Default')
    }
    if ($PSBoundParameters.ContainsKey('InterfaceDescription') -and (@('ByInstanceID') -contains $PSCmdlet.ParameterSetName )) {
        $__cmdletization_values = @(${InterfaceDescription})
        $__cmdletization_queryBuilder.FilterByProperty('InterfaceDescription', $__cmdletization_values, $true, 'Default')
    }
    if ($PSBoundParameters.ContainsKey('IncludeHidden') -and (@('ByName', 'ByInstanceID') -contains $PSCmdlet.ParameterSetName )) {
    $__cmdletization_queryBuilder.AddQueryOption('IncludeHidden', ${IncludeHidden})
    }


    $__cmdletization_methodParameters = [System.Collections.Generic.List[Microsoft.PowerShell.Cmdletization.MethodParameter]]::new()
    switch -exact ($PSCmdlet.ParameterSetName) { 
        { @('ByName', 'ByInstanceID', 'InputObject (cdxml)') -contains $_ } {
          [object]$__cmdletization_defaultValue = $null
          [object]$__cmdletization_defaultValueIsPresent = $false
          if ($PSBoundParameters.ContainsKey('PassThru')) {
            [object]$__cmdletization_value = ${PassThru}
            $__cmdletization_methodParameter = [Microsoft.PowerShell.Cmdletization.MethodParameter]@{Name = 'cim:OperationOption:PassThru'; ParameterType = 'System.Management.Automation.SwitchParameter'; Bindings = 'In'; Value = $__cmdletization_value; IsValuePresent = $true}
          } else {
            $__cmdletization_methodParameter = [Microsoft.PowerShell.Cmdletization.MethodParameter]@{Name = 'cim:OperationOption:PassThru'; ParameterType = 'System.Management.Automation.SwitchParameter'; Bindings = 'In'; Value = $__cmdletization_defaultValue; IsValuePresent = $__cmdletization_defaultValueIsPresent}
          }
          $__cmdletization_methodParameters.Add($__cmdletization_methodParameter)

          [object]$__cmdletization_defaultValue = $null
          [object]$__cmdletization_defaultValueIsPresent = $false
            $__cmdletization_methodParameter = [Microsoft.PowerShell.Cmdletization.MethodParameter]@{Name = 'CmdletOutput'; ParameterType = 'Microsoft.Management.Infrastructure.CimInstance'; Bindings = 'Out'; Value = $__cmdletization_defaultValue; IsValuePresent = $__cmdletization_defaultValueIsPresent}
          $__cmdletization_methodParameters.Add($__cmdletization_methodParameter)

      $__cmdletization_returnValue = $null
      $__cmdletization_methodInvocationInfo = [Microsoft.PowerShell.Cmdletization.MethodInvocationInfo]::new('Restart', $__cmdletization_methodParameters, $__cmdletization_returnValue)
      $__cmdletization_passThru = $false
            if ($PSBoundParameters.ContainsKey('InputObject')) {
                foreach ($x in $InputObject) { $__cmdletization_objectModelWrapper.ProcessRecord($x, $__cmdletization_methodInvocationInfo, $__cmdletization_PassThru) }
            } else {
                $__cmdletization_objectModelWrapper.ProcessRecord($__cmdletization_queryBuilder, $__cmdletization_methodInvocationInfo, $__cmdletization_PassThru)
            }
        }
    }

            }
        }
        catch
        {
            $__cmdletization_exceptionHasBeenThrown = $true
            throw
        }
    }
        

    End {
        try
        {
            if (-not $__cmdletization_exceptionHasBeenThrown)
            {
                $__cmdletization_objectModelWrapper.EndProcessing()
            }
        }
        catch
        {
            throw
        }
    }

    # .EXTERNALHELP MSFT_NetAdapter.cmdletDefinition.cdxml-Help.xml
}
Microsoft.PowerShell.Core\Export-ModuleMember -Function 'Restart-NetAdapter' -Alias '*'
        

function Rename-NetAdapter
{
    [CmdletBinding(DefaultParameterSetName='ByName', SupportsShouldProcess=$true, ConfirmImpact='Medium', PositionalBinding=$false)]
    
    [OutputType([Microsoft.Management.Infrastructure.CimInstance])]
    param(
    
    [Parameter(ParameterSetName='ByName', Mandatory=$true, Position=0)]
    [Alias('ifAlias','InterfaceAlias')]
    [ValidateNotNull()]
    [string[]]
    ${Name},

    [Parameter(ParameterSetName='ByInstanceID', Mandatory=$true, ValueFromPipelineByPropertyName=$true)]
    [Alias('ifDesc')]
    [ValidateNotNull()]
    [string[]]
    ${InterfaceDescription},

    [Parameter(ParameterSetName='ByName')]
    [Parameter(ParameterSetName='ByInstanceID')]
    [switch]
    ${IncludeHidden},

    [Parameter(ParameterSetName='InputObject (cdxml)', Mandatory=$true, ValueFromPipeline=$true)]
    [PSTypeName('Microsoft.Management.Infrastructure.CimInstance#MSFT_NetAdapter')]
    [ValidateNotNull()]
    [ciminstance[]]
    ${InputObject},

    [Parameter(ParameterSetName='ByName')]
    [Parameter(ParameterSetName='ByInstanceID')]
    [Parameter(ParameterSetName='InputObject (cdxml)')]
    [switch]
    ${PassThru},

    [Parameter(ParameterSetName='ByName', Mandatory=$true, Position=1)]
    [Parameter(ParameterSetName='ByInstanceID', Mandatory=$true, Position=1)]
    [Parameter(ParameterSetName='InputObject (cdxml)', Mandatory=$true, Position=1)]
    [ValidateNotNull()]
    [ValidateNotNullOrEmpty()]
    [string]
    ${NewName},

    [Parameter(ParameterSetName='ByName')]
    [Parameter(ParameterSetName='ByInstanceID')]
    [Parameter(ParameterSetName='InputObject (cdxml)')]
    [Alias('Session')]
    [ValidateNotNullOrEmpty()]
    [CimSession[]]
    ${CimSession},

    [Parameter(ParameterSetName='ByName')]
    [Parameter(ParameterSetName='ByInstanceID')]
    [Parameter(ParameterSetName='InputObject (cdxml)')]
    [int]
    ${ThrottleLimit},

    [Parameter(ParameterSetName='ByName')]
    [Parameter(ParameterSetName='ByInstanceID')]
    [Parameter(ParameterSetName='InputObject (cdxml)')]
    [switch]
    ${AsJob})

    DynamicParam {
        try 
        {
            if (-not $__cmdletization_exceptionHasBeenThrown)
            {
                $__cmdletization_objectModelWrapper = $script:ObjectModelWrapper::new()
                $__cmdletization_objectModelWrapper.Initialize($PSCmdlet, $script:ClassName, $script:ClassVersion, $script:ModuleVersion, $script:PrivateData)

                if ($__cmdletization_objectModelWrapper -is [System.Management.Automation.IDynamicParameters])
                {
                    ([System.Management.Automation.IDynamicParameters]$__cmdletization_objectModelWrapper).GetDynamicParameters()
                }
            }
        }
        catch
        {
            $__cmdletization_exceptionHasBeenThrown = $true
            throw
        }
    }

    Begin {
        $__cmdletization_exceptionHasBeenThrown = $false
        try 
        {
            __cmdletization_BindCommonParameters $__cmdletization_objectModelWrapper $PSBoundParameters
            $__cmdletization_objectModelWrapper.BeginProcessing()
        }
        catch
        {
            $__cmdletization_exceptionHasBeenThrown = $true
            throw
        }
    }
        

    Process {
        try 
        {
            if (-not $__cmdletization_exceptionHasBeenThrown)
            {
    $__cmdletization_queryBuilder = $__cmdletization_objectModelWrapper.GetQueryBuilder()
    if ($PSBoundParameters.ContainsKey('Name') -and (@('ByName') -contains $PSCmdlet.ParameterSetName )) {
        $__cmdletization_values = @(${Name})
        $__cmdletization_queryBuilder.FilterByProperty('Name', $__cmdletization_values, $true, 'Default')
    }
    if ($PSBoundParameters.ContainsKey('InterfaceDescription') -and (@('ByInstanceID') -contains $PSCmdlet.ParameterSetName )) {
        $__cmdletization_values = @(${InterfaceDescription})
        $__cmdletization_queryBuilder.FilterByProperty('InterfaceDescription', $__cmdletization_values, $true, 'Default')
    }
    if ($PSBoundParameters.ContainsKey('IncludeHidden') -and (@('ByName', 'ByInstanceID') -contains $PSCmdlet.ParameterSetName )) {
    $__cmdletization_queryBuilder.AddQueryOption('IncludeHidden', ${IncludeHidden})
    }


    $__cmdletization_methodParameters = [System.Collections.Generic.List[Microsoft.PowerShell.Cmdletization.MethodParameter]]::new()
    switch -exact ($PSCmdlet.ParameterSetName) { 
        { @('ByName', 'ByInstanceID', 'InputObject (cdxml)') -contains $_ } {
          [object]$__cmdletization_defaultValue = $null
          [object]$__cmdletization_defaultValueIsPresent = $false
          if ($PSBoundParameters.ContainsKey('PassThru')) {
            [object]$__cmdletization_value = ${PassThru}
            $__cmdletization_methodParameter = [Microsoft.PowerShell.Cmdletization.MethodParameter]@{Name = 'cim:OperationOption:PassThru'; ParameterType = 'System.Management.Automation.SwitchParameter'; Bindings = 'In'; Value = $__cmdletization_value; IsValuePresent = $true}
          } else {
            $__cmdletization_methodParameter = [Microsoft.PowerShell.Cmdletization.MethodParameter]@{Name = 'cim:OperationOption:PassThru'; ParameterType = 'System.Management.Automation.SwitchParameter'; Bindings = 'In'; Value = $__cmdletization_defaultValue; IsValuePresent = $__cmdletization_defaultValueIsPresent}
          }
          $__cmdletization_methodParameters.Add($__cmdletization_methodParameter)

          [object]$__cmdletization_defaultValue = $null
          [object]$__cmdletization_defaultValueIsPresent = $false
          if ($PSBoundParameters.ContainsKey('NewName')) {
            [object]$__cmdletization_value = ${NewName}
            $__cmdletization_methodParameter = [Microsoft.PowerShell.Cmdletization.MethodParameter]@{Name = 'NewName'; ParameterType = 'System.String'; Bindings = 'In'; Value = $__cmdletization_value; IsValuePresent = $true}
          } else {
            $__cmdletization_methodParameter = [Microsoft.PowerShell.Cmdletization.MethodParameter]@{Name = 'NewName'; ParameterType = 'System.String'; Bindings = 'In'; Value = $__cmdletization_defaultValue; IsValuePresent = $__cmdletization_defaultValueIsPresent}
          }
          $__cmdletization_methodParameters.Add($__cmdletization_methodParameter)

          [object]$__cmdletization_defaultValue = $null
          [object]$__cmdletization_defaultValueIsPresent = $false
            $__cmdletization_methodParameter = [Microsoft.PowerShell.Cmdletization.MethodParameter]@{Name = 'CmdletOutput'; ParameterType = 'Microsoft.Management.Infrastructure.CimInstance'; Bindings = 'Out'; Value = $__cmdletization_defaultValue; IsValuePresent = $__cmdletization_defaultValueIsPresent}
          $__cmdletization_methodParameters.Add($__cmdletization_methodParameter)

      $__cmdletization_returnValue = $null
      $__cmdletization_methodInvocationInfo = [Microsoft.PowerShell.Cmdletization.MethodInvocationInfo]::new('Rename', $__cmdletization_met

ScriptBlock ID: 44dcce1b-6ada-4c41-9a22-73cd0e3e96ea
Path: "
"19-08-2026 13:32:32","4104","Warning","Microsoft-Windows-PowerShell","Creating Scriptblock text (1 of 3):

#requires -version 3.0

try { Microsoft.PowerShell.Core\Set-StrictMode -Off } catch { }

$script:MyModule = $MyInvocation.MyCommand.ScriptBlock.Module

$script:ClassName = 'ROOT/StandardCimv2/MSFT_NetAdapter'
$script:ClassVersion = '1.0.0'
$script:ModuleVersion = '1.0'
$script:ObjectModelWrapper = [Microsoft.PowerShell.Cmdletization.Cim.CimCmdletAdapter]

$script:PrivateData = [System.Collections.Generic.Dictionary[string,string]]::new()

Microsoft.PowerShell.Core\Export-ModuleMember -Function @()
        

function __cmdletization_BindCommonParameters
{
    param(
        $__cmdletization_objectModelWrapper,
        $myPSBoundParameters
    )       
                

        if ($myPSBoundParameters.ContainsKey('CimSession')) { 
            $__cmdletization_objectModelWrapper.PSObject.Properties['CimSession'].Value = $myPSBoundParameters['CimSession'] 
        }
                    

        if ($myPSBoundParameters.ContainsKey('ThrottleLimit')) { 
            $__cmdletization_objectModelWrapper.PSObject.Properties['ThrottleLimit'].Value = $myPSBoundParameters['ThrottleLimit'] 
        }
                    

        if ($myPSBoundParameters.ContainsKey('AsJob')) { 
            $__cmdletization_objectModelWrapper.PSObject.Properties['AsJob'].Value = $myPSBoundParameters['AsJob'] 
        }
                    

}
                

function Get-NetAdapter
{
    [CmdletBinding(DefaultParameterSetName='ByName', PositionalBinding=$false)]
    
    [OutputType([Microsoft.Management.Infrastructure.CimInstance])]
[OutputType('Microsoft.Management.Infrastructure.CimInstance#ROOT/StandardCimv2/MSFT_NetAdapter')]

    param(
    
    [Parameter(ParameterSetName='ByName', Position=0)]
    [Alias('ifAlias','InterfaceAlias')]
    [ValidateNotNull()]
    [string[]]
    ${Name},

    [Parameter(ParameterSetName='ByInstanceID', Mandatory=$true, ValueFromPipelineByPropertyName=$true)]
    [Alias('ifDesc')]
    [ValidateNotNull()]
    [string[]]
    ${InterfaceDescription},

    [Parameter(ParameterSetName='ByIfIndex', Mandatory=$true, ValueFromPipelineByPropertyName=$true)]
    [Alias('ifIndex')]
    [ValidateNotNull()]
    [uint32[]]
    ${InterfaceIndex},

    [Parameter(ParameterSetName='ByName')]
    [Parameter(ParameterSetName='ByInstanceID')]
    [Parameter(ParameterSetName='ByIfIndex')]
    [switch]
    ${IncludeHidden},

    [Parameter(ParameterSetName='ByName')]
    [Parameter(ParameterSetName='ByInstanceID')]
    [Parameter(ParameterSetName='ByIfIndex')]
    [switch]
    ${Physical},

    [Parameter(ParameterSetName='ByName')]
    [Parameter(ParameterSetName='ByInstanceID')]
    [Parameter(ParameterSetName='ByIfIndex')]
    [Alias('Session')]
    [ValidateNotNullOrEmpty()]
    [CimSession[]]
    ${CimSession},

    [Parameter(ParameterSetName='ByName')]
    [Parameter(ParameterSetName='ByInstanceID')]
    [Parameter(ParameterSetName='ByIfIndex')]
    [int]
    ${ThrottleLimit},

    [Parameter(ParameterSetName='ByName')]
    [Parameter(ParameterSetName='ByInstanceID')]
    [Parameter(ParameterSetName='ByIfIndex')]
    [switch]
    ${AsJob})

    DynamicParam {
        try 
        {
            if (-not $__cmdletization_exceptionHasBeenThrown)
            {
                $__cmdletization_objectModelWrapper = $script:ObjectModelWrapper::new()
                $__cmdletization_objectModelWrapper.Initialize($PSCmdlet, $script:ClassName, $script:ClassVersion, $script:ModuleVersion, $script:PrivateData)

                if ($__cmdletization_objectModelWrapper -is [System.Management.Automation.IDynamicParameters])
                {
                    ([System.Management.Automation.IDynamicParameters]$__cmdletization_objectModelWrapper).GetDynamicParameters()
                }
            }
        }
        catch
        {
            $__cmdletization_exceptionHasBeenThrown = $true
            throw
        }
    }

    Begin {
        $__cmdletization_exceptionHasBeenThrown = $false
        try 
        {
            __cmdletization_BindCommonParameters $__cmdletization_objectModelWrapper $PSBoundParameters
            $__cmdletization_objectModelWrapper.BeginProcessing()
        }
        catch
        {
            $__cmdletization_exceptionHasBeenThrown = $true
            throw
        }
    }
        

    Process {
        try 
        {
            if (-not $__cmdletization_exceptionHasBeenThrown)
            {
    $__cmdletization_queryBuilder = $__cmdletization_objectModelWrapper.GetQueryBuilder()
    if ($PSBoundParameters.ContainsKey('Name') -and (@('ByName') -contains $PSCmdlet.ParameterSetName )) {
        $__cmdletization_values = @(${Name})
        $__cmdletization_queryBuilder.FilterByProperty('Name', $__cmdletization_values, $true, 'Default')
    }
    if ($PSBoundParameters.ContainsKey('InterfaceDescription') -and (@('ByInstanceID') -contains $PSCmdlet.ParameterSetName )) {
        $__cmdletization_values = @(${InterfaceDescription})
        $__cmdletization_queryBuilder.FilterByProperty('InterfaceDescription', $__cmdletization_values, $true, 'Default')
    }
    if ($PSBoundParameters.ContainsKey('InterfaceIndex') -and (@('ByIfIndex') -contains $PSCmdlet.ParameterSetName )) {
        $__cmdletization_values = @(${InterfaceIndex})
        $__cmdletization_queryBuilder.FilterByProperty('InterfaceIndex', $__cmdletization_values, $false, 'Default')
    }
    if ($PSBoundParameters.ContainsKey('IncludeHidden') -and (@('ByName', 'ByInstanceID', 'ByIfIndex') -contains $PSCmdlet.ParameterSetName )) {
    $__cmdletization_queryBuilder.AddQueryOption('IncludeHidden', ${IncludeHidden})
    }
    if ($PSBoundParameters.ContainsKey('Physical') -and (@('ByName', 'ByInstanceID', 'ByIfIndex') -contains $PSCmdlet.ParameterSetName )) {
    $__cmdletization_queryBuilder.AddQueryOption('Physical', ${Physical})
    }


    $__cmdletization_objectModelWrapper.ProcessRecord($__cmdletization_queryBuilder)
            }
        }
        catch
        {
            $__cmdletization_exceptionHasBeenThrown = $true
            throw
        }
    }
        

    End {
        try
        {
            if (-not $__cmdletization_exceptionHasBeenThrown)
            {
                $__cmdletization_objectModelWrapper.EndProcessing()
            }
        }
        catch
        {
            throw
        }
    }

    # .EXTERNALHELP MSFT_NetAdapter.cmdletDefinition.cdxml-Help.xml
}
Microsoft.PowerShell.Core\Export-ModuleMember -Function 'Get-NetAdapter' -Alias '*'
        

function Enable-NetAdapter
{
    [CmdletBinding(DefaultParameterSetName='ByName', SupportsShouldProcess=$true, ConfirmImpact='Medium', PositionalBinding=$false)]
    
    [OutputType([Microsoft.Management.Infrastructure.CimInstance])]
    param(
    
    [Parameter(ParameterSetName='ByName', Mandatory=$true, Position=0)]
    [Alias('ifAlias','InterfaceAlias')]
    [ValidateNotNull()]
    [string[]]
    ${Name},

    [Parameter(ParameterSetName='ByInstanceID', Mandatory=$true, ValueFromPipelineByPropertyName=$true)]
    [Alias('ifDesc')]
    [ValidateNotNull()]
    [string[]]
    ${InterfaceDescription},

    [Parameter(ParameterSetName='ByName')]
    [Parameter(ParameterSetName='ByInstanceID')]
    [switch]
    ${IncludeHidden},

    [Parameter(ParameterSetName='InputObject (cdxml)', Mandatory=$true, ValueFromPipeline=$true)]
    [PSTypeName('Microsoft.Management.Infrastructure.CimInstance#MSFT_NetAdapter')]
    [ValidateNotNull()]
    [ciminstance[]]
    ${InputObject},

    [Parameter(ParameterSetName='ByName')]
    [Parameter(ParameterSetName='ByInstanceID')]
    [Parameter(ParameterSetName='InputObject (cdxml)')]
    [switch]
    ${PassThru},

    [Parameter(ParameterSetName='ByName')]
    [Parameter(ParameterSetName='ByInstanceID')]
    [Parameter(ParameterSetName='InputObject (cdxml)')]
    [Alias('Session')]
    [ValidateNotNullOrEmpty()]
    [CimSession[]]
    ${CimSession},

    [Parameter(ParameterSetName='ByName')]
    [Parameter(ParameterSetName='ByInstanceID')]
    [Parameter(ParameterSetName='InputObject (cdxml)')]
    [int]
    ${ThrottleLimit},

    [Parameter(ParameterSetName='ByName')]
    [Parameter(ParameterSetName='ByInstanceID')]
    [Parameter(ParameterSetName='InputObject (cdxml)')]
    [switch]
    ${AsJob})

    DynamicParam {
        try 
        {
            if (-not $__cmdletization_exceptionHasBeenThrown)
            {
                $__cmdletization_objectModelWrapper = $script:ObjectModelWrapper::new()
                $__cmdletization_objectModelWrapper.Initialize($PSCmdlet, $script:ClassName, $script:ClassVersion, $script:ModuleVersion, $script:PrivateData)

                if ($__cmdletization_objectModelWrapper -is [System.Management.Automation.IDynamicParameters])
                {
                    ([System.Management.Automation.IDynamicParameters]$__cmdletization_objectModelWrapper).GetDynamicParameters()
                }
            }
        }
        catch
        {
            $__cmdletization_exceptionHasBeenThrown = $true
            throw
        }
    }

    Begin {
        $__cmdletization_exceptionHasBeenThrown = $false
        try 
        {
            __cmdletization_BindCommonParameters $__cmdletization_objectModelWrapper $PSBoundParameters
            $__cmdletization_objectModelWrapper.BeginProcessing()
        }
        catch
        {
            $__cmdletization_exceptionHasBeenThrown = $true
            throw
        }
    }
        

    Process {
        try 
        {
            if (-not $__cmdletization_exceptionHasBeenThrown)
            {
    $__cmdletization_queryBuilder = $__cmdletization_objectModelWrapper.GetQueryBuilder()
    if ($PSBoundParameters.ContainsKey('Name') -and (@('ByName') -contains $PSCmdlet.ParameterSetName )) {
        $__cmdletization_values = @(${Name})
        $__cmdletization_queryBuilder.FilterByProperty('Name', $__cmdletization_values, $true, 'Default')
    }
    if ($PSBoundParameters.ContainsKey('InterfaceDescription') -and (@('ByInstanceID') -contains $PSCmdlet.ParameterSetName )) {
        $__cmdletization_values = @(${InterfaceDescription})
        $__cmdletization_queryBuilder.FilterByProperty('InterfaceDescription', $__cmdletization_values, $true, 'Default')
    }
    if ($PSBoundParameters.ContainsKey('IncludeHidden') -and (@('ByName', 'ByInstanceID') -contains $PSCmdlet.ParameterSetName )) {
    $__cmdletization_queryBuilder.AddQueryOption('IncludeHidden', ${IncludeHidden})
    }


    $__cmdletization_methodParameters = [System.Collections.Generic.List[Microsoft.PowerShell.Cmdletization.MethodParameter]]::new()
    switch -exact ($PSCmdlet.ParameterSetName) { 
        { @('ByName', 'ByInstanceID', 'InputObject (cdxml)') -contains $_ } {
          [object]$__cmdletization_defaultValue = $null
          [object]$__cmdletization_defaultValueIsPresent = $false
          if ($PSBoundParameters.ContainsKey('PassThru')) {
            [object]$__cmdletization_value = ${PassThru}
            $__cmdletization_methodParameter = [Microsoft.PowerShell.Cmdletization.MethodParameter]@{Name = 'cim:OperationOption:PassThru'; ParameterType = 'System.Management.Automation.SwitchParameter'; Bindings = 'In'; Value = $__cmdletization_value; IsValuePresent = $true}
          } else {
            $__cmdletization_methodParameter = [Microsoft.PowerShell.Cmdletization.MethodParameter]@{Name = 'cim:OperationOption:PassThru'; ParameterType = 'System.Management.Automation.SwitchParameter'; Bindings = 'In'; Value = $__cmdletization_defaultValue; IsValuePresent = $__cmdletization_defaultValueIsPresent}
          }
          $__cmdletization_methodParameters.Add($__cmdletization_methodParameter)

          [object]$__cmdletization_defaultValue = $null
          [object]$__cmdletization_defaultValueIsPresent = $false
            $__cmdletization_methodParameter = [Microsoft.PowerShell.Cmdletization.MethodParameter]@{Name = 'CmdletOutput'; ParameterType = 'Microsoft.Management.Infrastructure.CimInstance'; Bindings = 'Out'; Value = $__cmdletization_defaultValue; IsValuePresent = $__cmdletization_defaultValueIsPresent}
          $__cmdletization_methodParameters.Add($__cmdletization_methodParameter)

      $__cmdletization_returnValue = $null
      $__cmdletization_methodInvocationInfo = [Microsoft.PowerShell.Cmdletization.MethodInvocationInfo]::new('Enable', $__cmdletization_methodParameters, $__cmdletization_returnValue)
      $__cmdletization_passThru = $false
            if ($PSBoundParameters.ContainsKey('InputObject')) {
                foreach ($x in $InputObject) { $__cmdletization_objectModelWrapper.ProcessRecord($x, $__cmdletization_methodInvocationInfo, $__cmdletization_PassThru) }
            } else {
                $__cmdletization_objectModelWrapper.ProcessRecord($__cmdletization_queryBuilder, $__cmdletization_methodInvocationInfo, $__cmdletization_PassThru)
            }
        }
    }

            }
        }
        catch
        {
            $__cmdletization_exceptionHasBeenThrown = $true
            throw
        }
    }
        

    End {
        try
        {
            if (-not $__cmdletization_exceptionHasBeenThrown)
            {
                $__cmdletization_objectModelWrapper.EndProcessing()
            }
        }
        catch
        {
            throw
        }
    }

    # .EXTERNALHELP MSFT_NetAdapter.cmdletDefinition.cdxml-Help.xml
}
Microsoft.PowerShell.Core\Export-ModuleMember -Function 'Enable-NetAdapter' -Alias '*'
        

function Disable-NetAdapter
{
    [CmdletBinding(DefaultParameterSetName='ByName', SupportsShouldProcess=$true, ConfirmImpact='High', PositionalBinding=$false)]
    
    [OutputType([Microsoft.Management.Infrastructure.CimInstance])]
    param(
    
    [Parameter(ParameterSetName='ByName', Mandatory=$true, Position=0)]
    [Alias('ifAlias','InterfaceAlias')]
    [ValidateNotNull()]
    [string[]]
    ${Name},

    [Parameter(ParameterSetName='ByInstanceID', Mandatory=$true, ValueFromPipelineByPropertyName=$true)]
    [Alias('ifDesc')]
    [ValidateNotNull()]
    [string[]]
    ${InterfaceDescription},

    [Parameter(ParameterSetName='ByName')]
    [Parameter(ParameterSetName='ByInstanceID')]
    [switch]
    ${IncludeHidden},

    [Parameter(ParameterSetName='InputObject (cdxml)', Mandatory=$true, ValueFromPipeline=$true)]
    [PSTypeName('Microsoft.Management.Infrastructure.CimInstance#MSFT_NetAdapter')]
    [ValidateNotNull()]
    [ciminstance[]]
    ${InputObject},

    [Parameter(ParameterSetName='ByName')]
    [Parameter(ParameterSetName='ByInstanceID')]
    [Parameter(ParameterSetName='InputObject (cdxml)')]
    [switch]
    ${PassThru},

    [Parameter(ParameterSetName='ByName')]
    [Parameter(ParameterSetName='ByInstanceID')]
    [Parameter(ParameterSetName='InputObject (cdxml)')]
    [Alias('Session')]
    [ValidateNotNullOrEmpty()]
    [CimSession[]]
    ${CimSession},

    [Parameter(ParameterSetName='ByName')]
    [Parameter(ParameterSetName='ByInstanceID')]
    [Parameter(ParameterSetName='InputObject (cdxml)')]
    [int]
    ${ThrottleLimit},

    [Parameter(ParameterSetName='ByName')]
    [Parameter(ParameterSetName='ByInstanceID')]
    [Parameter(ParameterSetName='InputObject (cdxml)')]
    [switch]
    ${AsJob})

    DynamicParam {
        try 
        {
            if (-not $__cmdletization_exceptionHasBeenThrown)
            {
                $__cmdletization_objectModelWrapper = $script:ObjectModelWrapper::new()
                $__cmdletization_objectModelWrapper.Initialize($PSCmdlet, $script:ClassName, $script:ClassVersion, $script:ModuleVersion, $script:PrivateData)

                if ($__cmdletization_objectModelWrapper -is [System.Management.Automation.IDynamicParameters])
                {
                    ([System.Management.Automation.IDynamicParameters]$__cmdletization_objectModelWrapper).GetDynamicParameters()
                }
            }
        }
        catch
        {
            $__cmdletization_exceptionHasBeenThrown = $true
            throw
        }
    }

    Begin {
        $__cmdletization_exceptionHasBeenThrown = $false
        try 
        {
            __cmdletization_BindCommonParameters $__cmdletization_objectModelWrapper $PSBoundParameters
            $__cmdletization_objectModelWrapper.BeginProcessing()
        }
        catch
        {
            $__cmdletization_exceptionHasBeenThrown = $true
            throw
        }
    }
        

    Process {
        try 
        {
            if (-not $__cmdletization_exceptionHasBeenThrown)
            {
    $__cmdletization_queryBuilder = $__cmdletization_objectModelWrapper.GetQueryBuilder()
    if ($PSBoundParameters.ContainsKey('Name') -and (@('ByName') -contains $PSCmdlet.ParameterSetName )) {
        $__cmdletization_values = @(${Name})
        $__cmdletization_queryBuilder.FilterByProperty('Name', $__cmdletization_values, $true, 'Default')
    }
    if ($PSBoundParameters.ContainsKey('InterfaceDescription') -and (@('ByInstanceID') -contains $PSCmdlet.ParameterSetName )) {
        $__cmdletization_values = @(${InterfaceDescription})
        $__cmdletization_queryBuilder.FilterByProperty('InterfaceDescription', $__cmdletization_values, $true,

ScriptBlock ID: 44dcce1b-6ada-4c41-9a22-73cd0e3e96ea
Path: "
"19-08-2026 13:32:31","40962","Information","Microsoft-Windows-PowerShell","PowerShell console is ready for user input"
"19-08-2026 13:32:31","53504","Information","Microsoft-Windows-PowerShell","Windows PowerShell has started an IPC listening thread on process: 29936 in AppDomain: DefaultAppDomain."
"19-08-2026 13:32:31","40961","Information","Microsoft-Windows-PowerShell","PowerShell console is starting up"
"19-08-2026 13:32:21","4103","Information","Microsoft-Windows-PowerShell","CommandInvocation(Add-Type): ""Add-Type""
ParameterBinding(Add-Type): name=""AssemblyName""; value=""System.IO.Compression.FileSystem""


Context:
        Severity = Informational
        Host Name = ConsoleHost
        Host Version = 5.1.26100.8875
        Host ID = 593ccf55-94fa-4a00-8bec-5b0a62014ed7
        Host Application = C:\Windows\System32\WindowsPowerShell\v1.0\powershell.exe -NoProfile -executionPolicy bypass -file C:\Windows\IMECache\HealthScripts\d31bebbd-9a3b-4571-b399-00ae39af5d1b_2\detect.ps1
        Engine Version = 5.1.26100.8875
        Runspace ID = 7c1620d3-77df-4d3e-8948-acdd3775e5c2
        Pipeline ID = 1
        Command Name = Add-Type
        Command Type = Cmdlet
        Script Name = C:\Windows\system32\WindowsPowerShell\v1.0\Modules\Microsoft.PowerShell.Archive\Microsoft.PowerShell.Archive.psm1
        Command Path = 
        Sequence Number = 213
        User = WORKGROUP\SYSTEM
        Connected User = 
        Shell ID = Microsoft.PowerShell


User Data:

"
"19-08-2026 13:32:21","4103","Information","Microsoft-Windows-PowerShell","CommandInvocation(Add-Type): ""Add-Type""
ParameterBinding(Add-Type): name=""AssemblyName""; value=""System.IO.Compression""


Context:
        Severity = Informational
        Host Name = ConsoleHost
        Host Version = 5.1.26100.8875
        Host ID = 593ccf55-94fa-4a00-8bec-5b0a62014ed7
        Host Application = C:\Windows\System32\WindowsPowerShell\v1.0\powershell.exe -NoProfile -executionPolicy bypass -file C:\Windows\IMECache\HealthScripts\d31bebbd-9a3b-4571-b399-00ae39af5d1b_2\detect.ps1
        Engine Version = 5.1.26100.8875
        Runspace ID = 7c1620d3-77df-4d3e-8948-acdd3775e5c2
        Pipeline ID = 1
        Command Name = Add-Type
        Command Type = Cmdlet
        Script Name = C:\Windows\system32\WindowsPowerShell\v1.0\Modules\Microsoft.PowerShell.Archive\Microsoft.PowerShell.Archive.psm1
        Command Path = 
        Sequence Number = 209
        User = WORKGROUP\SYSTEM
        Connected User = 
        Shell ID = Microsoft.PowerShell


User Data:

"
"19-08-2026 13:32:16","40962","Information","Microsoft-Windows-PowerShell","PowerShell console is ready for user input"
"19-08-2026 13:32:16","53504","Information","Microsoft-Windows-PowerShell","Windows PowerShell has started an IPC listening thread on process: 29996 in AppDomain: DefaultAppDomain."
"19-08-2026 13:32:16","40961","Information","Microsoft-Windows-PowerShell","PowerShell console is starting up"
"19-08-2026 13:32:06","40962","Information","Microsoft-Windows-PowerShell","PowerShell console is ready for user input"
"19-08-2026 13:32:06","53504","Information","Microsoft-Windows-PowerShell","Windows PowerShell has started an IPC listening thread on process: 28384 in AppDomain: DefaultAppDomain."
