"16-06-2026 09:59:34","400","Information","Microsoft-Windows-Kernel-PnP","Device SOUNDWIRE\SDCA_06&MAN_01FA&FUNC_4243&TYPE_03&VER_01&ADR_02&LID_00&UID_00&SUBSYS_0CE81028&DynamicEnumMicrophone0\8&b76481&0&00000400 was configured.

Driver Name: oem139.inf
Driver Package ID: xucsme.inf_amd64_2fc0303188b44c4c
Class GUID: {e2f84ce7-8efa-411c-aa69-97454ca4cb57}
Driver Date: 04/06/2026
Driver Version: 1.0.709.49429
Driver Provider: Cirrus Logic, Inc.
Driver Section: Endpoint.NT
Driver Rank: 0xFF0002
Matching Device ID: SOUNDWIRE\SDCA_06&MAN_01FA&FUNC_4243&TYPE_03&VER_01&ADR_02&DynamicEnumMicrophone0
Outranked Drivers: 
Device Updated: false
Parent Device: SOUNDWIRE\SDCA_06&MAN_01FA&FUNC_4243&TYPE_03&VER_01&ADR_02&LID_00&UID_00&SUBSYS_0CE81028\7&2796ba65&0&0000000000000002"
"16-06-2026 09:59:34","400","Information","Microsoft-Windows-Kernel-PnP","Device SOUNDWIRE\SDCA_06&MAN_01FA&FUNC_4243&TYPE_03&VER_01&ADR_02&LID_00&UID_00&SUBSYS_0CE81028&DynamicEnumMicrophone0\8&b76481&0&00000400 was configured.

Driver Name: oem520.inf
Driver Package ID: hdx_cirrusext_dell_igo_gc_cust.inf_amd64_f2e61145a866ce4a
Class GUID: {e2f84ce7-8efa-411c-aa69-97454ca4cb57}
Driver Date: 04/09/2026
Driver Version: 100.1.4.2740
Driver Provider: intelliGo
Driver Section: HDXAudModel_Cust_11_0CE8
Driver Rank: 0xFF0000
Matching Device ID: SOUNDWIRE\SDCA_06&MAN_01FA&FUNC_4243&TYPE_03&VER_01&ADR_02&LID_00&UID_00&SUBSYS_0CE81028&DynamicEnumMicrophone0
Outranked Drivers: 
Device Updated: false
Parent Device: SOUNDWIRE\SDCA_06&MAN_01FA&FUNC_4243&TYPE_03&VER_01&ADR_02&LID_00&UID_00&SUBSYS_0CE81028\7&2796ba65&0&0000000000000002"
"16-06-2026 09:59:34","400","Information","Microsoft-Windows-Kernel-PnP","Device SOUNDWIRE\SDCA_06&MAN_01FA&FUNC_4243&TYPE_03&VER_01&ADR_02&LID_00&UID_00&SUBSYS_0CE81028&DynamicEnumMicrophone0\8&b76481&0&00000400 was configured.

Driver Name: oem479.inf
Driver Package ID: hdx_cirrusext_dell_igo_cust.inf_amd64_0cb905b16f72f814
Class GUID: {e2f84ce7-8efa-411c-aa69-97454ca4cb57}
Driver Date: 04/09/2026
Driver Version: 100.1.4.2740
Driver Provider: intelliGo
Driver Section: HDXAudModel_Cust_11
Driver Rank: 0xFF0000
Matching Device ID: SOUNDWIRE\SDCA_06&MAN_01FA&FUNC_4243&TYPE_03&VER_01&ADR_02&LID_00&UID_00&SUBSYS_0CE81028&DynamicEnumMicrophone0
Outranked Drivers: 
Device Updated: false
Parent Device: SOUNDWIRE\SDCA_06&MAN_01FA&FUNC_4243&TYPE_03&VER_01&ADR_02&LID_00&UID_00&SUBSYS_0CE81028\7&2796ba65&0&0000000000000002"
"16-06-2026 09:59:34","400","Information","Microsoft-Windows-Kernel-PnP","Device SOUNDWIRE\SDCA_06&MAN_01FA&FUNC_4243&TYPE_03&VER_01&ADR_02&LID_00&UID_00&SUBSYS_0CE81028&DynamicEnumMicrophone0\8&b76481&0&00000400 was configured.

Driver Name: oem448.inf
Driver Package ID: hdx_cirrusext_dell_igo.inf_amd64_932d7266fce6ce66
Class GUID: {e2f84ce7-8efa-411c-aa69-97454ca4cb57}
Driver Date: 04/09/2026
Driver Version: 100.1.4.2740
Driver Provider: intelliGo
Driver Section: HDXAudModel_11
Driver Rank: 0xFF0000
Matching Device ID: SOUNDWIRE\SDCA_06&MAN_01FA&FUNC_4243&TYPE_03&VER_01&ADR_02&LID_00&UID_00&SUBSYS_0CE81028&DynamicEnumMicrophone0
Outranked Drivers: 
Device Updated: false
Parent Device: SOUNDWIRE\SDCA_06&MAN_01FA&FUNC_4243&TYPE_03&VER_01&ADR_02&LID_00&UID_00&SUBSYS_0CE81028\7&2796ba65&0&0000000000000002"
"16-06-2026 09:59:34","400","Information","Microsoft-Windows-Kernel-PnP","Device SOUNDWIRE\SDCA_06&MAN_01FA&FUNC_4243&TYPE_03&VER_01&ADR_02&LID_00&UID_00&SUBSYS_0CE81028&DynamicEnumMicrophone0\8&b76481&0&00000400 was configured.

Driver Name: oem157.inf
Driver Package ID: xucsmeext_intelligo.inf_amd64_91e23bd3e9f84369
Class GUID: {e2f84ce7-8efa-411c-aa69-97454ca4cb57}
Driver Date: 06/29/2025
Driver Version: 1.0.2.0
Driver Provider: Cirrus Logic, Inc.
Driver Section: APO_Capture.NT
Driver Rank: 0xFF0000
Matching Device ID: SOUNDWIRE\SDCA_06&MAN_01FA&FUNC_4243&TYPE_03&VER_01&ADR_02&LID_00&UID_00&SUBSYS_0CE81028&DynamicEnumMicrophone0
Outranked Drivers: 
Device Updated: false
Parent Device: SOUNDWIRE\SDCA_06&MAN_01FA&FUNC_4243&TYPE_03&VER_01&ADR_02&LID_00&UID_00&SUBSYS_0CE81028\7&2796ba65&0&0000000000000002"
"16-06-2026 09:59:34","400","Information","Microsoft-Windows-Kernel-PnP","Device SOUNDWIRE\SDCA_06&MAN_01FA&FUNC_4243&TYPE_03&VER_01&ADR_02&LID_00&UID_00&SUBSYS_0CE81028&DynamicEnumMicrophone0\8&b76481&0&00000400 was configured.

Driver Name: oem66.inf
Driver Package ID: sdcaclass.inf_amd64_0b2f30007e05e98a
Class GUID: {4d36e96c-e325-11ce-bfc1-08002be10318}
Driver Date: 01/17/2025
Driver Version: 10.0.2410.7
Driver Provider: Microsoft
Driver Section: SoundwireClass_Device_Child.NT
Driver Rank: 0xFF2000
Matching Device ID: SOUNDWIRE\DynamicEnumChild
Outranked Drivers: 
Device Updated: false
Parent Device: SOUNDWIRE\SDCA_06&MAN_01FA&FUNC_4243&TYPE_03&VER_01&ADR_02&LID_00&UID_00&SUBSYS_0CE81028\7&2796ba65&0&0000000000000002"
"16-06-2026 09:59:34","410","Information","Microsoft-Windows-Kernel-PnP","Device SWD\DRIVERENUM\{a41c0e73-385f-43f3-9abe-4455c4e152ef}#CLoggerSrv&7&2796ba65&0 was started.

Driver Name: oem170.inf
Class GUID: {5c4c3332-344d-483c-8739-259e934c9cc8}
Service: 
Lower Filters: 
Upper Filters: "
"16-06-2026 09:59:34","400","Information","Microsoft-Windows-Kernel-PnP","Device SWD\DRIVERENUM\{a41c0e73-385f-43f3-9abe-4455c4e152ef}#CLoggerSrv&7&2796ba65&0 was configured.

Driver Name: oem170.inf
Driver Package ID: cloggersrv.inf_amd64_1d2eaf71cda0f8e7
Class GUID: {5c4c3332-344d-483c-8739-259e934c9cc8}
Driver Date: 11/01/2025
Driver Version: 15.23.33.748
Driver Provider: Cirrus Logic, Inc.
Driver Section: CLoggerSrv_Install.NT
Driver Rank: 0xFF0000
Matching Device ID: SWC\VEN_CSC&HID_9012
Outranked Drivers: c_swcomponent.inf:SWC\Generic:00FF3000 c_swdevice.inf:SWD\GenericRaw:00FF3001
Device Updated: false
Parent Device: SOUNDWIRE\SDCA&MAN_01FA&PART_4243&VER_03&CID_00&LID_00&UID_00&SUBSYS_0CE81028\6&6ff7181&0&01424301FA000300"
"16-06-2026 09:59:33","430","Information","Microsoft-Windows-Kernel-PnP","Device {F67B0BEA-BDB7-47D3-9131-75877CDE0ED4}\Streaming_Speaker&CP_{ebfc0f98-693b-11f1-a27a-54582d32ed0c}\6&c603bdd&0 requires further installation."
"16-06-2026 09:59:33","430","Information","Microsoft-Windows-Kernel-PnP","Device XuCsMe\ExtensionSpeaker\8&b83798c&0&00 requires further installation."
"16-06-2026 09:59:33","430","Information","Microsoft-Windows-Kernel-PnP","Device SOUNDWIRE\SDCA_06&MAN_01FA&FUNC_4243&TYPE_01&VER_01&ADR_01&LID_00&UID_00&SUBSYS_0CE81028&DynamicEnumSpeaker0\8&b83798c&0&00000c00 requires further installation."
"16-06-2026 09:59:33","410","Information","Microsoft-Windows-Kernel-PnP","Device SOUNDWIRE\SDCA_06&MAN_01FA&FUNC_4243&TYPE_01&VER_01&ADR_01&LID_00&UID_00&SUBSYS_0CE81028\7&2796ba65&0&0000000000000001 was started.

Driver Name: oem66.inf
Class GUID: {4d36e96c-e325-11ce-bfc1-08002be10318}
Service: SdcaClass
Lower Filters: 
Upper Filters: "
"16-06-2026 09:59:33","400","Information","Microsoft-Windows-Kernel-PnP","Device SOUNDWIRE\SDCA_06&MAN_01FA&FUNC_4243&TYPE_01&VER_01&ADR_01&LID_00&UID_00&SUBSYS_0CE81028\7&2796ba65&0&0000000000000001 was configured.

Driver Name: oem139.inf
Driver Package ID: xucsme.inf_amd64_2fc0303188b44c4c
Class GUID: {e2f84ce7-8efa-411c-aa69-97454ca4cb57}
Driver Date: 04/06/2026
Driver Version: 1.0.709.49429
Driver Provider: Cirrus Logic, Inc.
Driver Section: CS42L43_AMP.NT
Driver Rank: 0xFF0002
Matching Device ID: SOUNDWIRE\SDCA_06&MAN_01FA&FUNC_4243&TYPE_01&VER_01&ADR_01
Outranked Drivers: 
Device Updated: false
Parent Device: SOUNDWIRE\SDCA&MAN_01FA&PART_4243&VER_03&CID_00&LID_00&UID_00&SUBSYS_0CE81028\6&6ff7181&0&01424301FA000300"
"16-06-2026 09:59:33","400","Information","Microsoft-Windows-Kernel-PnP","Device SOUNDWIRE\SDCA_06&MAN_01FA&FUNC_4243&TYPE_01&VER_01&ADR_01&LID_00&UID_00&SUBSYS_0CE81028\7&2796ba65&0&0000000000000001 was configured.

Driver Name: oem136.inf
Driver Package ID: xucsmeext_0ce8.inf_amd64_da4b596c6bdc0c70
Class GUID: {e2f84ce7-8efa-411c-aa69-97454ca4cb57}
Driver Date: 04/12/2026
Driver Version: 1.0.0.17
Driver Provider: Cirrus Logic, Inc.
Driver Section: CS42L43_AMP_0CE81028.NT
Driver Rank: 0xFF0001
Matching Device ID: SOUNDWIRE\SDCA_06&MAN_01FA&FUNC_4243&TYPE_01&VER_01&ADR_01&SUBSYS_0CE81028
Outranked Drivers: 
Device Updated: false
Parent Device: SOUNDWIRE\SDCA&MAN_01FA&PART_4243&VER_03&CID_00&LID_00&UID_00&SUBSYS_0CE81028\6&6ff7181&0&01424301FA000300"
"16-06-2026 09:59:33","400","Information","Microsoft-Windows-Kernel-PnP","Device SOUNDWIRE\SDCA_06&MAN_01FA&FUNC_4243&TYPE_01&VER_01&ADR_01&LID_00&UID_00&SUBSYS_0CE81028\7&2796ba65&0&0000000000000001 was configured.

Driver Name: oem66.inf
Driver Package ID: sdcaclass.inf_amd64_0b2f30007e05e98a
Class GUID: {4d36e96c-e325-11ce-bfc1-08002be10318}
Driver Date: 01/17/2025
Driver Version: 10.0.2410.7
Driver Provider: Microsoft
Driver Section: SoundwireClass_Device.NT
Driver Rank: 0xFF2000
Matching Device ID: SOUNDWIRE\AUDIOFUNCTION
Outranked Drivers: 
Device Updated: false
Parent Device: SOUNDWIRE\SDCA&MAN_01FA&PART_4243&VER_03&CID_00&LID_00&UID_00&SUBSYS_0CE81028\6&6ff7181&0&01424301FA000300"
"16-06-2026 09:59:33","430","Information","Microsoft-Windows-Kernel-PnP","Device {F67B0BEA-BDB7-47D3-9131-75877CDE0ED4}\Streaming_HeadsetMic&CP_{ebfc0f92-693b-11f1-a27a-54582d32ed0c}\6&c603bdd&0 requires further installation."
"16-06-2026 09:59:33","430","Information","Microsoft-Windows-Kernel-PnP","Device {F67B0BEA-BDB7-47D3-9131-75877CDE0ED4}\Streaming_HeadsetOutput&CP_{ebfc0f91-693b-11f1-a27a-54582d32ed0c}\6&c603bdd&0 requires further installation."
"16-06-2026 09:59:33","430","Information","Microsoft-Windows-Kernel-PnP","Device XuCsMe\ExtensionMicrophone\8&b098aae&0&00 requires further installation."
"16-06-2026 09:59:33","430","Information","Microsoft-Windows-Kernel-PnP","Device XuCsMe\ExtensionSpeaker\8&b098aae&0&00 requires further installation."
"16-06-2026 09:59:33","430","Information","Microsoft-Windows-Kernel-PnP","Device XuCsMe\JackRetaskingAudioModule\8&b098aae&0&00 requires further installation."
"16-06-2026 09:59:33","430","Information","Microsoft-Windows-Kernel-PnP","Device SOUNDWIRE\SDCA_06&MAN_01FA&FUNC_4243&TYPE_06&VER_01&ADR_03&LID_00&UID_00&SUBSYS_0CE81028&DynamicEnumMicrophone0\8&b098aae&0&00000b00 requires further installation."
"16-06-2026 09:59:33","430","Information","Microsoft-Windows-Kernel-PnP","Device SOUNDWIRE\SDCA_06&MAN_01FA&FUNC_4243&TYPE_06&VER_01&ADR_03&LID_00&UID_00&SUBSYS_0CE81028&DynamicEnumSpeaker0\8&b098aae&0&00001700 requires further installation."
"16-06-2026 09:59:33","410","Information","Microsoft-Windows-Kernel-PnP","Device SOUNDWIRE\SDCA_06&MAN_01FA&FUNC_4243&TYPE_06&VER_01&ADR_03&LID_00&UID_00&SUBSYS_0CE81028\7&2796ba65&0&0000000000000003 was started.

Driver Name: oem66.inf
Class GUID: {4d36e96c-e325-11ce-bfc1-08002be10318}
Service: SdcaClass
Lower Filters: 
Upper Filters: "
"16-06-2026 09:59:33","400","Information","Microsoft-Windows-Kernel-PnP","Device SOUNDWIRE\SDCA_06&MAN_01FA&FUNC_4243&TYPE_06&VER_01&ADR_03&LID_00&UID_00&SUBSYS_0CE81028\7&2796ba65&0&0000000000000003 was configured.

Driver Name: oem139.inf
Driver Package ID: xucsme.inf_amd64_2fc0303188b44c4c
Class GUID: {e2f84ce7-8efa-411c-aa69-97454ca4cb57}
Driver Date: 04/06/2026
Driver Version: 1.0.709.49429
Driver Provider: Cirrus Logic, Inc.
Driver Section: CS42L43_UAJ.NT
Driver Rank: 0xFF0002
Matching Device ID: SOUNDWIRE\SDCA_06&MAN_01FA&FUNC_4243&TYPE_06&VER_01&ADR_03
Outranked Drivers: 
Device Updated: false
Parent Device: SOUNDWIRE\SDCA&MAN_01FA&PART_4243&VER_03&CID_00&LID_00&UID_00&SUBSYS_0CE81028\6&6ff7181&0&01424301FA000300"
"16-06-2026 09:59:33","400","Information","Microsoft-Windows-Kernel-PnP","Device SOUNDWIRE\SDCA_06&MAN_01FA&FUNC_4243&TYPE_06&VER_01&ADR_03&LID_00&UID_00&SUBSYS_0CE81028\7&2796ba65&0&0000000000000003 was configured.

Driver Name: oem136.inf
Driver Package ID: xucsmeext_0ce8.inf_amd64_da4b596c6bdc0c70
Class GUID: {e2f84ce7-8efa-411c-aa69-97454ca4cb57}
Driver Date: 04/12/2026
Driver Version: 1.0.0.17
Driver Provider: Cirrus Logic, Inc.
Driver Section: CS42L43_UAJ_0CE81028.NT
Driver Rank: 0xFF0001
Matching Device ID: SOUNDWIRE\SDCA_06&MAN_01FA&FUNC_4243&TYPE_06&VER_01&ADR_03&SUBSYS_0CE81028
Outranked Drivers: 
Device Updated: false
Parent Device: SOUNDWIRE\SDCA&MAN_01FA&PART_4243&VER_03&CID_00&LID_00&UID_00&SUBSYS_0CE81028\6&6ff7181&0&01424301FA000300"
"16-06-2026 09:59:33","400","Information","Microsoft-Windows-Kernel-PnP","Device SOUNDWIRE\SDCA_06&MAN_01FA&FUNC_4243&TYPE_06&VER_01&ADR_03&LID_00&UID_00&SUBSYS_0CE81028\7&2796ba65&0&0000000000000003 was configured.

Driver Name: oem66.inf
Driver Package ID: sdcaclass.inf_amd64_0b2f30007e05e98a
Class GUID: {4d36e96c-e325-11ce-bfc1-08002be10318}
Driver Date: 01/17/2025
Driver Version: 10.0.2410.7
Driver Provider: Microsoft
Driver Section: SoundwireClass_Device.NT
Driver Rank: 0xFF2000
Matching Device ID: SOUNDWIRE\AUDIOFUNCTION
Outranked Drivers: 
Device Updated: false
Parent Device: SOUNDWIRE\SDCA&MAN_01FA&PART_4243&VER_03&CID_00&LID_00&UID_00&SUBSYS_0CE81028\6&6ff7181&0&01424301FA000300"
"16-06-2026 09:59:32","410","Information","Microsoft-Windows-Kernel-PnP","Device HID\HID_DEVICE_SYSTEM_VHF&Col02\9&25542e13&0&0001 was started.

Driver Name: hidtelephonydriver.inf
Class GUID: {745a17a0-74d3-11d0-b6fe-00a0c90f57da}
Service: WUDFRd
Lower Filters: 
Upper Filters: "
"16-06-2026 09:59:32","410","Information","Microsoft-Windows-Kernel-PnP","Device HID\HID_DEVICE_SYSTEM_VHF&Col01\9&25542e13&0&0000 was started.

Driver Name: hidserv.inf
Class GUID: {745a17a0-74d3-11d0-b6fe-00a0c90f57da}
Service: 
Lower Filters: 
Upper Filters: "
"16-06-2026 09:59:32","400","Information","Microsoft-Windows-Kernel-PnP","Device HID\HID_DEVICE_SYSTEM_VHF&Col02\9&25542e13&0&0001 was configured.

Driver Name: hidtelephonydriver.inf
Driver Package ID: hidtelephonydriver.inf_amd64_4d87f0bd77d9889a
Class GUID: {745a17a0-74d3-11d0-b6fe-00a0c90f57da}
Driver Date: 04/21/2009
Driver Version: 10.0.26100.8115
Driver Provider: Microsoft
Driver Section: HidTelephony_Install.NT
Driver Rank: 0xFF0003
Matching Device ID: HID_DEVICE_UP:000B_U:0005
Outranked Drivers: input.inf:HID_DEVICE_UP:000B_U:0005:00FF1003 input.inf:HID_DEVICE:00FF1004
Device Updated: false
Parent Device: VHF\HID_DEVICE_SYSTEM_VHF\8&10e60204&0&{d782c0ef-b01f-531c-a36d-e539fe17560b}"
"16-06-2026 09:59:32","400","Information","Microsoft-Windows-Kernel-PnP","Device HID\HID_DEVICE_SYSTEM_VHF&Col01\9&25542e13&0&0000 was configured.

Driver Name: hidserv.inf
Driver Package ID: hidserv.inf_amd64_3111b4bfb553788d
Class GUID: {745a17a0-74d3-11d0-b6fe-00a0c90f57da}
Driver Date: 06/21/2006
Driver Version: 10.0.26100.1
Driver Provider: Microsoft
Driver Section: HIDSystemConsumerDevice
Driver Rank: 0xFF0004
Matching Device ID: HID_DEVICE_UP:000C_U:0001
Outranked Drivers: input.inf:HID_DEVICE:00FF1005
Device Updated: false
Parent Device: VHF\HID_DEVICE_SYSTEM_VHF\8&10e60204&0&{d782c0ef-b01f-531c-a36d-e539fe17560b}"
"16-06-2026 09:59:32","410","Information","Microsoft-Windows-Kernel-PnP","Device VHF\HID_DEVICE_SYSTEM_VHF\8&10e60204&0&{d782c0ef-b01f-531c-a36d-e539fe17560b} was started.

Driver Name: hidvhf.inf
Class GUID: {745a17a0-74d3-11d0-b6fe-00a0c90f57da}
Service: mshidkmdf
Lower Filters: 
Upper Filters: "
"16-06-2026 09:59:32","400","Information","Microsoft-Windows-Kernel-PnP","Device VHF\HID_DEVICE_SYSTEM_VHF\8&10e60204&0&{d782c0ef-b01f-531c-a36d-e539fe17560b} was configured.

Driver Name: hidvhf.inf
Driver Package ID: hidvhf.inf_amd64_97f422ffbe2be716
Class GUID: {745a17a0-74d3-11d0-b6fe-00a0c90f57da}
Driver Date: 06/21/2006
Driver Version: 10.0.26100.8115
Driver Provider: Microsoft
Driver Section: vhfdevice.NT
Driver Rank: 0xFF0000
Matching Device ID: HID_DEVICE_SYSTEM_VHF
Outranked Drivers: 
Device Updated: false
Parent Device: SOUNDWIRE\SDCA_06&MAN_01FA&FUNC_4243&TYPE_0A&VER_01&ADR_04&LID_00&UID_00&SUBSYS_0CE81028\7&2796ba65&0&0000000000000004"
"16-06-2026 09:59:32","410","Information","Microsoft-Windows-Kernel-PnP","Device SOUNDWIRE\SDCA_06&MAN_01FA&FUNC_4243&TYPE_0A&VER_01&ADR_04&LID_00&UID_00&SUBSYS_0CE81028\7&2796ba65&0&0000000000000004 was started.

Driver Name: oem64.inf
Class GUID: {745a17a0-74d3-11d0-b6fe-00a0c90f57da}
Service: SdcaHid
Lower Filters: vhf
Upper Filters: "
"16-06-2026 09:59:32","400","Information","Microsoft-Windows-Kernel-PnP","Device SOUNDWIRE\SDCA_06&MAN_01FA&FUNC_4243&TYPE_0A&VER_01&ADR_04&LID_00&UID_00&SUBSYS_0CE81028\7&2796ba65&0&0000000000000004 was configured.

Driver Name: oem139.inf
Driver Package ID: xucsme.inf_amd64_2fc0303188b44c4c
Class GUID: {e2f84ce7-8efa-411c-aa69-97454ca4cb57}
Driver Date: 04/06/2026
Driver Version: 1.0.709.49429
Driver Provider: Cirrus Logic, Inc.
Driver Section: CS42L43_HID.NT
Driver Rank: 0xFF0002
Matching Device ID: SOUNDWIRE\SDCA_06&MAN_01FA&FUNC_4243&TYPE_0A&VER_01&ADR_04
Outranked Drivers: 
Device Updated: false
Parent Device: SOUNDWIRE\SDCA&MAN_01FA&PART_4243&VER_03&CID_00&LID_00&UID_00&SUBSYS_0CE81028\6&6ff7181&0&01424301FA000300"
"16-06-2026 09:59:32","400","Information","Microsoft-Windows-Kernel-PnP","Device SOUNDWIRE\SDCA_06&MAN_01FA&FUNC_4243&TYPE_0A&VER_01&ADR_04&LID_00&UID_00&SUBSYS_0CE81028\7&2796ba65&0&0000000000000004 was configured.

Driver Name: oem136.inf
Driver Package ID: xucsmeext_0ce8.inf_amd64_da4b596c6bdc0c70
Class GUID: {e2f84ce7-8efa-411c-aa69-97454ca4cb57}
Driver Date: 04/12/2026
Driver Version: 1.0.0.17
Driver Provider: Cirrus Logic, Inc.
Driver Section: CS42L43_HID_0CE81028.NT
Driver Rank: 0xFF0001
Matching Device ID: SOUNDWIRE\SDCA_06&MAN_01FA&FUNC_4243&TYPE_0A&VER_01&ADR_04&SUBSYS_0CE81028
Outranked Drivers: 
Device Updated: false
Parent Device: SOUNDWIRE\SDCA&MAN_01FA&PART_4243&VER_03&CID_00&LID_00&UID_00&SUBSYS_0CE81028\6&6ff7181&0&01424301FA000300"
"16-06-2026 09:59:32","400","Information","Microsoft-Windows-Kernel-PnP","Device SOUNDWIRE\SDCA_06&MAN_01FA&FUNC_4243&TYPE_0A&VER_01&ADR_04&LID_00&UID_00&SUBSYS_0CE81028\7&2796ba65&0&0000000000000004 was configured.

Driver Name: oem64.inf
Driver Package ID: sdcahid.inf_amd64_4bdadfee563fc803
Class GUID: {745a17a0-74d3-11d0-b6fe-00a0c90f57da}
Driver Date: 01/17/2025
Driver Version: 10.0.2410.7
Driver Provider: Microsoft
Driver Section: SoundwireHid_Device.NT
Driver Rank: 0xFF2000
Matching Device ID: SOUNDWIRE\HIDFUNCTION
Outranked Drivers: 
Device Updated: false
Parent Device: SOUNDWIRE\SDCA&MAN_01FA&PART_4243&VER_03&CID_00&LID_00&UID_00&SUBSYS_0CE81028\6&6ff7181&0&01424301FA000300"
"16-06-2026 09:59:32","410","Information","Microsoft-Windows-Kernel-PnP","Device SWD\DRIVERENUM\{ebf04dfa-3a1b-4e2e-8cfa-5d2bdb215dca}#CsGMMuteSrv&7&2796ba65&0 was started.

Driver Name: oem166.inf
Class GUID: {5c4c3332-344d-483c-8739-259e934c9cc8}
Service: 
Lower Filters: 
Upper Filters: "
"16-06-2026 09:59:32","400","Information","Microsoft-Windows-Kernel-PnP","Device SWD\DRIVERENUM\{ebf04dfa-3a1b-4e2e-8cfa-5d2bdb215dca}#CsGMMuteSrv&7&2796ba65&0 was configured.

Driver Name: oem166.inf
Driver Package ID: csgmmutesrv.inf_amd64_4321d29898ae36f0
Class GUID: {5c4c3332-344d-483c-8739-259e934c9cc8}
Driver Date: 02/20/2026
Driver Version: 1.0.16.51
Driver Provider: Cirrus Logic, Inc.
Driver Section: CsGMMuteSrv_Install.NT
Driver Rank: 0xFF0000
Matching Device ID: SWC\VEN_CSC&HID_9011
Outranked Drivers: c_swcomponent.inf:SWC\Generic:00FF3000 c_swdevice.inf:SWD\GenericRaw:00FF3001
Device Updated: false
Parent Device: SOUNDWIRE\SDCA&MAN_01FA&PART_4243&VER_03&CID_00&LID_00&UID_00&SUBSYS_0CE81028\6&6ff7181&0&01424301FA000300"
"16-06-2026 09:59:32","430","Information","Microsoft-Windows-Kernel-PnP","Device {F67B0BEA-BDB7-47D3-9131-75877CDE0ED4}\Streaming_MicrophoneArray&CP_{ebfc0f79-693b-11f1-a27a-54582d32ed0c}\6&c603bdd&0 requires further installation."
"16-06-2026 09:59:32","430","Information","Microsoft-Windows-Kernel-PnP","Device XuCsMe\ExtensionMicrophone\8&b76481&0&00 requires further installation."
"16-06-2026 09:59:32","430","Information","Microsoft-Windows-Kernel-PnP","Device SOUNDWIRE\SDCA_06&MAN_01FA&FUNC_4243&TYPE_03&VER_01&ADR_02&LID_00&UID_00&SUBSYS_0CE81028&DynamicEnumMicrophone0\8&b76481&0&00000400 requires further installation."
"16-06-2026 09:59:32","410","Information","Microsoft-Windows-Kernel-PnP","Device SOUNDWIRE\SDCA_06&MAN_01FA&FUNC_4243&TYPE_03&VER_01&ADR_02&LID_00&UID_00&SUBSYS_0CE81028\7&2796ba65&0&0000000000000002 was started.

Driver Name: oem66.inf
Class GUID: {4d36e96c-e325-11ce-bfc1-08002be10318}
Service: SdcaClass
Lower Filters: 
Upper Filters: "
"16-06-2026 09:59:31","400","Information","Microsoft-Windows-Kernel-PnP","Device SOUNDWIRE\SDCA_06&MAN_01FA&FUNC_4243&TYPE_03&VER_01&ADR_02&LID_00&UID_00&SUBSYS_0CE81028\7&2796ba65&0&0000000000000002 was configured.

Driver Name: oem139.inf
Driver Package ID: xucsme.inf_amd64_2fc0303188b44c4c
Class GUID: {e2f84ce7-8efa-411c-aa69-97454ca4cb57}
Driver Date: 04/06/2026
Driver Version: 1.0.709.49429
Driver Provider: Cirrus Logic, Inc.
Driver Section: CS42L43_MIC.NT
Driver Rank: 0xFF0002
Matching Device ID: SOUNDWIRE\SDCA_06&MAN_01FA&FUNC_4243&TYPE_03&VER_01&ADR_02
Outranked Drivers: 
Device Updated: false
Parent Device: SOUNDWIRE\SDCA&MAN_01FA&PART_4243&VER_03&CID_00&LID_00&UID_00&SUBSYS_0CE81028\6&6ff7181&0&01424301FA000300"
"16-06-2026 09:59:31","400","Information","Microsoft-Windows-Kernel-PnP","Device SOUNDWIRE\SDCA_06&MAN_01FA&FUNC_4243&TYPE_03&VER_01&ADR_02&LID_00&UID_00&SUBSYS_0CE81028\7&2796ba65&0&0000000000000002 was configured.

Driver Name: oem136.inf
Driver Package ID: xucsmeext_0ce8.inf_amd64_da4b596c6bdc0c70
Class GUID: {e2f84ce7-8efa-411c-aa69-97454ca4cb57}
Driver Date: 04/12/2026
Driver Version: 1.0.0.17
Driver Provider: Cirrus Logic, Inc.
Driver Section: CS42L43_MIC_0CE81028.NT
Driver Rank: 0xFF0001
Matching Device ID: SOUNDWIRE\SDCA_06&MAN_01FA&FUNC_4243&TYPE_03&VER_01&ADR_02&SUBSYS_0CE81028
Outranked Drivers: 
Device Updated: false
Parent Device: SOUNDWIRE\SDCA&MAN_01FA&PART_4243&VER_03&CID_00&LID_00&UID_00&SUBSYS_0CE81028\6&6ff7181&0&01424301FA000300"
"16-06-2026 09:59:31","400","Information","Microsoft-Windows-Kernel-PnP","Device SOUNDWIRE\SDCA_06&MAN_01FA&FUNC_4243&TYPE_03&VER_01&ADR_02&LID_00&UID_00&SUBSYS_0CE81028\7&2796ba65&0&0000000000000002 was configured.

Driver Name: oem66.inf
Driver Package ID: sdcaclass.inf_amd64_0b2f30007e05e98a
Class GUID: {4d36e96c-e325-11ce-bfc1-08002be10318}
Driver Date: 01/17/2025
Driver Version: 10.0.2410.7
Driver Provider: Microsoft
Driver Section: SoundwireClass_Device.NT
Driver Rank: 0xFF2000
Matching Device ID: SOUNDWIRE\AUDIOFUNCTION
Outranked Drivers: 
Device Updated: false
Parent Device: SOUNDWIRE\SDCA&MAN_01FA&PART_4243&VER_03&CID_00&LID_00&UID_00&SUBSYS_0CE81028\6&6ff7181&0&01424301FA000300"
"16-06-2026 09:59:31","430","Information","Microsoft-Windows-Kernel-PnP","Device SWD\DRIVERENUM\{ebf04dfa-3a1b-4e2e-8cfa-5d2bdb215dca}#CsGMMuteSrv&7&2796ba65&0 requires further installation."
"16-06-2026 09:59:31","430","Information","Microsoft-Windows-Kernel-PnP","Device SWD\DRIVERENUM\{a41c0e73-385f-43f3-9abe-4455c4e152ef}#CLoggerSrv&7&2796ba65&0 requires further installation."
"16-06-2026 09:59:31","430","Information","Microsoft-Windows-Kernel-PnP","Device SOUNDWIRE\SDCA_06&MAN_01FA&FUNC_4243&TYPE_0A&VER_01&ADR_04&LID_00&UID_00&SUBSYS_0CE81028\7&2796ba65&0&0000000000000004 requires further installation."
"16-06-2026 09:59:31","430","Information","Microsoft-Windows-Kernel-PnP","Device SOUNDWIRE\SDCA_06&MAN_01FA&FUNC_4243&TYPE_06&VER_01&ADR_03&LID_00&UID_00&SUBSYS_0CE81028\7&2796ba65&0&0000000000000003 requires further installation."
"16-06-2026 09:59:31","430","Information","Microsoft-Windows-Kernel-PnP","Device SOUNDWIRE\SDCA_06&MAN_01FA&FUNC_4243&TYPE_03&VER_01&ADR_02&LID_00&UID_00&SUBSYS_0CE81028\7&2796ba65&0&0000000000000002 requires further installation."
"16-06-2026 09:59:31","430","Information","Microsoft-Windows-Kernel-PnP","Device SOUNDWIRE\SDCA_06&MAN_01FA&FUNC_4243&TYPE_01&VER_01&ADR_01&LID_00&UID_00&SUBSYS_0CE81028\7&2796ba65&0&0000000000000001 requires further installation."
"16-06-2026 09:59:31","410","Information","Microsoft-Windows-Kernel-PnP","Device SOUNDWIRE\SDCA&MAN_01FA&PART_4243&VER_03&CID_00&LID_00&UID_00&SUBSYS_0CE81028\6&6ff7181&0&01424301FA000300 was started.

Driver Name: oem58.inf
Class GUID: {4d36e97d-e325-11ce-bfc1-08002be10318}
Service: SdcaMfd
Lower Filters: 
Upper Filters: "
"16-06-2026 09:59:31","400","Information","Microsoft-Windows-Kernel-PnP","Device SOUNDWIRE\SDCA&MAN_01FA&PART_4243&VER_03&CID_00&LID_00&UID_00&SUBSYS_0CE81028\6&6ff7181&0&01424301FA000300 was configured.

Driver Name: oem169.inf
Driver Package ID: cloggerext.inf_amd64_c1a5e80d3f613a78
Class GUID: {e2f84ce7-8efa-411c-aa69-97454ca4cb57}
Driver Date: 04/12/2026
Driver Version: 1.0.0.11
Driver Provider: Cirrus Logic, Inc.
Driver Section: DeviceExtension_Install_CLoggerSrv
Driver Rank: 0xFF0000
Matching Device ID: SOUNDWIRE\SDCA&MAN_01FA&PART_4243&VER_03&CID_00&LID_00&UID_00&SUBSYS_0CE81028
Outranked Drivers: 
Device Updated: false
Parent Device: INTELAUDIO\SDW_CTLR_DEV_7728&VEN_8086&DEV_0333\5&32640736&1"
"16-06-2026 09:59:31","400","Information","Microsoft-Windows-Kernel-PnP","Device SOUNDWIRE\SDCA&MAN_01FA&PART_4243&VER_03&CID_00&LID_00&UID_00&SUBSYS_0CE81028\6&6ff7181&0&01424301FA000300 was configured.

Driver Name: oem168.inf
Driver Package ID: csgmmuteext.inf_amd64_3330b2c7aeac533d
Class GUID: {e2f84ce7-8efa-411c-aa69-97454ca4cb57}
Driver Date: 04/12/2026
Driver Version: 1.0.0.21
Driver Provider: Cirrus Logic, Inc.
Driver Section: DeviceExtension_Install_GMMuteSrv
Driver Rank: 0xFF0000
Matching Device ID: SOUNDWIRE\SDCA&MAN_01FA&PART_4243&VER_03&CID_00&LID_00&UID_00&SUBSYS_0CE81028
Outranked Drivers: 
Device Updated: false
Parent Device: INTELAUDIO\SDW_CTLR_DEV_7728&VEN_8086&DEV_0333\5&32640736&1"
"16-06-2026 09:59:31","400","Information","Microsoft-Windows-Kernel-PnP","Device SOUNDWIRE\SDCA&MAN_01FA&PART_4243&VER_03&CID_00&LID_00&UID_00&SUBSYS_0CE81028\6&6ff7181&0&01424301FA000300 was configured.

Driver Name: oem136.inf
Driver Package ID: xucsmeext_0ce8.inf_amd64_da4b596c6bdc0c70
Class GUID: {e2f84ce7-8efa-411c-aa69-97454ca4cb57}
Driver Date: 04/12/2026
Driver Version: 1.0.0.17
Driver Provider: Cirrus Logic, Inc.
Driver Section: CS42L43_DEV.NT
Driver Rank: 0xFF0000
Matching Device ID: SOUNDWIRE\SDCA&MAN_01FA&PART_4243&VER_03&CID_00&LID_00&UID_00&SUBSYS_0CE81028
Outranked Drivers: 
Device Updated: false
Parent Device: INTELAUDIO\SDW_CTLR_DEV_7728&VEN_8086&DEV_0333\5&32640736&1"
"16-06-2026 09:59:31","400","Information","Microsoft-Windows-Kernel-PnP","Device SOUNDWIRE\SDCA&MAN_01FA&PART_4243&VER_03&CID_00&LID_00&UID_00&SUBSYS_0CE81028\6&6ff7181&0&01424301FA000300 was configured.

Driver Name: oem58.inf
Driver Package ID: sdcamfd.inf_amd64_1b7148aae26a55fd
Class GUID: {4d36e97d-e325-11ce-bfc1-08002be10318}
Driver Date: 01/17/2025
Driver Version: 10.0.2410.7
Driver Provider: Microsoft
Driver Section: SdcaMfd_Device.NT
Driver Rank: 0xFF2000
Matching Device ID: SOUNDWIRE\SDCA
Outranked Drivers: 
Device Updated: false
Parent Device: INTELAUDIO\SDW_CTLR_DEV_7728&VEN_8086&DEV_0333\5&32640736&1"
"16-06-2026 09:59:31","410","Information","Microsoft-Windows-Kernel-PnP","Device SOUNDWIRE\AGGREGATOR\6&6ff7181&0 was started.

Driver Name: oem80.inf
Class GUID: {4d36e96c-e325-11ce-bfc1-08002be10318}
Service: SdcaAggregator
Lower Filters: 
Upper Filters: "
"16-06-2026 09:59:31","400","Information","Microsoft-Windows-Kernel-PnP","Device SOUNDWIRE\AGGREGATOR\6&6ff7181&0 was configured.

Driver Name: oem80.inf
Driver Package ID: sdcaaggregator.inf_amd64_f61c04c20db43fa5
Class GUID: {4d36e96c-e325-11ce-bfc1-08002be10318}
Driver Date: 01/17/2025
Driver Version: 10.0.2410.7
Driver Provider: Microsoft
Driver Section: SdcaAggregator_Device.NT
Driver Rank: 0xFF0000
Matching Device ID: SOUNDWIRE\AGGREGATOR
Outranked Drivers: oem80.inf:SOUNDWIRE\AGGREGATOR:00FF2000
Device Updated: false
Parent Device: INTELAUDIO\SDW_CTLR_DEV_7728&VEN_8086&DEV_0333\5&32640736&1"
"16-06-2026 09:59:30","410","Information","Microsoft-Windows-Kernel-PnP","Device INTELAUDIO\CTLR_DEV_7728&LINKTYPE_03&DEVTYPE_03&VEN_8086&DEV_AE33&SUBSYS_0CE81028&REV_0001\5&32640736&1&0301DIF_000B&UIF_0000 was started.

Driver Name: oem51.inf
Class GUID: {4d36e96c-e325-11ce-bfc1-08002be10318}
Service: IntcBtLE
Lower Filters: 
Upper Filters: "
"16-06-2026 09:59:30","400","Information","Microsoft-Windows-Kernel-PnP","Device INTELAUDIO\CTLR_DEV_7728&LINKTYPE_03&DEVTYPE_03&VEN_8086&DEV_AE33&SUBSYS_0CE81028&REV_0001\5&32640736&1&0301DIF_000B&UIF_0000 was configured.

Driver Name: oem51.inf
Driver Package ID: intcbtle.inf_amd64_f206ea2c036c53d6
Class GUID: {4d36e96c-e325-11ce-bfc1-08002be10318}
Driver Date: 03/30/2026
Driver Version: 20.40.12690.2
Driver Provider: Intel(R) Corporation
Driver Section: IntcBtLE_Device.NT
Driver Rank: 0xFF2000
Matching Device ID: INTELAUDIO\DIF_0001&UIF_0000&CTLR_DEV_7728&LINKTYPE_03&DEVTYPE_03&VEN_8086&DEV_AE33
Outranked Drivers: 
Device Updated: false
Parent Device: INTELAUDIO\DSP_CTLR_DEV_7728&VEN_8086&DEV_0222&SUBSYS_0CE81028&REV_0000\4&417d3cc&0&0800DIF_000B&UIF_0000"
"16-06-2026 09:59:30","410","Information","Microsoft-Windows-Kernel-PnP","Device INTELAUDIO\CTLR_DEV_7728&LINKTYPE_03&DEVTYPE_00&VEN_8086&DEV_AE30&SUBSYS_0CE81028&REV_0001\5&32640736&1&0000DIF_000B&UIF_0000 was started.

Driver Name: oem32.inf
Class GUID: {4d36e96c-e325-11ce-bfc1-08002be10318}
Service: IntcBTAu
Lower Filters: 
Upper Filters: "
"16-06-2026 09:59:30","400","Information","Microsoft-Windows-Kernel-PnP","Device INTELAUDIO\CTLR_DEV_7728&LINKTYPE_03&DEVTYPE_00&VEN_8086&DEV_AE30&SUBSYS_0CE81028&REV_0001\5&32640736&1&0000DIF_000B&UIF_0000 was configured.

Driver Name: oem32.inf
Driver Package ID: intcbtau.inf_amd64_120402337c541b2c
Class GUID: {4d36e96c-e325-11ce-bfc1-08002be10318}
Driver Date: 03/30/2026
Driver Version: 20.40.12690.2
Driver Provider: Intel(R) Corporation
Driver Section: IntcAudModel.NT
Driver Rank: 0xFF2000
Matching Device ID: INTELAUDIO\DIF_0001&UIF_0000&CTLR_DEV_7728&LINKTYPE_03&DEVTYPE_00&VEN_8086&DEV_AE30
Outranked Drivers: 
Device Updated: false
Parent Device: INTELAUDIO\DSP_CTLR_DEV_7728&VEN_8086&DEV_0222&SUBSYS_0CE81028&REV_0000\4&417d3cc&0&0800DIF_000B&UIF_0000"
"16-06-2026 09:59:29","430","Information","Microsoft-Windows-Kernel-PnP","Device SOUNDWIRE\SDCA&MAN_01FA&PART_4243&VER_03&CID_00&LID_00&UID_00&SUBSYS_0CE81028\6&6ff7181&0&01424301FA000300 requires further installation."
"16-06-2026 09:59:29","410","Information","Microsoft-Windows-Kernel-PnP","Device INTELAUDIO\DIF_0001&UIF_0001&CTLR_DEV_7728&LINKTYPE_05&DEVTYPE_05&VEN_8086&DEV_AE35&SUBSYS_0CE81028&REV_0001\5&32640736&1&0500DIF_000B&UIF_0001 was started.

Driver Name: oem43.inf
Class GUID: {4d36e96c-e325-11ce-bfc1-08002be10318}
Service: IntcStreaming
Lower Filters: 
Upper Filters: "
"16-06-2026 09:59:29","400","Information","Microsoft-Windows-Kernel-PnP","Device INTELAUDIO\DIF_0001&UIF_0001&CTLR_DEV_7728&LINKTYPE_05&DEVTYPE_05&VEN_8086&DEV_AE35&SUBSYS_0CE81028&REV_0001\5&32640736&1&0500DIF_000B&UIF_0001 was configured.

Driver Name: oem155.inf
Driver Package ID: intelstreamingext_cirrus.inf_amd64_682f7a5b7f55914d
Class GUID: {e2f84ce7-8efa-411c-aa69-97454ca4cb57}
Driver Date: 12/17/2024
Driver Version: 1.13.6.313
Driver Provider: Cirrus Logic, Inc.
Driver Section: IntelACXExt
Driver Rank: 0xFF0000
Matching Device ID: INTELAUDIO\DIF_0001&UIF_0001&CTLR_DEV_7728&LINKTYPE_05&DEVTYPE_05&VEN_8086&DEV_AE35&SUBSYS_0CE81028&REV_0001
Outranked Drivers: 
Device Updated: false
Parent Device: INTELAUDIO\DSP_CTLR_DEV_7728&VEN_8086&DEV_0222&SUBSYS_0CE81028&REV_0000\4&417d3cc&0&0800DIF_000B&UIF_0000"
"16-06-2026 09:59:29","400","Information","Microsoft-Windows-Kernel-PnP","Device INTELAUDIO\DIF_0001&UIF_0001&CTLR_DEV_7728&LINKTYPE_05&DEVTYPE_05&VEN_8086&DEV_AE35&SUBSYS_0CE81028&REV_0001\5&32640736&1&0500DIF_000B&UIF_0001 was configured.

Driver Name: oem43.inf
Driver Package ID: intcstreaming.inf_amd64_3bbf9e64932d4b89
Class GUID: {4d36e96c-e325-11ce-bfc1-08002be10318}
Driver Date: 03/30/2026
Driver Version: 20.40.12690.2
Driver Provider: Intel(R) Corporation
Driver Section: Audio_Device.NT
Driver Rank: 0xFF2000
Matching Device ID: INTELAUDIO\DIF_0001&UIF_0001&CTLR_DEV_7728&LINKTYPE_05&DEVTYPE_05&VEN_8086&DEV_AE35
Outranked Drivers: 
Device Updated: false
Parent Device: INTELAUDIO\DSP_CTLR_DEV_7728&VEN_8086&DEV_0222&SUBSYS_0CE81028&REV_0000\4&417d3cc&0&0800DIF_000B&UIF_0000"
"16-06-2026 09:59:29","430","Information","Microsoft-Windows-Kernel-PnP","Device SOUNDWIRE\AGGREGATOR\6&6ff7181&0 requires further installation."
"16-06-2026 09:59:29","410","Information","Microsoft-Windows-Kernel-PnP","Device INTELAUDIO\SDW_CTLR_DEV_7728&VEN_8086&DEV_0333\5&32640736&1 was started.

Driver Name: oem41.inf
Class GUID: {4d36e97d-e325-11ce-bfc1-08002be10318}
Service: IntcSdwBus
Lower Filters: 
Upper Filters: "
"16-06-2026 09:59:29","400","Information","Microsoft-Windows-Kernel-PnP","Device INTELAUDIO\SDW_CTLR_DEV_7728&VEN_8086&DEV_0333\5&32640736&1 was configured.

Driver Name: oem41.inf
Driver Package ID: intcsdwbus.inf_amd64_9d9f8854a71dfa28
Class GUID: {4d36e97d-e325-11ce-bfc1-08002be10318}
Driver Date: 03/30/2026
Driver Version: 20.40.12690.2
Driver Provider: Intel(R) Corporation
Driver Section: IntcSdwBus.NT
Driver Rank: 0xFF2000
Matching Device ID: INTELAUDIO\DIF_0005&UIF_0000&SDW_CTLR_DEV_7728&VEN_8086&DEV_0333
Outranked Drivers: oem41.inf:INTELAUDIO\SDW_CTLR_DEV_7728&VEN_8086&DEV_0333:00FF2001
Device Updated: false
Parent Device: INTELAUDIO\DSP_CTLR_DEV_7728&VEN_8086&DEV_0222&SUBSYS_0CE81028&REV_0000\4&417d3cc&0&0800DIF_000B&UIF_0000"
"16-06-2026 09:59:29","410","Information","Microsoft-Windows-Kernel-PnP","Device INTELAUDIO\DIF_0000&UIF_0000&CTLR_DEV_7728&VEN_8086&DetectionVerification\5&32640736&1&DIF_0000&UIF_0000 was started.

Driver Name: oem37.inf
Class GUID: {4d36e97d-e325-11ce-bfc1-08002be10318}
Service: WUDFRd
Lower Filters: 
Upper Filters: "
"16-06-2026 09:59:29","400","Information","Microsoft-Windows-Kernel-PnP","Device INTELAUDIO\DIF_0000&UIF_0000&CTLR_DEV_7728&VEN_8086&DetectionVerification\5&32640736&1&DIF_0000&UIF_0000 was configured.

Driver Name: oem37.inf
Driver Package ID: detectionverificationdrv.inf_amd64_7277df069e531e5c
Class GUID: {4d36e97d-e325-11ce-bfc1-08002be10318}
Driver Date: 02/02/2026
Driver Version: 1.0.4138.0
Driver Provider: Intel(R) Corporation
Driver Section: IntcDVWin11.NT
Driver Rank: 0xFC0000
Matching Device ID: INTELAUDIO\DIF_0000&UIF_0000&CTLR_DEV_7728&VEN_8086&DetectionVerification
Outranked Drivers: 
Device Updated: false
Parent Device: INTELAUDIO\DSP_CTLR_DEV_7728&VEN_8086&DEV_0222&SUBSYS_0CE81028&REV_0000\4&417d3cc&0&0800DIF_000B&UIF_0000"
"16-06-2026 09:59:29","410","Information","Microsoft-Windows-Kernel-PnP","Device INTELAUDIO\CTLR_DEV_7728&LINKTYPE_06&DEVTYPE_06&VEN_8086&DEV_AE50&SUBSYS_0CE81028&REV_0001\5&32640736&1&0604DIF_000B&UIF_0000 was started.

Driver Name: oem15.inf
Class GUID: {4d36e96c-e325-11ce-bfc1-08002be10318}
Service: IntcUSB
Lower Filters: 
Upper Filters: "
"16-06-2026 09:59:28","400","Information","Microsoft-Windows-Kernel-PnP","Device INTELAUDIO\CTLR_DEV_7728&LINKTYPE_06&DEVTYPE_06&VEN_8086&DEV_AE50&SUBSYS_0CE81028&REV_0001\5&32640736&1&0604DIF_000B&UIF_0000 was configured.

Driver Name: oem15.inf
Driver Package ID: intcusb.inf_amd64_53083fdb62c4c818
Class GUID: {4d36e96c-e325-11ce-bfc1-08002be10318}
Driver Date: 03/30/2026
Driver Version: 20.40.12690.2
Driver Provider: Intel(R) Corporation
Driver Section: IntcAudModel.NT
Driver Rank: 0xFF2000
Matching Device ID: INTELAUDIO\DIF_0001&UIF_0000&CTLR_DEV_7728&LINKTYPE_06&DEVTYPE_06&VEN_8086&DEV_AE50
Outranked Drivers: 
Device Updated: false
Parent Device: INTELAUDIO\DSP_CTLR_DEV_7728&VEN_8086&DEV_0222&SUBSYS_0CE81028&REV_0000\4&417d3cc&0&0800DIF_000B&UIF_0000"
"16-06-2026 09:59:17","430","Information","Microsoft-Windows-Kernel-PnP","Device INTELAUDIO\CTLR_DEV_7728&LINKTYPE_03&DEVTYPE_03&VEN_8086&DEV_AE33&SUBSYS_0CE81028&REV_0001\5&32640736&1&0301DIF_000B&UIF_0000 requires further installation."
"16-06-2026 09:59:17","430","Information","Microsoft-Windows-Kernel-PnP","Device INTELAUDIO\CTLR_DEV_7728&LINKTYPE_03&DEVTYPE_00&VEN_8086&DEV_AE30&SUBSYS_0CE81028&REV_0001\5&32640736&1&0000DIF_000B&UIF_0000 requires further installation."
"16-06-2026 09:59:17","430","Information","Microsoft-Windows-Kernel-PnP","Device INTELAUDIO\DIF_0001&UIF_0001&CTLR_DEV_7728&LINKTYPE_05&DEVTYPE_05&VEN_8086&DEV_AE35&SUBSYS_0CE81028&REV_0001\5&32640736&1&0500DIF_000B&UIF_0001 requires further installation."
"16-06-2026 09:59:17","430","Information","Microsoft-Windows-Kernel-PnP","Device INTELAUDIO\CTLR_DEV_7728&LINKTYPE_06&DEVTYPE_06&VEN_8086&DEV_AE50&SUBSYS_0CE81028&REV_0001\5&32640736&1&0604DIF_000B&UIF_0000 requires further installation."
"16-06-2026 09:59:17","430","Information","Microsoft-Windows-Kernel-PnP","Device INTELAUDIO\SDW_CTLR_DEV_7728&VEN_8086&DEV_0333\5&32640736&1 requires further installation."
"16-06-2026 09:59:17","430","Information","Microsoft-Windows-Kernel-PnP","Device INTELAUDIO\DIF_0000&UIF_0000&CTLR_DEV_7728&VEN_8086&DetectionVerification\5&32640736&1&DIF_0000&UIF_0000 requires further installation."
"16-06-2026 09:45:28","420","Information","Microsoft-Windows-Kernel-PnP","Device ROOT\DELLUTILS\0000 was deleted.

Class GUID: {e0def58b-33e8-4ff0-a75d-f20e1f68e5d7}"
"16-06-2026 09:45:19","410","Information","Microsoft-Windows-Kernel-PnP","Device ROOT\DELLUTILS\0000 was started.

Driver Name: oem124.inf
Class GUID: {e0def58b-33e8-4ff0-a75d-f20e1f68e5d7}
Service: DBUtilDrv2
Lower Filters: 
Upper Filters: "
"16-06-2026 09:45:19","400","Information","Microsoft-Windows-Kernel-PnP","Device ROOT\DELLUTILS\0000 was configured.

Driver Name: oem124.inf
Driver Package ID: dbutildrv2.inf_amd64_a0b1fbed976d2b5b
Class GUID: {e0def58b-33e8-4ff0-a75d-f20e1f68e5d7}
Driver Date: 10/28/2025
Driver Version: 2.7.4.0
Driver Provider: Dell Technologies
Driver Section: DBUtilDrv2_Device.NT
Driver Rank: 0xFF0000
Matching Device ID: ROOT\DBUtilDrv2
Outranked Drivers: 
Device Updated: true
Parent Device: HTREE\ROOT\0"
"16-06-2026 09:44:56","410","Information","Microsoft-Windows-Kernel-PnP","Device ACPI\INTC1077\2&daba3ff&0 was started.

Driver Name: oem526.inf
Class GUID: {745a17a0-74d3-11d0-b6fe-00a0c90f57da}
Service: HidEventFilter
Lower Filters: 
Upper Filters: mshidkmdf"
"16-06-2026 09:44:55","400","Information","Microsoft-Windows-Kernel-PnP","Device ACPI\INTC1077\2&daba3ff&0 was configured.

Driver Name: oem526.inf
Driver Package ID: hideventfilter.inf_amd64_fe647780965d118d
Class GUID: {745a17a0-74d3-11d0-b6fe-00a0c90f57da}
Driver Date: 11/19/2025
Driver Version: 2.2.2.18
Driver Provider: Intel(R) Corporation
Driver Section: HidEventFilter.NTamd64
Driver Rank: 0xFF0001
Matching Device ID: ACPI\INTC1077
Outranked Drivers: oem137.inf:ACPI\INTC1077:00FF0001 oem258.inf:ACPI\INTC1077:00FF0001 oem286.inf:ACPI\INTC1077:00FF0001
Device Updated: true
Parent Device: ACPI_HAL\PNP0C08\0"
"16-06-2026 09:40:45","411","Error","Microsoft-Windows-Kernel-PnP","Device INTELAUDIO\DSP_CTLR_DEV_7728&VEN_8086&DEV_0222&SUBSYS_0CE81028&REV_0000\4&417d3cc&0&0800DIF_000B&UIF_0000 had a problem starting.

Driver Name: oem10.inf
Class GUID: {4d36e97d-e325-11ce-bfc1-08002be10318}
Service: IntcOED
Lower Filters: 
Upper Filters: 
Problem: 0xA
Problem Status: 0xC0000365"
"16-06-2026 09:40:45","400","Information","Microsoft-Windows-Kernel-PnP","Device INTELAUDIO\DSP_CTLR_DEV_7728&VEN_8086&DEV_0222&SUBSYS_0CE81028&REV_0000\4&417d3cc&0&0800DIF_000B&UIF_0000 was configured.

Driver Name: oem52.inf
Driver Package ID: intelmvaextension.inf_amd64_86623c218d777ae9
Class GUID: {e2f84ce7-8efa-411c-aa69-97454ca4cb57}
Driver Date: 02/02/2026
Driver Version: 1.0.4138.0
Driver Provider: Intel(R) Corporation
Driver Section: IntelMva.NT
Driver Rank: 0xFF2002
Matching Device ID: INTELAUDIO\DSP_CTLR_DEV_EXT_7728&VEN_8086&DEV_0222
Outranked Drivers: 
Device Updated: true
Parent Device: PCI\VEN_8086&DEV_7728&SUBSYS_0CE81028&REV_00\3&11583659&0&FB"
"16-06-2026 09:40:45","400","Information","Microsoft-Windows-Kernel-PnP","Device INTELAUDIO\DSP_CTLR_DEV_7728&VEN_8086&DEV_0222&SUBSYS_0CE81028&REV_0000\4&417d3cc&0&0800DIF_000B&UIF_0000 was configured.

Driver Name: oem149.inf
Driver Package ID: intcoed_oemlibpath_cirrus.inf_amd64_11b19b14b736837d
Class GUID: {e2f84ce7-8efa-411c-aa69-97454ca4cb57}
Driver Date: 12/17/2024
Driver Version: 1.13.6.313
Driver Provider: Cirrus Logic, Inc.
Driver Section: IntcOEDExt_Cirrus_MTL
Driver Rank: 0xFF0001
Matching Device ID: INTELAUDIO\DSP_CTLR_DEV_7728&VEN_8086&DEV_0222&SUBSYS_0CE81028
Outranked Drivers: 
Device Updated: true
Parent Device: PCI\VEN_8086&DEV_7728&SUBSYS_0CE81028&REV_00\3&11583659&0&FB"
"16-06-2026 09:40:45","400","Information","Microsoft-Windows-Kernel-PnP","Device INTELAUDIO\DSP_CTLR_DEV_7728&VEN_8086&DEV_0222&SUBSYS_0CE81028&REV_0000\4&417d3cc&0&0800DIF_000B&UIF_0000 was configured.

Driver Name: oem10.inf
Driver Package ID: intcoed.inf_amd64_9c2507cd1e59b188
Class GUID: {4d36e97d-e325-11ce-bfc1-08002be10318}
Driver Date: 03/30/2026
Driver Version: 20.40.12690.2
Driver Provider: Intel(R) Corporation
Driver Section: IntcOED_MTL_11.NT
Driver Rank: 0xFF2000
Matching Device ID: INTELAUDIO\DIF_000B&UIF_0000&DSP_CTLR_DEV_7728&VEN_8086&DEV_0222
Outranked Drivers: 
Device Updated: true
Parent Device: PCI\VEN_8086&DEV_7728&SUBSYS_0CE81028&REV_00\3&11583659&0&FB"
"16-06-2026 09:40:28","410","Information","Microsoft-Windows-Kernel-PnP","Device ACPI\ACPI0018\2&daba3ff&0 was started.

Driver Name: oem84.inf
Class GUID: {4d36e97d-e325-11ce-bfc1-08002be10318}
Service: AcpiAudioCompositor
Lower Filters: 
Upper Filters: "
"16-06-2026 09:40:28","400","Information","Microsoft-Windows-Kernel-PnP","Device ACPI\ACPI0018\2&daba3ff&0 was configured.

Driver Name: oem84.inf
Driver Package ID: acpiaudiocompositor.inf_amd64_3680293e2ff971e9
Class GUID: {4d36e97d-e325-11ce-bfc1-08002be10318}
Driver Date: 01/17/2025
Driver Version: 10.0.2410.7
Driver Provider: Microsoft
Driver Section: AcpiAudioCompositor_Device.NT
Driver Rank: 0xFF0002
Matching Device ID: *ACPI0018
Outranked Drivers: acpiaudiocompositor.inf:*ACPI0018:00FF1002
Device Updated: true
Parent Device: ACPI_HAL\PNP0C08\0"
"16-06-2026 09:40:25","410","Information","Microsoft-Windows-Kernel-PnP","Device PCI\VEN_8086&DEV_774C&SUBSYS_0CE81028&REV_00\3&11583659&0&40 was started.

Driver Name: oem54.inf
Class GUID: {4d36e97d-e325-11ce-bfc1-08002be10318}
Service: IntelGNA
Lower Filters: 
Upper Filters: "
"16-06-2026 09:40:25","400","Information","Microsoft-Windows-Kernel-PnP","Device PCI\VEN_8086&DEV_774C&SUBSYS_0CE81028&REV_00\3&11583659&0&40 was configured.

Driver Name: oem54.inf
Driver Package ID: gna.inf_amd64_8e2f374849f1eba9
Class GUID: {4d36e97d-e325-11ce-bfc1-08002be10318}
Driver Date: 11/14/2023
Driver Version: 3.5.0.1578
Driver Provider: Intel Corporation
Driver Section: IntelGNA_Install.NT
Driver Rank: 0xFF2001
Matching Device ID: PCI\VEN_8086&DEV_774C
Outranked Drivers: 
Device Updated: false
Parent Device: ACPI\PNP0A08\0"
"16-06-2026 09:40:23","411","Error","Microsoft-Windows-Kernel-PnP","Device INTELAUDIO\DSP_CTLR_DEV_7728&VEN_8086&DEV_0222&SUBSYS_0CE81028&REV_0000\4&417d3cc&0&0800DIF_000B&UIF_0000 had a problem starting.

Driver Name: oem10.inf
Class GUID: {4d36e97d-e325-11ce-bfc1-08002be10318}
Service: IntcOED
Lower Filters: 
Upper Filters: 
Problem: 0xA
Problem Status: 0xC0000365"
"16-06-2026 09:40:23","400","Information","Microsoft-Windows-Kernel-PnP","Device INTELAUDIO\DSP_CTLR_DEV_7728&VEN_8086&DEV_0222&SUBSYS_0CE81028&REV_0000\4&417d3cc&0&0800DIF_000B&UIF_0000 was configured.

Driver Name: oem52.inf
Driver Package ID: intelmvaextension.inf_amd64_86623c218d777ae9
Class GUID: {e2f84ce7-8efa-411c-aa69-97454ca4cb57}
Driver Date: 02/02/2026
Driver Version: 1.0.4138.0
Driver Provider: Intel(R) Corporation
Driver Section: IntelMva.NT
Driver Rank: 0xFF2002
Matching Device ID: INTELAUDIO\DSP_CTLR_DEV_EXT_7728&VEN_8086&DEV_0222
Outranked Drivers: 
Device Updated: true
Parent Device: PCI\VEN_8086&DEV_7728&SUBSYS_0CE81028&REV_00\3&11583659&0&FB"
"16-06-2026 09:40:23","400","Information","Microsoft-Windows-Kernel-PnP","Device INTELAUDIO\DSP_CTLR_DEV_7728&VEN_8086&DEV_0222&SUBSYS_0CE81028&REV_0000\4&417d3cc&0&0800DIF_000B&UIF_0000 was configured.

Driver Name: oem10.inf
Driver Package ID: intcoed.inf_amd64_9c2507cd1e59b188
Class GUID: {4d36e97d-e325-11ce-bfc1-08002be10318}
Driver Date: 03/30/2026
Driver Version: 20.40.12690.2
Driver Provider: Intel(R) Corporation
Driver Section: IntcOED_MTL_11.NT
Driver Rank: 0xFF2000
Matching Device ID: INTELAUDIO\DIF_000B&UIF_0000&DSP_CTLR_DEV_7728&VEN_8086&DEV_0222
Outranked Drivers: 
Device Updated: true
Parent Device: PCI\VEN_8086&DEV_7728&SUBSYS_0CE81028&REV_00\3&11583659&0&FB"
"16-06-2026 09:40:17","411","Error","Microsoft-Windows-Kernel-PnP","Device INTELAUDIO\DSP_CTLR_DEV_7728&VEN_8086&DEV_0222&SUBSYS_0CE81028&REV_0000\4&417d3cc&0&0800DIF_000B&UIF_0000 had a problem starting.

Driver Name: oem10.inf
Class GUID: {4d36e97d-e325-11ce-bfc1-08002be10318}
Service: IntcOED
Lower Filters: 
Upper Filters: 
Problem: 0xA
Problem Status: 0xC0000365"
"16-06-2026 09:40:17","400","Information","Microsoft-Windows-Kernel-PnP","Device INTELAUDIO\DSP_CTLR_DEV_7728&VEN_8086&DEV_0222&SUBSYS_0CE81028&REV_0000\4&417d3cc&0&0800DIF_000B&UIF_0000 was configured.

Driver Name: oem10.inf
Driver Package ID: intcoed.inf_amd64_9c2507cd1e59b188
Class GUID: {4d36e97d-e325-11ce-bfc1-08002be10318}
Driver Date: 03/30/2026
Driver Version: 20.40.12690.2
Driver Provider: Intel(R) Corporation
Driver Section: IntcOED_MTL_11.NT
Driver Rank: 0xFF2000
Matching Device ID: INTELAUDIO\DIF_000B&UIF_0000&DSP_CTLR_DEV_7728&VEN_8086&DEV_0222
Outranked Drivers: 
Device Updated: true
Parent Device: PCI\VEN_8086&DEV_7728&SUBSYS_0CE81028&REV_00\3&11583659&0&FB"
"16-06-2026 09:40:16","411","Error","Microsoft-Windows-Kernel-PnP","Device INTELAUDIO\DSP_CTLR_DEV_7728&VEN_8086&DEV_0222&SUBSYS_0CE81028&REV_0000\4&417d3cc&0&0800DIF_000B&UIF_0000 had a problem starting.

Driver Name: oem10.inf
Class GUID: {4d36e97d-e325-11ce-bfc1-08002be10318}
Service: IntcOED
Lower Filters: 
Upper Filters: 
Problem: 0xA
Problem Status: 0xC0000365"
"16-06-2026 09:40:16","400","Information","Microsoft-Windows-Kernel-PnP","Device INTELAUDIO\DSP_CTLR_DEV_7728&VEN_8086&DEV_0222&SUBSYS_0CE81028&REV_0000\4&417d3cc&0&0800DIF_000B&UIF_0000 was configured.

Driver Name: oem10.inf
Driver Package ID: intcoed.inf_amd64_9c2507cd1e59b188
Class GUID: {4d36e97d-e325-11ce-bfc1-08002be10318}
Driver Date: 03/30/2026
Driver Version: 20.40.12690.2
Driver Provider: Intel(R) Corporation
Driver Section: IntcOED_MTL_11.NT
Driver Rank: 0xFF2000
Matching Device ID: INTELAUDIO\DIF_000B&UIF_0000&DSP_CTLR_DEV_7728&VEN_8086&DEV_0222
Outranked Drivers: 
Device Updated: false
Parent Device: PCI\VEN_8086&DEV_7728&SUBSYS_0CE81028&REV_00\3&11583659&0&FB"
"16-06-2026 09:40:15","430","Information","Microsoft-Windows-Kernel-PnP","Device INTELAUDIO\DSP_CTLR_DEV_7728&VEN_8086&DEV_0222&SUBSYS_0CE81028&REV_0000\4&417d3cc&0&0800DIF_000B&UIF_0000 requires further installation."
"16-06-2026 09:40:15","410","Information","Microsoft-Windows-Kernel-PnP","Device PCI\VEN_8086&DEV_7728&SUBSYS_0CE81028&REV_00\3&11583659&0&FB was started.

Driver Name: oem2.inf
Class GUID: {4d36e97d-e325-11ce-bfc1-08002be10318}
Service: IntcAudioBus
Lower Filters: 
Upper Filters: "
"16-06-2026 09:40:15","400","Information","Microsoft-Windows-Kernel-PnP","Device PCI\VEN_8086&DEV_7728&SUBSYS_0CE81028&REV_00\3&11583659&0&FB was configured.

Driver Name: oem501.inf
Driver Package ID: hdbusext.inf_amd64_fa3aaa1a353259f9
Class GUID: {e2f84ce7-8efa-411c-aa69-97454ca4cb57}
Driver Date: 04/16/2026
Driver Version: 32.0.101.8724
Driver Provider: Intel Corporation
Driver Section: iAUDIO_w10_SGPC_DS
Driver Rank: 0xFF2001
Matching Device ID: PCI\VEN_8086&DEV_7728
Outranked Drivers: 
Device Updated: true
Parent Device: ACPI\PNP0A08\0"
"16-06-2026 09:40:15","400","Information","Microsoft-Windows-Kernel-PnP","Device PCI\VEN_8086&DEV_7728&SUBSYS_0CE81028&REV_00\3&11583659&0&FB was configured.

Driver Name: oem2.inf
Driver Package ID: intcaudiobus.inf_amd64_8daf4914e5cc2b90
Class GUID: {4d36e97d-e325-11ce-bfc1-08002be10318}
Driver Date: 03/30/2026
Driver Version: 20.40.12690.2
Driver Provider: Intel(R) Corporation
Driver Section: IntcAudioBus.NT
Driver Rank: 0xFF0002
Matching Device ID: PCI\VEN_8086&DEV_7728&CC_040380
Outranked Drivers: hdaudbus.inf:PCI\CC_0403:00FF2006
Device Updated: true
Parent Device: ACPI\PNP0A08\0"
"16-06-2026 09:39:55","420","Information","Microsoft-Windows-Kernel-PnP","Device INTELAUDIO\DSP_CTLR_DEV_7728&VEN_8086&DEV_0222&SUBSYS_0CE81028&REV_0000\4&417D3CC&0&0800DIF_000B&UIF_0000 was deleted.

Class GUID: {00000000-0000-0000-0000-000000000000}"
"16-06-2026 09:39:55","420","Information","Microsoft-Windows-Kernel-PnP","Device INTELAUDIO\CTLR_DEV_7728&LINKTYPE_03&DEVTYPE_03&VEN_8086&DEV_AE33&SUBSYS_0CE81028&REV_0001\5&32640736&0&0301DIF_000B&UIF_0000 was deleted.

Class GUID: {00000000-0000-0000-0000-000000000000}"
"16-06-2026 09:39:54","420","Information","Microsoft-Windows-Kernel-PnP","Device INTELAUDIO\SGPC_FUNC_01&VEN_8086&DEV_281D&SUBSYS_80860101&REV_1000\5&32640736&0&0201DIF_000B&UIF_0000 was deleted.

Class GUID: {4d36e96c-e325-11ce-bfc1-08002be10318}"
"16-06-2026 09:39:53","420","Information","Microsoft-Windows-Kernel-PnP","Device INTELAUDIO\CTLR_DEV_7728&LINKTYPE_03&DEVTYPE_00&VEN_8086&DEV_AE30&SUBSYS_0CE81028&REV_0001\5&32640736&0&0000DIF_000B&UIF_0000 was deleted.

Class GUID: {00000000-0000-0000-0000-000000000000}"
"16-06-2026 09:39:53","420","Information","Microsoft-Windows-Kernel-PnP","Device INTELAUDIO\DIF_0000&UIF_0000&CTLR_DEV_7728&VEN_8086&DETECTIONVERIFICATION\5&32640736&0&DIF_0000&UIF_0000 was deleted.

Class GUID: {00000000-0000-0000-0000-000000000000}"
"16-06-2026 09:39:53","420","Information","Microsoft-Windows-Kernel-PnP","Device HDAUDIO\SUBFUNC_01&VEN_8086&DEV_281D&NID_0001&SUBSYS_00000000&REV_1000\6&2D9A5E4C&0&0002&00000015 was deleted.

Class GUID: {4d36e96c-e325-11ce-bfc1-08002be10318}"
"16-06-2026 09:39:52","420","Information","Microsoft-Windows-Kernel-PnP","Device HDAUDIO\SUBFUNC_01&VEN_8086&DEV_281D&NID_0001&SUBSYS_00000000&REV_1000\6&2D9A5E4C&0&0002&00000025 was deleted.

Class GUID: {4d36e96c-e325-11ce-bfc1-08002be10318}"
