"03-08-2026 11:16:46","22","Information","Microsoft-Windows-Crypto-NCrypt","Delete key succeeded.

 Provider Name:	Microsoft Software Key Storage Provider
 Flags:		0x40
 DeletionType: 		0x0
 Key Name:	ChromeMetricsTestKey
 Key File Name:	1e313dfb17707690d41bc1ce552b952a_871e017e-bcbc-4dc7-98b5-1cc935df09e8
 ProcessName:	C:\Program Files (x86)\Microsoft\Edge\Application\msedge.exe
 ProcessId:	0x6FB4
 ServerThreadId:	0x1D98
 UserId:	S-1-12-1-2357405129-1281513531-255772574-1816207334
 ServiceTag:	
 Return Code:	0x0"
"03-08-2026 11:16:45","21","Information","Microsoft-Windows-Crypto-NCrypt","Key write succeeded.

 Provider Name:	Microsoft Software Key Storage Provider
 ModificationType: 		0x1
 Flags:		0x1
 Key Name:	ChromeMetricsTestKey
 Key File Name:	1e313dfb17707690d41bc1ce552b952a_871e017e-bcbc-4dc7-98b5-1cc935df09e8
 ProcessName:	C:\Program Files (x86)\Microsoft\Edge\Application\msedge.exe
 ProcessId:	0x6FB4
 ServerThreadId:	0x28C0
 UserId:	S-1-12-1-2357405129-1281513531-255772574-1816207334
 ServiceTag:	
 Return Code:	0x0"
"03-08-2026 11:15:50","22","Information","Microsoft-Windows-Crypto-NCrypt","Delete key succeeded.

 Provider Name:	Microsoft Software Key Storage Provider
 Flags:		0x40
 DeletionType: 		0x0
 Key Name:	ChromeMetricsTestKey
 Key File Name:	1e313dfb17707690d41bc1ce552b952a_871e017e-bcbc-4dc7-98b5-1cc935df09e8
 ProcessName:	C:\Program Files (x86)\Microsoft\Edge\Application\msedge.exe
 ProcessId:	0x72A0
 ServerThreadId:	0x532C
 UserId:	S-1-12-1-2357405129-1281513531-255772574-1816207334
 ServiceTag:	
 Return Code:	0x0"
"03-08-2026 11:15:50","21","Information","Microsoft-Windows-Crypto-NCrypt","Key write succeeded.

 Provider Name:	Microsoft Software Key Storage Provider
 ModificationType: 		0x1
 Flags:		0x1
 Key Name:	ChromeMetricsTestKey
 Key File Name:	1e313dfb17707690d41bc1ce552b952a_871e017e-bcbc-4dc7-98b5-1cc935df09e8
 ProcessName:	C:\Program Files (x86)\Microsoft\Edge\Application\msedge.exe
 ProcessId:	0x72A0
 ServerThreadId:	0x532C
 UserId:	S-1-12-1-2357405129-1281513531-255772574-1816207334
 ServiceTag:	
 Return Code:	0x0"
"03-08-2026 11:06:11","22","Information","Microsoft-Windows-Crypto-NCrypt","Delete key succeeded.

 Provider Name:	Microsoft Software Key Storage Provider
 Flags:		0x40
 DeletionType: 		0x0
 Key Name:	ChromeMetricsTestKey
 Key File Name:	1e313dfb17707690d41bc1ce552b952a_871e017e-bcbc-4dc7-98b5-1cc935df09e8
 ProcessName:	C:\Program Files\Google\Chrome\Application\chrome.exe
 ProcessId:	0x2070
 ServerThreadId:	0x28C0
 UserId:	S-1-12-1-2357405129-1281513531-255772574-1816207334
 ServiceTag:	
 Return Code:	0x0"
"03-08-2026 11:06:11","21","Information","Microsoft-Windows-Crypto-NCrypt","Key write succeeded.

 Provider Name:	Microsoft Software Key Storage Provider
 ModificationType: 		0x1
 Flags:		0x1
 Key Name:	ChromeMetricsTestKey
 Key File Name:	1e313dfb17707690d41bc1ce552b952a_871e017e-bcbc-4dc7-98b5-1cc935df09e8
 ProcessName:	C:\Program Files\Google\Chrome\Application\chrome.exe
 ProcessId:	0x2070
 ServerThreadId:	0x28C0
 UserId:	S-1-12-1-2357405129-1281513531-255772574-1816207334
 ServiceTag:	
 Return Code:	0x0"
"03-08-2026 10:36:52","22","Information","Microsoft-Windows-Crypto-NCrypt","Delete key succeeded.

 Provider Name:	Microsoft Software Key Storage Provider
 Flags:		0x40
 DeletionType: 		0x0
 Key Name:	ChromeMetricsTestKey
 Key File Name:	1e313dfb17707690d41bc1ce552b952a_871e017e-bcbc-4dc7-98b5-1cc935df09e8
 ProcessName:	C:\Program Files (x86)\Microsoft\EdgeWebView\Application\150.0.4078.105\msedgewebview2.exe
 ProcessId:	0x3E28
 ServerThreadId:	0x58C
 UserId:	S-1-12-1-2357405129-1281513531-255772574-1816207334
 ServiceTag:	
 Return Code:	0x0"
"03-08-2026 10:36:52","21","Information","Microsoft-Windows-Crypto-NCrypt","Key write succeeded.

 Provider Name:	Microsoft Software Key Storage Provider
 ModificationType: 		0x1
 Flags:		0x1
 Key Name:	ChromeMetricsTestKey
 Key File Name:	1e313dfb17707690d41bc1ce552b952a_871e017e-bcbc-4dc7-98b5-1cc935df09e8
 ProcessName:	C:\Program Files (x86)\Microsoft\EdgeWebView\Application\150.0.4078.105\msedgewebview2.exe
 ProcessId:	0x3E28
 ServerThreadId:	0x58C
 UserId:	S-1-12-1-2357405129-1281513531-255772574-1816207334
 ServiceTag:	
 Return Code:	0x0"
"03-08-2026 09:44:11","22","Information","Microsoft-Windows-Crypto-NCrypt","Delete key succeeded.

 Provider Name:	Microsoft Software Key Storage Provider
 Flags:		0x40
 DeletionType: 		0x0
 Key Name:	ChromeMetricsTestKey
 Key File Name:	1e313dfb17707690d41bc1ce552b952a_871e017e-bcbc-4dc7-98b5-1cc935df09e8
 ProcessName:	C:\Program Files (x86)\Microsoft\EdgeWebView\Application\150.0.4078.105\msedgewebview2.exe
 ProcessId:	0x7380
 ServerThreadId:	0x28C0
 UserId:	S-1-12-1-2357405129-1281513531-255772574-1816207334
 ServiceTag:	
 Return Code:	0x0"
"03-08-2026 09:44:11","21","Information","Microsoft-Windows-Crypto-NCrypt","Key write succeeded.

 Provider Name:	Microsoft Software Key Storage Provider
 ModificationType: 		0x1
 Flags:		0x1
 Key Name:	ChromeMetricsTestKey
 Key File Name:	1e313dfb17707690d41bc1ce552b952a_871e017e-bcbc-4dc7-98b5-1cc935df09e8
 ProcessName:	C:\Program Files (x86)\Microsoft\EdgeWebView\Application\150.0.4078.105\msedgewebview2.exe
 ProcessId:	0x7380
 ServerThreadId:	0x28C0
 UserId:	S-1-12-1-2357405129-1281513531-255772574-1816207334
 ServiceTag:	
 Return Code:	0x0"
"03-08-2026 09:30:56","22","Information","Microsoft-Windows-Crypto-NCrypt","Delete key succeeded.

 Provider Name:	Microsoft Software Key Storage Provider
 Flags:		0x40
 DeletionType: 		0x0
 Key Name:	ChromeMetricsTestKey
 Key File Name:	1e313dfb17707690d41bc1ce552b952a_871e017e-bcbc-4dc7-98b5-1cc935df09e8
 ProcessName:	C:\Program Files (x86)\Microsoft\EdgeWebView\Application\150.0.4078.105\msedgewebview2.exe
 ProcessId:	0x4150
 ServerThreadId:	0x1FF4
 UserId:	S-1-12-1-2357405129-1281513531-255772574-1816207334
 ServiceTag:	
 Return Code:	0x0"
"03-08-2026 09:30:56","21","Information","Microsoft-Windows-Crypto-NCrypt","Key write succeeded.

 Provider Name:	Microsoft Software Key Storage Provider
 ModificationType: 		0x1
 Flags:		0x1
 Key Name:	ChromeMetricsTestKey
 Key File Name:	1e313dfb17707690d41bc1ce552b952a_871e017e-bcbc-4dc7-98b5-1cc935df09e8
 ProcessName:	C:\Program Files (x86)\Microsoft\EdgeWebView\Application\150.0.4078.105\msedgewebview2.exe
 ProcessId:	0x4150
 ServerThreadId:	0x1FF4
 UserId:	S-1-12-1-2357405129-1281513531-255772574-1816207334
 ServiceTag:	
 Return Code:	0x0"
"03-08-2026 09:30:35","22","Information","Microsoft-Windows-Crypto-NCrypt","Delete key succeeded.

 Provider Name:	Microsoft Software Key Storage Provider
 Flags:		0x40
 DeletionType: 		0x0
 Key Name:	ChromeMetricsTestKey
 Key File Name:	1e313dfb17707690d41bc1ce552b952a_871e017e-bcbc-4dc7-98b5-1cc935df09e8
 ProcessName:	C:\Program Files (x86)\Microsoft\EdgeWebView\Application\150.0.4078.105\msedgewebview2.exe
 ProcessId:	0x2E4C
 ServerThreadId:	0x6CC
 UserId:	S-1-12-1-2357405129-1281513531-255772574-1816207334
 ServiceTag:	
 Return Code:	0x0"
"03-08-2026 09:30:35","21","Information","Microsoft-Windows-Crypto-NCrypt","Key write succeeded.

 Provider Name:	Microsoft Software Key Storage Provider
 ModificationType: 		0x1
 Flags:		0x1
 Key Name:	ChromeMetricsTestKey
 Key File Name:	1e313dfb17707690d41bc1ce552b952a_871e017e-bcbc-4dc7-98b5-1cc935df09e8
 ProcessName:	C:\Program Files (x86)\Microsoft\EdgeWebView\Application\150.0.4078.105\msedgewebview2.exe
 ProcessId:	0x2E4C
 ServerThreadId:	0x6CC
 UserId:	S-1-12-1-2357405129-1281513531-255772574-1816207334
 ServiceTag:	
 Return Code:	0x0"
"03-08-2026 09:28:12","22","Information","Microsoft-Windows-Crypto-NCrypt","Delete key succeeded.

 Provider Name:	Microsoft Software Key Storage Provider
 Flags:		0x40
 DeletionType: 		0x0
 Key Name:	ChromeMetricsTestKey
 Key File Name:	1e313dfb17707690d41bc1ce552b952a_871e017e-bcbc-4dc7-98b5-1cc935df09e8
 ProcessName:	C:\Program Files (x86)\Microsoft\Edge\Application\msedge.exe
 ProcessId:	0x4BA4
 ServerThreadId:	0x7EC
 UserId:	S-1-12-1-2357405129-1281513531-255772574-1816207334
 ServiceTag:	
 Return Code:	0x0"
"03-08-2026 09:28:12","21","Information","Microsoft-Windows-Crypto-NCrypt","Key write succeeded.

 Provider Name:	Microsoft Software Key Storage Provider
 ModificationType: 		0x1
 Flags:		0x1
 Key Name:	ChromeMetricsTestKey
 Key File Name:	1e313dfb17707690d41bc1ce552b952a_871e017e-bcbc-4dc7-98b5-1cc935df09e8
 ProcessName:	C:\Program Files (x86)\Microsoft\Edge\Application\msedge.exe
 ProcessId:	0x4BA4
 ServerThreadId:	0x7EC
 UserId:	S-1-12-1-2357405129-1281513531-255772574-1816207334
 ServiceTag:	
 Return Code:	0x0"
"03-08-2026 09:27:47","22","Information","Microsoft-Windows-Crypto-NCrypt","Delete key succeeded.

 Provider Name:	Microsoft Software Key Storage Provider
 Flags:		0x40
 DeletionType: 		0x0
 Key Name:	ChromeMetricsTestKey
 Key File Name:	1e313dfb17707690d41bc1ce552b952a_871e017e-bcbc-4dc7-98b5-1cc935df09e8
 ProcessName:	C:\Program Files (x86)\Microsoft\EdgeWebView\Application\150.0.4078.105\msedgewebview2.exe
 ProcessId:	0x4B38
 ServerThreadId:	0x638
 UserId:	S-1-12-1-2357405129-1281513531-255772574-1816207334
 ServiceTag:	
 Return Code:	0x0"
"03-08-2026 09:27:47","21","Information","Microsoft-Windows-Crypto-NCrypt","Key write succeeded.

 Provider Name:	Microsoft Software Key Storage Provider
 ModificationType: 		0x1
 Flags:		0x1
 Key Name:	ChromeMetricsTestKey
 Key File Name:	1e313dfb17707690d41bc1ce552b952a_871e017e-bcbc-4dc7-98b5-1cc935df09e8
 ProcessName:	C:\Program Files (x86)\Microsoft\EdgeWebView\Application\150.0.4078.105\msedgewebview2.exe
 ProcessId:	0x4B38
 ServerThreadId:	0x638
 UserId:	S-1-12-1-2357405129-1281513531-255772574-1816207334
 ServiceTag:	
 Return Code:	0x0"
"03-08-2026 09:27:40","22","Information","Microsoft-Windows-Crypto-NCrypt","Delete key succeeded.

 Provider Name:	Microsoft Software Key Storage Provider
 Flags:		0x40
 DeletionType: 		0x0
 Key Name:	ChromeMetricsTestKey
 Key File Name:	1e313dfb17707690d41bc1ce552b952a_871e017e-bcbc-4dc7-98b5-1cc935df09e8
 ProcessName:	C:\Program Files (x86)\Microsoft\EdgeWebView\Application\150.0.4078.105\msedgewebview2.exe
 ProcessId:	0x4E00
 ServerThreadId:	0x638
 UserId:	S-1-12-1-2357405129-1281513531-255772574-1816207334
 ServiceTag:	
 Return Code:	0x0"
"03-08-2026 09:27:40","21","Information","Microsoft-Windows-Crypto-NCrypt","Key write succeeded.

 Provider Name:	Microsoft Software Key Storage Provider
 ModificationType: 		0x1
 Flags:		0x1
 Key Name:	ChromeMetricsTestKey
 Key File Name:	1e313dfb17707690d41bc1ce552b952a_871e017e-bcbc-4dc7-98b5-1cc935df09e8
 ProcessName:	C:\Program Files (x86)\Microsoft\EdgeWebView\Application\150.0.4078.105\msedgewebview2.exe
 ProcessId:	0x4E00
 ServerThreadId:	0x638
 UserId:	S-1-12-1-2357405129-1281513531-255772574-1816207334
 ServiceTag:	
 Return Code:	0x0"
"03-08-2026 09:27:21","22","Information","Microsoft-Windows-Crypto-NCrypt","Delete key succeeded.

 Provider Name:	Microsoft Software Key Storage Provider
 Flags:		0x40
 DeletionType: 		0x0
 Key Name:	SCEPProtocolKey-e152b4b1-f3bf-475a-b42b-3335fa925e9b
 Key File Name:	157b44a830f0e8466a5a467622e03f79_871e017e-bcbc-4dc7-98b5-1cc935df09e8
 ProcessName:	C:\Windows\System32\taskhostw.exe
 ProcessId:	0xA14
 ServerThreadId:	0x5F4
 UserId:	S-1-5-18
 ServiceTag:	
 Return Code:	0x0"
"03-08-2026 09:27:19","21","Information","Microsoft-Windows-Crypto-NCrypt","Key write succeeded.

 Provider Name:	Microsoft Software Key Storage Provider
 ModificationType: 		0x1
 Flags:		0x0
 Key Name:	SCEPProtocolKey-e152b4b1-f3bf-475a-b42b-3335fa925e9b
 Key File Name:	157b44a830f0e8466a5a467622e03f79_871e017e-bcbc-4dc7-98b5-1cc935df09e8
 ProcessName:	C:\Windows\System32\taskhostw.exe
 ProcessId:	0xA14
 ServerThreadId:	0x984
 UserId:	S-1-5-18
 ServiceTag:	
 Return Code:	0x0"
"03-08-2026 09:27:17","22","Information","Microsoft-Windows-Crypto-NCrypt","Delete key succeeded.

 Provider Name:	Microsoft Software Key Storage Provider
 Flags:		0x40
 DeletionType: 		0x0
 Key Name:	SCEPProtocolKey-c9c62241-5929-48a6-8e9a-7fa5f2f94acf
 Key File Name:	33ba4924a749505eb37028aa1c15e913_871e017e-bcbc-4dc7-98b5-1cc935df09e8
 ProcessName:	C:\Windows\System32\taskhostw.exe
 ProcessId:	0xA14
 ServerThreadId:	0x6CC
 UserId:	S-1-5-18
 ServiceTag:	
 Return Code:	0x0"
"03-08-2026 09:27:14","21","Information","Microsoft-Windows-Crypto-NCrypt","Key write succeeded.

 Provider Name:	Microsoft Software Key Storage Provider
 ModificationType: 		0x1
 Flags:		0x0
 Key Name:	SCEPProtocolKey-c9c62241-5929-48a6-8e9a-7fa5f2f94acf
 Key File Name:	33ba4924a749505eb37028aa1c15e913_871e017e-bcbc-4dc7-98b5-1cc935df09e8
 ProcessName:	C:\Windows\System32\taskhostw.exe
 ProcessId:	0xA14
 ServerThreadId:	0x6CC
 UserId:	S-1-5-18
 ServiceTag:	
 Return Code:	0x0"
"03-08-2026 09:27:13","22","Information","Microsoft-Windows-Crypto-NCrypt","Delete key succeeded.

 Provider Name:	Microsoft Software Key Storage Provider
 Flags:		0x40
 DeletionType: 		0x0
 Key Name:	ChromeMetricsTestKey
 Key File Name:	1e313dfb17707690d41bc1ce552b952a_871e017e-bcbc-4dc7-98b5-1cc935df09e8_da5fd6b349700aefcb92feb194b1222f
 ProcessName:	C:\Program Files (x86)\Microsoft\EdgeWebView\Application\150.0.4078.105\msedgewebview2.exe
 ProcessId:	0x4040
 ServerThreadId:	0x6CC
 UserId:	S-1-12-1-2357405129-1281513531-255772574-1816207334
 ServiceTag:	
 Return Code:	0x0"
"03-08-2026 09:27:13","21","Information","Microsoft-Windows-Crypto-NCrypt","Key write succeeded.

 Provider Name:	Microsoft Software Key Storage Provider
 ModificationType: 		0x1
 Flags:		0x1
 Key Name:	ChromeMetricsTestKey
 Key File Name:	1e313dfb17707690d41bc1ce552b952a_871e017e-bcbc-4dc7-98b5-1cc935df09e8_da5fd6b349700aefcb92feb194b1222f
 ProcessName:	C:\Program Files (x86)\Microsoft\EdgeWebView\Application\150.0.4078.105\msedgewebview2.exe
 ProcessId:	0x4040
 ServerThreadId:	0x6CC
 UserId:	S-1-12-1-2357405129-1281513531-255772574-1816207334
 ServiceTag:	
 Return Code:	0x0"
"03-08-2026 09:27:12","22","Information","Microsoft-Windows-Crypto-NCrypt","Delete key succeeded.

 Provider Name:	Microsoft Software Key Storage Provider
 Flags:		0x40
 DeletionType: 		0x0
 Key Name:	SCEPProtocolKey-f95ffcba-de65-4e7d-bd06-9830193fc792
 Key File Name:	0b390afb484f86bb2a72b554f4d728de_871e017e-bcbc-4dc7-98b5-1cc935df09e8
 ProcessName:	C:\Windows\System32\taskhostw.exe
 ProcessId:	0xA14
 ServerThreadId:	0x6CC
 UserId:	S-1-5-18
 ServiceTag:	
 Return Code:	0x0"
"03-08-2026 09:27:10","21","Information","Microsoft-Windows-Crypto-NCrypt","Key write succeeded.

 Provider Name:	Microsoft Software Key Storage Provider
 ModificationType: 		0x1
 Flags:		0x0
 Key Name:	SCEPProtocolKey-f95ffcba-de65-4e7d-bd06-9830193fc792
 Key File Name:	0b390afb484f86bb2a72b554f4d728de_871e017e-bcbc-4dc7-98b5-1cc935df09e8
 ProcessName:	C:\Windows\System32\taskhostw.exe
 ProcessId:	0xA14
 ServerThreadId:	0x37A4
 UserId:	S-1-5-18
 ServiceTag:	
 Return Code:	0x0"
"03-08-2026 09:26:06","21","Information","Microsoft-Windows-Crypto-NCrypt","Key write succeeded.

 Provider Name:	Microsoft Software Key Storage Provider
 ModificationType: 		0x1
 Flags:		0x0
 Key Name:	Microsoft SQL Server$BARTENDER$FallBackCertCng
 Key File Name:	c287b78626f4e1c90aace827bced9c3b_871e017e-bcbc-4dc7-98b5-1cc935df09e8
 ProcessName:	C:\Program Files\Microsoft SQL Server\MSSQL15.BARTENDER\MSSQL\Binn\sqlservr.exe
 ProcessId:	0x1304
 ServerThreadId:	0x5E0
 UserId:	S-1-5-18
 ServiceTag:	MSSQL$BARTENDER
 Return Code:	0x0"
"31-07-2026 18:33:13","22","Information","Microsoft-Windows-Crypto-NCrypt","Delete key succeeded.

 Provider Name:	Microsoft Software Key Storage Provider
 Flags:		0x40
 DeletionType: 		0x0
 Key Name:	ChromeMetricsTestKey
 Key File Name:	1e313dfb17707690d41bc1ce552b952a_871e017e-bcbc-4dc7-98b5-1cc935df09e8
 ProcessName:	C:\Program Files (x86)\Microsoft\Edge\Application\msedge.exe
 ProcessId:	0x7D5C
 ServerThreadId:	0x607C
 UserId:	S-1-12-1-2357405129-1281513531-255772574-1816207334
 ServiceTag:	
 Return Code:	0x0"
"31-07-2026 18:33:13","21","Information","Microsoft-Windows-Crypto-NCrypt","Key write succeeded.

 Provider Name:	Microsoft Software Key Storage Provider
 ModificationType: 		0x1
 Flags:		0x1
 Key Name:	ChromeMetricsTestKey
 Key File Name:	1e313dfb17707690d41bc1ce552b952a_871e017e-bcbc-4dc7-98b5-1cc935df09e8
 ProcessName:	C:\Program Files (x86)\Microsoft\Edge\Application\msedge.exe
 ProcessId:	0x7D5C
 ServerThreadId:	0x638
 UserId:	S-1-12-1-2357405129-1281513531-255772574-1816207334
 ServiceTag:	
 Return Code:	0x0"
"31-07-2026 18:10:26","22","Information","Microsoft-Windows-Crypto-NCrypt","Delete key succeeded.

 Provider Name:	Microsoft Software Key Storage Provider
 Flags:		0x40
 DeletionType: 		0x0
 Key Name:	ChromeMetricsTestKey
 Key File Name:	1e313dfb17707690d41bc1ce552b952a_871e017e-bcbc-4dc7-98b5-1cc935df09e8
 ProcessName:	C:\Program Files (x86)\Microsoft\EdgeWebView\Application\150.0.4078.105\msedgewebview2.exe
 ProcessId:	0x9BEC
 ServerThreadId:	0x638
 UserId:	S-1-12-1-2357405129-1281513531-255772574-1816207334
 ServiceTag:	
 Return Code:	0x0"
"31-07-2026 18:10:26","21","Information","Microsoft-Windows-Crypto-NCrypt","Key write succeeded.

 Provider Name:	Microsoft Software Key Storage Provider
 ModificationType: 		0x1
 Flags:		0x1
 Key Name:	ChromeMetricsTestKey
 Key File Name:	1e313dfb17707690d41bc1ce552b952a_871e017e-bcbc-4dc7-98b5-1cc935df09e8
 ProcessName:	C:\Program Files (x86)\Microsoft\EdgeWebView\Application\150.0.4078.105\msedgewebview2.exe
 ProcessId:	0x9BEC
 ServerThreadId:	0x638
 UserId:	S-1-12-1-2357405129-1281513531-255772574-1816207334
 ServiceTag:	
 Return Code:	0x0"
"31-07-2026 16:46:03","22","Information","Microsoft-Windows-Crypto-NCrypt","Delete key succeeded.

 Provider Name:	Microsoft Software Key Storage Provider
 Flags:		0x40
 DeletionType: 		0x0
 Key Name:	ChromeMetricsTestKey
 Key File Name:	1e313dfb17707690d41bc1ce552b952a_871e017e-bcbc-4dc7-98b5-1cc935df09e8
 ProcessName:	C:\Program Files (x86)\Microsoft\EdgeWebView\Application\150.0.4078.105\msedgewebview2.exe
 ProcessId:	0x8708
 ServerThreadId:	0x5F60
 UserId:	S-1-12-1-2357405129-1281513531-255772574-1816207334
 ServiceTag:	
 Return Code:	0x0"
"31-07-2026 16:46:03","21","Information","Microsoft-Windows-Crypto-NCrypt","Key write succeeded.

 Provider Name:	Microsoft Software Key Storage Provider
 ModificationType: 		0x1
 Flags:		0x1
 Key Name:	ChromeMetricsTestKey
 Key File Name:	1e313dfb17707690d41bc1ce552b952a_871e017e-bcbc-4dc7-98b5-1cc935df09e8
 ProcessName:	C:\Program Files (x86)\Microsoft\EdgeWebView\Application\150.0.4078.105\msedgewebview2.exe
 ProcessId:	0x8708
 ServerThreadId:	0x5F60
 UserId:	S-1-12-1-2357405129-1281513531-255772574-1816207334
 ServiceTag:	
 Return Code:	0x0"
"31-07-2026 15:34:36","22","Information","Microsoft-Windows-Crypto-NCrypt","Delete key succeeded.

 Provider Name:	Microsoft Software Key Storage Provider
 Flags:		0x40
 DeletionType: 		0x0
 Key Name:	ChromeMetricsTestKey
 Key File Name:	1e313dfb17707690d41bc1ce552b952a_871e017e-bcbc-4dc7-98b5-1cc935df09e8
 ProcessName:	C:\Program Files (x86)\Microsoft\EdgeWebView\Application\150.0.4078.105\msedgewebview2.exe
 ProcessId:	0x65B4
 ServerThreadId:	0x5F60
 UserId:	S-1-12-1-2357405129-1281513531-255772574-1816207334
 ServiceTag:	
 Return Code:	0x0"
"31-07-2026 15:34:36","21","Information","Microsoft-Windows-Crypto-NCrypt","Key write succeeded.

 Provider Name:	Microsoft Software Key Storage Provider
 ModificationType: 		0x1
 Flags:		0x1
 Key Name:	ChromeMetricsTestKey
 Key File Name:	1e313dfb17707690d41bc1ce552b952a_871e017e-bcbc-4dc7-98b5-1cc935df09e8
 ProcessName:	C:\Program Files (x86)\Microsoft\EdgeWebView\Application\150.0.4078.105\msedgewebview2.exe
 ProcessId:	0x65B4
 ServerThreadId:	0x5F60
 UserId:	S-1-12-1-2357405129-1281513531-255772574-1816207334
 ServiceTag:	
 Return Code:	0x0"
"31-07-2026 15:19:31","22","Information","Microsoft-Windows-Crypto-NCrypt","Delete key succeeded.

 Provider Name:	Microsoft Software Key Storage Provider
 Flags:		0x40
 DeletionType: 		0x0
 Key Name:	ChromeMetricsTestKey
 Key File Name:	1e313dfb17707690d41bc1ce552b952a_871e017e-bcbc-4dc7-98b5-1cc935df09e8
 ProcessName:	C:\Program Files (x86)\Microsoft\EdgeWebView\Application\150.0.4078.105\msedgewebview2.exe
 ProcessId:	0x8CDC
 ServerThreadId:	0x638
 UserId:	S-1-12-1-2357405129-1281513531-255772574-1816207334
 ServiceTag:	
 Return Code:	0x0"
"31-07-2026 15:19:31","21","Information","Microsoft-Windows-Crypto-NCrypt","Key write succeeded.

 Provider Name:	Microsoft Software Key Storage Provider
 ModificationType: 		0x1
 Flags:		0x1
 Key Name:	ChromeMetricsTestKey
 Key File Name:	1e313dfb17707690d41bc1ce552b952a_871e017e-bcbc-4dc7-98b5-1cc935df09e8
 ProcessName:	C:\Program Files (x86)\Microsoft\EdgeWebView\Application\150.0.4078.105\msedgewebview2.exe
 ProcessId:	0x8CDC
 ServerThreadId:	0x638
 UserId:	S-1-12-1-2357405129-1281513531-255772574-1816207334
 ServiceTag:	
 Return Code:	0x0"
"31-07-2026 15:04:25","22","Information","Microsoft-Windows-Crypto-NCrypt","Delete key succeeded.

 Provider Name:	Microsoft Software Key Storage Provider
 Flags:		0x40
 DeletionType: 		0x0
 Key Name:	ChromeMetricsTestKey
 Key File Name:	1e313dfb17707690d41bc1ce552b952a_871e017e-bcbc-4dc7-98b5-1cc935df09e8
 ProcessName:	C:\Program Files (x86)\Microsoft\EdgeWebView\Application\150.0.4078.105\msedgewebview2.exe
 ProcessId:	0x91B4
 ServerThreadId:	0x5F60
 UserId:	S-1-12-1-2357405129-1281513531-255772574-1816207334
 ServiceTag:	
 Return Code:	0x0"
"31-07-2026 15:04:25","21","Information","Microsoft-Windows-Crypto-NCrypt","Key write succeeded.

 Provider Name:	Microsoft Software Key Storage Provider
 ModificationType: 		0x1
 Flags:		0x1
 Key Name:	ChromeMetricsTestKey
 Key File Name:	1e313dfb17707690d41bc1ce552b952a_871e017e-bcbc-4dc7-98b5-1cc935df09e8
 ProcessName:	C:\Program Files (x86)\Microsoft\EdgeWebView\Application\150.0.4078.105\msedgewebview2.exe
 ProcessId:	0x91B4
 ServerThreadId:	0x5F60
 UserId:	S-1-12-1-2357405129-1281513531-255772574-1816207334
 ServiceTag:	
 Return Code:	0x0"
"31-07-2026 14:57:26","22","Information","Microsoft-Windows-Crypto-NCrypt","Delete key succeeded.

 Provider Name:	Microsoft Software Key Storage Provider
 Flags:		0x40
 DeletionType: 		0x0
 Key Name:	ChromeMetricsTestKey
 Key File Name:	1e313dfb17707690d41bc1ce552b952a_871e017e-bcbc-4dc7-98b5-1cc935df09e8
 ProcessName:	C:\Program Files (x86)\Microsoft\EdgeWebView\Application\150.0.4078.105\msedgewebview2.exe
 ProcessId:	0x7FA0
 ServerThreadId:	0x63C
 UserId:	S-1-12-1-2357405129-1281513531-255772574-1816207334
 ServiceTag:	
 Return Code:	0x0"
"31-07-2026 14:57:26","21","Information","Microsoft-Windows-Crypto-NCrypt","Key write succeeded.

 Provider Name:	Microsoft Software Key Storage Provider
 ModificationType: 		0x1
 Flags:		0x1
 Key Name:	ChromeMetricsTestKey
 Key File Name:	1e313dfb17707690d41bc1ce552b952a_871e017e-bcbc-4dc7-98b5-1cc935df09e8
 ProcessName:	C:\Program Files (x86)\Microsoft\EdgeWebView\Application\150.0.4078.105\msedgewebview2.exe
 ProcessId:	0x7FA0
 ServerThreadId:	0x63C
 UserId:	S-1-12-1-2357405129-1281513531-255772574-1816207334
 ServiceTag:	
 Return Code:	0x0"
"31-07-2026 14:49:19","22","Information","Microsoft-Windows-Crypto-NCrypt","Delete key succeeded.

 Provider Name:	Microsoft Software Key Storage Provider
 Flags:		0x40
 DeletionType: 		0x0
 Key Name:	ChromeMetricsTestKey
 Key File Name:	1e313dfb17707690d41bc1ce552b952a_871e017e-bcbc-4dc7-98b5-1cc935df09e8
 ProcessName:	C:\Program Files (x86)\Microsoft\EdgeWebView\Application\150.0.4078.105\msedgewebview2.exe
 ProcessId:	0x4184
 ServerThreadId:	0x638
 UserId:	S-1-12-1-2357405129-1281513531-255772574-1816207334
 ServiceTag:	
 Return Code:	0x0"
"31-07-2026 14:49:19","21","Information","Microsoft-Windows-Crypto-NCrypt","Key write succeeded.

 Provider Name:	Microsoft Software Key Storage Provider
 ModificationType: 		0x1
 Flags:		0x1
 Key Name:	ChromeMetricsTestKey
 Key File Name:	1e313dfb17707690d41bc1ce552b952a_871e017e-bcbc-4dc7-98b5-1cc935df09e8
 ProcessName:	C:\Program Files (x86)\Microsoft\EdgeWebView\Application\150.0.4078.105\msedgewebview2.exe
 ProcessId:	0x4184
 ServerThreadId:	0x638
 UserId:	S-1-12-1-2357405129-1281513531-255772574-1816207334
 ServiceTag:	
 Return Code:	0x0"
"31-07-2026 14:34:17","22","Information","Microsoft-Windows-Crypto-NCrypt","Delete key succeeded.

 Provider Name:	Microsoft Software Key Storage Provider
 Flags:		0x40
 DeletionType: 		0x0
 Key Name:	ChromeMetricsTestKey
 Key File Name:	1e313dfb17707690d41bc1ce552b952a_871e017e-bcbc-4dc7-98b5-1cc935df09e8
 ProcessName:	C:\Program Files (x86)\Microsoft\EdgeWebView\Application\150.0.4078.105\msedgewebview2.exe
 ProcessId:	0x8038
 ServerThreadId:	0x5F60
 UserId:	S-1-12-1-2357405129-1281513531-255772574-1816207334
 ServiceTag:	
 Return Code:	0x0"
"31-07-2026 14:34:17","21","Information","Microsoft-Windows-Crypto-NCrypt","Key write succeeded.

 Provider Name:	Microsoft Software Key Storage Provider
 ModificationType: 		0x1
 Flags:		0x1
 Key Name:	ChromeMetricsTestKey
 Key File Name:	1e313dfb17707690d41bc1ce552b952a_871e017e-bcbc-4dc7-98b5-1cc935df09e8
 ProcessName:	C:\Program Files (x86)\Microsoft\EdgeWebView\Application\150.0.4078.105\msedgewebview2.exe
 ProcessId:	0x8038
 ServerThreadId:	0x5F60
 UserId:	S-1-12-1-2357405129-1281513531-255772574-1816207334
 ServiceTag:	
 Return Code:	0x0"
"31-07-2026 14:19:14","22","Information","Microsoft-Windows-Crypto-NCrypt","Delete key succeeded.

 Provider Name:	Microsoft Software Key Storage Provider
 Flags:		0x40
 DeletionType: 		0x0
 Key Name:	ChromeMetricsTestKey
 Key File Name:	1e313dfb17707690d41bc1ce552b952a_871e017e-bcbc-4dc7-98b5-1cc935df09e8
 ProcessName:	C:\Program Files (x86)\Microsoft\EdgeWebView\Application\150.0.4078.105\msedgewebview2.exe
 ProcessId:	0x2810
 ServerThreadId:	0x63C
 UserId:	S-1-12-1-2357405129-1281513531-255772574-1816207334
 ServiceTag:	
 Return Code:	0x0"
"31-07-2026 14:19:14","21","Information","Microsoft-Windows-Crypto-NCrypt","Key write succeeded.

 Provider Name:	Microsoft Software Key Storage Provider
 ModificationType: 		0x1
 Flags:		0x1
 Key Name:	ChromeMetricsTestKey
 Key File Name:	1e313dfb17707690d41bc1ce552b952a_871e017e-bcbc-4dc7-98b5-1cc935df09e8
 ProcessName:	C:\Program Files (x86)\Microsoft\EdgeWebView\Application\150.0.4078.105\msedgewebview2.exe
 ProcessId:	0x2810
 ServerThreadId:	0x63C
 UserId:	S-1-12-1-2357405129-1281513531-255772574-1816207334
 ServiceTag:	
 Return Code:	0x0"
"31-07-2026 14:04:13","22","Information","Microsoft-Windows-Crypto-NCrypt","Delete key succeeded.

 Provider Name:	Microsoft Software Key Storage Provider
 Flags:		0x40
 DeletionType: 		0x0
 Key Name:	ChromeMetricsTestKey
 Key File Name:	1e313dfb17707690d41bc1ce552b952a_871e017e-bcbc-4dc7-98b5-1cc935df09e8
 ProcessName:	C:\Program Files (x86)\Microsoft\EdgeWebView\Application\150.0.4078.105\msedgewebview2.exe
 ProcessId:	0x8E2C
 ServerThreadId:	0x8C44
 UserId:	S-1-12-1-2357405129-1281513531-255772574-1816207334
 ServiceTag:	
 Return Code:	0x0"
"31-07-2026 14:04:13","21","Information","Microsoft-Windows-Crypto-NCrypt","Key write succeeded.

 Provider Name:	Microsoft Software Key Storage Provider
 ModificationType: 		0x1
 Flags:		0x1
 Key Name:	ChromeMetricsTestKey
 Key File Name:	1e313dfb17707690d41bc1ce552b952a_871e017e-bcbc-4dc7-98b5-1cc935df09e8
 ProcessName:	C:\Program Files (x86)\Microsoft\EdgeWebView\Application\150.0.4078.105\msedgewebview2.exe
 ProcessId:	0x8E2C
 ServerThreadId:	0x8C44
 UserId:	S-1-12-1-2357405129-1281513531-255772574-1816207334
 ServiceTag:	
 Return Code:	0x0"
"31-07-2026 13:31:02","22","Information","Microsoft-Windows-Crypto-NCrypt","Delete key succeeded.

 Provider Name:	Microsoft Software Key Storage Provider
 Flags:		0x40
 DeletionType: 		0x0
 Key Name:	ChromeMetricsTestKey
 Key File Name:	1e313dfb17707690d41bc1ce552b952a_871e017e-bcbc-4dc7-98b5-1cc935df09e8
 ProcessName:	C:\Program Files (x86)\Microsoft\EdgeWebView\Application\150.0.4078.105\msedgewebview2.exe
 ProcessId:	0x93E8
 ServerThreadId:	0x5F60
 UserId:	S-1-12-1-2357405129-1281513531-255772574-1816207334
 ServiceTag:	
 Return Code:	0x0"
"31-07-2026 13:31:02","21","Information","Microsoft-Windows-Crypto-NCrypt","Key write succeeded.

 Provider Name:	Microsoft Software Key Storage Provider
 ModificationType: 		0x1
 Flags:		0x1
 Key Name:	ChromeMetricsTestKey
 Key File Name:	1e313dfb17707690d41bc1ce552b952a_871e017e-bcbc-4dc7-98b5-1cc935df09e8
 ProcessName:	C:\Program Files (x86)\Microsoft\EdgeWebView\Application\150.0.4078.105\msedgewebview2.exe
 ProcessId:	0x93E8
 ServerThreadId:	0x5F60
 UserId:	S-1-12-1-2357405129-1281513531-255772574-1816207334
 ServiceTag:	
 Return Code:	0x0"
"31-07-2026 13:19:03","22","Information","Microsoft-Windows-Crypto-NCrypt","Delete key succeeded.

 Provider Name:	Microsoft Software Key Storage Provider
 Flags:		0x40
 DeletionType: 		0x0
 Key Name:	ChromeMetricsTestKey
 Key File Name:	1e313dfb17707690d41bc1ce552b952a_871e017e-bcbc-4dc7-98b5-1cc935df09e8
 ProcessName:	C:\Program Files (x86)\Microsoft\EdgeWebView\Application\150.0.4078.105\msedgewebview2.exe
 ProcessId:	0x81EC
 ServerThreadId:	0xEA0
 UserId:	S-1-12-1-2357405129-1281513531-255772574-1816207334
 ServiceTag:	
 Return Code:	0x0"
"31-07-2026 13:19:03","21","Information","Microsoft-Windows-Crypto-NCrypt","Key write succeeded.

 Provider Name:	Microsoft Software Key Storage Provider
 ModificationType: 		0x1
 Flags:		0x1
 Key Name:	ChromeMetricsTestKey
 Key File Name:	1e313dfb17707690d41bc1ce552b952a_871e017e-bcbc-4dc7-98b5-1cc935df09e8
 ProcessName:	C:\Program Files (x86)\Microsoft\EdgeWebView\Application\150.0.4078.105\msedgewebview2.exe
 ProcessId:	0x81EC
 ServerThreadId:	0xEA0
 UserId:	S-1-12-1-2357405129-1281513531-255772574-1816207334
 ServiceTag:	
 Return Code:	0x0"
"31-07-2026 13:03:55","22","Information","Microsoft-Windows-Crypto-NCrypt","Delete key succeeded.

 Provider Name:	Microsoft Software Key Storage Provider
 Flags:		0x40
 DeletionType: 		0x0
 Key Name:	ChromeMetricsTestKey
 Key File Name:	1e313dfb17707690d41bc1ce552b952a_871e017e-bcbc-4dc7-98b5-1cc935df09e8
 ProcessName:	C:\Program Files (x86)\Microsoft\EdgeWebView\Application\150.0.4078.105\msedgewebview2.exe
 ProcessId:	0x4964
 ServerThreadId:	0x63C
 UserId:	S-1-12-1-2357405129-1281513531-255772574-1816207334
 ServiceTag:	
 Return Code:	0x0"
"31-07-2026 13:03:55","21","Information","Microsoft-Windows-Crypto-NCrypt","Key write succeeded.

 Provider Name:	Microsoft Software Key Storage Provider
 ModificationType: 		0x1
 Flags:		0x1
 Key Name:	ChromeMetricsTestKey
 Key File Name:	1e313dfb17707690d41bc1ce552b952a_871e017e-bcbc-4dc7-98b5-1cc935df09e8
 ProcessName:	C:\Program Files (x86)\Microsoft\EdgeWebView\Application\150.0.4078.105\msedgewebview2.exe
 ProcessId:	0x4964
 ServerThreadId:	0x63C
 UserId:	S-1-12-1-2357405129-1281513531-255772574-1816207334
 ServiceTag:	
 Return Code:	0x0"
"31-07-2026 12:48:54","22","Information","Microsoft-Windows-Crypto-NCrypt","Delete key succeeded.

 Provider Name:	Microsoft Software Key Storage Provider
 Flags:		0x40
 DeletionType: 		0x0
 Key Name:	ChromeMetricsTestKey
 Key File Name:	1e313dfb17707690d41bc1ce552b952a_871e017e-bcbc-4dc7-98b5-1cc935df09e8
 ProcessName:	C:\Program Files (x86)\Microsoft\EdgeWebView\Application\150.0.4078.105\msedgewebview2.exe
 ProcessId:	0x5688
 ServerThreadId:	0x638
 UserId:	S-1-12-1-2357405129-1281513531-255772574-1816207334
 ServiceTag:	
 Return Code:	0x0"
"31-07-2026 12:48:54","21","Information","Microsoft-Windows-Crypto-NCrypt","Key write succeeded.

 Provider Name:	Microsoft Software Key Storage Provider
 ModificationType: 		0x1
 Flags:		0x1
 Key Name:	ChromeMetricsTestKey
 Key File Name:	1e313dfb17707690d41bc1ce552b952a_871e017e-bcbc-4dc7-98b5-1cc935df09e8
 ProcessName:	C:\Program Files (x86)\Microsoft\EdgeWebView\Application\150.0.4078.105\msedgewebview2.exe
 ProcessId:	0x5688
 ServerThreadId:	0x638
 UserId:	S-1-12-1-2357405129-1281513531-255772574-1816207334
 ServiceTag:	
 Return Code:	0x0"
"31-07-2026 12:33:46","22","Information","Microsoft-Windows-Crypto-NCrypt","Delete key succeeded.

 Provider Name:	Microsoft Software Key Storage Provider
 Flags:		0x40
 DeletionType: 		0x0
 Key Name:	ChromeMetricsTestKey
 Key File Name:	1e313dfb17707690d41bc1ce552b952a_871e017e-bcbc-4dc7-98b5-1cc935df09e8
 ProcessName:	C:\Program Files (x86)\Microsoft\EdgeWebView\Application\150.0.4078.105\msedgewebview2.exe
 ProcessId:	0x8804
 ServerThreadId:	0x63C
 UserId:	S-1-12-1-2357405129-1281513531-255772574-1816207334
 ServiceTag:	
 Return Code:	0x0"
"31-07-2026 12:33:46","21","Information","Microsoft-Windows-Crypto-NCrypt","Key write succeeded.

 Provider Name:	Microsoft Software Key Storage Provider
 ModificationType: 		0x1
 Flags:		0x1
 Key Name:	ChromeMetricsTestKey
 Key File Name:	1e313dfb17707690d41bc1ce552b952a_871e017e-bcbc-4dc7-98b5-1cc935df09e8
 ProcessName:	C:\Program Files (x86)\Microsoft\EdgeWebView\Application\150.0.4078.105\msedgewebview2.exe
 ProcessId:	0x8804
 ServerThreadId:	0x63C
 UserId:	S-1-12-1-2357405129-1281513531-255772574-1816207334
 ServiceTag:	
 Return Code:	0x0"
"31-07-2026 12:18:42","22","Information","Microsoft-Windows-Crypto-NCrypt","Delete key succeeded.

 Provider Name:	Microsoft Software Key Storage Provider
 Flags:		0x40
 DeletionType: 		0x0
 Key Name:	ChromeMetricsTestKey
 Key File Name:	1e313dfb17707690d41bc1ce552b952a_871e017e-bcbc-4dc7-98b5-1cc935df09e8
 ProcessName:	C:\Program Files (x86)\Microsoft\EdgeWebView\Application\150.0.4078.105\msedgewebview2.exe
 ProcessId:	0x4EBC
 ServerThreadId:	0x69BC
 UserId:	S-1-12-1-2357405129-1281513531-255772574-1816207334
 ServiceTag:	
 Return Code:	0x0"
"31-07-2026 12:18:42","21","Information","Microsoft-Windows-Crypto-NCrypt","Key write succeeded.

 Provider Name:	Microsoft Software Key Storage Provider
 ModificationType: 		0x1
 Flags:		0x1
 Key Name:	ChromeMetricsTestKey
 Key File Name:	1e313dfb17707690d41bc1ce552b952a_871e017e-bcbc-4dc7-98b5-1cc935df09e8
 ProcessName:	C:\Program Files (x86)\Microsoft\EdgeWebView\Application\150.0.4078.105\msedgewebview2.exe
 ProcessId:	0x4EBC
 ServerThreadId:	0x69BC
 UserId:	S-1-12-1-2357405129-1281513531-255772574-1816207334
 ServiceTag:	
 Return Code:	0x0"
"31-07-2026 10:54:51","22","Information","Microsoft-Windows-Crypto-NCrypt","Delete key succeeded.

 Provider Name:	Microsoft Software Key Storage Provider
 Flags:		0x40
 DeletionType: 		0x0
 Key Name:	ChromeMetricsTestKey
 Key File Name:	1e313dfb17707690d41bc1ce552b952a_871e017e-bcbc-4dc7-98b5-1cc935df09e8
 ProcessName:	C:\Program Files\Google\Chrome\Application\chrome.exe
 ProcessId:	0x6030
 ServerThreadId:	0x638
 UserId:	S-1-12-1-2357405129-1281513531-255772574-1816207334
 ServiceTag:	
 Return Code:	0x0"
"31-07-2026 10:54:51","21","Information","Microsoft-Windows-Crypto-NCrypt","Key write succeeded.

 Provider Name:	Microsoft Software Key Storage Provider
 ModificationType: 		0x1
 Flags:		0x1
 Key Name:	ChromeMetricsTestKey
 Key File Name:	1e313dfb17707690d41bc1ce552b952a_871e017e-bcbc-4dc7-98b5-1cc935df09e8
 ProcessName:	C:\Program Files\Google\Chrome\Application\chrome.exe
 ProcessId:	0x6030
 ServerThreadId:	0x5F60
 UserId:	S-1-12-1-2357405129-1281513531-255772574-1816207334
 ServiceTag:	
 Return Code:	0x0"
"31-07-2026 10:48:27","22","Information","Microsoft-Windows-Crypto-NCrypt","Delete key succeeded.

 Provider Name:	Microsoft Software Key Storage Provider
 Flags:		0x40
 DeletionType: 		0x0
 Key Name:	ChromeMetricsTestKey
 Key File Name:	1e313dfb17707690d41bc1ce552b952a_871e017e-bcbc-4dc7-98b5-1cc935df09e8
 ProcessName:	C:\Program Files (x86)\Microsoft\EdgeWebView\Application\150.0.4078.105\msedgewebview2.exe
 ProcessId:	0x3D8
 ServerThreadId:	0x5F60
 UserId:	S-1-12-1-2357405129-1281513531-255772574-1816207334
 ServiceTag:	
 Return Code:	0x0"
"31-07-2026 10:48:27","21","Information","Microsoft-Windows-Crypto-NCrypt","Key write succeeded.

 Provider Name:	Microsoft Software Key Storage Provider
 ModificationType: 		0x1
 Flags:		0x1
 Key Name:	ChromeMetricsTestKey
 Key File Name:	1e313dfb17707690d41bc1ce552b952a_871e017e-bcbc-4dc7-98b5-1cc935df09e8
 ProcessName:	C:\Program Files (x86)\Microsoft\EdgeWebView\Application\150.0.4078.105\msedgewebview2.exe
 ProcessId:	0x3D8
 ServerThreadId:	0x6BDC
 UserId:	S-1-12-1-2357405129-1281513531-255772574-1816207334
 ServiceTag:	
 Return Code:	0x0"
"31-07-2026 10:08:15","22","Information","Microsoft-Windows-Crypto-NCrypt","Delete key succeeded.

 Provider Name:	Microsoft Software Key Storage Provider
 Flags:		0x40
 DeletionType: 		0x0
 Key Name:	ChromeMetricsTestKey
 Key File Name:	1e313dfb17707690d41bc1ce552b952a_871e017e-bcbc-4dc7-98b5-1cc935df09e8
 ProcessName:	C:\Program Files (x86)\Microsoft\EdgeWebView\Application\150.0.4078.105\msedgewebview2.exe
 ProcessId:	0x6338
 ServerThreadId:	0x63C
 UserId:	S-1-12-1-2357405129-1281513531-255772574-1816207334
 ServiceTag:	
 Return Code:	0x0"
"31-07-2026 10:08:15","21","Information","Microsoft-Windows-Crypto-NCrypt","Key write succeeded.

 Provider Name:	Microsoft Software Key Storage Provider
 ModificationType: 		0x1
 Flags:		0x1
 Key Name:	ChromeMetricsTestKey
 Key File Name:	1e313dfb17707690d41bc1ce552b952a_871e017e-bcbc-4dc7-98b5-1cc935df09e8
 ProcessName:	C:\Program Files (x86)\Microsoft\EdgeWebView\Application\150.0.4078.105\msedgewebview2.exe
 ProcessId:	0x6338
 ServerThreadId:	0x63C
 UserId:	S-1-12-1-2357405129-1281513531-255772574-1816207334
 ServiceTag:	
 Return Code:	0x0"
"31-07-2026 09:48:27","22","Information","Microsoft-Windows-Crypto-NCrypt","Delete key succeeded.

 Provider Name:	Microsoft Software Key Storage Provider
 Flags:		0x40
 DeletionType: 		0x0
 Key Name:	ChromeMetricsTestKey
 Key File Name:	1e313dfb17707690d41bc1ce552b952a_871e017e-bcbc-4dc7-98b5-1cc935df09e8
 ProcessName:	C:\Program Files (x86)\Microsoft\EdgeWebView\Application\150.0.4078.105\msedgewebview2.exe
 ProcessId:	0x4A60
 ServerThreadId:	0x648
 UserId:	S-1-12-1-2357405129-1281513531-255772574-1816207334
 ServiceTag:	
 Return Code:	0x0"
"31-07-2026 09:48:27","21","Information","Microsoft-Windows-Crypto-NCrypt","Key write succeeded.

 Provider Name:	Microsoft Software Key Storage Provider
 ModificationType: 		0x1
 Flags:		0x1
 Key Name:	ChromeMetricsTestKey
 Key File Name:	1e313dfb17707690d41bc1ce552b952a_871e017e-bcbc-4dc7-98b5-1cc935df09e8
 ProcessName:	C:\Program Files (x86)\Microsoft\EdgeWebView\Application\150.0.4078.105\msedgewebview2.exe
 ProcessId:	0x4A60
 ServerThreadId:	0x63C
 UserId:	S-1-12-1-2357405129-1281513531-255772574-1816207334
 ServiceTag:	
 Return Code:	0x0"
"31-07-2026 09:48:13","22","Information","Microsoft-Windows-Crypto-NCrypt","Delete key succeeded.

 Provider Name:	Microsoft Software Key Storage Provider
 Flags:		0x40
 DeletionType: 		0x0
 Key Name:	ChromeMetricsTestKey
 Key File Name:	1e313dfb17707690d41bc1ce552b952a_871e017e-bcbc-4dc7-98b5-1cc935df09e8
 ProcessName:	C:\Program Files (x86)\Microsoft\EdgeWebView\Application\150.0.4078.105\msedgewebview2.exe
 ProcessId:	0x3910
 ServerThreadId:	0x638
 UserId:	S-1-12-1-2357405129-1281513531-255772574-1816207334
 ServiceTag:	
 Return Code:	0x0"
"31-07-2026 09:48:13","21","Information","Microsoft-Windows-Crypto-NCrypt","Key write succeeded.

 Provider Name:	Microsoft Software Key Storage Provider
 ModificationType: 		0x1
 Flags:		0x1
 Key Name:	ChromeMetricsTestKey
 Key File Name:	1e313dfb17707690d41bc1ce552b952a_871e017e-bcbc-4dc7-98b5-1cc935df09e8
 ProcessName:	C:\Program Files (x86)\Microsoft\EdgeWebView\Application\150.0.4078.105\msedgewebview2.exe
 ProcessId:	0x3910
 ServerThreadId:	0x638
 UserId:	S-1-12-1-2357405129-1281513531-255772574-1816207334
 ServiceTag:	
 Return Code:	0x0"
"31-07-2026 09:47:27","22","Information","Microsoft-Windows-Crypto-NCrypt","Delete key succeeded.

 Provider Name:	Microsoft Software Key Storage Provider
 Flags:		0x40
 DeletionType: 		0x0
 Key Name:	ChromeMetricsTestKey
 Key File Name:	1e313dfb17707690d41bc1ce552b952a_871e017e-bcbc-4dc7-98b5-1cc935df09e8
 ProcessName:	C:\Program Files (x86)\Microsoft\Edge\Application\msedge.exe
 ProcessId:	0x57B4
 ServerThreadId:	0x644
 UserId:	S-1-12-1-2357405129-1281513531-255772574-1816207334
 ServiceTag:	
 Return Code:	0x0"
"31-07-2026 09:47:27","21","Information","Microsoft-Windows-Crypto-NCrypt","Key write succeeded.

 Provider Name:	Microsoft Software Key Storage Provider
 ModificationType: 		0x1
 Flags:		0x1
 Key Name:	ChromeMetricsTestKey
 Key File Name:	1e313dfb17707690d41bc1ce552b952a_871e017e-bcbc-4dc7-98b5-1cc935df09e8
 ProcessName:	C:\Program Files (x86)\Microsoft\Edge\Application\msedge.exe
 ProcessId:	0x57B4
 ServerThreadId:	0x644
 UserId:	S-1-12-1-2357405129-1281513531-255772574-1816207334
 ServiceTag:	
 Return Code:	0x0"
"31-07-2026 09:45:30","22","Information","Microsoft-Windows-Crypto-NCrypt","Delete key succeeded.

 Provider Name:	Microsoft Software Key Storage Provider
 Flags:		0x40
 DeletionType: 		0x0
 Key Name:	ChromeMetricsTestKey
 Key File Name:	1e313dfb17707690d41bc1ce552b952a_871e017e-bcbc-4dc7-98b5-1cc935df09e8_da5fd6b349700aefcb92feb194b1222f
 ProcessName:	C:\Program Files (x86)\Microsoft\EdgeWebView\Application\150.0.4078.105\msedgewebview2.exe
 ProcessId:	0x43C8
 ServerThreadId:	0x638
 UserId:	S-1-12-1-2357405129-1281513531-255772574-1816207334
 ServiceTag:	
 Return Code:	0x0"
"31-07-2026 09:45:30","21","Information","Microsoft-Windows-Crypto-NCrypt","Key write succeeded.

 Provider Name:	Microsoft Software Key Storage Provider
 ModificationType: 		0x1
 Flags:		0x1
 Key Name:	ChromeMetricsTestKey
 Key File Name:	1e313dfb17707690d41bc1ce552b952a_871e017e-bcbc-4dc7-98b5-1cc935df09e8_da5fd6b349700aefcb92feb194b1222f
 ProcessName:	C:\Program Files (x86)\Microsoft\EdgeWebView\Application\150.0.4078.105\msedgewebview2.exe
 ProcessId:	0x43C8
 ServerThreadId:	0x5E0
 UserId:	S-1-12-1-2357405129-1281513531-255772574-1816207334
 ServiceTag:	
 Return Code:	0x0"
"31-07-2026 09:45:23","22","Information","Microsoft-Windows-Crypto-NCrypt","Delete key succeeded.

 Provider Name:	Microsoft Software Key Storage Provider
 Flags:		0x40
 DeletionType: 		0x0
 Key Name:	SCEPProtocolKey-4c1cbda3-80e4-42b9-9835-22d17d495143
 Key File Name:	edef85c71aefb56d842a38bab6d94527_871e017e-bcbc-4dc7-98b5-1cc935df09e8
 ProcessName:	C:\Windows\System32\taskhostw.exe
 ProcessId:	0x2C20
 ServerThreadId:	0x5F8
 UserId:	S-1-5-18
 ServiceTag:	
 Return Code:	0x0"
"31-07-2026 09:45:13","21","Information","Microsoft-Windows-Crypto-NCrypt","Key write succeeded.

 Provider Name:	Microsoft Software Key Storage Provider
 ModificationType: 		0x1
 Flags:		0x0
 Key Name:	SCEPProtocolKey-4c1cbda3-80e4-42b9-9835-22d17d495143
 Key File Name:	edef85c71aefb56d842a38bab6d94527_871e017e-bcbc-4dc7-98b5-1cc935df09e8
 ProcessName:	C:\Windows\System32\taskhostw.exe
 ProcessId:	0x2C20
 ServerThreadId:	0x5F8
 UserId:	S-1-5-18
 ServiceTag:	
 Return Code:	0x0"
"31-07-2026 09:45:06","22","Information","Microsoft-Windows-Crypto-NCrypt","Delete key succeeded.

 Provider Name:	Microsoft Software Key Storage Provider
 Flags:		0x40
 DeletionType: 		0x0
 Key Name:	SCEPProtocolKey-4c0a3cb4-f287-4eb6-a445-06f61540d874
 Key File Name:	ec4975b890a3b4982266c9b6d00d42b4_871e017e-bcbc-4dc7-98b5-1cc935df09e8
 ProcessName:	C:\Windows\System32\taskhostw.exe
 ProcessId:	0x2C20
 ServerThreadId:	0x650
 UserId:	S-1-5-18
 ServiceTag:	
 Return Code:	0x0"
"31-07-2026 09:45:03","21","Information","Microsoft-Windows-Crypto-NCrypt","Key write succeeded.

 Provider Name:	Microsoft Software Key Storage Provider
 ModificationType: 		0x1
 Flags:		0x0
 Key Name:	SCEPProtocolKey-4c0a3cb4-f287-4eb6-a445-06f61540d874
 Key File Name:	ec4975b890a3b4982266c9b6d00d42b4_871e017e-bcbc-4dc7-98b5-1cc935df09e8
 ProcessName:	C:\Windows\System32\taskhostw.exe
 ProcessId:	0x2C20
 ServerThreadId:	0x644
 UserId:	S-1-5-18
 ServiceTag:	
 Return Code:	0x0"
"31-07-2026 09:44:58","22","Information","Microsoft-Windows-Crypto-NCrypt","Delete key succeeded.

 Provider Name:	Microsoft Software Key Storage Provider
 Flags:		0x40
 DeletionType: 		0x0
 Key Name:	SCEPProtocolKey-a528d80f-496d-4319-8d72-978c68e798a6
 Key File Name:	a5193a0b35fca2f5f882f8b469b2f846_871e017e-bcbc-4dc7-98b5-1cc935df09e8
 ProcessName:	C:\Windows\System32\taskhostw.exe
 ProcessId:	0x2C20
 ServerThreadId:	0x5E0
 UserId:	S-1-5-18
 ServiceTag:	
 Return Code:	0x0"
"31-07-2026 09:44:53","21","Information","Microsoft-Windows-Crypto-NCrypt","Key write succeeded.

 Provider Name:	Microsoft Software Key Storage Provider
 ModificationType: 		0x1
 Flags:		0x0
 Key Name:	SCEPProtocolKey-a528d80f-496d-4319-8d72-978c68e798a6
 Key File Name:	a5193a0b35fca2f5f882f8b469b2f846_871e017e-bcbc-4dc7-98b5-1cc935df09e8
 ProcessName:	C:\Windows\System32\taskhostw.exe
 ProcessId:	0x2C20
 ServerThreadId:	0x644
 UserId:	S-1-5-18
 ServiceTag:	
 Return Code:	0x0"
"31-07-2026 09:44:26","21","Information","Microsoft-Windows-Crypto-NCrypt","Key write succeeded.

 Provider Name:	Microsoft Software Key Storage Provider
 ModificationType: 		0x1
 Flags:		0x0
 Key Name:	Microsoft SQL Server$BARTENDER$FallBackCertCng
 Key File Name:	c287b78626f4e1c90aace827bced9c3b_871e017e-bcbc-4dc7-98b5-1cc935df09e8
 ProcessName:	C:\Program Files\Microsoft SQL Server\MSSQL15.BARTENDER\MSSQL\Binn\sqlservr.exe
 ProcessId:	0x12DC
 ServerThreadId:	0x650
 UserId:	S-1-5-18
 ServiceTag:	MSSQL$BARTENDER
 Return Code:	0x0"
"31-07-2026 09:32:37","22","Information","Microsoft-Windows-Crypto-NCrypt","Delete key succeeded.

 Provider Name:	Microsoft Software Key Storage Provider
 Flags:		0x40
 DeletionType: 		0x0
 Key Name:	ChromeMetricsTestKey
 Key File Name:	1e313dfb17707690d41bc1ce552b952a_871e017e-bcbc-4dc7-98b5-1cc935df09e8
 ProcessName:	C:\Program Files (x86)\Microsoft\Edge\Application\msedge.exe
 ProcessId:	0x7134
 ServerThreadId:	0x5C4
 UserId:	S-1-12-1-2357405129-1281513531-255772574-1816207334
 ServiceTag:	
 Return Code:	0x0"
"31-07-2026 09:32:37","21","Information","Microsoft-Windows-Crypto-NCrypt","Key write succeeded.

 Provider Name:	Microsoft Software Key Storage Provider
 ModificationType: 		0x1
 Flags:		0x1
 Key Name:	ChromeMetricsTestKey
 Key File Name:	1e313dfb17707690d41bc1ce552b952a_871e017e-bcbc-4dc7-98b5-1cc935df09e8
 ProcessName:	C:\Program Files (x86)\Microsoft\Edge\Application\msedge.exe
 ProcessId:	0x7134
 ServerThreadId:	0x89FC
 UserId:	S-1-12-1-2357405129-1281513531-255772574-1816207334
 ServiceTag:	
 Return Code:	0x0"
"30-07-2026 10:41:20","22","Information","Microsoft-Windows-Crypto-NCrypt","Delete key succeeded.

 Provider Name:	Microsoft Software Key Storage Provider
 Flags:		0x40
 DeletionType: 		0x0
 Key Name:	ChromeMetricsTestKey
 Key File Name:	1e313dfb17707690d41bc1ce552b952a_871e017e-bcbc-4dc7-98b5-1cc935df09e8
 ProcessName:	C:\Program Files\Google\Chrome\Application\chrome.exe
 ProcessId:	0x8A6C
 ServerThreadId:	0xF64
 UserId:	S-1-12-1-2357405129-1281513531-255772574-1816207334
 ServiceTag:	
 Return Code:	0x0"
"30-07-2026 10:41:20","21","Information","Microsoft-Windows-Crypto-NCrypt","Key write succeeded.

 Provider Name:	Microsoft Software Key Storage Provider
 ModificationType: 		0x1
 Flags:		0x1
 Key Name:	ChromeMetricsTestKey
 Key File Name:	1e313dfb17707690d41bc1ce552b952a_871e017e-bcbc-4dc7-98b5-1cc935df09e8
 ProcessName:	C:\Program Files\Google\Chrome\Application\chrome.exe
 ProcessId:	0x8A6C
 ServerThreadId:	0xF64
 UserId:	S-1-12-1-2357405129-1281513531-255772574-1816207334
 ServiceTag:	
 Return Code:	0x0"
"30-07-2026 10:14:33","22","Information","Microsoft-Windows-Crypto-NCrypt","Delete key succeeded.

 Provider Name:	Microsoft Software Key Storage Provider
 Flags:		0x40
 DeletionType: 		0x0
 Key Name:	ChromeMetricsTestKey
 Key File Name:	1e313dfb17707690d41bc1ce552b952a_871e017e-bcbc-4dc7-98b5-1cc935df09e8
 ProcessName:	C:\Program Files\Google\Chrome\Application\chrome.exe
 ProcessId:	0x5A28
 ServerThreadId:	0x2EA8
 UserId:	S-1-12-1-2357405129-1281513531-255772574-1816207334
 ServiceTag:	
 Return Code:	0x0"
"30-07-2026 10:14:33","21","Information","Microsoft-Windows-Crypto-NCrypt","Key write succeeded.

 Provider Name:	Microsoft Software Key Storage Provider
 ModificationType: 		0x1
 Flags:		0x1
 Key Name:	ChromeMetricsTestKey
 Key File Name:	1e313dfb17707690d41bc1ce552b952a_871e017e-bcbc-4dc7-98b5-1cc935df09e8
 ProcessName:	C:\Program Files\Google\Chrome\Application\chrome.exe
 ProcessId:	0x5A28
 ServerThreadId:	0x2EA8
 UserId:	S-1-12-1-2357405129-1281513531-255772574-1816207334
 ServiceTag:	
 Return Code:	0x0"
"29-07-2026 18:30:12","22","Information","Microsoft-Windows-Crypto-NCrypt","Delete key succeeded.

 Provider Name:	Microsoft Software Key Storage Provider
 Flags:		0x40
 DeletionType: 		0x0
 Key Name:	ChromeMetricsTestKey
 Key File Name:	1e313dfb17707690d41bc1ce552b952a_871e017e-bcbc-4dc7-98b5-1cc935df09e8
 ProcessName:	C:\Program Files (x86)\Microsoft\EdgeWebView\Application\150.0.4078.105\msedgewebview2.exe
 ProcessId:	0x4A1C
 ServerThreadId:	0x34CC
 UserId:	S-1-12-1-2357405129-1281513531-255772574-1816207334
 ServiceTag:	
 Return Code:	0x0"
"29-07-2026 18:30:12","21","Information","Microsoft-Windows-Crypto-NCrypt","Key write succeeded.

 Provider Name:	Microsoft Software Key Storage Provider
 ModificationType: 		0x1
 Flags:		0x1
 Key Name:	ChromeMetricsTestKey
 Key File Name:	1e313dfb17707690d41bc1ce552b952a_871e017e-bcbc-4dc7-98b5-1cc935df09e8
 ProcessName:	C:\Program Files (x86)\Microsoft\EdgeWebView\Application\150.0.4078.105\msedgewebview2.exe
 ProcessId:	0x4A1C
 ServerThreadId:	0x34CC
 UserId:	S-1-12-1-2357405129-1281513531-255772574-1816207334
 ServiceTag:	
 Return Code:	0x0"
"29-07-2026 18:24:24","22","Information","Microsoft-Windows-Crypto-NCrypt","Delete key succeeded.

 Provider Name:	Microsoft Software Key Storage Provider
 Flags:		0x40
 DeletionType: 		0x0
 Key Name:	ChromeMetricsTestKey
 Key File Name:	1e313dfb17707690d41bc1ce552b952a_871e017e-bcbc-4dc7-98b5-1cc935df09e8
 ProcessName:	C:\Program Files\Google\Chrome\Application\chrome.exe
 ProcessId:	0x7984
 ServerThreadId:	0x5C4
 UserId:	S-1-12-1-2357405129-1281513531-255772574-1816207334
 ServiceTag:	
 Return Code:	0x0"
