"19-08-2026 13:51:45","4103","Information","Microsoft-Windows-PowerShell","CommandInvocation(Add-Type): ""Add-Type""
ParameterBinding(Add-Type): name=""Namespace""; value=""WinAPI""
ParameterBinding(Add-Type): name=""Name""; value=""Win32""
ParameterBinding(Add-Type): name=""MemberDefinition""; value=""[DllImport(""user32.dll"")] public static extern IntPtr GetForegroundWindow();
[DllImport(""user32.dll"")] public static extern int GetWindowText(IntPtr hWnd, System.Text.StringBuilder text, int count);
[DllImport(""user32.dll"")] public static extern uint GetWindowThreadProcessId(IntPtr hWnd, out uint processId);, ...""
ParameterBinding(Add-Type): name=""ErrorAction""; value=""SilentlyContinue""


Context:
        Severity = Informational
        Host Name = ConsoleHost
        Host Version = 5.1.26100.8875
        Host ID = 923c93f5-68a1-4cf1-9713-07f4ede71a2c
        Host Application = C:\Windows\System32\WindowsPowerShell\v1.0\powershell.exe
        Engine Version = 5.1.26100.8875
        Runspace ID = f697cada-ed42-483c-9f02-38b77bf6eb4d
        Pipeline ID = 63
        Command Name = Add-Type
        Command Type = Cmdlet
        Script Name = C:\Users\arjo5004\AppData\Local\Temp\DiagCollector\Modules\01_TimelineAndResources.ps1
        Command Path = 
        Sequence Number = 5928
        User = ENTERPRISE\arjo5004.T1
        Connected User = 
        Shell ID = Microsoft.PowerShell


User Data:

"
"19-08-2026 13:51:34","4100","Warning","Microsoft-Windows-PowerShell","Error Message = System error.


Context:
        Severity = Warning
        Host Name = ConsoleHost
        Host Version = 5.1.26100.8875
        Host ID = 923c93f5-68a1-4cf1-9713-07f4ede71a2c
        Host Application = C:\Windows\System32\WindowsPowerShell\v1.0\powershell.exe
        Engine Version = 5.1.26100.8875
        Runspace ID = f697cada-ed42-483c-9f02-38b77bf6eb4d
        Pipeline ID = 63
        Command Name = 
        Command Type = 
        Script Name = 
        Command Path = 
        Sequence Number = 5896
        User = ENTERPRISE\arjo5004.T1
        Connected User = 
        Shell ID = Microsoft.PowerShell


User Data:

"
"19-08-2026 13:51:34","4103","Information","Microsoft-Windows-PowerShell","CommandInvocation(Add-Type): ""Add-Type""
ParameterBinding(Add-Type): name=""Namespace""; value=""WinAPI""
ParameterBinding(Add-Type): name=""Name""; value=""Win32""
ParameterBinding(Add-Type): name=""MemberDefinition""; value=""[DllImport(""user32.dll"")] public static extern IntPtr GetForegroundWindow();
[DllImport(""user32.dll"")] public static extern int GetWindowText(IntPtr hWnd, System.Text.StringBuilder text, int count);
[DllImport(""user32.dll"")] public static extern uint GetWindowThreadProcessId(IntPtr hWnd, out uint processId);, ...""
ParameterBinding(Add-Type): name=""ErrorAction""; value=""SilentlyContinue""


Context:
        Severity = Informational
        Host Name = ConsoleHost
        Host Version = 5.1.26100.8875
        Host ID = 923c93f5-68a1-4cf1-9713-07f4ede71a2c
        Host Application = C:\Windows\System32\WindowsPowerShell\v1.0\powershell.exe
        Engine Version = 5.1.26100.8875
        Runspace ID = f697cada-ed42-483c-9f02-38b77bf6eb4d
        Pipeline ID = 63
        Command Name = Add-Type
        Command Type = Cmdlet
        Script Name = C:\Users\arjo5004\AppData\Local\Temp\DiagCollector\Modules\01_TimelineAndResources.ps1
        Command Path = 
        Sequence Number = 5886
        User = ENTERPRISE\arjo5004.T1
        Connected User = 
        Shell ID = Microsoft.PowerShell


User Data:

"
"19-08-2026 13:51:22","4100","Warning","Microsoft-Windows-PowerShell","Error Message = System error.


Context:
        Severity = Warning
        Host Name = ConsoleHost
        Host Version = 5.1.26100.8875
        Host ID = 923c93f5-68a1-4cf1-9713-07f4ede71a2c
        Host Application = C:\Windows\System32\WindowsPowerShell\v1.0\powershell.exe
        Engine Version = 5.1.26100.8875
        Runspace ID = f697cada-ed42-483c-9f02-38b77bf6eb4d
        Pipeline ID = 63
        Command Name = 
        Command Type = 
        Script Name = 
        Command Path = 
        Sequence Number = 5854
        User = ENTERPRISE\arjo5004.T1
        Connected User = 
        Shell ID = Microsoft.PowerShell


User Data:

"
"19-08-2026 13:51:22","4103","Information","Microsoft-Windows-PowerShell","CommandInvocation(Add-Type): ""Add-Type""
ParameterBinding(Add-Type): name=""Namespace""; value=""WinAPI""
ParameterBinding(Add-Type): name=""Name""; value=""Win32""
ParameterBinding(Add-Type): name=""MemberDefinition""; value=""[DllImport(""user32.dll"")] public static extern IntPtr GetForegroundWindow();
[DllImport(""user32.dll"")] public static extern int GetWindowText(IntPtr hWnd, System.Text.StringBuilder text, int count);
[DllImport(""user32.dll"")] public static extern uint GetWindowThreadProcessId(IntPtr hWnd, out uint processId);, ...""
ParameterBinding(Add-Type): name=""ErrorAction""; value=""SilentlyContinue""


Context:
        Severity = Informational
        Host Name = ConsoleHost
        Host Version = 5.1.26100.8875
        Host ID = 923c93f5-68a1-4cf1-9713-07f4ede71a2c
        Host Application = C:\Windows\System32\WindowsPowerShell\v1.0\powershell.exe
        Engine Version = 5.1.26100.8875
        Runspace ID = f697cada-ed42-483c-9f02-38b77bf6eb4d
        Pipeline ID = 63
        Command Name = Add-Type
        Command Type = Cmdlet
        Script Name = C:\Users\arjo5004\AppData\Local\Temp\DiagCollector\Modules\01_TimelineAndResources.ps1
        Command Path = 
        Sequence Number = 5844
        User = ENTERPRISE\arjo5004.T1
        Connected User = 
        Shell ID = Microsoft.PowerShell


User Data:

"
"19-08-2026 13:51:11","4100","Warning","Microsoft-Windows-PowerShell","Error Message = System error.


Context:
        Severity = Warning
        Host Name = ConsoleHost
        Host Version = 5.1.26100.8875
        Host ID = 923c93f5-68a1-4cf1-9713-07f4ede71a2c
        Host Application = C:\Windows\System32\WindowsPowerShell\v1.0\powershell.exe
        Engine Version = 5.1.26100.8875
        Runspace ID = f697cada-ed42-483c-9f02-38b77bf6eb4d
        Pipeline ID = 63
        Command Name = 
        Command Type = 
        Script Name = 
        Command Path = 
        Sequence Number = 5812
        User = ENTERPRISE\arjo5004.T1
        Connected User = 
        Shell ID = Microsoft.PowerShell


User Data:

"
"19-08-2026 13:51:11","4103","Information","Microsoft-Windows-PowerShell","CommandInvocation(Add-Type): ""Add-Type""
ParameterBinding(Add-Type): name=""Namespace""; value=""WinAPI""
ParameterBinding(Add-Type): name=""Name""; value=""Win32""
ParameterBinding(Add-Type): name=""MemberDefinition""; value=""[DllImport(""user32.dll"")] public static extern IntPtr GetForegroundWindow();
[DllImport(""user32.dll"")] public static extern int GetWindowText(IntPtr hWnd, System.Text.StringBuilder text, int count);
[DllImport(""user32.dll"")] public static extern uint GetWindowThreadProcessId(IntPtr hWnd, out uint processId);, ...""
ParameterBinding(Add-Type): name=""ErrorAction""; value=""SilentlyContinue""


Context:
        Severity = Informational
        Host Name = ConsoleHost
        Host Version = 5.1.26100.8875
        Host ID = 923c93f5-68a1-4cf1-9713-07f4ede71a2c
        Host Application = C:\Windows\System32\WindowsPowerShell\v1.0\powershell.exe
        Engine Version = 5.1.26100.8875
        Runspace ID = f697cada-ed42-483c-9f02-38b77bf6eb4d
        Pipeline ID = 63
        Command Name = Add-Type
        Command Type = Cmdlet
        Script Name = C:\Users\arjo5004\AppData\Local\Temp\DiagCollector\Modules\01_TimelineAndResources.ps1
        Command Path = 
        Sequence Number = 5802
        User = ENTERPRISE\arjo5004.T1
        Connected User = 
        Shell ID = Microsoft.PowerShell


User Data:

"
"19-08-2026 13:51:00","4100","Warning","Microsoft-Windows-PowerShell","Error Message = System error.


Context:
        Severity = Warning
        Host Name = ConsoleHost
        Host Version = 5.1.26100.8875
        Host ID = 923c93f5-68a1-4cf1-9713-07f4ede71a2c
        Host Application = C:\Windows\System32\WindowsPowerShell\v1.0\powershell.exe
        Engine Version = 5.1.26100.8875
        Runspace ID = f697cada-ed42-483c-9f02-38b77bf6eb4d
        Pipeline ID = 63
        Command Name = 
        Command Type = 
        Script Name = 
        Command Path = 
        Sequence Number = 5770
        User = ENTERPRISE\arjo5004.T1
        Connected User = 
        Shell ID = Microsoft.PowerShell


User Data:

"
"19-08-2026 13:51:00","4103","Information","Microsoft-Windows-PowerShell","CommandInvocation(Add-Type): ""Add-Type""
ParameterBinding(Add-Type): name=""Namespace""; value=""WinAPI""
ParameterBinding(Add-Type): name=""Name""; value=""Win32""
ParameterBinding(Add-Type): name=""MemberDefinition""; value=""[DllImport(""user32.dll"")] public static extern IntPtr GetForegroundWindow();
[DllImport(""user32.dll"")] public static extern int GetWindowText(IntPtr hWnd, System.Text.StringBuilder text, int count);
[DllImport(""user32.dll"")] public static extern uint GetWindowThreadProcessId(IntPtr hWnd, out uint processId);, ...""
ParameterBinding(Add-Type): name=""ErrorAction""; value=""SilentlyContinue""


Context:
        Severity = Informational
        Host Name = ConsoleHost
        Host Version = 5.1.26100.8875
        Host ID = 923c93f5-68a1-4cf1-9713-07f4ede71a2c
        Host Application = C:\Windows\System32\WindowsPowerShell\v1.0\powershell.exe
        Engine Version = 5.1.26100.8875
        Runspace ID = f697cada-ed42-483c-9f02-38b77bf6eb4d
        Pipeline ID = 63
        Command Name = Add-Type
        Command Type = Cmdlet
        Script Name = C:\Users\arjo5004\AppData\Local\Temp\DiagCollector\Modules\01_TimelineAndResources.ps1
        Command Path = 
        Sequence Number = 5760
        User = ENTERPRISE\arjo5004.T1
        Connected User = 
        Shell ID = Microsoft.PowerShell


User Data:

"
"19-08-2026 13:50:49","4100","Warning","Microsoft-Windows-PowerShell","Error Message = System error.


Context:
        Severity = Warning
        Host Name = ConsoleHost
        Host Version = 5.1.26100.8875
        Host ID = 923c93f5-68a1-4cf1-9713-07f4ede71a2c
        Host Application = C:\Windows\System32\WindowsPowerShell\v1.0\powershell.exe
        Engine Version = 5.1.26100.8875
        Runspace ID = f697cada-ed42-483c-9f02-38b77bf6eb4d
        Pipeline ID = 63
        Command Name = 
        Command Type = 
        Script Name = 
        Command Path = 
        Sequence Number = 5728
        User = ENTERPRISE\arjo5004.T1
        Connected User = 
        Shell ID = Microsoft.PowerShell


User Data:

"
"19-08-2026 13:50:49","4103","Information","Microsoft-Windows-PowerShell","CommandInvocation(Add-Type): ""Add-Type""
ParameterBinding(Add-Type): name=""Namespace""; value=""WinAPI""
ParameterBinding(Add-Type): name=""Name""; value=""Win32""
ParameterBinding(Add-Type): name=""MemberDefinition""; value=""[DllImport(""user32.dll"")] public static extern IntPtr GetForegroundWindow();
[DllImport(""user32.dll"")] public static extern int GetWindowText(IntPtr hWnd, System.Text.StringBuilder text, int count);
[DllImport(""user32.dll"")] public static extern uint GetWindowThreadProcessId(IntPtr hWnd, out uint processId);, ...""
ParameterBinding(Add-Type): name=""ErrorAction""; value=""SilentlyContinue""


Context:
        Severity = Informational
        Host Name = ConsoleHost
        Host Version = 5.1.26100.8875
        Host ID = 923c93f5-68a1-4cf1-9713-07f4ede71a2c
        Host Application = C:\Windows\System32\WindowsPowerShell\v1.0\powershell.exe
        Engine Version = 5.1.26100.8875
        Runspace ID = f697cada-ed42-483c-9f02-38b77bf6eb4d
        Pipeline ID = 63
        Command Name = Add-Type
        Command Type = Cmdlet
        Script Name = C:\Users\arjo5004\AppData\Local\Temp\DiagCollector\Modules\01_TimelineAndResources.ps1
        Command Path = 
        Sequence Number = 5718
        User = ENTERPRISE\arjo5004.T1
        Connected User = 
        Shell ID = Microsoft.PowerShell


User Data:

"
"19-08-2026 13:50:38","4100","Warning","Microsoft-Windows-PowerShell","Error Message = System error.


Context:
        Severity = Warning
        Host Name = ConsoleHost
        Host Version = 5.1.26100.8875
        Host ID = 923c93f5-68a1-4cf1-9713-07f4ede71a2c
        Host Application = C:\Windows\System32\WindowsPowerShell\v1.0\powershell.exe
        Engine Version = 5.1.26100.8875
        Runspace ID = f697cada-ed42-483c-9f02-38b77bf6eb4d
        Pipeline ID = 63
        Command Name = 
        Command Type = 
        Script Name = 
        Command Path = 
        Sequence Number = 5686
        User = ENTERPRISE\arjo5004.T1
        Connected User = 
        Shell ID = Microsoft.PowerShell


User Data:

"
"19-08-2026 13:50:38","4103","Information","Microsoft-Windows-PowerShell","CommandInvocation(Add-Type): ""Add-Type""
ParameterBinding(Add-Type): name=""Namespace""; value=""WinAPI""
ParameterBinding(Add-Type): name=""Name""; value=""Win32""
ParameterBinding(Add-Type): name=""MemberDefinition""; value=""[DllImport(""user32.dll"")] public static extern IntPtr GetForegroundWindow();
[DllImport(""user32.dll"")] public static extern int GetWindowText(IntPtr hWnd, System.Text.StringBuilder text, int count);
[DllImport(""user32.dll"")] public static extern uint GetWindowThreadProcessId(IntPtr hWnd, out uint processId);, ...""
ParameterBinding(Add-Type): name=""ErrorAction""; value=""SilentlyContinue""


Context:
        Severity = Informational
        Host Name = ConsoleHost
        Host Version = 5.1.26100.8875
        Host ID = 923c93f5-68a1-4cf1-9713-07f4ede71a2c
        Host Application = C:\Windows\System32\WindowsPowerShell\v1.0\powershell.exe
        Engine Version = 5.1.26100.8875
        Runspace ID = f697cada-ed42-483c-9f02-38b77bf6eb4d
        Pipeline ID = 63
        Command Name = Add-Type
        Command Type = Cmdlet
        Script Name = C:\Users\arjo5004\AppData\Local\Temp\DiagCollector\Modules\01_TimelineAndResources.ps1
        Command Path = 
        Sequence Number = 5676
        User = ENTERPRISE\arjo5004.T1
        Connected User = 
        Shell ID = Microsoft.PowerShell


User Data:

"
"19-08-2026 13:50:27","4100","Warning","Microsoft-Windows-PowerShell","Error Message = System error.


Context:
        Severity = Warning
        Host Name = ConsoleHost
        Host Version = 5.1.26100.8875
        Host ID = 923c93f5-68a1-4cf1-9713-07f4ede71a2c
        Host Application = C:\Windows\System32\WindowsPowerShell\v1.0\powershell.exe
        Engine Version = 5.1.26100.8875
        Runspace ID = f697cada-ed42-483c-9f02-38b77bf6eb4d
        Pipeline ID = 63
        Command Name = 
        Command Type = 
        Script Name = 
        Command Path = 
        Sequence Number = 5644
        User = ENTERPRISE\arjo5004.T1
        Connected User = 
        Shell ID = Microsoft.PowerShell


User Data:

"
"19-08-2026 13:50:27","4103","Information","Microsoft-Windows-PowerShell","CommandInvocation(Add-Type): ""Add-Type""
ParameterBinding(Add-Type): name=""Namespace""; value=""WinAPI""
ParameterBinding(Add-Type): name=""Name""; value=""Win32""
ParameterBinding(Add-Type): name=""MemberDefinition""; value=""[DllImport(""user32.dll"")] public static extern IntPtr GetForegroundWindow();
[DllImport(""user32.dll"")] public static extern int GetWindowText(IntPtr hWnd, System.Text.StringBuilder text, int count);
[DllImport(""user32.dll"")] public static extern uint GetWindowThreadProcessId(IntPtr hWnd, out uint processId);, ...""
ParameterBinding(Add-Type): name=""ErrorAction""; value=""SilentlyContinue""


Context:
        Severity = Informational
        Host Name = ConsoleHost
        Host Version = 5.1.26100.8875
        Host ID = 923c93f5-68a1-4cf1-9713-07f4ede71a2c
        Host Application = C:\Windows\System32\WindowsPowerShell\v1.0\powershell.exe
        Engine Version = 5.1.26100.8875
        Runspace ID = f697cada-ed42-483c-9f02-38b77bf6eb4d
        Pipeline ID = 63
        Command Name = Add-Type
        Command Type = Cmdlet
        Script Name = C:\Users\arjo5004\AppData\Local\Temp\DiagCollector\Modules\01_TimelineAndResources.ps1
        Command Path = 
        Sequence Number = 5634
        User = ENTERPRISE\arjo5004.T1
        Connected User = 
        Shell ID = Microsoft.PowerShell


User Data:

"
"19-08-2026 13:50:15","4100","Warning","Microsoft-Windows-PowerShell","Error Message = System error.


Context:
        Severity = Warning
        Host Name = ConsoleHost
        Host Version = 5.1.26100.8875
        Host ID = 923c93f5-68a1-4cf1-9713-07f4ede71a2c
        Host Application = C:\Windows\System32\WindowsPowerShell\v1.0\powershell.exe
        Engine Version = 5.1.26100.8875
        Runspace ID = f697cada-ed42-483c-9f02-38b77bf6eb4d
        Pipeline ID = 63
        Command Name = 
        Command Type = 
        Script Name = 
        Command Path = 
        Sequence Number = 5602
        User = ENTERPRISE\arjo5004.T1
        Connected User = 
        Shell ID = Microsoft.PowerShell


User Data:

"
"19-08-2026 13:50:15","4103","Information","Microsoft-Windows-PowerShell","CommandInvocation(Add-Type): ""Add-Type""
ParameterBinding(Add-Type): name=""Namespace""; value=""WinAPI""
ParameterBinding(Add-Type): name=""Name""; value=""Win32""
ParameterBinding(Add-Type): name=""MemberDefinition""; value=""[DllImport(""user32.dll"")] public static extern IntPtr GetForegroundWindow();
[DllImport(""user32.dll"")] public static extern int GetWindowText(IntPtr hWnd, System.Text.StringBuilder text, int count);
[DllImport(""user32.dll"")] public static extern uint GetWindowThreadProcessId(IntPtr hWnd, out uint processId);, ...""
ParameterBinding(Add-Type): name=""ErrorAction""; value=""SilentlyContinue""


Context:
        Severity = Informational
        Host Name = ConsoleHost
        Host Version = 5.1.26100.8875
        Host ID = 923c93f5-68a1-4cf1-9713-07f4ede71a2c
        Host Application = C:\Windows\System32\WindowsPowerShell\v1.0\powershell.exe
        Engine Version = 5.1.26100.8875
        Runspace ID = f697cada-ed42-483c-9f02-38b77bf6eb4d
        Pipeline ID = 63
        Command Name = Add-Type
        Command Type = Cmdlet
        Script Name = C:\Users\arjo5004\AppData\Local\Temp\DiagCollector\Modules\01_TimelineAndResources.ps1
        Command Path = 
        Sequence Number = 5592
        User = ENTERPRISE\arjo5004.T1
        Connected User = 
        Shell ID = Microsoft.PowerShell


User Data:

"
"19-08-2026 13:50:04","4100","Warning","Microsoft-Windows-PowerShell","Error Message = System error.


Context:
        Severity = Warning
        Host Name = ConsoleHost
        Host Version = 5.1.26100.8875
        Host ID = 923c93f5-68a1-4cf1-9713-07f4ede71a2c
        Host Application = C:\Windows\System32\WindowsPowerShell\v1.0\powershell.exe
        Engine Version = 5.1.26100.8875
        Runspace ID = f697cada-ed42-483c-9f02-38b77bf6eb4d
        Pipeline ID = 63
        Command Name = 
        Command Type = 
        Script Name = 
        Command Path = 
        Sequence Number = 5560
        User = ENTERPRISE\arjo5004.T1
        Connected User = 
        Shell ID = Microsoft.PowerShell


User Data:

"
"19-08-2026 13:50:04","4103","Information","Microsoft-Windows-PowerShell","CommandInvocation(Add-Type): ""Add-Type""
ParameterBinding(Add-Type): name=""Namespace""; value=""WinAPI""
ParameterBinding(Add-Type): name=""Name""; value=""Win32""
ParameterBinding(Add-Type): name=""MemberDefinition""; value=""[DllImport(""user32.dll"")] public static extern IntPtr GetForegroundWindow();
[DllImport(""user32.dll"")] public static extern int GetWindowText(IntPtr hWnd, System.Text.StringBuilder text, int count);
[DllImport(""user32.dll"")] public static extern uint GetWindowThreadProcessId(IntPtr hWnd, out uint processId);, ...""
ParameterBinding(Add-Type): name=""ErrorAction""; value=""SilentlyContinue""


Context:
        Severity = Informational
        Host Name = ConsoleHost
        Host Version = 5.1.26100.8875
        Host ID = 923c93f5-68a1-4cf1-9713-07f4ede71a2c
        Host Application = C:\Windows\System32\WindowsPowerShell\v1.0\powershell.exe
        Engine Version = 5.1.26100.8875
        Runspace ID = f697cada-ed42-483c-9f02-38b77bf6eb4d
        Pipeline ID = 63
        Command Name = Add-Type
        Command Type = Cmdlet
        Script Name = C:\Users\arjo5004\AppData\Local\Temp\DiagCollector\Modules\01_TimelineAndResources.ps1
        Command Path = 
        Sequence Number = 5550
        User = ENTERPRISE\arjo5004.T1
        Connected User = 
        Shell ID = Microsoft.PowerShell


User Data:

"
"19-08-2026 13:49:53","4100","Warning","Microsoft-Windows-PowerShell","Error Message = System error.


Context:
        Severity = Warning
        Host Name = ConsoleHost
        Host Version = 5.1.26100.8875
        Host ID = 923c93f5-68a1-4cf1-9713-07f4ede71a2c
        Host Application = C:\Windows\System32\WindowsPowerShell\v1.0\powershell.exe
        Engine Version = 5.1.26100.8875
        Runspace ID = f697cada-ed42-483c-9f02-38b77bf6eb4d
        Pipeline ID = 63
        Command Name = 
        Command Type = 
        Script Name = 
        Command Path = 
        Sequence Number = 5518
        User = ENTERPRISE\arjo5004.T1
        Connected User = 
        Shell ID = Microsoft.PowerShell


User Data:

"
"19-08-2026 13:49:53","4103","Information","Microsoft-Windows-PowerShell","CommandInvocation(Add-Type): ""Add-Type""
ParameterBinding(Add-Type): name=""Namespace""; value=""WinAPI""
ParameterBinding(Add-Type): name=""Name""; value=""Win32""
ParameterBinding(Add-Type): name=""MemberDefinition""; value=""[DllImport(""user32.dll"")] public static extern IntPtr GetForegroundWindow();
[DllImport(""user32.dll"")] public static extern int GetWindowText(IntPtr hWnd, System.Text.StringBuilder text, int count);
[DllImport(""user32.dll"")] public static extern uint GetWindowThreadProcessId(IntPtr hWnd, out uint processId);, ...""
ParameterBinding(Add-Type): name=""ErrorAction""; value=""SilentlyContinue""


Context:
        Severity = Informational
        Host Name = ConsoleHost
        Host Version = 5.1.26100.8875
        Host ID = 923c93f5-68a1-4cf1-9713-07f4ede71a2c
        Host Application = C:\Windows\System32\WindowsPowerShell\v1.0\powershell.exe
        Engine Version = 5.1.26100.8875
        Runspace ID = f697cada-ed42-483c-9f02-38b77bf6eb4d
        Pipeline ID = 63
        Command Name = Add-Type
        Command Type = Cmdlet
        Script Name = C:\Users\arjo5004\AppData\Local\Temp\DiagCollector\Modules\01_TimelineAndResources.ps1
        Command Path = 
        Sequence Number = 5508
        User = ENTERPRISE\arjo5004.T1
        Connected User = 
        Shell ID = Microsoft.PowerShell


User Data:

"
"19-08-2026 13:49:42","4100","Warning","Microsoft-Windows-PowerShell","Error Message = System error.


Context:
        Severity = Warning
        Host Name = ConsoleHost
        Host Version = 5.1.26100.8875
        Host ID = 923c93f5-68a1-4cf1-9713-07f4ede71a2c
        Host Application = C:\Windows\System32\WindowsPowerShell\v1.0\powershell.exe
        Engine Version = 5.1.26100.8875
        Runspace ID = f697cada-ed42-483c-9f02-38b77bf6eb4d
        Pipeline ID = 63
        Command Name = 
        Command Type = 
        Script Name = 
        Command Path = 
        Sequence Number = 5476
        User = ENTERPRISE\arjo5004.T1
        Connected User = 
        Shell ID = Microsoft.PowerShell


User Data:

"
"19-08-2026 13:49:42","4103","Information","Microsoft-Windows-PowerShell","CommandInvocation(Add-Type): ""Add-Type""
ParameterBinding(Add-Type): name=""Namespace""; value=""WinAPI""
ParameterBinding(Add-Type): name=""Name""; value=""Win32""
ParameterBinding(Add-Type): name=""MemberDefinition""; value=""[DllImport(""user32.dll"")] public static extern IntPtr GetForegroundWindow();
[DllImport(""user32.dll"")] public static extern int GetWindowText(IntPtr hWnd, System.Text.StringBuilder text, int count);
[DllImport(""user32.dll"")] public static extern uint GetWindowThreadProcessId(IntPtr hWnd, out uint processId);, ...""
ParameterBinding(Add-Type): name=""ErrorAction""; value=""SilentlyContinue""


Context:
        Severity = Informational
        Host Name = ConsoleHost
        Host Version = 5.1.26100.8875
        Host ID = 923c93f5-68a1-4cf1-9713-07f4ede71a2c
        Host Application = C:\Windows\System32\WindowsPowerShell\v1.0\powershell.exe
        Engine Version = 5.1.26100.8875
        Runspace ID = f697cada-ed42-483c-9f02-38b77bf6eb4d
        Pipeline ID = 63
        Command Name = Add-Type
        Command Type = Cmdlet
        Script Name = C:\Users\arjo5004\AppData\Local\Temp\DiagCollector\Modules\01_TimelineAndResources.ps1
        Command Path = 
        Sequence Number = 5466
        User = ENTERPRISE\arjo5004.T1
        Connected User = 
        Shell ID = Microsoft.PowerShell


User Data:

"
"19-08-2026 13:49:31","4100","Warning","Microsoft-Windows-PowerShell","Error Message = System error.


Context:
        Severity = Warning
        Host Name = ConsoleHost
        Host Version = 5.1.26100.8875
        Host ID = 923c93f5-68a1-4cf1-9713-07f4ede71a2c
        Host Application = C:\Windows\System32\WindowsPowerShell\v1.0\powershell.exe
        Engine Version = 5.1.26100.8875
        Runspace ID = f697cada-ed42-483c-9f02-38b77bf6eb4d
        Pipeline ID = 63
        Command Name = 
        Command Type = 
        Script Name = 
        Command Path = 
        Sequence Number = 5434
        User = ENTERPRISE\arjo5004.T1
        Connected User = 
        Shell ID = Microsoft.PowerShell


User Data:

"
"19-08-2026 13:49:31","4103","Information","Microsoft-Windows-PowerShell","CommandInvocation(Add-Type): ""Add-Type""
ParameterBinding(Add-Type): name=""Namespace""; value=""WinAPI""
ParameterBinding(Add-Type): name=""Name""; value=""Win32""
ParameterBinding(Add-Type): name=""MemberDefinition""; value=""[DllImport(""user32.dll"")] public static extern IntPtr GetForegroundWindow();
[DllImport(""user32.dll"")] public static extern int GetWindowText(IntPtr hWnd, System.Text.StringBuilder text, int count);
[DllImport(""user32.dll"")] public static extern uint GetWindowThreadProcessId(IntPtr hWnd, out uint processId);, ...""
ParameterBinding(Add-Type): name=""ErrorAction""; value=""SilentlyContinue""


Context:
        Severity = Informational
        Host Name = ConsoleHost
        Host Version = 5.1.26100.8875
        Host ID = 923c93f5-68a1-4cf1-9713-07f4ede71a2c
        Host Application = C:\Windows\System32\WindowsPowerShell\v1.0\powershell.exe
        Engine Version = 5.1.26100.8875
        Runspace ID = f697cada-ed42-483c-9f02-38b77bf6eb4d
        Pipeline ID = 63
        Command Name = Add-Type
        Command Type = Cmdlet
        Script Name = C:\Users\arjo5004\AppData\Local\Temp\DiagCollector\Modules\01_TimelineAndResources.ps1
        Command Path = 
        Sequence Number = 5424
        User = ENTERPRISE\arjo5004.T1
        Connected User = 
        Shell ID = Microsoft.PowerShell


User Data:

"
"19-08-2026 13:49:19","4100","Warning","Microsoft-Windows-PowerShell","Error Message = System error.


Context:
        Severity = Warning
        Host Name = ConsoleHost
        Host Version = 5.1.26100.8875
        Host ID = 923c93f5-68a1-4cf1-9713-07f4ede71a2c
        Host Application = C:\Windows\System32\WindowsPowerShell\v1.0\powershell.exe
        Engine Version = 5.1.26100.8875
        Runspace ID = f697cada-ed42-483c-9f02-38b77bf6eb4d
        Pipeline ID = 63
        Command Name = 
        Command Type = 
        Script Name = 
        Command Path = 
        Sequence Number = 5392
        User = ENTERPRISE\arjo5004.T1
        Connected User = 
        Shell ID = Microsoft.PowerShell


User Data:

"
"19-08-2026 13:49:19","4103","Information","Microsoft-Windows-PowerShell","CommandInvocation(Add-Type): ""Add-Type""
ParameterBinding(Add-Type): name=""Namespace""; value=""WinAPI""
ParameterBinding(Add-Type): name=""Name""; value=""Win32""
ParameterBinding(Add-Type): name=""MemberDefinition""; value=""[DllImport(""user32.dll"")] public static extern IntPtr GetForegroundWindow();
[DllImport(""user32.dll"")] public static extern int GetWindowText(IntPtr hWnd, System.Text.StringBuilder text, int count);
[DllImport(""user32.dll"")] public static extern uint GetWindowThreadProcessId(IntPtr hWnd, out uint processId);, ...""
ParameterBinding(Add-Type): name=""ErrorAction""; value=""SilentlyContinue""


Context:
        Severity = Informational
        Host Name = ConsoleHost
        Host Version = 5.1.26100.8875
        Host ID = 923c93f5-68a1-4cf1-9713-07f4ede71a2c
        Host Application = C:\Windows\System32\WindowsPowerShell\v1.0\powershell.exe
        Engine Version = 5.1.26100.8875
        Runspace ID = f697cada-ed42-483c-9f02-38b77bf6eb4d
        Pipeline ID = 63
        Command Name = Add-Type
        Command Type = Cmdlet
        Script Name = C:\Users\arjo5004\AppData\Local\Temp\DiagCollector\Modules\01_TimelineAndResources.ps1
        Command Path = 
        Sequence Number = 5382
        User = ENTERPRISE\arjo5004.T1
        Connected User = 
        Shell ID = Microsoft.PowerShell


User Data:

"
"19-08-2026 13:49:08","4100","Warning","Microsoft-Windows-PowerShell","Error Message = System error.


Context:
        Severity = Warning
        Host Name = ConsoleHost
        Host Version = 5.1.26100.8875
        Host ID = 923c93f5-68a1-4cf1-9713-07f4ede71a2c
        Host Application = C:\Windows\System32\WindowsPowerShell\v1.0\powershell.exe
        Engine Version = 5.1.26100.8875
        Runspace ID = f697cada-ed42-483c-9f02-38b77bf6eb4d
        Pipeline ID = 63
        Command Name = 
        Command Type = 
        Script Name = 
        Command Path = 
        Sequence Number = 5350
        User = ENTERPRISE\arjo5004.T1
        Connected User = 
        Shell ID = Microsoft.PowerShell


User Data:

"
"19-08-2026 13:49:08","4103","Information","Microsoft-Windows-PowerShell","CommandInvocation(Add-Type): ""Add-Type""
ParameterBinding(Add-Type): name=""Namespace""; value=""WinAPI""
ParameterBinding(Add-Type): name=""Name""; value=""Win32""
ParameterBinding(Add-Type): name=""MemberDefinition""; value=""[DllImport(""user32.dll"")] public static extern IntPtr GetForegroundWindow();
[DllImport(""user32.dll"")] public static extern int GetWindowText(IntPtr hWnd, System.Text.StringBuilder text, int count);
[DllImport(""user32.dll"")] public static extern uint GetWindowThreadProcessId(IntPtr hWnd, out uint processId);, ...""
ParameterBinding(Add-Type): name=""ErrorAction""; value=""SilentlyContinue""


Context:
        Severity = Informational
        Host Name = ConsoleHost
        Host Version = 5.1.26100.8875
        Host ID = 923c93f5-68a1-4cf1-9713-07f4ede71a2c
        Host Application = C:\Windows\System32\WindowsPowerShell\v1.0\powershell.exe
        Engine Version = 5.1.26100.8875
        Runspace ID = f697cada-ed42-483c-9f02-38b77bf6eb4d
        Pipeline ID = 63
        Command Name = Add-Type
        Command Type = Cmdlet
        Script Name = C:\Users\arjo5004\AppData\Local\Temp\DiagCollector\Modules\01_TimelineAndResources.ps1
        Command Path = 
        Sequence Number = 5340
        User = ENTERPRISE\arjo5004.T1
        Connected User = 
        Shell ID = Microsoft.PowerShell


User Data:

"
"19-08-2026 13:48:57","4100","Warning","Microsoft-Windows-PowerShell","Error Message = System error.


Context:
        Severity = Warning
        Host Name = ConsoleHost
        Host Version = 5.1.26100.8875
        Host ID = 923c93f5-68a1-4cf1-9713-07f4ede71a2c
        Host Application = C:\Windows\System32\WindowsPowerShell\v1.0\powershell.exe
        Engine Version = 5.1.26100.8875
        Runspace ID = f697cada-ed42-483c-9f02-38b77bf6eb4d
        Pipeline ID = 63
        Command Name = 
        Command Type = 
        Script Name = 
        Command Path = 
        Sequence Number = 5308
        User = ENTERPRISE\arjo5004.T1
        Connected User = 
        Shell ID = Microsoft.PowerShell


User Data:

"
"19-08-2026 13:48:57","4103","Information","Microsoft-Windows-PowerShell","CommandInvocation(Add-Type): ""Add-Type""
ParameterBinding(Add-Type): name=""Namespace""; value=""WinAPI""
ParameterBinding(Add-Type): name=""Name""; value=""Win32""
ParameterBinding(Add-Type): name=""MemberDefinition""; value=""[DllImport(""user32.dll"")] public static extern IntPtr GetForegroundWindow();
[DllImport(""user32.dll"")] public static extern int GetWindowText(IntPtr hWnd, System.Text.StringBuilder text, int count);
[DllImport(""user32.dll"")] public static extern uint GetWindowThreadProcessId(IntPtr hWnd, out uint processId);, ...""
ParameterBinding(Add-Type): name=""ErrorAction""; value=""SilentlyContinue""


Context:
        Severity = Informational
        Host Name = ConsoleHost
        Host Version = 5.1.26100.8875
        Host ID = 923c93f5-68a1-4cf1-9713-07f4ede71a2c
        Host Application = C:\Windows\System32\WindowsPowerShell\v1.0\powershell.exe
        Engine Version = 5.1.26100.8875
        Runspace ID = f697cada-ed42-483c-9f02-38b77bf6eb4d
        Pipeline ID = 63
        Command Name = Add-Type
        Command Type = Cmdlet
        Script Name = C:\Users\arjo5004\AppData\Local\Temp\DiagCollector\Modules\01_TimelineAndResources.ps1
        Command Path = 
        Sequence Number = 5298
        User = ENTERPRISE\arjo5004.T1
        Connected User = 
        Shell ID = Microsoft.PowerShell


User Data:

"
"19-08-2026 13:48:50","4100","Warning","Microsoft-Windows-PowerShell","Error Message = The running command stopped because the preference variable ""ErrorActionPreference"" or common parameter is set to Stop: Invalid namespace 
Fully Qualified Error ID = HRESULT 0x8004100e,Microsoft.Management.Infrastructure.CimCmdlets.GetCimInstanceCommand


Context:
        Severity = Warning
        Host Name = ConsoleHost
        Host Version = 5.1.26100.8875
        Host ID = 923c93f5-68a1-4cf1-9713-07f4ede71a2c
        Host Application = C:\Windows\System32\WindowsPowerShell\v1.0\powershell.exe
        Engine Version = 5.1.26100.8875
        Runspace ID = f697cada-ed42-483c-9f02-38b77bf6eb4d
        Pipeline ID = 63
        Command Name = Get-CimInstance
        Command Type = Cmdlet
        Script Name = C:\Users\arjo5004\AppData\Local\Temp\DiagCollector\Modules\01_TimelineAndResources.ps1
        Command Path = 
        Sequence Number = 5262
        User = ENTERPRISE\arjo5004.T1
        Connected User = 
        Shell ID = Microsoft.PowerShell


User Data:

"
