"TimeCreated","Id","LevelDisplayName","ProviderName","Message"
"18-08-2026 14:30:42","1001","Information","Microsoft-Windows-StorageVolume","Volume arrived: volume 4 disk 0 offset 254980128768."
"18-08-2026 14:30:42","1001","Information","Microsoft-Windows-StorageVolume","Volume arrived: volume 3 disk 0 offset 1708130304."
"18-08-2026 14:30:42","1001","Information","Microsoft-Windows-StorageVolume","Volume arrived: volume 2 disk 0 offset 1573912576."
"18-08-2026 14:30:42","1001","Information","Microsoft-Windows-StorageVolume","Volume arrived: volume 1 disk 0 offset 1048576."
"18-08-2026 10:28:45","1001","Information","Microsoft-Windows-StorageVolume","Volume arrived: volume 4 disk 0 offset 254980128768."
"18-08-2026 10:28:45","1001","Information","Microsoft-Windows-StorageVolume","Volume arrived: volume 3 disk 0 offset 1708130304."
"18-08-2026 10:28:45","1001","Information","Microsoft-Windows-StorageVolume","Volume arrived: volume 2 disk 0 offset 1573912576."
"18-08-2026 10:28:45","1001","Information","Microsoft-Windows-StorageVolume","Volume arrived: volume 1 disk 0 offset 1048576."
"11-08-2026 12:02:21","1001","Information","Microsoft-Windows-StorageVolume","Volume arrived: volume 4 disk 0 offset 254980128768."
"11-08-2026 12:02:21","1001","Information","Microsoft-Windows-StorageVolume","Volume arrived: volume 3 disk 0 offset 1708130304."
"11-08-2026 12:02:21","1001","Information","Microsoft-Windows-StorageVolume","Volume arrived: volume 2 disk 0 offset 1573912576."
"11-08-2026 12:02:21","1001","Information","Microsoft-Windows-StorageVolume","Volume arrived: volume 1 disk 0 offset 1048576."
"10-08-2026 09:35:50","1001","Information","Microsoft-Windows-StorageVolume","Volume arrived: volume 4 disk 0 offset 254980128768."
"10-08-2026 09:35:50","1001","Information","Microsoft-Windows-StorageVolume","Volume arrived: volume 3 disk 0 offset 1708130304."
"10-08-2026 09:35:50","1001","Information","Microsoft-Windows-StorageVolume","Volume arrived: volume 2 disk 0 offset 1573912576."
"10-08-2026 09:35:50","1001","Information","Microsoft-Windows-StorageVolume","Volume arrived: volume 1 disk 0 offset 1048576."
"03-08-2026 09:25:53","1001","Information","Microsoft-Windows-StorageVolume","Volume arrived: volume 4 disk 0 offset 254980128768."
"03-08-2026 09:25:53","1001","Information","Microsoft-Windows-StorageVolume","Volume arrived: volume 3 disk 0 offset 1708130304."
"03-08-2026 09:25:53","1001","Information","Microsoft-Windows-StorageVolume","Volume arrived: volume 2 disk 0 offset 1573912576."
"03-08-2026 09:25:53","1001","Information","Microsoft-Windows-StorageVolume","Volume arrived: volume 1 disk 0 offset 1048576."
"31-07-2026 09:44:09","1001","Information","Microsoft-Windows-StorageVolume","Volume arrived: volume 4 disk 0 offset 254980128768."
"31-07-2026 09:44:09","1001","Information","Microsoft-Windows-StorageVolume","Volume arrived: volume 3 disk 0 offset 1708130304."
"31-07-2026 09:44:09","1001","Information","Microsoft-Windows-StorageVolume","Volume arrived: volume 2 disk 0 offset 1573912576."
"31-07-2026 09:44:09","1001","Information","Microsoft-Windows-StorageVolume","Volume arrived: volume 1 disk 0 offset 1048576."
"27-07-2026 11:49:07","1001","Information","Microsoft-Windows-StorageVolume","Volume arrived: volume 4 disk 0 offset 254980128768."
"27-07-2026 11:49:07","1001","Information","Microsoft-Windows-StorageVolume","Volume arrived: volume 3 disk 0 offset 1708130304."
"27-07-2026 11:49:07","1001","Information","Microsoft-Windows-StorageVolume","Volume arrived: volume 2 disk 0 offset 1573912576."
"27-07-2026 11:49:07","1001","Information","Microsoft-Windows-StorageVolume","Volume arrived: volume 1 disk 0 offset 1048576."
"27-07-2026 09:36:57","1001","Information","Microsoft-Windows-StorageVolume","Volume arrived: volume 4 disk 0 offset 254980128768."
"27-07-2026 09:36:57","1001","Information","Microsoft-Windows-StorageVolume","Volume arrived: volume 3 disk 0 offset 1708130304."
"27-07-2026 09:36:57","1001","Information","Microsoft-Windows-StorageVolume","Volume arrived: volume 2 disk 0 offset 1573912576."
"27-07-2026 09:36:57","1001","Information","Microsoft-Windows-StorageVolume","Volume arrived: volume 1 disk 0 offset 1048576."
"27-07-2026 09:34:09","1001","Information","Microsoft-Windows-StorageVolume","Volume arrived: volume 4 disk 0 offset 254980128768."
"27-07-2026 09:34:09","1001","Information","Microsoft-Windows-StorageVolume","Volume arrived: volume 3 disk 0 offset 1708130304."
"27-07-2026 09:34:09","1001","Information","Microsoft-Windows-StorageVolume","Volume arrived: volume 2 disk 0 offset 1573912576."
"27-07-2026 09:34:09","1001","Information","Microsoft-Windows-StorageVolume","Volume arrived: volume 1 disk 0 offset 1048576."
"21-07-2026 08:44:07","1001","Information","Microsoft-Windows-StorageVolume","Volume arrived: volume 4 disk 0 offset 254980128768."
"21-07-2026 08:44:07","1001","Information","Microsoft-Windows-StorageVolume","Volume arrived: volume 3 disk 0 offset 1708130304."
"21-07-2026 08:44:07","1001","Information","Microsoft-Windows-StorageVolume","Volume arrived: volume 2 disk 0 offset 1573912576."
"21-07-2026 08:44:07","1001","Information","Microsoft-Windows-StorageVolume","Volume arrived: volume 1 disk 0 offset 1048576."
"12-07-2026 18:31:47","1001","Information","Microsoft-Windows-StorageVolume","Volume arrived: volume 4 disk 0 offset 254980128768."
"12-07-2026 18:31:47","1001","Information","Microsoft-Windows-StorageVolume","Volume arrived: volume 3 disk 0 offset 1708130304."
"12-07-2026 18:31:47","1001","Information","Microsoft-Windows-StorageVolume","Volume arrived: volume 2 disk 0 offset 1573912576."
"12-07-2026 18:31:47","1001","Information","Microsoft-Windows-StorageVolume","Volume arrived: volume 1 disk 0 offset 1048576."
"07-07-2026 09:28:10","1001","Information","Microsoft-Windows-StorageVolume","Volume arrived: volume 4 disk 0 offset 254980128768."
"07-07-2026 09:28:10","1001","Information","Microsoft-Windows-StorageVolume","Volume arrived: volume 3 disk 0 offset 1708130304."
"07-07-2026 09:28:10","1001","Information","Microsoft-Windows-StorageVolume","Volume arrived: volume 2 disk 0 offset 1573912576."
"07-07-2026 09:28:10","1001","Information","Microsoft-Windows-StorageVolume","Volume arrived: volume 1 disk 0 offset 1048576."
"04-07-2026 14:12:30","1001","Information","Microsoft-Windows-StorageVolume","Volume arrived: volume 4 disk 0 offset 254980128768."
"04-07-2026 14:12:30","1001","Information","Microsoft-Windows-StorageVolume","Volume arrived: volume 3 disk 0 offset 1708130304."
"04-07-2026 14:12:30","1001","Information","Microsoft-Windows-StorageVolume","Volume arrived: volume 2 disk 0 offset 1573912576."
"04-07-2026 14:12:30","1001","Information","Microsoft-Windows-StorageVolume","Volume arrived: volume 1 disk 0 offset 1048576."
"03-07-2026 11:20:10","1001","Information","Microsoft-Windows-StorageVolume","Volume arrived: volume 4 disk 0 offset 254980128768."
"03-07-2026 11:20:10","1001","Information","Microsoft-Windows-StorageVolume","Volume arrived: volume 3 disk 0 offset 1708130304."
"03-07-2026 11:20:10","1001","Information","Microsoft-Windows-StorageVolume","Volume arrived: volume 2 disk 0 offset 1573912576."
"03-07-2026 11:20:10","1001","Information","Microsoft-Windows-StorageVolume","Volume arrived: volume 1 disk 0 offset 1048576."
"01-07-2026 10:08:07","1001","Information","Microsoft-Windows-StorageVolume","Volume arrived: volume 4 disk 0 offset 254980128768."
"01-07-2026 10:08:07","1001","Information","Microsoft-Windows-StorageVolume","Volume arrived: volume 3 disk 0 offset 1708130304."
"01-07-2026 10:08:07","1001","Information","Microsoft-Windows-StorageVolume","Volume arrived: volume 2 disk 0 offset 1573912576."
"01-07-2026 10:08:07","1001","Information","Microsoft-Windows-StorageVolume","Volume arrived: volume 1 disk 0 offset 1048576."
"29-06-2026 10:24:06","1001","Information","Microsoft-Windows-StorageVolume","Volume arrived: volume 4 disk 0 offset 254980128768."
"29-06-2026 10:24:06","1001","Information","Microsoft-Windows-StorageVolume","Volume arrived: volume 3 disk 0 offset 1708130304."
"29-06-2026 10:24:06","1001","Information","Microsoft-Windows-StorageVolume","Volume arrived: volume 2 disk 0 offset 1573912576."
"29-06-2026 10:24:06","1001","Information","Microsoft-Windows-StorageVolume","Volume arrived: volume 1 disk 0 offset 1048576."
"29-06-2026 09:02:17","1001","Information","Microsoft-Windows-StorageVolume","Volume arrived: volume 4 disk 0 offset 254980128768."
"29-06-2026 09:02:17","1001","Information","Microsoft-Windows-StorageVolume","Volume arrived: volume 3 disk 0 offset 1708130304."
"29-06-2026 09:02:17","1001","Information","Microsoft-Windows-StorageVolume","Volume arrived: volume 2 disk 0 offset 1573912576."
"29-06-2026 09:02:17","1001","Information","Microsoft-Windows-StorageVolume","Volume arrived: volume 1 disk 0 offset 1048576."
"25-06-2026 09:35:49","1001","Information","Microsoft-Windows-StorageVolume","Volume arrived: volume 4 disk 0 offset 254980128768."
"25-06-2026 09:35:49","1001","Information","Microsoft-Windows-StorageVolume","Volume arrived: volume 3 disk 0 offset 1708130304."
"25-06-2026 09:35:49","1001","Information","Microsoft-Windows-StorageVolume","Volume arrived: volume 2 disk 0 offset 1573912576."
"25-06-2026 09:35:49","1001","Information","Microsoft-Windows-StorageVolume","Volume arrived: volume 1 disk 0 offset 1048576."
"18-06-2026 09:05:24","1001","Information","Microsoft-Windows-StorageVolume","Volume arrived: volume 4 disk 0 offset 254980128768."
"18-06-2026 09:05:24","1001","Information","Microsoft-Windows-StorageVolume","Volume arrived: volume 3 disk 0 offset 1708130304."
"18-06-2026 09:05:24","1001","Information","Microsoft-Windows-StorageVolume","Volume arrived: volume 2 disk 0 offset 1573912576."
"18-06-2026 09:05:24","1001","Information","Microsoft-Windows-StorageVolume","Volume arrived: volume 1 disk 0 offset 1048576."
"17-06-2026 19:17:59","1001","Information","Microsoft-Windows-StorageVolume","Volume arrived: volume 4 disk 0 offset 254980128768."
"17-06-2026 19:17:59","1001","Information","Microsoft-Windows-StorageVolume","Volume arrived: volume 3 disk 0 offset 1708130304."
"17-06-2026 19:17:59","1001","Information","Microsoft-Windows-StorageVolume","Volume arrived: volume 2 disk 0 offset 1573912576."
"17-06-2026 19:17:59","1001","Information","Microsoft-Windows-StorageVolume","Volume arrived: volume 1 disk 0 offset 1048576."
"17-06-2026 19:16:31","1001","Information","Microsoft-Windows-StorageVolume","Volume arrived: volume 4 disk 0 offset 254980128768."
"17-06-2026 19:16:31","1001","Information","Microsoft-Windows-StorageVolume","Volume arrived: volume 3 disk 0 offset 1708130304."
"17-06-2026 19:16:31","1001","Information","Microsoft-Windows-StorageVolume","Volume arrived: volume 2 disk 0 offset 1573912576."
"17-06-2026 19:16:31","1001","Information","Microsoft-Windows-StorageVolume","Volume arrived: volume 1 disk 0 offset 1048576."
"17-06-2026 19:13:23","1001","Information","Microsoft-Windows-StorageVolume","Volume arrived: volume 4 disk 0 offset 254980128768."
"17-06-2026 19:13:23","1001","Information","Microsoft-Windows-StorageVolume","Volume arrived: volume 3 disk 0 offset 1708130304."
"17-06-2026 19:13:23","1001","Information","Microsoft-Windows-StorageVolume","Volume arrived: volume 2 disk 0 offset 1573912576."
"17-06-2026 19:13:23","1001","Information","Microsoft-Windows-StorageVolume","Volume arrived: volume 1 disk 0 offset 1048576."
"16-06-2026 09:59:11","1001","Information","Microsoft-Windows-StorageVolume","Volume arrived: volume 4 disk 0 offset 254980128768."
"16-06-2026 09:59:11","1001","Information","Microsoft-Windows-StorageVolume","Volume arrived: volume 3 disk 0 offset 1708130304."
"16-06-2026 09:59:11","1001","Information","Microsoft-Windows-StorageVolume","Volume arrived: volume 2 disk 0 offset 1573912576."
"16-06-2026 09:59:11","1001","Information","Microsoft-Windows-StorageVolume","Volume arrived: volume 1 disk 0 offset 1048576."
"12-06-2026 09:54:22","1001","Information","Microsoft-Windows-StorageVolume","Volume arrived: volume 4 disk 0 offset 254980128768."
"12-06-2026 09:54:22","1001","Information","Microsoft-Windows-StorageVolume","Volume arrived: volume 3 disk 0 offset 1708130304."
"12-06-2026 09:54:22","1001","Information","Microsoft-Windows-StorageVolume","Volume arrived: volume 2 disk 0 offset 1573912576."
"12-06-2026 09:54:22","1001","Information","Microsoft-Windows-StorageVolume","Volume arrived: volume 1 disk 0 offset 1048576."
"08-06-2026 19:13:39","1001","Information","Microsoft-Windows-StorageVolume","Volume arrived: volume 4 disk 0 offset 254980128768."
"08-06-2026 19:13:39","1001","Information","Microsoft-Windows-StorageVolume","Volume arrived: volume 3 disk 0 offset 1708130304."
"08-06-2026 19:13:39","1001","Information","Microsoft-Windows-StorageVolume","Volume arrived: volume 2 disk 0 offset 1573912576."
"08-06-2026 19:13:39","1001","Information","Microsoft-Windows-StorageVolume","Volume arrived: volume 1 disk 0 offset 1048576."
"08-06-2026 09:39:55","1001","Information","Microsoft-Windows-StorageVolume","Volume arrived: volume 4 disk 0 offset 254980128768."
"08-06-2026 09:39:55","1001","Information","Microsoft-Windows-StorageVolume","Volume arrived: volume 3 disk 0 offset 1708130304."
"08-06-2026 09:39:55","1001","Information","Microsoft-Windows-StorageVolume","Volume arrived: volume 2 disk 0 offset 1573912576."
"08-06-2026 09:39:55","1001","Information","Microsoft-Windows-StorageVolume","Volume arrived: volume 1 disk 0 offset 1048576."
"03-06-2026 10:13:53","1001","Information","Microsoft-Windows-StorageVolume","Volume arrived: volume 4 disk 0 offset 254980128768."
"03-06-2026 10:13:53","1001","Information","Microsoft-Windows-StorageVolume","Volume arrived: volume 3 disk 0 offset 1708130304."
"03-06-2026 10:13:53","1001","Information","Microsoft-Windows-StorageVolume","Volume arrived: volume 2 disk 0 offset 1573912576."
"03-06-2026 10:13:53","1001","Information","Microsoft-Windows-StorageVolume","Volume arrived: volume 1 disk 0 offset 1048576."
"03-06-2026 00:13:23","1001","Information","Microsoft-Windows-StorageVolume","Volume arrived: volume 4 disk 0 offset 254980128768."
"03-06-2026 00:13:23","1001","Information","Microsoft-Windows-StorageVolume","Volume arrived: volume 3 disk 0 offset 1708130304."
"03-06-2026 00:13:23","1001","Information","Microsoft-Windows-StorageVolume","Volume arrived: volume 2 disk 0 offset 1573912576."
"03-06-2026 00:13:23","1001","Information","Microsoft-Windows-StorageVolume","Volume arrived: volume 1 disk 0 offset 1048576."
"02-06-2026 10:13:54","1001","Information","Microsoft-Windows-StorageVolume","Volume arrived: volume 4 disk 0 offset 254980128768."
"02-06-2026 10:13:54","1001","Information","Microsoft-Windows-StorageVolume","Volume arrived: volume 3 disk 0 offset 1708130304."
"02-06-2026 10:13:54","1001","Information","Microsoft-Windows-StorageVolume","Volume arrived: volume 2 disk 0 offset 1573912576."
"02-06-2026 10:13:54","1001","Information","Microsoft-Windows-StorageVolume","Volume arrived: volume 1 disk 0 offset 1048576."
"01-06-2026 09:19:10","1001","Information","Microsoft-Windows-StorageVolume","Volume arrived: volume 4 disk 0 offset 254980128768."
"01-06-2026 09:19:10","1001","Information","Microsoft-Windows-StorageVolume","Volume arrived: volume 3 disk 0 offset 1708130304."
"01-06-2026 09:19:10","1001","Information","Microsoft-Windows-StorageVolume","Volume arrived: volume 2 disk 0 offset 1573912576."
"01-06-2026 09:19:10","1001","Information","Microsoft-Windows-StorageVolume","Volume arrived: volume 1 disk 0 offset 1048576."
"28-05-2026 10:19:23","1001","Information","Microsoft-Windows-StorageVolume","Volume arrived: volume 4 disk 0 offset 254980128768."
"28-05-2026 10:19:23","1001","Information","Microsoft-Windows-StorageVolume","Volume arrived: volume 3 disk 0 offset 1708130304."
"28-05-2026 10:19:23","1001","Information","Microsoft-Windows-StorageVolume","Volume arrived: volume 2 disk 0 offset 1573912576."
"28-05-2026 10:19:23","1001","Information","Microsoft-Windows-StorageVolume","Volume arrived: volume 1 disk 0 offset 1048576."
"25-05-2026 08:59:50","1001","Information","Microsoft-Windows-StorageVolume","Volume arrived: volume 4 disk 0 offset 254980128768."
"25-05-2026 08:59:50","1001","Information","Microsoft-Windows-StorageVolume","Volume arrived: volume 3 disk 0 offset 1708130304."
"25-05-2026 08:59:50","1001","Information","Microsoft-Windows-StorageVolume","Volume arrived: volume 2 disk 0 offset 1573912576."
"25-05-2026 08:59:50","1001","Information","Microsoft-Windows-StorageVolume","Volume arrived: volume 1 disk 0 offset 1048576."
"23-05-2026 21:48:21","1001","Information","Microsoft-Windows-StorageVolume","Volume arrived: volume 4 disk 0 offset 254980128768."
"23-05-2026 21:48:21","1001","Information","Microsoft-Windows-StorageVolume","Volume arrived: volume 3 disk 0 offset 1708130304."
"23-05-2026 21:48:21","1001","Information","Microsoft-Windows-StorageVolume","Volume arrived: volume 2 disk 0 offset 1573912576."
"23-05-2026 21:48:21","1001","Information","Microsoft-Windows-StorageVolume","Volume arrived: volume 1 disk 0 offset 1048576."
"23-05-2026 11:01:27","1001","Information","Microsoft-Windows-StorageVolume","Volume arrived: volume 4 disk 0 offset 254980128768."
"23-05-2026 11:01:27","1001","Information","Microsoft-Windows-StorageVolume","Volume arrived: volume 3 disk 0 offset 1708130304."
"23-05-2026 11:01:27","1001","Information","Microsoft-Windows-StorageVolume","Volume arrived: volume 2 disk 0 offset 1573912576."
"23-05-2026 11:01:27","1001","Information","Microsoft-Windows-StorageVolume","Volume arrived: volume 1 disk 0 offset 1048576."
"23-05-2026 10:51:43","1001","Information","Microsoft-Windows-StorageVolume","Volume arrived: volume 4 disk 0 offset 254980128768."
"23-05-2026 10:51:43","1001","Information","Microsoft-Windows-StorageVolume","Volume arrived: volume 3 disk 0 offset 1708130304."
"23-05-2026 10:51:43","1001","Information","Microsoft-Windows-StorageVolume","Volume arrived: volume 2 disk 0 offset 1573912576."
"23-05-2026 10:51:43","1001","Information","Microsoft-Windows-StorageVolume","Volume arrived: volume 1 disk 0 offset 1048576."
"23-05-2026 23:08:22","1001","Information","Microsoft-Windows-StorageVolume","Volume arrived: volume 4 disk 0 offset 254980128768."
"23-05-2026 23:08:22","1001","Information","Microsoft-Windows-StorageVolume","Volume arrived: volume 3 disk 0 offset 1708130304."
"23-05-2026 23:08:22","1001","Information","Microsoft-Windows-StorageVolume","Volume arrived: volume 2 disk 0 offset 1573912576."
"23-05-2026 23:08:22","1001","Information","Microsoft-Windows-StorageVolume","Volume arrived: volume 1 disk 0 offset 1048576."
"23-05-2026 23:05:39","1001","Information","Microsoft-Windows-StorageVolume","Volume arrived: volume 4 disk 0 offset 254980128768."
"23-05-2026 23:05:39","1001","Information","Microsoft-Windows-StorageVolume","Volume arrived: volume 3 disk 0 offset 1708130304."
"23-05-2026 23:05:39","1001","Information","Microsoft-Windows-StorageVolume","Volume arrived: volume 2 disk 0 offset 1573912576."
"23-05-2026 23:05:39","1001","Information","Microsoft-Windows-StorageVolume","Volume arrived: volume 1 disk 0 offset 1048576."
