"17-06-2026 19:18:10","15511","Information","Microsoft-Windows-Wired-AutoConfig","The Wired AutoConfig service entered the running state."
"17-06-2026 19:18:10","15515","Information","Microsoft-Windows-Wired-AutoConfig","The Wired AutoConfig service is starting."
"17-06-2026 19:17:37","15512","Information","Microsoft-Windows-Wired-AutoConfig","The Wired AutoConfig service entered the stopped state."
"17-06-2026 19:17:37","15516","Information","Microsoft-Windows-Wired-AutoConfig","The Wired AutoConfig service is stopping."
"17-06-2026 19:16:43","15508","Information","Microsoft-Windows-Wired-AutoConfig","There has been an NDIS Port state change on this network adapter.

	Network Adapter: Intel(R) Ethernet Connection (24) I219-LM
	Interface GUID: {6a4487bf-5a41-42e8-893a-9749e37014c0}
	NDIS Control State: UnControlled
	NDIS Auth State: UnAuthorized"
"17-06-2026 19:16:43","15502","Information","Microsoft-Windows-Wired-AutoConfig","The profile was applied on the network adapter.

	Network Adapter: Intel(R) Ethernet Connection (24) I219-LM
	Interface GUID: {6a4487bf-5a41-42e8-893a-9749e37014c0}
	Profile Type: 2
	Profile Content: 
	AutoConfig Version: 1
	802.1x: Enabled
	802.1x: Not Enforced
	EAP type: Microsoft: Smart Card or other certificate (EAP-TLS)
	802.1X auth credential: Machine credential
	Cache user information: Yes"
"17-06-2026 19:16:43","15508","Information","Microsoft-Windows-Wired-AutoConfig","There has been an NDIS Port state change on this network adapter.

	Network Adapter: Check Point Virtual Network Adapter For Endpoint VPN Client
	Interface GUID: {26cb5c5d-910c-487e-bbee-b743191f35b5}
	NDIS Control State: UnControlled
	NDIS Auth State: UnAuthorized"
"17-06-2026 19:16:43","15502","Information","Microsoft-Windows-Wired-AutoConfig","The profile was applied on the network adapter.

	Network Adapter: Check Point Virtual Network Adapter For Endpoint VPN Client
	Interface GUID: {26cb5c5d-910c-487e-bbee-b743191f35b5}
	Profile Type: 2
	Profile Content: 
	AutoConfig Version: 1
	802.1x: Enabled
	802.1x: Not Enforced
	EAP type: Microsoft: Smart Card or other certificate (EAP-TLS)
	802.1X auth credential: Machine credential
	Cache user information: Yes"
"17-06-2026 19:16:43","15511","Information","Microsoft-Windows-Wired-AutoConfig","The Wired AutoConfig service entered the running state."
"17-06-2026 19:16:43","15515","Information","Microsoft-Windows-Wired-AutoConfig","The Wired AutoConfig service is starting."
"17-06-2026 19:16:11","15512","Information","Microsoft-Windows-Wired-AutoConfig","The Wired AutoConfig service entered the stopped state."
"17-06-2026 19:16:11","15516","Information","Microsoft-Windows-Wired-AutoConfig","The Wired AutoConfig service is stopping."
"17-06-2026 19:13:36","15508","Information","Microsoft-Windows-Wired-AutoConfig","There has been an NDIS Port state change on this network adapter.

	Network Adapter: Intel(R) Ethernet Connection (24) I219-LM
	Interface GUID: {6a4487bf-5a41-42e8-893a-9749e37014c0}
	NDIS Control State: UnControlled
	NDIS Auth State: UnAuthorized"
"17-06-2026 19:13:36","15502","Information","Microsoft-Windows-Wired-AutoConfig","The profile was applied on the network adapter.

	Network Adapter: Intel(R) Ethernet Connection (24) I219-LM
	Interface GUID: {6a4487bf-5a41-42e8-893a-9749e37014c0}
	Profile Type: 2
	Profile Content: 
	AutoConfig Version: 1
	802.1x: Enabled
	802.1x: Not Enforced
	EAP type: Microsoft: Smart Card or other certificate (EAP-TLS)
	802.1X auth credential: Machine credential
	Cache user information: Yes"
"17-06-2026 19:13:36","15508","Information","Microsoft-Windows-Wired-AutoConfig","There has been an NDIS Port state change on this network adapter.

	Network Adapter: Check Point Virtual Network Adapter For Endpoint VPN Client
	Interface GUID: {26cb5c5d-910c-487e-bbee-b743191f35b5}
	NDIS Control State: UnControlled
	NDIS Auth State: UnAuthorized"
"17-06-2026 19:13:36","15502","Information","Microsoft-Windows-Wired-AutoConfig","The profile was applied on the network adapter.

	Network Adapter: Check Point Virtual Network Adapter For Endpoint VPN Client
	Interface GUID: {26cb5c5d-910c-487e-bbee-b743191f35b5}
	Profile Type: 2
	Profile Content: 
	AutoConfig Version: 1
	802.1x: Enabled
	802.1x: Not Enforced
	EAP type: Microsoft: Smart Card or other certificate (EAP-TLS)
	802.1X auth credential: Machine credential
	Cache user information: Yes"
"17-06-2026 19:13:36","15511","Information","Microsoft-Windows-Wired-AutoConfig","The Wired AutoConfig service entered the running state."
"17-06-2026 19:13:36","15515","Information","Microsoft-Windows-Wired-AutoConfig","The Wired AutoConfig service is starting."
"17-06-2026 19:13:03","15512","Information","Microsoft-Windows-Wired-AutoConfig","The Wired AutoConfig service entered the stopped state."
"17-06-2026 19:13:03","15516","Information","Microsoft-Windows-Wired-AutoConfig","The Wired AutoConfig service is stopping."
"17-06-2026 19:10:44","15513","Information","Microsoft-Windows-Wired-AutoConfig","A network adapter was removed from the system.

	Network Adapter: Realtek USB GbE Family Controller
	Interface GUID: "
"17-06-2026 18:20:35","15510","Information","Microsoft-Windows-Wired-AutoConfig","A network adapter was added to the system.

	Network Adapter: Realtek USB GbE Family Controller
	Interface GUID: \DEVICE\{9DD2647C-6C78-4A23-B861-C580FDEC2864}"
"17-06-2026 18:20:35","15508","Information","Microsoft-Windows-Wired-AutoConfig","There has been an NDIS Port state change on this network adapter.

	Network Adapter: Realtek USB GbE Family Controller
	Interface GUID: {9dd2647c-6c78-4a23-b861-c580fdec2864}
	NDIS Control State: UnControlled
	NDIS Auth State: UnAuthorized"
"17-06-2026 18:20:34","15502","Information","Microsoft-Windows-Wired-AutoConfig","The profile was applied on the network adapter.

	Network Adapter: Realtek USB GbE Family Controller
	Interface GUID: {9dd2647c-6c78-4a23-b861-c580fdec2864}
	Profile Type: 2
	Profile Content: 
	AutoConfig Version: 1
	802.1x: Enabled
	802.1x: Not Enforced
	EAP type: Microsoft: Smart Card or other certificate (EAP-TLS)
	802.1X auth credential: Machine credential
	Cache user information: Yes"
"17-06-2026 14:30:07","15513","Information","Microsoft-Windows-Wired-AutoConfig","A network adapter was removed from the system.

	Network Adapter: Realtek USB GbE Family Controller
	Interface GUID: "
"17-06-2026 13:03:37","15510","Information","Microsoft-Windows-Wired-AutoConfig","A network adapter was added to the system.

	Network Adapter: Realtek USB GbE Family Controller
	Interface GUID: \DEVICE\{9DD2647C-6C78-4A23-B861-C580FDEC2864}"
"17-06-2026 13:03:37","15508","Information","Microsoft-Windows-Wired-AutoConfig","There has been an NDIS Port state change on this network adapter.

	Network Adapter: Realtek USB GbE Family Controller
	Interface GUID: {9dd2647c-6c78-4a23-b861-c580fdec2864}
	NDIS Control State: UnControlled
	NDIS Auth State: UnAuthorized"
"17-06-2026 13:03:36","15502","Information","Microsoft-Windows-Wired-AutoConfig","The profile was applied on the network adapter.

	Network Adapter: Realtek USB GbE Family Controller
	Interface GUID: {9dd2647c-6c78-4a23-b861-c580fdec2864}
	Profile Type: 2
	Profile Content: 
	AutoConfig Version: 1
	802.1x: Enabled
	802.1x: Not Enforced
	EAP type: Microsoft: Smart Card or other certificate (EAP-TLS)
	802.1X auth credential: Machine credential
	Cache user information: Yes"
"17-06-2026 11:48:50","15513","Information","Microsoft-Windows-Wired-AutoConfig","A network adapter was removed from the system.

	Network Adapter: Realtek USB GbE Family Controller #3
	Interface GUID: "
"17-06-2026 11:18:46","15510","Information","Microsoft-Windows-Wired-AutoConfig","A network adapter was added to the system.

	Network Adapter: Realtek USB GbE Family Controller #3
	Interface GUID: \DEVICE\{50B111D2-408A-4661-81DE-9197FEE6662C}"
"17-06-2026 11:18:46","15508","Information","Microsoft-Windows-Wired-AutoConfig","There has been an NDIS Port state change on this network adapter.

	Network Adapter: Realtek USB GbE Family Controller #3
	Interface GUID: {50b111d2-408a-4661-81de-9197fee6662c}
	NDIS Control State: UnControlled
	NDIS Auth State: UnAuthorized"
"17-06-2026 11:18:46","15502","Information","Microsoft-Windows-Wired-AutoConfig","The profile was applied on the network adapter.

	Network Adapter: Realtek USB GbE Family Controller #3
	Interface GUID: {50b111d2-408a-4661-81de-9197fee6662c}
	Profile Type: 2
	Profile Content: 
	AutoConfig Version: 1
	802.1x: Enabled
	802.1x: Not Enforced
	EAP type: Microsoft: Smart Card or other certificate (EAP-TLS)
	802.1X auth credential: Machine credential
	Cache user information: Yes"
"17-06-2026 11:14:42","15513","Information","Microsoft-Windows-Wired-AutoConfig","A network adapter was removed from the system.

	Network Adapter: Realtek USB GbE Family Controller #3
	Interface GUID: "
"17-06-2026 10:03:37","15510","Information","Microsoft-Windows-Wired-AutoConfig","A network adapter was added to the system.

	Network Adapter: Realtek USB GbE Family Controller #3
	Interface GUID: \DEVICE\{50B111D2-408A-4661-81DE-9197FEE6662C}"
"17-06-2026 10:03:37","15508","Information","Microsoft-Windows-Wired-AutoConfig","There has been an NDIS Port state change on this network adapter.

	Network Adapter: Realtek USB GbE Family Controller #3
	Interface GUID: {50b111d2-408a-4661-81de-9197fee6662c}
	NDIS Control State: UnControlled
	NDIS Auth State: UnAuthorized"
"17-06-2026 10:03:36","15502","Information","Microsoft-Windows-Wired-AutoConfig","The profile was applied on the network adapter.

	Network Adapter: Realtek USB GbE Family Controller #3
	Interface GUID: {50b111d2-408a-4661-81de-9197fee6662c}
	Profile Type: 2
	Profile Content: 
	AutoConfig Version: 1
	802.1x: Enabled
	802.1x: Not Enforced
	EAP type: Microsoft: Smart Card or other certificate (EAP-TLS)
	802.1X auth credential: Machine credential
	Cache user information: Yes"
"17-06-2026 10:00:00","15513","Information","Microsoft-Windows-Wired-AutoConfig","A network adapter was removed from the system.

	Network Adapter: Realtek USB GbE Family Controller #3
	Interface GUID: "
"17-06-2026 09:55:26","15500","Information","Microsoft-Windows-Wired-AutoConfig","The network adapter has been unplugged.

	Network Adapter: Intel(R) Ethernet Connection (24) I219-LM
	Interface GUID: {6a4487bf-5a41-42e8-893a-9749e37014c0}"
"17-06-2026 09:53:51","15505","Information","Microsoft-Windows-Wired-AutoConfig","Wired 802.1X Authentication succeeded.

	Network Adapter: Intel(R) Ethernet Connection (24) I219-LM
	Interface GUID: {6a4487bf-5a41-42e8-893a-9749e37014c0}
	Peer Address: 000000000000
	Local Address: C0470E5962BD
	Connection ID: 0x4
	Identity: -
	User: -
	Domain: -
	Reason: 0x70003
	Reason Text: The network does not support authentication
	Error Code: 0x0"
"17-06-2026 09:53:36","15503","Information","Microsoft-Windows-Wired-AutoConfig","Wired 802.1X Authentication was started.

	Network Adapter: Intel(R) Ethernet Connection (24) I219-LM
	Interface GUID: {6a4487bf-5a41-42e8-893a-9749e37014c0}
	Connection ID: 0x4"
"17-06-2026 09:53:36","15501","Information","Microsoft-Windows-Wired-AutoConfig","The network adapter has been connected.

	Network Adapter: Intel(R) Ethernet Connection (24) I219-LM
	Interface GUID: {6a4487bf-5a41-42e8-893a-9749e37014c0}"
"17-06-2026 09:52:29","15500","Information","Microsoft-Windows-Wired-AutoConfig","The network adapter has been unplugged.

	Network Adapter: Intel(R) Ethernet Connection (24) I219-LM
	Interface GUID: {6a4487bf-5a41-42e8-893a-9749e37014c0}"
"17-06-2026 09:51:12","15505","Information","Microsoft-Windows-Wired-AutoConfig","Wired 802.1X Authentication succeeded.

	Network Adapter: Intel(R) Ethernet Connection (24) I219-LM
	Interface GUID: {6a4487bf-5a41-42e8-893a-9749e37014c0}
	Peer Address: 000000000000
	Local Address: C0470E5962BD
	Connection ID: 0x3
	Identity: -
	User: -
	Domain: -
	Reason: 0x70003
	Reason Text: The network does not support authentication
	Error Code: 0x0"
"17-06-2026 09:50:57","15503","Information","Microsoft-Windows-Wired-AutoConfig","Wired 802.1X Authentication was started.

	Network Adapter: Intel(R) Ethernet Connection (24) I219-LM
	Interface GUID: {6a4487bf-5a41-42e8-893a-9749e37014c0}
	Connection ID: 0x3"
"17-06-2026 09:50:57","15501","Information","Microsoft-Windows-Wired-AutoConfig","The network adapter has been connected.

	Network Adapter: Intel(R) Ethernet Connection (24) I219-LM
	Interface GUID: {6a4487bf-5a41-42e8-893a-9749e37014c0}"
"17-06-2026 09:48:49","15500","Information","Microsoft-Windows-Wired-AutoConfig","The network adapter has been unplugged.

	Network Adapter: Intel(R) Ethernet Connection (24) I219-LM
	Interface GUID: {6a4487bf-5a41-42e8-893a-9749e37014c0}"
"17-06-2026 09:44:58","15505","Information","Microsoft-Windows-Wired-AutoConfig","Wired 802.1X Authentication succeeded.

	Network Adapter: Intel(R) Ethernet Connection (24) I219-LM
	Interface GUID: {6a4487bf-5a41-42e8-893a-9749e37014c0}
	Peer Address: 000000000000
	Local Address: C0470E5962BD
	Connection ID: 0x2
	Identity: -
	User: -
	Domain: -
	Reason: 0x70003
	Reason Text: The network does not support authentication
	Error Code: 0x0"
"17-06-2026 09:44:43","15503","Information","Microsoft-Windows-Wired-AutoConfig","Wired 802.1X Authentication was started.

	Network Adapter: Intel(R) Ethernet Connection (24) I219-LM
	Interface GUID: {6a4487bf-5a41-42e8-893a-9749e37014c0}
	Connection ID: 0x2"
"17-06-2026 09:44:43","15501","Information","Microsoft-Windows-Wired-AutoConfig","The network adapter has been connected.

	Network Adapter: Intel(R) Ethernet Connection (24) I219-LM
	Interface GUID: {6a4487bf-5a41-42e8-893a-9749e37014c0}"
"17-06-2026 09:34:46","15510","Information","Microsoft-Windows-Wired-AutoConfig","A network adapter was added to the system.

	Network Adapter: Realtek USB GbE Family Controller #3
	Interface GUID: \DEVICE\{50B111D2-408A-4661-81DE-9197FEE6662C}"
"17-06-2026 09:34:46","15508","Information","Microsoft-Windows-Wired-AutoConfig","There has been an NDIS Port state change on this network adapter.

	Network Adapter: Realtek USB GbE Family Controller #3
	Interface GUID: {50b111d2-408a-4661-81de-9197fee6662c}
	NDIS Control State: UnControlled
	NDIS Auth State: UnAuthorized"
"17-06-2026 09:34:45","15502","Information","Microsoft-Windows-Wired-AutoConfig","The profile was applied on the network adapter.

	Network Adapter: Realtek USB GbE Family Controller #3
	Interface GUID: {50b111d2-408a-4661-81de-9197fee6662c}
	Profile Type: 2
	Profile Content: 
	AutoConfig Version: 1
	802.1x: Enabled
	802.1x: Not Enforced
	EAP type: Microsoft: Smart Card or other certificate (EAP-TLS)
	802.1X auth credential: Machine credential
	Cache user information: Yes"
"17-06-2026 09:34:42","15510","Information","Microsoft-Windows-Wired-AutoConfig","A network adapter was added to the system.

	Network Adapter: Realtek USB GbE Family Controller #3
	Interface GUID: \DEVICE\{50B111D2-408A-4661-81DE-9197FEE6662C}"
"17-06-2026 09:34:42","15502","Information","Microsoft-Windows-Wired-AutoConfig","The profile was applied on the network adapter.

	Network Adapter: Realtek USB GbE Family Controller #3
	Interface GUID: {50b111d2-408a-4661-81de-9197fee6662c}
	Profile Type: 2
	Profile Content: 
	AutoConfig Version: 1
	802.1x: Enabled
	802.1x: Not Enforced
	EAP type: Microsoft: Smart Card or other certificate (EAP-TLS)
	802.1X auth credential: Machine credential
	Cache user information: Yes"
"17-06-2026 09:33:31","15510","Information","Microsoft-Windows-Wired-AutoConfig","A network adapter was added to the system.

	Network Adapter: Check Point Virtual Network Adapter For Endpoint VPN Client
	Interface GUID: \DEVICE\{26CB5C5D-910C-487E-BBEE-B743191F35B5}"
"17-06-2026 09:33:31","15508","Information","Microsoft-Windows-Wired-AutoConfig","There has been an NDIS Port state change on this network adapter.

	Network Adapter: Check Point Virtual Network Adapter For Endpoint VPN Client
	Interface GUID: {26cb5c5d-910c-487e-bbee-b743191f35b5}
	NDIS Control State: UnControlled
	NDIS Auth State: UnAuthorized"
"17-06-2026 09:33:30","15502","Information","Microsoft-Windows-Wired-AutoConfig","The profile was applied on the network adapter.

	Network Adapter: Check Point Virtual Network Adapter For Endpoint VPN Client
	Interface GUID: {26cb5c5d-910c-487e-bbee-b743191f35b5}
	Profile Type: 2
	Profile Content: 
	AutoConfig Version: 1
	802.1x: Enabled
	802.1x: Not Enforced
	EAP type: Microsoft: Smart Card or other certificate (EAP-TLS)
	802.1X auth credential: Machine credential
	Cache user information: Yes"
"17-06-2026 09:33:30","15500","Information","Microsoft-Windows-Wired-AutoConfig","The network adapter has been unplugged.

	Network Adapter: Intel(R) Ethernet Connection (24) I219-LM
	Interface GUID: {6a4487bf-5a41-42e8-893a-9749e37014c0}"
"17-06-2026 05:13:57","15513","Information","Microsoft-Windows-Wired-AutoConfig","A network adapter was removed from the system.

	Network Adapter: Check Point Virtual Network Adapter For Endpoint VPN Client
	Interface GUID: "
"16-06-2026 19:09:46","15513","Information","Microsoft-Windows-Wired-AutoConfig","A network adapter was removed from the system.

	Network Adapter: Realtek USB GbE Family Controller
	Interface GUID: "
"16-06-2026 16:24:18","15510","Information","Microsoft-Windows-Wired-AutoConfig","A network adapter was added to the system.

	Network Adapter: Realtek USB GbE Family Controller
	Interface GUID: \DEVICE\{9DD2647C-6C78-4A23-B861-C580FDEC2864}"
"16-06-2026 16:24:18","15508","Information","Microsoft-Windows-Wired-AutoConfig","There has been an NDIS Port state change on this network adapter.

	Network Adapter: Realtek USB GbE Family Controller
	Interface GUID: {9dd2647c-6c78-4a23-b861-c580fdec2864}
	NDIS Control State: UnControlled
	NDIS Auth State: UnAuthorized"
"16-06-2026 16:24:18","15502","Information","Microsoft-Windows-Wired-AutoConfig","The profile was applied on the network adapter.

	Network Adapter: Realtek USB GbE Family Controller
	Interface GUID: {9dd2647c-6c78-4a23-b861-c580fdec2864}
	Profile Type: 2
	Profile Content: 
	AutoConfig Version: 1
	802.1x: Enabled
	802.1x: Not Enforced
	EAP type: Microsoft: Smart Card or other certificate (EAP-TLS)
	802.1X auth credential: Machine credential
	Cache user information: Yes"
"16-06-2026 14:07:21","15500","Information","Microsoft-Windows-Wired-AutoConfig","The network adapter has been unplugged.

	Network Adapter: Intel(R) Ethernet Connection (24) I219-LM
	Interface GUID: {6a4487bf-5a41-42e8-893a-9749e37014c0}"
"16-06-2026 14:07:20","15505","Information","Microsoft-Windows-Wired-AutoConfig","Wired 802.1X Authentication succeeded.

	Network Adapter: Intel(R) Ethernet Connection (24) I219-LM
	Interface GUID: {6a4487bf-5a41-42e8-893a-9749e37014c0}
	Peer Address: 000000000000
	Local Address: C0470E5962BD
	Connection ID: 0x1
	Identity: -
	User: -
	Domain: -
	Reason: 0x70003
	Reason Text: The network does not support authentication
	Error Code: 0x0"
"16-06-2026 14:07:05","15503","Information","Microsoft-Windows-Wired-AutoConfig","Wired 802.1X Authentication was started.

	Network Adapter: Intel(R) Ethernet Connection (24) I219-LM
	Interface GUID: {6a4487bf-5a41-42e8-893a-9749e37014c0}
	Connection ID: 0x1"
"16-06-2026 14:07:04","15501","Information","Microsoft-Windows-Wired-AutoConfig","The network adapter has been connected.

	Network Adapter: Intel(R) Ethernet Connection (24) I219-LM
	Interface GUID: {6a4487bf-5a41-42e8-893a-9749e37014c0}"
"16-06-2026 10:12:17","15513","Information","Microsoft-Windows-Wired-AutoConfig","A network adapter was removed from the system.

	Network Adapter: Realtek USB GbE Family Controller #2
	Interface GUID: "
"16-06-2026 09:59:22","15508","Information","Microsoft-Windows-Wired-AutoConfig","There has been an NDIS Port state change on this network adapter.

	Network Adapter: Check Point Virtual Network Adapter For Endpoint VPN Client
	Interface GUID: {26cb5c5d-910c-487e-bbee-b743191f35b5}
	NDIS Control State: UnControlled
	NDIS Auth State: UnAuthorized"
"16-06-2026 09:59:22","15502","Information","Microsoft-Windows-Wired-AutoConfig","The profile was applied on the network adapter.

	Network Adapter: Check Point Virtual Network Adapter For Endpoint VPN Client
	Interface GUID: {26cb5c5d-910c-487e-bbee-b743191f35b5}
	Profile Type: 2
	Profile Content: 
	AutoConfig Version: 1
	802.1x: Enabled
	802.1x: Not Enforced
	EAP type: Microsoft: Smart Card or other certificate (EAP-TLS)
	802.1X auth credential: Machine credential
	Cache user information: Yes"
"16-06-2026 09:59:22","15508","Information","Microsoft-Windows-Wired-AutoConfig","There has been an NDIS Port state change on this network adapter.

	Network Adapter: Realtek USB GbE Family Controller #2
	Interface GUID: {f3ee0e1e-4745-4f87-ae39-b7b48921c065}
	NDIS Control State: UnControlled
	NDIS Auth State: UnAuthorized"
"16-06-2026 09:59:22","15502","Information","Microsoft-Windows-Wired-AutoConfig","The profile was applied on the network adapter.

	Network Adapter: Realtek USB GbE Family Controller #2
	Interface GUID: {f3ee0e1e-4745-4f87-ae39-b7b48921c065}
	Profile Type: 2
	Profile Content: 
	AutoConfig Version: 1
	802.1x: Enabled
	802.1x: Not Enforced
	EAP type: Microsoft: Smart Card or other certificate (EAP-TLS)
	802.1X auth credential: Machine credential
	Cache user information: Yes"
"16-06-2026 09:59:22","15508","Information","Microsoft-Windows-Wired-AutoConfig","There has been an NDIS Port state change on this network adapter.

	Network Adapter: Intel(R) Ethernet Connection (24) I219-LM
	Interface GUID: {6a4487bf-5a41-42e8-893a-9749e37014c0}
	NDIS Control State: UnControlled
	NDIS Auth State: UnAuthorized"
"16-06-2026 09:59:22","15502","Information","Microsoft-Windows-Wired-AutoConfig","The profile was applied on the network adapter.

	Network Adapter: Intel(R) Ethernet Connection (24) I219-LM
	Interface GUID: {6a4487bf-5a41-42e8-893a-9749e37014c0}
	Profile Type: 2
	Profile Content: 
	AutoConfig Version: 1
	802.1x: Enabled
	802.1x: Not Enforced
	EAP type: Microsoft: Smart Card or other certificate (EAP-TLS)
	802.1X auth credential: Machine credential
	Cache user information: Yes"
"16-06-2026 09:59:22","15511","Information","Microsoft-Windows-Wired-AutoConfig","The Wired AutoConfig service entered the running state."
"16-06-2026 09:59:22","15515","Information","Microsoft-Windows-Wired-AutoConfig","The Wired AutoConfig service is starting."
"16-06-2026 09:47:29","15512","Information","Microsoft-Windows-Wired-AutoConfig","The Wired AutoConfig service entered the stopped state."
"16-06-2026 09:47:28","15516","Information","Microsoft-Windows-Wired-AutoConfig","The Wired AutoConfig service is stopping."
"16-06-2026 09:05:22","15510","Information","Microsoft-Windows-Wired-AutoConfig","A network adapter was added to the system.

	Network Adapter: Realtek USB GbE Family Controller #2
	Interface GUID: \DEVICE\{F3EE0E1E-4745-4F87-AE39-B7B48921C065}"
"16-06-2026 09:05:22","15508","Information","Microsoft-Windows-Wired-AutoConfig","There has been an NDIS Port state change on this network adapter.

	Network Adapter: Realtek USB GbE Family Controller #2
	Interface GUID: {f3ee0e1e-4745-4f87-ae39-b7b48921c065}
	NDIS Control State: UnControlled
	NDIS Auth State: UnAuthorized"
"16-06-2026 09:05:22","15502","Information","Microsoft-Windows-Wired-AutoConfig","The profile was applied on the network adapter.

	Network Adapter: Realtek USB GbE Family Controller #2
	Interface GUID: {f3ee0e1e-4745-4f87-ae39-b7b48921c065}
	Profile Type: 2
	Profile Content: 
	AutoConfig Version: 1
	802.1x: Enabled
	802.1x: Not Enforced
	EAP type: Microsoft: Smart Card or other certificate (EAP-TLS)
	802.1X auth credential: Machine credential
	Cache user information: Yes"
"16-06-2026 09:05:11","15510","Information","Microsoft-Windows-Wired-AutoConfig","A network adapter was added to the system.

	Network Adapter: Check Point Virtual Network Adapter For Endpoint VPN Client
	Interface GUID: \DEVICE\{26CB5C5D-910C-487E-BBEE-B743191F35B5}"
"16-06-2026 09:05:11","15508","Information","Microsoft-Windows-Wired-AutoConfig","There has been an NDIS Port state change on this network adapter.

	Network Adapter: Check Point Virtual Network Adapter For Endpoint VPN Client
	Interface GUID: {26cb5c5d-910c-487e-bbee-b743191f35b5}
	NDIS Control State: UnControlled
	NDIS Auth State: UnAuthorized"
"16-06-2026 09:05:11","15502","Information","Microsoft-Windows-Wired-AutoConfig","The profile was applied on the network adapter.

	Network Adapter: Check Point Virtual Network Adapter For Endpoint VPN Client
	Interface GUID: {26cb5c5d-910c-487e-bbee-b743191f35b5}
	Profile Type: 2
	Profile Content: 
	AutoConfig Version: 1
	802.1x: Enabled
	802.1x: Not Enforced
	EAP type: Microsoft: Smart Card or other certificate (EAP-TLS)
	802.1X auth credential: Machine credential
	Cache user information: Yes"
"16-06-2026 09:05:11","15500","Information","Microsoft-Windows-Wired-AutoConfig","The network adapter has been unplugged.

	Network Adapter: Intel(R) Ethernet Connection (24) I219-LM
	Interface GUID: {6a4487bf-5a41-42e8-893a-9749e37014c0}"
"16-06-2026 05:06:01","15513","Information","Microsoft-Windows-Wired-AutoConfig","A network adapter was removed from the system.

	Network Adapter: Check Point Virtual Network Adapter For Endpoint VPN Client
	Interface GUID: "
"15-06-2026 19:15:08","15513","Information","Microsoft-Windows-Wired-AutoConfig","A network adapter was removed from the system.

	Network Adapter: Realtek USB GbE Family Controller #2
	Interface GUID: "
"15-06-2026 18:52:42","15510","Information","Microsoft-Windows-Wired-AutoConfig","A network adapter was added to the system.

	Network Adapter: Realtek USB GbE Family Controller #2
	Interface GUID: \DEVICE\{F3EE0E1E-4745-4F87-AE39-B7B48921C065}"
"15-06-2026 18:52:42","15508","Information","Microsoft-Windows-Wired-AutoConfig","There has been an NDIS Port state change on this network adapter.

	Network Adapter: Realtek USB GbE Family Controller #2
	Interface GUID: {f3ee0e1e-4745-4f87-ae39-b7b48921c065}
	NDIS Control State: UnControlled
	NDIS Auth State: UnAuthorized"
"15-06-2026 18:52:42","15502","Information","Microsoft-Windows-Wired-AutoConfig","The profile was applied on the network adapter.

	Network Adapter: Realtek USB GbE Family Controller #2
	Interface GUID: {f3ee0e1e-4745-4f87-ae39-b7b48921c065}
	Profile Type: 2
	Profile Content: 
	AutoConfig Version: 1
	802.1x: Enabled
	802.1x: Not Enforced
	EAP type: Microsoft: Smart Card or other certificate (EAP-TLS)
	802.1X auth credential: Machine credential
	Cache user information: Yes"
"15-06-2026 18:52:37","15513","Information","Microsoft-Windows-Wired-AutoConfig","A network adapter was removed from the system.

	Network Adapter: Realtek USB GbE Family Controller #2
	Interface GUID: "
"15-06-2026 18:52:09","15510","Information","Microsoft-Windows-Wired-AutoConfig","A network adapter was added to the system.

	Network Adapter: Realtek USB GbE Family Controller #2
	Interface GUID: \DEVICE\{F3EE0E1E-4745-4F87-AE39-B7B48921C065}"
"15-06-2026 18:52:09","15508","Information","Microsoft-Windows-Wired-AutoConfig","There has been an NDIS Port state change on this network adapter.

	Network Adapter: Realtek USB GbE Family Controller #2
	Interface GUID: {f3ee0e1e-4745-4f87-ae39-b7b48921c065}
	NDIS Control State: UnControlled
	NDIS Auth State: UnAuthorized"
"15-06-2026 18:52:09","15502","Information","Microsoft-Windows-Wired-AutoConfig","The profile was applied on the network adapter.

	Network Adapter: Realtek USB GbE Family Controller #2
	Interface GUID: {f3ee0e1e-4745-4f87-ae39-b7b48921c065}
	Profile Type: 2
	Profile Content: 
	AutoConfig Version: 1
	802.1x: Enabled
	802.1x: Not Enforced
	EAP type: Microsoft: Smart Card or other certificate (EAP-TLS)
	802.1X auth credential: Machine credential
	Cache user information: Yes"
"15-06-2026 11:26:28","15513","Information","Microsoft-Windows-Wired-AutoConfig","A network adapter was removed from the system.

	Network Adapter: Realtek USB GbE Family Controller #3
	Interface GUID: "
"15-06-2026 10:50:44","15510","Information","Microsoft-Windows-Wired-AutoConfig","A network adapter was added to the system.

	Network Adapter: Realtek USB GbE Family Controller #3
	Interface GUID: \DEVICE\{50B111D2-408A-4661-81DE-9197FEE6662C}"
"15-06-2026 10:50:44","15508","Information","Microsoft-Windows-Wired-AutoConfig","There has been an NDIS Port state change on this network adapter.

	Network Adapter: Realtek USB GbE Family Controller #3
	Interface GUID: {50b111d2-408a-4661-81de-9197fee6662c}
	NDIS Control State: UnControlled
	NDIS Auth State: UnAuthorized"
"15-06-2026 10:50:44","15502","Information","Microsoft-Windows-Wired-AutoConfig","The profile was applied on the network adapter.

	Network Adapter: Realtek USB GbE Family Controller #3
	Interface GUID: {50b111d2-408a-4661-81de-9197fee6662c}
	Profile Type: 2
	Profile Content: 
	AutoConfig Version: 1
	802.1x: Enabled
	802.1x: Not Enforced
	EAP type: Microsoft: Smart Card or other certificate (EAP-TLS)
	802.1X auth credential: Machine credential
	Cache user information: Yes"
"15-06-2026 09:29:28","15513","Information","Microsoft-Windows-Wired-AutoConfig","A network adapter was removed from the system.

	Network Adapter: Realtek USB GbE Family Controller
	Interface GUID: "
"15-06-2026 08:58:23","15510","Information","Microsoft-Windows-Wired-AutoConfig","A network adapter was added to the system.

	Network Adapter: Realtek USB GbE Family Controller
	Interface GUID: \DEVICE\{9DD2647C-6C78-4A23-B861-C580FDEC2864}"
"15-06-2026 08:58:23","15508","Information","Microsoft-Windows-Wired-AutoConfig","There has been an NDIS Port state change on this network adapter.

	Network Adapter: Realtek USB GbE Family Controller
	Interface GUID: {9dd2647c-6c78-4a23-b861-c580fdec2864}
	NDIS Control State: UnControlled
	NDIS Auth State: UnAuthorized"
"15-06-2026 08:58:22","15502","Information","Microsoft-Windows-Wired-AutoConfig","The profile was applied on the network adapter.

	Network Adapter: Realtek USB GbE Family Controller
	Interface GUID: {9dd2647c-6c78-4a23-b861-c580fdec2864}
	Profile Type: 2
	Profile Content: 
	AutoConfig Version: 1
	802.1x: Enabled
	802.1x: Not Enforced
	EAP type: Microsoft: Smart Card or other certificate (EAP-TLS)
	802.1X auth credential: Machine credential
	Cache user information: Yes"
"15-06-2026 08:52:56","15510","Information","Microsoft-Windows-Wired-AutoConfig","A network adapter was added to the system.

	Network Adapter: Check Point Virtual Network Adapter For Endpoint VPN Client
	Interface GUID: \DEVICE\{26CB5C5D-910C-487E-BBEE-B743191F35B5}"
"15-06-2026 08:52:56","15508","Information","Microsoft-Windows-Wired-AutoConfig","There has been an NDIS Port state change on this network adapter.

	Network Adapter: Check Point Virtual Network Adapter For Endpoint VPN Client
	Interface GUID: {26cb5c5d-910c-487e-bbee-b743191f35b5}
	NDIS Control State: UnControlled
	NDIS Auth State: UnAuthorized"
"15-06-2026 08:52:56","15502","Information","Microsoft-Windows-Wired-AutoConfig","The profile was applied on the network adapter.

	Network Adapter: Check Point Virtual Network Adapter For Endpoint VPN Client
	Interface GUID: {26cb5c5d-910c-487e-bbee-b743191f35b5}
	Profile Type: 2
	Profile Content: 
	AutoConfig Version: 1
	802.1x: Enabled
	802.1x: Not Enforced
	EAP type: Microsoft: Smart Card or other certificate (EAP-TLS)
	802.1X auth credential: Machine credential
	Cache user information: Yes"
"15-06-2026 08:52:56","15500","Information","Microsoft-Windows-Wired-AutoConfig","The network adapter has been unplugged.

	Network Adapter: Intel(R) Ethernet Connection (24) I219-LM
	Interface GUID: {6a4487bf-5a41-42e8-893a-9749e37014c0}"
"13-06-2026 01:47:44","15513","Information","Microsoft-Windows-Wired-AutoConfig","A network adapter was removed from the system.

	Network Adapter: Check Point Virtual Network Adapter For Endpoint VPN Client
	Interface GUID: "
"12-06-2026 16:53:45","15513","Information","Microsoft-Windows-Wired-AutoConfig","A network adapter was removed from the system.

	Network Adapter: Realtek USB GbE Family Controller
	Interface GUID: "
"12-06-2026 15:07:29","15510","Information","Microsoft-Windows-Wired-AutoConfig","A network adapter was added to the system.

	Network Adapter: Realtek USB GbE Family Controller
	Interface GUID: \DEVICE\{9DD2647C-6C78-4A23-B861-C580FDEC2864}"
"12-06-2026 15:07:29","15508","Information","Microsoft-Windows-Wired-AutoConfig","There has been an NDIS Port state change on this network adapter.

	Network Adapter: Realtek USB GbE Family Controller
	Interface GUID: {9dd2647c-6c78-4a23-b861-c580fdec2864}
	NDIS Control State: UnControlled
	NDIS Auth State: UnAuthorized"
"12-06-2026 15:07:29","15502","Information","Microsoft-Windows-Wired-AutoConfig","The profile was applied on the network adapter.

	Network Adapter: Realtek USB GbE Family Controller
	Interface GUID: {9dd2647c-6c78-4a23-b861-c580fdec2864}
	Profile Type: 2
	Profile Content: 
	AutoConfig Version: 1
	802.1x: Enabled
	802.1x: Not Enforced
	EAP type: Microsoft: Smart Card or other certificate (EAP-TLS)
	802.1X auth credential: Machine credential
	Cache user information: Yes"
"12-06-2026 14:52:52","15513","Information","Microsoft-Windows-Wired-AutoConfig","A network adapter was removed from the system.

	Network Adapter: Realtek USB GbE Family Controller
	Interface GUID: "
"12-06-2026 09:54:34","15508","Information","Microsoft-Windows-Wired-AutoConfig","There has been an NDIS Port state change on this network adapter.

	Network Adapter: Check Point Virtual Network Adapter For Endpoint VPN Client
	Interface GUID: {26cb5c5d-910c-487e-bbee-b743191f35b5}
	NDIS Control State: UnControlled
	NDIS Auth State: UnAuthorized"
"12-06-2026 09:54:34","15502","Information","Microsoft-Windows-Wired-AutoConfig","The profile was applied on the network adapter.

	Network Adapter: Check Point Virtual Network Adapter For Endpoint VPN Client
	Interface GUID: {26cb5c5d-910c-487e-bbee-b743191f35b5}
	Profile Type: 2
	Profile Content: 
	AutoConfig Version: 1
	802.1x: Enabled
	802.1x: Not Enforced
	EAP type: Microsoft: Smart Card or other certificate (EAP-TLS)
	802.1X auth credential: Machine credential
	Cache user information: Yes"
"12-06-2026 09:54:34","15508","Information","Microsoft-Windows-Wired-AutoConfig","There has been an NDIS Port state change on this network adapter.

	Network Adapter: Realtek USB GbE Family Controller
	Interface GUID: {9dd2647c-6c78-4a23-b861-c580fdec2864}
	NDIS Control State: UnControlled
	NDIS Auth State: UnAuthorized"
"12-06-2026 09:54:34","15502","Information","Microsoft-Windows-Wired-AutoConfig","The profile was applied on the network adapter.

	Network Adapter: Realtek USB GbE Family Controller
	Interface GUID: {9dd2647c-6c78-4a23-b861-c580fdec2864}
	Profile Type: 2
	Profile Content: 
	AutoConfig Version: 1
	802.1x: Enabled
	802.1x: Not Enforced
	EAP type: Microsoft: Smart Card or other certificate (EAP-TLS)
	802.1X auth credential: Machine credential
	Cache user information: Yes"
"12-06-2026 09:54:34","15508","Information","Microsoft-Windows-Wired-AutoConfig","There has been an NDIS Port state change on this network adapter.

	Network Adapter: Intel(R) Ethernet Connection (24) I219-LM
	Interface GUID: {6a4487bf-5a41-42e8-893a-9749e37014c0}
	NDIS Control State: UnControlled
	NDIS Auth State: UnAuthorized"
"12-06-2026 09:54:34","15502","Information","Microsoft-Windows-Wired-AutoConfig","The profile was applied on the network adapter.

	Network Adapter: Intel(R) Ethernet Connection (24) I219-LM
	Interface GUID: {6a4487bf-5a41-42e8-893a-9749e37014c0}
	Profile Type: 2
	Profile Content: 
	AutoConfig Version: 1
	802.1x: Enabled
	802.1x: Not Enforced
	EAP type: Microsoft: Smart Card or other certificate (EAP-TLS)
	802.1X auth credential: Machine credential
	Cache user information: Yes"
"12-06-2026 09:54:34","15511","Information","Microsoft-Windows-Wired-AutoConfig","The Wired AutoConfig service entered the running state."
"12-06-2026 09:54:34","15515","Information","Microsoft-Windows-Wired-AutoConfig","The Wired AutoConfig service is starting."
"12-06-2026 09:53:57","15512","Information","Microsoft-Windows-Wired-AutoConfig","The Wired AutoConfig service entered the stopped state."
"12-06-2026 09:53:57","15516","Information","Microsoft-Windows-Wired-AutoConfig","The Wired AutoConfig service is stopping."
"12-06-2026 09:19:51","15510","Information","Microsoft-Windows-Wired-AutoConfig","A network adapter was added to the system.

	Network Adapter: Realtek USB GbE Family Controller
	Interface GUID: \DEVICE\{9DD2647C-6C78-4A23-B861-C580FDEC2864}"
"12-06-2026 09:19:51","15508","Information","Microsoft-Windows-Wired-AutoConfig","There has been an NDIS Port state change on this network adapter.

	Network Adapter: Realtek USB GbE Family Controller
	Interface GUID: {9dd2647c-6c78-4a23-b861-c580fdec2864}
	NDIS Control State: UnControlled
	NDIS Auth State: UnAuthorized"
"12-06-2026 09:19:50","15502","Information","Microsoft-Windows-Wired-AutoConfig","The profile was applied on the network adapter.

	Network Adapter: Realtek USB GbE Family Controller
	Interface GUID: {9dd2647c-6c78-4a23-b861-c580fdec2864}
	Profile Type: 2
	Profile Content: 
	AutoConfig Version: 1
	802.1x: Enabled
	802.1x: Not Enforced
	EAP type: Microsoft: Smart Card or other certificate (EAP-TLS)
	802.1X auth credential: Machine credential
	Cache user information: Yes"
"12-06-2026 09:19:38","15510","Information","Microsoft-Windows-Wired-AutoConfig","A network adapter was added to the system.

	Network Adapter: Check Point Virtual Network Adapter For Endpoint VPN Client
	Interface GUID: \DEVICE\{26CB5C5D-910C-487E-BBEE-B743191F35B5}"
"12-06-2026 09:19:38","15508","Information","Microsoft-Windows-Wired-AutoConfig","There has been an NDIS Port state change on this network adapter.

	Network Adapter: Check Point Virtual Network Adapter For Endpoint VPN Client
	Interface GUID: {26cb5c5d-910c-487e-bbee-b743191f35b5}
	NDIS Control State: UnControlled
	NDIS Auth State: UnAuthorized"
"12-06-2026 09:19:38","15502","Information","Microsoft-Windows-Wired-AutoConfig","The profile was applied on the network adapter.

	Network Adapter: Check Point Virtual Network Adapter For Endpoint VPN Client
	Interface GUID: {26cb5c5d-910c-487e-bbee-b743191f35b5}
	Profile Type: 2
	Profile Content: 
	AutoConfig Version: 1
	802.1x: Enabled
	802.1x: Not Enforced
	EAP type: Microsoft: Smart Card or other certificate (EAP-TLS)
	802.1X auth credential: Machine credential
	Cache user information: Yes"
"12-06-2026 09:19:38","15500","Information","Microsoft-Windows-Wired-AutoConfig","The network adapter has been unplugged.

	Network Adapter: Intel(R) Ethernet Connection (24) I219-LM
	Interface GUID: {6a4487bf-5a41-42e8-893a-9749e37014c0}"
"12-06-2026 05:12:05","15513","Information","Microsoft-Windows-Wired-AutoConfig","A network adapter was removed from the system.

	Network Adapter: Check Point Virtual Network Adapter For Endpoint VPN Client
	Interface GUID: "
"11-06-2026 19:38:59","15513","Information","Microsoft-Windows-Wired-AutoConfig","A network adapter was removed from the system.

	Network Adapter: Realtek USB GbE Family Controller
	Interface GUID: "
"11-06-2026 08:49:16","15510","Information","Microsoft-Windows-Wired-AutoConfig","A network adapter was added to the system.

	Network Adapter: Realtek USB GbE Family Controller
	Interface GUID: \DEVICE\{9DD2647C-6C78-4A23-B861-C580FDEC2864}"
"11-06-2026 08:49:16","15508","Information","Microsoft-Windows-Wired-AutoConfig","There has been an NDIS Port state change on this network adapter.

	Network Adapter: Realtek USB GbE Family Controller
	Interface GUID: {9dd2647c-6c78-4a23-b861-c580fdec2864}
	NDIS Control State: UnControlled
	NDIS Auth State: UnAuthorized"
"11-06-2026 08:49:16","15502","Information","Microsoft-Windows-Wired-AutoConfig","The profile was applied on the network adapter.

	Network Adapter: Realtek USB GbE Family Controller
	Interface GUID: {9dd2647c-6c78-4a23-b861-c580fdec2864}
	Profile Type: 2
	Profile Content: 
	AutoConfig Version: 1
	802.1x: Enabled
	802.1x: Not Enforced
	EAP type: Microsoft: Smart Card or other certificate (EAP-TLS)
	802.1X auth credential: Machine credential
	Cache user information: Yes"
"11-06-2026 08:49:07","15510","Information","Microsoft-Windows-Wired-AutoConfig","A network adapter was added to the system.

	Network Adapter: Check Point Virtual Network Adapter For Endpoint VPN Client
	Interface GUID: \DEVICE\{26CB5C5D-910C-487E-BBEE-B743191F35B5}"
"11-06-2026 08:49:07","15508","Information","Microsoft-Windows-Wired-AutoConfig","There has been an NDIS Port state change on this network adapter.

	Network Adapter: Check Point Virtual Network Adapter For Endpoint VPN Client
	Interface GUID: {26cb5c5d-910c-487e-bbee-b743191f35b5}
	NDIS Control State: UnControlled
	NDIS Auth State: UnAuthorized"
"11-06-2026 08:49:06","15502","Information","Microsoft-Windows-Wired-AutoConfig","The profile was applied on the network adapter.

	Network Adapter: Check Point Virtual Network Adapter For Endpoint VPN Client
	Interface GUID: {26cb5c5d-910c-487e-bbee-b743191f35b5}
	Profile Type: 2
	Profile Content: 
	AutoConfig Version: 1
	802.1x: Enabled
	802.1x: Not Enforced
	EAP type: Microsoft: Smart Card or other certificate (EAP-TLS)
	802.1X auth credential: Machine credential
	Cache user information: Yes"
"11-06-2026 08:49:05","15500","Information","Microsoft-Windows-Wired-AutoConfig","The network adapter has been unplugged.

	Network Adapter: Intel(R) Ethernet Connection (24) I219-LM
	Interface GUID: {6a4487bf-5a41-42e8-893a-9749e37014c0}"
"11-06-2026 06:08:32","15513","Information","Microsoft-Windows-Wired-AutoConfig","A network adapter was removed from the system.

	Network Adapter: Check Point Virtual Network Adapter For Endpoint VPN Client
	Interface GUID: "
"10-06-2026 19:12:27","15513","Information","Microsoft-Windows-Wired-AutoConfig","A network adapter was removed from the system.

	Network Adapter: Realtek USB GbE Family Controller
	Interface GUID: "
"10-06-2026 15:58:14","15510","Information","Microsoft-Windows-Wired-AutoConfig","A network adapter was added to the system.

	Network Adapter: Realtek USB GbE Family Controller
	Interface GUID: \DEVICE\{9DD2647C-6C78-4A23-B861-C580FDEC2864}"
"10-06-2026 15:58:14","15508","Information","Microsoft-Windows-Wired-AutoConfig","There has been an NDIS Port state change on this network adapter.

	Network Adapter: Realtek USB GbE Family Controller
	Interface GUID: {9dd2647c-6c78-4a23-b861-c580fdec2864}
	NDIS Control State: UnControlled
	NDIS Auth State: UnAuthorized"
"10-06-2026 15:58:13","15502","Information","Microsoft-Windows-Wired-AutoConfig","The profile was applied on the network adapter.

	Network Adapter: Realtek USB GbE Family Controller
	Interface GUID: {9dd2647c-6c78-4a23-b861-c580fdec2864}
	Profile Type: 2
	Profile Content: 
	AutoConfig Version: 1
	802.1x: Enabled
	802.1x: Not Enforced
	EAP type: Microsoft: Smart Card or other certificate (EAP-TLS)
	802.1X auth credential: Machine credential
	Cache user information: Yes"
"10-06-2026 15:57:46","15513","Information","Microsoft-Windows-Wired-AutoConfig","A network adapter was removed from the system.

	Network Adapter: Realtek USB GbE Family Controller
	Interface GUID: "
"10-06-2026 10:52:24","15510","Information","Microsoft-Windows-Wired-AutoConfig","A network adapter was added to the system.

	Network Adapter: Realtek USB GbE Family Controller
	Interface GUID: \DEVICE\{9DD2647C-6C78-4A23-B861-C580FDEC2864}"
"10-06-2026 10:52:24","15508","Information","Microsoft-Windows-Wired-AutoConfig","There has been an NDIS Port state change on this network adapter.

	Network Adapter: Realtek USB GbE Family Controller
	Interface GUID: {9dd2647c-6c78-4a23-b861-c580fdec2864}
	NDIS Control State: UnControlled
	NDIS Auth State: UnAuthorized"
"10-06-2026 10:52:24","15502","Information","Microsoft-Windows-Wired-AutoConfig","The profile was applied on the network adapter.

	Network Adapter: Realtek USB GbE Family Controller
	Interface GUID: {9dd2647c-6c78-4a23-b861-c580fdec2864}
	Profile Type: 2
	Profile Content: 
	AutoConfig Version: 1
	802.1x: Enabled
	802.1x: Not Enforced
	EAP type: Microsoft: Smart Card or other certificate (EAP-TLS)
	802.1X auth credential: Machine credential
	Cache user information: Yes"
"10-06-2026 10:10:56","15513","Information","Microsoft-Windows-Wired-AutoConfig","A network adapter was removed from the system.

	Network Adapter: Realtek USB GbE Family Controller
	Interface GUID: "
"10-06-2026 09:53:50","15510","Information","Microsoft-Windows-Wired-AutoConfig","A network adapter was added to the system.

	Network Adapter: Realtek USB GbE Family Controller
	Interface GUID: \DEVICE\{9DD2647C-6C78-4A23-B861-C580FDEC2864}"
"10-06-2026 09:53:50","15508","Information","Microsoft-Windows-Wired-AutoConfig","There has been an NDIS Port state change on this network adapter.

	Network Adapter: Realtek USB GbE Family Controller
	Interface GUID: {9dd2647c-6c78-4a23-b861-c580fdec2864}
	NDIS Control State: UnControlled
	NDIS Auth State: UnAuthorized"
"10-06-2026 09:53:49","15502","Information","Microsoft-Windows-Wired-AutoConfig","The profile was applied on the network adapter.

	Network Adapter: Realtek USB GbE Family Controller
	Interface GUID: {9dd2647c-6c78-4a23-b861-c580fdec2864}
	Profile Type: 2
	Profile Content: 
	AutoConfig Version: 1
	802.1x: Enabled
	802.1x: Not Enforced
	EAP type: Microsoft: Smart Card or other certificate (EAP-TLS)
	802.1X auth credential: Machine credential
	Cache user information: Yes"
"10-06-2026 09:53:38","15510","Information","Microsoft-Windows-Wired-AutoConfig","A network adapter was added to the system.

	Network Adapter: Check Point Virtual Network Adapter For Endpoint VPN Client
	Interface GUID: \DEVICE\{26CB5C5D-910C-487E-BBEE-B743191F35B5}"
"10-06-2026 09:53:38","15500","Information","Microsoft-Windows-Wired-AutoConfig","The network adapter has been unplugged.

	Network Adapter: Intel(R) Ethernet Connection (24) I219-LM
	Interface GUID: {6a4487bf-5a41-42e8-893a-9749e37014c0}"
"10-06-2026 09:53:38","15508","Information","Microsoft-Windows-Wired-AutoConfig","There has been an NDIS Port state change on this network adapter.

	Network Adapter: Check Point Virtual Network Adapter For Endpoint VPN Client
	Interface GUID: {26cb5c5d-910c-487e-bbee-b743191f35b5}
	NDIS Control State: UnControlled
	NDIS Auth State: UnAuthorized"
"10-06-2026 09:53:38","15502","Information","Microsoft-Windows-Wired-AutoConfig","The profile was applied on the network adapter.

	Network Adapter: Check Point Virtual Network Adapter For Endpoint VPN Client
	Interface GUID: {26cb5c5d-910c-487e-bbee-b743191f35b5}
	Profile Type: 2
	Profile Content: 
	AutoConfig Version: 1
	802.1x: Enabled
	802.1x: Not Enforced
	EAP type: Microsoft: Smart Card or other certificate (EAP-TLS)
	802.1X auth credential: Machine credential
	Cache user information: Yes"
"10-06-2026 05:31:38","15513","Information","Microsoft-Windows-Wired-AutoConfig","A network adapter was removed from the system.

	Network Adapter: Check Point Virtual Network Adapter For Endpoint VPN Client
	Interface GUID: "
"09-06-2026 19:41:44","15513","Information","Microsoft-Windows-Wired-AutoConfig","A network adapter was removed from the system.

	Network Adapter: Realtek USB GbE Family Controller
	Interface GUID: "
"09-06-2026 16:28:24","15510","Information","Microsoft-Windows-Wired-AutoConfig","A network adapter was added to the system.

	Network Adapter: Realtek USB GbE Family Controller
	Interface GUID: \DEVICE\{9DD2647C-6C78-4A23-B861-C580FDEC2864}"
"09-06-2026 16:28:24","15508","Information","Microsoft-Windows-Wired-AutoConfig","There has been an NDIS Port state change on this network adapter.

	Network Adapter: Realtek USB GbE Family Controller
	Interface GUID: {9dd2647c-6c78-4a23-b861-c580fdec2864}
	NDIS Control State: UnControlled
	NDIS Auth State: UnAuthorized"
"09-06-2026 16:28:23","15502","Information","Microsoft-Windows-Wired-AutoConfig","The profile was applied on the network adapter.

	Network Adapter: Realtek USB GbE Family Controller
	Interface GUID: {9dd2647c-6c78-4a23-b861-c580fdec2864}
	Profile Type: 2
	Profile Content: 
	AutoConfig Version: 1
	802.1x: Enabled
	802.1x: Not Enforced
	EAP type: Microsoft: Smart Card or other certificate (EAP-TLS)
	802.1X auth credential: Machine credential
	Cache user information: Yes"
"09-06-2026 15:48:19","15513","Information","Microsoft-Windows-Wired-AutoConfig","A network adapter was removed from the system.

	Network Adapter: Realtek USB GbE Family Controller
	Interface GUID: "
"09-06-2026 12:24:49","15510","Information","Microsoft-Windows-Wired-AutoConfig","A network adapter was added to the system.

	Network Adapter: Realtek USB GbE Family Controller
	Interface GUID: \DEVICE\{9DD2647C-6C78-4A23-B861-C580FDEC2864}"
"09-06-2026 12:24:49","15508","Information","Microsoft-Windows-Wired-AutoConfig","There has been an NDIS Port state change on this network adapter.

	Network Adapter: Realtek USB GbE Family Controller
	Interface GUID: {9dd2647c-6c78-4a23-b861-c580fdec2864}
	NDIS Control State: UnControlled
	NDIS Auth State: UnAuthorized"
"09-06-2026 12:24:49","15502","Information","Microsoft-Windows-Wired-AutoConfig","The profile was applied on the network adapter.

	Network Adapter: Realtek USB GbE Family Controller
	Interface GUID: {9dd2647c-6c78-4a23-b861-c580fdec2864}
	Profile Type: 2
	Profile Content: 
	AutoConfig Version: 1
	802.1x: Enabled
	802.1x: Not Enforced
	EAP type: Microsoft: Smart Card or other certificate (EAP-TLS)
	802.1X auth credential: Machine credential
	Cache user information: Yes"
"09-06-2026 10:29:36","15513","Information","Microsoft-Windows-Wired-AutoConfig","A network adapter was removed from the system.

	Network Adapter: Realtek USB GbE Family Controller
	Interface GUID: "
"09-06-2026 09:45:23","15510","Information","Microsoft-Windows-Wired-AutoConfig","A network adapter was added to the system.

	Network Adapter: Realtek USB GbE Family Controller
	Interface GUID: \DEVICE\{9DD2647C-6C78-4A23-B861-C580FDEC2864}"
