"09-06-2026 14:50:28","4006","Information","Microsoft-Windows-AppID","AppID certificate store is verified."
"09-06-2026 14:50:02","4006","Information","Microsoft-Windows-AppID","AppID certificate store is verified."
"09-06-2026 14:49:17","4006","Information","Microsoft-Windows-AppID","AppID certificate store is verified."
"09-06-2026 13:50:43","4006","Information","Microsoft-Windows-AppID","AppID certificate store is verified."
"09-06-2026 13:49:48","4006","Information","Microsoft-Windows-AppID","AppID certificate store is verified."
"09-06-2026 13:49:32","4006","Information","Microsoft-Windows-AppID","AppID certificate store is verified."
"09-06-2026 13:46:46","4006","Information","Microsoft-Windows-AppID","AppID certificate store is verified."
"09-06-2026 13:46:29","4006","Information","Microsoft-Windows-AppID","AppID certificate store is verified."
"09-06-2026 12:48:55","4006","Information","Microsoft-Windows-AppID","AppID certificate store is verified."
"09-06-2026 12:46:28","4006","Information","Microsoft-Windows-AppID","AppID certificate store is verified."
"09-06-2026 12:24:43","4006","Information","Microsoft-Windows-AppID","AppID certificate store is verified."
"09-06-2026 11:48:36","4006","Information","Microsoft-Windows-AppID","AppID certificate store is verified."
"09-06-2026 11:47:36","4006","Information","Microsoft-Windows-AppID","AppID certificate store is verified."
"09-06-2026 11:47:26","4006","Information","Microsoft-Windows-AppID","AppID certificate store is verified."
"09-06-2026 11:46:25","4006","Information","Microsoft-Windows-AppID","AppID certificate store is verified."
"09-06-2026 10:47:58","4006","Information","Microsoft-Windows-AppID","AppID certificate store is verified."
"09-06-2026 10:47:09","4006","Information","Microsoft-Windows-AppID","AppID certificate store is verified."
"09-06-2026 10:46:23","4006","Information","Microsoft-Windows-AppID","AppID certificate store is verified."
"09-06-2026 10:45:59","4006","Information","Microsoft-Windows-AppID","AppID certificate store is verified."
"09-06-2026 09:46:20","4006","Information","Microsoft-Windows-AppID","AppID certificate store is verified."
"09-06-2026 09:45:32","4006","Information","Microsoft-Windows-AppID","AppID certificate store is verified."
"09-06-2026 05:31:42","4006","Information","Microsoft-Windows-AppID","AppID certificate store is verified."
"08-06-2026 18:50:57","4006","Information","Microsoft-Windows-AppID","AppID certificate store is verified."
"08-06-2026 17:50:08","4006","Information","Microsoft-Windows-AppID","AppID certificate store is verified."
"08-06-2026 17:49:08","4006","Information","Microsoft-Windows-AppID","AppID certificate store is verified."
"08-06-2026 17:48:26","4006","Information","Microsoft-Windows-AppID","AppID certificate store is verified."
"08-06-2026 16:44:56","4006","Information","Microsoft-Windows-AppID","AppID certificate store is verified."
"08-06-2026 15:44:19","4006","Information","Microsoft-Windows-AppID","AppID certificate store is verified."
"08-06-2026 15:43:51","4006","Information","Microsoft-Windows-AppID","AppID certificate store is verified."
"08-06-2026 14:43:25","4006","Information","Microsoft-Windows-AppID","AppID certificate store is verified."
"08-06-2026 13:43:13","4006","Information","Microsoft-Windows-AppID","AppID certificate store is verified."
"08-06-2026 13:42:59","4006","Information","Microsoft-Windows-AppID","AppID certificate store is verified."
"08-06-2026 13:42:46","4006","Information","Microsoft-Windows-AppID","AppID certificate store is verified."
"08-06-2026 12:42:33","4006","Information","Microsoft-Windows-AppID","AppID certificate store is verified."
"08-06-2026 12:42:23","4006","Information","Microsoft-Windows-AppID","AppID certificate store is verified."
"08-06-2026 11:42:20","4006","Information","Microsoft-Windows-AppID","AppID certificate store is verified."
"08-06-2026 11:41:25","4006","Information","Microsoft-Windows-AppID","AppID certificate store is verified."
"08-06-2026 11:33:22","4006","Information","Microsoft-Windows-AppID","AppID certificate store is verified."
"08-06-2026 10:39:02","4006","Information","Microsoft-Windows-AppID","AppID certificate store is verified."
"08-06-2026 10:37:39","4006","Information","Microsoft-Windows-AppID","AppID certificate store is verified."
"08-06-2026 09:36:04","4006","Information","Microsoft-Windows-AppID","AppID certificate store is verified."
"08-06-2026 09:35:40","4006","Information","Microsoft-Windows-AppID","AppID certificate store is verified."
"08-06-2026 04:48:54","4006","Information","Microsoft-Windows-AppID","AppID certificate store is verified."
"08-06-2026 04:48:08","4006","Information","Microsoft-Windows-AppID","AppID certificate store is verified."
"08-06-2026 04:47:57","4006","Information","Microsoft-Windows-AppID","AppID certificate store is verified."
"08-06-2026 04:46:57","4006","Information","Microsoft-Windows-AppID","AppID certificate store is verified."
"07-06-2026 19:11:34","4006","Information","Microsoft-Windows-AppID","AppID certificate store is verified."
"07-06-2026 19:11:24","4006","Information","Microsoft-Windows-AppID","AppID certificate store is verified."
"07-06-2026 19:10:34","4006","Information","Microsoft-Windows-AppID","AppID certificate store is verified."
"07-06-2026 15:32:06","4006","Information","Microsoft-Windows-AppID","AppID certificate store is verified."
"07-06-2026 15:31:37","4006","Information","Microsoft-Windows-AppID","AppID certificate store is verified."
"07-06-2026 04:51:22","4006","Information","Microsoft-Windows-AppID","AppID certificate store is verified."
"07-06-2026 04:51:18","4006","Information","Microsoft-Windows-AppID","AppID certificate store is verified."
"07-06-2026 04:51:18","4006","Information","Microsoft-Windows-AppID","AppID certificate store is verified."
"07-06-2026 01:12:10","4006","Information","Microsoft-Windows-AppID","AppID certificate store is verified."
"06-06-2026 21:09:53","4006","Information","Microsoft-Windows-AppID","AppID certificate store is verified."
"06-06-2026 17:38:41","4006","Information","Microsoft-Windows-AppID","AppID certificate store is verified."
"06-06-2026 17:37:41","4006","Information","Microsoft-Windows-AppID","AppID certificate store is verified."
"06-06-2026 17:37:34","4006","Information","Microsoft-Windows-AppID","AppID certificate store is verified."
"06-06-2026 09:30:09","4006","Information","Microsoft-Windows-AppID","AppID certificate store is verified."
"06-06-2026 09:30:00","4006","Information","Microsoft-Windows-AppID","AppID certificate store is verified."
"06-06-2026 05:24:30","4006","Information","Microsoft-Windows-AppID","AppID certificate store is verified."
"06-06-2026 03:59:04","4006","Information","Microsoft-Windows-AppID","AppID certificate store is verified."
"06-06-2026 03:58:03","4006","Information","Microsoft-Windows-AppID","AppID certificate store is verified."
"05-06-2026 23:12:12","4006","Information","Microsoft-Windows-AppID","AppID certificate store is verified."
"05-06-2026 23:06:21","4006","Information","Microsoft-Windows-AppID","AppID certificate store is verified."
"05-06-2026 22:20:07","4006","Information","Microsoft-Windows-AppID","AppID certificate store is verified."
"05-06-2026 20:35:59","4006","Information","Microsoft-Windows-AppID","AppID certificate store is verified."
"05-06-2026 20:35:46","4006","Information","Microsoft-Windows-AppID","AppID certificate store is verified."
"05-06-2026 19:34:38","4006","Information","Microsoft-Windows-AppID","AppID certificate store is verified."
"05-06-2026 18:34:29","4006","Information","Microsoft-Windows-AppID","AppID certificate store is verified."
"05-06-2026 17:34:20","4006","Information","Microsoft-Windows-AppID","AppID certificate store is verified."
"05-06-2026 17:34:01","4006","Information","Microsoft-Windows-AppID","AppID certificate store is verified."
"05-06-2026 17:33:46","4006","Information","Microsoft-Windows-AppID","AppID certificate store is verified."
"05-06-2026 16:33:37","4006","Information","Microsoft-Windows-AppID","AppID certificate store is verified."
"05-06-2026 16:32:48","4006","Information","Microsoft-Windows-AppID","AppID certificate store is verified."
"05-06-2026 15:32:15","4006","Information","Microsoft-Windows-AppID","AppID certificate store is verified."
"05-06-2026 15:32:01","4006","Information","Microsoft-Windows-AppID","AppID certificate store is verified."
"05-06-2026 15:31:22","4006","Information","Microsoft-Windows-AppID","AppID certificate store is verified."
"05-06-2026 14:31:14","4006","Information","Microsoft-Windows-AppID","AppID certificate store is verified."
"05-06-2026 13:30:54","4006","Information","Microsoft-Windows-AppID","AppID certificate store is verified."
"05-06-2026 13:30:43","4006","Information","Microsoft-Windows-AppID","AppID certificate store is verified."
"05-06-2026 12:30:18","4006","Information","Microsoft-Windows-AppID","AppID certificate store is verified."
"05-06-2026 12:30:08","4006","Information","Microsoft-Windows-AppID","AppID certificate store is verified."
"05-06-2026 12:09:16","4006","Information","Microsoft-Windows-AppID","AppID certificate store is verified."
"05-06-2026 11:29:54","4006","Information","Microsoft-Windows-AppID","AppID certificate store is verified."
"05-06-2026 11:29:35","4006","Information","Microsoft-Windows-AppID","AppID certificate store is verified."
"05-06-2026 10:29:11","4006","Information","Microsoft-Windows-AppID","AppID certificate store is verified."
"05-06-2026 10:28:41","4006","Information","Microsoft-Windows-AppID","AppID certificate store is verified."
"05-06-2026 09:28:03","4006","Information","Microsoft-Windows-AppID","AppID certificate store is verified."
"05-06-2026 09:27:43","4006","Information","Microsoft-Windows-AppID","AppID certificate store is verified."
"05-06-2026 09:26:51","4006","Information","Microsoft-Windows-AppID","AppID certificate store is verified."
"05-06-2026 03:38:03","4006","Information","Microsoft-Windows-AppID","AppID certificate store is verified."
"04-06-2026 19:11:54","4006","Information","Microsoft-Windows-AppID","AppID certificate store is verified."
"04-06-2026 18:11:25","4006","Information","Microsoft-Windows-AppID","AppID certificate store is verified."
"04-06-2026 17:11:08","4006","Information","Microsoft-Windows-AppID","AppID certificate store is verified."
"04-06-2026 16:11:17","4006","Information","Microsoft-Windows-AppID","AppID certificate store is verified."
"04-06-2026 16:10:13","4006","Information","Microsoft-Windows-AppID","AppID certificate store is verified."
"04-06-2026 15:08:56","4006","Information","Microsoft-Windows-AppID","AppID certificate store is verified."
"04-06-2026 14:10:37","4006","Information","Microsoft-Windows-AppID","AppID certificate store is verified."
"04-06-2026 14:09:36","4006","Information","Microsoft-Windows-AppID","AppID certificate store is verified."
"04-06-2026 14:08:48","4006","Information","Microsoft-Windows-AppID","AppID certificate store is verified."
"04-06-2026 13:06:30","4006","Information","Microsoft-Windows-AppID","AppID certificate store is verified."
"04-06-2026 13:06:14","4006","Information","Microsoft-Windows-AppID","AppID certificate store is verified."
"04-06-2026 13:05:46","4006","Information","Microsoft-Windows-AppID","AppID certificate store is verified."
"04-06-2026 12:05:46","4006","Information","Microsoft-Windows-AppID","AppID certificate store is verified."
"04-06-2026 12:04:51","4006","Information","Microsoft-Windows-AppID","AppID certificate store is verified."
"04-06-2026 12:00:51","4006","Information","Microsoft-Windows-AppID","AppID certificate store is verified."
"04-06-2026 11:05:03","4006","Information","Microsoft-Windows-AppID","AppID certificate store is verified."
"04-06-2026 11:04:03","4006","Information","Microsoft-Windows-AppID","AppID certificate store is verified."
"04-06-2026 11:03:43","4006","Information","Microsoft-Windows-AppID","AppID certificate store is verified."
"04-06-2026 10:02:59","4006","Information","Microsoft-Windows-AppID","AppID certificate store is verified."
"04-06-2026 09:02:00","4006","Information","Microsoft-Windows-AppID","AppID certificate store is verified."
"04-06-2026 05:41:49","4006","Information","Microsoft-Windows-AppID","AppID certificate store is verified."
"03-06-2026 20:22:16","4006","Information","Microsoft-Windows-AppID","AppID certificate store is verified."
"03-06-2026 20:21:24","4006","Information","Microsoft-Windows-AppID","AppID certificate store is verified."
"03-06-2026 19:21:20","4006","Information","Microsoft-Windows-AppID","AppID certificate store is verified."
"03-06-2026 19:20:57","4006","Information","Microsoft-Windows-AppID","AppID certificate store is verified."
"03-06-2026 19:20:28","4006","Information","Microsoft-Windows-AppID","AppID certificate store is verified."
"03-06-2026 18:20:02","4006","Information","Microsoft-Windows-AppID","AppID certificate store is verified."
"03-06-2026 18:19:38","4006","Information","Microsoft-Windows-AppID","AppID certificate store is verified."
"03-06-2026 17:19:36","4006","Information","Microsoft-Windows-AppID","AppID certificate store is verified."
"03-06-2026 16:19:21","4006","Information","Microsoft-Windows-AppID","AppID certificate store is verified."
"03-06-2026 16:19:11","4006","Information","Microsoft-Windows-AppID","AppID certificate store is verified."
"03-06-2026 15:18:45","4006","Information","Microsoft-Windows-AppID","AppID certificate store is verified."
"03-06-2026 15:18:35","4006","Information","Microsoft-Windows-AppID","AppID certificate store is verified."
"03-06-2026 14:18:13","4006","Information","Microsoft-Windows-AppID","AppID certificate store is verified."
"03-06-2026 13:17:50","4006","Information","Microsoft-Windows-AppID","AppID certificate store is verified."
"03-06-2026 12:17:08","4006","Information","Microsoft-Windows-AppID","AppID certificate store is verified."
"03-06-2026 12:00:51","4006","Information","Microsoft-Windows-AppID","AppID certificate store is verified."
"03-06-2026 11:17:01","4006","Information","Microsoft-Windows-AppID","AppID certificate store is verified."
"03-06-2026 10:16:28","4006","Information","Microsoft-Windows-AppID","AppID certificate store is verified."
"03-06-2026 00:00:20","4006","Information","Microsoft-Windows-AppID","AppID certificate store is verified."
"02-06-2026 23:59:47","4006","Information","Microsoft-Windows-AppID","AppID certificate store is verified."
"02-06-2026 23:58:46","4006","Information","Microsoft-Windows-AppID","AppID certificate store is verified."
"02-06-2026 19:03:51","4006","Information","Microsoft-Windows-AppID","AppID certificate store is verified."
"02-06-2026 18:03:50","4006","Information","Microsoft-Windows-AppID","AppID certificate store is verified."
"02-06-2026 18:02:51","4006","Information","Microsoft-Windows-AppID","AppID certificate store is verified."
"02-06-2026 17:01:30","4006","Information","Microsoft-Windows-AppID","AppID certificate store is verified."
"02-06-2026 17:01:17","4006","Information","Microsoft-Windows-AppID","AppID certificate store is verified."
"02-06-2026 16:01:16","4006","Information","Microsoft-Windows-AppID","AppID certificate store is verified."
"02-06-2026 15:00:22","4006","Information","Microsoft-Windows-AppID","AppID certificate store is verified."
"02-06-2026 13:58:08","4006","Information","Microsoft-Windows-AppID","AppID certificate store is verified."
"02-06-2026 12:57:17","4006","Information","Microsoft-Windows-AppID","AppID certificate store is verified."
"02-06-2026 11:57:04","4006","Information","Microsoft-Windows-AppID","AppID certificate store is verified."
"02-06-2026 11:18:08","4006","Information","Microsoft-Windows-AppID","AppID certificate store is verified."
"02-06-2026 10:56:01","4006","Information","Microsoft-Windows-AppID","AppID certificate store is verified."
"02-06-2026 10:55:35","4006","Information","Microsoft-Windows-AppID","AppID certificate store is verified."
"02-06-2026 09:54:03","4006","Information","Microsoft-Windows-AppID","AppID certificate store is verified."
"02-06-2026 09:50:15","4006","Information","Microsoft-Windows-AppID","AppID certificate store is verified."
"02-06-2026 09:50:03","4006","Information","Microsoft-Windows-AppID","AppID certificate store is verified."
"02-06-2026 09:49:15","4006","Information","Microsoft-Windows-AppID","AppID certificate store is verified."
"02-06-2026 09:49:04","4006","Information","Microsoft-Windows-AppID","AppID certificate store is verified."
"01-06-2026 21:29:54","4006","Information","Microsoft-Windows-AppID","AppID certificate store is verified."
"01-06-2026 20:29:38","4006","Information","Microsoft-Windows-AppID","AppID certificate store is verified."
"01-06-2026 20:29:17","4006","Information","Microsoft-Windows-AppID","AppID certificate store is verified."
"01-06-2026 19:28:40","4006","Information","Microsoft-Windows-AppID","AppID certificate store is verified."
"01-06-2026 19:28:26","4006","Information","Microsoft-Windows-AppID","AppID certificate store is verified."
"01-06-2026 18:27:35","4006","Information","Microsoft-Windows-AppID","AppID certificate store is verified."
"01-06-2026 17:25:12","4006","Information","Microsoft-Windows-AppID","AppID certificate store is verified."
"01-06-2026 16:24:54","4006","Information","Microsoft-Windows-AppID","AppID certificate store is verified."
"01-06-2026 16:24:16","4006","Information","Microsoft-Windows-AppID","AppID certificate store is verified."
"01-06-2026 15:23:04","4006","Information","Microsoft-Windows-AppID","AppID certificate store is verified."
"01-06-2026 15:22:31","4006","Information","Microsoft-Windows-AppID","AppID certificate store is verified."
"01-06-2026 14:22:04","4006","Information","Microsoft-Windows-AppID","AppID certificate store is verified."
"01-06-2026 13:23:08","4006","Information","Microsoft-Windows-AppID","AppID certificate store is verified."
"01-06-2026 13:22:06","4006","Information","Microsoft-Windows-AppID","AppID certificate store is verified."
"01-06-2026 13:21:40","4006","Information","Microsoft-Windows-AppID","AppID certificate store is verified."
"01-06-2026 12:20:45","4006","Information","Microsoft-Windows-AppID","AppID certificate store is verified."
"01-06-2026 11:20:41","4006","Information","Microsoft-Windows-AppID","AppID certificate store is verified."
"01-06-2026 10:45:24","4006","Information","Microsoft-Windows-AppID","AppID certificate store is verified."
"01-06-2026 10:20:16","4006","Information","Microsoft-Windows-AppID","AppID certificate store is verified."
"01-06-2026 09:18:07","4006","Information","Microsoft-Windows-AppID","AppID certificate store is verified."
"01-06-2026 09:17:54","4006","Information","Microsoft-Windows-AppID","AppID certificate store is verified."
"01-06-2026 09:16:56","4006","Information","Microsoft-Windows-AppID","AppID certificate store is verified."
"01-06-2026 09:16:56","4005","Error","Microsoft-Windows-AppID","AppID certificate store verification failed. Status Unknown NTSTATUS Error code: 0x5."
"31-05-2026 20:21:01","4006","Information","Microsoft-Windows-AppID","AppID certificate store is verified."
"31-05-2026 20:20:01","4006","Information","Microsoft-Windows-AppID","AppID certificate store is verified."
"31-05-2026 19:17:43","4006","Information","Microsoft-Windows-AppID","AppID certificate store is verified."
"31-05-2026 19:17:04","4006","Information","Microsoft-Windows-AppID","AppID certificate store is verified."
"31-05-2026 19:16:45","4006","Information","Microsoft-Windows-AppID","AppID certificate store is verified."
"31-05-2026 18:15:29","4006","Information","Microsoft-Windows-AppID","AppID certificate store is verified."
"31-05-2026 18:14:54","4006","Information","Microsoft-Windows-AppID","AppID certificate store is verified."
"31-05-2026 18:14:48","4006","Information","Microsoft-Windows-AppID","AppID certificate store is verified."
"31-05-2026 13:16:27","4006","Information","Microsoft-Windows-AppID","AppID certificate store is verified."
"31-05-2026 13:13:44","4006","Information","Microsoft-Windows-AppID","AppID certificate store is verified."
"31-05-2026 13:13:32","4006","Information","Microsoft-Windows-AppID","AppID certificate store is verified."
"31-05-2026 12:23:26","4006","Information","Microsoft-Windows-AppID","AppID certificate store is verified."
"31-05-2026 12:22:35","4006","Information","Microsoft-Windows-AppID","AppID certificate store is verified."
"31-05-2026 12:14:45","4006","Information","Microsoft-Windows-AppID","AppID certificate store is verified."
"31-05-2026 12:14:03","4006","Information","Microsoft-Windows-AppID","AppID certificate store is verified."
"31-05-2026 12:13:27","4006","Information","Microsoft-Windows-AppID","AppID certificate store is verified."
"31-05-2026 12:13:09","4006","Information","Microsoft-Windows-AppID","AppID certificate store is verified."
"31-05-2026 12:12:51","4006","Information","Microsoft-Windows-AppID","AppID certificate store is verified."
"31-05-2026 11:13:54","4006","Information","Microsoft-Windows-AppID","AppID certificate store is verified."
"31-05-2026 11:12:30","4006","Information","Microsoft-Windows-AppID","AppID certificate store is verified."
"30-05-2026 05:18:59","4006","Information","Microsoft-Windows-AppID","AppID certificate store is verified."
"29-05-2026 20:41:08","4006","Information","Microsoft-Windows-AppID","AppID certificate store is verified."
"29-05-2026 19:20:35","4006","Information","Microsoft-Windows-AppID","AppID certificate store is verified."
"29-05-2026 18:13:58","4006","Information","Microsoft-Windows-AppID","AppID certificate store is verified."
"29-05-2026 18:12:48","4006","Information","Microsoft-Windows-AppID","AppID certificate store is verified."
"29-05-2026 17:12:51","4006","Information","Microsoft-Windows-AppID","AppID certificate store is verified."
"29-05-2026 17:12:38","4006","Information","Microsoft-Windows-AppID","AppID certificate store is verified."
"29-05-2026 17:12:17","4006","Information","Microsoft-Windows-AppID","AppID certificate store is verified."
"29-05-2026 17:11:40","4006","Information","Microsoft-Windows-AppID","AppID certificate store is verified."
"29-05-2026 16:12:52","4006","Information","Microsoft-Windows-AppID","AppID certificate store is verified."
"29-05-2026 16:12:12","4006","Information","Microsoft-Windows-AppID","AppID certificate store is verified."
"29-05-2026 16:11:52","4006","Information","Microsoft-Windows-AppID","AppID certificate store is verified."
"29-05-2026 16:11:01","4006","Information","Microsoft-Windows-AppID","AppID certificate store is verified."
"29-05-2026 15:11:40","4006","Information","Microsoft-Windows-AppID","AppID certificate store is verified."
"29-05-2026 15:10:29","4006","Information","Microsoft-Windows-AppID","AppID certificate store is verified."
"29-05-2026 14:10:44","4006","Information","Microsoft-Windows-AppID","AppID certificate store is verified."
"29-05-2026 14:09:58","4006","Information","Microsoft-Windows-AppID","AppID certificate store is verified."
"29-05-2026 14:09:32","4006","Information","Microsoft-Windows-AppID","AppID certificate store is verified."
"29-05-2026 13:08:24","4006","Information","Microsoft-Windows-AppID","AppID certificate store is verified."
"29-05-2026 13:07:56","4006","Information","Microsoft-Windows-AppID","AppID certificate store is verified."
"29-05-2026 13:07:13","4006","Information","Microsoft-Windows-AppID","AppID certificate store is verified."
"29-05-2026 12:07:56","4006","Information","Microsoft-Windows-AppID","AppID certificate store is verified."
"29-05-2026 12:07:14","4006","Information","Microsoft-Windows-AppID","AppID certificate store is verified."
"29-05-2026 12:06:03","4006","Information","Microsoft-Windows-AppID","AppID certificate store is verified."
"29-05-2026 11:45:45","4006","Information","Microsoft-Windows-AppID","AppID certificate store is verified."
"29-05-2026 11:07:06","4006","Information","Microsoft-Windows-AppID","AppID certificate store is verified."
"29-05-2026 11:05:37","4006","Information","Microsoft-Windows-AppID","AppID certificate store is verified."
"29-05-2026 11:04:52","4006","Information","Microsoft-Windows-AppID","AppID certificate store is verified."
"29-05-2026 10:06:03","4006","Information","Microsoft-Windows-AppID","AppID certificate store is verified."
"29-05-2026 10:04:03","4006","Information","Microsoft-Windows-AppID","AppID certificate store is verified."
"29-05-2026 10:04:03","4005","Error","Microsoft-Windows-AppID","AppID certificate store verification failed. Status Unknown NTSTATUS Error code: 0x5."
"28-05-2026 20:18:17","4006","Information","Microsoft-Windows-AppID","AppID certificate store is verified."
"28-05-2026 20:13:16","4006","Information","Microsoft-Windows-AppID","AppID certificate store is verified."
"28-05-2026 20:12:15","4006","Information","Microsoft-Windows-AppID","AppID certificate store is verified."
"28-05-2026 19:07:05","4006","Information","Microsoft-Windows-AppID","AppID certificate store is verified."
"28-05-2026 19:05:55","4006","Information","Microsoft-Windows-AppID","AppID certificate store is verified."
"28-05-2026 18:04:59","4006","Information","Microsoft-Windows-AppID","AppID certificate store is verified."
"28-05-2026 17:03:28","4006","Information","Microsoft-Windows-AppID","AppID certificate store is verified."
"28-05-2026 17:02:17","4006","Information","Microsoft-Windows-AppID","AppID certificate store is verified."
"28-05-2026 16:02:27","4006","Information","Microsoft-Windows-AppID","AppID certificate store is verified."
"28-05-2026 16:01:57","4006","Information","Microsoft-Windows-AppID","AppID certificate store is verified."
"28-05-2026 16:01:16","4006","Information","Microsoft-Windows-AppID","AppID certificate store is verified."
"28-05-2026 15:01:01","4006","Information","Microsoft-Windows-AppID","AppID certificate store is verified."
"28-05-2026 15:00:46","4006","Information","Microsoft-Windows-AppID","AppID certificate store is verified."
"28-05-2026 13:59:41","4006","Information","Microsoft-Windows-AppID","AppID certificate store is verified."
"28-05-2026 13:58:46","4006","Information","Microsoft-Windows-AppID","AppID certificate store is verified."
"28-05-2026 13:57:35","4006","Information","Microsoft-Windows-AppID","AppID certificate store is verified."
"28-05-2026 12:57:20","4006","Information","Microsoft-Windows-AppID","AppID certificate store is verified."
"28-05-2026 12:57:07","4006","Information","Microsoft-Windows-AppID","AppID certificate store is verified."
"28-05-2026 12:56:50","4006","Information","Microsoft-Windows-AppID","AppID certificate store is verified."
"28-05-2026 12:40:53","4006","Information","Microsoft-Windows-AppID","AppID certificate store is verified."
"28-05-2026 11:56:31","4006","Information","Microsoft-Windows-AppID","AppID certificate store is verified."
"28-05-2026 11:55:52","4006","Information","Microsoft-Windows-AppID","AppID certificate store is verified."
"28-05-2026 11:55:21","4006","Information","Microsoft-Windows-AppID","AppID certificate store is verified."
"28-05-2026 11:46:48","4006","Information","Microsoft-Windows-AppID","AppID certificate store is verified."
"28-05-2026 10:54:13","4006","Information","Microsoft-Windows-AppID","AppID certificate store is verified."
"28-05-2026 10:52:34","4006","Information","Microsoft-Windows-AppID","AppID certificate store is verified."
"28-05-2026 10:35:19","4006","Information","Microsoft-Windows-AppID","AppID certificate store is verified."
"28-05-2026 10:17:11","4006","Information","Microsoft-Windows-AppID","AppID certificate store is verified."
"28-05-2026 10:06:56","4006","Information","Microsoft-Windows-AppID","AppID certificate store is verified."
"28-05-2026 09:53:48","4006","Information","Microsoft-Windows-AppID","AppID certificate store is verified."
"28-05-2026 09:49:48","4006","Information","Microsoft-Windows-AppID","AppID certificate store is verified."
"28-05-2026 09:48:50","4006","Information","Microsoft-Windows-AppID","AppID certificate store is verified."
"28-05-2026 05:36:05","4006","Information","Microsoft-Windows-AppID","AppID certificate store is verified."
"27-05-2026 22:02:06","4006","Information","Microsoft-Windows-AppID","AppID certificate store is verified."
"27-05-2026 20:48:17","4006","Information","Microsoft-Windows-AppID","AppID certificate store is verified."
"27-05-2026 20:47:50","4006","Information","Microsoft-Windows-AppID","AppID certificate store is verified."
"27-05-2026 20:46:39","4006","Information","Microsoft-Windows-AppID","AppID certificate store is verified."
"27-05-2026 19:45:06","4006","Information","Microsoft-Windows-AppID","AppID certificate store is verified."
"27-05-2026 19:44:47","4006","Information","Microsoft-Windows-AppID","AppID certificate store is verified."
"27-05-2026 19:43:55","4006","Information","Microsoft-Windows-AppID","AppID certificate store is verified."
"27-05-2026 19:43:36","4006","Information","Microsoft-Windows-AppID","AppID certificate store is verified."
"27-05-2026 18:41:36","4006","Information","Microsoft-Windows-AppID","AppID certificate store is verified."
"27-05-2026 18:41:26","4006","Information","Microsoft-Windows-AppID","AppID certificate store is verified."
"27-05-2026 17:39:45","4006","Information","Microsoft-Windows-AppID","AppID certificate store is verified."
"27-05-2026 16:35:40","4006","Information","Microsoft-Windows-AppID","AppID certificate store is verified."
"27-05-2026 16:35:07","4006","Information","Microsoft-Windows-AppID","AppID certificate store is verified."
"27-05-2026 16:34:29","4006","Information","Microsoft-Windows-AppID","AppID certificate store is verified."
"27-05-2026 15:34:19","4006","Information","Microsoft-Windows-AppID","AppID certificate store is verified."
"27-05-2026 14:34:10","4006","Information","Microsoft-Windows-AppID","AppID certificate store is verified."
"27-05-2026 14:33:00","4006","Information","Microsoft-Windows-AppID","AppID certificate store is verified."
"27-05-2026 13:33:13","4006","Information","Microsoft-Windows-AppID","AppID certificate store is verified."
"27-05-2026 13:33:00","4006","Information","Microsoft-Windows-AppID","AppID certificate store is verified."
"27-05-2026 12:31:31","4006","Information","Microsoft-Windows-AppID","AppID certificate store is verified."
"27-05-2026 11:30:41","4006","Information","Microsoft-Windows-AppID","AppID certificate store is verified."
"27-05-2026 11:29:57","4006","Information","Microsoft-Windows-AppID","AppID certificate store is verified."
"27-05-2026 11:29:47","4006","Information","Microsoft-Windows-AppID","AppID certificate store is verified."
"27-05-2026 11:28:46","4006","Information","Microsoft-Windows-AppID","AppID certificate store is verified."
"27-05-2026 10:37:13","4006","Information","Microsoft-Windows-AppID","AppID certificate store is verified."
"27-05-2026 10:29:20","4006","Information","Microsoft-Windows-AppID","AppID certificate store is verified."
"27-05-2026 10:28:29","4006","Information","Microsoft-Windows-AppID","AppID certificate store is verified."
"27-05-2026 10:28:09","4006","Information","Microsoft-Windows-AppID","AppID certificate store is verified."
"27-05-2026 09:27:20","4006","Information","Microsoft-Windows-AppID","AppID certificate store is verified."
"27-05-2026 09:27:13","4006","Information","Microsoft-Windows-AppID","AppID certificate store is verified."
"26-05-2026 20:59:46","4006","Information","Microsoft-Windows-AppID","AppID certificate store is verified."
"26-05-2026 20:58:34","4006","Information","Microsoft-Windows-AppID","AppID certificate store is verified."
"26-05-2026 19:50:45","4006","Information","Microsoft-Windows-AppID","AppID certificate store is verified."
"26-05-2026 19:47:43","4006","Information","Microsoft-Windows-AppID","AppID certificate store is verified."
"26-05-2026 18:49:46","4006","Information","Microsoft-Windows-AppID","AppID certificate store is verified."
"26-05-2026 18:49:36","4006","Information","Microsoft-Windows-AppID","AppID certificate store is verified."
"26-05-2026 18:48:35","4006","Information","Microsoft-Windows-AppID","AppID certificate store is verified."
"26-05-2026 18:47:09","4006","Information","Microsoft-Windows-AppID","AppID certificate store is verified."
"26-05-2026 17:49:17","4006","Information","Microsoft-Windows-AppID","AppID certificate store is verified."
"26-05-2026 17:48:16","4006","Information","Microsoft-Windows-AppID","AppID certificate store is verified."
"26-05-2026 17:47:55","4006","Information","Microsoft-Windows-AppID","AppID certificate store is verified."
"26-05-2026 17:46:45","4006","Information","Microsoft-Windows-AppID","AppID certificate store is verified."
"26-05-2026 16:47:41","4006","Information","Microsoft-Windows-AppID","AppID certificate store is verified."
"26-05-2026 16:46:02","4006","Information","Microsoft-Windows-AppID","AppID certificate store is verified."
"26-05-2026 15:47:32","4006","Information","Microsoft-Windows-AppID","AppID certificate store is verified."
"26-05-2026 15:47:16","4006","Information","Microsoft-Windows-AppID","AppID certificate store is verified."
"26-05-2026 15:46:35","4006","Information","Microsoft-Windows-AppID","AppID certificate store is verified."
"26-05-2026 15:45:24","4006","Information","Microsoft-Windows-AppID","AppID certificate store is verified."
"26-05-2026 14:46:09","4006","Information","Microsoft-Windows-AppID","AppID certificate store is verified."
"26-05-2026 14:44:58","4006","Information","Microsoft-Windows-AppID","AppID certificate store is verified."
"26-05-2026 13:46:08","4006","Information","Microsoft-Windows-AppID","AppID certificate store is verified."
"26-05-2026 13:45:42","4006","Information","Microsoft-Windows-AppID","AppID certificate store is verified."
"26-05-2026 13:44:31","4006","Information","Microsoft-Windows-AppID","AppID certificate store is verified."
"26-05-2026 12:44:52","4006","Information","Microsoft-Windows-AppID","AppID certificate store is verified."
"26-05-2026 12:44:32","4006","Information","Microsoft-Windows-AppID","AppID certificate store is verified."
"26-05-2026 12:43:41","4006","Information","Microsoft-Windows-AppID","AppID certificate store is verified."
"26-05-2026 11:44:28","4006","Information","Microsoft-Windows-AppID","AppID certificate store is verified."
"26-05-2026 11:44:15","4006","Information","Microsoft-Windows-AppID","AppID certificate store is verified."
"26-05-2026 11:43:36","4006","Information","Microsoft-Windows-AppID","AppID certificate store is verified."
"26-05-2026 10:42:04","4006","Information","Microsoft-Windows-AppID","AppID certificate store is verified."
"26-05-2026 10:41:05","4006","Information","Microsoft-Windows-AppID","AppID certificate store is verified."
"26-05-2026 10:40:54","4006","Information","Microsoft-Windows-AppID","AppID certificate store is verified."
"26-05-2026 10:15:20","4006","Information","Microsoft-Windows-AppID","AppID certificate store is verified."
"26-05-2026 09:40:48","4006","Information","Microsoft-Windows-AppID","AppID certificate store is verified."
"26-05-2026 09:40:35","4006","Information","Microsoft-Windows-AppID","AppID certificate store is verified."
"26-05-2026 09:39:35","4006","Information","Microsoft-Windows-AppID","AppID certificate store is verified."
"26-05-2026 09:39:26","4006","Information","Microsoft-Windows-AppID","AppID certificate store is verified."
"25-05-2026 19:11:15","4006","Information","Microsoft-Windows-AppID","AppID certificate store is verified."
"25-05-2026 19:09:39","4006","Information","Microsoft-Windows-AppID","AppID certificate store is verified."
"25-05-2026 19:08:56","4006","Information","Microsoft-Windows-AppID","AppID certificate store is verified."
"25-05-2026 18:10:50","4006","Information","Microsoft-Windows-AppID","AppID certificate store is verified."
"25-05-2026 18:08:48","4006","Information","Microsoft-Windows-AppID","AppID certificate store is verified."
"25-05-2026 17:08:48","4006","Information","Microsoft-Windows-AppID","AppID certificate store is verified."
"25-05-2026 17:08:14","4006","Information","Microsoft-Windows-AppID","AppID certificate store is verified."
"25-05-2026 16:07:51","4006","Information","Microsoft-Windows-AppID","AppID certificate store is verified."
"25-05-2026 16:07:32","4006","Information","Microsoft-Windows-AppID","AppID certificate store is verified."
"25-05-2026 15:06:42","4006","Information","Microsoft-Windows-AppID","AppID certificate store is verified."
"25-05-2026 14:06:03","4006","Information","Microsoft-Windows-AppID","AppID certificate store is verified."
"25-05-2026 14:03:58","4006","Information","Microsoft-Windows-AppID","AppID certificate store is verified."
"25-05-2026 13:05:54","4006","Information","Microsoft-Windows-AppID","AppID certificate store is verified."
"25-05-2026 13:04:53","4006","Information","Microsoft-Windows-AppID","AppID certificate store is verified."
"25-05-2026 13:03:36","4006","Information","Microsoft-Windows-AppID","AppID certificate store is verified."
"25-05-2026 12:05:46","4006","Information","Microsoft-Windows-AppID","AppID certificate store is verified."
"25-05-2026 12:04:45","4006","Information","Microsoft-Windows-AppID","AppID certificate store is verified."
"25-05-2026 12:04:29","4006","Information","Microsoft-Windows-AppID","AppID certificate store is verified."
"25-05-2026 12:04:16","4006","Information","Microsoft-Windows-AppID","AppID certificate store is verified."
"25-05-2026 12:03:05","4006","Information","Microsoft-Windows-AppID","AppID certificate store is verified."
"25-05-2026 11:03:50","4006","Information","Microsoft-Windows-AppID","AppID certificate store is verified."
"25-05-2026 11:02:40","4006","Information","Microsoft-Windows-AppID","AppID certificate store is verified."
"25-05-2026 10:06:09","4006","Information","Microsoft-Windows-AppID","AppID certificate store is verified."
"25-05-2026 10:03:28","4006","Information","Microsoft-Windows-AppID","AppID certificate store is verified."
"25-05-2026 10:03:16","4006","Information","Microsoft-Windows-AppID","AppID certificate store is verified."
"25-05-2026 10:02:52","4006","Information","Microsoft-Windows-AppID","AppID certificate store is verified."
"25-05-2026 10:01:40","4006","Information","Microsoft-Windows-AppID","AppID certificate store is verified."
"25-05-2026 09:02:59","4006","Information","Microsoft-Windows-AppID","AppID certificate store is verified."
"25-05-2026 09:02:38","4006","Information","Microsoft-Windows-AppID","AppID certificate store is verified."
"23-05-2026 22:56:47","4006","Information","Microsoft-Windows-AppID","AppID certificate store is verified."
"23-05-2026 22:53:26","4006","Information","Microsoft-Windows-AppID","AppID certificate store is verified."
"23-05-2026 22:53:02","4006","Information","Microsoft-Windows-AppID","AppID certificate store is verified."
"23-05-2026 22:50:53","4006","Information","Microsoft-Windows-AppID","AppID certificate store is verified."
"23-05-2026 22:12:44","4006","Information","Microsoft-Windows-AppID","AppID certificate store is verified."
"23-05-2026 21:50:49","4006","Information","Microsoft-Windows-AppID","AppID certificate store is verified."
"23-05-2026 14:01:56","4006","Information","Microsoft-Windows-AppID","AppID certificate store is verified."
"23-05-2026 13:53:48","4006","Information","Microsoft-Windows-AppID","AppID certificate store is verified."
"23-05-2026 12:57:15","4006","Information","Microsoft-Windows-AppID","AppID certificate store is verified."
"23-05-2026 12:54:37","4006","Information","Microsoft-Windows-AppID","AppID certificate store is verified."
"23-05-2026 12:53:04","4006","Information","Microsoft-Windows-AppID","AppID certificate store is verified."
"23-05-2026 11:55:03","4006","Information","Microsoft-Windows-AppID","AppID certificate store is verified."
"23-05-2026 11:51:13","4006","Information","Microsoft-Windows-AppID","AppID certificate store is verified."
"23-05-2026 11:48:54","4006","Information","Microsoft-Windows-AppID","AppID certificate store is verified."
"23-05-2026 11:23:17","4006","Information","Microsoft-Windows-AppID","AppID certificate store is verified."
"23-05-2026 11:22:47","4006","Information","Microsoft-Windows-AppID","AppID certificate store is verified."
"23-05-2026 11:17:59","4006","Information","Microsoft-Windows-AppID","AppID certificate store is verified."
"23-05-2026 11:14:49","4006","Information","Microsoft-Windows-AppID","AppID certificate store is verified."
"23-05-2026 11:10:17","4006","Information","Microsoft-Windows-AppID","AppID certificate store is verified."
"23-05-2026 11:09:34","4006","Information","Microsoft-Windows-AppID","AppID certificate store is verified."
"23-05-2026 11:08:52","4006","Information","Microsoft-Windows-AppID","AppID certificate store is verified."
"23-05-2026 11:08:23","4006","Information","Microsoft-Windows-AppID","AppID certificate store is verified."
"23-05-2026 11:07:44","4006","Information","Microsoft-Windows-AppID","AppID certificate store is verified."
"23-05-2026 11:07:33","4006","Information","Microsoft-Windows-AppID","AppID certificate store is verified."
"23-05-2026 11:05:27","4006","Information","Microsoft-Windows-AppID","AppID certificate store is verified."
"23-05-2026 10:59:52","4006","Information","Microsoft-Windows-AppID","AppID certificate store is verified."
"23-05-2026 10:58:53","4006","Information","Microsoft-Windows-AppID","AppID certificate store is verified."
"23-05-2026 10:57:25","4006","Information","Microsoft-Windows-AppID","AppID certificate store is verified."
"23-05-2026 10:56:09","4006","Information","Microsoft-Windows-AppID","AppID certificate store is verified."
"23-05-2026 10:51:16","4006","Information","Microsoft-Windows-AppID","AppID certificate store is verified."
"23-05-2026 10:50:49","4006","Information","Microsoft-Windows-AppID","AppID certificate store is verified."
"23-05-2026 10:49:39","4006","Information","Microsoft-Windows-AppID","AppID certificate store is verified."
"23-05-2026 23:19:30","4006","Information","Microsoft-Windows-AppID","AppID certificate store is verified."
