"22-07-2026 15:49:59","171","Information","Microsoft-Windows-AppxPackagingOM","The reader was created successfully for app package Microsoft.SecHealthUI_1000.29554.1001.0_x64__8wekyb3d8bbwe."
"22-07-2026 15:05:18","216","Warning","Microsoft-Windows-AppxPackagingOM","App manifest validation warning: Declared namespace http://schemas.microsoft.com/developer/appx/2015/build is inapplicable, it will be ignored during manifest processing."
"22-07-2026 14:41:24","171","Information","Microsoft-Windows-AppxPackagingOM","The reader was created successfully for app package Microsoft.SecHealthUI_1000.29554.1001.0_x64__8wekyb3d8bbwe."
"22-07-2026 14:05:17","216","Warning","Microsoft-Windows-AppxPackagingOM","App manifest validation warning: Declared namespace http://schemas.microsoft.com/developer/appx/2015/build is inapplicable, it will be ignored during manifest processing."
"22-07-2026 13:46:33","171","Information","Microsoft-Windows-AppxPackagingOM","The reader was created successfully for app package Microsoft.SecHealthUI_1000.29554.1001.0_x64__8wekyb3d8bbwe."
"22-07-2026 13:16:59","171","Information","Microsoft-Windows-AppxPackagingOM","The reader was created successfully for app package Microsoft.SecHealthUI_1000.29554.1001.0_x64__8wekyb3d8bbwe."
"22-07-2026 13:05:16","216","Warning","Microsoft-Windows-AppxPackagingOM","App manifest validation warning: Declared namespace http://schemas.microsoft.com/developer/appx/2015/build is inapplicable, it will be ignored during manifest processing."
"22-07-2026 12:05:09","216","Warning","Microsoft-Windows-AppxPackagingOM","App manifest validation warning: Declared namespace http://schemas.microsoft.com/developer/appx/2015/build is inapplicable, it will be ignored during manifest processing."
"22-07-2026 11:17:45","171","Information","Microsoft-Windows-AppxPackagingOM","The reader was created successfully for app package Microsoft.SecHealthUI_1000.29554.1001.0_x64__8wekyb3d8bbwe."
"22-07-2026 11:13:06","170","Information","Microsoft-Windows-AppxPackagingOM","The streaming reader was created successfully for app package MicrosoftCorporationII.QuickAssist_2.0.47.0_neutral_split.scale-100_8wekyb3d8bbwe."
"22-07-2026 11:13:06","157","Information","Microsoft-Windows-AppxPackagingOM","The app package signature was validated for core content of the app package published by CN=Microsoft Corporation, O=Microsoft Corporation, L=Redmond, S=Washington, C=US. Payload won't be validated until the files are read."
"22-07-2026 11:13:04","170","Information","Microsoft-Windows-AppxPackagingOM","The streaming reader was created successfully for app package MicrosoftCorporationII.QuickAssist_2.0.47.0_neutral_split.scale-150_8wekyb3d8bbwe."
"22-07-2026 11:13:04","157","Information","Microsoft-Windows-AppxPackagingOM","The app package signature was validated for core content of the app package published by CN=Microsoft Corporation, O=Microsoft Corporation, L=Redmond, S=Washington, C=US. Payload won't be validated until the files are read."
"22-07-2026 11:13:04","170","Information","Microsoft-Windows-AppxPackagingOM","The streaming reader was created successfully for app package Microsoft.MicrosoftStickyNotes_6.1.4.0_neutral_split.scale-100_8wekyb3d8bbwe."
"22-07-2026 11:13:04","157","Information","Microsoft-Windows-AppxPackagingOM","The app package signature was validated for core content of the app package published by CN=Microsoft Corporation, O=Microsoft Corporation, L=Redmond, S=Washington, C=US. Payload won't be validated until the files are read."
"22-07-2026 11:13:03","170","Information","Microsoft-Windows-AppxPackagingOM","The streaming reader was created successfully for app package MicrosoftCorporationII.QuickAssist_2.0.47.0_x64__8wekyb3d8bbwe."
"22-07-2026 11:13:03","216","Warning","Microsoft-Windows-AppxPackagingOM","App manifest validation warning: Declared namespace http://schemas.microsoft.com/appx/manifest/desktop/windows10/7 is inapplicable, it will be ignored during manifest processing."
"22-07-2026 11:13:03","216","Warning","Microsoft-Windows-AppxPackagingOM","App manifest validation warning: Declared namespace http://schemas.microsoft.com/developer/appx/2015/build is inapplicable, it will be ignored during manifest processing."
"22-07-2026 11:13:03","157","Information","Microsoft-Windows-AppxPackagingOM","The app package signature was validated for core content of the app package published by CN=Microsoft Corporation, O=Microsoft Corporation, L=Redmond, S=Washington, C=US. Payload won't be validated until the files are read."
"22-07-2026 11:13:01","170","Information","Microsoft-Windows-AppxPackagingOM","The streaming reader was created successfully for app package Microsoft.MicrosoftStickyNotes_6.1.4.0_neutral_split.scale-150_8wekyb3d8bbwe."
"22-07-2026 11:13:01","391","Information","Microsoft-Windows-AppxPackagingOM","The bundle streaming reader was created successfully for bundle MicrosoftCorporationII.QuickAssist_2026.219.226.0_neutral_~_8wekyb3d8bbwe."
"22-07-2026 11:13:01","157","Information","Microsoft-Windows-AppxPackagingOM","The app package signature was validated for core content of the app package published by CN=Microsoft Corporation, O=Microsoft Corporation, L=Redmond, S=Washington, C=US. Payload won't be validated until the files are read."
"22-07-2026 11:13:01","164","Information","Microsoft-Windows-AppxPackagingOM","The app bundle signature was validated for core content of the app bundle published by CN=Microsoft Corporation, O=Microsoft Corporation, L=Redmond, S=Washington, C=US. App packages won't be validated until they are read."
"22-07-2026 11:12:58","170","Information","Microsoft-Windows-AppxPackagingOM","The streaming reader was created successfully for app package Microsoft.MicrosoftStickyNotes_6.1.4.0_x64__8wekyb3d8bbwe."
"22-07-2026 11:12:58","216","Warning","Microsoft-Windows-AppxPackagingOM","App manifest validation warning: Declared namespace http://schemas.microsoft.com/developer/appx/2015/build is inapplicable, it will be ignored during manifest processing."
"22-07-2026 11:12:58","157","Information","Microsoft-Windows-AppxPackagingOM","The app package signature was validated for core content of the app package published by CN=Microsoft Corporation, O=Microsoft Corporation, L=Redmond, S=Washington, C=US. Payload won't be validated until the files are read."
"22-07-2026 11:12:51","391","Information","Microsoft-Windows-AppxPackagingOM","The bundle streaming reader was created successfully for bundle Microsoft.MicrosoftStickyNotes_6.1.4.0_neutral_~_8wekyb3d8bbwe."
"22-07-2026 11:12:51","164","Information","Microsoft-Windows-AppxPackagingOM","The app bundle signature was validated for core content of the app bundle published by CN=Microsoft Corporation, O=Microsoft Corporation, L=Redmond, S=Washington, C=US. App packages won't be validated until they are read."
"22-07-2026 11:12:13","170","Information","Microsoft-Windows-AppxPackagingOM","The streaming reader was created successfully for app package AppUp.IntelGraphicsExperience_1.100.5688.0_neutral_split.scale-100_8j3eq9eme6ctt."
"22-07-2026 11:12:13","157","Information","Microsoft-Windows-AppxPackagingOM","The app package signature was validated for core content of the app package published by CN=EB51A5DA-0E72-4863-82E4-EA21C1F8DFE3. Payload won't be validated until the files are read."
"22-07-2026 11:11:38","170","Information","Microsoft-Windows-AppxPackagingOM","The streaming reader was created successfully for app package Microsoft.People_10.2202.100.0_neutral_split.scale-100_8wekyb3d8bbwe."
"22-07-2026 11:11:38","170","Information","Microsoft-Windows-AppxPackagingOM","The streaming reader was created successfully for app package AppUp.IntelGraphicsExperience_1.100.5688.0_neutral_split.scale-150_8j3eq9eme6ctt."
"22-07-2026 11:11:38","157","Information","Microsoft-Windows-AppxPackagingOM","The app package signature was validated for core content of the app package published by CN=Microsoft Corporation, O=Microsoft Corporation, L=Redmond, S=Washington, C=US. Payload won't be validated until the files are read."
"22-07-2026 11:11:38","157","Information","Microsoft-Windows-AppxPackagingOM","The app package signature was validated for core content of the app package published by CN=EB51A5DA-0E72-4863-82E4-EA21C1F8DFE3. Payload won't be validated until the files are read."
"22-07-2026 11:11:01","170","Information","Microsoft-Windows-AppxPackagingOM","The streaming reader was created successfully for app package Microsoft.People_10.2202.100.0_neutral_split.scale-150_8wekyb3d8bbwe."
"22-07-2026 11:11:01","157","Information","Microsoft-Windows-AppxPackagingOM","The app package signature was validated for core content of the app package published by CN=Microsoft Corporation, O=Microsoft Corporation, L=Redmond, S=Washington, C=US. Payload won't be validated until the files are read."
"22-07-2026 11:10:55","170","Information","Microsoft-Windows-AppxPackagingOM","The streaming reader was created successfully for app package AppUp.IntelGraphicsExperience_1.100.5688.0_x64__8j3eq9eme6ctt."
"22-07-2026 11:10:55","216","Warning","Microsoft-Windows-AppxPackagingOM","App manifest validation warning: Declared namespace http://schemas.microsoft.com/developer/appx/2015/build is inapplicable, it will be ignored during manifest processing."
"22-07-2026 11:10:54","157","Information","Microsoft-Windows-AppxPackagingOM","The app package signature was validated for core content of the app package published by CN=EB51A5DA-0E72-4863-82E4-EA21C1F8DFE3. Payload won't be validated until the files are read."
"22-07-2026 11:10:19","170","Information","Microsoft-Windows-AppxPackagingOM","The streaming reader was created successfully for app package Microsoft.People_10.2202.100.0_x64__8wekyb3d8bbwe."
"22-07-2026 11:10:19","216","Warning","Microsoft-Windows-AppxPackagingOM","App manifest validation warning: Declared namespace http://schemas.microsoft.com/developer/appx/2015/build is inapplicable, it will be ignored during manifest processing."
"22-07-2026 11:10:19","157","Information","Microsoft-Windows-AppxPackagingOM","The app package signature was validated for core content of the app package published by CN=Microsoft Corporation, O=Microsoft Corporation, L=Redmond, S=Washington, C=US. Payload won't be validated until the files are read."
"22-07-2026 11:10:07","170","Information","Microsoft-Windows-AppxPackagingOM","The streaming reader was created successfully for app package Microsoft.RawImageExtension_2.5.24.0_x64__8wekyb3d8bbwe."
"22-07-2026 11:10:07","216","Warning","Microsoft-Windows-AppxPackagingOM","App manifest validation warning: Declared namespace http://schemas.microsoft.com/developer/appx/2015/build is inapplicable, it will be ignored during manifest processing."
"22-07-2026 11:10:07","157","Information","Microsoft-Windows-AppxPackagingOM","The app package signature was validated for core content of the app package published by CN=Microsoft Corporation, O=Microsoft Corporation, L=Redmond, S=Washington, C=US. Payload won't be validated until the files are read."
"22-07-2026 11:09:42","391","Information","Microsoft-Windows-AppxPackagingOM","The bundle streaming reader was created successfully for bundle Microsoft.People_2021.2202.100.0_neutral_~_8wekyb3d8bbwe."
"22-07-2026 11:09:42","164","Information","Microsoft-Windows-AppxPackagingOM","The app bundle signature was validated for core content of the app bundle published by CN=Microsoft Corporation, O=Microsoft Corporation, L=Redmond, S=Washington, C=US. App packages won't be validated until they are read."
"22-07-2026 11:09:33","391","Information","Microsoft-Windows-AppxPackagingOM","The bundle streaming reader was created successfully for bundle AppUp.IntelGraphicsExperience_1.100.5688.0_neutral_~_8j3eq9eme6ctt."
"22-07-2026 11:09:33","164","Information","Microsoft-Windows-AppxPackagingOM","The app bundle signature was validated for core content of the app bundle published by CN=EB51A5DA-0E72-4863-82E4-EA21C1F8DFE3. App packages won't be validated until they are read."
"22-07-2026 11:09:25","391","Information","Microsoft-Windows-AppxPackagingOM","The bundle streaming reader was created successfully for bundle Microsoft.RawImageExtension_2.5.24.0_neutral_~_8wekyb3d8bbwe."
"22-07-2026 11:09:25","164","Information","Microsoft-Windows-AppxPackagingOM","The app bundle signature was validated for core content of the app bundle published by CN=Microsoft Corporation, O=Microsoft Corporation, L=Redmond, S=Washington, C=US. App packages won't be validated until they are read."
"22-07-2026 11:06:24","171","Information","Microsoft-Windows-AppxPackagingOM","The reader was created successfully for app package Microsoft.SecHealthUI_1000.29554.1001.0_x64__8wekyb3d8bbwe."
"22-07-2026 11:05:09","216","Warning","Microsoft-Windows-AppxPackagingOM","App manifest validation warning: Declared namespace http://schemas.microsoft.com/developer/appx/2015/build is inapplicable, it will be ignored during manifest processing."
"22-07-2026 10:05:08","216","Warning","Microsoft-Windows-AppxPackagingOM","App manifest validation warning: Declared namespace http://schemas.microsoft.com/developer/appx/2015/build is inapplicable, it will be ignored during manifest processing."
"22-07-2026 09:52:54","171","Information","Microsoft-Windows-AppxPackagingOM","The reader was created successfully for app package Microsoft.SecHealthUI_1000.29554.1001.0_x64__8wekyb3d8bbwe."
"21-07-2026 18:17:37","171","Information","Microsoft-Windows-AppxPackagingOM","The reader was created successfully for app package Microsoft.SecHealthUI_1000.29554.1001.0_x64__8wekyb3d8bbwe."
"21-07-2026 18:13:49","216","Warning","Microsoft-Windows-AppxPackagingOM","App manifest validation warning: Declared namespace http://schemas.microsoft.com/developer/appx/2015/build is inapplicable, it will be ignored during manifest processing."
"21-07-2026 17:13:49","216","Warning","Microsoft-Windows-AppxPackagingOM","App manifest validation warning: Declared namespace http://schemas.microsoft.com/developer/appx/2015/build is inapplicable, it will be ignored during manifest processing."
"21-07-2026 16:13:49","216","Warning","Microsoft-Windows-AppxPackagingOM","App manifest validation warning: Declared namespace http://schemas.microsoft.com/developer/appx/2015/build is inapplicable, it will be ignored during manifest processing."
"21-07-2026 15:50:31","171","Information","Microsoft-Windows-AppxPackagingOM","The reader was created successfully for app package Microsoft.SecHealthUI_1000.29554.1001.0_x64__8wekyb3d8bbwe."
"21-07-2026 15:13:48","216","Warning","Microsoft-Windows-AppxPackagingOM","App manifest validation warning: Declared namespace http://schemas.microsoft.com/developer/appx/2015/build is inapplicable, it will be ignored during manifest processing."
"21-07-2026 14:26:50","171","Information","Microsoft-Windows-AppxPackagingOM","The reader was created successfully for app package Microsoft.SecHealthUI_1000.29554.1001.0_x64__8wekyb3d8bbwe."
"21-07-2026 13:58:27","216","Warning","Microsoft-Windows-AppxPackagingOM","App manifest validation warning: Declared namespace http://schemas.microsoft.com/developer/appx/2015/build is inapplicable, it will be ignored during manifest processing."
"21-07-2026 13:11:21","170","Information","Microsoft-Windows-AppxPackagingOM","The streaming reader was created successfully for app package MicrosoftCorporationII.QuickAssist_2.0.47.0_neutral_split.scale-100_8wekyb3d8bbwe."
"21-07-2026 13:11:21","157","Information","Microsoft-Windows-AppxPackagingOM","The app package signature was validated for core content of the app package published by CN=Microsoft Corporation, O=Microsoft Corporation, L=Redmond, S=Washington, C=US. Payload won't be validated until the files are read."
"21-07-2026 13:11:21","170","Information","Microsoft-Windows-AppxPackagingOM","The streaming reader was created successfully for app package MicrosoftCorporationII.QuickAssist_2.0.47.0_neutral_split.scale-150_8wekyb3d8bbwe."
"21-07-2026 13:11:20","157","Information","Microsoft-Windows-AppxPackagingOM","The app package signature was validated for core content of the app package published by CN=Microsoft Corporation, O=Microsoft Corporation, L=Redmond, S=Washington, C=US. Payload won't be validated until the files are read."
"21-07-2026 13:11:13","170","Information","Microsoft-Windows-AppxPackagingOM","The streaming reader was created successfully for app package MicrosoftCorporationII.QuickAssist_2.0.47.0_x64__8wekyb3d8bbwe."
"21-07-2026 13:11:13","216","Warning","Microsoft-Windows-AppxPackagingOM","App manifest validation warning: Declared namespace http://schemas.microsoft.com/appx/manifest/desktop/windows10/7 is inapplicable, it will be ignored during manifest processing."
"21-07-2026 13:11:13","216","Warning","Microsoft-Windows-AppxPackagingOM","App manifest validation warning: Declared namespace http://schemas.microsoft.com/developer/appx/2015/build is inapplicable, it will be ignored during manifest processing."
"21-07-2026 13:11:13","157","Information","Microsoft-Windows-AppxPackagingOM","The app package signature was validated for core content of the app package published by CN=Microsoft Corporation, O=Microsoft Corporation, L=Redmond, S=Washington, C=US. Payload won't be validated until the files are read."
"21-07-2026 13:11:12","391","Information","Microsoft-Windows-AppxPackagingOM","The bundle streaming reader was created successfully for bundle MicrosoftCorporationII.QuickAssist_2026.219.226.0_neutral_~_8wekyb3d8bbwe."
"21-07-2026 13:11:12","164","Information","Microsoft-Windows-AppxPackagingOM","The app bundle signature was validated for core content of the app bundle published by CN=Microsoft Corporation, O=Microsoft Corporation, L=Redmond, S=Washington, C=US. App packages won't be validated until they are read."
"21-07-2026 13:11:10","170","Information","Microsoft-Windows-AppxPackagingOM","The streaming reader was created successfully for app package Microsoft.MicrosoftStickyNotes_6.1.4.0_neutral_split.scale-100_8wekyb3d8bbwe."
"21-07-2026 13:11:10","157","Information","Microsoft-Windows-AppxPackagingOM","The app package signature was validated for core content of the app package published by CN=Microsoft Corporation, O=Microsoft Corporation, L=Redmond, S=Washington, C=US. Payload won't be validated until the files are read."
"21-07-2026 13:11:09","170","Information","Microsoft-Windows-AppxPackagingOM","The streaming reader was created successfully for app package Microsoft.MicrosoftStickyNotes_6.1.4.0_neutral_split.scale-150_8wekyb3d8bbwe."
"21-07-2026 13:11:09","157","Information","Microsoft-Windows-AppxPackagingOM","The app package signature was validated for core content of the app package published by CN=Microsoft Corporation, O=Microsoft Corporation, L=Redmond, S=Washington, C=US. Payload won't be validated until the files are read."
"21-07-2026 13:11:08","170","Information","Microsoft-Windows-AppxPackagingOM","The streaming reader was created successfully for app package Microsoft.MicrosoftStickyNotes_6.1.4.0_x64__8wekyb3d8bbwe."
"21-07-2026 13:11:08","216","Warning","Microsoft-Windows-AppxPackagingOM","App manifest validation warning: Declared namespace http://schemas.microsoft.com/developer/appx/2015/build is inapplicable, it will be ignored during manifest processing."
"21-07-2026 13:11:08","157","Information","Microsoft-Windows-AppxPackagingOM","The app package signature was validated for core content of the app package published by CN=Microsoft Corporation, O=Microsoft Corporation, L=Redmond, S=Washington, C=US. Payload won't be validated until the files are read."
"21-07-2026 13:11:08","391","Information","Microsoft-Windows-AppxPackagingOM","The bundle streaming reader was created successfully for bundle Microsoft.MicrosoftStickyNotes_6.1.4.0_neutral_~_8wekyb3d8bbwe."
"21-07-2026 13:11:07","164","Information","Microsoft-Windows-AppxPackagingOM","The app bundle signature was validated for core content of the app bundle published by CN=Microsoft Corporation, O=Microsoft Corporation, L=Redmond, S=Washington, C=US. App packages won't be validated until they are read."
"21-07-2026 13:10:54","170","Information","Microsoft-Windows-AppxPackagingOM","The streaming reader was created successfully for app package AppUp.IntelGraphicsExperience_1.100.5688.0_neutral_split.scale-100_8j3eq9eme6ctt."
"21-07-2026 13:10:54","157","Information","Microsoft-Windows-AppxPackagingOM","The app package signature was validated for core content of the app package published by CN=EB51A5DA-0E72-4863-82E4-EA21C1F8DFE3. Payload won't be validated until the files are read."
"21-07-2026 13:10:50","170","Information","Microsoft-Windows-AppxPackagingOM","The streaming reader was created successfully for app package Microsoft.WindowsStore_22606.1401.6.0_x64__8wekyb3d8bbwe."
"21-07-2026 13:10:50","216","Warning","Microsoft-Windows-AppxPackagingOM","App manifest validation warning: Declared namespace http://schemas.microsoft.com/developer/appx/2015/build is inapplicable, it will be ignored during manifest processing."
"21-07-2026 13:10:50","157","Information","Microsoft-Windows-AppxPackagingOM","The app package signature was validated for core content of the app package published by CN=Microsoft Corporation, O=Microsoft Corporation, L=Redmond, S=Washington, C=US. Payload won't be validated until the files are read."
"21-07-2026 13:10:48","391","Information","Microsoft-Windows-AppxPackagingOM","The bundle streaming reader was created successfully for bundle Microsoft.WindowsStore_22606.1401.6.0_neutral_~_8wekyb3d8bbwe."
"21-07-2026 13:10:48","164","Information","Microsoft-Windows-AppxPackagingOM","The app bundle signature was validated for core content of the app bundle published by CN=Microsoft Corporation, O=Microsoft Corporation, L=Redmond, S=Washington, C=US. App packages won't be validated until they are read."
"21-07-2026 13:10:48","170","Information","Microsoft-Windows-AppxPackagingOM","The streaming reader was created successfully for app package Microsoft.People_10.2202.100.0_neutral_split.scale-100_8wekyb3d8bbwe."
"21-07-2026 13:10:48","157","Information","Microsoft-Windows-AppxPackagingOM","The app package signature was validated for core content of the app package published by CN=Microsoft Corporation, O=Microsoft Corporation, L=Redmond, S=Washington, C=US. Payload won't be validated until the files are read."
"21-07-2026 13:10:47","170","Information","Microsoft-Windows-AppxPackagingOM","The streaming reader was created successfully for app package Microsoft.People_10.2202.100.0_neutral_split.scale-150_8wekyb3d8bbwe."
"21-07-2026 13:10:47","157","Information","Microsoft-Windows-AppxPackagingOM","The app package signature was validated for core content of the app package published by CN=Microsoft Corporation, O=Microsoft Corporation, L=Redmond, S=Washington, C=US. Payload won't be validated until the files are read."
"21-07-2026 13:10:46","170","Information","Microsoft-Windows-AppxPackagingOM","The streaming reader was created successfully for app package Microsoft.People_10.2202.100.0_x64__8wekyb3d8bbwe."
"21-07-2026 13:10:46","216","Warning","Microsoft-Windows-AppxPackagingOM","App manifest validation warning: Declared namespace http://schemas.microsoft.com/developer/appx/2015/build is inapplicable, it will be ignored during manifest processing."
"21-07-2026 13:10:46","157","Information","Microsoft-Windows-AppxPackagingOM","The app package signature was validated for core content of the app package published by CN=Microsoft Corporation, O=Microsoft Corporation, L=Redmond, S=Washington, C=US. Payload won't be validated until the files are read."
"21-07-2026 13:10:45","391","Information","Microsoft-Windows-AppxPackagingOM","The bundle streaming reader was created successfully for bundle Microsoft.People_2021.2202.100.0_neutral_~_8wekyb3d8bbwe."
"21-07-2026 13:10:45","164","Information","Microsoft-Windows-AppxPackagingOM","The app bundle signature was validated for core content of the app bundle published by CN=Microsoft Corporation, O=Microsoft Corporation, L=Redmond, S=Washington, C=US. App packages won't be validated until they are read."
"21-07-2026 13:10:43","170","Information","Microsoft-Windows-AppxPackagingOM","The streaming reader was created successfully for app package AppUp.IntelGraphicsExperience_1.100.5688.0_neutral_split.scale-150_8j3eq9eme6ctt."
"21-07-2026 13:10:42","157","Information","Microsoft-Windows-AppxPackagingOM","The app package signature was validated for core content of the app package published by CN=EB51A5DA-0E72-4863-82E4-EA21C1F8DFE3. Payload won't be validated until the files are read."
"21-07-2026 13:10:42","170","Information","Microsoft-Windows-AppxPackagingOM","The streaming reader was created successfully for app package AppUp.IntelGraphicsExperience_1.100.5688.0_x64__8j3eq9eme6ctt."
"21-07-2026 13:10:42","216","Warning","Microsoft-Windows-AppxPackagingOM","App manifest validation warning: Declared namespace http://schemas.microsoft.com/developer/appx/2015/build is inapplicable, it will be ignored during manifest processing."
"21-07-2026 13:10:42","157","Information","Microsoft-Windows-AppxPackagingOM","The app package signature was validated for core content of the app package published by CN=EB51A5DA-0E72-4863-82E4-EA21C1F8DFE3. Payload won't be validated until the files are read."
"21-07-2026 13:10:41","391","Information","Microsoft-Windows-AppxPackagingOM","The bundle streaming reader was created successfully for bundle AppUp.IntelGraphicsExperience_1.100.5688.0_neutral_~_8j3eq9eme6ctt."
"21-07-2026 13:10:41","164","Information","Microsoft-Windows-AppxPackagingOM","The app bundle signature was validated for core content of the app bundle published by CN=EB51A5DA-0E72-4863-82E4-EA21C1F8DFE3. App packages won't be validated until they are read."
"21-07-2026 12:58:27","216","Warning","Microsoft-Windows-AppxPackagingOM","App manifest validation warning: Declared namespace http://schemas.microsoft.com/developer/appx/2015/build is inapplicable, it will be ignored during manifest processing."
"21-07-2026 11:58:26","171","Information","Microsoft-Windows-AppxPackagingOM","The reader was created successfully for app package Microsoft.SecHealthUI_1000.29554.1001.0_x64__8wekyb3d8bbwe."
"21-07-2026 11:58:26","216","Warning","Microsoft-Windows-AppxPackagingOM","App manifest validation warning: Declared namespace http://schemas.microsoft.com/developer/appx/2015/build is inapplicable, it will be ignored during manifest processing."
"21-07-2026 11:04:15","171","Information","Microsoft-Windows-AppxPackagingOM","The reader was created successfully for app package Microsoft.SecHealthUI_1000.29554.1001.0_x64__8wekyb3d8bbwe."
"21-07-2026 11:03:15","171","Information","Microsoft-Windows-AppxPackagingOM","The reader was created successfully for app package Microsoft.SecHealthUI_1000.29554.1001.0_x64__8wekyb3d8bbwe."
"21-07-2026 10:44:27","216","Warning","Microsoft-Windows-AppxPackagingOM","App manifest validation warning: Declared namespace http://schemas.microsoft.com/developer/appx/2015/build is inapplicable, it will be ignored during manifest processing."
"21-07-2026 09:48:11","171","Information","Microsoft-Windows-AppxPackagingOM","The reader was created successfully for app package Microsoft.SecHealthUI_1000.29554.1001.0_x64__8wekyb3d8bbwe."
"21-07-2026 09:44:27","216","Warning","Microsoft-Windows-AppxPackagingOM","App manifest validation warning: Declared namespace http://schemas.microsoft.com/developer/appx/2015/build is inapplicable, it will be ignored during manifest processing."
"21-07-2026 09:10:38","171","Information","Microsoft-Windows-AppxPackagingOM","The reader was created successfully for app package Microsoft.SecHealthUI_1000.29554.1001.0_x64__8wekyb3d8bbwe."
"21-07-2026 08:55:45","171","Information","Microsoft-Windows-AppxPackagingOM","The reader was created successfully for app package Microsoft.SecHealthUI_1000.29554.1001.0_x64__8wekyb3d8bbwe."
"21-07-2026 08:49:04","170","Information","Microsoft-Windows-AppxPackagingOM","The streaming reader was created successfully for app package Microsoft.WindowsAppRuntime.2_2.2.0.0_x86__8wekyb3d8bbwe."
"21-07-2026 08:49:04","157","Information","Microsoft-Windows-AppxPackagingOM","The app package signature was validated for core content of the app package published by CN=Microsoft Corporation, O=Microsoft Corporation, L=Redmond, S=Washington, C=US. Payload won't be validated until the files are read."
"21-07-2026 08:47:19","170","Information","Microsoft-Windows-AppxPackagingOM","The streaming reader was created successfully for app package Microsoft.OneDriveSync_26119.622.3.0_neutral__8wekyb3d8bbwe."
"21-07-2026 08:47:19","157","Information","Microsoft-Windows-AppxPackagingOM","The app package signature was validated for core content of the app package published by CN=Microsoft Corporation, O=Microsoft Corporation, L=Redmond, S=Washington, C=US. Payload won't be validated until the files are read."
"21-07-2026 08:46:07","171","Information","Microsoft-Windows-AppxPackagingOM","The reader was created successfully for app package Microsoft.SecHealthUI_1000.29554.1001.0_x64__8wekyb3d8bbwe."
"21-07-2026 08:45:42","170","Information","Microsoft-Windows-AppxPackagingOM","The streaming reader was created successfully for app package aimgr_0.20.60.0_x64__8wekyb3d8bbwe."
"21-07-2026 08:45:41","157","Information","Microsoft-Windows-AppxPackagingOM","The app package signature was validated for core content of the app package published by CN=Microsoft Corporation, O=Microsoft Corporation, L=Redmond, S=Washington, C=US. Payload won't be validated until the files are read."
"21-07-2026 08:45:40","170","Information","Microsoft-Windows-AppxPackagingOM","The streaming reader was created successfully for app package Microsoft.Office.ActionsServer_16.0.20131.20152_neutral__8wekyb3d8bbwe."
"21-07-2026 08:45:40","157","Information","Microsoft-Windows-AppxPackagingOM","The app package signature was validated for core content of the app package published by CN=Microsoft Corporation, O=Microsoft Corporation, L=Redmond, S=Washington, C=US. Payload won't be validated until the files are read."
"21-07-2026 08:45:38","170","Information","Microsoft-Windows-AppxPackagingOM","The streaming reader was created successfully for app package Microsoft.OfficePushNotificationUtility_16.0.20131.20152_neutral__8wekyb3d8bbwe."
"21-07-2026 08:45:38","157","Information","Microsoft-Windows-AppxPackagingOM","The app package signature was validated for core content of the app package published by CN=Microsoft Corporation, O=Microsoft Corporation, L=Redmond, S=Washington, C=US. Payload won't be validated until the files are read."
"21-07-2026 08:45:12","171","Information","Microsoft-Windows-AppxPackagingOM","The reader was created successfully for app package inputsuggestions_8.1002.26095.1_neutral_neutral_8wekyb3d8bbwe."
"21-07-2026 08:44:27","170","Information","Microsoft-Windows-AppxPackagingOM","The streaming reader was created successfully for app package MdOdrMcpFilterPackage_1.0.0.0_neutral__cw5n1h2txyewy."
"21-07-2026 08:44:27","157","Information","Microsoft-Windows-AppxPackagingOM","The app package signature was validated for core content of the app package published by CN=Microsoft Windows, O=Microsoft Corporation, L=Redmond, S=Washington, C=US. Payload won't be validated until the files are read."
"21-07-2026 08:32:39","171","Information","Microsoft-Windows-AppxPackagingOM","The reader was created successfully for app package Microsoft.SecHealthUI_1000.29554.1001.0_x64__8wekyb3d8bbwe."
"21-07-2026 07:24:53","216","Warning","Microsoft-Windows-AppxPackagingOM","App manifest validation warning: Declared namespace http://schemas.microsoft.com/developer/appx/2015/build is inapplicable, it will be ignored during manifest processing."
"20-07-2026 17:39:29","216","Warning","Microsoft-Windows-AppxPackagingOM","App manifest validation warning: Declared namespace http://schemas.microsoft.com/developer/appx/2015/build is inapplicable, it will be ignored during manifest processing."
"20-07-2026 17:30:15","170","Information","Microsoft-Windows-AppxPackagingOM","The streaming reader was created successfully for app package Microsoft.MicrosoftOfficeHub_19.2607.44041.0_neutral_split.scale-100_8wekyb3d8bbwe."
"20-07-2026 17:30:15","157","Information","Microsoft-Windows-AppxPackagingOM","The app package signature was validated for core content of the app package published by CN=Microsoft Corporation, O=Microsoft Corporation, L=Redmond, S=Washington, C=US. Payload won't be validated until the files are read."
"20-07-2026 17:30:14","170","Information","Microsoft-Windows-AppxPackagingOM","The streaming reader was created successfully for app package Microsoft.MicrosoftOfficeHub_19.2607.44041.0_neutral_split.scale-150_8wekyb3d8bbwe."
"20-07-2026 17:30:14","157","Information","Microsoft-Windows-AppxPackagingOM","The app package signature was validated for core content of the app package published by CN=Microsoft Corporation, O=Microsoft Corporation, L=Redmond, S=Washington, C=US. Payload won't be validated until the files are read."
"20-07-2026 17:30:14","170","Information","Microsoft-Windows-AppxPackagingOM","The streaming reader was created successfully for app package Microsoft.MicrosoftOfficeHub_19.2607.44041.0_x64__8wekyb3d8bbwe."
"20-07-2026 17:30:14","216","Warning","Microsoft-Windows-AppxPackagingOM","App manifest validation warning: Declared namespace http://schemas.microsoft.com/developer/appx/2015/build is inapplicable, it will be ignored during manifest processing."
"20-07-2026 17:30:14","157","Information","Microsoft-Windows-AppxPackagingOM","The app package signature was validated for core content of the app package published by CN=Microsoft Corporation, O=Microsoft Corporation, L=Redmond, S=Washington, C=US. Payload won't be validated until the files are read."
"20-07-2026 17:30:13","391","Information","Microsoft-Windows-AppxPackagingOM","The bundle streaming reader was created successfully for bundle Microsoft.MicrosoftOfficeHub_2026.714.1341.0_neutral_~_8wekyb3d8bbwe."
"20-07-2026 17:30:13","164","Information","Microsoft-Windows-AppxPackagingOM","The app bundle signature was validated for core content of the app bundle published by CN=Microsoft Corporation, O=Microsoft Corporation, L=Redmond, S=Washington, C=US. App packages won't be validated until they are read."
"20-07-2026 17:30:09","170","Information","Microsoft-Windows-AppxPackagingOM","The streaming reader was created successfully for app package Microsoft.MicrosoftOfficeHub_19.2607.44041.0_neutral_split.scale-100_8wekyb3d8bbwe."
"20-07-2026 17:30:09","157","Information","Microsoft-Windows-AppxPackagingOM","The app package signature was validated for core content of the app package published by CN=Microsoft Corporation, O=Microsoft Corporation, L=Redmond, S=Washington, C=US. Payload won't be validated until the files are read."
"20-07-2026 17:30:09","170","Information","Microsoft-Windows-AppxPackagingOM","The streaming reader was created successfully for app package Microsoft.MicrosoftOfficeHub_19.2607.44041.0_neutral_split.scale-150_8wekyb3d8bbwe."
"20-07-2026 17:30:08","157","Information","Microsoft-Windows-AppxPackagingOM","The app package signature was validated for core content of the app package published by CN=Microsoft Corporation, O=Microsoft Corporation, L=Redmond, S=Washington, C=US. Payload won't be validated until the files are read."
"20-07-2026 17:30:08","170","Information","Microsoft-Windows-AppxPackagingOM","The streaming reader was created successfully for app package Microsoft.MicrosoftOfficeHub_19.2607.44041.0_x64__8wekyb3d8bbwe."
"20-07-2026 17:30:08","216","Warning","Microsoft-Windows-AppxPackagingOM","App manifest validation warning: Declared namespace http://schemas.microsoft.com/developer/appx/2015/build is inapplicable, it will be ignored during manifest processing."
"20-07-2026 17:30:08","157","Information","Microsoft-Windows-AppxPackagingOM","The app package signature was validated for core content of the app package published by CN=Microsoft Corporation, O=Microsoft Corporation, L=Redmond, S=Washington, C=US. Payload won't be validated until the files are read."
"20-07-2026 17:30:06","391","Information","Microsoft-Windows-AppxPackagingOM","The bundle streaming reader was created successfully for bundle Microsoft.MicrosoftOfficeHub_2026.714.1341.0_neutral_~_8wekyb3d8bbwe."
"20-07-2026 17:30:06","164","Information","Microsoft-Windows-AppxPackagingOM","The app bundle signature was validated for core content of the app bundle published by CN=Microsoft Corporation, O=Microsoft Corporation, L=Redmond, S=Washington, C=US. App packages won't be validated until they are read."
"20-07-2026 16:44:13","171","Information","Microsoft-Windows-AppxPackagingOM","The reader was created successfully for app package Microsoft.SecHealthUI_1000.29554.1001.0_x64__8wekyb3d8bbwe."
"20-07-2026 16:39:28","216","Warning","Microsoft-Windows-AppxPackagingOM","App manifest validation warning: Declared namespace http://schemas.microsoft.com/developer/appx/2015/build is inapplicable, it will be ignored during manifest processing."
"20-07-2026 15:45:15","171","Information","Microsoft-Windows-AppxPackagingOM","The reader was created successfully for app package Microsoft.SecHealthUI_1000.29554.1001.0_x64__8wekyb3d8bbwe."
"20-07-2026 15:39:29","216","Warning","Microsoft-Windows-AppxPackagingOM","App manifest validation warning: Declared namespace http://schemas.microsoft.com/developer/appx/2015/build is inapplicable, it will be ignored during manifest processing."
"20-07-2026 14:57:17","170","Information","Microsoft-Windows-AppxPackagingOM","The streaming reader was created successfully for app package Microsoft.OneDriveSync_26119.622.3.0_neutral__8wekyb3d8bbwe."
"20-07-2026 14:57:16","157","Information","Microsoft-Windows-AppxPackagingOM","The app package signature was validated for core content of the app package published by CN=Microsoft Corporation, O=Microsoft Corporation, L=Redmond, S=Washington, C=US. Payload won't be validated until the files are read."
"20-07-2026 14:57:02","170","Information","Microsoft-Windows-AppxPackagingOM","The streaming reader was created successfully for app package Microsoft.OneDriveSync_26119.622.3.0_neutral__8wekyb3d8bbwe."
"20-07-2026 14:57:02","157","Information","Microsoft-Windows-AppxPackagingOM","The app package signature was validated for core content of the app package published by CN=Microsoft Corporation, O=Microsoft Corporation, L=Redmond, S=Washington, C=US. Payload won't be validated until the files are read."
"20-07-2026 14:49:05","171","Information","Microsoft-Windows-AppxPackagingOM","The reader was created successfully for app package inputsuggestions_8.1002.26095.1_neutral_neutral_8wekyb3d8bbwe."
"20-07-2026 14:44:28","171","Information","Microsoft-Windows-AppxPackagingOM","The reader was created successfully for app package Microsoft.SecHealthUI_1000.29554.1001.0_x64__8wekyb3d8bbwe."
"20-07-2026 14:39:29","216","Warning","Microsoft-Windows-AppxPackagingOM","App manifest validation warning: Declared namespace http://schemas.microsoft.com/developer/appx/2015/build is inapplicable, it will be ignored during manifest processing."
"20-07-2026 13:39:28","216","Warning","Microsoft-Windows-AppxPackagingOM","App manifest validation warning: Declared namespace http://schemas.microsoft.com/developer/appx/2015/build is inapplicable, it will be ignored during manifest processing."
"20-07-2026 13:14:11","171","Information","Microsoft-Windows-AppxPackagingOM","The reader was created successfully for app package Microsoft.SecHealthUI_1000.29554.1001.0_x64__8wekyb3d8bbwe."
"20-07-2026 12:39:27","216","Warning","Microsoft-Windows-AppxPackagingOM","App manifest validation warning: Declared namespace http://schemas.microsoft.com/developer/appx/2015/build is inapplicable, it will be ignored during manifest processing."
"20-07-2026 11:57:37","171","Information","Microsoft-Windows-AppxPackagingOM","The reader was created successfully for app package Microsoft.SecHealthUI_1000.29554.1001.0_x64__8wekyb3d8bbwe."
"20-07-2026 11:39:27","216","Warning","Microsoft-Windows-AppxPackagingOM","App manifest validation warning: Declared namespace http://schemas.microsoft.com/developer/appx/2015/build is inapplicable, it will be ignored during manifest processing."
"20-07-2026 10:39:26","216","Warning","Microsoft-Windows-AppxPackagingOM","App manifest validation warning: Declared namespace http://schemas.microsoft.com/developer/appx/2015/build is inapplicable, it will be ignored during manifest processing."
"20-07-2026 10:38:50","170","Information","Microsoft-Windows-AppxPackagingOM","The streaming reader was created successfully for app package Microsoft.MicrosoftEdge.Stable_150.0.4078.83_neutral__8wekyb3d8bbwe."
"20-07-2026 10:38:50","157","Information","Microsoft-Windows-AppxPackagingOM","The app package signature was validated for core content of the app package published by CN=Microsoft Corporation, O=Microsoft Corporation, L=Redmond, S=Washington, C=US. Payload won't be validated until the files are read."
"20-07-2026 10:20:43","171","Information","Microsoft-Windows-AppxPackagingOM","The reader was created successfully for app package Microsoft.SecHealthUI_1000.29554.1001.0_x64__8wekyb3d8bbwe."
"20-07-2026 10:18:27","170","Information","Microsoft-Windows-AppxPackagingOM","The streaming reader was created successfully for app package Microsoft.WindowsStore_22606.1401.4.0_x64__8wekyb3d8bbwe."
"20-07-2026 10:18:27","216","Warning","Microsoft-Windows-AppxPackagingOM","App manifest validation warning: Declared namespace http://schemas.microsoft.com/developer/appx/2015/build is inapplicable, it will be ignored during manifest processing."
"20-07-2026 10:18:27","157","Information","Microsoft-Windows-AppxPackagingOM","The app package signature was validated for core content of the app package published by CN=Microsoft Corporation, O=Microsoft Corporation, L=Redmond, S=Washington, C=US. Payload won't be validated until the files are read."
"20-07-2026 10:18:25","391","Information","Microsoft-Windows-AppxPackagingOM","The bundle streaming reader was created successfully for bundle Microsoft.WindowsStore_22606.1401.4.0_neutral_~_8wekyb3d8bbwe."
"20-07-2026 10:18:24","164","Information","Microsoft-Windows-AppxPackagingOM","The app bundle signature was validated for core content of the app bundle published by CN=Microsoft Corporation, O=Microsoft Corporation, L=Redmond, S=Washington, C=US. App packages won't be validated until they are read."
"20-07-2026 10:18:04","170","Information","Microsoft-Windows-AppxPackagingOM","The streaming reader was created successfully for app package Microsoft.PowerAutomateDesktop_11.2607.187.0_x64__8wekyb3d8bbwe."
"20-07-2026 10:18:03","157","Information","Microsoft-Windows-AppxPackagingOM","The app package signature was validated for core content of the app package published by CN=Microsoft Corporation, O=Microsoft Corporation, L=Redmond, S=Washington, C=US. Payload won't be validated until the files are read."
"20-07-2026 10:17:53","170","Information","Microsoft-Windows-AppxPackagingOM","The streaming reader was created successfully for app package Microsoft.WindowsTerminal_1.24.11911.0_x64__8wekyb3d8bbwe."
"20-07-2026 10:17:53","216","Warning","Microsoft-Windows-AppxPackagingOM","App manifest validation warning: Declared namespace http://schemas.microsoft.com/developer/appx/2015/build is inapplicable, it will be ignored during manifest processing."
"20-07-2026 10:17:53","157","Information","Microsoft-Windows-AppxPackagingOM","The app package signature was validated for core content of the app package published by CN=Microsoft Corporation, O=Microsoft Corporation, L=Redmond, S=Washington, C=US. Payload won't be validated until the files are read."
"20-07-2026 10:17:52","391","Information","Microsoft-Windows-AppxPackagingOM","The bundle streaming reader was created successfully for bundle Microsoft.PowerAutomateDesktop_11.2607.187.0_neutral_~_8wekyb3d8bbwe."
"20-07-2026 10:17:52","164","Information","Microsoft-Windows-AppxPackagingOM","The app bundle signature was validated for core content of the app bundle published by CN=Microsoft Corporation, O=Microsoft Corporation, L=Redmond, S=Washington, C=US. App packages won't be validated until they are read."
"20-07-2026 10:17:49","391","Information","Microsoft-Windows-AppxPackagingOM","The bundle streaming reader was created successfully for bundle Microsoft.WindowsTerminal_3001.24.11911.0_neutral_~_8wekyb3d8bbwe."
"20-07-2026 10:17:49","164","Information","Microsoft-Windows-AppxPackagingOM","The app bundle signature was validated for core content of the app bundle published by CN=Microsoft Corporation, O=Microsoft Corporation, L=Redmond, S=Washington, C=US. App packages won't be validated until they are read."
"20-07-2026 10:17:45","170","Information","Microsoft-Windows-AppxPackagingOM","The streaming reader was created successfully for app package Microsoft.MicrosoftOfficeHub_19.2607.44041.0_neutral_split.scale-100_8wekyb3d8bbwe."
"20-07-2026 10:17:45","157","Information","Microsoft-Windows-AppxPackagingOM","The app package signature was validated for core content of the app package published by CN=Microsoft Corporation, O=Microsoft Corporation, L=Redmond, S=Washington, C=US. Payload won't be validated until the files are read."
"20-07-2026 10:17:44","170","Information","Microsoft-Windows-AppxPackagingOM","The streaming reader was created successfully for app package Microsoft.MicrosoftOfficeHub_19.2607.44041.0_neutral_split.scale-150_8wekyb3d8bbwe."
"20-07-2026 10:17:44","157","Information","Microsoft-Windows-AppxPackagingOM","The app package signature was validated for core content of the app package published by CN=Microsoft Corporation, O=Microsoft Corporation, L=Redmond, S=Washington, C=US. Payload won't be validated until the files are read."
"20-07-2026 10:17:43","170","Information","Microsoft-Windows-AppxPackagingOM","The streaming reader was created successfully for app package Microsoft.MicrosoftOfficeHub_19.2607.44041.0_x64__8wekyb3d8bbwe."
"20-07-2026 10:17:43","216","Warning","Microsoft-Windows-AppxPackagingOM","App manifest validation warning: Declared namespace http://schemas.microsoft.com/developer/appx/2015/build is inapplicable, it will be ignored during manifest processing."
"20-07-2026 10:17:43","157","Information","Microsoft-Windows-AppxPackagingOM","The app package signature was validated for core content of the app package published by CN=Microsoft Corporation, O=Microsoft Corporation, L=Redmond, S=Washington, C=US. Payload won't be validated until the files are read."
"20-07-2026 10:17:41","391","Information","Microsoft-Windows-AppxPackagingOM","The bundle streaming reader was created successfully for bundle Microsoft.MicrosoftOfficeHub_2026.714.1341.0_neutral_~_8wekyb3d8bbwe."
"20-07-2026 10:17:41","164","Information","Microsoft-Windows-AppxPackagingOM","The app bundle signature was validated for core content of the app bundle published by CN=Microsoft Corporation, O=Microsoft Corporation, L=Redmond, S=Washington, C=US. App packages won't be validated until they are read."
"20-07-2026 10:17:32","170","Information","Microsoft-Windows-AppxPackagingOM","The streaming reader was created successfully for app package MicrosoftCorporationII.QuickAssist_2.0.47.0_neutral_split.scale-100_8wekyb3d8bbwe."
"20-07-2026 10:17:32","157","Information","Microsoft-Windows-AppxPackagingOM","The app package signature was validated for core content of the app package published by CN=Microsoft Corporation, O=Microsoft Corporation, L=Redmond, S=Washington, C=US. Payload won't be validated until the files are read."
"20-07-2026 10:17:32","170","Information","Microsoft-Windows-AppxPackagingOM","The streaming reader was created successfully for app package Microsoft.AV1VideoExtension_2.0.24.0_x64__8wekyb3d8bbwe."
"20-07-2026 10:17:32","216","Warning","Microsoft-Windows-AppxPackagingOM","App manifest validation warning: Declared namespace http://schemas.microsoft.com/developer/appx/2015/build is inapplicable, it will be ignored during manifest processing."
"20-07-2026 10:17:32","157","Information","Microsoft-Windows-AppxPackagingOM","The app package signature was validated for core content of the app package published by CN=Microsoft Corporation, O=Microsoft Corporation, L=Redmond, S=Washington, C=US. Payload won't be validated until the files are read."
"20-07-2026 10:17:31","170","Information","Microsoft-Windows-AppxPackagingOM","The streaming reader was created successfully for app package MicrosoftCorporationII.QuickAssist_2.0.47.0_neutral_split.scale-150_8wekyb3d8bbwe."
"20-07-2026 10:17:30","157","Information","Microsoft-Windows-AppxPackagingOM","The app package signature was validated for core content of the app package published by CN=Microsoft Corporation, O=Microsoft Corporation, L=Redmond, S=Washington, C=US. Payload won't be validated until the files are read."
"20-07-2026 10:17:30","391","Information","Microsoft-Windows-AppxPackagingOM","The bundle streaming reader was created successfully for bundle Microsoft.AV1VideoExtension_2.0.24.0_neutral_~_8wekyb3d8bbwe."
"20-07-2026 10:17:30","164","Information","Microsoft-Windows-AppxPackagingOM","The app bundle signature was validated for core content of the app bundle published by CN=Microsoft Corporation, O=Microsoft Corporation, L=Redmond, S=Washington, C=US. App packages won't be validated until they are read."
"20-07-2026 10:17:26","170","Information","Microsoft-Windows-AppxPackagingOM","The streaming reader was created successfully for app package MicrosoftCorporationII.QuickAssist_2.0.47.0_x64__8wekyb3d8bbwe."
