"18-08-2026 16:31:22","2005","Verbose","Microsoft-Windows-Install-Agent","Initializing InstallService for shared
Error: Unknown HResult Error code: 0xefffffff
Function: ServiceMain
Source: onecoreuap\enduser\winstore\installservice\svc\svcmain.cpp (207)"
"18-08-2026 16:31:22","2006","Information","Microsoft-Windows-Install-Agent","Setting MSA Client Id for Token requests: {f0c62012-2cef-4831-b1f7-930682874c86}
Error: Unspecified error
Function: 
Source: onecoreuap\enduser\winstore\auth\lib\winstoreauth.cpp (206)"
"18-08-2026 16:31:22","2000","Information","Microsoft-Windows-Install-Agent","Process Name: C:\Windows\System32\svchost.exe
Module Name: c:\windows\system32\installservice.dll
Build: 26100.1.amd64fre.ge_release.240331-1435, UBR: 8893
"
"18-08-2026 16:31:22","2005","Verbose","Microsoft-Windows-Install-Agent","oneSettingsconcurrentDefaultInstalls = 3, oneSettingsconcurrentMinInstalls = 3
Error: Unknown HResult Error code: 0xefffffff
Function: GetConcurrentInstallsFromOneSettings
Source: onecoreuap\enduser\winstore\installservice\lib\settings.cpp (846)"
"18-08-2026 16:31:22","2006","Information","Microsoft-Windows-Install-Agent","Setting MSA Client Id for Token requests: {f0c62012-2cef-4831-b1f7-930682874c86}
Error: Unspecified error
Function: 
Source: onecoreuap\enduser\winstore\auth\lib\winstoreauth.cpp (206)"
"18-08-2026 16:31:22","2000","Information","Microsoft-Windows-Install-Agent","Process Name: C:\Windows\System32\svchost.exe
Module Name: C:\Windows\System32\InstallService.dll
Build: 26100.1.amd64fre.ge_release.240331-1435, UBR: 8893
"
"18-08-2026 16:31:22","6004","Information","Microsoft-Windows-Push-To-Install-Service","Smart Install App Control setting retrieved: 0
Error Code: Unknown HResult Error code: 0xefffffff
Function: GetAppControlSettingAsInt
Source: onecoreuap\enduser\winstore\pushtoinstall\lib\service.cpp (96)"
"18-08-2026 16:31:22","6004","Information","Microsoft-Windows-Push-To-Install-Service","PTI started with login
Error Code: Unknown HResult Error code: 0xefffffff
Function: ServiceInitialize
Source: onecoreuap\enduser\winstore\pushtoinstall\lib\service.cpp (343)"
"18-08-2026 16:31:22","6004","Information","Microsoft-Windows-Push-To-Install-Service","canDisableApps value is 1
Error Code: Unknown HResult Error code: 0xefffffff
Function: InitStoreAppsAreDisabled
Source: onecoreuap\enduser\winstore\pushtoinstall\svc\svcmain.cpp (58)"
"18-08-2026 16:31:22","6006","Information","Microsoft-Windows-Push-To-Install-Service","Process Name: C:\Windows\System32\svchost.exe
Module Name: c:\windows\system32\pushtoinstall.dll
Build: 26100.1.amd64fre.ge_release.240331-1435
"
"18-08-2026 16:31:04","8000","Information","Microsoft-Windows-Store","Process Name: C:\Program Files\Microsoft Office\root\Office16\OUTLOOK.EXE
Module Name: C:\Windows\SYSTEM32\licensemanagerapi.dll
Build: 26100.1.amd64fre.ge_release.240331-1435
"
"18-08-2026 16:31:02","2006","Information","Microsoft-Windows-Install-Agent","USO store provider is enabled.
Error: Unknown HResult Error code: 0xefffffff
Function: CanUseUsoStoreProvider
Source: onecoreuap\enduser\winstore\installservice\lib\settings.cpp (4188)"
"18-08-2026 16:31:02","2006","Information","Microsoft-Windows-Install-Agent","[Telemetry]: Stats :: AppControlPreferenceOptions = 99  ShouldHonorAppUpdatePauseFlags = 2  
Error: Unknown HResult Error code: 0xefffffff
Function: LogTelemetryEvent
Source: onecoreuap\enduser\winstore\installservice\tasksdll\logging.cpp (10)"
"18-08-2026 16:31:02","2006","Information","Microsoft-Windows-Install-Agent","Update block list not found or empty in OneSettings
Error: Unknown HResult Error code: 0xefffffff
Function: DoInitializeOneSettingsConfiguration
Source: onecoreuap\enduser\winstore\installservice\lib\settings.cpp (2735)"
"18-08-2026 16:31:02","2006","Information","Microsoft-Windows-Install-Agent","Failure detected
Error: JSON value not found.
Function: 
Source: onecoreuap\enduser\winstore\installservice\lib\settings.cpp (578)"
"18-08-2026 16:31:02","2006","Information","Microsoft-Windows-Install-Agent","Failure detected
Error: JSON value not found.
Function: 
Source: onecoreuap\enduser\winstore\installservice\lib\settings.cpp (558)"
"18-08-2026 16:31:02","2005","Verbose","Microsoft-Windows-Install-Agent","CheckpointAbandonmentRules fetched from OneSettings payload: [{""callerApplicationIdKeyword"":""WindowsStore"",""systemAttemptCountThreshold"":5,""creationTimestampThresholdInDays"":2},{""callerApplicationIdKeyword"":""MoUsoCoreWorker"",""systemAttemptCountThreshold"":2,""creationTimestampThresholdInDays"":2}]
Error: Unknown HResult Error code: 0xefffffff
Function: _ReadCheckpointAbandonmentRules
Source: onecoreuap\enduser\winstore\installservice\lib\settings.cpp (4907)"
"18-08-2026 16:31:02","2005","Verbose","Microsoft-Windows-Install-Agent","SfEdgeFallbackEndpointUrl fetched from cache: https://sfdataservice.microsoft.com/package-retrieval
Error: Unknown HResult Error code: 0xefffffff
Function: _ReadSfEdgeFallbackEndpointUrl
Source: onecoreuap\enduser\winstore\installservice\lib\settings.cpp (4660)"
"18-08-2026 16:31:02","2005","Verbose","Microsoft-Windows-Install-Agent","ProductCatalogUrl fetched from cache: https://fe3cr.delivery.mp.microsoft.com/ClientWebService/client.asmx/secured
Error: Unknown HResult Error code: 0xefffffff
Function: _ReadProductCatalogUrl
Source: onecoreuap\enduser\winstore\installservice\lib\settings.cpp (4639)"
"18-08-2026 16:31:02","2005","Verbose","Microsoft-Windows-Install-Agent","DirectDownloadEnablementLiveCheckThreshold in milliseconds fetched from cache: 600000
Error: Unknown HResult Error code: 0xefffffff
Function: _ReadDirectDownloadEnablementLiveCheckThreshold
Source: onecoreuap\enduser\winstore\installservice\lib\settings.cpp (4617)"
"18-08-2026 16:31:02","2007","Warning","Microsoft-Windows-Install-Agent","Error while reading DirectDownloadReplacementSettings from OneSettings cache, value will remain empty
Error: Unknown HResult Error code: 0xefffffff
Function: DoInitializeOneSettingsConfiguration
Source: onecoreuap\enduser\winstore\installservice\lib\settings.cpp (2638)"
"18-08-2026 16:31:02","2006","Information","Microsoft-Windows-Install-Agent","Failure detected
Error: JSON value not found.
Function: 
Source: onecoreuap\enduser\winstore\installservice\lib\settings.cpp (4556)"
"18-08-2026 16:31:02","2006","Information","Microsoft-Windows-Install-Agent","DirectDownloadEnablementSettings Source field missing. Defaulting to Default.
Error: Unknown HResult Error code: 0xefffffff
Function: _ParseDirectDownloadSourceFromJson
Source: onecoreuap\enduser\winstore\installservice\lib\settings.cpp (4428)"
"18-08-2026 16:31:02","2006","Information","Microsoft-Windows-Install-Agent","DirectDownloadEnablementSettings Source field missing. Defaulting to Default.
Error: Unknown HResult Error code: 0xefffffff
Function: _ParseDirectDownloadSourceFromJson
Source: onecoreuap\enduser\winstore\installservice\lib\settings.cpp (4428)"
"18-08-2026 16:31:02","2006","Information","Microsoft-Windows-Install-Agent","DirectDownloadEnablementSettings Source field missing. Defaulting to Default.
Error: Unknown HResult Error code: 0xefffffff
Function: _ParseDirectDownloadSourceFromJson
Source: onecoreuap\enduser\winstore\installservice\lib\settings.cpp (4428)"
"18-08-2026 16:31:02","2006","Information","Microsoft-Windows-Install-Agent","DirectDownloadEnablementSettings Source field missing. Defaulting to Default.
Error: Unknown HResult Error code: 0xefffffff
Function: _ParseDirectDownloadSourceFromJson
Source: onecoreuap\enduser\winstore\installservice\lib\settings.cpp (4428)"
"18-08-2026 16:31:02","2006","Information","Microsoft-Windows-Install-Agent","DirectDownloadEnablementSettings Source field missing. Defaulting to Default.
Error: Unknown HResult Error code: 0xefffffff
Function: _ParseDirectDownloadSourceFromJson
Source: onecoreuap\enduser\winstore\installservice\lib\settings.cpp (4428)"
"18-08-2026 16:31:02","2006","Information","Microsoft-Windows-Install-Agent","DirectDownloadEnablementSettings Source field missing. Defaulting to Default.
Error: Unknown HResult Error code: 0xefffffff
Function: _ParseDirectDownloadSourceFromJson
Source: onecoreuap\enduser\winstore\installservice\lib\settings.cpp (4428)"
"18-08-2026 16:31:02","2006","Information","Microsoft-Windows-Install-Agent","DirectDownloadEnablementSettings Source field missing. Defaulting to Default.
Error: Unknown HResult Error code: 0xefffffff
Function: _ParseDirectDownloadSourceFromJson
Source: onecoreuap\enduser\winstore\installservice\lib\settings.cpp (4428)"
"18-08-2026 16:31:02","2006","Information","Microsoft-Windows-Install-Agent","DirectDownloadEnablementSettings Source field missing. Defaulting to Default.
Error: Unknown HResult Error code: 0xefffffff
Function: _ParseDirectDownloadSourceFromJson
Source: onecoreuap\enduser\winstore\installservice\lib\settings.cpp (4428)"
"18-08-2026 16:31:02","2005","Verbose","Microsoft-Windows-Install-Agent","DirectDownloadEnablementSettings fetched from OneSettings payload: [{""clientIds"":[],""hresults"":[],""regions"":[],""products"":[],""arches"":[],""installTypes"":[],""errorStages"":[""Install""],""listType"":""Disallowed""},{""clientIds"":[""Microsoft.WindowsStore_8wekyb3d8bbwe""],""hresults"":[],""regions"":[],""products"":[""9NKSQGP7F2NH"",""9NRX63209R7B"",""9NTXR16HNW1T"",""9PLM9XGG6VKS""],""arches"":[],""installTypes"":[],""errorStages"":[],""listType"":""Disallowed""},{""clientIds"":[],""hresults"":[""0x00000000"",""0x80004004"",""0x80070032"",""0x8007029C"",""0x8007045B"",""0x80070520"",""0x80073CFB"",""0x80073CFF"",""0x80073D0A"",""0x80073D13"",""0x80073D19"",""0x80073D22"",""0x80240008"",""0x8024001E"",""0x80240066"",""0x803FB003"",""0x803FB015"",""0xC8000710"",""0x80073CF4"",""0x80073D01"",""0x80070070"",""0x80073D21"",""0x80246017"",""0x80073CFE""],""regions"":[],""products"":[],""arches"":[],""installTypes"":[],""errorStages"":[],""listType"":""Disallowed""},{""clientIds"":[],""hresults"":[],""regions"":[],""products"":[""9PLRGHGXR4FM""],""arches"":[],""installTypes"":[""Install""],""errorStages"":[],""listType"":""Allowed""},{""clientIds"":[],""hresults"":[],""regions"":[""CN""],""products"":[],""arches"":[],""installTypes"":[],""errorStages"":[],""listType"":""Disallowed""},{""clientIds"":[],""hresults"":[],""regions"":[],""products"":[""9N3RK8ZV2ZR8"",""9NRZT3Q9R3DL"",""9P2B8MCSVPLN"",""9NPV76S164X5"",""9NBLGGH4RV3P"",""9NBLGGH4SVJT"",""9PHBC65ZG12V"",""9NKSQGP7F2NH"",""9NKRJ3SJ9SDG""],""arches"":[],""installTypes"":[],""errorStages"":[],""listType"":""Disallowed""},{""clientIds"":[""DellInc.AlienwareCommandCenter_htrsf667h5kn2"",""DSIC"",""explorer"",""AICompanion"",""HP.Omen.OmenCommandCenter"",""setup"",""Language Overlay Service"",""TabTip"",""LiveCaptions"",""Undetermined"",""GamingService""],""hresults"":[],""regions"":[],""products"":[],""arches"":[],""installTypes"":[],""errorStages"":[],""listType"":""Disallowed""},{""clientIds"":[],""hresults"":[],""regions"":[],""products"":[],""arches"":[],""installTypes"":[""Install""],""errorStages"":[],""listType"":""Allowed""}]
Error: Unknown HResult Error code: 0xefffffff
Function: _ReadDirectDownloadEnablementSettings
Source: onecoreuap\enduser\winstore\installservice\lib\settings.cpp (4503)"
"18-08-2026 16:31:02","2005","Verbose","Microsoft-Windows-Install-Agent","DirectDownloadEnablementState fetched from cache: 2
Error: Unknown HResult Error code: 0xefffffff
Function: _ReadDirectDownloadEnablementState
Source: onecoreuap\enduser\winstore\installservice\lib\settings.cpp (4479)"
"18-08-2026 16:31:02","2006","Information","Microsoft-Windows-Install-Agent","Failure detected
Error: JSON value not found.
Function: 
Source: onecoreuap\enduser\winstore\installservice\lib\settings.cpp (538)"
"18-08-2026 16:31:02","2006","Information","Microsoft-Windows-Install-Agent","Failure detected
Error: JSON value not found.
Function: 
Source: onecoreuap\enduser\winstore\installservice\lib\settings.cpp (558)"
"18-08-2026 16:31:02","2006","Information","Microsoft-Windows-Install-Agent","Failure detected
Error: JSON value not found.
Function: 
Source: onecoreuap\enduser\winstore\installservice\lib\settings.cpp (558)"
"18-08-2026 16:31:02","2006","Information","Microsoft-Windows-Install-Agent","Failure detected
Error: JSON value not found.
Function: 
Source: onecoreuap\enduser\winstore\installservice\lib\settings.cpp (538)"
"18-08-2026 16:31:02","2006","Information","Microsoft-Windows-Install-Agent","Failure detected
Error: JSON value not found.
Function: 
Source: onecoreuap\enduser\winstore\installservice\lib\settings.cpp (538)"
"18-08-2026 16:31:02","2005","Verbose","Microsoft-Windows-Install-Agent","OneSettingsOnlineScanCooldown (in seconds) = 30
Error: Unknown HResult Error code: 0xefffffff
Function: DoInitializeOneSettingsConfiguration
Source: onecoreuap\enduser\winstore\installservice\lib\settings.cpp (2521)"
"18-08-2026 16:31:02","2005","Verbose","Microsoft-Windows-Install-Agent","OneSettingsOnlineScansAllowedInInterval = 10
Error: Unknown HResult Error code: 0xefffffff
Function: DoInitializeOneSettingsConfiguration
Source: onecoreuap\enduser\winstore\installservice\lib\settings.cpp (2514)"
"18-08-2026 16:31:02","2005","Verbose","Microsoft-Windows-Install-Agent","OneSettingsOnlineScanInterval (in seconds) = 86400
Error: Unknown HResult Error code: 0xefffffff
Function: DoInitializeOneSettingsConfiguration
Source: onecoreuap\enduser\winstore\installservice\lib\settings.cpp (2512)"
"18-08-2026 16:31:02","2005","Verbose","Microsoft-Windows-Install-Agent","oneSettingsconcurrentDefaultInstalls = 3, oneSettingsconcurrentMinInstalls = 3
Error: Unknown HResult Error code: 0xefffffff
Function: GetConcurrentInstallsFromOneSettings
Source: onecoreuap\enduser\winstore\installservice\lib\settings.cpp (846)"
"18-08-2026 16:31:02","2006","Information","Microsoft-Windows-Install-Agent","Setting MSA Client Id for Token requests: {f0c62012-2cef-4831-b1f7-930682874c86}
Error: Unspecified error
Function: 
Source: onecoreuap\enduser\winstore\auth\lib\winstoreauth.cpp (206)"
"18-08-2026 16:31:02","2000","Information","Microsoft-Windows-Install-Agent","Process Name: C:\Windows\system32\taskhostw.exe
Module Name: C:\Windows\System32\InstallServiceTasks.dll
Build: 26100.1.amd64fre.ge_release.240331-1435, UBR: 8893
"
"18-08-2026 16:30:53","8001","Information","Microsoft-Windows-Store","Skipping license manager: PFN Microsoft.Todos_2.176.7601.0_x64__8wekyb3d8bbwe
Function: InvokeLicenseManagerRequired
Source: onecoreuap\enduser\winstore\licensemanager\apisethost\activationapis.cpp (373)"
"18-08-2026 16:30:53","8001","Information","Microsoft-Windows-Store","Skipping license manager: PFN Microsoft.Todos_2.176.7601.0_x64__8wekyb3d8bbwe
Function: InvokeLicenseManagerRequired
Source: onecoreuap\enduser\winstore\licensemanager\apisethost\activationapis.cpp (373)"
"18-08-2026 16:28:14","8001","Information","Microsoft-Windows-Store","Skipping license manager: PFN Microsoft.MicrosoftStickyNotes_6.1.4.0_x64__8wekyb3d8bbwe
Function: InvokeLicenseManagerRequired
Source: onecoreuap\enduser\winstore\licensemanager\apisethost\activationapis.cpp (373)"
"18-08-2026 16:28:14","8001","Information","Microsoft-Windows-Store","Skipping license manager: PFN Microsoft.MicrosoftStickyNotes_6.1.4.0_x64__8wekyb3d8bbwe
Function: InvokeLicenseManagerRequired
Source: onecoreuap\enduser\winstore\licensemanager\apisethost\activationapis.cpp (373)"
"18-08-2026 16:13:49","8001","Information","Microsoft-Windows-Store","Skipping license manager: PFN Microsoft.Todos_2.176.7601.0_x64__8wekyb3d8bbwe
Function: InvokeLicenseManagerRequired
Source: onecoreuap\enduser\winstore\licensemanager\apisethost\activationapis.cpp (373)"
"18-08-2026 16:12:44","8001","Information","Microsoft-Windows-Store","Skipping license manager: PFN Microsoft.Todos_2.176.7601.0_x64__8wekyb3d8bbwe
Function: InvokeLicenseManagerRequired
Source: onecoreuap\enduser\winstore\licensemanager\apisethost\activationapis.cpp (373)"
"18-08-2026 16:12:44","8001","Information","Microsoft-Windows-Store","Skipping license manager: PFN Microsoft.Todos_2.176.7601.0_x64__8wekyb3d8bbwe
Function: InvokeLicenseManagerRequired
Source: onecoreuap\enduser\winstore\licensemanager\apisethost\activationapis.cpp (373)"
"18-08-2026 16:12:41","8001","Information","Microsoft-Windows-Store","Skipping license manager: PFN Microsoft.MicrosoftStickyNotes_6.1.4.0_x64__8wekyb3d8bbwe
Function: InvokeLicenseManagerRequired
Source: onecoreuap\enduser\winstore\licensemanager\apisethost\activationapis.cpp (373)"
"18-08-2026 16:12:41","8001","Information","Microsoft-Windows-Store","Skipping license manager: PFN Microsoft.MicrosoftStickyNotes_6.1.4.0_x64__8wekyb3d8bbwe
Function: InvokeLicenseManagerRequired
Source: onecoreuap\enduser\winstore\licensemanager\apisethost\activationapis.cpp (373)"
"18-08-2026 15:59:19","8001","Information","Microsoft-Windows-Store","Skipping license manager: PFN Microsoft.Todos_2.176.7601.0_x64__8wekyb3d8bbwe
Function: InvokeLicenseManagerRequired
Source: onecoreuap\enduser\winstore\licensemanager\apisethost\activationapis.cpp (373)"
"18-08-2026 15:58:14","8001","Information","Microsoft-Windows-Store","Skipping license manager: PFN Microsoft.Todos_2.176.7601.0_x64__8wekyb3d8bbwe
Function: InvokeLicenseManagerRequired
Source: onecoreuap\enduser\winstore\licensemanager\apisethost\activationapis.cpp (373)"
"18-08-2026 15:58:14","8001","Information","Microsoft-Windows-Store","Skipping license manager: PFN Microsoft.StorePurchaseApp_22606.1401.3.0_x64__8wekyb3d8bbwe
Function: InvokeLicenseManagerRequired
Source: onecoreuap\enduser\winstore\licensemanager\apisethost\activationapis.cpp (373)"
"18-08-2026 15:58:14","8001","Information","Microsoft-Windows-Store","Skipping license manager: PFN Microsoft.Todos_2.176.7601.0_x64__8wekyb3d8bbwe
Function: InvokeLicenseManagerRequired
Source: onecoreuap\enduser\winstore\licensemanager\apisethost\activationapis.cpp (373)"
"18-08-2026 15:57:44","8001","Information","Microsoft-Windows-Store","Skipping license manager: PFN Microsoft.MicrosoftStickyNotes_6.1.4.0_x64__8wekyb3d8bbwe
Function: InvokeLicenseManagerRequired
Source: onecoreuap\enduser\winstore\licensemanager\apisethost\activationapis.cpp (373)"
"18-08-2026 15:57:44","8001","Information","Microsoft-Windows-Store","Skipping license manager: PFN Microsoft.MicrosoftStickyNotes_6.1.4.0_x64__8wekyb3d8bbwe
Function: InvokeLicenseManagerRequired
Source: onecoreuap\enduser\winstore\licensemanager\apisethost\activationapis.cpp (373)"
"18-08-2026 15:45:26","8001","Information","Microsoft-Windows-Store","Skipping license manager: PFN Microsoft.WindowsStore_22607.1401.3.0_x64__8wekyb3d8bbwe
Function: InvokeLicenseManagerRequired
Source: onecoreuap\enduser\winstore\licensemanager\apisethost\activationapis.cpp (373)"
"18-08-2026 15:44:25","4","Information","Windows-ApplicationModel-Store-SDK","Setting up ServiceProvider
Function: TryManageArgumentsAsync
Source: .\src\Shell\WinStore.DesktopExtension\Program.cs (118)"
"18-08-2026 15:44:25","8001","Information","Microsoft-Windows-Store","Skipping license manager: PFN Microsoft.WindowsStore_22607.1401.3.0_x64__8wekyb3d8bbwe
Function: InvokeLicenseManagerRequired
Source: onecoreuap\enduser\winstore\licensemanager\apisethost\activationapis.cpp (373)"
"18-08-2026 15:43:07","8001","Information","Microsoft-Windows-Store","Skipping license manager: PFN Microsoft.Todos_2.176.7601.0_x64__8wekyb3d8bbwe
Function: InvokeLicenseManagerRequired
Source: onecoreuap\enduser\winstore\licensemanager\apisethost\activationapis.cpp (373)"
"18-08-2026 15:43:07","8001","Information","Microsoft-Windows-Store","Skipping license manager: PFN Microsoft.Todos_2.176.7601.0_x64__8wekyb3d8bbwe
Function: InvokeLicenseManagerRequired
Source: onecoreuap\enduser\winstore\licensemanager\apisethost\activationapis.cpp (373)"
"18-08-2026 15:36:13","8001","Information","Microsoft-Windows-Store","Skipping license manager: PFN Microsoft.MicrosoftStickyNotes_6.1.4.0_x64__8wekyb3d8bbwe
Function: InvokeLicenseManagerRequired
Source: onecoreuap\enduser\winstore\licensemanager\apisethost\activationapis.cpp (373)"
"18-08-2026 15:36:13","8001","Information","Microsoft-Windows-Store","Skipping license manager: PFN Microsoft.MicrosoftStickyNotes_6.1.4.0_x64__8wekyb3d8bbwe
Function: InvokeLicenseManagerRequired
Source: onecoreuap\enduser\winstore\licensemanager\apisethost\activationapis.cpp (373)"
"18-08-2026 15:31:43","8001","Information","Microsoft-Windows-Store","Skipping license manager: PFN Microsoft.Todos_2.176.7601.0_x64__8wekyb3d8bbwe
Function: InvokeLicenseManagerRequired
Source: onecoreuap\enduser\winstore\licensemanager\apisethost\activationapis.cpp (373)"
"18-08-2026 15:30:38","8001","Information","Microsoft-Windows-Store","Skipping license manager: PFN Microsoft.Todos_2.176.7601.0_x64__8wekyb3d8bbwe
Function: InvokeLicenseManagerRequired
Source: onecoreuap\enduser\winstore\licensemanager\apisethost\activationapis.cpp (373)"
"18-08-2026 15:30:38","8001","Information","Microsoft-Windows-Store","Skipping license manager: PFN Microsoft.Todos_2.176.7601.0_x64__8wekyb3d8bbwe
Function: InvokeLicenseManagerRequired
Source: onecoreuap\enduser\winstore\licensemanager\apisethost\activationapis.cpp (373)"
"18-08-2026 15:30:08","8001","Information","Microsoft-Windows-Store","Skipping license manager: PFN Microsoft.MicrosoftStickyNotes_6.1.4.0_x64__8wekyb3d8bbwe
Function: InvokeLicenseManagerRequired
Source: onecoreuap\enduser\winstore\licensemanager\apisethost\activationapis.cpp (373)"
"18-08-2026 15:30:08","8001","Information","Microsoft-Windows-Store","Skipping license manager: PFN Microsoft.MicrosoftStickyNotes_6.1.4.0_x64__8wekyb3d8bbwe
Function: InvokeLicenseManagerRequired
Source: onecoreuap\enduser\winstore\licensemanager\apisethost\activationapis.cpp (373)"
"18-08-2026 15:29:32","8001","Information","Microsoft-Windows-Store","Skipping license manager: PFN Microsoft.MicrosoftStickyNotes_6.1.4.0_x64__8wekyb3d8bbwe
Function: InvokeLicenseManagerRequired
Source: onecoreuap\enduser\winstore\licensemanager\apisethost\activationapis.cpp (373)"
"18-08-2026 15:15:53","8001","Information","Microsoft-Windows-Store","Skipping license manager: PFN Microsoft.Todos_2.176.7601.0_x64__8wekyb3d8bbwe
Function: InvokeLicenseManagerRequired
Source: onecoreuap\enduser\winstore\licensemanager\apisethost\activationapis.cpp (373)"
"18-08-2026 15:15:53","8001","Information","Microsoft-Windows-Store","Skipping license manager: PFN Microsoft.Todos_2.176.7601.0_x64__8wekyb3d8bbwe
Function: InvokeLicenseManagerRequired
Source: onecoreuap\enduser\winstore\licensemanager\apisethost\activationapis.cpp (373)"
"18-08-2026 15:10:30","8001","Information","Microsoft-Windows-Store","Skipping license manager: PFN Microsoft.MicrosoftStickyNotes_6.1.4.0_x64__8wekyb3d8bbwe
Function: InvokeLicenseManagerRequired
Source: onecoreuap\enduser\winstore\licensemanager\apisethost\activationapis.cpp (373)"
"18-08-2026 15:10:30","8001","Information","Microsoft-Windows-Store","Skipping license manager: PFN Microsoft.MicrosoftStickyNotes_6.1.4.0_x64__8wekyb3d8bbwe
Function: InvokeLicenseManagerRequired
Source: onecoreuap\enduser\winstore\licensemanager\apisethost\activationapis.cpp (373)"
"18-08-2026 14:58:52","8001","Information","Microsoft-Windows-Store","Skipping license manager: PFN Microsoft.Todos_2.176.7601.0_x64__8wekyb3d8bbwe
Function: InvokeLicenseManagerRequired
Source: onecoreuap\enduser\winstore\licensemanager\apisethost\activationapis.cpp (373)"
"18-08-2026 14:57:47","8001","Information","Microsoft-Windows-Store","Skipping license manager: PFN Microsoft.Todos_2.176.7601.0_x64__8wekyb3d8bbwe
Function: InvokeLicenseManagerRequired
Source: onecoreuap\enduser\winstore\licensemanager\apisethost\activationapis.cpp (373)"
"18-08-2026 14:57:46","8001","Information","Microsoft-Windows-Store","Skipping license manager: PFN Microsoft.Todos_2.176.7601.0_x64__8wekyb3d8bbwe
Function: InvokeLicenseManagerRequired
Source: onecoreuap\enduser\winstore\licensemanager\apisethost\activationapis.cpp (373)"
"18-08-2026 14:56:47","8001","Information","Microsoft-Windows-Store","Skipping license manager: PFN Microsoft.MicrosoftStickyNotes_6.1.4.0_x64__8wekyb3d8bbwe
Function: InvokeLicenseManagerRequired
Source: onecoreuap\enduser\winstore\licensemanager\apisethost\activationapis.cpp (373)"
"18-08-2026 14:56:47","8001","Information","Microsoft-Windows-Store","Skipping license manager: PFN Microsoft.MicrosoftStickyNotes_6.1.4.0_x64__8wekyb3d8bbwe
Function: InvokeLicenseManagerRequired
Source: onecoreuap\enduser\winstore\licensemanager\apisethost\activationapis.cpp (373)"
"18-08-2026 14:48:49","8001","Information","Microsoft-Windows-Store","Skipping license manager: PFN Microsoft.WindowsNotepad_11.2606.15.0_x64__8wekyb3d8bbwe
Function: InvokeLicenseManagerRequired
Source: onecoreuap\enduser\winstore\licensemanager\apisethost\activationapis.cpp (373)"
"18-08-2026 14:44:13","8001","Information","Microsoft-Windows-Store","Skipping license manager: PFN Microsoft.WindowsNotepad_11.2606.15.0_x64__8wekyb3d8bbwe
Function: InvokeLicenseManagerRequired
Source: onecoreuap\enduser\winstore\licensemanager\apisethost\activationapis.cpp (373)"
"18-08-2026 14:43:07","8001","Information","Microsoft-Windows-Store","Skipping license manager: PFN Microsoft.Todos_2.176.7601.0_x64__8wekyb3d8bbwe
Function: InvokeLicenseManagerRequired
Source: onecoreuap\enduser\winstore\licensemanager\apisethost\activationapis.cpp (373)"
"18-08-2026 14:43:07","8001","Information","Microsoft-Windows-Store","Skipping license manager: PFN Microsoft.Todos_2.176.7601.0_x64__8wekyb3d8bbwe
Function: InvokeLicenseManagerRequired
Source: onecoreuap\enduser\winstore\licensemanager\apisethost\activationapis.cpp (373)"
"18-08-2026 14:39:50","6004","Information","Microsoft-Windows-Push-To-Install-Service","onecoreuap\enduser\winstore\servicescommon\lib\httpforservices.cpp(783)\pushtoinstall.dll!00007FFA1902C88C: (caller: 00007FFA1902CDA0) Exception(1) tid(4bd4) 80072EE7 
Error Code: Unknown HResult Error code: 0x80072ee7
Function: 
Source: onecoreuap\enduser\winstore\pushtoinstall\lib\service.cpp (293)"
"18-08-2026 14:39:50","6004","Information","Microsoft-Windows-Push-To-Install-Service","Failed to connect to /v1/client/registerdevice
Error Code: Unknown HResult Error code: 0x80072ee7
Function: 
Source: onecoreuap\enduser\winstore\servicescommon\lib\httpforservices.cpp (200)"
"18-08-2026 14:39:50","6003","Warning","Microsoft-Windows-Push-To-Install-Service","
Error Code: Unknown HResult Error code: 0x80072ee7
Function: 
Source: onecoreuap\enduser\winstore\servicescommon\lib\httpforservices.cpp (783)"
"18-08-2026 14:39:49","6004","Information","Microsoft-Windows-Push-To-Install-Service","Registration successful. Returning the retrieved URI.
Error Code: Unknown HResult Error code: 0xefffffff
Function: RegisterForWns
Source: onecoreuap\enduser\winstore\pushtoinstall\lib\wnschannel.cpp (68)"
"18-08-2026 14:39:49","6004","Information","Microsoft-Windows-Push-To-Install-Service","Attempting to register with the notification service.
Error Code: Unknown HResult Error code: 0xefffffff
Function: RegisterForWns
Source: onecoreuap\enduser\winstore\pushtoinstall\lib\wnschannel.cpp (21)"
"18-08-2026 14:39:49","6004","Information","Microsoft-Windows-Push-To-Install-Service","PTI started with registration
Error Code: Unknown HResult Error code: 0xefffffff
Function: ServiceInitialize
Source: onecoreuap\enduser\winstore\pushtoinstall\lib\service.cpp (338)"
"18-08-2026 14:39:49","6004","Information","Microsoft-Windows-Push-To-Install-Service","canDisableApps value is 1
Error Code: Unknown HResult Error code: 0xefffffff
Function: InitStoreAppsAreDisabled
Source: onecoreuap\enduser\winstore\pushtoinstall\svc\svcmain.cpp (58)"
"18-08-2026 14:39:49","6006","Information","Microsoft-Windows-Push-To-Install-Service","Process Name: C:\Windows\System32\svchost.exe
Module Name: c:\windows\system32\pushtoinstall.dll
Build: 26100.1.amd64fre.ge_release.240331-1435
"
"18-08-2026 14:38:05","8001","Information","Microsoft-Windows-Store","Skipping license manager: PFN Microsoft.MicrosoftOfficeHub_19.2608.39011.0_x64__8wekyb3d8bbwe
Function: InvokeLicenseManagerRequired
Source: onecoreuap\enduser\winstore\licensemanager\apisethost\activationapis.cpp (373)"
"18-08-2026 14:38:05","8001","Information","Microsoft-Windows-Store","Skipping license manager: PFN Microsoft.MicrosoftOfficeHub_19.2608.39011.0_x64__8wekyb3d8bbwe
Function: InvokeLicenseManagerRequired
Source: onecoreuap\enduser\winstore\licensemanager\apisethost\activationapis.cpp (373)"
"18-08-2026 14:38:05","8001","Information","Microsoft-Windows-Store","canDisableApps value is 1
Function: InitStoreAppsAreDisabled
Source: onecoreuap\enduser\winstore\licensemanager\apisethost\activationapis.cpp (195)"
"18-08-2026 14:38:05","8000","Information","Microsoft-Windows-Store","Process Name: C:\Windows\Explorer.EXE
Module Name: C:\Windows\SYSTEM32\licensemanagerapi.dll
Build: 26100.1.amd64fre.ge_release.240331-1435
"
"18-08-2026 14:36:44","8001","Information","Microsoft-Windows-Store","Skipping license manager: PFN Microsoft.WindowsStore_22607.1401.3.0_x64__8wekyb3d8bbwe
Function: InvokeLicenseManagerRequired
Source: onecoreuap\enduser\winstore\licensemanager\apisethost\activationapis.cpp (373)"
"18-08-2026 14:35:44","4","Information","Windows-ApplicationModel-Store-SDK","Setting up ServiceProvider
Function: TryManageArgumentsAsync
Source: .\src\Shell\WinStore.DesktopExtension\Program.cs (118)"
"18-08-2026 14:35:43","8001","Information","Microsoft-Windows-Store","Skipping license manager: PFN Microsoft.WindowsStore_22607.1401.3.0_x64__8wekyb3d8bbwe
Function: InvokeLicenseManagerRequired
Source: onecoreuap\enduser\winstore\licensemanager\apisethost\activationapis.cpp (373)"
"18-08-2026 14:35:43","8001","Information","Microsoft-Windows-Store","Skipping license manager: PFN Microsoft.Todos_2.176.7601.0_x64__8wekyb3d8bbwe
Function: InvokeLicenseManagerRequired
Source: onecoreuap\enduser\winstore\licensemanager\apisethost\activationapis.cpp (373)"
"18-08-2026 14:35:43","8001","Information","Microsoft-Windows-Store","Skipping license manager: PFN Microsoft.StorePurchaseApp_22606.1401.3.0_x64__8wekyb3d8bbwe
Function: InvokeLicenseManagerRequired
Source: onecoreuap\enduser\winstore\licensemanager\apisethost\activationapis.cpp (373)"
"18-08-2026 14:35:43","8001","Information","Microsoft-Windows-Store","Skipping license manager: PFN Microsoft.Todos_2.176.7601.0_x64__8wekyb3d8bbwe
Function: InvokeLicenseManagerRequired
Source: onecoreuap\enduser\winstore\licensemanager\apisethost\activationapis.cpp (373)"
"18-08-2026 14:34:58","8001","Information","Microsoft-Windows-Store","Skipping license manager: PFN Microsoft.WindowsCalculator_11.2606.0.0_x64__8wekyb3d8bbwe
Function: InvokeLicenseManagerRequired
Source: onecoreuap\enduser\winstore\licensemanager\apisethost\activationapis.cpp (373)"
"18-08-2026 14:34:41","8001","Information","Microsoft-Windows-Store","Skipping license manager: PFN Microsoft.WindowsCalculator_11.2606.0.0_x64__8wekyb3d8bbwe
Function: InvokeLicenseManagerRequired
Source: onecoreuap\enduser\winstore\licensemanager\apisethost\activationapis.cpp (373)"
"18-08-2026 14:34:41","8001","Information","Microsoft-Windows-Store","Skipping license manager: PFN Microsoft.WindowsCalculator_11.2606.0.0_x64__8wekyb3d8bbwe
Function: InvokeLicenseManagerRequired
Source: onecoreuap\enduser\winstore\licensemanager\apisethost\activationapis.cpp (373)"
"18-08-2026 14:34:41","8001","Information","Microsoft-Windows-Store","Skipping license manager: PFN Microsoft.WindowsCalculator_11.2606.0.0_x64__8wekyb3d8bbwe
Function: InvokeLicenseManagerRequired
Source: onecoreuap\enduser\winstore\licensemanager\apisethost\activationapis.cpp (373)"
"18-08-2026 14:34:02","8000","Information","Microsoft-Windows-Store","Process Name: C:\Program Files\WindowsApps\MSTeams_26198.304.4946.9672_x64__8wekyb3d8bbwe\ms-teams.exe
Module Name: C:\Windows\SYSTEM32\licensemanagerapi.dll
Build: 26100.1.amd64fre.ge_release.240331-1435
"
"18-08-2026 14:33:51","8001","Information","Microsoft-Windows-Store","Skipping license manager: PFN Microsoft.MicrosoftOfficeHub_19.2608.39011.0_x64__8wekyb3d8bbwe
Function: InvokeLicenseManagerRequired
Source: onecoreuap\enduser\winstore\licensemanager\apisethost\activationapis.cpp (373)"
"18-08-2026 14:33:51","8001","Information","Microsoft-Windows-Store","Skipping license manager: PFN Microsoft.Paint_11.2605.71.0_x64__8wekyb3d8bbwe
Function: InvokeLicenseManagerRequired
Source: onecoreuap\enduser\winstore\licensemanager\apisethost\activationapis.cpp (373)"
"18-08-2026 14:33:51","8001","Information","Microsoft-Windows-Store","Skipping license manager: PFN Microsoft.Windows.Photos_2026.11060.2004.0_x64__8wekyb3d8bbwe
Function: InvokeLicenseManagerRequired
Source: onecoreuap\enduser\winstore\licensemanager\apisethost\activationapis.cpp (373)"
"18-08-2026 14:33:51","8001","Information","Microsoft-Windows-Store","canDisableApps value is 1
Function: InitStoreAppsAreDisabled
Source: onecoreuap\enduser\winstore\licensemanager\apisethost\activationapis.cpp (195)"
"18-08-2026 14:33:51","8000","Information","Microsoft-Windows-Store","Process Name: C:\Windows\system32\svchost.exe
Module Name: C:\Windows\SYSTEM32\licensemanagerapi.dll
Build: 26100.1.amd64fre.ge_release.240331-1435
"
"18-08-2026 14:33:30","8000","Information","Microsoft-Windows-Store","Process Name: C:\Program Files\WindowsApps\MSTeams_26198.304.4946.9672_x64__8wekyb3d8bbwe\msteams_autostarter.exe
Module Name: C:\Windows\SYSTEM32\licensemanagerapi.dll
Build: 26100.1.amd64fre.ge_release.240331-1435
"
"18-08-2026 14:33:01","8001","Information","Microsoft-Windows-Store","Skipping license manager: PFN Microsoft.MicrosoftOfficeHub_19.2608.39011.0_x64__8wekyb3d8bbwe
Function: InvokeLicenseManagerRequired
Source: onecoreuap\enduser\winstore\licensemanager\apisethost\activationapis.cpp (373)"
"18-08-2026 14:33:00","8001","Information","Microsoft-Windows-Store","Skipping license manager: PFN Microsoft.MicrosoftOfficeHub_19.2608.39011.0_x64__8wekyb3d8bbwe
Function: InvokeLicenseManagerRequired
Source: onecoreuap\enduser\winstore\licensemanager\apisethost\activationapis.cpp (373)"
"18-08-2026 14:33:00","8001","Information","Microsoft-Windows-Store","canDisableApps value is 1
Function: InitStoreAppsAreDisabled
Source: onecoreuap\enduser\winstore\licensemanager\apisethost\activationapis.cpp (195)"
"18-08-2026 14:33:00","8000","Information","Microsoft-Windows-Store","Process Name: C:\Program Files\WindowsApps\Microsoft.MicrosoftOfficeHub_19.2608.39011.0_x64__8wekyb3d8bbwe\m365copilot_autostarter.exe
Module Name: C:\Windows\SYSTEM32\licensemanagerapi.dll
Build: 26100.1.amd64fre.ge_release.240331-1435
"
"18-08-2026 14:32:59","8001","Information","Microsoft-Windows-Store","Skipping license manager: PFN Microsoft.MicrosoftOfficeHub_19.2608.39011.0_x64__8wekyb3d8bbwe
Function: InvokeLicenseManagerRequired
Source: onecoreuap\enduser\winstore\licensemanager\apisethost\activationapis.cpp (373)"
"18-08-2026 14:32:59","8001","Information","Microsoft-Windows-Store","canDisableApps value is 1
Function: InitStoreAppsAreDisabled
Source: onecoreuap\enduser\winstore\licensemanager\apisethost\activationapis.cpp (195)"
"18-08-2026 14:32:59","8001","Information","Microsoft-Windows-Store","Skipping license manager: PFN Microsoft.MicrosoftOfficeHub_19.2608.39011.0_x64__8wekyb3d8bbwe
Function: InvokeLicenseManagerRequired
Source: onecoreuap\enduser\winstore\licensemanager\apisethost\activationapis.cpp (373)"
"18-08-2026 14:32:59","8001","Information","Microsoft-Windows-Store","canDisableApps value is 1
Function: InitStoreAppsAreDisabled
Source: onecoreuap\enduser\winstore\licensemanager\apisethost\activationapis.cpp (195)"
"18-08-2026 14:32:51","8001","Information","Microsoft-Windows-Store","Skipping license manager: PFN Microsoft.MicrosoftStickyNotes_6.1.4.0_x64__8wekyb3d8bbwe
Function: InvokeLicenseManagerRequired
Source: onecoreuap\enduser\winstore\licensemanager\apisethost\activationapis.cpp (373)"
"18-08-2026 14:32:51","8001","Information","Microsoft-Windows-Store","Skipping license manager: PFN Microsoft.MicrosoftStickyNotes_6.1.4.0_x64__8wekyb3d8bbwe
Function: InvokeLicenseManagerRequired
Source: onecoreuap\enduser\winstore\licensemanager\apisethost\activationapis.cpp (373)"
"18-08-2026 14:31:58","8001","Information","Microsoft-Windows-Store","Skipping license manager: PFN Microsoft.WindowsNotepad_11.2606.15.0_x64__8wekyb3d8bbwe
Function: InvokeLicenseManagerRequired
Source: onecoreuap\enduser\winstore\licensemanager\apisethost\activationapis.cpp (373)"
"18-08-2026 14:31:52","3","Warning","Windows-ApplicationModel-Store-SDK","Task 'WinStore.Tasks.WindowsSearchTask+Runner' was canceled, reason: 'SystemPolicy'.
Function: Run
Source: .\src\Core\WinStore.Tasks\Helpers\BackgroundTaskRunner.cs (99)"
"18-08-2026 14:31:51","3","Warning","Windows-ApplicationModel-Store-SDK","Task 'WinStore.Tasks.WindowsSearchTask+Runner' was canceled, reason: 'SystemPolicy'.
Function: Run
Source: .\src\Core\WinStore.Tasks\Helpers\BackgroundTaskRunner.cs (99)"
"18-08-2026 14:31:51","8001","Information","Microsoft-Windows-Store","Skipping license manager: PFN Microsoft.WindowsStore_22607.1401.3.0_x64__8wekyb3d8bbwe
Function: InvokeLicenseManagerRequired
Source: onecoreuap\enduser\winstore\licensemanager\apisethost\activationapis.cpp (373)"
"18-08-2026 14:31:51","8001","Information","Microsoft-Windows-Store","Skipping license manager: PFN Microsoft.WindowsStore_22607.1401.3.0_x64__8wekyb3d8bbwe
Function: InvokeLicenseManagerRequired
Source: onecoreuap\enduser\winstore\licensemanager\apisethost\activationapis.cpp (373)"
"18-08-2026 14:31:27","8001","Information","Microsoft-Windows-Store","Skipping license manager: PFN Microsoft.WindowsStore_22607.1401.3.0_x64__8wekyb3d8bbwe
Function: InvokeLicenseManagerRequired
Source: onecoreuap\enduser\winstore\licensemanager\apisethost\activationapis.cpp (373)"
"18-08-2026 14:31:27","8001","Information","Microsoft-Windows-Store","Skipping license manager: PFN Microsoft.WindowsStore_22607.1401.3.0_x64__8wekyb3d8bbwe
Function: InvokeLicenseManagerRequired
Source: onecoreuap\enduser\winstore\licensemanager\apisethost\activationapis.cpp (373)"
"18-08-2026 14:31:27","8001","Information","Microsoft-Windows-Store","Skipping license manager: PFN MicrosoftWindows.CrossDevice_1.26071.84.0_x64__cw5n1h2txyewy
Function: InvokeLicenseManagerRequired
Source: onecoreuap\enduser\winstore\licensemanager\apisethost\activationapis.cpp (373)"
"18-08-2026 14:31:27","8001","Information","Microsoft-Windows-Store","canDisableApps value is 1
Function: InitStoreAppsAreDisabled
Source: onecoreuap\enduser\winstore\licensemanager\apisethost\activationapis.cpp (195)"
"18-08-2026 14:31:25","8000","Information","Microsoft-Windows-Store","Process Name: C:\Windows\system32\svchost.exe
Module Name: C:\Windows\SYSTEM32\licensemanagerapi.dll
Build: 26100.1.amd64fre.ge_release.240331-1435
"
"18-08-2026 14:31:23","8000","Information","Microsoft-Windows-Store","Process Name: C:\Windows\system32\sihost.exe
Module Name: C:\Windows\SYSTEM32\licensemanagerapi.dll
Build: 26100.1.amd64fre.ge_release.240331-1435
"
"18-08-2026 14:31:22","8000","Information","Microsoft-Windows-Store","Process Name: C:\Windows\system32\svchost.exe
Module Name: C:\Windows\SYSTEM32\licensemanagerapi.dll
Build: 26100.1.amd64fre.ge_release.240331-1435
"
"18-08-2026 14:30:56","8001","Information","Microsoft-Windows-Store","Skipping license manager: PFN AppUp.IntelArcSoftware_26.26.2459.0_x64__8j3eq9eme6ctt
Function: InvokeLicenseManagerRequired
Source: onecoreuap\enduser\winstore\licensemanager\apisethost\activationapis.cpp (373)"
"18-08-2026 14:30:56","8001","Information","Microsoft-Windows-Store","canDisableApps value is 1
Function: InitStoreAppsAreDisabled
Source: onecoreuap\enduser\winstore\licensemanager\apisethost\activationapis.cpp (195)"
"18-08-2026 14:30:56","8000","Information","Microsoft-Windows-Store","Process Name: C:\Windows\system32\services.exe
Module Name: C:\Windows\SYSTEM32\licensemanagerapi.dll
Build: 26100.1.amd64fre.ge_release.240331-1435
"
"18-08-2026 14:20:34","8001","Information","Microsoft-Windows-Store","Network connectivity level changed to 0x0
Function: NetworkStatusMonitor::Invoke
Source: onecoreuap\enduser\winstore\licensemanager\lib\networkstatusmonitor.cpp (108)"
"18-08-2026 14:20:34","8001","Information","Microsoft-Windows-Store","Network connectivity level changed to 0x0
Function: NetworkStatusMonitor::Invoke
Source: onecoreuap\enduser\winstore\licensemanager\lib\networkstatusmonitor.cpp (108)"
"18-08-2026 14:20:34","8001","Information","Microsoft-Windows-Store","ServicePackageRundownNotificationImpl PsmKey:AppUp.IntelArcSoftware_26.26.2459.0_x64__8j3eq9eme6ctt+INTELGRAPHICSSOFTWARE, sid:S-1-5-18
Function: ServicePackageRundownNotificationImpl
Source: onecoreuap\enduser\winstore\licensemanager\lib\service.cpp (2587)"
"18-08-2026 14:20:34","8001","Information","Microsoft-Windows-Store","Invoking license manager because license/lease polling time up: PFN AppUp.IntelArcSoftware_26.26.2459.0_x64__8j3eq9eme6ctt
Function: InvokeLicenseManagerRequired
Source: onecoreuap\enduser\winstore\licensemanager\apisethost\activationapis.cpp (361)"
"18-08-2026 14:20:15","8001","Information","Microsoft-Windows-Store","Skipping license manager: PFN Microsoft.MicrosoftOfficeHub_19.2608.39011.0_x64__8wekyb3d8bbwe
Function: InvokeLicenseManagerRequired
Source: onecoreuap\enduser\winstore\licensemanager\apisethost\activationapis.cpp (373)"
"18-08-2026 14:20:15","8001","Information","Microsoft-Windows-Store","Skipping license manager: PFN Microsoft.WindowsStore_22607.1401.3.0_x64__8wekyb3d8bbwe
Function: InvokeLicenseManagerRequired
Source: onecoreuap\enduser\winstore\licensemanager\apisethost\activationapis.cpp (373)"
"18-08-2026 14:20:15","3","Warning","Windows-ApplicationModel-Store-SDK","Task 'WinStore.Tasks.WindowsSearchTask+Runner' was canceled, reason: 'LoggingOff'.
Function: Run
Source: .\src\Core\WinStore.Tasks\Helpers\BackgroundTaskRunner.cs (99)"
"18-08-2026 14:20:11","8001","Information","Microsoft-Windows-Store","Skipping license manager: PFN Microsoft.MicrosoftStickyNotes_6.1.4.0_x64__8wekyb3d8bbwe
Function: InvokeLicenseManagerRequired
Source: onecoreuap\enduser\winstore\licensemanager\apisethost\activationapis.cpp (373)"
"18-08-2026 14:13:56","8001","Information","Microsoft-Windows-Store","Skipping license manager: PFN Microsoft.Todos_2.176.7601.0_x64__8wekyb3d8bbwe
Function: InvokeLicenseManagerRequired
Source: onecoreuap\enduser\winstore\licensemanager\apisethost\activationapis.cpp (373)"
"18-08-2026 14:13:04","8001","Information","Microsoft-Windows-Store","Skipping license manager: PFN Microsoft.WindowsNotepad_11.2606.15.0_x64__8wekyb3d8bbwe
Function: InvokeLicenseManagerRequired
Source: onecoreuap\enduser\winstore\licensemanager\apisethost\activationapis.cpp (373)"
"18-08-2026 14:12:52","8001","Information","Microsoft-Windows-Store","Skipping license manager: PFN Microsoft.Todos_2.176.7601.0_x64__8wekyb3d8bbwe
Function: InvokeLicenseManagerRequired
Source: onecoreuap\enduser\winstore\licensemanager\apisethost\activationapis.cpp (373)"
"18-08-2026 14:12:52","8001","Information","Microsoft-Windows-Store","Skipping license manager: PFN Microsoft.Todos_2.176.7601.0_x64__8wekyb3d8bbwe
Function: InvokeLicenseManagerRequired
Source: onecoreuap\enduser\winstore\licensemanager\apisethost\activationapis.cpp (373)"
"18-08-2026 14:12:44","8001","Information","Microsoft-Windows-Store","Skipping license manager: PFN Microsoft.MicrosoftStickyNotes_6.1.4.0_x64__8wekyb3d8bbwe
Function: InvokeLicenseManagerRequired
Source: onecoreuap\enduser\winstore\licensemanager\apisethost\activationapis.cpp (373)"
"18-08-2026 14:12:44","8001","Information","Microsoft-Windows-Store","Skipping license manager: PFN Microsoft.MicrosoftStickyNotes_6.1.4.0_x64__8wekyb3d8bbwe
Function: InvokeLicenseManagerRequired
Source: onecoreuap\enduser\winstore\licensemanager\apisethost\activationapis.cpp (373)"
"18-08-2026 14:10:10","8001","Information","Microsoft-Windows-Store","Skipping license manager: PFN Microsoft.WindowsNotepad_11.2606.15.0_x64__8wekyb3d8bbwe
Function: InvokeLicenseManagerRequired
Source: onecoreuap\enduser\winstore\licensemanager\apisethost\activationapis.cpp (373)"
"18-08-2026 14:09:51","8001","Information","Microsoft-Windows-Store","Skipping license manager: PFN Microsoft.WindowsNotepad_11.2606.15.0_x64__8wekyb3d8bbwe
Function: InvokeLicenseManagerRequired
Source: onecoreuap\enduser\winstore\licensemanager\apisethost\activationapis.cpp (373)"
"18-08-2026 14:06:01","8001","Information","Microsoft-Windows-Store","Skipping license manager: PFN Microsoft.ScreenSketch_11.2602.49.0_x64__8wekyb3d8bbwe
Function: InvokeLicenseManagerRequired
Source: onecoreuap\enduser\winstore\licensemanager\apisethost\activationapis.cpp (373)"
"18-08-2026 14:05:50","8001","Information","Microsoft-Windows-Store","Skipping license manager: PFN Microsoft.StorePurchaseApp_22606.1401.3.0_x64__8wekyb3d8bbwe
Function: InvokeLicenseManagerRequired
Source: onecoreuap\enduser\winstore\licensemanager\apisethost\activationapis.cpp (373)"
"18-08-2026 13:57:52","8001","Information","Microsoft-Windows-Store","Skipping license manager: PFN Microsoft.Todos_2.176.7601.0_x64__8wekyb3d8bbwe
Function: InvokeLicenseManagerRequired
Source: onecoreuap\enduser\winstore\licensemanager\apisethost\activationapis.cpp (373)"
"18-08-2026 13:57:52","8001","Information","Microsoft-Windows-Store","Skipping license manager: PFN Microsoft.Todos_2.176.7601.0_x64__8wekyb3d8bbwe
Function: InvokeLicenseManagerRequired
Source: onecoreuap\enduser\winstore\licensemanager\apisethost\activationapis.cpp (373)"
"18-08-2026 13:51:57","8001","Information","Microsoft-Windows-Store","Skipping license manager: PFN Microsoft.WindowsStore_22607.1401.3.0_x64__8wekyb3d8bbwe
Function: InvokeLicenseManagerRequired
Source: onecoreuap\enduser\winstore\licensemanager\apisethost\activationapis.cpp (373)"
"18-08-2026 13:50:57","4","Information","Windows-ApplicationModel-Store-SDK","Setting up ServiceProvider
Function: TryManageArgumentsAsync
Source: .\src\Shell\WinStore.DesktopExtension\Program.cs (118)"
"18-08-2026 13:50:57","8001","Information","Microsoft-Windows-Store","Skipping license manager: PFN Microsoft.WindowsStore_22607.1401.3.0_x64__8wekyb3d8bbwe
Function: InvokeLicenseManagerRequired
Source: onecoreuap\enduser\winstore\licensemanager\apisethost\activationapis.cpp (373)"
"18-08-2026 13:48:35","8011","Verbose","Microsoft-Windows-Store","0x21b4f171190: 23472: 42493DE9-7734-949C-AD90-1D11F59F45CB: Dispatch: Key:RegisterCallback => Key:Valid"
"18-08-2026 13:48:35","8001","Information","Microsoft-Windows-Store","Decoding: {""entitlementId"":""182fce73-23e2-360a-ffd5-fdda9a76ba47"",""entitlementSatisfaction"":""Device"",""isOffline"":true,""leaseEnforcement"":""None"",""leaseUri"":""https://licensing.md.mp.microsoft.com/v7.0/licenses/?beneficiaryId=msaonecoreuap\enduser\winstore\licensemanager\lib\clipdocument.cppa844432217418028&contentId=42493de9-7734-949c-ad90-1d11f59f45cb&entitlementId=182fce73-23e2-360a-ffd5-fdda9a76ba47&market=IN&policyType=Device"",""keyIds"":[""f1d940d0-b5b2-0083-8403-807a8db430d5""],""kind"":""Content"",""packages"":[{""packageIdentifier"":""42493de9-7734-949c-ad90-1d11f59f45cb"",""packageType"":""msix"",""productAddOns"":[],""productId"":""9MZ95KL8MR0L"",""skuId"":""0010""}],""pollAt"":""2026-08-31T17:43:41.0794494+00:00"",""refreshOnStartup"":false,""version"":7}
Function: DecodeCustomPolicy
Source: onecoreuap\enduser\winstore\licensemanager\lib\clipdocument.cpp (50)"
"18-08-2026 13:48:35","8001","Information","Microsoft-Windows-Store","Decoding: {""entitlementId"":""182fce73-23e2-360a-ffd5-fdda9a76ba47"",""entitlementSatisfaction"":""Device"",""isOffline"":true,""leaseEnforcement"":""None"",""leaseUri"":""https://licensing.md.mp.microsoft.com/v7.0/licenses/?beneficiaryId=msaonecoreuap\enduser\winstore\licensemanager\lib\clipdocument.cppa844432217418028&contentId=42493de9-7734-949c-ad90-1d11f59f45cb&entitlementId=182fce73-23e2-360a-ffd5-fdda9a76ba47&market=IN&policyType=Device"",""keyIds"":[""f1d940d0-b5b2-0083-8403-807a8db430d5""],""kind"":""Content"",""packages"":[{""packageIdentifier"":""42493de9-7734-949c-ad90-1d11f59f45cb"",""packageType"":""msix"",""productAddOns"":[],""productId"":""9MZ95KL8MR0L"",""skuId"":""0010""}],""pollAt"":""2026-08-31T17:43:41.0794494+00:00"",""refreshOnStartup"":false,""version"":7}
Function: DecodeCustomPolicy
Source: onecoreuap\enduser\winstore\licensemanager\lib\clipdocument.cpp (50)"
"18-08-2026 13:48:35","8001","Information","Microsoft-Windows-Store","Decoding: {""legacyProductId"":""74a4d5f7-a2f1-401f-9768-d26e2dfe0273""}
Function: DecodeCustomPolicy
Source: onecoreuap\enduser\winstore\licensemanager\lib\clipdocument.cpp (50)"
"18-08-2026 13:48:35","8011","Verbose","Microsoft-Windows-Store","0x21b4f171190: 23472: 42493DE9-7734-949C-AD90-1D11F59F45CB: Dispatch: Key:Ping => Key:Valid"
"18-08-2026 13:48:35","8001","Information","Microsoft-Windows-Store","Updating lease timer for {9F9E6616-7956-022A-E9A7-86D240A5A818} to expire @ 2026-08-31T17:43:41Z (jitter was 23.364571 minutes)
Function: LeaseMachine::DoUpdateLeaseTimer
Source: onecoreuap\enduser\winstore\licensemanager\lib\leasemachine.cpp (276)"
