"13-08-2026 03:55:46","142","Information","Microsoft-Windows-Ntfs","Summary of disk space usage, since last event:

           Available space was between 87.13 GB and 87.13 GB
           Change in available space: 768 KB
           
           Available clusters were between: 22839288 and 22839480
           Reserved clusters were between: 1316907 and 1316907
           Txf abort reserved clusters were between: 1024 and 1024
           
           Elapsed seconds: 4771
           
           Pagefile size: 23.02 GB
           Volume size: 235.88 GB
           Bytes per cluster: 4096
           
           Volume guid: {c5c572ba-c5d0-47f6-864e-13eb05e6d46c}
           Volume name: C:
           Is boot volume: true
           
           Cached runs miss counts:
               For MFT: 0
               For MFT zone: 0
               Everything else: 0
"
"12-08-2026 22:17:39","142","Information","Microsoft-Windows-Ntfs","Summary of disk space usage, since last event:

           Available space was between 87.13 GB and 87.13 GB
           Change in available space: 2.03 MB
           
           Available clusters were between: 22839480 and 22839999
           Reserved clusters were between: 1316907 and 1317179
           Txf abort reserved clusters were between: 1024 and 1024
           
           Elapsed seconds: 3693
           
           Pagefile size: 23.02 GB
           Volume size: 235.88 GB
           Bytes per cluster: 4096
           
           Volume guid: {c5c572ba-c5d0-47f6-864e-13eb05e6d46c}
           Volume name: C:
           Is boot volume: true
           
           Cached runs miss counts:
               For MFT: 0
               For MFT zone: 0
               Everything else: 0
"
"12-08-2026 21:16:06","142","Information","Microsoft-Windows-Ntfs","Summary of disk space usage, since last event:

           Available space was between 87.09 GB and 87.16 GB
           Change in available space: 67.95 MB
           
           Available clusters were between: 22828609 and 22846002
           Reserved clusters were between: 1316971 and 1325291
           Txf abort reserved clusters were between: 1024 and 1024
           
           Elapsed seconds: 5389
           
           Pagefile size: 23.02 GB
           Volume size: 235.88 GB
           Bytes per cluster: 4096
           
           Volume guid: {c5c572ba-c5d0-47f6-864e-13eb05e6d46c}
           Volume name: C:
           Is boot volume: true
           
           Cached runs miss counts:
               For MFT: 0
               For MFT zone: 0
               Everything else: 0
"
"12-08-2026 20:43:11","147","Warning","Microsoft-Windows-Ntfs","An IO took more than 30000 ms to complete:

           Process Id: 4692
           Process name: svchost.exe
           File name: \Windows\System32\diagtrack.dll
           File offset: 3928064
           IO Type: Read: Paging, NonCached, Sync
           IO Size: 16384 bytes
           4 cluster(s) starting at cluster 20558147
           Latency: 843159 ms

           Volume Id: {c5c572ba-c5d0-47f6-864e-13eb05e6d46c}
           Volume name: C:
           Is boot volume: true

           Device GUID: {0d0616a1-3adc-3de7-d9a2-784fe4e2d52a}
           Device manufacturer: NVMe
           Device model: PM9C1b Samsung 256GB
           Device revision: 58330109
           Device serial number: 0025_38F6_5106_1623.
           Bus type: NVMe
           Native NVMe: 0

           Adapter serial number: 
"
"12-08-2026 19:46:16","142","Information","Microsoft-Windows-Ntfs","Summary of disk space usage, since last event:

           Available space was between 81.91 GB and 87.19 GB
           Change in available space: 5.29 GB
           
           Available clusters were between: 21469991 and 22856247
           Reserved clusters were between: 1316763 and 1317003
           Txf abort reserved clusters were between: 1024 and 1024
           
           Elapsed seconds: 3604
           
           Pagefile size: 23.02 GB
           Volume size: 235.88 GB
           Bytes per cluster: 4096
           
           Volume guid: {c5c572ba-c5d0-47f6-864e-13eb05e6d46c}
           Volume name: C:
           Is boot volume: true
           
           Cached runs miss counts:
               For MFT: 0
               For MFT zone: 0
               Everything else: 0
"
"12-08-2026 18:46:12","142","Information","Microsoft-Windows-Ntfs","Summary of disk space usage, since last event:

           Available space was between 85.76 GB and 86.33 GB
           Change in available space: 591.47 MB
           
           Available clusters were between: 22479406 and 22630820
           Reserved clusters were between: 1316955 and 1325227
           Txf abort reserved clusters were between: 1024 and 1024
           
           Elapsed seconds: 3600
           
           Pagefile size: 23.02 GB
           Volume size: 235.88 GB
           Bytes per cluster: 4096
           
           Volume guid: {c5c572ba-c5d0-47f6-864e-13eb05e6d46c}
           Volume name: C:
           Is boot volume: true
           
           Cached runs miss counts:
               For MFT: 0
               For MFT zone: 0
               Everything else: 0
"
"12-08-2026 17:46:11","142","Information","Microsoft-Windows-Ntfs","Summary of disk space usage, since last event:

           Available space was between 86.23 GB and 86.68 GB
           Change in available space: 460.04 MB
           
           Available clusters were between: 22604211 and 22721980
           Reserved clusters were between: 1316875 and 1317083
           Txf abort reserved clusters were between: 1024 and 1024
           
           Elapsed seconds: 3601
           
           Pagefile size: 23.02 GB
           Volume size: 235.88 GB
           Bytes per cluster: 4096
           
           Volume guid: {c5c572ba-c5d0-47f6-864e-13eb05e6d46c}
           Volume name: C:
           Is boot volume: true
           
           Cached runs miss counts:
               For MFT: 0
               For MFT zone: 0
               Everything else: 0
"
"12-08-2026 16:46:10","142","Information","Microsoft-Windows-Ntfs","Summary of disk space usage, since last event:

           Available space was between 86.62 GB and 86.68 GB
           Change in available space: 58.32 MB
           
           Available clusters were between: 22705983 and 22720912
           Reserved clusters were between: 1316763 and 1325099
           Txf abort reserved clusters were between: 1024 and 1024
           
           Elapsed seconds: 3602
           
           Pagefile size: 23.02 GB
           Volume size: 235.88 GB
           Bytes per cluster: 4096
           
           Volume guid: {c5c572ba-c5d0-47f6-864e-13eb05e6d46c}
           Volume name: C:
           Is boot volume: true
           
           Cached runs miss counts:
               For MFT: 0
               For MFT zone: 0
               Everything else: 0
"
"12-08-2026 15:46:08","142","Information","Microsoft-Windows-Ntfs","Summary of disk space usage, since last event:

           Available space was between 86.12 GB and 86.81 GB
           Change in available space: 707.61 MB
           
           Available clusters were between: 22573275 and 22754423
           Reserved clusters were between: 1316811 and 1326139
           Txf abort reserved clusters were between: 1024 and 1024
           
           Elapsed seconds: 3603
           
           Pagefile size: 23.02 GB
           Volume size: 235.88 GB
           Bytes per cluster: 4096
           
           Volume guid: {c5c572ba-c5d0-47f6-864e-13eb05e6d46c}
           Volume name: C:
           Is boot volume: true
           
           Cached runs miss counts:
               For MFT: 0
               For MFT zone: 0
               Everything else: 0
"
"12-08-2026 14:46:04","142","Information","Microsoft-Windows-Ntfs","Summary of disk space usage, since last event:

           Available space was between 85.49 GB and 86.81 GB
           Change in available space: 1.33 GB
           
           Available clusters were between: 22409185 and 22755232
           Reserved clusters were between: 1317131 and 1318363
           Txf abort reserved clusters were between: 1024 and 1024
           
           Elapsed seconds: 3605
           
           Pagefile size: 23.02 GB
           Volume size: 235.88 GB
           Bytes per cluster: 4096
           
           Volume guid: {c5c572ba-c5d0-47f6-864e-13eb05e6d46c}
           Volume name: C:
           Is boot volume: true
           
           Cached runs miss counts:
               For MFT: 0
               For MFT zone: 0
               Everything else: 0
"
"12-08-2026 13:45:59","142","Information","Microsoft-Windows-Ntfs","Summary of disk space usage, since last event:

           Available space was between 86.07 GB and 86.51 GB
           Change in available space: 446.86 MB
           
           Available clusters were between: 22561624 and 22676019
           Reserved clusters were between: 1317067 and 1325531
           Txf abort reserved clusters were between: 1024 and 1024
           
           Elapsed seconds: 3600
           
           Pagefile size: 23.02 GB
           Volume size: 235.88 GB
           Bytes per cluster: 4096
           
           Volume guid: {c5c572ba-c5d0-47f6-864e-13eb05e6d46c}
           Volume name: C:
           Is boot volume: true
           
           Cached runs miss counts:
               For MFT: 0
               For MFT zone: 0
               Everything else: 0
"
"12-08-2026 12:45:59","142","Information","Microsoft-Windows-Ntfs","Summary of disk space usage, since last event:

           Available space was between 81.50 GB and 86.13 GB
           Change in available space: 4.64 GB
           
           Available clusters were between: 21362769 and 22578183
           Reserved clusters were between: 1317035 and 1317307
           Txf abort reserved clusters were between: 1024 and 1024
           
           Elapsed seconds: 3600
           
           Pagefile size: 23.02 GB
           Volume size: 235.88 GB
           Bytes per cluster: 4096
           
           Volume guid: {c5c572ba-c5d0-47f6-864e-13eb05e6d46c}
           Volume name: C:
           Is boot volume: true
           
           Cached runs miss counts:
               For MFT: 0
               For MFT zone: 0
               Everything else: 0
"
"12-08-2026 12:01:53","303","Information","Microsoft-Windows-Ntfs","The NTFS volume has successfully dismounted.

           Volume correlation Id: {00000000-0000-0000-0000-000000000000}
           Volume name: OS
           Volume label: OS

           Device name: \Device\HarddiskVolumeShadowCopy2
           Device GUID: {00000000-0000-0000-0000-000000000000}
           Device manufacturer: 
           Device model: 
           Device revision: 
           Device serial number: 
           Bus type: <unknown>
           Native NVMe: false

           Adapter serial number: 
           
           Process Id: 28980
           Process name: svchost.exe
           
           Reason: User request
"
"12-08-2026 12:01:53","300","Information","Microsoft-Windows-Ntfs","NTFS volume dismount has started.

           Volume correlation Id: {00000000-0000-0000-0000-000000000000}
           Volume name: 
           Volume label: OS

           Device name: \Device\HarddiskVolumeShadowCopy2
           Device GUID: {00000000-0000-0000-0000-000000000000}
           Device manufacturer: 
           Device model: 
           Device revision: 
           Device serial number: 
           Bus type: <unknown>
           Native NVMe: false
           
           Adapter serial number: 
           
           Process Id: 28980
           Process name: svchost.exe
           
           Reason: User request
"
"12-08-2026 12:01:53","10","Information","Microsoft-Windows-Ntfs","NTFS cached runs statistics.

           Volume correlation Id: {c5c572ba-c5d0-47f6-864e-13eb05e6d46c}
           Volume name: C:
           Volume label: OS

           Device name: \Device\HarddiskVolume3
           Device GUID: {0d0616a1-3adc-3de7-d9a2-784fe4e2d52a}
           Device manufacturer: NVMe
           Device model: PM9C1b Samsung 256GB
           Device revision: 58330109
           Device serial number: 0025_38F6_5106_1623.
           Bus type: NVMe
           Native NVMe: false

           Adapter serial number: 

           Media type: Hard disk
           Runs cached: 5786
           Longest run cached: 21.67 GB
           Most populated bin Count: 1880
           Most populated bin's minimum length: 16 KB
           Most populated bin's maximum length: 16 KB
"
"12-08-2026 12:01:53","9","Information","Microsoft-Windows-Ntfs","NTFS scanned entire volume bitmap.

           Volume correlation Id: {c5c572ba-c5d0-47f6-864e-13eb05e6d46c}
           Volume name: C:
           Volume label: OS

           Device name: \Device\HarddiskVolume3
           Device GUID: {0d0616a1-3adc-3de7-d9a2-784fe4e2d52a}
           Device manufacturer: NVMe
           Device model: PM9C1b Samsung 256GB
           Device revision: 58330109
           Device serial number: 0025_38F6_5106_1623.
           Bus type: NVMe
           Native NVMe: false

           Adapter serial number: 

           Duration (micro seconds): 11964
           InputFlags: 0xA
           Reason: Reload requested because of an exception or configuration change
           Flags: 0x10
"
"12-08-2026 12:01:53","4","Information","Microsoft-Windows-Ntfs","The NTFS volume has been successfully mounted.

           Volume correlation Id: {00000000-0000-0000-0000-000000000000}
           Volume name: OS
           Volume label: OS

           Device name: \Device\HarddiskVolumeShadowCopy2
           Device GUID: {00000000-0000-0000-0000-000000000000}
           Device manufacturer: 
           Device model: 
           Device revision: 
           Device serial number: 
           Bus type: <unknown>
           Device number: 4294967295
           Boot partition: false

           Native NVMe: false

           Adapter serial number: 
           
           Total mount duration: 31 ms
           Longest stage: 7. Duration 31 ms (100% of the total)
           Second longest stage: 0. Duration 0 µs (0% of the total)
           Volume restart applied: false
"
"12-08-2026 12:01:53","10","Information","Microsoft-Windows-Ntfs","NTFS cached runs statistics.

           Volume correlation Id: {00000000-0000-0000-0000-000000000000}
           Volume name: 
           Volume label: OS

           Device name: \Device\HarddiskVolumeShadowCopy2
           Device GUID: {00000000-0000-0000-0000-000000000000}
           Device manufacturer: 
           Device model: 
           Device revision: 
           Device serial number: 
           Bus type: <unknown>
           Native NVMe: false

           Adapter serial number: 

           Media type: Hard disk
           Runs cached: 4567
           Longest run cached: 21.67 GB
           Most populated bin Count: 71
           Most populated bin's minimum length: 7.51 MB
           Most populated bin's maximum length: 7.75 MB
"
"12-08-2026 12:01:53","9","Information","Microsoft-Windows-Ntfs","NTFS scanned entire volume bitmap.

           Volume correlation Id: {00000000-0000-0000-0000-000000000000}
           Volume name: 
           Volume label: OS

           Device name: \Device\HarddiskVolumeShadowCopy2
           Device GUID: {00000000-0000-0000-0000-000000000000}
           Device manufacturer: 
           Device model: 
           Device revision: 
           Device serial number: 
           Bus type: <unknown>
           Native NVMe: false

           Adapter serial number: 

           Duration (micro seconds): 28758
           InputFlags: 0xE
           Reason: Mount
           Flags: 0x10
"
"12-08-2026 12:01:53","303","Information","Microsoft-Windows-Ntfs","The NTFS volume has successfully dismounted.

           Volume correlation Id: {00000000-0000-0000-0000-000000000000}
           Volume name: OS
           Volume label: OS

           Device name: \Device\HarddiskVolumeShadowCopy2
           Device GUID: {00000000-0000-0000-0000-000000000000}
           Device manufacturer: 
           Device model: 
           Device revision: 
           Device serial number: 
           Bus type: <unknown>
           Native NVMe: false

           Adapter serial number: 
           
           Process Id: 28980
           Process name: svchost.exe
           
           Reason: User request
"
"12-08-2026 12:01:53","300","Information","Microsoft-Windows-Ntfs","NTFS volume dismount has started.

           Volume correlation Id: {00000000-0000-0000-0000-000000000000}
           Volume name: 
           Volume label: OS

           Device name: \Device\HarddiskVolumeShadowCopy2
           Device GUID: {00000000-0000-0000-0000-000000000000}
           Device manufacturer: 
           Device model: 
           Device revision: 
           Device serial number: 
           Bus type: <unknown>
           Native NVMe: false
           
           Adapter serial number: 
           
           Process Id: 28980
           Process name: svchost.exe
           
           Reason: User request
"
"12-08-2026 12:01:53","10","Information","Microsoft-Windows-Ntfs","NTFS cached runs statistics.

           Volume correlation Id: {c5c572ba-c5d0-47f6-864e-13eb05e6d46c}
           Volume name: C:
           Volume label: OS

           Device name: \Device\HarddiskVolume3
           Device GUID: {0d0616a1-3adc-3de7-d9a2-784fe4e2d52a}
           Device manufacturer: NVMe
           Device model: PM9C1b Samsung 256GB
           Device revision: 58330109
           Device serial number: 0025_38F6_5106_1623.
           Bus type: NVMe
           Native NVMe: false

           Adapter serial number: 

           Media type: Hard disk
           Runs cached: 5688
           Longest run cached: 21.67 GB
           Most populated bin Count: 1953
           Most populated bin's minimum length: 16 KB
           Most populated bin's maximum length: 16 KB
"
"12-08-2026 12:01:53","9","Information","Microsoft-Windows-Ntfs","NTFS scanned entire volume bitmap.

           Volume correlation Id: {c5c572ba-c5d0-47f6-864e-13eb05e6d46c}
           Volume name: C:
           Volume label: OS

           Device name: \Device\HarddiskVolume3
           Device GUID: {0d0616a1-3adc-3de7-d9a2-784fe4e2d52a}
           Device manufacturer: NVMe
           Device model: PM9C1b Samsung 256GB
           Device revision: 58330109
           Device serial number: 0025_38F6_5106_1623.
           Bus type: NVMe
           Native NVMe: false

           Adapter serial number: 

           Duration (micro seconds): 45764
           InputFlags: 0xA
           Reason: Reload requested because of an exception or configuration change
           Flags: 0x10
"
"12-08-2026 12:01:53","4","Information","Microsoft-Windows-Ntfs","The NTFS volume has been successfully mounted.

           Volume correlation Id: {00000000-0000-0000-0000-000000000000}
           Volume name: OS
           Volume label: OS

           Device name: \Device\HarddiskVolumeShadowCopy2
           Device GUID: {00000000-0000-0000-0000-000000000000}
           Device manufacturer: 
           Device model: 
           Device revision: 
           Device serial number: 
           Bus type: <unknown>
           Device number: 4294967295
           Boot partition: false

           Native NVMe: false

           Adapter serial number: 
           
           Total mount duration: 40 ms
           Longest stage: 8. Duration 15 ms (38% of the total)
           Second longest stage: 7. Duration 14 ms (35% of the total)
           Volume restart applied: false
"
"12-08-2026 12:01:53","10","Information","Microsoft-Windows-Ntfs","NTFS cached runs statistics.

           Volume correlation Id: {00000000-0000-0000-0000-000000000000}
           Volume name: 
           Volume label: OS

           Device name: \Device\HarddiskVolumeShadowCopy2
           Device GUID: {00000000-0000-0000-0000-000000000000}
           Device manufacturer: 
           Device model: 
           Device revision: 
           Device serial number: 
           Bus type: <unknown>
           Native NVMe: false

           Adapter serial number: 

           Media type: Hard disk
           Runs cached: 2194
           Longest run cached: 21.67 GB
           Most populated bin Count: 72
           Most populated bin's minimum length: 7.51 MB
           Most populated bin's maximum length: 7.75 MB
"
"12-08-2026 12:01:53","9","Information","Microsoft-Windows-Ntfs","NTFS scanned entire volume bitmap.

           Volume correlation Id: {00000000-0000-0000-0000-000000000000}
           Volume name: 
           Volume label: OS

           Device name: \Device\HarddiskVolumeShadowCopy2
           Device GUID: {00000000-0000-0000-0000-000000000000}
           Device manufacturer: 
           Device model: 
           Device revision: 
           Device serial number: 
           Bus type: <unknown>
           Native NVMe: false

           Adapter serial number: 

           Duration (micro seconds): 24981
           InputFlags: 0xE
           Reason: Mount
           Flags: 0x10
"
"12-08-2026 12:01:53","303","Information","Microsoft-Windows-Ntfs","The NTFS volume has successfully dismounted.

           Volume correlation Id: {00000000-0000-0000-0000-000000000000}
           Volume name: OS
           Volume label: OS

           Device name: \Device\HarddiskVolumeShadowCopy2
           Device GUID: {00000000-0000-0000-0000-000000000000}
           Device manufacturer: 
           Device model: 
           Device revision: 
           Device serial number: 
           Bus type: <unknown>
           Native NVMe: false

           Adapter serial number: 
           
           Process Id: 28980
           Process name: svchost.exe
           
           Reason: User request
"
"12-08-2026 12:01:53","300","Information","Microsoft-Windows-Ntfs","NTFS volume dismount has started.

           Volume correlation Id: {00000000-0000-0000-0000-000000000000}
           Volume name: 
           Volume label: OS

           Device name: \Device\HarddiskVolumeShadowCopy2
           Device GUID: {00000000-0000-0000-0000-000000000000}
           Device manufacturer: 
           Device model: 
           Device revision: 
           Device serial number: 
           Bus type: <unknown>
           Native NVMe: false
           
           Adapter serial number: 
           
           Process Id: 28980
           Process name: svchost.exe
           
           Reason: User request
"
"12-08-2026 12:01:53","4","Information","Microsoft-Windows-Ntfs","The NTFS volume has been successfully mounted.

           Volume correlation Id: {00000000-0000-0000-0000-000000000000}
           Volume name: OS
           Volume label: OS

           Device name: \Device\HarddiskVolumeShadowCopy2
           Device GUID: {00000000-0000-0000-0000-000000000000}
           Device manufacturer: 
           Device model: 
           Device revision: 
           Device serial number: 
           Bus type: <unknown>
           Device number: 4294967295
           Boot partition: false

           Native NVMe: false

           Adapter serial number: 
           
           Total mount duration: 31 ms
           Longest stage: 7. Duration 15 ms (48% of the total)
           Second longest stage: 8. Duration 14 ms (46% of the total)
           Volume restart applied: false
"
"12-08-2026 12:01:53","10","Information","Microsoft-Windows-Ntfs","NTFS cached runs statistics.

           Volume correlation Id: {00000000-0000-0000-0000-000000000000}
           Volume name: 
           Volume label: OS

           Device name: \Device\HarddiskVolumeShadowCopy2
           Device GUID: {00000000-0000-0000-0000-000000000000}
           Device manufacturer: 
           Device model: 
           Device revision: 
           Device serial number: 
           Bus type: <unknown>
           Native NVMe: false

           Adapter serial number: 

           Media type: Hard disk
           Runs cached: 2194
           Longest run cached: 21.67 GB
           Most populated bin Count: 72
           Most populated bin's minimum length: 7.51 MB
           Most populated bin's maximum length: 7.75 MB
"
"12-08-2026 12:01:53","9","Information","Microsoft-Windows-Ntfs","NTFS scanned entire volume bitmap.

           Volume correlation Id: {00000000-0000-0000-0000-000000000000}
           Volume name: 
           Volume label: OS

           Device name: \Device\HarddiskVolumeShadowCopy2
           Device GUID: {00000000-0000-0000-0000-000000000000}
           Device manufacturer: 
           Device model: 
           Device revision: 
           Device serial number: 
           Bus type: <unknown>
           Native NVMe: false

           Adapter serial number: 

           Duration (micro seconds): 25168
           InputFlags: 0xE
           Reason: Mount
           Flags: 0x10
"
"12-08-2026 11:45:58","142","Information","Microsoft-Windows-Ntfs","Summary of disk space usage, since last event:

           Available space was between 86.01 GB and 86.16 GB
           Change in available space: 157.15 MB
           
           Available clusters were between: 22545704 and 22585932
           Reserved clusters were between: 1316827 and 1325163
           Txf abort reserved clusters were between: 1024 and 1024
           
           Elapsed seconds: 3604
           
           Pagefile size: 23.02 GB
           Volume size: 235.88 GB
           Bytes per cluster: 4096
           
           Volume guid: {c5c572ba-c5d0-47f6-864e-13eb05e6d46c}
           Volume name: C:
           Is boot volume: true
           
           Cached runs miss counts:
               For MFT: 0
               For MFT zone: 0
               Everything else: 0
"
"12-08-2026 10:45:54","142","Information","Microsoft-Windows-Ntfs","Summary of disk space usage, since last event:

           Available space was between 85.59 GB and 86.40 GB
           Change in available space: 828.98 MB
           
           Available clusters were between: 22434521 and 22646739
           Reserved clusters were between: 1316683 and 1325195
           Txf abort reserved clusters were between: 1024 and 1024
           
           Elapsed seconds: 3601
           
           Pagefile size: 23.02 GB
           Volume size: 235.88 GB
           Bytes per cluster: 4096
           
           Volume guid: {c5c572ba-c5d0-47f6-864e-13eb05e6d46c}
           Volume name: C:
           Is boot volume: true
           
           Cached runs miss counts:
               For MFT: 0
               For MFT zone: 0
               Everything else: 0
"
"12-08-2026 09:45:52","142","Information","Microsoft-Windows-Ntfs","Summary of disk space usage, since last event:

           Available space was between 82.50 GB and 87.24 GB
           Change in available space: 4.74 GB
           
           Available clusters were between: 21626860 and 22868217
           Reserved clusters were between: 1316635 and 1325627
           Txf abort reserved clusters were between: 1024 and 1024
           
           Elapsed seconds: 3601
           
           Pagefile size: 23.02 GB
           Volume size: 235.88 GB
           Bytes per cluster: 4096
           
           Volume guid: {c5c572ba-c5d0-47f6-864e-13eb05e6d46c}
           Volume name: C:
           Is boot volume: true
           
           Cached runs miss counts:
               For MFT: 0
               For MFT zone: 0
               Everything else: 0
"
"12-08-2026 08:57:10","303","Information","Microsoft-Windows-Ntfs","The NTFS volume has successfully dismounted.

           Volume correlation Id: {00000000-0000-0000-0000-000000000000}
           Volume name: OS
           Volume label: OS

           Device name: \Device\HarddiskVolumeShadowCopy1
           Device GUID: {00000000-0000-0000-0000-000000000000}
           Device manufacturer: 
           Device model: 
           Device revision: 
           Device serial number: 
           Bus type: <unknown>
           Native NVMe: false

           Adapter serial number: 
           
           Process Id: 28812
           Process name: svchost.exe
           
           Reason: User request
"
"12-08-2026 08:57:10","300","Information","Microsoft-Windows-Ntfs","NTFS volume dismount has started.

           Volume correlation Id: {00000000-0000-0000-0000-000000000000}
           Volume name: 
           Volume label: OS

           Device name: \Device\HarddiskVolumeShadowCopy1
           Device GUID: {00000000-0000-0000-0000-000000000000}
           Device manufacturer: 
           Device model: 
           Device revision: 
           Device serial number: 
           Bus type: <unknown>
           Native NVMe: false
           
           Adapter serial number: 
           
           Process Id: 28812
           Process name: svchost.exe
           
           Reason: User request
"
"12-08-2026 08:57:09","10","Information","Microsoft-Windows-Ntfs","NTFS cached runs statistics.

           Volume correlation Id: {c5c572ba-c5d0-47f6-864e-13eb05e6d46c}
           Volume name: C:
           Volume label: OS

           Device name: \Device\HarddiskVolume3
           Device GUID: {0d0616a1-3adc-3de7-d9a2-784fe4e2d52a}
           Device manufacturer: NVMe
           Device model: PM9C1b Samsung 256GB
           Device revision: 58330109
           Device serial number: 0025_38F6_5106_1623.
           Bus type: NVMe
           Native NVMe: false

           Adapter serial number: 

           Media type: Hard disk
           Runs cached: 6624
           Longest run cached: 21.67 GB
           Most populated bin Count: 2464
           Most populated bin's minimum length: 16 KB
           Most populated bin's maximum length: 16 KB
"
"12-08-2026 08:57:09","9","Information","Microsoft-Windows-Ntfs","NTFS scanned entire volume bitmap.

           Volume correlation Id: {c5c572ba-c5d0-47f6-864e-13eb05e6d46c}
           Volume name: C:
           Volume label: OS

           Device name: \Device\HarddiskVolume3
           Device GUID: {0d0616a1-3adc-3de7-d9a2-784fe4e2d52a}
           Device manufacturer: NVMe
           Device model: PM9C1b Samsung 256GB
           Device revision: 58330109
           Device serial number: 0025_38F6_5106_1623.
           Bus type: NVMe
           Native NVMe: false

           Adapter serial number: 

           Duration (micro seconds): 35725
           InputFlags: 0xA
           Reason: Reload requested because of an exception or configuration change
           Flags: 0x10
"
"12-08-2026 08:57:09","4","Information","Microsoft-Windows-Ntfs","The NTFS volume has been successfully mounted.

           Volume correlation Id: {00000000-0000-0000-0000-000000000000}
           Volume name: OS
           Volume label: OS

           Device name: \Device\HarddiskVolumeShadowCopy1
           Device GUID: {00000000-0000-0000-0000-000000000000}
           Device manufacturer: 
           Device model: 
           Device revision: 
           Device serial number: 
           Bus type: <unknown>
           Device number: 4294967295
           Boot partition: false

           Native NVMe: false

           Adapter serial number: 
           
           Total mount duration: 31 ms
           Longest stage: 7. Duration 26 ms (86% of the total)
           Second longest stage: 8. Duration 4 ms (14% of the total)
           Volume restart applied: false
"
"12-08-2026 08:57:09","10","Information","Microsoft-Windows-Ntfs","NTFS cached runs statistics.

           Volume correlation Id: {00000000-0000-0000-0000-000000000000}
           Volume name: 
           Volume label: OS

           Device name: \Device\HarddiskVolumeShadowCopy1
           Device GUID: {00000000-0000-0000-0000-000000000000}
           Device manufacturer: 
           Device model: 
           Device revision: 
           Device serial number: 
           Bus type: <unknown>
           Native NVMe: false

           Adapter serial number: 

           Media type: Hard disk
           Runs cached: 2963
           Longest run cached: 21.67 GB
           Most populated bin Count: 69
           Most populated bin's minimum length: 516 KB
           Most populated bin's maximum length: 544 KB
"
"12-08-2026 08:57:09","9","Information","Microsoft-Windows-Ntfs","NTFS scanned entire volume bitmap.

           Volume correlation Id: {00000000-0000-0000-0000-000000000000}
           Volume name: 
           Volume label: OS

           Device name: \Device\HarddiskVolumeShadowCopy1
           Device GUID: {00000000-0000-0000-0000-000000000000}
           Device manufacturer: 
           Device model: 
           Device revision: 
           Device serial number: 
           Bus type: <unknown>
           Native NVMe: false

           Adapter serial number: 

           Duration (micro seconds): 25633
           InputFlags: 0xE
           Reason: Mount
           Flags: 0x10
"
"12-08-2026 08:57:09","303","Information","Microsoft-Windows-Ntfs","The NTFS volume has successfully dismounted.

           Volume correlation Id: {00000000-0000-0000-0000-000000000000}
           Volume name: OS
           Volume label: OS

           Device name: \Device\HarddiskVolumeShadowCopy1
           Device GUID: {00000000-0000-0000-0000-000000000000}
           Device manufacturer: 
           Device model: 
           Device revision: 
           Device serial number: 
           Bus type: <unknown>
           Native NVMe: false

           Adapter serial number: 
           
           Process Id: 28812
           Process name: svchost.exe
           
           Reason: User request
"
"12-08-2026 08:57:09","300","Information","Microsoft-Windows-Ntfs","NTFS volume dismount has started.

           Volume correlation Id: {00000000-0000-0000-0000-000000000000}
           Volume name: 
           Volume label: OS

           Device name: \Device\HarddiskVolumeShadowCopy1
           Device GUID: {00000000-0000-0000-0000-000000000000}
           Device manufacturer: 
           Device model: 
           Device revision: 
           Device serial number: 
           Bus type: <unknown>
           Native NVMe: false
           
           Adapter serial number: 
           
           Process Id: 28812
           Process name: svchost.exe
           
           Reason: User request
"
"12-08-2026 08:57:09","4","Information","Microsoft-Windows-Ntfs","The NTFS volume has been successfully mounted.

           Volume correlation Id: {00000000-0000-0000-0000-000000000000}
           Volume name: OS
           Volume label: OS

           Device name: \Device\HarddiskVolumeShadowCopy1
           Device GUID: {00000000-0000-0000-0000-000000000000}
           Device manufacturer: 
           Device model: 
           Device revision: 
           Device serial number: 
           Bus type: <unknown>
           Device number: 4294967295
           Boot partition: false

           Native NVMe: false

           Adapter serial number: 
           
           Total mount duration: 32 ms
           Longest stage: 7. Duration 20 ms (65% of the total)
           Second longest stage: 8. Duration 11 ms (35% of the total)
           Volume restart applied: false
"
"12-08-2026 08:57:09","10","Information","Microsoft-Windows-Ntfs","NTFS cached runs statistics.

           Volume correlation Id: {00000000-0000-0000-0000-000000000000}
           Volume name: 
           Volume label: OS

           Device name: \Device\HarddiskVolumeShadowCopy1
           Device GUID: {00000000-0000-0000-0000-000000000000}
           Device manufacturer: 
           Device model: 
           Device revision: 
           Device serial number: 
           Bus type: <unknown>
           Native NVMe: false

           Adapter serial number: 

           Media type: Hard disk
           Runs cached: 2542
           Longest run cached: 21.67 GB
           Most populated bin Count: 68
           Most populated bin's minimum length: 0 Bytes
           Most populated bin's maximum length: 4 KB
"
"12-08-2026 08:57:09","9","Information","Microsoft-Windows-Ntfs","NTFS scanned entire volume bitmap.

           Volume correlation Id: {00000000-0000-0000-0000-000000000000}
           Volume name: 
           Volume label: OS

           Device name: \Device\HarddiskVolumeShadowCopy1
           Device GUID: {00000000-0000-0000-0000-000000000000}
           Device manufacturer: 
           Device model: 
           Device revision: 
           Device serial number: 
           Bus type: <unknown>
           Native NVMe: false

           Adapter serial number: 

           Duration (micro seconds): 24567
           InputFlags: 0xE
           Reason: Mount
           Flags: 0x10
"
"12-08-2026 08:57:09","303","Information","Microsoft-Windows-Ntfs","The NTFS volume has successfully dismounted.

           Volume correlation Id: {00000000-0000-0000-0000-000000000000}
           Volume name: OS
           Volume label: OS

           Device name: \Device\HarddiskVolumeShadowCopy1
           Device GUID: {00000000-0000-0000-0000-000000000000}
           Device manufacturer: 
           Device model: 
           Device revision: 
           Device serial number: 
           Bus type: <unknown>
           Native NVMe: false

           Adapter serial number: 
           
           Process Id: 28812
           Process name: svchost.exe
           
           Reason: User request
"
"12-08-2026 08:57:09","300","Information","Microsoft-Windows-Ntfs","NTFS volume dismount has started.

           Volume correlation Id: {00000000-0000-0000-0000-000000000000}
           Volume name: 
           Volume label: OS

           Device name: \Device\HarddiskVolumeShadowCopy1
           Device GUID: {00000000-0000-0000-0000-000000000000}
           Device manufacturer: 
           Device model: 
           Device revision: 
           Device serial number: 
           Bus type: <unknown>
           Native NVMe: false
           
           Adapter serial number: 
           
           Process Id: 28812
           Process name: svchost.exe
           
           Reason: User request
"
"12-08-2026 08:57:09","4","Information","Microsoft-Windows-Ntfs","The NTFS volume has been successfully mounted.

           Volume correlation Id: {00000000-0000-0000-0000-000000000000}
           Volume name: OS
           Volume label: OS

           Device name: \Device\HarddiskVolumeShadowCopy1
           Device GUID: {00000000-0000-0000-0000-000000000000}
           Device manufacturer: 
           Device model: 
           Device revision: 
           Device serial number: 
           Bus type: <unknown>
           Device number: 4294967295
           Boot partition: false

           Native NVMe: false

           Adapter serial number: 
           
           Total mount duration: 31 ms
           Longest stage: 7. Duration 31 ms (100% of the total)
           Second longest stage: 0. Duration 0 µs (0% of the total)
           Volume restart applied: false
"
"12-08-2026 08:57:09","10","Information","Microsoft-Windows-Ntfs","NTFS cached runs statistics.

           Volume correlation Id: {00000000-0000-0000-0000-000000000000}
           Volume name: 
           Volume label: OS

           Device name: \Device\HarddiskVolumeShadowCopy1
           Device GUID: {00000000-0000-0000-0000-000000000000}
           Device manufacturer: 
           Device model: 
           Device revision: 
           Device serial number: 
           Bus type: <unknown>
           Native NVMe: false

           Adapter serial number: 

           Media type: Hard disk
           Runs cached: 2542
           Longest run cached: 21.67 GB
           Most populated bin Count: 68
           Most populated bin's minimum length: 0 Bytes
           Most populated bin's maximum length: 4 KB
"
"12-08-2026 08:57:09","9","Information","Microsoft-Windows-Ntfs","NTFS scanned entire volume bitmap.

           Volume correlation Id: {00000000-0000-0000-0000-000000000000}
           Volume name: 
           Volume label: OS

           Device name: \Device\HarddiskVolumeShadowCopy1
           Device GUID: {00000000-0000-0000-0000-000000000000}
           Device manufacturer: 
           Device model: 
           Device revision: 
           Device serial number: 
           Bus type: <unknown>
           Native NVMe: false

           Adapter serial number: 

           Duration (micro seconds): 24190
           InputFlags: 0xE
           Reason: Mount
           Flags: 0x10
"
"12-08-2026 08:45:51","142","Information","Microsoft-Windows-Ntfs","Summary of disk space usage, since last event:

           Available space was between 87.08 GB and 87.08 GB
           Change in available space: 392 KB
           
           Available clusters were between: 22827351 and 22827449
           Reserved clusters were between: 1317323 and 1317323
           Txf abort reserved clusters were between: 1024 and 1024
           
           Elapsed seconds: 4776
           
           Pagefile size: 23.02 GB
           Volume size: 235.88 GB
           Bytes per cluster: 4096
           
           Volume guid: {c5c572ba-c5d0-47f6-864e-13eb05e6d46c}
           Volume name: C:
           Is boot volume: true
           
           Cached runs miss counts:
               For MFT: 0
               For MFT zone: 0
               Everything else: 0
"
"12-08-2026 05:06:49","142","Information","Microsoft-Windows-Ntfs","Summary of disk space usage, since last event:

           Available space was between 86.32 GB and 88.04 GB
           Change in available space: 1.72 GB
           
           Available clusters were between: 22626254 and 23076653
           Reserved clusters were between: 1317227 and 1317579
           Txf abort reserved clusters were between: 1024 and 1024
           
           Elapsed seconds: 4778
           
           Pagefile size: 23.02 GB
           Volume size: 235.88 GB
           Bytes per cluster: 4096
           
           Volume guid: {c5c572ba-c5d0-47f6-864e-13eb05e6d46c}
           Volume name: C:
           Is boot volume: true
           
           Cached runs miss counts:
               For MFT: 0
               For MFT zone: 0
               Everything else: 0
"
"12-08-2026 00:42:03","142","Information","Microsoft-Windows-Ntfs","Summary of disk space usage, since last event:

           Available space was between 88.03 GB and 88.03 GB
           Change in available space: 104 KB
           
           Available clusters were between: 23075919 and 23075945
           Reserved clusters were between: 1317355 and 1317355
           Txf abort reserved clusters were between: 1024 and 1024
           
           Elapsed seconds: 4771
           
           Pagefile size: 23.02 GB
           Volume size: 235.88 GB
           Bytes per cluster: 4096
           
           Volume guid: {c5c572ba-c5d0-47f6-864e-13eb05e6d46c}
           Volume name: C:
           Is boot volume: true
           
           Cached runs miss counts:
               For MFT: 0
               For MFT zone: 0
               Everything else: 0
"
"11-08-2026 23:22:32","142","Information","Microsoft-Windows-Ntfs","Summary of disk space usage, since last event:

           Available space was between 88.03 GB and 88.03 GB
           Change in available space: 256 KB
           
           Available clusters were between: 23075945 and 23076009
           Reserved clusters were between: 1317355 and 1317355
           Txf abort reserved clusters were between: 1024 and 1024
           
           Elapsed seconds: 4765
           
           Pagefile size: 23.02 GB
           Volume size: 235.88 GB
           Bytes per cluster: 4096
           
           Volume guid: {c5c572ba-c5d0-47f6-864e-13eb05e6d46c}
           Volume name: C:
           Is boot volume: true
           
           Cached runs miss counts:
               For MFT: 0
               For MFT zone: 0
               Everything else: 0
"
"11-08-2026 22:03:06","142","Information","Microsoft-Windows-Ntfs","Summary of disk space usage, since last event:

           Available space was between 88.03 GB and 88.03 GB
           Change in available space: 24 KB
           
           Available clusters were between: 23076003 and 23076009
           Reserved clusters were between: 1317355 and 1317355
           Txf abort reserved clusters were between: 1024 and 1024
           
           Elapsed seconds: 5964
           
           Pagefile size: 23.02 GB
           Volume size: 235.88 GB
           Bytes per cluster: 4096
           
           Volume guid: {c5c572ba-c5d0-47f6-864e-13eb05e6d46c}
           Volume name: C:
           Is boot volume: true
           
           Cached runs miss counts:
               For MFT: 0
               For MFT zone: 0
               Everything else: 0
"
"11-08-2026 20:23:41","142","Information","Microsoft-Windows-Ntfs","Summary of disk space usage, since last event:

           Available space was between 88.01 GB and 88.04 GB
           Change in available space: 28 MB
           
           Available clusters were between: 23071238 and 23078406
           Reserved clusters were between: 1317339 and 1317355
           Txf abort reserved clusters were between: 1024 and 1024
           
           Elapsed seconds: 4857
           
           Pagefile size: 23.02 GB
           Volume size: 235.88 GB
           Bytes per cluster: 4096
           
           Volume guid: {c5c572ba-c5d0-47f6-864e-13eb05e6d46c}
           Volume name: C:
           Is boot volume: true
           
           Cached runs miss counts:
               For MFT: 0
               For MFT zone: 0
               Everything else: 0
"
"11-08-2026 19:02:44","142","Information","Microsoft-Windows-Ntfs","Summary of disk space usage, since last event:

           Available space was between 84.47 GB and 88.06 GB
           Change in available space: 3.60 GB
           
           Available clusters were between: 22142515 and 23083908
           Reserved clusters were between: 1316683 and 1325099
           Txf abort reserved clusters were between: 1024 and 1024
           
           Elapsed seconds: 3602
           
           Pagefile size: 23.02 GB
           Volume size: 235.88 GB
           Bytes per cluster: 4096
           
           Volume guid: {c5c572ba-c5d0-47f6-864e-13eb05e6d46c}
           Volume name: C:
           Is boot volume: true
           
           Cached runs miss counts:
               For MFT: 0
               For MFT zone: 0
               Everything else: 0
"
"11-08-2026 18:02:41","142","Information","Microsoft-Windows-Ntfs","Summary of disk space usage, since last event:

           Available space was between 84.03 GB and 88.18 GB
           Change in available space: 4.16 GB
           
           Available clusters were between: 22027316 and 23115224
           Reserved clusters were between: 1316715 and 1325003
           Txf abort reserved clusters were between: 1024 and 1024
           
           Elapsed seconds: 3601
           
           Pagefile size: 23.02 GB
           Volume size: 235.88 GB
           Bytes per cluster: 4096
           
           Volume guid: {c5c572ba-c5d0-47f6-864e-13eb05e6d46c}
           Volume name: C:
           Is boot volume: true
           
           Cached runs miss counts:
               For MFT: 0
               For MFT zone: 0
               Everything else: 0
"
"11-08-2026 17:02:40","142","Information","Microsoft-Windows-Ntfs","Summary of disk space usage, since last event:

           Available space was between 86.90 GB and 87.22 GB
           Change in available space: 329.89 MB
           
           Available clusters were between: 22778305 and 22862756
           Reserved clusters were between: 1316747 and 1317067
           Txf abort reserved clusters were between: 1024 and 1024
           
           Elapsed seconds: 3604
           
           Pagefile size: 23.02 GB
           Volume size: 235.88 GB
           Bytes per cluster: 4096
           
           Volume guid: {c5c572ba-c5d0-47f6-864e-13eb05e6d46c}
           Volume name: C:
           Is boot volume: true
           
           Cached runs miss counts:
               For MFT: 0
               For MFT zone: 0
               Everything else: 0
"
"11-08-2026 16:02:36","142","Information","Microsoft-Windows-Ntfs","Summary of disk space usage, since last event:

           Available space was between 87.21 GB and 87.30 GB
           Change in available space: 100.55 MB
           
           Available clusters were between: 22859125 and 22884865
           Reserved clusters were between: 1316939 and 1325355
           Txf abort reserved clusters were between: 1024 and 1024
           
           Elapsed seconds: 3603
           
           Pagefile size: 23.02 GB
           Volume size: 235.88 GB
           Bytes per cluster: 4096
           
           Volume guid: {c5c572ba-c5d0-47f6-864e-13eb05e6d46c}
           Volume name: C:
           Is boot volume: true
           
           Cached runs miss counts:
               For MFT: 0
               For MFT zone: 0
               Everything else: 0
"
