"19-08-2026 14:06:33","5858","Error","Microsoft-Windows-WMI-Activity","Id = {548752C3-25DC-4091-9644-3FAEC7E0B12C}; ClientMachine = LIND55MBVC4; User = NT AUTHORITY\NETWORK SERVICE; ClientProcessId = 9276; Component = Unknown; Operation = Start IWbemServices::ExecQuery - ROOT\StandardCimv2 : SELECT * FROM MSFT_NetAdapterStatisticsSettingData WHERE Name = 'Wi-Fi'; ResultCode = 0x80041032; PossibleCause = Unknown"
"19-08-2026 14:06:31","5858","Error","Microsoft-Windows-WMI-Activity","Id = {3C3CB444-A9B9-4483-8473-C8295DA31249}; ClientMachine = LIND55MBVC4; User = NT AUTHORITY\NETWORK SERVICE; ClientProcessId = 9276; Component = Unknown; Operation = Start IWbemServices::ExecQuery - ROOT\StandardCimv2 : SELECT * FROM MSFT_NetAdapterStatisticsSettingData WHERE Name = 'Wi-Fi'; ResultCode = 0x80041032; PossibleCause = Unknown"
"19-08-2026 14:06:28","5858","Error","Microsoft-Windows-WMI-Activity","Id = {3094F97D-E569-4944-8A38-1F9F77ABB760}; ClientMachine = LIND55MBVC4; User = NT AUTHORITY\NETWORK SERVICE; ClientProcessId = 9276; Component = Unknown; Operation = Start IWbemServices::ExecQuery - ROOT\StandardCimv2 : SELECT * FROM MSFT_NetAdapterStatisticsSettingData WHERE Name = 'Wi-Fi'; ResultCode = 0x80041032; PossibleCause = Unknown"
"19-08-2026 14:06:26","5858","Error","Microsoft-Windows-WMI-Activity","Id = {E4375A74-A4AD-47F7-BDD9-0A42CD5F8CD9}; ClientMachine = LIND55MBVC4; User = NT AUTHORITY\NETWORK SERVICE; ClientProcessId = 9276; Component = Unknown; Operation = Start IWbemServices::ExecQuery - ROOT\StandardCimv2 : SELECT * FROM MSFT_NetAdapterStatisticsSettingData WHERE Name = 'Wi-Fi'; ResultCode = 0x80041032; PossibleCause = Unknown"
"19-08-2026 14:06:24","5858","Error","Microsoft-Windows-WMI-Activity","Id = {00FB1D32-2831-4B58-9340-7E6F13BF8C7B}; ClientMachine = LIND55MBVC4; User = NT AUTHORITY\NETWORK SERVICE; ClientProcessId = 9276; Component = Unknown; Operation = Start IWbemServices::ExecQuery - ROOT\StandardCimv2 : SELECT * FROM MSFT_NetAdapterStatisticsSettingData WHERE Name = 'Wi-Fi'; ResultCode = 0x80041032; PossibleCause = Unknown"
"19-08-2026 14:06:22","5858","Error","Microsoft-Windows-WMI-Activity","Id = {03DDC00F-D389-44A1-94EF-5B1942000BFC}; ClientMachine = LIND55MBVC4; User = NT AUTHORITY\NETWORK SERVICE; ClientProcessId = 9276; Component = Unknown; Operation = Start IWbemServices::ExecQuery - ROOT\StandardCimv2 : SELECT * FROM MSFT_NetAdapterStatisticsSettingData WHERE Name = 'Wi-Fi'; ResultCode = 0x80041032; PossibleCause = Unknown"
"19-08-2026 14:06:20","5858","Error","Microsoft-Windows-WMI-Activity","Id = {89D3945E-4462-43C9-B3AC-5E8099840558}; ClientMachine = LIND55MBVC4; User = NT AUTHORITY\NETWORK SERVICE; ClientProcessId = 9276; Component = Unknown; Operation = Start IWbemServices::ExecQuery - ROOT\StandardCimv2 : SELECT * FROM MSFT_NetAdapterStatisticsSettingData WHERE Name = 'Wi-Fi'; ResultCode = 0x80041032; PossibleCause = Unknown"
"19-08-2026 14:06:18","5858","Error","Microsoft-Windows-WMI-Activity","Id = {F323FEED-0C1E-4464-969D-5439F4C6E934}; ClientMachine = LIND55MBVC4; User = NT AUTHORITY\NETWORK SERVICE; ClientProcessId = 9276; Component = Unknown; Operation = Start IWbemServices::ExecQuery - ROOT\StandardCimv2 : SELECT * FROM MSFT_NetAdapterStatisticsSettingData WHERE Name = 'Wi-Fi'; ResultCode = 0x80041032; PossibleCause = Unknown"
"19-08-2026 14:06:17","5858","Error","Microsoft-Windows-WMI-Activity","Id = {DEDA69C0-A3F1-4073-8C30-BE4E3F83D823}; ClientMachine = LIND55MBVC4; User = NT AUTHORITY\NETWORK SERVICE; ClientProcessId = 9276; Component = Unknown; Operation = Start IWbemServices::ExecQuery - ROOT\StandardCimv2 : SELECT * FROM MSFT_NetAdapterStatisticsSettingData WHERE Name = 'Wi-Fi'; ResultCode = 0x80041032; PossibleCause = Unknown"
"19-08-2026 14:06:16","5858","Error","Microsoft-Windows-WMI-Activity","Id = {4CAD6100-DB6E-43A0-8E7C-FA3690BD8E4C}; ClientMachine = LIND55MBVC4; User = NT AUTHORITY\NETWORK SERVICE; ClientProcessId = 9276; Component = Unknown; Operation = Start IWbemServices::ExecQuery - ROOT\StandardCimv2 : SELECT * FROM MSFT_NetAdapterStatisticsSettingData WHERE Name = 'Wi-Fi'; ResultCode = 0x80041032; PossibleCause = Unknown"
"19-08-2026 14:06:15","5858","Error","Microsoft-Windows-WMI-Activity","Id = {DE085ACF-9BB9-44DA-961F-665CA730D240}; ClientMachine = LIND55MBVC4; User = NT AUTHORITY\NETWORK SERVICE; ClientProcessId = 9276; Component = Unknown; Operation = Start IWbemServices::ExecQuery - ROOT\StandardCimv2 : SELECT * FROM MSFT_NetAdapterStatisticsSettingData WHERE Name = 'Wi-Fi'; ResultCode = 0x80041032; PossibleCause = Unknown"
"19-08-2026 14:06:14","5858","Error","Microsoft-Windows-WMI-Activity","Id = {683ECC85-FD74-4A52-BE93-928C7C980F36}; ClientMachine = LIND55MBVC4; User = NT AUTHORITY\NETWORK SERVICE; ClientProcessId = 9276; Component = Unknown; Operation = Start IWbemServices::ExecQuery - ROOT\StandardCimv2 : SELECT * FROM MSFT_NetAdapterStatisticsSettingData WHERE Name = 'Wi-Fi'; ResultCode = 0x80041032; PossibleCause = Unknown"
"19-08-2026 14:06:12","5858","Error","Microsoft-Windows-WMI-Activity","Id = {59F77943-0D07-49DE-9A6D-D5596DA7FB42}; ClientMachine = LIND55MBVC4; User = NT AUTHORITY\NETWORK SERVICE; ClientProcessId = 9276; Component = Unknown; Operation = Start IWbemServices::ExecQuery - ROOT\StandardCimv2 : SELECT * FROM MSFT_NetAdapterStatisticsSettingData WHERE Name = 'Wi-Fi'; ResultCode = 0x80041032; PossibleCause = Unknown"
"19-08-2026 14:06:11","5858","Error","Microsoft-Windows-WMI-Activity","Id = {DD9DC7A5-580F-4806-835B-0C5D2305B3A6}; ClientMachine = LIND55MBVC4; User = NT AUTHORITY\NETWORK SERVICE; ClientProcessId = 9276; Component = Unknown; Operation = Start IWbemServices::ExecQuery - ROOT\StandardCimv2 : SELECT * FROM MSFT_NetAdapterStatisticsSettingData WHERE Name = 'Wi-Fi'; ResultCode = 0x80041032; PossibleCause = Unknown"
"19-08-2026 14:06:10","5858","Error","Microsoft-Windows-WMI-Activity","Id = {5086680C-096F-4B20-A88B-4B06190B5E97}; ClientMachine = LIND55MBVC4; User = NT AUTHORITY\NETWORK SERVICE; ClientProcessId = 9276; Component = Unknown; Operation = Start IWbemServices::ExecQuery - ROOT\StandardCimv2 : SELECT * FROM MSFT_NetAdapterStatisticsSettingData WHERE Name = 'Wi-Fi'; ResultCode = 0x80041032; PossibleCause = Unknown"
"19-08-2026 14:05:44","5857","Information","Microsoft-Windows-WMI-Activity","Win32_EncryptableVolumeProvider provider started with result code 0x0. HostProcess = wmiprvse.exe; ProcessID = 7000; ProviderPath = C:\Windows\System32\wbem\Win32_EncryptableVolume.dll"
"19-08-2026 14:05:40","5857","Information","Microsoft-Windows-WMI-Activity","CIMWin32a provider started with result code 0x0. HostProcess = wmiprvse.exe; ProcessID = 7000; ProviderPath = %systemroot%\system32\wbem\wmipcima.dll"
"19-08-2026 14:05:02","5857","Information","Microsoft-Windows-WMI-Activity","NetAdapterCim provider started with result code 0x0. HostProcess = wmiprvse.exe; ProcessID = 4072; ProviderPath = %systemroot%\system32\wbem\NetAdapterCim.dll"
"19-08-2026 14:04:44","5857","Information","Microsoft-Windows-WMI-Activity","Win32_EncryptableVolumeProvider provider started with result code 0x0. HostProcess = wmiprvse.exe; ProcessID = 7000; ProviderPath = C:\Windows\System32\wbem\Win32_EncryptableVolume.dll"
"19-08-2026 14:03:44","5857","Information","Microsoft-Windows-WMI-Activity","Win32_EncryptableVolumeProvider provider started with result code 0x0. HostProcess = wmiprvse.exe; ProcessID = 7000; ProviderPath = C:\Windows\System32\wbem\Win32_EncryptableVolume.dll"
"19-08-2026 14:02:43","5857","Information","Microsoft-Windows-WMI-Activity","Win32_EncryptableVolumeProvider provider started with result code 0x0. HostProcess = wmiprvse.exe; ProcessID = 7000; ProviderPath = C:\Windows\System32\wbem\Win32_EncryptableVolume.dll"
"19-08-2026 14:01:49","5857","Information","Microsoft-Windows-WMI-Activity","DMWmiBridgeProv1 provider started with result code 0x0. HostProcess = wmiprvse.exe; ProcessID = 6824; ProviderPath = %systemroot%\system32\wbem\DMWmiBridgeProv1.dll"
"19-08-2026 14:01:43","5857","Information","Microsoft-Windows-WMI-Activity","Win32_EncryptableVolumeProvider provider started with result code 0x0. HostProcess = wmiprvse.exe; ProcessID = 7000; ProviderPath = C:\Windows\System32\wbem\Win32_EncryptableVolume.dll"
"19-08-2026 14:00:43","5857","Information","Microsoft-Windows-WMI-Activity","Win32_EncryptableVolumeProvider provider started with result code 0x0. HostProcess = wmiprvse.exe; ProcessID = 7000; ProviderPath = C:\Windows\System32\wbem\Win32_EncryptableVolume.dll"
"19-08-2026 14:00:02","5857","Information","Microsoft-Windows-WMI-Activity","NetAdapterCim provider started with result code 0x0. HostProcess = wmiprvse.exe; ProcessID = 7960; ProviderPath = %systemroot%\system32\wbem\NetAdapterCim.dll"
"19-08-2026 13:59:43","5857","Information","Microsoft-Windows-WMI-Activity","Win32_EncryptableVolumeProvider provider started with result code 0x0. HostProcess = wmiprvse.exe; ProcessID = 7000; ProviderPath = C:\Windows\System32\wbem\Win32_EncryptableVolume.dll"
"19-08-2026 13:59:29","5858","Error","Microsoft-Windows-WMI-Activity","Id = {6C420695-8F12-4E1D-A41B-8F1B37940DAE}; ClientMachine = LIND55MBVC4; User = NT AUTHORITY\SYSTEM; ClientProcessId = 3760; Component = Unknown; Operation = Start IWbemServices::ExecQuery - ROOT\CIMV2 : SELECT * FROM Win32_PnPEntity Where deviceid Like '%PCI\\VEN_8086&DEV_7d1d&SUBSYS_0ce81028%&Rev%'; ResultCode = 0x80041032; PossibleCause = Throttling Idle Tasks, refer to CIMOM regkey: ArbTaskMaxIdle"
"19-08-2026 13:59:29","5858","Error","Microsoft-Windows-WMI-Activity","Id = {5411038E-195C-4802-A2E9-4F00EEDFE933}; ClientMachine = LIND55MBVC4; User = NT AUTHORITY\SYSTEM; ClientProcessId = 3760; Component = Unknown; Operation = Start IWbemServices::ExecQuery - ROOT\CIMV2 : SELECT * FROM Win32_PnPEntity Where deviceid Like '%PCI\\VEN_8086&DEV_7d1d&SUBSYS_0ce81028%&Rev%'; ResultCode = 0x80041032; PossibleCause = Throttling Idle Tasks, refer to CIMOM regkey: ArbTaskMaxIdle"
"19-08-2026 13:59:29","5858","Error","Microsoft-Windows-WMI-Activity","Id = {F8A146E7-9326-4495-83A3-E08D1D994BA2}; ClientMachine = LIND55MBVC4; User = NT AUTHORITY\SYSTEM; ClientProcessId = 3760; Component = Unknown; Operation = Start IWbemServices::ExecQuery - ROOT\CIMV2 : SELECT * FROM Win32_PnPEntity Where deviceid Like '%PCI\\VEN_8086&DEV_7d1d&SUBSYS_0ce81028%&Rev%'; ResultCode = 0x80041032; PossibleCause = Throttling Idle Tasks, refer to CIMOM regkey: ArbTaskMaxIdle"
"19-08-2026 13:59:29","5858","Error","Microsoft-Windows-WMI-Activity","Id = {7CFEE89F-4251-495D-B4BE-A3AAD4AFED40}; ClientMachine = LIND55MBVC4; User = NT AUTHORITY\SYSTEM; ClientProcessId = 3760; Component = Unknown; Operation = Start IWbemServices::ExecQuery - ROOT\CIMV2 : SELECT * FROM Win32_PnPEntity Where deviceid Like '%PCI\\VEN_8086&DEV_7d1d&SUBSYS_0ce81028%&Rev%'; ResultCode = 0x80041032; PossibleCause = Throttling Idle Tasks, refer to CIMOM regkey: ArbTaskMaxIdle"
"19-08-2026 13:59:29","5858","Error","Microsoft-Windows-WMI-Activity","Id = {E4480120-B012-4705-99B1-AA0FA991EFC0}; ClientMachine = LIND55MBVC4; User = NT AUTHORITY\SYSTEM; ClientProcessId = 3760; Component = Unknown; Operation = Start IWbemServices::ExecQuery - ROOT\CIMV2 : SELECT * FROM Win32_PnPEntity Where deviceid Like '%PCI\\VEN_8086&DEV_7d1d&SUBSYS_0ce81028%&Rev%'; ResultCode = 0x80041032; PossibleCause = Throttling Idle Tasks, refer to CIMOM regkey: ArbTaskMaxIdle"
"19-08-2026 13:58:43","5857","Information","Microsoft-Windows-WMI-Activity","Win32_EncryptableVolumeProvider provider started with result code 0x0. HostProcess = wmiprvse.exe; ProcessID = 7000; ProviderPath = C:\Windows\System32\wbem\Win32_EncryptableVolume.dll"
"19-08-2026 13:57:43","5857","Information","Microsoft-Windows-WMI-Activity","Win32_EncryptableVolumeProvider provider started with result code 0x0. HostProcess = wmiprvse.exe; ProcessID = 7000; ProviderPath = C:\Windows\System32\wbem\Win32_EncryptableVolume.dll"
"19-08-2026 13:56:15","5858","Error","Microsoft-Windows-WMI-Activity","Id = {3F594717-03AB-46EC-846E-099C2FA4E6C0}; ClientMachine = LIND55MBVC4; User = ENTERPRISE\arjo5004; ClientProcessId = 27160; Component = Unknown; Operation = Start IWbemServices::GetObject - root\cimv2\mdm : \\.\ROOT\cimv2\mdm:MDM_ConfigSetting.SettingName=""JobPurgeIntervalInDays""; ResultCode = 0x80041003; PossibleCause = Unknown"
"19-08-2026 13:56:15","5858","Error","Microsoft-Windows-WMI-Activity","Id = {F7E6EC8D-F365-458B-90EE-22BE34419C1B}; ClientMachine = LIND55MBVC4; User = ENTERPRISE\arjo5004; ClientProcessId = 27160; Component = Unknown; Operation = Start IWbemServices::GetObject - root\cimv2\mdm : \\.\ROOT\cimv2\mdm:MDM_ConfigSetting.SettingName=""DeployWaitTimeout""; ResultCode = 0x80041003; PossibleCause = Unknown"
"19-08-2026 13:56:15","5858","Error","Microsoft-Windows-WMI-Activity","Id = {6185DF70-2833-46CC-A153-E9D0B43BED8B}; ClientMachine = LIND55MBVC4; User = ENTERPRISE\arjo5004; ClientProcessId = 27160; Component = Unknown; Operation = Start IWbemServices::GetObject - root\cimv2\mdm : \\.\ROOT\cimv2\mdm:MDM_ConfigSetting.SettingName=""BitsJobPriority""; ResultCode = 0x80041003; PossibleCause = Unknown"
"19-08-2026 13:56:15","5858","Error","Microsoft-Windows-WMI-Activity","Id = {285D0839-F154-4D29-9514-1B0BD770332B}; ClientMachine = LIND55MBVC4; User = ENTERPRISE\arjo5004; ClientProcessId = 27160; Component = Unknown; Operation = Start IWbemServices::GetObject - root\cimv2\mdm : \\.\ROOT\cimv2\mdm:MDM_ConfigSetting.SettingName=""CheckCRL""; ResultCode = 0x80041003; PossibleCause = Unknown"
"19-08-2026 13:56:15","5858","Error","Microsoft-Windows-WMI-Activity","Id = {3AA7807B-D286-4E1F-A5DC-40B475B0B7C7}; ClientMachine = LIND55MBVC4; User = ENTERPRISE\arjo5004; ClientProcessId = 27160; Component = Unknown; Operation = Start IWbemServices::GetObject - root\cimv2\mdm : \\.\ROOT\cimv2\mdm:MDM_ConfigSetting.SettingName=""DeploymentRetries""; ResultCode = 0x80041003; PossibleCause = Unknown"
"19-08-2026 13:56:15","5858","Error","Microsoft-Windows-WMI-Activity","Id = {165FCAFF-D679-45AB-9FFB-4FFCAA7060B6}; ClientMachine = LIND55MBVC4; User = ENTERPRISE\arjo5004; ClientProcessId = 27160; Component = Unknown; Operation = Start IWbemServices::GetObject - root\cimv2\mdm : \\.\ROOT\cimv2\mdm:MDM_ConfigSetting.SettingName=""BitsNoProgressTimeout""; ResultCode = 0x80041003; PossibleCause = Unknown"
"19-08-2026 13:56:15","5858","Error","Microsoft-Windows-WMI-Activity","Id = {D1CA48D5-6C00-4E8E-872A-F0C2F9D13F35}; ClientMachine = LIND55MBVC4; User = ENTERPRISE\arjo5004; ClientProcessId = 27160; Component = Unknown; Operation = Start IWbemServices::GetObject - root\cimv2\mdm : \\.\ROOT\cimv2\mdm:MDM_ConfigSetting.SettingName=""BitsRetryDelay""; ResultCode = 0x80041003; PossibleCause = Unknown"
"19-08-2026 13:56:15","5858","Error","Microsoft-Windows-WMI-Activity","Id = {EF2B3EBB-DD6F-4B0E-9926-BB113A12E0AF}; ClientMachine = LIND55MBVC4; User = ENTERPRISE\arjo5004; ClientProcessId = 27160; Component = Unknown; Operation = Start IWbemServices::GetObject - root\cimv2\mdm : \\.\ROOT\cimv2\mdm:MDM_ConfigSetting.SettingName=""BitsNetworCostFlags""; ResultCode = 0x80041003; PossibleCause = Unknown"
"19-08-2026 13:56:15","5858","Error","Microsoft-Windows-WMI-Activity","Id = {F0278AA3-172D-4A3F-A53D-ED755DAA5F48}; ClientMachine = LIND55MBVC4; User = NT AUTHORITY\SYSTEM; ClientProcessId = 27160; Component = Unknown; Operation = Start IWbemServices::GetObject - root\cimv2\mdm : \\.\ROOT\cimv2\mdm:MDM_ConfigSetting.SettingName=""LockRequestIssued""; ResultCode = 0x80041002; PossibleCause = Unknown"
"19-08-2026 13:56:15","5858","Error","Microsoft-Windows-WMI-Activity","Id = {2BF843E5-B96C-42A2-B4F6-E755F973F260}; ClientMachine = LIND55MBVC4; User = NT AUTHORITY\SYSTEM; ClientProcessId = 27160; Component = Unknown; Operation = Start IWbemServices::GetObject - root\cimv2\mdm : \\.\ROOT\cimv2\mdm:MDM_ConfigSetting.SettingName=""UnenrollRequestIssued""; ResultCode = 0x80041002; PossibleCause = Unknown"
"19-08-2026 13:56:15","5857","Information","Microsoft-Windows-WMI-Activity","MDMSettingsProv provider started with result code 0x0. HostProcess = wmiprvse.exe; ProcessID = 6824; ProviderPath = %systemroot%\system32\wbem\MDMSettingsProv.dll"
"19-08-2026 13:55:43","5857","Information","Microsoft-Windows-WMI-Activity","Win32_EncryptableVolumeProvider provider started with result code 0x0. HostProcess = wmiprvse.exe; ProcessID = 7000; ProviderPath = C:\Windows\System32\wbem\Win32_EncryptableVolume.dll"
"19-08-2026 13:55:35","5857","Information","Microsoft-Windows-WMI-Activity","Provider_DiagnosticsServices provider started with result code 0x0. HostProcess = wmiprvse.exe; ProcessID = 6412; ProviderPath = %systemroot%\system32\wbem\wmiprov.dll"
"19-08-2026 13:55:31","5858","Error","Microsoft-Windows-WMI-Activity","Id = {8D0F91B3-FF3C-4F74-8D13-065331397598}; ClientMachine = LIND55MBVC4; User = NT AUTHORITY\SYSTEM; ClientProcessId = 3760; Component = Unknown; Operation = Start IWbemServices::ExecQuery - ROOT\CIMV2 : SELECT * FROM Win32_SystemDriver WHERE Name = 'BTHUSB'; ResultCode = 0x80041032; PossibleCause = Unknown"
"19-08-2026 13:55:02","5857","Information","Microsoft-Windows-WMI-Activity","NetAdapterCim provider started with result code 0x0. HostProcess = wmiprvse.exe; ProcessID = 13420; ProviderPath = %systemroot%\system32\wbem\NetAdapterCim.dll"
"19-08-2026 13:54:43","5857","Information","Microsoft-Windows-WMI-Activity","Win32_EncryptableVolumeProvider provider started with result code 0x0. HostProcess = wmiprvse.exe; ProcessID = 7000; ProviderPath = C:\Windows\System32\wbem\Win32_EncryptableVolume.dll"
"19-08-2026 13:54:10","5857","Information","Microsoft-Windows-WMI-Activity","Provider_PlatformBios provider started with result code 0x0. HostProcess = wmiprvse.exe; ProcessID = 6412; ProviderPath = %systemroot%\system32\wbem\wmiprov.dll"
"19-08-2026 13:53:38","5857","Information","Microsoft-Windows-WMI-Activity","MSVDS__PROVIDER provider started with result code 0x0. HostProcess = wmiprvse.exe; ProcessID = 7000; ProviderPath = %systemroot%\system32\wbem\vdswmi.dll"
"19-08-2026 13:53:37","5857","Information","Microsoft-Windows-WMI-Activity","StorageWMI provider started with result code 0x0. HostProcess = wmiprvse.exe; ProcessID = 7000; ProviderPath = %SystemRoot%\System32\storagewmi.dll"
"19-08-2026 13:53:37","5857","Information","Microsoft-Windows-WMI-Activity","WMIProv provider started with result code 0x0. HostProcess = wmiprvse.exe; ProcessID = 6824; ProviderPath = %systemroot%\system32\wbem\wmiprov.dll"
"19-08-2026 13:52:43","5857","Information","Microsoft-Windows-WMI-Activity","Win32_EncryptableVolumeProvider provider started with result code 0x0. HostProcess = wmiprvse.exe; ProcessID = 7000; ProviderPath = C:\Windows\System32\wbem\Win32_EncryptableVolume.dll"
"19-08-2026 13:51:43","5857","Information","Microsoft-Windows-WMI-Activity","Win32_EncryptableVolumeProvider provider started with result code 0x0. HostProcess = wmiprvse.exe; ProcessID = 7000; ProviderPath = C:\Windows\System32\wbem\Win32_EncryptableVolume.dll"
"19-08-2026 13:50:43","5857","Information","Microsoft-Windows-WMI-Activity","Win32_EncryptableVolumeProvider provider started with result code 0x0. HostProcess = wmiprvse.exe; ProcessID = 7000; ProviderPath = C:\Windows\System32\wbem\Win32_EncryptableVolume.dll"
"19-08-2026 13:50:02","5857","Information","Microsoft-Windows-WMI-Activity","NetAdapterCim provider started with result code 0x0. HostProcess = wmiprvse.exe; ProcessID = 30764; ProviderPath = %systemroot%\system32\wbem\NetAdapterCim.dll"
"19-08-2026 13:49:43","5857","Information","Microsoft-Windows-WMI-Activity","Win32_EncryptableVolumeProvider provider started with result code 0x0. HostProcess = wmiprvse.exe; ProcessID = 7000; ProviderPath = C:\Windows\System32\wbem\Win32_EncryptableVolume.dll"
"19-08-2026 13:48:45","5857","Information","Microsoft-Windows-WMI-Activity","Win32_WIN32_TERMINALSERVICE_Prov provider started with result code 0x0. HostProcess = wmiprvse.exe; ProcessID = 7000; ProviderPath = %SystemRoot%\system32\tscfgwmi.dll"
"19-08-2026 13:48:43","5857","Information","Microsoft-Windows-WMI-Activity","Win32_EncryptableVolumeProvider provider started with result code 0x0. HostProcess = wmiprvse.exe; ProcessID = 7000; ProviderPath = C:\Windows\System32\wbem\Win32_EncryptableVolume.dll"
"19-08-2026 13:47:43","5857","Information","Microsoft-Windows-WMI-Activity","Win32_EncryptableVolumeProvider provider started with result code 0x0. HostProcess = wmiprvse.exe; ProcessID = 7000; ProviderPath = C:\Windows\System32\wbem\Win32_EncryptableVolume.dll"
"19-08-2026 13:46:43","5857","Information","Microsoft-Windows-WMI-Activity","Win32_EncryptableVolumeProvider provider started with result code 0x0. HostProcess = wmiprvse.exe; ProcessID = 7000; ProviderPath = C:\Windows\System32\wbem\Win32_EncryptableVolume.dll"
"19-08-2026 13:45:42","5857","Information","Microsoft-Windows-WMI-Activity","Win32_EncryptableVolumeProvider provider started with result code 0x0. HostProcess = wmiprvse.exe; ProcessID = 7000; ProviderPath = C:\Windows\System32\wbem\Win32_EncryptableVolume.dll"
"19-08-2026 13:45:02","5857","Information","Microsoft-Windows-WMI-Activity","NetAdapterCim provider started with result code 0x0. HostProcess = wmiprvse.exe; ProcessID = 26912; ProviderPath = %systemroot%\system32\wbem\NetAdapterCim.dll"
"19-08-2026 13:44:42","5857","Information","Microsoft-Windows-WMI-Activity","Win32_EncryptableVolumeProvider provider started with result code 0x0. HostProcess = wmiprvse.exe; ProcessID = 7000; ProviderPath = C:\Windows\System32\wbem\Win32_EncryptableVolume.dll"
"19-08-2026 13:44:28","5858","Error","Microsoft-Windows-WMI-Activity","Id = {5F0FDF31-D82F-4773-8EC3-420DC54922DA}; ClientMachine = LIND55MBVC4; User = NT AUTHORITY\SYSTEM; ClientProcessId = 3760; Component = Unknown; Operation = Start IWbemServices::ExecQuery - ROOT\CIMV2 : SELECT * FROM Win32_PnPEntity Where deviceid Like '%PCI\\VEN_8086&DEV_7d1d&SUBSYS_0ce81028%&Rev%'; ResultCode = 0x80041032; PossibleCause = Throttling Idle Tasks, refer to CIMOM regkey: ArbTaskMaxIdle"
"19-08-2026 13:44:28","5858","Error","Microsoft-Windows-WMI-Activity","Id = {1A45D5B2-C3D1-48EB-A5A6-06517C8D7360}; ClientMachine = LIND55MBVC4; User = NT AUTHORITY\SYSTEM; ClientProcessId = 3760; Component = Unknown; Operation = Start IWbemServices::ExecQuery - ROOT\CIMV2 : SELECT * FROM Win32_PnPEntity Where deviceid Like '%PCI\\VEN_8086&DEV_7d1d&SUBSYS_0ce81028%&Rev%'; ResultCode = 0x80041032; PossibleCause = Throttling Idle Tasks, refer to CIMOM regkey: ArbTaskMaxIdle"
"19-08-2026 13:44:28","5858","Error","Microsoft-Windows-WMI-Activity","Id = {3EF05544-0B21-432A-B384-2DF276289424}; ClientMachine = LIND55MBVC4; User = NT AUTHORITY\SYSTEM; ClientProcessId = 3760; Component = Unknown; Operation = Start IWbemServices::ExecQuery - ROOT\CIMV2 : SELECT * FROM Win32_PnPEntity Where deviceid Like '%PCI\\VEN_8086&DEV_7d1d&SUBSYS_0ce81028%&Rev%'; ResultCode = 0x80041032; PossibleCause = Throttling Idle Tasks, refer to CIMOM regkey: ArbTaskMaxIdle"
"19-08-2026 13:44:28","5858","Error","Microsoft-Windows-WMI-Activity","Id = {5A90C235-DE23-4308-9201-855DB9B27B6D}; ClientMachine = LIND55MBVC4; User = NT AUTHORITY\SYSTEM; ClientProcessId = 3760; Component = Unknown; Operation = Start IWbemServices::ExecQuery - ROOT\CIMV2 : SELECT * FROM Win32_PnPEntity Where deviceid Like '%PCI\\VEN_8086&DEV_7d1d&SUBSYS_0ce81028%&Rev%'; ResultCode = 0x80041032; PossibleCause = Throttling Idle Tasks, refer to CIMOM regkey: ArbTaskMaxIdle"
"19-08-2026 13:44:28","5858","Error","Microsoft-Windows-WMI-Activity","Id = {45FB0D3F-07AB-408F-8F2B-9A02F2D4E36B}; ClientMachine = LIND55MBVC4; User = NT AUTHORITY\SYSTEM; ClientProcessId = 3760; Component = Unknown; Operation = Start IWbemServices::ExecQuery - ROOT\CIMV2 : SELECT * FROM Win32_PnPEntity Where deviceid Like '%PCI\\VEN_8086&DEV_7d1d&SUBSYS_0ce81028%&Rev%'; ResultCode = 0x80041032; PossibleCause = Throttling Idle Tasks, refer to CIMOM regkey: ArbTaskMaxIdle"
"19-08-2026 13:43:42","5857","Information","Microsoft-Windows-WMI-Activity","Win32_EncryptableVolumeProvider provider started with result code 0x0. HostProcess = wmiprvse.exe; ProcessID = 7000; ProviderPath = C:\Windows\System32\wbem\Win32_EncryptableVolume.dll"
"19-08-2026 13:42:23","5857","Information","Microsoft-Windows-WMI-Activity","MS_NT_EVENTLOG_PROVIDER provider started with result code 0x0. HostProcess = wmiprvse.exe; ProcessID = 7000; ProviderPath = %systemroot%\system32\wbem\ntevt.dll"
"19-08-2026 13:42:23","5857","Information","Microsoft-Windows-WMI-Activity","Win32_WIN32_TERMINALSERVICE_Prov provider started with result code 0x0. HostProcess = wmiprvse.exe; ProcessID = 7000; ProviderPath = %SystemRoot%\system32\tscfgwmi.dll"
"19-08-2026 13:42:23","5857","Information","Microsoft-Windows-WMI-Activity","RegProv provider started with result code 0x0. HostProcess = wmiprvse.exe; ProcessID = 21148; ProviderPath = %systemroot%\system32\wbem\stdprov.dll"
"19-08-2026 13:42:23","5857","Information","Microsoft-Windows-WMI-Activity","MSSQL_ManagementProvider provider started with result code 0x0. HostProcess = wmiprvse.exe; ProcessID = 31740; ProviderPath = C:\Program Files\Microsoft SQL Server\150\Shared\sqlmgmprovider.dll"
"19-08-2026 13:41:42","5857","Information","Microsoft-Windows-WMI-Activity","Win32_EncryptableVolumeProvider provider started with result code 0x0. HostProcess = wmiprvse.exe; ProcessID = 7000; ProviderPath = C:\Windows\System32\wbem\Win32_EncryptableVolume.dll"
"19-08-2026 13:41:10","5857","Information","Microsoft-Windows-WMI-Activity","SppProvider provider started with result code 0x0. HostProcess = wmiprvse.exe; ProcessID = 26760; ProviderPath = %SystemRoot%\System32\sppwmi.dll"
"19-08-2026 13:41:07","5858","Error","Microsoft-Windows-WMI-Activity","Id = {A96FEBB3-4210-4C39-A399-14FDCDEA6612}; ClientMachine = LIND55MBVC4; User = NT AUTHORITY\SYSTEM; ClientProcessId = 30052; Component = Unknown; Operation = Start IWbemServices::ExecQuery - root\cimv2 : select * from Win32_Processor where __RELPATH = ""Win32_Processor.DeviceID=\""CPU0\""""; ResultCode = 0x80041032; PossibleCause = Unknown"
"19-08-2026 13:40:31","5857","Information","Microsoft-Windows-WMI-Activity","Provider_DiagnosticsServices provider started with result code 0x0. HostProcess = wmiprvse.exe; ProcessID = 21336; ProviderPath = %systemroot%\system32\wbem\wmiprov.dll"
"19-08-2026 13:40:02","5857","Information","Microsoft-Windows-WMI-Activity","NetAdapterCim provider started with result code 0x0. HostProcess = wmiprvse.exe; ProcessID = 11084; ProviderPath = %systemroot%\system32\wbem\NetAdapterCim.dll"
"19-08-2026 13:39:42","5857","Information","Microsoft-Windows-WMI-Activity","Win32_EncryptableVolumeProvider provider started with result code 0x0. HostProcess = wmiprvse.exe; ProcessID = 7000; ProviderPath = C:\Windows\System32\wbem\Win32_EncryptableVolume.dll"
"19-08-2026 13:39:09","5857","Information","Microsoft-Windows-WMI-Activity","Provider_PlatformBios provider started with result code 0x0. HostProcess = wmiprvse.exe; ProcessID = 21336; ProviderPath = %systemroot%\system32\wbem\wmiprov.dll"
"19-08-2026 13:38:37","5857","Information","Microsoft-Windows-WMI-Activity","MSVDS__PROVIDER provider started with result code 0x0. HostProcess = wmiprvse.exe; ProcessID = 7000; ProviderPath = %systemroot%\system32\wbem\vdswmi.dll"
"19-08-2026 13:38:37","5857","Information","Microsoft-Windows-WMI-Activity","StorageWMI provider started with result code 0x0. HostProcess = wmiprvse.exe; ProcessID = 7000; ProviderPath = %SystemRoot%\System32\storagewmi.dll"
"19-08-2026 13:37:42","5857","Information","Microsoft-Windows-WMI-Activity","Win32_EncryptableVolumeProvider provider started with result code 0x0. HostProcess = wmiprvse.exe; ProcessID = 7000; ProviderPath = C:\Windows\System32\wbem\Win32_EncryptableVolume.dll"
"19-08-2026 13:36:19","5857","Information","Microsoft-Windows-WMI-Activity","StorageWMI provider started with result code 0x0. HostProcess = wmiprvse.exe; ProcessID = 7000; ProviderPath = %SystemRoot%\System32\storagewmi.dll"
"19-08-2026 13:35:47","5857","Information","Microsoft-Windows-WMI-Activity","WMIPingProvider provider started with result code 0x0. HostProcess = wmiprvse.exe; ProcessID = 7000; ProviderPath = %systemroot%\system32\wbem\WMIPICMP.dll"
"19-08-2026 13:35:42","5857","Information","Microsoft-Windows-WMI-Activity","Win32_EncryptableVolumeProvider provider started with result code 0x0. HostProcess = wmiprvse.exe; ProcessID = 7000; ProviderPath = C:\Windows\System32\wbem\Win32_EncryptableVolume.dll"
"19-08-2026 13:35:02","5857","Information","Microsoft-Windows-WMI-Activity","NetAdapterCim provider started with result code 0x0. HostProcess = wmiprvse.exe; ProcessID = 27332; ProviderPath = %systemroot%\system32\wbem\NetAdapterCim.dll"
"19-08-2026 13:33:42","5857","Information","Microsoft-Windows-WMI-Activity","Win32_EncryptableVolumeProvider provider started with result code 0x0. HostProcess = wmiprvse.exe; ProcessID = 7000; ProviderPath = C:\Windows\System32\wbem\Win32_EncryptableVolume.dll"
"19-08-2026 13:32:32","5857","Information","Microsoft-Windows-WMI-Activity","NetAdapterCim provider started with result code 0x0. HostProcess = wmiprvse.exe; ProcessID = 24364; ProviderPath = %systemroot%\system32\wbem\NetAdapterCim.dll"
"19-08-2026 13:31:42","5857","Information","Microsoft-Windows-WMI-Activity","Win32_EncryptableVolumeProvider provider started with result code 0x0. HostProcess = wmiprvse.exe; ProcessID = 7000; ProviderPath = C:\Windows\System32\wbem\Win32_EncryptableVolume.dll"
"19-08-2026 13:31:15","5858","Error","Microsoft-Windows-WMI-Activity","Id = {0BA21474-2EF0-0001-1D04-C60BF02EDD01}; ClientMachine = LIND55MBVC4; User = NT AUTHORITY\SYSTEM; ClientProcessId = 7808; Component = Unknown; Operation = Start IWbemServices::ExecMethod - root\cimv2 : \\.\ROOT\cimv2:Win32_Process.Handle=""13172""::GetOwner; ResultCode = 0x80041032; PossibleCause = Unknown"
"19-08-2026 13:30:28","5857","Information","Microsoft-Windows-WMI-Activity","MSIProv provider started with result code 0x0. HostProcess = wmiprvse.exe; ProcessID = 6824; ProviderPath = %systemroot%\system32\wbem\msiprov.dll"
"19-08-2026 13:30:25","5857","Information","Microsoft-Windows-WMI-Activity","WMIPingProvider provider started with result code 0x0. HostProcess = wmiprvse.exe; ProcessID = 7000; ProviderPath = %systemroot%\system32\wbem\WMIPICMP.dll"
"19-08-2026 13:29:59","5857","Information","Microsoft-Windows-WMI-Activity","dnsclientcim provider started with result code 0x0. HostProcess = wmiprvse.exe; ProcessID = 1088; ProviderPath = %SYSTEMROOT%\System32\wbem\dnsclientcim.dll"
"19-08-2026 13:29:59","5857","Information","Microsoft-Windows-WMI-Activity","NlmCim provider started with result code 0x0. HostProcess = wmiprvse.exe; ProcessID = 7000; ProviderPath = %SystemRoot%\System32\wbem\nlmcim.dll"
"19-08-2026 13:29:57","5857","Information","Microsoft-Windows-WMI-Activity","nettcpip provider started with result code 0x0. HostProcess = wmiprvse.exe; ProcessID = 7000; ProviderPath = %systemroot%\system32\wbem\NetTCPIP.dll"
"19-08-2026 13:29:54","5857","Information","Microsoft-Windows-WMI-Activity","NetAdapterCim provider started with result code 0x0. HostProcess = wmiprvse.exe; ProcessID = 27060; ProviderPath = %systemroot%\system32\wbem\NetAdapterCim.dll"
"19-08-2026 13:29:47","5857","Information","Microsoft-Windows-WMI-Activity","ScheduledTaskProv provider started with result code 0x0. HostProcess = wmiprvse.exe; ProcessID = 7000; ProviderPath = %SYSTEMROOT%\System32\wbem\schedprov.dll"
"19-08-2026 13:29:30","5857","Information","Microsoft-Windows-WMI-Activity","ReliabilityMetricsProvider provider started with result code 0x0. HostProcess = wmiprvse.exe; ProcessID = 19712; ProviderPath = C:\Windows\System32\wbem\RacWmiProv.dll"
"19-08-2026 13:29:30","5858","Error","Microsoft-Windows-WMI-Activity","Id = {0BA21474-2EF0-0004-70FB-CC0BF02EDD01}; ClientMachine = LIND55MBVC4; User = ENTERPRISE\arjo5004.T1; ClientProcessId = 28452; Component = Unknown; Operation = Start IWbemServices::CreateInstanceEnum - root\wmi : MSAcpi_ThermalZoneTemperature; ResultCode = 0x8004100C; PossibleCause = Unknown"
"19-08-2026 13:29:30","5857","Information","Microsoft-Windows-WMI-Activity","WMIProv provider started with result code 0x0. HostProcess = wmiprvse.exe; ProcessID = 6824; ProviderPath = %systemroot%\system32\wbem\wmiprov.dll"
"19-08-2026 13:29:26","5857","Information","Microsoft-Windows-WMI-Activity","StorageWMI provider started with result code 0x0. HostProcess = wmiprvse.exe; ProcessID = 7000; ProviderPath = %SystemRoot%\System32\storagewmi.dll"
"19-08-2026 13:29:26","5858","Error","Microsoft-Windows-WMI-Activity","Id = {207E0617-95F1-47A3-843A-B64972E8E07A}; ClientMachine = LIND55MBVC4; User = NT AUTHORITY\SYSTEM; ClientProcessId = 3760; Component = Unknown; Operation = Start IWbemServices::ExecQuery - ROOT\CIMV2 : SELECT * FROM Win32_PnPEntity Where deviceid Like '%PCI\\VEN_8086&DEV_7d1d&SUBSYS_0ce81028%&Rev%'; ResultCode = 0x80041032; PossibleCause = Throttling Idle Tasks, refer to CIMOM regkey: ArbTaskMaxIdle"
"19-08-2026 13:29:26","5858","Error","Microsoft-Windows-WMI-Activity","Id = {6730AB5C-7693-4F61-B397-76EEFC006838}; ClientMachine = LIND55MBVC4; User = NT AUTHORITY\SYSTEM; ClientProcessId = 3760; Component = Unknown; Operation = Start IWbemServices::ExecQuery - ROOT\CIMV2 : SELECT * FROM Win32_PnPEntity Where deviceid Like '%PCI\\VEN_8086&DEV_7d1d&SUBSYS_0ce81028%&Rev%'; ResultCode = 0x80041032; PossibleCause = Throttling Idle Tasks, refer to CIMOM regkey: ArbTaskMaxIdle"
"19-08-2026 13:29:26","5858","Error","Microsoft-Windows-WMI-Activity","Id = {1BF04947-5697-4006-B184-DBB6A6CA90F9}; ClientMachine = LIND55MBVC4; User = NT AUTHORITY\SYSTEM; ClientProcessId = 3760; Component = Unknown; Operation = Start IWbemServices::ExecQuery - ROOT\CIMV2 : SELECT * FROM Win32_PnPEntity Where deviceid Like '%PCI\\VEN_8086&DEV_7d1d&SUBSYS_0ce81028%&Rev%'; ResultCode = 0x80041032; PossibleCause = Throttling Idle Tasks, refer to CIMOM regkey: ArbTaskMaxIdle"
"19-08-2026 13:29:26","5858","Error","Microsoft-Windows-WMI-Activity","Id = {BDAE8661-2875-4041-AE5A-21FA1CD5D760}; ClientMachine = LIND55MBVC4; User = NT AUTHORITY\SYSTEM; ClientProcessId = 3760; Component = Unknown; Operation = Start IWbemServices::ExecQuery - ROOT\CIMV2 : SELECT * FROM Win32_PnPEntity Where deviceid Like '%PCI\\VEN_8086&DEV_7d1d&SUBSYS_0ce81028%&Rev%'; ResultCode = 0x80041032; PossibleCause = Throttling Idle Tasks, refer to CIMOM regkey: ArbTaskMaxIdle"
"19-08-2026 13:29:26","5858","Error","Microsoft-Windows-WMI-Activity","Id = {DF361D3B-D946-4503-93A2-FF0065A8CD75}; ClientMachine = LIND55MBVC4; User = NT AUTHORITY\SYSTEM; ClientProcessId = 3760; Component = Unknown; Operation = Start IWbemServices::ExecQuery - ROOT\CIMV2 : SELECT * FROM Win32_PnPEntity Where deviceid Like '%PCI\\VEN_8086&DEV_7d1d&SUBSYS_0ce81028%&Rev%'; ResultCode = 0x80041032; PossibleCause = Throttling Idle Tasks, refer to CIMOM regkey: ArbTaskMaxIdle"
"19-08-2026 13:29:13","5857","Information","Microsoft-Windows-WMI-Activity","WhqlProvider provider started with result code 0x0. HostProcess = wmiprvse.exe; ProcessID = 7000; ProviderPath = %systemroot%\system32\signdrv.dll"
"19-08-2026 13:29:08","5858","Error","Microsoft-Windows-WMI-Activity","Id = {1CA42B78-3795-40FD-B986-F7F5D6603311}; ClientMachine = LIND55MBVC4; User = ENTERPRISE\arjo5004; ClientProcessId = 8692; Component = Unknown; Operation = Start IWbemServices::ExecNotificationQuery - root\cimv2 : SELECT * FROM RegistryValueChangeEvent WHERE Hive = 'HKEY_LOCAL_MACHINE' AND KeyPath = 'SOFTWARE\\Cirrus Logic\\Tunings\\DigitalAudioDisplayDevice' AND ValueName='CLABP_BLOCKED'; ResultCode = 0x80041032; PossibleCause = Unknown"
"19-08-2026 13:29:03","5858","Error","Microsoft-Windows-WMI-Activity","Id = {348EEE25-16A6-42D2-AE16-6AF8C71B6A1F}; ClientMachine = LIND55MBVC4; User = NT AUTHORITY\SYSTEM; ClientProcessId = 19428; Component = Unknown; Operation = Start IWbemServices::ExecQuery - root\CIMV2\security\microsofttpm : SELECT ManufacturerVersionFull20 FROM win32_tpm; ResultCode = 0x80041032; PossibleCause = Unknown"
"19-08-2026 13:29:03","5858","Error","Microsoft-Windows-WMI-Activity","Id = {FF228BAD-1E7C-484D-90A0-C7840D2F2956}; ClientMachine = LIND55MBVC4; User = NT AUTHORITY\SYSTEM; ClientProcessId = 19428; Component = Unknown; Operation = Start IWbemServices::ExecQuery - root\CIMV2\security\microsofttpm : SELECT ManufacturerIdTxt FROM win32_tpm; ResultCode = 0x80041032; PossibleCause = Unknown"
"19-08-2026 13:29:03","5857","Information","Microsoft-Windows-WMI-Activity","Win32_TpmProvider provider started with result code 0x0. HostProcess = wmiprvse.exe; ProcessID = 7000; ProviderPath = C:\Windows\System32\wbem\Win32_TPM.dll"
"19-08-2026 13:28:42","5857","Information","Microsoft-Windows-WMI-Activity","VpnClientPSProvider provider started with result code 0x0. HostProcess = wmiprvse.exe; ProcessID = 7000; ProviderPath = %SYSTEMROOT%\System32\wbem\vpnclientpsprovider.dll"
"19-08-2026 13:28:40","5857","Information","Microsoft-Windows-WMI-Activity","SppProvider provider started with result code 0x0. HostProcess = wmiprvse.exe; ProcessID = 7000; ProviderPath = %SystemRoot%\System32\sppwmi.dll"
"19-08-2026 13:28:37","5857","Information","Microsoft-Windows-WMI-Activity","Win32_WIN32_TERMINALSERVICE_Prov provider started with result code 0x0. HostProcess = wmiprvse.exe; ProcessID = 7000; ProviderPath = %SystemRoot%\system32\tscfgwmi.dll"
"19-08-2026 13:28:34","5857","Information","Microsoft-Windows-WMI-Activity","Win32_EncryptableVolumeProvider provider started with result code 0x0. HostProcess = wmiprvse.exe; ProcessID = 7000; ProviderPath = C:\Windows\System32\wbem\Win32_EncryptableVolume.dll"
"19-08-2026 13:27:33","5857","Information","Microsoft-Windows-WMI-Activity","Win32_EncryptableVolumeProvider provider started with result code 0x0. HostProcess = wmiprvse.exe; ProcessID = 7000; ProviderPath = C:\Windows\System32\wbem\Win32_EncryptableVolume.dll"
"19-08-2026 13:27:15","5857","Information","Microsoft-Windows-WMI-Activity","CIMWin32a provider started with result code 0x0. HostProcess = wmiprvse.exe; ProcessID = 7000; ProviderPath = %systemroot%\system32\wbem\wmipcima.dll"
"19-08-2026 13:26:57","5857","Information","Microsoft-Windows-WMI-Activity","MSFT_Printer provider started with result code 0x0. HostProcess = wmiprvse.exe; ProcessID = 7000; ProviderPath = %SYSTEMROOT%\System32\wbem\PrintManagementProvider.dll"
"19-08-2026 13:26:24","5857","Information","Microsoft-Windows-WMI-Activity","MSFT_Printer provider started with result code 0x0. HostProcess = wmiprvse.exe; ProcessID = 7000; ProviderPath = %SYSTEMROOT%\System32\wbem\PrintManagementProvider.dll"
"19-08-2026 13:26:16","5857","Information","Microsoft-Windows-WMI-Activity","DMWmiBridgeProv1 provider started with result code 0x0. HostProcess = wmiprvse.exe; ProcessID = 6824; ProviderPath = %systemroot%\system32\wbem\DMWmiBridgeProv1.dll"
"19-08-2026 13:25:29","5857","Information","Microsoft-Windows-WMI-Activity","Provider_DiagnosticsServices provider started with result code 0x0. HostProcess = wmiprvse.exe; ProcessID = 13732; ProviderPath = %systemroot%\system32\wbem\wmiprov.dll"
"19-08-2026 13:25:02","5857","Information","Microsoft-Windows-WMI-Activity","NetAdapterCim provider started with result code 0x0. HostProcess = wmiprvse.exe; ProcessID = 28512; ProviderPath = %systemroot%\system32\wbem\NetAdapterCim.dll"
"19-08-2026 13:24:33","5857","Information","Microsoft-Windows-WMI-Activity","Win32_EncryptableVolumeProvider provider started with result code 0x0. HostProcess = wmiprvse.exe; ProcessID = 7000; ProviderPath = C:\Windows\System32\wbem\Win32_EncryptableVolume.dll"
"19-08-2026 13:24:09","5857","Information","Microsoft-Windows-WMI-Activity","Provider_PlatformBios provider started with result code 0x0. HostProcess = wmiprvse.exe; ProcessID = 13732; ProviderPath = %systemroot%\system32\wbem\wmiprov.dll"
"19-08-2026 13:23:38","5857","Information","Microsoft-Windows-WMI-Activity","MSVDS__PROVIDER provider started with result code 0x0. HostProcess = wmiprvse.exe; ProcessID = 7000; ProviderPath = %systemroot%\system32\wbem\vdswmi.dll"
"19-08-2026 13:23:37","5857","Information","Microsoft-Windows-WMI-Activity","StorageWMI provider started with result code 0x0. HostProcess = wmiprvse.exe; ProcessID = 7000; ProviderPath = %SystemRoot%\System32\storagewmi.dll"
"19-08-2026 13:23:37","5857","Information","Microsoft-Windows-WMI-Activity","WMIProv provider started with result code 0x0. HostProcess = wmiprvse.exe; ProcessID = 6824; ProviderPath = %systemroot%\system32\wbem\wmiprov.dll"
"19-08-2026 13:23:33","5857","Information","Microsoft-Windows-WMI-Activity","Win32_EncryptableVolumeProvider provider started with result code 0x0. HostProcess = wmiprvse.exe; ProcessID = 7000; ProviderPath = C:\Windows\System32\wbem\Win32_EncryptableVolume.dll"
"19-08-2026 13:22:17","5858","Error","Microsoft-Windows-WMI-Activity","Id = {0AF3F21E-7AB9-4530-BFC5-714B1D0B7F9E}; ClientMachine = LIND55MBVC4; User = NT AUTHORITY\SYSTEM; ClientProcessId = 18156; Component = Unknown; Operation = Start IWbemServices::ExecQuery - root\cimv2 : select ProcessId, ExecutablePath from Win32_Process where ProcessId = 22736; ResultCode = 0x80041032; PossibleCause = Unknown"
"19-08-2026 13:21:33","5857","Information","Microsoft-Windows-WMI-Activity","Win32_EncryptableVolumeProvider provider started with result code 0x0. HostProcess = wmiprvse.exe; ProcessID = 7000; ProviderPath = C:\Windows\System32\wbem\Win32_EncryptableVolume.dll"
"19-08-2026 13:20:33","5857","Information","Microsoft-Windows-WMI-Activity","Win32_EncryptableVolumeProvider provider started with result code 0x0. HostProcess = wmiprvse.exe; ProcessID = 7000; ProviderPath = C:\Windows\System32\wbem\Win32_EncryptableVolume.dll"
"19-08-2026 13:20:02","5857","Information","Microsoft-Windows-WMI-Activity","NetAdapterCim provider started with result code 0x0. HostProcess = wmiprvse.exe; ProcessID = 10508; ProviderPath = %systemroot%\system32\wbem\NetAdapterCim.dll"
"19-08-2026 13:19:33","5857","Information","Microsoft-Windows-WMI-Activity","Win32_EncryptableVolumeProvider provider started with result code 0x0. HostProcess = wmiprvse.exe; ProcessID = 7000; ProviderPath = C:\Windows\System32\wbem\Win32_EncryptableVolume.dll"
"19-08-2026 13:18:33","5857","Information","Microsoft-Windows-WMI-Activity","Win32_EncryptableVolumeProvider provider started with result code 0x0. HostProcess = wmiprvse.exe; ProcessID = 7000; ProviderPath = C:\Windows\System32\wbem\Win32_EncryptableVolume.dll"
"19-08-2026 13:17:33","5857","Information","Microsoft-Windows-WMI-Activity","Win32_EncryptableVolumeProvider provider started with result code 0x0. HostProcess = wmiprvse.exe; ProcessID = 7000; ProviderPath = C:\Windows\System32\wbem\Win32_EncryptableVolume.dll"
"19-08-2026 13:16:33","5857","Information","Microsoft-Windows-WMI-Activity","Win32_EncryptableVolumeProvider provider started with result code 0x0. HostProcess = wmiprvse.exe; ProcessID = 7000; ProviderPath = C:\Windows\System32\wbem\Win32_EncryptableVolume.dll"
"19-08-2026 13:15:33","5857","Information","Microsoft-Windows-WMI-Activity","Win32_EncryptableVolumeProvider provider started with result code 0x0. HostProcess = wmiprvse.exe; ProcessID = 7000; ProviderPath = C:\Windows\System32\wbem\Win32_EncryptableVolume.dll"
"19-08-2026 13:15:02","5857","Information","Microsoft-Windows-WMI-Activity","NetAdapterCim provider started with result code 0x0. HostProcess = wmiprvse.exe; ProcessID = 14984; ProviderPath = %systemroot%\system32\wbem\NetAdapterCim.dll"
"19-08-2026 13:14:33","5857","Information","Microsoft-Windows-WMI-Activity","Win32_EncryptableVolumeProvider provider started with result code 0x0. HostProcess = wmiprvse.exe; ProcessID = 7000; ProviderPath = C:\Windows\System32\wbem\Win32_EncryptableVolume.dll"
"19-08-2026 13:14:28","5858","Error","Microsoft-Windows-WMI-Activity","Id = {750CB0E6-5026-4311-8B39-98557770D1EA}; ClientMachine = LIND55MBVC4; User = NT AUTHORITY\SYSTEM; ClientProcessId = 3760; Component = Unknown; Operation = Start IWbemServices::ExecQuery - ROOT\CIMV2 : SELECT * FROM Win32_PnPEntity Where deviceid Like '%PCI\\VEN_8086&DEV_7d1d&SUBSYS_0ce81028%&Rev%'; ResultCode = 0x80041032; PossibleCause = Throttling Idle Tasks, refer to CIMOM regkey: ArbTaskMaxIdle"
"19-08-2026 13:14:28","5858","Error","Microsoft-Windows-WMI-Activity","Id = {347C714E-4283-4E54-AB0D-853D627538BF}; ClientMachine = LIND55MBVC4; User = NT AUTHORITY\SYSTEM; ClientProcessId = 3760; Component = Unknown; Operation = Start IWbemServices::ExecQuery - ROOT\CIMV2 : SELECT * FROM Win32_PnPEntity Where deviceid Like '%PCI\\VEN_8086&DEV_7d1d&SUBSYS_0ce81028%&Rev%'; ResultCode = 0x80041032; PossibleCause = Throttling Idle Tasks, refer to CIMOM regkey: ArbTaskMaxIdle"
"19-08-2026 13:14:28","5858","Error","Microsoft-Windows-WMI-Activity","Id = {13F9630B-8C6A-4483-BFA6-AA2355D63FB3}; ClientMachine = LIND55MBVC4; User = NT AUTHORITY\SYSTEM; ClientProcessId = 3760; Component = Unknown; Operation = Start IWbemServices::ExecQuery - ROOT\CIMV2 : SELECT * FROM Win32_PnPEntity Where deviceid Like '%PCI\\VEN_8086&DEV_7d1d&SUBSYS_0ce81028%&Rev%'; ResultCode = 0x80041032; PossibleCause = Throttling Idle Tasks, refer to CIMOM regkey: ArbTaskMaxIdle"
"19-08-2026 13:14:28","5858","Error","Microsoft-Windows-WMI-Activity","Id = {FD62AB1B-8885-4C4C-BA76-8B3EAED938CD}; ClientMachine = LIND55MBVC4; User = NT AUTHORITY\SYSTEM; ClientProcessId = 3760; Component = Unknown; Operation = Start IWbemServices::ExecQuery - ROOT\CIMV2 : SELECT * FROM Win32_PnPEntity Where deviceid Like '%PCI\\VEN_8086&DEV_7d1d&SUBSYS_0ce81028%&Rev%'; ResultCode = 0x80041032; PossibleCause = Throttling Idle Tasks, refer to CIMOM regkey: ArbTaskMaxIdle"
"19-08-2026 13:14:28","5858","Error","Microsoft-Windows-WMI-Activity","Id = {A620B57F-0871-4651-B5E6-103559D0EF5C}; ClientMachine = LIND55MBVC4; User = NT AUTHORITY\SYSTEM; ClientProcessId = 3760; Component = Unknown; Operation = Start IWbemServices::ExecQuery - ROOT\CIMV2 : SELECT * FROM Win32_PnPEntity Where deviceid Like '%PCI\\VEN_8086&DEV_7d1d&SUBSYS_0ce81028%&Rev%'; ResultCode = 0x80041032; PossibleCause = Throttling Idle Tasks, refer to CIMOM regkey: ArbTaskMaxIdle"
"19-08-2026 13:13:33","5857","Information","Microsoft-Windows-WMI-Activity","Win32_EncryptableVolumeProvider provider started with result code 0x0. HostProcess = wmiprvse.exe; ProcessID = 7000; ProviderPath = C:\Windows\System32\wbem\Win32_EncryptableVolume.dll"
"19-08-2026 13:12:33","5857","Information","Microsoft-Windows-WMI-Activity","Win32_EncryptableVolumeProvider provider started with result code 0x0. HostProcess = wmiprvse.exe; ProcessID = 7000; ProviderPath = C:\Windows\System32\wbem\Win32_EncryptableVolume.dll"
"19-08-2026 13:11:15","5858","Error","Microsoft-Windows-WMI-Activity","Id = {D9B81B38-CB9A-4527-90B2-DDDD3B312729}; ClientMachine = LIND55MBVC4; User = ENTERPRISE\arjo5004; ClientProcessId = 29564; Component = Unknown; Operation = Start IWbemServices::GetObject - root\cimv2\mdm : \\.\ROOT\cimv2\mdm:MDM_ConfigSetting.SettingName=""JobPurgeIntervalInDays""; ResultCode = 0x80041003; PossibleCause = Unknown"
"19-08-2026 13:11:15","5858","Error","Microsoft-Windows-WMI-Activity","Id = {C79C21C1-3A8E-4438-A070-8A7A3C32B95B}; ClientMachine = LIND55MBVC4; User = ENTERPRISE\arjo5004; ClientProcessId = 29564; Component = Unknown; Operation = Start IWbemServices::GetObject - root\cimv2\mdm : \\.\ROOT\cimv2\mdm:MDM_ConfigSetting.SettingName=""DeployWaitTimeout""; ResultCode = 0x80041003; PossibleCause = Unknown"
"19-08-2026 13:11:15","5858","Error","Microsoft-Windows-WMI-Activity","Id = {27A47069-0A18-49AE-988A-A4F63AABBA47}; ClientMachine = LIND55MBVC4; User = ENTERPRISE\arjo5004; ClientProcessId = 29564; Component = Unknown; Operation = Start IWbemServices::GetObject - root\cimv2\mdm : \\.\ROOT\cimv2\mdm:MDM_ConfigSetting.SettingName=""BitsJobPriority""; ResultCode = 0x80041003; PossibleCause = Unknown"
"19-08-2026 13:11:15","5858","Error","Microsoft-Windows-WMI-Activity","Id = {0DCABFFA-D763-4CAA-A6ED-9E4BFD70F532}; ClientMachine = LIND55MBVC4; User = ENTERPRISE\arjo5004; ClientProcessId = 29564; Component = Unknown; Operation = Start IWbemServices::GetObject - root\cimv2\mdm : \\.\ROOT\cimv2\mdm:MDM_ConfigSetting.SettingName=""CheckCRL""; ResultCode = 0x80041003; PossibleCause = Unknown"
"19-08-2026 13:11:15","5858","Error","Microsoft-Windows-WMI-Activity","Id = {28478804-49AD-4318-9551-265007DDC631}; ClientMachine = LIND55MBVC4; User = ENTERPRISE\arjo5004; ClientProcessId = 29564; Component = Unknown; Operation = Start IWbemServices::GetObject - root\cimv2\mdm : \\.\ROOT\cimv2\mdm:MDM_ConfigSetting.SettingName=""DeploymentRetries""; ResultCode = 0x80041003; PossibleCause = Unknown"
"19-08-2026 13:11:15","5858","Error","Microsoft-Windows-WMI-Activity","Id = {CA1C396E-50D3-4803-AE44-8FD9D5177AF9}; ClientMachine = LIND55MBVC4; User = ENTERPRISE\arjo5004; ClientProcessId = 29564; Component = Unknown; Operation = Start IWbemServices::GetObject - root\cimv2\mdm : \\.\ROOT\cimv2\mdm:MDM_ConfigSetting.SettingName=""BitsNoProgressTimeout""; ResultCode = 0x80041003; PossibleCause = Unknown"
"19-08-2026 13:11:15","5858","Error","Microsoft-Windows-WMI-Activity","Id = {D3E24D59-95D7-4C11-98A6-BF2BC95A8E9F}; ClientMachine = LIND55MBVC4; User = ENTERPRISE\arjo5004; ClientProcessId = 29564; Component = Unknown; Operation = Start IWbemServices::GetObject - root\cimv2\mdm : \\.\ROOT\cimv2\mdm:MDM_ConfigSetting.SettingName=""BitsRetryDelay""; ResultCode = 0x80041003; PossibleCause = Unknown"
