"29-07-2026 13:15:11","102","Error","Microsoft-Windows-CoreSystem-SmsRouter","[SmsRouter::CSmsDeviceManager::Initialize:0x647] Error Invalid class string: Failed to load CLSIDFromProgID(""CellularAPI""), Ignoring the error"
"29-07-2026 13:15:11","200","Information","Microsoft-Windows-CoreSystem-SmsRouter","[SmsRouter] SmsBroker is started"
"29-07-2026 13:15:11","100","Information","Microsoft-Windows-CoreSystem-SmsRouter","[SmsRouter] SmsRouter is started"
"29-07-2026 13:14:11","101","Information","Microsoft-Windows-CoreSystem-SmsRouter","[SmsRouter] SmsRouter is stoped"
"29-07-2026 13:14:11","201","Information","Microsoft-Windows-CoreSystem-SmsRouter","[SmsRouter] SmsBroker is stoped"
"29-07-2026 13:14:11","102","Error","Microsoft-Windows-CoreSystem-SmsRouter","[SmsRouter::CSmsDeviceManager::Uninitialize:0x6D2] Error The device is not ready.: UninitializeWwanWatcher"
"29-07-2026 13:14:11","102","Error","Microsoft-Windows-CoreSystem-SmsRouter","[SmsRouter::CSmsDeviceManager::UninitializeWwanWatcher:0x324] Error The device is not ready.: WwanRegisterNotification(WwanNotificationSourceNone) failed"
"29-07-2026 13:11:11","102","Error","Microsoft-Windows-CoreSystem-SmsRouter","[SmsRouter::CSmsDeviceManager::UninitializeWwanWatcher:0x324] Error The device is not ready.: WwanRegisterNotification(WwanNotificationSourceNone) failed"
"29-07-2026 13:11:11","102","Error","Microsoft-Windows-CoreSystem-SmsRouter","[SmsRouter::CSmsDeviceManager::Initialize:0x647] Error Invalid class string: Failed to load CLSIDFromProgID(""CellularAPI""), Ignoring the error"
"29-07-2026 13:11:11","200","Information","Microsoft-Windows-CoreSystem-SmsRouter","[SmsRouter] SmsBroker is started"
"29-07-2026 13:11:11","100","Information","Microsoft-Windows-CoreSystem-SmsRouter","[SmsRouter] SmsRouter is started"
"29-07-2026 12:02:15","101","Information","Microsoft-Windows-CoreSystem-SmsRouter","[SmsRouter] SmsRouter is stoped"
"29-07-2026 12:02:15","201","Information","Microsoft-Windows-CoreSystem-SmsRouter","[SmsRouter] SmsBroker is stoped"
"29-07-2026 12:02:15","102","Error","Microsoft-Windows-CoreSystem-SmsRouter","[SmsRouter::CSmsDeviceManager::Uninitialize:0x6D2] Error The device is not ready.: UninitializeWwanWatcher"
"29-07-2026 12:02:15","102","Error","Microsoft-Windows-CoreSystem-SmsRouter","[SmsRouter::CSmsDeviceManager::UninitializeWwanWatcher:0x324] Error The device is not ready.: WwanRegisterNotification(WwanNotificationSourceNone) failed"
"29-07-2026 12:00:15","102","Error","Microsoft-Windows-CoreSystem-SmsRouter","[SmsRouter::_BriDeleteEvent2:0x220] Error The parameter is incorrect.: Unable to find client context for handle=1."
"29-07-2026 12:00:15","102","Error","Microsoft-Windows-CoreSystem-SmsRouter","[SmsRouter::CSmsDeviceManager::UninitializeWwanWatcher:0x324] Error The device is not ready.: WwanRegisterNotification(WwanNotificationSourceNone) failed"
"29-07-2026 12:00:15","102","Error","Microsoft-Windows-CoreSystem-SmsRouter","[SmsRouter::CSmsDeviceManager::Initialize:0x647] Error Invalid class string: Failed to load CLSIDFromProgID(""CellularAPI""), Ignoring the error"
"29-07-2026 12:00:15","200","Information","Microsoft-Windows-CoreSystem-SmsRouter","[SmsRouter] SmsBroker is started"
"29-07-2026 12:00:15","100","Information","Microsoft-Windows-CoreSystem-SmsRouter","[SmsRouter] SmsRouter is started"
"29-07-2026 11:59:15","101","Information","Microsoft-Windows-CoreSystem-SmsRouter","[SmsRouter] SmsRouter is stoped"
"29-07-2026 11:59:15","201","Information","Microsoft-Windows-CoreSystem-SmsRouter","[SmsRouter] SmsBroker is stoped"
"29-07-2026 11:59:15","102","Error","Microsoft-Windows-CoreSystem-SmsRouter","[SmsRouter::CSmsDeviceManager::Uninitialize:0x6D2] Error The device is not ready.: UninitializeWwanWatcher"
"29-07-2026 11:59:15","102","Error","Microsoft-Windows-CoreSystem-SmsRouter","[SmsRouter::CSmsDeviceManager::UninitializeWwanWatcher:0x324] Error The device is not ready.: WwanRegisterNotification(WwanNotificationSourceNone) failed"
"29-07-2026 11:56:15","102","Error","Microsoft-Windows-CoreSystem-SmsRouter","[SmsRouter::CSmsDeviceManager::UninitializeWwanWatcher:0x324] Error The device is not ready.: WwanRegisterNotification(WwanNotificationSourceNone) failed"
"29-07-2026 11:56:15","102","Error","Microsoft-Windows-CoreSystem-SmsRouter","[SmsRouter::CSmsDeviceManager::Initialize:0x647] Error Invalid class string: Failed to load CLSIDFromProgID(""CellularAPI""), Ignoring the error"
"29-07-2026 11:56:15","200","Information","Microsoft-Windows-CoreSystem-SmsRouter","[SmsRouter] SmsBroker is started"
"29-07-2026 11:56:15","100","Information","Microsoft-Windows-CoreSystem-SmsRouter","[SmsRouter] SmsRouter is started"
"29-07-2026 09:36:56","101","Information","Microsoft-Windows-CoreSystem-SmsRouter","[SmsRouter] SmsRouter is stoped"
"29-07-2026 09:36:56","201","Information","Microsoft-Windows-CoreSystem-SmsRouter","[SmsRouter] SmsBroker is stoped"
"29-07-2026 09:36:56","102","Error","Microsoft-Windows-CoreSystem-SmsRouter","[SmsRouter::CSmsDeviceManager::Uninitialize:0x6D2] Error The device is not ready.: UninitializeWwanWatcher"
"29-07-2026 09:36:56","102","Error","Microsoft-Windows-CoreSystem-SmsRouter","[SmsRouter::CSmsDeviceManager::UninitializeWwanWatcher:0x324] Error The device is not ready.: WwanRegisterNotification(WwanNotificationSourceNone) failed"
"29-07-2026 09:34:56","102","Error","Microsoft-Windows-CoreSystem-SmsRouter","[SmsRouter::_BriDeleteEvent2:0x220] Error The parameter is incorrect.: Unable to find client context for handle=1."
"29-07-2026 09:34:56","102","Error","Microsoft-Windows-CoreSystem-SmsRouter","[SmsRouter::CSmsDeviceManager::UninitializeWwanWatcher:0x324] Error The device is not ready.: WwanRegisterNotification(WwanNotificationSourceNone) failed"
"29-07-2026 09:34:56","102","Error","Microsoft-Windows-CoreSystem-SmsRouter","[SmsRouter::CSmsDeviceManager::Initialize:0x647] Error Invalid class string: Failed to load CLSIDFromProgID(""CellularAPI""), Ignoring the error"
"29-07-2026 09:34:56","200","Information","Microsoft-Windows-CoreSystem-SmsRouter","[SmsRouter] SmsBroker is started"
"29-07-2026 09:34:56","100","Information","Microsoft-Windows-CoreSystem-SmsRouter","[SmsRouter] SmsRouter is started"
"29-07-2026 09:33:26","101","Information","Microsoft-Windows-CoreSystem-SmsRouter","[SmsRouter] SmsRouter is stoped"
"29-07-2026 09:33:26","201","Information","Microsoft-Windows-CoreSystem-SmsRouter","[SmsRouter] SmsBroker is stoped"
"29-07-2026 09:33:26","102","Error","Microsoft-Windows-CoreSystem-SmsRouter","[SmsRouter::CSmsDeviceManager::Uninitialize:0x6D2] Error The device is not ready.: UninitializeWwanWatcher"
"29-07-2026 09:33:26","102","Error","Microsoft-Windows-CoreSystem-SmsRouter","[SmsRouter::CSmsDeviceManager::UninitializeWwanWatcher:0x324] Error The device is not ready.: WwanRegisterNotification(WwanNotificationSourceNone) failed"
"29-07-2026 09:30:26","102","Error","Microsoft-Windows-CoreSystem-SmsRouter","[SmsRouter::_BriDeleteEvent2:0x220] Error The parameter is incorrect.: Unable to find client context for handle=1."
"29-07-2026 09:30:26","102","Error","Microsoft-Windows-CoreSystem-SmsRouter","[SmsRouter::CSmsDeviceManager::UninitializeWwanWatcher:0x324] Error The device is not ready.: WwanRegisterNotification(WwanNotificationSourceNone) failed"
"29-07-2026 09:30:26","102","Error","Microsoft-Windows-CoreSystem-SmsRouter","[SmsRouter::CSmsDeviceManager::Initialize:0x647] Error Invalid class string: Failed to load CLSIDFromProgID(""CellularAPI""), Ignoring the error"
"29-07-2026 09:30:26","200","Information","Microsoft-Windows-CoreSystem-SmsRouter","[SmsRouter] SmsBroker is started"
"29-07-2026 09:30:26","100","Information","Microsoft-Windows-CoreSystem-SmsRouter","[SmsRouter] SmsRouter is started"
"29-07-2026 09:26:56","101","Information","Microsoft-Windows-CoreSystem-SmsRouter","[SmsRouter] SmsRouter is stoped"
"29-07-2026 09:26:56","201","Information","Microsoft-Windows-CoreSystem-SmsRouter","[SmsRouter] SmsBroker is stoped"
"29-07-2026 09:26:56","102","Error","Microsoft-Windows-CoreSystem-SmsRouter","[SmsRouter::CSmsDeviceManager::Uninitialize:0x6D2] Error The device is not ready.: UninitializeWwanWatcher"
"29-07-2026 09:26:56","102","Error","Microsoft-Windows-CoreSystem-SmsRouter","[SmsRouter::CSmsDeviceManager::UninitializeWwanWatcher:0x324] Error The device is not ready.: WwanRegisterNotification(WwanNotificationSourceNone) failed"
"29-07-2026 06:01:19","102","Error","Microsoft-Windows-CoreSystem-SmsRouter","[SmsRouter::CSmsDeviceManager::UninitializeWwanWatcher:0x324] Error The device is not ready.: WwanRegisterNotification(WwanNotificationSourceNone) failed"
"29-07-2026 06:01:19","102","Error","Microsoft-Windows-CoreSystem-SmsRouter","[SmsRouter::CSmsDeviceManager::Initialize:0x647] Error Invalid class string: Failed to load CLSIDFromProgID(""CellularAPI""), Ignoring the error"
"29-07-2026 06:01:19","200","Information","Microsoft-Windows-CoreSystem-SmsRouter","[SmsRouter] SmsBroker is started"
"29-07-2026 06:01:19","100","Information","Microsoft-Windows-CoreSystem-SmsRouter","[SmsRouter] SmsRouter is started"
"28-07-2026 16:52:17","101","Information","Microsoft-Windows-CoreSystem-SmsRouter","[SmsRouter] SmsRouter is stoped"
"28-07-2026 16:52:17","201","Information","Microsoft-Windows-CoreSystem-SmsRouter","[SmsRouter] SmsBroker is stoped"
"28-07-2026 16:52:17","102","Error","Microsoft-Windows-CoreSystem-SmsRouter","[SmsRouter::CSmsDeviceManager::Uninitialize:0x6D2] Error The device is not ready.: UninitializeWwanWatcher"
"28-07-2026 16:52:17","102","Error","Microsoft-Windows-CoreSystem-SmsRouter","[SmsRouter::CSmsDeviceManager::UninitializeWwanWatcher:0x324] Error The device is not ready.: WwanRegisterNotification(WwanNotificationSourceNone) failed"
"28-07-2026 16:50:17","102","Error","Microsoft-Windows-CoreSystem-SmsRouter","[SmsRouter::_BriDeleteEvent2:0x220] Error The parameter is incorrect.: Unable to find client context for handle=1."
"28-07-2026 16:50:17","102","Error","Microsoft-Windows-CoreSystem-SmsRouter","[SmsRouter::CSmsDeviceManager::UninitializeWwanWatcher:0x324] Error The device is not ready.: WwanRegisterNotification(WwanNotificationSourceNone) failed"
"28-07-2026 16:50:17","102","Error","Microsoft-Windows-CoreSystem-SmsRouter","[SmsRouter::CSmsDeviceManager::Initialize:0x647] Error Invalid class string: Failed to load CLSIDFromProgID(""CellularAPI""), Ignoring the error"
"28-07-2026 16:50:17","200","Information","Microsoft-Windows-CoreSystem-SmsRouter","[SmsRouter] SmsBroker is started"
"28-07-2026 16:50:17","100","Information","Microsoft-Windows-CoreSystem-SmsRouter","[SmsRouter] SmsRouter is started"
"28-07-2026 16:49:17","101","Information","Microsoft-Windows-CoreSystem-SmsRouter","[SmsRouter] SmsRouter is stoped"
"28-07-2026 16:49:17","201","Information","Microsoft-Windows-CoreSystem-SmsRouter","[SmsRouter] SmsBroker is stoped"
"28-07-2026 16:49:17","102","Error","Microsoft-Windows-CoreSystem-SmsRouter","[SmsRouter::CSmsDeviceManager::Uninitialize:0x6D2] Error The device is not ready.: UninitializeWwanWatcher"
"28-07-2026 16:49:17","102","Error","Microsoft-Windows-CoreSystem-SmsRouter","[SmsRouter::CSmsDeviceManager::UninitializeWwanWatcher:0x324] Error The device is not ready.: WwanRegisterNotification(WwanNotificationSourceNone) failed"
"28-07-2026 16:46:17","102","Error","Microsoft-Windows-CoreSystem-SmsRouter","[SmsRouter::CSmsDeviceManager::UninitializeWwanWatcher:0x324] Error The device is not ready.: WwanRegisterNotification(WwanNotificationSourceNone) failed"
"28-07-2026 16:46:17","102","Error","Microsoft-Windows-CoreSystem-SmsRouter","[SmsRouter::CSmsDeviceManager::Initialize:0x647] Error Invalid class string: Failed to load CLSIDFromProgID(""CellularAPI""), Ignoring the error"
"28-07-2026 16:46:17","200","Information","Microsoft-Windows-CoreSystem-SmsRouter","[SmsRouter] SmsBroker is started"
"28-07-2026 16:46:17","100","Information","Microsoft-Windows-CoreSystem-SmsRouter","[SmsRouter] SmsRouter is started"
"28-07-2026 14:46:40","101","Information","Microsoft-Windows-CoreSystem-SmsRouter","[SmsRouter] SmsRouter is stoped"
"28-07-2026 14:46:40","201","Information","Microsoft-Windows-CoreSystem-SmsRouter","[SmsRouter] SmsBroker is stoped"
"28-07-2026 14:46:40","102","Error","Microsoft-Windows-CoreSystem-SmsRouter","[SmsRouter::CSmsDeviceManager::Uninitialize:0x6D2] Error The device is not ready.: UninitializeWwanWatcher"
"28-07-2026 14:46:40","102","Error","Microsoft-Windows-CoreSystem-SmsRouter","[SmsRouter::CSmsDeviceManager::UninitializeWwanWatcher:0x324] Error The device is not ready.: WwanRegisterNotification(WwanNotificationSourceNone) failed"
"28-07-2026 14:44:40","102","Error","Microsoft-Windows-CoreSystem-SmsRouter","[SmsRouter::_BriDeleteEvent2:0x220] Error The parameter is incorrect.: Unable to find client context for handle=1."
"28-07-2026 14:44:40","102","Error","Microsoft-Windows-CoreSystem-SmsRouter","[SmsRouter::CSmsDeviceManager::UninitializeWwanWatcher:0x324] Error The device is not ready.: WwanRegisterNotification(WwanNotificationSourceNone) failed"
"28-07-2026 14:44:40","102","Error","Microsoft-Windows-CoreSystem-SmsRouter","[SmsRouter::CSmsDeviceManager::Initialize:0x647] Error Invalid class string: Failed to load CLSIDFromProgID(""CellularAPI""), Ignoring the error"
"28-07-2026 14:44:40","200","Information","Microsoft-Windows-CoreSystem-SmsRouter","[SmsRouter] SmsBroker is started"
"28-07-2026 14:44:40","100","Information","Microsoft-Windows-CoreSystem-SmsRouter","[SmsRouter] SmsRouter is started"
"28-07-2026 14:43:40","101","Information","Microsoft-Windows-CoreSystem-SmsRouter","[SmsRouter] SmsRouter is stoped"
"28-07-2026 14:43:40","201","Information","Microsoft-Windows-CoreSystem-SmsRouter","[SmsRouter] SmsBroker is stoped"
"28-07-2026 14:43:40","102","Error","Microsoft-Windows-CoreSystem-SmsRouter","[SmsRouter::CSmsDeviceManager::Uninitialize:0x6D2] Error The device is not ready.: UninitializeWwanWatcher"
"28-07-2026 14:43:40","102","Error","Microsoft-Windows-CoreSystem-SmsRouter","[SmsRouter::CSmsDeviceManager::UninitializeWwanWatcher:0x324] Error The device is not ready.: WwanRegisterNotification(WwanNotificationSourceNone) failed"
"28-07-2026 14:40:40","102","Error","Microsoft-Windows-CoreSystem-SmsRouter","[SmsRouter::CSmsDeviceManager::UninitializeWwanWatcher:0x324] Error The device is not ready.: WwanRegisterNotification(WwanNotificationSourceNone) failed"
"28-07-2026 14:40:40","102","Error","Microsoft-Windows-CoreSystem-SmsRouter","[SmsRouter::CSmsDeviceManager::Initialize:0x647] Error Invalid class string: Failed to load CLSIDFromProgID(""CellularAPI""), Ignoring the error"
"28-07-2026 14:40:40","200","Information","Microsoft-Windows-CoreSystem-SmsRouter","[SmsRouter] SmsBroker is started"
"28-07-2026 14:40:40","100","Information","Microsoft-Windows-CoreSystem-SmsRouter","[SmsRouter] SmsRouter is started"
"28-07-2026 13:17:15","101","Information","Microsoft-Windows-CoreSystem-SmsRouter","[SmsRouter] SmsRouter is stoped"
"28-07-2026 13:17:15","201","Information","Microsoft-Windows-CoreSystem-SmsRouter","[SmsRouter] SmsBroker is stoped"
"28-07-2026 13:17:15","102","Error","Microsoft-Windows-CoreSystem-SmsRouter","[SmsRouter::CSmsDeviceManager::Uninitialize:0x6D2] Error The device is not ready.: UninitializeWwanWatcher"
"28-07-2026 13:17:15","102","Error","Microsoft-Windows-CoreSystem-SmsRouter","[SmsRouter::CSmsDeviceManager::UninitializeWwanWatcher:0x324] Error The device is not ready.: WwanRegisterNotification(WwanNotificationSourceNone) failed"
"28-07-2026 13:15:15","102","Error","Microsoft-Windows-CoreSystem-SmsRouter","[SmsRouter::_BriDeleteEvent2:0x220] Error The parameter is incorrect.: Unable to find client context for handle=1."
"28-07-2026 13:15:15","102","Error","Microsoft-Windows-CoreSystem-SmsRouter","[SmsRouter::CSmsDeviceManager::UninitializeWwanWatcher:0x324] Error The device is not ready.: WwanRegisterNotification(WwanNotificationSourceNone) failed"
"28-07-2026 13:15:15","102","Error","Microsoft-Windows-CoreSystem-SmsRouter","[SmsRouter::CSmsDeviceManager::Initialize:0x647] Error Invalid class string: Failed to load CLSIDFromProgID(""CellularAPI""), Ignoring the error"
"28-07-2026 13:15:15","200","Information","Microsoft-Windows-CoreSystem-SmsRouter","[SmsRouter] SmsBroker is started"
"28-07-2026 13:15:15","100","Information","Microsoft-Windows-CoreSystem-SmsRouter","[SmsRouter] SmsRouter is started"
"28-07-2026 13:14:15","101","Information","Microsoft-Windows-CoreSystem-SmsRouter","[SmsRouter] SmsRouter is stoped"
"28-07-2026 13:14:15","201","Information","Microsoft-Windows-CoreSystem-SmsRouter","[SmsRouter] SmsBroker is stoped"
"28-07-2026 13:14:15","102","Error","Microsoft-Windows-CoreSystem-SmsRouter","[SmsRouter::CSmsDeviceManager::Uninitialize:0x6D2] Error The device is not ready.: UninitializeWwanWatcher"
"28-07-2026 13:14:15","102","Error","Microsoft-Windows-CoreSystem-SmsRouter","[SmsRouter::CSmsDeviceManager::UninitializeWwanWatcher:0x324] Error The device is not ready.: WwanRegisterNotification(WwanNotificationSourceNone) failed"
"28-07-2026 13:11:15","102","Error","Microsoft-Windows-CoreSystem-SmsRouter","[SmsRouter::CSmsDeviceManager::UninitializeWwanWatcher:0x324] Error The device is not ready.: WwanRegisterNotification(WwanNotificationSourceNone) failed"
"28-07-2026 13:11:15","102","Error","Microsoft-Windows-CoreSystem-SmsRouter","[SmsRouter::CSmsDeviceManager::Initialize:0x647] Error Invalid class string: Failed to load CLSIDFromProgID(""CellularAPI""), Ignoring the error"
"28-07-2026 13:11:15","200","Information","Microsoft-Windows-CoreSystem-SmsRouter","[SmsRouter] SmsBroker is started"
"28-07-2026 13:11:15","100","Information","Microsoft-Windows-CoreSystem-SmsRouter","[SmsRouter] SmsRouter is started"
"28-07-2026 13:02:12","101","Information","Microsoft-Windows-CoreSystem-SmsRouter","[SmsRouter] SmsRouter is stoped"
"28-07-2026 13:02:12","201","Information","Microsoft-Windows-CoreSystem-SmsRouter","[SmsRouter] SmsBroker is stoped"
"28-07-2026 13:02:12","102","Error","Microsoft-Windows-CoreSystem-SmsRouter","[SmsRouter::CSmsDeviceManager::Uninitialize:0x6D2] Error The device is not ready.: UninitializeWwanWatcher"
"28-07-2026 13:02:12","102","Error","Microsoft-Windows-CoreSystem-SmsRouter","[SmsRouter::CSmsDeviceManager::UninitializeWwanWatcher:0x324] Error The device is not ready.: WwanRegisterNotification(WwanNotificationSourceNone) failed"
"28-07-2026 13:00:12","102","Error","Microsoft-Windows-CoreSystem-SmsRouter","[SmsRouter::_BriDeleteEvent2:0x220] Error The parameter is incorrect.: Unable to find client context for handle=1."
"28-07-2026 13:00:12","102","Error","Microsoft-Windows-CoreSystem-SmsRouter","[SmsRouter::CSmsDeviceManager::UninitializeWwanWatcher:0x324] Error The device is not ready.: WwanRegisterNotification(WwanNotificationSourceNone) failed"
"28-07-2026 13:00:12","102","Error","Microsoft-Windows-CoreSystem-SmsRouter","[SmsRouter::CSmsDeviceManager::Initialize:0x647] Error Invalid class string: Failed to load CLSIDFromProgID(""CellularAPI""), Ignoring the error"
"28-07-2026 13:00:12","200","Information","Microsoft-Windows-CoreSystem-SmsRouter","[SmsRouter] SmsBroker is started"
"28-07-2026 13:00:12","100","Information","Microsoft-Windows-CoreSystem-SmsRouter","[SmsRouter] SmsRouter is started"
"28-07-2026 12:59:12","101","Information","Microsoft-Windows-CoreSystem-SmsRouter","[SmsRouter] SmsRouter is stoped"
"28-07-2026 12:59:12","201","Information","Microsoft-Windows-CoreSystem-SmsRouter","[SmsRouter] SmsBroker is stoped"
"28-07-2026 12:59:12","102","Error","Microsoft-Windows-CoreSystem-SmsRouter","[SmsRouter::CSmsDeviceManager::Uninitialize:0x6D2] Error The device is not ready.: UninitializeWwanWatcher"
"28-07-2026 12:59:12","102","Error","Microsoft-Windows-CoreSystem-SmsRouter","[SmsRouter::CSmsDeviceManager::UninitializeWwanWatcher:0x324] Error The device is not ready.: WwanRegisterNotification(WwanNotificationSourceNone) failed"
"28-07-2026 12:56:12","102","Error","Microsoft-Windows-CoreSystem-SmsRouter","[SmsRouter::CSmsDeviceManager::UninitializeWwanWatcher:0x324] Error The device is not ready.: WwanRegisterNotification(WwanNotificationSourceNone) failed"
"28-07-2026 12:56:12","102","Error","Microsoft-Windows-CoreSystem-SmsRouter","[SmsRouter::CSmsDeviceManager::Initialize:0x647] Error Invalid class string: Failed to load CLSIDFromProgID(""CellularAPI""), Ignoring the error"
"28-07-2026 12:56:12","200","Information","Microsoft-Windows-CoreSystem-SmsRouter","[SmsRouter] SmsBroker is started"
"28-07-2026 12:56:12","100","Information","Microsoft-Windows-CoreSystem-SmsRouter","[SmsRouter] SmsRouter is started"
"28-07-2026 09:36:32","101","Information","Microsoft-Windows-CoreSystem-SmsRouter","[SmsRouter] SmsRouter is stoped"
"28-07-2026 09:36:32","201","Information","Microsoft-Windows-CoreSystem-SmsRouter","[SmsRouter] SmsBroker is stoped"
"28-07-2026 09:36:32","102","Error","Microsoft-Windows-CoreSystem-SmsRouter","[SmsRouter::CSmsDeviceManager::Uninitialize:0x6D2] Error The device is not ready.: UninitializeWwanWatcher"
"28-07-2026 09:36:32","102","Error","Microsoft-Windows-CoreSystem-SmsRouter","[SmsRouter::CSmsDeviceManager::UninitializeWwanWatcher:0x324] Error The device is not ready.: WwanRegisterNotification(WwanNotificationSourceNone) failed"
"28-07-2026 09:34:32","102","Error","Microsoft-Windows-CoreSystem-SmsRouter","[SmsRouter::_BriDeleteEvent2:0x220] Error The parameter is incorrect.: Unable to find client context for handle=1."
"28-07-2026 09:34:32","102","Error","Microsoft-Windows-CoreSystem-SmsRouter","[SmsRouter::CSmsDeviceManager::UninitializeWwanWatcher:0x324] Error The device is not ready.: WwanRegisterNotification(WwanNotificationSourceNone) failed"
"28-07-2026 09:34:32","102","Error","Microsoft-Windows-CoreSystem-SmsRouter","[SmsRouter::CSmsDeviceManager::Initialize:0x647] Error Invalid class string: Failed to load CLSIDFromProgID(""CellularAPI""), Ignoring the error"
"28-07-2026 09:34:32","200","Information","Microsoft-Windows-CoreSystem-SmsRouter","[SmsRouter] SmsBroker is started"
"28-07-2026 09:34:32","100","Information","Microsoft-Windows-CoreSystem-SmsRouter","[SmsRouter] SmsRouter is started"
"28-07-2026 09:31:31","101","Information","Microsoft-Windows-CoreSystem-SmsRouter","[SmsRouter] SmsRouter is stoped"
"28-07-2026 09:31:31","201","Information","Microsoft-Windows-CoreSystem-SmsRouter","[SmsRouter] SmsBroker is stoped"
"28-07-2026 09:31:31","102","Error","Microsoft-Windows-CoreSystem-SmsRouter","[SmsRouter::CSmsDeviceManager::Uninitialize:0x6D2] Error The device is not ready.: UninitializeWwanWatcher"
"28-07-2026 09:31:31","102","Error","Microsoft-Windows-CoreSystem-SmsRouter","[SmsRouter::CSmsDeviceManager::UninitializeWwanWatcher:0x324] Error The device is not ready.: WwanRegisterNotification(WwanNotificationSourceNone) failed"
"28-07-2026 09:28:29","102","Error","Microsoft-Windows-CoreSystem-SmsRouter","[SmsRouter::_BriDeleteEvent2:0x220] Error The parameter is incorrect.: Unable to find client context for handle=1."
"28-07-2026 09:28:29","102","Error","Microsoft-Windows-CoreSystem-SmsRouter","[SmsRouter::CSmsDeviceManager::UninitializeWwanWatcher:0x324] Error The device is not ready.: WwanRegisterNotification(WwanNotificationSourceNone) failed"
"28-07-2026 09:28:29","102","Error","Microsoft-Windows-CoreSystem-SmsRouter","[SmsRouter::CSmsDeviceManager::Initialize:0x647] Error Invalid class string: Failed to load CLSIDFromProgID(""CellularAPI""), Ignoring the error"
"28-07-2026 09:28:29","200","Information","Microsoft-Windows-CoreSystem-SmsRouter","[SmsRouter] SmsBroker is started"
"28-07-2026 09:28:29","100","Information","Microsoft-Windows-CoreSystem-SmsRouter","[SmsRouter] SmsRouter is started"
"28-07-2026 09:24:59","101","Information","Microsoft-Windows-CoreSystem-SmsRouter","[SmsRouter] SmsRouter is stoped"
"28-07-2026 09:24:59","201","Information","Microsoft-Windows-CoreSystem-SmsRouter","[SmsRouter] SmsBroker is stoped"
"28-07-2026 09:24:59","102","Error","Microsoft-Windows-CoreSystem-SmsRouter","[SmsRouter::CSmsDeviceManager::Uninitialize:0x6D2] Error The device is not ready.: UninitializeWwanWatcher"
"28-07-2026 09:24:59","102","Error","Microsoft-Windows-CoreSystem-SmsRouter","[SmsRouter::CSmsDeviceManager::UninitializeWwanWatcher:0x324] Error The device is not ready.: WwanRegisterNotification(WwanNotificationSourceNone) failed"
"28-07-2026 04:09:55","102","Error","Microsoft-Windows-CoreSystem-SmsRouter","[SmsRouter::CSmsDeviceManager::UninitializeWwanWatcher:0x324] Error The device is not ready.: WwanRegisterNotification(WwanNotificationSourceNone) failed"
"28-07-2026 04:09:55","102","Error","Microsoft-Windows-CoreSystem-SmsRouter","[SmsRouter::CSmsDeviceManager::Initialize:0x647] Error Invalid class string: Failed to load CLSIDFromProgID(""CellularAPI""), Ignoring the error"
"28-07-2026 04:09:55","200","Information","Microsoft-Windows-CoreSystem-SmsRouter","[SmsRouter] SmsBroker is started"
"28-07-2026 04:09:55","100","Information","Microsoft-Windows-CoreSystem-SmsRouter","[SmsRouter] SmsRouter is started"
"27-07-2026 17:52:19","101","Information","Microsoft-Windows-CoreSystem-SmsRouter","[SmsRouter] SmsRouter is stoped"
"27-07-2026 17:52:19","201","Information","Microsoft-Windows-CoreSystem-SmsRouter","[SmsRouter] SmsBroker is stoped"
"27-07-2026 17:52:19","102","Error","Microsoft-Windows-CoreSystem-SmsRouter","[SmsRouter::CSmsDeviceManager::Uninitialize:0x6D2] Error The device is not ready.: UninitializeWwanWatcher"
"27-07-2026 17:52:19","102","Error","Microsoft-Windows-CoreSystem-SmsRouter","[SmsRouter::CSmsDeviceManager::UninitializeWwanWatcher:0x324] Error The device is not ready.: WwanRegisterNotification(WwanNotificationSourceNone) failed"
"27-07-2026 17:50:19","102","Error","Microsoft-Windows-CoreSystem-SmsRouter","[SmsRouter::_BriDeleteEvent2:0x220] Error The parameter is incorrect.: Unable to find client context for handle=1."
"27-07-2026 17:50:19","102","Error","Microsoft-Windows-CoreSystem-SmsRouter","[SmsRouter::CSmsDeviceManager::UninitializeWwanWatcher:0x324] Error The device is not ready.: WwanRegisterNotification(WwanNotificationSourceNone) failed"
"27-07-2026 17:50:19","102","Error","Microsoft-Windows-CoreSystem-SmsRouter","[SmsRouter::CSmsDeviceManager::Initialize:0x647] Error Invalid class string: Failed to load CLSIDFromProgID(""CellularAPI""), Ignoring the error"
"27-07-2026 17:50:19","200","Information","Microsoft-Windows-CoreSystem-SmsRouter","[SmsRouter] SmsBroker is started"
"27-07-2026 17:50:19","100","Information","Microsoft-Windows-CoreSystem-SmsRouter","[SmsRouter] SmsRouter is started"
"27-07-2026 17:49:19","101","Information","Microsoft-Windows-CoreSystem-SmsRouter","[SmsRouter] SmsRouter is stoped"
"27-07-2026 17:49:19","201","Information","Microsoft-Windows-CoreSystem-SmsRouter","[SmsRouter] SmsBroker is stoped"
"27-07-2026 17:49:19","102","Error","Microsoft-Windows-CoreSystem-SmsRouter","[SmsRouter::CSmsDeviceManager::Uninitialize:0x6D2] Error The device is not ready.: UninitializeWwanWatcher"
"27-07-2026 17:49:19","102","Error","Microsoft-Windows-CoreSystem-SmsRouter","[SmsRouter::CSmsDeviceManager::UninitializeWwanWatcher:0x324] Error The device is not ready.: WwanRegisterNotification(WwanNotificationSourceNone) failed"
"27-07-2026 17:46:19","102","Error","Microsoft-Windows-CoreSystem-SmsRouter","[SmsRouter::CSmsDeviceManager::UninitializeWwanWatcher:0x324] Error The device is not ready.: WwanRegisterNotification(WwanNotificationSourceNone) failed"
"27-07-2026 17:46:19","102","Error","Microsoft-Windows-CoreSystem-SmsRouter","[SmsRouter::CSmsDeviceManager::Initialize:0x647] Error Invalid class string: Failed to load CLSIDFromProgID(""CellularAPI""), Ignoring the error"
"27-07-2026 17:46:19","200","Information","Microsoft-Windows-CoreSystem-SmsRouter","[SmsRouter] SmsBroker is started"
"27-07-2026 17:46:19","100","Information","Microsoft-Windows-CoreSystem-SmsRouter","[SmsRouter] SmsRouter is started"
"27-07-2026 14:06:07","101","Information","Microsoft-Windows-CoreSystem-SmsRouter","[SmsRouter] SmsRouter is stoped"
"27-07-2026 14:06:07","201","Information","Microsoft-Windows-CoreSystem-SmsRouter","[SmsRouter] SmsBroker is stoped"
"27-07-2026 14:06:07","102","Error","Microsoft-Windows-CoreSystem-SmsRouter","[SmsRouter::CSmsDeviceManager::Uninitialize:0x6D2] Error The device is not ready.: UninitializeWwanWatcher"
"27-07-2026 14:06:07","102","Error","Microsoft-Windows-CoreSystem-SmsRouter","[SmsRouter::CSmsDeviceManager::UninitializeWwanWatcher:0x324] Error The device is not ready.: WwanRegisterNotification(WwanNotificationSourceNone) failed"
"27-07-2026 14:04:07","102","Error","Microsoft-Windows-CoreSystem-SmsRouter","[SmsRouter::_BriDeleteEvent2:0x220] Error The parameter is incorrect.: Unable to find client context for handle=1."
"27-07-2026 14:04:07","102","Error","Microsoft-Windows-CoreSystem-SmsRouter","[SmsRouter::CSmsDeviceManager::UninitializeWwanWatcher:0x324] Error The device is not ready.: WwanRegisterNotification(WwanNotificationSourceNone) failed"
"27-07-2026 14:04:07","102","Error","Microsoft-Windows-CoreSystem-SmsRouter","[SmsRouter::CSmsDeviceManager::Initialize:0x647] Error Invalid class string: Failed to load CLSIDFromProgID(""CellularAPI""), Ignoring the error"
"27-07-2026 14:04:07","200","Information","Microsoft-Windows-CoreSystem-SmsRouter","[SmsRouter] SmsBroker is started"
"27-07-2026 14:04:07","100","Information","Microsoft-Windows-CoreSystem-SmsRouter","[SmsRouter] SmsRouter is started"
"27-07-2026 14:03:07","101","Information","Microsoft-Windows-CoreSystem-SmsRouter","[SmsRouter] SmsRouter is stoped"
"27-07-2026 14:03:07","201","Information","Microsoft-Windows-CoreSystem-SmsRouter","[SmsRouter] SmsBroker is stoped"
"27-07-2026 14:03:07","102","Error","Microsoft-Windows-CoreSystem-SmsRouter","[SmsRouter::CSmsDeviceManager::Uninitialize:0x6D2] Error The device is not ready.: UninitializeWwanWatcher"
"27-07-2026 14:03:07","102","Error","Microsoft-Windows-CoreSystem-SmsRouter","[SmsRouter::CSmsDeviceManager::UninitializeWwanWatcher:0x324] Error The device is not ready.: WwanRegisterNotification(WwanNotificationSourceNone) failed"
"27-07-2026 13:56:14","102","Error","Microsoft-Windows-CoreSystem-SmsRouter","[SmsRouter::CSmsDeviceManager::UninitializeWwanWatcher:0x324] Error The device is not ready.: WwanRegisterNotification(WwanNotificationSourceNone) failed"
"27-07-2026 13:56:14","102","Error","Microsoft-Windows-CoreSystem-SmsRouter","[SmsRouter::CSmsDeviceManager::Initialize:0x647] Error Invalid class string: Failed to load CLSIDFromProgID(""CellularAPI""), Ignoring the error"
"27-07-2026 13:56:14","200","Information","Microsoft-Windows-CoreSystem-SmsRouter","[SmsRouter] SmsBroker is started"
"27-07-2026 13:56:14","100","Information","Microsoft-Windows-CoreSystem-SmsRouter","[SmsRouter] SmsRouter is started"
"27-07-2026 13:17:16","101","Information","Microsoft-Windows-CoreSystem-SmsRouter","[SmsRouter] SmsRouter is stoped"
"27-07-2026 13:17:16","201","Information","Microsoft-Windows-CoreSystem-SmsRouter","[SmsRouter] SmsBroker is stoped"
"27-07-2026 13:17:16","102","Error","Microsoft-Windows-CoreSystem-SmsRouter","[SmsRouter::CSmsDeviceManager::Uninitialize:0x6D2] Error The device is not ready.: UninitializeWwanWatcher"
"27-07-2026 13:17:16","102","Error","Microsoft-Windows-CoreSystem-SmsRouter","[SmsRouter::CSmsDeviceManager::UninitializeWwanWatcher:0x324] Error The device is not ready.: WwanRegisterNotification(WwanNotificationSourceNone) failed"
"27-07-2026 13:15:16","102","Error","Microsoft-Windows-CoreSystem-SmsRouter","[SmsRouter::_BriDeleteEvent2:0x220] Error The parameter is incorrect.: Unable to find client context for handle=1."
"27-07-2026 13:15:16","102","Error","Microsoft-Windows-CoreSystem-SmsRouter","[SmsRouter::CSmsDeviceManager::UninitializeWwanWatcher:0x324] Error The device is not ready.: WwanRegisterNotification(WwanNotificationSourceNone) failed"
"27-07-2026 13:15:16","102","Error","Microsoft-Windows-CoreSystem-SmsRouter","[SmsRouter::CSmsDeviceManager::Initialize:0x647] Error Invalid class string: Failed to load CLSIDFromProgID(""CellularAPI""), Ignoring the error"
"27-07-2026 13:15:16","200","Information","Microsoft-Windows-CoreSystem-SmsRouter","[SmsRouter] SmsBroker is started"
"27-07-2026 13:15:16","100","Information","Microsoft-Windows-CoreSystem-SmsRouter","[SmsRouter] SmsRouter is started"
"27-07-2026 13:14:16","101","Information","Microsoft-Windows-CoreSystem-SmsRouter","[SmsRouter] SmsRouter is stoped"
"27-07-2026 13:14:16","201","Information","Microsoft-Windows-CoreSystem-SmsRouter","[SmsRouter] SmsBroker is stoped"
"27-07-2026 13:14:16","102","Error","Microsoft-Windows-CoreSystem-SmsRouter","[SmsRouter::CSmsDeviceManager::Uninitialize:0x6D2] Error The device is not ready.: UninitializeWwanWatcher"
"27-07-2026 13:14:16","102","Error","Microsoft-Windows-CoreSystem-SmsRouter","[SmsRouter::CSmsDeviceManager::UninitializeWwanWatcher:0x324] Error The device is not ready.: WwanRegisterNotification(WwanNotificationSourceNone) failed"
"27-07-2026 13:11:16","102","Error","Microsoft-Windows-CoreSystem-SmsRouter","[SmsRouter::CSmsDeviceManager::UninitializeWwanWatcher:0x324] Error The device is not ready.: WwanRegisterNotification(WwanNotificationSourceNone) failed"
"27-07-2026 13:11:16","102","Error","Microsoft-Windows-CoreSystem-SmsRouter","[SmsRouter::CSmsDeviceManager::Initialize:0x647] Error Invalid class string: Failed to load CLSIDFromProgID(""CellularAPI""), Ignoring the error"
"27-07-2026 13:11:16","200","Information","Microsoft-Windows-CoreSystem-SmsRouter","[SmsRouter] SmsBroker is started"
"27-07-2026 13:11:16","100","Information","Microsoft-Windows-CoreSystem-SmsRouter","[SmsRouter] SmsRouter is started"
"27-07-2026 11:59:46","101","Information","Microsoft-Windows-CoreSystem-SmsRouter","[SmsRouter] SmsRouter is stoped"
"27-07-2026 11:59:46","201","Information","Microsoft-Windows-CoreSystem-SmsRouter","[SmsRouter] SmsBroker is stoped"
"27-07-2026 11:59:46","102","Error","Microsoft-Windows-CoreSystem-SmsRouter","[SmsRouter::CSmsDeviceManager::Uninitialize:0x6D2] Error The device is not ready.: UninitializeWwanWatcher"
"27-07-2026 11:59:46","102","Error","Microsoft-Windows-CoreSystem-SmsRouter","[SmsRouter::CSmsDeviceManager::UninitializeWwanWatcher:0x324] Error The device is not ready.: WwanRegisterNotification(WwanNotificationSourceNone) failed"
"27-07-2026 11:57:46","102","Error","Microsoft-Windows-CoreSystem-SmsRouter","[SmsRouter::_BriDeleteEvent2:0x220] Error The parameter is incorrect.: Unable to find client context for handle=1."
"27-07-2026 11:57:46","102","Error","Microsoft-Windows-CoreSystem-SmsRouter","[SmsRouter::CSmsDeviceManager::UninitializeWwanWatcher:0x324] Error The device is not ready.: WwanRegisterNotification(WwanNotificationSourceNone) failed"
"27-07-2026 11:57:46","102","Error","Microsoft-Windows-CoreSystem-SmsRouter","[SmsRouter::CSmsDeviceManager::Initialize:0x647] Error Invalid class string: Failed to load CLSIDFromProgID(""CellularAPI""), Ignoring the error"
"27-07-2026 11:57:46","200","Information","Microsoft-Windows-CoreSystem-SmsRouter","[SmsRouter] SmsBroker is started"
"27-07-2026 11:57:46","100","Information","Microsoft-Windows-CoreSystem-SmsRouter","[SmsRouter] SmsRouter is started"
"27-07-2026 11:52:46","101","Information","Microsoft-Windows-CoreSystem-SmsRouter","[SmsRouter] SmsRouter is stoped"
"27-07-2026 11:52:46","201","Information","Microsoft-Windows-CoreSystem-SmsRouter","[SmsRouter] SmsBroker is stoped"
"27-07-2026 11:52:46","102","Error","Microsoft-Windows-CoreSystem-SmsRouter","[SmsRouter::CSmsDeviceManager::Uninitialize:0x6D2] Error The device is not ready.: UninitializeWwanWatcher"
"27-07-2026 11:52:46","102","Error","Microsoft-Windows-CoreSystem-SmsRouter","[SmsRouter::CSmsDeviceManager::UninitializeWwanWatcher:0x324] Error The device is not ready.: WwanRegisterNotification(WwanNotificationSourceNone) failed"
"27-07-2026 11:49:46","102","Error","Microsoft-Windows-CoreSystem-SmsRouter","[SmsRouter::CSmsDeviceManager::UninitializeWwanWatcher:0x324] Error The device is not ready.: WwanRegisterNotification(WwanNotificationSourceNone) failed"
"27-07-2026 11:49:46","102","Error","Microsoft-Windows-CoreSystem-SmsRouter","[SmsRouter::CSmsDeviceManager::Initialize:0x647] Error Invalid class string: Failed to load CLSIDFromProgID(""CellularAPI""), Ignoring the error"
"27-07-2026 11:49:46","200","Information","Microsoft-Windows-CoreSystem-SmsRouter","[SmsRouter] SmsBroker is started"
"27-07-2026 11:49:46","100","Information","Microsoft-Windows-CoreSystem-SmsRouter","[SmsRouter] SmsRouter is started"
"27-07-2026 10:12:19","101","Information","Microsoft-Windows-CoreSystem-SmsRouter","[SmsRouter] SmsRouter is stoped"
"27-07-2026 10:12:19","201","Information","Microsoft-Windows-CoreSystem-SmsRouter","[SmsRouter] SmsBroker is stoped"
"27-07-2026 10:12:19","102","Error","Microsoft-Windows-CoreSystem-SmsRouter","[SmsRouter::CSmsDeviceManager::Uninitialize:0x6D2] Error The device is not ready.: UninitializeWwanWatcher"
"27-07-2026 10:12:19","102","Error","Microsoft-Windows-CoreSystem-SmsRouter","[SmsRouter::CSmsDeviceManager::UninitializeWwanWatcher:0x324] Error The device is not ready.: WwanRegisterNotification(WwanNotificationSourceNone) failed"
"27-07-2026 10:10:19","102","Error","Microsoft-Windows-CoreSystem-SmsRouter","[SmsRouter::_BriDeleteEvent2:0x220] Error The parameter is incorrect.: Unable to find client context for handle=1."
"27-07-2026 10:10:19","102","Error","Microsoft-Windows-CoreSystem-SmsRouter","[SmsRouter::CSmsDeviceManager::UninitializeWwanWatcher:0x324] Error The device is not ready.: WwanRegisterNotification(WwanNotificationSourceNone) failed"
"27-07-2026 10:10:19","102","Error","Microsoft-Windows-CoreSystem-SmsRouter","[SmsRouter::CSmsDeviceManager::Initialize:0x647] Error Invalid class string: Failed to load CLSIDFromProgID(""CellularAPI""), Ignoring the error"
"27-07-2026 10:10:19","200","Information","Microsoft-Windows-CoreSystem-SmsRouter","[SmsRouter] SmsBroker is started"
"27-07-2026 10:10:19","100","Information","Microsoft-Windows-CoreSystem-SmsRouter","[SmsRouter] SmsRouter is started"
"27-07-2026 10:09:19","101","Information","Microsoft-Windows-CoreSystem-SmsRouter","[SmsRouter] SmsRouter is stoped"
"27-07-2026 10:09:19","201","Information","Microsoft-Windows-CoreSystem-SmsRouter","[SmsRouter] SmsBroker is stoped"
"27-07-2026 10:09:19","102","Error","Microsoft-Windows-CoreSystem-SmsRouter","[SmsRouter::CSmsDeviceManager::Uninitialize:0x6D2] Error The device is not ready.: UninitializeWwanWatcher"
"27-07-2026 10:09:19","102","Error","Microsoft-Windows-CoreSystem-SmsRouter","[SmsRouter::CSmsDeviceManager::UninitializeWwanWatcher:0x324] Error The device is not ready.: WwanRegisterNotification(WwanNotificationSourceNone) failed"
"27-07-2026 10:06:19","102","Error","Microsoft-Windows-CoreSystem-SmsRouter","[SmsRouter::CSmsDeviceManager::UninitializeWwanWatcher:0x324] Error The device is not ready.: WwanRegisterNotification(WwanNotificationSourceNone) failed"
"27-07-2026 10:06:19","102","Error","Microsoft-Windows-CoreSystem-SmsRouter","[SmsRouter::CSmsDeviceManager::Initialize:0x647] Error Invalid class string: Failed to load CLSIDFromProgID(""CellularAPI""), Ignoring the error"
"27-07-2026 10:06:19","200","Information","Microsoft-Windows-CoreSystem-SmsRouter","[SmsRouter] SmsBroker is started"
"27-07-2026 10:06:19","100","Information","Microsoft-Windows-CoreSystem-SmsRouter","[SmsRouter] SmsRouter is started"
"27-07-2026 09:49:35","101","Information","Microsoft-Windows-CoreSystem-SmsRouter","[SmsRouter] SmsRouter is stoped"
"27-07-2026 09:49:35","201","Information","Microsoft-Windows-CoreSystem-SmsRouter","[SmsRouter] SmsBroker is stoped"
"27-07-2026 09:49:35","102","Error","Microsoft-Windows-CoreSystem-SmsRouter","[SmsRouter::CSmsDeviceManager::Uninitialize:0x6D2] Error The device is not ready.: UninitializeWwanWatcher"
"27-07-2026 09:49:35","102","Error","Microsoft-Windows-CoreSystem-SmsRouter","[SmsRouter::CSmsDeviceManager::UninitializeWwanWatcher:0x324] Error The device is not ready.: WwanRegisterNotification(WwanNotificationSourceNone) failed"
"27-07-2026 09:47:35","102","Error","Microsoft-Windows-CoreSystem-SmsRouter","[SmsRouter::_BriDeleteEvent2:0x220] Error The parameter is incorrect.: Unable to find client context for handle=1."
"27-07-2026 09:47:35","102","Error","Microsoft-Windows-CoreSystem-SmsRouter","[SmsRouter::CSmsDeviceManager::UninitializeWwanWatcher:0x324] Error The device is not ready.: WwanRegisterNotification(WwanNotificationSourceNone) failed"
"27-07-2026 09:47:35","102","Error","Microsoft-Windows-CoreSystem-SmsRouter","[SmsRouter::CSmsDeviceManager::Initialize:0x647] Error Invalid class string: Failed to load CLSIDFromProgID(""CellularAPI""), Ignoring the error"
"27-07-2026 09:47:35","200","Information","Microsoft-Windows-CoreSystem-SmsRouter","[SmsRouter] SmsBroker is started"
"27-07-2026 09:47:35","100","Information","Microsoft-Windows-CoreSystem-SmsRouter","[SmsRouter] SmsRouter is started"
"27-07-2026 09:42:34","101","Information","Microsoft-Windows-CoreSystem-SmsRouter","[SmsRouter] SmsRouter is stoped"
"27-07-2026 09:42:34","201","Information","Microsoft-Windows-CoreSystem-SmsRouter","[SmsRouter] SmsBroker is stoped"
"27-07-2026 09:42:34","102","Error","Microsoft-Windows-CoreSystem-SmsRouter","[SmsRouter::CSmsDeviceManager::Uninitialize:0x6D2] Error The device is not ready.: UninitializeWwanWatcher"
"27-07-2026 09:42:34","102","Error","Microsoft-Windows-CoreSystem-SmsRouter","[SmsRouter::CSmsDeviceManager::UninitializeWwanWatcher:0x324] Error The device is not ready.: WwanRegisterNotification(WwanNotificationSourceNone) failed"
"27-07-2026 09:39:35","102","Error","Microsoft-Windows-CoreSystem-SmsRouter","[SmsRouter::CSmsDeviceManager::UninitializeWwanWatcher:0x324] Error The device is not ready.: WwanRegisterNotification(WwanNotificationSourceNone) failed"
"27-07-2026 09:39:35","102","Error","Microsoft-Windows-CoreSystem-SmsRouter","[SmsRouter::CSmsDeviceManager::Initialize:0x647] Error Invalid class string: Failed to load CLSIDFromProgID(""CellularAPI""), Ignoring the error"
"27-07-2026 09:39:35","200","Information","Microsoft-Windows-CoreSystem-SmsRouter","[SmsRouter] SmsBroker is started"
"27-07-2026 09:39:35","100","Information","Microsoft-Windows-CoreSystem-SmsRouter","[SmsRouter] SmsRouter is started"
"27-07-2026 09:36:34","101","Information","Microsoft-Windows-CoreSystem-SmsRouter","[SmsRouter] SmsRouter is stoped"
"27-07-2026 09:36:34","201","Information","Microsoft-Windows-CoreSystem-SmsRouter","[SmsRouter] SmsBroker is stoped"
"27-07-2026 09:36:34","102","Error","Microsoft-Windows-CoreSystem-SmsRouter","[SmsRouter::CSmsDeviceManager::Uninitialize:0x6D2] Error The device is not ready.: UninitializeWwanWatcher"
"27-07-2026 09:36:34","102","Error","Microsoft-Windows-CoreSystem-SmsRouter","[SmsRouter::CSmsDeviceManager::UninitializeWwanWatcher:0x324] Error The device is not ready.: WwanRegisterNotification(WwanNotificationSourceNone) failed"
"27-07-2026 09:34:45","102","Error","Microsoft-Windows-CoreSystem-SmsRouter","[SmsRouter::CSmsDeviceManager::UninitializeWwanWatcher:0x324] Error The device is not ready.: WwanRegisterNotification(WwanNotificationSourceNone) failed"
"27-07-2026 09:34:45","102","Error","Microsoft-Windows-CoreSystem-SmsRouter","[SmsRouter::CSmsDeviceManager::Initialize:0x647] Error Invalid class string: Failed to load CLSIDFromProgID(""CellularAPI""), Ignoring the error"
"27-07-2026 09:34:45","200","Information","Microsoft-Windows-CoreSystem-SmsRouter","[SmsRouter] SmsBroker is started"
"27-07-2026 09:34:45","100","Information","Microsoft-Windows-CoreSystem-SmsRouter","[SmsRouter] SmsRouter is started"
"27-07-2026 09:28:56","101","Information","Microsoft-Windows-CoreSystem-SmsRouter","[SmsRouter] SmsRouter is stoped"
"27-07-2026 09:28:56","201","Information","Microsoft-Windows-CoreSystem-SmsRouter","[SmsRouter] SmsBroker is stoped"
"27-07-2026 09:28:56","102","Error","Microsoft-Windows-CoreSystem-SmsRouter","[SmsRouter::CSmsDeviceManager::Uninitialize:0x6D2] Error The device is not ready.: UninitializeWwanWatcher"
"27-07-2026 09:28:56","102","Error","Microsoft-Windows-CoreSystem-SmsRouter","[SmsRouter::CSmsDeviceManager::UninitializeWwanWatcher:0x324] Error The device is not ready.: WwanRegisterNotification(WwanNotificationSourceNone) failed"
"27-07-2026 09:26:56","102","Error","Microsoft-Windows-CoreSystem-SmsRouter","[SmsRouter::_BriDeleteEvent2:0x22B] Error The parameter is incorrect.: Unable to find client context for handle=1."
"27-07-2026 09:26:56","102","Error","Microsoft-Windows-CoreSystem-SmsRouter","[SmsRouter::CSmsDeviceManager::UninitializeWwanWatcher:0x324] Error The device is not ready.: WwanRegisterNotification(WwanNotificationSourceNone) failed"
"27-07-2026 09:26:56","102","Error","Microsoft-Windows-CoreSystem-SmsRouter","[SmsRouter::CSmsDeviceManager::Initialize:0x647] Error Invalid class string: Failed to load CLSIDFromProgID(""CellularAPI""), Ignoring the error"
"27-07-2026 09:26:56","200","Information","Microsoft-Windows-CoreSystem-SmsRouter","[SmsRouter] SmsBroker is started"
"27-07-2026 09:26:56","100","Information","Microsoft-Windows-CoreSystem-SmsRouter","[SmsRouter] SmsRouter is started"
"27-07-2026 09:23:56","101","Information","Microsoft-Windows-CoreSystem-SmsRouter","[SmsRouter] SmsRouter is stoped"
"27-07-2026 09:23:56","201","Information","Microsoft-Windows-CoreSystem-SmsRouter","[SmsRouter] SmsBroker is stoped"
"27-07-2026 09:23:56","102","Error","Microsoft-Windows-CoreSystem-SmsRouter","[SmsRouter::CSmsDeviceManager::Uninitialize:0x6D2] Error The device is not ready.: UninitializeWwanWatcher"
"27-07-2026 09:23:56","102","Error","Microsoft-Windows-CoreSystem-SmsRouter","[SmsRouter::CSmsDeviceManager::UninitializeWwanWatcher:0x324] Error The device is not ready.: WwanRegisterNotification(WwanNotificationSourceNone) failed"
"27-07-2026 09:20:47","102","Error","Microsoft-Windows-CoreSystem-SmsRouter","[SmsRouter::_BriDeleteEvent2:0x22B] Error The parameter is incorrect.: Unable to find client context for handle=1."
"27-07-2026 09:20:47","102","Error","Microsoft-Windows-CoreSystem-SmsRouter","[SmsRouter::CSmsDeviceManager::UninitializeWwanWatcher:0x324] Error The device is not ready.: WwanRegisterNotification(WwanNotificationSourceNone) failed"
"27-07-2026 09:20:47","102","Error","Microsoft-Windows-CoreSystem-SmsRouter","[SmsRouter::CSmsDeviceManager::Initialize:0x647] Error Invalid class string: Failed to load CLSIDFromProgID(""CellularAPI""), Ignoring the error"
"27-07-2026 09:20:47","200","Information","Microsoft-Windows-CoreSystem-SmsRouter","[SmsRouter] SmsBroker is started"
"27-07-2026 09:20:47","100","Information","Microsoft-Windows-CoreSystem-SmsRouter","[SmsRouter] SmsRouter is started"
"27-07-2026 09:19:47","101","Information","Microsoft-Windows-CoreSystem-SmsRouter","[SmsRouter] SmsRouter is stoped"
"27-07-2026 09:19:47","201","Information","Microsoft-Windows-CoreSystem-SmsRouter","[SmsRouter] SmsBroker is stoped"
"27-07-2026 09:19:47","102","Error","Microsoft-Windows-CoreSystem-SmsRouter","[SmsRouter::CSmsDeviceManager::Uninitialize:0x6D2] Error The device is not ready.: UninitializeWwanWatcher"
"27-07-2026 09:19:47","102","Error","Microsoft-Windows-CoreSystem-SmsRouter","[SmsRouter::CSmsDeviceManager::UninitializeWwanWatcher:0x324] Error The device is not ready.: WwanRegisterNotification(WwanNotificationSourceNone) failed"
"27-07-2026 09:16:47","102","Error","Microsoft-Windows-CoreSystem-SmsRouter","[SmsRouter::CSmsDeviceManager::UninitializeWwanWatcher:0x324] Error The device is not ready.: WwanRegisterNotification(WwanNotificationSourceNone) failed"
"27-07-2026 09:16:47","102","Error","Microsoft-Windows-CoreSystem-SmsRouter","[SmsRouter::CSmsDeviceManager::Initialize:0x647] Error Invalid class string: Failed to load CLSIDFromProgID(""CellularAPI""), Ignoring the error"
"27-07-2026 09:16:47","200","Information","Microsoft-Windows-CoreSystem-SmsRouter","[SmsRouter] SmsBroker is started"
"27-07-2026 09:16:47","100","Information","Microsoft-Windows-CoreSystem-SmsRouter","[SmsRouter] SmsRouter is started"
"24-07-2026 17:02:10","101","Information","Microsoft-Windows-CoreSystem-SmsRouter","[SmsRouter] SmsRouter is stoped"
"24-07-2026 17:02:10","201","Information","Microsoft-Windows-CoreSystem-SmsRouter","[SmsRouter] SmsBroker is stoped"
"24-07-2026 17:02:10","102","Error","Microsoft-Windows-CoreSystem-SmsRouter","[SmsRouter::CSmsDeviceManager::Uninitialize:0x6D2] Error The device is not ready.: UninitializeWwanWatcher"
"24-07-2026 17:02:10","102","Error","Microsoft-Windows-CoreSystem-SmsRouter","[SmsRouter::CSmsDeviceManager::UninitializeWwanWatcher:0x324] Error The device is not ready.: WwanRegisterNotification(WwanNotificationSourceNone) failed"
"24-07-2026 17:00:10","102","Error","Microsoft-Windows-CoreSystem-SmsRouter","[SmsRouter::_BriDeleteEvent2:0x22B] Error The parameter is incorrect.: Unable to find client context for handle=1."
"24-07-2026 17:00:10","102","Error","Microsoft-Windows-CoreSystem-SmsRouter","[SmsRouter::CSmsDeviceManager::UninitializeWwanWatcher:0x324] Error The device is not ready.: WwanRegisterNotification(WwanNotificationSourceNone) failed"
"24-07-2026 17:00:10","102","Error","Microsoft-Windows-CoreSystem-SmsRouter","[SmsRouter::CSmsDeviceManager::Initialize:0x647] Error Invalid class string: Failed to load CLSIDFromProgID(""CellularAPI""), Ignoring the error"
"24-07-2026 17:00:10","200","Information","Microsoft-Windows-CoreSystem-SmsRouter","[SmsRouter] SmsBroker is started"
"24-07-2026 17:00:10","100","Information","Microsoft-Windows-CoreSystem-SmsRouter","[SmsRouter] SmsRouter is started"
"24-07-2026 16:59:10","101","Information","Microsoft-Windows-CoreSystem-SmsRouter","[SmsRouter] SmsRouter is stoped"
"24-07-2026 16:59:10","201","Information","Microsoft-Windows-CoreSystem-SmsRouter","[SmsRouter] SmsBroker is stoped"
