"22-07-2026 12:50:15","1010","Information","Microsoft-Windows-Kernel-PnP","Device USB\VID_0424&PID_7206\5&266331bc&0&4 has been surprise removed as it is reported as missing on the bus.
Count of devices removed: 3"
"22-07-2026 12:50:15","1010","Information","Microsoft-Windows-Kernel-PnP","Device USB\VID_0424&PID_7240\7&a758d7d&0&4 has been surprise removed as it is reported as missing on the bus.
Count of devices removed: 1"
"22-07-2026 11:59:04","1010","Information","Microsoft-Windows-Kernel-PnP","Device DISPLAY\DELA1B9\4&20b8d095&0&UID8263 has been surprise removed as it is reported as missing on the bus.
Count of devices removed: 1"
"22-07-2026 11:55:55","1010","Information","Microsoft-Windows-Kernel-PnP","Device INTELAUDIO\SGPC_FUNC_01&VEN_8086&DEV_281D&SUBSYS_80860101&REV_1000\5&32640736&1&0201DIF_000B&UIF_0000 has been surprise removed as it is reported as missing on the bus.
Count of devices removed: 3"
"22-07-2026 11:31:57","1010","Information","Microsoft-Windows-Kernel-PnP","Device DISPLAY\DELA1B9\4&20b8d095&0&UID8263 has been surprise removed as it is reported as missing on the bus.
Count of devices removed: 1"
"22-07-2026 11:28:32","1010","Information","Microsoft-Windows-Kernel-PnP","Device INTELAUDIO\SGPC_FUNC_01&VEN_8086&DEV_281D&SUBSYS_80860101&REV_1000\5&32640736&1&0201DIF_000B&UIF_0000 has been surprise removed as it is reported as missing on the bus.
Count of devices removed: 3"
"22-07-2026 11:17:35","1010","Information","Microsoft-Windows-Kernel-PnP","Device DISPLAY\DELA1B9\4&20b8d095&0&UID8263 has been surprise removed as it is reported as missing on the bus.
Count of devices removed: 1"
"22-07-2026 11:09:27","1010","Information","Microsoft-Windows-Kernel-PnP","Device INTELAUDIO\SGPC_FUNC_01&VEN_8086&DEV_281D&SUBSYS_80860101&REV_1000\5&32640736&1&0201DIF_000B&UIF_0000 has been surprise removed as it is reported as missing on the bus.
Count of devices removed: 3"
"22-07-2026 11:09:05","1010","Information","Microsoft-Windows-Kernel-PnP","Device DISPLAY\DELA1B9\4&20b8d095&0&UID8263 has been surprise removed as it is reported as missing on the bus.
Count of devices removed: 1"
"22-07-2026 11:08:10","1010","Information","Microsoft-Windows-Kernel-PnP","Device INTELAUDIO\SGPC_FUNC_01&VEN_8086&DEV_281D&SUBSYS_80860101&REV_1000\5&32640736&1&0201DIF_000B&UIF_0000 has been surprise removed as it is reported as missing on the bus.
Count of devices removed: 3"
"22-07-2026 11:07:42","1010","Information","Microsoft-Windows-Kernel-PnP","Device INTELAUDIO\SGPC_FUNC_01&VEN_8086&DEV_281D&SUBSYS_80860101&REV_1000\5&32640736&1&0201DIF_000B&UIF_0000 has been surprise removed as it is reported as missing on the bus.
Count of devices removed: 3"
"22-07-2026 11:06:12","1010","Information","Microsoft-Windows-Kernel-PnP","Device DISPLAY\DELA1B9\4&20b8d095&0&UID8263 has been surprise removed as it is reported as missing on the bus.
Count of devices removed: 1"
"22-07-2026 11:05:45","1010","Information","Microsoft-Windows-Kernel-PnP","Device INTELAUDIO\SGPC_FUNC_01&VEN_8086&DEV_281D&SUBSYS_80860101&REV_1000\5&32640736&1&0201DIF_000B&UIF_0000 has been surprise removed as it is reported as missing on the bus.
Count of devices removed: 3"
"22-07-2026 11:05:22","1010","Information","Microsoft-Windows-Kernel-PnP","Device DISPLAY\DELA1B9\4&20b8d095&0&UID8263 has been surprise removed as it is reported as missing on the bus.
Count of devices removed: 1"
"22-07-2026 11:05:11","1010","Information","Microsoft-Windows-Kernel-PnP","Device INTELAUDIO\SGPC_FUNC_01&VEN_8086&DEV_281D&SUBSYS_80860101&REV_1000\5&32640736&1&0201DIF_000B&UIF_0000 has been surprise removed as it is reported as missing on the bus.
Count of devices removed: 3"
"22-07-2026 11:04:41","1010","Information","Microsoft-Windows-Kernel-PnP","Device DISPLAY\DELA1B9\4&20b8d095&0&UID8263 has been surprise removed as it is reported as missing on the bus.
Count of devices removed: 1"
"22-07-2026 11:03:12","1010","Information","Microsoft-Windows-Kernel-PnP","Device INTELAUDIO\SGPC_FUNC_01&VEN_8086&DEV_281D&SUBSYS_80860101&REV_1000\5&32640736&1&0201DIF_000B&UIF_0000 has been surprise removed as it is reported as missing on the bus.
Count of devices removed: 3"
"22-07-2026 09:58:35","1010","Information","Microsoft-Windows-Kernel-PnP","Device INTELAUDIO\SGPC_FUNC_01&VEN_8086&DEV_281D&SUBSYS_80860101&REV_1000\5&32640736&1&0201DIF_000B&UIF_0000 has been surprise removed as it is reported as missing on the bus.
Count of devices removed: 3"
"22-07-2026 09:58:35","1010","Information","Microsoft-Windows-Kernel-PnP","Device USB\VID_0424&PID_4206\5&2dc84fba&0&1 has been surprise removed as it is reported as missing on the bus.
Count of devices removed: 1"
"22-07-2026 09:58:34","1010","Information","Microsoft-Windows-Kernel-PnP","Device USB\VID_0424&PID_7206\5&266331bc&0&4 has been surprise removed as it is reported as missing on the bus.
Count of devices removed: 3"
"22-07-2026 09:58:34","1010","Information","Microsoft-Windows-Kernel-PnP","Device DISPLAY\DELA1B9\4&20b8d095&0&UID8263 has been surprise removed as it is reported as missing on the bus.
Count of devices removed: 1"
"22-07-2026 09:58:33","1010","Information","Microsoft-Windows-Kernel-PnP","Device USB\VID_0424&PID_7260\6&27c8c08e&0&5 has been surprise removed as it is reported as missing on the bus.
Count of devices removed: 4"
"22-07-2026 09:58:30","1010","Information","Microsoft-Windows-Kernel-PnP","Device USB\VID_0424&PID_4216\6&27c8c08e&0&4 has been surprise removed as it is reported as missing on the bus.
Count of devices removed: 2"
"21-07-2026 18:50:27","1010","Information","Microsoft-Windows-Kernel-PnP","Device USB\VID_0424&PID_7206\5&266331bc&0&4 has been surprise removed as it is reported as missing on the bus.
Count of devices removed: 3"
"21-07-2026 18:50:27","1010","Information","Microsoft-Windows-Kernel-PnP","Device DISPLAY\DELA1B9\4&20b8d095&0&UID8263 has been surprise removed as it is reported as missing on the bus.
Count of devices removed: 1"
"21-07-2026 18:50:24","1010","Information","Microsoft-Windows-Kernel-PnP","Device USB\VID_0424&PID_4206\5&2dc84fba&0&1 has been surprise removed as it is reported as missing on the bus.
Count of devices removed: 7"
"21-07-2026 18:50:24","1010","Information","Microsoft-Windows-Kernel-PnP","Device USB\VID_047F&PID_C058\EBFF498BA439F1488A177C405ACDFDF0 has been surprise removed as it is reported as missing on the bus.
Count of devices removed: 8"
"21-07-2026 18:50:21","1010","Information","Microsoft-Windows-Kernel-PnP","Device INTELAUDIO\SGPC_FUNC_01&VEN_8086&DEV_281D&SUBSYS_80860101&REV_1000\5&32640736&1&0201DIF_000B&UIF_0000 has been surprise removed as it is reported as missing on the bus.
Count of devices removed: 3"
"21-07-2026 18:17:26","1010","Information","Microsoft-Windows-Kernel-PnP","Device DISPLAY\DELA1B9\4&20b8d095&0&UID8263 has been surprise removed as it is reported as missing on the bus.
Count of devices removed: 1"
"21-07-2026 17:42:46","1010","Information","Microsoft-Windows-Kernel-PnP","Device INTELAUDIO\SGPC_FUNC_01&VEN_8086&DEV_281D&SUBSYS_80860101&REV_1000\5&32640736&1&0201DIF_000B&UIF_0000 has been surprise removed as it is reported as missing on the bus.
Count of devices removed: 3"
"21-07-2026 17:42:24","1010","Information","Microsoft-Windows-Kernel-PnP","Device DISPLAY\DELA1B9\4&20b8d095&0&UID8263 has been surprise removed as it is reported as missing on the bus.
Count of devices removed: 1"
"21-07-2026 17:32:16","1010","Information","Microsoft-Windows-Kernel-PnP","Device INTELAUDIO\SGPC_FUNC_01&VEN_8086&DEV_281D&SUBSYS_80860101&REV_1000\5&32640736&1&0201DIF_000B&UIF_0000 has been surprise removed as it is reported as missing on the bus.
Count of devices removed: 3"
"21-07-2026 16:06:35","1010","Information","Microsoft-Windows-Kernel-PnP","Device INTELAUDIO\SGPC_FUNC_01&VEN_8086&DEV_281D&SUBSYS_80860101&REV_1000\5&32640736&1&0201DIF_000B&UIF_0000 has been surprise removed as it is reported as missing on the bus.
Count of devices removed: 3"
"21-07-2026 16:00:09","1010","Information","Microsoft-Windows-Kernel-PnP","Device DISPLAY\DELA1B9\4&20b8d095&0&UID8263 has been surprise removed as it is reported as missing on the bus.
Count of devices removed: 1"
"21-07-2026 15:58:49","1010","Information","Microsoft-Windows-Kernel-PnP","Device INTELAUDIO\SGPC_FUNC_01&VEN_8086&DEV_281D&SUBSYS_80860101&REV_1000\5&32640736&1&0201DIF_000B&UIF_0000 has been surprise removed as it is reported as missing on the bus.
Count of devices removed: 3"
"21-07-2026 15:50:21","1010","Information","Microsoft-Windows-Kernel-PnP","Device DISPLAY\DELA1B9\4&20b8d095&0&UID8263 has been surprise removed as it is reported as missing on the bus.
Count of devices removed: 1"
"21-07-2026 15:29:32","1010","Information","Microsoft-Windows-Kernel-PnP","Device INTELAUDIO\SGPC_FUNC_01&VEN_8086&DEV_281D&SUBSYS_80860101&REV_1000\5&32640736&1&0201DIF_000B&UIF_0000 has been surprise removed as it is reported as missing on the bus.
Count of devices removed: 3"
"21-07-2026 14:58:05","1010","Information","Microsoft-Windows-Kernel-PnP","Device INTELAUDIO\SGPC_FUNC_01&VEN_8086&DEV_281D&SUBSYS_80860101&REV_1000\5&32640736&1&0201DIF_000B&UIF_0000 has been surprise removed as it is reported as missing on the bus.
Count of devices removed: 3"
"21-07-2026 14:26:38","1010","Information","Microsoft-Windows-Kernel-PnP","Device DISPLAY\DELA1B9\4&20b8d095&0&UID8263 has been surprise removed as it is reported as missing on the bus.
Count of devices removed: 1"
"21-07-2026 14:11:14","1041","Information","Microsoft-Windows-Kernel-PnP","Device USB\VID_0424&PID_7240\7&a758d7d&0&4 has completed a platform-level device reset.

Status: 0
Veto type: 0
Vetoed By: "
"21-07-2026 14:11:14","1011","Warning","Microsoft-Windows-Kernel-PnP","Device USB\VID_0424&PID_7240\7&a758d7d&0&4 has been surprise removed as it was reported to be failing.
Count of devices removed: 1"
"21-07-2026 14:11:14","1041","Information","Microsoft-Windows-Kernel-PnP","Device USB\VID_0424&PID_7260\6&27c8c08e&0&5 has completed a platform-level device reset.

Status: 0
Veto type: 0
Vetoed By: "
"21-07-2026 14:11:14","1011","Warning","Microsoft-Windows-Kernel-PnP","Device USB\VID_0424&PID_7260\6&27c8c08e&0&5 has been surprise removed as it was reported to be failing.
Count of devices removed: 4"
"21-07-2026 14:11:14","1040","Information","Microsoft-Windows-Kernel-PnP","Device USB\VID_0424&PID_7240\7&a758d7d&0&4 has requested a platform-level device reset.

Flags: 0"
"21-07-2026 14:11:14","1040","Information","Microsoft-Windows-Kernel-PnP","Device USB\VID_0424&PID_7260\6&27c8c08e&0&5 has requested a platform-level device reset.

Flags: 0"
"21-07-2026 13:10:28","1010","Information","Microsoft-Windows-Kernel-PnP","Device INTELAUDIO\SGPC_FUNC_01&VEN_8086&DEV_281D&SUBSYS_80860101&REV_1000\5&32640736&1&0201DIF_000B&UIF_0000 has been surprise removed as it is reported as missing on the bus.
Count of devices removed: 3"
"21-07-2026 09:12:38","1010","Information","Microsoft-Windows-Kernel-PnP","Device USB\VID_413C&PID_2514\5&2dc84fba&0&6 has been surprise removed as it is reported as missing on the bus.
Count of devices removed: 11"
"21-07-2026 09:12:24","1010","Information","Microsoft-Windows-Kernel-PnP","Device INTELAUDIO\SGPC_FUNC_01&VEN_8086&DEV_281D&SUBSYS_80860101&REV_1000\5&32640736&1&0201DIF_000B&UIF_0000 has been surprise removed as it is reported as missing on the bus.
Count of devices removed: 3"
"21-07-2026 09:12:23","1010","Information","Microsoft-Windows-Kernel-PnP","Device USB\VID_0424&PID_7206\5&266331bc&0&4 has been surprise removed as it is reported as missing on the bus.
Count of devices removed: 3"
"21-07-2026 09:12:22","1010","Information","Microsoft-Windows-Kernel-PnP","Device DISPLAY\DELA1B9\4&20b8d095&0&UID8263 has been surprise removed as it is reported as missing on the bus.
Count of devices removed: 1"
"21-07-2026 09:12:19","1010","Information","Microsoft-Windows-Kernel-PnP","Device USB\VID_0424&PID_4206\5&2dc84fba&0&1 has been surprise removed as it is reported as missing on the bus.
Count of devices removed: 7"
"21-07-2026 09:10:20","1010","Information","Microsoft-Windows-Kernel-PnP","Device DISPLAY\DELA1B9\4&20b8d095&0&UID8263 has been surprise removed as it is reported as missing on the bus.
Count of devices removed: 1"
"21-07-2026 08:56:52","1010","Information","Microsoft-Windows-Kernel-PnP","Device INTELAUDIO\SGPC_FUNC_01&VEN_8086&DEV_281D&SUBSYS_80860101&REV_1000\5&32640736&1&0201DIF_000B&UIF_0000 has been surprise removed as it is reported as missing on the bus.
Count of devices removed: 3"
"21-07-2026 08:55:28","1010","Information","Microsoft-Windows-Kernel-PnP","Device DISPLAY\DELA1B9\4&20b8d095&0&UID8263 has been surprise removed as it is reported as missing on the bus.
Count of devices removed: 1"
"21-07-2026 08:52:00","1010","Information","Microsoft-Windows-Kernel-PnP","Device INTELAUDIO\SGPC_FUNC_01&VEN_8086&DEV_281D&SUBSYS_80860101&REV_1000\5&32640736&1&0201DIF_000B&UIF_0000 has been surprise removed as it is reported as missing on the bus.
Count of devices removed: 3"
"21-07-2026 08:45:49","1010","Information","Microsoft-Windows-Kernel-PnP","Device SWD\PRINTENUM\{82F6BACE-4071-4A3C-8BEA-0425E01E8029} has been surprise removed as it is reported as missing on the bus.
Count of devices removed: 1"
"21-07-2026 08:44:12","1010","Information","Microsoft-Windows-Kernel-PnP","Device ACPI\DLL0CE8\4&a107c53&0 has been surprise removed as it is reported as missing on the bus.
Count of devices removed: 1"
"21-07-2026 08:44:12","1010","Information","Microsoft-Windows-Kernel-PnP","Device ACPI\PNP0C0C\2&daba3ff&0 has been surprise removed as it is reported as missing on the bus.
Count of devices removed: 1"
"21-07-2026 08:43:36","1010","Information","Microsoft-Windows-Kernel-PnP","Device USB\VID_FFFF&PID_BACE&REV_0002\1 has been surprise removed as it is reported as missing on the bus.
Count of devices removed: 7"
"21-07-2026 08:43:36","1010","Information","Microsoft-Windows-Kernel-PnP","Device UMB\UMB\1&841921d&0&TERMINPUT_BUS has been surprise removed as it is reported as missing on the bus.
Count of devices removed: 1"
"21-07-2026 08:43:36","1010","Information","Microsoft-Windows-Kernel-PnP","Device SWD\MSDAS\{ce958e9a-424f-4c88-86f4-11314821e75a} has been surprise removed as it is reported as missing on the bus.
Count of devices removed: 1"
"21-07-2026 08:43:35","1010","Information","Microsoft-Windows-Kernel-PnP","Device SWD\MSRRAS\{5e259276-bc7e-40e3-b93b-8f89b5f3abc0} has been surprise removed as it is reported as missing on the bus.
Count of devices removed: 8"
"21-07-2026 08:43:35","1010","Information","Microsoft-Windows-Kernel-PnP","Device SWD\MSRRAS\MS_SSTPMINIPORT has been surprise removed as it is reported as missing on the bus.
Count of devices removed: 1"
"21-07-2026 08:32:08","1010","Information","Microsoft-Windows-Kernel-PnP","Device DISPLAY\DELA1B9\4&20b8d095&0&UID8263 has been surprise removed as it is reported as missing on the bus.
Count of devices removed: 1"
"21-07-2026 07:24:59","1041","Information","Microsoft-Windows-Kernel-PnP","Device USB\VID_0424&PID_7260\6&27c8c08e&0&5 has completed a platform-level device reset.

Status: 0
Veto type: 0
Vetoed By: "
"21-07-2026 07:24:59","1011","Warning","Microsoft-Windows-Kernel-PnP","Device USB\VID_0424&PID_7260\6&27c8c08e&0&5 has been surprise removed as it was reported to be failing.
Count of devices removed: 4"
"21-07-2026 07:24:59","1041","Information","Microsoft-Windows-Kernel-PnP","Device USB\VID_0424&PID_7240\7&a758d7d&0&4 has completed a platform-level device reset.

Status: 0
Veto type: 0
Vetoed By: "
"21-07-2026 07:24:59","1011","Warning","Microsoft-Windows-Kernel-PnP","Device USB\VID_0424&PID_7240\7&a758d7d&0&4 has been surprise removed as it was reported to be failing.
Count of devices removed: 1"
"21-07-2026 07:24:59","1040","Information","Microsoft-Windows-Kernel-PnP","Device USB\VID_0424&PID_7260\6&27c8c08e&0&5 has requested a platform-level device reset.

Flags: 0"
"21-07-2026 07:24:59","1040","Information","Microsoft-Windows-Kernel-PnP","Device USB\VID_0424&PID_7240\7&a758d7d&0&4 has requested a platform-level device reset.

Flags: 0"
"21-07-2026 04:18:08","1041","Information","Microsoft-Windows-Kernel-PnP","Device USB\VID_0424&PID_7240\7&a758d7d&0&4 has completed a platform-level device reset.

Status: 0
Veto type: 0
Vetoed By: "
"21-07-2026 04:18:08","1011","Warning","Microsoft-Windows-Kernel-PnP","Device USB\VID_0424&PID_7240\7&a758d7d&0&4 has been surprise removed as it was reported to be failing.
Count of devices removed: 1"
"21-07-2026 04:18:08","1041","Information","Microsoft-Windows-Kernel-PnP","Device USB\VID_0424&PID_7260\6&27c8c08e&0&5 has completed a platform-level device reset.

Status: 0
Veto type: 0
Vetoed By: "
"21-07-2026 04:18:08","1011","Warning","Microsoft-Windows-Kernel-PnP","Device USB\VID_0424&PID_7260\6&27c8c08e&0&5 has been surprise removed as it was reported to be failing.
Count of devices removed: 4"
"21-07-2026 04:18:08","1040","Information","Microsoft-Windows-Kernel-PnP","Device USB\VID_0424&PID_7240\7&a758d7d&0&4 has requested a platform-level device reset.

Flags: 0"
"21-07-2026 04:18:08","1040","Information","Microsoft-Windows-Kernel-PnP","Device USB\VID_0424&PID_7260\6&27c8c08e&0&5 has requested a platform-level device reset.

Flags: 0"
"20-07-2026 18:58:56","1041","Information","Microsoft-Windows-Kernel-PnP","Device USB\VID_0424&PID_7240\7&a758d7d&0&4 has completed a platform-level device reset.

Status: 0
Veto type: 0
Vetoed By: "
"20-07-2026 18:58:56","1011","Warning","Microsoft-Windows-Kernel-PnP","Device USB\VID_0424&PID_7240\7&a758d7d&0&4 has been surprise removed as it was reported to be failing.
Count of devices removed: 1"
"20-07-2026 18:58:56","1041","Information","Microsoft-Windows-Kernel-PnP","Device USB\VID_0424&PID_7260\6&27c8c08e&0&5 has completed a platform-level device reset.

Status: 0
Veto type: 0
Vetoed By: "
"20-07-2026 18:58:56","1011","Warning","Microsoft-Windows-Kernel-PnP","Device USB\VID_0424&PID_7260\6&27c8c08e&0&5 has been surprise removed as it was reported to be failing.
Count of devices removed: 4"
"20-07-2026 18:58:56","1040","Information","Microsoft-Windows-Kernel-PnP","Device USB\VID_0424&PID_7240\7&a758d7d&0&4 has requested a platform-level device reset.

Flags: 0"
"20-07-2026 18:58:56","1040","Information","Microsoft-Windows-Kernel-PnP","Device USB\VID_0424&PID_7260\6&27c8c08e&0&5 has requested a platform-level device reset.

Flags: 0"
"20-07-2026 18:19:44","1041","Information","Microsoft-Windows-Kernel-PnP","Device USB\VID_0424&PID_7260\6&27c8c08e&0&5 has completed a platform-level device reset.

Status: 0
Veto type: 0
Vetoed By: "
"20-07-2026 18:19:44","1011","Warning","Microsoft-Windows-Kernel-PnP","Device USB\VID_0424&PID_7260\6&27c8c08e&0&5 has been surprise removed as it was reported to be failing.
Count of devices removed: 4"
"20-07-2026 18:19:44","1041","Information","Microsoft-Windows-Kernel-PnP","Device USB\VID_0424&PID_7240\7&a758d7d&0&4 has completed a platform-level device reset.

Status: 0
Veto type: 0
Vetoed By: "
"20-07-2026 18:19:44","1011","Warning","Microsoft-Windows-Kernel-PnP","Device USB\VID_0424&PID_7240\7&a758d7d&0&4 has been surprise removed as it was reported to be failing.
Count of devices removed: 1"
"20-07-2026 18:19:44","1040","Information","Microsoft-Windows-Kernel-PnP","Device USB\VID_0424&PID_7260\6&27c8c08e&0&5 has requested a platform-level device reset.

Flags: 0"
"20-07-2026 18:19:44","1040","Information","Microsoft-Windows-Kernel-PnP","Device USB\VID_0424&PID_7240\7&a758d7d&0&4 has requested a platform-level device reset.

Flags: 0"
"20-07-2026 18:18:41","1010","Information","Microsoft-Windows-Kernel-PnP","Device INTELAUDIO\SGPC_FUNC_01&VEN_8086&DEV_281D&SUBSYS_80860101&REV_1000\5&32640736&1&0201DIF_000B&UIF_0000 has been surprise removed as it is reported as missing on the bus.
Count of devices removed: 3"
"20-07-2026 18:10:06","1010","Information","Microsoft-Windows-Kernel-PnP","Device DISPLAY\DELA1B9\4&20b8d095&0&UID8263 has been surprise removed as it is reported as missing on the bus.
Count of devices removed: 1"
"20-07-2026 18:03:19","1010","Information","Microsoft-Windows-Kernel-PnP","Device INTELAUDIO\SGPC_FUNC_01&VEN_8086&DEV_281D&SUBSYS_80860101&REV_1000\5&32640736&1&0201DIF_000B&UIF_0000 has been surprise removed as it is reported as missing on the bus.
Count of devices removed: 3"
"20-07-2026 17:43:26","1010","Information","Microsoft-Windows-Kernel-PnP","Device DISPLAY\DELA1B9\4&20b8d095&0&UID8263 has been surprise removed as it is reported as missing on the bus.
Count of devices removed: 1"
"20-07-2026 17:37:32","1010","Information","Microsoft-Windows-Kernel-PnP","Device INTELAUDIO\SGPC_FUNC_01&VEN_8086&DEV_281D&SUBSYS_80860101&REV_1000\5&32640736&1&0201DIF_000B&UIF_0000 has been surprise removed as it is reported as missing on the bus.
Count of devices removed: 3"
"20-07-2026 17:05:05","1010","Information","Microsoft-Windows-Kernel-PnP","Device DISPLAY\DELA1B9\4&20b8d095&0&UID8263 has been surprise removed as it is reported as missing on the bus.
Count of devices removed: 1"
"20-07-2026 17:01:37","1010","Information","Microsoft-Windows-Kernel-PnP","Device INTELAUDIO\SGPC_FUNC_01&VEN_8086&DEV_281D&SUBSYS_80860101&REV_1000\5&32640736&1&0201DIF_000B&UIF_0000 has been surprise removed as it is reported as missing on the bus.
Count of devices removed: 3"
"20-07-2026 16:55:49","1010","Information","Microsoft-Windows-Kernel-PnP","Device DISPLAY\DELA1B9\4&20b8d095&0&UID8263 has been surprise removed as it is reported as missing on the bus.
Count of devices removed: 1"
"20-07-2026 16:54:32","1010","Information","Microsoft-Windows-Kernel-PnP","Device INTELAUDIO\SGPC_FUNC_01&VEN_8086&DEV_281D&SUBSYS_80860101&REV_1000\5&32640736&1&0201DIF_000B&UIF_0000 has been surprise removed as it is reported as missing on the bus.
Count of devices removed: 3"
"20-07-2026 16:49:26","1010","Information","Microsoft-Windows-Kernel-PnP","Device INTELAUDIO\SGPC_FUNC_01&VEN_8086&DEV_281D&SUBSYS_80860101&REV_1000\5&32640736&1&0201DIF_000B&UIF_0000 has been surprise removed as it is reported as missing on the bus.
Count of devices removed: 3"
"20-07-2026 16:44:01","1010","Information","Microsoft-Windows-Kernel-PnP","Device DISPLAY\DELA1B9\4&20b8d095&0&UID8263 has been surprise removed as it is reported as missing on the bus.
Count of devices removed: 1"
"20-07-2026 16:18:15","1010","Information","Microsoft-Windows-Kernel-PnP","Device INTELAUDIO\SGPC_FUNC_01&VEN_8086&DEV_281D&SUBSYS_80860101&REV_1000\5&32640736&1&0201DIF_000B&UIF_0000 has been surprise removed as it is reported as missing on the bus.
Count of devices removed: 3"
"20-07-2026 16:16:50","1010","Information","Microsoft-Windows-Kernel-PnP","Device DISPLAY\DELA1B9\4&20b8d095&0&UID8263 has been surprise removed as it is reported as missing on the bus.
Count of devices removed: 1"
"20-07-2026 16:15:13","1010","Information","Microsoft-Windows-Kernel-PnP","Device INTELAUDIO\SGPC_FUNC_01&VEN_8086&DEV_281D&SUBSYS_80860101&REV_1000\5&32640736&1&0201DIF_000B&UIF_0000 has been surprise removed as it is reported as missing on the bus.
Count of devices removed: 3"
"20-07-2026 15:58:57","1010","Information","Microsoft-Windows-Kernel-PnP","Device DISPLAY\DELA1B9\4&20b8d095&0&UID8263 has been surprise removed as it is reported as missing on the bus.
Count of devices removed: 1"
"20-07-2026 15:51:32","1010","Information","Microsoft-Windows-Kernel-PnP","Device INTELAUDIO\SGPC_FUNC_01&VEN_8086&DEV_281D&SUBSYS_80860101&REV_1000\5&32640736&1&0201DIF_000B&UIF_0000 has been surprise removed as it is reported as missing on the bus.
Count of devices removed: 3"
"20-07-2026 15:45:00","1010","Information","Microsoft-Windows-Kernel-PnP","Device DISPLAY\DELA1B9\4&20b8d095&0&UID8263 has been surprise removed as it is reported as missing on the bus.
Count of devices removed: 1"
"20-07-2026 15:40:47","1010","Information","Microsoft-Windows-Kernel-PnP","Device INTELAUDIO\SGPC_FUNC_01&VEN_8086&DEV_281D&SUBSYS_80860101&REV_1000\5&32640736&1&0201DIF_000B&UIF_0000 has been surprise removed as it is reported as missing on the bus.
Count of devices removed: 3"
"20-07-2026 14:44:16","1010","Information","Microsoft-Windows-Kernel-PnP","Device DISPLAY\DELA1B9\4&20b8d095&0&UID8263 has been surprise removed as it is reported as missing on the bus.
Count of devices removed: 1"
"20-07-2026 14:17:20","1010","Information","Microsoft-Windows-Kernel-PnP","Device INTELAUDIO\SGPC_FUNC_01&VEN_8086&DEV_281D&SUBSYS_80860101&REV_1000\5&32640736&1&0201DIF_000B&UIF_0000 has been surprise removed as it is reported as missing on the bus.
Count of devices removed: 3"
"20-07-2026 14:05:00","1010","Information","Microsoft-Windows-Kernel-PnP","Device DISPLAY\DELA1B9\4&20b8d095&0&UID8263 has been surprise removed as it is reported as missing on the bus.
Count of devices removed: 1"
"20-07-2026 14:04:39","1010","Information","Microsoft-Windows-Kernel-PnP","Device INTELAUDIO\SGPC_FUNC_01&VEN_8086&DEV_281D&SUBSYS_80860101&REV_1000\5&32640736&1&0201DIF_000B&UIF_0000 has been surprise removed as it is reported as missing on the bus.
Count of devices removed: 3"
"20-07-2026 13:59:37","1010","Information","Microsoft-Windows-Kernel-PnP","Device DISPLAY\DELA1B9\4&20b8d095&0&UID8263 has been surprise removed as it is reported as missing on the bus.
Count of devices removed: 1"
"20-07-2026 13:59:23","1010","Information","Microsoft-Windows-Kernel-PnP","Device INTELAUDIO\SGPC_FUNC_01&VEN_8086&DEV_281D&SUBSYS_80860101&REV_1000\5&32640736&1&0201DIF_000B&UIF_0000 has been surprise removed as it is reported as missing on the bus.
Count of devices removed: 3"
"20-07-2026 13:54:19","1010","Information","Microsoft-Windows-Kernel-PnP","Device DISPLAY\DELA1B9\4&20b8d095&0&UID8263 has been surprise removed as it is reported as missing on the bus.
Count of devices removed: 1"
"20-07-2026 13:53:52","1010","Information","Microsoft-Windows-Kernel-PnP","Device INTELAUDIO\SGPC_FUNC_01&VEN_8086&DEV_281D&SUBSYS_80860101&REV_1000\5&32640736&1&0201DIF_000B&UIF_0000 has been surprise removed as it is reported as missing on the bus.
Count of devices removed: 3"
"20-07-2026 13:13:58","1010","Information","Microsoft-Windows-Kernel-PnP","Device DISPLAY\DELA1B9\4&20b8d095&0&UID8263 has been surprise removed as it is reported as missing on the bus.
Count of devices removed: 1"
"20-07-2026 12:55:23","1010","Information","Microsoft-Windows-Kernel-PnP","Device INTELAUDIO\SGPC_FUNC_01&VEN_8086&DEV_281D&SUBSYS_80860101&REV_1000\5&32640736&1&0201DIF_000B&UIF_0000 has been surprise removed as it is reported as missing on the bus.
Count of devices removed: 3"
"20-07-2026 12:52:42","1010","Information","Microsoft-Windows-Kernel-PnP","Device DISPLAY\DELA1B9\4&20b8d095&0&UID8263 has been surprise removed as it is reported as missing on the bus.
Count of devices removed: 1"
"20-07-2026 12:43:59","1010","Information","Microsoft-Windows-Kernel-PnP","Device INTELAUDIO\SGPC_FUNC_01&VEN_8086&DEV_281D&SUBSYS_80860101&REV_1000\5&32640736&1&0201DIF_000B&UIF_0000 has been surprise removed as it is reported as missing on the bus.
Count of devices removed: 3"
"20-07-2026 11:57:24","1010","Information","Microsoft-Windows-Kernel-PnP","Device DISPLAY\DELA1B9\4&20b8d095&0&UID8263 has been surprise removed as it is reported as missing on the bus.
Count of devices removed: 1"
"20-07-2026 11:28:21","1010","Information","Microsoft-Windows-Kernel-PnP","Device SWD\RADIO\Bluetooth_c0a8109d15b0 has been surprise removed as it is reported as missing on the bus.
Count of devices removed: 1"
"20-07-2026 11:27:24","1010","Information","Microsoft-Windows-Kernel-PnP","Device INTELAUDIO\SGPC_FUNC_01&VEN_8086&DEV_281D&SUBSYS_80860101&REV_1000\5&32640736&1&0201DIF_000B&UIF_0000 has been surprise removed as it is reported as missing on the bus.
Count of devices removed: 3"
"20-07-2026 10:19:58","1010","Information","Microsoft-Windows-Kernel-PnP","Device DISPLAY\DELA1B9\4&20b8d095&0&UID8263 has been surprise removed as it is reported as missing on the bus.
Count of devices removed: 1"
"20-07-2026 09:59:03","1010","Information","Microsoft-Windows-Kernel-PnP","Device ACPI\USBC000\1 has been surprise removed as it is reported as missing on the bus.
Count of devices removed: 1"
"15-07-2026 17:59:55","1010","Information","Microsoft-Windows-Kernel-PnP","Device USB\VID_0424&PID_7206\5&266331bc&0&4 has been surprise removed as it is reported as missing on the bus.
Count of devices removed: 3"
"15-07-2026 17:59:55","1010","Information","Microsoft-Windows-Kernel-PnP","Device DISPLAY\DELA1B9\4&20b8d095&0&UID8263 has been surprise removed as it is reported as missing on the bus.
Count of devices removed: 1"
"15-07-2026 17:59:52","1010","Information","Microsoft-Windows-Kernel-PnP","Device USB\VID_0424&PID_4206\5&2dc84fba&0&1 has been surprise removed as it is reported as missing on the bus.
Count of devices removed: 7"
"15-07-2026 17:59:51","1010","Information","Microsoft-Windows-Kernel-PnP","Device USB\VID_047F&PID_C058\EBFF498BA439F1488A177C405ACDFDF0 has been surprise removed as it is reported as missing on the bus.
Count of devices removed: 8"
"15-07-2026 17:59:35","1010","Information","Microsoft-Windows-Kernel-PnP","Device USB\VID_413C&PID_2514\5&2dc84fba&0&6 has been surprise removed as it is reported as missing on the bus.
Count of devices removed: 11"
"15-07-2026 17:59:27","1010","Information","Microsoft-Windows-Kernel-PnP","Device INTELAUDIO\SGPC_FUNC_01&VEN_8086&DEV_281D&SUBSYS_80860101&REV_1000\5&32640736&1&0201DIF_000B&UIF_0000 has been surprise removed as it is reported as missing on the bus.
Count of devices removed: 3"
"15-07-2026 17:41:24","1010","Information","Microsoft-Windows-Kernel-PnP","Device DISPLAY\DELA1B9\4&20b8d095&0&UID8263 has been surprise removed as it is reported as missing on the bus.
Count of devices removed: 1"
"15-07-2026 17:08:56","1010","Information","Microsoft-Windows-Kernel-PnP","Device INTELAUDIO\SGPC_FUNC_01&VEN_8086&DEV_281D&SUBSYS_80860101&REV_1000\5&32640736&1&0201DIF_000B&UIF_0000 has been surprise removed as it is reported as missing on the bus.
Count of devices removed: 3"
"15-07-2026 15:59:28","1010","Information","Microsoft-Windows-Kernel-PnP","Device DISPLAY\DELA1B9\4&20b8d095&0&UID8263 has been surprise removed as it is reported as missing on the bus.
Count of devices removed: 1"
"15-07-2026 15:59:10","1010","Information","Microsoft-Windows-Kernel-PnP","Device INTELAUDIO\SGPC_FUNC_01&VEN_8086&DEV_281D&SUBSYS_80860101&REV_1000\5&32640736&1&0201DIF_000B&UIF_0000 has been surprise removed as it is reported as missing on the bus.
Count of devices removed: 3"
"15-07-2026 15:49:37","1010","Information","Microsoft-Windows-Kernel-PnP","Device DISPLAY\DELA1B9\4&20b8d095&0&UID8263 has been surprise removed as it is reported as missing on the bus.
Count of devices removed: 1"
"15-07-2026 15:48:24","1010","Information","Microsoft-Windows-Kernel-PnP","Device INTELAUDIO\SGPC_FUNC_01&VEN_8086&DEV_281D&SUBSYS_80860101&REV_1000\5&32640736&1&0201DIF_000B&UIF_0000 has been surprise removed as it is reported as missing on the bus.
Count of devices removed: 3"
"15-07-2026 15:40:06","1010","Information","Microsoft-Windows-Kernel-PnP","Device DISPLAY\DELA1B9\4&20b8d095&0&UID8263 has been surprise removed as it is reported as missing on the bus.
Count of devices removed: 1"
"15-07-2026 15:36:44","1010","Information","Microsoft-Windows-Kernel-PnP","Device INTELAUDIO\SGPC_FUNC_01&VEN_8086&DEV_281D&SUBSYS_80860101&REV_1000\5&32640736&1&0201DIF_000B&UIF_0000 has been surprise removed as it is reported as missing on the bus.
Count of devices removed: 3"
"15-07-2026 14:37:05","1010","Information","Microsoft-Windows-Kernel-PnP","Device DISPLAY\DELA1B9\4&20b8d095&0&UID8263 has been surprise removed as it is reported as missing on the bus.
Count of devices removed: 1"
"15-07-2026 14:34:39","1010","Information","Microsoft-Windows-Kernel-PnP","Device INTELAUDIO\SGPC_FUNC_01&VEN_8086&DEV_281D&SUBSYS_80860101&REV_1000\5&32640736&1&0201DIF_000B&UIF_0000 has been surprise removed as it is reported as missing on the bus.
Count of devices removed: 3"
"15-07-2026 14:29:28","1010","Information","Microsoft-Windows-Kernel-PnP","Device USB\VID_047F&PID_C058\EBFF498BA439F1488A177C405ACDFDF0 has been surprise removed as it is reported as missing on the bus.
Count of devices removed: 8"
"15-07-2026 14:29:26","1010","Information","Microsoft-Windows-Kernel-PnP","Device DISPLAY\DELA1B9\4&20b8d095&0&UID8263 has been surprise removed as it is reported as missing on the bus.
Count of devices removed: 1"
"15-07-2026 14:25:17","1010","Information","Microsoft-Windows-Kernel-PnP","Device INTELAUDIO\SGPC_FUNC_01&VEN_8086&DEV_281D&SUBSYS_80860101&REV_1000\5&32640736&1&0201DIF_000B&UIF_0000 has been surprise removed as it is reported as missing on the bus.
Count of devices removed: 3"
"15-07-2026 14:20:18","1010","Information","Microsoft-Windows-Kernel-PnP","Device DISPLAY\DELA1B9\4&20b8d095&0&UID8263 has been surprise removed as it is reported as missing on the bus.
Count of devices removed: 1"
"15-07-2026 14:14:44","1010","Information","Microsoft-Windows-Kernel-PnP","Device INTELAUDIO\SGPC_FUNC_01&VEN_8086&DEV_281D&SUBSYS_80860101&REV_1000\5&32640736&1&0201DIF_000B&UIF_0000 has been surprise removed as it is reported as missing on the bus.
Count of devices removed: 3"
"15-07-2026 14:08:32","1010","Information","Microsoft-Windows-Kernel-PnP","Device DISPLAY\DELA1B9\4&20b8d095&0&UID8263 has been surprise removed as it is reported as missing on the bus.
Count of devices removed: 1"
"15-07-2026 13:41:02","1010","Information","Microsoft-Windows-Kernel-PnP","Device INTELAUDIO\SGPC_FUNC_01&VEN_8086&DEV_281D&SUBSYS_80860101&REV_1000\5&32640736&1&0201DIF_000B&UIF_0000 has been surprise removed as it is reported as missing on the bus.
Count of devices removed: 3"
"15-07-2026 13:40:39","1010","Information","Microsoft-Windows-Kernel-PnP","Device DISPLAY\DELA1B9\4&20b8d095&0&UID8263 has been surprise removed as it is reported as missing on the bus.
Count of devices removed: 1"
"15-07-2026 13:36:15","1010","Information","Microsoft-Windows-Kernel-PnP","Device INTELAUDIO\SGPC_FUNC_01&VEN_8086&DEV_281D&SUBSYS_80860101&REV_1000\5&32640736&1&0201DIF_000B&UIF_0000 has been surprise removed as it is reported as missing on the bus.
Count of devices removed: 3"
"15-07-2026 13:31:21","1010","Information","Microsoft-Windows-Kernel-PnP","Device DISPLAY\DELA1B9\4&20b8d095&0&UID8263 has been surprise removed as it is reported as missing on the bus.
Count of devices removed: 1"
"15-07-2026 13:30:32","1010","Information","Microsoft-Windows-Kernel-PnP","Device INTELAUDIO\SGPC_FUNC_01&VEN_8086&DEV_281D&SUBSYS_80860101&REV_1000\5&32640736&1&0201DIF_000B&UIF_0000 has been surprise removed as it is reported as missing on the bus.
Count of devices removed: 3"
"15-07-2026 13:17:22","1010","Information","Microsoft-Windows-Kernel-PnP","Device DISPLAY\DELA1B9\4&20b8d095&0&UID8263 has been surprise removed as it is reported as missing on the bus.
Count of devices removed: 1"
"15-07-2026 13:12:46","1010","Information","Microsoft-Windows-Kernel-PnP","Device INTELAUDIO\SGPC_FUNC_01&VEN_8086&DEV_281D&SUBSYS_80860101&REV_1000\5&32640736&1&0201DIF_000B&UIF_0000 has been surprise removed as it is reported as missing on the bus.
Count of devices removed: 3"
"15-07-2026 12:11:33","1010","Information","Microsoft-Windows-Kernel-PnP","Device DISPLAY\DELA1B9\4&20b8d095&0&UID8263 has been surprise removed as it is reported as missing on the bus.
Count of devices removed: 1"
"15-07-2026 11:47:42","1010","Information","Microsoft-Windows-Kernel-PnP","Device INTELAUDIO\SGPC_FUNC_01&VEN_8086&DEV_281D&SUBSYS_80860101&REV_1000\5&32640736&1&0201DIF_000B&UIF_0000 has been surprise removed as it is reported as missing on the bus.
Count of devices removed: 3"
"15-07-2026 10:32:42","1010","Information","Microsoft-Windows-Kernel-PnP","Device DISPLAY\DELA1B9\4&20b8d095&0&UID8263 has been surprise removed as it is reported as missing on the bus.
Count of devices removed: 1"
"15-07-2026 09:59:57","1010","Information","Microsoft-Windows-Kernel-PnP","Device INTELAUDIO\SGPC_FUNC_01&VEN_8086&DEV_281D&SUBSYS_80860101&REV_1000\5&32640736&1&0201DIF_000B&UIF_0000 has been surprise removed as it is reported as missing on the bus.
Count of devices removed: 3"
"15-07-2026 09:35:36","1010","Information","Microsoft-Windows-Kernel-PnP","Device DISPLAY\DELA1B9\4&20b8d095&0&UID8263 has been surprise removed as it is reported as missing on the bus.
Count of devices removed: 1"
"15-07-2026 09:16:16","1010","Information","Microsoft-Windows-Kernel-PnP","Device INTELAUDIO\SGPC_FUNC_01&VEN_8086&DEV_281D&SUBSYS_80860101&REV_1000\5&32640736&1&0201DIF_000B&UIF_0000 has been surprise removed as it is reported as missing on the bus.
Count of devices removed: 2"
"15-07-2026 09:16:11","1010","Information","Microsoft-Windows-Kernel-PnP","Device SWD\RADIO\{556D9BDF-D387-4AB9-BE4C-A7E220FAF218} has been surprise removed as it is reported as missing on the bus.
Count of devices removed: 1"
"14-07-2026 19:23:30","1010","Information","Microsoft-Windows-Kernel-PnP","Device USB\VID_0424&PID_4206\5&2dc84fba&0&1 has been surprise removed as it is reported as missing on the bus.
Count of devices removed: 7"
"14-07-2026 19:23:29","1010","Information","Microsoft-Windows-Kernel-PnP","Device DISPLAY\DELA1B9\4&20b8d095&0&UID8263 has been surprise removed as it is reported as missing on the bus.
Count of devices removed: 1"
"14-07-2026 19:23:25","1010","Information","Microsoft-Windows-Kernel-PnP","Device USB\VID_0424&PID_7206\5&266331bc&0&4 has been surprise removed as it is reported as missing on the bus.
Count of devices removed: 3"
"14-07-2026 19:23:24","1010","Information","Microsoft-Windows-Kernel-PnP","Device USB\VID_047F&PID_C058\EBFF498BA439F1488A177C405ACDFDF0 has been surprise removed as it is reported as missing on the bus.
Count of devices removed: 8"
"14-07-2026 19:23:21","1010","Information","Microsoft-Windows-Kernel-PnP","Device INTELAUDIO\SGPC_FUNC_01&VEN_8086&DEV_281D&SUBSYS_80860101&REV_1000\5&32640736&1&0201DIF_000B&UIF_0000 has been surprise removed as it is reported as missing on the bus.
Count of devices removed: 3"
"14-07-2026 18:47:34","1010","Information","Microsoft-Windows-Kernel-PnP","Device DISPLAY\DELA1B9\4&20b8d095&0&UID8263 has been surprise removed as it is reported as missing on the bus.
Count of devices removed: 1"
"14-07-2026 18:46:01","1010","Information","Microsoft-Windows-Kernel-PnP","Device INTELAUDIO\SGPC_FUNC_01&VEN_8086&DEV_281D&SUBSYS_80860101&REV_1000\5&32640736&1&0201DIF_000B&UIF_0000 has been surprise removed as it is reported as missing on the bus.
Count of devices removed: 3"
"14-07-2026 18:25:15","1010","Information","Microsoft-Windows-Kernel-PnP","Device DISPLAY\DELA1B9\4&20b8d095&0&UID8263 has been surprise removed as it is reported as missing on the bus.
Count of devices removed: 1"
"14-07-2026 17:40:11","1010","Information","Microsoft-Windows-Kernel-PnP","Device INTELAUDIO\SGPC_FUNC_01&VEN_8086&DEV_281D&SUBSYS_80860101&REV_1000\5&32640736&1&0201DIF_000B&UIF_0000 has been surprise removed as it is reported as missing on the bus.
Count of devices removed: 3"
"14-07-2026 17:38:08","1010","Information","Microsoft-Windows-Kernel-PnP","Device DISPLAY\DELA1B9\4&20b8d095&0&UID8263 has been surprise removed as it is reported as missing on the bus.
Count of devices removed: 1"
"14-07-2026 17:32:24","1010","Information","Microsoft-Windows-Kernel-PnP","Device INTELAUDIO\SGPC_FUNC_01&VEN_8086&DEV_281D&SUBSYS_80860101&REV_1000\5&32640736&1&0201DIF_000B&UIF_0000 has been surprise removed as it is reported as missing on the bus.
Count of devices removed: 3"
"14-07-2026 17:25:57","1010","Information","Microsoft-Windows-Kernel-PnP","Device DISPLAY\DELA1B9\4&20b8d095&0&UID8263 has been surprise removed as it is reported as missing on the bus.
Count of devices removed: 1"
"14-07-2026 17:24:44","1010","Information","Microsoft-Windows-Kernel-PnP","Device INTELAUDIO\SGPC_FUNC_01&VEN_8086&DEV_281D&SUBSYS_80860101&REV_1000\5&32640736&1&0201DIF_000B&UIF_0000 has been surprise removed as it is reported as missing on the bus.
Count of devices removed: 3"
"14-07-2026 16:25:42","1010","Information","Microsoft-Windows-Kernel-PnP","Device DISPLAY\DELA1B9\4&20b8d095&0&UID8263 has been surprise removed as it is reported as missing on the bus.
Count of devices removed: 1"
"14-07-2026 16:05:11","1010","Information","Microsoft-Windows-Kernel-PnP","Device INTELAUDIO\SGPC_FUNC_01&VEN_8086&DEV_281D&SUBSYS_80860101&REV_1000\5&32640736&1&0201DIF_000B&UIF_0000 has been surprise removed as it is reported as missing on the bus.
Count of devices removed: 3"
"14-07-2026 14:24:10","1010","Information","Microsoft-Windows-Kernel-PnP","Device DISPLAY\DELA1B9\4&20b8d095&0&UID8263 has been surprise removed as it is reported as missing on the bus.
Count of devices removed: 1"
"14-07-2026 13:39:05","1010","Information","Microsoft-Windows-Kernel-PnP","Device INTELAUDIO\SGPC_FUNC_01&VEN_8086&DEV_281D&SUBSYS_80860101&REV_1000\5&32640736&1&0201DIF_000B&UIF_0000 has been surprise removed as it is reported as missing on the bus.
Count of devices removed: 3"
"14-07-2026 13:18:12","1010","Information","Microsoft-Windows-Kernel-PnP","Device DISPLAY\DELA1B9\4&20b8d095&0&UID8263 has been surprise removed as it is reported as missing on the bus.
Count of devices removed: 1"
"14-07-2026 13:11:47","1010","Information","Microsoft-Windows-Kernel-PnP","Device INTELAUDIO\SGPC_FUNC_01&VEN_8086&DEV_281D&SUBSYS_80860101&REV_1000\5&32640736&1&0201DIF_000B&UIF_0000 has been surprise removed as it is reported as missing on the bus.
Count of devices removed: 3"
"14-07-2026 12:47:20","1010","Information","Microsoft-Windows-Kernel-PnP","Device DISPLAY\DELA1B9\4&20b8d095&0&UID8263 has been surprise removed as it is reported as missing on the bus.
Count of devices removed: 1"
"14-07-2026 12:44:58","1010","Information","Microsoft-Windows-Kernel-PnP","Device INTELAUDIO\SGPC_FUNC_01&VEN_8086&DEV_281D&SUBSYS_80860101&REV_1000\5&32640736&1&0201DIF_000B&UIF_0000 has been surprise removed as it is reported as missing on the bus.
Count of devices removed: 3"
"14-07-2026 12:44:34","1010","Information","Microsoft-Windows-Kernel-PnP","Device DISPLAY\DELA1B9\4&20b8d095&0&UID8263 has been surprise removed as it is reported as missing on the bus.
Count of devices removed: 1"
"14-07-2026 12:34:26","1010","Information","Microsoft-Windows-Kernel-PnP","Device INTELAUDIO\SGPC_FUNC_01&VEN_8086&DEV_281D&SUBSYS_80860101&REV_1000\5&32640736&1&0201DIF_000B&UIF_0000 has been surprise removed as it is reported as missing on the bus.
Count of devices removed: 3"
"14-07-2026 12:19:46","1010","Information","Microsoft-Windows-Kernel-PnP","Device DISPLAY\DELA1B9\4&20b8d095&0&UID8263 has been surprise removed as it is reported as missing on the bus.
Count of devices removed: 1"
"14-07-2026 12:02:55","1010","Information","Microsoft-Windows-Kernel-PnP","Device INTELAUDIO\SGPC_FUNC_01&VEN_8086&DEV_281D&SUBSYS_80860101&REV_1000\5&32640736&1&0201DIF_000B&UIF_0000 has been surprise removed as it is reported as missing on the bus.
Count of devices removed: 3"
"14-07-2026 11:45:07","1010","Information","Microsoft-Windows-Kernel-PnP","Device DISPLAY\DELA1B9\4&20b8d095&0&UID8263 has been surprise removed as it is reported as missing on the bus.
Count of devices removed: 1"
"14-07-2026 11:25:11","1010","Information","Microsoft-Windows-Kernel-PnP","Device INTELAUDIO\SGPC_FUNC_01&VEN_8086&DEV_281D&SUBSYS_80860101&REV_1000\5&32640736&1&0201DIF_000B&UIF_0000 has been surprise removed as it is reported as missing on the bus.
Count of devices removed: 3"
"14-07-2026 11:22:02","1010","Information","Microsoft-Windows-Kernel-PnP","Device DISPLAY\DELA1B9\4&20b8d095&0&UID8263 has been surprise removed as it is reported as missing on the bus.
Count of devices removed: 1"
"14-07-2026 10:53:07","1010","Information","Microsoft-Windows-Kernel-PnP","Device INTELAUDIO\SGPC_FUNC_01&VEN_8086&DEV_281D&SUBSYS_80860101&REV_1000\5&32640736&1&0201DIF_000B&UIF_0000 has been surprise removed as it is reported as missing on the bus.
Count of devices removed: 3"
"14-07-2026 09:54:12","1010","Information","Microsoft-Windows-Kernel-PnP","Device DISPLAY\DELA1B9\4&20b8d095&0&UID8263 has been surprise removed as it is reported as missing on the bus.
Count of devices removed: 1"
"14-07-2026 09:52:31","1010","Information","Microsoft-Windows-Kernel-PnP","Device INTELAUDIO\SGPC_FUNC_01&VEN_8086&DEV_281D&SUBSYS_80860101&REV_1000\5&32640736&1&0201DIF_000B&UIF_0000 has been surprise removed as it is reported as missing on the bus.
Count of devices removed: 3"
"13-07-2026 20:27:13","1010","Information","Microsoft-Windows-Kernel-PnP","Device USB\VID_047F&PID_C058\EBFF498BA439F1488A177C405ACDFDF0 has been surprise removed as it is reported as missing on the bus.
Count of devices removed: 8"
"13-07-2026 20:27:12","1010","Information","Microsoft-Windows-Kernel-PnP","Device USB\VID_0424&PID_7206\5&266331bc&0&4 has been surprise removed as it is reported as missing on the bus.
Count of devices removed: 3"
"13-07-2026 20:27:12","1010","Information","Microsoft-Windows-Kernel-PnP","Device DISPLAY\DELA1B9\4&20b8d095&0&UID8263 has been surprise removed as it is reported as missing on the bus.
Count of devices removed: 1"
"13-07-2026 20:27:07","1010","Information","Microsoft-Windows-Kernel-PnP","Device USB\VID_0424&PID_4206\5&2dc84fba&0&1 has been surprise removed as it is reported as missing on the bus.
Count of devices removed: 7"
"13-07-2026 20:26:58","1010","Information","Microsoft-Windows-Kernel-PnP","Device INTELAUDIO\SGPC_FUNC_01&VEN_8086&DEV_281D&SUBSYS_80860101&REV_1000\5&32640736&1&0201DIF_000B&UIF_0000 has been surprise removed as it is reported as missing on the bus.
Count of devices removed: 3"
"13-07-2026 19:16:37","1010","Information","Microsoft-Windows-Kernel-PnP","Device DISPLAY\DELA1B9\4&20b8d095&0&UID8263 has been surprise removed as it is reported as missing on the bus.
Count of devices removed: 1"
"13-07-2026 19:14:31","1010","Information","Microsoft-Windows-Kernel-PnP","Device INTELAUDIO\SGPC_FUNC_01&VEN_8086&DEV_281D&SUBSYS_80860101&REV_1000\5&32640736&1&0201DIF_000B&UIF_0000 has been surprise removed as it is reported as missing on the bus.
Count of devices removed: 3"
"13-07-2026 17:59:40","1010","Information","Microsoft-Windows-Kernel-PnP","Device DISPLAY\DELA1B9\4&20b8d095&0&UID8263 has been surprise removed as it is reported as missing on the bus.
Count of devices removed: 1"
"13-07-2026 17:36:25","1010","Information","Microsoft-Windows-Kernel-PnP","Device INTELAUDIO\SGPC_FUNC_01&VEN_8086&DEV_281D&SUBSYS_80860101&REV_1000\5&32640736&1&0201DIF_000B&UIF_0000 has been surprise removed as it is reported as missing on the bus.
Count of devices removed: 3"
"13-07-2026 14:59:09","1010","Information","Microsoft-Windows-Kernel-PnP","Device INTELAUDIO\SGPC_FUNC_01&VEN_8086&DEV_281D&SUBSYS_80860101&REV_1000\5&32640736&1&0201DIF_000B&UIF_0000 has been surprise removed as it is reported as missing on the bus.
Count of devices removed: 3"
"13-07-2026 14:59:09","1010","Information","Microsoft-Windows-Kernel-PnP","Device USB\VID_0424&PID_4206\5&2dc84fba&0&1 has been surprise removed as it is reported as missing on the bus.
Count of devices removed: 1"
"13-07-2026 14:59:07","1010","Information","Microsoft-Windows-Kernel-PnP","Device USB\VID_0424&PID_7206\5&266331bc&0&4 has been surprise removed as it is reported as missing on the bus.
Count of devices removed: 3"
"13-07-2026 14:59:07","1010","Information","Microsoft-Windows-Kernel-PnP","Device DISPLAY\DELA1B9\4&20b8d095&0&UID8263 has been surprise removed as it is reported as missing on the bus.
Count of devices removed: 1"
"13-07-2026 14:59:07","1010","Information","Microsoft-Windows-Kernel-PnP","Device USB\VID_0424&PID_7260\6&27c8c08e&0&5 has been surprise removed as it is reported as missing on the bus.
Count of devices removed: 4"
"13-07-2026 14:59:04","1010","Information","Microsoft-Windows-Kernel-PnP","Device USB\VID_0424&PID_4216\6&27c8c08e&0&4 has been surprise removed as it is reported as missing on the bus.
Count of devices removed: 2"
"13-07-2026 14:59:01","1010","Information","Microsoft-Windows-Kernel-PnP","Device USB\VID_047F&PID_C058\EBFF498BA439F1488A177C405ACDFDF0 has been surprise removed as it is reported as missing on the bus.
Count of devices removed: 8"
"13-07-2026 13:58:48","1010","Information","Microsoft-Windows-Kernel-PnP","Device DISPLAY\DELA1B9\4&20b8d095&0&UID8263 has been surprise removed as it is reported as missing on the bus.
Count of devices removed: 1"
"13-07-2026 13:16:58","1010","Information","Microsoft-Windows-Kernel-PnP","Device INTELAUDIO\SGPC_FUNC_01&VEN_8086&DEV_281D&SUBSYS_80860101&REV_1000\5&32640736&1&0201DIF_000B&UIF_0000 has been surprise removed as it is reported as missing on the bus.
Count of devices removed: 3"
"13-07-2026 12:09:42","1010","Information","Microsoft-Windows-Kernel-PnP","Device INTELAUDIO\SGPC_FUNC_01&VEN_8086&DEV_281D&SUBSYS_80860101&REV_1000\5&32640736&1&0201DIF_000B&UIF_0000 has been surprise removed as it is reported as missing on the bus.
Count of devices removed: 3"
"13-07-2026 12:08:40","1010","Information","Microsoft-Windows-Kernel-PnP","Device USB\VID_1203&PID_0272\000001 has been surprise removed as it is reported as missing on the bus.
Count of devices removed: 3"
"13-07-2026 12:07:21","1010","Information","Microsoft-Windows-Kernel-PnP","Device USB\VID_047F&PID_C058\EBFF498BA439F1488A177C405ACDFDF0 has been surprise removed as it is reported as missing on the bus.
Count of devices removed: 8"
"13-07-2026 12:05:59","1010","Information","Microsoft-Windows-Kernel-PnP","Device USB\VID_413C&PID_2514\5&2dc84fba&0&6 has been surprise removed as it is reported as missing on the bus.
Count of devices removed: 11"
"13-07-2026 12:05:53","1010","Information","Microsoft-Windows-Kernel-PnP","Device INTELAUDIO\SGPC_FUNC_01&VEN_8086&DEV_281D&SUBSYS_80860101&REV_1000\5&32640736&1&0201DIF_000B&UIF_0000 has been surprise removed as it is reported as missing on the bus.
Count of devices removed: 3"
