"18-08-2026 15:10:38","1159","Warning","Microsoft-Windows-AAD","AadCloudAPPlugin S4U logon failed. Status: 0xC000006D"
"18-08-2026 15:10:36","1241","Information","Microsoft-Windows-AAD","On-prem tgt error: On-prem configuration is missing"
"18-08-2026 15:10:35","1251","Information","Microsoft-Windows-AAD","DoGetEnterpriseToken Diagnostic Event:
Result: 0xC0000250
User Identity: joe.prakash@nielseniq.com
Credential Type: 2
Correlation ID: cb8404e1-223a-4628-b72c-876e7051582f
Endpoint Uri: https://sts.nielseniq.com/adfs/oauth2/token/
HTTP Status: POST
HTTP Method: The operation completed successfully.
ErrorCode: 401
Error Description: interaction_required"
"18-08-2026 15:10:35","1118","Error","Microsoft-Windows-AAD","Enterprise STS Logon failure. Status: 0xC0000250 Correlation ID: cb8404e1-223a-4628-b72c-876e7051582f"
"18-08-2026 15:10:35","1081","Error","Microsoft-Windows-AAD","OAuth response error: interaction_required
Error description: MSIS9699: GlobalAuthenticationPolicy on the Server doesn't allow this OAuth JWT Bearer request. Please contact the administrator to update the GlobalAuthenticationPolicy.
CorrelationID: "
"18-08-2026 15:10:35","1025","Error","Microsoft-Windows-AAD","Http request status: 401. Method: POST Endpoint Uri: https://sts.nielseniq.com/adfs/oauth2/token/ Correlation ID: cb8404e1-223a-4628-b72c-876e7051582f"
"18-08-2026 15:10:33","1241","Information","Microsoft-Windows-AAD","On-prem tgt error: On-prem configuration is missing"
"18-08-2026 14:48:51","1097","Warning","Microsoft-Windows-AAD","Error: 0x8AA100AB Missing value in ApplicationDataContainer.
Logged at UserPictureController.cpp, line: 1125, method: UserPictureController::IsContainerPictureStale.

Request: authority: https://login.microsoftonline.com/common, client: 0a31c71e-0abf-4238-add7-b1a24c165dc1, redirect URI: ms-appx-web://Microsoft.AAD.BrokerPlugin/0a31c71e-0abf-4238-add7-b1a24c165dc1"
"18-08-2026 14:40:00","1241","Information","Microsoft-Windows-AAD","On-prem tgt error: On-prem configuration is missing"
"18-08-2026 14:33:21","1251","Information","Microsoft-Windows-AAD","DoGetEnterpriseToken Diagnostic Event:
Result: 0xC0000250
User Identity: arjo5004.t1@nielseniq.com
Credential Type: 1
Correlation ID: c324db50-9024-4d76-87ac-8e1e50a92fec
Endpoint Uri: https://sts.nielseniq.com/adfs/oauth2/token/
HTTP Status: POST
HTTP Method: The operation completed successfully.
ErrorCode: 401
Error Description: interaction_required"
"18-08-2026 14:33:21","1118","Error","Microsoft-Windows-AAD","Enterprise STS Logon failure. Status: 0xC0000250 Correlation ID: c324db50-9024-4d76-87ac-8e1e50a92fec"
"18-08-2026 14:33:21","1081","Error","Microsoft-Windows-AAD","OAuth response error: interaction_required
Error description: MSIS9699: GlobalAuthenticationPolicy on the Server doesn't allow this OAuth JWT Bearer request. Please contact the administrator to update the GlobalAuthenticationPolicy.
CorrelationID: "
"18-08-2026 14:33:21","1025","Error","Microsoft-Windows-AAD","Http request status: 401. Method: POST Endpoint Uri: https://sts.nielseniq.com/adfs/oauth2/token/ Correlation ID: c324db50-9024-4d76-87ac-8e1e50a92fec"
"18-08-2026 14:33:20","1241","Information","Microsoft-Windows-AAD","On-prem tgt error: On-prem configuration is missing"
"18-08-2026 14:33:18","1280","Information","Microsoft-Windows-AAD","PRT session key needs to be rolled.
Reason: VSM key rollover"
"18-08-2026 14:31:33","1098","Error","Microsoft-Windows-AAD","Error: 0xCAA5001C Token broker operation failed.
Operation name: GetTokenSilently, Error: -895352823 (0xcaa20009), Description: AADSTS50011: The redirect URI 'ms-appx-web://Microsoft.AAD.BrokerPlugin/S-1-15-2-283421221-3183566570-1718213290-751554359-3541592344-2312209569-3374928651' specified in the request does not match the redirect URIs configured for the application 'ecd6b820-32c2-49b6-98a6-444530e5a77a'. Make sure the redirect URI sent in the request matches one added to your application in the Azure portal. Navigate to https://aka.ms/redirectUriMismatchError to learn more about how to fix this. Trace ID: f9078740-58f0-46c7-9ad7-a8fcbb8c1501 Correlation ID: 7b31b56a-473a-4ac2-aeda-91b0e97d3ebe Timestamp: 2026-08-18 09:01:32Z
Logged at WebAccountProcessor.cpp, line: 723, method: AAD::Core::WebAccountProcessor::ReportOperationError."
"18-08-2026 14:31:33","1098","Error","Microsoft-Windows-AAD","Error: 0xCAA5001C Token broker operation failed.
Operation name: GetTokenSilently, Error: -895352823 (0xcaa20009), Description: AADSTS50011: The redirect URI 'ms-appx-web://Microsoft.AAD.BrokerPlugin/S-1-15-2-283421221-3183566570-1718213290-751554359-3541592344-2312209569-3374928651' specified in the request does not match the redirect URIs configured for the application '82864fa0-ed49-4711-8395-a0e6003dca1f'. Make sure the redirect URI sent in the request matches one added to your application in the Azure portal. Navigate to https://aka.ms/redirectUriMismatchError to learn more about how to fix this. Trace ID: 9a0ef8dd-30f5-4600-afc0-0ab7f8c8c600 Correlation ID: 7b31b56a-473a-4ac2-aeda-91b0e97d3ebe Timestamp: 2026-08-18 09:01:32Z
Logged at WebAccountProcessor.cpp, line: 723, method: AAD::Core::WebAccountProcessor::ReportOperationError."
"18-08-2026 14:31:33","1097","Warning","Microsoft-Windows-AAD","Error: 0xCAA90056 Renew token by the primary refresh token failed.
Logged at RefreshTokenRequest.cpp, line: 149, method: RefreshTokenRequest::AcquireToken.

Request: authority: https://login.microsoftonline.com/6ac7a1f4-5fb1-4153-bb4f-12d2020a1f7d, client: ecd6b820-32c2-49b6-98a6-444530e5a77a, redirect URI: ms-appx-web://Microsoft.AAD.BrokerPlugin/S-1-15-2-283421221-3183566570-1718213290-751554359-3541592344-2312209569-3374928651, resource: , correlation ID (request): 7b31b56a-473a-4ac2-aeda-91b0e97d3ebe"
"18-08-2026 14:31:33","1097","Warning","Microsoft-Windows-AAD","Error: 0xCAA90056 Renew token by the primary refresh token failed.
Logged at RefreshTokenRequest.cpp, line: 149, method: RefreshTokenRequest::AcquireToken.

Request: authority: https://login.microsoftonline.com/6ac7a1f4-5fb1-4153-bb4f-12d2020a1f7d, client: 82864fa0-ed49-4711-8395-a0e6003dca1f, redirect URI: ms-appx-web://Microsoft.AAD.BrokerPlugin/S-1-15-2-283421221-3183566570-1718213290-751554359-3541592344-2312209569-3374928651, resource: , correlation ID (request): 7b31b56a-473a-4ac2-aeda-91b0e97d3ebe"
"18-08-2026 14:31:33","1098","Error","Microsoft-Windows-AAD","Error: 0xCAA20009 Client authentication failed (e.g., unknown client, no client authentication included, or unsupported authentication method).
Code: invalid_client
Description: AADSTS50011: The redirect URI 'ms-appx-web://Microsoft.AAD.BrokerPlugin/S-1-15-2-283421221-3183566570-1718213290-751554359-3541592344-2312209569-3374928651' specified in the request does not match the redirect URIs configured for the application 'ecd6b820-32c2-49b6-98a6-444530e5a77a'. Make sure the redirect URI sent in the request matches one added to your application in the Azure portal. Navigate to https://aka.ms/redirectUriMismatchError to learn more about how to fix this. Trace ID: f9078740-58f0-46c7-9ad7-a8fcbb8c1501 Correlation ID: 7b31b56a-473a-4ac2-aeda-91b0e97d3ebe Timestamp: 2026-08-18 09:01:32Z
TokenEndpoint: https://login.microsoftonline.com/6ac7a1f4-5fb1-4153-bb4f-12d2020a1f7d/oauth2/token
Logged at OAuthTokenRequestBase.cpp, line: 518, method: OAuthTokenRequestBase::ProcessOAuthResponse.

Request: authority: https://login.microsoftonline.com/6ac7a1f4-5fb1-4153-bb4f-12d2020a1f7d, client: ecd6b820-32c2-49b6-98a6-444530e5a77a, redirect URI: ms-appx-web://Microsoft.AAD.BrokerPlugin/S-1-15-2-283421221-3183566570-1718213290-751554359-3541592344-2312209569-3374928651, resource: , correlation ID (request): 7b31b56a-473a-4ac2-aeda-91b0e97d3ebe"
"18-08-2026 14:31:33","1098","Error","Microsoft-Windows-AAD","Error: 0xCAA20009 Client authentication failed (e.g., unknown client, no client authentication included, or unsupported authentication method).
Code: invalid_client
Description: AADSTS50011: The redirect URI 'ms-appx-web://Microsoft.AAD.BrokerPlugin/S-1-15-2-283421221-3183566570-1718213290-751554359-3541592344-2312209569-3374928651' specified in the request does not match the redirect URIs configured for the application '82864fa0-ed49-4711-8395-a0e6003dca1f'. Make sure the redirect URI sent in the request matches one added to your application in the Azure portal. Navigate to https://aka.ms/redirectUriMismatchError to learn more about how to fix this. Trace ID: 9a0ef8dd-30f5-4600-afc0-0ab7f8c8c600 Correlation ID: 7b31b56a-473a-4ac2-aeda-91b0e97d3ebe Timestamp: 2026-08-18 09:01:32Z
TokenEndpoint: https://login.microsoftonline.com/6ac7a1f4-5fb1-4153-bb4f-12d2020a1f7d/oauth2/token
Logged at OAuthTokenRequestBase.cpp, line: 518, method: OAuthTokenRequestBase::ProcessOAuthResponse.

Request: authority: https://login.microsoftonline.com/6ac7a1f4-5fb1-4153-bb4f-12d2020a1f7d, client: 82864fa0-ed49-4711-8395-a0e6003dca1f, redirect URI: ms-appx-web://Microsoft.AAD.BrokerPlugin/S-1-15-2-283421221-3183566570-1718213290-751554359-3541592344-2312209569-3374928651, resource: , correlation ID (request): 7b31b56a-473a-4ac2-aeda-91b0e97d3ebe"
"18-08-2026 14:31:27","1241","Information","Microsoft-Windows-AAD","On-prem tgt error: On-prem configuration is missing"
"18-08-2026 14:31:25","1251","Information","Microsoft-Windows-AAD","DoGetEnterpriseToken Diagnostic Event:
Result: 0xC0000250
User Identity: joe.prakash@nielseniq.com
Credential Type: 1
Correlation ID: 58a030c5-56b2-42e4-b22c-8cac97e21e6a
Endpoint Uri: https://sts.nielseniq.com/adfs/oauth2/token/
HTTP Status: POST
HTTP Method: The operation completed successfully.
ErrorCode: 401
Error Description: interaction_required"
"18-08-2026 14:31:25","1118","Error","Microsoft-Windows-AAD","Enterprise STS Logon failure. Status: 0xC0000250 Correlation ID: 58a030c5-56b2-42e4-b22c-8cac97e21e6a"
"18-08-2026 14:31:25","1081","Error","Microsoft-Windows-AAD","OAuth response error: interaction_required
Error description: MSIS9699: GlobalAuthenticationPolicy on the Server doesn't allow this OAuth JWT Bearer request. Please contact the administrator to update the GlobalAuthenticationPolicy.
CorrelationID: "
"18-08-2026 14:31:25","1025","Error","Microsoft-Windows-AAD","Http request status: 401. Method: POST Endpoint Uri: https://sts.nielseniq.com/adfs/oauth2/token/ Correlation ID: 58a030c5-56b2-42e4-b22c-8cac97e21e6a"
"18-08-2026 14:31:24","1241","Information","Microsoft-Windows-AAD","On-prem tgt error: On-prem configuration is missing"
"18-08-2026 14:31:23","1241","Information","Microsoft-Windows-AAD","On-prem tgt error: On-prem configuration is missing"
"18-08-2026 14:31:22","1241","Information","Microsoft-Windows-AAD","On-prem tgt error: On-prem configuration is missing"
"18-08-2026 14:17:04","1160","Error","Microsoft-Windows-AAD","Logon failure. Status: 0xC000006A Correlation ID: 31bbc7aa-3997-49fd-9e5d-2e6c40d21741"
"18-08-2026 14:17:04","1250","Information","Microsoft-Windows-AAD","DoGetToken Diagnostic Event:
Result: 0xC000006A
User Identity: arjo5004.t1@nielseniq.com
Credential Type: 1
Correlation ID: 31bbc7aa-3997-49fd-9e5d-2e6c40d21741
Endpoint Uri: https://sts.nielseniq.com/adfs/services/trust/13/usernamemixed
HTTP Status: POST
HTTP Method: The operation completed successfully.
ErrorCode: 500
Error Description: "
"18-08-2026 14:17:04","1085","Error","Microsoft-Windows-AAD","Logon failure. Status: 0xC000006A Correlation ID: 31bbc7aa-3997-49fd-9e5d-2e6c40d21741"
"18-08-2026 14:17:04","1088","Error","Microsoft-Windows-AAD","WSTrust response error: FailedAuthentication
Error description: <s:Text xml:lang=""en-US"" xmlns:s=""http://www.w3.org/2003/05/soap-envelope"">ID3242: The security token could not be authenticated or authorized.</s:Text>"
"18-08-2026 14:17:04","1025","Error","Microsoft-Windows-AAD","Http request status: 500. Method: POST Endpoint Uri: https://sts.nielseniq.com/adfs/services/trust/13/usernamemixed Correlation ID: 31bbc7aa-3997-49fd-9e5d-2e6c40d21741"
"18-08-2026 14:06:05","1104","Error","Microsoft-Windows-AAD","AAD Cloud AP plugin call Post logon processing returned error: 0xC000006D"
"18-08-2026 14:06:05","1159","Warning","Microsoft-Windows-AAD","AadCloudAPPlugin S4U logon failed. Status: 0xC000006D"
"18-08-2026 14:06:03","1241","Information","Microsoft-Windows-AAD","On-prem tgt error: On-prem configuration is missing"
"18-08-2026 14:06:02","1251","Information","Microsoft-Windows-AAD","DoGetEnterpriseToken Diagnostic Event:
Result: 0xC0000250
User Identity: joe.prakash@nielseniq.com
Credential Type: 2
Correlation ID: b0fb2b7a-5a1a-44be-916c-109e770c7de7
Endpoint Uri: https://sts.nielseniq.com/adfs/oauth2/token/
HTTP Status: POST
HTTP Method: The operation completed successfully.
ErrorCode: 401
Error Description: interaction_required"
"18-08-2026 14:06:02","1118","Error","Microsoft-Windows-AAD","Enterprise STS Logon failure. Status: 0xC0000250 Correlation ID: b0fb2b7a-5a1a-44be-916c-109e770c7de7"
"18-08-2026 14:06:02","1081","Error","Microsoft-Windows-AAD","OAuth response error: interaction_required
Error description: MSIS9699: GlobalAuthenticationPolicy on the Server doesn't allow this OAuth JWT Bearer request. Please contact the administrator to update the GlobalAuthenticationPolicy.
CorrelationID: "
"18-08-2026 14:06:02","1025","Error","Microsoft-Windows-AAD","Http request status: 401. Method: POST Endpoint Uri: https://sts.nielseniq.com/adfs/oauth2/token/ Correlation ID: b0fb2b7a-5a1a-44be-916c-109e770c7de7"
"18-08-2026 14:06:00","1241","Information","Microsoft-Windows-AAD","On-prem tgt error: On-prem configuration is missing"
"18-08-2026 13:15:26","1241","Information","Microsoft-Windows-AAD","On-prem tgt error: On-prem configuration is missing"
"18-08-2026 13:13:24","1098","Error","Microsoft-Windows-AAD","Error: 0xCAA5001C Token broker operation failed.
Operation name: GetTokenSilently, Error: -895025148 (0xcaa70004), Description: The server or proxy was not found.
Logged at WebAccountProcessor.cpp, line: 723, method: AAD::Core::WebAccountProcessor::ReportOperationError."
"18-08-2026 13:13:24","1098","Error","Microsoft-Windows-AAD","Error: 0xCAA5001C Token broker operation failed.
Operation name: GetTokenSilently, Error: -895025148 (0xcaa70004), Description: The server or proxy was not found.
Logged at WebAccountProcessor.cpp, line: 723, method: AAD::Core::WebAccountProcessor::ReportOperationError."
"18-08-2026 13:13:24","1097","Warning","Microsoft-Windows-AAD","Error: 0xCAA90056 Renew token by the primary refresh token failed.
Logged at RefreshTokenRequest.cpp, line: 149, method: RefreshTokenRequest::AcquireToken.

Request: authority: https://login.microsoftonline.com/6ac7a1f4-5fb1-4153-bb4f-12d2020a1f7d, client: 0ec893e0-5785-4de6-99da-4ed124e5296c, redirect URI: ms-appx-web://Microsoft.AAD.BrokerPlugin/0ec893e0-5785-4de6-99da-4ed124e5296c, resource: , correlation ID (request): b837c13d-5f21-41f1-97ea-d8c5efed33b3"
"18-08-2026 13:13:24","1097","Warning","Microsoft-Windows-AAD","Error: 0xCAA90056 Renew token by the primary refresh token failed.
Logged at RefreshTokenRequest.cpp, line: 149, method: RefreshTokenRequest::AcquireToken.

Request: authority: https://login.microsoftonline.com/common, client: 6f7e0f60-9401-4f5b-98e2-cf15bd5fd5e3, redirect URI: ms-appx-web://Microsoft.AAD.BrokerPlugin/{6F7E0F60-9401-4F5b-98E2-CF15BD5Fd5E3}, resource: https://cs.dds.microsoft.com, correlation ID (request): 03820324-f53e-4e68-ab3f-153dabe9800a"
"18-08-2026 13:13:24","1098","Error","Microsoft-Windows-AAD","Error: 0xCAA70004 The server or proxy was not found.
Code: authentication_failed
Description: The server or proxy was not found.
TokenEndpoint: https://login.microsoftonline.com/common/oauth2/token
Logged at OAuthTokenRequestBase.cpp, line: 323, method: OAuthTokenRequestBase::SendRequest.

Request: authority: https://login.microsoftonline.com/common, client: 6f7e0f60-9401-4f5b-98e2-cf15bd5fd5e3, redirect URI: ms-appx-web://Microsoft.AAD.BrokerPlugin/{6F7E0F60-9401-4F5b-98E2-CF15BD5Fd5E3}, resource: https://cs.dds.microsoft.com, correlation ID (request): 03820324-f53e-4e68-ab3f-153dabe9800a"
"18-08-2026 13:13:24","1098","Error","Microsoft-Windows-AAD","Error: 0xCAA70004 The server or proxy was not found.
Code: authentication_failed
Description: The server or proxy was not found.
TokenEndpoint: https://login.microsoftonline.com/6ac7a1f4-5fb1-4153-bb4f-12d2020a1f7d/oauth2/token
Logged at OAuthTokenRequestBase.cpp, line: 323, method: OAuthTokenRequestBase::SendRequest.

Request: authority: https://login.microsoftonline.com/6ac7a1f4-5fb1-4153-bb4f-12d2020a1f7d, client: 0ec893e0-5785-4de6-99da-4ed124e5296c, redirect URI: ms-appx-web://Microsoft.AAD.BrokerPlugin/0ec893e0-5785-4de6-99da-4ed124e5296c, resource: , correlation ID (request): b837c13d-5f21-41f1-97ea-d8c5efed33b3"
"18-08-2026 13:13:24","1098","Error","Microsoft-Windows-AAD","Error: 0xCAA70004 The server or proxy was not found.
Exception of type 'class HttpException' at XMLHTTPWebRequest.cpp, line: 184, method: XMLHTTPWebRequest::ReceiveResponse.

Log: 0xcaa90051 Sending OAuth request failed.
Logged at OAuthTokenRequestBase.cpp, line: 323, method: OAuthTokenRequestBase::SendRequest.

Request: authority: https://login.microsoftonline.com/6ac7a1f4-5fb1-4153-bb4f-12d2020a1f7d, client: 0ec893e0-5785-4de6-99da-4ed124e5296c, redirect URI: ms-appx-web://Microsoft.AAD.BrokerPlugin/0ec893e0-5785-4de6-99da-4ed124e5296c, resource: , correlation ID (request): b837c13d-5f21-41f1-97ea-d8c5efed33b3"
"18-08-2026 13:13:24","1098","Error","Microsoft-Windows-AAD","Error: 0xCAA70004 The server or proxy was not found.
Exception of type 'class HttpException' at XMLHTTPWebRequest.cpp, line: 184, method: XMLHTTPWebRequest::ReceiveResponse.

Log: 0xcaa90051 Sending OAuth request failed.
Logged at OAuthTokenRequestBase.cpp, line: 323, method: OAuthTokenRequestBase::SendRequest.

Request: authority: https://login.microsoftonline.com/common, client: 6f7e0f60-9401-4f5b-98e2-cf15bd5fd5e3, redirect URI: ms-appx-web://Microsoft.AAD.BrokerPlugin/{6F7E0F60-9401-4F5b-98E2-CF15BD5Fd5E3}, resource: https://cs.dds.microsoft.com, correlation ID (request): 03820324-f53e-4e68-ab3f-153dabe9800a"
"18-08-2026 13:13:18","1104","Error","Microsoft-Windows-AAD","AAD Cloud AP plugin call Post logon processing returned error: 0xC000006D"
"18-08-2026 13:13:18","1159","Warning","Microsoft-Windows-AAD","AadCloudAPPlugin S4U logon failed. Status: 0xC000006D"
"18-08-2026 13:13:16","1161","Error","Microsoft-Windows-AAD","Logon failure. Status: 0xC000023C Correlation ID: a7865c8d-937e-40d1-a846-dbfe942f8945"
"18-08-2026 13:13:16","1252","Information","Microsoft-Windows-AAD","DoRefreshToken Diagnostic Event:
Result: 0xC000023C
User Identity: joe.prakash@nielseniq.com
Credential Type: 2
Correlation ID: false
Endpoint Uri: a7865c8d-937e-40d1-a846-dbfe942f8945
HTTP Status: https://login.microsoftonline.com/6ac7a1f4-5fb1-4153-bb4f-12d2020a1f7d/oauth2/token
HTTP Method: 
ErrorCode: Unknown HResult Error code: 0x80072ee7
Error Description: 0"
"18-08-2026 13:13:16","1094","Error","Microsoft-Windows-AAD","Refresh token failure. Status: 0xC000023C Correlation ID: a7865c8d-937e-40d1-a846-dbfe942f8945"
"18-08-2026 13:13:16","1084","Error","Microsoft-Windows-AAD","Http transport error. Status: Unknown HResult Error code: 0x80072ee7 Correlation ID: a7865c8d-937e-40d1-a846-dbfe942f8945"
"18-08-2026 13:13:05","1160","Error","Microsoft-Windows-AAD","Logon failure. Status: 0xC000023C Correlation ID: dcd1855a-8b67-403f-ba05-04f1ea49b6f6"
"18-08-2026 13:13:05","1250","Information","Microsoft-Windows-AAD","DoGetToken Diagnostic Event:
Result: 0xC000023C
User Identity: joe.prakash@nielseniq.com
Credential Type: 2
Correlation ID: dcd1855a-8b67-403f-ba05-04f1ea49b6f6
Endpoint Uri: https://login.microsoftonline.com/common/UserRealm/?user=nielseniq.com&api-version=1.0&checkForMicrosoftAccount=false
HTTP Status: 
HTTP Method: Unknown HResult Error code: 0x80072ee7
ErrorCode: 0
Error Description: "
"18-08-2026 13:13:05","1086","Error","Microsoft-Windows-AAD","Get user realm failure. Status: 0xC000023C Correlation ID: dcd1855a-8b67-403f-ba05-04f1ea49b6f6"
"18-08-2026 13:13:05","1084","Error","Microsoft-Windows-AAD","Http transport error. Status: Unknown HResult Error code: 0x80072ee7 Correlation ID: dcd1855a-8b67-403f-ba05-04f1ea49b6f6"
"18-08-2026 11:03:08","1104","Error","Microsoft-Windows-AAD","AAD Cloud AP plugin call Post logon processing returned error: 0xC000006D"
"18-08-2026 11:03:08","1159","Warning","Microsoft-Windows-AAD","AadCloudAPPlugin S4U logon failed. Status: 0xC000006D"
"18-08-2026 11:03:05","1241","Information","Microsoft-Windows-AAD","On-prem tgt error: On-prem configuration is missing"
"18-08-2026 11:03:04","1251","Information","Microsoft-Windows-AAD","DoGetEnterpriseToken Diagnostic Event:
Result: 0xC0000250
User Identity: joe.prakash@nielseniq.com
Credential Type: 2
Correlation ID: 5252f221-a349-4dd1-847f-e938e59781ce
Endpoint Uri: https://sts.nielseniq.com/adfs/oauth2/token/
HTTP Status: POST
HTTP Method: The operation completed successfully.
ErrorCode: 401
Error Description: interaction_required"
"18-08-2026 11:03:04","1118","Error","Microsoft-Windows-AAD","Enterprise STS Logon failure. Status: 0xC0000250 Correlation ID: 5252f221-a349-4dd1-847f-e938e59781ce"
"18-08-2026 11:03:04","1081","Error","Microsoft-Windows-AAD","OAuth response error: interaction_required
Error description: MSIS9699: GlobalAuthenticationPolicy on the Server doesn't allow this OAuth JWT Bearer request. Please contact the administrator to update the GlobalAuthenticationPolicy.
CorrelationID: "
"18-08-2026 11:03:04","1025","Error","Microsoft-Windows-AAD","Http request status: 401. Method: POST Endpoint Uri: https://sts.nielseniq.com/adfs/oauth2/token/ Correlation ID: 5252f221-a349-4dd1-847f-e938e59781ce"
"18-08-2026 11:03:03","1241","Information","Microsoft-Windows-AAD","On-prem tgt error: On-prem configuration is missing"
"18-08-2026 10:50:23","1104","Error","Microsoft-Windows-AAD","AAD Cloud AP plugin call Post logon processing returned error: 0xC000006D"
"18-08-2026 10:50:23","1159","Warning","Microsoft-Windows-AAD","AadCloudAPPlugin S4U logon failed. Status: 0xC000006D"
"18-08-2026 10:50:20","1241","Information","Microsoft-Windows-AAD","On-prem tgt error: On-prem configuration is missing"
"18-08-2026 10:50:19","1251","Information","Microsoft-Windows-AAD","DoGetEnterpriseToken Diagnostic Event:
Result: 0xC0000250
User Identity: joe.prakash@nielseniq.com
Credential Type: 2
Correlation ID: b7e5aad2-048b-4514-8c01-a4548bf4b4ca
Endpoint Uri: https://sts.nielseniq.com/adfs/oauth2/token/
HTTP Status: POST
HTTP Method: The operation completed successfully.
ErrorCode: 401
Error Description: interaction_required"
"18-08-2026 10:50:19","1118","Error","Microsoft-Windows-AAD","Enterprise STS Logon failure. Status: 0xC0000250 Correlation ID: b7e5aad2-048b-4514-8c01-a4548bf4b4ca"
"18-08-2026 10:50:19","1081","Error","Microsoft-Windows-AAD","OAuth response error: interaction_required
Error description: MSIS9699: GlobalAuthenticationPolicy on the Server doesn't allow this OAuth JWT Bearer request. Please contact the administrator to update the GlobalAuthenticationPolicy.
CorrelationID: "
"18-08-2026 10:50:19","1025","Error","Microsoft-Windows-AAD","Http request status: 401. Method: POST Endpoint Uri: https://sts.nielseniq.com/adfs/oauth2/token/ Correlation ID: b7e5aad2-048b-4514-8c01-a4548bf4b4ca"
"18-08-2026 10:50:17","1241","Information","Microsoft-Windows-AAD","On-prem tgt error: On-prem configuration is missing"
"18-08-2026 10:46:14","1097","Warning","Microsoft-Windows-AAD","Error: 0x80070017 Data error (cyclic redundancy check).
Exception of type 'class NGCException' at NgcHelper.cpp, line: 121, method: NgcHelper::DecryptWithSymmetricPopKey.

Log: 0x8aa500e3 Error when decrypting OAuth response. Will try next session key.
Logged at OAuthTokenResponse.cpp, line: 214, method: OAuthResponse::TryDecryptResponseByBestFitKey.

Request: authority: https://login.microsoftonline.com/6ac7a1f4-5fb1-4153-bb4f-12d2020a1f7d, client: d3590ed6-52b3-4102-aeff-aad2292ab01c, redirect URI: ms-appx-web://Microsoft.AAD.BrokerPlugin/d3590ed6-52b3-4102-aeff-aad2292ab01c, resource: , correlation ID (request): 45e71d3b-5b5d-414a-bbfd-8ab3a7b4e042"
"18-08-2026 10:46:13","1097","Warning","Microsoft-Windows-AAD","Error: 0x8AA9004C Acquire token by refresh token failed, trying PRT.
Logged at RefreshTokenRequest.cpp, line: 110, method: RefreshTokenRequest::AcquireToken.

Request: authority: https://login.microsoftonline.com/6ac7a1f4-5fb1-4153-bb4f-12d2020a1f7d, client: d3590ed6-52b3-4102-aeff-aad2292ab01c, redirect URI: ms-appx-web://Microsoft.AAD.BrokerPlugin/d3590ed6-52b3-4102-aeff-aad2292ab01c, resource: , correlation ID (request): 45e71d3b-5b5d-414a-bbfd-8ab3a7b4e042"
"18-08-2026 10:46:13","1098","Error","Microsoft-Windows-AAD","Error: 0xCAA20003 Authorization grant failed for this assertion.
Code: invalid_grant
Description: V2Error: invalid_grant AADSTS50173: The provided grant has expired due to it being revoked, a fresh auth token is needed. The user might have changed or reset their password. The grant was issued on '2026-07-27T04:19:45.8223635Z' and the TokensValidFrom date (before which tokens are not valid) for this user is '2026-08-12T03:47:35.0000000Z'. Trace ID: 0a0b7727-fe1e-484f-a0fa-f7a866969b00 Correlation ID: 45e71d3b-5b5d-414a-bbfd-8ab3a7b4e042 Timestamp: 2026-08-18 05:16:13Z
TokenEndpoint: https://login.microsoftonline.com/6ac7a1f4-5fb1-4153-bb4f-12d2020a1f7d/oauth2/token
Logged at OAuthTokenRequestBase.cpp, line: 518, method: OAuthTokenRequestBase::ProcessOAuthResponse.

Request: authority: https://login.microsoftonline.com/6ac7a1f4-5fb1-4153-bb4f-12d2020a1f7d, client: d3590ed6-52b3-4102-aeff-aad2292ab01c, redirect URI: ms-appx-web://Microsoft.AAD.BrokerPlugin/d3590ed6-52b3-4102-aeff-aad2292ab01c, resource: , correlation ID (request): 45e71d3b-5b5d-414a-bbfd-8ab3a7b4e042"
"18-08-2026 10:45:45","1104","Error","Microsoft-Windows-AAD","AAD Cloud AP plugin call Lookup name name from SID returned error: 0xC00485D3"
"18-08-2026 10:45:45","1025","Error","Microsoft-Windows-AAD","Http request status: 400. Method: GET Endpoint Uri: https://login.microsoftonline.com/6ac7a1f4-5fb1-4153-bb4f-12d2020a1f7d/sidtoname Correlation ID: 5a2e2571-27ad-4408-8f38-d2672e33e1a2"
"18-08-2026 10:45:45","1104","Error","Microsoft-Windows-AAD","AAD Cloud AP plugin call Lookup name name from SID returned error: 0xC00485D3"
"18-08-2026 10:45:45","1025","Error","Microsoft-Windows-AAD","Http request status: 400. Method: GET Endpoint Uri: https://login.microsoftonline.com/6ac7a1f4-5fb1-4153-bb4f-12d2020a1f7d/sidtoname Correlation ID: 96c2c619-081c-457f-93e8-c7cc428d6889"
"18-08-2026 10:45:44","1104","Error","Microsoft-Windows-AAD","AAD Cloud AP plugin call Lookup name name from SID returned error: 0xC00485D3"
"18-08-2026 10:45:44","1025","Error","Microsoft-Windows-AAD","Http request status: 400. Method: GET Endpoint Uri: https://login.microsoftonline.com/6ac7a1f4-5fb1-4153-bb4f-12d2020a1f7d/sidtoname Correlation ID: ad307f98-92e7-473e-9569-5e97de5e8b62"
"18-08-2026 10:45:43","1104","Error","Microsoft-Windows-AAD","AAD Cloud AP plugin call Lookup name name from SID returned error: 0xC00485D3"
"18-08-2026 10:45:43","1025","Error","Microsoft-Windows-AAD","Http request status: 400. Method: GET Endpoint Uri: https://login.microsoftonline.com/6ac7a1f4-5fb1-4153-bb4f-12d2020a1f7d/sidtoname Correlation ID: c63ba881-d996-4c5d-8571-375b27f7fb1f"
"18-08-2026 10:45:42","1104","Error","Microsoft-Windows-AAD","AAD Cloud AP plugin call Lookup name name from SID returned error: 0xC00485D3"
"18-08-2026 10:45:42","1025","Error","Microsoft-Windows-AAD","Http request status: 400. Method: GET Endpoint Uri: https://login.microsoftonline.com/6ac7a1f4-5fb1-4153-bb4f-12d2020a1f7d/sidtoname Correlation ID: 59497346-5fd5-4049-a562-dd172a4ebc74"
"18-08-2026 10:45:41","1104","Error","Microsoft-Windows-AAD","AAD Cloud AP plugin call Lookup name name from SID returned error: 0xC00485D3"
"18-08-2026 10:45:41","1025","Error","Microsoft-Windows-AAD","Http request status: 400. Method: GET Endpoint Uri: https://login.microsoftonline.com/6ac7a1f4-5fb1-4153-bb4f-12d2020a1f7d/sidtoname Correlation ID: ee3d576b-eec5-4ec1-abea-7330d280933e"
"18-08-2026 10:45:29","1104","Error","Microsoft-Windows-AAD","AAD Cloud AP plugin call Lookup name name from SID returned error: 0xC00485D3"
"18-08-2026 10:45:29","1025","Error","Microsoft-Windows-AAD","Http request status: 400. Method: GET Endpoint Uri: https://login.microsoftonline.com/6ac7a1f4-5fb1-4153-bb4f-12d2020a1f7d/sidtoname Correlation ID: e2c2c45d-3719-49cb-bd0e-1f35b5281969"
"18-08-2026 10:45:28","1104","Error","Microsoft-Windows-AAD","AAD Cloud AP plugin call Lookup name name from SID returned error: 0xC00485D3"
"18-08-2026 10:45:28","1025","Error","Microsoft-Windows-AAD","Http request status: 400. Method: GET Endpoint Uri: https://login.microsoftonline.com/6ac7a1f4-5fb1-4153-bb4f-12d2020a1f7d/sidtoname Correlation ID: cf30fc5d-422a-4a06-adec-c658ab554030"
"18-08-2026 10:45:27","1104","Error","Microsoft-Windows-AAD","AAD Cloud AP plugin call Lookup name name from SID returned error: 0xC00485D3"
"18-08-2026 10:45:27","1025","Error","Microsoft-Windows-AAD","Http request status: 400. Method: GET Endpoint Uri: https://login.microsoftonline.com/6ac7a1f4-5fb1-4153-bb4f-12d2020a1f7d/sidtoname Correlation ID: 6fbf0d38-5728-49eb-a29a-baf9affe29d2"
"18-08-2026 10:45:26","1104","Error","Microsoft-Windows-AAD","AAD Cloud AP plugin call Lookup name name from SID returned error: 0xC00485D3"
"18-08-2026 10:45:26","1025","Error","Microsoft-Windows-AAD","Http request status: 400. Method: GET Endpoint Uri: https://login.microsoftonline.com/6ac7a1f4-5fb1-4153-bb4f-12d2020a1f7d/sidtoname Correlation ID: 51d0773f-1bfc-4f9e-80ed-c5eb29eb459c"
"18-08-2026 10:45:25","1104","Error","Microsoft-Windows-AAD","AAD Cloud AP plugin call Lookup name name from SID returned error: 0xC00485D3"
"18-08-2026 10:45:25","1025","Error","Microsoft-Windows-AAD","Http request status: 400. Method: GET Endpoint Uri: https://login.microsoftonline.com/6ac7a1f4-5fb1-4153-bb4f-12d2020a1f7d/sidtoname Correlation ID: afb3a09c-c77d-42e6-930b-ee4a4fc2199c"
"18-08-2026 10:45:24","1104","Error","Microsoft-Windows-AAD","AAD Cloud AP plugin call Lookup name name from SID returned error: 0xC00485D3"
"18-08-2026 10:45:24","1025","Error","Microsoft-Windows-AAD","Http request status: 400. Method: GET Endpoint Uri: https://login.microsoftonline.com/6ac7a1f4-5fb1-4153-bb4f-12d2020a1f7d/sidtoname Correlation ID: f0fd4927-3f05-49bb-83e8-e132b8d8d290"
"18-08-2026 10:42:03","1104","Error","Microsoft-Windows-AAD","AAD Cloud AP plugin call Lookup name name from SID returned error: 0xC00485D3"
"18-08-2026 10:42:03","1025","Error","Microsoft-Windows-AAD","Http request status: 400. Method: GET Endpoint Uri: https://login.microsoftonline.com/6ac7a1f4-5fb1-4153-bb4f-12d2020a1f7d/sidtoname Correlation ID: 2b0aebdf-19b9-439d-acb8-93f794d58451"
"18-08-2026 10:42:02","1104","Error","Microsoft-Windows-AAD","AAD Cloud AP plugin call Lookup name name from SID returned error: 0xC00485D3"
"18-08-2026 10:42:02","1025","Error","Microsoft-Windows-AAD","Http request status: 400. Method: GET Endpoint Uri: https://login.microsoftonline.com/6ac7a1f4-5fb1-4153-bb4f-12d2020a1f7d/sidtoname Correlation ID: a14f33dd-be55-4068-9d96-c1792f1c6cf8"
"18-08-2026 10:42:01","1104","Error","Microsoft-Windows-AAD","AAD Cloud AP plugin call Lookup name name from SID returned error: 0xC00485D3"
"18-08-2026 10:42:01","1025","Error","Microsoft-Windows-AAD","Http request status: 400. Method: GET Endpoint Uri: https://login.microsoftonline.com/6ac7a1f4-5fb1-4153-bb4f-12d2020a1f7d/sidtoname Correlation ID: 2e66245e-6536-46cb-83cc-a1869bf75a7c"
"18-08-2026 10:42:00","1104","Error","Microsoft-Windows-AAD","AAD Cloud AP plugin call Lookup name name from SID returned error: 0xC00485D3"
"18-08-2026 10:42:00","1025","Error","Microsoft-Windows-AAD","Http request status: 400. Method: GET Endpoint Uri: https://login.microsoftonline.com/6ac7a1f4-5fb1-4153-bb4f-12d2020a1f7d/sidtoname Correlation ID: adfac3c3-0c33-437a-9b73-02431e9aad0f"
"18-08-2026 10:41:59","1104","Error","Microsoft-Windows-AAD","AAD Cloud AP plugin call Lookup name name from SID returned error: 0xC00485D3"
"18-08-2026 10:41:59","1025","Error","Microsoft-Windows-AAD","Http request status: 400. Method: GET Endpoint Uri: https://login.microsoftonline.com/6ac7a1f4-5fb1-4153-bb4f-12d2020a1f7d/sidtoname Correlation ID: 9dac59ea-80d9-4d47-9664-67155713d852"
"18-08-2026 10:41:58","1104","Error","Microsoft-Windows-AAD","AAD Cloud AP plugin call Lookup name name from SID returned error: 0xC00485D3"
"18-08-2026 10:41:58","1025","Error","Microsoft-Windows-AAD","Http request status: 400. Method: GET Endpoint Uri: https://login.microsoftonline.com/6ac7a1f4-5fb1-4153-bb4f-12d2020a1f7d/sidtoname Correlation ID: 95000c00-d792-4af6-816d-1c5ec4d59d73"
"18-08-2026 10:40:21","1097","Warning","Microsoft-Windows-AAD","Error: 0x80070017 Data error (cyclic redundancy check).
Exception of type 'class NGCException' at NgcHelper.cpp, line: 121, method: NgcHelper::DecryptWithSymmetricPopKey.

Log: 0x8aa500e3 Error when decrypting OAuth response. Will try next session key.
Logged at OAuthTokenResponse.cpp, line: 214, method: OAuthResponse::TryDecryptResponseByBestFitKey.

Request: authority: https://login.microsoftonline.com/common, client: cab96880-db5b-4e15-90a7-f3f1d62ffe39, redirect URI: ms-appx-web://Microsoft.AAD.BrokerPlugin/cab96880-db5b-4e15-90a7-f3f1d62ffe39, resource: https://graph.microsoft.com, correlation ID (request): d5065923-d88b-4c39-961e-637bbd561ab9"
"18-08-2026 10:40:20","1097","Warning","Microsoft-Windows-AAD","Error: 0x8AA9004C Acquire token by refresh token failed, trying PRT.
Logged at RefreshTokenRequest.cpp, line: 110, method: RefreshTokenRequest::AcquireToken.

Request: authority: https://login.microsoftonline.com/common, client: cab96880-db5b-4e15-90a7-f3f1d62ffe39, redirect URI: ms-appx-web://Microsoft.AAD.BrokerPlugin/cab96880-db5b-4e15-90a7-f3f1d62ffe39, resource: https://graph.microsoft.com, correlation ID (request): d5065923-d88b-4c39-961e-637bbd561ab9"
"18-08-2026 10:40:20","1098","Error","Microsoft-Windows-AAD","Error: 0xCAA20003 Authorization grant failed for this assertion.
Code: invalid_grant
Description: AADSTS50173: The provided grant has expired due to it being revoked, a fresh auth token is needed. The user might have changed or reset their password. The grant was issued on '2026-07-27T04:19:45.8223635Z' and the TokensValidFrom date (before which tokens are not valid) for this user is '2026-08-12T03:47:35.0000000Z'. Trace ID: 0a0b7727-fe1e-484f-a0fa-f7a884459b00 Correlation ID: d5065923-d88b-4c39-961e-637bbd561ab9 Timestamp: 2026-08-18 05:10:20Z
TokenEndpoint: https://login.microsoftonline.com/common/oauth2/token
Logged at OAuthTokenRequestBase.cpp, line: 518, method: OAuthTokenRequestBase::ProcessOAuthResponse.

Request: authority: https://login.microsoftonline.com/common, client: cab96880-db5b-4e15-90a7-f3f1d62ffe39, redirect URI: ms-appx-web://Microsoft.AAD.BrokerPlugin/cab96880-db5b-4e15-90a7-f3f1d62ffe39, resource: https://graph.microsoft.com, correlation ID (request): d5065923-d88b-4c39-961e-637bbd561ab9"
"18-08-2026 10:39:16","1241","Information","Microsoft-Windows-AAD","On-prem tgt error: On-prem configuration is missing"
"18-08-2026 10:39:15","1097","Warning","Microsoft-Windows-AAD","Error: 0xCAA10002 User interface waits for user input.
Exception of type 'class Exception' at WebUIControllerWebViewBase.cpp, line: 324, method: WebUIControllerWebViewBase::Start.

Log: 0x8aa5000d Navigation on progress page failed.
Logged at AppUITokenRequest.cpp, line: 675, method: AppUITokenRequest::ShowProgress.

Request: authority: https://login.microsoftonline.com/6ac7a1f4-5fb1-4153-bb4f-12d2020a1f7d, client: ab9b8c07-8f02-4f72-87fa-80105867a763, redirect URI: ms-appx-web://Microsoft.AAD.BrokerPlugin/ab9b8c07-8f02-4f72-87fa-80105867a763, resource: , correlation ID (request): 63ed13fb-21a9-41b8-a022-f7e74418dc8c"
"18-08-2026 10:38:57","1097","Warning","Microsoft-Windows-AAD","Error: 0xCAA90056 Renew token by the primary refresh token failed.
Logged at RefreshTokenRequest.cpp, line: 149, method: RefreshTokenRequest::AcquireToken.

Request: authority: https://login.microsoftonline.com/6ac7a1f4-5fb1-4153-bb4f-12d2020a1f7d, client: ab9b8c07-8f02-4f72-87fa-80105867a763, redirect URI: ms-appx-web://Microsoft.AAD.BrokerPlugin/ab9b8c07-8f02-4f72-87fa-80105867a763, resource: , correlation ID (request): 63ed13fb-21a9-41b8-a022-f7e74418dc8c"
"18-08-2026 10:38:57","1098","Error","Microsoft-Windows-AAD","Error: 0xCAA2000C The request requires user interaction.
Code: interaction_required
Description: SubError: basic_action V2Error: invalid_grant AADSTS50076: Due to a configuration change made by your administrator, or because you moved to a new location, you must use multi-factor authentication to access '9e4a5442-a5c9-4f6f-b03f-5b9fcaaf24b1'. Trace ID: 2cf1534c-f5c4-4ad0-8008-a06db6701f01 Correlation ID: 63ed13fb-21a9-41b8-a022-f7e74418dc8c Timestamp: 2026-08-18 05:08:57Z
TokenEndpoint: https://login.microsoftonline.com/6ac7a1f4-5fb1-4153-bb4f-12d2020a1f7d/oauth2/token
Logged at OAuthTokenRequestBase.cpp, line: 518, method: OAuthTokenRequestBase::ProcessOAuthResponse.

Request: authority: https://login.microsoftonline.com/6ac7a1f4-5fb1-4153-bb4f-12d2020a1f7d, client: ab9b8c07-8f02-4f72-87fa-80105867a763, redirect URI: ms-appx-web://Microsoft.AAD.BrokerPlugin/ab9b8c07-8f02-4f72-87fa-80105867a763, resource: , correlation ID (request): 63ed13fb-21a9-41b8-a022-f7e74418dc8c"
"18-08-2026 10:38:42","1097","Warning","Microsoft-Windows-AAD","Error: 0xCAA90056 Renew token by the primary refresh token failed.
Logged at RefreshTokenRequest.cpp, line: 149, method: RefreshTokenRequest::AcquireToken.

Request: authority: https://login.microsoftonline.com/6ac7a1f4-5fb1-4153-bb4f-12d2020a1f7d, client: ab9b8c07-8f02-4f72-87fa-80105867a763, redirect URI: ms-appx-web://Microsoft.AAD.BrokerPlugin/ab9b8c07-8f02-4f72-87fa-80105867a763, resource: , correlation ID (request): e63546e4-cb41-40da-b99a-3c43bc45eef0"
"18-08-2026 10:38:42","1098","Error","Microsoft-Windows-AAD","Error: 0xCAA2000C The request requires user interaction.
Code: interaction_required
Description: SubError: basic_action V2Error: invalid_grant AADSTS50076: Due to a configuration change made by your administrator, or because you moved to a new location, you must use multi-factor authentication to access '9e4a5442-a5c9-4f6f-b03f-5b9fcaaf24b1'. Trace ID: 995fb2c5-14b2-4b59-8aa6-7d268209e400 Correlation ID: e63546e4-cb41-40da-b99a-3c43bc45eef0 Timestamp: 2026-08-18 05:08:42Z
TokenEndpoint: https://login.microsoftonline.com/6ac7a1f4-5fb1-4153-bb4f-12d2020a1f7d/oauth2/token
Logged at OAuthTokenRequestBase.cpp, line: 518, method: OAuthTokenRequestBase::ProcessOAuthResponse.

Request: authority: https://login.microsoftonline.com/6ac7a1f4-5fb1-4153-bb4f-12d2020a1f7d, client: ab9b8c07-8f02-4f72-87fa-80105867a763, redirect URI: ms-appx-web://Microsoft.AAD.BrokerPlugin/ab9b8c07-8f02-4f72-87fa-80105867a763, resource: , correlation ID (request): e63546e4-cb41-40da-b99a-3c43bc45eef0"
"18-08-2026 10:34:39","1097","Warning","Microsoft-Windows-AAD","Error: 0xCAA90056 Renew token by the primary refresh token failed.
Logged at RefreshTokenRequest.cpp, line: 149, method: RefreshTokenRequest::AcquireToken.

Request: authority: https://login.microsoftonline.com/common, client: cab96880-db5b-4e15-90a7-f3f1d62ffe39, redirect URI: ms-appx-web://Microsoft.AAD.BrokerPlugin/cab96880-db5b-4e15-90a7-f3f1d62ffe39, resource: https://graph.microsoft.com, correlation ID (request): 081f4566-f996-4e29-9445-21fad1dffc11"
"18-08-2026 10:34:39","1098","Error","Microsoft-Windows-AAD","Error: 0xCAA2000C The request requires user interaction.
Code: interaction_required
Description: AADSTS50076: Due to a configuration change made by your administrator, or because you moved to a new location, you must use multi-factor authentication to access '00000003-0000-0000-c000-000000000000'. Trace ID: 2bb8e1f5-f9b7-48ec-8d34-ec082a26df00 Correlation ID: 081f4566-f996-4e29-9445-21fad1dffc11 Timestamp: 2026-08-18 05:04:38Z
TokenEndpoint: https://login.microsoftonline.com/common/oauth2/token
Logged at OAuthTokenRequestBase.cpp, line: 518, method: OAuthTokenRequestBase::ProcessOAuthResponse.

Request: authority: https://login.microsoftonline.com/common, client: cab96880-db5b-4e15-90a7-f3f1d62ffe39, redirect URI: ms-appx-web://Microsoft.AAD.BrokerPlugin/cab96880-db5b-4e15-90a7-f3f1d62ffe39, resource: https://graph.microsoft.com, correlation ID (request): 081f4566-f996-4e29-9445-21fad1dffc11"
"18-08-2026 10:34:38","1097","Warning","Microsoft-Windows-AAD","Error: 0x8AA9004C Acquire token by refresh token failed, trying PRT.
Logged at RefreshTokenRequest.cpp, line: 110, method: RefreshTokenRequest::AcquireToken.

Request: authority: https://login.microsoftonline.com/common, client: cab96880-db5b-4e15-90a7-f3f1d62ffe39, redirect URI: ms-appx-web://Microsoft.AAD.BrokerPlugin/cab96880-db5b-4e15-90a7-f3f1d62ffe39, resource: https://graph.microsoft.com, correlation ID (request): 081f4566-f996-4e29-9445-21fad1dffc11"
"18-08-2026 10:34:38","1098","Error","Microsoft-Windows-AAD","Error: 0xCAA20003 Authorization grant failed for this assertion.
Code: invalid_grant
Description: AADSTS50173: The provided grant has expired due to it being revoked, a fresh auth token is needed. The user might have changed or reset their password. The grant was issued on '2026-07-27T04:19:45.8223635Z' and the TokensValidFrom date (before which tokens are not valid) for this user is '2026-08-12T03:47:35.0000000Z'. Trace ID: 5452b9dc-e855-4d81-8f01-278a2a2ecf00 Correlation ID: 081f4566-f996-4e29-9445-21fad1dffc11 Timestamp: 2026-08-18 05:04:38Z
TokenEndpoint: https://login.microsoftonline.com/common/oauth2/token
Logged at OAuthTokenRequestBase.cpp, line: 518, method: OAuthTokenRequestBase::ProcessOAuthResponse.

Request: authority: https://login.microsoftonline.com/common, client: cab96880-db5b-4e15-90a7-f3f1d62ffe39, redirect URI: ms-appx-web://Microsoft.AAD.BrokerPlugin/cab96880-db5b-4e15-90a7-f3f1d62ffe39, resource: https://graph.microsoft.com, correlation ID (request): 081f4566-f996-4e29-9445-21fad1dffc11"
"18-08-2026 10:33:58","1097","Warning","Microsoft-Windows-AAD","Error: 0xCAA90056 Renew token by the primary refresh token failed.
Logged at RefreshTokenRequest.cpp, line: 149, method: RefreshTokenRequest::AcquireToken.

Request: authority: https://login.microsoftonline.com/6ac7a1f4-5fb1-4153-bb4f-12d2020a1f7d, client: 1fec8e78-bce4-4aaf-ab1b-5451cc387264, redirect URI: ms-appx-web://Microsoft.AAD.BrokerPlugin/1fec8e78-bce4-4aaf-ab1b-5451cc387264, resource: , correlation ID (request): c4d09caf-0348-43ac-a657-3caf0d8233be"
"18-08-2026 10:33:58","1098","Error","Microsoft-Windows-AAD","Error: 0xCAA2000C The request requires user interaction.
Code: interaction_required
Description: SubError: basic_action V2Error: invalid_grant AADSTS50076: Due to a configuration change made by your administrator, or because you moved to a new location, you must use multi-factor authentication to access '04d0a7dc-1ad3-45b8-b293-987738546732'. Trace ID: d0ddd68e-d372-4302-956b-9b919fd7d100 Correlation ID: c4d09caf-0348-43ac-a657-3caf0d8233be Timestamp: 2026-08-18 05:03:58Z
TokenEndpoint: https://login.microsoftonline.com/6ac7a1f4-5fb1-4153-bb4f-12d2020a1f7d/oauth2/token
Logged at OAuthTokenRequestBase.cpp, line: 518, method: OAuthTokenRequestBase::ProcessOAuthResponse.

Request: authority: https://login.microsoftonline.com/6ac7a1f4-5fb1-4153-bb4f-12d2020a1f7d, client: 1fec8e78-bce4-4aaf-ab1b-5451cc387264, redirect URI: ms-appx-web://Microsoft.AAD.BrokerPlugin/1fec8e78-bce4-4aaf-ab1b-5451cc387264, resource: , correlation ID (request): c4d09caf-0348-43ac-a657-3caf0d8233be"
"18-08-2026 10:33:37","1097","Warning","Microsoft-Windows-AAD","Error: 0xCAA90056 Renew token by the primary refresh token failed.
Logged at RefreshTokenRequest.cpp, line: 149, method: RefreshTokenRequest::AcquireToken.

Request: authority: https://login.microsoftonline.com/6ac7a1f4-5fb1-4153-bb4f-12d2020a1f7d, client: 1fec8e78-bce4-4aaf-ab1b-5451cc387264, redirect URI: ms-appx-web://Microsoft.AAD.BrokerPlugin/1fec8e78-bce4-4aaf-ab1b-5451cc387264, resource: , correlation ID (request): 869069b6-daba-4584-88a5-67518fe6325e"
"18-08-2026 10:33:37","1098","Error","Microsoft-Windows-AAD","Error: 0xCAA2000C The request requires user interaction.
Code: interaction_required
Description: SubError: basic_action V2Error: invalid_grant AADSTS50076: Due to a configuration change made by your administrator, or because you moved to a new location, you must use multi-factor authentication to access '00000002-0000-0ff1-ce00-000000000000'. Trace ID: a8388977-278c-4761-a5b2-21f4ad89be00 Correlation ID: 869069b6-daba-4584-88a5-67518fe6325e Timestamp: 2026-08-18 05:03:37Z
TokenEndpoint: https://login.microsoftonline.com/6ac7a1f4-5fb1-4153-bb4f-12d2020a1f7d/oauth2/token
Logged at OAuthTokenRequestBase.cpp, line: 518, method: OAuthTokenRequestBase::ProcessOAuthResponse.

Request: authority: https://login.microsoftonline.com/6ac7a1f4-5fb1-4153-bb4f-12d2020a1f7d, client: 1fec8e78-bce4-4aaf-ab1b-5451cc387264, redirect URI: ms-appx-web://Microsoft.AAD.BrokerPlugin/1fec8e78-bce4-4aaf-ab1b-5451cc387264, resource: , correlation ID (request): 869069b6-daba-4584-88a5-67518fe6325e"
"18-08-2026 10:33:37","1097","Warning","Microsoft-Windows-AAD","Error: 0xCAA90056 Renew token by the primary refresh token failed.
Logged at RefreshTokenRequest.cpp, line: 149, method: RefreshTokenRequest::AcquireToken.

Request: authority: https://login.microsoftonline.com/6ac7a1f4-5fb1-4153-bb4f-12d2020a1f7d, client: 1fec8e78-bce4-4aaf-ab1b-5451cc387264, redirect URI: ms-appx-web://Microsoft.AAD.BrokerPlugin/1fec8e78-bce4-4aaf-ab1b-5451cc387264, resource: , correlation ID (request): 7dd3df21-696b-4719-905a-0e839cf63e55"
"18-08-2026 10:33:37","1098","Error","Microsoft-Windows-AAD","Error: 0xCAA2000C The request requires user interaction.
Code: interaction_required
Description: SubError: basic_action V2Error: invalid_grant AADSTS50076: Due to a configuration change made by your administrator, or because you moved to a new location, you must use multi-factor authentication to access 'api://9e3981dd-e6a2-473a-992d-92ba6d92597e'. Trace ID: 6fa161da-5bf7-4fd0-8ab0-b783d90ae600 Correlation ID: 7dd3df21-696b-4719-905a-0e839cf63e55 Timestamp: 2026-08-18 05:03:37Z
TokenEndpoint: https://login.microsoftonline.com/6ac7a1f4-5fb1-4153-bb4f-12d2020a1f7d/oauth2/token
Logged at OAuthTokenRequestBase.cpp, line: 518, method: OAuthTokenRequestBase::ProcessOAuthResponse.

Request: authority: https://login.microsoftonline.com/6ac7a1f4-5fb1-4153-bb4f-12d2020a1f7d, client: 1fec8e78-bce4-4aaf-ab1b-5451cc387264, redirect URI: ms-appx-web://Microsoft.AAD.BrokerPlugin/1fec8e78-bce4-4aaf-ab1b-5451cc387264, resource: , correlation ID (request): 7dd3df21-696b-4719-905a-0e839cf63e55"
"18-08-2026 10:33:31","1097","Warning","Microsoft-Windows-AAD","Error: 0xCAA90056 Renew token by the primary refresh token failed.
Logged at RefreshTokenRequest.cpp, line: 149, method: RefreshTokenRequest::AcquireToken.

Request: authority: https://login.microsoftonline.com/6ac7a1f4-5fb1-4153-bb4f-12d2020a1f7d, client: 1fec8e78-bce4-4aaf-ab1b-5451cc387264, redirect URI: ms-appx-web://Microsoft.AAD.BrokerPlugin/1fec8e78-bce4-4aaf-ab1b-5451cc387264, resource: , correlation ID (request): 36fef946-2731-486a-b55d-ac0176b05cbc"
"18-08-2026 10:33:31","1098","Error","Microsoft-Windows-AAD","Error: 0xCAA2000C The request requires user interaction.
Code: interaction_required
Description: SubError: basic_action V2Error: invalid_grant AADSTS50076: Due to a configuration change made by your administrator, or because you moved to a new location, you must use multi-factor authentication to access '00000003-0000-0000-c000-000000000000'. Trace ID: f1c1fc6d-b7b2-4a73-a363-e7ec0a491401 Correlation ID: 36fef946-2731-486a-b55d-ac0176b05cbc Timestamp: 2026-08-18 05:03:31Z
TokenEndpoint: https://login.microsoftonline.com/6ac7a1f4-5fb1-4153-bb4f-12d2020a1f7d/oauth2/token
Logged at OAuthTokenRequestBase.cpp, line: 518, method: OAuthTokenRequestBase::ProcessOAuthResponse.

Request: authority: https://login.microsoftonline.com/6ac7a1f4-5fb1-4153-bb4f-12d2020a1f7d, client: 1fec8e78-bce4-4aaf-ab1b-5451cc387264, redirect URI: ms-appx-web://Microsoft.AAD.BrokerPlugin/1fec8e78-bce4-4aaf-ab1b-5451cc387264, resource: , correlation ID (request): 36fef946-2731-486a-b55d-ac0176b05cbc"
"18-08-2026 10:32:26","1097","Warning","Microsoft-Windows-AAD","Error: 0xCAA90056 Renew token by the primary refresh token failed.
Logged at RefreshTokenRequest.cpp, line: 149, method: RefreshTokenRequest::AcquireToken.

Request: authority: https://login.microsoftonline.com/6ac7a1f4-5fb1-4153-bb4f-12d2020a1f7d, client: ab9b8c07-8f02-4f72-87fa-80105867a763, redirect URI: ms-appx-web://Microsoft.AAD.BrokerPlugin/ab9b8c07-8f02-4f72-87fa-80105867a763, resource: , correlation ID (request): 7e6793c4-6729-427c-b7cc-0aad49f9aac1"
