"17-08-2026 15:00:11","6116","Information","Microsoft-Windows-LiveId","## SOAP Response: <S:Envelope><S:Header><wsa:Action wsu:Id=""Action"" S:mustUnderstand=""1"">*</wsa:Action><wsa:To wsu:Id=""To"" S:mustUnderstand=""1"">*</wsa:To><wsse:Security><wsu:Timestamp wsu:Id=""TS""><wsu:Created>2026-08-17T09:30:11Z</wsu:Created><wsu:Expires>2026-08-17T09:35:11Z</wsu:Expires></wsu:Timestamp><wssc:DerivedKeyToken wsu:Id=""SignKey"" Algorithm=""urn:liveid:SP800108_CTR_HMAC_SHA256_DOUBLEDERIVED""><wsse:SecurityTokenReference><wsse:Reference URI=""kG8NQJ7dNxewV6EvfObC0EJO1yY=""></wsse:Reference></wsse:SecurityTokenReference><wssc:Nonce>*</wssc:Nonce></wssc:DerivedKeyToken><wssc:DerivedKeyToken wsu:Id=""EncKey"" Algorithm=""urn:liveid:SP800108_CTR_HMAC_SHA256_DOUBLEDERIVED""><wsse:SecurityTokenReference><wsse:Reference URI=""kG8NQJ7dNxewV6EvfObC0EJO1yY=""></wsse:Reference></wsse:SecurityTokenReference><wssc:Nonce>*</wssc:Nonce></wssc:DerivedKeyToken><Signature xmlns=""http://www.w3.org/2000/09/xmldsig#""><SignedInfo><CanonicalizationMethod Algorithm=""http://www.w3.org/2001/10/xml-exc-c14n#""></CanonicalizationMethod><SignatureMethod Algorithm=""http://www.w3.org/2001/04/xmldsig-more#hmac-sha256""></SignatureMethod><Reference URI=""#EncPsf""><Transforms><Transform Algorithm=""http://www.w3.org/2001/10/xml-exc-c14n#""></Transform></Transforms><DigestMethod Algorithm=""http://www.w3.org/2001/04/xmlenc#sha256""></DigestMethod><DigestValue>*</DigestValue></Reference><Reference URI=""#To""><Transforms><Transform Algorithm=""http://www.w3.org/2001/10/xml-exc-c14n#""></Transform></Transforms><DigestMethod Algorithm=""http://www.w3.org/2001/04/xmlenc#sha256""></DigestMethod><DigestValue>*</DigestValue></Reference><Reference URI=""#Action""><Transforms><Transform Algorithm=""http://www.w3.org/2001/10/xml-exc-c14n#""></Transform></Transforms><DigestMethod Algorithm=""http://www.w3.org/2001/04/xmlenc#sha256""></DigestMethod><DigestValue>*</DigestValue></Reference><Reference URI=""#TS""><Transforms><Transform Algorithm=""http://www.w3.org/2001/10/xml-exc-c14n#""></Transform></Transforms><DigestMethod Algorithm=""http://www.w3.org/2001/04/xmlenc#sha256""></DigestMethod><DigestValue>*</DigestValue></Reference></SignedInfo><SignatureValue>*</SignatureValue><KeyInfo><wsse:SecurityTokenReference><wsse:Reference URI=""#SignKey""></wsse:Reference></wsse:SecurityTokenReference></KeyInfo></Signature><e:ReferenceList xmlns:e=""http://www.w3.org/2001/04/xmlenc#""><e:DataReference URI=""#EncPsf""/></e:ReferenceList></wsse:Security><psf:EncryptedPP><EncryptedData xmlns=""http://www.w3.org/2001/04/xmlenc#"" Id=""EncPsf"" Type=""http://www.w3.org/2001/04/xmlenc#Element""><EncryptionMethod Algorithm=""http://www.w3.org/2001/04/xmlenc#aes256-cbc""></EncryptionMethod><KeyInfo xmlns=""http://www.w3.org/2000/09/xmldsig#""><wsse:SecurityTokenReference><wsse:Reference URI=""#EncKey""></wsse:Reference></wsse:SecurityTokenReference></KeyInfo><CipherData><CipherValue>*</CipherValue></CipherData></EncryptedData></psf:EncryptedPP></S:Header><S:Body><S:Fault><S:Code><S:Value>S:Sender</S:Value><S:Subcode><S:Value>wst:InvalidRequest</S:Value></S:Subcode></S:Code><S:Reason><S:Text xml:lang=""en-US"">Invalid Request</S:Text></S:Reason><S:Detail><psf:error><psf:value>0x8004882c</psf:value><psf:internalerror><psf:code>0x80045c30</psf:code><psf:text>The policy is not allowed
</psf:text></psf:internalerror></psf:error></S:Detail></S:Fault></S:Body></S:Envelope>"
"17-08-2026 15:00:11","6115","Information","Microsoft-Windows-LiveId","## SOAP Request: <s:Envelope><s:Header><wsa:Action s:mustUnderstand=""1"">*</wsa:Action><wsa:To s:mustUnderstand=""1"">*</wsa:To><wsa:MessageID>*</wsa:MessageID><ps:AuthInfo Id=""PPAuthInfo""><ps:HostingApp>{fc177c6f-a3d6-4bb0-b1fa-23d0cd9b005d}</ps:HostingApp><ps:BinaryVersion>55</ps:BinaryVersion><ps:UIVersion>1</ps:UIVersion><ps:InlineUX>TokenBroker</ps:InlineUX><ps:PackageSID>S-1-15-2-2903968896-746706500-698974985-2873998230-2031288658-2757807771-2976793330</ps:PackageSID><ps:Cookies></ps:Cookies><ps:RequestParams>AQAAAAIAAABsYwQAAAAxMDMz</ps:RequestParams><ps:WindowsClientString>iVzGU/dyae9bMPpavLb310Ogu6n9/IR8NBZolBsTgbk=</ps:WindowsClientString><ps:LicenseSignatureKeyVersion>*</ps:LicenseSignatureKeyVersion><ps:ClientCapabilities>1</ps:ClientCapabilities></ps:AuthInfo><wsse:Security><EncryptedData xmlns=""http://www.w3.org/2001/04/xmlenc#"" Id=""devicesoftware"" Type=""http://www.w3.org/2001/04/xmlenc#Element""><EncryptionMethod Algorithm=""http://www.w3.org/2001/04/xmlenc#tripledes-cbc""></EncryptionMethod><ds:KeyInfo><ds:KeyName>http://Passport.NET/STS</ds:KeyName></ds:KeyInfo><CipherData><CipherValue>*</CipherValue></CipherData></EncryptedData><wssc:DerivedKeyToken wsu:Id=""SignKey"" Algorithm=""urn:liveid:SP800108_CTR_HMAC_SHA256_DOUBLEDERIVED""><wsse:RequestedTokenReference><wsse:KeyIdentifier ValueType=""http://docs.oasis-open.org/wss/2004/XX/oasis-2004XX-wss-saml-token-profile-1.0#SAMLAssertionID""/><wsse:Reference URI=""""/></wsse:RequestedTokenReference><wssc:Nonce>*</wssc:Nonce></wssc:DerivedKeyToken><wsu:Timestamp wsu:Id=""Timestamp""><wsu:Created>2026-08-17T09:30:10Z</wsu:Created><wsu:Expires>2026-08-17T09:35:10Z</wsu:Expires></wsu:Timestamp><Signature xmlns=""http://www.w3.org/2000/09/xmldsig#""><SignedInfo><CanonicalizationMethod Algorithm=""http://www.w3.org/2001/10/xml-exc-c14n#""></CanonicalizationMethod><SignatureMethod Algorithm=""http://www.w3.org/2001/04/xmldsig-more#hmac-sha256""></SignatureMethod><Reference URI=""#RST0""><Transforms><Transform Algorithm=""http://www.w3.org/2001/10/xml-exc-c14n#""></Transform></Transforms><DigestMethod Algorithm=""http://www.w3.org/2001/04/xmlenc#sha256""></DigestMethod><DigestValue>*</DigestValue></Reference><Reference URI=""#Timestamp""><Transforms><Transform Algorithm=""http://www.w3.org/2001/10/xml-exc-c14n#""></Transform></Transforms><DigestMethod Algorithm=""http://www.w3.org/2001/04/xmlenc#sha256""></DigestMethod><DigestValue>*</DigestValue></Reference><Reference URI=""#PPAuthInfo""><Transforms><Transform Algorithm=""http://www.w3.org/2001/10/xml-exc-c14n#""></Transform></Transforms><DigestMethod Algorithm=""http://www.w3.org/2001/04/xmlenc#sha256""></DigestMethod><DigestValue>*</DigestValue></Reference></SignedInfo><SignatureValue>*</SignatureValue><KeyInfo><wsse:SecurityTokenReference><wsse:Reference URI=""#SignKey""/></wsse:SecurityTokenReference></KeyInfo></Signature></wsse:Security></s:Header><s:Body><wst:RequestSecurityToken Id=""RST0""><wst:RequestType>http://schemas.xmlsoap.org/ws/2005/02/trust/Issue</wst:RequestType><wsp:AppliesTo><wsa:EndpointReference><wsa:Address>https://events.data.microsoft.com/OneCollector/1.0/</wsa:Address></wsa:EndpointReference></wsp:AppliesTo><wsp:PolicyReference URI=""NFS_1wk_compact_SSL""></wsp:PolicyReference></wst:RequestSecurityToken></s:Body></s:Envelope>"
"17-08-2026 15:00:11","2024","Information","Microsoft-Windows-LiveId","Operation: Service started
Details: The service will auto stop if no requests received for some period of time.
Status: 0x0
"
"17-08-2026 13:35:12","2024","Information","Microsoft-Windows-LiveId","Operation: Service stopped
Details: The service has stopped.
Status: 0x0
"
"17-08-2026 13:32:11","6117","Information","Microsoft-Windows-LiveId","Acquired Service token.
ResourceURI: https://events.data.microsoft.com/OneCollector/1.0/
Created: 2026-08-17T13:32:10.000Z
Expires: 2026-08-24T13:32:10.000Z
TokenType: urn:passport:compact
AuthRequired: The operation completed successfully.
RequestStatus: The operation completed successfully.
HasFlowUrl: false
HasAuthUrl: false
HasEndAuthUrl: false"
"17-08-2026 13:32:11","6116","Information","Microsoft-Windows-LiveId","## SOAP Response: <S:Envelope><S:Header><wsa:Action wsu:Id=""Action"" S:mustUnderstand=""1"">*</wsa:Action><wsa:To wsu:Id=""To"" S:mustUnderstand=""1"">*</wsa:To><wsse:Security><wsu:Timestamp wsu:Id=""TS""><wsu:Created>2026-08-17T08:02:10Z</wsu:Created><wsu:Expires>2026-08-17T08:07:10Z</wsu:Expires></wsu:Timestamp><wssc:DerivedKeyToken wsu:Id=""SignKey"" Algorithm=""urn:liveid:SP800108_CTR_HMAC_SHA256_DOUBLEDERIVED""><wsse:SecurityTokenReference><wsse:Reference URI=""kG8NQJ7dNxewV6EvfObC0EJO1yY=""></wsse:Reference></wsse:SecurityTokenReference><wssc:Nonce>*</wssc:Nonce></wssc:DerivedKeyToken><wssc:DerivedKeyToken wsu:Id=""EncKey"" Algorithm=""urn:liveid:SP800108_CTR_HMAC_SHA256_DOUBLEDERIVED""><wsse:SecurityTokenReference><wsse:Reference URI=""kG8NQJ7dNxewV6EvfObC0EJO1yY=""></wsse:Reference></wsse:SecurityTokenReference><wssc:Nonce>*</wssc:Nonce></wssc:DerivedKeyToken><Signature xmlns=""http://www.w3.org/2000/09/xmldsig#""><SignedInfo><CanonicalizationMethod Algorithm=""http://www.w3.org/2001/10/xml-exc-c14n#""></CanonicalizationMethod><SignatureMethod Algorithm=""http://www.w3.org/2001/04/xmldsig-more#hmac-sha256""></SignatureMethod><Reference URI=""#EncPsf""><Transforms><Transform Algorithm=""http://www.w3.org/2001/10/xml-exc-c14n#""></Transform></Transforms><DigestMethod Algorithm=""http://www.w3.org/2001/04/xmlenc#sha256""></DigestMethod><DigestValue>*</DigestValue></Reference><Reference URI=""#Body""><Transforms><Transform Algorithm=""http://www.w3.org/2001/10/xml-exc-c14n#""></Transform></Transforms><DigestMethod Algorithm=""http://www.w3.org/2001/04/xmlenc#sha256""></DigestMethod><DigestValue>*</DigestValue></Reference><Reference URI=""#To""><Transforms><Transform Algorithm=""http://www.w3.org/2001/10/xml-exc-c14n#""></Transform></Transforms><DigestMethod Algorithm=""http://www.w3.org/2001/04/xmlenc#sha256""></DigestMethod><DigestValue>*</DigestValue></Reference><Reference URI=""#Action""><Transforms><Transform Algorithm=""http://www.w3.org/2001/10/xml-exc-c14n#""></Transform></Transforms><DigestMethod Algorithm=""http://www.w3.org/2001/04/xmlenc#sha256""></DigestMethod><DigestValue>*</DigestValue></Reference><Reference URI=""#TS""><Transforms><Transform Algorithm=""http://www.w3.org/2001/10/xml-exc-c14n#""></Transform></Transforms><DigestMethod Algorithm=""http://www.w3.org/2001/04/xmlenc#sha256""></DigestMethod><DigestValue>*</DigestValue></Reference></SignedInfo><SignatureValue>*</SignatureValue><KeyInfo><wsse:SecurityTokenReference><wsse:Reference URI=""#SignKey""></wsse:Reference></wsse:SecurityTokenReference></KeyInfo></Signature><e:ReferenceList xmlns:e=""http://www.w3.org/2001/04/xmlenc#""><e:DataReference URI=""#RSTR""/><e:DataReference URI=""#EncPsf""/></e:ReferenceList></wsse:Security><psf:EncryptedPP><EncryptedData xmlns=""http://www.w3.org/2001/04/xmlenc#"" Id=""EncPsf"" Type=""http://www.w3.org/2001/04/xmlenc#Element""><EncryptionMethod Algorithm=""http://www.w3.org/2001/04/xmlenc#aes256-cbc""></EncryptionMethod><KeyInfo xmlns=""http://www.w3.org/2000/09/xmldsig#""><wsse:SecurityTokenReference><wsse:Reference URI=""#EncKey""></wsse:Reference></wsse:SecurityTokenReference></KeyInfo><CipherData><CipherValue>*</CipherValue></CipherData></EncryptedData></psf:EncryptedPP></S:Header><S:Body wsu:Id=""Body""><EncryptedData xmlns=""http://www.w3.org/2001/04/xmlenc#"" Id=""RSTR"" Type=""http://www.w3.org/2001/04/xmlenc#Element""><EncryptionMethod Algorithm=""http://www.w3.org/2001/04/xmlenc#aes256-cbc""></EncryptionMethod><KeyInfo xmlns=""http://www.w3.org/2000/09/xmldsig#""><wsse:SecurityTokenReference><wsse:Reference URI=""#EncKey""></wsse:Reference></wsse:SecurityTokenReference></KeyInfo><CipherData><CipherValue>*</CipherValue></CipherData></EncryptedData></S:Body></S:Envelope>"
"17-08-2026 13:32:11","6115","Information","Microsoft-Windows-LiveId","## SOAP Request: <s:Envelope><s:Header><wsa:Action s:mustUnderstand=""1"">*</wsa:Action><wsa:To s:mustUnderstand=""1"">*</wsa:To><wsa:MessageID>*</wsa:MessageID><ps:AuthInfo Id=""PPAuthInfo""><ps:HostingApp>{2B379600-B42B-4FE9-A59C-A312FB934935}</ps:HostingApp><ps:BinaryVersion>55</ps:BinaryVersion><ps:UIVersion>1</ps:UIVersion><ps:InlineUX>TokenBroker</ps:InlineUX><ps:Cookies></ps:Cookies><ps:RequestParams>AQAAAAIAAABsYwQAAAAxMDMz</ps:RequestParams><ps:WindowsClientString>iVzGU/dyae9bMPpavLb310Ogu6n9/IR8NBZolBsTgbk=</ps:WindowsClientString><ps:LicenseSignatureKeyVersion>*</ps:LicenseSignatureKeyVersion><ps:ClientCapabilities>1</ps:ClientCapabilities></ps:AuthInfo><wsse:Security><EncryptedData xmlns=""http://www.w3.org/2001/04/xmlenc#"" Id=""devicesoftware"" Type=""http://www.w3.org/2001/04/xmlenc#Element""><EncryptionMethod Algorithm=""http://www.w3.org/2001/04/xmlenc#tripledes-cbc""></EncryptionMethod><ds:KeyInfo><ds:KeyName>http://Passport.NET/STS</ds:KeyName></ds:KeyInfo><CipherData><CipherValue>*</CipherValue></CipherData></EncryptedData><wssc:DerivedKeyToken wsu:Id=""SignKey"" Algorithm=""urn:liveid:SP800108_CTR_HMAC_SHA256_DOUBLEDERIVED""><wsse:RequestedTokenReference><wsse:KeyIdentifier ValueType=""http://docs.oasis-open.org/wss/2004/XX/oasis-2004XX-wss-saml-token-profile-1.0#SAMLAssertionID""/><wsse:Reference URI=""""/></wsse:RequestedTokenReference><wssc:Nonce>*</wssc:Nonce></wssc:DerivedKeyToken><wsu:Timestamp wsu:Id=""Timestamp""><wsu:Created>2026-08-17T08:02:10Z</wsu:Created><wsu:Expires>2026-08-17T08:07:10Z</wsu:Expires></wsu:Timestamp><Signature xmlns=""http://www.w3.org/2000/09/xmldsig#""><SignedInfo><CanonicalizationMethod Algorithm=""http://www.w3.org/2001/10/xml-exc-c14n#""></CanonicalizationMethod><SignatureMethod Algorithm=""http://www.w3.org/2001/04/xmldsig-more#hmac-sha256""></SignatureMethod><Reference URI=""#RST0""><Transforms><Transform Algorithm=""http://www.w3.org/2001/10/xml-exc-c14n#""></Transform></Transforms><DigestMethod Algorithm=""http://www.w3.org/2001/04/xmlenc#sha256""></DigestMethod><DigestValue>*</DigestValue></Reference><Reference URI=""#Timestamp""><Transforms><Transform Algorithm=""http://www.w3.org/2001/10/xml-exc-c14n#""></Transform></Transforms><DigestMethod Algorithm=""http://www.w3.org/2001/04/xmlenc#sha256""></DigestMethod><DigestValue>*</DigestValue></Reference><Reference URI=""#PPAuthInfo""><Transforms><Transform Algorithm=""http://www.w3.org/2001/10/xml-exc-c14n#""></Transform></Transforms><DigestMethod Algorithm=""http://www.w3.org/2001/04/xmlenc#sha256""></DigestMethod><DigestValue>*</DigestValue></Reference></SignedInfo><SignatureValue>*</SignatureValue><KeyInfo><wsse:SecurityTokenReference><wsse:Reference URI=""#SignKey""/></wsse:SecurityTokenReference></KeyInfo></Signature></wsse:Security></s:Header><s:Body><wst:RequestSecurityToken Id=""RST0""><wst:RequestType>http://schemas.xmlsoap.org/ws/2005/02/trust/Issue</wst:RequestType><wsp:AppliesTo><wsa:EndpointReference><wsa:Address>https://events.data.microsoft.com/OneCollector/1.0/</wsa:Address></wsa:EndpointReference></wsp:AppliesTo><wsp:PolicyReference URI=""NFS_1wk_compact_SSL""></wsp:PolicyReference></wst:RequestSecurityToken></s:Body></s:Envelope>"
"17-08-2026 13:32:11","2024","Information","Microsoft-Windows-LiveId","Operation: Service started
Details: The service will auto stop if no requests received for some period of time.
Status: 0x0
"
"17-08-2026 11:47:35","2024","Information","Microsoft-Windows-LiveId","Operation: Service stopped
Details: The service has stopped.
Status: 0x0
"
"17-08-2026 11:44:30","6117","Information","Microsoft-Windows-LiveId","Acquired Service token.
ResourceURI: sevillegw.microsoft.com
Created: 2026-08-17T11:44:28.000Z
Expires: 2026-08-18T11:44:28.000Z
TokenType: urn:passport:compact
AuthRequired: The operation completed successfully.
RequestStatus: The operation completed successfully.
HasFlowUrl: false
HasAuthUrl: false
HasEndAuthUrl: false"
"17-08-2026 11:44:30","6116","Information","Microsoft-Windows-LiveId","## SOAP Response: <S:Envelope><S:Header><wsa:Action wsu:Id=""Action"" S:mustUnderstand=""1"">*</wsa:Action><wsa:To wsu:Id=""To"" S:mustUnderstand=""1"">*</wsa:To><wsse:Security><wsu:Timestamp wsu:Id=""TS""><wsu:Created>2026-08-17T06:14:28Z</wsu:Created><wsu:Expires>2026-08-17T06:19:28Z</wsu:Expires></wsu:Timestamp><wssc:DerivedKeyToken wsu:Id=""SignKey"" Algorithm=""urn:liveid:SP800108_CTR_HMAC_SHA256_DOUBLEDERIVED""><wsse:SecurityTokenReference><wsse:Reference URI=""PSR+Zqbu59EX99gvfWs2c+xrSFs=""></wsse:Reference></wsse:SecurityTokenReference><wssc:Nonce>*</wssc:Nonce></wssc:DerivedKeyToken><wssc:DerivedKeyToken wsu:Id=""EncKey"" Algorithm=""urn:liveid:SP800108_CTR_HMAC_SHA256_DOUBLEDERIVED""><wsse:SecurityTokenReference><wsse:Reference URI=""PSR+Zqbu59EX99gvfWs2c+xrSFs=""></wsse:Reference></wsse:SecurityTokenReference><wssc:Nonce>*</wssc:Nonce></wssc:DerivedKeyToken><Signature xmlns=""http://www.w3.org/2000/09/xmldsig#""><SignedInfo><CanonicalizationMethod Algorithm=""http://www.w3.org/2001/10/xml-exc-c14n#""></CanonicalizationMethod><SignatureMethod Algorithm=""http://www.w3.org/2001/04/xmldsig-more#hmac-sha256""></SignatureMethod><Reference URI=""#EncPsf""><Transforms><Transform Algorithm=""http://www.w3.org/2001/10/xml-exc-c14n#""></Transform></Transforms><DigestMethod Algorithm=""http://www.w3.org/2001/04/xmlenc#sha256""></DigestMethod><DigestValue>*</DigestValue></Reference><Reference URI=""#Body""><Transforms><Transform Algorithm=""http://www.w3.org/2001/10/xml-exc-c14n#""></Transform></Transforms><DigestMethod Algorithm=""http://www.w3.org/2001/04/xmlenc#sha256""></DigestMethod><DigestValue>*</DigestValue></Reference><Reference URI=""#To""><Transforms><Transform Algorithm=""http://www.w3.org/2001/10/xml-exc-c14n#""></Transform></Transforms><DigestMethod Algorithm=""http://www.w3.org/2001/04/xmlenc#sha256""></DigestMethod><DigestValue>*</DigestValue></Reference><Reference URI=""#Action""><Transforms><Transform Algorithm=""http://www.w3.org/2001/10/xml-exc-c14n#""></Transform></Transforms><DigestMethod Algorithm=""http://www.w3.org/2001/04/xmlenc#sha256""></DigestMethod><DigestValue>*</DigestValue></Reference><Reference URI=""#TS""><Transforms><Transform Algorithm=""http://www.w3.org/2001/10/xml-exc-c14n#""></Transform></Transforms><DigestMethod Algorithm=""http://www.w3.org/2001/04/xmlenc#sha256""></DigestMethod><DigestValue>*</DigestValue></Reference></SignedInfo><SignatureValue>*</SignatureValue><KeyInfo><wsse:SecurityTokenReference><wsse:Reference URI=""#SignKey""></wsse:Reference></wsse:SecurityTokenReference></KeyInfo></Signature><e:ReferenceList xmlns:e=""http://www.w3.org/2001/04/xmlenc#""><e:DataReference URI=""#RSTR""/><e:DataReference URI=""#EncPsf""/></e:ReferenceList></wsse:Security><psf:EncryptedPP><EncryptedData xmlns=""http://www.w3.org/2001/04/xmlenc#"" Id=""EncPsf"" Type=""http://www.w3.org/2001/04/xmlenc#Element""><EncryptionMethod Algorithm=""http://www.w3.org/2001/04/xmlenc#aes256-cbc""></EncryptionMethod><KeyInfo xmlns=""http://www.w3.org/2000/09/xmldsig#""><wsse:SecurityTokenReference><wsse:Reference URI=""#EncKey""></wsse:Reference></wsse:SecurityTokenReference></KeyInfo><CipherData><CipherValue>*</CipherValue></CipherData></EncryptedData></psf:EncryptedPP></S:Header><S:Body wsu:Id=""Body""><EncryptedData xmlns=""http://www.w3.org/2001/04/xmlenc#"" Id=""RSTR"" Type=""http://www.w3.org/2001/04/xmlenc#Element""><EncryptionMethod Algorithm=""http://www.w3.org/2001/04/xmlenc#aes256-cbc""></EncryptionMethod><KeyInfo xmlns=""http://www.w3.org/2000/09/xmldsig#""><wsse:SecurityTokenReference><wsse:Reference URI=""#EncKey""></wsse:Reference></wsse:SecurityTokenReference></KeyInfo><CipherData><CipherValue>*</CipherValue></CipherData></EncryptedData></S:Body></S:Envelope>"
"17-08-2026 11:44:29","6115","Information","Microsoft-Windows-LiveId","## SOAP Request: <s:Envelope><s:Header><wsa:Action s:mustUnderstand=""1"">*</wsa:Action><wsa:To s:mustUnderstand=""1"">*</wsa:To><wsa:MessageID>*</wsa:MessageID><ps:AuthInfo Id=""PPAuthInfo""><ps:HostingApp>{B801C74C-1D90-4609-8C03-E3D1E8664E4C}</ps:HostingApp><ps:BinaryVersion>55</ps:BinaryVersion><ps:UIVersion>1</ps:UIVersion><ps:InlineUX>TokenBroker</ps:InlineUX><ps:IsAdmin>1</ps:IsAdmin><ps:Cookies></ps:Cookies><ps:RequestParams>AQAAAAIAAABsYwQAAAAxMDMz</ps:RequestParams><ps:WindowsClientString>iVzGU/dyae9bMPpavLb310Ogu6n9/IR8NBZolBsTgbk=</ps:WindowsClientString><ps:LicenseSignatureKeyVersion>*</ps:LicenseSignatureKeyVersion><ps:ClientCapabilities>1</ps:ClientCapabilities></ps:AuthInfo><wsse:Security><EncryptedData xmlns=""http://www.w3.org/2001/04/xmlenc#"" Id=""devicesoftware"" Type=""http://www.w3.org/2001/04/xmlenc#Element""><EncryptionMethod Algorithm=""http://www.w3.org/2001/04/xmlenc#tripledes-cbc""></EncryptionMethod><ds:KeyInfo><ds:KeyName>http://Passport.NET/STS</ds:KeyName></ds:KeyInfo><CipherData><CipherValue>*</CipherValue></CipherData></EncryptedData><wssc:DerivedKeyToken wsu:Id=""SignKey"" Algorithm=""urn:liveid:SP800108_CTR_HMAC_SHA256_DOUBLEDERIVED""><wsse:RequestedTokenReference><wsse:KeyIdentifier ValueType=""http://docs.oasis-open.org/wss/2004/XX/oasis-2004XX-wss-saml-token-profile-1.0#SAMLAssertionID""/><wsse:Reference URI=""""/></wsse:RequestedTokenReference><wssc:Nonce>*</wssc:Nonce></wssc:DerivedKeyToken><wsu:Timestamp wsu:Id=""Timestamp""><wsu:Created>2026-08-17T06:14:28Z</wsu:Created><wsu:Expires>2026-08-17T06:19:28Z</wsu:Expires></wsu:Timestamp><Signature xmlns=""http://www.w3.org/2000/09/xmldsig#""><SignedInfo><CanonicalizationMethod Algorithm=""http://www.w3.org/2001/10/xml-exc-c14n#""></CanonicalizationMethod><SignatureMethod Algorithm=""http://www.w3.org/2001/04/xmldsig-more#hmac-sha256""></SignatureMethod><Reference URI=""#RST0""><Transforms><Transform Algorithm=""http://www.w3.org/2001/10/xml-exc-c14n#""></Transform></Transforms><DigestMethod Algorithm=""http://www.w3.org/2001/04/xmlenc#sha256""></DigestMethod><DigestValue>*</DigestValue></Reference><Reference URI=""#Timestamp""><Transforms><Transform Algorithm=""http://www.w3.org/2001/10/xml-exc-c14n#""></Transform></Transforms><DigestMethod Algorithm=""http://www.w3.org/2001/04/xmlenc#sha256""></DigestMethod><DigestValue>*</DigestValue></Reference><Reference URI=""#PPAuthInfo""><Transforms><Transform Algorithm=""http://www.w3.org/2001/10/xml-exc-c14n#""></Transform></Transforms><DigestMethod Algorithm=""http://www.w3.org/2001/04/xmlenc#sha256""></DigestMethod><DigestValue>*</DigestValue></Reference></SignedInfo><SignatureValue>*</SignatureValue><KeyInfo><wsse:SecurityTokenReference><wsse:Reference URI=""#SignKey""/></wsse:SecurityTokenReference></KeyInfo></Signature></wsse:Security></s:Header><s:Body><wst:RequestSecurityToken Id=""RST0""><wst:RequestType>http://schemas.xmlsoap.org/ws/2005/02/trust/Issue</wst:RequestType><wsp:AppliesTo><wsa:EndpointReference><wsa:Address>sevillegw.microsoft.com</wsa:Address></wsa:EndpointReference></wsp:AppliesTo><wsp:PolicyReference URI=""MBI_SSL""></wsp:PolicyReference></wst:RequestSecurityToken></s:Body></s:Envelope>"
"17-08-2026 11:44:29","2024","Information","Microsoft-Windows-LiveId","Operation: Service started
Details: The service will auto stop if no requests received for some period of time.
Status: 0x0
"
"17-08-2026 11:08:54","2024","Information","Microsoft-Windows-LiveId","Operation: Service stopped
Details: The service has stopped.
Status: 0x0
"
"17-08-2026 11:05:52","6117","Information","Microsoft-Windows-LiveId","Acquired Service token.
ResourceURI: https://events.data.microsoft.com/OneCollector/1.0/
Created: 2026-08-17T11:05:51.000Z
Expires: 2026-08-24T11:05:51.000Z
TokenType: urn:passport:compact
AuthRequired: The operation completed successfully.
RequestStatus: The operation completed successfully.
HasFlowUrl: false
HasAuthUrl: false
HasEndAuthUrl: false"
"17-08-2026 11:05:52","6116","Information","Microsoft-Windows-LiveId","## SOAP Response: <S:Envelope><S:Header><wsa:Action wsu:Id=""Action"" S:mustUnderstand=""1"">*</wsa:Action><wsa:To wsu:Id=""To"" S:mustUnderstand=""1"">*</wsa:To><wsse:Security><wsu:Timestamp wsu:Id=""TS""><wsu:Created>2026-08-17T05:35:51Z</wsu:Created><wsu:Expires>2026-08-17T05:40:51Z</wsu:Expires></wsu:Timestamp><wssc:DerivedKeyToken wsu:Id=""SignKey"" Algorithm=""urn:liveid:SP800108_CTR_HMAC_SHA256_DOUBLEDERIVED""><wsse:SecurityTokenReference><wsse:Reference URI=""PSR+Zqbu59EX99gvfWs2c+xrSFs=""></wsse:Reference></wsse:SecurityTokenReference><wssc:Nonce>*</wssc:Nonce></wssc:DerivedKeyToken><wssc:DerivedKeyToken wsu:Id=""EncKey"" Algorithm=""urn:liveid:SP800108_CTR_HMAC_SHA256_DOUBLEDERIVED""><wsse:SecurityTokenReference><wsse:Reference URI=""PSR+Zqbu59EX99gvfWs2c+xrSFs=""></wsse:Reference></wsse:SecurityTokenReference><wssc:Nonce>*</wssc:Nonce></wssc:DerivedKeyToken><Signature xmlns=""http://www.w3.org/2000/09/xmldsig#""><SignedInfo><CanonicalizationMethod Algorithm=""http://www.w3.org/2001/10/xml-exc-c14n#""></CanonicalizationMethod><SignatureMethod Algorithm=""http://www.w3.org/2001/04/xmldsig-more#hmac-sha256""></SignatureMethod><Reference URI=""#EncPsf""><Transforms><Transform Algorithm=""http://www.w3.org/2001/10/xml-exc-c14n#""></Transform></Transforms><DigestMethod Algorithm=""http://www.w3.org/2001/04/xmlenc#sha256""></DigestMethod><DigestValue>*</DigestValue></Reference><Reference URI=""#Body""><Transforms><Transform Algorithm=""http://www.w3.org/2001/10/xml-exc-c14n#""></Transform></Transforms><DigestMethod Algorithm=""http://www.w3.org/2001/04/xmlenc#sha256""></DigestMethod><DigestValue>*</DigestValue></Reference><Reference URI=""#To""><Transforms><Transform Algorithm=""http://www.w3.org/2001/10/xml-exc-c14n#""></Transform></Transforms><DigestMethod Algorithm=""http://www.w3.org/2001/04/xmlenc#sha256""></DigestMethod><DigestValue>*</DigestValue></Reference><Reference URI=""#Action""><Transforms><Transform Algorithm=""http://www.w3.org/2001/10/xml-exc-c14n#""></Transform></Transforms><DigestMethod Algorithm=""http://www.w3.org/2001/04/xmlenc#sha256""></DigestMethod><DigestValue>*</DigestValue></Reference><Reference URI=""#TS""><Transforms><Transform Algorithm=""http://www.w3.org/2001/10/xml-exc-c14n#""></Transform></Transforms><DigestMethod Algorithm=""http://www.w3.org/2001/04/xmlenc#sha256""></DigestMethod><DigestValue>*</DigestValue></Reference></SignedInfo><SignatureValue>*</SignatureValue><KeyInfo><wsse:SecurityTokenReference><wsse:Reference URI=""#SignKey""></wsse:Reference></wsse:SecurityTokenReference></KeyInfo></Signature><e:ReferenceList xmlns:e=""http://www.w3.org/2001/04/xmlenc#""><e:DataReference URI=""#RSTR""/><e:DataReference URI=""#EncPsf""/></e:ReferenceList></wsse:Security><psf:EncryptedPP><EncryptedData xmlns=""http://www.w3.org/2001/04/xmlenc#"" Id=""EncPsf"" Type=""http://www.w3.org/2001/04/xmlenc#Element""><EncryptionMethod Algorithm=""http://www.w3.org/2001/04/xmlenc#aes256-cbc""></EncryptionMethod><KeyInfo xmlns=""http://www.w3.org/2000/09/xmldsig#""><wsse:SecurityTokenReference><wsse:Reference URI=""#EncKey""></wsse:Reference></wsse:SecurityTokenReference></KeyInfo><CipherData><CipherValue>*</CipherValue></CipherData></EncryptedData></psf:EncryptedPP></S:Header><S:Body wsu:Id=""Body""><EncryptedData xmlns=""http://www.w3.org/2001/04/xmlenc#"" Id=""RSTR"" Type=""http://www.w3.org/2001/04/xmlenc#Element""><EncryptionMethod Algorithm=""http://www.w3.org/2001/04/xmlenc#aes256-cbc""></EncryptionMethod><KeyInfo xmlns=""http://www.w3.org/2000/09/xmldsig#""><wsse:SecurityTokenReference><wsse:Reference URI=""#EncKey""></wsse:Reference></wsse:SecurityTokenReference></KeyInfo><CipherData><CipherValue>*</CipherValue></CipherData></EncryptedData></S:Body></S:Envelope>"
"17-08-2026 11:05:52","6115","Information","Microsoft-Windows-LiveId","## SOAP Request: <s:Envelope><s:Header><wsa:Action s:mustUnderstand=""1"">*</wsa:Action><wsa:To s:mustUnderstand=""1"">*</wsa:To><wsa:MessageID>*</wsa:MessageID><ps:AuthInfo Id=""PPAuthInfo""><ps:HostingApp>{2B379600-B42B-4FE9-A59C-A312FB934935}</ps:HostingApp><ps:BinaryVersion>55</ps:BinaryVersion><ps:UIVersion>1</ps:UIVersion><ps:InlineUX>TokenBroker</ps:InlineUX><ps:IsAdmin>1</ps:IsAdmin><ps:Cookies></ps:Cookies><ps:RequestParams>AQAAAAIAAABsYwQAAAAxMDMz</ps:RequestParams><ps:WindowsClientString>iVzGU/dyae9bMPpavLb310Ogu6n9/IR8NBZolBsTgbk=</ps:WindowsClientString><ps:LicenseSignatureKeyVersion>*</ps:LicenseSignatureKeyVersion><ps:ClientCapabilities>1</ps:ClientCapabilities></ps:AuthInfo><wsse:Security><EncryptedData xmlns=""http://www.w3.org/2001/04/xmlenc#"" Id=""devicesoftware"" Type=""http://www.w3.org/2001/04/xmlenc#Element""><EncryptionMethod Algorithm=""http://www.w3.org/2001/04/xmlenc#tripledes-cbc""></EncryptionMethod><ds:KeyInfo><ds:KeyName>http://Passport.NET/STS</ds:KeyName></ds:KeyInfo><CipherData><CipherValue>*</CipherValue></CipherData></EncryptedData><wssc:DerivedKeyToken wsu:Id=""SignKey"" Algorithm=""urn:liveid:SP800108_CTR_HMAC_SHA256_DOUBLEDERIVED""><wsse:RequestedTokenReference><wsse:KeyIdentifier ValueType=""http://docs.oasis-open.org/wss/2004/XX/oasis-2004XX-wss-saml-token-profile-1.0#SAMLAssertionID""/><wsse:Reference URI=""""/></wsse:RequestedTokenReference><wssc:Nonce>*</wssc:Nonce></wssc:DerivedKeyToken><wsu:Timestamp wsu:Id=""Timestamp""><wsu:Created>2026-08-17T05:35:51Z</wsu:Created><wsu:Expires>2026-08-17T05:40:51Z</wsu:Expires></wsu:Timestamp><Signature xmlns=""http://www.w3.org/2000/09/xmldsig#""><SignedInfo><CanonicalizationMethod Algorithm=""http://www.w3.org/2001/10/xml-exc-c14n#""></CanonicalizationMethod><SignatureMethod Algorithm=""http://www.w3.org/2001/04/xmldsig-more#hmac-sha256""></SignatureMethod><Reference URI=""#RST0""><Transforms><Transform Algorithm=""http://www.w3.org/2001/10/xml-exc-c14n#""></Transform></Transforms><DigestMethod Algorithm=""http://www.w3.org/2001/04/xmlenc#sha256""></DigestMethod><DigestValue>*</DigestValue></Reference><Reference URI=""#Timestamp""><Transforms><Transform Algorithm=""http://www.w3.org/2001/10/xml-exc-c14n#""></Transform></Transforms><DigestMethod Algorithm=""http://www.w3.org/2001/04/xmlenc#sha256""></DigestMethod><DigestValue>*</DigestValue></Reference><Reference URI=""#PPAuthInfo""><Transforms><Transform Algorithm=""http://www.w3.org/2001/10/xml-exc-c14n#""></Transform></Transforms><DigestMethod Algorithm=""http://www.w3.org/2001/04/xmlenc#sha256""></DigestMethod><DigestValue>*</DigestValue></Reference></SignedInfo><SignatureValue>*</SignatureValue><KeyInfo><wsse:SecurityTokenReference><wsse:Reference URI=""#SignKey""/></wsse:SecurityTokenReference></KeyInfo></Signature></wsse:Security></s:Header><s:Body><wst:RequestSecurityToken Id=""RST0""><wst:RequestType>http://schemas.xmlsoap.org/ws/2005/02/trust/Issue</wst:RequestType><wsp:AppliesTo><wsa:EndpointReference><wsa:Address>https://events.data.microsoft.com/OneCollector/1.0/</wsa:Address></wsa:EndpointReference></wsp:AppliesTo><wsp:PolicyReference URI=""NFS_1wk_compact_SSL""></wsp:PolicyReference></wst:RequestSecurityToken></s:Body></s:Envelope>"
"17-08-2026 11:05:52","2024","Information","Microsoft-Windows-LiveId","Operation: Service started
Details: The service will auto stop if no requests received for some period of time.
Status: 0x0
"
"17-08-2026 10:09:46","2024","Information","Microsoft-Windows-LiveId","Operation: Service stopped
Details: The service has stopped.
Status: 0x0
"
"17-08-2026 10:05:49","6117","Information","Microsoft-Windows-LiveId","Acquired Service token.
ResourceURI: ads.arcct.msn.com
Created: 2026-08-17T10:05:47.000Z
Expires: 2026-08-18T10:05:47.000Z
TokenType: urn:passport:compact
AuthRequired: The operation completed successfully.
RequestStatus: The operation completed successfully.
HasFlowUrl: false
HasAuthUrl: false
HasEndAuthUrl: false"
"17-08-2026 10:05:49","6116","Information","Microsoft-Windows-LiveId","## SOAP Response: <S:Envelope><S:Header><wsa:Action wsu:Id=""Action"" S:mustUnderstand=""1"">*</wsa:Action><wsa:To wsu:Id=""To"" S:mustUnderstand=""1"">*</wsa:To><wsse:Security><wsu:Timestamp wsu:Id=""TS""><wsu:Created>2026-08-17T04:35:47Z</wsu:Created><wsu:Expires>2026-08-17T04:40:47Z</wsu:Expires></wsu:Timestamp><wssc:DerivedKeyToken wsu:Id=""SignKey"" Algorithm=""urn:liveid:SP800108_CTR_HMAC_SHA256_DOUBLEDERIVED""><wsse:SecurityTokenReference><wsse:Reference URI=""kG8NQJ7dNxewV6EvfObC0EJO1yY=""></wsse:Reference></wsse:SecurityTokenReference><wssc:Nonce>*</wssc:Nonce></wssc:DerivedKeyToken><wssc:DerivedKeyToken wsu:Id=""EncKey"" Algorithm=""urn:liveid:SP800108_CTR_HMAC_SHA256_DOUBLEDERIVED""><wsse:SecurityTokenReference><wsse:Reference URI=""kG8NQJ7dNxewV6EvfObC0EJO1yY=""></wsse:Reference></wsse:SecurityTokenReference><wssc:Nonce>*</wssc:Nonce></wssc:DerivedKeyToken><Signature xmlns=""http://www.w3.org/2000/09/xmldsig#""><SignedInfo><CanonicalizationMethod Algorithm=""http://www.w3.org/2001/10/xml-exc-c14n#""></CanonicalizationMethod><SignatureMethod Algorithm=""http://www.w3.org/2001/04/xmldsig-more#hmac-sha256""></SignatureMethod><Reference URI=""#EncPsf""><Transforms><Transform Algorithm=""http://www.w3.org/2001/10/xml-exc-c14n#""></Transform></Transforms><DigestMethod Algorithm=""http://www.w3.org/2001/04/xmlenc#sha256""></DigestMethod><DigestValue>*</DigestValue></Reference><Reference URI=""#Body""><Transforms><Transform Algorithm=""http://www.w3.org/2001/10/xml-exc-c14n#""></Transform></Transforms><DigestMethod Algorithm=""http://www.w3.org/2001/04/xmlenc#sha256""></DigestMethod><DigestValue>*</DigestValue></Reference><Reference URI=""#To""><Transforms><Transform Algorithm=""http://www.w3.org/2001/10/xml-exc-c14n#""></Transform></Transforms><DigestMethod Algorithm=""http://www.w3.org/2001/04/xmlenc#sha256""></DigestMethod><DigestValue>*</DigestValue></Reference><Reference URI=""#Action""><Transforms><Transform Algorithm=""http://www.w3.org/2001/10/xml-exc-c14n#""></Transform></Transforms><DigestMethod Algorithm=""http://www.w3.org/2001/04/xmlenc#sha256""></DigestMethod><DigestValue>*</DigestValue></Reference><Reference URI=""#TS""><Transforms><Transform Algorithm=""http://www.w3.org/2001/10/xml-exc-c14n#""></Transform></Transforms><DigestMethod Algorithm=""http://www.w3.org/2001/04/xmlenc#sha256""></DigestMethod><DigestValue>*</DigestValue></Reference></SignedInfo><SignatureValue>*</SignatureValue><KeyInfo><wsse:SecurityTokenReference><wsse:Reference URI=""#SignKey""></wsse:Reference></wsse:SecurityTokenReference></KeyInfo></Signature><e:ReferenceList xmlns:e=""http://www.w3.org/2001/04/xmlenc#""><e:DataReference URI=""#RSTR""/><e:DataReference URI=""#EncPsf""/></e:ReferenceList></wsse:Security><psf:EncryptedPP><EncryptedData xmlns=""http://www.w3.org/2001/04/xmlenc#"" Id=""EncPsf"" Type=""http://www.w3.org/2001/04/xmlenc#Element""><EncryptionMethod Algorithm=""http://www.w3.org/2001/04/xmlenc#aes256-cbc""></EncryptionMethod><KeyInfo xmlns=""http://www.w3.org/2000/09/xmldsig#""><wsse:SecurityTokenReference><wsse:Reference URI=""#EncKey""></wsse:Reference></wsse:SecurityTokenReference></KeyInfo><CipherData><CipherValue>*</CipherValue></CipherData></EncryptedData></psf:EncryptedPP></S:Header><S:Body wsu:Id=""Body""><EncryptedData xmlns=""http://www.w3.org/2001/04/xmlenc#"" Id=""RSTR"" Type=""http://www.w3.org/2001/04/xmlenc#Element""><EncryptionMethod Algorithm=""http://www.w3.org/2001/04/xmlenc#aes256-cbc""></EncryptionMethod><KeyInfo xmlns=""http://www.w3.org/2000/09/xmldsig#""><wsse:SecurityTokenReference><wsse:Reference URI=""#EncKey""></wsse:Reference></wsse:SecurityTokenReference></KeyInfo><CipherData><CipherValue>*</CipherValue></CipherData></EncryptedData></S:Body></S:Envelope>"
"17-08-2026 10:05:49","6117","Information","Microsoft-Windows-LiveId","Acquired Service token.
ResourceURI: ads.arcct.msn.com
Created: 2026-08-17T10:05:47.000Z
Expires: 2026-08-18T10:05:47.000Z
TokenType: urn:passport:compact
AuthRequired: The operation completed successfully.
RequestStatus: The operation completed successfully.
HasFlowUrl: false
HasAuthUrl: false
HasEndAuthUrl: false"
"17-08-2026 10:05:49","6116","Information","Microsoft-Windows-LiveId","## SOAP Response: <S:Envelope><S:Header><wsa:Action wsu:Id=""Action"" S:mustUnderstand=""1"">*</wsa:Action><wsa:To wsu:Id=""To"" S:mustUnderstand=""1"">*</wsa:To><wsse:Security><wsu:Timestamp wsu:Id=""TS""><wsu:Created>2026-08-17T04:35:47Z</wsu:Created><wsu:Expires>2026-08-17T04:40:47Z</wsu:Expires></wsu:Timestamp><wssc:DerivedKeyToken wsu:Id=""SignKey"" Algorithm=""urn:liveid:SP800108_CTR_HMAC_SHA256_DOUBLEDERIVED""><wsse:SecurityTokenReference><wsse:Reference URI=""kG8NQJ7dNxewV6EvfObC0EJO1yY=""></wsse:Reference></wsse:SecurityTokenReference><wssc:Nonce>*</wssc:Nonce></wssc:DerivedKeyToken><wssc:DerivedKeyToken wsu:Id=""EncKey"" Algorithm=""urn:liveid:SP800108_CTR_HMAC_SHA256_DOUBLEDERIVED""><wsse:SecurityTokenReference><wsse:Reference URI=""kG8NQJ7dNxewV6EvfObC0EJO1yY=""></wsse:Reference></wsse:SecurityTokenReference><wssc:Nonce>*</wssc:Nonce></wssc:DerivedKeyToken><Signature xmlns=""http://www.w3.org/2000/09/xmldsig#""><SignedInfo><CanonicalizationMethod Algorithm=""http://www.w3.org/2001/10/xml-exc-c14n#""></CanonicalizationMethod><SignatureMethod Algorithm=""http://www.w3.org/2001/04/xmldsig-more#hmac-sha256""></SignatureMethod><Reference URI=""#EncPsf""><Transforms><Transform Algorithm=""http://www.w3.org/2001/10/xml-exc-c14n#""></Transform></Transforms><DigestMethod Algorithm=""http://www.w3.org/2001/04/xmlenc#sha256""></DigestMethod><DigestValue>*</DigestValue></Reference><Reference URI=""#Body""><Transforms><Transform Algorithm=""http://www.w3.org/2001/10/xml-exc-c14n#""></Transform></Transforms><DigestMethod Algorithm=""http://www.w3.org/2001/04/xmlenc#sha256""></DigestMethod><DigestValue>*</DigestValue></Reference><Reference URI=""#To""><Transforms><Transform Algorithm=""http://www.w3.org/2001/10/xml-exc-c14n#""></Transform></Transforms><DigestMethod Algorithm=""http://www.w3.org/2001/04/xmlenc#sha256""></DigestMethod><DigestValue>*</DigestValue></Reference><Reference URI=""#Action""><Transforms><Transform Algorithm=""http://www.w3.org/2001/10/xml-exc-c14n#""></Transform></Transforms><DigestMethod Algorithm=""http://www.w3.org/2001/04/xmlenc#sha256""></DigestMethod><DigestValue>*</DigestValue></Reference><Reference URI=""#TS""><Transforms><Transform Algorithm=""http://www.w3.org/2001/10/xml-exc-c14n#""></Transform></Transforms><DigestMethod Algorithm=""http://www.w3.org/2001/04/xmlenc#sha256""></DigestMethod><DigestValue>*</DigestValue></Reference></SignedInfo><SignatureValue>*</SignatureValue><KeyInfo><wsse:SecurityTokenReference><wsse:Reference URI=""#SignKey""></wsse:Reference></wsse:SecurityTokenReference></KeyInfo></Signature><e:ReferenceList xmlns:e=""http://www.w3.org/2001/04/xmlenc#""><e:DataReference URI=""#RSTR""/><e:DataReference URI=""#EncPsf""/></e:ReferenceList></wsse:Security><psf:EncryptedPP><EncryptedData xmlns=""http://www.w3.org/2001/04/xmlenc#"" Id=""EncPsf"" Type=""http://www.w3.org/2001/04/xmlenc#Element""><EncryptionMethod Algorithm=""http://www.w3.org/2001/04/xmlenc#aes256-cbc""></EncryptionMethod><KeyInfo xmlns=""http://www.w3.org/2000/09/xmldsig#""><wsse:SecurityTokenReference><wsse:Reference URI=""#EncKey""></wsse:Reference></wsse:SecurityTokenReference></KeyInfo><CipherData><CipherValue>*</CipherValue></CipherData></EncryptedData></psf:EncryptedPP></S:Header><S:Body wsu:Id=""Body""><EncryptedData xmlns=""http://www.w3.org/2001/04/xmlenc#"" Id=""RSTR"" Type=""http://www.w3.org/2001/04/xmlenc#Element""><EncryptionMethod Algorithm=""http://www.w3.org/2001/04/xmlenc#aes256-cbc""></EncryptionMethod><KeyInfo xmlns=""http://www.w3.org/2000/09/xmldsig#""><wsse:SecurityTokenReference><wsse:Reference URI=""#EncKey""></wsse:Reference></wsse:SecurityTokenReference></KeyInfo><CipherData><CipherValue>*</CipherValue></CipherData></EncryptedData></S:Body></S:Envelope>"
"17-08-2026 10:05:49","6117","Information","Microsoft-Windows-LiveId","Acquired Service token.
ResourceURI: ads.arcct.msn.com
Created: 2026-08-17T10:05:47.000Z
Expires: 2026-08-18T10:05:47.000Z
TokenType: urn:passport:compact
AuthRequired: The operation completed successfully.
RequestStatus: The operation completed successfully.
HasFlowUrl: false
HasAuthUrl: false
HasEndAuthUrl: false"
"17-08-2026 10:05:49","6116","Information","Microsoft-Windows-LiveId","## SOAP Response: <S:Envelope><S:Header><wsa:Action wsu:Id=""Action"" S:mustUnderstand=""1"">*</wsa:Action><wsa:To wsu:Id=""To"" S:mustUnderstand=""1"">*</wsa:To><wsse:Security><wsu:Timestamp wsu:Id=""TS""><wsu:Created>2026-08-17T04:35:47Z</wsu:Created><wsu:Expires>2026-08-17T04:40:47Z</wsu:Expires></wsu:Timestamp><wssc:DerivedKeyToken wsu:Id=""SignKey"" Algorithm=""urn:liveid:SP800108_CTR_HMAC_SHA256_DOUBLEDERIVED""><wsse:SecurityTokenReference><wsse:Reference URI=""kG8NQJ7dNxewV6EvfObC0EJO1yY=""></wsse:Reference></wsse:SecurityTokenReference><wssc:Nonce>*</wssc:Nonce></wssc:DerivedKeyToken><wssc:DerivedKeyToken wsu:Id=""EncKey"" Algorithm=""urn:liveid:SP800108_CTR_HMAC_SHA256_DOUBLEDERIVED""><wsse:SecurityTokenReference><wsse:Reference URI=""kG8NQJ7dNxewV6EvfObC0EJO1yY=""></wsse:Reference></wsse:SecurityTokenReference><wssc:Nonce>*</wssc:Nonce></wssc:DerivedKeyToken><Signature xmlns=""http://www.w3.org/2000/09/xmldsig#""><SignedInfo><CanonicalizationMethod Algorithm=""http://www.w3.org/2001/10/xml-exc-c14n#""></CanonicalizationMethod><SignatureMethod Algorithm=""http://www.w3.org/2001/04/xmldsig-more#hmac-sha256""></SignatureMethod><Reference URI=""#EncPsf""><Transforms><Transform Algorithm=""http://www.w3.org/2001/10/xml-exc-c14n#""></Transform></Transforms><DigestMethod Algorithm=""http://www.w3.org/2001/04/xmlenc#sha256""></DigestMethod><DigestValue>*</DigestValue></Reference><Reference URI=""#Body""><Transforms><Transform Algorithm=""http://www.w3.org/2001/10/xml-exc-c14n#""></Transform></Transforms><DigestMethod Algorithm=""http://www.w3.org/2001/04/xmlenc#sha256""></DigestMethod><DigestValue>*</DigestValue></Reference><Reference URI=""#To""><Transforms><Transform Algorithm=""http://www.w3.org/2001/10/xml-exc-c14n#""></Transform></Transforms><DigestMethod Algorithm=""http://www.w3.org/2001/04/xmlenc#sha256""></DigestMethod><DigestValue>*</DigestValue></Reference><Reference URI=""#Action""><Transforms><Transform Algorithm=""http://www.w3.org/2001/10/xml-exc-c14n#""></Transform></Transforms><DigestMethod Algorithm=""http://www.w3.org/2001/04/xmlenc#sha256""></DigestMethod><DigestValue>*</DigestValue></Reference><Reference URI=""#TS""><Transforms><Transform Algorithm=""http://www.w3.org/2001/10/xml-exc-c14n#""></Transform></Transforms><DigestMethod Algorithm=""http://www.w3.org/2001/04/xmlenc#sha256""></DigestMethod><DigestValue>*</DigestValue></Reference></SignedInfo><SignatureValue>*</SignatureValue><KeyInfo><wsse:SecurityTokenReference><wsse:Reference URI=""#SignKey""></wsse:Reference></wsse:SecurityTokenReference></KeyInfo></Signature><e:ReferenceList xmlns:e=""http://www.w3.org/2001/04/xmlenc#""><e:DataReference URI=""#RSTR""/><e:DataReference URI=""#EncPsf""/></e:ReferenceList></wsse:Security><psf:EncryptedPP><EncryptedData xmlns=""http://www.w3.org/2001/04/xmlenc#"" Id=""EncPsf"" Type=""http://www.w3.org/2001/04/xmlenc#Element""><EncryptionMethod Algorithm=""http://www.w3.org/2001/04/xmlenc#aes256-cbc""></EncryptionMethod><KeyInfo xmlns=""http://www.w3.org/2000/09/xmldsig#""><wsse:SecurityTokenReference><wsse:Reference URI=""#EncKey""></wsse:Reference></wsse:SecurityTokenReference></KeyInfo><CipherData><CipherValue>*</CipherValue></CipherData></EncryptedData></psf:EncryptedPP></S:Header><S:Body wsu:Id=""Body""><EncryptedData xmlns=""http://www.w3.org/2001/04/xmlenc#"" Id=""RSTR"" Type=""http://www.w3.org/2001/04/xmlenc#Element""><EncryptionMethod Algorithm=""http://www.w3.org/2001/04/xmlenc#aes256-cbc""></EncryptionMethod><KeyInfo xmlns=""http://www.w3.org/2000/09/xmldsig#""><wsse:SecurityTokenReference><wsse:Reference URI=""#EncKey""></wsse:Reference></wsse:SecurityTokenReference></KeyInfo><CipherData><CipherValue>*</CipherValue></CipherData></EncryptedData></S:Body></S:Envelope>"
"17-08-2026 10:05:48","6115","Information","Microsoft-Windows-LiveId","## SOAP Request: <s:Envelope><s:Header><wsa:Action s:mustUnderstand=""1"">*</wsa:Action><wsa:To s:mustUnderstand=""1"">*</wsa:To><wsa:MessageID>*</wsa:MessageID><ps:AuthInfo Id=""PPAuthInfo""><ps:HostingApp>{fc177c6f-a3d6-4bb0-b1fa-23d0cd9b005d}</ps:HostingApp><ps:BinaryVersion>55</ps:BinaryVersion><ps:UIVersion>1</ps:UIVersion><ps:InlineUX>TokenBroker</ps:InlineUX><ps:PackageSID>S-1-15-2-350187224-1905355452-1037786396-3028148496-2624191407-3283318427-1255436723</ps:PackageSID><ps:Cookies></ps:Cookies><ps:RequestParams>AQAAAAIAAABsYwQAAAAxMDMz</ps:RequestParams><ps:WindowsClientString>iVzGU/dyae9bMPpavLb310Ogu6n9/IR8NBZolBsTgbk=</ps:WindowsClientString><ps:LicenseSignatureKeyVersion>*</ps:LicenseSignatureKeyVersion><ps:ClientCapabilities>1</ps:ClientCapabilities></ps:AuthInfo><wsse:Security><EncryptedData xmlns=""http://www.w3.org/2001/04/xmlenc#"" Id=""devicesoftware"" Type=""http://www.w3.org/2001/04/xmlenc#Element""><EncryptionMethod Algorithm=""http://www.w3.org/2001/04/xmlenc#tripledes-cbc""></EncryptionMethod><ds:KeyInfo><ds:KeyName>http://Passport.NET/STS</ds:KeyName></ds:KeyInfo><CipherData><CipherValue>*</CipherValue></CipherData></EncryptedData><wssc:DerivedKeyToken wsu:Id=""SignKey"" Algorithm=""urn:liveid:SP800108_CTR_HMAC_SHA256_DOUBLEDERIVED""><wsse:RequestedTokenReference><wsse:KeyIdentifier ValueType=""http://docs.oasis-open.org/wss/2004/XX/oasis-2004XX-wss-saml-token-profile-1.0#SAMLAssertionID""/><wsse:Reference URI=""""/></wsse:RequestedTokenReference><wssc:Nonce>*</wssc:Nonce></wssc:DerivedKeyToken><wsu:Timestamp wsu:Id=""Timestamp""><wsu:Created>2026-08-17T04:35:47Z</wsu:Created><wsu:Expires>2026-08-17T04:40:47Z</wsu:Expires></wsu:Timestamp><Signature xmlns=""http://www.w3.org/2000/09/xmldsig#""><SignedInfo><CanonicalizationMethod Algorithm=""http://www.w3.org/2001/10/xml-exc-c14n#""></CanonicalizationMethod><SignatureMethod Algorithm=""http://www.w3.org/2001/04/xmldsig-more#hmac-sha256""></SignatureMethod><Reference URI=""#RST0""><Transforms><Transform Algorithm=""http://www.w3.org/2001/10/xml-exc-c14n#""></Transform></Transforms><DigestMethod Algorithm=""http://www.w3.org/2001/04/xmlenc#sha256""></DigestMethod><DigestValue>*</DigestValue></Reference><Reference URI=""#Timestamp""><Transforms><Transform Algorithm=""http://www.w3.org/2001/10/xml-exc-c14n#""></Transform></Transforms><DigestMethod Algorithm=""http://www.w3.org/2001/04/xmlenc#sha256""></DigestMethod><DigestValue>*</DigestValue></Reference><Reference URI=""#PPAuthInfo""><Transforms><Transform Algorithm=""http://www.w3.org/2001/10/xml-exc-c14n#""></Transform></Transforms><DigestMethod Algorithm=""http://www.w3.org/2001/04/xmlenc#sha256""></DigestMethod><DigestValue>*</DigestValue></Reference></SignedInfo><SignatureValue>*</SignatureValue><KeyInfo><wsse:SecurityTokenReference><wsse:Reference URI=""#SignKey""/></wsse:SecurityTokenReference></KeyInfo></Signature></wsse:Security></s:Header><s:Body><wst:RequestSecurityToken Id=""RST0""><wst:RequestType>http://schemas.xmlsoap.org/ws/2005/02/trust/Issue</wst:RequestType><wsp:AppliesTo><wsa:EndpointReference><wsa:Address>ads.arcct.msn.com</wsa:Address></wsa:EndpointReference></wsp:AppliesTo><wsp:PolicyReference URI=""MBI_SSL""></wsp:PolicyReference></wst:RequestSecurityToken></s:Body></s:Envelope>"
