"31-07-2026 09:29:19","60","Information","Microsoft-Windows-UniversalTelemetryClient","Is device on battery power: false"
"31-07-2026 09:29:19","61","Information","Microsoft-Windows-UniversalTelemetryClient","Is the Battery Saver state enabled: false"
"31-07-2026 09:29:19","60","Information","Microsoft-Windows-UniversalTelemetryClient","Is device on battery power: false"
"31-07-2026 09:29:17","28","Warning","Microsoft-Windows-UniversalTelemetryClient","Connection state - Some connections have failed since the previous period."
"31-07-2026 04:44:27","55","Information","Microsoft-Windows-UniversalTelemetryClient","Is the Internet available: true"
"31-07-2026 04:44:27","56","Information","Microsoft-Windows-UniversalTelemetryClient","Is a free network available: true"
"31-07-2026 04:44:27","56","Information","Microsoft-Windows-UniversalTelemetryClient","Is a free network available: true"
"31-07-2026 04:44:27","55","Information","Microsoft-Windows-UniversalTelemetryClient","Is the Internet available: true"
"31-07-2026 04:44:26","55","Information","Microsoft-Windows-UniversalTelemetryClient","Is the Internet available: true"
"31-07-2026 04:44:26","56","Information","Microsoft-Windows-UniversalTelemetryClient","Is a free network available: false"
"31-07-2026 04:44:24","27","Information","Microsoft-Windows-UniversalTelemetryClient","Connection state - All connections have succeeded since the previous period."
"31-07-2026 04:44:24","61","Information","Microsoft-Windows-UniversalTelemetryClient","Is the Battery Saver state enabled: false"
"31-07-2026 04:44:24","62","Information","Microsoft-Windows-UniversalTelemetryClient","Is the device in connected standby: false"
"31-07-2026 04:44:24","61","Information","Microsoft-Windows-UniversalTelemetryClient","Is the Battery Saver state enabled: false"
"31-07-2026 04:44:24","60","Information","Microsoft-Windows-UniversalTelemetryClient","Is device on battery power: true"
"30-07-2026 19:57:58","61","Information","Microsoft-Windows-UniversalTelemetryClient","Is the Battery Saver state enabled: false"
"30-07-2026 19:57:58","62","Information","Microsoft-Windows-UniversalTelemetryClient","Is the device in connected standby: true"
"30-07-2026 19:57:58","61","Information","Microsoft-Windows-UniversalTelemetryClient","Is the Battery Saver state enabled: false"
"30-07-2026 19:57:58","60","Information","Microsoft-Windows-UniversalTelemetryClient","Is device on battery power: true"
"30-07-2026 19:57:53","61","Information","Microsoft-Windows-UniversalTelemetryClient","Is the Battery Saver state enabled: false"
"30-07-2026 19:57:53","61","Information","Microsoft-Windows-UniversalTelemetryClient","Is the Battery Saver state enabled: false"
"30-07-2026 19:57:53","61","Information","Microsoft-Windows-UniversalTelemetryClient","Is the Battery Saver state enabled: false"
"30-07-2026 19:57:53","60","Information","Microsoft-Windows-UniversalTelemetryClient","Is device on battery power: true"
"30-07-2026 19:57:53","61","Information","Microsoft-Windows-UniversalTelemetryClient","Is the Battery Saver state enabled: false"
"30-07-2026 19:57:53","60","Information","Microsoft-Windows-UniversalTelemetryClient","Is device on battery power: true"
"30-07-2026 19:57:53","62","Information","Microsoft-Windows-UniversalTelemetryClient","Is the device in connected standby: false"
"30-07-2026 19:47:03","55","Information","Microsoft-Windows-UniversalTelemetryClient","Is the Internet available: true"
"30-07-2026 19:47:03","56","Information","Microsoft-Windows-UniversalTelemetryClient","Is a free network available: false"
"30-07-2026 19:47:03","56","Information","Microsoft-Windows-UniversalTelemetryClient","Is a free network available: false"
"30-07-2026 19:47:03","55","Information","Microsoft-Windows-UniversalTelemetryClient","Is the Internet available: false"
