"TimeCreated","Id","LevelDisplayName","ProviderName","Message"
"19-08-2026 14:52:45","4","Information","Microsoft-Windows-Bits-Client","The transfer job is complete.
User: ENTERPRISE\arjo5004
Transfer job: PreSignInSettingsConfigJSON
Job ID: {f1226081-8595-4284-8e5c-028b2d3ee1b8}
Owner: ENTERPRISE\arjo5004
File count: 1"
"19-08-2026 14:52:45","60","Information","Microsoft-Windows-Bits-Client","BITS stopped transferring the PreSignInSettingsConfigJSON transfer job that is associated with the https://g.live.com/odclientsettings/ProdV2 URL. The status code is 0x0."
"19-08-2026 14:52:44","59","Information","Microsoft-Windows-Bits-Client","BITS started the PreSignInSettingsConfigJSON transfer job that is associated with the https://g.live.com/odclientsettings/ProdV2 URL."
"19-08-2026 14:52:44","310","Warning","Microsoft-Windows-Bits-Client","The initialization of the peer helper modules failed with the following error:  0x80070032."
"19-08-2026 14:52:43","16403","Information","Microsoft-Windows-Bits-Client",
"19-08-2026 14:52:43","3","Information","Microsoft-Windows-Bits-Client","The BITS service created a new job.
Transfer job: PreSignInSettingsConfigJSON
Job ID: {f1226081-8595-4284-8e5c-028b2d3ee1b8}
Owner: ENTERPRISE\arjo5004
Process Path: C:\Program Files\Microsoft OneDrive\OneDriveStandaloneUpdater.exe
Process ID: 21028"
"19-08-2026 14:36:00","306","Verbose","Microsoft-Windows-Bits-Client","The BITS service loaded the job list from disk."
"19-08-2026 14:32:42","4","Information","Microsoft-Windows-Bits-Client","The transfer job is complete.
User: ENTERPRISE\arjo5004
Transfer job: NucleusUpdateRingConfigJSON
Job ID: {8d6bb38a-a1bc-49e7-9c46-641fb717a2be}
Owner: ENTERPRISE\arjo5004
File count: 1"
"19-08-2026 14:32:41","60","Information","Microsoft-Windows-Bits-Client","BITS stopped transferring the NucleusUpdateRingConfigJSON transfer job that is associated with the https://g.live.com/odclientsettings/ProdV2?OneDriveUpdate=aeffc8d87cbfb68dc47a72713962 URL. The status code is 0x0."
"19-08-2026 14:32:40","4","Information","Microsoft-Windows-Bits-Client","The transfer job is complete.
User: ENTERPRISE\arjo5004
Transfer job: UpdateXml
Job ID: {b3f77e0b-d593-42b7-887d-f939b4dca7dc}
Owner: ENTERPRISE\arjo5004
File count: 1"
"19-08-2026 14:32:40","60","Information","Microsoft-Windows-Bits-Client","BITS stopped transferring the UpdateXml transfer job that is associated with the https://g.live.com/1rewlive5skydrive/OneDriveProductionV2?OneDriveUpdate=fbf8ea83d23aa49f922b2cfca7 URL. The status code is 0x0."
"19-08-2026 14:32:39","59","Information","Microsoft-Windows-Bits-Client","BITS started the NucleusUpdateRingConfigJSON transfer job that is associated with the https://g.live.com/odclientsettings/ProdV2?OneDriveUpdate=aeffc8d87cbfb68dc47a72713962 URL."
"19-08-2026 14:32:39","59","Information","Microsoft-Windows-Bits-Client","BITS started the UpdateXml transfer job that is associated with the https://g.live.com/1rewlive5skydrive/OneDriveProductionV2?OneDriveUpdate=fbf8ea83d23aa49f922b2cfca7 URL."
"19-08-2026 14:32:39","310","Warning","Microsoft-Windows-Bits-Client","The initialization of the peer helper modules failed with the following error:  0x80070032."
"19-08-2026 14:32:36","16403","Information","Microsoft-Windows-Bits-Client",
"19-08-2026 14:32:36","3","Information","Microsoft-Windows-Bits-Client","The BITS service created a new job.
Transfer job: NucleusUpdateRingConfigJSON
Job ID: {8d6bb38a-a1bc-49e7-9c46-641fb717a2be}
Owner: ENTERPRISE\arjo5004
Process Path: C:\Program Files\Microsoft OneDrive\26.139.0720.0007\OneDrive.Sync.Service.exe
Process ID: 13836"
"19-08-2026 14:32:35","16403","Information","Microsoft-Windows-Bits-Client",
"19-08-2026 14:32:35","3","Information","Microsoft-Windows-Bits-Client","The BITS service created a new job.
Transfer job: UpdateXml
Job ID: {b3f77e0b-d593-42b7-887d-f939b4dca7dc}
Owner: ENTERPRISE\arjo5004
Process Path: C:\Program Files\Microsoft OneDrive\OneDrive.exe
Process ID: 20356"
"19-08-2026 14:32:30","306","Verbose","Microsoft-Windows-Bits-Client","The BITS service loaded the job list from disk."
"19-08-2026 13:30:10","306","Verbose","Microsoft-Windows-Bits-Client","The BITS service loaded the job list from disk."
"19-08-2026 13:20:20","4","Information","Microsoft-Windows-Bits-Client","The transfer job is complete.
User: NT AUTHORITY\SYSTEM
Transfer job: UpdateDescriptionXml
Job ID: {c105b28b-b5b2-4006-a01e-3d3c7a5093fc}
Owner: NT AUTHORITY\SYSTEM
File count: 1"
"19-08-2026 13:20:20","60","Information","Microsoft-Windows-Bits-Client","BITS stopped transferring the UpdateDescriptionXml transfer job that is associated with the https://g.live.com/1rewlive5skydrive/ODSUProductionV2 URL. The status code is 0x0."
"19-08-2026 13:20:20","59","Information","Microsoft-Windows-Bits-Client","BITS started the UpdateDescriptionXml transfer job that is associated with the https://g.live.com/1rewlive5skydrive/ODSUProductionV2 URL."
"19-08-2026 13:20:19","16403","Information","Microsoft-Windows-Bits-Client",
"19-08-2026 13:20:19","3","Information","Microsoft-Windows-Bits-Client","The BITS service created a new job.
Transfer job: UpdateDescriptionXml
Job ID: {c105b28b-b5b2-4006-a01e-3d3c7a5093fc}
Owner: NT AUTHORITY\SYSTEM
Process Path: C:\Program Files\Microsoft OneDrive\OneDriveStandaloneUpdater.exe
Process ID: 15264"
"19-08-2026 13:20:19","4","Information","Microsoft-Windows-Bits-Client","The transfer job is complete.
User: NT AUTHORITY\SYSTEM
Transfer job: PreSignInSettingsConfigJSON
Job ID: {cb2d2fee-2124-4d2d-aced-8fc1527a18a4}
Owner: NT AUTHORITY\SYSTEM
File count: 1"
"19-08-2026 13:20:19","60","Information","Microsoft-Windows-Bits-Client","BITS stopped transferring the PreSignInSettingsConfigJSON transfer job that is associated with the https://g.live.com/odclientsettings/ProdV2 URL. The status code is 0x0."
"19-08-2026 13:20:19","59","Information","Microsoft-Windows-Bits-Client","BITS started the PreSignInSettingsConfigJSON transfer job that is associated with the https://g.live.com/odclientsettings/ProdV2 URL."
"19-08-2026 13:20:19","310","Warning","Microsoft-Windows-Bits-Client","The initialization of the peer helper modules failed with the following error:  0x80070032."
"19-08-2026 13:20:18","16403","Information","Microsoft-Windows-Bits-Client",
"19-08-2026 13:20:18","3","Information","Microsoft-Windows-Bits-Client","The BITS service created a new job.
Transfer job: PreSignInSettingsConfigJSON
Job ID: {cb2d2fee-2124-4d2d-aced-8fc1527a18a4}
Owner: NT AUTHORITY\SYSTEM
Process Path: C:\Program Files\Microsoft OneDrive\OneDriveStandaloneUpdater.exe
Process ID: 15264"
"19-08-2026 13:20:14","306","Verbose","Microsoft-Windows-Bits-Client","The BITS service loaded the job list from disk."
"19-08-2026 10:58:03","4","Information","Microsoft-Windows-Bits-Client","The transfer job is complete.
User: ENTERPRISE\arjo5004
Transfer job: Microsoft Outlook Offline Address Book f6f4885c16aaa24380920210d426fdcc
Job ID: {014f8bd2-8135-4f86-ac74-79cf2c7aed0d}
Owner: ENTERPRISE\arjo5004
File count: 3"
"19-08-2026 10:58:03","60","Information","Microsoft-Windows-Bits-Client","BITS stopped transferring the Microsoft Outlook Offline Address Book f6f4885c16aaa24380920210d426fdcc transfer job that is associated with the https://outlook.office365.com/OWS/BETA/OAB/a9053b48-6105-4f36-b0f9-85fa6e19d837/ad404fb7-55ce-4457-96ad-a4d6639a1303-binpatch-6821.lzx URL. The status code is 0x0."
"19-08-2026 10:58:02","59","Information","Microsoft-Windows-Bits-Client","BITS started the Microsoft Outlook Offline Address Book f6f4885c16aaa24380920210d426fdcc transfer job that is associated with the https://outlook.office365.com/OWS/BETA/OAB/a9053b48-6105-4f36-b0f9-85fa6e19d837/ad404fb7-55ce-4457-96ad-a4d6639a1303-binpatch-6821.lzx URL."
"19-08-2026 10:58:02","60","Information","Microsoft-Windows-Bits-Client","BITS stopped transferring the Microsoft Outlook Offline Address Book f6f4885c16aaa24380920210d426fdcc transfer job that is associated with the https://outlook.office365.com/OWS/BETA/OAB/a9053b48-6105-4f36-b0f9-85fa6e19d837/ad404fb7-55ce-4457-96ad-a4d6639a1303-binpatch-6820.lzx URL. The status code is 0x0."
"19-08-2026 10:58:02","59","Information","Microsoft-Windows-Bits-Client","BITS started the Microsoft Outlook Offline Address Book f6f4885c16aaa24380920210d426fdcc transfer job that is associated with the https://outlook.office365.com/OWS/BETA/OAB/a9053b48-6105-4f36-b0f9-85fa6e19d837/ad404fb7-55ce-4457-96ad-a4d6639a1303-binpatch-6820.lzx URL."
"19-08-2026 10:58:02","60","Information","Microsoft-Windows-Bits-Client","BITS stopped transferring the Microsoft Outlook Offline Address Book f6f4885c16aaa24380920210d426fdcc transfer job that is associated with the https://outlook.office365.com/OWS/BETA/OAB/a9053b48-6105-4f36-b0f9-85fa6e19d837/ad404fb7-55ce-4457-96ad-a4d6639a1303-binpatch-6819.lzx URL. The status code is 0x0."
"19-08-2026 10:58:00","59","Information","Microsoft-Windows-Bits-Client","BITS started the Microsoft Outlook Offline Address Book f6f4885c16aaa24380920210d426fdcc transfer job that is associated with the https://outlook.office365.com/OWS/BETA/OAB/a9053b48-6105-4f36-b0f9-85fa6e19d837/ad404fb7-55ce-4457-96ad-a4d6639a1303-binpatch-6819.lzx URL."
"19-08-2026 10:57:57","61","Warning","Microsoft-Windows-Bits-Client","BITS stopped transferring the Microsoft Outlook Offline Address Book f6f4885c16aaa24380920210d426fdcc transfer job that is associated with the https://outlook.office365.com/OWS/BETA/OAB/a9053b48-6105-4f36-b0f9-85fa6e19d837/ad404fb7-55ce-4457-96ad-a4d6639a1303-binpatch-6819.lzx URL. The status code is 0x80190191."
"19-08-2026 10:57:57","204","Error","Microsoft-Windows-Bits-Client","The BITS service provided job credentials in response to the UNIDENTIFIED authentication challenge from the outlook.office365.com server for the Microsoft Outlook Offline Address Book f6f4885c16aaa24380920210d426fdcc transfer job that is associated with the following URL: /OWS/BETA/OAB/a9053b48-6105-4f36-b0f9-85fa6e19d837/ad404fb7-55ce-4457-96ad-a4d6639a1303-binpatch-6819.lzx.
 The credentials for the S-1-12-1-2357405129-1281513531-255772574-1816207334 user were rejected."
"19-08-2026 10:57:57","16403","Information","Microsoft-Windows-Bits-Client",
"19-08-2026 10:57:57","16403","Information","Microsoft-Windows-Bits-Client",
"19-08-2026 10:57:57","16403","Information","Microsoft-Windows-Bits-Client",
"19-08-2026 10:57:57","3","Information","Microsoft-Windows-Bits-Client","The BITS service created a new job.
Transfer job: Microsoft Outlook Offline Address Book f6f4885c16aaa24380920210d426fdcc
Job ID: {014f8bd2-8135-4f86-ac74-79cf2c7aed0d}
Owner: ENTERPRISE\arjo5004
Process Path: C:\Program Files\Microsoft Office\root\Office16\OUTLOOK.EXE
Process ID: 8060"
"19-08-2026 10:57:57","4","Information","Microsoft-Windows-Bits-Client","The transfer job is complete.
User: ENTERPRISE\arjo5004
Transfer job: Microsoft Outlook Offline Address Book f6f4885c16aaa24380920210d426fdcc
Job ID: {85c1d848-6878-4a0e-9a3f-1702d7020ba4}
Owner: ENTERPRISE\arjo5004
File count: 1"
"19-08-2026 10:57:57","60","Information","Microsoft-Windows-Bits-Client","BITS stopped transferring the Microsoft Outlook Offline Address Book f6f4885c16aaa24380920210d426fdcc transfer job that is associated with the https://outlook.office365.com/OWS/BETA/OAB/a9053b48-6105-4f36-b0f9-85fa6e19d837/Templates/lng0409-1.lzx URL. The status code is 0x0."
"19-08-2026 10:57:56","59","Information","Microsoft-Windows-Bits-Client","BITS started the Microsoft Outlook Offline Address Book f6f4885c16aaa24380920210d426fdcc transfer job that is associated with the https://outlook.office365.com/OWS/BETA/OAB/a9053b48-6105-4f36-b0f9-85fa6e19d837/Templates/lng0409-1.lzx URL."
"19-08-2026 10:57:54","61","Warning","Microsoft-Windows-Bits-Client","BITS stopped transferring the Microsoft Outlook Offline Address Book f6f4885c16aaa24380920210d426fdcc transfer job that is associated with the https://outlook.office365.com/OWS/BETA/OAB/a9053b48-6105-4f36-b0f9-85fa6e19d837/Templates/lng0409-1.lzx URL. The status code is 0x80190191."
"19-08-2026 10:57:54","204","Error","Microsoft-Windows-Bits-Client","The BITS service provided job credentials in response to the UNIDENTIFIED authentication challenge from the outlook.office365.com server for the Microsoft Outlook Offline Address Book f6f4885c16aaa24380920210d426fdcc transfer job that is associated with the following URL: /OWS/BETA/OAB/a9053b48-6105-4f36-b0f9-85fa6e19d837/Templates/lng0409-1.lzx.
 The credentials for the S-1-12-1-2357405129-1281513531-255772574-1816207334 user were rejected."
"19-08-2026 10:57:53","16403","Information","Microsoft-Windows-Bits-Client",
"19-08-2026 10:57:53","3","Information","Microsoft-Windows-Bits-Client","The BITS service created a new job.
Transfer job: Microsoft Outlook Offline Address Book f6f4885c16aaa24380920210d426fdcc
Job ID: {85c1d848-6878-4a0e-9a3f-1702d7020ba4}
Owner: ENTERPRISE\arjo5004
Process Path: C:\Program Files\Microsoft Office\root\Office16\OUTLOOK.EXE
Process ID: 8060"
"19-08-2026 10:57:51","4","Information","Microsoft-Windows-Bits-Client","The transfer job is complete.
User: ENTERPRISE\arjo5004
Transfer job: Microsoft Outlook Offline Address Book f6f4885c16aaa24380920210d426fdcc
Job ID: {c21a5a38-0d72-4d22-b21e-2d17926463ff}
Owner: ENTERPRISE\arjo5004
File count: 1"
"19-08-2026 10:57:51","60","Information","Microsoft-Windows-Bits-Client","BITS stopped transferring the Microsoft Outlook Offline Address Book f6f4885c16aaa24380920210d426fdcc transfer job that is associated with the https://outlook.office365.com/OWS/BETA/OAB/a9053b48-6105-4f36-b0f9-85fa6e19d837/oab.xml URL. The status code is 0x0."
"19-08-2026 10:57:22","59","Information","Microsoft-Windows-Bits-Client","BITS started the Microsoft Outlook Offline Address Book f6f4885c16aaa24380920210d426fdcc transfer job that is associated with the https://outlook.office365.com/OWS/BETA/OAB/a9053b48-6105-4f36-b0f9-85fa6e19d837/oab.xml URL."
"19-08-2026 10:57:22","310","Warning","Microsoft-Windows-Bits-Client","The initialization of the peer helper modules failed with the following error:  0x80070032."
"19-08-2026 10:57:20","61","Warning","Microsoft-Windows-Bits-Client","BITS stopped transferring the Microsoft Outlook Offline Address Book f6f4885c16aaa24380920210d426fdcc transfer job that is associated with the https://outlook.office365.com/OWS/BETA/OAB/a9053b48-6105-4f36-b0f9-85fa6e19d837/oab.xml URL. The status code is 0x80190191."
"19-08-2026 10:57:20","204","Error","Microsoft-Windows-Bits-Client","The BITS service provided job credentials in response to the UNIDENTIFIED authentication challenge from the outlook.office365.com server for the Microsoft Outlook Offline Address Book f6f4885c16aaa24380920210d426fdcc transfer job that is associated with the following URL: /OWS/BETA/OAB/a9053b48-6105-4f36-b0f9-85fa6e19d837/oab.xml.
 The credentials for the S-1-12-1-2357405129-1281513531-255772574-1816207334 user were rejected."
"19-08-2026 10:57:13","16403","Information","Microsoft-Windows-Bits-Client",
"19-08-2026 10:57:13","3","Information","Microsoft-Windows-Bits-Client","The BITS service created a new job.
Transfer job: Microsoft Outlook Offline Address Book f6f4885c16aaa24380920210d426fdcc
Job ID: {c21a5a38-0d72-4d22-b21e-2d17926463ff}
Owner: ENTERPRISE\arjo5004
Process Path: C:\Program Files\Microsoft Office\root\Office16\OUTLOOK.EXE
Process ID: 8060"
"19-08-2026 10:57:09","306","Verbose","Microsoft-Windows-Bits-Client","The BITS service loaded the job list from disk."
"19-08-2026 10:43:06","306","Verbose","Microsoft-Windows-Bits-Client","The BITS service loaded the job list from disk."
"19-08-2026 10:37:23","4","Information","Microsoft-Windows-Bits-Client","The transfer job is complete.
User: ENTERPRISE\arjo5004
Transfer job: Chrome Component Updater
Job ID: {bcf7f1f7-054d-480c-a11f-6be651f4e18c}
Owner: ENTERPRISE\arjo5004
File count: 1"
"19-08-2026 10:37:21","60","Information","Microsoft-Windows-Bits-Client","BITS stopped transferring the Chrome Component Updater transfer job that is associated with the http://edgedl.me.gvt1.com/edgedl/diffgen-puffin/hfnkpimlhhgieaddgfemjhofmfblmnib/e1071206086664ad49003f5b229610c0adb6e3d4635a5847fe88a2957bb47e27 URL. The status code is 0x0."
"19-08-2026 10:37:15","59","Information","Microsoft-Windows-Bits-Client","BITS started the Chrome Component Updater transfer job that is associated with the http://edgedl.me.gvt1.com/edgedl/diffgen-puffin/hfnkpimlhhgieaddgfemjhofmfblmnib/e1071206086664ad49003f5b229610c0adb6e3d4635a5847fe88a2957bb47e27 URL."
"19-08-2026 10:37:15","16403","Information","Microsoft-Windows-Bits-Client",
"19-08-2026 10:37:15","3","Information","Microsoft-Windows-Bits-Client","The BITS service created a new job.
Transfer job: Chrome Component Updater
Job ID: {bcf7f1f7-054d-480c-a11f-6be651f4e18c}
Owner: ENTERPRISE\arjo5004
Process Path: C:\Program Files\Google\Chrome\Application\chrome.exe
Process ID: 15712"
"19-08-2026 10:37:15","4","Information","Microsoft-Windows-Bits-Client","The transfer job is complete.
User: ENTERPRISE\arjo5004
Transfer job: Chrome Component Updater
Job ID: {3f3b4b67-ecb1-4f5a-b76c-ca218ef16925}
Owner: ENTERPRISE\arjo5004
File count: 1"
"19-08-2026 10:37:12","60","Information","Microsoft-Windows-Bits-Client","BITS stopped transferring the Chrome Component Updater transfer job that is associated with the http://edgedl.me.gvt1.com/edgedl/diffgen-puffin/lmelglejhemejginpboagddgdfbepgmp/24fd7cbdbf71c6cea614514e7b01ac1930c4b56a09d13e9b3a4393248b3692f9 URL. The status code is 0x0."
"19-08-2026 10:37:07","59","Information","Microsoft-Windows-Bits-Client","BITS started the Chrome Component Updater transfer job that is associated with the http://edgedl.me.gvt1.com/edgedl/diffgen-puffin/lmelglejhemejginpboagddgdfbepgmp/24fd7cbdbf71c6cea614514e7b01ac1930c4b56a09d13e9b3a4393248b3692f9 URL."
"19-08-2026 10:37:07","310","Warning","Microsoft-Windows-Bits-Client","The initialization of the peer helper modules failed with the following error:  0x80070032."
"19-08-2026 10:37:07","16403","Information","Microsoft-Windows-Bits-Client",
"19-08-2026 10:37:07","3","Information","Microsoft-Windows-Bits-Client","The BITS service created a new job.
Transfer job: Chrome Component Updater
Job ID: {3f3b4b67-ecb1-4f5a-b76c-ca218ef16925}
Owner: ENTERPRISE\arjo5004
Process Path: C:\Program Files\Google\Chrome\Application\chrome.exe
Process ID: 15712"
"19-08-2026 10:37:02","306","Verbose","Microsoft-Windows-Bits-Client","The BITS service loaded the job list from disk."
"19-08-2026 10:34:56","4","Information","Microsoft-Windows-Bits-Client","The transfer job is complete.
User: NT AUTHORITY\SYSTEM
Transfer job: Microsoft Office Click-to-Run
Job ID: {c29c7b3c-f2da-478b-9e84-c5942fbb9e3c}
Owner: NT AUTHORITY\SYSTEM
File count: 1"
"19-08-2026 10:34:56","60","Information","Microsoft-Windows-Bits-Client","BITS stopped transferring the Microsoft Office Click-to-Run transfer job that is associated with the http://f.c2r.ts.cdn.office.net/pr/55336b82-a18d-4dd6-b5f6-9e5095c314a6/Office/Data/v64_16.0.20228.20188.cab URL. The status code is 0x0."
"19-08-2026 10:34:56","59","Information","Microsoft-Windows-Bits-Client","BITS started the Microsoft Office Click-to-Run transfer job that is associated with the http://f.c2r.ts.cdn.office.net/pr/55336b82-a18d-4dd6-b5f6-9e5095c314a6/Office/Data/v64_16.0.20228.20188.cab URL."
"19-08-2026 10:34:55","16403","Information","Microsoft-Windows-Bits-Client",
"19-08-2026 10:34:55","3","Information","Microsoft-Windows-Bits-Client","The BITS service created a new job.
Transfer job: Microsoft Office Click-to-Run
Job ID: {c29c7b3c-f2da-478b-9e84-c5942fbb9e3c}
Owner: NT AUTHORITY\SYSTEM
Process Path: C:\Program Files\Common Files\microsoft shared\ClickToRun\OfficeClickToRun.exe
Process ID: 4780"
"19-08-2026 10:34:55","4","Information","Microsoft-Windows-Bits-Client","The transfer job is complete.
User: NT AUTHORITY\SYSTEM
Transfer job: Microsoft Office Click-to-Run
Job ID: {446da075-9482-4d9b-9a76-e94f0659ef65}
Owner: NT AUTHORITY\SYSTEM
File count: 1"
"19-08-2026 10:34:55","60","Information","Microsoft-Windows-Bits-Client","BITS stopped transferring the Microsoft Office Click-to-Run transfer job that is associated with the http://f.c2r.ts.cdn.office.net/pr/55336b82-a18d-4dd6-b5f6-9e5095c314a6/Office/Data/v64_16.0.20228.20188.cab URL. The status code is 0x0."
"19-08-2026 10:34:55","59","Information","Microsoft-Windows-Bits-Client","BITS started the Microsoft Office Click-to-Run transfer job that is associated with the http://f.c2r.ts.cdn.office.net/pr/55336b82-a18d-4dd6-b5f6-9e5095c314a6/Office/Data/v64_16.0.20228.20188.cab URL."
"19-08-2026 10:34:55","310","Warning","Microsoft-Windows-Bits-Client","The initialization of the peer helper modules failed with the following error:  0x80070032."
"19-08-2026 10:34:55","16403","Information","Microsoft-Windows-Bits-Client",
"19-08-2026 10:34:55","3","Information","Microsoft-Windows-Bits-Client","The BITS service created a new job.
Transfer job: Microsoft Office Click-to-Run
Job ID: {446da075-9482-4d9b-9a76-e94f0659ef65}
Owner: NT AUTHORITY\SYSTEM
Process Path: C:\Program Files\Common Files\microsoft shared\ClickToRun\OfficeClickToRun.exe
Process ID: 4780"
"19-08-2026 10:34:50","306","Verbose","Microsoft-Windows-Bits-Client","The BITS service loaded the job list from disk."
"19-08-2026 09:57:00","4","Information","Microsoft-Windows-Bits-Client","The transfer job is complete.
User: ENTERPRISE\arjo5004
Transfer job: Edge Component Updater
Job ID: {d4d0aa73-9f20-4229-94c5-9450a1983390}
Owner: ENTERPRISE\arjo5004
File count: 1"
"19-08-2026 09:56:59","60","Information","Microsoft-Windows-Bits-Client","BITS stopped transferring the Edge Component Updater transfer job that is associated with the http://msedge.b.tlu.dl.delivery.mp.microsoft.com/filestreamingservice/files/8de9494a-a983-43bc-b438-1d379401da0e?P1=1787716334&P2=404&P3=2&P4=lZfuhNojgXZsdIpBOqhgSGMZw0xbwy80deQ7ljAUeIfwX5m1kw4ju4VNIxtEdge Component UpdaterfPwtQYt74cRvmz4eeJysEdge Component UpdaterfGSco1w{d4d0aa73-9f20-4229-94c5-9450a1983390}d{d4d0aa73-9f20-4229-94c5-9450a1983390}d URL. The status code is 0x0."
"19-08-2026 09:56:44","59","Information","Microsoft-Windows-Bits-Client","BITS started the Edge Component Updater transfer job that is associated with the http://msedge.b.tlu.dl.delivery.mp.microsoft.com/filestreamingservice/files/8de9494a-a983-43bc-b438-1d379401da0e?P1=1787716334&P2=404&P3=2&P4=lZfuhNojgXZsdIpBOqhgSGMZw0xbwy80deQ7ljAUeIfwX5m1kw4ju4VNIxtEdge Component UpdaterfPwtQYt74cRvmz4eeJysEdge Component UpdaterfGSco1w{d4d0aa73-9f20-4229-94c5-9450a1983390}d{d4d0aa73-9f20-4229-94c5-9450a1983390}d URL."
"19-08-2026 09:56:44","16403","Information","Microsoft-Windows-Bits-Client",
"19-08-2026 09:56:44","3","Information","Microsoft-Windows-Bits-Client","The BITS service created a new job.
Transfer job: Edge Component Updater
Job ID: {d4d0aa73-9f20-4229-94c5-9450a1983390}
Owner: ENTERPRISE\arjo5004
Process Path: C:\Program Files (x86)\Microsoft\Edge\Application\msedge.exe
Process ID: 3056"
"19-08-2026 09:56:41","4","Information","Microsoft-Windows-Bits-Client","The transfer job is complete.
User: ENTERPRISE\arjo5004
Transfer job: PreSignInSettingsConfigJSON
Job ID: {e978d7ee-32ea-47c2-b613-63467cd2111c}
Owner: ENTERPRISE\arjo5004
File count: 1"
"19-08-2026 09:56:41","60","Information","Microsoft-Windows-Bits-Client","BITS stopped transferring the PreSignInSettingsConfigJSON transfer job that is associated with the https://g.live.com/odclientsettings/ProdV2?OneDriveUpdate=406c2061550aaa44fbb91819bdb0 URL. The status code is 0x0."
"19-08-2026 09:56:41","59","Information","Microsoft-Windows-Bits-Client","BITS started the PreSignInSettingsConfigJSON transfer job that is associated with the https://g.live.com/odclientsettings/ProdV2?OneDriveUpdate=406c2061550aaa44fbb91819bdb0 URL."
"19-08-2026 09:56:41","310","Warning","Microsoft-Windows-Bits-Client","The initialization of the peer helper modules failed with the following error:  0x80070032."
"19-08-2026 09:56:40","16403","Information","Microsoft-Windows-Bits-Client",
"19-08-2026 09:56:40","3","Information","Microsoft-Windows-Bits-Client","The BITS service created a new job.
Transfer job: PreSignInSettingsConfigJSON
Job ID: {e978d7ee-32ea-47c2-b613-63467cd2111c}
Owner: ENTERPRISE\arjo5004
Process Path: C:\Program Files\Microsoft OneDrive\OneDrive.exe
Process ID: 20356"
"19-08-2026 09:56:33","306","Verbose","Microsoft-Windows-Bits-Client","The BITS service loaded the job list from disk."
"18-08-2026 17:48:50","306","Verbose","Microsoft-Windows-Bits-Client","The BITS service loaded the job list from disk."
"18-08-2026 17:19:53","4","Information","Microsoft-Windows-Bits-Client","The transfer job is complete.
User: ENTERPRISE\arjo5004
Transfer job: Chrome Component Updater
Job ID: {feed7b32-c181-486a-8e13-39bfe8d4ffbd}
Owner: ENTERPRISE\arjo5004
File count: 1"
"18-08-2026 17:19:45","306","Verbose","Microsoft-Windows-Bits-Client","The BITS service loaded the job list from disk."
"18-08-2026 14:52:43","4","Information","Microsoft-Windows-Bits-Client","The transfer job is complete.
User: ENTERPRISE\arjo5004
Transfer job: PreSignInSettingsConfigJSON
Job ID: {7919710d-749b-4208-b781-1f1521685694}
Owner: ENTERPRISE\arjo5004
File count: 1"
"18-08-2026 14:52:43","60","Information","Microsoft-Windows-Bits-Client","BITS stopped transferring the PreSignInSettingsConfigJSON transfer job that is associated with the https://g.live.com/odclientsettings/ProdV2 URL. The status code is 0x0."
"18-08-2026 14:52:43","59","Information","Microsoft-Windows-Bits-Client","BITS started the PreSignInSettingsConfigJSON transfer job that is associated with the https://g.live.com/odclientsettings/ProdV2 URL."
"18-08-2026 14:52:43","16403","Information","Microsoft-Windows-Bits-Client",
"18-08-2026 14:52:43","3","Information","Microsoft-Windows-Bits-Client","The BITS service created a new job.
Transfer job: PreSignInSettingsConfigJSON
Job ID: {7919710d-749b-4208-b781-1f1521685694}
Owner: ENTERPRISE\arjo5004
Process Path: C:\Program Files\Microsoft OneDrive\OneDriveStandaloneUpdater.exe
Process ID: 14376"
"18-08-2026 14:52:08","4","Information","Microsoft-Windows-Bits-Client","The transfer job is complete.
User: ENTERPRISE\arjo5004
Transfer job: Microsoft Outlook Offline Address Book f6f4885c16aaa24380920210d426fdcc
Job ID: {c40feb68-32d4-447e-9257-bd50e77d30ab}
Owner: ENTERPRISE\arjo5004
File count: 1"
"18-08-2026 14:52:06","60","Information","Microsoft-Windows-Bits-Client","BITS stopped transferring the Microsoft Outlook Offline Address Book f6f4885c16aaa24380920210d426fdcc transfer job that is associated with the https://outlook.office365.com/OWS/BETA/OAB/a9053b48-6105-4f36-b0f9-85fa6e19d837/oab.xml URL. The status code is 0x0."
"18-08-2026 14:51:46","59","Information","Microsoft-Windows-Bits-Client","BITS started the Microsoft Outlook Offline Address Book f6f4885c16aaa24380920210d426fdcc transfer job that is associated with the https://outlook.office365.com/OWS/BETA/OAB/a9053b48-6105-4f36-b0f9-85fa6e19d837/oab.xml URL."
"18-08-2026 14:51:44","61","Warning","Microsoft-Windows-Bits-Client","BITS stopped transferring the Microsoft Outlook Offline Address Book f6f4885c16aaa24380920210d426fdcc transfer job that is associated with the https://outlook.office365.com/OWS/BETA/OAB/a9053b48-6105-4f36-b0f9-85fa6e19d837/oab.xml URL. The status code is 0x80190191."
"18-08-2026 14:51:44","204","Error","Microsoft-Windows-Bits-Client","The BITS service provided job credentials in response to the UNIDENTIFIED authentication challenge from the outlook.office365.com server for the Microsoft Outlook Offline Address Book f6f4885c16aaa24380920210d426fdcc transfer job that is associated with the following URL: /OWS/BETA/OAB/a9053b48-6105-4f36-b0f9-85fa6e19d837/oab.xml.
 The credentials for the S-1-12-1-2357405129-1281513531-255772574-1816207334 user were rejected."
"18-08-2026 14:51:44","16403","Information","Microsoft-Windows-Bits-Client",
"18-08-2026 14:51:44","3","Information","Microsoft-Windows-Bits-Client","The BITS service created a new job.
Transfer job: Microsoft Outlook Offline Address Book f6f4885c16aaa24380920210d426fdcc
Job ID: {c40feb68-32d4-447e-9257-bd50e77d30ab}
Owner: ENTERPRISE\arjo5004
Process Path: C:\Program Files\Microsoft Office\root\Office16\OUTLOOK.EXE
Process ID: 8060"
"18-08-2026 14:45:58","60","Information","Microsoft-Windows-Bits-Client","BITS stopped transferring the Chrome Component Updater transfer job that is associated with the http://edgedl.me.gvt1.com/edgedl/diffgen-puffin/hfnkpimlhhgieaddgfemjhofmfblmnib/6bacb7c1f0ae8757ea3e57617fd331cfda0fabe1c6038e89deb045efee3e9d35 URL. The status code is 0x0."
"18-08-2026 14:45:49","59","Information","Microsoft-Windows-Bits-Client","BITS started the Chrome Component Updater transfer job that is associated with the http://edgedl.me.gvt1.com/edgedl/diffgen-puffin/hfnkpimlhhgieaddgfemjhofmfblmnib/6bacb7c1f0ae8757ea3e57617fd331cfda0fabe1c6038e89deb045efee3e9d35 URL."
"18-08-2026 14:45:49","310","Warning","Microsoft-Windows-Bits-Client","The initialization of the peer helper modules failed with the following error:  0x80070032."
"18-08-2026 14:45:49","16403","Information","Microsoft-Windows-Bits-Client",
"18-08-2026 14:45:49","3","Information","Microsoft-Windows-Bits-Client","The BITS service created a new job.
Transfer job: Chrome Component Updater
Job ID: {feed7b32-c181-486a-8e13-39bfe8d4ffbd}
Owner: ENTERPRISE\arjo5004
Process Path: C:\Program Files\Google\Chrome\Application\chrome.exe
Process ID: 2748"
"18-08-2026 14:45:45","306","Verbose","Microsoft-Windows-Bits-Client","The BITS service loaded the job list from disk."
"18-08-2026 14:37:12","306","Verbose","Microsoft-Windows-Bits-Client","The BITS service loaded the job list from disk."
"18-08-2026 14:32:35","4","Information","Microsoft-Windows-Bits-Client","The transfer job is complete.
User: ENTERPRISE\arjo5004
Transfer job: NucleusUpdateRingConfigJSON
Job ID: {55a38e93-f776-4701-9240-5165c4e6a1d5}
Owner: ENTERPRISE\arjo5004
File count: 1"
"18-08-2026 14:32:35","60","Information","Microsoft-Windows-Bits-Client","BITS stopped transferring the NucleusUpdateRingConfigJSON transfer job that is associated with the https://g.live.com/odclientsettings/ProdV2?OneDriveUpdate=6923ae9f99159687256dca78ebc8 URL. The status code is 0x0."
"18-08-2026 14:32:35","59","Information","Microsoft-Windows-Bits-Client","BITS started the NucleusUpdateRingConfigJSON transfer job that is associated with the https://g.live.com/odclientsettings/ProdV2?OneDriveUpdate=6923ae9f99159687256dca78ebc8 URL."
"18-08-2026 14:32:34","16403","Information","Microsoft-Windows-Bits-Client",
"18-08-2026 14:32:34","3","Information","Microsoft-Windows-Bits-Client","The BITS service created a new job.
Transfer job: NucleusUpdateRingConfigJSON
Job ID: {55a38e93-f776-4701-9240-5165c4e6a1d5}
Owner: ENTERPRISE\arjo5004
Process Path: C:\Program Files\Microsoft OneDrive\26.139.0720.0007\OneDrive.Sync.Service.exe
Process ID: 13836"
"18-08-2026 14:32:30","4","Information","Microsoft-Windows-Bits-Client","The transfer job is complete.
User: ENTERPRISE\arjo5004
Transfer job: UpdateXml
Job ID: {31115368-80e7-4cad-8e7e-86ff9baf0a81}
Owner: ENTERPRISE\arjo5004
File count: 1"
"18-08-2026 14:32:30","60","Information","Microsoft-Windows-Bits-Client","BITS stopped transferring the UpdateXml transfer job that is associated with the https://g.live.com/1rewlive5skydrive/OneDriveProductionV2?OneDriveUpdate=84834113a8fdbea67f485c7d618e URL. The status code is 0x0."
"18-08-2026 14:32:29","59","Information","Microsoft-Windows-Bits-Client","BITS started the UpdateXml transfer job that is associated with the https://g.live.com/1rewlive5skydrive/OneDriveProductionV2?OneDriveUpdate=84834113a8fdbea67f485c7d618e URL."
"18-08-2026 14:32:29","310","Warning","Microsoft-Windows-Bits-Client","The initialization of the peer helper modules failed with the following error:  0x80070032."
"18-08-2026 14:32:26","16403","Information","Microsoft-Windows-Bits-Client",
"18-08-2026 14:32:26","3","Information","Microsoft-Windows-Bits-Client","The BITS service created a new job.
Transfer job: UpdateXml
Job ID: {31115368-80e7-4cad-8e7e-86ff9baf0a81}
Owner: ENTERPRISE\arjo5004
Process Path: C:\Program Files\Microsoft OneDrive\OneDrive.exe
Process ID: 20356"
"18-08-2026 14:31:40","306","Verbose","Microsoft-Windows-Bits-Client","The BITS service loaded the job list from disk."
"18-08-2026 13:14:47","4","Information","Microsoft-Windows-Bits-Client","The transfer job is complete.
User: NT AUTHORITY\SYSTEM
Transfer job: UpdateDescriptionXml
Job ID: {b379fe05-c318-41b3-a710-8e7cd329dce1}
Owner: NT AUTHORITY\SYSTEM
File count: 1"
"18-08-2026 13:14:47","60","Information","Microsoft-Windows-Bits-Client","BITS stopped transferring the UpdateDescriptionXml transfer job that is associated with the https://g.live.com/1rewlive5skydrive/ODSUProductionV2 URL. The status code is 0x0."
"18-08-2026 13:14:46","59","Information","Microsoft-Windows-Bits-Client","BITS started the UpdateDescriptionXml transfer job that is associated with the https://g.live.com/1rewlive5skydrive/ODSUProductionV2 URL."
"18-08-2026 13:14:46","16403","Information","Microsoft-Windows-Bits-Client",
"18-08-2026 13:14:46","3","Information","Microsoft-Windows-Bits-Client","The BITS service created a new job.
Transfer job: UpdateDescriptionXml
Job ID: {b379fe05-c318-41b3-a710-8e7cd329dce1}
Owner: NT AUTHORITY\SYSTEM
Process Path: C:\Program Files\Microsoft OneDrive\OneDriveStandaloneUpdater.exe
Process ID: 25584"
"18-08-2026 13:14:46","4","Information","Microsoft-Windows-Bits-Client","The transfer job is complete.
User: NT AUTHORITY\SYSTEM
Transfer job: PreSignInSettingsConfigJSON
Job ID: {0237f55a-d6d3-4231-9028-48192b1cfc98}
Owner: NT AUTHORITY\SYSTEM
File count: 1"
"18-08-2026 13:14:46","60","Information","Microsoft-Windows-Bits-Client","BITS stopped transferring the PreSignInSettingsConfigJSON transfer job that is associated with the https://g.live.com/odclientsettings/ProdV2 URL. The status code is 0x0."
"18-08-2026 13:14:46","59","Information","Microsoft-Windows-Bits-Client","BITS started the PreSignInSettingsConfigJSON transfer job that is associated with the https://g.live.com/odclientsettings/ProdV2 URL."
"18-08-2026 13:14:46","310","Warning","Microsoft-Windows-Bits-Client","The initialization of the peer helper modules failed with the following error:  0x80070032."
"18-08-2026 13:14:45","16403","Information","Microsoft-Windows-Bits-Client",
"18-08-2026 13:14:45","3","Information","Microsoft-Windows-Bits-Client","The BITS service created a new job.
Transfer job: PreSignInSettingsConfigJSON
Job ID: {0237f55a-d6d3-4231-9028-48192b1cfc98}
Owner: NT AUTHORITY\SYSTEM
Process Path: C:\Program Files\Microsoft OneDrive\OneDriveStandaloneUpdater.exe
Process ID: 25584"
"18-08-2026 13:14:41","306","Verbose","Microsoft-Windows-Bits-Client","The BITS service loaded the job list from disk."
"18-08-2026 10:38:22","4","Information","Microsoft-Windows-Bits-Client","The transfer job is complete.
User: NT AUTHORITY\SYSTEM
Transfer job: UpdateDescriptionXml
Job ID: {0959c66a-5ffd-4acd-9449-91fd205ec145}
Owner: NT AUTHORITY\SYSTEM
File count: 1"
"18-08-2026 10:38:22","60","Information","Microsoft-Windows-Bits-Client","BITS stopped transferring the UpdateDescriptionXml transfer job that is associated with the https://g.live.com/1rewlive5skydrive/ODSUProductionV2 URL. The status code is 0x0."
"18-08-2026 10:38:22","59","Information","Microsoft-Windows-Bits-Client","BITS started the UpdateDescriptionXml transfer job that is associated with the https://g.live.com/1rewlive5skydrive/ODSUProductionV2 URL."
"18-08-2026 10:38:22","16403","Information","Microsoft-Windows-Bits-Client",
"18-08-2026 10:38:22","3","Information","Microsoft-Windows-Bits-Client","The BITS service created a new job.
Transfer job: UpdateDescriptionXml
Job ID: {0959c66a-5ffd-4acd-9449-91fd205ec145}
Owner: NT AUTHORITY\SYSTEM
Process Path: C:\Program Files\Microsoft OneDrive\OneDriveStandaloneUpdater.exe
Process ID: 15740"
"18-08-2026 10:38:21","4","Information","Microsoft-Windows-Bits-Client","The transfer job is complete.
User: NT AUTHORITY\SYSTEM
Transfer job: PreSignInSettingsConfigJSON
Job ID: {a4e7c522-d7e7-46c7-b5dd-126c7a19d24b}
Owner: NT AUTHORITY\SYSTEM
File count: 1"
"18-08-2026 10:38:21","60","Information","Microsoft-Windows-Bits-Client","BITS stopped transferring the PreSignInSettingsConfigJSON transfer job that is associated with the https://g.live.com/odclientsettings/ProdV2 URL. The status code is 0x0."
"18-08-2026 10:38:21","59","Information","Microsoft-Windows-Bits-Client","BITS started the PreSignInSettingsConfigJSON transfer job that is associated with the https://g.live.com/odclientsettings/ProdV2 URL."
"18-08-2026 10:38:20","16403","Information","Microsoft-Windows-Bits-Client",
"18-08-2026 10:38:20","3","Information","Microsoft-Windows-Bits-Client","The BITS service created a new job.
Transfer job: PreSignInSettingsConfigJSON
Job ID: {a4e7c522-d7e7-46c7-b5dd-126c7a19d24b}
Owner: NT AUTHORITY\SYSTEM
Process Path: C:\Program Files\Microsoft OneDrive\OneDriveStandaloneUpdater.exe
Process ID: 15740"
"18-08-2026 10:38:18","4","Information","Microsoft-Windows-Bits-Client","The transfer job is complete.
User: NT AUTHORITY\SYSTEM
Transfer job: Dell_Asimov.AAFF5256EE04494B53B0969D6400B3B9DD1E85FE
Job ID: {90ccdb1d-37fb-433f-a369-ad8be76680b6}
Owner: NT AUTHORITY\SYSTEM
File count: 1"
"18-08-2026 10:38:18","60","Information","Microsoft-Windows-Bits-Client","BITS stopped transferring the Dell_Asimov.AAFF5256EE04494B53B0969D6400B3B9DD1E85FE transfer job that is associated with the https://downloads.dell.com/FOLDER14634227M/1/Intel-Dynamic-Tuning-Driver_7RWXD_WIN64_9.1.10010.2297_A08.EXE URL. The status code is 0x0."
"18-08-2026 10:38:07","59","Information","Microsoft-Windows-Bits-Client","BITS started the Dell_Asimov.AAFF5256EE04494B53B0969D6400B3B9DD1E85FE transfer job that is associated with the https://downloads.dell.com/FOLDER14634227M/1/Intel-Dynamic-Tuning-Driver_7RWXD_WIN64_9.1.10010.2297_A08.EXE URL."
"18-08-2026 10:38:07","16403","Information","Microsoft-Windows-Bits-Client",
"18-08-2026 10:38:07","3","Information","Microsoft-Windows-Bits-Client","The BITS service created a new job.
Transfer job: Dell_Asimov.AAFF5256EE04494B53B0969D6400B3B9DD1E85FE
Job ID: {90ccdb1d-37fb-433f-a369-ad8be76680b6}
Owner: NT AUTHORITY\SYSTEM
Process Path: C:\Program Files (x86)\Dell\UpdateService\ServiceShell.exe
Process ID: 25228"
"18-08-2026 10:37:58","4","Information","Microsoft-Windows-Bits-Client","The transfer job is complete.
User: NT AUTHORITY\SYSTEM
Transfer job: Dell_Asimov.C37B382914B7B5AD44F120DC5E8547F6B2B74DD7
Job ID: {d83583f6-3d69-4a50-845d-b4547760677c}
Owner: NT AUTHORITY\SYSTEM
File count: 1"
"18-08-2026 10:37:58","60","Information","Microsoft-Windows-Bits-Client","BITS stopped transferring the Dell_Asimov.C37B382914B7B5AD44F120DC5E8547F6B2B74DD7 transfer job that is associated with the https://downloads.dell.com/FOLDER14430267M/2/Intel-Management-Engine-Components-Installer_M6WYJ_WIN64_2613.9.28.0_A16.EXE URL. The status code is 0x0."
"18-08-2026 10:37:43","59","Information","Microsoft-Windows-Bits-Client","BITS started the Dell_Asimov.C37B382914B7B5AD44F120DC5E8547F6B2B74DD7 transfer job that is associated with the https://downloads.dell.com/FOLDER14430267M/2/Intel-Management-Engine-Components-Installer_M6WYJ_WIN64_2613.9.28.0_A16.EXE URL."
"18-08-2026 10:37:42","16403","Information","Microsoft-Windows-Bits-Client",
"18-08-2026 10:37:42","3","Information","Microsoft-Windows-Bits-Client","The BITS service created a new job.
Transfer job: Dell_Asimov.C37B382914B7B5AD44F120DC5E8547F6B2B74DD7
Job ID: {d83583f6-3d69-4a50-845d-b4547760677c}
Owner: NT AUTHORITY\SYSTEM
Process Path: C:\Program Files (x86)\Dell\UpdateService\ServiceShell.exe
Process ID: 25228"
"18-08-2026 10:37:38","4","Information","Microsoft-Windows-Bits-Client","The transfer job is complete.
User: NT AUTHORITY\SYSTEM
Transfer job: Dell_Asimov.674DCB31287D6B910E5D84FFEA1A2B6D42A18A66
Job ID: {3dea484d-cdae-48e6-b96b-be16e6cdc0a2}
Owner: NT AUTHORITY\SYSTEM
File count: 1"
"18-08-2026 10:37:38","60","Information","Microsoft-Windows-Bits-Client","BITS stopped transferring the Dell_Asimov.674DCB31287D6B910E5D84FFEA1A2B6D42A18A66 transfer job that is associated with the https://downloads.dell.com/FOLDER14649751M/1/Intel-NPU-Driver_VP2T0_WIN64_32.0.100.4778_A00.EXE URL. The status code is 0x0."
"18-08-2026 10:37:35","59","Information","Microsoft-Windows-Bits-Client","BITS started the Dell_Asimov.674DCB31287D6B910E5D84FFEA1A2B6D42A18A66 transfer job that is associated with the https://downloads.dell.com/FOLDER14649751M/1/Intel-NPU-Driver_VP2T0_WIN64_32.0.100.4778_A00.EXE URL."
"18-08-2026 10:37:35","16403","Information","Microsoft-Windows-Bits-Client",
"18-08-2026 10:37:35","3","Information","Microsoft-Windows-Bits-Client","The BITS service created a new job.
Transfer job: Dell_Asimov.674DCB31287D6B910E5D84FFEA1A2B6D42A18A66
Job ID: {3dea484d-cdae-48e6-b96b-be16e6cdc0a2}
Owner: NT AUTHORITY\SYSTEM
Process Path: C:\Program Files (x86)\Dell\UpdateService\ServiceShell.exe
Process ID: 25228"
"18-08-2026 10:37:32","4","Information","Microsoft-Windows-Bits-Client","The transfer job is complete.
User: NT AUTHORITY\SYSTEM
Transfer job: Dell_Asimov.DA471BD6991928B2E4675C4F86A8B07CA6A1AF5A
Job ID: {f2331511-e4b3-4389-9833-99d5e4708c3a}
Owner: NT AUTHORITY\SYSTEM
File count: 1"
"18-08-2026 10:37:32","60","Information","Microsoft-Windows-Bits-Client","BITS stopped transferring the Dell_Asimov.DA471BD6991928B2E4675C4F86A8B07CA6A1AF5A transfer job that is associated with the https://downloads.dell.com/FOLDER14608978M/4/Intel-Innovation-Platform-Framework-and-Provider_8YJ9W_WIN64_2.3.20304.7001_A11.EXE URL. The status code is 0x0."
"18-08-2026 10:37:25","59","Information","Microsoft-Windows-Bits-Client","BITS started the Dell_Asimov.DA471BD6991928B2E4675C4F86A8B07CA6A1AF5A transfer job that is associated with the https://downloads.dell.com/FOLDER14608978M/4/Intel-Innovation-Platform-Framework-and-Provider_8YJ9W_WIN64_2.3.20304.7001_A11.EXE URL."
"18-08-2026 10:37:25","16403","Information","Microsoft-Windows-Bits-Client",
"18-08-2026 10:37:25","3","Information","Microsoft-Windows-Bits-Client","The BITS service created a new job.
Transfer job: Dell_Asimov.DA471BD6991928B2E4675C4F86A8B07CA6A1AF5A
Job ID: {f2331511-e4b3-4389-9833-99d5e4708c3a}
Owner: NT AUTHORITY\SYSTEM
Process Path: C:\Program Files (x86)\Dell\UpdateService\ServiceShell.exe
Process ID: 25228"
"18-08-2026 10:37:22","4","Information","Microsoft-Windows-Bits-Client","The transfer job is complete.
User: NT AUTHORITY\SYSTEM
Transfer job: Dell_Asimov.B9D0AB6533F3AE24ABF0D9F4D540AC2FAEE349CA
Job ID: {9281d7dc-8779-4cb2-af7f-28b749dda44f}
Owner: NT AUTHORITY\SYSTEM
File count: 1"
"18-08-2026 10:37:22","60","Information","Microsoft-Windows-Bits-Client","BITS stopped transferring the Dell_Asimov.B9D0AB6533F3AE24ABF0D9F4D540AC2FAEE349CA transfer job that is associated with the https://downloads.dell.com/FOLDER14508598M/2/Intel-PCIe-Ethernet-Controller-Driver_PGN38_WIN64_20.0.3.28_A07.EXE URL. The status code is 0x0."
"18-08-2026 10:37:19","59","Information","Microsoft-Windows-Bits-Client","BITS started the Dell_Asimov.B9D0AB6533F3AE24ABF0D9F4D540AC2FAEE349CA transfer job that is associated with the https://downloads.dell.com/FOLDER14508598M/2/Intel-PCIe-Ethernet-Controller-Driver_PGN38_WIN64_20.0.3.28_A07.EXE URL."
"18-08-2026 10:37:19","16403","Information","Microsoft-Windows-Bits-Client",
"18-08-2026 10:37:19","3","Information","Microsoft-Windows-Bits-Client","The BITS service created a new job.
Transfer job: Dell_Asimov.B9D0AB6533F3AE24ABF0D9F4D540AC2FAEE349CA
Job ID: {9281d7dc-8779-4cb2-af7f-28b749dda44f}
Owner: NT AUTHORITY\SYSTEM
Process Path: C:\Program Files (x86)\Dell\UpdateService\ServiceShell.exe
Process ID: 25228"
"18-08-2026 10:37:16","4","Information","Microsoft-Windows-Bits-Client","The transfer job is complete.
User: NT AUTHORITY\SYSTEM
Transfer job: Dell_Asimov.61F608B0863200D9FFA10DB3021008ED55987B9A
Job ID: {3b381b24-aa44-4113-8d72-c7fc1af54c86}
Owner: NT AUTHORITY\SYSTEM
File count: 1"
"18-08-2026 10:37:16","60","Information","Microsoft-Windows-Bits-Client","BITS stopped transferring the Dell_Asimov.61F608B0863200D9FFA10DB3021008ED55987B9A transfer job that is associated with the https://downloads.dell.com/FOLDER14588340M/3/Intel-Platform-Monitoring-Technology-Driver_FW278_WIN64_5.2.6.30002_A04.EXE URL. The status code is 0x0."
"18-08-2026 10:37:15","59","Information","Microsoft-Windows-Bits-Client","BITS started the Dell_Asimov.61F608B0863200D9FFA10DB3021008ED55987B9A transfer job that is associated with the https://downloads.dell.com/FOLDER14588340M/3/Intel-Platform-Monitoring-Technology-Driver_FW278_WIN64_5.2.6.30002_A04.EXE URL."
"18-08-2026 10:37:15","16403","Information","Microsoft-Windows-Bits-Client",
"18-08-2026 10:37:15","3","Information","Microsoft-Windows-Bits-Client","The BITS service created a new job.
Transfer job: Dell_Asimov.61F608B0863200D9FFA10DB3021008ED55987B9A
Job ID: {3b381b24-aa44-4113-8d72-c7fc1af54c86}
Owner: NT AUTHORITY\SYSTEM
Process Path: C:\Program Files (x86)\Dell\UpdateService\ServiceShell.exe
Process ID: 25228"
"18-08-2026 10:37:10","4","Information","Microsoft-Windows-Bits-Client","The transfer job is complete.
User: NT AUTHORITY\SYSTEM
Transfer job: Dell_Asimov.4AD5DAA43C0BBF09F75A657C3700CEBE32F678EA
Job ID: {085e8a01-e169-4c10-8d5e-c269e6ba4a4b}
Owner: NT AUTHORITY\SYSTEM
File count: 1"
"18-08-2026 10:37:10","60","Information","Microsoft-Windows-Bits-Client","BITS stopped transferring the Dell_Asimov.4AD5DAA43C0BBF09F75A657C3700CEBE32F678EA transfer job that is associated with the https://downloads.dell.com/FOLDER14740986M/1/Dell_Pro_PA13250_PA14250_PB13250_PB14250_PB16250_2.14.4.exe URL. The status code is 0x0."
"18-08-2026 10:36:53","59","Information","Microsoft-Windows-Bits-Client","BITS started the Dell_Asimov.4AD5DAA43C0BBF09F75A657C3700CEBE32F678EA transfer job that is associated with the https://downloads.dell.com/FOLDER14740986M/1/Dell_Pro_PA13250_PA14250_PB13250_PB14250_PB16250_2.14.4.exe URL."
"18-08-2026 10:36:53","16403","Information","Microsoft-Windows-Bits-Client",
"18-08-2026 10:36:53","3","Information","Microsoft-Windows-Bits-Client","The BITS service created a new job.
Transfer job: Dell_Asimov.4AD5DAA43C0BBF09F75A657C3700CEBE32F678EA
Job ID: {085e8a01-e169-4c10-8d5e-c269e6ba4a4b}
Owner: NT AUTHORITY\SYSTEM
Process Path: C:\Program Files (x86)\Dell\UpdateService\ServiceShell.exe
Process ID: 25228"
"18-08-2026 10:36:49","4","Information","Microsoft-Windows-Bits-Client","The transfer job is complete.
User: NT AUTHORITY\SYSTEM
Transfer job: Dell_Asimov.536D1D5C844F07BB2427640D8273A250A916ADB4
Job ID: {cc673e03-8582-4480-8445-95647ce57d13}
Owner: NT AUTHORITY\SYSTEM
File count: 1"
"18-08-2026 10:36:49","60","Information","Microsoft-Windows-Bits-Client","BITS stopped transferring the Dell_Asimov.536D1D5C844F07BB2427640D8273A250A916ADB4 transfer job that is associated with the https://downloads.dell.com/FOLDER14567531M/2/Intel-PPM-Provisioning-Package_FP0X2_WIN64_15.0.0_A15_01.EXE URL. The status code is 0x0."
"18-08-2026 10:36:46","59","Information","Microsoft-Windows-Bits-Client","BITS started the Dell_Asimov.536D1D5C844F07BB2427640D8273A250A916ADB4 transfer job that is associated with the https://downloads.dell.com/FOLDER14567531M/2/Intel-PPM-Provisioning-Package_FP0X2_WIN64_15.0.0_A15_01.EXE URL."
"18-08-2026 10:36:46","16403","Information","Microsoft-Windows-Bits-Client",
"18-08-2026 10:36:46","3","Information","Microsoft-Windows-Bits-Client","The BITS service created a new job.
Transfer job: Dell_Asimov.536D1D5C844F07BB2427640D8273A250A916ADB4
Job ID: {cc673e03-8582-4480-8445-95647ce57d13}
Owner: NT AUTHORITY\SYSTEM
Process Path: C:\Program Files (x86)\Dell\UpdateService\ServiceShell.exe
Process ID: 25228"
"18-08-2026 10:35:12","4","Information","Microsoft-Windows-Bits-Client","The transfer job is complete.
User: ENTERPRISE\arjo5004
Transfer job: Chrome Component Updater
Job ID: {fef8bcbd-228b-4532-84bb-5e6d0e09eae2}
Owner: ENTERPRISE\arjo5004
File count: 1"
"18-08-2026 10:35:08","60","Information","Microsoft-Windows-Bits-Client","BITS stopped transferring the Chrome Component Updater transfer job that is associated with the http://edgedl.me.gvt1.com/edgedl/diffgen-puffin/hfnkpimlhhgieaddgfemjhofmfblmnib/6c2313668c348dc125b51a511883fcd45c3e3b9e689372f3abc7506477b987c9 URL. The status code is 0x0."
"18-08-2026 10:35:08","59","Information","Microsoft-Windows-Bits-Client","BITS started the Chrome Component Updater transfer job that is associated with the http://edgedl.me.gvt1.com/edgedl/diffgen-puffin/hfnkpimlhhgieaddgfemjhofmfblmnib/6c2313668c348dc125b51a511883fcd45c3e3b9e689372f3abc7506477b987c9 URL."
"18-08-2026 10:35:08","16403","Information","Microsoft-Windows-Bits-Client",
"18-08-2026 10:35:08","3","Information","Microsoft-Windows-Bits-Client","The BITS service created a new job.
Transfer job: Chrome Component Updater
Job ID: {fef8bcbd-228b-4532-84bb-5e6d0e09eae2}
Owner: ENTERPRISE\arjo5004
Process Path: C:\Program Files\Google\Chrome\Application\chrome.exe
Process ID: 22104"
"18-08-2026 10:35:02","4","Information","Microsoft-Windows-Bits-Client","The transfer job is complete.
User: ENTERPRISE\arjo5004
Transfer job: Chrome Component Updater
Job ID: {4e1fccaa-9b7e-4f2c-945a-c29ec8dfdc06}
Owner: ENTERPRISE\arjo5004
File count: 1"
"18-08-2026 10:34:59","60","Information","Microsoft-Windows-Bits-Client","BITS stopped transferring the Chrome Component Updater transfer job that is associated with the http://edgedl.me.gvt1.com/edgedl/diffgen-puffin/ggkkehgbnfjpeggfpleeakpidbkibbmn/91caa90e045267f811f05c9b932dab54b7897df02516c25c17d9d42f74e26345 URL. The status code is 0x0."
