"07-08-2026 17:23:40","216","Warning","Microsoft-Windows-AppxPackagingOM","App manifest validation warning: Declared namespace http://schemas.microsoft.com/developer/appx/2015/build is inapplicable, it will be ignored during manifest processing."
"07-08-2026 17:01:53","171","Information","Microsoft-Windows-AppxPackagingOM","The reader was created successfully for app package Microsoft.SecHealthUI_1000.29628.1000.0_x64__8wekyb3d8bbwe."
"07-08-2026 16:31:03","171","Information","Microsoft-Windows-AppxPackagingOM","The reader was created successfully for app package Microsoft.SecHealthUI_1000.29628.1000.0_x64__8wekyb3d8bbwe."
"07-08-2026 16:23:39","216","Warning","Microsoft-Windows-AppxPackagingOM","App manifest validation warning: Declared namespace http://schemas.microsoft.com/developer/appx/2015/build is inapplicable, it will be ignored during manifest processing."
"07-08-2026 16:03:24","171","Information","Microsoft-Windows-AppxPackagingOM","The reader was created successfully for app package Microsoft.SecHealthUI_1000.29628.1000.0_x64__8wekyb3d8bbwe."
"07-08-2026 15:27:19","171","Information","Microsoft-Windows-AppxPackagingOM","The reader was created successfully for app package Microsoft.SecHealthUI_1000.29628.1000.0_x64__8wekyb3d8bbwe."
"07-08-2026 15:23:38","216","Warning","Microsoft-Windows-AppxPackagingOM","App manifest validation warning: Declared namespace http://schemas.microsoft.com/developer/appx/2015/build is inapplicable, it will be ignored during manifest processing."
"07-08-2026 14:41:03","171","Information","Microsoft-Windows-AppxPackagingOM","The reader was created successfully for app package Microsoft.SecHealthUI_1000.29628.1000.0_x64__8wekyb3d8bbwe."
"07-08-2026 14:23:38","216","Warning","Microsoft-Windows-AppxPackagingOM","App manifest validation warning: Declared namespace http://schemas.microsoft.com/developer/appx/2015/build is inapplicable, it will be ignored during manifest processing."
"07-08-2026 14:08:17","171","Information","Microsoft-Windows-AppxPackagingOM","The reader was created successfully for app package Microsoft.SecHealthUI_1000.29628.1000.0_x64__8wekyb3d8bbwe."
"07-08-2026 13:23:37","216","Warning","Microsoft-Windows-AppxPackagingOM","App manifest validation warning: Declared namespace http://schemas.microsoft.com/developer/appx/2015/build is inapplicable, it will be ignored during manifest processing."
"07-08-2026 13:09:27","171","Information","Microsoft-Windows-AppxPackagingOM","The reader was created successfully for app package Microsoft.SecHealthUI_1000.29628.1000.0_x64__8wekyb3d8bbwe."
"07-08-2026 12:35:31","171","Information","Microsoft-Windows-AppxPackagingOM","The reader was created successfully for app package Microsoft.SecHealthUI_1000.29628.1000.0_x64__8wekyb3d8bbwe."
"07-08-2026 12:23:36","216","Warning","Microsoft-Windows-AppxPackagingOM","App manifest validation warning: Declared namespace http://schemas.microsoft.com/developer/appx/2015/build is inapplicable, it will be ignored during manifest processing."
"07-08-2026 12:04:44","171","Information","Microsoft-Windows-AppxPackagingOM","The reader was created successfully for app package Microsoft.SecHealthUI_1000.29628.1000.0_x64__8wekyb3d8bbwe."
"07-08-2026 11:28:17","171","Information","Microsoft-Windows-AppxPackagingOM","The reader was created successfully for app package Microsoft.SecHealthUI_1000.29628.1000.0_x64__8wekyb3d8bbwe."
"07-08-2026 11:23:36","216","Warning","Microsoft-Windows-AppxPackagingOM","App manifest validation warning: Declared namespace http://schemas.microsoft.com/developer/appx/2015/build is inapplicable, it will be ignored during manifest processing."
"07-08-2026 10:55:08","171","Information","Microsoft-Windows-AppxPackagingOM","The reader was created successfully for app package Microsoft.SecHealthUI_1000.29628.1000.0_x64__8wekyb3d8bbwe."
"07-08-2026 10:38:23","171","Information","Microsoft-Windows-AppxPackagingOM","The reader was created successfully for app package Microsoft.SecHealthUI_1000.29628.1000.0_x64__8wekyb3d8bbwe."
"07-08-2026 10:28:30","170","Information","Microsoft-Windows-AppxPackagingOM","The streaming reader was created successfully for app package Microsoft.WindowsStore_22606.1401.13.0_x64__8wekyb3d8bbwe."
"07-08-2026 10:28:30","216","Warning","Microsoft-Windows-AppxPackagingOM","App manifest validation warning: Declared namespace http://schemas.microsoft.com/developer/appx/2015/build is inapplicable, it will be ignored during manifest processing."
"07-08-2026 10:28:30","157","Information","Microsoft-Windows-AppxPackagingOM","The app package signature was validated for core content of the app package published by CN=Microsoft Corporation, O=Microsoft Corporation, L=Redmond, S=Washington, C=US. Payload won't be validated until the files are read."
"07-08-2026 10:28:29","391","Information","Microsoft-Windows-AppxPackagingOM","The bundle streaming reader was created successfully for bundle Microsoft.WindowsStore_22606.1401.13.0_neutral_~_8wekyb3d8bbwe."
"07-08-2026 10:28:29","164","Information","Microsoft-Windows-AppxPackagingOM","The app bundle signature was validated for core content of the app bundle published by CN=Microsoft Corporation, O=Microsoft Corporation, L=Redmond, S=Washington, C=US. App packages won't be validated until they are read."
"07-08-2026 10:28:10","170","Information","Microsoft-Windows-AppxPackagingOM","The streaming reader was created successfully for app package Microsoft.WindowsAlarms_11.2606.11.0_neutral_split.scale-100_8wekyb3d8bbwe."
"07-08-2026 10:28:10","157","Information","Microsoft-Windows-AppxPackagingOM","The app package signature was validated for core content of the app package published by CN=Microsoft Corporation, O=Microsoft Corporation, L=Redmond, S=Washington, C=US. Payload won't be validated until the files are read."
"07-08-2026 10:28:10","170","Information","Microsoft-Windows-AppxPackagingOM","The streaming reader was created successfully for app package Microsoft.WindowsAlarms_11.2606.11.0_neutral_split.scale-150_8wekyb3d8bbwe."
"07-08-2026 10:28:10","157","Information","Microsoft-Windows-AppxPackagingOM","The app package signature was validated for core content of the app package published by CN=Microsoft Corporation, O=Microsoft Corporation, L=Redmond, S=Washington, C=US. Payload won't be validated until the files are read."
"07-08-2026 10:28:09","170","Information","Microsoft-Windows-AppxPackagingOM","The streaming reader was created successfully for app package Microsoft.WindowsAlarms_11.2606.11.0_x64__8wekyb3d8bbwe."
"07-08-2026 10:28:09","216","Warning","Microsoft-Windows-AppxPackagingOM","App manifest validation warning: Declared namespace http://schemas.microsoft.com/developer/appx/2015/build is inapplicable, it will be ignored during manifest processing."
"07-08-2026 10:28:09","157","Information","Microsoft-Windows-AppxPackagingOM","The app package signature was validated for core content of the app package published by CN=Microsoft Corporation, O=Microsoft Corporation, L=Redmond, S=Washington, C=US. Payload won't be validated until the files are read."
"07-08-2026 10:28:06","391","Information","Microsoft-Windows-AppxPackagingOM","The bundle streaming reader was created successfully for bundle Microsoft.WindowsAlarms_2021.2606.11.0_neutral_~_8wekyb3d8bbwe."
"07-08-2026 10:28:06","164","Information","Microsoft-Windows-AppxPackagingOM","The app bundle signature was validated for core content of the app bundle published by CN=Microsoft Corporation, O=Microsoft Corporation, L=Redmond, S=Washington, C=US. App packages won't be validated until they are read."
"07-08-2026 10:27:58","170","Information","Microsoft-Windows-AppxPackagingOM","The streaming reader was created successfully for app package MicrosoftCorporationII.QuickAssist_2.0.47.0_neutral_split.scale-100_8wekyb3d8bbwe."
"07-08-2026 10:27:58","157","Information","Microsoft-Windows-AppxPackagingOM","The app package signature was validated for core content of the app package published by CN=Microsoft Corporation, O=Microsoft Corporation, L=Redmond, S=Washington, C=US. Payload won't be validated until the files are read."
"07-08-2026 10:27:57","170","Information","Microsoft-Windows-AppxPackagingOM","The streaming reader was created successfully for app package MicrosoftCorporationII.QuickAssist_2.0.47.0_neutral_split.scale-150_8wekyb3d8bbwe."
"07-08-2026 10:27:57","157","Information","Microsoft-Windows-AppxPackagingOM","The app package signature was validated for core content of the app package published by CN=Microsoft Corporation, O=Microsoft Corporation, L=Redmond, S=Washington, C=US. Payload won't be validated until the files are read."
"07-08-2026 10:27:56","170","Information","Microsoft-Windows-AppxPackagingOM","The streaming reader was created successfully for app package MicrosoftCorporationII.QuickAssist_2.0.47.0_x64__8wekyb3d8bbwe."
"07-08-2026 10:27:56","216","Warning","Microsoft-Windows-AppxPackagingOM","App manifest validation warning: Declared namespace http://schemas.microsoft.com/appx/manifest/desktop/windows10/7 is inapplicable, it will be ignored during manifest processing."
"07-08-2026 10:27:56","216","Warning","Microsoft-Windows-AppxPackagingOM","App manifest validation warning: Declared namespace http://schemas.microsoft.com/developer/appx/2015/build is inapplicable, it will be ignored during manifest processing."
"07-08-2026 10:27:56","157","Information","Microsoft-Windows-AppxPackagingOM","The app package signature was validated for core content of the app package published by CN=Microsoft Corporation, O=Microsoft Corporation, L=Redmond, S=Washington, C=US. Payload won't be validated until the files are read."
"07-08-2026 10:27:56","391","Information","Microsoft-Windows-AppxPackagingOM","The bundle streaming reader was created successfully for bundle MicrosoftCorporationII.QuickAssist_2026.219.226.0_neutral_~_8wekyb3d8bbwe."
"07-08-2026 10:27:56","164","Information","Microsoft-Windows-AppxPackagingOM","The app bundle signature was validated for core content of the app bundle published by CN=Microsoft Corporation, O=Microsoft Corporation, L=Redmond, S=Washington, C=US. App packages won't be validated until they are read."
"07-08-2026 10:27:52","170","Information","Microsoft-Windows-AppxPackagingOM","The streaming reader was created successfully for app package Microsoft.People_10.2202.100.0_neutral_split.scale-100_8wekyb3d8bbwe."
"07-08-2026 10:27:51","157","Information","Microsoft-Windows-AppxPackagingOM","The app package signature was validated for core content of the app package published by CN=Microsoft Corporation, O=Microsoft Corporation, L=Redmond, S=Washington, C=US. Payload won't be validated until the files are read."
"07-08-2026 10:27:51","170","Information","Microsoft-Windows-AppxPackagingOM","The streaming reader was created successfully for app package Microsoft.People_10.2202.100.0_neutral_split.scale-150_8wekyb3d8bbwe."
"07-08-2026 10:27:50","157","Information","Microsoft-Windows-AppxPackagingOM","The app package signature was validated for core content of the app package published by CN=Microsoft Corporation, O=Microsoft Corporation, L=Redmond, S=Washington, C=US. Payload won't be validated until the files are read."
"07-08-2026 10:27:50","170","Information","Microsoft-Windows-AppxPackagingOM","The streaming reader was created successfully for app package Microsoft.People_10.2202.100.0_x64__8wekyb3d8bbwe."
"07-08-2026 10:27:50","216","Warning","Microsoft-Windows-AppxPackagingOM","App manifest validation warning: Declared namespace http://schemas.microsoft.com/developer/appx/2015/build is inapplicable, it will be ignored during manifest processing."
"07-08-2026 10:27:49","157","Information","Microsoft-Windows-AppxPackagingOM","The app package signature was validated for core content of the app package published by CN=Microsoft Corporation, O=Microsoft Corporation, L=Redmond, S=Washington, C=US. Payload won't be validated until the files are read."
"07-08-2026 10:27:49","391","Information","Microsoft-Windows-AppxPackagingOM","The bundle streaming reader was created successfully for bundle Microsoft.People_2021.2202.100.0_neutral_~_8wekyb3d8bbwe."
"07-08-2026 10:27:49","164","Information","Microsoft-Windows-AppxPackagingOM","The app bundle signature was validated for core content of the app bundle published by CN=Microsoft Corporation, O=Microsoft Corporation, L=Redmond, S=Washington, C=US. App packages won't be validated until they are read."
"07-08-2026 10:27:44","170","Information","Microsoft-Windows-AppxPackagingOM","The streaming reader was created successfully for app package Microsoft.MicrosoftStickyNotes_6.1.4.0_neutral_split.scale-100_8wekyb3d8bbwe."
"07-08-2026 10:27:44","157","Information","Microsoft-Windows-AppxPackagingOM","The app package signature was validated for core content of the app package published by CN=Microsoft Corporation, O=Microsoft Corporation, L=Redmond, S=Washington, C=US. Payload won't be validated until the files are read."
"07-08-2026 10:27:43","170","Information","Microsoft-Windows-AppxPackagingOM","The streaming reader was created successfully for app package Microsoft.MicrosoftStickyNotes_6.1.4.0_neutral_split.scale-150_8wekyb3d8bbwe."
"07-08-2026 10:27:43","157","Information","Microsoft-Windows-AppxPackagingOM","The app package signature was validated for core content of the app package published by CN=Microsoft Corporation, O=Microsoft Corporation, L=Redmond, S=Washington, C=US. Payload won't be validated until the files are read."
"07-08-2026 10:27:42","170","Information","Microsoft-Windows-AppxPackagingOM","The streaming reader was created successfully for app package Microsoft.MicrosoftStickyNotes_6.1.4.0_x64__8wekyb3d8bbwe."
"07-08-2026 10:27:42","216","Warning","Microsoft-Windows-AppxPackagingOM","App manifest validation warning: Declared namespace http://schemas.microsoft.com/developer/appx/2015/build is inapplicable, it will be ignored during manifest processing."
"07-08-2026 10:27:42","157","Information","Microsoft-Windows-AppxPackagingOM","The app package signature was validated for core content of the app package published by CN=Microsoft Corporation, O=Microsoft Corporation, L=Redmond, S=Washington, C=US. Payload won't be validated until the files are read."
"07-08-2026 10:27:40","391","Information","Microsoft-Windows-AppxPackagingOM","The bundle streaming reader was created successfully for bundle Microsoft.MicrosoftStickyNotes_6.1.4.0_neutral_~_8wekyb3d8bbwe."
"07-08-2026 10:27:40","164","Information","Microsoft-Windows-AppxPackagingOM","The app bundle signature was validated for core content of the app bundle published by CN=Microsoft Corporation, O=Microsoft Corporation, L=Redmond, S=Washington, C=US. App packages won't be validated until they are read."
"07-08-2026 10:27:24","170","Information","Microsoft-Windows-AppxPackagingOM","The streaming reader was created successfully for app package Microsoft.MicrosoftOfficeHub_19.2608.34011.0_neutral_split.scale-100_8wekyb3d8bbwe."
"07-08-2026 10:27:24","157","Information","Microsoft-Windows-AppxPackagingOM","The app package signature was validated for core content of the app package published by CN=Microsoft Corporation, O=Microsoft Corporation, L=Redmond, S=Washington, C=US. Payload won't be validated until the files are read."
"07-08-2026 10:27:23","170","Information","Microsoft-Windows-AppxPackagingOM","The streaming reader was created successfully for app package Microsoft.MicrosoftOfficeHub_19.2608.34011.0_neutral_split.scale-150_8wekyb3d8bbwe."
"07-08-2026 10:27:23","157","Information","Microsoft-Windows-AppxPackagingOM","The app package signature was validated for core content of the app package published by CN=Microsoft Corporation, O=Microsoft Corporation, L=Redmond, S=Washington, C=US. Payload won't be validated until the files are read."
"07-08-2026 10:27:23","170","Information","Microsoft-Windows-AppxPackagingOM","The streaming reader was created successfully for app package AppUp.IntelGraphicsExperience_1.100.5688.0_neutral_split.scale-100_8j3eq9eme6ctt."
"07-08-2026 10:27:23","157","Information","Microsoft-Windows-AppxPackagingOM","The app package signature was validated for core content of the app package published by CN=EB51A5DA-0E72-4863-82E4-EA21C1F8DFE3. Payload won't be validated until the files are read."
"07-08-2026 10:27:22","170","Information","Microsoft-Windows-AppxPackagingOM","The streaming reader was created successfully for app package Microsoft.MicrosoftOfficeHub_19.2608.34011.0_x64__8wekyb3d8bbwe."
"07-08-2026 10:27:22","216","Warning","Microsoft-Windows-AppxPackagingOM","App manifest validation warning: Declared namespace http://schemas.microsoft.com/developer/appx/2015/build is inapplicable, it will be ignored during manifest processing."
"07-08-2026 10:27:22","157","Information","Microsoft-Windows-AppxPackagingOM","The app package signature was validated for core content of the app package published by CN=Microsoft Corporation, O=Microsoft Corporation, L=Redmond, S=Washington, C=US. Payload won't be validated until the files are read."
"07-08-2026 10:27:22","170","Information","Microsoft-Windows-AppxPackagingOM","The streaming reader was created successfully for app package AppUp.IntelGraphicsExperience_1.100.5688.0_neutral_split.scale-150_8j3eq9eme6ctt."
"07-08-2026 10:27:22","157","Information","Microsoft-Windows-AppxPackagingOM","The app package signature was validated for core content of the app package published by CN=EB51A5DA-0E72-4863-82E4-EA21C1F8DFE3. Payload won't be validated until the files are read."
"07-08-2026 10:27:21","170","Information","Microsoft-Windows-AppxPackagingOM","The streaming reader was created successfully for app package AppUp.IntelGraphicsExperience_1.100.5688.0_x64__8j3eq9eme6ctt."
"07-08-2026 10:27:21","216","Warning","Microsoft-Windows-AppxPackagingOM","App manifest validation warning: Declared namespace http://schemas.microsoft.com/developer/appx/2015/build is inapplicable, it will be ignored during manifest processing."
"07-08-2026 10:27:21","157","Information","Microsoft-Windows-AppxPackagingOM","The app package signature was validated for core content of the app package published by CN=EB51A5DA-0E72-4863-82E4-EA21C1F8DFE3. Payload won't be validated until the files are read."
"07-08-2026 10:27:21","391","Information","Microsoft-Windows-AppxPackagingOM","The bundle streaming reader was created successfully for bundle Microsoft.MicrosoftOfficeHub_2026.804.1438.0_neutral_~_8wekyb3d8bbwe."
"07-08-2026 10:27:21","164","Information","Microsoft-Windows-AppxPackagingOM","The app bundle signature was validated for core content of the app bundle published by CN=Microsoft Corporation, O=Microsoft Corporation, L=Redmond, S=Washington, C=US. App packages won't be validated until they are read."
"07-08-2026 10:27:18","391","Information","Microsoft-Windows-AppxPackagingOM","The bundle streaming reader was created successfully for bundle AppUp.IntelGraphicsExperience_1.100.5688.0_neutral_~_8j3eq9eme6ctt."
"07-08-2026 10:27:17","164","Information","Microsoft-Windows-AppxPackagingOM","The app bundle signature was validated for core content of the app bundle published by CN=EB51A5DA-0E72-4863-82E4-EA21C1F8DFE3. App packages won't be validated until they are read."
"07-08-2026 10:23:35","216","Warning","Microsoft-Windows-AppxPackagingOM","App manifest validation warning: Declared namespace http://schemas.microsoft.com/developer/appx/2015/build is inapplicable, it will be ignored during manifest processing."
"07-08-2026 10:08:27","171","Information","Microsoft-Windows-AppxPackagingOM","The reader was created successfully for app package Microsoft.SecHealthUI_1000.29628.1000.0_x64__8wekyb3d8bbwe."
"07-08-2026 09:26:34","171","Information","Microsoft-Windows-AppxPackagingOM","The reader was created successfully for app package Microsoft.SecHealthUI_1000.29628.1000.0_x64__8wekyb3d8bbwe."
"07-08-2026 09:23:34","216","Warning","Microsoft-Windows-AppxPackagingOM","App manifest validation warning: Declared namespace http://schemas.microsoft.com/developer/appx/2015/build is inapplicable, it will be ignored during manifest processing."
"06-08-2026 18:10:54","216","Warning","Microsoft-Windows-AppxPackagingOM","App manifest validation warning: Declared namespace http://schemas.microsoft.com/developer/appx/2015/build is inapplicable, it will be ignored during manifest processing."
"06-08-2026 17:10:53","216","Warning","Microsoft-Windows-AppxPackagingOM","App manifest validation warning: Declared namespace http://schemas.microsoft.com/developer/appx/2015/build is inapplicable, it will be ignored during manifest processing."
"06-08-2026 16:58:39","171","Information","Microsoft-Windows-AppxPackagingOM","The reader was created successfully for app package Microsoft.SecHealthUI_1000.29628.1000.0_x64__8wekyb3d8bbwe."
"06-08-2026 16:16:41","171","Information","Microsoft-Windows-AppxPackagingOM","The reader was created successfully for app package Microsoft.SecHealthUI_1000.29628.1000.0_x64__8wekyb3d8bbwe."
"06-08-2026 16:10:52","216","Warning","Microsoft-Windows-AppxPackagingOM","App manifest validation warning: Declared namespace http://schemas.microsoft.com/developer/appx/2015/build is inapplicable, it will be ignored during manifest processing."
"06-08-2026 15:54:12","171","Information","Microsoft-Windows-AppxPackagingOM","The reader was created successfully for app package Microsoft.SecHealthUI_1000.29628.1000.0_x64__8wekyb3d8bbwe."
"06-08-2026 15:51:46","171","Information","Microsoft-Windows-AppxPackagingOM","The reader was created successfully for app package Microsoft.SecHealthUI_1000.29628.1000.0_x64__8wekyb3d8bbwe."
"06-08-2026 15:40:59","101","Error","Microsoft-Windows-AppxPackagingOM","error 0x80080204: App manifest validation error: The document root element m:Package | win10foundation:Package must be defined in the http://schemas.microsoft.com/appx/2010/manifest namespace."
"06-08-2026 15:40:56","101","Error","Microsoft-Windows-AppxPackagingOM","error 0x80080204: App manifest validation error: The document root element m:Package | win10foundation:Package must be defined in the http://schemas.microsoft.com/appx/2010/manifest namespace."
"06-08-2026 15:40:52","170","Information","Microsoft-Windows-AppxPackagingOM","The streaming reader was created successfully for app package Microsoft.OneDriveSync_26134.713.4.0_neutral__8wekyb3d8bbwe."
"06-08-2026 15:40:52","157","Information","Microsoft-Windows-AppxPackagingOM","The app package signature was validated for core content of the app package published by CN=Microsoft Corporation, O=Microsoft Corporation, L=Redmond, S=Washington, C=US. Payload won't be validated until the files are read."
"06-08-2026 15:40:39","170","Information","Microsoft-Windows-AppxPackagingOM","The streaming reader was created successfully for app package Microsoft.OneDriveSync_26134.713.4.0_neutral__8wekyb3d8bbwe."
"06-08-2026 15:40:39","157","Information","Microsoft-Windows-AppxPackagingOM","The app package signature was validated for core content of the app package published by CN=Microsoft Corporation, O=Microsoft Corporation, L=Redmond, S=Washington, C=US. Payload won't be validated until the files are read."
"06-08-2026 15:10:52","216","Warning","Microsoft-Windows-AppxPackagingOM","App manifest validation warning: Declared namespace http://schemas.microsoft.com/developer/appx/2015/build is inapplicable, it will be ignored during manifest processing."
"06-08-2026 15:00:04","171","Information","Microsoft-Windows-AppxPackagingOM","The reader was created successfully for app package Microsoft.SecHealthUI_1000.29628.1000.0_x64__8wekyb3d8bbwe."
"06-08-2026 14:35:38","171","Information","Microsoft-Windows-AppxPackagingOM","The reader was created successfully for app package Microsoft.SecHealthUI_1000.29628.1000.0_x64__8wekyb3d8bbwe."
"06-08-2026 14:29:45","171","Information","Microsoft-Windows-AppxPackagingOM","The reader was created successfully for app package Microsoft.SecHealthUI_1000.29628.1000.0_x64__8wekyb3d8bbwe."
"06-08-2026 14:23:09","171","Information","Microsoft-Windows-AppxPackagingOM","The reader was created successfully for app package Microsoft.SecHealthUI_1000.29628.1000.0_x64__8wekyb3d8bbwe."
"06-08-2026 14:10:51","216","Warning","Microsoft-Windows-AppxPackagingOM","App manifest validation warning: Declared namespace http://schemas.microsoft.com/developer/appx/2015/build is inapplicable, it will be ignored during manifest processing."
"06-08-2026 13:53:00","171","Information","Microsoft-Windows-AppxPackagingOM","The reader was created successfully for app package Microsoft.SecHealthUI_1000.29628.1000.0_x64__8wekyb3d8bbwe."
"06-08-2026 13:10:51","216","Warning","Microsoft-Windows-AppxPackagingOM","App manifest validation warning: Declared namespace http://schemas.microsoft.com/developer/appx/2015/build is inapplicable, it will be ignored during manifest processing."
"06-08-2026 12:25:03","171","Information","Microsoft-Windows-AppxPackagingOM","The reader was created successfully for app package Microsoft.SecHealthUI_1000.29628.1000.0_x64__8wekyb3d8bbwe."
"06-08-2026 12:10:50","216","Warning","Microsoft-Windows-AppxPackagingOM","App manifest validation warning: Declared namespace http://schemas.microsoft.com/developer/appx/2015/build is inapplicable, it will be ignored during manifest processing."
"06-08-2026 11:12:58","170","Information","Microsoft-Windows-AppxPackagingOM","The streaming reader was created successfully for app package Microsoft.MicrosoftOfficeHub_19.2607.61020.0_x64__8wekyb3d8bbwe."
"06-08-2026 11:12:58","216","Warning","Microsoft-Windows-AppxPackagingOM","App manifest validation warning: Declared namespace http://schemas.microsoft.com/developer/appx/2015/build is inapplicable, it will be ignored during manifest processing."
"06-08-2026 11:12:58","157","Information","Microsoft-Windows-AppxPackagingOM","The app package signature was validated for core content of the app package published by CN=Microsoft Corporation, O=Microsoft Corporation, L=Redmond, S=Washington, C=US. Payload won't be validated until the files are read."
"06-08-2026 11:12:57","391","Information","Microsoft-Windows-AppxPackagingOM","The bundle streaming reader was created successfully for bundle Microsoft.MicrosoftOfficeHub_19.2607.61020.0_neutral_~_8wekyb3d8bbwe."
"06-08-2026 11:12:57","164","Information","Microsoft-Windows-AppxPackagingOM","The app bundle signature was validated for core content of the app bundle published by CN=Microsoft Corporation, O=Microsoft Corporation, L=Redmond, S=Washington, C=US. App packages won't be validated until they are read."
"06-08-2026 11:12:53","171","Information","Microsoft-Windows-AppxPackagingOM","The reader was created successfully for app package Microsoft.MicrosoftOfficeHub_19.2510.22061.0_neutral_XPD.Sentinel_8wekyb3d8bbwe."
"06-08-2026 11:12:53","171","Information","Microsoft-Windows-AppxPackagingOM","The reader was created successfully for app package Microsoft.MicrosoftOfficeHub_19.2510.22061.0_neutral_XPD.Sentinel_8wekyb3d8bbwe."
"06-08-2026 11:10:49","216","Warning","Microsoft-Windows-AppxPackagingOM","App manifest validation warning: Declared namespace http://schemas.microsoft.com/developer/appx/2015/build is inapplicable, it will be ignored during manifest processing."
"06-08-2026 11:06:23","171","Information","Microsoft-Windows-AppxPackagingOM","The reader was created successfully for app package Microsoft.SecHealthUI_1000.29628.1000.0_x64__8wekyb3d8bbwe."
"06-08-2026 10:40:12","170","Information","Microsoft-Windows-AppxPackagingOM","The streaming reader was created successfully for app package MicrosoftCorporationII.QuickAssist_2.0.47.0_neutral_split.scale-100_8wekyb3d8bbwe."
"06-08-2026 10:40:11","157","Information","Microsoft-Windows-AppxPackagingOM","The app package signature was validated for core content of the app package published by CN=Microsoft Corporation, O=Microsoft Corporation, L=Redmond, S=Washington, C=US. Payload won't be validated until the files are read."
"06-08-2026 10:40:10","170","Information","Microsoft-Windows-AppxPackagingOM","The streaming reader was created successfully for app package MicrosoftCorporationII.QuickAssist_2.0.47.0_neutral_split.scale-150_8wekyb3d8bbwe."
"06-08-2026 10:40:10","157","Information","Microsoft-Windows-AppxPackagingOM","The app package signature was validated for core content of the app package published by CN=Microsoft Corporation, O=Microsoft Corporation, L=Redmond, S=Washington, C=US. Payload won't be validated until the files are read."
"06-08-2026 10:40:07","170","Information","Microsoft-Windows-AppxPackagingOM","The streaming reader was created successfully for app package MicrosoftCorporationII.QuickAssist_2.0.47.0_x64__8wekyb3d8bbwe."
"06-08-2026 10:40:07","216","Warning","Microsoft-Windows-AppxPackagingOM","App manifest validation warning: Declared namespace http://schemas.microsoft.com/appx/manifest/desktop/windows10/7 is inapplicable, it will be ignored during manifest processing."
"06-08-2026 10:40:07","216","Warning","Microsoft-Windows-AppxPackagingOM","App manifest validation warning: Declared namespace http://schemas.microsoft.com/developer/appx/2015/build is inapplicable, it will be ignored during manifest processing."
"06-08-2026 10:40:07","157","Information","Microsoft-Windows-AppxPackagingOM","The app package signature was validated for core content of the app package published by CN=Microsoft Corporation, O=Microsoft Corporation, L=Redmond, S=Washington, C=US. Payload won't be validated until the files are read."
"06-08-2026 10:40:06","391","Information","Microsoft-Windows-AppxPackagingOM","The bundle streaming reader was created successfully for bundle MicrosoftCorporationII.QuickAssist_2026.219.226.0_neutral_~_8wekyb3d8bbwe."
"06-08-2026 10:40:06","164","Information","Microsoft-Windows-AppxPackagingOM","The app bundle signature was validated for core content of the app bundle published by CN=Microsoft Corporation, O=Microsoft Corporation, L=Redmond, S=Washington, C=US. App packages won't be validated until they are read."
"06-08-2026 10:40:04","170","Information","Microsoft-Windows-AppxPackagingOM","The streaming reader was created successfully for app package Microsoft.MicrosoftStickyNotes_6.1.4.0_neutral_split.scale-100_8wekyb3d8bbwe."
"06-08-2026 10:40:04","157","Information","Microsoft-Windows-AppxPackagingOM","The app package signature was validated for core content of the app package published by CN=Microsoft Corporation, O=Microsoft Corporation, L=Redmond, S=Washington, C=US. Payload won't be validated until the files are read."
"06-08-2026 10:40:03","170","Information","Microsoft-Windows-AppxPackagingOM","The streaming reader was created successfully for app package Microsoft.MicrosoftStickyNotes_6.1.4.0_neutral_split.scale-150_8wekyb3d8bbwe."
"06-08-2026 10:40:03","157","Information","Microsoft-Windows-AppxPackagingOM","The app package signature was validated for core content of the app package published by CN=Microsoft Corporation, O=Microsoft Corporation, L=Redmond, S=Washington, C=US. Payload won't be validated until the files are read."
"06-08-2026 10:40:02","170","Information","Microsoft-Windows-AppxPackagingOM","The streaming reader was created successfully for app package Microsoft.MicrosoftStickyNotes_6.1.4.0_x64__8wekyb3d8bbwe."
"06-08-2026 10:40:02","216","Warning","Microsoft-Windows-AppxPackagingOM","App manifest validation warning: Declared namespace http://schemas.microsoft.com/developer/appx/2015/build is inapplicable, it will be ignored during manifest processing."
"06-08-2026 10:40:02","157","Information","Microsoft-Windows-AppxPackagingOM","The app package signature was validated for core content of the app package published by CN=Microsoft Corporation, O=Microsoft Corporation, L=Redmond, S=Washington, C=US. Payload won't be validated until the files are read."
"06-08-2026 10:40:00","391","Information","Microsoft-Windows-AppxPackagingOM","The bundle streaming reader was created successfully for bundle Microsoft.MicrosoftStickyNotes_6.1.4.0_neutral_~_8wekyb3d8bbwe."
"06-08-2026 10:40:00","164","Information","Microsoft-Windows-AppxPackagingOM","The app bundle signature was validated for core content of the app bundle published by CN=Microsoft Corporation, O=Microsoft Corporation, L=Redmond, S=Washington, C=US. App packages won't be validated until they are read."
"06-08-2026 10:39:57","170","Information","Microsoft-Windows-AppxPackagingOM","The streaming reader was created successfully for app package Microsoft.People_10.2202.100.0_neutral_split.scale-100_8wekyb3d8bbwe."
"06-08-2026 10:39:57","157","Information","Microsoft-Windows-AppxPackagingOM","The app package signature was validated for core content of the app package published by CN=Microsoft Corporation, O=Microsoft Corporation, L=Redmond, S=Washington, C=US. Payload won't be validated until the files are read."
"06-08-2026 10:39:56","170","Information","Microsoft-Windows-AppxPackagingOM","The streaming reader was created successfully for app package Microsoft.People_10.2202.100.0_neutral_split.scale-150_8wekyb3d8bbwe."
"06-08-2026 10:39:55","157","Information","Microsoft-Windows-AppxPackagingOM","The app package signature was validated for core content of the app package published by CN=Microsoft Corporation, O=Microsoft Corporation, L=Redmond, S=Washington, C=US. Payload won't be validated until the files are read."
"06-08-2026 10:39:54","170","Information","Microsoft-Windows-AppxPackagingOM","The streaming reader was created successfully for app package Microsoft.People_10.2202.100.0_x64__8wekyb3d8bbwe."
"06-08-2026 10:39:54","216","Warning","Microsoft-Windows-AppxPackagingOM","App manifest validation warning: Declared namespace http://schemas.microsoft.com/developer/appx/2015/build is inapplicable, it will be ignored during manifest processing."
"06-08-2026 10:39:54","157","Information","Microsoft-Windows-AppxPackagingOM","The app package signature was validated for core content of the app package published by CN=Microsoft Corporation, O=Microsoft Corporation, L=Redmond, S=Washington, C=US. Payload won't be validated until the files are read."
"06-08-2026 10:39:52","391","Information","Microsoft-Windows-AppxPackagingOM","The bundle streaming reader was created successfully for bundle Microsoft.People_2021.2202.100.0_neutral_~_8wekyb3d8bbwe."
"06-08-2026 10:39:52","164","Information","Microsoft-Windows-AppxPackagingOM","The app bundle signature was validated for core content of the app bundle published by CN=Microsoft Corporation, O=Microsoft Corporation, L=Redmond, S=Washington, C=US. App packages won't be validated until they are read."
"06-08-2026 10:39:46","170","Information","Microsoft-Windows-AppxPackagingOM","The streaming reader was created successfully for app package AppUp.IntelGraphicsExperience_1.100.5688.0_neutral_split.scale-100_8j3eq9eme6ctt."
"06-08-2026 10:39:46","157","Information","Microsoft-Windows-AppxPackagingOM","The app package signature was validated for core content of the app package published by CN=EB51A5DA-0E72-4863-82E4-EA21C1F8DFE3. Payload won't be validated until the files are read."
"06-08-2026 10:39:45","170","Information","Microsoft-Windows-AppxPackagingOM","The streaming reader was created successfully for app package AppUp.IntelGraphicsExperience_1.100.5688.0_neutral_split.scale-150_8j3eq9eme6ctt."
"06-08-2026 10:39:45","157","Information","Microsoft-Windows-AppxPackagingOM","The app package signature was validated for core content of the app package published by CN=EB51A5DA-0E72-4863-82E4-EA21C1F8DFE3. Payload won't be validated until the files are read."
"06-08-2026 10:39:45","170","Information","Microsoft-Windows-AppxPackagingOM","The streaming reader was created successfully for app package AppUp.IntelGraphicsExperience_1.100.5688.0_x64__8j3eq9eme6ctt."
"06-08-2026 10:39:45","216","Warning","Microsoft-Windows-AppxPackagingOM","App manifest validation warning: Declared namespace http://schemas.microsoft.com/developer/appx/2015/build is inapplicable, it will be ignored during manifest processing."
"06-08-2026 10:39:44","157","Information","Microsoft-Windows-AppxPackagingOM","The app package signature was validated for core content of the app package published by CN=EB51A5DA-0E72-4863-82E4-EA21C1F8DFE3. Payload won't be validated until the files are read."
"06-08-2026 10:39:44","391","Information","Microsoft-Windows-AppxPackagingOM","The bundle streaming reader was created successfully for bundle AppUp.IntelGraphicsExperience_1.100.5688.0_neutral_~_8j3eq9eme6ctt."
"06-08-2026 10:39:43","164","Information","Microsoft-Windows-AppxPackagingOM","The app bundle signature was validated for core content of the app bundle published by CN=EB51A5DA-0E72-4863-82E4-EA21C1F8DFE3. App packages won't be validated until they are read."
"06-08-2026 10:24:23","170","Information","Microsoft-Windows-AppxPackagingOM","The streaming reader was created successfully for app package Microsoft.MicrosoftOfficeHub_19.2607.61021.0_neutral_split.scale-100_8wekyb3d8bbwe."
"06-08-2026 10:24:23","157","Information","Microsoft-Windows-AppxPackagingOM","The app package signature was validated for core content of the app package published by CN=Microsoft Corporation, O=Microsoft Corporation, L=Redmond, S=Washington, C=US. Payload won't be validated until the files are read."
"06-08-2026 10:24:22","170","Information","Microsoft-Windows-AppxPackagingOM","The streaming reader was created successfully for app package Microsoft.MicrosoftOfficeHub_19.2607.61021.0_neutral_split.scale-150_8wekyb3d8bbwe."
"06-08-2026 10:24:22","157","Information","Microsoft-Windows-AppxPackagingOM","The app package signature was validated for core content of the app package published by CN=Microsoft Corporation, O=Microsoft Corporation, L=Redmond, S=Washington, C=US. Payload won't be validated until the files are read."
"06-08-2026 10:24:22","170","Information","Microsoft-Windows-AppxPackagingOM","The streaming reader was created successfully for app package Microsoft.MicrosoftOfficeHub_19.2607.61021.0_x64__8wekyb3d8bbwe."
"06-08-2026 10:24:22","216","Warning","Microsoft-Windows-AppxPackagingOM","App manifest validation warning: Declared namespace http://schemas.microsoft.com/developer/appx/2015/build is inapplicable, it will be ignored during manifest processing."
"06-08-2026 10:24:21","157","Information","Microsoft-Windows-AppxPackagingOM","The app package signature was validated for core content of the app package published by CN=Microsoft Corporation, O=Microsoft Corporation, L=Redmond, S=Washington, C=US. Payload won't be validated until the files are read."
"06-08-2026 10:24:20","391","Information","Microsoft-Windows-AppxPackagingOM","The bundle streaming reader was created successfully for bundle Microsoft.MicrosoftOfficeHub_2026.801.35.0_neutral_~_8wekyb3d8bbwe."
"06-08-2026 10:24:20","164","Information","Microsoft-Windows-AppxPackagingOM","The app bundle signature was validated for core content of the app bundle published by CN=Microsoft Corporation, O=Microsoft Corporation, L=Redmond, S=Washington, C=US. App packages won't be validated until they are read."
"06-08-2026 10:23:59","170","Information","Microsoft-Windows-AppxPackagingOM","The streaming reader was created successfully for app package Microsoft.MicrosoftOfficeHub_19.2607.61021.0_neutral_split.scale-100_8wekyb3d8bbwe."
"06-08-2026 10:23:59","157","Information","Microsoft-Windows-AppxPackagingOM","The app package signature was validated for core content of the app package published by CN=Microsoft Corporation, O=Microsoft Corporation, L=Redmond, S=Washington, C=US. Payload won't be validated until the files are read."
"06-08-2026 10:23:58","170","Information","Microsoft-Windows-AppxPackagingOM","The streaming reader was created successfully for app package Microsoft.MicrosoftOfficeHub_19.2607.61021.0_neutral_split.scale-150_8wekyb3d8bbwe."
"06-08-2026 10:23:58","157","Information","Microsoft-Windows-AppxPackagingOM","The app package signature was validated for core content of the app package published by CN=Microsoft Corporation, O=Microsoft Corporation, L=Redmond, S=Washington, C=US. Payload won't be validated until the files are read."
"06-08-2026 10:23:58","170","Information","Microsoft-Windows-AppxPackagingOM","The streaming reader was created successfully for app package Microsoft.MicrosoftOfficeHub_19.2607.61021.0_x64__8wekyb3d8bbwe."
"06-08-2026 10:23:58","216","Warning","Microsoft-Windows-AppxPackagingOM","App manifest validation warning: Declared namespace http://schemas.microsoft.com/developer/appx/2015/build is inapplicable, it will be ignored during manifest processing."
"06-08-2026 10:23:58","157","Information","Microsoft-Windows-AppxPackagingOM","The app package signature was validated for core content of the app package published by CN=Microsoft Corporation, O=Microsoft Corporation, L=Redmond, S=Washington, C=US. Payload won't be validated until the files are read."
"06-08-2026 10:23:57","391","Information","Microsoft-Windows-AppxPackagingOM","The bundle streaming reader was created successfully for bundle Microsoft.MicrosoftOfficeHub_2026.801.35.0_neutral_~_8wekyb3d8bbwe."
"06-08-2026 10:23:57","164","Information","Microsoft-Windows-AppxPackagingOM","The app bundle signature was validated for core content of the app bundle published by CN=Microsoft Corporation, O=Microsoft Corporation, L=Redmond, S=Washington, C=US. App packages won't be validated until they are read."
"06-08-2026 10:10:49","216","Warning","Microsoft-Windows-AppxPackagingOM","App manifest validation warning: Declared namespace http://schemas.microsoft.com/developer/appx/2015/build is inapplicable, it will be ignored during manifest processing."
"06-08-2026 09:23:27","171","Information","Microsoft-Windows-AppxPackagingOM","The reader was created successfully for app package Microsoft.SecHealthUI_1000.29628.1000.0_x64__8wekyb3d8bbwe."
"06-08-2026 09:10:48","216","Warning","Microsoft-Windows-AppxPackagingOM","App manifest validation warning: Declared namespace http://schemas.microsoft.com/developer/appx/2015/build is inapplicable, it will be ignored during manifest processing."
"06-08-2026 09:04:48","171","Information","Microsoft-Windows-AppxPackagingOM","The reader was created successfully for app package Microsoft.SecHealthUI_1000.29628.1000.0_x64__8wekyb3d8bbwe."
"05-08-2026 20:08:35","216","Warning","Microsoft-Windows-AppxPackagingOM","App manifest validation warning: Declared namespace http://schemas.microsoft.com/developer/appx/2015/build is inapplicable, it will be ignored during manifest processing."
"05-08-2026 19:47:44","171","Information","Microsoft-Windows-AppxPackagingOM","The reader was created successfully for app package Microsoft.SecHealthUI_1000.29628.1000.0_x64__8wekyb3d8bbwe."
"05-08-2026 19:10:29","171","Information","Microsoft-Windows-AppxPackagingOM","The reader was created successfully for app package Microsoft.SecHealthUI_1000.29628.1000.0_x64__8wekyb3d8bbwe."
"05-08-2026 19:08:34","216","Warning","Microsoft-Windows-AppxPackagingOM","App manifest validation warning: Declared namespace http://schemas.microsoft.com/developer/appx/2015/build is inapplicable, it will be ignored during manifest processing."
"05-08-2026 18:29:04","171","Information","Microsoft-Windows-AppxPackagingOM","The reader was created successfully for app package Microsoft.SecHealthUI_1000.29628.1000.0_x64__8wekyb3d8bbwe."
"05-08-2026 18:08:34","216","Warning","Microsoft-Windows-AppxPackagingOM","App manifest validation warning: Declared namespace http://schemas.microsoft.com/developer/appx/2015/build is inapplicable, it will be ignored during manifest processing."
"05-08-2026 17:10:46","171","Information","Microsoft-Windows-AppxPackagingOM","The reader was created successfully for app package Microsoft.SecHealthUI_1000.29628.1000.0_x64__8wekyb3d8bbwe."
"05-08-2026 17:08:33","216","Warning","Microsoft-Windows-AppxPackagingOM","App manifest validation warning: Declared namespace http://schemas.microsoft.com/developer/appx/2015/build is inapplicable, it will be ignored during manifest processing."
"05-08-2026 16:08:34","216","Warning","Microsoft-Windows-AppxPackagingOM","App manifest validation warning: Declared namespace http://schemas.microsoft.com/developer/appx/2015/build is inapplicable, it will be ignored during manifest processing."
"05-08-2026 15:52:58","171","Information","Microsoft-Windows-AppxPackagingOM","The reader was created successfully for app package Microsoft.SecHealthUI_1000.29628.1000.0_x64__8wekyb3d8bbwe."
"05-08-2026 15:08:33","216","Warning","Microsoft-Windows-AppxPackagingOM","App manifest validation warning: Declared namespace http://schemas.microsoft.com/developer/appx/2015/build is inapplicable, it will be ignored during manifest processing."
"05-08-2026 15:05:48","171","Information","Microsoft-Windows-AppxPackagingOM","The reader was created successfully for app package Microsoft.SecHealthUI_1000.29628.1000.0_x64__8wekyb3d8bbwe."
"05-08-2026 14:15:03","171","Information","Microsoft-Windows-AppxPackagingOM","The reader was created successfully for app package Microsoft.SecHealthUI_1000.29628.1000.0_x64__8wekyb3d8bbwe."
"05-08-2026 14:08:32","216","Warning","Microsoft-Windows-AppxPackagingOM","App manifest validation warning: Declared namespace http://schemas.microsoft.com/developer/appx/2015/build is inapplicable, it will be ignored during manifest processing."
"05-08-2026 13:50:38","171","Information","Microsoft-Windows-AppxPackagingOM","The reader was created successfully for app package Microsoft.SecHealthUI_1000.29628.1000.0_x64__8wekyb3d8bbwe."
"05-08-2026 13:08:32","216","Warning","Microsoft-Windows-AppxPackagingOM","App manifest validation warning: Declared namespace http://schemas.microsoft.com/developer/appx/2015/build is inapplicable, it will be ignored during manifest processing."
"05-08-2026 12:08:31","216","Warning","Microsoft-Windows-AppxPackagingOM","App manifest validation warning: Declared namespace http://schemas.microsoft.com/developer/appx/2015/build is inapplicable, it will be ignored during manifest processing."
"05-08-2026 11:55:55","170","Information","Microsoft-Windows-AppxPackagingOM","The streaming reader was created successfully for app package Microsoft.OneDriveSync_26134.713.3.0_neutral__8wekyb3d8bbwe."
"05-08-2026 11:55:55","157","Information","Microsoft-Windows-AppxPackagingOM","The app package signature was validated for core content of the app package published by CN=Microsoft Corporation, O=Microsoft Corporation, L=Redmond, S=Washington, C=US. Payload won't be validated until the files are read."
"05-08-2026 11:55:44","170","Information","Microsoft-Windows-AppxPackagingOM","The streaming reader was created successfully for app package Microsoft.OneDriveSync_26134.713.3.0_neutral__8wekyb3d8bbwe."
"05-08-2026 11:55:44","157","Information","Microsoft-Windows-AppxPackagingOM","The app package signature was validated for core content of the app package published by CN=Microsoft Corporation, O=Microsoft Corporation, L=Redmond, S=Washington, C=US. Payload won't be validated until the files are read."
"05-08-2026 11:51:28","171","Information","Microsoft-Windows-AppxPackagingOM","The reader was created successfully for app package Microsoft.SecHealthUI_1000.29628.1000.0_x64__8wekyb3d8bbwe."
"05-08-2026 11:38:15","170","Information","Microsoft-Windows-AppxPackagingOM","The streaming reader was created successfully for app package Microsoft.WindowsSoundRecorder_11.2606.0.0_neutral_split.scale-100_8wekyb3d8bbwe."
"05-08-2026 11:38:15","157","Information","Microsoft-Windows-AppxPackagingOM","The app package signature was validated for core content of the app package published by CN=Microsoft Corporation, O=Microsoft Corporation, L=Redmond, S=Washington, C=US. Payload won't be validated until the files are read."
"05-08-2026 11:38:14","170","Information","Microsoft-Windows-AppxPackagingOM","The streaming reader was created successfully for app package Microsoft.WindowsSoundRecorder_11.2606.0.0_neutral_split.scale-150_8wekyb3d8bbwe."
"05-08-2026 11:38:14","157","Information","Microsoft-Windows-AppxPackagingOM","The app package signature was validated for core content of the app package published by CN=Microsoft Corporation, O=Microsoft Corporation, L=Redmond, S=Washington, C=US. Payload won't be validated until the files are read."
"05-08-2026 11:38:13","170","Information","Microsoft-Windows-AppxPackagingOM","The streaming reader was created successfully for app package Microsoft.WindowsSoundRecorder_11.2606.0.0_x64__8wekyb3d8bbwe."
"05-08-2026 11:38:13","216","Warning","Microsoft-Windows-AppxPackagingOM","App manifest validation warning: Declared namespace http://schemas.microsoft.com/developer/appx/2015/build is inapplicable, it will be ignored during manifest processing."
"05-08-2026 11:38:13","157","Information","Microsoft-Windows-AppxPackagingOM","The app package signature was validated for core content of the app package published by CN=Microsoft Corporation, O=Microsoft Corporation, L=Redmond, S=Washington, C=US. Payload won't be validated until the files are read."
"05-08-2026 11:38:12","391","Information","Microsoft-Windows-AppxPackagingOM","The bundle streaming reader was created successfully for bundle Microsoft.WindowsSoundRecorder_2021.2606.0.0_neutral_~_8wekyb3d8bbwe."
"05-08-2026 11:38:12","164","Information","Microsoft-Windows-AppxPackagingOM","The app bundle signature was validated for core content of the app bundle published by CN=Microsoft Corporation, O=Microsoft Corporation, L=Redmond, S=Washington, C=US. App packages won't be validated until they are read."
"05-08-2026 11:38:02","170","Information","Microsoft-Windows-AppxPackagingOM","The streaming reader was created successfully for app package MicrosoftCorporationII.QuickAssist_2.0.47.0_neutral_split.scale-100_8wekyb3d8bbwe."
