"13-08-2026 12:16:15","257","Information","Microsoft-Windows-DeviceManagement-Enterprise-Diagnostics-Provider","MDM Session: OMA-DM session started: Session ID(384), Server ID(BE5150A3-9E69-42C0-A229-7ADD75D044D9), User SID(NULL), Initiation ID(Software\Microsoft\Provisioning\OMADM\Sessions\BE5150A3-9E69-42C0-A229-7ADD75D044D9\{6AB605D1-EBEF-469C-9A93-748A612339C6}), Origin(3)."
"13-08-2026 12:16:15","205","Information","Microsoft-Windows-DeviceManagement-Enterprise-Diagnostics-Provider","MDM Session: OMA-DM client started. CV: (WhvRb3UEMUywTehC.0.0.384)."
"13-08-2026 12:16:15","259","Information","Microsoft-Windows-DeviceManagement-Enterprise-Diagnostics-Provider","MDM Session: OMA-DM session Handled: Account ID(BE5150A3-9E69-42C0-A229-7ADD75D044D9), Initiation ID(Software\Microsoft\Provisioning\OMADM\Sessions\BE5150A3-9E69-42C0-A229-7ADD75D044D9\{6AB605D1-EBEF-469C-9A93-748A612339C6}), Session ID(0), Initiator(0), Origin(3)."
"13-08-2026 12:16:15","256","Information","Microsoft-Windows-DeviceManagement-Enterprise-Diagnostics-Provider","OmaDmLogOmaDmApiInitiateSession: Result: (The operation completed successfully.), Account Id: (BE5150A3-9E69-42C0-A229-7ADD75D044D9), Initiation Id: ({6AB605D1-EBEF-469C-9A93-748A612339C6}), Mode: (2), Origin: (3), AutoDelete: (true), Alert Count: (0), First Alert Name: (NULL), User Sid: (NULL), User Only: (false), All Active Users: (false), Process Name: (C:\Windows\system32\deviceenroller.exe), System Or Admin: (true)."
"13-08-2026 09:19:50","209","Information","Microsoft-Windows-DeviceManagement-Enterprise-Diagnostics-Provider","MDM Session: OMA-DM session ended with status: (The operation completed successfully.)."
"13-08-2026 09:19:50","202","Information","Microsoft-Windows-DeviceManagement-Enterprise-Diagnostics-Provider","MDM Session: OMA-DM server message received and parsed successfully."
"13-08-2026 09:19:50","200","Information","Microsoft-Windows-DeviceManagement-Enterprise-Diagnostics-Provider","MDM Session: OMA-DM message sent."
"13-08-2026 09:19:50","202","Information","Microsoft-Windows-DeviceManagement-Enterprise-Diagnostics-Provider","MDM Session: OMA-DM server message received and parsed successfully."
"13-08-2026 09:19:50","200","Information","Microsoft-Windows-DeviceManagement-Enterprise-Diagnostics-Provider","MDM Session: OMA-DM message sent."
"13-08-2026 09:19:47","208","Information","Microsoft-Windows-DeviceManagement-Enterprise-Diagnostics-Provider","MDM Session: OMA-DM session started for EnrollmentID (BE5150A3-9E69-42C0-A229-7ADD75D044D9) with server: (Microsoft Device Management), Server version: (5.1), Client Version: (1.2), PushRouterOrigin: (0x3), UserAgentOrigin: (0x2), Initiator: (0x0), Mode: (0x2), SessionID: (0x17F), Authentication Type: (0x1)."
"13-08-2026 09:19:47","206","Information","Microsoft-Windows-DeviceManagement-Enterprise-Diagnostics-Provider","MDM Session: OMA-DM session Init: UserSID(S-1-12-1-2357405129-1281513531-255772574-1816207334), EnrolledUser(1), UserToken(1), DeviceToken(0), EnrollmentType(26), SyncType(3)."
"13-08-2026 09:19:47","258","Information","Microsoft-Windows-DeviceManagement-Enterprise-Diagnostics-Provider","MDM Session: OMA-DM session Loaded: Initiation ID(Software\Microsoft\Provisioning\OMADM\Sessions\BE5150A3-9E69-42C0-A229-7ADD75D044D9\{E9F0687D-2340-4A10-BCA6-4B6352EF9E2D}), Status(The operation completed successfully.), Total Count(3), Orphaned Count(0), Loaded Count(1), Parent Initiation ID(NULL), Completed Count(1)."
"13-08-2026 09:19:47","257","Information","Microsoft-Windows-DeviceManagement-Enterprise-Diagnostics-Provider","MDM Session: OMA-DM session started: Session ID(383), Server ID(BE5150A3-9E69-42C0-A229-7ADD75D044D9), User SID(NULL), Initiation ID(Software\Microsoft\Provisioning\OMADM\Sessions\BE5150A3-9E69-42C0-A229-7ADD75D044D9\{E9F0687D-2340-4A10-BCA6-4B6352EF9E2D}), Origin(3)."
"13-08-2026 09:19:47","205","Information","Microsoft-Windows-DeviceManagement-Enterprise-Diagnostics-Provider","MDM Session: OMA-DM client started. CV: (WhvRb3UEMUywTehC.0.0.383)."
"13-08-2026 09:19:47","259","Information","Microsoft-Windows-DeviceManagement-Enterprise-Diagnostics-Provider","MDM Session: OMA-DM session Handled: Account ID(BE5150A3-9E69-42C0-A229-7ADD75D044D9), Initiation ID(Software\Microsoft\Provisioning\OMADM\Sessions\BE5150A3-9E69-42C0-A229-7ADD75D044D9\{E9F0687D-2340-4A10-BCA6-4B6352EF9E2D}), Session ID(0), Initiator(0), Origin(3)."
"13-08-2026 09:19:47","256","Information","Microsoft-Windows-DeviceManagement-Enterprise-Diagnostics-Provider","OmaDmLogOmaDmApiInitiateSession: Result: (The operation completed successfully.), Account Id: (BE5150A3-9E69-42C0-A229-7ADD75D044D9), Initiation Id: ({E9F0687D-2340-4A10-BCA6-4B6352EF9E2D}), Mode: (2), Origin: (3), AutoDelete: (true), Alert Count: (0), First Alert Name: (NULL), User Sid: (NULL), User Only: (false), All Active Users: (false), Process Name: (C:\Windows\system32\deviceenroller.exe), System Or Admin: (true)."
"13-08-2026 09:13:58","261","Information","Microsoft-Windows-DeviceManagement-Enterprise-Diagnostics-Provider","MDM Session: OMA-DM Retry Session Processed: Account ID(BE5150A3-9E69-42C0-A229-7ADD75D044D9), Retry Count(1), Total Count(3), status(0x0)."
"13-08-2026 09:13:55","209","Information","Microsoft-Windows-DeviceManagement-Enterprise-Diagnostics-Provider","MDM Session: OMA-DM session ended with status: (Unknown Win32 Error code: 0x80072f30)."
"13-08-2026 09:13:55","201","Error","Microsoft-Windows-DeviceManagement-Enterprise-Diagnostics-Provider","MDM Session: OMA-DM message failed to be sent. Result: (Unknown Win32 Error code: 0x80072ee7)."
"13-08-2026 09:13:55","208","Information","Microsoft-Windows-DeviceManagement-Enterprise-Diagnostics-Provider","MDM Session: OMA-DM session started for EnrollmentID (BE5150A3-9E69-42C0-A229-7ADD75D044D9) with server: (Microsoft Device Management), Server version: (5.1), Client Version: (1.2), PushRouterOrigin: (0x3), UserAgentOrigin: (0x2), Initiator: (0x0), Mode: (0x2), SessionID: (0x17E), Authentication Type: (0x1)."
"13-08-2026 09:13:49","206","Information","Microsoft-Windows-DeviceManagement-Enterprise-Diagnostics-Provider","MDM Session: OMA-DM session Init: UserSID(S-1-12-1-2357405129-1281513531-255772574-1816207334), EnrolledUser(1), UserToken(1), DeviceToken(0), EnrollmentType(26), SyncType(3)."
"13-08-2026 05:30:24","258","Information","Microsoft-Windows-DeviceManagement-Enterprise-Diagnostics-Provider","MDM Session: OMA-DM session Loaded: Initiation ID(Software\Microsoft\Provisioning\OMADM\Sessions\BE5150A3-9E69-42C0-A229-7ADD75D044D9\{8708D187-F223-4CBC-855A-804635A99A7D}), Status(The operation completed successfully.), Total Count(3), Orphaned Count(0), Loaded Count(1), Parent Initiation ID(NULL), Completed Count(0)."
"13-08-2026 05:30:24","257","Information","Microsoft-Windows-DeviceManagement-Enterprise-Diagnostics-Provider","MDM Session: OMA-DM session started: Session ID(382), Server ID(BE5150A3-9E69-42C0-A229-7ADD75D044D9), User SID(NULL), Initiation ID(Software\Microsoft\Provisioning\OMADM\Sessions\BE5150A3-9E69-42C0-A229-7ADD75D044D9\{8708D187-F223-4CBC-855A-804635A99A7D}), Origin(3)."
"13-08-2026 05:30:24","205","Information","Microsoft-Windows-DeviceManagement-Enterprise-Diagnostics-Provider","MDM Session: OMA-DM client started. CV: (WhvRb3UEMUywTehC.0.0.382)."
"13-08-2026 05:30:24","259","Information","Microsoft-Windows-DeviceManagement-Enterprise-Diagnostics-Provider","MDM Session: OMA-DM session Handled: Account ID(BE5150A3-9E69-42C0-A229-7ADD75D044D9), Initiation ID(Software\Microsoft\Provisioning\OMADM\Sessions\BE5150A3-9E69-42C0-A229-7ADD75D044D9\{973CC073-B7F4-4B3B-ABF8-74DF3FCAE76F}), Session ID(0), Initiator(0), Origin(25)."
"13-08-2026 05:30:24","256","Information","Microsoft-Windows-DeviceManagement-Enterprise-Diagnostics-Provider","OmaDmLogOmaDmApiInitiateSession: Result: (The operation completed successfully.), Account Id: (BE5150A3-9E69-42C0-A229-7ADD75D044D9), Initiation Id: ({973CC073-B7F4-4B3B-ABF8-74DF3FCAE76F}), Mode: (2), Origin: (25), AutoDelete: (true), Alert Count: (0), First Alert Name: (NULL), User Sid: (NULL), User Only: (false), All Active Users: (false), Process Name: (C:\Windows\system32\deviceenroller.exe), System Or Admin: (true)."
"12-08-2026 21:16:13","260","Information","Microsoft-Windows-DeviceManagement-Enterprise-Diagnostics-Provider","MDM Session: OMA-DM Retry Session Scheduled: Account ID(BE5150A3-9E69-42C0-A229-7ADD75D044D9), Retry Count(1), status(0x0)."
"12-08-2026 21:16:13","209","Information","Microsoft-Windows-DeviceManagement-Enterprise-Diagnostics-Provider","MDM Session: OMA-DM session ended with status: (Unknown Win32 Error code: 0x80072f30)."
"12-08-2026 21:16:13","201","Error","Microsoft-Windows-DeviceManagement-Enterprise-Diagnostics-Provider","MDM Session: OMA-DM message failed to be sent. Result: (Unknown Win32 Error code: 0x80072ee7)."
"12-08-2026 21:16:13","208","Information","Microsoft-Windows-DeviceManagement-Enterprise-Diagnostics-Provider","MDM Session: OMA-DM session started for EnrollmentID (BE5150A3-9E69-42C0-A229-7ADD75D044D9) with server: (Microsoft Device Management), Server version: (5.1), Client Version: (1.2), PushRouterOrigin: (0x3), UserAgentOrigin: (0x2), Initiator: (0x0), Mode: (0x2), SessionID: (0x17D), Authentication Type: (0x1)."
"12-08-2026 21:16:12","206","Information","Microsoft-Windows-DeviceManagement-Enterprise-Diagnostics-Provider","MDM Session: OMA-DM session Init: UserSID(S-1-12-1-2357405129-1281513531-255772574-1816207334), EnrolledUser(0), UserToken(0), DeviceToken(0), EnrollmentType(26), SyncType(1)."
"12-08-2026 21:16:12","212","Warning","Microsoft-Windows-DeviceManagement-Enterprise-Diagnostics-Provider","MDM Session: Failed to get AAD Token for sync session User Token: (Unknown Win32 Error code: 0xcaa70004) Device Token: (Incorrect function.)."
"12-08-2026 21:16:12","224","Warning","Microsoft-Windows-DeviceManagement-Enterprise-Diagnostics-Provider","MDM Session: DmGetAadUserTokenFailure. Interactive: (0x0), Device: (0x0), Request Status: (0x5), Error Code: (0xCAA70004), Result: (Unknown Win32 Error code: 0xcaa70004)."
"12-08-2026 21:16:12","258","Information","Microsoft-Windows-DeviceManagement-Enterprise-Diagnostics-Provider","MDM Session: OMA-DM session Loaded: Initiation ID(Software\Microsoft\Provisioning\OMADM\Sessions\BE5150A3-9E69-42C0-A229-7ADD75D044D9\{8708D187-F223-4CBC-855A-804635A99A7D}), Status(The operation completed successfully.), Total Count(2), Orphaned Count(0), Loaded Count(1), Parent Initiation ID(NULL), Completed Count(0)."
"12-08-2026 21:16:12","257","Information","Microsoft-Windows-DeviceManagement-Enterprise-Diagnostics-Provider","MDM Session: OMA-DM session started: Session ID(381), Server ID(BE5150A3-9E69-42C0-A229-7ADD75D044D9), User SID(NULL), Initiation ID(Software\Microsoft\Provisioning\OMADM\Sessions\BE5150A3-9E69-42C0-A229-7ADD75D044D9\{8708D187-F223-4CBC-855A-804635A99A7D}), Origin(3)."
"12-08-2026 21:16:12","205","Information","Microsoft-Windows-DeviceManagement-Enterprise-Diagnostics-Provider","MDM Session: OMA-DM client started. CV: (WhvRb3UEMUywTehC.0.0.381)."
"12-08-2026 21:16:11","259","Information","Microsoft-Windows-DeviceManagement-Enterprise-Diagnostics-Provider","MDM Session: OMA-DM session Handled: Account ID(BE5150A3-9E69-42C0-A229-7ADD75D044D9), Initiation ID(Software\Microsoft\Provisioning\OMADM\Sessions\BE5150A3-9E69-42C0-A229-7ADD75D044D9\{8708D187-F223-4CBC-855A-804635A99A7D}), Session ID(0), Initiator(0), Origin(3)."
"12-08-2026 21:16:11","256","Information","Microsoft-Windows-DeviceManagement-Enterprise-Diagnostics-Provider","OmaDmLogOmaDmApiInitiateSession: Result: (The operation completed successfully.), Account Id: (BE5150A3-9E69-42C0-A229-7ADD75D044D9), Initiation Id: ({8708D187-F223-4CBC-855A-804635A99A7D}), Mode: (2), Origin: (3), AutoDelete: (true), Alert Count: (0), First Alert Name: (NULL), User Sid: (NULL), User Only: (false), All Active Users: (false), Process Name: (C:\Windows\system32\deviceenroller.exe), System Or Admin: (true)."
"12-08-2026 17:27:54","209","Information","Microsoft-Windows-DeviceManagement-Enterprise-Diagnostics-Provider","MDM Session: OMA-DM session ended with status: (The operation completed successfully.)."
"12-08-2026 17:27:54","202","Information","Microsoft-Windows-DeviceManagement-Enterprise-Diagnostics-Provider","MDM Session: OMA-DM server message received and parsed successfully."
"12-08-2026 17:27:54","200","Information","Microsoft-Windows-DeviceManagement-Enterprise-Diagnostics-Provider","MDM Session: OMA-DM message sent."
"12-08-2026 17:27:53","202","Information","Microsoft-Windows-DeviceManagement-Enterprise-Diagnostics-Provider","MDM Session: OMA-DM server message received and parsed successfully."
"12-08-2026 17:27:53","200","Information","Microsoft-Windows-DeviceManagement-Enterprise-Diagnostics-Provider","MDM Session: OMA-DM message sent."
"12-08-2026 17:27:51","208","Information","Microsoft-Windows-DeviceManagement-Enterprise-Diagnostics-Provider","MDM Session: OMA-DM session started for EnrollmentID (BE5150A3-9E69-42C0-A229-7ADD75D044D9) with server: (Microsoft Device Management), Server version: (5.1), Client Version: (1.2), PushRouterOrigin: (0x7), UserAgentOrigin: (0x3), Initiator: (0x0), Mode: (0x2), SessionID: (0x17C), Authentication Type: (0x1)."
"12-08-2026 17:27:51","206","Information","Microsoft-Windows-DeviceManagement-Enterprise-Diagnostics-Provider","MDM Session: OMA-DM session Init: UserSID(S-1-12-1-2357405129-1281513531-255772574-1816207334), EnrolledUser(1), UserToken(1), DeviceToken(0), EnrollmentType(26), SyncType(3)."
"12-08-2026 17:27:50","258","Information","Microsoft-Windows-DeviceManagement-Enterprise-Diagnostics-Provider","MDM Session: OMA-DM session Loaded: Initiation ID(Software\Microsoft\Provisioning\OMADM\Sessions\BE5150A3-9E69-42C0-A229-7ADD75D044D9\{4BCE5317-28CB-41E0-91CD-6FD68425F6F7}), Status(The operation completed successfully.), Total Count(2), Orphaned Count(0), Loaded Count(1), Parent Initiation ID(NULL), Completed Count(0)."
"12-08-2026 17:27:50","257","Information","Microsoft-Windows-DeviceManagement-Enterprise-Diagnostics-Provider","MDM Session: OMA-DM session started: Session ID(380), Server ID(BE5150A3-9E69-42C0-A229-7ADD75D044D9), User SID(NULL), Initiation ID(Software\Microsoft\Provisioning\OMADM\Sessions\BE5150A3-9E69-42C0-A229-7ADD75D044D9\{4BCE5317-28CB-41E0-91CD-6FD68425F6F7}), Origin(7)."
"12-08-2026 17:27:50","205","Information","Microsoft-Windows-DeviceManagement-Enterprise-Diagnostics-Provider","MDM Session: OMA-DM client started. CV: (WhvRb3UEMUywTehC.0.0.380)."
"12-08-2026 17:27:50","259","Information","Microsoft-Windows-DeviceManagement-Enterprise-Diagnostics-Provider","MDM Session: OMA-DM session Handled: Account ID(BE5150A3-9E69-42C0-A229-7ADD75D044D9), Initiation ID(Software\Microsoft\Provisioning\OMADM\Sessions\BE5150A3-9E69-42C0-A229-7ADD75D044D9\{4BCE5317-28CB-41E0-91CD-6FD68425F6F7}), Session ID(0), Initiator(0), Origin(7)."
"12-08-2026 17:27:50","256","Information","Microsoft-Windows-DeviceManagement-Enterprise-Diagnostics-Provider","OmaDmLogOmaDmApiInitiateSession: Result: (The operation completed successfully.), Account Id: (BE5150A3-9E69-42C0-A229-7ADD75D044D9), Initiation Id: ({4BCE5317-28CB-41E0-91CD-6FD68425F6F7}), Mode: (2), Origin: (7), AutoDelete: (true), Alert Count: (1), First Alert Name: (com.microsoft:mdm.pushchannelpayload), User Sid: (NULL), User Only: (false), All Active Users: (false), Process Name: (C:\Windows\system32\deviceenroller.exe), System Or Admin: (true)."
"12-08-2026 17:27:50","4602","Information","Microsoft-Windows-DeviceManagement-Enterprise-Diagnostics-Provider","Getting push alert info for push initiated session succeeded. NotificationId: e4c253e6-ac5c-4831-a5f9-1bb136384845"
"12-08-2026 17:27:50","4600","Information","Microsoft-Windows-DeviceManagement-Enterprise-Diagnostics-Provider","Parsing notification payload succeeded. NotificationId: e4c253e6-ac5c-4831-a5f9-1bb136384845"
"12-08-2026 17:06:26","209","Information","Microsoft-Windows-DeviceManagement-Enterprise-Diagnostics-Provider","MDM Session: OMA-DM session ended with status: (The operation completed successfully.)."
"12-08-2026 17:06:26","202","Information","Microsoft-Windows-DeviceManagement-Enterprise-Diagnostics-Provider","MDM Session: OMA-DM server message received and parsed successfully."
"12-08-2026 17:06:26","200","Information","Microsoft-Windows-DeviceManagement-Enterprise-Diagnostics-Provider","MDM Session: OMA-DM message sent."
"12-08-2026 17:06:25","202","Information","Microsoft-Windows-DeviceManagement-Enterprise-Diagnostics-Provider","MDM Session: OMA-DM server message received and parsed successfully."
"12-08-2026 17:06:25","200","Information","Microsoft-Windows-DeviceManagement-Enterprise-Diagnostics-Provider","MDM Session: OMA-DM message sent."
"12-08-2026 17:06:23","208","Information","Microsoft-Windows-DeviceManagement-Enterprise-Diagnostics-Provider","MDM Session: OMA-DM session started for EnrollmentID (BE5150A3-9E69-42C0-A229-7ADD75D044D9) with server: (Microsoft Device Management), Server version: (5.1), Client Version: (1.2), PushRouterOrigin: (0x3), UserAgentOrigin: (0x2), Initiator: (0x0), Mode: (0x2), SessionID: (0x17B), Authentication Type: (0x1)."
"12-08-2026 17:06:23","206","Information","Microsoft-Windows-DeviceManagement-Enterprise-Diagnostics-Provider","MDM Session: OMA-DM session Init: UserSID(S-1-12-1-2357405129-1281513531-255772574-1816207334), EnrolledUser(1), UserToken(1), DeviceToken(0), EnrollmentType(26), SyncType(3)."
"12-08-2026 17:06:20","258","Information","Microsoft-Windows-DeviceManagement-Enterprise-Diagnostics-Provider","MDM Session: OMA-DM session Loaded: Initiation ID(Software\Microsoft\Provisioning\OMADM\Sessions\BE5150A3-9E69-42C0-A229-7ADD75D044D9\{ED1EE20D-CF5A-4918-BF7B-CFF1BD70691A}), Status(The operation completed successfully.), Total Count(2), Orphaned Count(0), Loaded Count(1), Parent Initiation ID(NULL), Completed Count(0)."
"12-08-2026 17:06:20","257","Information","Microsoft-Windows-DeviceManagement-Enterprise-Diagnostics-Provider","MDM Session: OMA-DM session started: Session ID(379), Server ID(BE5150A3-9E69-42C0-A229-7ADD75D044D9), User SID(NULL), Initiation ID(Software\Microsoft\Provisioning\OMADM\Sessions\BE5150A3-9E69-42C0-A229-7ADD75D044D9\{ED1EE20D-CF5A-4918-BF7B-CFF1BD70691A}), Origin(3)."
"12-08-2026 17:06:20","205","Information","Microsoft-Windows-DeviceManagement-Enterprise-Diagnostics-Provider","MDM Session: OMA-DM client started. CV: (WhvRb3UEMUywTehC.0.0.379)."
"12-08-2026 17:06:20","259","Information","Microsoft-Windows-DeviceManagement-Enterprise-Diagnostics-Provider","MDM Session: OMA-DM session Handled: Account ID(BE5150A3-9E69-42C0-A229-7ADD75D044D9), Initiation ID(Software\Microsoft\Provisioning\OMADM\Sessions\BE5150A3-9E69-42C0-A229-7ADD75D044D9\{ED1EE20D-CF5A-4918-BF7B-CFF1BD70691A}), Session ID(0), Initiator(0), Origin(3)."
"12-08-2026 17:06:20","256","Information","Microsoft-Windows-DeviceManagement-Enterprise-Diagnostics-Provider","OmaDmLogOmaDmApiInitiateSession: Result: (The operation completed successfully.), Account Id: (BE5150A3-9E69-42C0-A229-7ADD75D044D9), Initiation Id: ({ED1EE20D-CF5A-4918-BF7B-CFF1BD70691A}), Mode: (2), Origin: (3), AutoDelete: (true), Alert Count: (0), First Alert Name: (NULL), User Sid: (NULL), User Only: (false), All Active Users: (false), Process Name: (C:\Windows\system32\deviceenroller.exe), System Or Admin: (true)."
"12-08-2026 13:16:23","209","Information","Microsoft-Windows-DeviceManagement-Enterprise-Diagnostics-Provider","MDM Session: OMA-DM session ended with status: (The operation completed successfully.)."
"12-08-2026 13:16:23","202","Information","Microsoft-Windows-DeviceManagement-Enterprise-Diagnostics-Provider","MDM Session: OMA-DM server message received and parsed successfully."
"12-08-2026 13:16:23","200","Information","Microsoft-Windows-DeviceManagement-Enterprise-Diagnostics-Provider","MDM Session: OMA-DM message sent."
"12-08-2026 13:16:21","202","Information","Microsoft-Windows-DeviceManagement-Enterprise-Diagnostics-Provider","MDM Session: OMA-DM server message received and parsed successfully."
"12-08-2026 13:16:21","200","Information","Microsoft-Windows-DeviceManagement-Enterprise-Diagnostics-Provider","MDM Session: OMA-DM message sent."
"12-08-2026 13:16:19","208","Information","Microsoft-Windows-DeviceManagement-Enterprise-Diagnostics-Provider","MDM Session: OMA-DM session started for EnrollmentID (BE5150A3-9E69-42C0-A229-7ADD75D044D9) with server: (Microsoft Device Management), Server version: (5.1), Client Version: (1.2), PushRouterOrigin: (0x3), UserAgentOrigin: (0x2), Initiator: (0x0), Mode: (0x2), SessionID: (0x17A), Authentication Type: (0x1)."
"12-08-2026 13:16:19","206","Information","Microsoft-Windows-DeviceManagement-Enterprise-Diagnostics-Provider","MDM Session: OMA-DM session Init: UserSID(S-1-12-1-2357405129-1281513531-255772574-1816207334), EnrolledUser(1), UserToken(1), DeviceToken(0), EnrollmentType(26), SyncType(3)."
"12-08-2026 13:16:17","258","Information","Microsoft-Windows-DeviceManagement-Enterprise-Diagnostics-Provider","MDM Session: OMA-DM session Loaded: Initiation ID(Software\Microsoft\Provisioning\OMADM\Sessions\BE5150A3-9E69-42C0-A229-7ADD75D044D9\{A8E49AFF-9930-469F-A5E8-EFB6C5C69AA3}), Status(The operation completed successfully.), Total Count(2), Orphaned Count(0), Loaded Count(1), Parent Initiation ID(NULL), Completed Count(0)."
"12-08-2026 13:16:17","257","Information","Microsoft-Windows-DeviceManagement-Enterprise-Diagnostics-Provider","MDM Session: OMA-DM session started: Session ID(378), Server ID(BE5150A3-9E69-42C0-A229-7ADD75D044D9), User SID(NULL), Initiation ID(Software\Microsoft\Provisioning\OMADM\Sessions\BE5150A3-9E69-42C0-A229-7ADD75D044D9\{A8E49AFF-9930-469F-A5E8-EFB6C5C69AA3}), Origin(3)."
"12-08-2026 13:16:17","205","Information","Microsoft-Windows-DeviceManagement-Enterprise-Diagnostics-Provider","MDM Session: OMA-DM client started. CV: (WhvRb3UEMUywTehC.0.0.378)."
"12-08-2026 13:16:17","259","Information","Microsoft-Windows-DeviceManagement-Enterprise-Diagnostics-Provider","MDM Session: OMA-DM session Handled: Account ID(BE5150A3-9E69-42C0-A229-7ADD75D044D9), Initiation ID(Software\Microsoft\Provisioning\OMADM\Sessions\BE5150A3-9E69-42C0-A229-7ADD75D044D9\{A8E49AFF-9930-469F-A5E8-EFB6C5C69AA3}), Session ID(0), Initiator(0), Origin(3)."
"12-08-2026 13:16:17","256","Information","Microsoft-Windows-DeviceManagement-Enterprise-Diagnostics-Provider","OmaDmLogOmaDmApiInitiateSession: Result: (The operation completed successfully.), Account Id: (BE5150A3-9E69-42C0-A229-7ADD75D044D9), Initiation Id: ({A8E49AFF-9930-469F-A5E8-EFB6C5C69AA3}), Mode: (2), Origin: (3), AutoDelete: (true), Alert Count: (0), First Alert Name: (NULL), User Sid: (NULL), User Only: (false), All Active Users: (false), Process Name: (C:\Windows\system32\deviceenroller.exe), System Or Admin: (true)."
"12-08-2026 13:11:24","209","Information","Microsoft-Windows-DeviceManagement-Enterprise-Diagnostics-Provider","MDM Session: OMA-DM session ended with status: (The operation completed successfully.)."
"12-08-2026 13:11:24","202","Information","Microsoft-Windows-DeviceManagement-Enterprise-Diagnostics-Provider","MDM Session: OMA-DM server message received and parsed successfully."
"12-08-2026 13:11:24","200","Information","Microsoft-Windows-DeviceManagement-Enterprise-Diagnostics-Provider","MDM Session: OMA-DM message sent."
"12-08-2026 13:11:21","208","Information","Microsoft-Windows-DeviceManagement-Enterprise-Diagnostics-Provider","MDM Session: OMA-DM session started for EnrollmentID (386F60E8-6817-4304-B348-3E8545F3B70A) with server: (MS DM Server), Server version: (5.1), Client Version: (1.2), PushRouterOrigin: (0x3), UserAgentOrigin: (0x2), Initiator: (0x0), Mode: (0x2), SessionID: (0x13F), Authentication Type: (0x1)."
"12-08-2026 13:11:21","206","Information","Microsoft-Windows-DeviceManagement-Enterprise-Diagnostics-Provider","MDM Session: OMA-DM session Init: UserSID(S-1-12-1-2357405129-1281513531-255772574-1816207334), EnrolledUser(1), UserToken(1), DeviceToken(1), EnrollmentType(6), SyncType(3)."
"12-08-2026 13:11:18","258","Information","Microsoft-Windows-DeviceManagement-Enterprise-Diagnostics-Provider","MDM Session: OMA-DM session Loaded: Initiation ID(Software\Microsoft\Provisioning\OMADM\Sessions\386F60E8-6817-4304-B348-3E8545F3B70A\{6B19E421-12A7-4891-B4D3-77DCCFC7582A}), Status(The operation completed successfully.), Total Count(1), Orphaned Count(0), Loaded Count(1), Parent Initiation ID(NULL), Completed Count(0)."
"12-08-2026 13:11:18","257","Information","Microsoft-Windows-DeviceManagement-Enterprise-Diagnostics-Provider","MDM Session: OMA-DM session started: Session ID(319), Server ID(386F60E8-6817-4304-B348-3E8545F3B70A), User SID(NULL), Initiation ID(Software\Microsoft\Provisioning\OMADM\Sessions\386F60E8-6817-4304-B348-3E8545F3B70A\{6B19E421-12A7-4891-B4D3-77DCCFC7582A}), Origin(3)."
"12-08-2026 13:11:18","205","Information","Microsoft-Windows-DeviceManagement-Enterprise-Diagnostics-Provider","MDM Session: OMA-DM client started. CV: (y1uoCnTqAABhyqgKdOrcAQ.0.0.317)."
"12-08-2026 13:11:18","259","Information","Microsoft-Windows-DeviceManagement-Enterprise-Diagnostics-Provider","MDM Session: OMA-DM session Handled: Account ID(386F60E8-6817-4304-B348-3E8545F3B70A), Initiation ID(Software\Microsoft\Provisioning\OMADM\Sessions\386F60E8-6817-4304-B348-3E8545F3B70A\{6B19E421-12A7-4891-B4D3-77DCCFC7582A}), Session ID(0), Initiator(0), Origin(3)."
"12-08-2026 13:11:17","256","Information","Microsoft-Windows-DeviceManagement-Enterprise-Diagnostics-Provider","OmaDmLogOmaDmApiInitiateSession: Result: (The operation completed successfully.), Account Id: (386F60E8-6817-4304-B348-3E8545F3B70A), Initiation Id: ({6B19E421-12A7-4891-B4D3-77DCCFC7582A}), Mode: (2), Origin: (3), AutoDelete: (true), Alert Count: (0), First Alert Name: (NULL), User Sid: (NULL), User Only: (false), All Active Users: (false), Process Name: (C:\Windows\system32\deviceenroller.exe), System Or Admin: (true)."
"12-08-2026 09:26:19","209","Information","Microsoft-Windows-DeviceManagement-Enterprise-Diagnostics-Provider","MDM Session: OMA-DM session ended with status: (The operation completed successfully.)."
"12-08-2026 09:26:19","202","Information","Microsoft-Windows-DeviceManagement-Enterprise-Diagnostics-Provider","MDM Session: OMA-DM server message received and parsed successfully."
"12-08-2026 09:26:19","200","Information","Microsoft-Windows-DeviceManagement-Enterprise-Diagnostics-Provider","MDM Session: OMA-DM message sent."
"12-08-2026 09:26:19","202","Information","Microsoft-Windows-DeviceManagement-Enterprise-Diagnostics-Provider","MDM Session: OMA-DM server message received and parsed successfully."
"12-08-2026 09:26:19","200","Information","Microsoft-Windows-DeviceManagement-Enterprise-Diagnostics-Provider","MDM Session: OMA-DM message sent."
"12-08-2026 09:26:17","208","Information","Microsoft-Windows-DeviceManagement-Enterprise-Diagnostics-Provider","MDM Session: OMA-DM session started for EnrollmentID (BE5150A3-9E69-42C0-A229-7ADD75D044D9) with server: (Microsoft Device Management), Server version: (5.1), Client Version: (1.2), PushRouterOrigin: (0x3), UserAgentOrigin: (0x2), Initiator: (0x0), Mode: (0x2), SessionID: (0x179), Authentication Type: (0x1)."
"12-08-2026 09:26:16","206","Information","Microsoft-Windows-DeviceManagement-Enterprise-Diagnostics-Provider","MDM Session: OMA-DM session Init: UserSID(S-1-12-1-2357405129-1281513531-255772574-1816207334), EnrolledUser(1), UserToken(1), DeviceToken(0), EnrollmentType(26), SyncType(3)."
"12-08-2026 09:26:16","258","Information","Microsoft-Windows-DeviceManagement-Enterprise-Diagnostics-Provider","MDM Session: OMA-DM session Loaded: Initiation ID(Software\Microsoft\Provisioning\OMADM\Sessions\BE5150A3-9E69-42C0-A229-7ADD75D044D9\{CD6D494C-6E75-463A-A78C-ADD4F1495A04}), Status(The operation completed successfully.), Total Count(2), Orphaned Count(0), Loaded Count(1), Parent Initiation ID(NULL), Completed Count(0)."
"12-08-2026 09:26:16","257","Information","Microsoft-Windows-DeviceManagement-Enterprise-Diagnostics-Provider","MDM Session: OMA-DM session started: Session ID(377), Server ID(BE5150A3-9E69-42C0-A229-7ADD75D044D9), User SID(NULL), Initiation ID(Software\Microsoft\Provisioning\OMADM\Sessions\BE5150A3-9E69-42C0-A229-7ADD75D044D9\{CD6D494C-6E75-463A-A78C-ADD4F1495A04}), Origin(3)."
"12-08-2026 09:26:16","205","Information","Microsoft-Windows-DeviceManagement-Enterprise-Diagnostics-Provider","MDM Session: OMA-DM client started. CV: (WhvRb3UEMUywTehC.0.0.377)."
"12-08-2026 09:26:16","259","Information","Microsoft-Windows-DeviceManagement-Enterprise-Diagnostics-Provider","MDM Session: OMA-DM session Handled: Account ID(BE5150A3-9E69-42C0-A229-7ADD75D044D9), Initiation ID(Software\Microsoft\Provisioning\OMADM\Sessions\BE5150A3-9E69-42C0-A229-7ADD75D044D9\{CD6D494C-6E75-463A-A78C-ADD4F1495A04}), Session ID(0), Initiator(0), Origin(3)."
"12-08-2026 09:26:16","256","Information","Microsoft-Windows-DeviceManagement-Enterprise-Diagnostics-Provider","OmaDmLogOmaDmApiInitiateSession: Result: (The operation completed successfully.), Account Id: (BE5150A3-9E69-42C0-A229-7ADD75D044D9), Initiation Id: ({CD6D494C-6E75-463A-A78C-ADD4F1495A04}), Mode: (2), Origin: (3), AutoDelete: (true), Alert Count: (0), First Alert Name: (NULL), User Sid: (NULL), User Only: (false), All Active Users: (false), Process Name: (C:\Windows\system32\deviceenroller.exe), System Or Admin: (true)."
"12-08-2026 08:56:55","209","Information","Microsoft-Windows-DeviceManagement-Enterprise-Diagnostics-Provider","MDM Session: OMA-DM session ended with status: (The operation completed successfully.)."
"12-08-2026 08:56:55","202","Information","Microsoft-Windows-DeviceManagement-Enterprise-Diagnostics-Provider","MDM Session: OMA-DM server message received and parsed successfully."
"12-08-2026 08:56:55","200","Information","Microsoft-Windows-DeviceManagement-Enterprise-Diagnostics-Provider","MDM Session: OMA-DM message sent."
"12-08-2026 08:56:55","202","Information","Microsoft-Windows-DeviceManagement-Enterprise-Diagnostics-Provider","MDM Session: OMA-DM server message received and parsed successfully."
"12-08-2026 08:56:55","200","Information","Microsoft-Windows-DeviceManagement-Enterprise-Diagnostics-Provider","MDM Session: OMA-DM message sent."
"12-08-2026 08:56:54","208","Information","Microsoft-Windows-DeviceManagement-Enterprise-Diagnostics-Provider","MDM Session: OMA-DM session started for EnrollmentID (BE5150A3-9E69-42C0-A229-7ADD75D044D9) with server: (Microsoft Device Management), Server version: (5.1), Client Version: (1.2), PushRouterOrigin: (0x3), UserAgentOrigin: (0x2), Initiator: (0x0), Mode: (0x2), SessionID: (0x178), Authentication Type: (0x1)."
"12-08-2026 08:56:54","206","Information","Microsoft-Windows-DeviceManagement-Enterprise-Diagnostics-Provider","MDM Session: OMA-DM session Init: UserSID(S-1-12-1-2357405129-1281513531-255772574-1816207334), EnrolledUser(1), UserToken(1), DeviceToken(0), EnrollmentType(26), SyncType(3)."
"12-08-2026 08:56:52","258","Information","Microsoft-Windows-DeviceManagement-Enterprise-Diagnostics-Provider","MDM Session: OMA-DM session Loaded: Initiation ID(Software\Microsoft\Provisioning\OMADM\Sessions\BE5150A3-9E69-42C0-A229-7ADD75D044D9\{4D6E04FA-7E95-4058-A90F-CC4BEB95A348}), Status(The operation completed successfully.), Total Count(2), Orphaned Count(0), Loaded Count(1), Parent Initiation ID(NULL), Completed Count(0)."
"12-08-2026 08:56:52","257","Information","Microsoft-Windows-DeviceManagement-Enterprise-Diagnostics-Provider","MDM Session: OMA-DM session started: Session ID(376), Server ID(BE5150A3-9E69-42C0-A229-7ADD75D044D9), User SID(NULL), Initiation ID(Software\Microsoft\Provisioning\OMADM\Sessions\BE5150A3-9E69-42C0-A229-7ADD75D044D9\{4D6E04FA-7E95-4058-A90F-CC4BEB95A348}), Origin(3)."
"12-08-2026 08:56:52","205","Information","Microsoft-Windows-DeviceManagement-Enterprise-Diagnostics-Provider","MDM Session: OMA-DM client started. CV: (WhvRb3UEMUywTehC.0.0.376)."
"12-08-2026 08:56:52","259","Information","Microsoft-Windows-DeviceManagement-Enterprise-Diagnostics-Provider","MDM Session: OMA-DM session Handled: Account ID(BE5150A3-9E69-42C0-A229-7ADD75D044D9), Initiation ID(Software\Microsoft\Provisioning\OMADM\Sessions\BE5150A3-9E69-42C0-A229-7ADD75D044D9\{4D6E04FA-7E95-4058-A90F-CC4BEB95A348}), Session ID(0), Initiator(0), Origin(3)."
"12-08-2026 08:56:52","209","Information","Microsoft-Windows-DeviceManagement-Enterprise-Diagnostics-Provider","MDM Session: OMA-DM session ended with status: (The operation completed successfully.)."
"12-08-2026 08:56:52","202","Information","Microsoft-Windows-DeviceManagement-Enterprise-Diagnostics-Provider","MDM Session: OMA-DM server message received and parsed successfully."
"12-08-2026 08:56:52","200","Information","Microsoft-Windows-DeviceManagement-Enterprise-Diagnostics-Provider","MDM Session: OMA-DM message sent."
"12-08-2026 08:56:51","202","Information","Microsoft-Windows-DeviceManagement-Enterprise-Diagnostics-Provider","MDM Session: OMA-DM server message received and parsed successfully."
"12-08-2026 08:56:51","200","Information","Microsoft-Windows-DeviceManagement-Enterprise-Diagnostics-Provider","MDM Session: OMA-DM message sent."
"12-08-2026 08:56:49","202","Information","Microsoft-Windows-DeviceManagement-Enterprise-Diagnostics-Provider","MDM Session: OMA-DM server message received and parsed successfully."
"12-08-2026 08:56:49","200","Information","Microsoft-Windows-DeviceManagement-Enterprise-Diagnostics-Provider","MDM Session: OMA-DM message sent."
"12-08-2026 08:56:31","202","Information","Microsoft-Windows-DeviceManagement-Enterprise-Diagnostics-Provider","MDM Session: OMA-DM server message received and parsed successfully."
"12-08-2026 08:56:31","200","Information","Microsoft-Windows-DeviceManagement-Enterprise-Diagnostics-Provider","MDM Session: OMA-DM message sent."
"12-08-2026 08:56:24","202","Information","Microsoft-Windows-DeviceManagement-Enterprise-Diagnostics-Provider","MDM Session: OMA-DM server message received and parsed successfully."
"12-08-2026 08:56:24","200","Information","Microsoft-Windows-DeviceManagement-Enterprise-Diagnostics-Provider","MDM Session: OMA-DM message sent."
"12-08-2026 08:56:12","202","Information","Microsoft-Windows-DeviceManagement-Enterprise-Diagnostics-Provider","MDM Session: OMA-DM server message received and parsed successfully."
"12-08-2026 08:56:12","200","Information","Microsoft-Windows-DeviceManagement-Enterprise-Diagnostics-Provider","MDM Session: OMA-DM message sent."
"12-08-2026 08:56:02","256","Information","Microsoft-Windows-DeviceManagement-Enterprise-Diagnostics-Provider","OmaDmLogOmaDmApiInitiateSession: Result: (The operation completed successfully.), Account Id: (BE5150A3-9E69-42C0-A229-7ADD75D044D9), Initiation Id: ({4D6E04FA-7E95-4058-A90F-CC4BEB95A348}), Mode: (2), Origin: (3), AutoDelete: (true), Alert Count: (0), First Alert Name: (NULL), User Sid: (NULL), User Only: (false), All Active Users: (false), Process Name: (C:\Windows\system32\deviceenroller.exe), System Or Admin: (true)."
"12-08-2026 08:55:42","202","Information","Microsoft-Windows-DeviceManagement-Enterprise-Diagnostics-Provider","MDM Session: OMA-DM server message received and parsed successfully."
"12-08-2026 08:55:42","200","Information","Microsoft-Windows-DeviceManagement-Enterprise-Diagnostics-Provider","MDM Session: OMA-DM message sent."
"12-08-2026 08:55:34","208","Information","Microsoft-Windows-DeviceManagement-Enterprise-Diagnostics-Provider","MDM Session: OMA-DM session started for EnrollmentID (386F60E8-6817-4304-B348-3E8545F3B70A) with server: (MS DM Server), Server version: (5.1), Client Version: (1.2), PushRouterOrigin: (0x3), UserAgentOrigin: (0x2), Initiator: (0x0), Mode: (0x2), SessionID: (0x13E), Authentication Type: (0x1)."
"12-08-2026 08:55:33","206","Information","Microsoft-Windows-DeviceManagement-Enterprise-Diagnostics-Provider","MDM Session: OMA-DM session Init: UserSID(S-1-12-1-2357405129-1281513531-255772574-1816207334), EnrolledUser(1), UserToken(1), DeviceToken(1), EnrollmentType(6), SyncType(3)."
"12-08-2026 08:55:28","258","Information","Microsoft-Windows-DeviceManagement-Enterprise-Diagnostics-Provider","MDM Session: OMA-DM session Loaded: Initiation ID(Software\Microsoft\Provisioning\OMADM\Sessions\386F60E8-6817-4304-B348-3E8545F3B70A\{275DB4AA-C5BB-411E-AF96-1AE2921E23BE}), Status(The operation completed successfully.), Total Count(1), Orphaned Count(0), Loaded Count(1), Parent Initiation ID(NULL), Completed Count(0)."
"12-08-2026 08:55:28","257","Information","Microsoft-Windows-DeviceManagement-Enterprise-Diagnostics-Provider","MDM Session: OMA-DM session started: Session ID(318), Server ID(386F60E8-6817-4304-B348-3E8545F3B70A), User SID(NULL), Initiation ID(Software\Microsoft\Provisioning\OMADM\Sessions\386F60E8-6817-4304-B348-3E8545F3B70A\{275DB4AA-C5BB-411E-AF96-1AE2921E23BE}), Origin(3)."
"12-08-2026 08:55:28","205","Information","Microsoft-Windows-DeviceManagement-Enterprise-Diagnostics-Provider","MDM Session: OMA-DM client started. CV: (y1uoCnTqAABhyqgKdOrcAQ.0.0.316)."
"12-08-2026 08:55:28","259","Information","Microsoft-Windows-DeviceManagement-Enterprise-Diagnostics-Provider","MDM Session: OMA-DM session Handled: Account ID(386F60E8-6817-4304-B348-3E8545F3B70A), Initiation ID(Software\Microsoft\Provisioning\OMADM\Sessions\386F60E8-6817-4304-B348-3E8545F3B70A\{275DB4AA-C5BB-411E-AF96-1AE2921E23BE}), Session ID(0), Initiator(0), Origin(3)."
"12-08-2026 08:55:28","256","Information","Microsoft-Windows-DeviceManagement-Enterprise-Diagnostics-Provider","OmaDmLogOmaDmApiInitiateSession: Result: (The operation completed successfully.), Account Id: (386F60E8-6817-4304-B348-3E8545F3B70A), Initiation Id: ({275DB4AA-C5BB-411E-AF96-1AE2921E23BE}), Mode: (2), Origin: (3), AutoDelete: (true), Alert Count: (0), First Alert Name: (NULL), User Sid: (NULL), User Only: (false), All Active Users: (false), Process Name: (C:\Windows\system32\deviceenroller.exe), System Or Admin: (true)."
"12-08-2026 03:28:47","209","Information","Microsoft-Windows-DeviceManagement-Enterprise-Diagnostics-Provider","MDM Session: OMA-DM session ended with status: (The operation completed successfully.)."
"12-08-2026 03:28:47","202","Information","Microsoft-Windows-DeviceManagement-Enterprise-Diagnostics-Provider","MDM Session: OMA-DM server message received and parsed successfully."
"12-08-2026 03:28:47","200","Information","Microsoft-Windows-DeviceManagement-Enterprise-Diagnostics-Provider","MDM Session: OMA-DM message sent."
"12-08-2026 03:28:46","202","Information","Microsoft-Windows-DeviceManagement-Enterprise-Diagnostics-Provider","MDM Session: OMA-DM server message received and parsed successfully."
"12-08-2026 03:28:46","200","Information","Microsoft-Windows-DeviceManagement-Enterprise-Diagnostics-Provider","MDM Session: OMA-DM message sent."
"12-08-2026 03:28:45","208","Information","Microsoft-Windows-DeviceManagement-Enterprise-Diagnostics-Provider","MDM Session: OMA-DM session started for EnrollmentID (BE5150A3-9E69-42C0-A229-7ADD75D044D9) with server: (Microsoft Device Management), Server version: (5.1), Client Version: (1.2), PushRouterOrigin: (0x3), UserAgentOrigin: (0x2), Initiator: (0x0), Mode: (0x2), SessionID: (0x177), Authentication Type: (0x1)."
"12-08-2026 03:28:45","206","Information","Microsoft-Windows-DeviceManagement-Enterprise-Diagnostics-Provider","MDM Session: OMA-DM session Init: UserSID(S-1-12-1-2357405129-1281513531-255772574-1816207334), EnrolledUser(1), UserToken(1), DeviceToken(0), EnrollmentType(26), SyncType(3)."
"12-08-2026 03:28:43","258","Information","Microsoft-Windows-DeviceManagement-Enterprise-Diagnostics-Provider","MDM Session: OMA-DM session Loaded: Initiation ID(Software\Microsoft\Provisioning\OMADM\Sessions\BE5150A3-9E69-42C0-A229-7ADD75D044D9\{F67B5E34-D060-41AD-9EFB-7379968FCD14}), Status(The operation completed successfully.), Total Count(2), Orphaned Count(0), Loaded Count(1), Parent Initiation ID(NULL), Completed Count(0)."
"12-08-2026 03:28:43","257","Information","Microsoft-Windows-DeviceManagement-Enterprise-Diagnostics-Provider","MDM Session: OMA-DM session started: Session ID(375), Server ID(BE5150A3-9E69-42C0-A229-7ADD75D044D9), User SID(NULL), Initiation ID(Software\Microsoft\Provisioning\OMADM\Sessions\BE5150A3-9E69-42C0-A229-7ADD75D044D9\{F67B5E34-D060-41AD-9EFB-7379968FCD14}), Origin(3)."
"12-08-2026 03:28:43","205","Information","Microsoft-Windows-DeviceManagement-Enterprise-Diagnostics-Provider","MDM Session: OMA-DM client started. CV: (WhvRb3UEMUywTehC.0.0.375)."
"12-08-2026 03:28:43","259","Information","Microsoft-Windows-DeviceManagement-Enterprise-Diagnostics-Provider","MDM Session: OMA-DM session Handled: Account ID(BE5150A3-9E69-42C0-A229-7ADD75D044D9), Initiation ID(Software\Microsoft\Provisioning\OMADM\Sessions\BE5150A3-9E69-42C0-A229-7ADD75D044D9\{F67B5E34-D060-41AD-9EFB-7379968FCD14}), Session ID(0), Initiator(0), Origin(3)."
"12-08-2026 03:28:43","209","Information","Microsoft-Windows-DeviceManagement-Enterprise-Diagnostics-Provider","MDM Session: OMA-DM session ended with status: (The operation completed successfully.)."
"12-08-2026 03:28:43","202","Information","Microsoft-Windows-DeviceManagement-Enterprise-Diagnostics-Provider","MDM Session: OMA-DM server message received and parsed successfully."
"12-08-2026 03:28:43","200","Information","Microsoft-Windows-DeviceManagement-Enterprise-Diagnostics-Provider","MDM Session: OMA-DM message sent."
"12-08-2026 03:28:41","202","Information","Microsoft-Windows-DeviceManagement-Enterprise-Diagnostics-Provider","MDM Session: OMA-DM server message received and parsed successfully."
"12-08-2026 03:28:41","200","Information","Microsoft-Windows-DeviceManagement-Enterprise-Diagnostics-Provider","MDM Session: OMA-DM message sent."
"12-08-2026 03:28:38","202","Information","Microsoft-Windows-DeviceManagement-Enterprise-Diagnostics-Provider","MDM Session: OMA-DM server message received and parsed successfully."
"12-08-2026 03:28:38","200","Information","Microsoft-Windows-DeviceManagement-Enterprise-Diagnostics-Provider","MDM Session: OMA-DM message sent."
"12-08-2026 03:28:17","202","Information","Microsoft-Windows-DeviceManagement-Enterprise-Diagnostics-Provider","MDM Session: OMA-DM server message received and parsed successfully."
"12-08-2026 03:28:17","200","Information","Microsoft-Windows-DeviceManagement-Enterprise-Diagnostics-Provider","MDM Session: OMA-DM message sent."
"12-08-2026 03:28:12","202","Information","Microsoft-Windows-DeviceManagement-Enterprise-Diagnostics-Provider","MDM Session: OMA-DM server message received and parsed successfully."
"12-08-2026 03:28:12","200","Information","Microsoft-Windows-DeviceManagement-Enterprise-Diagnostics-Provider","MDM Session: OMA-DM message sent."
"12-08-2026 03:28:05","202","Information","Microsoft-Windows-DeviceManagement-Enterprise-Diagnostics-Provider","MDM Session: OMA-DM server message received and parsed successfully."
"12-08-2026 03:28:05","200","Information","Microsoft-Windows-DeviceManagement-Enterprise-Diagnostics-Provider","MDM Session: OMA-DM message sent."
"12-08-2026 03:28:02","202","Information","Microsoft-Windows-DeviceManagement-Enterprise-Diagnostics-Provider","MDM Session: OMA-DM server message received and parsed successfully."
"12-08-2026 03:28:02","200","Information","Microsoft-Windows-DeviceManagement-Enterprise-Diagnostics-Provider","MDM Session: OMA-DM message sent."
"12-08-2026 03:27:50","256","Information","Microsoft-Windows-DeviceManagement-Enterprise-Diagnostics-Provider","OmaDmLogOmaDmApiInitiateSession: Result: (The operation completed successfully.), Account Id: (BE5150A3-9E69-42C0-A229-7ADD75D044D9), Initiation Id: ({F67B5E34-D060-41AD-9EFB-7379968FCD14}), Mode: (2), Origin: (3), AutoDelete: (true), Alert Count: (0), First Alert Name: (NULL), User Sid: (NULL), User Only: (false), All Active Users: (false), Process Name: (C:\Windows\system32\deviceenroller.exe), System Or Admin: (true)."
"12-08-2026 03:27:34","202","Information","Microsoft-Windows-DeviceManagement-Enterprise-Diagnostics-Provider","MDM Session: OMA-DM server message received and parsed successfully."
"12-08-2026 03:27:34","200","Information","Microsoft-Windows-DeviceManagement-Enterprise-Diagnostics-Provider","MDM Session: OMA-DM message sent."
"12-08-2026 03:27:30","208","Information","Microsoft-Windows-DeviceManagement-Enterprise-Diagnostics-Provider","MDM Session: OMA-DM session started for EnrollmentID (386F60E8-6817-4304-B348-3E8545F3B70A) with server: (MS DM Server), Server version: (5.1), Client Version: (1.2), PushRouterOrigin: (0x3), UserAgentOrigin: (0x2), Initiator: (0x0), Mode: (0x2), SessionID: (0x13D), Authentication Type: (0x1)."
"12-08-2026 03:27:28","206","Information","Microsoft-Windows-DeviceManagement-Enterprise-Diagnostics-Provider","MDM Session: OMA-DM session Init: UserSID(S-1-12-1-2357405129-1281513531-255772574-1816207334), EnrolledUser(1), UserToken(1), DeviceToken(1), EnrollmentType(6), SyncType(3)."
"12-08-2026 03:27:22","258","Information","Microsoft-Windows-DeviceManagement-Enterprise-Diagnostics-Provider","MDM Session: OMA-DM session Loaded: Initiation ID(Software\Microsoft\Provisioning\OMADM\Sessions\386F60E8-6817-4304-B348-3E8545F3B70A\{64BC1E95-F8D1-4945-9409-87505C3B6FEB}), Status(The operation completed successfully.), Total Count(1), Orphaned Count(0), Loaded Count(1), Parent Initiation ID(NULL), Completed Count(0)."
"12-08-2026 03:27:21","257","Information","Microsoft-Windows-DeviceManagement-Enterprise-Diagnostics-Provider","MDM Session: OMA-DM session started: Session ID(317), Server ID(386F60E8-6817-4304-B348-3E8545F3B70A), User SID(NULL), Initiation ID(Software\Microsoft\Provisioning\OMADM\Sessions\386F60E8-6817-4304-B348-3E8545F3B70A\{64BC1E95-F8D1-4945-9409-87505C3B6FEB}), Origin(3)."
"12-08-2026 03:27:21","205","Information","Microsoft-Windows-DeviceManagement-Enterprise-Diagnostics-Provider","MDM Session: OMA-DM client started. CV: (y1uoCnTqAABhyqgKdOrcAQ.0.0.315)."
"12-08-2026 03:27:19","259","Information","Microsoft-Windows-DeviceManagement-Enterprise-Diagnostics-Provider","MDM Session: OMA-DM session Handled: Account ID(386F60E8-6817-4304-B348-3E8545F3B70A), Initiation ID(Software\Microsoft\Provisioning\OMADM\Sessions\386F60E8-6817-4304-B348-3E8545F3B70A\{64BC1E95-F8D1-4945-9409-87505C3B6FEB}), Session ID(0), Initiator(0), Origin(3)."
"12-08-2026 03:27:19","256","Information","Microsoft-Windows-DeviceManagement-Enterprise-Diagnostics-Provider","OmaDmLogOmaDmApiInitiateSession: Result: (The operation completed successfully.), Account Id: (386F60E8-6817-4304-B348-3E8545F3B70A), Initiation Id: ({64BC1E95-F8D1-4945-9409-87505C3B6FEB}), Mode: (2), Origin: (3), AutoDelete: (true), Alert Count: (0), First Alert Name: (NULL), User Sid: (NULL), User Only: (false), All Active Users: (false), Process Name: (C:\Windows\system32\deviceenroller.exe), System Or Admin: (true)."
"11-08-2026 18:06:16","209","Information","Microsoft-Windows-DeviceManagement-Enterprise-Diagnostics-Provider","MDM Session: OMA-DM session ended with status: (The operation completed successfully.)."
"11-08-2026 18:06:16","202","Information","Microsoft-Windows-DeviceManagement-Enterprise-Diagnostics-Provider","MDM Session: OMA-DM server message received and parsed successfully."
"11-08-2026 18:06:16","200","Information","Microsoft-Windows-DeviceManagement-Enterprise-Diagnostics-Provider","MDM Session: OMA-DM message sent."
"11-08-2026 18:06:15","202","Information","Microsoft-Windows-DeviceManagement-Enterprise-Diagnostics-Provider","MDM Session: OMA-DM server message received and parsed successfully."
"11-08-2026 18:06:15","200","Information","Microsoft-Windows-DeviceManagement-Enterprise-Diagnostics-Provider","MDM Session: OMA-DM message sent."
"11-08-2026 18:06:13","208","Information","Microsoft-Windows-DeviceManagement-Enterprise-Diagnostics-Provider","MDM Session: OMA-DM session started for EnrollmentID (BE5150A3-9E69-42C0-A229-7ADD75D044D9) with server: (Microsoft Device Management), Server version: (5.1), Client Version: (1.2), PushRouterOrigin: (0x3), UserAgentOrigin: (0x2), Initiator: (0x0), Mode: (0x2), SessionID: (0x176), Authentication Type: (0x1)."
"11-08-2026 18:06:13","206","Information","Microsoft-Windows-DeviceManagement-Enterprise-Diagnostics-Provider","MDM Session: OMA-DM session Init: UserSID(S-1-12-1-2357405129-1281513531-255772574-1816207334), EnrolledUser(1), UserToken(1), DeviceToken(0), EnrollmentType(26), SyncType(3)."
"11-08-2026 18:06:12","258","Information","Microsoft-Windows-DeviceManagement-Enterprise-Diagnostics-Provider","MDM Session: OMA-DM session Loaded: Initiation ID(Software\Microsoft\Provisioning\OMADM\Sessions\BE5150A3-9E69-42C0-A229-7ADD75D044D9\{F8A95B9E-95AF-40C4-8856-6E983579CFE8}), Status(The operation completed successfully.), Total Count(2), Orphaned Count(0), Loaded Count(1), Parent Initiation ID(NULL), Completed Count(0)."
"11-08-2026 18:06:12","257","Information","Microsoft-Windows-DeviceManagement-Enterprise-Diagnostics-Provider","MDM Session: OMA-DM session started: Session ID(374), Server ID(BE5150A3-9E69-42C0-A229-7ADD75D044D9), User SID(NULL), Initiation ID(Software\Microsoft\Provisioning\OMADM\Sessions\BE5150A3-9E69-42C0-A229-7ADD75D044D9\{F8A95B9E-95AF-40C4-8856-6E983579CFE8}), Origin(3)."
"11-08-2026 18:06:12","205","Information","Microsoft-Windows-DeviceManagement-Enterprise-Diagnostics-Provider","MDM Session: OMA-DM client started. CV: (WhvRb3UEMUywTehC.0.0.374)."
