"30-06-2026 12:11:18","400","Information","Microsoft-Windows-Kernel-PnP","Device HID\VID_047F&PID_C057&MI_03&Col02\7&7092578&0&0001 was configured.

Driver Name: hidtelephonydriver.inf
Driver Package ID: hidtelephonydriver.inf_amd64_f40c773fd8e27ba7
Class GUID: {745a17a0-74d3-11d0-b6fe-00a0c90f57da}
Driver Date: 04/21/2009
Driver Version: 10.0.26100.8521
Driver Provider: Microsoft
Driver Section: HidTelephony_Install.NT
Driver Rank: 0xFF0003
Matching Device ID: HID_DEVICE_UP:000B_U:0005
Outranked Drivers: input.inf:HID_DEVICE_UP:000B_U:0005:00FF1003 input.inf:HID_DEVICE:00FF1004
Device Updated: false
Parent Device: USB\VID_047F&PID_C057&MI_03\6&162f5009&0&0003"
"30-06-2026 12:11:18","400","Information","Microsoft-Windows-Kernel-PnP","Device HID\VID_047F&PID_C057&MI_03&Col01\7&7092578&0&0000 was configured.

Driver Name: hidserv.inf
Driver Package ID: hidserv.inf_amd64_3111b4bfb553788d
Class GUID: {745a17a0-74d3-11d0-b6fe-00a0c90f57da}
Driver Date: 06/21/2006
Driver Version: 10.0.26100.1
Driver Provider: Microsoft
Driver Section: HIDSystemConsumerDevice
Driver Rank: 0xFF0004
Matching Device ID: HID_DEVICE_UP:000C_U:0001
Outranked Drivers: input.inf:HID_DEVICE:00FF1005
Device Updated: false
Parent Device: USB\VID_047F&PID_C057&MI_03\6&162f5009&0&0003"
"30-06-2026 12:11:18","410","Information","Microsoft-Windows-Kernel-PnP","Device USB\VID_047F&PID_C057&MI_03\6&162f5009&0&0003 was started.

Driver Name: input.inf
Class GUID: {745a17a0-74d3-11d0-b6fe-00a0c90f57da}
Service: HidUsb
Lower Filters: 
Upper Filters: "
"30-06-2026 12:11:17","411","Error","Microsoft-Windows-Kernel-PnP","Device USB\VID_047F&PID_C057&MI_00\6&162f5009&0&0000 had a problem starting.

Driver Name: wdma_usb.inf
Class GUID: {4d36e96c-e325-11ce-bfc1-08002be10318}
Service: usbaudio
Lower Filters: 
Upper Filters: 
Problem: 0xA
Problem Status: 0xC0000001"
"30-06-2026 12:11:17","400","Information","Microsoft-Windows-Kernel-PnP","Device USB\VID_047F&PID_C057&MI_03\6&162f5009&0&0003 was configured.

Driver Name: input.inf
Driver Package ID: input.inf_amd64_5ef322c8291a38ce
Class GUID: {745a17a0-74d3-11d0-b6fe-00a0c90f57da}
Driver Date: 06/21/2006
Driver Version: 10.0.26100.8521
Driver Provider: Microsoft
Driver Section: HID_Inst.NT
Driver Rank: 0xFF3205
Matching Device ID: USB\Class_03
Outranked Drivers: 
Device Updated: false
Parent Device: USB\VID_047F&PID_C057\66894F7A611AC04D8DE7E8BE38E4DE4B"
"30-06-2026 12:11:16","400","Information","Microsoft-Windows-Kernel-PnP","Device USB\VID_047F&PID_C057&MI_00\6&162f5009&0&0000 was configured.

Driver Name: wdma_usb.inf
Driver Package ID: wdma_usb.inf_amd64_ec872a11565121a9
Class GUID: {4d36e96c-e325-11ce-bfc1-08002be10318}
Driver Date: 05/16/2026
Driver Version: 10.0.26100.8521
Driver Provider: Microsoft
Driver Section: USBAudio
Driver Rank: 0xFF2005
Matching Device ID: USB\Class_01
Outranked Drivers: usbmidi2.inf:USB\Class_01:00FF3105
Device Updated: false
Parent Device: USB\VID_047F&PID_C057\66894F7A611AC04D8DE7E8BE38E4DE4B"
"30-06-2026 12:11:16","410","Information","Microsoft-Windows-Kernel-PnP","Device USB\VID_047F&PID_C057\66894F7A611AC04D8DE7E8BE38E4DE4B was started.

Driver Name: usb.inf
Class GUID: {36fc9e60-c465-11cf-8056-444553540000}
Service: usbccgp
Lower Filters: 
Upper Filters: "
"30-06-2026 12:11:16","400","Information","Microsoft-Windows-Kernel-PnP","Device USB\VID_047F&PID_C057\66894F7A611AC04D8DE7E8BE38E4DE4B was configured.

Driver Name: usb.inf
Driver Package ID: usb.inf_amd64_a10c4ca0f120b7f5
Class GUID: {36fc9e60-c465-11cf-8056-444553540000}
Driver Date: 06/21/2006
Driver Version: 10.0.26100.8521
Driver Provider: Microsoft
Driver Section: Composite.Dev.NT
Driver Rank: 0xFF2006
Matching Device ID: USB\COMPOSITE
Outranked Drivers: 
Device Updated: false
Parent Device: USB\ROOT_HUB30\4&2169287b&0&0"
"30-06-2026 12:11:13","410","Information","Microsoft-Windows-Kernel-PnP","Device SWD\MMDEVAPI\{0.0.0.00000000}.{d7dafb15-bbee-4206-add7-7fe4fa8cc44e} was started.

Driver Name: audioendpoint.inf
Class GUID: {c166523c-fe0c-4a94-a586-f1a80cfbbf3e}
Service: 
Lower Filters: 
Upper Filters: "
"30-06-2026 12:11:13","400","Information","Microsoft-Windows-Kernel-PnP","Device SWD\MMDEVAPI\{0.0.0.00000000}.{d7dafb15-bbee-4206-add7-7fe4fa8cc44e} was configured.

Driver Name: audioendpoint.inf
Driver Package ID: audioendpoint.inf_amd64_271c4d03bad18da8
Class GUID: {c166523c-fe0c-4a94-a586-f1a80cfbbf3e}
Driver Date: 03/31/2024
Driver Version: 10.0.26100.1
Driver Provider: Microsoft
Driver Section: NO_DRV
Driver Rank: 0xFF0000
Matching Device ID: MMDEVAPI\AudioEndpoints
Outranked Drivers: c_swdevice.inf:SWD\GenericRaw:00FF3001
Device Updated: false
Parent Device: USB\VID_047F&PID_C058&MI_00\6&67f655b&0&0000"
"30-06-2026 12:11:13","410","Information","Microsoft-Windows-Kernel-PnP","Device SWD\MMDEVAPI\{0.0.1.00000000}.{db4e84b3-3d8b-40d6-b1a7-7625a4803c6a} was started.

Driver Name: audioendpoint.inf
Class GUID: {c166523c-fe0c-4a94-a586-f1a80cfbbf3e}
Service: 
Lower Filters: 
Upper Filters: "
"30-06-2026 12:11:13","400","Information","Microsoft-Windows-Kernel-PnP","Device SWD\MMDEVAPI\{0.0.1.00000000}.{db4e84b3-3d8b-40d6-b1a7-7625a4803c6a} was configured.

Driver Name: audioendpoint.inf
Driver Package ID: audioendpoint.inf_amd64_271c4d03bad18da8
Class GUID: {c166523c-fe0c-4a94-a586-f1a80cfbbf3e}
Driver Date: 03/31/2024
Driver Version: 10.0.26100.1
Driver Provider: Microsoft
Driver Section: NO_DRV
Driver Rank: 0xFF0000
Matching Device ID: MMDEVAPI\AudioEndpoints
Outranked Drivers: c_swdevice.inf:SWD\GenericRaw:00FF3001
Device Updated: false
Parent Device: USB\VID_047F&PID_C058&MI_00\6&67f655b&0&0000"
"30-06-2026 12:11:13","410","Information","Microsoft-Windows-Kernel-PnP","Device HID\VID_047F&PID_C058&MI_03&Col02\7&6704be1&0&0001 was started.

Driver Name: hidtelephonydriver.inf
Class GUID: {745a17a0-74d3-11d0-b6fe-00a0c90f57da}
Service: WUDFRd
Lower Filters: 
Upper Filters: "
"30-06-2026 12:11:13","410","Information","Microsoft-Windows-Kernel-PnP","Device HID\VID_047F&PID_C058&MI_03&Col03\7&6704be1&0&0002 was started.

Driver Name: input.inf
Class GUID: {745a17a0-74d3-11d0-b6fe-00a0c90f57da}
Service: 
Lower Filters: 
Upper Filters: "
"30-06-2026 12:11:13","410","Information","Microsoft-Windows-Kernel-PnP","Device HID\VID_047F&PID_C058&MI_03&Col01\7&6704be1&0&0000 was started.

Driver Name: hidserv.inf
Class GUID: {745a17a0-74d3-11d0-b6fe-00a0c90f57da}
Service: 
Lower Filters: 
Upper Filters: "
"30-06-2026 12:11:13","400","Information","Microsoft-Windows-Kernel-PnP","Device HID\VID_047F&PID_C058&MI_03&Col03\7&6704be1&0&0002 was configured.

Driver Name: input.inf
Driver Package ID: input.inf_amd64_5ef322c8291a38ce
Class GUID: {745a17a0-74d3-11d0-b6fe-00a0c90f57da}
Driver Date: 06/21/2006
Driver Version: 10.0.26100.8521
Driver Provider: Microsoft
Driver Section: HID_Raw_Inst.NT
Driver Rank: 0xFF1004
Matching Device ID: HID_DEVICE_UPR:FF00-FFFF
Outranked Drivers: input.inf:HID_DEVICE:00FF1005
Device Updated: false
Parent Device: USB\VID_047F&PID_C058&MI_03\6&67f655b&0&0003"
"30-06-2026 12:11:13","400","Information","Microsoft-Windows-Kernel-PnP","Device HID\VID_047F&PID_C058&MI_03&Col02\7&6704be1&0&0001 was configured.

Driver Name: hidtelephonydriver.inf
Driver Package ID: hidtelephonydriver.inf_amd64_f40c773fd8e27ba7
Class GUID: {745a17a0-74d3-11d0-b6fe-00a0c90f57da}
Driver Date: 04/21/2009
Driver Version: 10.0.26100.8521
Driver Provider: Microsoft
Driver Section: HidTelephony_Install.NT
Driver Rank: 0xFF0003
Matching Device ID: HID_DEVICE_UP:000B_U:0005
Outranked Drivers: input.inf:HID_DEVICE_UP:000B_U:0005:00FF1003 input.inf:HID_DEVICE:00FF1004
Device Updated: false
Parent Device: USB\VID_047F&PID_C058&MI_03\6&67f655b&0&0003"
"30-06-2026 12:11:13","400","Information","Microsoft-Windows-Kernel-PnP","Device HID\VID_047F&PID_C058&MI_03&Col01\7&6704be1&0&0000 was configured.

Driver Name: hidserv.inf
Driver Package ID: hidserv.inf_amd64_3111b4bfb553788d
Class GUID: {745a17a0-74d3-11d0-b6fe-00a0c90f57da}
Driver Date: 06/21/2006
Driver Version: 10.0.26100.1
Driver Provider: Microsoft
Driver Section: HIDSystemConsumerDevice
Driver Rank: 0xFF0004
Matching Device ID: HID_DEVICE_UP:000C_U:0001
Outranked Drivers: input.inf:HID_DEVICE:00FF1005
Device Updated: false
Parent Device: USB\VID_047F&PID_C058&MI_03\6&67f655b&0&0003"
"30-06-2026 12:11:12","410","Information","Microsoft-Windows-Kernel-PnP","Device USB\VID_047F&PID_C058&MI_03\6&67f655b&0&0003 was started.

Driver Name: input.inf
Class GUID: {745a17a0-74d3-11d0-b6fe-00a0c90f57da}
Service: HidUsb
Lower Filters: 
Upper Filters: "
"30-06-2026 12:11:12","410","Information","Microsoft-Windows-Kernel-PnP","Device USB\VID_047F&PID_C058&MI_00\6&67f655b&0&0000 was started.

Driver Name: wdma_usb.inf
Class GUID: {4d36e96c-e325-11ce-bfc1-08002be10318}
Service: usbaudio
Lower Filters: 
Upper Filters: "
"30-06-2026 12:11:12","400","Information","Microsoft-Windows-Kernel-PnP","Device USB\VID_047F&PID_C058&MI_03\6&67f655b&0&0003 was configured.

Driver Name: input.inf
Driver Package ID: input.inf_amd64_5ef322c8291a38ce
Class GUID: {745a17a0-74d3-11d0-b6fe-00a0c90f57da}
Driver Date: 06/21/2006
Driver Version: 10.0.26100.8521
Driver Provider: Microsoft
Driver Section: HID_Inst.NT
Driver Rank: 0xFF3205
Matching Device ID: USB\Class_03
Outranked Drivers: 
Device Updated: false
Parent Device: USB\VID_047F&PID_C058\66894F7A611AC04D8DE7E8BE38E4DE4B"
"30-06-2026 12:11:12","400","Information","Microsoft-Windows-Kernel-PnP","Device USB\VID_047F&PID_C058&MI_00\6&67f655b&0&0000 was configured.

Driver Name: wdma_usb.inf
Driver Package ID: wdma_usb.inf_amd64_ec872a11565121a9
Class GUID: {4d36e96c-e325-11ce-bfc1-08002be10318}
Driver Date: 05/16/2026
Driver Version: 10.0.26100.8521
Driver Provider: Microsoft
Driver Section: USBAudio
Driver Rank: 0xFF2005
Matching Device ID: USB\Class_01
Outranked Drivers: usbmidi2.inf:USB\Class_01:00FF3105
Device Updated: false
Parent Device: USB\VID_047F&PID_C058\66894F7A611AC04D8DE7E8BE38E4DE4B"
"30-06-2026 12:11:12","410","Information","Microsoft-Windows-Kernel-PnP","Device USB\VID_047F&PID_C058\66894F7A611AC04D8DE7E8BE38E4DE4B was started.

Driver Name: usb.inf
Class GUID: {36fc9e60-c465-11cf-8056-444553540000}
Service: usbccgp
Lower Filters: 
Upper Filters: "
"30-06-2026 12:11:12","400","Information","Microsoft-Windows-Kernel-PnP","Device USB\VID_047F&PID_C058\66894F7A611AC04D8DE7E8BE38E4DE4B was configured.

Driver Name: usb.inf
Driver Package ID: usb.inf_amd64_a10c4ca0f120b7f5
Class GUID: {36fc9e60-c465-11cf-8056-444553540000}
Driver Date: 06/21/2006
Driver Version: 10.0.26100.8521
Driver Provider: Microsoft
Driver Section: Composite.Dev.NT
Driver Rank: 0xFF2006
Matching Device ID: USB\COMPOSITE
Outranked Drivers: 
Device Updated: false
Parent Device: USB\ROOT_HUB30\4&2169287b&0&0"
"30-06-2026 11:13:31","410","Information","Microsoft-Windows-Kernel-PnP","Device SWD\DRIVERENUM\DPMAutoInstallDriver_Device_component&8&30751357&0 was started.

Driver Name: oem425.inf
Class GUID: {5c4c3332-344d-483c-8739-259e934c9cc8}
Service: 
Lower Filters: 
Upper Filters: "
"30-06-2026 11:13:31","400","Information","Microsoft-Windows-Kernel-PnP","Device SWD\DRIVERENUM\DPMAutoInstallDriver_Device_component&8&30751357&0 was configured.

Driver Name: oem425.inf
Driver Package ID: ddpmsoftwareinstall_component.inf_amd64_3d39f607b80ee919
Class GUID: {5c4c3332-344d-483c-8739-259e934c9cc8}
Driver Date: 03/03/2025
Driver Version: 1.0.0.8
Driver Provider: Dell Technologies Inc.
Driver Section: DDPMSoftwareInstall_Device_component.NTamd64
Driver Rank: 0xFF0000
Matching Device ID: SWC\DELL_DDPM0001
Outranked Drivers: c_swcomponent.inf:SWC\Generic:00FF3000 c_swdevice.inf:SWD\GenericRaw:00FF3001
Device Updated: false
Parent Device: HID\VID_413C&PID_4503&MI_02&Col02\7&1a3e2a54&0&0001"
"30-06-2026 11:13:31","410","Information","Microsoft-Windows-Kernel-PnP","Device HID\VID_413C&PID_4503&MI_02&Col02\7&1a3e2a54&0&0001 was started.

Driver Name: oem135.inf
Class GUID: {745a17a0-74d3-11d0-b6fe-00a0c90f57da}
Service: 
Lower Filters: 
Upper Filters: "
"30-06-2026 11:13:31","400","Information","Microsoft-Windows-Kernel-PnP","Device HID\VID_413C&PID_4503&MI_02&Col02\7&1a3e2a54&0&0001 was configured.

Driver Name: oem135.inf
Driver Package ID: dpmautoinstalldriver.inf_amd64_412d7d28a0358c95
Class GUID: {745a17a0-74d3-11d0-b6fe-00a0c90f57da}
Driver Date: 12/03/2025
Driver Version: 2.2.0.0
Driver Provider: Dell Inc.
Driver Section: DPMAutoInstallDriver_Device.NT
Driver Rank: 0xFF0001
Matching Device ID: HID\VID_413C&PID_4503&MI_02&Col02
Outranked Drivers: oem68.inf:HID\VID_413C&PID_4503&MI_02&Col02:00FF0001 input.inf:HID_DEVICE_UPR:FF00-FFFF:00FF1004 input.inf:HID_DEVICE:00FF1005
Device Updated: false
Parent Device: USB\VID_413C&PID_4503&MI_02\6&25b24ebb&0&0002"
"30-06-2026 11:13:30","410","Information","Microsoft-Windows-Kernel-PnP","Device HID\VID_413C&PID_4503&MI_01&Col01\7&27a9e0f&0&0000 was started.

Driver Name: msmouse.inf
Class GUID: {4d36e96f-e325-11ce-bfc1-08002be10318}
Service: mouhid
Lower Filters: 
Upper Filters: "
"30-06-2026 11:13:30","410","Information","Microsoft-Windows-Kernel-PnP","Device HID\VID_413C&PID_4503&MI_00\7&2651dbd1&0&0000 was started.

Driver Name: keyboard.inf
Class GUID: {4d36e96b-e325-11ce-bfc1-08002be10318}
Service: kbdhid
Lower Filters: 
Upper Filters: "
"30-06-2026 11:13:30","410","Information","Microsoft-Windows-Kernel-PnP","Device HID\VID_413C&PID_4503&MI_02&Col01\7&1a3e2a54&0&0000 was started.

Driver Name: input.inf
Class GUID: {745a17a0-74d3-11d0-b6fe-00a0c90f57da}
Service: 
Lower Filters: 
Upper Filters: "
"30-06-2026 11:13:30","410","Information","Microsoft-Windows-Kernel-PnP","Device HID\VID_413C&PID_4503&MI_01&Col03\7&27a9e0f&0&0002 was started.

Driver Name: input.inf
Class GUID: {745a17a0-74d3-11d0-b6fe-00a0c90f57da}
Service: 
Lower Filters: 
Upper Filters: "
"30-06-2026 11:13:30","410","Information","Microsoft-Windows-Kernel-PnP","Device HID\VID_413C&PID_4503&MI_01&Col02\7&27a9e0f&0&0001 was started.

Driver Name: hidserv.inf
Class GUID: {745a17a0-74d3-11d0-b6fe-00a0c90f57da}
Service: 
Lower Filters: 
Upper Filters: "
"30-06-2026 11:13:30","430","Information","Microsoft-Windows-Kernel-PnP","Device HID\VID_413C&PID_4503&MI_02&Col02\7&1a3e2a54&0&0001 requires further installation."
"30-06-2026 11:13:30","400","Information","Microsoft-Windows-Kernel-PnP","Device HID\VID_413C&PID_4503&MI_02&Col01\7&1a3e2a54&0&0000 was configured.

Driver Name: input.inf
Driver Package ID: input.inf_amd64_5ef322c8291a38ce
Class GUID: {745a17a0-74d3-11d0-b6fe-00a0c90f57da}
Driver Date: 06/21/2006
Driver Version: 10.0.26100.8521
Driver Provider: Microsoft
Driver Section: HID_Raw_Inst.NT
Driver Rank: 0xFF1004
Matching Device ID: HID_DEVICE_UPR:FF00-FFFF
Outranked Drivers: input.inf:HID_DEVICE:00FF1005
Device Updated: false
Parent Device: USB\VID_413C&PID_4503&MI_02\6&25b24ebb&0&0002"
"30-06-2026 11:13:30","410","Information","Microsoft-Windows-Kernel-PnP","Device USB\VID_413C&PID_4503&MI_02\6&25b24ebb&0&0002 was started.

Driver Name: input.inf
Class GUID: {745a17a0-74d3-11d0-b6fe-00a0c90f57da}
Service: HidUsb
Lower Filters: 
Upper Filters: "
"30-06-2026 11:13:30","400","Information","Microsoft-Windows-Kernel-PnP","Device HID\VID_413C&PID_4503&MI_01&Col03\7&27a9e0f&0&0002 was configured.

Driver Name: input.inf
Driver Package ID: input.inf_amd64_5ef322c8291a38ce
Class GUID: {745a17a0-74d3-11d0-b6fe-00a0c90f57da}
Driver Date: 06/21/2006
Driver Version: 10.0.26100.8521
Driver Provider: Microsoft
Driver Section: HID_Raw_Inst.NT
Driver Rank: 0xFF1004
Matching Device ID: HID_DEVICE_UP:0001_U:0080
Outranked Drivers: input.inf:HID_DEVICE:00FF1005
Device Updated: false
Parent Device: USB\VID_413C&PID_4503&MI_01\6&25b24ebb&0&0001"
"30-06-2026 11:13:30","400","Information","Microsoft-Windows-Kernel-PnP","Device HID\VID_413C&PID_4503&MI_01&Col02\7&27a9e0f&0&0001 was configured.

Driver Name: hidserv.inf
Driver Package ID: hidserv.inf_amd64_3111b4bfb553788d
Class GUID: {745a17a0-74d3-11d0-b6fe-00a0c90f57da}
Driver Date: 06/21/2006
Driver Version: 10.0.26100.1
Driver Provider: Microsoft
Driver Section: HIDSystemConsumerDevice
Driver Rank: 0xFF0004
Matching Device ID: HID_DEVICE_UP:000C_U:0001
Outranked Drivers: input.inf:HID_DEVICE:00FF1005
Device Updated: false
Parent Device: USB\VID_413C&PID_4503&MI_01\6&25b24ebb&0&0001"
"30-06-2026 11:13:30","400","Information","Microsoft-Windows-Kernel-PnP","Device HID\VID_413C&PID_4503&MI_01&Col01\7&27a9e0f&0&0000 was configured.

Driver Name: msmouse.inf
Driver Package ID: msmouse.inf_amd64_097bbd709f0c4972
Class GUID: {4d36e96f-e325-11ce-bfc1-08002be10318}
Driver Date: 06/21/2006
Driver Version: 10.0.26100.1150
Driver Provider: Microsoft
Driver Section: HID_Mouse_Inst.NT
Driver Rank: 0xFF1003
Matching Device ID: HID_DEVICE_SYSTEM_MOUSE
Outranked Drivers: input.inf:HID_DEVICE:00FF1005
Device Updated: false
Parent Device: USB\VID_413C&PID_4503&MI_01\6&25b24ebb&0&0001"
"30-06-2026 11:13:30","410","Information","Microsoft-Windows-Kernel-PnP","Device USB\VID_413C&PID_4503&MI_01\6&25b24ebb&0&0001 was started.

Driver Name: input.inf
Class GUID: {745a17a0-74d3-11d0-b6fe-00a0c90f57da}
Service: HidUsb
Lower Filters: 
Upper Filters: "
"30-06-2026 11:13:30","400","Information","Microsoft-Windows-Kernel-PnP","Device HID\VID_413C&PID_4503&MI_00\7&2651dbd1&0&0000 was configured.

Driver Name: keyboard.inf
Driver Package ID: keyboard.inf_amd64_b080cf0dd47fca65
Class GUID: {4d36e96b-e325-11ce-bfc1-08002be10318}
Driver Date: 06/21/2006
Driver Version: 10.0.26100.8521
Driver Provider: Microsoft
Driver Section: HID_Keyboard_Inst.NT
Driver Rank: 0xFF1003
Matching Device ID: HID_DEVICE_SYSTEM_KEYBOARD
Outranked Drivers: input.inf:HID_DEVICE:00FF1005
Device Updated: false
Parent Device: USB\VID_413C&PID_4503&MI_00\6&25b24ebb&0&0000"
"30-06-2026 11:13:30","410","Information","Microsoft-Windows-Kernel-PnP","Device USB\VID_413C&PID_4503&MI_00\6&25b24ebb&0&0000 was started.

Driver Name: input.inf
Class GUID: {745a17a0-74d3-11d0-b6fe-00a0c90f57da}
Service: HidUsb
Lower Filters: 
Upper Filters: "
"30-06-2026 11:13:30","400","Information","Microsoft-Windows-Kernel-PnP","Device USB\VID_413C&PID_4503&MI_02\6&25b24ebb&0&0002 was configured.

Driver Name: input.inf
Driver Package ID: input.inf_amd64_5ef322c8291a38ce
Class GUID: {745a17a0-74d3-11d0-b6fe-00a0c90f57da}
Driver Date: 06/21/2006
Driver Version: 10.0.26100.8521
Driver Provider: Microsoft
Driver Section: HID_Inst.NT
Driver Rank: 0xFF3205
Matching Device ID: USB\Class_03
Outranked Drivers: 
Device Updated: false
Parent Device: USB\VID_413C&PID_4503\5&2dc84fba&0&7"
"30-06-2026 11:13:30","400","Information","Microsoft-Windows-Kernel-PnP","Device USB\VID_413C&PID_4503&MI_01\6&25b24ebb&0&0001 was configured.

Driver Name: input.inf
Driver Package ID: input.inf_amd64_5ef322c8291a38ce
Class GUID: {745a17a0-74d3-11d0-b6fe-00a0c90f57da}
Driver Date: 06/21/2006
Driver Version: 10.0.26100.8521
Driver Provider: Microsoft
Driver Section: HID_Inst.NT
Driver Rank: 0xFF3104
Matching Device ID: USB\Class_03&SubClass_01
Outranked Drivers: input.inf:USB\Class_03:00FF3205
Device Updated: false
Parent Device: USB\VID_413C&PID_4503\5&2dc84fba&0&7"
"30-06-2026 11:13:30","400","Information","Microsoft-Windows-Kernel-PnP","Device USB\VID_413C&PID_4503&MI_00\6&25b24ebb&0&0000 was configured.

Driver Name: input.inf
Driver Package ID: input.inf_amd64_5ef322c8291a38ce
Class GUID: {745a17a0-74d3-11d0-b6fe-00a0c90f57da}
Driver Date: 06/21/2006
Driver Version: 10.0.26100.8521
Driver Provider: Microsoft
Driver Section: HID_Inst.NT
Driver Rank: 0xFF3104
Matching Device ID: USB\Class_03&SubClass_01
Outranked Drivers: input.inf:USB\Class_03:00FF3205
Device Updated: false
Parent Device: USB\VID_413C&PID_4503\5&2dc84fba&0&7"
"30-06-2026 11:13:30","410","Information","Microsoft-Windows-Kernel-PnP","Device USB\VID_413C&PID_4503\5&2dc84fba&0&7 was started.

Driver Name: usb.inf
Class GUID: {36fc9e60-c465-11cf-8056-444553540000}
Service: usbccgp
Lower Filters: 
Upper Filters: "
"30-06-2026 11:13:30","400","Information","Microsoft-Windows-Kernel-PnP","Device USB\VID_413C&PID_4503\5&2dc84fba&0&7 was configured.

Driver Name: usb.inf
Driver Package ID: usb.inf_amd64_a10c4ca0f120b7f5
Class GUID: {36fc9e60-c465-11cf-8056-444553540000}
Driver Date: 06/21/2006
Driver Version: 10.0.26100.8521
Driver Provider: Microsoft
Driver Section: Composite.Dev.NT
Driver Rank: 0xFF2006
Matching Device ID: USB\COMPOSITE
Outranked Drivers: 
Device Updated: false
Parent Device: USB\ROOT_HUB30\4&2169287b&0&0"
"29-06-2026 10:27:10","410","Information","Microsoft-Windows-Kernel-PnP","Device DISPLAY\MS_0001\4&20b8d095&0&UID24648 was started.

Driver Name: monitor.inf
Class GUID: {4d36e96e-e325-11ce-bfc1-08002be10318}
Service: monitor
Lower Filters: 
Upper Filters: "
"29-06-2026 10:27:10","400","Information","Microsoft-Windows-Kernel-PnP","Device DISPLAY\MS_0001\4&20b8d095&0&UID24648 was configured.

Driver Name: monitor.inf
Driver Package ID: monitor.inf_amd64_5ec6500792d2b4b4
Class GUID: {4d36e96e-e325-11ce-bfc1-08002be10318}
Driver Date: 06/21/2006
Driver Version: 10.0.26100.8521
Driver Provider: Microsoft
Driver Section: Laptop640x480x60.Install
Driver Rank: 0xFF0000
Matching Device ID: MONITOR\MS_0001
Outranked Drivers: monitor.inf:*PNP09FF:00FF2000
Device Updated: false
Parent Device: PCI\VEN_8086&DEV_7D41&SUBSYS_0CE81028&REV_00\3&11583659&0&10"
"29-06-2026 10:27:09","430","Information","Microsoft-Windows-Kernel-PnP","Device DISPLAY\MS_0001\4&20b8d095&0&UID24648 requires further installation."
"29-06-2026 10:03:20","420","Information","Microsoft-Windows-Kernel-PnP","Device ROOT\DELLUTILS\0000 was deleted.

Class GUID: {e0def58b-33e8-4ff0-a75d-f20e1f68e5d7}"
"29-06-2026 10:03:09","410","Information","Microsoft-Windows-Kernel-PnP","Device ROOT\DELLUTILS\0000 was started.

Driver Name: oem531.inf
Class GUID: {e0def58b-33e8-4ff0-a75d-f20e1f68e5d7}
Service: DBUtilDrv2
Lower Filters: 
Upper Filters: "
"29-06-2026 10:03:09","400","Information","Microsoft-Windows-Kernel-PnP","Device ROOT\DELLUTILS\0000 was configured.

Driver Name: oem531.inf
Driver Package ID: dbutildrv2.inf_amd64_a0b1fbed976d2b5b
Class GUID: {e0def58b-33e8-4ff0-a75d-f20e1f68e5d7}
Driver Date: 10/28/2025
Driver Version: 2.7.4.0
Driver Provider: Dell Technologies
Driver Section: DBUtilDrv2_Device.NT
Driver Rank: 0xFF0000
Matching Device ID: ROOT\DBUtilDrv2
Outranked Drivers: 
Device Updated: true
Parent Device: HTREE\ROOT\0"
"29-06-2026 10:02:09","410","Information","Microsoft-Windows-Kernel-PnP","Device PCI\VEN_8086&DEV_7D1D&SUBSYS_0CE81028&REV_05\3&11583659&0&58 was started.

Driver Name: oem530.inf
Class GUID: {f01a9d53-3ff6-48d2-9f97-c8a7004be10c}
Service: npu
Lower Filters: 
Upper Filters: "
"29-06-2026 10:02:08","400","Information","Microsoft-Windows-Kernel-PnP","Device PCI\VEN_8086&DEV_7D1D&SUBSYS_0CE81028&REV_05\3&11583659&0&58 was configured.

Driver Name: oem529.inf
Driver Package ID: npu_extension.inf_amd64_4231a860fc138d5e
Class GUID: {e2f84ce7-8efa-411c-aa69-97454ca4cb57}
Driver Date: 03/19/2026
Driver Version: 32.0.100.4724
Driver Provider: Intel Corporation
Driver Section: NPU_7D1D_w11_Extension_Install
Driver Rank: 0xFF0001
Matching Device ID: PCI\VEN_8086&DEV_7D1D&SUBSYS_0CE81028
Outranked Drivers: 
Device Updated: true
Parent Device: ACPI\PNP0A08\0"
"29-06-2026 10:02:08","400","Information","Microsoft-Windows-Kernel-PnP","Device PCI\VEN_8086&DEV_7D1D&SUBSYS_0CE81028&REV_05\3&11583659&0&58 was configured.

Driver Name: oem439.inf
Driver Package ID: npu_extension.inf_amd64_94e59c10d33bc0d0
Class GUID: {e2f84ce7-8efa-411c-aa69-97454ca4cb57}
Driver Date: 02/06/2025
Driver Version: 32.0.100.3717
Driver Provider: Intel Corporation
Driver Section: NPU_7D1D_w11_Extension_Install
Driver Rank: 0xFF0001
Matching Device ID: PCI\VEN_8086&DEV_7D1D&SUBSYS_0CE81028
Outranked Drivers: 
Device Updated: true
Parent Device: ACPI\PNP0A08\0"
"29-06-2026 10:02:08","400","Information","Microsoft-Windows-Kernel-PnP","Device PCI\VEN_8086&DEV_7D1D&SUBSYS_0CE81028&REV_05\3&11583659&0&58 was configured.

Driver Name: oem530.inf
Driver Package ID: npu.inf_amd64_c174cd41587112dd
Class GUID: {f01a9d53-3ff6-48d2-9f97-c8a7004be10c}
Driver Date: 03/19/2026
Driver Version: 32.0.100.4724
Driver Provider: Intel Corporation
Driver Section: NPU2_7_w11_26100_DS
Driver Rank: 0xFE2001
Matching Device ID: PCI\VEN_8086&DEV_7D1D
Outranked Drivers: oem55.inf:PCI\VEN_8086&DEV_7D1D:00FF2001 oem108.inf:PCI\VEN_8086&DEV_7D1D:00FF2001 oem156.inf:PCI\VEN_8086&DEV_7D1D:00FF2001 oem392.inf:PCI\VEN_8086&DEV_7D1D:00FF2001 oem483.inf:PCI\VEN_8086&DEV_7D1D:00FF2001
Device Updated: true
Parent Device: ACPI\PNP0A08\0"
"25-06-2026 09:36:01","410","Information","Microsoft-Windows-Kernel-PnP","Device SWD\MMDEVAPI\{0.0.1.00000000}.{ecf6848c-847e-4df1-a443-b782d271ccbe} was started.

Driver Name: audioendpoint.inf
Class GUID: {c166523c-fe0c-4a94-a586-f1a80cfbbf3e}
Service: 
Lower Filters: 
Upper Filters: "
"25-06-2026 09:36:01","400","Information","Microsoft-Windows-Kernel-PnP","Device SWD\MMDEVAPI\{0.0.1.00000000}.{ecf6848c-847e-4df1-a443-b782d271ccbe} was configured.

Driver Name: audioendpoint.inf
Driver Package ID: audioendpoint.inf_amd64_271c4d03bad18da8
Class GUID: {c166523c-fe0c-4a94-a586-f1a80cfbbf3e}
Driver Date: 03/31/2024
Driver Version: 10.0.26100.1
Driver Provider: Microsoft
Driver Section: NO_DRV
Driver Rank: 0xFF0000
Matching Device ID: MMDEVAPI\AudioEndpoints
Outranked Drivers: c_swdevice.inf:SWD\GenericRaw:00FF3001
Device Updated: false
Parent Device: USB\VID_047F&PID_C058&MI_00\6&ba27757&0&0000"
"25-06-2026 09:36:01","420","Information","Microsoft-Windows-Kernel-PnP","Device SWD\MMDEVAPI\{0.0.1.00000000}.{3412E711-8786-449D-9D5B-F1E0EC48FDBD} was deleted.

Class GUID: {c166523c-fe0c-4a94-a586-f1a80cfbbf3e}"
"25-06-2026 09:36:00","410","Information","Microsoft-Windows-Kernel-PnP","Device SWD\MMDEVAPI\{0.0.0.00000000}.{8be792fc-74bb-47db-9561-be1e35261fbb} was started.

Driver Name: audioendpoint.inf
Class GUID: {c166523c-fe0c-4a94-a586-f1a80cfbbf3e}
Service: 
Lower Filters: 
Upper Filters: "
"25-06-2026 09:36:00","400","Information","Microsoft-Windows-Kernel-PnP","Device SWD\MMDEVAPI\{0.0.0.00000000}.{8be792fc-74bb-47db-9561-be1e35261fbb} was configured.

Driver Name: audioendpoint.inf
Driver Package ID: audioendpoint.inf_amd64_271c4d03bad18da8
Class GUID: {c166523c-fe0c-4a94-a586-f1a80cfbbf3e}
Driver Date: 03/31/2024
Driver Version: 10.0.26100.1
Driver Provider: Microsoft
Driver Section: NO_DRV
Driver Rank: 0xFF0000
Matching Device ID: MMDEVAPI\AudioEndpoints
Outranked Drivers: c_swdevice.inf:SWD\GenericRaw:00FF3001
Device Updated: false
Parent Device: USB\VID_047F&PID_C058&MI_00\6&ba27757&0&0000"
"25-06-2026 09:36:00","420","Information","Microsoft-Windows-Kernel-PnP","Device SWD\MMDEVAPI\{0.0.0.00000000}.{462B4D51-396D-45B0-AE15-5B0BC58F4FB9} was deleted.

Class GUID: {c166523c-fe0c-4a94-a586-f1a80cfbbf3e}"
"25-06-2026 09:32:02","410","Information","Microsoft-Windows-Kernel-PnP","Device HID\VID_046D&PID_C534&MI_01&Col01\8&62ff1ee&0&0000 was started.

Driver Name: msmouse.inf
Class GUID: {4d36e96f-e325-11ce-bfc1-08002be10318}
Service: mouhid
Lower Filters: 
Upper Filters: "
"25-06-2026 09:32:02","410","Information","Microsoft-Windows-Kernel-PnP","Device HID\VID_046D&PID_C534&MI_00\8&1df37e33&0&0000 was started.

Driver Name: keyboard.inf
Class GUID: {4d36e96b-e325-11ce-bfc1-08002be10318}
Service: kbdhid
Lower Filters: 
Upper Filters: "
"25-06-2026 09:32:02","410","Information","Microsoft-Windows-Kernel-PnP","Device HID\VID_046D&PID_C534&MI_01&Col05\8&62ff1ee&0&0004 was started.

Driver Name: input.inf
Class GUID: {745a17a0-74d3-11d0-b6fe-00a0c90f57da}
Service: 
Lower Filters: 
Upper Filters: "
"25-06-2026 09:32:02","410","Information","Microsoft-Windows-Kernel-PnP","Device HID\VID_046D&PID_C534&MI_01&Col04\8&62ff1ee&0&0003 was started.

Driver Name: input.inf
Class GUID: {745a17a0-74d3-11d0-b6fe-00a0c90f57da}
Service: 
Lower Filters: 
Upper Filters: "
"25-06-2026 09:32:02","410","Information","Microsoft-Windows-Kernel-PnP","Device HID\VID_046D&PID_C534&MI_01&Col03\8&62ff1ee&0&0002 was started.

Driver Name: input.inf
Class GUID: {745a17a0-74d3-11d0-b6fe-00a0c90f57da}
Service: 
Lower Filters: 
Upper Filters: "
"25-06-2026 09:32:02","410","Information","Microsoft-Windows-Kernel-PnP","Device HID\VID_046D&PID_C534&MI_01&Col02\8&62ff1ee&0&0001 was started.

Driver Name: hidserv.inf
Class GUID: {745a17a0-74d3-11d0-b6fe-00a0c90f57da}
Service: 
Lower Filters: 
Upper Filters: "
"25-06-2026 09:32:02","400","Information","Microsoft-Windows-Kernel-PnP","Device HID\VID_046D&PID_C534&MI_01&Col05\8&62ff1ee&0&0004 was configured.

Driver Name: input.inf
Driver Package ID: input.inf_amd64_5ef322c8291a38ce
Class GUID: {745a17a0-74d3-11d0-b6fe-00a0c90f57da}
Driver Date: 06/21/2006
Driver Version: 10.0.26100.8521
Driver Provider: Microsoft
Driver Section: HID_Raw_Inst.NT
Driver Rank: 0xFF1004
Matching Device ID: HID_DEVICE_UPR:FF00-FFFF
Outranked Drivers: input.inf:HID_DEVICE:00FF1005
Device Updated: false
Parent Device: USB\VID_046D&PID_C534&MI_01\7&385f5720&0&0001"
"25-06-2026 09:32:02","400","Information","Microsoft-Windows-Kernel-PnP","Device HID\VID_046D&PID_C534&MI_01&Col04\8&62ff1ee&0&0003 was configured.

Driver Name: input.inf
Driver Package ID: input.inf_amd64_5ef322c8291a38ce
Class GUID: {745a17a0-74d3-11d0-b6fe-00a0c90f57da}
Driver Date: 06/21/2006
Driver Version: 10.0.26100.8521
Driver Provider: Microsoft
Driver Section: HID_Raw_Inst.NT
Driver Rank: 0xFF1004
Matching Device ID: HID_DEVICE_UPR:FF00-FFFF
Outranked Drivers: input.inf:HID_DEVICE:00FF1005
Device Updated: false
Parent Device: USB\VID_046D&PID_C534&MI_01\7&385f5720&0&0001"
"25-06-2026 09:32:02","400","Information","Microsoft-Windows-Kernel-PnP","Device HID\VID_046D&PID_C534&MI_01&Col03\8&62ff1ee&0&0002 was configured.

Driver Name: input.inf
Driver Package ID: input.inf_amd64_5ef322c8291a38ce
Class GUID: {745a17a0-74d3-11d0-b6fe-00a0c90f57da}
Driver Date: 06/21/2006
Driver Version: 10.0.26100.8521
Driver Provider: Microsoft
Driver Section: HID_Raw_Inst.NT
Driver Rank: 0xFF1004
Matching Device ID: HID_DEVICE_UP:0001_U:0080
Outranked Drivers: input.inf:HID_DEVICE:00FF1005
Device Updated: false
Parent Device: USB\VID_046D&PID_C534&MI_01\7&385f5720&0&0001"
"25-06-2026 09:32:02","400","Information","Microsoft-Windows-Kernel-PnP","Device HID\VID_046D&PID_C534&MI_01&Col02\8&62ff1ee&0&0001 was configured.

Driver Name: hidserv.inf
Driver Package ID: hidserv.inf_amd64_3111b4bfb553788d
Class GUID: {745a17a0-74d3-11d0-b6fe-00a0c90f57da}
Driver Date: 06/21/2006
Driver Version: 10.0.26100.1
Driver Provider: Microsoft
Driver Section: HIDSystemConsumerDevice
Driver Rank: 0xFF0004
Matching Device ID: HID_DEVICE_UP:000C_U:0001
Outranked Drivers: input.inf:HID_DEVICE:00FF1005
Device Updated: false
Parent Device: USB\VID_046D&PID_C534&MI_01\7&385f5720&0&0001"
"25-06-2026 09:32:02","400","Information","Microsoft-Windows-Kernel-PnP","Device HID\VID_046D&PID_C534&MI_01&Col01\8&62ff1ee&0&0000 was configured.

Driver Name: msmouse.inf
Driver Package ID: msmouse.inf_amd64_097bbd709f0c4972
Class GUID: {4d36e96f-e325-11ce-bfc1-08002be10318}
Driver Date: 06/21/2006
Driver Version: 10.0.26100.1150
Driver Provider: Microsoft
Driver Section: HID_Mouse_Inst.NT
Driver Rank: 0xFF1003
Matching Device ID: HID_DEVICE_SYSTEM_MOUSE
Outranked Drivers: input.inf:HID_DEVICE:00FF1005
Device Updated: false
Parent Device: USB\VID_046D&PID_C534&MI_01\7&385f5720&0&0001"
"25-06-2026 09:32:02","410","Information","Microsoft-Windows-Kernel-PnP","Device USB\VID_046D&PID_C534&MI_01\7&385f5720&0&0001 was started.

Driver Name: input.inf
Class GUID: {745a17a0-74d3-11d0-b6fe-00a0c90f57da}
Service: HidUsb
Lower Filters: 
Upper Filters: "
"25-06-2026 09:32:01","400","Information","Microsoft-Windows-Kernel-PnP","Device HID\VID_046D&PID_C534&MI_00\8&1df37e33&0&0000 was configured.

Driver Name: keyboard.inf
Driver Package ID: keyboard.inf_amd64_b080cf0dd47fca65
Class GUID: {4d36e96b-e325-11ce-bfc1-08002be10318}
Driver Date: 06/21/2006
Driver Version: 10.0.26100.8521
Driver Provider: Microsoft
Driver Section: HID_Keyboard_Inst.NT
Driver Rank: 0xFF1003
Matching Device ID: HID_DEVICE_SYSTEM_KEYBOARD
Outranked Drivers: input.inf:HID_DEVICE:00FF1005
Device Updated: false
Parent Device: USB\VID_046D&PID_C534&MI_00\7&385f5720&0&0000"
"25-06-2026 09:32:01","410","Information","Microsoft-Windows-Kernel-PnP","Device USB\VID_046D&PID_C534&MI_00\7&385f5720&0&0000 was started.

Driver Name: input.inf
Class GUID: {745a17a0-74d3-11d0-b6fe-00a0c90f57da}
Service: HidUsb
Lower Filters: 
Upper Filters: "
"25-06-2026 09:31:59","400","Information","Microsoft-Windows-Kernel-PnP","Device USB\VID_046D&PID_C534&MI_01\7&385f5720&0&0001 was configured.

Driver Name: input.inf
Driver Package ID: input.inf_amd64_5ef322c8291a38ce
Class GUID: {745a17a0-74d3-11d0-b6fe-00a0c90f57da}
Driver Date: 06/21/2006
Driver Version: 10.0.26100.8521
Driver Provider: Microsoft
Driver Section: HID_Inst.NT
Driver Rank: 0xFF3104
Matching Device ID: USB\Class_03&SubClass_01
Outranked Drivers: input.inf:USB\Class_03:00FF3205
Device Updated: false
Parent Device: USB\VID_046D&PID_C534\6&6a9522f&0&2"
"25-06-2026 09:31:59","400","Information","Microsoft-Windows-Kernel-PnP","Device USB\VID_046D&PID_C534&MI_00\7&385f5720&0&0000 was configured.

Driver Name: input.inf
Driver Package ID: input.inf_amd64_5ef322c8291a38ce
Class GUID: {745a17a0-74d3-11d0-b6fe-00a0c90f57da}
Driver Date: 06/21/2006
Driver Version: 10.0.26100.8521
Driver Provider: Microsoft
Driver Section: HID_Inst.NT
Driver Rank: 0xFF3104
Matching Device ID: USB\Class_03&SubClass_01
Outranked Drivers: input.inf:USB\Class_03:00FF3205
Device Updated: false
Parent Device: USB\VID_046D&PID_C534\6&6a9522f&0&2"
"25-06-2026 09:31:59","410","Information","Microsoft-Windows-Kernel-PnP","Device USB\VID_046D&PID_C534\6&6a9522f&0&2 was started.

Driver Name: usb.inf
Class GUID: {36fc9e60-c465-11cf-8056-444553540000}
Service: usbccgp
Lower Filters: 
Upper Filters: "
"25-06-2026 09:31:57","400","Information","Microsoft-Windows-Kernel-PnP","Device USB\VID_046D&PID_C534\6&6a9522f&0&2 was configured.

Driver Name: usb.inf
Driver Package ID: usb.inf_amd64_a10c4ca0f120b7f5
Class GUID: {36fc9e60-c465-11cf-8056-444553540000}
Driver Date: 06/21/2006
Driver Version: 10.0.26100.8521
Driver Provider: Microsoft
Driver Section: Composite.Dev.NT
Driver Rank: 0xFF2006
Matching Device ID: USB\COMPOSITE
Outranked Drivers: 
Device Updated: false
Parent Device: USB\VID_1D5C&PID_5510\5&2dc84fba&0&2"
"25-06-2026 09:31:56","410","Information","Microsoft-Windows-Kernel-PnP","Device DISPLAY\HWP3183\4&20b8d095&0&UID24648 was started.

Driver Name: monitor.inf
Class GUID: {4d36e96e-e325-11ce-bfc1-08002be10318}
Service: monitor
Lower Filters: 
Upper Filters: "
"25-06-2026 09:31:50","400","Information","Microsoft-Windows-Kernel-PnP","Device DISPLAY\HWP3183\4&20b8d095&0&UID24648 was configured.

Driver Name: monitor.inf
Driver Package ID: monitor.inf_amd64_5ec6500792d2b4b4
Class GUID: {4d36e96e-e325-11ce-bfc1-08002be10318}
Driver Date: 06/21/2006
Driver Version: 10.0.26100.8521
Driver Provider: Microsoft
Driver Section: PnPMonitor.Install
Driver Rank: 0xFF2000
Matching Device ID: *PNP09FF
Outranked Drivers: 
Device Updated: false
Parent Device: PCI\VEN_8086&DEV_7D41&SUBSYS_0CE81028&REV_00\3&11583659&0&10"
"24-06-2026 15:28:08","410","Information","Microsoft-Windows-Kernel-PnP","Device HID\VID_046D&PID_C534&MI_01&Col01\8&17ca6af0&0&0000 was started.

Driver Name: msmouse.inf
Class GUID: {4d36e96f-e325-11ce-bfc1-08002be10318}
Service: mouhid
Lower Filters: 
Upper Filters: "
"24-06-2026 15:28:08","410","Information","Microsoft-Windows-Kernel-PnP","Device HID\VID_046D&PID_C534&MI_00\8&2f8df735&0&0000 was started.

Driver Name: keyboard.inf
Class GUID: {4d36e96b-e325-11ce-bfc1-08002be10318}
Service: kbdhid
Lower Filters: 
Upper Filters: "
"24-06-2026 15:28:08","410","Information","Microsoft-Windows-Kernel-PnP","Device HID\VID_046D&PID_C534&MI_01&Col05\8&17ca6af0&0&0004 was started.

Driver Name: input.inf
Class GUID: {745a17a0-74d3-11d0-b6fe-00a0c90f57da}
Service: 
Lower Filters: 
Upper Filters: "
"24-06-2026 15:28:08","410","Information","Microsoft-Windows-Kernel-PnP","Device HID\VID_046D&PID_C534&MI_01&Col04\8&17ca6af0&0&0003 was started.

Driver Name: input.inf
Class GUID: {745a17a0-74d3-11d0-b6fe-00a0c90f57da}
Service: 
Lower Filters: 
Upper Filters: "
"24-06-2026 15:28:08","410","Information","Microsoft-Windows-Kernel-PnP","Device HID\VID_046D&PID_C534&MI_01&Col03\8&17ca6af0&0&0002 was started.

Driver Name: input.inf
Class GUID: {745a17a0-74d3-11d0-b6fe-00a0c90f57da}
Service: 
Lower Filters: 
Upper Filters: "
"24-06-2026 15:28:08","410","Information","Microsoft-Windows-Kernel-PnP","Device HID\VID_046D&PID_C534&MI_01&Col02\8&17ca6af0&0&0001 was started.

Driver Name: hidserv.inf
Class GUID: {745a17a0-74d3-11d0-b6fe-00a0c90f57da}
Service: 
Lower Filters: 
Upper Filters: "
"24-06-2026 15:28:08","400","Information","Microsoft-Windows-Kernel-PnP","Device HID\VID_046D&PID_C534&MI_01&Col05\8&17ca6af0&0&0004 was configured.

Driver Name: input.inf
Driver Package ID: input.inf_amd64_5ef322c8291a38ce
Class GUID: {745a17a0-74d3-11d0-b6fe-00a0c90f57da}
Driver Date: 06/21/2006
Driver Version: 10.0.26100.8521
Driver Provider: Microsoft
Driver Section: HID_Raw_Inst.NT
Driver Rank: 0xFF1004
Matching Device ID: HID_DEVICE_UPR:FF00-FFFF
Outranked Drivers: input.inf:HID_DEVICE:00FF1005
Device Updated: false
Parent Device: USB\VID_046D&PID_C534&MI_01\7&1e4ce273&0&0001"
"24-06-2026 15:28:08","400","Information","Microsoft-Windows-Kernel-PnP","Device HID\VID_046D&PID_C534&MI_01&Col04\8&17ca6af0&0&0003 was configured.

Driver Name: input.inf
Driver Package ID: input.inf_amd64_5ef322c8291a38ce
Class GUID: {745a17a0-74d3-11d0-b6fe-00a0c90f57da}
Driver Date: 06/21/2006
Driver Version: 10.0.26100.8521
Driver Provider: Microsoft
Driver Section: HID_Raw_Inst.NT
Driver Rank: 0xFF1004
Matching Device ID: HID_DEVICE_UPR:FF00-FFFF
Outranked Drivers: input.inf:HID_DEVICE:00FF1005
Device Updated: false
Parent Device: USB\VID_046D&PID_C534&MI_01\7&1e4ce273&0&0001"
"24-06-2026 15:28:08","400","Information","Microsoft-Windows-Kernel-PnP","Device HID\VID_046D&PID_C534&MI_01&Col03\8&17ca6af0&0&0002 was configured.

Driver Name: input.inf
Driver Package ID: input.inf_amd64_5ef322c8291a38ce
Class GUID: {745a17a0-74d3-11d0-b6fe-00a0c90f57da}
Driver Date: 06/21/2006
Driver Version: 10.0.26100.8521
Driver Provider: Microsoft
Driver Section: HID_Raw_Inst.NT
Driver Rank: 0xFF1004
Matching Device ID: HID_DEVICE_UP:0001_U:0080
Outranked Drivers: input.inf:HID_DEVICE:00FF1005
Device Updated: false
Parent Device: USB\VID_046D&PID_C534&MI_01\7&1e4ce273&0&0001"
"24-06-2026 15:28:08","400","Information","Microsoft-Windows-Kernel-PnP","Device HID\VID_046D&PID_C534&MI_01&Col02\8&17ca6af0&0&0001 was configured.

Driver Name: hidserv.inf
Driver Package ID: hidserv.inf_amd64_3111b4bfb553788d
Class GUID: {745a17a0-74d3-11d0-b6fe-00a0c90f57da}
Driver Date: 06/21/2006
Driver Version: 10.0.26100.1
Driver Provider: Microsoft
Driver Section: HIDSystemConsumerDevice
Driver Rank: 0xFF0004
Matching Device ID: HID_DEVICE_UP:000C_U:0001
Outranked Drivers: input.inf:HID_DEVICE:00FF1005
Device Updated: false
Parent Device: USB\VID_046D&PID_C534&MI_01\7&1e4ce273&0&0001"
"24-06-2026 15:28:08","400","Information","Microsoft-Windows-Kernel-PnP","Device HID\VID_046D&PID_C534&MI_01&Col01\8&17ca6af0&0&0000 was configured.

Driver Name: msmouse.inf
Driver Package ID: msmouse.inf_amd64_097bbd709f0c4972
Class GUID: {4d36e96f-e325-11ce-bfc1-08002be10318}
Driver Date: 06/21/2006
Driver Version: 10.0.26100.1150
Driver Provider: Microsoft
Driver Section: HID_Mouse_Inst.NT
Driver Rank: 0xFF1003
Matching Device ID: HID_DEVICE_SYSTEM_MOUSE
Outranked Drivers: input.inf:HID_DEVICE:00FF1005
Device Updated: false
Parent Device: USB\VID_046D&PID_C534&MI_01\7&1e4ce273&0&0001"
"24-06-2026 15:28:08","410","Information","Microsoft-Windows-Kernel-PnP","Device USB\VID_046D&PID_C534&MI_01\7&1e4ce273&0&0001 was started.

Driver Name: input.inf
Class GUID: {745a17a0-74d3-11d0-b6fe-00a0c90f57da}
Service: HidUsb
Lower Filters: 
Upper Filters: "
"24-06-2026 15:28:08","400","Information","Microsoft-Windows-Kernel-PnP","Device HID\VID_046D&PID_C534&MI_00\8&2f8df735&0&0000 was configured.

Driver Name: keyboard.inf
Driver Package ID: keyboard.inf_amd64_b080cf0dd47fca65
Class GUID: {4d36e96b-e325-11ce-bfc1-08002be10318}
Driver Date: 06/21/2006
Driver Version: 10.0.26100.8521
Driver Provider: Microsoft
Driver Section: HID_Keyboard_Inst.NT
Driver Rank: 0xFF1003
Matching Device ID: HID_DEVICE_SYSTEM_KEYBOARD
Outranked Drivers: input.inf:HID_DEVICE:00FF1005
Device Updated: false
Parent Device: USB\VID_046D&PID_C534&MI_00\7&1e4ce273&0&0000"
"24-06-2026 15:28:08","410","Information","Microsoft-Windows-Kernel-PnP","Device USB\VID_046D&PID_C534&MI_00\7&1e4ce273&0&0000 was started.

Driver Name: input.inf
Class GUID: {745a17a0-74d3-11d0-b6fe-00a0c90f57da}
Service: HidUsb
Lower Filters: 
Upper Filters: "
"24-06-2026 15:28:08","400","Information","Microsoft-Windows-Kernel-PnP","Device USB\VID_046D&PID_C534&MI_01\7&1e4ce273&0&0001 was configured.

Driver Name: input.inf
Driver Package ID: input.inf_amd64_5ef322c8291a38ce
Class GUID: {745a17a0-74d3-11d0-b6fe-00a0c90f57da}
Driver Date: 06/21/2006
Driver Version: 10.0.26100.8521
Driver Provider: Microsoft
Driver Section: HID_Inst.NT
Driver Rank: 0xFF3104
Matching Device ID: USB\Class_03&SubClass_01
Outranked Drivers: input.inf:USB\Class_03:00FF3205
Device Updated: false
Parent Device: USB\VID_046D&PID_C534\6&196302d4&0&2"
"24-06-2026 15:28:08","400","Information","Microsoft-Windows-Kernel-PnP","Device USB\VID_046D&PID_C534&MI_00\7&1e4ce273&0&0000 was configured.

Driver Name: input.inf
Driver Package ID: input.inf_amd64_5ef322c8291a38ce
Class GUID: {745a17a0-74d3-11d0-b6fe-00a0c90f57da}
Driver Date: 06/21/2006
Driver Version: 10.0.26100.8521
Driver Provider: Microsoft
Driver Section: HID_Inst.NT
Driver Rank: 0xFF3104
Matching Device ID: USB\Class_03&SubClass_01
Outranked Drivers: input.inf:USB\Class_03:00FF3205
Device Updated: false
Parent Device: USB\VID_046D&PID_C534\6&196302d4&0&2"
"24-06-2026 15:28:08","410","Information","Microsoft-Windows-Kernel-PnP","Device USB\VID_046D&PID_C534\6&196302d4&0&2 was started.

Driver Name: usb.inf
Class GUID: {36fc9e60-c465-11cf-8056-444553540000}
Service: usbccgp
Lower Filters: 
Upper Filters: "
"24-06-2026 15:28:08","400","Information","Microsoft-Windows-Kernel-PnP","Device USB\VID_046D&PID_C534\6&196302d4&0&2 was configured.

Driver Name: usb.inf
Driver Package ID: usb.inf_amd64_a10c4ca0f120b7f5
Class GUID: {36fc9e60-c465-11cf-8056-444553540000}
Driver Date: 06/21/2006
Driver Version: 10.0.26100.8521
Driver Provider: Microsoft
Driver Section: Composite.Dev.NT
Driver Rank: 0xFF2006
Matching Device ID: USB\COMPOSITE
Outranked Drivers: 
Device Updated: false
Parent Device: USB\VID_1D5C&PID_5510\5&2dc84fba&0&1"
"24-06-2026 15:18:08","410","Information","Microsoft-Windows-Kernel-PnP","Device DISPLAY\HWP3183\4&20b8d095&0&UID8263 was started.

Driver Name: monitor.inf
Class GUID: {4d36e96e-e325-11ce-bfc1-08002be10318}
Service: monitor
Lower Filters: 
Upper Filters: "
"24-06-2026 15:18:08","400","Information","Microsoft-Windows-Kernel-PnP","Device DISPLAY\HWP3183\4&20b8d095&0&UID8263 was configured.

Driver Name: monitor.inf
Driver Package ID: monitor.inf_amd64_5ec6500792d2b4b4
Class GUID: {4d36e96e-e325-11ce-bfc1-08002be10318}
Driver Date: 06/21/2006
Driver Version: 10.0.26100.8521
Driver Provider: Microsoft
Driver Section: PnPMonitor.Install
Driver Rank: 0xFF2000
Matching Device ID: *PNP09FF
Outranked Drivers: 
Device Updated: false
Parent Device: PCI\VEN_8086&DEV_7D41&SUBSYS_0CE81028&REV_00\3&11583659&0&10"
"24-06-2026 15:17:05","410","Information","Microsoft-Windows-Kernel-PnP","Device HID\VID_046D&PID_C534&MI_01&Col01\8&1dfcdef3&0&0000 was started.

Driver Name: msmouse.inf
Class GUID: {4d36e96f-e325-11ce-bfc1-08002be10318}
Service: mouhid
Lower Filters: 
Upper Filters: "
"24-06-2026 15:17:05","400","Information","Microsoft-Windows-Kernel-PnP","Device HID\VID_046D&PID_C534&MI_01&Col01\8&1dfcdef3&0&0000 was configured.

Driver Name: msmouse.inf
Driver Package ID: msmouse.inf_amd64_097bbd709f0c4972
Class GUID: {4d36e96f-e325-11ce-bfc1-08002be10318}
Driver Date: 06/21/2006
Driver Version: 10.0.26100.1150
Driver Provider: Microsoft
Driver Section: HID_Mouse_Inst.NT
Driver Rank: 0xFF1003
Matching Device ID: HID_DEVICE_SYSTEM_MOUSE
Outranked Drivers: input.inf:HID_DEVICE:00FF1005
Device Updated: false
Parent Device: USB\VID_046D&PID_C534&MI_01\7&b9331ce&0&0001"
"24-06-2026 15:17:04","410","Information","Microsoft-Windows-Kernel-PnP","Device HID\VID_046D&PID_C534&MI_00\8&accc2b5&0&0000 was started.

Driver Name: keyboard.inf
Class GUID: {4d36e96b-e325-11ce-bfc1-08002be10318}
Service: kbdhid
Lower Filters: 
Upper Filters: "
"24-06-2026 15:17:04","410","Information","Microsoft-Windows-Kernel-PnP","Device HID\VID_046D&PID_C534&MI_01&Col05\8&1dfcdef3&0&0004 was started.

Driver Name: input.inf
Class GUID: {745a17a0-74d3-11d0-b6fe-00a0c90f57da}
Service: 
Lower Filters: 
Upper Filters: "
"24-06-2026 15:17:04","410","Information","Microsoft-Windows-Kernel-PnP","Device HID\VID_046D&PID_C534&MI_01&Col04\8&1dfcdef3&0&0003 was started.

Driver Name: input.inf
Class GUID: {745a17a0-74d3-11d0-b6fe-00a0c90f57da}
Service: 
Lower Filters: 
Upper Filters: "
"24-06-2026 15:17:04","410","Information","Microsoft-Windows-Kernel-PnP","Device HID\VID_046D&PID_C534&MI_01&Col03\8&1dfcdef3&0&0002 was started.

Driver Name: input.inf
Class GUID: {745a17a0-74d3-11d0-b6fe-00a0c90f57da}
Service: 
Lower Filters: 
Upper Filters: "
"24-06-2026 15:17:04","410","Information","Microsoft-Windows-Kernel-PnP","Device HID\VID_046D&PID_C534&MI_01&Col02\8&1dfcdef3&0&0001 was started.

Driver Name: hidserv.inf
Class GUID: {745a17a0-74d3-11d0-b6fe-00a0c90f57da}
Service: 
Lower Filters: 
Upper Filters: "
"24-06-2026 15:17:04","400","Information","Microsoft-Windows-Kernel-PnP","Device HID\VID_046D&PID_C534&MI_01&Col05\8&1dfcdef3&0&0004 was configured.

Driver Name: input.inf
Driver Package ID: input.inf_amd64_5ef322c8291a38ce
Class GUID: {745a17a0-74d3-11d0-b6fe-00a0c90f57da}
Driver Date: 06/21/2006
Driver Version: 10.0.26100.8521
Driver Provider: Microsoft
Driver Section: HID_Raw_Inst.NT
Driver Rank: 0xFF1004
Matching Device ID: HID_DEVICE_UPR:FF00-FFFF
Outranked Drivers: input.inf:HID_DEVICE:00FF1005
Device Updated: false
Parent Device: USB\VID_046D&PID_C534&MI_01\7&b9331ce&0&0001"
"24-06-2026 15:17:04","400","Information","Microsoft-Windows-Kernel-PnP","Device HID\VID_046D&PID_C534&MI_01&Col04\8&1dfcdef3&0&0003 was configured.

Driver Name: input.inf
Driver Package ID: input.inf_amd64_5ef322c8291a38ce
Class GUID: {745a17a0-74d3-11d0-b6fe-00a0c90f57da}
Driver Date: 06/21/2006
Driver Version: 10.0.26100.8521
Driver Provider: Microsoft
Driver Section: HID_Raw_Inst.NT
Driver Rank: 0xFF1004
Matching Device ID: HID_DEVICE_UPR:FF00-FFFF
Outranked Drivers: input.inf:HID_DEVICE:00FF1005
Device Updated: false
Parent Device: USB\VID_046D&PID_C534&MI_01\7&b9331ce&0&0001"
"24-06-2026 15:17:04","400","Information","Microsoft-Windows-Kernel-PnP","Device HID\VID_046D&PID_C534&MI_01&Col03\8&1dfcdef3&0&0002 was configured.

Driver Name: input.inf
Driver Package ID: input.inf_amd64_5ef322c8291a38ce
Class GUID: {745a17a0-74d3-11d0-b6fe-00a0c90f57da}
Driver Date: 06/21/2006
Driver Version: 10.0.26100.8521
Driver Provider: Microsoft
Driver Section: HID_Raw_Inst.NT
Driver Rank: 0xFF1004
Matching Device ID: HID_DEVICE_UP:0001_U:0080
Outranked Drivers: input.inf:HID_DEVICE:00FF1005
Device Updated: false
Parent Device: USB\VID_046D&PID_C534&MI_01\7&b9331ce&0&0001"
"24-06-2026 15:17:04","400","Information","Microsoft-Windows-Kernel-PnP","Device HID\VID_046D&PID_C534&MI_01&Col02\8&1dfcdef3&0&0001 was configured.

Driver Name: hidserv.inf
Driver Package ID: hidserv.inf_amd64_3111b4bfb553788d
Class GUID: {745a17a0-74d3-11d0-b6fe-00a0c90f57da}
Driver Date: 06/21/2006
Driver Version: 10.0.26100.1
Driver Provider: Microsoft
Driver Section: HIDSystemConsumerDevice
Driver Rank: 0xFF0004
Matching Device ID: HID_DEVICE_UP:000C_U:0001
Outranked Drivers: input.inf:HID_DEVICE:00FF1005
Device Updated: false
Parent Device: USB\VID_046D&PID_C534&MI_01\7&b9331ce&0&0001"
"24-06-2026 15:17:04","430","Information","Microsoft-Windows-Kernel-PnP","Device HID\VID_046D&PID_C534&MI_01&Col01\8&1dfcdef3&0&0000 requires further installation."
"24-06-2026 15:17:04","410","Information","Microsoft-Windows-Kernel-PnP","Device USB\VID_046D&PID_C534&MI_01\7&b9331ce&0&0001 was started.

Driver Name: input.inf
Class GUID: {745a17a0-74d3-11d0-b6fe-00a0c90f57da}
Service: HidUsb
Lower Filters: 
Upper Filters: "
"24-06-2026 15:17:04","400","Information","Microsoft-Windows-Kernel-PnP","Device HID\VID_046D&PID_C534&MI_00\8&accc2b5&0&0000 was configured.

Driver Name: keyboard.inf
Driver Package ID: keyboard.inf_amd64_b080cf0dd47fca65
Class GUID: {4d36e96b-e325-11ce-bfc1-08002be10318}
Driver Date: 06/21/2006
Driver Version: 10.0.26100.8521
Driver Provider: Microsoft
Driver Section: HID_Keyboard_Inst.NT
Driver Rank: 0xFF1003
Matching Device ID: HID_DEVICE_SYSTEM_KEYBOARD
Outranked Drivers: input.inf:HID_DEVICE:00FF1005
Device Updated: false
Parent Device: USB\VID_046D&PID_C534&MI_00\7&b9331ce&0&0000"
"24-06-2026 15:17:04","410","Information","Microsoft-Windows-Kernel-PnP","Device USB\VID_046D&PID_C534&MI_00\7&b9331ce&0&0000 was started.

Driver Name: input.inf
Class GUID: {745a17a0-74d3-11d0-b6fe-00a0c90f57da}
Service: HidUsb
Lower Filters: 
Upper Filters: "
