"TimeCreated","Id","LevelDisplayName","ProviderName","Message"
"18-08-2026 14:46:00","1014","Information","Microsoft-Windows-Resource-Exhaustion-Resolver","The Windows Resource Exhaustion Resolver received a notification to perform memory leak diagnosis. This notification was processed and dropped."
"18-08-2026 14:45:56","1015","Information","Microsoft-Windows-Resource-Exhaustion-Resolver","The Windows Resource Exhaustion Resolver received an event from the Windows Resource Exhaustion Detector."
"18-08-2026 14:45:56","1001","Information","Microsoft-Windows-Resource-Exhaustion-Resolver","The Windows Resource Exhaustion Resolver started."
"18-08-2026 10:28:02","1002","Information","Microsoft-Windows-Resource-Exhaustion-Resolver","The Windows Resource Exhaustion Resolver stopped."
"14-08-2026 16:12:03","1014","Information","Microsoft-Windows-Resource-Exhaustion-Resolver","The Windows Resource Exhaustion Resolver received a notification to perform memory leak diagnosis. This notification was processed and dropped."
"14-08-2026 16:12:01","1015","Information","Microsoft-Windows-Resource-Exhaustion-Resolver","The Windows Resource Exhaustion Resolver received an event from the Windows Resource Exhaustion Detector."
"14-08-2026 16:12:01","1001","Information","Microsoft-Windows-Resource-Exhaustion-Resolver","The Windows Resource Exhaustion Resolver started."
"07-08-2026 18:20:23","1015","Information","Microsoft-Windows-Resource-Exhaustion-Resolver","The Windows Resource Exhaustion Resolver received an event from the Windows Resource Exhaustion Detector."
"07-08-2026 10:26:09","1014","Information","Microsoft-Windows-Resource-Exhaustion-Resolver","The Windows Resource Exhaustion Resolver received a notification to perform memory leak diagnosis. This notification was processed and dropped."
"07-08-2026 10:26:05","1015","Information","Microsoft-Windows-Resource-Exhaustion-Resolver","The Windows Resource Exhaustion Resolver received an event from the Windows Resource Exhaustion Detector."
"06-08-2026 09:39:32","1014","Information","Microsoft-Windows-Resource-Exhaustion-Resolver","The Windows Resource Exhaustion Resolver received a notification to perform memory leak diagnosis. This notification was processed and dropped."
"06-08-2026 09:39:29","1015","Information","Microsoft-Windows-Resource-Exhaustion-Resolver","The Windows Resource Exhaustion Resolver received an event from the Windows Resource Exhaustion Detector."
"06-08-2026 09:39:29","1001","Information","Microsoft-Windows-Resource-Exhaustion-Resolver","The Windows Resource Exhaustion Resolver started."
"31-07-2026 18:35:41","1002","Information","Microsoft-Windows-Resource-Exhaustion-Resolver","The Windows Resource Exhaustion Resolver stopped."
"31-07-2026 12:19:38","1014","Information","Microsoft-Windows-Resource-Exhaustion-Resolver","The Windows Resource Exhaustion Resolver received a notification to perform memory leak diagnosis. This notification was processed and dropped."
"31-07-2026 12:19:35","1015","Information","Microsoft-Windows-Resource-Exhaustion-Resolver","The Windows Resource Exhaustion Resolver received an event from the Windows Resource Exhaustion Detector."
"31-07-2026 12:19:35","1001","Information","Microsoft-Windows-Resource-Exhaustion-Resolver","The Windows Resource Exhaustion Resolver started."
"31-07-2026 09:43:14","1002","Information","Microsoft-Windows-Resource-Exhaustion-Resolver","The Windows Resource Exhaustion Resolver stopped."
"28-07-2026 11:57:31","1014","Information","Microsoft-Windows-Resource-Exhaustion-Resolver","The Windows Resource Exhaustion Resolver received a notification to perform memory leak diagnosis. This notification was processed and dropped."
"28-07-2026 11:57:29","1015","Information","Microsoft-Windows-Resource-Exhaustion-Resolver","The Windows Resource Exhaustion Resolver received an event from the Windows Resource Exhaustion Detector."
"28-07-2026 11:57:29","1001","Information","Microsoft-Windows-Resource-Exhaustion-Resolver","The Windows Resource Exhaustion Resolver started."
"27-07-2026 09:30:04","1002","Information","Microsoft-Windows-Resource-Exhaustion-Resolver","The Windows Resource Exhaustion Resolver stopped."
"22-07-2026 14:17:51","1014","Information","Microsoft-Windows-Resource-Exhaustion-Resolver","The Windows Resource Exhaustion Resolver received a notification to perform memory leak diagnosis. This notification was processed and dropped."
"22-07-2026 14:17:49","1015","Information","Microsoft-Windows-Resource-Exhaustion-Resolver","The Windows Resource Exhaustion Resolver received an event from the Windows Resource Exhaustion Detector."
"22-07-2026 14:17:49","1001","Information","Microsoft-Windows-Resource-Exhaustion-Resolver","The Windows Resource Exhaustion Resolver started."
"12-07-2026 18:30:39","1002","Information","Microsoft-Windows-Resource-Exhaustion-Resolver","The Windows Resource Exhaustion Resolver stopped."
"11-07-2026 10:37:45","1014","Information","Microsoft-Windows-Resource-Exhaustion-Resolver","The Windows Resource Exhaustion Resolver received a notification to perform memory leak diagnosis. This notification was processed and dropped."
"11-07-2026 10:37:42","1015","Information","Microsoft-Windows-Resource-Exhaustion-Resolver","The Windows Resource Exhaustion Resolver received an event from the Windows Resource Exhaustion Detector."
"11-07-2026 09:27:45","1014","Information","Microsoft-Windows-Resource-Exhaustion-Resolver","The Windows Resource Exhaustion Resolver received a notification to perform memory leak diagnosis. This notification was processed and dropped."
"11-07-2026 09:27:42","1015","Information","Microsoft-Windows-Resource-Exhaustion-Resolver","The Windows Resource Exhaustion Resolver received an event from the Windows Resource Exhaustion Detector."
"09-07-2026 10:51:38","1015","Information","Microsoft-Windows-Resource-Exhaustion-Resolver","The Windows Resource Exhaustion Resolver received an event from the Windows Resource Exhaustion Detector."
"08-07-2026 10:23:17","1014","Information","Microsoft-Windows-Resource-Exhaustion-Resolver","The Windows Resource Exhaustion Resolver received a notification to perform memory leak diagnosis. This notification was processed and dropped."
"08-07-2026 10:23:14","1015","Information","Microsoft-Windows-Resource-Exhaustion-Resolver","The Windows Resource Exhaustion Resolver received an event from the Windows Resource Exhaustion Detector."
"08-07-2026 10:23:14","1001","Information","Microsoft-Windows-Resource-Exhaustion-Resolver","The Windows Resource Exhaustion Resolver started."
"03-07-2026 11:19:21","1002","Information","Microsoft-Windows-Resource-Exhaustion-Resolver","The Windows Resource Exhaustion Resolver stopped."
"01-07-2026 14:58:35","1014","Information","Microsoft-Windows-Resource-Exhaustion-Resolver","The Windows Resource Exhaustion Resolver received a notification to perform memory leak diagnosis. This notification was processed and dropped."
"01-07-2026 14:58:32","1015","Information","Microsoft-Windows-Resource-Exhaustion-Resolver","The Windows Resource Exhaustion Resolver received an event from the Windows Resource Exhaustion Detector."
"01-07-2026 14:58:32","1001","Information","Microsoft-Windows-Resource-Exhaustion-Resolver","The Windows Resource Exhaustion Resolver started."
"01-07-2026 10:07:14","1002","Information","Microsoft-Windows-Resource-Exhaustion-Resolver","The Windows Resource Exhaustion Resolver stopped."
"01-07-2026 09:43:38","1015","Information","Microsoft-Windows-Resource-Exhaustion-Resolver","The Windows Resource Exhaustion Resolver received an event from the Windows Resource Exhaustion Detector."
"30-06-2026 18:20:52","1014","Information","Microsoft-Windows-Resource-Exhaustion-Resolver","The Windows Resource Exhaustion Resolver received a notification to perform memory leak diagnosis. This notification was processed and dropped."
"30-06-2026 18:20:50","1015","Information","Microsoft-Windows-Resource-Exhaustion-Resolver","The Windows Resource Exhaustion Resolver received an event from the Windows Resource Exhaustion Detector."
"30-06-2026 17:20:50","1014","Information","Microsoft-Windows-Resource-Exhaustion-Resolver","The Windows Resource Exhaustion Resolver received a notification to perform memory leak diagnosis. This notification was processed and dropped."
"30-06-2026 17:20:47","1015","Information","Microsoft-Windows-Resource-Exhaustion-Resolver","The Windows Resource Exhaustion Resolver received an event from the Windows Resource Exhaustion Detector."
"30-06-2026 17:20:47","1001","Information","Microsoft-Windows-Resource-Exhaustion-Resolver","The Windows Resource Exhaustion Resolver started."
"26-06-2026 17:58:47","1014","Information","Microsoft-Windows-Resource-Exhaustion-Resolver","The Windows Resource Exhaustion Resolver received a notification to perform memory leak diagnosis. This notification was processed and dropped."
"26-06-2026 17:58:44","1015","Information","Microsoft-Windows-Resource-Exhaustion-Resolver","The Windows Resource Exhaustion Resolver received an event from the Windows Resource Exhaustion Detector."
"26-06-2026 17:53:47","1014","Information","Microsoft-Windows-Resource-Exhaustion-Resolver","The Windows Resource Exhaustion Resolver received a notification to perform memory leak diagnosis. This notification was processed and dropped."
"26-06-2026 17:53:44","1015","Information","Microsoft-Windows-Resource-Exhaustion-Resolver","The Windows Resource Exhaustion Resolver received an event from the Windows Resource Exhaustion Detector."
"25-06-2026 14:56:19","1014","Information","Microsoft-Windows-Resource-Exhaustion-Resolver","The Windows Resource Exhaustion Resolver received a notification to perform memory leak diagnosis. This notification was processed and dropped."
"25-06-2026 14:56:16","1015","Information","Microsoft-Windows-Resource-Exhaustion-Resolver","The Windows Resource Exhaustion Resolver received an event from the Windows Resource Exhaustion Detector."
"25-06-2026 12:11:12","1014","Information","Microsoft-Windows-Resource-Exhaustion-Resolver","The Windows Resource Exhaustion Resolver received a notification to perform memory leak diagnosis. This notification was processed and dropped."
"25-06-2026 12:11:09","1015","Information","Microsoft-Windows-Resource-Exhaustion-Resolver","The Windows Resource Exhaustion Resolver received an event from the Windows Resource Exhaustion Detector."
"25-06-2026 12:11:09","1001","Information","Microsoft-Windows-Resource-Exhaustion-Resolver","The Windows Resource Exhaustion Resolver started."
"22-06-2026 18:15:26","1002","Information","Microsoft-Windows-Resource-Exhaustion-Resolver","The Windows Resource Exhaustion Resolver stopped."
"22-06-2026 14:15:01","1014","Information","Microsoft-Windows-Resource-Exhaustion-Resolver","The Windows Resource Exhaustion Resolver received a notification to perform memory leak diagnosis. This notification was processed and dropped."
"22-06-2026 14:14:54","1015","Information","Microsoft-Windows-Resource-Exhaustion-Resolver","The Windows Resource Exhaustion Resolver received an event from the Windows Resource Exhaustion Detector."
"22-06-2026 14:14:54","1001","Information","Microsoft-Windows-Resource-Exhaustion-Resolver","The Windows Resource Exhaustion Resolver started."
"16-06-2026 09:46:31","1002","Information","Microsoft-Windows-Resource-Exhaustion-Resolver","The Windows Resource Exhaustion Resolver stopped."
"12-06-2026 11:14:33","1015","Information","Microsoft-Windows-Resource-Exhaustion-Resolver","The Windows Resource Exhaustion Resolver received an event from the Windows Resource Exhaustion Detector."
"12-06-2026 11:14:33","1001","Information","Microsoft-Windows-Resource-Exhaustion-Resolver","The Windows Resource Exhaustion Resolver started."
"12-06-2026 09:53:30","1002","Information","Microsoft-Windows-Resource-Exhaustion-Resolver","The Windows Resource Exhaustion Resolver stopped."
"11-06-2026 17:16:11","1015","Information","Microsoft-Windows-Resource-Exhaustion-Resolver","The Windows Resource Exhaustion Resolver received an event from the Windows Resource Exhaustion Detector."
"11-06-2026 17:16:11","1001","Information","Microsoft-Windows-Resource-Exhaustion-Resolver","The Windows Resource Exhaustion Resolver started."
"08-06-2026 09:39:05","1002","Information","Microsoft-Windows-Resource-Exhaustion-Resolver","The Windows Resource Exhaustion Resolver stopped."
"05-06-2026 10:20:58","1015","Information","Microsoft-Windows-Resource-Exhaustion-Resolver","The Windows Resource Exhaustion Resolver received an event from the Windows Resource Exhaustion Detector."
"05-06-2026 10:20:58","1001","Information","Microsoft-Windows-Resource-Exhaustion-Resolver","The Windows Resource Exhaustion Resolver started."
"01-06-2026 09:18:19","1002","Information","Microsoft-Windows-Resource-Exhaustion-Resolver","The Windows Resource Exhaustion Resolver stopped."
"31-05-2026 18:19:22","1014","Information","Microsoft-Windows-Resource-Exhaustion-Resolver","The Windows Resource Exhaustion Resolver received a notification to perform memory leak diagnosis. This notification was processed and dropped."
"31-05-2026 18:19:18","1015","Information","Microsoft-Windows-Resource-Exhaustion-Resolver","The Windows Resource Exhaustion Resolver received an event from the Windows Resource Exhaustion Detector."
"28-05-2026 10:57:43","1015","Information","Microsoft-Windows-Resource-Exhaustion-Resolver","The Windows Resource Exhaustion Resolver received an event from the Windows Resource Exhaustion Detector."
"28-05-2026 10:57:43","1001","Information","Microsoft-Windows-Resource-Exhaustion-Resolver","The Windows Resource Exhaustion Resolver started."
"28-05-2026 10:18:25","1002","Information","Microsoft-Windows-Resource-Exhaustion-Resolver","The Windows Resource Exhaustion Resolver stopped."
"28-05-2026 09:53:19","1014","Information","Microsoft-Windows-Resource-Exhaustion-Resolver","The Windows Resource Exhaustion Resolver received a notification to perform memory leak diagnosis. This notification was processed and dropped."
"28-05-2026 09:53:16","1015","Information","Microsoft-Windows-Resource-Exhaustion-Resolver","The Windows Resource Exhaustion Resolver received an event from the Windows Resource Exhaustion Detector."
"25-05-2026 16:25:24","1014","Information","Microsoft-Windows-Resource-Exhaustion-Resolver","The Windows Resource Exhaustion Resolver received a notification to perform memory leak diagnosis. This notification was processed and dropped."
"25-05-2026 16:25:22","1015","Information","Microsoft-Windows-Resource-Exhaustion-Resolver","The Windows Resource Exhaustion Resolver received an event from the Windows Resource Exhaustion Detector."
"25-05-2026 14:10:19","1014","Information","Microsoft-Windows-Resource-Exhaustion-Resolver","The Windows Resource Exhaustion Resolver received a notification to perform memory leak diagnosis. This notification was processed and dropped."
"25-05-2026 14:10:16","1015","Information","Microsoft-Windows-Resource-Exhaustion-Resolver","The Windows Resource Exhaustion Resolver received an event from the Windows Resource Exhaustion Detector."
"25-05-2026 13:58:11","1015","Information","Microsoft-Windows-Resource-Exhaustion-Resolver","The Windows Resource Exhaustion Resolver received an event from the Windows Resource Exhaustion Detector."
"25-05-2026 13:58:11","1001","Information","Microsoft-Windows-Resource-Exhaustion-Resolver","The Windows Resource Exhaustion Resolver started."
"23-05-2026 14:31:39","1002","Information","Microsoft-Windows-Resource-Exhaustion-Resolver","The Windows Resource Exhaustion Resolver stopped."
"23-05-2026 13:46:45","1014","Information","Microsoft-Windows-Resource-Exhaustion-Resolver","The Windows Resource Exhaustion Resolver received a notification to perform memory leak diagnosis. This notification was processed and dropped."
"23-05-2026 13:46:43","1015","Information","Microsoft-Windows-Resource-Exhaustion-Resolver","The Windows Resource Exhaustion Resolver received an event from the Windows Resource Exhaustion Detector."
"23-05-2026 13:41:45","1014","Information","Microsoft-Windows-Resource-Exhaustion-Resolver","The Windows Resource Exhaustion Resolver received a notification to perform memory leak diagnosis. This notification was processed and dropped."
"23-05-2026 13:41:43","1015","Information","Microsoft-Windows-Resource-Exhaustion-Resolver","The Windows Resource Exhaustion Resolver received an event from the Windows Resource Exhaustion Detector."
"23-05-2026 13:41:43","1001","Information","Microsoft-Windows-Resource-Exhaustion-Resolver","The Windows Resource Exhaustion Resolver started."
