"10-06-2026 09:54:11","890","Information","Microsoft-Windows-BitLocker-API","BitLocker conducted a TPM binding census."
"10-06-2026 09:54:11","793","Warning","Microsoft-Windows-BitLocker-API","BitLocker resealed boot settings to the TPM for volume C:."
"10-06-2026 09:54:11","892","Information","Microsoft-Windows-BitLocker-API","BitLocker successfully sealed a key to the TPM.

PCRs measured include [7,11].

The source for these PCRs was: Secure Boot."
"09-06-2026 19:18:54","900","Information","Microsoft-Windows-BitLocker-API","BitLocker successfully committed metadata changes for volume C:."
"09-06-2026 19:18:54","840","Information","Microsoft-Windows-BitLocker-API","A trusted WIM file has been added for volume C:.
The SHA-256 hash of the WIM file is: 0xC71EF733FF324F35586CC6B069FB1C6D1F6CD34CA42A9166E6AF63F379F09363"
"09-06-2026 19:18:54","890","Information","Microsoft-Windows-BitLocker-API","BitLocker conducted a TPM binding census."
"09-06-2026 19:18:54","793","Warning","Microsoft-Windows-BitLocker-API","BitLocker resealed boot settings to the TPM for volume C:."
"09-06-2026 19:18:54","892","Information","Microsoft-Windows-BitLocker-API","BitLocker successfully sealed a key to the TPM.

PCRs measured include [7,11].

The source for these PCRs was: Secure Boot."
"09-06-2026 18:24:17","900","Information","Microsoft-Windows-BitLocker-API","BitLocker successfully committed metadata changes for volume C:."
"09-06-2026 18:24:15","900","Information","Microsoft-Windows-BitLocker-API","BitLocker successfully committed metadata changes for volume C:."
"09-06-2026 09:54:32","845","Information","Microsoft-Windows-BitLocker-API","BitLocker Drive Encryption recovery information for volume C: was backed up successfully to your Entra ID.
Protector GUID: {44922767-a19b-40e8-8934-d6c55a3213ec}.
TraceId: {ead63691-877b-472c-9501-bda1da3b0347}"
"09-06-2026 09:45:18","900","Information","Microsoft-Windows-BitLocker-API","BitLocker successfully committed metadata changes for volume C:."
"09-06-2026 09:45:18","840","Information","Microsoft-Windows-BitLocker-API","A trusted WIM file has been added for volume C:.
The SHA-256 hash of the WIM file is: 0xC71EF733FF324F35586CC6B069FB1C6D1F6CD34CA42A9166E6AF63F379F09363"
"09-06-2026 09:45:16","890","Information","Microsoft-Windows-BitLocker-API","BitLocker conducted a TPM binding census."
"09-06-2026 09:45:16","793","Warning","Microsoft-Windows-BitLocker-API","BitLocker resealed boot settings to the TPM for volume C:."
"09-06-2026 09:45:16","892","Information","Microsoft-Windows-BitLocker-API","BitLocker successfully sealed a key to the TPM.

PCRs measured include [7,11].

The source for these PCRs was: Secure Boot."
