"16-06-2026 09:59:14","10","Information","Microsoft-Windows-Ntfs","NTFS cached runs statistics.

           Volume correlation Id: {effcabed-bb48-44d2-a9ca-b0bdf73688b0}
           Volume name: \\?\Volume{effcabed-bb48-44d2-a9ca-b0bdf73688b0}
           Volume label: WINRETOOLS

           Device name: \Device\HarddiskVolume4
           Device GUID: {0d0616a1-3adc-3de7-d9a2-784fe4e2d52a}
           Device manufacturer: NVMe
           Device model: PM9C1b Samsung 256GB
           Device revision: 58330109
           Device serial number: 0025_38F6_5106_1623.
           Bus type: NVMe
           Native NVMe: false

           Adapter serial number: 

           Media type: Hard disk
           Runs cached: 3
           Longest run cached: 70.54 MB
           Most populated bin Count: 1
           Most populated bin's minimum length: 0 Bytes
           Most populated bin's maximum length: 4 KB
"
"16-06-2026 09:59:14","9","Information","Microsoft-Windows-Ntfs","NTFS scanned entire volume bitmap.

           Volume correlation Id: {effcabed-bb48-44d2-a9ca-b0bdf73688b0}
           Volume name: \\?\Volume{effcabed-bb48-44d2-a9ca-b0bdf73688b0}
           Volume label: WINRETOOLS

           Device name: \Device\HarddiskVolume4
           Device GUID: {0d0616a1-3adc-3de7-d9a2-784fe4e2d52a}
           Device manufacturer: NVMe
           Device model: PM9C1b Samsung 256GB
           Device revision: 58330109
           Device serial number: 0025_38F6_5106_1623.
           Bus type: NVMe
           Native NVMe: false

           Adapter serial number: 

           Duration (micro seconds): 353
           InputFlags: 0xE
           Reason: Mount
           Flags: 0x10
"
"16-06-2026 09:59:12","10","Information","Microsoft-Windows-Ntfs","NTFS cached runs statistics.

           Volume correlation Id: {c5c572ba-c5d0-47f6-864e-13eb05e6d46c}
           Volume name: C:
           Volume label: OS

           Device name: \Device\HarddiskVolume3
           Device GUID: {0d0616a1-3adc-3de7-d9a2-784fe4e2d52a}
           Device manufacturer: NVMe
           Device model: PM9C1b Samsung 256GB
           Device revision: 58330109
           Device serial number: 0025_38F6_5106_1623.
           Bus type: NVMe
           Native NVMe: false

           Adapter serial number: 

           Media type: Hard disk
           Runs cached: 5682
           Longest run cached: 25.49 GB
           Most populated bin Count: 75
           Most populated bin's minimum length: 7.51 MB
           Most populated bin's maximum length: 7.75 MB
"
"16-06-2026 09:59:12","4","Information","Microsoft-Windows-Ntfs","The NTFS volume has been successfully mounted.

           Volume correlation Id: {c5c572ba-c5d0-47f6-864e-13eb05e6d46c}
           Volume name: C:
           Volume label: OS

           Device name: \Device\HarddiskVolume3
           Device GUID: {0d0616a1-3adc-3de7-d9a2-784fe4e2d52a}
           Device manufacturer: NVMe
           Device model: PM9C1b Samsung 256GB
           Device revision: 58330109
           Device serial number: 0025_38F6_5106_1623.
           Bus type: NVMe
           Device number: 0
           Boot partition: true

           Native NVMe: false

           Adapter serial number: 
           
           Total mount duration: 500 ms
           Longest stage: 8. Duration 381 ms (76% of the total)
           Second longest stage: 7. Duration 73 ms (15% of the total)
           Volume restart applied: false
"
"16-06-2026 09:59:12","9","Information","Microsoft-Windows-Ntfs","NTFS scanned entire volume bitmap.

           Volume correlation Id: {c5c572ba-c5d0-47f6-864e-13eb05e6d46c}
           Volume name: C:
           Volume label: OS

           Device name: \Device\HarddiskVolume3
           Device GUID: {0d0616a1-3adc-3de7-d9a2-784fe4e2d52a}
           Device manufacturer: NVMe
           Device model: PM9C1b Samsung 256GB
           Device revision: 58330109
           Device serial number: 0025_38F6_5106_1623.
           Bus type: NVMe
           Native NVMe: false

           Adapter serial number: 

           Duration (micro seconds): 30153
           InputFlags: 0xE
           Reason: Mount
           Flags: 0x10
"
"16-06-2026 09:05:11","142","Information","Microsoft-Windows-Ntfs","Summary of disk space usage, since last event:

           Available space was between 112.32 GB and 121.59 GB
           Change in available space: 9.28 GB
           
           Available clusters were between: 29441563 and 31874039
           Reserved clusters were between: 1322635 and 1323003
           Txf abort reserved clusters were between: 1024 and 1024
           
           Elapsed seconds: 14360
           
           Pagefile size: 17.02 GB
           Volume size: 235.88 GB
           Bytes per cluster: 4096
           
           Volume guid: {c5c572ba-c5d0-47f6-864e-13eb05e6d46c}
           Volume name: C:
           Is boot volume: true
           
           Cached runs miss counts:
               For MFT: 0
               For MFT zone: 0
               Everything else: 0
"
"16-06-2026 02:16:58","142","Information","Microsoft-Windows-Ntfs","Summary of disk space usage, since last event:

           Available space was between 121.59 GB and 121.59 GB
           Change in available space: 512 KB
           
           Available clusters were between: 31872952 and 31873080
           Reserved clusters were between: 1322651 and 1322651
           Txf abort reserved clusters were between: 1024 and 1024
           
           Elapsed seconds: 4773
           
           Pagefile size: 17.02 GB
           Volume size: 235.88 GB
           Bytes per cluster: 4096
           
           Volume guid: {c5c572ba-c5d0-47f6-864e-13eb05e6d46c}
           Volume name: C:
           Is boot volume: true
           
           Cached runs miss counts:
               For MFT: 0
               For MFT zone: 0
               Everything else: 0
"
"16-06-2026 00:57:25","142","Information","Microsoft-Windows-Ntfs","Summary of disk space usage, since last event:

           Available space was between 121.59 GB and 121.59 GB
           Change in available space: 64 KB
           
           Available clusters were between: 31873080 and 31873096
           Reserved clusters were between: 1322651 and 1322651
           Txf abort reserved clusters were between: 1024 and 1024
           
           Elapsed seconds: 4776
           
           Pagefile size: 17.02 GB
           Volume size: 235.88 GB
           Bytes per cluster: 4096
           
           Volume guid: {c5c572ba-c5d0-47f6-864e-13eb05e6d46c}
           Volume name: C:
           Is boot volume: true
           
           Cached runs miss counts:
               For MFT: 0
               For MFT zone: 0
               Everything else: 0
"
"15-06-2026 23:37:49","142","Information","Microsoft-Windows-Ntfs","Summary of disk space usage, since last event:

           Available space was between 121.59 GB and 121.60 GB
           Change in available space: 4.99 MB
           
           Available clusters were between: 31873010 and 31874287
           Reserved clusters were between: 1322555 and 1322651
           Txf abort reserved clusters were between: 1024 and 1024
           
           Elapsed seconds: 5228
           
           Pagefile size: 17.02 GB
           Volume size: 235.88 GB
           Bytes per cluster: 4096
           
           Volume guid: {c5c572ba-c5d0-47f6-864e-13eb05e6d46c}
           Volume name: C:
           Is boot volume: true
           
           Cached runs miss counts:
               For MFT: 0
               For MFT zone: 0
               Everything else: 0
"
"15-06-2026 22:10:41","142","Information","Microsoft-Windows-Ntfs","Summary of disk space usage, since last event:

           Available space was between 121.59 GB and 121.60 GB
           Change in available space: 1.15 MB
           
           Available clusters were between: 31874086 and 31874380
           Reserved clusters were between: 1322555 and 1322555
           Txf abort reserved clusters were between: 1024 and 1024
           
           Elapsed seconds: 4506
           
           Pagefile size: 17.02 GB
           Volume size: 235.88 GB
           Bytes per cluster: 4096
           
           Volume guid: {c5c572ba-c5d0-47f6-864e-13eb05e6d46c}
           Volume name: C:
           Is boot volume: true
           
           Cached runs miss counts:
               For MFT: 0
               For MFT zone: 0
               Everything else: 0
"
"15-06-2026 20:55:34","142","Information","Microsoft-Windows-Ntfs","Summary of disk space usage, since last event:

           Available space was between 121.60 GB and 121.60 GB
           Change in available space: 7.35 MB
           
           Available clusters were between: 31874374 and 31876254
           Reserved clusters were between: 1322491 and 1322603
           Txf abort reserved clusters were between: 1024 and 1024
           
           Elapsed seconds: 3724
           
           Pagefile size: 17.02 GB
           Volume size: 235.88 GB
           Bytes per cluster: 4096
           
           Volume guid: {c5c572ba-c5d0-47f6-864e-13eb05e6d46c}
           Volume name: C:
           Is boot volume: true
           
           Cached runs miss counts:
               For MFT: 0
               For MFT zone: 0
               Everything else: 0
"
"15-06-2026 19:53:30","142","Information","Microsoft-Windows-Ntfs","Summary of disk space usage, since last event:

           Available space was between 121.19 GB and 122.07 GB
           Change in available space: 902.04 MB
           
           Available clusters were between: 31768980 and 31999901
           Reserved clusters were between: 1322171 and 1331643
           Txf abort reserved clusters were between: 1024 and 1024
           
           Elapsed seconds: 3605
           
           Pagefile size: 17.02 GB
           Volume size: 235.88 GB
           Bytes per cluster: 4096
           
           Volume guid: {c5c572ba-c5d0-47f6-864e-13eb05e6d46c}
           Volume name: C:
           Is boot volume: true
           
           Cached runs miss counts:
               For MFT: 0
               For MFT zone: 0
               Everything else: 0
"
"15-06-2026 18:53:24","142","Information","Microsoft-Windows-Ntfs","Summary of disk space usage, since last event:

           Available space was between 122.05 GB and 122.10 GB
           Change in available space: 44.14 MB
           
           Available clusters were between: 31994284 and 32005583
           Reserved clusters were between: 1322139 and 1322363
           Txf abort reserved clusters were between: 1024 and 1024
           
           Elapsed seconds: 3602
           
           Pagefile size: 17.02 GB
           Volume size: 235.88 GB
           Bytes per cluster: 4096
           
           Volume guid: {c5c572ba-c5d0-47f6-864e-13eb05e6d46c}
           Volume name: C:
           Is boot volume: true
           
           Cached runs miss counts:
               For MFT: 0
               For MFT zone: 0
               Everything else: 0
"
"15-06-2026 17:53:22","142","Information","Microsoft-Windows-Ntfs","Summary of disk space usage, since last event:

           Available space was between 122.06 GB and 122.51 GB
           Change in available space: 458.14 MB
           
           Available clusters were between: 31997070 and 32114353
           Reserved clusters were between: 1322155 and 1331371
           Txf abort reserved clusters were between: 1024 and 1024
           
           Elapsed seconds: 3602
           
           Pagefile size: 17.02 GB
           Volume size: 235.88 GB
           Bytes per cluster: 4096
           
           Volume guid: {c5c572ba-c5d0-47f6-864e-13eb05e6d46c}
           Volume name: C:
           Is boot volume: true
           
           Cached runs miss counts:
               For MFT: 0
               For MFT zone: 0
               Everything else: 0
"
"15-06-2026 16:53:19","142","Information","Microsoft-Windows-Ntfs","Summary of disk space usage, since last event:

           Available space was between 119.26 GB and 122.51 GB
           Change in available space: 3.26 GB
           
           Available clusters were between: 31261011 and 32115236
           Reserved clusters were between: 1321675 and 1332875
           Txf abort reserved clusters were between: 1024 and 1024
           
           Elapsed seconds: 3602
           
           Pagefile size: 17.02 GB
           Volume size: 235.88 GB
           Bytes per cluster: 4096
           
           Volume guid: {c5c572ba-c5d0-47f6-864e-13eb05e6d46c}
           Volume name: C:
           Is boot volume: true
           
           Cached runs miss counts:
               For MFT: 0
               For MFT zone: 0
               Everything else: 0
"
"15-06-2026 15:53:17","142","Information","Microsoft-Windows-Ntfs","Summary of disk space usage, since last event:

           Available space was between 121.19 GB and 121.63 GB
           Change in available space: 452.07 MB
           
           Available clusters were between: 31768728 and 31884457
           Reserved clusters were between: 1321099 and 1330283
           Txf abort reserved clusters were between: 1024 and 1024
           
           Elapsed seconds: 3601
           
           Pagefile size: 17.02 GB
           Volume size: 235.88 GB
           Bytes per cluster: 4096
           
           Volume guid: {c5c572ba-c5d0-47f6-864e-13eb05e6d46c}
           Volume name: C:
           Is boot volume: true
           
           Cached runs miss counts:
               For MFT: 0
               For MFT zone: 0
               Everything else: 0
"
"15-06-2026 14:53:15","142","Information","Microsoft-Windows-Ntfs","Summary of disk space usage, since last event:

           Available space was between 121.60 GB and 122.18 GB
           Change in available space: 586.83 MB
           
           Available clusters were between: 31876204 and 32026431
           Reserved clusters were between: 1320555 and 1329803
           Txf abort reserved clusters were between: 1024 and 1024
           
           Elapsed seconds: 3600
           
           Pagefile size: 17.02 GB
           Volume size: 235.88 GB
           Bytes per cluster: 4096
           
           Volume guid: {c5c572ba-c5d0-47f6-864e-13eb05e6d46c}
           Volume name: C:
           Is boot volume: true
           
           Cached runs miss counts:
               For MFT: 0
               For MFT zone: 0
               Everything else: 0
"
"15-06-2026 13:53:14","142","Information","Microsoft-Windows-Ntfs","Summary of disk space usage, since last event:

           Available space was between 122.13 GB and 122.19 GB
           Change in available space: 64.42 MB
           
           Available clusters were between: 32014678 and 32031167
           Reserved clusters were between: 1320539 and 1329131
           Txf abort reserved clusters were between: 1024 and 1024
           
           Elapsed seconds: 3601
           
           Pagefile size: 17.02 GB
           Volume size: 235.88 GB
           Bytes per cluster: 4096
           
           Volume guid: {c5c572ba-c5d0-47f6-864e-13eb05e6d46c}
           Volume name: C:
           Is boot volume: true
           
           Cached runs miss counts:
               For MFT: 0
               For MFT zone: 0
               Everything else: 0
"
"15-06-2026 12:53:13","142","Information","Microsoft-Windows-Ntfs","Summary of disk space usage, since last event:

           Available space was between 122 GB and 122.57 GB
           Change in available space: 587.85 MB
           
           Available clusters were between: 31979602 and 32130090
           Reserved clusters were between: 1320523 and 1328987
           Txf abort reserved clusters were between: 1024 and 1024
           
           Elapsed seconds: 3603
           
           Pagefile size: 17.02 GB
           Volume size: 235.88 GB
           Bytes per cluster: 4096
           
           Volume guid: {c5c572ba-c5d0-47f6-864e-13eb05e6d46c}
           Volume name: C:
           Is boot volume: true
           
           Cached runs miss counts:
               For MFT: 0
               For MFT zone: 0
               Everything else: 0
"
"15-06-2026 11:53:10","142","Information","Microsoft-Windows-Ntfs","Summary of disk space usage, since last event:

           Available space was between 119.28 GB and 123.03 GB
           Change in available space: 3.75 GB
           
           Available clusters were between: 31266502 and 32249280
           Reserved clusters were between: 1319963 and 1329531
           Txf abort reserved clusters were between: 1024 and 1024
           
           Elapsed seconds: 3603
           
           Pagefile size: 17.02 GB
           Volume size: 235.88 GB
           Bytes per cluster: 4096
           
           Volume guid: {c5c572ba-c5d0-47f6-864e-13eb05e6d46c}
           Volume name: C:
           Is boot volume: true
           
           Cached runs miss counts:
               For MFT: 0
               For MFT zone: 0
               Everything else: 0
"
"15-06-2026 11:31:00","501","Information","Microsoft-Windows-Ntfs","A process has deleted a USN journal on a volume.

           Process: SearchIndexer.
           Volume Id: {c5c572ba-c5d0-47f6-864e-13eb05e6d46c}
           Volume Name: C:
           Journal Id: 0x1DC11A038CEB841
           Current USN: 0x0
"
"15-06-2026 11:30:11","501","Information","Microsoft-Windows-Ntfs","A process has deleted a USN journal on a volume.

           Process: SearchIndexer.
           Volume Id: {c5c572ba-c5d0-47f6-864e-13eb05e6d46c}
           Volume Name: C:
           Journal Id: 0x1DC11A038CEB841
           Current USN: 0x0
"
"15-06-2026 10:53:06","142","Information","Microsoft-Windows-Ntfs","Summary of disk space usage, since last event:

           Available space was between 120.19 GB and 120.33 GB
           Change in available space: 146.36 MB
           
           Available clusters were between: 31505169 and 31542636
           Reserved clusters were between: 1320411 and 1329147
           Txf abort reserved clusters were between: 1024 and 1024
           
           Elapsed seconds: 3603
           
           Pagefile size: 17.02 GB
           Volume size: 235.88 GB
           Bytes per cluster: 4096
           
           Volume guid: {c5c572ba-c5d0-47f6-864e-13eb05e6d46c}
           Volume name: C:
           Is boot volume: true
           
           Cached runs miss counts:
               For MFT: 0
               For MFT zone: 0
               Everything else: 0
"
"15-06-2026 09:53:02","142","Information","Microsoft-Windows-Ntfs","Summary of disk space usage, since last event:

           Available space was between 113.04 GB and 123.02 GB
           Change in available space: 9.99 GB
           
           Available clusters were between: 29630178 and 32247081
           Reserved clusters were between: 1320123 and 1330363
           Txf abort reserved clusters were between: 1024 and 1024
           
           Elapsed seconds: 3603
           
           Pagefile size: 17.02 GB
           Volume size: 235.88 GB
           Bytes per cluster: 4096
           
           Volume guid: {c5c572ba-c5d0-47f6-864e-13eb05e6d46c}
           Volume name: C:
           Is boot volume: true
           
           Cached runs miss counts:
               For MFT: 0
               For MFT zone: 0
               Everything else: 0
"
"15-06-2026 08:52:58","142","Information","Microsoft-Windows-Ntfs","Summary of disk space usage, since last event:

           Available space was between 113 GB and 122.30 GB
           Change in available space: 9.30 GB
           
           Available clusters were between: 29620667 and 32058244
           Reserved clusters were between: 1319899 and 1328427
           Txf abort reserved clusters were between: 1024 and 1024
           
           Elapsed seconds: 201897
           
           Pagefile size: 17.02 GB
           Volume size: 235.88 GB
           Bytes per cluster: 4096
           
           Volume guid: {c5c572ba-c5d0-47f6-864e-13eb05e6d46c}
           Volume name: C:
           Is boot volume: true
           
           Cached runs miss counts:
               For MFT: 0
               For MFT zone: 0
               Everything else: 0
"
"12-06-2026 21:49:11","142","Information","Microsoft-Windows-Ntfs","Summary of disk space usage, since last event:

           Available space was between 122.30 GB and 122.30 GB
           Change in available space: 128 KB
           
           Available clusters were between: 32057963 and 32057995
           Reserved clusters were between: 1319899 and 1319899
           Txf abort reserved clusters were between: 1024 and 1024
           
           Elapsed seconds: 5066
           
           Pagefile size: 17.02 GB
           Volume size: 235.88 GB
           Bytes per cluster: 4096
           
           Volume guid: {c5c572ba-c5d0-47f6-864e-13eb05e6d46c}
           Volume name: C:
           Is boot volume: true
           
           Cached runs miss counts:
               For MFT: 0
               For MFT zone: 0
               Everything else: 0
"
"12-06-2026 20:24:44","142","Information","Microsoft-Windows-Ntfs","Summary of disk space usage, since last event:

           Available space was between 122.30 GB and 122.30 GB
           Change in available space: 6.48 MB
           
           Available clusters were between: 32057995 and 32059652
           Reserved clusters were between: 1319867 and 1319915
           Txf abort reserved clusters were between: 1024 and 1024
           
           Elapsed seconds: 4997
           
           Pagefile size: 17.02 GB
           Volume size: 235.88 GB
           Bytes per cluster: 4096
           
           Volume guid: {c5c572ba-c5d0-47f6-864e-13eb05e6d46c}
           Volume name: C:
           Is boot volume: true
           
           Cached runs miss counts:
               For MFT: 0
               For MFT zone: 0
               Everything else: 0
"
"12-06-2026 19:01:26","142","Information","Microsoft-Windows-Ntfs","Summary of disk space usage, since last event:

           Available space was between 122.30 GB and 122.31 GB
           Change in available space: 6.84 MB
           
           Available clusters were between: 32059652 and 32061403
           Reserved clusters were between: 1319867 and 1319867
           Txf abort reserved clusters were between: 1024 and 1024
           
           Elapsed seconds: 3851
           
           Pagefile size: 17.02 GB
           Volume size: 235.88 GB
           Bytes per cluster: 4096
           
           Volume guid: {c5c572ba-c5d0-47f6-864e-13eb05e6d46c}
           Volume name: C:
           Is boot volume: true
           
           Cached runs miss counts:
               For MFT: 0
               For MFT zone: 0
               Everything else: 0
"
"12-06-2026 17:57:15","142","Information","Microsoft-Windows-Ntfs","Summary of disk space usage, since last event:

           Available space was between 122.29 GB and 122.33 GB
           Change in available space: 42.13 MB
           
           Available clusters were between: 32056698 and 32067483
           Reserved clusters were between: 1319787 and 1321819
           Txf abort reserved clusters were between: 1024 and 1024
           
           Elapsed seconds: 3706
           
           Pagefile size: 17.02 GB
           Volume size: 235.88 GB
           Bytes per cluster: 4096
           
           Volume guid: {c5c572ba-c5d0-47f6-864e-13eb05e6d46c}
           Volume name: C:
           Is boot volume: true
           
           Cached runs miss counts:
               For MFT: 0
               For MFT zone: 0
               Everything else: 0
"
"12-06-2026 16:55:28","142","Information","Microsoft-Windows-Ntfs","Summary of disk space usage, since last event:

           Available space was between 122.25 GB and 122.43 GB
           Change in available space: 183.42 MB
           
           Available clusters were between: 32045490 and 32092445
           Reserved clusters were between: 1319035 and 1328987
           Txf abort reserved clusters were between: 1024 and 1024
           
           Elapsed seconds: 3602
           
           Pagefile size: 17.02 GB
           Volume size: 235.88 GB
           Bytes per cluster: 4096
           
           Volume guid: {c5c572ba-c5d0-47f6-864e-13eb05e6d46c}
           Volume name: C:
           Is boot volume: true
           
           Cached runs miss counts:
               For MFT: 0
               For MFT zone: 0
               Everything else: 0
"
"12-06-2026 15:55:26","142","Information","Microsoft-Windows-Ntfs","Summary of disk space usage, since last event:

           Available space was between 122.41 GB and 122.55 GB
           Change in available space: 143.46 MB
           
           Available clusters were between: 32086636 and 32123361
           Reserved clusters were between: 1319003 and 1328123
           Txf abort reserved clusters were between: 1024 and 1024
           
           Elapsed seconds: 3603
           
           Pagefile size: 17.02 GB
           Volume size: 235.88 GB
           Bytes per cluster: 4096
           
           Volume guid: {c5c572ba-c5d0-47f6-864e-13eb05e6d46c}
           Volume name: C:
           Is boot volume: true
           
           Cached runs miss counts:
               For MFT: 0
               For MFT zone: 0
               Everything else: 0
"
"12-06-2026 14:55:22","142","Information","Microsoft-Windows-Ntfs","Summary of disk space usage, since last event:

           Available space was between 122.54 GB and 123.11 GB
           Change in available space: 590.79 MB
           
           Available clusters were between: 32121223 and 32272464
           Reserved clusters were between: 1318907 and 1319195
           Txf abort reserved clusters were between: 1024 and 1024
           
           Elapsed seconds: 3603
           
           Pagefile size: 17.02 GB
           Volume size: 235.88 GB
           Bytes per cluster: 4096
           
           Volume guid: {c5c572ba-c5d0-47f6-864e-13eb05e6d46c}
           Volume name: C:
           Is boot volume: true
           
           Cached runs miss counts:
               For MFT: 0
               For MFT zone: 0
               Everything else: 0
"
"12-06-2026 13:55:19","142","Information","Microsoft-Windows-Ntfs","Summary of disk space usage, since last event:

           Available space was between 119.09 GB and 123.12 GB
           Change in available space: 4.03 GB
           
           Available clusters were between: 31217632 and 32272915
           Reserved clusters were between: 1318795 and 1327163
           Txf abort reserved clusters were between: 1024 and 1024
           
           Elapsed seconds: 3637
           
           Pagefile size: 17.02 GB
           Volume size: 235.88 GB
           Bytes per cluster: 4096
           
           Volume guid: {c5c572ba-c5d0-47f6-864e-13eb05e6d46c}
           Volume name: C:
           Is boot volume: true
           
           Cached runs miss counts:
               For MFT: 0
               For MFT zone: 0
               Everything else: 0
"
"12-06-2026 12:54:41","142","Information","Microsoft-Windows-Ntfs","Summary of disk space usage, since last event:

           Available space was between 122.30 GB and 122.54 GB
           Change in available space: 247.26 MB
           
           Available clusters were between: 32058483 and 32121780
           Reserved clusters were between: 1318203 and 1326907
           Txf abort reserved clusters were between: 1024 and 1024
           
           Elapsed seconds: 3605
           
           Pagefile size: 17.02 GB
           Volume size: 235.88 GB
           Bytes per cluster: 4096
           
           Volume guid: {c5c572ba-c5d0-47f6-864e-13eb05e6d46c}
           Volume name: C:
           Is boot volume: true
           
           Cached runs miss counts:
               For MFT: 0
               For MFT zone: 0
               Everything else: 0
"
"12-06-2026 11:54:36","142","Information","Microsoft-Windows-Ntfs","Summary of disk space usage, since last event:

           Available space was between 113.31 GB and 122.99 GB
           Change in available space: 9.68 GB
           
           Available clusters were between: 29702969 and 32238916
           Reserved clusters were between: 1317323 and 1328619
           Txf abort reserved clusters were between: 1024 and 1024
           
           Elapsed seconds: 3603
           
           Pagefile size: 17.02 GB
           Volume size: 235.88 GB
           Bytes per cluster: 4096
           
           Volume guid: {c5c572ba-c5d0-47f6-864e-13eb05e6d46c}
           Volume name: C:
           Is boot volume: true
           
           Cached runs miss counts:
               For MFT: 0
               For MFT zone: 0
               Everything else: 1
"
"12-06-2026 10:54:32","142","Information","Microsoft-Windows-Ntfs","Summary of disk space usage, since last event:

           Available space was between 118.79 GB and 124.17 GB
           Change in available space: 5.39 GB
           
           Available clusters were between: 31137595 and 32549656
           Reserved clusters were between: 1314107 and 1325227
           Txf abort reserved clusters were between: 1024 and 1024
           
           Elapsed seconds: 3604
           
           Pagefile size: 17.02 GB
           Volume size: 235.88 GB
           Bytes per cluster: 4096
           
           Volume guid: {c5c572ba-c5d0-47f6-864e-13eb05e6d46c}
           Volume name: C:
           Is boot volume: true
           
           Cached runs miss counts:
               For MFT: 0
               For MFT zone: 0
               Everything else: 0
"
"12-06-2026 09:54:55","501","Information","Microsoft-Windows-Ntfs","A process has deleted a USN journal on a volume.

           Process: SearchIndexer.
           Volume Id: {c5c572ba-c5d0-47f6-864e-13eb05e6d46c}
           Volume Name: C:
           Journal Id: 0x1DC11A038CEB841
           Current USN: 0x0
"
"12-06-2026 09:54:28","10","Information","Microsoft-Windows-Ntfs","NTFS cached runs statistics.

           Volume correlation Id: {effcabed-bb48-44d2-a9ca-b0bdf73688b0}
           Volume name: \\?\Volume{effcabed-bb48-44d2-a9ca-b0bdf73688b0}
           Volume label: WINRETOOLS

           Device name: \Device\HarddiskVolume4
           Device GUID: {0d0616a1-3adc-3de7-d9a2-784fe4e2d52a}
           Device manufacturer: NVMe
           Device model: PM9C1b Samsung 256GB
           Device revision: 58330109
           Device serial number: 0025_38F6_5106_1623.
           Bus type: NVMe
           Native NVMe: false

           Adapter serial number: 

           Media type: Hard disk
           Runs cached: 4
           Longest run cached: 128.55 MB
           Most populated bin Count: 1
           Most populated bin's minimum length: 0 Bytes
           Most populated bin's maximum length: 4 KB
"
"12-06-2026 09:54:28","9","Information","Microsoft-Windows-Ntfs","NTFS scanned entire volume bitmap.

           Volume correlation Id: {effcabed-bb48-44d2-a9ca-b0bdf73688b0}
           Volume name: \\?\Volume{effcabed-bb48-44d2-a9ca-b0bdf73688b0}
           Volume label: WINRETOOLS

           Device name: \Device\HarddiskVolume4
           Device GUID: {0d0616a1-3adc-3de7-d9a2-784fe4e2d52a}
           Device manufacturer: NVMe
           Device model: PM9C1b Samsung 256GB
           Device revision: 58330109
           Device serial number: 0025_38F6_5106_1623.
           Bus type: NVMe
           Native NVMe: false

           Adapter serial number: 

           Duration (micro seconds): 51
           InputFlags: 0x10
           Reason: Proactive background scan to repopulate cached runs
           Flags: 0x10
"
"12-06-2026 09:54:28","10","Information","Microsoft-Windows-Ntfs","NTFS cached runs statistics.

           Volume correlation Id: {c5c572ba-c5d0-47f6-864e-13eb05e6d46c}
           Volume name: C:
           Volume label: OS

           Device name: \Device\HarddiskVolume3
           Device GUID: {0d0616a1-3adc-3de7-d9a2-784fe4e2d52a}
           Device manufacturer: NVMe
           Device model: PM9C1b Samsung 256GB
           Device revision: 58330109
           Device serial number: 0025_38F6_5106_1623.
           Bus type: NVMe
           Native NVMe: false

           Adapter serial number: 

           Media type: Hard disk
           Runs cached: 7704
           Longest run cached: 24.06 GB
           Most populated bin Count: 1819
           Most populated bin's minimum length: 0 Bytes
           Most populated bin's maximum length: 4 KB
"
"12-06-2026 09:54:28","9","Information","Microsoft-Windows-Ntfs","NTFS scanned entire volume bitmap.

           Volume correlation Id: {c5c572ba-c5d0-47f6-864e-13eb05e6d46c}
           Volume name: C:
           Volume label: OS

           Device name: \Device\HarddiskVolume3
           Device GUID: {0d0616a1-3adc-3de7-d9a2-784fe4e2d52a}
           Device manufacturer: NVMe
           Device model: PM9C1b Samsung 256GB
           Device revision: 58330109
           Device serial number: 0025_38F6_5106_1623.
           Bus type: NVMe
           Native NVMe: false

           Adapter serial number: 

           Duration (micro seconds): 11250
           InputFlags: 0x10
           Reason: Proactive background scan to repopulate cached runs
           Flags: 0x10
"
"12-06-2026 09:54:28","142","Information","Microsoft-Windows-Ntfs","Summary of disk space usage, since last event:

           Available space was between 195.28 MB and 199.28 MB
           Change in available space: 4 MB
           
           Available clusters were between: 49991 and 51015
           Reserved clusters were between: 0 and 0
           Txf abort reserved clusters were between: 1024 and 1024
           
           Elapsed seconds: 0
           
           Pagefile size: 0 Bytes
           Volume size: 1.01 GB
           Bytes per cluster: 4096
           
           Volume guid: {effcabed-bb48-44d2-a9ca-b0bdf73688b0}
           Volume name: \\?\Volume{effcabed-bb48-44d2-a9ca-b0bdf73688b0}
           Is boot volume: false
           
           Cached runs miss counts:
               For MFT: 0
               For MFT zone: 0
               Everything else: 0
"
"12-06-2026 09:54:28","142","Information","Microsoft-Windows-Ntfs","Summary of disk space usage, since last event:

           Available space was between 119.19 GB and 124.23 GB
           Change in available space: 5.04 GB
           
           Available clusters were between: 31244053 and 32564317
           Reserved clusters were between: 1314107 and 1314107
           Txf abort reserved clusters were between: 1024 and 1024
           
           Elapsed seconds: 0
           
           Pagefile size: 0 Bytes
           Volume size: 235.88 GB
           Bytes per cluster: 4096
           
           Volume guid: {c5c572ba-c5d0-47f6-864e-13eb05e6d46c}
           Volume name: C:
           Is boot volume: true
           
           Cached runs miss counts:
               For MFT: 0
               For MFT zone: 0
               Everything else: 0
"
"12-06-2026 09:54:24","4","Information","Microsoft-Windows-Ntfs","The NTFS volume has been successfully mounted.

           Volume correlation Id: {effcabed-bb48-44d2-a9ca-b0bdf73688b0}
           Volume name: \\?\Volume{effcabed-bb48-44d2-a9ca-b0bdf73688b0}
           Volume label: WINRETOOLS

           Device name: \Device\HarddiskVolume4
           Device GUID: {0d0616a1-3adc-3de7-d9a2-784fe4e2d52a}
           Device manufacturer: NVMe
           Device model: PM9C1b Samsung 256GB
           Device revision: 58330109
           Device serial number: 0025_38F6_5106_1623.
           Bus type: NVMe
           Device number: 0
           Boot partition: false

           Native NVMe: false

           Adapter serial number: 
           
           Total mount duration: 15 ms
           Longest stage: 4. Duration 15 ms (100% of the total)
           Second longest stage: 0. Duration 0 µs (0% of the total)
           Volume restart applied: false
"
"12-06-2026 09:54:24","10","Information","Microsoft-Windows-Ntfs","NTFS cached runs statistics.

           Volume correlation Id: {effcabed-bb48-44d2-a9ca-b0bdf73688b0}
           Volume name: \\?\Volume{effcabed-bb48-44d2-a9ca-b0bdf73688b0}
           Volume label: WINRETOOLS

           Device name: \Device\HarddiskVolume4
           Device GUID: {0d0616a1-3adc-3de7-d9a2-784fe4e2d52a}
           Device manufacturer: NVMe
           Device model: PM9C1b Samsung 256GB
           Device revision: 58330109
           Device serial number: 0025_38F6_5106_1623.
           Bus type: NVMe
           Native NVMe: false

           Adapter serial number: 

           Media type: Hard disk
           Runs cached: 3
           Longest run cached: 70.54 MB
           Most populated bin Count: 1
           Most populated bin's minimum length: 0 Bytes
           Most populated bin's maximum length: 4 KB
"
"12-06-2026 09:54:24","9","Information","Microsoft-Windows-Ntfs","NTFS scanned entire volume bitmap.

           Volume correlation Id: {effcabed-bb48-44d2-a9ca-b0bdf73688b0}
           Volume name: \\?\Volume{effcabed-bb48-44d2-a9ca-b0bdf73688b0}
           Volume label: WINRETOOLS

           Device name: \Device\HarddiskVolume4
           Device GUID: {0d0616a1-3adc-3de7-d9a2-784fe4e2d52a}
           Device manufacturer: NVMe
           Device model: PM9C1b Samsung 256GB
           Device revision: 58330109
           Device serial number: 0025_38F6_5106_1623.
           Bus type: NVMe
           Native NVMe: false

           Adapter serial number: 

           Duration (micro seconds): 381
           InputFlags: 0xE
           Reason: Mount
           Flags: 0x10
"
"12-06-2026 09:54:22","10","Information","Microsoft-Windows-Ntfs","NTFS cached runs statistics.

           Volume correlation Id: {c5c572ba-c5d0-47f6-864e-13eb05e6d46c}
           Volume name: C:
           Volume label: OS

           Device name: \Device\HarddiskVolume3
           Device GUID: {0d0616a1-3adc-3de7-d9a2-784fe4e2d52a}
           Device manufacturer: NVMe
           Device model: PM9C1b Samsung 256GB
           Device revision: 58330109
           Device serial number: 0025_38F6_5106_1623.
           Bus type: NVMe
           Native NVMe: false

           Adapter serial number: 

           Media type: Hard disk
           Runs cached: 2079
           Longest run cached: 24.06 GB
           Most populated bin Count: 72
           Most populated bin's minimum length: 7.51 MB
           Most populated bin's maximum length: 7.75 MB
"
"12-06-2026 09:54:22","4","Information","Microsoft-Windows-Ntfs","The NTFS volume has been successfully mounted.

           Volume correlation Id: {c5c572ba-c5d0-47f6-864e-13eb05e6d46c}
           Volume name: C:
           Volume label: OS

           Device name: \Device\HarddiskVolume3
           Device GUID: {0d0616a1-3adc-3de7-d9a2-784fe4e2d52a}
           Device manufacturer: NVMe
           Device model: PM9C1b Samsung 256GB
           Device revision: 58330109
           Device serial number: 0025_38F6_5106_1623.
           Bus type: NVMe
           Device number: 0
           Boot partition: true

           Native NVMe: false

           Adapter serial number: 
           
           Total mount duration: 437 ms
           Longest stage: 8. Duration 326 ms (75% of the total)
           Second longest stage: 7. Duration 61 ms (14% of the total)
           Volume restart applied: false
"
"12-06-2026 09:54:22","9","Information","Microsoft-Windows-Ntfs","NTFS scanned entire volume bitmap.

           Volume correlation Id: {c5c572ba-c5d0-47f6-864e-13eb05e6d46c}
           Volume name: C:
           Volume label: OS

           Device name: \Device\HarddiskVolume3
           Device GUID: {0d0616a1-3adc-3de7-d9a2-784fe4e2d52a}
           Device manufacturer: NVMe
           Device model: PM9C1b Samsung 256GB
           Device revision: 58330109
           Device serial number: 0025_38F6_5106_1623.
           Bus type: NVMe
           Native NVMe: false

           Adapter serial number: 

           Duration (micro seconds): 19925
           InputFlags: 0xE
           Reason: Mount
           Flags: 0x10
"
"12-06-2026 09:19:38","142","Information","Microsoft-Windows-Ntfs","Summary of disk space usage, since last event:

           Available space was between 102.45 GB and 111.72 GB
           Change in available space: 9.28 GB
           
           Available clusters were between: 26854098 and 29285757
           Reserved clusters were between: 1316763 and 1317035
           Txf abort reserved clusters were between: 1024 and 1024
           
           Elapsed seconds: 17648
           
           Pagefile size: 25.78 GB
           Volume size: 235.88 GB
           Bytes per cluster: 4096
           
           Volume guid: {c5c572ba-c5d0-47f6-864e-13eb05e6d46c}
           Volume name: C:
           Is boot volume: true
           
           Cached runs miss counts:
               For MFT: 0
               For MFT zone: 0
               Everything else: 0
"
"11-06-2026 23:47:04","142","Information","Microsoft-Windows-Ntfs","Summary of disk space usage, since last event:

           Available space was between 111.71 GB and 111.71 GB
           Change in available space: 1.22 MB
           
           Available clusters were between: 29283517 and 29283827
           Reserved clusters were between: 1316971 and 1317003
           Txf abort reserved clusters were between: 1024 and 1024
           
           Elapsed seconds: 4764
           
           Pagefile size: 25.78 GB
           Volume size: 235.88 GB
           Bytes per cluster: 4096
           
           Volume guid: {c5c572ba-c5d0-47f6-864e-13eb05e6d46c}
           Volume name: C:
           Is boot volume: true
           
           Cached runs miss counts:
               For MFT: 0
               For MFT zone: 0
               Everything else: 0
"
"11-06-2026 22:27:39","142","Information","Microsoft-Windows-Ntfs","Summary of disk space usage, since last event:

           Available space was between 111.71 GB and 111.72 GB
           Change in available space: 7.26 MB
           
           Available clusters were between: 29283794 and 29285652
           Reserved clusters were between: 1316939 and 1317035
           Txf abort reserved clusters were between: 1024 and 1024
           
           Elapsed seconds: 4645
           
           Pagefile size: 25.78 GB
           Volume size: 235.88 GB
           Bytes per cluster: 4096
           
           Volume guid: {c5c572ba-c5d0-47f6-864e-13eb05e6d46c}
           Volume name: C:
           Is boot volume: true
           
           Cached runs miss counts:
               For MFT: 0
               For MFT zone: 0
               Everything else: 0
"
"11-06-2026 21:10:13","142","Information","Microsoft-Windows-Ntfs","Summary of disk space usage, since last event:

           Available space was between 111.71 GB and 111.74 GB
           Change in available space: 33.93 MB
           
           Available clusters were between: 29282729 and 29291413
           Reserved clusters were between: 1316827 and 1316987
           Txf abort reserved clusters were between: 1024 and 1024
           
           Elapsed seconds: 4838
           
           Pagefile size: 25.78 GB
           Volume size: 235.88 GB
           Bytes per cluster: 4096
           
           Volume guid: {c5c572ba-c5d0-47f6-864e-13eb05e6d46c}
           Volume name: C:
           Is boot volume: true
           
           Cached runs miss counts:
               For MFT: 0
               For MFT zone: 0
               Everything else: 0
"
"11-06-2026 19:49:35","142","Information","Microsoft-Windows-Ntfs","Summary of disk space usage, since last event:

           Available space was between 111.71 GB and 112.32 GB
           Change in available space: 623.58 MB
           
           Available clusters were between: 29283062 and 29442697
           Reserved clusters were between: 1316651 and 1325067
           Txf abort reserved clusters were between: 1024 and 1024
           
           Elapsed seconds: 3600
           
           Pagefile size: 25.78 GB
           Volume size: 235.88 GB
           Bytes per cluster: 4096
           
           Volume guid: {c5c572ba-c5d0-47f6-864e-13eb05e6d46c}
           Volume name: C:
           Is boot volume: true
           
           Cached runs miss counts:
               For MFT: 0
               For MFT zone: 0
               Everything else: 0
"
"11-06-2026 18:49:35","142","Information","Microsoft-Windows-Ntfs","Summary of disk space usage, since last event:

           Available space was between 111.93 GB and 112.35 GB
           Change in available space: 433.35 MB
           
           Available clusters were between: 29340538 and 29451474
           Reserved clusters were between: 1316651 and 1325035
           Txf abort reserved clusters were between: 1024 and 1024
           
           Elapsed seconds: 3600
           
           Pagefile size: 25.78 GB
           Volume size: 235.88 GB
           Bytes per cluster: 4096
           
           Volume guid: {c5c572ba-c5d0-47f6-864e-13eb05e6d46c}
           Volume name: C:
           Is boot volume: true
           
           Cached runs miss counts:
               For MFT: 0
               For MFT zone: 0
               Everything else: 0
"
"11-06-2026 17:49:34","142","Information","Microsoft-Windows-Ntfs","Summary of disk space usage, since last event:

           Available space was between 112.08 GB and 121.68 GB
           Change in available space: 9.60 GB
           
           Available clusters were between: 29379872 and 31896289
           Reserved clusters were between: 1316587 and 1324971
           Txf abort reserved clusters were between: 1024 and 1024
           
           Elapsed seconds: 3600
           
           Pagefile size: 25.78 GB
           Volume size: 235.88 GB
           Bytes per cluster: 4096
           
           Volume guid: {c5c572ba-c5d0-47f6-864e-13eb05e6d46c}
           Volume name: C:
           Is boot volume: true
           
           Cached runs miss counts:
               For MFT: 0
               For MFT zone: 0
               Everything else: 1
"
"11-06-2026 16:49:34","142","Information","Microsoft-Windows-Ntfs","Summary of disk space usage, since last event:

           Available space was between 116.84 GB and 122.98 GB
           Change in available space: 6.15 GB
           
           Available clusters were between: 30626655 and 32237764
           Reserved clusters were between: 1316699 and 1325035
           Txf abort reserved clusters were between: 1024 and 1024
           
           Elapsed seconds: 3602
           
           Pagefile size: 16.27 GB
           Volume size: 235.88 GB
           Bytes per cluster: 4096
           
           Volume guid: {c5c572ba-c5d0-47f6-864e-13eb05e6d46c}
           Volume name: C:
           Is boot volume: true
           
           Cached runs miss counts:
               For MFT: 0
               For MFT zone: 0
               Everything else: 0
"
"11-06-2026 15:49:32","142","Information","Microsoft-Windows-Ntfs","Summary of disk space usage, since last event:

           Available space was between 121.55 GB and 122.29 GB
           Change in available space: 759.51 MB
           
           Available clusters were between: 31862667 and 32057100
           Reserved clusters were between: 1316667 and 1325067
           Txf abort reserved clusters were between: 1024 and 1024
           
           Elapsed seconds: 3603
           
           Pagefile size: 16.27 GB
           Volume size: 235.88 GB
           Bytes per cluster: 4096
           
           Volume guid: {c5c572ba-c5d0-47f6-864e-13eb05e6d46c}
           Volume name: C:
           Is boot volume: true
           
           Cached runs miss counts:
               For MFT: 0
               For MFT zone: 0
               Everything else: 0
"
"11-06-2026 14:49:28","142","Information","Microsoft-Windows-Ntfs","Summary of disk space usage, since last event:

           Available space was between 117.51 GB and 123.23 GB
           Change in available space: 5.72 GB
           
           Available clusters were between: 30802219 and 32301643
           Reserved clusters were between: 1316571 and 1324891
           Txf abort reserved clusters were between: 1024 and 1024
           
           Elapsed seconds: 3600
           
           Pagefile size: 16.27 GB
           Volume size: 235.88 GB
           Bytes per cluster: 4096
           
           Volume guid: {c5c572ba-c5d0-47f6-864e-13eb05e6d46c}
           Volume name: C:
           Is boot volume: true
           
           Cached runs miss counts:
               For MFT: 0
               For MFT zone: 0
               Everything else: 0
"
