"14-07-2026 10:15:38","24","Information","Microsoft-Windows-Audio","Stream started.
App Id: Microsoft.Windows.ShellExperienceHost_cw5n1h2txyewy!App
PID: 18304
Audio Stream Category: 5"
"14-07-2026 09:37:29","25","Information","Microsoft-Windows-Audio","Stream stopped.
App Id: Microsoft.Windows.ShellExperienceHost_cw5n1h2txyewy!App
PID: 18304
Audio Stream Category: 5"
"14-07-2026 09:37:27","24","Information","Microsoft-Windows-Audio","Stream started.
App Id: Microsoft.Windows.ShellExperienceHost_cw5n1h2txyewy!App
PID: 18304
Audio Stream Category: 5"
"13-07-2026 19:57:38","25","Information","Microsoft-Windows-Audio","Stream stopped.
App Id: Microsoft.Windows.ShellExperienceHost_cw5n1h2txyewy!App
PID: 18304
Audio Stream Category: 5"
"13-07-2026 19:57:37","24","Information","Microsoft-Windows-Audio","Stream started.
App Id: Microsoft.Windows.ShellExperienceHost_cw5n1h2txyewy!App
PID: 18304
Audio Stream Category: 5"
"13-07-2026 19:12:46","25","Information","Microsoft-Windows-Audio","Stream stopped.
App Id: Microsoft.Windows.ShellExperienceHost_cw5n1h2txyewy!App
PID: 18304
Audio Stream Category: 5"
"13-07-2026 19:12:44","24","Information","Microsoft-Windows-Audio","Stream started.
App Id: Microsoft.Windows.ShellExperienceHost_cw5n1h2txyewy!App
PID: 18304
Audio Stream Category: 5"
"13-07-2026 18:41:48","25","Information","Microsoft-Windows-Audio","Stream stopped.
App Id: Microsoft.Windows.ShellExperienceHost_cw5n1h2txyewy!App
PID: 18304
Audio Stream Category: 5"
"13-07-2026 18:41:46","24","Information","Microsoft-Windows-Audio","Stream started.
App Id: Microsoft.Windows.ShellExperienceHost_cw5n1h2txyewy!App
PID: 18304
Audio Stream Category: 5"
"13-07-2026 18:00:59","25","Information","Microsoft-Windows-Audio","Stream stopped.
App Id: Microsoft.Windows.ShellExperienceHost_cw5n1h2txyewy!App
PID: 18304
Audio Stream Category: 5"
"13-07-2026 18:00:57","24","Information","Microsoft-Windows-Audio","Stream started.
App Id: Microsoft.Windows.ShellExperienceHost_cw5n1h2txyewy!App
PID: 18304
Audio Stream Category: 5"
"13-07-2026 17:24:10","25","Information","Microsoft-Windows-Audio","Stream stopped.
App Id: Microsoft.Windows.ShellExperienceHost_cw5n1h2txyewy!App
PID: 18304
Audio Stream Category: 5"
"13-07-2026 17:24:08","24","Information","Microsoft-Windows-Audio","Stream started.
App Id: Microsoft.Windows.ShellExperienceHost_cw5n1h2txyewy!App
PID: 18304
Audio Stream Category: 5"
"13-07-2026 17:15:44","25","Information","Microsoft-Windows-Audio","Stream stopped.
App Id: Microsoft.Windows.ShellExperienceHost_cw5n1h2txyewy!App
PID: 18304
Audio Stream Category: 5"
"13-07-2026 17:15:42","24","Information","Microsoft-Windows-Audio","Stream started.
App Id: Microsoft.Windows.ShellExperienceHost_cw5n1h2txyewy!App
PID: 18304
Audio Stream Category: 5"
"13-07-2026 17:11:50","25","Information","Microsoft-Windows-Audio","Stream stopped.
App Id: Microsoft.Windows.ShellExperienceHost_cw5n1h2txyewy!App
PID: 18304
Audio Stream Category: 5"
"13-07-2026 17:11:48","24","Information","Microsoft-Windows-Audio","Stream started.
App Id: Microsoft.Windows.ShellExperienceHost_cw5n1h2txyewy!App
PID: 18304
Audio Stream Category: 5"
"13-07-2026 14:58:27","25","Information","Microsoft-Windows-Audio","Stream stopped.
App Id: Microsoft.Windows.ShellExperienceHost_cw5n1h2txyewy!App
PID: 18304
Audio Stream Category: 5"
"13-07-2026 14:58:25","24","Information","Microsoft-Windows-Audio","Stream started.
App Id: Microsoft.Windows.ShellExperienceHost_cw5n1h2txyewy!App
PID: 18304
Audio Stream Category: 5"
"13-07-2026 14:51:25","25","Information","Microsoft-Windows-Audio","Stream stopped.
App Id: Microsoft.Windows.ShellExperienceHost_cw5n1h2txyewy!App
PID: 18304
Audio Stream Category: 5"
"13-07-2026 14:51:23","24","Information","Microsoft-Windows-Audio","Stream started.
App Id: Microsoft.Windows.ShellExperienceHost_cw5n1h2txyewy!App
PID: 18304
Audio Stream Category: 5"
"13-07-2026 14:06:11","25","Information","Microsoft-Windows-Audio","Stream stopped.
App Id: Microsoft.Windows.ShellExperienceHost_cw5n1h2txyewy!App
PID: 18304
Audio Stream Category: 5"
"13-07-2026 14:06:09","24","Information","Microsoft-Windows-Audio","Stream started.
App Id: Microsoft.Windows.ShellExperienceHost_cw5n1h2txyewy!App
PID: 18304
Audio Stream Category: 5"
"13-07-2026 11:39:31","25","Information","Microsoft-Windows-Audio","Stream stopped.
App Id: Microsoft.Windows.ShellExperienceHost_cw5n1h2txyewy!App
PID: 18304
Audio Stream Category: 5"
"13-07-2026 11:39:29","24","Information","Microsoft-Windows-Audio","Stream started.
App Id: Microsoft.Windows.ShellExperienceHost_cw5n1h2txyewy!App
PID: 18304
Audio Stream Category: 5"
"13-07-2026 11:00:18","25","Information","Microsoft-Windows-Audio","Stream stopped.
App Id: Microsoft.Windows.ShellExperienceHost_cw5n1h2txyewy!App
PID: 18304
Audio Stream Category: 5"
"13-07-2026 11:00:16","24","Information","Microsoft-Windows-Audio","Stream started.
App Id: Microsoft.Windows.ShellExperienceHost_cw5n1h2txyewy!App
PID: 18304
Audio Stream Category: 5"
"13-07-2026 10:55:00","25","Information","Microsoft-Windows-Audio","Stream stopped.
App Id: Microsoft.Windows.ShellExperienceHost_cw5n1h2txyewy!App
PID: 18304
Audio Stream Category: 5"
"13-07-2026 10:54:58","24","Information","Microsoft-Windows-Audio","Stream started.
App Id: Microsoft.Windows.ShellExperienceHost_cw5n1h2txyewy!App
PID: 18304
Audio Stream Category: 5"
"13-07-2026 10:45:51","25","Information","Microsoft-Windows-Audio","Stream stopped.
App Id: Microsoft.Windows.ShellExperienceHost_cw5n1h2txyewy!App
PID: 18304
Audio Stream Category: 5"
"13-07-2026 10:45:49","24","Information","Microsoft-Windows-Audio","Stream started.
App Id: Microsoft.Windows.ShellExperienceHost_cw5n1h2txyewy!App
PID: 18304
Audio Stream Category: 5"
"13-07-2026 10:26:01","25","Information","Microsoft-Windows-Audio","Stream stopped.
App Id: Microsoft.Windows.ShellExperienceHost_cw5n1h2txyewy!App
PID: 18304
Audio Stream Category: 5"
"13-07-2026 10:26:00","24","Information","Microsoft-Windows-Audio","Stream started.
App Id: Microsoft.Windows.ShellExperienceHost_cw5n1h2txyewy!App
PID: 18304
Audio Stream Category: 5"
"12-07-2026 18:36:34","25","Information","Microsoft-Windows-Audio","Stream stopped.
App Id: Microsoft.Windows.ShellExperienceHost_cw5n1h2txyewy!App
PID: 18304
Audio Stream Category: 5"
"12-07-2026 18:36:33","24","Information","Microsoft-Windows-Audio","Stream started.
App Id: Microsoft.Windows.ShellExperienceHost_cw5n1h2txyewy!App
PID: 18304
Audio Stream Category: 5"
"12-07-2026 18:24:04","25","Information","Microsoft-Windows-Audio","Stream stopped.
App Id: Microsoft.Windows.ShellExperienceHost_cw5n1h2txyewy!App
PID: 41744
Audio Stream Category: 5"
"12-07-2026 18:24:03","24","Information","Microsoft-Windows-Audio","Stream started.
App Id: Microsoft.Windows.ShellExperienceHost_cw5n1h2txyewy!App
PID: 41744
Audio Stream Category: 5"
"11-07-2026 18:22:43","25","Information","Microsoft-Windows-Audio","Stream stopped.
App Id: Microsoft.Windows.ShellExperienceHost_cw5n1h2txyewy!App
PID: 11144
Audio Stream Category: 5"
"11-07-2026 18:22:42","24","Information","Microsoft-Windows-Audio","Stream started.
App Id: Microsoft.Windows.ShellExperienceHost_cw5n1h2txyewy!App
PID: 11144
Audio Stream Category: 5"
"11-07-2026 17:20:48","25","Information","Microsoft-Windows-Audio","Stream stopped.
App Id: Microsoft.Windows.ShellExperienceHost_cw5n1h2txyewy!App
PID: 11144
Audio Stream Category: 5"
"11-07-2026 17:20:47","24","Information","Microsoft-Windows-Audio","Stream started.
App Id: Microsoft.Windows.ShellExperienceHost_cw5n1h2txyewy!App
PID: 11144
Audio Stream Category: 5"
"11-07-2026 12:00:33","25","Information","Microsoft-Windows-Audio","Stream stopped.
App Id: Microsoft.Windows.ShellExperienceHost_cw5n1h2txyewy!App
PID: 11144
Audio Stream Category: 5"
"11-07-2026 12:00:32","24","Information","Microsoft-Windows-Audio","Stream started.
App Id: Microsoft.Windows.ShellExperienceHost_cw5n1h2txyewy!App
PID: 11144
Audio Stream Category: 5"
"11-07-2026 11:27:35","25","Information","Microsoft-Windows-Audio","Stream stopped.
App Id: Microsoft.Windows.ShellExperienceHost_cw5n1h2txyewy!App
PID: 11144
Audio Stream Category: 5"
"11-07-2026 11:27:34","24","Information","Microsoft-Windows-Audio","Stream started.
App Id: Microsoft.Windows.ShellExperienceHost_cw5n1h2txyewy!App
PID: 11144
Audio Stream Category: 5"
"11-07-2026 11:26:11","25","Information","Microsoft-Windows-Audio","Stream stopped.
App Id: Microsoft.Windows.ShellExperienceHost_cw5n1h2txyewy!App
PID: 11144
Audio Stream Category: 5"
"11-07-2026 11:26:10","24","Information","Microsoft-Windows-Audio","Stream started.
App Id: Microsoft.Windows.ShellExperienceHost_cw5n1h2txyewy!App
PID: 11144
Audio Stream Category: 5"
"11-07-2026 10:26:59","25","Information","Microsoft-Windows-Audio","Stream stopped.
App Id: Microsoft.Windows.ShellExperienceHost_cw5n1h2txyewy!App
PID: 11144
Audio Stream Category: 5"
"11-07-2026 10:26:57","24","Information","Microsoft-Windows-Audio","Stream started.
App Id: Microsoft.Windows.ShellExperienceHost_cw5n1h2txyewy!App
PID: 11144
Audio Stream Category: 5"
"11-07-2026 09:52:29","25","Information","Microsoft-Windows-Audio","Stream stopped.
App Id: Microsoft.Windows.ShellExperienceHost_cw5n1h2txyewy!App
PID: 11144
Audio Stream Category: 5"
"11-07-2026 09:52:27","24","Information","Microsoft-Windows-Audio","Stream started.
App Id: Microsoft.Windows.ShellExperienceHost_cw5n1h2txyewy!App
PID: 11144
Audio Stream Category: 5"
"10-07-2026 14:14:17","25","Information","Microsoft-Windows-Audio","Stream stopped.
App Id: Microsoft.Windows.ShellExperienceHost_cw5n1h2txyewy!App
PID: 11144
Audio Stream Category: 5"
"10-07-2026 14:14:15","24","Information","Microsoft-Windows-Audio","Stream started.
App Id: Microsoft.Windows.ShellExperienceHost_cw5n1h2txyewy!App
PID: 11144
Audio Stream Category: 5"
"10-07-2026 13:03:49","25","Information","Microsoft-Windows-Audio","Stream stopped.
App Id: Microsoft.Windows.ShellExperienceHost_cw5n1h2txyewy!App
PID: 11144
Audio Stream Category: 5"
"10-07-2026 13:03:47","24","Information","Microsoft-Windows-Audio","Stream started.
App Id: Microsoft.Windows.ShellExperienceHost_cw5n1h2txyewy!App
PID: 11144
Audio Stream Category: 5"
"10-07-2026 12:48:00","25","Information","Microsoft-Windows-Audio","Stream stopped.
App Id: Microsoft.Windows.ShellExperienceHost_cw5n1h2txyewy!App
PID: 11144
Audio Stream Category: 5"
"10-07-2026 12:47:58","24","Information","Microsoft-Windows-Audio","Stream started.
App Id: Microsoft.Windows.ShellExperienceHost_cw5n1h2txyewy!App
PID: 11144
Audio Stream Category: 5"
"10-07-2026 12:22:16","25","Information","Microsoft-Windows-Audio","Stream stopped.
App Id: Microsoft.Windows.ShellExperienceHost_cw5n1h2txyewy!App
PID: 11144
Audio Stream Category: 5"
"10-07-2026 12:22:14","24","Information","Microsoft-Windows-Audio","Stream started.
App Id: Microsoft.Windows.ShellExperienceHost_cw5n1h2txyewy!App
PID: 11144
Audio Stream Category: 5"
"10-07-2026 11:52:57","25","Information","Microsoft-Windows-Audio","Stream stopped.
App Id: Microsoft.Windows.ShellExperienceHost_cw5n1h2txyewy!App
PID: 11144
Audio Stream Category: 5"
"10-07-2026 11:52:55","24","Information","Microsoft-Windows-Audio","Stream started.
App Id: Microsoft.Windows.ShellExperienceHost_cw5n1h2txyewy!App
PID: 11144
Audio Stream Category: 5"
"10-07-2026 11:40:06","25","Information","Microsoft-Windows-Audio","Stream stopped.
App Id: Microsoft.Windows.ShellExperienceHost_cw5n1h2txyewy!App
PID: 11144
Audio Stream Category: 5"
"10-07-2026 11:40:04","24","Information","Microsoft-Windows-Audio","Stream started.
App Id: Microsoft.Windows.ShellExperienceHost_cw5n1h2txyewy!App
PID: 11144
Audio Stream Category: 5"
"10-07-2026 10:01:21","25","Information","Microsoft-Windows-Audio","Stream stopped.
App Id: Microsoft.Windows.ShellExperienceHost_cw5n1h2txyewy!App
PID: 11144
Audio Stream Category: 5"
"10-07-2026 10:01:19","24","Information","Microsoft-Windows-Audio","Stream started.
App Id: Microsoft.Windows.ShellExperienceHost_cw5n1h2txyewy!App
PID: 11144
Audio Stream Category: 5"
"10-07-2026 10:00:04","25","Information","Microsoft-Windows-Audio","Stream stopped.
App Id: Microsoft.Windows.ShellExperienceHost_cw5n1h2txyewy!App
PID: 11144
Audio Stream Category: 5"
"10-07-2026 10:00:02","24","Information","Microsoft-Windows-Audio","Stream started.
App Id: Microsoft.Windows.ShellExperienceHost_cw5n1h2txyewy!App
PID: 11144
Audio Stream Category: 5"
"09-07-2026 19:13:23","25","Information","Microsoft-Windows-Audio","Stream stopped.
App Id: Microsoft.Windows.ShellExperienceHost_cw5n1h2txyewy!App
PID: 11144
Audio Stream Category: 5"
"09-07-2026 19:13:22","24","Information","Microsoft-Windows-Audio","Stream started.
App Id: Microsoft.Windows.ShellExperienceHost_cw5n1h2txyewy!App
PID: 11144
Audio Stream Category: 5"
"09-07-2026 16:47:31","25","Information","Microsoft-Windows-Audio","Stream stopped.
App Id: Microsoft.Windows.ShellExperienceHost_cw5n1h2txyewy!App
PID: 11144
Audio Stream Category: 5"
"09-07-2026 16:47:29","24","Information","Microsoft-Windows-Audio","Stream started.
App Id: Microsoft.Windows.ShellExperienceHost_cw5n1h2txyewy!App
PID: 11144
Audio Stream Category: 5"
"09-07-2026 16:00:32","25","Information","Microsoft-Windows-Audio","Stream stopped.
App Id: Microsoft.Windows.ShellExperienceHost_cw5n1h2txyewy!App
PID: 11144
Audio Stream Category: 5"
"09-07-2026 16:00:30","24","Information","Microsoft-Windows-Audio","Stream started.
App Id: Microsoft.Windows.ShellExperienceHost_cw5n1h2txyewy!App
PID: 11144
Audio Stream Category: 5"
"09-07-2026 15:51:27","25","Information","Microsoft-Windows-Audio","Stream stopped.
App Id: Microsoft.Windows.ShellExperienceHost_cw5n1h2txyewy!App
PID: 11144
Audio Stream Category: 5"
"09-07-2026 15:51:25","24","Information","Microsoft-Windows-Audio","Stream started.
App Id: Microsoft.Windows.ShellExperienceHost_cw5n1h2txyewy!App
PID: 11144
Audio Stream Category: 5"
"09-07-2026 15:07:08","25","Information","Microsoft-Windows-Audio","Stream stopped.
App Id: Microsoft.Windows.ShellExperienceHost_cw5n1h2txyewy!App
PID: 11144
Audio Stream Category: 5"
"09-07-2026 15:07:06","24","Information","Microsoft-Windows-Audio","Stream started.
App Id: Microsoft.Windows.ShellExperienceHost_cw5n1h2txyewy!App
PID: 11144
Audio Stream Category: 5"
"09-07-2026 15:06:11","25","Information","Microsoft-Windows-Audio","Stream stopped.
App Id: Microsoft.Windows.ShellExperienceHost_cw5n1h2txyewy!App
PID: 11144
Audio Stream Category: 5"
"09-07-2026 15:06:09","24","Information","Microsoft-Windows-Audio","Stream started.
App Id: Microsoft.Windows.ShellExperienceHost_cw5n1h2txyewy!App
PID: 11144
Audio Stream Category: 5"
"09-07-2026 15:05:06","25","Information","Microsoft-Windows-Audio","Stream stopped.
App Id: Microsoft.Windows.ShellExperienceHost_cw5n1h2txyewy!App
PID: 11144
Audio Stream Category: 5"
"09-07-2026 15:05:04","24","Information","Microsoft-Windows-Audio","Stream started.
App Id: Microsoft.Windows.ShellExperienceHost_cw5n1h2txyewy!App
PID: 11144
Audio Stream Category: 5"
"09-07-2026 13:33:40","25","Information","Microsoft-Windows-Audio","Stream stopped.
App Id: Microsoft.Windows.ShellExperienceHost_cw5n1h2txyewy!App
PID: 11144
Audio Stream Category: 5"
"09-07-2026 13:33:38","24","Information","Microsoft-Windows-Audio","Stream started.
App Id: Microsoft.Windows.ShellExperienceHost_cw5n1h2txyewy!App
PID: 11144
Audio Stream Category: 5"
"09-07-2026 12:56:44","25","Information","Microsoft-Windows-Audio","Stream stopped.
App Id: Microsoft.Windows.ShellExperienceHost_cw5n1h2txyewy!App
PID: 11144
Audio Stream Category: 5"
"09-07-2026 12:56:42","24","Information","Microsoft-Windows-Audio","Stream started.
App Id: Microsoft.Windows.ShellExperienceHost_cw5n1h2txyewy!App
PID: 11144
Audio Stream Category: 5"
"09-07-2026 12:54:23","25","Information","Microsoft-Windows-Audio","Stream stopped.
App Id: Microsoft.Windows.ShellExperienceHost_cw5n1h2txyewy!App
PID: 11144
Audio Stream Category: 5"
"09-07-2026 12:54:21","24","Information","Microsoft-Windows-Audio","Stream started.
App Id: Microsoft.Windows.ShellExperienceHost_cw5n1h2txyewy!App
PID: 11144
Audio Stream Category: 5"
"09-07-2026 11:27:04","25","Information","Microsoft-Windows-Audio","Stream stopped.
App Id: Microsoft.Windows.ShellExperienceHost_cw5n1h2txyewy!App
PID: 11144
Audio Stream Category: 5"
"09-07-2026 11:27:02","24","Information","Microsoft-Windows-Audio","Stream started.
App Id: Microsoft.Windows.ShellExperienceHost_cw5n1h2txyewy!App
PID: 11144
Audio Stream Category: 5"
"09-07-2026 10:43:22","25","Information","Microsoft-Windows-Audio","Stream stopped.
App Id: Microsoft.Windows.ShellExperienceHost_cw5n1h2txyewy!App
PID: 11144
Audio Stream Category: 5"
"09-07-2026 10:43:20","24","Information","Microsoft-Windows-Audio","Stream started.
App Id: Microsoft.Windows.ShellExperienceHost_cw5n1h2txyewy!App
PID: 11144
Audio Stream Category: 5"
"09-07-2026 10:29:35","25","Information","Microsoft-Windows-Audio","Stream stopped.
App Id: Microsoft.Windows.ShellExperienceHost_cw5n1h2txyewy!App
PID: 11144
Audio Stream Category: 5"
"09-07-2026 10:29:33","24","Information","Microsoft-Windows-Audio","Stream started.
App Id: Microsoft.Windows.ShellExperienceHost_cw5n1h2txyewy!App
PID: 11144
Audio Stream Category: 5"
"09-07-2026 10:26:46","25","Information","Microsoft-Windows-Audio","Stream stopped.
App Id: Microsoft.Windows.ShellExperienceHost_cw5n1h2txyewy!App
PID: 11144
Audio Stream Category: 5"
"09-07-2026 10:26:44","24","Information","Microsoft-Windows-Audio","Stream started.
App Id: Microsoft.Windows.ShellExperienceHost_cw5n1h2txyewy!App
PID: 11144
Audio Stream Category: 5"
"09-07-2026 10:03:04","25","Information","Microsoft-Windows-Audio","Stream stopped.
App Id: Microsoft.Windows.ShellExperienceHost_cw5n1h2txyewy!App
PID: 11144
Audio Stream Category: 5"
"09-07-2026 10:03:02","24","Information","Microsoft-Windows-Audio","Stream started.
App Id: Microsoft.Windows.ShellExperienceHost_cw5n1h2txyewy!App
PID: 11144
Audio Stream Category: 5"
"08-07-2026 17:14:47","25","Information","Microsoft-Windows-Audio","Stream stopped.
App Id: Microsoft.Windows.ShellExperienceHost_cw5n1h2txyewy!App
PID: 11144
Audio Stream Category: 5"
"08-07-2026 17:14:45","24","Information","Microsoft-Windows-Audio","Stream started.
App Id: Microsoft.Windows.ShellExperienceHost_cw5n1h2txyewy!App
PID: 11144
Audio Stream Category: 5"
"08-07-2026 15:58:13","25","Information","Microsoft-Windows-Audio","Stream stopped.
App Id: Microsoft.Windows.ShellExperienceHost_cw5n1h2txyewy!App
PID: 11144
Audio Stream Category: 5"
"08-07-2026 15:58:11","24","Information","Microsoft-Windows-Audio","Stream started.
App Id: Microsoft.Windows.ShellExperienceHost_cw5n1h2txyewy!App
PID: 11144
Audio Stream Category: 5"
"08-07-2026 15:53:04","25","Information","Microsoft-Windows-Audio","Stream stopped.
App Id: Microsoft.Windows.ShellExperienceHost_cw5n1h2txyewy!App
PID: 11144
Audio Stream Category: 5"
"08-07-2026 15:53:03","24","Information","Microsoft-Windows-Audio","Stream started.
App Id: Microsoft.Windows.ShellExperienceHost_cw5n1h2txyewy!App
PID: 11144
Audio Stream Category: 5"
"08-07-2026 15:47:10","25","Information","Microsoft-Windows-Audio","Stream stopped.
App Id: Microsoft.Windows.ShellExperienceHost_cw5n1h2txyewy!App
PID: 11144
Audio Stream Category: 5"
"08-07-2026 15:47:08","24","Information","Microsoft-Windows-Audio","Stream started.
App Id: Microsoft.Windows.ShellExperienceHost_cw5n1h2txyewy!App
PID: 11144
Audio Stream Category: 5"
"08-07-2026 15:45:36","25","Information","Microsoft-Windows-Audio","Stream stopped.
App Id: Microsoft.Windows.ShellExperienceHost_cw5n1h2txyewy!App
PID: 11144
Audio Stream Category: 5"
"08-07-2026 15:45:34","24","Information","Microsoft-Windows-Audio","Stream started.
App Id: Microsoft.Windows.ShellExperienceHost_cw5n1h2txyewy!App
PID: 11144
Audio Stream Category: 5"
"08-07-2026 15:35:47","25","Information","Microsoft-Windows-Audio","Stream stopped.
App Id: Microsoft.Windows.ShellExperienceHost_cw5n1h2txyewy!App
PID: 11144
Audio Stream Category: 5"
"08-07-2026 15:35:45","24","Information","Microsoft-Windows-Audio","Stream started.
App Id: Microsoft.Windows.ShellExperienceHost_cw5n1h2txyewy!App
PID: 11144
Audio Stream Category: 5"
"08-07-2026 15:25:43","25","Information","Microsoft-Windows-Audio","Stream stopped.
App Id: Microsoft.Windows.ShellExperienceHost_cw5n1h2txyewy!App
PID: 11144
Audio Stream Category: 5"
"08-07-2026 15:25:41","24","Information","Microsoft-Windows-Audio","Stream started.
App Id: Microsoft.Windows.ShellExperienceHost_cw5n1h2txyewy!App
PID: 11144
Audio Stream Category: 5"
"08-07-2026 15:24:11","25","Information","Microsoft-Windows-Audio","Stream stopped.
App Id: Microsoft.Windows.ShellExperienceHost_cw5n1h2txyewy!App
PID: 11144
Audio Stream Category: 5"
"08-07-2026 15:24:09","24","Information","Microsoft-Windows-Audio","Stream started.
App Id: Microsoft.Windows.ShellExperienceHost_cw5n1h2txyewy!App
PID: 11144
Audio Stream Category: 5"
"08-07-2026 14:32:27","25","Information","Microsoft-Windows-Audio","Stream stopped.
App Id: Microsoft.Windows.ShellExperienceHost_cw5n1h2txyewy!App
PID: 11144
Audio Stream Category: 5"
"08-07-2026 14:32:25","24","Information","Microsoft-Windows-Audio","Stream started.
App Id: Microsoft.Windows.ShellExperienceHost_cw5n1h2txyewy!App
PID: 11144
Audio Stream Category: 5"
"08-07-2026 14:18:50","25","Information","Microsoft-Windows-Audio","Stream stopped.
App Id: Microsoft.Windows.ShellExperienceHost_cw5n1h2txyewy!App
PID: 11144
Audio Stream Category: 5"
"08-07-2026 14:18:49","24","Information","Microsoft-Windows-Audio","Stream started.
App Id: Microsoft.Windows.ShellExperienceHost_cw5n1h2txyewy!App
PID: 11144
Audio Stream Category: 5"
"08-07-2026 14:18:19","25","Information","Microsoft-Windows-Audio","Stream stopped.
App Id: Microsoft.Windows.ShellExperienceHost_cw5n1h2txyewy!App
PID: 11144
Audio Stream Category: 5"
"08-07-2026 14:18:18","24","Information","Microsoft-Windows-Audio","Stream started.
App Id: Microsoft.Windows.ShellExperienceHost_cw5n1h2txyewy!App
PID: 11144
Audio Stream Category: 5"
"08-07-2026 14:13:01","25","Information","Microsoft-Windows-Audio","Stream stopped.
App Id: Microsoft.Windows.ShellExperienceHost_cw5n1h2txyewy!App
PID: 11144
Audio Stream Category: 5"
"08-07-2026 14:12:59","24","Information","Microsoft-Windows-Audio","Stream started.
App Id: Microsoft.Windows.ShellExperienceHost_cw5n1h2txyewy!App
PID: 11144
Audio Stream Category: 5"
"08-07-2026 12:24:42","25","Information","Microsoft-Windows-Audio","Stream stopped.
App Id: Microsoft.Windows.ShellExperienceHost_cw5n1h2txyewy!App
PID: 11144
Audio Stream Category: 5"
"08-07-2026 12:24:40","24","Information","Microsoft-Windows-Audio","Stream started.
App Id: Microsoft.Windows.ShellExperienceHost_cw5n1h2txyewy!App
PID: 11144
Audio Stream Category: 5"
"08-07-2026 11:45:27","25","Information","Microsoft-Windows-Audio","Stream stopped.
App Id: Microsoft.Windows.ShellExperienceHost_cw5n1h2txyewy!App
PID: 11144
Audio Stream Category: 5"
"08-07-2026 11:45:25","24","Information","Microsoft-Windows-Audio","Stream started.
App Id: Microsoft.Windows.ShellExperienceHost_cw5n1h2txyewy!App
PID: 11144
Audio Stream Category: 5"
"08-07-2026 11:36:45","25","Information","Microsoft-Windows-Audio","Stream stopped.
App Id: Microsoft.Windows.ShellExperienceHost_cw5n1h2txyewy!App
PID: 11144
Audio Stream Category: 5"
"08-07-2026 11:36:43","24","Information","Microsoft-Windows-Audio","Stream started.
App Id: Microsoft.Windows.ShellExperienceHost_cw5n1h2txyewy!App
PID: 11144
Audio Stream Category: 5"
"08-07-2026 11:02:49","25","Information","Microsoft-Windows-Audio","Stream stopped.
App Id: Microsoft.Windows.ShellExperienceHost_cw5n1h2txyewy!App
PID: 11144
Audio Stream Category: 5"
"08-07-2026 11:02:47","24","Information","Microsoft-Windows-Audio","Stream started.
App Id: Microsoft.Windows.ShellExperienceHost_cw5n1h2txyewy!App
PID: 11144
Audio Stream Category: 5"
"08-07-2026 10:59:47","25","Information","Microsoft-Windows-Audio","Stream stopped.
App Id: Microsoft.Windows.ShellExperienceHost_cw5n1h2txyewy!App
PID: 11144
Audio Stream Category: 5"
"08-07-2026 10:59:45","24","Information","Microsoft-Windows-Audio","Stream started.
App Id: Microsoft.Windows.ShellExperienceHost_cw5n1h2txyewy!App
PID: 11144
Audio Stream Category: 5"
"08-07-2026 10:19:12","25","Information","Microsoft-Windows-Audio","Stream stopped.
App Id: Microsoft.Windows.ShellExperienceHost_cw5n1h2txyewy!App
PID: 11144
Audio Stream Category: 5"
"08-07-2026 10:19:10","24","Information","Microsoft-Windows-Audio","Stream started.
App Id: Microsoft.Windows.ShellExperienceHost_cw5n1h2txyewy!App
PID: 11144
Audio Stream Category: 5"
"08-07-2026 10:19:05","25","Information","Microsoft-Windows-Audio","Stream stopped.
App Id: Microsoft.Windows.ShellExperienceHost_cw5n1h2txyewy!App
PID: 11144
Audio Stream Category: 5"
"08-07-2026 10:19:03","24","Information","Microsoft-Windows-Audio","Stream started.
App Id: Microsoft.Windows.ShellExperienceHost_cw5n1h2txyewy!App
PID: 11144
Audio Stream Category: 5"
"07-07-2026 19:20:57","23","Information","Microsoft-Windows-Audio","Released exclusive mode resource false
Released offload mode resource false"
"07-07-2026 19:20:57","23","Information","Microsoft-Windows-Audio","Released exclusive mode resource false
Released offload mode resource false"
"07-07-2026 19:20:57","23","Information","Microsoft-Windows-Audio","Released exclusive mode resource false
Released offload mode resource false"
"07-07-2026 19:19:20","25","Information","Microsoft-Windows-Audio","Stream stopped.
App Id: Microsoft.Windows.ShellExperienceHost_cw5n1h2txyewy!App
PID: 11144
Audio Stream Category: 5"
"07-07-2026 19:19:18","24","Information","Microsoft-Windows-Audio","Stream started.
App Id: Microsoft.Windows.ShellExperienceHost_cw5n1h2txyewy!App
PID: 11144
Audio Stream Category: 5"
"07-07-2026 19:09:06","25","Information","Microsoft-Windows-Audio","Stream stopped.
App Id: Microsoft.Windows.ShellExperienceHost_cw5n1h2txyewy!App
PID: 11144
Audio Stream Category: 5"
"07-07-2026 19:09:04","24","Information","Microsoft-Windows-Audio","Stream started.
App Id: Microsoft.Windows.ShellExperienceHost_cw5n1h2txyewy!App
PID: 11144
Audio Stream Category: 5"
"07-07-2026 18:48:59","25","Information","Microsoft-Windows-Audio","Stream stopped.
App Id: Microsoft.Windows.ShellExperienceHost_cw5n1h2txyewy!App
PID: 11144
Audio Stream Category: 5"
"07-07-2026 18:48:57","24","Information","Microsoft-Windows-Audio","Stream started.
App Id: Microsoft.Windows.ShellExperienceHost_cw5n1h2txyewy!App
PID: 11144
Audio Stream Category: 5"
"07-07-2026 17:53:10","25","Information","Microsoft-Windows-Audio","Stream stopped.
App Id: Microsoft.Windows.ShellExperienceHost_cw5n1h2txyewy!App
PID: 11144
Audio Stream Category: 5"
"07-07-2026 17:53:08","24","Information","Microsoft-Windows-Audio","Stream started.
App Id: Microsoft.Windows.ShellExperienceHost_cw5n1h2txyewy!App
PID: 11144
Audio Stream Category: 5"
"07-07-2026 16:52:47","25","Information","Microsoft-Windows-Audio","Stream stopped.
App Id: Microsoft.Windows.ShellExperienceHost_cw5n1h2txyewy!App
PID: 11144
Audio Stream Category: 5"
"07-07-2026 16:52:45","24","Information","Microsoft-Windows-Audio","Stream started.
App Id: Microsoft.Windows.ShellExperienceHost_cw5n1h2txyewy!App
PID: 11144
Audio Stream Category: 5"
"07-07-2026 16:25:25","25","Information","Microsoft-Windows-Audio","Stream stopped.
App Id: Microsoft.Windows.ShellExperienceHost_cw5n1h2txyewy!App
PID: 11144
Audio Stream Category: 5"
"07-07-2026 16:25:23","24","Information","Microsoft-Windows-Audio","Stream started.
App Id: Microsoft.Windows.ShellExperienceHost_cw5n1h2txyewy!App
PID: 11144
Audio Stream Category: 5"
"07-07-2026 15:37:01","25","Information","Microsoft-Windows-Audio","Stream stopped.
App Id: Microsoft.Windows.ShellExperienceHost_cw5n1h2txyewy!App
PID: 11144
Audio Stream Category: 5"
"07-07-2026 15:37:00","24","Information","Microsoft-Windows-Audio","Stream started.
App Id: Microsoft.Windows.ShellExperienceHost_cw5n1h2txyewy!App
PID: 11144
Audio Stream Category: 5"
"07-07-2026 15:29:46","25","Information","Microsoft-Windows-Audio","Stream stopped.
App Id: Microsoft.Windows.ShellExperienceHost_cw5n1h2txyewy!App
PID: 11144
Audio Stream Category: 5"
"07-07-2026 15:29:44","24","Information","Microsoft-Windows-Audio","Stream started.
App Id: Microsoft.Windows.ShellExperienceHost_cw5n1h2txyewy!App
PID: 11144
Audio Stream Category: 5"
"07-07-2026 15:04:51","25","Information","Microsoft-Windows-Audio","Stream stopped.
App Id: Microsoft.Windows.ShellExperienceHost_cw5n1h2txyewy!App
PID: 11144
Audio Stream Category: 5"
"07-07-2026 15:04:49","24","Information","Microsoft-Windows-Audio","Stream started.
App Id: Microsoft.Windows.ShellExperienceHost_cw5n1h2txyewy!App
PID: 11144
Audio Stream Category: 5"
"07-07-2026 14:53:50","25","Information","Microsoft-Windows-Audio","Stream stopped.
App Id: Microsoft.Windows.ShellExperienceHost_cw5n1h2txyewy!App
PID: 11144
Audio Stream Category: 5"
"07-07-2026 14:53:48","24","Information","Microsoft-Windows-Audio","Stream started.
App Id: Microsoft.Windows.ShellExperienceHost_cw5n1h2txyewy!App
PID: 11144
Audio Stream Category: 5"
"07-07-2026 12:49:04","25","Information","Microsoft-Windows-Audio","Stream stopped.
App Id: Microsoft.Windows.ShellExperienceHost_cw5n1h2txyewy!App
PID: 11144
Audio Stream Category: 5"
"07-07-2026 12:49:02","24","Information","Microsoft-Windows-Audio","Stream started.
App Id: Microsoft.Windows.ShellExperienceHost_cw5n1h2txyewy!App
PID: 11144
Audio Stream Category: 5"
"07-07-2026 11:40:48","25","Information","Microsoft-Windows-Audio","Stream stopped.
App Id: Microsoft.Windows.ShellExperienceHost_cw5n1h2txyewy!App
PID: 11144
Audio Stream Category: 5"
"07-07-2026 11:40:46","24","Information","Microsoft-Windows-Audio","Stream started.
App Id: Microsoft.Windows.ShellExperienceHost_cw5n1h2txyewy!App
PID: 11144
Audio Stream Category: 5"
"07-07-2026 09:33:20","25","Information","Microsoft-Windows-Audio","Stream stopped.
App Id: Microsoft.Windows.ShellExperienceHost_cw5n1h2txyewy!App
PID: 11144
Audio Stream Category: 5"
"07-07-2026 09:33:18","24","Information","Microsoft-Windows-Audio","Stream started.
App Id: Microsoft.Windows.ShellExperienceHost_cw5n1h2txyewy!App
PID: 11144
Audio Stream Category: 5"
"07-07-2026 09:32:20","25","Information","Microsoft-Windows-Audio","Stream stopped.
App Id: Microsoft.Windows.ShellExperienceHost_cw5n1h2txyewy!App
PID: 11144
Audio Stream Category: 5"
"07-07-2026 09:32:19","24","Information","Microsoft-Windows-Audio","Stream started.
App Id: Microsoft.Windows.ShellExperienceHost_cw5n1h2txyewy!App
PID: 11144
Audio Stream Category: 5"
"07-07-2026 09:08:43","25","Information","Microsoft-Windows-Audio","Stream stopped.
App Id: Microsoft.Windows.ShellExperienceHost_cw5n1h2txyewy!App
PID: 21872
Audio Stream Category: 5"
"07-07-2026 09:08:42","24","Information","Microsoft-Windows-Audio","Stream started.
App Id: Microsoft.Windows.ShellExperienceHost_cw5n1h2txyewy!App
PID: 21872
Audio Stream Category: 5"
"06-07-2026 16:57:35","25","Information","Microsoft-Windows-Audio","Stream stopped.
App Id: Microsoft.Windows.ShellExperienceHost_cw5n1h2txyewy!App
PID: 21872
Audio Stream Category: 5"
"06-07-2026 16:57:33","24","Information","Microsoft-Windows-Audio","Stream started.
App Id: Microsoft.Windows.ShellExperienceHost_cw5n1h2txyewy!App
PID: 21872
Audio Stream Category: 5"
"06-07-2026 16:48:54","25","Information","Microsoft-Windows-Audio","Stream stopped.
App Id: Microsoft.Windows.ShellExperienceHost_cw5n1h2txyewy!App
PID: 21872
Audio Stream Category: 5"
"06-07-2026 16:48:52","24","Information","Microsoft-Windows-Audio","Stream started.
App Id: Microsoft.Windows.ShellExperienceHost_cw5n1h2txyewy!App
PID: 21872
Audio Stream Category: 5"
"06-07-2026 16:31:30","25","Information","Microsoft-Windows-Audio","Stream stopped.
App Id: Microsoft.Windows.ShellExperienceHost_cw5n1h2txyewy!App
PID: 21872
Audio Stream Category: 5"
"06-07-2026 16:31:28","24","Information","Microsoft-Windows-Audio","Stream started.
App Id: Microsoft.Windows.ShellExperienceHost_cw5n1h2txyewy!App
PID: 21872
Audio Stream Category: 5"
"06-07-2026 16:24:39","25","Information","Microsoft-Windows-Audio","Stream stopped.
App Id: Microsoft.Windows.ShellExperienceHost_cw5n1h2txyewy!App
PID: 21872
Audio Stream Category: 5"
"06-07-2026 16:24:37","24","Information","Microsoft-Windows-Audio","Stream started.
App Id: Microsoft.Windows.ShellExperienceHost_cw5n1h2txyewy!App
PID: 21872
Audio Stream Category: 5"
"06-07-2026 16:15:30","25","Information","Microsoft-Windows-Audio","Stream stopped.
App Id: Microsoft.Windows.ShellExperienceHost_cw5n1h2txyewy!App
PID: 21872
Audio Stream Category: 5"
"06-07-2026 16:15:28","24","Information","Microsoft-Windows-Audio","Stream started.
App Id: Microsoft.Windows.ShellExperienceHost_cw5n1h2txyewy!App
PID: 21872
Audio Stream Category: 5"
"06-07-2026 15:09:36","25","Information","Microsoft-Windows-Audio","Stream stopped.
App Id: Microsoft.Windows.ShellExperienceHost_cw5n1h2txyewy!App
PID: 21872
Audio Stream Category: 5"
"06-07-2026 15:09:34","24","Information","Microsoft-Windows-Audio","Stream started.
App Id: Microsoft.Windows.ShellExperienceHost_cw5n1h2txyewy!App
PID: 21872
Audio Stream Category: 5"
"06-07-2026 14:37:00","25","Information","Microsoft-Windows-Audio","Stream stopped.
App Id: Microsoft.Windows.ShellExperienceHost_cw5n1h2txyewy!App
PID: 21872
Audio Stream Category: 5"
"06-07-2026 14:36:58","24","Information","Microsoft-Windows-Audio","Stream started.
App Id: Microsoft.Windows.ShellExperienceHost_cw5n1h2txyewy!App
PID: 21872
Audio Stream Category: 5"
"06-07-2026 14:35:11","25","Information","Microsoft-Windows-Audio","Stream stopped.
App Id: Microsoft.Windows.ShellExperienceHost_cw5n1h2txyewy!App
PID: 21872
Audio Stream Category: 5"
"06-07-2026 14:35:09","24","Information","Microsoft-Windows-Audio","Stream started.
App Id: Microsoft.Windows.ShellExperienceHost_cw5n1h2txyewy!App
PID: 21872
Audio Stream Category: 5"
"06-07-2026 14:35:08","25","Information","Microsoft-Windows-Audio","Stream stopped.
App Id: Microsoft.Windows.ShellExperienceHost_cw5n1h2txyewy!App
PID: 21872
Audio Stream Category: 5"
"06-07-2026 14:35:06","24","Information","Microsoft-Windows-Audio","Stream started.
App Id: Microsoft.Windows.ShellExperienceHost_cw5n1h2txyewy!App
PID: 21872
Audio Stream Category: 5"
"06-07-2026 14:04:03","22","Information","Microsoft-Windows-Audio","Suspended: true"
"06-07-2026 14:03:53","25","Information","Microsoft-Windows-Audio","Stream stopped.
App Id: Microsoft.Windows.ShellExperienceHost_cw5n1h2txyewy!App
PID: 21872
Audio Stream Category: 5"
"06-07-2026 14:03:51","24","Information","Microsoft-Windows-Audio","Stream started.
App Id: Microsoft.Windows.ShellExperienceHost_cw5n1h2txyewy!App
PID: 21872
Audio Stream Category: 5"
"06-07-2026 13:06:10","25","Information","Microsoft-Windows-Audio","Stream stopped.
App Id: Microsoft.Windows.ShellExperienceHost_cw5n1h2txyewy!App
PID: 21872
Audio Stream Category: 5"
"06-07-2026 13:06:07","24","Information","Microsoft-Windows-Audio","Stream started.
App Id: Microsoft.Windows.ShellExperienceHost_cw5n1h2txyewy!App
PID: 21872
Audio Stream Category: 5"
"06-07-2026 12:53:02","25","Information","Microsoft-Windows-Audio","Stream stopped.
App Id: Microsoft.Windows.ShellExperienceHost_cw5n1h2txyewy!App
PID: 21872
Audio Stream Category: 5"
"06-07-2026 12:53:00","24","Information","Microsoft-Windows-Audio","Stream started.
App Id: Microsoft.Windows.ShellExperienceHost_cw5n1h2txyewy!App
PID: 21872
Audio Stream Category: 5"
"06-07-2026 11:40:37","25","Information","Microsoft-Windows-Audio","Stream stopped.
App Id: Microsoft.Windows.ShellExperienceHost_cw5n1h2txyewy!App
PID: 21872
Audio Stream Category: 5"
"06-07-2026 11:40:35","24","Information","Microsoft-Windows-Audio","Stream started.
App Id: Microsoft.Windows.ShellExperienceHost_cw5n1h2txyewy!App
PID: 21872
Audio Stream Category: 5"
"06-07-2026 11:34:53","25","Information","Microsoft-Windows-Audio","Stream stopped.
App Id: Microsoft.Windows.ShellExperienceHost_cw5n1h2txyewy!App
PID: 21872
Audio Stream Category: 5"
"06-07-2026 11:34:51","24","Information","Microsoft-Windows-Audio","Stream started.
App Id: Microsoft.Windows.ShellExperienceHost_cw5n1h2txyewy!App
PID: 21872
Audio Stream Category: 5"
"06-07-2026 11:32:04","25","Information","Microsoft-Windows-Audio","Stream stopped.
App Id: Microsoft.Windows.ShellExperienceHost_cw5n1h2txyewy!App
PID: 21872
Audio Stream Category: 5"
"06-07-2026 11:32:02","24","Information","Microsoft-Windows-Audio","Stream started.
App Id: Microsoft.Windows.ShellExperienceHost_cw5n1h2txyewy!App
PID: 21872
Audio Stream Category: 5"
"06-07-2026 11:12:43","25","Information","Microsoft-Windows-Audio","Stream stopped.
App Id: Microsoft.Windows.ShellExperienceHost_cw5n1h2txyewy!App
PID: 21872
Audio Stream Category: 5"
"06-07-2026 11:12:41","24","Information","Microsoft-Windows-Audio","Stream started.
App Id: Microsoft.Windows.ShellExperienceHost_cw5n1h2txyewy!App
PID: 21872
Audio Stream Category: 5"
"06-07-2026 11:08:33","25","Information","Microsoft-Windows-Audio","Stream stopped.
App Id: Microsoft.Windows.ShellExperienceHost_cw5n1h2txyewy!App
PID: 21872
Audio Stream Category: 5"
"06-07-2026 11:08:31","24","Information","Microsoft-Windows-Audio","Stream started.
App Id: Microsoft.Windows.ShellExperienceHost_cw5n1h2txyewy!App
PID: 21872
Audio Stream Category: 5"
"06-07-2026 11:05:18","25","Information","Microsoft-Windows-Audio","Stream stopped.
App Id: Microsoft.Windows.ShellExperienceHost_cw5n1h2txyewy!App
PID: 21872
Audio Stream Category: 5"
"06-07-2026 11:05:16","24","Information","Microsoft-Windows-Audio","Stream started.
App Id: Microsoft.Windows.ShellExperienceHost_cw5n1h2txyewy!App
PID: 21872
Audio Stream Category: 5"
"06-07-2026 10:16:14","25","Information","Microsoft-Windows-Audio","Stream stopped.
App Id: Microsoft.Windows.ShellExperienceHost_cw5n1h2txyewy!App
PID: 21872
Audio Stream Category: 5"
"06-07-2026 10:16:13","24","Information","Microsoft-Windows-Audio","Stream started.
App Id: Microsoft.Windows.ShellExperienceHost_cw5n1h2txyewy!App
PID: 21872
Audio Stream Category: 5"
"06-07-2026 09:24:20","25","Information","Microsoft-Windows-Audio","Stream stopped.
App Id: Microsoft.Windows.ShellExperienceHost_cw5n1h2txyewy!App
PID: 21872
Audio Stream Category: 5"
"06-07-2026 09:24:18","24","Information","Microsoft-Windows-Audio","Stream started.
App Id: Microsoft.Windows.ShellExperienceHost_cw5n1h2txyewy!App
PID: 21872
Audio Stream Category: 5"
"06-07-2026 09:18:58","25","Information","Microsoft-Windows-Audio","Stream stopped.
App Id: Microsoft.Windows.ShellExperienceHost_cw5n1h2txyewy!App
PID: 21872
Audio Stream Category: 5"
"06-07-2026 09:18:56","24","Information","Microsoft-Windows-Audio","Stream started.
App Id: Microsoft.Windows.ShellExperienceHost_cw5n1h2txyewy!App
PID: 21872
Audio Stream Category: 5"
"06-07-2026 09:14:43","25","Information","Microsoft-Windows-Audio","Stream stopped.
App Id: Microsoft.Windows.ShellExperienceHost_cw5n1h2txyewy!App
PID: 21872
Audio Stream Category: 5"
"06-07-2026 09:14:42","24","Information","Microsoft-Windows-Audio","Stream started.
App Id: Microsoft.Windows.ShellExperienceHost_cw5n1h2txyewy!App
PID: 21872
Audio Stream Category: 5"
"06-07-2026 09:12:08","25","Information","Microsoft-Windows-Audio","Stream stopped.
App Id: Microsoft.Windows.ShellExperienceHost_cw5n1h2txyewy!App
PID: 21872
Audio Stream Category: 5"
"06-07-2026 09:12:06","24","Information","Microsoft-Windows-Audio","Stream started.
App Id: Microsoft.Windows.ShellExperienceHost_cw5n1h2txyewy!App
PID: 21872
Audio Stream Category: 5"
"06-07-2026 09:12:05","25","Information","Microsoft-Windows-Audio","Stream stopped.
App Id: Microsoft.Windows.ShellExperienceHost_cw5n1h2txyewy!App
PID: 21872
Audio Stream Category: 5"
"06-07-2026 09:12:03","24","Information","Microsoft-Windows-Audio","Stream started.
App Id: Microsoft.Windows.ShellExperienceHost_cw5n1h2txyewy!App
PID: 21872
Audio Stream Category: 5"
"06-07-2026 09:12:02","25","Information","Microsoft-Windows-Audio","Stream stopped.
App Id: Microsoft.Windows.ShellExperienceHost_cw5n1h2txyewy!App
PID: 21872
Audio Stream Category: 5"
"06-07-2026 09:12:00","24","Information","Microsoft-Windows-Audio","Stream started.
App Id: Microsoft.Windows.ShellExperienceHost_cw5n1h2txyewy!App
PID: 21872
Audio Stream Category: 5"
"04-07-2026 14:17:31","25","Information","Microsoft-Windows-Audio","Stream stopped.
App Id: Microsoft.Windows.ShellExperienceHost_cw5n1h2txyewy!App
PID: 21872
Audio Stream Category: 5"
"04-07-2026 14:17:30","24","Information","Microsoft-Windows-Audio","Stream started.
App Id: Microsoft.Windows.ShellExperienceHost_cw5n1h2txyewy!App
PID: 21872
Audio Stream Category: 5"
"03-07-2026 18:44:55","23","Information","Microsoft-Windows-Audio","Released exclusive mode resource false
Released offload mode resource false"
"03-07-2026 18:44:55","23","Information","Microsoft-Windows-Audio","Released exclusive mode resource false
Released offload mode resource false"
"03-07-2026 18:44:55","23","Information","Microsoft-Windows-Audio","Released exclusive mode resource false
Released offload mode resource false"
"03-07-2026 18:16:39","25","Information","Microsoft-Windows-Audio","Stream stopped.
App Id: Microsoft.Windows.ShellExperienceHost_cw5n1h2txyewy!App
PID: 24896
Audio Stream Category: 5"
"03-07-2026 18:16:37","24","Information","Microsoft-Windows-Audio","Stream started.
App Id: Microsoft.Windows.ShellExperienceHost_cw5n1h2txyewy!App
PID: 24896
Audio Stream Category: 5"
"03-07-2026 18:16:32","25","Information","Microsoft-Windows-Audio","Stream stopped.
App Id: Microsoft.Windows.ShellExperienceHost_cw5n1h2txyewy!App
PID: 24896
Audio Stream Category: 5"
"03-07-2026 18:16:30","24","Information","Microsoft-Windows-Audio","Stream started.
App Id: Microsoft.Windows.ShellExperienceHost_cw5n1h2txyewy!App
PID: 24896
Audio Stream Category: 5"
"03-07-2026 18:14:45","25","Information","Microsoft-Windows-Audio","Stream stopped.
App Id: Microsoft.Windows.ShellExperienceHost_cw5n1h2txyewy!App
PID: 24896
Audio Stream Category: 5"
"03-07-2026 18:14:43","24","Information","Microsoft-Windows-Audio","Stream started.
App Id: Microsoft.Windows.ShellExperienceHost_cw5n1h2txyewy!App
PID: 24896
Audio Stream Category: 5"
"03-07-2026 16:36:45","25","Information","Microsoft-Windows-Audio","Stream stopped.
App Id: Microsoft.Windows.ShellExperienceHost_cw5n1h2txyewy!App
PID: 24896
Audio Stream Category: 5"
"03-07-2026 16:36:43","24","Information","Microsoft-Windows-Audio","Stream started.
App Id: Microsoft.Windows.ShellExperienceHost_cw5n1h2txyewy!App
PID: 24896
Audio Stream Category: 5"
"03-07-2026 16:34:33","25","Information","Microsoft-Windows-Audio","Stream stopped.
App Id: Microsoft.Windows.ShellExperienceHost_cw5n1h2txyewy!App
PID: 24896
Audio Stream Category: 5"
"03-07-2026 16:34:31","24","Information","Microsoft-Windows-Audio","Stream started.
App Id: Microsoft.Windows.ShellExperienceHost_cw5n1h2txyewy!App
PID: 24896
Audio Stream Category: 5"
"03-07-2026 13:40:09","25","Information","Microsoft-Windows-Audio","Stream stopped.
App Id: Microsoft.Windows.ShellExperienceHost_cw5n1h2txyewy!App
PID: 24896
Audio Stream Category: 5"
"03-07-2026 13:40:07","24","Information","Microsoft-Windows-Audio","Stream started.
App Id: Microsoft.Windows.ShellExperienceHost_cw5n1h2txyewy!App
PID: 24896
Audio Stream Category: 5"
"03-07-2026 13:40:07","25","Information","Microsoft-Windows-Audio","Stream stopped.
App Id: Microsoft.Windows.ShellExperienceHost_cw5n1h2txyewy!App
PID: 24896
Audio Stream Category: 5"
"03-07-2026 13:40:07","23","Information","Microsoft-Windows-Audio","Released exclusive mode resource false
Released offload mode resource false"
"03-07-2026 13:40:07","23","Information","Microsoft-Windows-Audio","Released exclusive mode resource false
Released offload mode resource false"
"03-07-2026 13:40:07","24","Information","Microsoft-Windows-Audio","Stream started.
App Id: Microsoft.Windows.ShellExperienceHost_cw5n1h2txyewy!App
PID: 24896
Audio Stream Category: 5"
"03-07-2026 13:35:50","25","Information","Microsoft-Windows-Audio","Stream stopped.
App Id: Microsoft.Windows.ShellExperienceHost_cw5n1h2txyewy!App
PID: 24896
Audio Stream Category: 5"
"03-07-2026 13:35:48","24","Information","Microsoft-Windows-Audio","Stream started.
App Id: Microsoft.Windows.ShellExperienceHost_cw5n1h2txyewy!App
PID: 24896
Audio Stream Category: 5"
"03-07-2026 13:21:02","25","Information","Microsoft-Windows-Audio","Stream stopped.
App Id: Microsoft.Windows.ShellExperienceHost_cw5n1h2txyewy!App
PID: 24896
Audio Stream Category: 5"
"03-07-2026 13:21:00","24","Information","Microsoft-Windows-Audio","Stream started.
App Id: Microsoft.Windows.ShellExperienceHost_cw5n1h2txyewy!App
PID: 24896
Audio Stream Category: 5"
"03-07-2026 12:30:30","25","Information","Microsoft-Windows-Audio","Stream stopped.
App Id: Microsoft.Windows.ShellExperienceHost_cw5n1h2txyewy!App
PID: 24896
Audio Stream Category: 5"
"03-07-2026 12:30:28","24","Information","Microsoft-Windows-Audio","Stream started.
App Id: Microsoft.Windows.ShellExperienceHost_cw5n1h2txyewy!App
PID: 24896
Audio Stream Category: 5"
"03-07-2026 12:24:28","25","Information","Microsoft-Windows-Audio","Stream stopped.
App Id: Microsoft.Windows.ShellExperienceHost_cw5n1h2txyewy!App
PID: 24896
Audio Stream Category: 5"
"03-07-2026 12:24:26","24","Information","Microsoft-Windows-Audio","Stream started.
App Id: Microsoft.Windows.ShellExperienceHost_cw5n1h2txyewy!App
PID: 24896
Audio Stream Category: 5"
"03-07-2026 12:11:20","25","Information","Microsoft-Windows-Audio","Stream stopped.
App Id: Microsoft.Windows.ShellExperienceHost_cw5n1h2txyewy!App
PID: 24896
Audio Stream Category: 5"
"03-07-2026 12:11:18","24","Information","Microsoft-Windows-Audio","Stream started.
App Id: Microsoft.Windows.ShellExperienceHost_cw5n1h2txyewy!App
PID: 24896
Audio Stream Category: 5"
"03-07-2026 12:00:14","25","Information","Microsoft-Windows-Audio","Stream stopped.
App Id: Microsoft.Windows.ShellExperienceHost_cw5n1h2txyewy!App
PID: 24896
Audio Stream Category: 5"
"03-07-2026 12:00:12","24","Information","Microsoft-Windows-Audio","Stream started.
App Id: Microsoft.Windows.ShellExperienceHost_cw5n1h2txyewy!App
PID: 24896
Audio Stream Category: 5"
"03-07-2026 11:56:31","25","Information","Microsoft-Windows-Audio","Stream stopped.
App Id: Microsoft.Windows.ShellExperienceHost_cw5n1h2txyewy!App
PID: 24896
Audio Stream Category: 5"
"03-07-2026 11:56:29","24","Information","Microsoft-Windows-Audio","Stream started.
App Id: Microsoft.Windows.ShellExperienceHost_cw5n1h2txyewy!App
PID: 24896
Audio Stream Category: 5"
"03-07-2026 11:55:45","25","Information","Microsoft-Windows-Audio","Stream stopped.
App Id: Microsoft.Windows.ShellExperienceHost_cw5n1h2txyewy!App
PID: 24896
Audio Stream Category: 5"
"03-07-2026 11:55:43","24","Information","Microsoft-Windows-Audio","Stream started.
App Id: Microsoft.Windows.ShellExperienceHost_cw5n1h2txyewy!App
PID: 24896
Audio Stream Category: 5"
"03-07-2026 11:49:46","25","Information","Microsoft-Windows-Audio","Stream stopped.
App Id: Microsoft.Windows.ShellExperienceHost_cw5n1h2txyewy!App
PID: 24896
Audio Stream Category: 5"
"03-07-2026 11:49:44","24","Information","Microsoft-Windows-Audio","Stream started.
App Id: Microsoft.Windows.ShellExperienceHost_cw5n1h2txyewy!App
PID: 24896
Audio Stream Category: 5"
"03-07-2026 11:47:08","25","Information","Microsoft-Windows-Audio","Stream stopped.
App Id: Microsoft.Windows.ShellExperienceHost_cw5n1h2txyewy!App
PID: 24896
Audio Stream Category: 5"
"03-07-2026 11:47:06","24","Information","Microsoft-Windows-Audio","Stream started.
App Id: Microsoft.Windows.ShellExperienceHost_cw5n1h2txyewy!App
PID: 24896
Audio Stream Category: 5"
"03-07-2026 11:25:17","25","Information","Microsoft-Windows-Audio","Stream stopped.
App Id: Microsoft.Windows.ShellExperienceHost_cw5n1h2txyewy!App
PID: 24896
Audio Stream Category: 5"
"03-07-2026 11:25:15","24","Information","Microsoft-Windows-Audio","Stream started.
App Id: Microsoft.Windows.ShellExperienceHost_cw5n1h2txyewy!App
PID: 24896
Audio Stream Category: 5"
"03-07-2026 09:36:44","25","Information","Microsoft-Windows-Audio","Stream stopped.
App Id: Microsoft.Windows.ShellExperienceHost_cw5n1h2txyewy!App
PID: 25272
Audio Stream Category: 5"
"03-07-2026 09:36:42","24","Information","Microsoft-Windows-Audio","Stream started.
App Id: Microsoft.Windows.ShellExperienceHost_cw5n1h2txyewy!App
PID: 25272
Audio Stream Category: 5"
"02-07-2026 19:49:01","23","Information","Microsoft-Windows-Audio","Released exclusive mode resource false
Released offload mode resource false"
"02-07-2026 19:24:14","25","Information","Microsoft-Windows-Audio","Stream stopped.
App Id: Microsoft.Windows.ShellExperienceHost_cw5n1h2txyewy!App
PID: 25272
Audio Stream Category: 5"
"02-07-2026 19:24:12","24","Information","Microsoft-Windows-Audio","Stream started.
App Id: Microsoft.Windows.ShellExperienceHost_cw5n1h2txyewy!App
PID: 25272
Audio Stream Category: 5"
"02-07-2026 19:23:33","25","Information","Microsoft-Windows-Audio","Stream stopped.
App Id: Microsoft.Windows.ShellExperienceHost_cw5n1h2txyewy!App
PID: 25272
Audio Stream Category: 5"
"02-07-2026 19:23:31","24","Information","Microsoft-Windows-Audio","Stream started.
App Id: Microsoft.Windows.ShellExperienceHost_cw5n1h2txyewy!App
PID: 25272
Audio Stream Category: 5"
"02-07-2026 19:19:23","25","Information","Microsoft-Windows-Audio","Stream stopped.
App Id: Microsoft.Windows.ShellExperienceHost_cw5n1h2txyewy!App
PID: 25272
Audio Stream Category: 5"
"02-07-2026 19:19:21","24","Information","Microsoft-Windows-Audio","Stream started.
App Id: Microsoft.Windows.ShellExperienceHost_cw5n1h2txyewy!App
PID: 25272
Audio Stream Category: 5"
"02-07-2026 18:29:58","25","Information","Microsoft-Windows-Audio","Stream stopped.
App Id: Microsoft.Windows.ShellExperienceHost_cw5n1h2txyewy!App
PID: 25272
Audio Stream Category: 5"
