"04-08-2026 12:14:57","2010","Information","Microsoft-Windows-Windows Defender","Microsoft Defender Antivirus used cloud protection to get additional security intelligence.
 	Current security intelligence Version: 1.455.497.0
 	Security intelligence Type: 
 	User: \
 	Current Engine Version: 1.1.26060.3008
 	Cloud protection intelligence Type: Security intelligence update
 	Persistence Path: C:\ProgramData\Microsoft\Windows Defender\Scans\RtSigs\data\aa6e4750a16b72219843e0457f52d35ea9a957af
 	Cloud protection intelligence Version: 0.0.0.0
 	Cloud protection intelligence Compilation Timestamp: 04-08-2026 06:44:55
 	Persistence Limit Type: Duration
 	Persistence Limit: 432000000"
"04-08-2026 12:09:39","1151","Information","Microsoft-Windows-Windows Defender","Endpoint Protection client health report (time in UTC):
 	Platform version: 4.18.26060.3008
 	Engine version: 1.1.26060.3008
 	Network Realtime Inspection engine version: 1.1.26060.3008
 	Antivirus security intelligence version: 1.455.497.0
 	Antispyware security intelligence version: 1.455.497.0
 	Network Realtime Inspection security intelligence version: 1.455.497.0
 	RTP state: Enabled
 	OA state: Enabled
 	IOAV state: Enabled
 	BM state: Enabled
 	Antivirus security intelligence age: 0
 	Antispyware security intelligence age: 0
 	Last quick scan age: 0
 	Last full scan age: 4294967295
 	Antivirus security intelligence creation time: 2026-08-03T21:50:50Z
 	Antispyware security intelligence creation time: 2026-08-03T21:50:50Z
 	Last quick scan start time: 2026-08-03T09:36:17Z
 	Last quick scan end time: 2026-08-03T09:48:33Z
 	Last quick scan source: 2
 	Last full scan start time: 1601-01-01T00:00:00Z
 	Last full scan end time: 1601-01-01T00:00:00Z
 	Last full scan source: 0
 	Product status: 0x00080000
"
"04-08-2026 12:09:39","1150","Information","Microsoft-Windows-Windows Defender","Endpoint Protection client is up and running in a healthy state.
 	Platform version: 4.18.26060.3008
 	Engine version: 1.1.26060.3008
 	Security intelligence version: 1.455.497.0
"
"04-08-2026 11:59:52","2010","Information","Microsoft-Windows-Windows Defender","Microsoft Defender Antivirus used cloud protection to get additional security intelligence.
 	Current security intelligence Version: 1.455.497.0
 	Security intelligence Type: 
 	User: \
 	Current Engine Version: 1.1.26060.3008
 	Cloud protection intelligence Type: Security intelligence update
 	Persistence Path: C:\ProgramData\Microsoft\Windows Defender\Scans\RtSigs\data\4e9fea23370abea619c6d80f3a840bf9de92e34d
 	Cloud protection intelligence Version: 0.0.0.0
 	Cloud protection intelligence Compilation Timestamp: 04-08-2026 06:29:50
 	Persistence Limit Type: Duration
 	Persistence Limit: 72000000"
"04-08-2026 11:59:52","2010","Information","Microsoft-Windows-Windows Defender","Microsoft Defender Antivirus used cloud protection to get additional security intelligence.
 	Current security intelligence Version: 1.455.497.0
 	Security intelligence Type: 
 	User: \
 	Current Engine Version: 1.1.26060.3008
 	Cloud protection intelligence Type: Security intelligence update
 	Persistence Path: C:\ProgramData\Microsoft\Windows Defender\Scans\RtSigs\data\c3bd151b23834846ee77edbd3759167298559852
 	Cloud protection intelligence Version: 0.0.0.0
 	Cloud protection intelligence Compilation Timestamp: 04-08-2026 06:29:50
 	Persistence Limit Type: Duration
 	Persistence Limit: 432000000"
"04-08-2026 11:59:52","2010","Information","Microsoft-Windows-Windows Defender","Microsoft Defender Antivirus used cloud protection to get additional security intelligence.
 	Current security intelligence Version: 1.455.497.0
 	Security intelligence Type: 
 	User: \
 	Current Engine Version: 1.1.26060.3008
 	Cloud protection intelligence Type: Security intelligence update
 	Persistence Path: C:\ProgramData\Microsoft\Windows Defender\Scans\RtSigs\data\0a5f729be723336fc6ff53aeb99572ae846c8559
 	Cloud protection intelligence Version: 0.0.0.0
 	Cloud protection intelligence Compilation Timestamp: 04-08-2026 06:29:50
 	Persistence Limit Type: Duration
 	Persistence Limit: 432000000"
"04-08-2026 11:59:52","2010","Information","Microsoft-Windows-Windows Defender","Microsoft Defender Antivirus used cloud protection to get additional security intelligence.
 	Current security intelligence Version: 1.455.497.0
 	Security intelligence Type: 
 	User: \
 	Current Engine Version: 1.1.26060.3008
 	Cloud protection intelligence Type: Security intelligence update
 	Persistence Path: C:\ProgramData\Microsoft\Windows Defender\Scans\RtSigs\data\f8a89e237e41a6a86ed1e5d7b354eae2c9d8c370
 	Cloud protection intelligence Version: 0.0.0.0
 	Cloud protection intelligence Compilation Timestamp: 04-08-2026 06:29:50
 	Persistence Limit Type: Duration
 	Persistence Limit: 432000000"
"04-08-2026 11:57:38","1134","Information","Microsoft-Windows-Windows Defender","Microsoft Defender Antivirus has audited an operation.
For more information please contact your IT administrator.
	Policy Version: 639213603909127071-450df30793eba59f44b0e24d6be0b5508432200b
	Policy Rule ID: 6abb5bf8-7ae6-4f97-9c9a-9fcb60c0f230:6b2c3c43-f1fd-4949-97e8-f93e3c3a91e4
	Enforcement Level: Audit
	Audit Reason: 0
	Timestamp: 1601-01-01T00:00:09Z
	Action Type: CopyToClipboard
	Process: EXCEL.EXE
	Source: \Device\HarddiskVolume3\Users\arjo5004\Downloads\data (14).xlsx
	Target: explorer.exe
	Session ID: 1
	User SID: S-1-12-1-2357405129-1281513531-255772574-1816207334
%Security intelligence Version: 1.455.497.0
	Engine Version: 1.1.26060.3008
	Product Version: 4.18.26060.3008
"
"04-08-2026 11:55:33","1134","Information","Microsoft-Windows-Windows Defender","Microsoft Defender Antivirus has audited an operation.
For more information please contact your IT administrator.
	Policy Version: 639213603909127071-450df30793eba59f44b0e24d6be0b5508432200b
	Policy Rule ID: 6abb5bf8-7ae6-4f97-9c9a-9fcb60c0f230:6b2c3c43-f1fd-4949-97e8-f93e3c3a91e4
	Enforcement Level: Audit
	Audit Reason: 0
	Timestamp: 1601-01-01T00:00:09Z
	Action Type: CopyToClipboard
	Process: EXCEL.EXE
	Source: \Device\HarddiskVolume3\Users\arjo5004\Downloads\data (14).xlsx
	Target: POWERPNT.EXE
	Session ID: 1
	User SID: S-1-12-1-2357405129-1281513531-255772574-1816207334
%Security intelligence Version: 1.455.497.0
	Engine Version: 1.1.26060.3008
	Product Version: 4.18.26060.3008
"
"04-08-2026 11:44:14","5007","Information","Microsoft-Windows-Windows Defender","Microsoft Defender Antivirus Configuration has changed. If this is an unexpected event you should review the settings as this may be the result of malware.
 	Old value: HKLM\SOFTWARE\Microsoft\Windows Defender\UX Configuration\ToastOrSsoTrigger = 0x0
 	New value: HKLM\SOFTWARE\Microsoft\Windows Defender\UX Configuration\ToastOrSsoTrigger = 0x1"
"04-08-2026 11:44:14","5007","Information","Microsoft-Windows-Windows Defender","Microsoft Defender Antivirus Configuration has changed. If this is an unexpected event you should review the settings as this may be the result of malware.
 	Old value: HKLM\SOFTWARE\Microsoft\Windows Defender\UX Configuration\ToastOrSsoTrigger = 0x0
 	New value: HKLM\SOFTWARE\Microsoft\Windows Defender\UX Configuration\ToastOrSsoTrigger = 0x1"
"04-08-2026 11:29:42","2010","Information","Microsoft-Windows-Windows Defender","Microsoft Defender Antivirus used cloud protection to get additional security intelligence.
 	Current security intelligence Version: 1.455.497.0
 	Security intelligence Type: 
 	User: \
 	Current Engine Version: 1.1.26060.3008
 	Cloud protection intelligence Type: Security intelligence update
 	Persistence Path: C:\ProgramData\Microsoft\Windows Defender\Scans\RtSigs\data\921c2bc1660739bf87523514a9ae9bc109e46a5e
 	Cloud protection intelligence Version: 0.0.0.0
 	Cloud protection intelligence Compilation Timestamp: 04-08-2026 05:59:41
 	Persistence Limit Type: Duration
 	Persistence Limit: 432000000"
"04-08-2026 11:14:52","1134","Information","Microsoft-Windows-Windows Defender","Microsoft Defender Antivirus has audited an operation.
For more information please contact your IT administrator.
	Policy Version: 639213603909127071-450df30793eba59f44b0e24d6be0b5508432200b
	Policy Rule ID: 6abb5bf8-7ae6-4f97-9c9a-9fcb60c0f230:6b2c3c43-f1fd-4949-97e8-f93e3c3a91e4
	Enforcement Level: Audit
	Audit Reason: 0
	Timestamp: 1601-01-01T00:00:09Z
	Action Type: CopyToClipboard
	Process: EXCEL.EXE
	Source: \Device\HarddiskVolume3\Users\arjo5004\Downloads\data (14).xlsx
	Target: POWERPNT.EXE
	Session ID: 1
	User SID: S-1-12-1-2357405129-1281513531-255772574-1816207334
%Security intelligence Version: 1.455.497.0
	Engine Version: 1.1.26060.3008
	Product Version: 4.18.26060.3008
"
"04-08-2026 11:14:37","2010","Information","Microsoft-Windows-Windows Defender","Microsoft Defender Antivirus used cloud protection to get additional security intelligence.
 	Current security intelligence Version: 1.455.497.0
 	Security intelligence Type: 
 	User: \
 	Current Engine Version: 1.1.26060.3008
 	Cloud protection intelligence Type: Security intelligence update
 	Persistence Path: C:\ProgramData\Microsoft\Windows Defender\Scans\RtSigs\data\675df85ce0a50030397bbf3841bf3b9928ba4c3a
 	Cloud protection intelligence Version: 0.0.0.0
 	Cloud protection intelligence Compilation Timestamp: 04-08-2026 05:44:36
 	Persistence Limit Type: Duration
 	Persistence Limit: 432000000"
"04-08-2026 11:14:37","2010","Information","Microsoft-Windows-Windows Defender","Microsoft Defender Antivirus used cloud protection to get additional security intelligence.
 	Current security intelligence Version: 1.455.497.0
 	Security intelligence Type: 
 	User: \
 	Current Engine Version: 1.1.26060.3008
 	Cloud protection intelligence Type: Security intelligence update
 	Persistence Path: C:\ProgramData\Microsoft\Windows Defender\Scans\RtSigs\data\f3541522572c7097278b214298c7d5534af8acd1
 	Cloud protection intelligence Version: 0.0.0.0
 	Cloud protection intelligence Compilation Timestamp: 04-08-2026 05:44:36
 	Persistence Limit Type: Duration
 	Persistence Limit: 432000000"
"04-08-2026 11:14:37","2010","Information","Microsoft-Windows-Windows Defender","Microsoft Defender Antivirus used cloud protection to get additional security intelligence.
 	Current security intelligence Version: 1.455.497.0
 	Security intelligence Type: 
 	User: \
 	Current Engine Version: 1.1.26060.3008
 	Cloud protection intelligence Type: Security intelligence update
 	Persistence Path: C:\ProgramData\Microsoft\Windows Defender\Scans\RtSigs\data\62409e2e35a673e741fd1a5551ca5cf851a094c4
 	Cloud protection intelligence Version: 0.0.0.0
 	Cloud protection intelligence Compilation Timestamp: 04-08-2026 05:44:36
 	Persistence Limit Type: Duration
 	Persistence Limit: 432000000"
"04-08-2026 11:14:23","1134","Information","Microsoft-Windows-Windows Defender","Microsoft Defender Antivirus has audited an operation.
For more information please contact your IT administrator.
	Policy Version: 639213603909127071-450df30793eba59f44b0e24d6be0b5508432200b
	Policy Rule ID: 6abb5bf8-7ae6-4f97-9c9a-9fcb60c0f230:6b2c3c43-f1fd-4949-97e8-f93e3c3a91e4
	Enforcement Level: Audit
	Audit Reason: 0
	Timestamp: 1601-01-01T00:00:09Z
	Action Type: CopyToClipboard
	Process: EXCEL.EXE
	Source: \Device\HarddiskVolume3\Users\arjo5004\Downloads\data (14).xlsx
	Target: POWERPNT.EXE
	Session ID: 1
	User SID: S-1-12-1-2357405129-1281513531-255772574-1816207334
%Security intelligence Version: 1.455.497.0
	Engine Version: 1.1.26060.3008
	Product Version: 4.18.26060.3008
"
"04-08-2026 11:13:07","1134","Information","Microsoft-Windows-Windows Defender","Microsoft Defender Antivirus has audited an operation.
For more information please contact your IT administrator.
	Policy Version: 639213603909127071-450df30793eba59f44b0e24d6be0b5508432200b
	Policy Rule ID: 6abb5bf8-7ae6-4f97-9c9a-9fcb60c0f230:6b2c3c43-f1fd-4949-97e8-f93e3c3a91e4
	Enforcement Level: Audit
	Audit Reason: 0
	Timestamp: 1601-01-01T00:00:09Z
	Action Type: CopyToClipboard
	Process: EXCEL.EXE
	Source: \Device\HarddiskVolume3\Users\arjo5004\Downloads\data (14).xlsx
	Target: explorer.exe
	Session ID: 1
	User SID: S-1-12-1-2357405129-1281513531-255772574-1816207334
%Security intelligence Version: 1.455.497.0
	Engine Version: 1.1.26060.3008
	Product Version: 4.18.26060.3008
"
"04-08-2026 11:11:42","1134","Information","Microsoft-Windows-Windows Defender","Microsoft Defender Antivirus has audited an operation.
For more information please contact your IT administrator.
	Policy Version: 639213603909127071-450df30793eba59f44b0e24d6be0b5508432200b
	Policy Rule ID: 6abb5bf8-7ae6-4f97-9c9a-9fcb60c0f230:6b2c3c43-f1fd-4949-97e8-f93e3c3a91e4
	Enforcement Level: Audit
	Audit Reason: 0
	Timestamp: 1601-01-01T00:00:09Z
	Action Type: CopyToClipboard
	Process: EXCEL.EXE
	Source: \Device\HarddiskVolume3\Users\arjo5004\Downloads\data (14).xlsx
	Target: msedge.exe
	Session ID: 1
	User SID: S-1-12-1-2357405129-1281513531-255772574-1816207334
%Security intelligence Version: 1.455.497.0
	Engine Version: 1.1.26060.3008
	Product Version: 4.18.26060.3008
"
"04-08-2026 11:11:19","1134","Information","Microsoft-Windows-Windows Defender","Microsoft Defender Antivirus has audited an operation.
For more information please contact your IT administrator.
	Policy Version: 639213603909127071-450df30793eba59f44b0e24d6be0b5508432200b
	Policy Rule ID: 6abb5bf8-7ae6-4f97-9c9a-9fcb60c0f230:6b2c3c43-f1fd-4949-97e8-f93e3c3a91e4
	Enforcement Level: Audit
	Audit Reason: 0
	Timestamp: 1601-01-01T00:00:09Z
	Action Type: CopyToClipboard
	Process: EXCEL.EXE
	Source: \Device\HarddiskVolume3\Users\arjo5004\Downloads\data (14).xlsx
	Target: msedge.exe
	Session ID: 1
	User SID: S-1-12-1-2357405129-1281513531-255772574-1816207334
%Security intelligence Version: 1.455.497.0
	Engine Version: 1.1.26060.3008
	Product Version: 4.18.26060.3008
"
"04-08-2026 11:10:52","1134","Information","Microsoft-Windows-Windows Defender","Microsoft Defender Antivirus has audited an operation.
For more information please contact your IT administrator.
	Policy Version: 639213603909127071-450df30793eba59f44b0e24d6be0b5508432200b
	Policy Rule ID: 6abb5bf8-7ae6-4f97-9c9a-9fcb60c0f230:6b2c3c43-f1fd-4949-97e8-f93e3c3a91e4
	Enforcement Level: Audit
	Audit Reason: 0
	Timestamp: 1601-01-01T00:00:09Z
	Action Type: CopyToClipboard
	Process: EXCEL.EXE
	Source: \Device\HarddiskVolume3\Users\arjo5004\Downloads\data (14).xlsx
	Target: POWERPNT.EXE
	Session ID: 1
	User SID: S-1-12-1-2357405129-1281513531-255772574-1816207334
%Security intelligence Version: 1.455.497.0
	Engine Version: 1.1.26060.3008
	Product Version: 4.18.26060.3008
"
"04-08-2026 11:09:39","1151","Information","Microsoft-Windows-Windows Defender","Endpoint Protection client health report (time in UTC):
 	Platform version: 4.18.26060.3008
 	Engine version: 1.1.26060.3008
 	Network Realtime Inspection engine version: 1.1.26060.3008
 	Antivirus security intelligence version: 1.455.497.0
 	Antispyware security intelligence version: 1.455.497.0
 	Network Realtime Inspection security intelligence version: 1.455.497.0
 	RTP state: Enabled
 	OA state: Enabled
 	IOAV state: Enabled
 	BM state: Enabled
 	Antivirus security intelligence age: 0
 	Antispyware security intelligence age: 0
 	Last quick scan age: 0
 	Last full scan age: 4294967295
 	Antivirus security intelligence creation time: 2026-08-03T21:50:50Z
 	Antispyware security intelligence creation time: 2026-08-03T21:50:50Z
 	Last quick scan start time: 2026-08-03T09:36:17Z
 	Last quick scan end time: 2026-08-03T09:48:33Z
 	Last quick scan source: 2
 	Last full scan start time: 1601-01-01T00:00:00Z
 	Last full scan end time: 1601-01-01T00:00:00Z
 	Last full scan source: 0
 	Product status: 0x00080000
"
"04-08-2026 11:09:39","1150","Information","Microsoft-Windows-Windows Defender","Endpoint Protection client is up and running in a healthy state.
 	Platform version: 4.18.26060.3008
 	Engine version: 1.1.26060.3008
 	Security intelligence version: 1.455.497.0
"
"04-08-2026 10:29:22","2010","Information","Microsoft-Windows-Windows Defender","Microsoft Defender Antivirus used cloud protection to get additional security intelligence.
 	Current security intelligence Version: 1.455.497.0
 	Security intelligence Type: 
 	User: \
 	Current Engine Version: 1.1.26060.3008
 	Cloud protection intelligence Type: Security intelligence update
 	Persistence Path: C:\ProgramData\Microsoft\Windows Defender\Scans\RtSigs\data\17f5618d036f06868a93c4935d77b98d4eb5c7b8
 	Cloud protection intelligence Version: 0.0.0.0
 	Cloud protection intelligence Compilation Timestamp: 04-08-2026 04:59:20
 	Persistence Limit Type: Duration
 	Persistence Limit: 72000000"
"04-08-2026 10:29:22","2010","Information","Microsoft-Windows-Windows Defender","Microsoft Defender Antivirus used cloud protection to get additional security intelligence.
 	Current security intelligence Version: 1.455.497.0
 	Security intelligence Type: 
 	User: \
 	Current Engine Version: 1.1.26060.3008
 	Cloud protection intelligence Type: Security intelligence update
 	Persistence Path: C:\ProgramData\Microsoft\Windows Defender\Scans\RtSigs\data\857644adfc9401280e7a4f4dd02b7355f97918b5
 	Cloud protection intelligence Version: 0.0.0.0
 	Cloud protection intelligence Compilation Timestamp: 04-08-2026 04:59:20
 	Persistence Limit Type: Duration
 	Persistence Limit: 432000000"
"04-08-2026 10:20:24","5007","Information","Microsoft-Windows-Windows Defender","Microsoft Defender Antivirus Configuration has changed. If this is an unexpected event you should review the settings as this may be the result of malware.
 	Old value: HKLM\SOFTWARE\Microsoft\Windows Defender\DLP Configs\Tag\Tag = 0x6
 	New value: HKLM\SOFTWARE\Microsoft\Windows Defender\DLP Configs\Tag\Tag = 0x7"
"04-08-2026 10:20:24","5007","Information","Microsoft-Windows-Windows Defender","Microsoft Defender Antivirus Configuration has changed. If this is an unexpected event you should review the settings as this may be the result of malware.
 	Old value: HKLM\SOFTWARE\Microsoft\Windows Defender\CoreService\WdConfigHash = 0xFD58CD1F
 	New value: HKLM\SOFTWARE\Microsoft\Windows Defender\CoreService\WdConfigHash = 0xC99A3A7F"
"04-08-2026 10:20:24","5007","Information","Microsoft-Windows-Windows Defender","Microsoft Defender Antivirus Configuration has changed. If this is an unexpected event you should review the settings as this may be the result of malware.
 	Old value: HKLM\SOFTWARE\Microsoft\Windows Defender\DLP Configs\Tag\Tag = 0x6
 	New value: HKLM\SOFTWARE\Microsoft\Windows Defender\DLP Configs\Tag\Tag = 0x7"
"04-08-2026 10:20:24","5007","Information","Microsoft-Windows-Windows Defender","Microsoft Defender Antivirus Configuration has changed. If this is an unexpected event you should review the settings as this may be the result of malware.
 	Old value: HKLM\SOFTWARE\Microsoft\Windows Defender\CoreService\WdConfigHash = 0xFD58CD1F
 	New value: HKLM\SOFTWARE\Microsoft\Windows Defender\CoreService\WdConfigHash = 0xC99A3A7F"
"04-08-2026 10:20:24","2000","Information","Microsoft-Windows-Windows Defender","Microsoft Defender Antivirus security intelligence version updated.
 	Current security intelligence Version: 1.455.497.0
 	Previous security intelligence Version: 1.455.496.0
 	Security intelligence Type: AntiSpyware
 	Update Type: Delta
 	User: NT AUTHORITY\SYSTEM
 	Current Engine Version: 1.1.26060.3008
 	Previous Engine Version: 1.1.26060.3008"
"04-08-2026 10:20:24","2000","Information","Microsoft-Windows-Windows Defender","Microsoft Defender Antivirus security intelligence version updated.
 	Current security intelligence Version: 1.455.497.0
 	Previous security intelligence Version: 1.455.496.0
 	Security intelligence Type: AntiVirus
 	Update Type: Delta
 	User: NT AUTHORITY\SYSTEM
 	Current Engine Version: 1.1.26060.3008
 	Previous Engine Version: 1.1.26060.3008"
"04-08-2026 10:09:39","1151","Information","Microsoft-Windows-Windows Defender","Endpoint Protection client health report (time in UTC):
 	Platform version: 4.18.26060.3008
 	Engine version: 1.1.26060.3008
 	Network Realtime Inspection engine version: 1.1.26060.3008
 	Antivirus security intelligence version: 1.455.496.0
 	Antispyware security intelligence version: 1.455.496.0
 	Network Realtime Inspection security intelligence version: 1.455.496.0
 	RTP state: Enabled
 	OA state: Enabled
 	IOAV state: Enabled
 	BM state: Enabled
 	Antivirus security intelligence age: 0
 	Antispyware security intelligence age: 0
 	Last quick scan age: 0
 	Last full scan age: 4294967295
 	Antivirus security intelligence creation time: 2026-08-03T20:14:59Z
 	Antispyware security intelligence creation time: 2026-08-03T20:14:59Z
 	Last quick scan start time: 2026-08-03T09:36:17Z
 	Last quick scan end time: 2026-08-03T09:48:33Z
 	Last quick scan source: 2
 	Last full scan start time: 1601-01-01T00:00:00Z
 	Last full scan end time: 1601-01-01T00:00:00Z
 	Last full scan source: 0
 	Product status: 0x00080000
"
"04-08-2026 10:09:39","1150","Information","Microsoft-Windows-Windows Defender","Endpoint Protection client is up and running in a healthy state.
 	Platform version: 4.18.26060.3008
 	Engine version: 1.1.26060.3008
 	Security intelligence version: 1.455.496.0
"
"04-08-2026 10:06:11","1134","Information","Microsoft-Windows-Windows Defender","Microsoft Defender Antivirus has audited an operation.
For more information please contact your IT administrator.
	Policy Version: 639213603909127071-450df30793eba59f44b0e24d6be0b5508432200b
	Policy Rule ID: 6abb5bf8-7ae6-4f97-9c9a-9fcb60c0f230:6b2c3c43-f1fd-4949-97e8-f93e3c3a91e4
	Enforcement Level: Audit
	Audit Reason: 0
	Timestamp: 1601-01-01T00:00:08Z
	Action Type: CopyToClipboard
	Process: EXCEL.EXE
	Source: \Device\HarddiskVolume3\Users\arjo5004\Downloads\data (14).xlsx
	Target: msedgewebview2.exe
	Session ID: 1
	User SID: S-1-12-1-2357405129-1281513531-255772574-1816207334
%Security intelligence Version: 1.455.496.0
	Engine Version: 1.1.26060.3008
	Product Version: 4.18.26060.3008
"
"04-08-2026 10:06:06","1134","Information","Microsoft-Windows-Windows Defender","Microsoft Defender Antivirus has audited an operation.
For more information please contact your IT administrator.
	Policy Version: 639213603909127071-450df30793eba59f44b0e24d6be0b5508432200b
	Policy Rule ID: 6abb5bf8-7ae6-4f97-9c9a-9fcb60c0f230:6b2c3c43-f1fd-4949-97e8-f93e3c3a91e4
	Enforcement Level: Audit
	Audit Reason: 0
	Timestamp: 1601-01-01T00:00:08Z
	Action Type: CopyToClipboard
	Process: EXCEL.EXE
	Source: \Device\HarddiskVolume3\Users\arjo5004\Downloads\data (14).xlsx
	Target: explorer.exe
	Session ID: 1
	User SID: S-1-12-1-2357405129-1281513531-255772574-1816207334
%Security intelligence Version: 1.455.496.0
	Engine Version: 1.1.26060.3008
	Product Version: 4.18.26060.3008
"
"04-08-2026 10:04:49","1134","Information","Microsoft-Windows-Windows Defender","Microsoft Defender Antivirus has audited an operation.
For more information please contact your IT administrator.
	Policy Version: 639213603909127071-450df30793eba59f44b0e24d6be0b5508432200b
	Policy Rule ID: 6abb5bf8-7ae6-4f97-9c9a-9fcb60c0f230:6b2c3c43-f1fd-4949-97e8-f93e3c3a91e4
	Enforcement Level: Audit
	Audit Reason: 0
	Timestamp: 1601-01-01T00:00:08Z
	Action Type: CopyToClipboard
	Process: EXCEL.EXE
	Source: \Device\HarddiskVolume3\Users\arjo5004\Downloads\data (13).xlsx
	Target: explorer.exe
	Session ID: 1
	User SID: S-1-12-1-2357405129-1281513531-255772574-1816207334
%Security intelligence Version: 1.455.496.0
	Engine Version: 1.1.26060.3008
	Product Version: 4.18.26060.3008
"
"04-08-2026 10:04:11","1134","Information","Microsoft-Windows-Windows Defender","Microsoft Defender Antivirus has audited an operation.
For more information please contact your IT administrator.
	Policy Version: 639213603909127071-450df30793eba59f44b0e24d6be0b5508432200b
	Policy Rule ID: 6abb5bf8-7ae6-4f97-9c9a-9fcb60c0f230:6b2c3c43-f1fd-4949-97e8-f93e3c3a91e4
	Enforcement Level: Audit
	Audit Reason: 0
	Timestamp: 1601-01-01T00:00:08Z
	Action Type: CopyToClipboard
	Process: EXCEL.EXE
	Source: \Device\HarddiskVolume3\Users\arjo5004\Downloads\data (13).xlsx
	Target: msedgewebview2.exe
	Session ID: 1
	User SID: S-1-12-1-2357405129-1281513531-255772574-1816207334
%Security intelligence Version: 1.455.496.0
	Engine Version: 1.1.26060.3008
	Product Version: 4.18.26060.3008
"
"04-08-2026 10:03:49","1134","Information","Microsoft-Windows-Windows Defender","Microsoft Defender Antivirus has audited an operation.
For more information please contact your IT administrator.
	Policy Version: 639213603909127071-450df30793eba59f44b0e24d6be0b5508432200b
	Policy Rule ID: 6abb5bf8-7ae6-4f97-9c9a-9fcb60c0f230:6b2c3c43-f1fd-4949-97e8-f93e3c3a91e4
	Enforcement Level: Audit
	Audit Reason: 0
	Timestamp: 1601-01-01T00:00:08Z
	Action Type: CopyToClipboard
	Process: EXCEL.EXE
	Source: \Device\HarddiskVolume3\Users\arjo5004\Downloads\data (13).xlsx
	Target: explorer.exe
	Session ID: 1
	User SID: S-1-12-1-2357405129-1281513531-255772574-1816207334
%Security intelligence Version: 1.455.496.0
	Engine Version: 1.1.26060.3008
	Product Version: 4.18.26060.3008
"
"04-08-2026 10:03:30","1134","Information","Microsoft-Windows-Windows Defender","Microsoft Defender Antivirus has audited an operation.
For more information please contact your IT administrator.
	Policy Version: 639213603909127071-450df30793eba59f44b0e24d6be0b5508432200b
	Policy Rule ID: 6abb5bf8-7ae6-4f97-9c9a-9fcb60c0f230:6b2c3c43-f1fd-4949-97e8-f93e3c3a91e4
	Enforcement Level: Audit
	Audit Reason: 0
	Timestamp: 1601-01-01T00:00:08Z
	Action Type: CopyToClipboard
	Process: EXCEL.EXE
	Source: \Device\HarddiskVolume3\Users\arjo5004\Downloads\data (13).xlsx
	Target: OUTLOOK.EXE
	Session ID: 1
	User SID: S-1-12-1-2357405129-1281513531-255772574-1816207334
%Security intelligence Version: 1.455.496.0
	Engine Version: 1.1.26060.3008
	Product Version: 4.18.26060.3008
"
"04-08-2026 10:03:12","1134","Information","Microsoft-Windows-Windows Defender","Microsoft Defender Antivirus has audited an operation.
For more information please contact your IT administrator.
	Policy Version: 639213603909127071-450df30793eba59f44b0e24d6be0b5508432200b
	Policy Rule ID: 6abb5bf8-7ae6-4f97-9c9a-9fcb60c0f230:6b2c3c43-f1fd-4949-97e8-f93e3c3a91e4
	Enforcement Level: Audit
	Audit Reason: 0
	Timestamp: 1601-01-01T00:00:08Z
	Action Type: CopyToClipboard
	Process: EXCEL.EXE
	Source: \Device\HarddiskVolume3\Users\arjo5004\Downloads\data (13).xlsx
	Target: msedgewebview2.exe
	Session ID: 1
	User SID: S-1-12-1-2357405129-1281513531-255772574-1816207334
%Security intelligence Version: 1.455.496.0
	Engine Version: 1.1.26060.3008
	Product Version: 4.18.26060.3008
"
"04-08-2026 10:03:06","1134","Information","Microsoft-Windows-Windows Defender","Microsoft Defender Antivirus has audited an operation.
For more information please contact your IT administrator.
	Policy Version: 639213603909127071-450df30793eba59f44b0e24d6be0b5508432200b
	Policy Rule ID: 6abb5bf8-7ae6-4f97-9c9a-9fcb60c0f230:6b2c3c43-f1fd-4949-97e8-f93e3c3a91e4
	Enforcement Level: Audit
	Audit Reason: 0
	Timestamp: 1601-01-01T00:00:08Z
	Action Type: CopyToClipboard
	Process: EXCEL.EXE
	Source: \Device\HarddiskVolume3\Users\arjo5004\Downloads\data (13).xlsx
	Target: explorer.exe
	Session ID: 1
	User SID: S-1-12-1-2357405129-1281513531-255772574-1816207334
%Security intelligence Version: 1.455.496.0
	Engine Version: 1.1.26060.3008
	Product Version: 4.18.26060.3008
"
"04-08-2026 09:35:53","5007","Information","Microsoft-Windows-Windows Defender","Microsoft Defender Antivirus Configuration has changed. If this is an unexpected event you should review the settings as this may be the result of malware.
 	Old value: HKLM\SOFTWARE\Microsoft\Windows Defender\UX Configuration\ToastOrSsoTrigger = 0x1
 	New value: HKLM\SOFTWARE\Microsoft\Windows Defender\UX Configuration\ToastOrSsoTrigger = 0x0"
"04-08-2026 09:35:53","5007","Information","Microsoft-Windows-Windows Defender","Microsoft Defender Antivirus Configuration has changed. If this is an unexpected event you should review the settings as this may be the result of malware.
 	Old value: HKLM\SOFTWARE\Microsoft\Windows Defender\UX Configuration\ToastOrSsoTrigger = 0x1
 	New value: HKLM\SOFTWARE\Microsoft\Windows Defender\UX Configuration\ToastOrSsoTrigger = 0x0"
"04-08-2026 09:29:03","2010","Information","Microsoft-Windows-Windows Defender","Microsoft Defender Antivirus used cloud protection to get additional security intelligence.
 	Current security intelligence Version: 1.455.496.0
 	Security intelligence Type: 
 	User: \
 	Current Engine Version: 1.1.26060.3008
 	Cloud protection intelligence Type: Security intelligence update
 	Persistence Path: C:\ProgramData\Microsoft\Windows Defender\Scans\RtSigs\data\325460897d9fd175c05c5685b522c1553ccbaee8
 	Cloud protection intelligence Version: 0.0.0.0
 	Cloud protection intelligence Compilation Timestamp: 04-08-2026 03:59:01
 	Persistence Limit Type: Duration
 	Persistence Limit: 72000000"
"04-08-2026 09:29:03","2010","Information","Microsoft-Windows-Windows Defender","Microsoft Defender Antivirus used cloud protection to get additional security intelligence.
 	Current security intelligence Version: 1.455.496.0
 	Security intelligence Type: 
 	User: \
 	Current Engine Version: 1.1.26060.3008
 	Cloud protection intelligence Type: Security intelligence update
 	Persistence Path: C:\ProgramData\Microsoft\Windows Defender\Scans\RtSigs\data\9985d461755a42815ab2f7af4c65427f114062a8
 	Cloud protection intelligence Version: 0.0.0.0
 	Cloud protection intelligence Compilation Timestamp: 04-08-2026 03:59:01
 	Persistence Limit Type: Duration
 	Persistence Limit: 432000000"
"04-08-2026 09:29:03","2010","Information","Microsoft-Windows-Windows Defender","Microsoft Defender Antivirus used cloud protection to get additional security intelligence.
 	Current security intelligence Version: 1.455.496.0
 	Security intelligence Type: 
 	User: \
 	Current Engine Version: 1.1.26060.3008
 	Cloud protection intelligence Type: Security intelligence update
 	Persistence Path: C:\ProgramData\Microsoft\Windows Defender\Scans\RtSigs\data\25c46126d4d3da503edcc409752d82241e602a1c
 	Cloud protection intelligence Version: 0.0.0.0
 	Cloud protection intelligence Compilation Timestamp: 04-08-2026 03:59:01
 	Persistence Limit Type: Duration
 	Persistence Limit: 432000000"
"04-08-2026 09:29:03","2010","Information","Microsoft-Windows-Windows Defender","Microsoft Defender Antivirus used cloud protection to get additional security intelligence.
 	Current security intelligence Version: 1.455.496.0
 	Security intelligence Type: 
 	User: \
 	Current Engine Version: 1.1.26060.3008
 	Cloud protection intelligence Type: Security intelligence update
 	Persistence Path: C:\ProgramData\Microsoft\Windows Defender\Scans\RtSigs\data\6f44c974382e83033389db0c476be48f7e03d0ac
 	Cloud protection intelligence Version: 0.0.0.0
 	Cloud protection intelligence Compilation Timestamp: 04-08-2026 03:59:01
 	Persistence Limit Type: Duration
 	Persistence Limit: 432000000"
"04-08-2026 09:13:57","2010","Information","Microsoft-Windows-Windows Defender","Microsoft Defender Antivirus used cloud protection to get additional security intelligence.
 	Current security intelligence Version: 1.455.496.0
 	Security intelligence Type: 
 	User: \
 	Current Engine Version: 1.1.26060.3008
 	Cloud protection intelligence Type: Security intelligence update
 	Persistence Path: C:\ProgramData\Microsoft\Windows Defender\Scans\RtSigs\data\4834459ec372da9353abec99718e45798acb898d
 	Cloud protection intelligence Version: 0.0.0.0
 	Cloud protection intelligence Compilation Timestamp: 04-08-2026 03:43:55
 	Persistence Limit Type: Duration
 	Persistence Limit: 72000000"
"04-08-2026 09:13:57","2010","Information","Microsoft-Windows-Windows Defender","Microsoft Defender Antivirus used cloud protection to get additional security intelligence.
 	Current security intelligence Version: 1.455.496.0
 	Security intelligence Type: 
 	User: \
 	Current Engine Version: 1.1.26060.3008
 	Cloud protection intelligence Type: Security intelligence update
 	Persistence Path: C:\ProgramData\Microsoft\Windows Defender\Scans\RtSigs\data\ef2a8fe20da73f516d9a5c33bf87a7cf938bf23c
 	Cloud protection intelligence Version: 0.0.0.0
 	Cloud protection intelligence Compilation Timestamp: 04-08-2026 03:43:55
 	Persistence Limit Type: Duration
 	Persistence Limit: 432000000"
"04-08-2026 09:13:57","2010","Information","Microsoft-Windows-Windows Defender","Microsoft Defender Antivirus used cloud protection to get additional security intelligence.
 	Current security intelligence Version: 1.455.496.0
 	Security intelligence Type: 
 	User: \
 	Current Engine Version: 1.1.26060.3008
 	Cloud protection intelligence Type: Security intelligence update
 	Persistence Path: C:\ProgramData\Microsoft\Windows Defender\Scans\RtSigs\data\eccf3da8d36db9a88f6a07c544a3f0024bcc9c0d
 	Cloud protection intelligence Version: 0.0.0.0
 	Cloud protection intelligence Compilation Timestamp: 04-08-2026 03:43:55
 	Persistence Limit Type: Duration
 	Persistence Limit: 432000000"
"04-08-2026 09:13:57","2010","Information","Microsoft-Windows-Windows Defender","Microsoft Defender Antivirus used cloud protection to get additional security intelligence.
 	Current security intelligence Version: 1.455.496.0
 	Security intelligence Type: 
 	User: \
 	Current Engine Version: 1.1.26060.3008
 	Cloud protection intelligence Type: Security intelligence update
 	Persistence Path: C:\ProgramData\Microsoft\Windows Defender\Scans\RtSigs\data\5669ad1ccdb2e0f089f02ffae98babc0e784429b
 	Cloud protection intelligence Version: 0.0.0.0
 	Cloud protection intelligence Compilation Timestamp: 04-08-2026 03:43:55
 	Persistence Limit Type: Duration
 	Persistence Limit: 288000000"
"04-08-2026 09:13:57","2010","Information","Microsoft-Windows-Windows Defender","Microsoft Defender Antivirus used cloud protection to get additional security intelligence.
 	Current security intelligence Version: 1.455.496.0
 	Security intelligence Type: 
 	User: \
 	Current Engine Version: 1.1.26060.3008
 	Cloud protection intelligence Type: Security intelligence update
 	Persistence Path: C:\ProgramData\Microsoft\Windows Defender\Scans\RtSigs\data\178773e5bb747105b7e517fefd9c15062f139350
 	Cloud protection intelligence Version: 0.0.0.0
 	Cloud protection intelligence Compilation Timestamp: 04-08-2026 03:43:55
 	Persistence Limit Type: Duration
 	Persistence Limit: 432000000"
"04-08-2026 09:10:31","5007","Information","Microsoft-Windows-Windows Defender","Microsoft Defender Antivirus Configuration has changed. If this is an unexpected event you should review the settings as this may be the result of malware.
 	Old value: HKLM\SOFTWARE\Microsoft\Windows Defender\DLP Configs\Tag\Tag = 0x5
 	New value: HKLM\SOFTWARE\Microsoft\Windows Defender\DLP Configs\Tag\Tag = 0x6"
"04-08-2026 09:10:31","5007","Information","Microsoft-Windows-Windows Defender","Microsoft Defender Antivirus Configuration has changed. If this is an unexpected event you should review the settings as this may be the result of malware.
 	Old value: HKLM\SOFTWARE\Microsoft\Windows Defender\CoreService\WdConfigHash = 0xE63BEC65
 	New value: HKLM\SOFTWARE\Microsoft\Windows Defender\CoreService\WdConfigHash = 0xFD58CD1F"
"04-08-2026 09:10:31","5007","Information","Microsoft-Windows-Windows Defender","Microsoft Defender Antivirus Configuration has changed. If this is an unexpected event you should review the settings as this may be the result of malware.
 	Old value: HKLM\SOFTWARE\Microsoft\Windows Defender\DLP Configs\Tag\Tag = 0x5
 	New value: HKLM\SOFTWARE\Microsoft\Windows Defender\DLP Configs\Tag\Tag = 0x6"
"04-08-2026 09:10:31","5007","Information","Microsoft-Windows-Windows Defender","Microsoft Defender Antivirus Configuration has changed. If this is an unexpected event you should review the settings as this may be the result of malware.
 	Old value: HKLM\SOFTWARE\Microsoft\Windows Defender\CoreService\WdConfigHash = 0xE63BEC65
 	New value: HKLM\SOFTWARE\Microsoft\Windows Defender\CoreService\WdConfigHash = 0xFD58CD1F"
"04-08-2026 09:10:31","2000","Information","Microsoft-Windows-Windows Defender","Microsoft Defender Antivirus security intelligence version updated.
 	Current security intelligence Version: 1.455.496.0
 	Previous security intelligence Version: 1.455.485.0
 	Security intelligence Type: AntiSpyware
 	Update Type: Delta
 	User: NT AUTHORITY\SYSTEM
 	Current Engine Version: 1.1.26060.3008
 	Previous Engine Version: 1.1.26060.3008"
"04-08-2026 09:10:31","2000","Information","Microsoft-Windows-Windows Defender","Microsoft Defender Antivirus security intelligence version updated.
 	Current security intelligence Version: 1.455.496.0
 	Previous security intelligence Version: 1.455.485.0
 	Security intelligence Type: AntiVirus
 	Update Type: Delta
 	User: NT AUTHORITY\SYSTEM
 	Current Engine Version: 1.1.26060.3008
 	Previous Engine Version: 1.1.26060.3008"
"04-08-2026 09:10:22","2010","Information","Microsoft-Windows-Windows Defender","Microsoft Defender Antivirus used cloud protection to get additional security intelligence.
 	Current security intelligence Version: 1.455.485.0
 	Security intelligence Type: AntiSpyware
 	User: \
 	Current Engine Version: 1.1.26060.3008
 	Cloud protection intelligence Type: Security intelligence update
 	Persistence Path: C:\ProgramData\Microsoft\Windows Defender\Scans\RtSigs\data\1881f33cc37495d7907e17cb69ff44751f078ce5
 	Cloud protection intelligence Version: 0.0.0.0
 	Cloud protection intelligence Compilation Timestamp: 03-08-2026 06:31:21
 	Persistence Limit Type: Timestamp
 	Persistence Limit: 06-08-2026 06:31:21"
"04-08-2026 09:09:39","1151","Information","Microsoft-Windows-Windows Defender","Endpoint Protection client health report (time in UTC):
 	Platform version: 4.18.26060.3008
 	Engine version: 1.1.26060.3008
 	Network Realtime Inspection engine version: 1.1.26060.3008
 	Antivirus security intelligence version: 1.455.485.0
 	Antispyware security intelligence version: 1.455.485.0
 	Network Realtime Inspection security intelligence version: 1.455.485.0
 	RTP state: Enabled
 	OA state: Enabled
 	IOAV state: Enabled
 	BM state: Enabled
 	Antivirus security intelligence age: 0
 	Antispyware security intelligence age: 0
 	Last quick scan age: 0
 	Last full scan age: 4294967295
 	Antivirus security intelligence creation time: 2026-08-03T03:59:08Z
 	Antispyware security intelligence creation time: 2026-08-03T03:59:08Z
 	Last quick scan start time: 2026-08-03T09:36:17Z
 	Last quick scan end time: 2026-08-03T09:48:33Z
 	Last quick scan source: 2
 	Last full scan start time: 1601-01-01T00:00:00Z
 	Last full scan end time: 1601-01-01T00:00:00Z
 	Last full scan source: 0
 	Product status: 0x00080000
"
"04-08-2026 09:09:39","1150","Information","Microsoft-Windows-Windows Defender","Endpoint Protection client is up and running in a healthy state.
 	Platform version: 4.18.26060.3008
 	Engine version: 1.1.26060.3008
 	Security intelligence version: 1.455.485.0
"
"04-08-2026 03:11:08","5007","Information","Microsoft-Windows-Windows Defender","Microsoft Defender Antivirus Configuration has changed. If this is an unexpected event you should review the settings as this may be the result of malware.
 	Old value: HKLM\SOFTWARE\Microsoft\Windows Defender\SpyNet\LastMAPSFailureTimeString = 2026-08-03T21:41:07Z
 	New value: HKLM\SOFTWARE\Microsoft\Windows Defender\SpyNet\LastMAPSFailureTimeString = 2026-08-03T21:41:08Z"
"04-08-2026 03:11:08","5007","Information","Microsoft-Windows-Windows Defender","Microsoft Defender Antivirus Configuration has changed. If this is an unexpected event you should review the settings as this may be the result of malware.
 	Old value: HKLM\SOFTWARE\Microsoft\Windows Defender\SpyNet\LastMAPSFailureTimeString = 2026-08-03T21:41:07Z
 	New value: HKLM\SOFTWARE\Microsoft\Windows Defender\SpyNet\LastMAPSFailureTimeString = 2026-08-03T21:41:08Z"
"04-08-2026 03:11:07","5007","Information","Microsoft-Windows-Windows Defender","Microsoft Defender Antivirus Configuration has changed. If this is an unexpected event you should review the settings as this may be the result of malware.
 	Old value: HKLM\SOFTWARE\Microsoft\Windows Defender\SpyNet\LastMAPSFailureTimeString = 2026-08-03T21:40:45Z
 	New value: HKLM\SOFTWARE\Microsoft\Windows Defender\SpyNet\LastMAPSFailureTimeString = 2026-08-03T21:41:07Z"
"04-08-2026 03:11:07","5007","Information","Microsoft-Windows-Windows Defender","Microsoft Defender Antivirus Configuration has changed. If this is an unexpected event you should review the settings as this may be the result of malware.
 	Old value: HKLM\SOFTWARE\Microsoft\Windows Defender\SpyNet\LastMAPSFailureTimeString = 2026-08-03T21:40:45Z
 	New value: HKLM\SOFTWARE\Microsoft\Windows Defender\SpyNet\LastMAPSFailureTimeString = 2026-08-03T21:41:07Z"
