"TimeCreated","Id","LevelDisplayName","ProviderName","Message"
"19-08-2026 14:36:32","105","Information","Microsoft-Windows-Diagnosis-DPS","Diagnostic module {45de1ea9-10bc-4f96-9b21-4b6b83dbf476} (%windir%\system32\radardt.dll) started troubleshooting scenario {180b3a99-8c39-4f12-b631-2031998efe45}, instance {3897cf7c-ab5a-43b8-a948-2f23965f98d7}, original activity ID {00000000-0000-0000-0000-000000000000}."
"19-08-2026 14:36:32","100","Information","Microsoft-Windows-Diagnosis-DPS","Diagnostic module {45de1ea9-10bc-4f96-9b21-4b6b83dbf476} (%windir%\system32\radardt.dll) detected a problem for scenario {180b3a99-8c39-4f12-b631-2031998efe45}, instance {3897cf7c-ab5a-43b8-a948-2f23965f98d7}, original activity ID {00000000-0000-0000-0000-000000000000}."
"19-08-2026 14:31:32","105","Information","Microsoft-Windows-Diagnosis-DPS","Diagnostic module {45de1ea9-10bc-4f96-9b21-4b6b83dbf476} (%windir%\system32\radardt.dll) started troubleshooting scenario {180b3a99-8c39-4f12-b631-2031998efe45}, instance {ca9416b0-c69e-40c6-96f5-c1d3011de799}, original activity ID {00000000-0000-0000-0000-000000000000}."
"19-08-2026 14:31:32","100","Information","Microsoft-Windows-Diagnosis-DPS","Diagnostic module {45de1ea9-10bc-4f96-9b21-4b6b83dbf476} (%windir%\system32\radardt.dll) detected a problem for scenario {180b3a99-8c39-4f12-b631-2031998efe45}, instance {ca9416b0-c69e-40c6-96f5-c1d3011de799}, original activity ID {00000000-0000-0000-0000-000000000000}."
"19-08-2026 14:26:32","105","Information","Microsoft-Windows-Diagnosis-DPS","Diagnostic module {45de1ea9-10bc-4f96-9b21-4b6b83dbf476} (%windir%\system32\radardt.dll) started troubleshooting scenario {180b3a99-8c39-4f12-b631-2031998efe45}, instance {2e5e2330-2f6d-49ec-ad3f-7e5517b47656}, original activity ID {00000000-0000-0000-0000-000000000000}."
"19-08-2026 14:26:32","100","Information","Microsoft-Windows-Diagnosis-DPS","Diagnostic module {45de1ea9-10bc-4f96-9b21-4b6b83dbf476} (%windir%\system32\radardt.dll) detected a problem for scenario {180b3a99-8c39-4f12-b631-2031998efe45}, instance {2e5e2330-2f6d-49ec-ad3f-7e5517b47656}, original activity ID {00000000-0000-0000-0000-000000000000}."
"19-08-2026 14:21:32","105","Information","Microsoft-Windows-Diagnosis-DPS","Diagnostic module {45de1ea9-10bc-4f96-9b21-4b6b83dbf476} (%windir%\system32\radardt.dll) started troubleshooting scenario {180b3a99-8c39-4f12-b631-2031998efe45}, instance {71a7071d-3efa-446d-ae9b-9a9309a2ca0f}, original activity ID {00000000-0000-0000-0000-000000000000}."
"19-08-2026 14:21:32","100","Information","Microsoft-Windows-Diagnosis-DPS","Diagnostic module {45de1ea9-10bc-4f96-9b21-4b6b83dbf476} (%windir%\system32\radardt.dll) detected a problem for scenario {180b3a99-8c39-4f12-b631-2031998efe45}, instance {71a7071d-3efa-446d-ae9b-9a9309a2ca0f}, original activity ID {00000000-0000-0000-0000-000000000000}."
"18-08-2026 19:01:04","105","Information","Microsoft-Windows-Diagnosis-DPS","Diagnostic module {45de1ea9-10bc-4f96-9b21-4b6b83dbf476} (%windir%\system32\radardt.dll) started troubleshooting scenario {180b3a99-8c39-4f12-b631-2031998efe45}, instance {559bf937-c2e8-4db0-91cd-bc235534d97d}, original activity ID {00000000-0000-0000-0000-000000000000}."
"18-08-2026 19:01:04","100","Information","Microsoft-Windows-Diagnosis-DPS","Diagnostic module {45de1ea9-10bc-4f96-9b21-4b6b83dbf476} (%windir%\system32\radardt.dll) detected a problem for scenario {180b3a99-8c39-4f12-b631-2031998efe45}, instance {559bf937-c2e8-4db0-91cd-bc235534d97d}, original activity ID {00000000-0000-0000-0000-000000000000}."
"18-08-2026 18:56:04","105","Information","Microsoft-Windows-Diagnosis-DPS","Diagnostic module {45de1ea9-10bc-4f96-9b21-4b6b83dbf476} (%windir%\system32\radardt.dll) started troubleshooting scenario {180b3a99-8c39-4f12-b631-2031998efe45}, instance {ca16dd72-af33-4946-99fc-d4df1672972e}, original activity ID {00000000-0000-0000-0000-000000000000}."
"18-08-2026 18:56:04","100","Information","Microsoft-Windows-Diagnosis-DPS","Diagnostic module {45de1ea9-10bc-4f96-9b21-4b6b83dbf476} (%windir%\system32\radardt.dll) detected a problem for scenario {180b3a99-8c39-4f12-b631-2031998efe45}, instance {ca16dd72-af33-4946-99fc-d4df1672972e}, original activity ID {00000000-0000-0000-0000-000000000000}."
"18-08-2026 18:51:04","105","Information","Microsoft-Windows-Diagnosis-DPS","Diagnostic module {45de1ea9-10bc-4f96-9b21-4b6b83dbf476} (%windir%\system32\radardt.dll) started troubleshooting scenario {180b3a99-8c39-4f12-b631-2031998efe45}, instance {095ef27b-9529-4054-86dc-7e784a40c482}, original activity ID {00000000-0000-0000-0000-000000000000}."
"18-08-2026 18:51:04","100","Information","Microsoft-Windows-Diagnosis-DPS","Diagnostic module {45de1ea9-10bc-4f96-9b21-4b6b83dbf476} (%windir%\system32\radardt.dll) detected a problem for scenario {180b3a99-8c39-4f12-b631-2031998efe45}, instance {095ef27b-9529-4054-86dc-7e784a40c482}, original activity ID {00000000-0000-0000-0000-000000000000}."
"18-08-2026 18:46:04","105","Information","Microsoft-Windows-Diagnosis-DPS","Diagnostic module {45de1ea9-10bc-4f96-9b21-4b6b83dbf476} (%windir%\system32\radardt.dll) started troubleshooting scenario {180b3a99-8c39-4f12-b631-2031998efe45}, instance {c59830c3-080c-4b94-9ca2-927369b0288c}, original activity ID {00000000-0000-0000-0000-000000000000}."
"18-08-2026 18:46:04","100","Information","Microsoft-Windows-Diagnosis-DPS","Diagnostic module {45de1ea9-10bc-4f96-9b21-4b6b83dbf476} (%windir%\system32\radardt.dll) detected a problem for scenario {180b3a99-8c39-4f12-b631-2031998efe45}, instance {c59830c3-080c-4b94-9ca2-927369b0288c}, original activity ID {00000000-0000-0000-0000-000000000000}."
"18-08-2026 18:41:04","105","Information","Microsoft-Windows-Diagnosis-DPS","Diagnostic module {45de1ea9-10bc-4f96-9b21-4b6b83dbf476} (%windir%\system32\radardt.dll) started troubleshooting scenario {180b3a99-8c39-4f12-b631-2031998efe45}, instance {119c5de4-e4be-418f-915e-94657f87dc2d}, original activity ID {00000000-0000-0000-0000-000000000000}."
"18-08-2026 18:41:04","100","Information","Microsoft-Windows-Diagnosis-DPS","Diagnostic module {45de1ea9-10bc-4f96-9b21-4b6b83dbf476} (%windir%\system32\radardt.dll) detected a problem for scenario {180b3a99-8c39-4f12-b631-2031998efe45}, instance {119c5de4-e4be-418f-915e-94657f87dc2d}, original activity ID {00000000-0000-0000-0000-000000000000}."
"18-08-2026 18:36:04","105","Information","Microsoft-Windows-Diagnosis-DPS","Diagnostic module {45de1ea9-10bc-4f96-9b21-4b6b83dbf476} (%windir%\system32\radardt.dll) started troubleshooting scenario {180b3a99-8c39-4f12-b631-2031998efe45}, instance {754538cb-33f1-4204-8024-5d020edfaa22}, original activity ID {00000000-0000-0000-0000-000000000000}."
"18-08-2026 18:36:04","100","Information","Microsoft-Windows-Diagnosis-DPS","Diagnostic module {45de1ea9-10bc-4f96-9b21-4b6b83dbf476} (%windir%\system32\radardt.dll) detected a problem for scenario {180b3a99-8c39-4f12-b631-2031998efe45}, instance {754538cb-33f1-4204-8024-5d020edfaa22}, original activity ID {00000000-0000-0000-0000-000000000000}."
"18-08-2026 18:31:04","105","Information","Microsoft-Windows-Diagnosis-DPS","Diagnostic module {45de1ea9-10bc-4f96-9b21-4b6b83dbf476} (%windir%\system32\radardt.dll) started troubleshooting scenario {180b3a99-8c39-4f12-b631-2031998efe45}, instance {8f3c04bf-aeb2-4515-a547-577ef00961f2}, original activity ID {00000000-0000-0000-0000-000000000000}."
"18-08-2026 18:31:04","100","Information","Microsoft-Windows-Diagnosis-DPS","Diagnostic module {45de1ea9-10bc-4f96-9b21-4b6b83dbf476} (%windir%\system32\radardt.dll) detected a problem for scenario {180b3a99-8c39-4f12-b631-2031998efe45}, instance {8f3c04bf-aeb2-4515-a547-577ef00961f2}, original activity ID {00000000-0000-0000-0000-000000000000}."
"18-08-2026 18:26:04","105","Information","Microsoft-Windows-Diagnosis-DPS","Diagnostic module {45de1ea9-10bc-4f96-9b21-4b6b83dbf476} (%windir%\system32\radardt.dll) started troubleshooting scenario {180b3a99-8c39-4f12-b631-2031998efe45}, instance {bdcdfd53-b442-4b38-850d-36812e6e6ce7}, original activity ID {00000000-0000-0000-0000-000000000000}."
"18-08-2026 18:26:04","100","Information","Microsoft-Windows-Diagnosis-DPS","Diagnostic module {45de1ea9-10bc-4f96-9b21-4b6b83dbf476} (%windir%\system32\radardt.dll) detected a problem for scenario {180b3a99-8c39-4f12-b631-2031998efe45}, instance {bdcdfd53-b442-4b38-850d-36812e6e6ce7}, original activity ID {00000000-0000-0000-0000-000000000000}."
"18-08-2026 18:21:04","105","Information","Microsoft-Windows-Diagnosis-DPS","Diagnostic module {45de1ea9-10bc-4f96-9b21-4b6b83dbf476} (%windir%\system32\radardt.dll) started troubleshooting scenario {180b3a99-8c39-4f12-b631-2031998efe45}, instance {0e101d35-de7c-4e57-a368-4c63d3cebe40}, original activity ID {00000000-0000-0000-0000-000000000000}."
"18-08-2026 18:21:04","100","Information","Microsoft-Windows-Diagnosis-DPS","Diagnostic module {45de1ea9-10bc-4f96-9b21-4b6b83dbf476} (%windir%\system32\radardt.dll) detected a problem for scenario {180b3a99-8c39-4f12-b631-2031998efe45}, instance {0e101d35-de7c-4e57-a368-4c63d3cebe40}, original activity ID {00000000-0000-0000-0000-000000000000}."
"18-08-2026 18:16:04","105","Information","Microsoft-Windows-Diagnosis-DPS","Diagnostic module {45de1ea9-10bc-4f96-9b21-4b6b83dbf476} (%windir%\system32\radardt.dll) started troubleshooting scenario {180b3a99-8c39-4f12-b631-2031998efe45}, instance {7c9354c1-816f-4ac7-a195-c16440c460c8}, original activity ID {00000000-0000-0000-0000-000000000000}."
"18-08-2026 18:16:04","100","Information","Microsoft-Windows-Diagnosis-DPS","Diagnostic module {45de1ea9-10bc-4f96-9b21-4b6b83dbf476} (%windir%\system32\radardt.dll) detected a problem for scenario {180b3a99-8c39-4f12-b631-2031998efe45}, instance {7c9354c1-816f-4ac7-a195-c16440c460c8}, original activity ID {00000000-0000-0000-0000-000000000000}."
"18-08-2026 18:11:04","105","Information","Microsoft-Windows-Diagnosis-DPS","Diagnostic module {45de1ea9-10bc-4f96-9b21-4b6b83dbf476} (%windir%\system32\radardt.dll) started troubleshooting scenario {180b3a99-8c39-4f12-b631-2031998efe45}, instance {8c5b06f3-9f62-48f2-a895-8831921b10e0}, original activity ID {00000000-0000-0000-0000-000000000000}."
"18-08-2026 18:11:04","100","Information","Microsoft-Windows-Diagnosis-DPS","Diagnostic module {45de1ea9-10bc-4f96-9b21-4b6b83dbf476} (%windir%\system32\radardt.dll) detected a problem for scenario {180b3a99-8c39-4f12-b631-2031998efe45}, instance {8c5b06f3-9f62-48f2-a895-8831921b10e0}, original activity ID {00000000-0000-0000-0000-000000000000}."
"18-08-2026 18:06:04","105","Information","Microsoft-Windows-Diagnosis-DPS","Diagnostic module {45de1ea9-10bc-4f96-9b21-4b6b83dbf476} (%windir%\system32\radardt.dll) started troubleshooting scenario {180b3a99-8c39-4f12-b631-2031998efe45}, instance {43e16e2b-a5ab-48ca-ae87-f3783f9267cf}, original activity ID {00000000-0000-0000-0000-000000000000}."
"18-08-2026 18:06:04","100","Information","Microsoft-Windows-Diagnosis-DPS","Diagnostic module {45de1ea9-10bc-4f96-9b21-4b6b83dbf476} (%windir%\system32\radardt.dll) detected a problem for scenario {180b3a99-8c39-4f12-b631-2031998efe45}, instance {43e16e2b-a5ab-48ca-ae87-f3783f9267cf}, original activity ID {00000000-0000-0000-0000-000000000000}."
"18-08-2026 18:01:04","105","Information","Microsoft-Windows-Diagnosis-DPS","Diagnostic module {45de1ea9-10bc-4f96-9b21-4b6b83dbf476} (%windir%\system32\radardt.dll) started troubleshooting scenario {180b3a99-8c39-4f12-b631-2031998efe45}, instance {d8f1f60f-5e5d-48e7-be8c-8bbd7a7d9f15}, original activity ID {00000000-0000-0000-0000-000000000000}."
"18-08-2026 18:01:04","100","Information","Microsoft-Windows-Diagnosis-DPS","Diagnostic module {45de1ea9-10bc-4f96-9b21-4b6b83dbf476} (%windir%\system32\radardt.dll) detected a problem for scenario {180b3a99-8c39-4f12-b631-2031998efe45}, instance {d8f1f60f-5e5d-48e7-be8c-8bbd7a7d9f15}, original activity ID {00000000-0000-0000-0000-000000000000}."
"18-08-2026 14:46:00","130","Information","Microsoft-Windows-Diagnosis-DPS","Diagnostic module {5ee64afb-398d-4edb-af71-3b830219abf7} (%windir%\system32\radarrs.dll) finished resolving scenario {180b3a99-8c39-4f12-b631-2031998efe45}, instance {de7ff4fe-7fcc-461a-982a-3d7669d69dfb}, original activity ID {00000000-0000-0000-0000-000000000000}."
"18-08-2026 14:45:56","125","Information","Microsoft-Windows-Diagnosis-DPS","Diagnostic module {5ee64afb-398d-4edb-af71-3b830219abf7} (%windir%\system32\radarrs.dll) started resolving scenario {180b3a99-8c39-4f12-b631-2031998efe45}, instance {de7ff4fe-7fcc-461a-982a-3d7669d69dfb}, original activity ID {00000000-0000-0000-0000-000000000000}."
"18-08-2026 14:45:56","115","Information","Microsoft-Windows-Diagnosis-DPS","Diagnostic module {45de1ea9-10bc-4f96-9b21-4b6b83dbf476} (%windir%\system32\radardt.dll) finished troubleshooting scenario {180b3a99-8c39-4f12-b631-2031998efe45}, instance {de7ff4fe-7fcc-461a-982a-3d7669d69dfb}, original activity ID {00000000-0000-0000-0000-000000000000}.  It set resolution {5ee64afb-398d-4edb-af71-3b830219abf7} for user S-1-12-1-2357405129-1281513531-255772574-1816207334 in session 1 with expiration date ‎1601‎-‎01‎-‎01T00:00:00.000000000Z.  The resolution will be started immediately."
"18-08-2026 14:45:56","105","Information","Microsoft-Windows-Diagnosis-DPS","Diagnostic module {45de1ea9-10bc-4f96-9b21-4b6b83dbf476} (%windir%\system32\radardt.dll) started troubleshooting scenario {180b3a99-8c39-4f12-b631-2031998efe45}, instance {de7ff4fe-7fcc-461a-982a-3d7669d69dfb}, original activity ID {00000000-0000-0000-0000-000000000000}."
"18-08-2026 14:45:56","100","Information","Microsoft-Windows-Diagnosis-DPS","Diagnostic module {45de1ea9-10bc-4f96-9b21-4b6b83dbf476} (%windir%\system32\radardt.dll) detected a problem for scenario {180b3a99-8c39-4f12-b631-2031998efe45}, instance {de7ff4fe-7fcc-461a-982a-3d7669d69dfb}, original activity ID {00000000-0000-0000-0000-000000000000}."
"18-08-2026 14:33:30","110","Information","Microsoft-Windows-Diagnosis-DPS","Diagnostic module {c8544339-5be9-4f25-862e-485f1b1a6935} (%SystemRoot%\system32\diagperf.dll) finished troubleshooting scenario {86432a0b-3c7d-4ddf-a89c-172faa90485d}, instance {2feb596e-4d59-4aa2-b001-5275fd731faa}, original activity ID {86432a0b-3c7d-4ddf-a89c-172faa90485d}.  No resolution was set by the diagnostic module."
"18-08-2026 14:33:19","110","Information","Microsoft-Windows-Diagnosis-DPS","Diagnostic module {15fba3b8-a37a-4f91-bdba-fbb98fe804bf} (%SystemRoot%\system32\diagperf.dll) finished troubleshooting scenario {2698178d-fdad-40ae-9d3c-1371703adc5b}, instance {99769067-29e0-4af1-b3f3-97115338128c}, original activity ID {2698178d-fdad-40ae-9d3c-1371703adc5b}.  No resolution was set by the diagnostic module."
"18-08-2026 14:32:54","105","Information","Microsoft-Windows-Diagnosis-DPS","Diagnostic module {c8544339-5be9-4f25-862e-485f1b1a6935} (%SystemRoot%\system32\diagperf.dll) started troubleshooting scenario {86432a0b-3c7d-4ddf-a89c-172faa90485d}, instance {2feb596e-4d59-4aa2-b001-5275fd731faa}, original activity ID {86432a0b-3c7d-4ddf-a89c-172faa90485d}."
"18-08-2026 14:32:54","100","Information","Microsoft-Windows-Diagnosis-DPS","Diagnostic module {c8544339-5be9-4f25-862e-485f1b1a6935} (%SystemRoot%\system32\diagperf.dll) detected a problem for scenario {86432a0b-3c7d-4ddf-a89c-172faa90485d}, instance {2feb596e-4d59-4aa2-b001-5275fd731faa}, original activity ID {86432a0b-3c7d-4ddf-a89c-172faa90485d}."
"18-08-2026 14:30:56","105","Information","Microsoft-Windows-Diagnosis-DPS","Diagnostic module {15fba3b8-a37a-4f91-bdba-fbb98fe804bf} (%SystemRoot%\system32\diagperf.dll) started troubleshooting scenario {2698178d-fdad-40ae-9d3c-1371703adc5b}, instance {99769067-29e0-4af1-b3f3-97115338128c}, original activity ID {2698178d-fdad-40ae-9d3c-1371703adc5b}."
"18-08-2026 14:30:56","100","Information","Microsoft-Windows-Diagnosis-DPS","Diagnostic module {15fba3b8-a37a-4f91-bdba-fbb98fe804bf} (%SystemRoot%\system32\diagperf.dll) detected a problem for scenario {2698178d-fdad-40ae-9d3c-1371703adc5b}, instance {99769067-29e0-4af1-b3f3-97115338128c}, original activity ID {2698178d-fdad-40ae-9d3c-1371703adc5b}."
"18-08-2026 10:31:33","120","Information","Microsoft-Windows-Diagnosis-DPS","Diagnostic module {b171ab1c-60e9-4301-a338-beab1c70b3e9} (%SystemRoot%\system32\diagperf.dll) finished troubleshooting scenario {3a5d4378-9d2f-4393-b1e5-34f5fa9a1140}, instance {bad9d629-ac09-41c3-b4d4-a51453ddc4ae}, original activity ID {7b81f1b5-e26b-4a8a-bd68-c10cfb8d89ff}.  It set resolution {b171ab1c-60e9-4301-a338-beab1c70b3e9} for user S-1-1-0 in session 0 with expiration date ‎2026‎-‎11‎-‎16T05:01:33.546850500Z.  The resolution was queued to start later."
"18-08-2026 10:31:33","105","Information","Microsoft-Windows-Diagnosis-DPS","Diagnostic module {b171ab1c-60e9-4301-a338-beab1c70b3e9} (%SystemRoot%\system32\diagperf.dll) started troubleshooting scenario {3a5d4378-9d2f-4393-b1e5-34f5fa9a1140}, instance {bad9d629-ac09-41c3-b4d4-a51453ddc4ae}, original activity ID {7b81f1b5-e26b-4a8a-bd68-c10cfb8d89ff}."
"18-08-2026 10:31:33","100","Information","Microsoft-Windows-Diagnosis-DPS","Diagnostic module {b171ab1c-60e9-4301-a338-beab1c70b3e9} (%SystemRoot%\system32\diagperf.dll) detected a problem for scenario {3a5d4378-9d2f-4393-b1e5-34f5fa9a1140}, instance {bad9d629-ac09-41c3-b4d4-a51453ddc4ae}, original activity ID {7b81f1b5-e26b-4a8a-bd68-c10cfb8d89ff}."
"18-08-2026 10:31:32","110","Information","Microsoft-Windows-Diagnosis-DPS","Diagnostic module {c8544339-5be9-4f25-862e-485f1b1a6935} (%SystemRoot%\system32\diagperf.dll) finished troubleshooting scenario {86432a0b-3c7d-4ddf-a89c-172faa90485d}, instance {7b81f1b5-e26b-4a8a-bd68-c10cfb8d89ff}, original activity ID {86432a0b-3c7d-4ddf-a89c-172faa90485d}.  No resolution was set by the diagnostic module."
"18-08-2026 10:31:10","105","Information","Microsoft-Windows-Diagnosis-DPS","Diagnostic module {c8544339-5be9-4f25-862e-485f1b1a6935} (%SystemRoot%\system32\diagperf.dll) started troubleshooting scenario {86432a0b-3c7d-4ddf-a89c-172faa90485d}, instance {7b81f1b5-e26b-4a8a-bd68-c10cfb8d89ff}, original activity ID {86432a0b-3c7d-4ddf-a89c-172faa90485d}."
"18-08-2026 10:31:10","100","Information","Microsoft-Windows-Diagnosis-DPS","Diagnostic module {c8544339-5be9-4f25-862e-485f1b1a6935} (%SystemRoot%\system32\diagperf.dll) detected a problem for scenario {86432a0b-3c7d-4ddf-a89c-172faa90485d}, instance {7b81f1b5-e26b-4a8a-bd68-c10cfb8d89ff}, original activity ID {86432a0b-3c7d-4ddf-a89c-172faa90485d}."
"18-08-2026 10:28:57","105","Information","Microsoft-Windows-Diagnosis-DPS","Diagnostic module {15fba3b8-a37a-4f91-bdba-fbb98fe804bf} (%SystemRoot%\system32\diagperf.dll) started troubleshooting scenario {2698178d-fdad-40ae-9d3c-1371703adc5b}, instance {b1af380b-df3d-490a-a243-ea2d123dc7cc}, original activity ID {2698178d-fdad-40ae-9d3c-1371703adc5b}."
"18-08-2026 10:28:57","100","Information","Microsoft-Windows-Diagnosis-DPS","Diagnostic module {15fba3b8-a37a-4f91-bdba-fbb98fe804bf} (%SystemRoot%\system32\diagperf.dll) detected a problem for scenario {2698178d-fdad-40ae-9d3c-1371703adc5b}, instance {b1af380b-df3d-490a-a243-ea2d123dc7cc}, original activity ID {2698178d-fdad-40ae-9d3c-1371703adc5b}."
"18-08-2026 10:25:29","105","Information","Microsoft-Windows-Diagnosis-DPS","Diagnostic module {45de1ea9-10bc-4f96-9b21-4b6b83dbf476} (%windir%\system32\radardt.dll) started troubleshooting scenario {180b3a99-8c39-4f12-b631-2031998efe45}, instance {ab58d5ed-276d-44b0-951c-fb4edaa4451e}, original activity ID {00000000-0000-0000-0000-000000000000}."
"18-08-2026 10:25:29","100","Information","Microsoft-Windows-Diagnosis-DPS","Diagnostic module {45de1ea9-10bc-4f96-9b21-4b6b83dbf476} (%windir%\system32\radardt.dll) detected a problem for scenario {180b3a99-8c39-4f12-b631-2031998efe45}, instance {ab58d5ed-276d-44b0-951c-fb4edaa4451e}, original activity ID {00000000-0000-0000-0000-000000000000}."
"18-08-2026 10:20:29","105","Information","Microsoft-Windows-Diagnosis-DPS","Diagnostic module {45de1ea9-10bc-4f96-9b21-4b6b83dbf476} (%windir%\system32\radardt.dll) started troubleshooting scenario {180b3a99-8c39-4f12-b631-2031998efe45}, instance {4b2eb9d0-e3c7-49a9-9960-ee15e440fa7f}, original activity ID {00000000-0000-0000-0000-000000000000}."
"18-08-2026 10:20:29","100","Information","Microsoft-Windows-Diagnosis-DPS","Diagnostic module {45de1ea9-10bc-4f96-9b21-4b6b83dbf476} (%windir%\system32\radardt.dll) detected a problem for scenario {180b3a99-8c39-4f12-b631-2031998efe45}, instance {4b2eb9d0-e3c7-49a9-9960-ee15e440fa7f}, original activity ID {00000000-0000-0000-0000-000000000000}."
"18-08-2026 10:15:29","105","Information","Microsoft-Windows-Diagnosis-DPS","Diagnostic module {45de1ea9-10bc-4f96-9b21-4b6b83dbf476} (%windir%\system32\radardt.dll) started troubleshooting scenario {180b3a99-8c39-4f12-b631-2031998efe45}, instance {cd178207-2544-453b-8e78-f489e1fe25c5}, original activity ID {00000000-0000-0000-0000-000000000000}."
"18-08-2026 10:15:29","100","Information","Microsoft-Windows-Diagnosis-DPS","Diagnostic module {45de1ea9-10bc-4f96-9b21-4b6b83dbf476} (%windir%\system32\radardt.dll) detected a problem for scenario {180b3a99-8c39-4f12-b631-2031998efe45}, instance {cd178207-2544-453b-8e78-f489e1fe25c5}, original activity ID {00000000-0000-0000-0000-000000000000}."
"18-08-2026 10:10:29","105","Information","Microsoft-Windows-Diagnosis-DPS","Diagnostic module {45de1ea9-10bc-4f96-9b21-4b6b83dbf476} (%windir%\system32\radardt.dll) started troubleshooting scenario {180b3a99-8c39-4f12-b631-2031998efe45}, instance {620ef0b7-c138-444c-bb15-d9602d946df5}, original activity ID {00000000-0000-0000-0000-000000000000}."
"18-08-2026 10:10:29","100","Information","Microsoft-Windows-Diagnosis-DPS","Diagnostic module {45de1ea9-10bc-4f96-9b21-4b6b83dbf476} (%windir%\system32\radardt.dll) detected a problem for scenario {180b3a99-8c39-4f12-b631-2031998efe45}, instance {620ef0b7-c138-444c-bb15-d9602d946df5}, original activity ID {00000000-0000-0000-0000-000000000000}."
"18-08-2026 10:05:29","105","Information","Microsoft-Windows-Diagnosis-DPS","Diagnostic module {45de1ea9-10bc-4f96-9b21-4b6b83dbf476} (%windir%\system32\radardt.dll) started troubleshooting scenario {180b3a99-8c39-4f12-b631-2031998efe45}, instance {c579f1ea-f3a3-4bf7-800b-1515452fe0fe}, original activity ID {00000000-0000-0000-0000-000000000000}."
"18-08-2026 10:05:29","100","Information","Microsoft-Windows-Diagnosis-DPS","Diagnostic module {45de1ea9-10bc-4f96-9b21-4b6b83dbf476} (%windir%\system32\radardt.dll) detected a problem for scenario {180b3a99-8c39-4f12-b631-2031998efe45}, instance {c579f1ea-f3a3-4bf7-800b-1515452fe0fe}, original activity ID {00000000-0000-0000-0000-000000000000}."
"18-08-2026 10:00:29","105","Information","Microsoft-Windows-Diagnosis-DPS","Diagnostic module {45de1ea9-10bc-4f96-9b21-4b6b83dbf476} (%windir%\system32\radardt.dll) started troubleshooting scenario {180b3a99-8c39-4f12-b631-2031998efe45}, instance {64b748ae-f510-45b8-badd-c466d2af95da}, original activity ID {00000000-0000-0000-0000-000000000000}."
"18-08-2026 10:00:29","100","Information","Microsoft-Windows-Diagnosis-DPS","Diagnostic module {45de1ea9-10bc-4f96-9b21-4b6b83dbf476} (%windir%\system32\radardt.dll) detected a problem for scenario {180b3a99-8c39-4f12-b631-2031998efe45}, instance {64b748ae-f510-45b8-badd-c466d2af95da}, original activity ID {00000000-0000-0000-0000-000000000000}."
"18-08-2026 09:55:29","105","Information","Microsoft-Windows-Diagnosis-DPS","Diagnostic module {45de1ea9-10bc-4f96-9b21-4b6b83dbf476} (%windir%\system32\radardt.dll) started troubleshooting scenario {180b3a99-8c39-4f12-b631-2031998efe45}, instance {1a4f72f7-4bb4-4330-9ef2-f12e5303edcf}, original activity ID {00000000-0000-0000-0000-000000000000}."
"18-08-2026 09:55:29","100","Information","Microsoft-Windows-Diagnosis-DPS","Diagnostic module {45de1ea9-10bc-4f96-9b21-4b6b83dbf476} (%windir%\system32\radardt.dll) detected a problem for scenario {180b3a99-8c39-4f12-b631-2031998efe45}, instance {1a4f72f7-4bb4-4330-9ef2-f12e5303edcf}, original activity ID {00000000-0000-0000-0000-000000000000}."
"18-08-2026 09:50:29","105","Information","Microsoft-Windows-Diagnosis-DPS","Diagnostic module {45de1ea9-10bc-4f96-9b21-4b6b83dbf476} (%windir%\system32\radardt.dll) started troubleshooting scenario {180b3a99-8c39-4f12-b631-2031998efe45}, instance {542bc043-b3ce-4fc7-8d11-f1bc2b49524d}, original activity ID {00000000-0000-0000-0000-000000000000}."
"18-08-2026 09:50:29","100","Information","Microsoft-Windows-Diagnosis-DPS","Diagnostic module {45de1ea9-10bc-4f96-9b21-4b6b83dbf476} (%windir%\system32\radardt.dll) detected a problem for scenario {180b3a99-8c39-4f12-b631-2031998efe45}, instance {542bc043-b3ce-4fc7-8d11-f1bc2b49524d}, original activity ID {00000000-0000-0000-0000-000000000000}."
"18-08-2026 09:45:29","105","Information","Microsoft-Windows-Diagnosis-DPS","Diagnostic module {45de1ea9-10bc-4f96-9b21-4b6b83dbf476} (%windir%\system32\radardt.dll) started troubleshooting scenario {180b3a99-8c39-4f12-b631-2031998efe45}, instance {5bb29887-1126-4d0f-80aa-3707425ee638}, original activity ID {00000000-0000-0000-0000-000000000000}."
"18-08-2026 09:45:29","100","Information","Microsoft-Windows-Diagnosis-DPS","Diagnostic module {45de1ea9-10bc-4f96-9b21-4b6b83dbf476} (%windir%\system32\radardt.dll) detected a problem for scenario {180b3a99-8c39-4f12-b631-2031998efe45}, instance {5bb29887-1126-4d0f-80aa-3707425ee638}, original activity ID {00000000-0000-0000-0000-000000000000}."
"17-08-2026 21:06:17","105","Information","Microsoft-Windows-Diagnosis-DPS","Diagnostic module {45de1ea9-10bc-4f96-9b21-4b6b83dbf476} (%windir%\system32\radardt.dll) started troubleshooting scenario {180b3a99-8c39-4f12-b631-2031998efe45}, instance {89c24608-c980-4a79-b9f2-e93d835bdbe9}, original activity ID {00000000-0000-0000-0000-000000000000}."
"17-08-2026 21:06:17","100","Information","Microsoft-Windows-Diagnosis-DPS","Diagnostic module {45de1ea9-10bc-4f96-9b21-4b6b83dbf476} (%windir%\system32\radardt.dll) detected a problem for scenario {180b3a99-8c39-4f12-b631-2031998efe45}, instance {89c24608-c980-4a79-b9f2-e93d835bdbe9}, original activity ID {00000000-0000-0000-0000-000000000000}."
"17-08-2026 21:01:17","105","Information","Microsoft-Windows-Diagnosis-DPS","Diagnostic module {45de1ea9-10bc-4f96-9b21-4b6b83dbf476} (%windir%\system32\radardt.dll) started troubleshooting scenario {180b3a99-8c39-4f12-b631-2031998efe45}, instance {7f7b9fcd-0faa-4d31-8e08-02697cf0d2d6}, original activity ID {00000000-0000-0000-0000-000000000000}."
"17-08-2026 21:01:17","100","Information","Microsoft-Windows-Diagnosis-DPS","Diagnostic module {45de1ea9-10bc-4f96-9b21-4b6b83dbf476} (%windir%\system32\radardt.dll) detected a problem for scenario {180b3a99-8c39-4f12-b631-2031998efe45}, instance {7f7b9fcd-0faa-4d31-8e08-02697cf0d2d6}, original activity ID {00000000-0000-0000-0000-000000000000}."
"17-08-2026 20:56:17","105","Information","Microsoft-Windows-Diagnosis-DPS","Diagnostic module {45de1ea9-10bc-4f96-9b21-4b6b83dbf476} (%windir%\system32\radardt.dll) started troubleshooting scenario {180b3a99-8c39-4f12-b631-2031998efe45}, instance {d3feedde-4d29-49b4-b034-ee3b142266aa}, original activity ID {00000000-0000-0000-0000-000000000000}."
"17-08-2026 20:56:17","100","Information","Microsoft-Windows-Diagnosis-DPS","Diagnostic module {45de1ea9-10bc-4f96-9b21-4b6b83dbf476} (%windir%\system32\radardt.dll) detected a problem for scenario {180b3a99-8c39-4f12-b631-2031998efe45}, instance {d3feedde-4d29-49b4-b034-ee3b142266aa}, original activity ID {00000000-0000-0000-0000-000000000000}."
"17-08-2026 20:51:17","105","Information","Microsoft-Windows-Diagnosis-DPS","Diagnostic module {45de1ea9-10bc-4f96-9b21-4b6b83dbf476} (%windir%\system32\radardt.dll) started troubleshooting scenario {180b3a99-8c39-4f12-b631-2031998efe45}, instance {dc0955bb-e89c-4641-8128-c6c4dfc63f03}, original activity ID {00000000-0000-0000-0000-000000000000}."
"17-08-2026 20:51:17","100","Information","Microsoft-Windows-Diagnosis-DPS","Diagnostic module {45de1ea9-10bc-4f96-9b21-4b6b83dbf476} (%windir%\system32\radardt.dll) detected a problem for scenario {180b3a99-8c39-4f12-b631-2031998efe45}, instance {dc0955bb-e89c-4641-8128-c6c4dfc63f03}, original activity ID {00000000-0000-0000-0000-000000000000}."
"17-08-2026 20:46:17","105","Information","Microsoft-Windows-Diagnosis-DPS","Diagnostic module {45de1ea9-10bc-4f96-9b21-4b6b83dbf476} (%windir%\system32\radardt.dll) started troubleshooting scenario {180b3a99-8c39-4f12-b631-2031998efe45}, instance {473e5a46-735e-4283-8f77-7f24b7c5e29f}, original activity ID {00000000-0000-0000-0000-000000000000}."
"17-08-2026 20:46:17","100","Information","Microsoft-Windows-Diagnosis-DPS","Diagnostic module {45de1ea9-10bc-4f96-9b21-4b6b83dbf476} (%windir%\system32\radardt.dll) detected a problem for scenario {180b3a99-8c39-4f12-b631-2031998efe45}, instance {473e5a46-735e-4283-8f77-7f24b7c5e29f}, original activity ID {00000000-0000-0000-0000-000000000000}."
"17-08-2026 20:41:17","105","Information","Microsoft-Windows-Diagnosis-DPS","Diagnostic module {45de1ea9-10bc-4f96-9b21-4b6b83dbf476} (%windir%\system32\radardt.dll) started troubleshooting scenario {180b3a99-8c39-4f12-b631-2031998efe45}, instance {04b20a51-5a2d-4011-8b91-326989f932b0}, original activity ID {00000000-0000-0000-0000-000000000000}."
"17-08-2026 20:41:17","100","Information","Microsoft-Windows-Diagnosis-DPS","Diagnostic module {45de1ea9-10bc-4f96-9b21-4b6b83dbf476} (%windir%\system32\radardt.dll) detected a problem for scenario {180b3a99-8c39-4f12-b631-2031998efe45}, instance {04b20a51-5a2d-4011-8b91-326989f932b0}, original activity ID {00000000-0000-0000-0000-000000000000}."
"17-08-2026 20:36:16","105","Information","Microsoft-Windows-Diagnosis-DPS","Diagnostic module {45de1ea9-10bc-4f96-9b21-4b6b83dbf476} (%windir%\system32\radardt.dll) started troubleshooting scenario {180b3a99-8c39-4f12-b631-2031998efe45}, instance {6cf75fe6-13b4-4ffc-82df-27ce4b508553}, original activity ID {00000000-0000-0000-0000-000000000000}."
"17-08-2026 20:36:16","100","Information","Microsoft-Windows-Diagnosis-DPS","Diagnostic module {45de1ea9-10bc-4f96-9b21-4b6b83dbf476} (%windir%\system32\radardt.dll) detected a problem for scenario {180b3a99-8c39-4f12-b631-2031998efe45}, instance {6cf75fe6-13b4-4ffc-82df-27ce4b508553}, original activity ID {00000000-0000-0000-0000-000000000000}."
"17-08-2026 20:31:16","105","Information","Microsoft-Windows-Diagnosis-DPS","Diagnostic module {45de1ea9-10bc-4f96-9b21-4b6b83dbf476} (%windir%\system32\radardt.dll) started troubleshooting scenario {180b3a99-8c39-4f12-b631-2031998efe45}, instance {eccb753c-6eef-4279-8003-8f96b5683337}, original activity ID {00000000-0000-0000-0000-000000000000}."
"17-08-2026 20:31:16","100","Information","Microsoft-Windows-Diagnosis-DPS","Diagnostic module {45de1ea9-10bc-4f96-9b21-4b6b83dbf476} (%windir%\system32\radardt.dll) detected a problem for scenario {180b3a99-8c39-4f12-b631-2031998efe45}, instance {eccb753c-6eef-4279-8003-8f96b5683337}, original activity ID {00000000-0000-0000-0000-000000000000}."
"17-08-2026 20:26:16","105","Information","Microsoft-Windows-Diagnosis-DPS","Diagnostic module {45de1ea9-10bc-4f96-9b21-4b6b83dbf476} (%windir%\system32\radardt.dll) started troubleshooting scenario {180b3a99-8c39-4f12-b631-2031998efe45}, instance {a23cbc09-9581-4ce0-9a07-e2d788dbced4}, original activity ID {00000000-0000-0000-0000-000000000000}."
"17-08-2026 20:26:16","100","Information","Microsoft-Windows-Diagnosis-DPS","Diagnostic module {45de1ea9-10bc-4f96-9b21-4b6b83dbf476} (%windir%\system32\radardt.dll) detected a problem for scenario {180b3a99-8c39-4f12-b631-2031998efe45}, instance {a23cbc09-9581-4ce0-9a07-e2d788dbced4}, original activity ID {00000000-0000-0000-0000-000000000000}."
"17-08-2026 20:21:16","105","Information","Microsoft-Windows-Diagnosis-DPS","Diagnostic module {45de1ea9-10bc-4f96-9b21-4b6b83dbf476} (%windir%\system32\radardt.dll) started troubleshooting scenario {180b3a99-8c39-4f12-b631-2031998efe45}, instance {11c4514a-3042-40f0-942b-4bdb4a605dc5}, original activity ID {00000000-0000-0000-0000-000000000000}."
"17-08-2026 20:21:16","100","Information","Microsoft-Windows-Diagnosis-DPS","Diagnostic module {45de1ea9-10bc-4f96-9b21-4b6b83dbf476} (%windir%\system32\radardt.dll) detected a problem for scenario {180b3a99-8c39-4f12-b631-2031998efe45}, instance {11c4514a-3042-40f0-942b-4bdb4a605dc5}, original activity ID {00000000-0000-0000-0000-000000000000}."
"17-08-2026 20:16:16","105","Information","Microsoft-Windows-Diagnosis-DPS","Diagnostic module {45de1ea9-10bc-4f96-9b21-4b6b83dbf476} (%windir%\system32\radardt.dll) started troubleshooting scenario {180b3a99-8c39-4f12-b631-2031998efe45}, instance {a1fb420f-9096-4041-840d-72c65fc71382}, original activity ID {00000000-0000-0000-0000-000000000000}."
"17-08-2026 20:16:16","100","Information","Microsoft-Windows-Diagnosis-DPS","Diagnostic module {45de1ea9-10bc-4f96-9b21-4b6b83dbf476} (%windir%\system32\radardt.dll) detected a problem for scenario {180b3a99-8c39-4f12-b631-2031998efe45}, instance {a1fb420f-9096-4041-840d-72c65fc71382}, original activity ID {00000000-0000-0000-0000-000000000000}."
"17-08-2026 20:11:16","105","Information","Microsoft-Windows-Diagnosis-DPS","Diagnostic module {45de1ea9-10bc-4f96-9b21-4b6b83dbf476} (%windir%\system32\radardt.dll) started troubleshooting scenario {180b3a99-8c39-4f12-b631-2031998efe45}, instance {1a08375c-2038-4b8d-b363-038723830dbe}, original activity ID {00000000-0000-0000-0000-000000000000}."
"17-08-2026 20:11:16","100","Information","Microsoft-Windows-Diagnosis-DPS","Diagnostic module {45de1ea9-10bc-4f96-9b21-4b6b83dbf476} (%windir%\system32\radardt.dll) detected a problem for scenario {180b3a99-8c39-4f12-b631-2031998efe45}, instance {1a08375c-2038-4b8d-b363-038723830dbe}, original activity ID {00000000-0000-0000-0000-000000000000}."
"17-08-2026 20:06:16","105","Information","Microsoft-Windows-Diagnosis-DPS","Diagnostic module {45de1ea9-10bc-4f96-9b21-4b6b83dbf476} (%windir%\system32\radardt.dll) started troubleshooting scenario {180b3a99-8c39-4f12-b631-2031998efe45}, instance {9260ff49-32eb-4804-b90b-79a476bed8ab}, original activity ID {00000000-0000-0000-0000-000000000000}."
"17-08-2026 20:06:16","100","Information","Microsoft-Windows-Diagnosis-DPS","Diagnostic module {45de1ea9-10bc-4f96-9b21-4b6b83dbf476} (%windir%\system32\radardt.dll) detected a problem for scenario {180b3a99-8c39-4f12-b631-2031998efe45}, instance {9260ff49-32eb-4804-b90b-79a476bed8ab}, original activity ID {00000000-0000-0000-0000-000000000000}."
"17-08-2026 20:01:16","105","Information","Microsoft-Windows-Diagnosis-DPS","Diagnostic module {45de1ea9-10bc-4f96-9b21-4b6b83dbf476} (%windir%\system32\radardt.dll) started troubleshooting scenario {180b3a99-8c39-4f12-b631-2031998efe45}, instance {319ff1cb-6ec7-4ba6-bf6f-6a7369e81240}, original activity ID {00000000-0000-0000-0000-000000000000}."
"17-08-2026 20:01:16","100","Information","Microsoft-Windows-Diagnosis-DPS","Diagnostic module {45de1ea9-10bc-4f96-9b21-4b6b83dbf476} (%windir%\system32\radardt.dll) detected a problem for scenario {180b3a99-8c39-4f12-b631-2031998efe45}, instance {319ff1cb-6ec7-4ba6-bf6f-6a7369e81240}, original activity ID {00000000-0000-0000-0000-000000000000}."
"17-08-2026 19:56:16","105","Information","Microsoft-Windows-Diagnosis-DPS","Diagnostic module {45de1ea9-10bc-4f96-9b21-4b6b83dbf476} (%windir%\system32\radardt.dll) started troubleshooting scenario {180b3a99-8c39-4f12-b631-2031998efe45}, instance {c6eaf6b0-52b1-445d-9283-59e0b3073685}, original activity ID {00000000-0000-0000-0000-000000000000}."
"17-08-2026 19:56:16","100","Information","Microsoft-Windows-Diagnosis-DPS","Diagnostic module {45de1ea9-10bc-4f96-9b21-4b6b83dbf476} (%windir%\system32\radardt.dll) detected a problem for scenario {180b3a99-8c39-4f12-b631-2031998efe45}, instance {c6eaf6b0-52b1-445d-9283-59e0b3073685}, original activity ID {00000000-0000-0000-0000-000000000000}."
"17-08-2026 19:51:16","105","Information","Microsoft-Windows-Diagnosis-DPS","Diagnostic module {45de1ea9-10bc-4f96-9b21-4b6b83dbf476} (%windir%\system32\radardt.dll) started troubleshooting scenario {180b3a99-8c39-4f12-b631-2031998efe45}, instance {bd5ea2a5-e7ee-48f0-9700-21c6e6b5e14d}, original activity ID {00000000-0000-0000-0000-000000000000}."
"17-08-2026 19:51:16","100","Information","Microsoft-Windows-Diagnosis-DPS","Diagnostic module {45de1ea9-10bc-4f96-9b21-4b6b83dbf476} (%windir%\system32\radardt.dll) detected a problem for scenario {180b3a99-8c39-4f12-b631-2031998efe45}, instance {bd5ea2a5-e7ee-48f0-9700-21c6e6b5e14d}, original activity ID {00000000-0000-0000-0000-000000000000}."
"17-08-2026 19:46:16","105","Information","Microsoft-Windows-Diagnosis-DPS","Diagnostic module {45de1ea9-10bc-4f96-9b21-4b6b83dbf476} (%windir%\system32\radardt.dll) started troubleshooting scenario {180b3a99-8c39-4f12-b631-2031998efe45}, instance {5daa385e-b635-4160-882a-74d888c6a8b7}, original activity ID {00000000-0000-0000-0000-000000000000}."
"17-08-2026 19:46:16","100","Information","Microsoft-Windows-Diagnosis-DPS","Diagnostic module {45de1ea9-10bc-4f96-9b21-4b6b83dbf476} (%windir%\system32\radardt.dll) detected a problem for scenario {180b3a99-8c39-4f12-b631-2031998efe45}, instance {5daa385e-b635-4160-882a-74d888c6a8b7}, original activity ID {00000000-0000-0000-0000-000000000000}."
"17-08-2026 19:41:16","105","Information","Microsoft-Windows-Diagnosis-DPS","Diagnostic module {45de1ea9-10bc-4f96-9b21-4b6b83dbf476} (%windir%\system32\radardt.dll) started troubleshooting scenario {180b3a99-8c39-4f12-b631-2031998efe45}, instance {2534b901-68fa-4e8d-a4eb-42d04cdf5dcf}, original activity ID {00000000-0000-0000-0000-000000000000}."
"17-08-2026 19:41:16","100","Information","Microsoft-Windows-Diagnosis-DPS","Diagnostic module {45de1ea9-10bc-4f96-9b21-4b6b83dbf476} (%windir%\system32\radardt.dll) detected a problem for scenario {180b3a99-8c39-4f12-b631-2031998efe45}, instance {2534b901-68fa-4e8d-a4eb-42d04cdf5dcf}, original activity ID {00000000-0000-0000-0000-000000000000}."
"17-08-2026 19:36:16","105","Information","Microsoft-Windows-Diagnosis-DPS","Diagnostic module {45de1ea9-10bc-4f96-9b21-4b6b83dbf476} (%windir%\system32\radardt.dll) started troubleshooting scenario {180b3a99-8c39-4f12-b631-2031998efe45}, instance {21344035-faea-40f5-8fd3-d4515e66196d}, original activity ID {00000000-0000-0000-0000-000000000000}."
"17-08-2026 19:36:16","100","Information","Microsoft-Windows-Diagnosis-DPS","Diagnostic module {45de1ea9-10bc-4f96-9b21-4b6b83dbf476} (%windir%\system32\radardt.dll) detected a problem for scenario {180b3a99-8c39-4f12-b631-2031998efe45}, instance {21344035-faea-40f5-8fd3-d4515e66196d}, original activity ID {00000000-0000-0000-0000-000000000000}."
"17-08-2026 19:31:16","105","Information","Microsoft-Windows-Diagnosis-DPS","Diagnostic module {45de1ea9-10bc-4f96-9b21-4b6b83dbf476} (%windir%\system32\radardt.dll) started troubleshooting scenario {180b3a99-8c39-4f12-b631-2031998efe45}, instance {45af26ee-3048-485f-8725-29c39e2682f7}, original activity ID {00000000-0000-0000-0000-000000000000}."
"17-08-2026 19:31:16","100","Information","Microsoft-Windows-Diagnosis-DPS","Diagnostic module {45de1ea9-10bc-4f96-9b21-4b6b83dbf476} (%windir%\system32\radardt.dll) detected a problem for scenario {180b3a99-8c39-4f12-b631-2031998efe45}, instance {45af26ee-3048-485f-8725-29c39e2682f7}, original activity ID {00000000-0000-0000-0000-000000000000}."
"17-08-2026 19:26:16","105","Information","Microsoft-Windows-Diagnosis-DPS","Diagnostic module {45de1ea9-10bc-4f96-9b21-4b6b83dbf476} (%windir%\system32\radardt.dll) started troubleshooting scenario {180b3a99-8c39-4f12-b631-2031998efe45}, instance {06b3e3de-aca4-4e1d-ac7a-cbded7de11a9}, original activity ID {00000000-0000-0000-0000-000000000000}."
"17-08-2026 19:26:16","100","Information","Microsoft-Windows-Diagnosis-DPS","Diagnostic module {45de1ea9-10bc-4f96-9b21-4b6b83dbf476} (%windir%\system32\radardt.dll) detected a problem for scenario {180b3a99-8c39-4f12-b631-2031998efe45}, instance {06b3e3de-aca4-4e1d-ac7a-cbded7de11a9}, original activity ID {00000000-0000-0000-0000-000000000000}."
"17-08-2026 19:21:16","105","Information","Microsoft-Windows-Diagnosis-DPS","Diagnostic module {45de1ea9-10bc-4f96-9b21-4b6b83dbf476} (%windir%\system32\radardt.dll) started troubleshooting scenario {180b3a99-8c39-4f12-b631-2031998efe45}, instance {b9298945-32a2-430c-bff0-5779d3cdfbc2}, original activity ID {00000000-0000-0000-0000-000000000000}."
"17-08-2026 19:21:16","100","Information","Microsoft-Windows-Diagnosis-DPS","Diagnostic module {45de1ea9-10bc-4f96-9b21-4b6b83dbf476} (%windir%\system32\radardt.dll) detected a problem for scenario {180b3a99-8c39-4f12-b631-2031998efe45}, instance {b9298945-32a2-430c-bff0-5779d3cdfbc2}, original activity ID {00000000-0000-0000-0000-000000000000}."
"17-08-2026 19:16:16","105","Information","Microsoft-Windows-Diagnosis-DPS","Diagnostic module {45de1ea9-10bc-4f96-9b21-4b6b83dbf476} (%windir%\system32\radardt.dll) started troubleshooting scenario {180b3a99-8c39-4f12-b631-2031998efe45}, instance {6aa8949a-2c2f-4176-95fe-ce300a2f9a80}, original activity ID {00000000-0000-0000-0000-000000000000}."
"17-08-2026 19:16:16","100","Information","Microsoft-Windows-Diagnosis-DPS","Diagnostic module {45de1ea9-10bc-4f96-9b21-4b6b83dbf476} (%windir%\system32\radardt.dll) detected a problem for scenario {180b3a99-8c39-4f12-b631-2031998efe45}, instance {6aa8949a-2c2f-4176-95fe-ce300a2f9a80}, original activity ID {00000000-0000-0000-0000-000000000000}."
"17-08-2026 19:11:15","105","Information","Microsoft-Windows-Diagnosis-DPS","Diagnostic module {45de1ea9-10bc-4f96-9b21-4b6b83dbf476} (%windir%\system32\radardt.dll) started troubleshooting scenario {180b3a99-8c39-4f12-b631-2031998efe45}, instance {871d496a-ecc1-469c-94f4-70f2a5aba3fc}, original activity ID {00000000-0000-0000-0000-000000000000}."
"17-08-2026 19:11:15","100","Information","Microsoft-Windows-Diagnosis-DPS","Diagnostic module {45de1ea9-10bc-4f96-9b21-4b6b83dbf476} (%windir%\system32\radardt.dll) detected a problem for scenario {180b3a99-8c39-4f12-b631-2031998efe45}, instance {871d496a-ecc1-469c-94f4-70f2a5aba3fc}, original activity ID {00000000-0000-0000-0000-000000000000}."
"17-08-2026 19:06:16","105","Information","Microsoft-Windows-Diagnosis-DPS","Diagnostic module {45de1ea9-10bc-4f96-9b21-4b6b83dbf476} (%windir%\system32\radardt.dll) started troubleshooting scenario {180b3a99-8c39-4f12-b631-2031998efe45}, instance {057a84aa-a5f8-4d65-a837-1266cbc99ec4}, original activity ID {00000000-0000-0000-0000-000000000000}."
"17-08-2026 19:06:16","100","Information","Microsoft-Windows-Diagnosis-DPS","Diagnostic module {45de1ea9-10bc-4f96-9b21-4b6b83dbf476} (%windir%\system32\radardt.dll) detected a problem for scenario {180b3a99-8c39-4f12-b631-2031998efe45}, instance {057a84aa-a5f8-4d65-a837-1266cbc99ec4}, original activity ID {00000000-0000-0000-0000-000000000000}."
"17-08-2026 19:01:16","105","Information","Microsoft-Windows-Diagnosis-DPS","Diagnostic module {45de1ea9-10bc-4f96-9b21-4b6b83dbf476} (%windir%\system32\radardt.dll) started troubleshooting scenario {180b3a99-8c39-4f12-b631-2031998efe45}, instance {5ca29ab8-3328-4ce5-9586-a5fea92ccded}, original activity ID {00000000-0000-0000-0000-000000000000}."
"17-08-2026 19:01:16","100","Information","Microsoft-Windows-Diagnosis-DPS","Diagnostic module {45de1ea9-10bc-4f96-9b21-4b6b83dbf476} (%windir%\system32\radardt.dll) detected a problem for scenario {180b3a99-8c39-4f12-b631-2031998efe45}, instance {5ca29ab8-3328-4ce5-9586-a5fea92ccded}, original activity ID {00000000-0000-0000-0000-000000000000}."
"17-08-2026 18:56:16","105","Information","Microsoft-Windows-Diagnosis-DPS","Diagnostic module {45de1ea9-10bc-4f96-9b21-4b6b83dbf476} (%windir%\system32\radardt.dll) started troubleshooting scenario {180b3a99-8c39-4f12-b631-2031998efe45}, instance {64ae7f1e-0877-4bab-aa69-d96d1e601dc3}, original activity ID {00000000-0000-0000-0000-000000000000}."
"17-08-2026 18:56:16","100","Information","Microsoft-Windows-Diagnosis-DPS","Diagnostic module {45de1ea9-10bc-4f96-9b21-4b6b83dbf476} (%windir%\system32\radardt.dll) detected a problem for scenario {180b3a99-8c39-4f12-b631-2031998efe45}, instance {64ae7f1e-0877-4bab-aa69-d96d1e601dc3}, original activity ID {00000000-0000-0000-0000-000000000000}."
"17-08-2026 18:51:16","105","Information","Microsoft-Windows-Diagnosis-DPS","Diagnostic module {45de1ea9-10bc-4f96-9b21-4b6b83dbf476} (%windir%\system32\radardt.dll) started troubleshooting scenario {180b3a99-8c39-4f12-b631-2031998efe45}, instance {2a341f08-4c68-4933-aeca-7242adfa944a}, original activity ID {00000000-0000-0000-0000-000000000000}."
"17-08-2026 18:51:16","100","Information","Microsoft-Windows-Diagnosis-DPS","Diagnostic module {45de1ea9-10bc-4f96-9b21-4b6b83dbf476} (%windir%\system32\radardt.dll) detected a problem for scenario {180b3a99-8c39-4f12-b631-2031998efe45}, instance {2a341f08-4c68-4933-aeca-7242adfa944a}, original activity ID {00000000-0000-0000-0000-000000000000}."
"17-08-2026 18:46:16","105","Information","Microsoft-Windows-Diagnosis-DPS","Diagnostic module {45de1ea9-10bc-4f96-9b21-4b6b83dbf476} (%windir%\system32\radardt.dll) started troubleshooting scenario {180b3a99-8c39-4f12-b631-2031998efe45}, instance {238119b9-2841-420e-81e0-4837fa5d2ef8}, original activity ID {00000000-0000-0000-0000-000000000000}."
"17-08-2026 18:46:16","100","Information","Microsoft-Windows-Diagnosis-DPS","Diagnostic module {45de1ea9-10bc-4f96-9b21-4b6b83dbf476} (%windir%\system32\radardt.dll) detected a problem for scenario {180b3a99-8c39-4f12-b631-2031998efe45}, instance {238119b9-2841-420e-81e0-4837fa5d2ef8}, original activity ID {00000000-0000-0000-0000-000000000000}."
"17-08-2026 18:41:16","105","Information","Microsoft-Windows-Diagnosis-DPS","Diagnostic module {45de1ea9-10bc-4f96-9b21-4b6b83dbf476} (%windir%\system32\radardt.dll) started troubleshooting scenario {180b3a99-8c39-4f12-b631-2031998efe45}, instance {d2328cae-7a20-4040-9e1e-d2f15400bf5d}, original activity ID {00000000-0000-0000-0000-000000000000}."
"17-08-2026 18:41:16","100","Information","Microsoft-Windows-Diagnosis-DPS","Diagnostic module {45de1ea9-10bc-4f96-9b21-4b6b83dbf476} (%windir%\system32\radardt.dll) detected a problem for scenario {180b3a99-8c39-4f12-b631-2031998efe45}, instance {d2328cae-7a20-4040-9e1e-d2f15400bf5d}, original activity ID {00000000-0000-0000-0000-000000000000}."
"17-08-2026 18:36:16","105","Information","Microsoft-Windows-Diagnosis-DPS","Diagnostic module {45de1ea9-10bc-4f96-9b21-4b6b83dbf476} (%windir%\system32\radardt.dll) started troubleshooting scenario {180b3a99-8c39-4f12-b631-2031998efe45}, instance {5bbe955c-37d9-4717-9f61-24143a3c1ec9}, original activity ID {00000000-0000-0000-0000-000000000000}."
"17-08-2026 18:36:16","100","Information","Microsoft-Windows-Diagnosis-DPS","Diagnostic module {45de1ea9-10bc-4f96-9b21-4b6b83dbf476} (%windir%\system32\radardt.dll) detected a problem for scenario {180b3a99-8c39-4f12-b631-2031998efe45}, instance {5bbe955c-37d9-4717-9f61-24143a3c1ec9}, original activity ID {00000000-0000-0000-0000-000000000000}."
"17-08-2026 18:31:16","105","Information","Microsoft-Windows-Diagnosis-DPS","Diagnostic module {45de1ea9-10bc-4f96-9b21-4b6b83dbf476} (%windir%\system32\radardt.dll) started troubleshooting scenario {180b3a99-8c39-4f12-b631-2031998efe45}, instance {0afa09c4-d000-41ce-870e-5401e13c1989}, original activity ID {00000000-0000-0000-0000-000000000000}."
"17-08-2026 18:31:16","100","Information","Microsoft-Windows-Diagnosis-DPS","Diagnostic module {45de1ea9-10bc-4f96-9b21-4b6b83dbf476} (%windir%\system32\radardt.dll) detected a problem for scenario {180b3a99-8c39-4f12-b631-2031998efe45}, instance {0afa09c4-d000-41ce-870e-5401e13c1989}, original activity ID {00000000-0000-0000-0000-000000000000}."
"17-08-2026 18:26:16","105","Information","Microsoft-Windows-Diagnosis-DPS","Diagnostic module {45de1ea9-10bc-4f96-9b21-4b6b83dbf476} (%windir%\system32\radardt.dll) started troubleshooting scenario {180b3a99-8c39-4f12-b631-2031998efe45}, instance {fa845edf-60e5-436b-94d6-0fad0d85d4fe}, original activity ID {00000000-0000-0000-0000-000000000000}."
"17-08-2026 18:26:16","100","Information","Microsoft-Windows-Diagnosis-DPS","Diagnostic module {45de1ea9-10bc-4f96-9b21-4b6b83dbf476} (%windir%\system32\radardt.dll) detected a problem for scenario {180b3a99-8c39-4f12-b631-2031998efe45}, instance {fa845edf-60e5-436b-94d6-0fad0d85d4fe}, original activity ID {00000000-0000-0000-0000-000000000000}."
"17-08-2026 18:21:16","105","Information","Microsoft-Windows-Diagnosis-DPS","Diagnostic module {45de1ea9-10bc-4f96-9b21-4b6b83dbf476} (%windir%\system32\radardt.dll) started troubleshooting scenario {180b3a99-8c39-4f12-b631-2031998efe45}, instance {fce8658b-87bf-4137-9be6-e783112a9723}, original activity ID {00000000-0000-0000-0000-000000000000}."
"17-08-2026 18:21:16","100","Information","Microsoft-Windows-Diagnosis-DPS","Diagnostic module {45de1ea9-10bc-4f96-9b21-4b6b83dbf476} (%windir%\system32\radardt.dll) detected a problem for scenario {180b3a99-8c39-4f12-b631-2031998efe45}, instance {fce8658b-87bf-4137-9be6-e783112a9723}, original activity ID {00000000-0000-0000-0000-000000000000}."
"17-08-2026 18:16:16","105","Information","Microsoft-Windows-Diagnosis-DPS","Diagnostic module {45de1ea9-10bc-4f96-9b21-4b6b83dbf476} (%windir%\system32\radardt.dll) started troubleshooting scenario {180b3a99-8c39-4f12-b631-2031998efe45}, instance {fbc7c8c4-873d-4565-b4d6-ba176ee09845}, original activity ID {00000000-0000-0000-0000-000000000000}."
"17-08-2026 18:16:16","100","Information","Microsoft-Windows-Diagnosis-DPS","Diagnostic module {45de1ea9-10bc-4f96-9b21-4b6b83dbf476} (%windir%\system32\radardt.dll) detected a problem for scenario {180b3a99-8c39-4f12-b631-2031998efe45}, instance {fbc7c8c4-873d-4565-b4d6-ba176ee09845}, original activity ID {00000000-0000-0000-0000-000000000000}."
