"05-08-2026 11:52:12","1134","Information","Microsoft-Windows-Windows Defender","Microsoft Defender Antivirus has audited an operation.
For more information please contact your IT administrator.
	Policy Version: 639213603909127071-450df30793eba59f44b0e24d6be0b5508432200b
	Policy Rule ID: 6abb5bf8-7ae6-4f97-9c9a-9fcb60c0f230:6b2c3c43-f1fd-4949-97e8-f93e3c3a91e4
	Enforcement Level: Audit
	Audit Reason: 0
	Timestamp: 1601-01-01T00:00:18Z
	Action Type: CopyToClipboard
	Process: POWERPNT.EXE
	Source: \Device\HarddiskVolume3\Users\arjo5004\Downloads\Endpoint AI design.pptx
	Target: WINWORD.EXE
	Session ID: 1
	User SID: S-1-12-1-2357405129-1281513531-255772574-1816207334
%Security intelligence Version: 1.457.1.0
	Engine Version: 1.1.26070.7
	Product Version: 4.18.26060.3008
"
"05-08-2026 11:51:18","5007","Information","Microsoft-Windows-Windows Defender","Microsoft Defender Antivirus Configuration has changed. If this is an unexpected event you should review the settings as this may be the result of malware.
 	Old value: HKLM\SOFTWARE\Microsoft\Windows Defender\UX Configuration\ToastOrSsoTrigger = 0x1
 	New value: HKLM\SOFTWARE\Microsoft\Windows Defender\UX Configuration\ToastOrSsoTrigger = 0x0"
"05-08-2026 11:51:18","5007","Information","Microsoft-Windows-Windows Defender","Microsoft Defender Antivirus Configuration has changed. If this is an unexpected event you should review the settings as this may be the result of malware.
 	Old value: HKLM\SOFTWARE\Microsoft\Windows Defender\UX Configuration\ToastOrSsoTrigger = 0x1
 	New value: HKLM\SOFTWARE\Microsoft\Windows Defender\UX Configuration\ToastOrSsoTrigger = 0x0"
"05-08-2026 11:44:13","2010","Information","Microsoft-Windows-Windows Defender","Microsoft Defender Antivirus used cloud protection to get additional security intelligence.
 	Current security intelligence Version: 1.457.1.0
 	Security intelligence Type: 
 	User: \
 	Current Engine Version: 1.1.26070.7
 	Cloud protection intelligence Type: Security intelligence update
 	Persistence Path: C:\ProgramData\Microsoft\Windows Defender\Scans\RtSigs\data\7799ce7a6bc4275961393acb08417b64db4fa677
 	Cloud protection intelligence Version: 0.0.0.0
 	Cloud protection intelligence Compilation Timestamp: 05-08-2026 06:14:11
 	Persistence Limit Type: Duration
 	Persistence Limit: 432000000"
"05-08-2026 11:35:31","1134","Information","Microsoft-Windows-Windows Defender","Microsoft Defender Antivirus has audited an operation.
For more information please contact your IT administrator.
	Policy Version: 639213603909127071-450df30793eba59f44b0e24d6be0b5508432200b
	Policy Rule ID: 6abb5bf8-7ae6-4f97-9c9a-9fcb60c0f230:6b2c3c43-f1fd-4949-97e8-f93e3c3a91e4
	Enforcement Level: Audit
	Audit Reason: 0
	Timestamp: 1601-01-01T00:00:18Z
	Action Type: CopyToClipboard
	Process: POWERPNT.EXE
	Source: \Device\HarddiskVolume3\Users\arjo5004\Downloads\Endpoint AI design.pptx
	Target: OUTLOOK.EXE
	Session ID: 1
	User SID: S-1-12-1-2357405129-1281513531-255772574-1816207334
%Security intelligence Version: 1.457.1.0
	Engine Version: 1.1.26070.7
	Product Version: 4.18.26060.3008
"
"05-08-2026 11:34:06","1134","Information","Microsoft-Windows-Windows Defender","Microsoft Defender Antivirus has audited an operation.
For more information please contact your IT administrator.
	Policy Version: 639213603909127071-450df30793eba59f44b0e24d6be0b5508432200b
	Policy Rule ID: 6abb5bf8-7ae6-4f97-9c9a-9fcb60c0f230:6b2c3c43-f1fd-4949-97e8-f93e3c3a91e4
	Enforcement Level: Audit
	Audit Reason: 0
	Timestamp: 1601-01-01T00:00:18Z
	Action Type: CopyToClipboard
	Process: POWERPNT.EXE
	Source: \Device\HarddiskVolume3\Users\arjo5004\Downloads\Endpoint AI design.pptx
	Target: explorer.exe
	Session ID: 1
	User SID: S-1-12-1-2357405129-1281513531-255772574-1816207334
%Security intelligence Version: 1.457.1.0
	Engine Version: 1.1.26070.7
	Product Version: 4.18.26060.3008
"
"05-08-2026 11:32:43","1134","Information","Microsoft-Windows-Windows Defender","Microsoft Defender Antivirus has audited an operation.
For more information please contact your IT administrator.
	Policy Version: 639213603909127071-450df30793eba59f44b0e24d6be0b5508432200b
	Policy Rule ID: 6abb5bf8-7ae6-4f97-9c9a-9fcb60c0f230:6b2c3c43-f1fd-4949-97e8-f93e3c3a91e4
	Enforcement Level: Audit
	Audit Reason: 0
	Timestamp: 1601-01-01T00:00:18Z
	Action Type: CopyToClipboard
	Process: POWERPNT.EXE
	Source: \Device\HarddiskVolume3\Users\arjo5004\Downloads\Endpoint AI design.pptx
	Target: explorer.exe
	Session ID: 1
	User SID: S-1-12-1-2357405129-1281513531-255772574-1816207334
%Security intelligence Version: 1.457.1.0
	Engine Version: 1.1.26070.7
	Product Version: 4.18.26060.3008
"
"05-08-2026 11:32:43","1134","Information","Microsoft-Windows-Windows Defender","Microsoft Defender Antivirus has audited an operation.
For more information please contact your IT administrator.
	Policy Version: 639213603909127071-450df30793eba59f44b0e24d6be0b5508432200b
	Policy Rule ID: 6abb5bf8-7ae6-4f97-9c9a-9fcb60c0f230:6b2c3c43-f1fd-4949-97e8-f93e3c3a91e4
	Enforcement Level: Audit
	Audit Reason: 0
	Timestamp: 1601-01-01T00:00:18Z
	Action Type: CopyToClipboard
	Process: POWERPNT.EXE
	Source: \Device\HarddiskVolume3\Users\arjo5004\Downloads\Endpoint AI design.pptx
	Target: WINWORD.EXE
	Session ID: 1
	User SID: S-1-12-1-2357405129-1281513531-255772574-1816207334
%Security intelligence Version: 1.457.1.0
	Engine Version: 1.1.26070.7
	Product Version: 4.18.26060.3008
"
"05-08-2026 11:31:07","1134","Information","Microsoft-Windows-Windows Defender","Microsoft Defender Antivirus has audited an operation.
For more information please contact your IT administrator.
	Policy Version: 639213603909127071-450df30793eba59f44b0e24d6be0b5508432200b
	Policy Rule ID: 6abb5bf8-7ae6-4f97-9c9a-9fcb60c0f230:6b2c3c43-f1fd-4949-97e8-f93e3c3a91e4
	Enforcement Level: Audit
	Audit Reason: 0
	Timestamp: 1601-01-01T00:00:18Z
	Action Type: CopyToClipboard
	Process: POWERPNT.EXE
	Source: \Device\HarddiskVolume3\Users\arjo5004\Downloads\Endpoint AI design.pptx
	Target: OUTLOOK.EXE
	Session ID: 1
	User SID: S-1-12-1-2357405129-1281513531-255772574-1816207334
%Security intelligence Version: 1.457.1.0
	Engine Version: 1.1.26070.7
	Product Version: 4.18.26060.3008
"
"05-08-2026 11:31:07","1134","Information","Microsoft-Windows-Windows Defender","Microsoft Defender Antivirus has audited an operation.
For more information please contact your IT administrator.
	Policy Version: 639213603909127071-450df30793eba59f44b0e24d6be0b5508432200b
	Policy Rule ID: 6abb5bf8-7ae6-4f97-9c9a-9fcb60c0f230:6b2c3c43-f1fd-4949-97e8-f93e3c3a91e4
	Enforcement Level: Audit
	Audit Reason: 0
	Timestamp: 1601-01-01T00:00:18Z
	Action Type: CopyToClipboard
	Process: POWERPNT.EXE
	Source: \Device\HarddiskVolume3\Users\arjo5004\Downloads\Endpoint AI design.pptx
	Target: WINWORD.EXE
	Session ID: 1
	User SID: S-1-12-1-2357405129-1281513531-255772574-1816207334
%Security intelligence Version: 1.457.1.0
	Engine Version: 1.1.26070.7
	Product Version: 4.18.26060.3008
"
"05-08-2026 11:29:45","1134","Information","Microsoft-Windows-Windows Defender","Microsoft Defender Antivirus has audited an operation.
For more information please contact your IT administrator.
	Policy Version: 639213603909127071-450df30793eba59f44b0e24d6be0b5508432200b
	Policy Rule ID: 6abb5bf8-7ae6-4f97-9c9a-9fcb60c0f230:6b2c3c43-f1fd-4949-97e8-f93e3c3a91e4
	Enforcement Level: Audit
	Audit Reason: 0
	Timestamp: 1601-01-01T00:00:18Z
	Action Type: CopyToClipboard
	Process: POWERPNT.EXE
	Source: \Device\HarddiskVolume3\Users\arjo5004\Downloads\Endpoint AI design.pptx
	Target: OUTLOOK.EXE
	Session ID: 1
	User SID: S-1-12-1-2357405129-1281513531-255772574-1816207334
%Security intelligence Version: 1.457.1.0
	Engine Version: 1.1.26070.7
	Product Version: 4.18.26060.3008
"
"05-08-2026 11:29:45","1134","Information","Microsoft-Windows-Windows Defender","Microsoft Defender Antivirus has audited an operation.
For more information please contact your IT administrator.
	Policy Version: 639213603909127071-450df30793eba59f44b0e24d6be0b5508432200b
	Policy Rule ID: 6abb5bf8-7ae6-4f97-9c9a-9fcb60c0f230:6b2c3c43-f1fd-4949-97e8-f93e3c3a91e4
	Enforcement Level: Audit
	Audit Reason: 0
	Timestamp: 1601-01-01T00:00:18Z
	Action Type: CopyToClipboard
	Process: POWERPNT.EXE
	Source: \Device\HarddiskVolume3\Users\arjo5004\Downloads\Endpoint AI design.pptx
	Target: WINWORD.EXE
	Session ID: 1
	User SID: S-1-12-1-2357405129-1281513531-255772574-1816207334
%Security intelligence Version: 1.457.1.0
	Engine Version: 1.1.26070.7
	Product Version: 4.18.26060.3008
"
"05-08-2026 11:29:15","1134","Information","Microsoft-Windows-Windows Defender","Microsoft Defender Antivirus has audited an operation.
For more information please contact your IT administrator.
	Policy Version: 639213603909127071-450df30793eba59f44b0e24d6be0b5508432200b
	Policy Rule ID: 6abb5bf8-7ae6-4f97-9c9a-9fcb60c0f230:6b2c3c43-f1fd-4949-97e8-f93e3c3a91e4
	Enforcement Level: Audit
	Audit Reason: 0
	Timestamp: 1601-01-01T00:00:18Z
	Action Type: CopyToClipboard
	Process: POWERPNT.EXE
	Source: \Device\HarddiskVolume3\Users\arjo5004\Downloads\Endpoint AI design.pptx
	Target: explorer.exe
	Session ID: 1
	User SID: S-1-12-1-2357405129-1281513531-255772574-1816207334
%Security intelligence Version: 1.457.1.0
	Engine Version: 1.1.26070.7
	Product Version: 4.18.26060.3008
"
"05-08-2026 11:29:15","1134","Information","Microsoft-Windows-Windows Defender","Microsoft Defender Antivirus has audited an operation.
For more information please contact your IT administrator.
	Policy Version: 639213603909127071-450df30793eba59f44b0e24d6be0b5508432200b
	Policy Rule ID: 6abb5bf8-7ae6-4f97-9c9a-9fcb60c0f230:6b2c3c43-f1fd-4949-97e8-f93e3c3a91e4
	Enforcement Level: Audit
	Audit Reason: 0
	Timestamp: 1601-01-01T00:00:18Z
	Action Type: CopyToClipboard
	Process: POWERPNT.EXE
	Source: \Device\HarddiskVolume3\Users\arjo5004\Downloads\Endpoint AI design.pptx
	Target: WINWORD.EXE
	Session ID: 1
	User SID: S-1-12-1-2357405129-1281513531-255772574-1816207334
%Security intelligence Version: 1.457.1.0
	Engine Version: 1.1.26070.7
	Product Version: 4.18.26060.3008
"
"05-08-2026 11:29:08","2010","Information","Microsoft-Windows-Windows Defender","Microsoft Defender Antivirus used cloud protection to get additional security intelligence.
 	Current security intelligence Version: 1.457.1.0
 	Security intelligence Type: 
 	User: \
 	Current Engine Version: 1.1.26070.7
 	Cloud protection intelligence Type: Security intelligence update
 	Persistence Path: C:\ProgramData\Microsoft\Windows Defender\Scans\RtSigs\data\e357350c7d5ea7d09c8d6092d185b566b971c3e7
 	Cloud protection intelligence Version: 0.0.0.0
 	Cloud protection intelligence Compilation Timestamp: 05-08-2026 05:59:06
 	Persistence Limit Type: Duration
 	Persistence Limit: 72000000"
"05-08-2026 11:29:08","2010","Information","Microsoft-Windows-Windows Defender","Microsoft Defender Antivirus used cloud protection to get additional security intelligence.
 	Current security intelligence Version: 1.457.1.0
 	Security intelligence Type: 
 	User: \
 	Current Engine Version: 1.1.26070.7
 	Cloud protection intelligence Type: Security intelligence update
 	Persistence Path: C:\ProgramData\Microsoft\Windows Defender\Scans\RtSigs\data\93da6b955ed90e9e4817c9e0844a53955b74ceb1
 	Cloud protection intelligence Version: 0.0.0.0
 	Cloud protection intelligence Compilation Timestamp: 05-08-2026 05:59:06
 	Persistence Limit Type: Duration
 	Persistence Limit: 432000000"
"05-08-2026 11:28:03","1134","Information","Microsoft-Windows-Windows Defender","Microsoft Defender Antivirus has audited an operation.
For more information please contact your IT administrator.
	Policy Version: 639213603909127071-450df30793eba59f44b0e24d6be0b5508432200b
	Policy Rule ID: 6abb5bf8-7ae6-4f97-9c9a-9fcb60c0f230:6b2c3c43-f1fd-4949-97e8-f93e3c3a91e4
	Enforcement Level: Audit
	Audit Reason: 0
	Timestamp: 1601-01-01T00:00:18Z
	Action Type: CopyToClipboard
	Process: POWERPNT.EXE
	Source: \Device\HarddiskVolume3\Users\arjo5004\Downloads\Endpoint AI design.pptx
	Target: OUTLOOK.EXE
	Session ID: 1
	User SID: S-1-12-1-2357405129-1281513531-255772574-1816207334
%Security intelligence Version: 1.457.1.0
	Engine Version: 1.1.26070.7
	Product Version: 4.18.26060.3008
"
"05-08-2026 11:28:03","1134","Information","Microsoft-Windows-Windows Defender","Microsoft Defender Antivirus has audited an operation.
For more information please contact your IT administrator.
	Policy Version: 639213603909127071-450df30793eba59f44b0e24d6be0b5508432200b
	Policy Rule ID: 6abb5bf8-7ae6-4f97-9c9a-9fcb60c0f230:6b2c3c43-f1fd-4949-97e8-f93e3c3a91e4
	Enforcement Level: Audit
	Audit Reason: 0
	Timestamp: 1601-01-01T00:00:18Z
	Action Type: CopyToClipboard
	Process: POWERPNT.EXE
	Source: \Device\HarddiskVolume3\Users\arjo5004\Downloads\Endpoint AI design.pptx
	Target: WINWORD.EXE
	Session ID: 1
	User SID: S-1-12-1-2357405129-1281513531-255772574-1816207334
%Security intelligence Version: 1.457.1.0
	Engine Version: 1.1.26070.7
	Product Version: 4.18.26060.3008
"
"05-08-2026 11:27:26","1134","Information","Microsoft-Windows-Windows Defender","Microsoft Defender Antivirus has audited an operation.
For more information please contact your IT administrator.
	Policy Version: 639213603909127071-450df30793eba59f44b0e24d6be0b5508432200b
	Policy Rule ID: 6abb5bf8-7ae6-4f97-9c9a-9fcb60c0f230:6b2c3c43-f1fd-4949-97e8-f93e3c3a91e4
	Enforcement Level: Audit
	Audit Reason: 0
	Timestamp: 1601-01-01T00:00:18Z
	Action Type: CopyToClipboard
	Process: POWERPNT.EXE
	Source: \Device\HarddiskVolume3\Users\arjo5004\Downloads\Endpoint AI design.pptx
	Target: OUTLOOK.EXE
	Session ID: 1
	User SID: S-1-12-1-2357405129-1281513531-255772574-1816207334
%Security intelligence Version: 1.457.1.0
	Engine Version: 1.1.26070.7
	Product Version: 4.18.26060.3008
"
"05-08-2026 11:27:26","1134","Information","Microsoft-Windows-Windows Defender","Microsoft Defender Antivirus has audited an operation.
For more information please contact your IT administrator.
	Policy Version: 639213603909127071-450df30793eba59f44b0e24d6be0b5508432200b
	Policy Rule ID: 6abb5bf8-7ae6-4f97-9c9a-9fcb60c0f230:6b2c3c43-f1fd-4949-97e8-f93e3c3a91e4
	Enforcement Level: Audit
	Audit Reason: 0
	Timestamp: 1601-01-01T00:00:18Z
	Action Type: CopyToClipboard
	Process: POWERPNT.EXE
	Source: \Device\HarddiskVolume3\Users\arjo5004\Downloads\Endpoint AI design.pptx
	Target: WINWORD.EXE
	Session ID: 1
	User SID: S-1-12-1-2357405129-1281513531-255772574-1816207334
%Security intelligence Version: 1.457.1.0
	Engine Version: 1.1.26070.7
	Product Version: 4.18.26060.3008
"
"05-08-2026 11:26:24","1134","Information","Microsoft-Windows-Windows Defender","Microsoft Defender Antivirus has audited an operation.
For more information please contact your IT administrator.
	Policy Version: 639213603909127071-450df30793eba59f44b0e24d6be0b5508432200b
	Policy Rule ID: 6abb5bf8-7ae6-4f97-9c9a-9fcb60c0f230:6b2c3c43-f1fd-4949-97e8-f93e3c3a91e4
	Enforcement Level: Audit
	Audit Reason: 0
	Timestamp: 1601-01-01T00:00:18Z
	Action Type: CopyToClipboard
	Process: POWERPNT.EXE
	Source: \Device\HarddiskVolume3\Users\arjo5004\Downloads\Endpoint AI design.pptx
	Target: OUTLOOK.EXE
	Session ID: 1
	User SID: S-1-12-1-2357405129-1281513531-255772574-1816207334
%Security intelligence Version: 1.457.1.0
	Engine Version: 1.1.26070.7
	Product Version: 4.18.26060.3008
"
"05-08-2026 11:26:24","1134","Information","Microsoft-Windows-Windows Defender","Microsoft Defender Antivirus has audited an operation.
For more information please contact your IT administrator.
	Policy Version: 639213603909127071-450df30793eba59f44b0e24d6be0b5508432200b
	Policy Rule ID: 6abb5bf8-7ae6-4f97-9c9a-9fcb60c0f230:6b2c3c43-f1fd-4949-97e8-f93e3c3a91e4
	Enforcement Level: Audit
	Audit Reason: 0
	Timestamp: 1601-01-01T00:00:18Z
	Action Type: CopyToClipboard
	Process: POWERPNT.EXE
	Source: \Device\HarddiskVolume3\Users\arjo5004\Downloads\Endpoint AI design.pptx
	Target: WINWORD.EXE
	Session ID: 1
	User SID: S-1-12-1-2357405129-1281513531-255772574-1816207334
%Security intelligence Version: 1.457.1.0
	Engine Version: 1.1.26070.7
	Product Version: 4.18.26060.3008
"
"05-08-2026 11:25:20","1134","Information","Microsoft-Windows-Windows Defender","Microsoft Defender Antivirus has audited an operation.
For more information please contact your IT administrator.
	Policy Version: 639213603909127071-450df30793eba59f44b0e24d6be0b5508432200b
	Policy Rule ID: 6abb5bf8-7ae6-4f97-9c9a-9fcb60c0f230:6b2c3c43-f1fd-4949-97e8-f93e3c3a91e4
	Enforcement Level: Audit
	Audit Reason: 0
	Timestamp: 1601-01-01T00:00:17Z
	Action Type: CopyToClipboard
	Process: POWERPNT.EXE
	Source: \Device\HarddiskVolume3\Users\arjo5004\Downloads\Endpoint AI design.pptx
	Target: explorer.exe
	Session ID: 1
	User SID: S-1-12-1-2357405129-1281513531-255772574-1816207334
%Security intelligence Version: 1.457.1.0
	Engine Version: 1.1.26070.7
	Product Version: 4.18.26060.3008
"
"05-08-2026 11:25:20","1134","Information","Microsoft-Windows-Windows Defender","Microsoft Defender Antivirus has audited an operation.
For more information please contact your IT administrator.
	Policy Version: 639213603909127071-450df30793eba59f44b0e24d6be0b5508432200b
	Policy Rule ID: 6abb5bf8-7ae6-4f97-9c9a-9fcb60c0f230:6b2c3c43-f1fd-4949-97e8-f93e3c3a91e4
	Enforcement Level: Audit
	Audit Reason: 0
	Timestamp: 1601-01-01T00:00:17Z
	Action Type: CopyToClipboard
	Process: POWERPNT.EXE
	Source: \Device\HarddiskVolume3\Users\arjo5004\Downloads\Endpoint AI design.pptx
	Target: WINWORD.EXE
	Session ID: 1
	User SID: S-1-12-1-2357405129-1281513531-255772574-1816207334
%Security intelligence Version: 1.457.1.0
	Engine Version: 1.1.26070.7
	Product Version: 4.18.26060.3008
"
"05-08-2026 11:25:02","1134","Information","Microsoft-Windows-Windows Defender","Microsoft Defender Antivirus has audited an operation.
For more information please contact your IT administrator.
	Policy Version: 639213603909127071-450df30793eba59f44b0e24d6be0b5508432200b
	Policy Rule ID: 6abb5bf8-7ae6-4f97-9c9a-9fcb60c0f230:6b2c3c43-f1fd-4949-97e8-f93e3c3a91e4
	Enforcement Level: Audit
	Audit Reason: 0
	Timestamp: 1601-01-01T00:00:17Z
	Action Type: CopyToClipboard
	Process: POWERPNT.EXE
	Source: \Device\HarddiskVolume3\Users\arjo5004\Downloads\Endpoint AI design.pptx
	Target: OUTLOOK.EXE
	Session ID: 1
	User SID: S-1-12-1-2357405129-1281513531-255772574-1816207334
%Security intelligence Version: 1.457.1.0
	Engine Version: 1.1.26070.7
	Product Version: 4.18.26060.3008
"
"05-08-2026 11:25:02","1134","Information","Microsoft-Windows-Windows Defender","Microsoft Defender Antivirus has audited an operation.
For more information please contact your IT administrator.
	Policy Version: 639213603909127071-450df30793eba59f44b0e24d6be0b5508432200b
	Policy Rule ID: 6abb5bf8-7ae6-4f97-9c9a-9fcb60c0f230:6b2c3c43-f1fd-4949-97e8-f93e3c3a91e4
	Enforcement Level: Audit
	Audit Reason: 0
	Timestamp: 1601-01-01T00:00:17Z
	Action Type: CopyToClipboard
	Process: POWERPNT.EXE
	Source: \Device\HarddiskVolume3\Users\arjo5004\Downloads\Endpoint AI design.pptx
	Target: WINWORD.EXE
	Session ID: 1
	User SID: S-1-12-1-2357405129-1281513531-255772574-1816207334
%Security intelligence Version: 1.457.1.0
	Engine Version: 1.1.26070.7
	Product Version: 4.18.26060.3008
"
"05-08-2026 11:24:45","1134","Information","Microsoft-Windows-Windows Defender","Microsoft Defender Antivirus has audited an operation.
For more information please contact your IT administrator.
	Policy Version: 639213603909127071-450df30793eba59f44b0e24d6be0b5508432200b
	Policy Rule ID: 6abb5bf8-7ae6-4f97-9c9a-9fcb60c0f230:6b2c3c43-f1fd-4949-97e8-f93e3c3a91e4
	Enforcement Level: Audit
	Audit Reason: 0
	Timestamp: 1601-01-01T00:00:17Z
	Action Type: CopyToClipboard
	Process: POWERPNT.EXE
	Source: \Device\HarddiskVolume3\Users\arjo5004\Downloads\Endpoint AI design.pptx
	Target: explorer.exe
	Session ID: 1
	User SID: S-1-12-1-2357405129-1281513531-255772574-1816207334
%Security intelligence Version: 1.457.1.0
	Engine Version: 1.1.26070.7
	Product Version: 4.18.26060.3008
"
"05-08-2026 11:24:33","1134","Information","Microsoft-Windows-Windows Defender","Microsoft Defender Antivirus has audited an operation.
For more information please contact your IT administrator.
	Policy Version: 639213603909127071-450df30793eba59f44b0e24d6be0b5508432200b
	Policy Rule ID: 6abb5bf8-7ae6-4f97-9c9a-9fcb60c0f230:6b2c3c43-f1fd-4949-97e8-f93e3c3a91e4
	Enforcement Level: Audit
	Audit Reason: 0
	Timestamp: 1601-01-01T00:00:17Z
	Action Type: CopyToClipboard
	Process: POWERPNT.EXE
	Source: \Device\HarddiskVolume3\Users\arjo5004\Downloads\Endpoint AI design.pptx
	Target: OUTLOOK.EXE
	Session ID: 1
	User SID: S-1-12-1-2357405129-1281513531-255772574-1816207334
%Security intelligence Version: 1.457.1.0
	Engine Version: 1.1.26070.7
	Product Version: 4.18.26060.3008
"
"05-08-2026 11:24:33","1134","Information","Microsoft-Windows-Windows Defender","Microsoft Defender Antivirus has audited an operation.
For more information please contact your IT administrator.
	Policy Version: 639213603909127071-450df30793eba59f44b0e24d6be0b5508432200b
	Policy Rule ID: 6abb5bf8-7ae6-4f97-9c9a-9fcb60c0f230:6b2c3c43-f1fd-4949-97e8-f93e3c3a91e4
	Enforcement Level: Audit
	Audit Reason: 0
	Timestamp: 1601-01-01T00:00:17Z
	Action Type: CopyToClipboard
	Process: POWERPNT.EXE
	Source: \Device\HarddiskVolume3\Users\arjo5004\Downloads\Endpoint AI design.pptx
	Target: WINWORD.EXE
	Session ID: 1
	User SID: S-1-12-1-2357405129-1281513531-255772574-1816207334
%Security intelligence Version: 1.457.1.0
	Engine Version: 1.1.26070.7
	Product Version: 4.18.26060.3008
"
"05-08-2026 11:24:08","1134","Information","Microsoft-Windows-Windows Defender","Microsoft Defender Antivirus has audited an operation.
For more information please contact your IT administrator.
	Policy Version: 639213603909127071-450df30793eba59f44b0e24d6be0b5508432200b
	Policy Rule ID: 6abb5bf8-7ae6-4f97-9c9a-9fcb60c0f230:6b2c3c43-f1fd-4949-97e8-f93e3c3a91e4
	Enforcement Level: Audit
	Audit Reason: 0
	Timestamp: 1601-01-01T00:00:17Z
	Action Type: CopyToClipboard
	Process: POWERPNT.EXE
	Source: \Device\HarddiskVolume3\Users\arjo5004\Downloads\Endpoint AI design.pptx
	Target: msedge.exe
	Session ID: 1
	User SID: S-1-12-1-2357405129-1281513531-255772574-1816207334
%Security intelligence Version: 1.457.1.0
	Engine Version: 1.1.26070.7
	Product Version: 4.18.26060.3008
"
"05-08-2026 11:23:11","1134","Information","Microsoft-Windows-Windows Defender","Microsoft Defender Antivirus has audited an operation.
For more information please contact your IT administrator.
	Policy Version: 639213603909127071-450df30793eba59f44b0e24d6be0b5508432200b
	Policy Rule ID: 6abb5bf8-7ae6-4f97-9c9a-9fcb60c0f230:6b2c3c43-f1fd-4949-97e8-f93e3c3a91e4
	Enforcement Level: Audit
	Audit Reason: 0
	Timestamp: 1601-01-01T00:00:17Z
	Action Type: CopyToClipboard
	Process: POWERPNT.EXE
	Source: \Device\HarddiskVolume3\Users\arjo5004\Downloads\Endpoint AI design.pptx
	Target: OUTLOOK.EXE
	Session ID: 1
	User SID: S-1-12-1-2357405129-1281513531-255772574-1816207334
%Security intelligence Version: 1.457.1.0
	Engine Version: 1.1.26070.7
	Product Version: 4.18.26060.3008
"
"05-08-2026 11:23:11","1134","Information","Microsoft-Windows-Windows Defender","Microsoft Defender Antivirus has audited an operation.
For more information please contact your IT administrator.
	Policy Version: 639213603909127071-450df30793eba59f44b0e24d6be0b5508432200b
	Policy Rule ID: 6abb5bf8-7ae6-4f97-9c9a-9fcb60c0f230:6b2c3c43-f1fd-4949-97e8-f93e3c3a91e4
	Enforcement Level: Audit
	Audit Reason: 0
	Timestamp: 1601-01-01T00:00:17Z
	Action Type: CopyToClipboard
	Process: POWERPNT.EXE
	Source: \Device\HarddiskVolume3\Users\arjo5004\Downloads\Endpoint AI design.pptx
	Target: WINWORD.EXE
	Session ID: 1
	User SID: S-1-12-1-2357405129-1281513531-255772574-1816207334
%Security intelligence Version: 1.457.1.0
	Engine Version: 1.1.26070.7
	Product Version: 4.18.26060.3008
"
"05-08-2026 11:19:07","1134","Information","Microsoft-Windows-Windows Defender","Microsoft Defender Antivirus has audited an operation.
For more information please contact your IT administrator.
	Policy Version: 639213603909127071-450df30793eba59f44b0e24d6be0b5508432200b
	Policy Rule ID: 6abb5bf8-7ae6-4f97-9c9a-9fcb60c0f230:6b2c3c43-f1fd-4949-97e8-f93e3c3a91e4
	Enforcement Level: Audit
	Audit Reason: 0
	Timestamp: 1601-01-01T00:00:17Z
	Action Type: CopyToClipboard
	Process: POWERPNT.EXE
	Source: \Device\HarddiskVolume3\Users\arjo5004\Downloads\Endpoint AI design.pptx
	Target: explorer.exe
	Session ID: 1
	User SID: S-1-12-1-2357405129-1281513531-255772574-1816207334
%Security intelligence Version: 1.457.1.0
	Engine Version: 1.1.26070.7
	Product Version: 4.18.26060.3008
"
"05-08-2026 11:14:02","2010","Information","Microsoft-Windows-Windows Defender","Microsoft Defender Antivirus used cloud protection to get additional security intelligence.
 	Current security intelligence Version: 1.457.1.0
 	Security intelligence Type: 
 	User: \
 	Current Engine Version: 1.1.26070.7
 	Cloud protection intelligence Type: Security intelligence update
 	Persistence Path: C:\ProgramData\Microsoft\Windows Defender\Scans\RtSigs\data\0ec53ad03d7880bff0b899c44ebcb510291056e5
 	Cloud protection intelligence Version: 0.0.0.0
 	Cloud protection intelligence Compilation Timestamp: 05-08-2026 05:44:01
 	Persistence Limit Type: Duration
 	Persistence Limit: 432000000"
"05-08-2026 11:10:26","1151","Information","Microsoft-Windows-Windows Defender","Endpoint Protection client health report (time in UTC):
 	Platform version: 4.18.26060.3008
 	Engine version: 1.1.26070.7
 	Network Realtime Inspection engine version: 1.1.26070.7
 	Antivirus security intelligence version: 1.457.1.0
 	Antispyware security intelligence version: 1.457.1.0
 	Network Realtime Inspection security intelligence version: 1.457.1.0
 	RTP state: Enabled
 	OA state: Enabled
 	IOAV state: Enabled
 	BM state: Enabled
 	Antivirus security intelligence age: 0
 	Antispyware security intelligence age: 0
 	Last quick scan age: 0
 	Last full scan age: 4294967295
 	Antivirus security intelligence creation time: 2026-08-04T19:56:43Z
 	Antispyware security intelligence creation time: 2026-08-04T19:56:43Z
 	Last quick scan start time: 2026-08-04T09:53:25Z
 	Last quick scan end time: 2026-08-04T10:01:11Z
 	Last quick scan source: 2
 	Last full scan start time: 1601-01-01T00:00:00Z
 	Last full scan end time: 1601-01-01T00:00:00Z
 	Last full scan source: 0
 	Product status: 0x00080000
"
"05-08-2026 11:10:26","1150","Information","Microsoft-Windows-Windows Defender","Endpoint Protection client is up and running in a healthy state.
 	Platform version: 4.18.26060.3008
 	Engine version: 1.1.26070.7
 	Security intelligence version: 1.457.1.0
"
"05-08-2026 10:58:57","2010","Information","Microsoft-Windows-Windows Defender","Microsoft Defender Antivirus used cloud protection to get additional security intelligence.
 	Current security intelligence Version: 1.457.1.0
 	Security intelligence Type: 
 	User: \
 	Current Engine Version: 1.1.26070.7
 	Cloud protection intelligence Type: Security intelligence update
 	Persistence Path: C:\ProgramData\Microsoft\Windows Defender\Scans\RtSigs\data\7466a13077e9adb37a5aeaeb9fa86d2d5b663fd1
 	Cloud protection intelligence Version: 0.0.0.0
 	Cloud protection intelligence Compilation Timestamp: 05-08-2026 05:28:55
 	Persistence Limit Type: Duration
 	Persistence Limit: 432000000"
"05-08-2026 10:40:44","2010","Information","Microsoft-Windows-Windows Defender","Microsoft Defender Antivirus used cloud protection to get additional security intelligence.
 	Current security intelligence Version: 1.457.1.0
 	Security intelligence Type: 
 	User: \
 	Current Engine Version: 1.1.26070.7
 	Cloud protection intelligence Type: Security intelligence update
 	Persistence Path: C:\ProgramData\Microsoft\Windows Defender\Scans\RtSigs\data\c03de1946603da8c91e3b83461ecb91e95eac096
 	Cloud protection intelligence Version: 0.0.0.0
 	Cloud protection intelligence Compilation Timestamp: 05-08-2026 05:10:41
 	Persistence Limit Type: Duration
 	Persistence Limit: 288000000"
"05-08-2026 10:21:16","5007","Information","Microsoft-Windows-Windows Defender","Microsoft Defender Antivirus Configuration has changed. If this is an unexpected event you should review the settings as this may be the result of malware.
 	Old value: Default\Device Control\RebootRequired = 0x0
 	New value: HKLM\SOFTWARE\Microsoft\Windows Defender\Device Control\RebootRequired = 0x1"
"05-08-2026 10:21:16","5007","Information","Microsoft-Windows-Windows Defender","Microsoft Defender Antivirus Configuration has changed. If this is an unexpected event you should review the settings as this may be the result of malware.
 	Old value: Default\PendingInstallLocation = 
 	New value: HKLM\SOFTWARE\Microsoft\Windows Defender\PendingInstallLocation = C:\ProgramData\Microsoft\Windows Defender\Platform\4.18.26070.9-0"
"05-08-2026 10:21:16","5007","Information","Microsoft-Windows-Windows Defender","Microsoft Defender Antivirus Configuration has changed. If this is an unexpected event you should review the settings as this may be the result of malware.
 	Old value: Default\Device Control\RebootRequired = 0x0
 	New value: HKLM\SOFTWARE\Microsoft\Windows Defender\Device Control\RebootRequired = 0x1"
"05-08-2026 10:21:16","5007","Information","Microsoft-Windows-Windows Defender","Microsoft Defender Antivirus Configuration has changed. If this is an unexpected event you should review the settings as this may be the result of malware.
 	Old value: Default\PendingInstallLocation = 
 	New value: HKLM\SOFTWARE\Microsoft\Windows Defender\PendingInstallLocation = C:\ProgramData\Microsoft\Windows Defender\Platform\4.18.26070.9-0"
"05-08-2026 10:21:16","2008","Information","Microsoft-Windows-Windows Defender","Microsoft Defender Antivirus platform update update to 4.18.26070.9-0 is paused due to system activity. For more details see the latest MpLog*.log entry under ProgramData.
"
"05-08-2026 10:13:43","2010","Information","Microsoft-Windows-Windows Defender","Microsoft Defender Antivirus used cloud protection to get additional security intelligence.
 	Current security intelligence Version: 1.457.1.0
 	Security intelligence Type: 
 	User: \
 	Current Engine Version: 1.1.26070.7
 	Cloud protection intelligence Type: Security intelligence update
 	Persistence Path: C:\ProgramData\Microsoft\Windows Defender\Scans\RtSigs\data\5a3f52dd23536cf8e778ace41b33a44093572fe6
 	Cloud protection intelligence Version: 0.0.0.0
 	Cloud protection intelligence Compilation Timestamp: 05-08-2026 04:43:41
 	Persistence Limit Type: Duration
 	Persistence Limit: 72000000"
"05-08-2026 10:13:43","2010","Information","Microsoft-Windows-Windows Defender","Microsoft Defender Antivirus used cloud protection to get additional security intelligence.
 	Current security intelligence Version: 1.457.1.0
 	Security intelligence Type: 
 	User: \
 	Current Engine Version: 1.1.26070.7
 	Cloud protection intelligence Type: Security intelligence update
 	Persistence Path: C:\ProgramData\Microsoft\Windows Defender\Scans\RtSigs\data\7bf531cb71354973d70f76f35c59ae1c7cec7f64
 	Cloud protection intelligence Version: 0.0.0.0
 	Cloud protection intelligence Compilation Timestamp: 05-08-2026 04:43:41
 	Persistence Limit Type: Duration
 	Persistence Limit: 432000000"
"05-08-2026 10:13:43","2010","Information","Microsoft-Windows-Windows Defender","Microsoft Defender Antivirus used cloud protection to get additional security intelligence.
 	Current security intelligence Version: 1.457.1.0
 	Security intelligence Type: 
 	User: \
 	Current Engine Version: 1.1.26070.7
 	Cloud protection intelligence Type: Security intelligence update
 	Persistence Path: C:\ProgramData\Microsoft\Windows Defender\Scans\RtSigs\data\8dd9eb9e7413044984cb0a3a14f42763b5ad922c
 	Cloud protection intelligence Version: 0.0.0.0
 	Cloud protection intelligence Compilation Timestamp: 05-08-2026 04:43:41
 	Persistence Limit Type: Duration
 	Persistence Limit: 432000000"
"05-08-2026 10:13:43","2010","Information","Microsoft-Windows-Windows Defender","Microsoft Defender Antivirus used cloud protection to get additional security intelligence.
 	Current security intelligence Version: 1.457.1.0
 	Security intelligence Type: 
 	User: \
 	Current Engine Version: 1.1.26070.7
 	Cloud protection intelligence Type: Security intelligence update
 	Persistence Path: C:\ProgramData\Microsoft\Windows Defender\Scans\RtSigs\data\4d608e14243e5582c9fa3d8c3d4ee4a165673ca6
 	Cloud protection intelligence Version: 0.0.0.0
 	Cloud protection intelligence Compilation Timestamp: 05-08-2026 04:43:41
 	Persistence Limit Type: Duration
 	Persistence Limit: 432000000"
"05-08-2026 10:10:26","1151","Information","Microsoft-Windows-Windows Defender","Endpoint Protection client health report (time in UTC):
 	Platform version: 4.18.26060.3008
 	Engine version: 1.1.26070.7
 	Network Realtime Inspection engine version: 1.1.26070.7
 	Antivirus security intelligence version: 1.457.1.0
 	Antispyware security intelligence version: 1.457.1.0
 	Network Realtime Inspection security intelligence version: 1.457.1.0
 	RTP state: Enabled
 	OA state: Enabled
 	IOAV state: Enabled
 	BM state: Enabled
 	Antivirus security intelligence age: 0
 	Antispyware security intelligence age: 0
 	Last quick scan age: 0
 	Last full scan age: 4294967295
 	Antivirus security intelligence creation time: 2026-08-04T19:56:43Z
 	Antispyware security intelligence creation time: 2026-08-04T19:56:43Z
 	Last quick scan start time: 2026-08-04T09:53:25Z
 	Last quick scan end time: 2026-08-04T10:01:11Z
 	Last quick scan source: 2
 	Last full scan start time: 1601-01-01T00:00:00Z
 	Last full scan end time: 1601-01-01T00:00:00Z
 	Last full scan source: 0
 	Product status: 0x00080000
"
"05-08-2026 10:10:26","1150","Information","Microsoft-Windows-Windows Defender","Endpoint Protection client is up and running in a healthy state.
 	Platform version: 4.18.26060.3008
 	Engine version: 1.1.26070.7
 	Security intelligence version: 1.457.1.0
"
"05-08-2026 09:58:45","2010","Information","Microsoft-Windows-Windows Defender","Microsoft Defender Antivirus used cloud protection to get additional security intelligence.
 	Current security intelligence Version: 1.457.1.0
 	Security intelligence Type: 
 	User: \
 	Current Engine Version: 1.1.26070.7
 	Cloud protection intelligence Type: Security intelligence update
 	Persistence Path: C:\ProgramData\Microsoft\Windows Defender\Scans\RtSigs\data\d52af751fba9979a1e35f059848c0fbdf5fbc771
 	Cloud protection intelligence Version: 0.0.0.0
 	Cloud protection intelligence Compilation Timestamp: 05-08-2026 04:28:43
 	Persistence Limit Type: Duration
 	Persistence Limit: 432000000"
"05-08-2026 09:58:45","2010","Information","Microsoft-Windows-Windows Defender","Microsoft Defender Antivirus used cloud protection to get additional security intelligence.
 	Current security intelligence Version: 1.457.1.0
 	Security intelligence Type: 
 	User: \
 	Current Engine Version: 1.1.26070.7
 	Cloud protection intelligence Type: Security intelligence update
 	Persistence Path: C:\ProgramData\Microsoft\Windows Defender\Scans\RtSigs\data\31ccc4719006b3023efeeb2d14fa58aef3ea03fc
 	Cloud protection intelligence Version: 0.0.0.0
 	Cloud protection intelligence Compilation Timestamp: 05-08-2026 04:28:43
 	Persistence Limit Type: Duration
 	Persistence Limit: 432000000"
"05-08-2026 09:58:45","2010","Information","Microsoft-Windows-Windows Defender","Microsoft Defender Antivirus used cloud protection to get additional security intelligence.
 	Current security intelligence Version: 1.457.1.0
 	Security intelligence Type: 
 	User: \
 	Current Engine Version: 1.1.26070.7
 	Cloud protection intelligence Type: Security intelligence update
 	Persistence Path: C:\ProgramData\Microsoft\Windows Defender\Scans\RtSigs\data\c4f7fb0191fa5bfcdb243cc9c6150ab38e172f61
 	Cloud protection intelligence Version: 0.0.0.0
 	Cloud protection intelligence Compilation Timestamp: 05-08-2026 04:28:43
 	Persistence Limit Type: Duration
 	Persistence Limit: 432000000"
"05-08-2026 09:43:54","5007","Information","Microsoft-Windows-Windows Defender","Microsoft Defender Antivirus Configuration has changed. If this is an unexpected event you should review the settings as this may be the result of malware.
 	Old value: HKLM\SOFTWARE\Microsoft\Windows Defender\DLP Configs\Tag\Tag = 0x9
 	New value: HKLM\SOFTWARE\Microsoft\Windows Defender\DLP Configs\Tag\Tag = 0xA"
"05-08-2026 09:43:54","5007","Information","Microsoft-Windows-Windows Defender","Microsoft Defender Antivirus Configuration has changed. If this is an unexpected event you should review the settings as this may be the result of malware.
 	Old value: HKLM\SOFTWARE\Microsoft\Windows Defender\CoreService\WdConfigHash = 0xE72B47E
 	New value: HKLM\SOFTWARE\Microsoft\Windows Defender\CoreService\WdConfigHash = 0x4B95F79E"
"05-08-2026 09:43:54","5007","Information","Microsoft-Windows-Windows Defender","Microsoft Defender Antivirus Configuration has changed. If this is an unexpected event you should review the settings as this may be the result of malware.
 	Old value: HKLM\SOFTWARE\Microsoft\Windows Defender\DLP Configs\Tag\Tag = 0x9
 	New value: HKLM\SOFTWARE\Microsoft\Windows Defender\DLP Configs\Tag\Tag = 0xA"
"05-08-2026 09:43:54","5007","Information","Microsoft-Windows-Windows Defender","Microsoft Defender Antivirus Configuration has changed. If this is an unexpected event you should review the settings as this may be the result of malware.
 	Old value: HKLM\SOFTWARE\Microsoft\Windows Defender\CoreService\WdConfigHash = 0xE72B47E
 	New value: HKLM\SOFTWARE\Microsoft\Windows Defender\CoreService\WdConfigHash = 0x4B95F79E"
"05-08-2026 09:43:54","2000","Information","Microsoft-Windows-Windows Defender","Microsoft Defender Antivirus security intelligence version updated.
 	Current security intelligence Version: 1.457.1.0
 	Previous security intelligence Version: 1.455.499.0
 	Security intelligence Type: AntiSpyware
 	Update Type: Full
 	User: NT AUTHORITY\SYSTEM
 	Current Engine Version: 1.1.26070.7
 	Previous Engine Version: 1.1.26060.3008"
"05-08-2026 09:43:54","2000","Information","Microsoft-Windows-Windows Defender","Microsoft Defender Antivirus security intelligence version updated.
 	Current security intelligence Version: 1.457.1.0
 	Previous security intelligence Version: 1.455.499.0
 	Security intelligence Type: AntiVirus
 	Update Type: Full
 	User: NT AUTHORITY\SYSTEM
 	Current Engine Version: 1.1.26070.7
 	Previous Engine Version: 1.1.26060.3008"
"05-08-2026 09:43:54","2002","Information","Microsoft-Windows-Windows Defender","Microsoft Defender Antivirus engine version has been updated.
 	Current Engine Version: 1.1.26070.7
 	Previous Engine Version: 1.1.26060.3008
 	User: NT AUTHORITY\SYSTEM"
"05-08-2026 09:43:35","2010","Information","Microsoft-Windows-Windows Defender","Microsoft Defender Antivirus used cloud protection to get additional security intelligence.
 	Current security intelligence Version: 1.455.499.0
 	Security intelligence Type: 
 	User: \
 	Current Engine Version: 1.1.26060.3008
 	Cloud protection intelligence Type: Security intelligence update
 	Persistence Path: C:\ProgramData\Microsoft\Windows Defender\Scans\RtSigs\data\1611e3bd171b076103f26be4fa0e65e755e9903b
 	Cloud protection intelligence Version: 0.0.0.0
 	Cloud protection intelligence Compilation Timestamp: 05-08-2026 04:13:33
 	Persistence Limit Type: Duration
 	Persistence Limit: 72000000"
"05-08-2026 09:43:35","2010","Information","Microsoft-Windows-Windows Defender","Microsoft Defender Antivirus used cloud protection to get additional security intelligence.
 	Current security intelligence Version: 1.455.499.0
 	Security intelligence Type: 
 	User: \
 	Current Engine Version: 1.1.26060.3008
 	Cloud protection intelligence Type: Security intelligence update
 	Persistence Path: C:\ProgramData\Microsoft\Windows Defender\Scans\RtSigs\data\b9da85a9b82ebdf4e21bd4b280a8f9ac8cc7787f
 	Cloud protection intelligence Version: 0.0.0.0
 	Cloud protection intelligence Compilation Timestamp: 05-08-2026 04:13:33
 	Persistence Limit Type: Duration
 	Persistence Limit: 432000000"
"05-08-2026 09:43:35","2010","Information","Microsoft-Windows-Windows Defender","Microsoft Defender Antivirus used cloud protection to get additional security intelligence.
 	Current security intelligence Version: 1.455.499.0
 	Security intelligence Type: 
 	User: \
 	Current Engine Version: 1.1.26060.3008
 	Cloud protection intelligence Type: Security intelligence update
 	Persistence Path: C:\ProgramData\Microsoft\Windows Defender\Scans\RtSigs\data\2ade3f6d037be8c6a9e6381dcf9d9d8d1cbb3b84
 	Cloud protection intelligence Version: 0.0.0.0
 	Cloud protection intelligence Compilation Timestamp: 05-08-2026 04:13:32
 	Persistence Limit Type: Duration
 	Persistence Limit: 432000000"
"05-08-2026 09:43:35","2010","Information","Microsoft-Windows-Windows Defender","Microsoft Defender Antivirus used cloud protection to get additional security intelligence.
 	Current security intelligence Version: 1.455.499.0
 	Security intelligence Type: 
 	User: \
 	Current Engine Version: 1.1.26060.3008
 	Cloud protection intelligence Type: Security intelligence update
 	Persistence Path: C:\ProgramData\Microsoft\Windows Defender\Scans\RtSigs\data\d009cdce607d5515029f69836a612d6207aef750
 	Cloud protection intelligence Version: 0.0.0.0
 	Cloud protection intelligence Compilation Timestamp: 05-08-2026 04:13:32
 	Persistence Limit Type: Duration
 	Persistence Limit: 432000000"
"05-08-2026 09:38:50","5007","Information","Microsoft-Windows-Windows Defender","Microsoft Defender Antivirus Configuration has changed. If this is an unexpected event you should review the settings as this may be the result of malware.
 	Old value: HKLM\SOFTWARE\Microsoft\Windows Defender\UX Configuration\ToastOrSsoTrigger = 0x0
 	New value: HKLM\SOFTWARE\Microsoft\Windows Defender\UX Configuration\ToastOrSsoTrigger = 0x1"
"05-08-2026 09:38:50","5007","Information","Microsoft-Windows-Windows Defender","Microsoft Defender Antivirus Configuration has changed. If this is an unexpected event you should review the settings as this may be the result of malware.
 	Old value: HKLM\SOFTWARE\Microsoft\Windows Defender\UX Configuration\ToastOrSsoTrigger = 0x0
 	New value: HKLM\SOFTWARE\Microsoft\Windows Defender\UX Configuration\ToastOrSsoTrigger = 0x1"
"05-08-2026 09:38:39","5007","Information","Microsoft-Windows-Windows Defender","Microsoft Defender Antivirus Configuration has changed. If this is an unexpected event you should review the settings as this may be the result of malware.
 	Old value: HKLM\SOFTWARE\Microsoft\Windows Defender\SpyNet\LastMAPSFailureTimeString = 2026-08-05T01:00:43Z
 	New value: HKLM\SOFTWARE\Microsoft\Windows Defender\SpyNet\LastMAPSFailureTimeString = 2026-08-05T04:08:38Z"
"05-08-2026 09:38:39","5007","Information","Microsoft-Windows-Windows Defender","Microsoft Defender Antivirus Configuration has changed. If this is an unexpected event you should review the settings as this may be the result of malware.
 	Old value: HKLM\SOFTWARE\Microsoft\Windows Defender\SpyNet\LastMAPSFailureTimeString = 2026-08-05T01:00:43Z
 	New value: HKLM\SOFTWARE\Microsoft\Windows Defender\SpyNet\LastMAPSFailureTimeString = 2026-08-05T04:08:38Z"
"05-08-2026 06:30:43","5007","Information","Microsoft-Windows-Windows Defender","Microsoft Defender Antivirus Configuration has changed. If this is an unexpected event you should review the settings as this may be the result of malware.
 	Old value: HKLM\SOFTWARE\Microsoft\Windows Defender\SpyNet\LastMAPSFailureTimeString = 2026-08-05T01:00:26Z
 	New value: HKLM\SOFTWARE\Microsoft\Windows Defender\SpyNet\LastMAPSFailureTimeString = 2026-08-05T01:00:43Z"
"05-08-2026 06:30:43","5007","Information","Microsoft-Windows-Windows Defender","Microsoft Defender Antivirus Configuration has changed. If this is an unexpected event you should review the settings as this may be the result of malware.
 	Old value: HKLM\SOFTWARE\Microsoft\Windows Defender\SpyNet\LastMAPSFailureTimeString = 2026-08-05T01:00:26Z
 	New value: HKLM\SOFTWARE\Microsoft\Windows Defender\SpyNet\LastMAPSFailureTimeString = 2026-08-05T01:00:43Z"
"05-08-2026 06:30:27","5007","Information","Microsoft-Windows-Windows Defender","Microsoft Defender Antivirus Configuration has changed. If this is an unexpected event you should review the settings as this may be the result of malware.
 	Old value: HKLM\SOFTWARE\Microsoft\Windows Defender\SpyNet\LastMAPSFailureTimeString = 2026-08-04T15:58:51Z
 	New value: HKLM\SOFTWARE\Microsoft\Windows Defender\SpyNet\LastMAPSFailureTimeString = 2026-08-05T01:00:26Z"
"05-08-2026 06:30:27","5007","Information","Microsoft-Windows-Windows Defender","Microsoft Defender Antivirus Configuration has changed. If this is an unexpected event you should review the settings as this may be the result of malware.
 	Old value: HKLM\SOFTWARE\Microsoft\Windows Defender\SpyNet\LastMAPSFailureTimeString = 2026-08-04T15:58:51Z
 	New value: HKLM\SOFTWARE\Microsoft\Windows Defender\SpyNet\LastMAPSFailureTimeString = 2026-08-05T01:00:26Z"
"04-08-2026 21:28:52","5007","Information","Microsoft-Windows-Windows Defender","Microsoft Defender Antivirus Configuration has changed. If this is an unexpected event you should review the settings as this may be the result of malware.
 	Old value: HKLM\SOFTWARE\Microsoft\Windows Defender\SpyNet\LastMAPSFailureTimeString = 2026-08-04T15:58:39Z
 	New value: HKLM\SOFTWARE\Microsoft\Windows Defender\SpyNet\LastMAPSFailureTimeString = 2026-08-04T15:58:51Z"
"04-08-2026 21:28:52","5007","Information","Microsoft-Windows-Windows Defender","Microsoft Defender Antivirus Configuration has changed. If this is an unexpected event you should review the settings as this may be the result of malware.
 	Old value: HKLM\SOFTWARE\Microsoft\Windows Defender\SpyNet\LastMAPSFailureTimeString = 2026-08-04T15:58:39Z
 	New value: HKLM\SOFTWARE\Microsoft\Windows Defender\SpyNet\LastMAPSFailureTimeString = 2026-08-04T15:58:51Z"
"04-08-2026 21:28:40","5007","Information","Microsoft-Windows-Windows Defender","Microsoft Defender Antivirus Configuration has changed. If this is an unexpected event you should review the settings as this may be the result of malware.
 	Old value: HKLM\SOFTWARE\Microsoft\Windows Defender\SpyNet\LastMAPSFailureTimeString = 2026-08-03T21:41:08Z
 	New value: HKLM\SOFTWARE\Microsoft\Windows Defender\SpyNet\LastMAPSFailureTimeString = 2026-08-04T15:58:39Z"
"04-08-2026 21:28:40","5007","Information","Microsoft-Windows-Windows Defender","Microsoft Defender Antivirus Configuration has changed. If this is an unexpected event you should review the settings as this may be the result of malware.
 	Old value: HKLM\SOFTWARE\Microsoft\Windows Defender\SpyNet\LastMAPSFailureTimeString = 2026-08-03T21:41:08Z
 	New value: HKLM\SOFTWARE\Microsoft\Windows Defender\SpyNet\LastMAPSFailureTimeString = 2026-08-04T15:58:39Z"
"04-08-2026 19:09:39","1151","Information","Microsoft-Windows-Windows Defender","Endpoint Protection client health report (time in UTC):
 	Platform version: 4.18.26060.3008
 	Engine version: 1.1.26060.3008
 	Network Realtime Inspection engine version: 1.1.26060.3008
 	Antivirus security intelligence version: 1.455.499.0
 	Antispyware security intelligence version: 1.455.499.0
 	Network Realtime Inspection security intelligence version: 1.455.499.0
 	RTP state: Enabled
 	OA state: Enabled
 	IOAV state: Enabled
 	BM state: Enabled
 	Antivirus security intelligence age: 0
 	Antispyware security intelligence age: 0
 	Last quick scan age: 0
 	Last full scan age: 4294967295
 	Antivirus security intelligence creation time: 2026-08-04T01:04:19Z
 	Antispyware security intelligence creation time: 2026-08-04T01:04:19Z
 	Last quick scan start time: 2026-08-04T09:53:25Z
 	Last quick scan end time: 2026-08-04T10:01:11Z
 	Last quick scan source: 2
 	Last full scan start time: 1601-01-01T00:00:00Z
 	Last full scan end time: 1601-01-01T00:00:00Z
 	Last full scan source: 0
 	Product status: 0x00080000
"
"04-08-2026 19:09:39","1150","Information","Microsoft-Windows-Windows Defender","Endpoint Protection client is up and running in a healthy state.
 	Platform version: 4.18.26060.3008
 	Engine version: 1.1.26060.3008
 	Security intelligence version: 1.455.499.0
"
"04-08-2026 19:02:11","2010","Information","Microsoft-Windows-Windows Defender","Microsoft Defender Antivirus used cloud protection to get additional security intelligence.
 	Current security intelligence Version: 1.455.499.0
 	Security intelligence Type: 
 	User: \
 	Current Engine Version: 1.1.26060.3008
 	Cloud protection intelligence Type: Security intelligence update
 	Persistence Path: C:\ProgramData\Microsoft\Windows Defender\Scans\RtSigs\data\5fbb364bf9722c08dab404addb4fc85dacf9765a
 	Cloud protection intelligence Version: 0.0.0.0
 	Cloud protection intelligence Compilation Timestamp: 04-08-2026 13:32:11
 	Persistence Limit Type: Duration
 	Persistence Limit: 72000000"
"04-08-2026 19:02:11","2010","Information","Microsoft-Windows-Windows Defender","Microsoft Defender Antivirus used cloud protection to get additional security intelligence.
 	Current security intelligence Version: 1.455.499.0
 	Security intelligence Type: 
 	User: \
 	Current Engine Version: 1.1.26060.3008
 	Cloud protection intelligence Type: Security intelligence update
 	Persistence Path: C:\ProgramData\Microsoft\Windows Defender\Scans\RtSigs\data\01ca81500aa677926351c60f87ebcc96d8004397
 	Cloud protection intelligence Version: 0.0.0.0
 	Cloud protection intelligence Compilation Timestamp: 04-08-2026 13:32:11
 	Persistence Limit Type: Duration
 	Persistence Limit: 432000000"
