"18-08-2026 10:25:48","5321","Information","Microsoft-Windows-GroupPolicy","A previous instance of the Group Policy Client Service was detected. Parameter: 03a7dd79-c4cd-4116-a973-6c4a48554aea"
"18-08-2026 10:25:48","5117","Information","Microsoft-Windows-GroupPolicy","Group policy session completed successfully."
"18-08-2026 10:25:48","5320","Information","Microsoft-Windows-GroupPolicy","Initializing service instance state to detect previous instances of the service."
"18-08-2026 10:25:48","5320","Information","Microsoft-Windows-GroupPolicy","Initializing and reading current service configuration for the Group Policy Client service."
"18-08-2026 10:25:48","5320","Information","Microsoft-Windows-GroupPolicy","The Group Policy Client service is currently configured as a standalone service."
"18-08-2026 10:25:48","5116","Information","Microsoft-Windows-GroupPolicy","Successfully completed the Group Policy Service initialization phase."
"18-08-2026 10:25:48","4117","Information","Microsoft-Windows-GroupPolicy","Group Policy Session started."
"18-08-2026 10:25:48","5351","Information","Microsoft-Windows-GroupPolicy","Group policy session returned to winlogon."
"18-08-2026 10:25:48","4117","Information","Microsoft-Windows-GroupPolicy","Group Policy Session started."
"18-08-2026 10:25:48","5351","Information","Microsoft-Windows-GroupPolicy","Group policy session returned to winlogon."
"18-08-2026 10:25:48","5324","Information","Microsoft-Windows-GroupPolicy","Group Policy received the notification CreateSession from Winlogon for session 0."
"18-08-2026 10:25:48","4115","Information","Microsoft-Windows-GroupPolicy","Group Policy Service started."
"18-08-2026 10:25:48","4116","Information","Microsoft-Windows-GroupPolicy","Started the Group Policy service initialization phase."
"18-08-2026 10:10:48","5117","Information","Microsoft-Windows-GroupPolicy","Group policy session completed successfully."
"18-08-2026 10:10:48","5321","Information","Microsoft-Windows-GroupPolicy","A previous instance of the Group Policy Client Service was detected. Parameter: b414f059-c1a3-44dd-883f-a3903557d4d2"
"18-08-2026 10:10:48","5320","Information","Microsoft-Windows-GroupPolicy","Initializing service instance state to detect previous instances of the service."
"18-08-2026 10:10:48","5320","Information","Microsoft-Windows-GroupPolicy","Initializing and reading current service configuration for the Group Policy Client service."
"18-08-2026 10:10:48","5320","Information","Microsoft-Windows-GroupPolicy","The Group Policy Client service is currently configured as a standalone service."
"18-08-2026 10:10:48","5117","Information","Microsoft-Windows-GroupPolicy","Group policy session completed successfully."
"18-08-2026 10:10:48","5116","Information","Microsoft-Windows-GroupPolicy","Successfully completed the Group Policy Service initialization phase."
"18-08-2026 10:10:48","4117","Information","Microsoft-Windows-GroupPolicy","Group Policy Session started."
"18-08-2026 10:10:48","5351","Information","Microsoft-Windows-GroupPolicy","Group policy session returned to winlogon."
"18-08-2026 10:10:48","4117","Information","Microsoft-Windows-GroupPolicy","Group Policy Session started."
"18-08-2026 10:10:48","5351","Information","Microsoft-Windows-GroupPolicy","Group policy session returned to winlogon."
"18-08-2026 10:10:48","5324","Information","Microsoft-Windows-GroupPolicy","Group Policy received the notification CreateSession from Winlogon for session 0."
"18-08-2026 10:10:48","4115","Information","Microsoft-Windows-GroupPolicy","Group Policy Service started."
"18-08-2026 10:10:48","4116","Information","Microsoft-Windows-GroupPolicy","Started the Group Policy service initialization phase."
"18-08-2026 09:55:48","5117","Information","Microsoft-Windows-GroupPolicy","Group policy session completed successfully."
"18-08-2026 09:55:48","5321","Information","Microsoft-Windows-GroupPolicy","A previous instance of the Group Policy Client Service was detected. Parameter: af860aec-ec05-415a-878a-fd5741a19e32"
"18-08-2026 09:55:48","5117","Information","Microsoft-Windows-GroupPolicy","Group policy session completed successfully."
"18-08-2026 09:55:48","5320","Information","Microsoft-Windows-GroupPolicy","Initializing service instance state to detect previous instances of the service."
"18-08-2026 09:55:48","5320","Information","Microsoft-Windows-GroupPolicy","Initializing and reading current service configuration for the Group Policy Client service."
"18-08-2026 09:55:48","5320","Information","Microsoft-Windows-GroupPolicy","The Group Policy Client service is currently configured as a standalone service."
"18-08-2026 09:55:48","5116","Information","Microsoft-Windows-GroupPolicy","Successfully completed the Group Policy Service initialization phase."
"18-08-2026 09:55:48","4117","Information","Microsoft-Windows-GroupPolicy","Group Policy Session started."
"18-08-2026 09:55:48","5351","Information","Microsoft-Windows-GroupPolicy","Group policy session returned to winlogon."
"18-08-2026 09:55:48","4117","Information","Microsoft-Windows-GroupPolicy","Group Policy Session started."
"18-08-2026 09:55:48","5351","Information","Microsoft-Windows-GroupPolicy","Group policy session returned to winlogon."
"18-08-2026 09:55:48","5324","Information","Microsoft-Windows-GroupPolicy","Group Policy received the notification CreateSession from Winlogon for session 0."
"18-08-2026 09:55:48","4115","Information","Microsoft-Windows-GroupPolicy","Group Policy Service started."
"18-08-2026 09:55:48","4116","Information","Microsoft-Windows-GroupPolicy","Started the Group Policy service initialization phase."
"17-08-2026 21:01:58","5117","Information","Microsoft-Windows-GroupPolicy","Group policy session completed successfully."
"17-08-2026 21:01:58","5321","Information","Microsoft-Windows-GroupPolicy","A previous instance of the Group Policy Client Service was detected. Parameter: 17d8b405-32c9-4a1c-a409-ee0231318c41"
"17-08-2026 21:01:58","5320","Information","Microsoft-Windows-GroupPolicy","Initializing service instance state to detect previous instances of the service."
"17-08-2026 21:01:58","5320","Information","Microsoft-Windows-GroupPolicy","Initializing and reading current service configuration for the Group Policy Client service."
"17-08-2026 21:01:58","5320","Information","Microsoft-Windows-GroupPolicy","The Group Policy Client service is currently configured as a standalone service."
"17-08-2026 21:01:58","5117","Information","Microsoft-Windows-GroupPolicy","Group policy session completed successfully."
"17-08-2026 21:01:58","5116","Information","Microsoft-Windows-GroupPolicy","Successfully completed the Group Policy Service initialization phase."
"17-08-2026 21:01:58","4117","Information","Microsoft-Windows-GroupPolicy","Group Policy Session started."
"17-08-2026 21:01:58","5351","Information","Microsoft-Windows-GroupPolicy","Group policy session returned to winlogon."
"17-08-2026 21:01:58","4117","Information","Microsoft-Windows-GroupPolicy","Group Policy Session started."
"17-08-2026 21:01:58","5351","Information","Microsoft-Windows-GroupPolicy","Group policy session returned to winlogon."
"17-08-2026 21:01:58","5324","Information","Microsoft-Windows-GroupPolicy","Group Policy received the notification CreateSession from Winlogon for session 0."
"17-08-2026 21:01:58","4115","Information","Microsoft-Windows-GroupPolicy","Group Policy Service started."
"17-08-2026 21:01:58","4116","Information","Microsoft-Windows-GroupPolicy","Started the Group Policy service initialization phase."
"17-08-2026 20:51:00","5117","Information","Microsoft-Windows-GroupPolicy","Group policy session completed successfully."
"17-08-2026 20:51:00","5117","Information","Microsoft-Windows-GroupPolicy","Group policy session completed successfully."
"17-08-2026 20:51:00","5321","Information","Microsoft-Windows-GroupPolicy","A previous instance of the Group Policy Client Service was detected. Parameter: 05d41359-6fb2-4236-b617-25a39b8da9d2"
"17-08-2026 20:51:00","5320","Information","Microsoft-Windows-GroupPolicy","Initializing service instance state to detect previous instances of the service."
"17-08-2026 20:51:00","5320","Information","Microsoft-Windows-GroupPolicy","Initializing and reading current service configuration for the Group Policy Client service."
"17-08-2026 20:51:00","5320","Information","Microsoft-Windows-GroupPolicy","The Group Policy Client service is currently configured as a standalone service."
"17-08-2026 20:51:00","5116","Information","Microsoft-Windows-GroupPolicy","Successfully completed the Group Policy Service initialization phase."
"17-08-2026 20:51:00","4117","Information","Microsoft-Windows-GroupPolicy","Group Policy Session started."
"17-08-2026 20:51:00","5351","Information","Microsoft-Windows-GroupPolicy","Group policy session returned to winlogon."
"17-08-2026 20:51:00","4117","Information","Microsoft-Windows-GroupPolicy","Group Policy Session started."
"17-08-2026 20:51:00","5351","Information","Microsoft-Windows-GroupPolicy","Group policy session returned to winlogon."
"17-08-2026 20:51:00","5324","Information","Microsoft-Windows-GroupPolicy","Group Policy received the notification CreateSession from Winlogon for session 0."
"17-08-2026 20:51:00","4115","Information","Microsoft-Windows-GroupPolicy","Group Policy Service started."
"17-08-2026 20:51:00","4116","Information","Microsoft-Windows-GroupPolicy","Started the Group Policy service initialization phase."
"17-08-2026 20:28:28","5117","Information","Microsoft-Windows-GroupPolicy","Group policy session completed successfully."
"17-08-2026 20:28:28","5321","Information","Microsoft-Windows-GroupPolicy","A previous instance of the Group Policy Client Service was detected. Parameter: d4263306-04fe-4cc1-83b1-2e7d38c68845"
"17-08-2026 20:28:28","5320","Information","Microsoft-Windows-GroupPolicy","Initializing service instance state to detect previous instances of the service."
"17-08-2026 20:28:28","5320","Information","Microsoft-Windows-GroupPolicy","Initializing and reading current service configuration for the Group Policy Client service."
"17-08-2026 20:28:28","5320","Information","Microsoft-Windows-GroupPolicy","The Group Policy Client service is currently configured as a standalone service."
"17-08-2026 20:28:28","5117","Information","Microsoft-Windows-GroupPolicy","Group policy session completed successfully."
"17-08-2026 20:28:28","5116","Information","Microsoft-Windows-GroupPolicy","Successfully completed the Group Policy Service initialization phase."
"17-08-2026 20:28:28","4117","Information","Microsoft-Windows-GroupPolicy","Group Policy Session started."
"17-08-2026 20:28:28","5351","Information","Microsoft-Windows-GroupPolicy","Group policy session returned to winlogon."
"17-08-2026 20:28:28","4117","Information","Microsoft-Windows-GroupPolicy","Group Policy Session started."
"17-08-2026 20:28:28","5351","Information","Microsoft-Windows-GroupPolicy","Group policy session returned to winlogon."
"17-08-2026 20:28:28","5324","Information","Microsoft-Windows-GroupPolicy","Group Policy received the notification CreateSession from Winlogon for session 0."
"17-08-2026 20:28:28","4115","Information","Microsoft-Windows-GroupPolicy","Group Policy Service started."
"17-08-2026 20:28:28","4116","Information","Microsoft-Windows-GroupPolicy","Started the Group Policy service initialization phase."
"17-08-2026 20:16:57","5117","Information","Microsoft-Windows-GroupPolicy","Group policy session completed successfully."
"17-08-2026 20:16:57","5321","Information","Microsoft-Windows-GroupPolicy","A previous instance of the Group Policy Client Service was detected. Parameter: 1d13e7fa-a2a1-4885-bcb8-727e0c1abb57"
"17-08-2026 20:16:57","5320","Information","Microsoft-Windows-GroupPolicy","Initializing service instance state to detect previous instances of the service."
"17-08-2026 20:16:57","5320","Information","Microsoft-Windows-GroupPolicy","Initializing and reading current service configuration for the Group Policy Client service."
"17-08-2026 20:16:57","5320","Information","Microsoft-Windows-GroupPolicy","The Group Policy Client service is currently configured as a standalone service."
"17-08-2026 20:16:57","5117","Information","Microsoft-Windows-GroupPolicy","Group policy session completed successfully."
"17-08-2026 20:16:57","5116","Information","Microsoft-Windows-GroupPolicy","Successfully completed the Group Policy Service initialization phase."
"17-08-2026 20:16:57","4117","Information","Microsoft-Windows-GroupPolicy","Group Policy Session started."
"17-08-2026 20:16:57","5351","Information","Microsoft-Windows-GroupPolicy","Group policy session returned to winlogon."
"17-08-2026 20:16:57","4117","Information","Microsoft-Windows-GroupPolicy","Group Policy Session started."
"17-08-2026 20:16:57","5351","Information","Microsoft-Windows-GroupPolicy","Group policy session returned to winlogon."
"17-08-2026 20:16:57","5324","Information","Microsoft-Windows-GroupPolicy","Group Policy received the notification CreateSession from Winlogon for session 0."
"17-08-2026 20:16:57","4115","Information","Microsoft-Windows-GroupPolicy","Group Policy Service started."
"17-08-2026 20:16:57","4116","Information","Microsoft-Windows-GroupPolicy","Started the Group Policy service initialization phase."
"17-08-2026 20:01:57","5117","Information","Microsoft-Windows-GroupPolicy","Group policy session completed successfully."
"17-08-2026 20:01:57","5321","Information","Microsoft-Windows-GroupPolicy","A previous instance of the Group Policy Client Service was detected. Parameter: 0dc8aaff-34b4-4232-ad57-a35a8dd4778a"
"17-08-2026 20:01:57","5320","Information","Microsoft-Windows-GroupPolicy","Initializing service instance state to detect previous instances of the service."
"17-08-2026 20:01:57","5320","Information","Microsoft-Windows-GroupPolicy","Initializing and reading current service configuration for the Group Policy Client service."
"17-08-2026 20:01:57","5320","Information","Microsoft-Windows-GroupPolicy","The Group Policy Client service is currently configured as a standalone service."
"17-08-2026 20:01:57","5117","Information","Microsoft-Windows-GroupPolicy","Group policy session completed successfully."
"17-08-2026 20:01:57","5116","Information","Microsoft-Windows-GroupPolicy","Successfully completed the Group Policy Service initialization phase."
"17-08-2026 20:01:57","4117","Information","Microsoft-Windows-GroupPolicy","Group Policy Session started."
"17-08-2026 20:01:57","5351","Information","Microsoft-Windows-GroupPolicy","Group policy session returned to winlogon."
"17-08-2026 20:01:57","4117","Information","Microsoft-Windows-GroupPolicy","Group Policy Session started."
"17-08-2026 20:01:57","5351","Information","Microsoft-Windows-GroupPolicy","Group policy session returned to winlogon."
"17-08-2026 20:01:57","5324","Information","Microsoft-Windows-GroupPolicy","Group Policy received the notification CreateSession from Winlogon for session 0."
"17-08-2026 20:01:57","4115","Information","Microsoft-Windows-GroupPolicy","Group Policy Service started."
"17-08-2026 20:01:57","4116","Information","Microsoft-Windows-GroupPolicy","Started the Group Policy service initialization phase."
"17-08-2026 19:49:56","5117","Information","Microsoft-Windows-GroupPolicy","Group policy session completed successfully."
"17-08-2026 19:49:56","5321","Information","Microsoft-Windows-GroupPolicy","A previous instance of the Group Policy Client Service was detected. Parameter: 9eb44a53-416d-436c-b9dc-41d987c54ddd"
"17-08-2026 19:49:56","5320","Information","Microsoft-Windows-GroupPolicy","Initializing service instance state to detect previous instances of the service."
"17-08-2026 19:49:56","5320","Information","Microsoft-Windows-GroupPolicy","Initializing and reading current service configuration for the Group Policy Client service."
"17-08-2026 19:49:56","5117","Information","Microsoft-Windows-GroupPolicy","Group policy session completed successfully."
"17-08-2026 19:49:56","5320","Information","Microsoft-Windows-GroupPolicy","The Group Policy Client service is currently configured as a standalone service."
"17-08-2026 19:49:56","5116","Information","Microsoft-Windows-GroupPolicy","Successfully completed the Group Policy Service initialization phase."
"17-08-2026 19:49:56","4117","Information","Microsoft-Windows-GroupPolicy","Group Policy Session started."
"17-08-2026 19:49:56","5351","Information","Microsoft-Windows-GroupPolicy","Group policy session returned to winlogon."
"17-08-2026 19:49:56","4117","Information","Microsoft-Windows-GroupPolicy","Group Policy Session started."
"17-08-2026 19:49:56","5351","Information","Microsoft-Windows-GroupPolicy","Group policy session returned to winlogon."
"17-08-2026 19:49:56","5324","Information","Microsoft-Windows-GroupPolicy","Group Policy received the notification CreateSession from Winlogon for session 0."
"17-08-2026 19:49:56","4115","Information","Microsoft-Windows-GroupPolicy","Group Policy Service started."
"17-08-2026 19:49:56","4116","Information","Microsoft-Windows-GroupPolicy","Started the Group Policy service initialization phase."
"17-08-2026 19:39:43","5117","Information","Microsoft-Windows-GroupPolicy","Group policy session completed successfully."
"17-08-2026 19:39:43","5321","Information","Microsoft-Windows-GroupPolicy","A previous instance of the Group Policy Client Service was detected. Parameter: 56fbe33a-3042-4a64-85b0-ae2b656dd3b9"
"17-08-2026 19:39:43","5320","Information","Microsoft-Windows-GroupPolicy","Initializing service instance state to detect previous instances of the service."
"17-08-2026 19:39:43","5320","Information","Microsoft-Windows-GroupPolicy","Initializing and reading current service configuration for the Group Policy Client service."
"17-08-2026 19:39:43","5320","Information","Microsoft-Windows-GroupPolicy","The Group Policy Client service is currently configured as a standalone service."
"17-08-2026 19:39:43","5117","Information","Microsoft-Windows-GroupPolicy","Group policy session completed successfully."
"17-08-2026 19:39:43","5116","Information","Microsoft-Windows-GroupPolicy","Successfully completed the Group Policy Service initialization phase."
"17-08-2026 19:39:43","4117","Information","Microsoft-Windows-GroupPolicy","Group Policy Session started."
"17-08-2026 19:39:43","5351","Information","Microsoft-Windows-GroupPolicy","Group policy session returned to winlogon."
"17-08-2026 19:39:43","4117","Information","Microsoft-Windows-GroupPolicy","Group Policy Session started."
"17-08-2026 19:39:43","5351","Information","Microsoft-Windows-GroupPolicy","Group policy session returned to winlogon."
"17-08-2026 19:39:43","5324","Information","Microsoft-Windows-GroupPolicy","Group Policy received the notification CreateSession from Winlogon for session 0."
"17-08-2026 19:39:43","4115","Information","Microsoft-Windows-GroupPolicy","Group Policy Service started."
"17-08-2026 19:39:43","4116","Information","Microsoft-Windows-GroupPolicy","Started the Group Policy service initialization phase."
"17-08-2026 19:28:28","5117","Information","Microsoft-Windows-GroupPolicy","Group policy session completed successfully."
"17-08-2026 19:28:28","5321","Information","Microsoft-Windows-GroupPolicy","A previous instance of the Group Policy Client Service was detected. Parameter: 6993e6c6-9bd0-4439-b0f3-0fec31fbfe99"
"17-08-2026 19:28:28","5320","Information","Microsoft-Windows-GroupPolicy","Initializing service instance state to detect previous instances of the service."
"17-08-2026 19:28:28","5320","Information","Microsoft-Windows-GroupPolicy","Initializing and reading current service configuration for the Group Policy Client service."
"17-08-2026 19:28:28","5320","Information","Microsoft-Windows-GroupPolicy","The Group Policy Client service is currently configured as a standalone service."
"17-08-2026 19:28:28","5117","Information","Microsoft-Windows-GroupPolicy","Group policy session completed successfully."
"17-08-2026 19:28:28","5116","Information","Microsoft-Windows-GroupPolicy","Successfully completed the Group Policy Service initialization phase."
"17-08-2026 19:28:28","4117","Information","Microsoft-Windows-GroupPolicy","Group Policy Session started."
"17-08-2026 19:28:28","5351","Information","Microsoft-Windows-GroupPolicy","Group policy session returned to winlogon."
"17-08-2026 19:28:28","4117","Information","Microsoft-Windows-GroupPolicy","Group Policy Session started."
"17-08-2026 19:28:28","5351","Information","Microsoft-Windows-GroupPolicy","Group policy session returned to winlogon."
"17-08-2026 19:28:28","5324","Information","Microsoft-Windows-GroupPolicy","Group Policy received the notification CreateSession from Winlogon for session 0."
"17-08-2026 19:28:28","4115","Information","Microsoft-Windows-GroupPolicy","Group Policy Service started."
"17-08-2026 19:28:28","4116","Information","Microsoft-Windows-GroupPolicy","Started the Group Policy service initialization phase."
"17-08-2026 19:16:57","5117","Information","Microsoft-Windows-GroupPolicy","Group policy session completed successfully."
"17-08-2026 19:16:57","5321","Information","Microsoft-Windows-GroupPolicy","A previous instance of the Group Policy Client Service was detected. Parameter: 8ab7d74a-a39e-47d3-bf65-e39faa458f4f"
"17-08-2026 19:16:57","5320","Information","Microsoft-Windows-GroupPolicy","Initializing service instance state to detect previous instances of the service."
"17-08-2026 19:16:57","5320","Information","Microsoft-Windows-GroupPolicy","Initializing and reading current service configuration for the Group Policy Client service."
"17-08-2026 19:16:57","5320","Information","Microsoft-Windows-GroupPolicy","The Group Policy Client service is currently configured as a standalone service."
"17-08-2026 19:16:57","5117","Information","Microsoft-Windows-GroupPolicy","Group policy session completed successfully."
"17-08-2026 19:16:57","5116","Information","Microsoft-Windows-GroupPolicy","Successfully completed the Group Policy Service initialization phase."
"17-08-2026 19:16:57","4117","Information","Microsoft-Windows-GroupPolicy","Group Policy Session started."
"17-08-2026 19:16:57","5351","Information","Microsoft-Windows-GroupPolicy","Group policy session returned to winlogon."
"17-08-2026 19:16:57","4117","Information","Microsoft-Windows-GroupPolicy","Group Policy Session started."
"17-08-2026 19:16:57","5351","Information","Microsoft-Windows-GroupPolicy","Group policy session returned to winlogon."
"17-08-2026 19:16:57","5324","Information","Microsoft-Windows-GroupPolicy","Group Policy received the notification CreateSession from Winlogon for session 0."
"17-08-2026 19:16:57","4115","Information","Microsoft-Windows-GroupPolicy","Group Policy Service started."
"17-08-2026 19:16:57","4116","Information","Microsoft-Windows-GroupPolicy","Started the Group Policy service initialization phase."
"17-08-2026 18:40:51","5117","Information","Microsoft-Windows-GroupPolicy","Group policy session completed successfully."
"17-08-2026 18:40:51","5321","Information","Microsoft-Windows-GroupPolicy","A previous instance of the Group Policy Client Service was detected. Parameter: baea153a-93bc-40bb-b739-4e4e7be4e992"
"17-08-2026 18:40:51","5320","Information","Microsoft-Windows-GroupPolicy","Initializing service instance state to detect previous instances of the service."
"17-08-2026 18:40:51","5320","Information","Microsoft-Windows-GroupPolicy","Initializing and reading current service configuration for the Group Policy Client service."
"17-08-2026 18:40:51","5320","Information","Microsoft-Windows-GroupPolicy","The Group Policy Client service is currently configured as a standalone service."
"17-08-2026 18:40:51","5117","Information","Microsoft-Windows-GroupPolicy","Group policy session completed successfully."
"17-08-2026 18:40:51","5116","Information","Microsoft-Windows-GroupPolicy","Successfully completed the Group Policy Service initialization phase."
"17-08-2026 18:40:51","4117","Information","Microsoft-Windows-GroupPolicy","Group Policy Session started."
"17-08-2026 18:40:51","5351","Information","Microsoft-Windows-GroupPolicy","Group policy session returned to winlogon."
"17-08-2026 18:40:51","4117","Information","Microsoft-Windows-GroupPolicy","Group Policy Session started."
"17-08-2026 18:40:51","5351","Information","Microsoft-Windows-GroupPolicy","Group policy session returned to winlogon."
"17-08-2026 18:40:51","5324","Information","Microsoft-Windows-GroupPolicy","Group Policy received the notification CreateSession from Winlogon for session 0."
"17-08-2026 18:40:51","4115","Information","Microsoft-Windows-GroupPolicy","Group Policy Service started."
"17-08-2026 18:40:51","4116","Information","Microsoft-Windows-GroupPolicy","Started the Group Policy service initialization phase."
"17-08-2026 18:28:28","5117","Information","Microsoft-Windows-GroupPolicy","Group policy session completed successfully."
"17-08-2026 18:28:28","5321","Information","Microsoft-Windows-GroupPolicy","A previous instance of the Group Policy Client Service was detected. Parameter: 75dd60d2-41fd-4afb-b6a1-b29d25dcdeef"
"17-08-2026 18:28:28","5320","Information","Microsoft-Windows-GroupPolicy","Initializing service instance state to detect previous instances of the service."
"17-08-2026 18:28:28","5320","Information","Microsoft-Windows-GroupPolicy","Initializing and reading current service configuration for the Group Policy Client service."
"17-08-2026 18:28:28","5320","Information","Microsoft-Windows-GroupPolicy","The Group Policy Client service is currently configured as a standalone service."
"17-08-2026 18:28:28","5117","Information","Microsoft-Windows-GroupPolicy","Group policy session completed successfully."
"17-08-2026 18:28:28","5116","Information","Microsoft-Windows-GroupPolicy","Successfully completed the Group Policy Service initialization phase."
"17-08-2026 18:28:28","4117","Information","Microsoft-Windows-GroupPolicy","Group Policy Session started."
"17-08-2026 18:28:28","5351","Information","Microsoft-Windows-GroupPolicy","Group policy session returned to winlogon."
"17-08-2026 18:28:28","4117","Information","Microsoft-Windows-GroupPolicy","Group Policy Session started."
"17-08-2026 18:28:28","5351","Information","Microsoft-Windows-GroupPolicy","Group policy session returned to winlogon."
"17-08-2026 18:28:28","5324","Information","Microsoft-Windows-GroupPolicy","Group Policy received the notification CreateSession from Winlogon for session 0."
"17-08-2026 18:28:28","4115","Information","Microsoft-Windows-GroupPolicy","Group Policy Service started."
"17-08-2026 18:28:28","4116","Information","Microsoft-Windows-GroupPolicy","Started the Group Policy service initialization phase."
"17-08-2026 18:16:57","5117","Information","Microsoft-Windows-GroupPolicy","Group policy session completed successfully."
"17-08-2026 18:16:57","5321","Information","Microsoft-Windows-GroupPolicy","A previous instance of the Group Policy Client Service was detected. Parameter: a869f73a-fc39-4a70-a9bd-ad54c56a555e"
"17-08-2026 18:16:57","5320","Information","Microsoft-Windows-GroupPolicy","Initializing service instance state to detect previous instances of the service."
"17-08-2026 18:16:57","5320","Information","Microsoft-Windows-GroupPolicy","Initializing and reading current service configuration for the Group Policy Client service."
"17-08-2026 18:16:57","5320","Information","Microsoft-Windows-GroupPolicy","The Group Policy Client service is currently configured as a standalone service."
"17-08-2026 18:16:57","5117","Information","Microsoft-Windows-GroupPolicy","Group policy session completed successfully."
"17-08-2026 18:16:57","5116","Information","Microsoft-Windows-GroupPolicy","Successfully completed the Group Policy Service initialization phase."
"17-08-2026 18:16:57","4117","Information","Microsoft-Windows-GroupPolicy","Group Policy Session started."
"17-08-2026 18:16:57","5351","Information","Microsoft-Windows-GroupPolicy","Group policy session returned to winlogon."
"17-08-2026 18:16:57","4117","Information","Microsoft-Windows-GroupPolicy","Group Policy Session started."
"17-08-2026 18:16:57","5351","Information","Microsoft-Windows-GroupPolicy","Group policy session returned to winlogon."
"17-08-2026 18:16:57","5324","Information","Microsoft-Windows-GroupPolicy","Group Policy received the notification CreateSession from Winlogon for session 0."
"17-08-2026 18:16:57","4115","Information","Microsoft-Windows-GroupPolicy","Group Policy Service started."
"17-08-2026 18:16:57","4116","Information","Microsoft-Windows-GroupPolicy","Started the Group Policy service initialization phase."
"17-08-2026 18:01:57","5117","Information","Microsoft-Windows-GroupPolicy","Group policy session completed successfully."
"17-08-2026 18:01:57","5117","Information","Microsoft-Windows-GroupPolicy","Group policy session completed successfully."
"17-08-2026 18:01:57","5321","Information","Microsoft-Windows-GroupPolicy","A previous instance of the Group Policy Client Service was detected. Parameter: 0f081db0-cb93-42fc-98fb-ab3f417fba62"
"17-08-2026 18:01:57","5320","Information","Microsoft-Windows-GroupPolicy","Initializing service instance state to detect previous instances of the service."
"17-08-2026 18:01:57","5320","Information","Microsoft-Windows-GroupPolicy","Initializing and reading current service configuration for the Group Policy Client service."
"17-08-2026 18:01:57","5320","Information","Microsoft-Windows-GroupPolicy","The Group Policy Client service is currently configured as a standalone service."
"17-08-2026 18:01:57","5116","Information","Microsoft-Windows-GroupPolicy","Successfully completed the Group Policy Service initialization phase."
"17-08-2026 18:01:57","4117","Information","Microsoft-Windows-GroupPolicy","Group Policy Session started."
"17-08-2026 18:01:57","5351","Information","Microsoft-Windows-GroupPolicy","Group policy session returned to winlogon."
"17-08-2026 18:01:57","4117","Information","Microsoft-Windows-GroupPolicy","Group Policy Session started."
"17-08-2026 18:01:57","5351","Information","Microsoft-Windows-GroupPolicy","Group policy session returned to winlogon."
"17-08-2026 18:01:57","5324","Information","Microsoft-Windows-GroupPolicy","Group Policy received the notification CreateSession from Winlogon for session 0."
"17-08-2026 18:01:57","4115","Information","Microsoft-Windows-GroupPolicy","Group Policy Service started."
"17-08-2026 18:01:57","4116","Information","Microsoft-Windows-GroupPolicy","Started the Group Policy service initialization phase."
"17-08-2026 17:38:51","5117","Information","Microsoft-Windows-GroupPolicy","Group policy session completed successfully."
"17-08-2026 17:38:51","5321","Information","Microsoft-Windows-GroupPolicy","A previous instance of the Group Policy Client Service was detected. Parameter: 3ecc6250-e047-4006-a697-c0c408048e7c"
"17-08-2026 17:38:51","5117","Information","Microsoft-Windows-GroupPolicy","Group policy session completed successfully."
"17-08-2026 17:38:51","5320","Information","Microsoft-Windows-GroupPolicy","Initializing service instance state to detect previous instances of the service."
"17-08-2026 17:38:51","5320","Information","Microsoft-Windows-GroupPolicy","Initializing and reading current service configuration for the Group Policy Client service."
"17-08-2026 17:38:51","5320","Information","Microsoft-Windows-GroupPolicy","The Group Policy Client service is currently configured as a standalone service."
"17-08-2026 17:38:51","5116","Information","Microsoft-Windows-GroupPolicy","Successfully completed the Group Policy Service initialization phase."
"17-08-2026 17:38:51","4117","Information","Microsoft-Windows-GroupPolicy","Group Policy Session started."
"17-08-2026 17:38:51","5351","Information","Microsoft-Windows-GroupPolicy","Group policy session returned to winlogon."
"17-08-2026 17:38:51","4117","Information","Microsoft-Windows-GroupPolicy","Group Policy Session started."
"17-08-2026 17:38:51","5351","Information","Microsoft-Windows-GroupPolicy","Group policy session returned to winlogon."
"17-08-2026 17:38:51","5324","Information","Microsoft-Windows-GroupPolicy","Group Policy received the notification CreateSession from Winlogon for session 0."
"17-08-2026 17:38:51","4115","Information","Microsoft-Windows-GroupPolicy","Group Policy Service started."
"17-08-2026 17:38:51","4116","Information","Microsoft-Windows-GroupPolicy","Started the Group Policy service initialization phase."
"17-08-2026 17:28:28","5117","Information","Microsoft-Windows-GroupPolicy","Group policy session completed successfully."
"17-08-2026 17:28:28","5321","Information","Microsoft-Windows-GroupPolicy","A previous instance of the Group Policy Client Service was detected. Parameter: 08eba9bd-988f-4a2e-8a44-4edbd3ccda11"
"17-08-2026 17:28:28","5320","Information","Microsoft-Windows-GroupPolicy","Initializing service instance state to detect previous instances of the service."
"17-08-2026 17:28:28","5320","Information","Microsoft-Windows-GroupPolicy","Initializing and reading current service configuration for the Group Policy Client service."
"17-08-2026 17:28:28","5320","Information","Microsoft-Windows-GroupPolicy","The Group Policy Client service is currently configured as a standalone service."
"17-08-2026 17:28:28","5117","Information","Microsoft-Windows-GroupPolicy","Group policy session completed successfully."
"17-08-2026 17:28:28","5116","Information","Microsoft-Windows-GroupPolicy","Successfully completed the Group Policy Service initialization phase."
"17-08-2026 17:28:28","4117","Information","Microsoft-Windows-GroupPolicy","Group Policy Session started."
"17-08-2026 17:28:28","5351","Information","Microsoft-Windows-GroupPolicy","Group policy session returned to winlogon."
"17-08-2026 17:28:28","4117","Information","Microsoft-Windows-GroupPolicy","Group Policy Session started."
"17-08-2026 17:28:28","5351","Information","Microsoft-Windows-GroupPolicy","Group policy session returned to winlogon."
"17-08-2026 17:28:28","5324","Information","Microsoft-Windows-GroupPolicy","Group Policy received the notification CreateSession from Winlogon for session 0."
"17-08-2026 17:28:28","4115","Information","Microsoft-Windows-GroupPolicy","Group Policy Service started."
"17-08-2026 17:28:28","4116","Information","Microsoft-Windows-GroupPolicy","Started the Group Policy service initialization phase."
"17-08-2026 17:16:56","5117","Information","Microsoft-Windows-GroupPolicy","Group policy session completed successfully."
"17-08-2026 17:16:56","5321","Information","Microsoft-Windows-GroupPolicy","A previous instance of the Group Policy Client Service was detected. Parameter: a6033b95-35b6-46f0-81d4-7b835dd7160c"
"17-08-2026 17:16:56","5117","Information","Microsoft-Windows-GroupPolicy","Group policy session completed successfully."
"17-08-2026 17:16:56","5320","Information","Microsoft-Windows-GroupPolicy","Initializing service instance state to detect previous instances of the service."
"17-08-2026 17:16:56","5320","Information","Microsoft-Windows-GroupPolicy","Initializing and reading current service configuration for the Group Policy Client service."
"17-08-2026 17:16:56","5320","Information","Microsoft-Windows-GroupPolicy","The Group Policy Client service is currently configured as a standalone service."
"17-08-2026 17:16:56","5116","Information","Microsoft-Windows-GroupPolicy","Successfully completed the Group Policy Service initialization phase."
"17-08-2026 17:16:56","4117","Information","Microsoft-Windows-GroupPolicy","Group Policy Session started."
"17-08-2026 17:16:56","5351","Information","Microsoft-Windows-GroupPolicy","Group policy session returned to winlogon."
"17-08-2026 17:16:56","4117","Information","Microsoft-Windows-GroupPolicy","Group Policy Session started."
"17-08-2026 17:16:56","5351","Information","Microsoft-Windows-GroupPolicy","Group policy session returned to winlogon."
"17-08-2026 17:16:56","5324","Information","Microsoft-Windows-GroupPolicy","Group Policy received the notification CreateSession from Winlogon for session 0."
"17-08-2026 17:16:56","4115","Information","Microsoft-Windows-GroupPolicy","Group Policy Service started."
"17-08-2026 17:16:56","4116","Information","Microsoft-Windows-GroupPolicy","Started the Group Policy service initialization phase."
"17-08-2026 16:42:36","5117","Information","Microsoft-Windows-GroupPolicy","Group policy session completed successfully."
"17-08-2026 16:42:36","5321","Information","Microsoft-Windows-GroupPolicy","A previous instance of the Group Policy Client Service was detected. Parameter: 900e87b8-5157-4ae1-bb4c-da6549235cee"
"17-08-2026 16:42:36","5320","Information","Microsoft-Windows-GroupPolicy","Initializing service instance state to detect previous instances of the service."
"17-08-2026 16:42:36","5320","Information","Microsoft-Windows-GroupPolicy","Initializing and reading current service configuration for the Group Policy Client service."
"17-08-2026 16:42:36","5320","Information","Microsoft-Windows-GroupPolicy","The Group Policy Client service is currently configured as a standalone service."
"17-08-2026 16:42:36","5117","Information","Microsoft-Windows-GroupPolicy","Group policy session completed successfully."
"17-08-2026 16:42:36","5116","Information","Microsoft-Windows-GroupPolicy","Successfully completed the Group Policy Service initialization phase."
"17-08-2026 16:42:36","4117","Information","Microsoft-Windows-GroupPolicy","Group Policy Session started."
"17-08-2026 16:42:36","5351","Information","Microsoft-Windows-GroupPolicy","Group policy session returned to winlogon."
"17-08-2026 16:42:36","4117","Information","Microsoft-Windows-GroupPolicy","Group Policy Session started."
"17-08-2026 16:42:36","5351","Information","Microsoft-Windows-GroupPolicy","Group policy session returned to winlogon."
"17-08-2026 16:42:36","5324","Information","Microsoft-Windows-GroupPolicy","Group Policy received the notification CreateSession from Winlogon for session 0."
"17-08-2026 16:42:36","4115","Information","Microsoft-Windows-GroupPolicy","Group Policy Service started."
"17-08-2026 16:42:36","4116","Information","Microsoft-Windows-GroupPolicy","Started the Group Policy service initialization phase."
"17-08-2026 16:28:28","5117","Information","Microsoft-Windows-GroupPolicy","Group policy session completed successfully."
"17-08-2026 16:28:28","5321","Information","Microsoft-Windows-GroupPolicy","A previous instance of the Group Policy Client Service was detected. Parameter: 230255d0-b0e2-4cb1-b7f0-f6d6bbad7192"
"17-08-2026 16:28:28","5320","Information","Microsoft-Windows-GroupPolicy","Initializing service instance state to detect previous instances of the service."
"17-08-2026 16:28:28","5320","Information","Microsoft-Windows-GroupPolicy","Initializing and reading current service configuration for the Group Policy Client service."
"17-08-2026 16:28:28","5320","Information","Microsoft-Windows-GroupPolicy","The Group Policy Client service is currently configured as a standalone service."
"17-08-2026 16:28:28","5117","Information","Microsoft-Windows-GroupPolicy","Group policy session completed successfully."
"17-08-2026 16:28:28","5116","Information","Microsoft-Windows-GroupPolicy","Successfully completed the Group Policy Service initialization phase."
"17-08-2026 16:28:28","4117","Information","Microsoft-Windows-GroupPolicy","Group Policy Session started."
"17-08-2026 16:28:28","5351","Information","Microsoft-Windows-GroupPolicy","Group policy session returned to winlogon."
"17-08-2026 16:28:28","4117","Information","Microsoft-Windows-GroupPolicy","Group Policy Session started."
"17-08-2026 16:28:28","5351","Information","Microsoft-Windows-GroupPolicy","Group policy session returned to winlogon."
"17-08-2026 16:28:28","5324","Information","Microsoft-Windows-GroupPolicy","Group Policy received the notification CreateSession from Winlogon for session 0."
"17-08-2026 16:28:28","4115","Information","Microsoft-Windows-GroupPolicy","Group Policy Service started."
"17-08-2026 16:28:28","4116","Information","Microsoft-Windows-GroupPolicy","Started the Group Policy service initialization phase."
"17-08-2026 16:16:56","5117","Information","Microsoft-Windows-GroupPolicy","Group policy session completed successfully."
"17-08-2026 16:16:56","5321","Information","Microsoft-Windows-GroupPolicy","A previous instance of the Group Policy Client Service was detected. Parameter: 1894a0e1-27d8-4049-b1ba-a67b1f3c9709"
"17-08-2026 16:16:56","5320","Information","Microsoft-Windows-GroupPolicy","Initializing service instance state to detect previous instances of the service."
"17-08-2026 16:16:56","5320","Information","Microsoft-Windows-GroupPolicy","Initializing and reading current service configuration for the Group Policy Client service."
"17-08-2026 16:16:56","5320","Information","Microsoft-Windows-GroupPolicy","The Group Policy Client service is currently configured as a standalone service."
"17-08-2026 16:16:56","5117","Information","Microsoft-Windows-GroupPolicy","Group policy session completed successfully."
"17-08-2026 16:16:56","5116","Information","Microsoft-Windows-GroupPolicy","Successfully completed the Group Policy Service initialization phase."
"17-08-2026 16:16:56","4117","Information","Microsoft-Windows-GroupPolicy","Group Policy Session started."
"17-08-2026 16:16:56","5351","Information","Microsoft-Windows-GroupPolicy","Group policy session returned to winlogon."
"17-08-2026 16:16:56","4117","Information","Microsoft-Windows-GroupPolicy","Group Policy Session started."
"17-08-2026 16:16:56","5351","Information","Microsoft-Windows-GroupPolicy","Group policy session returned to winlogon."
"17-08-2026 16:16:56","5324","Information","Microsoft-Windows-GroupPolicy","Group Policy received the notification CreateSession from Winlogon for session 0."
"17-08-2026 16:16:56","4115","Information","Microsoft-Windows-GroupPolicy","Group Policy Service started."
"17-08-2026 16:16:56","4116","Information","Microsoft-Windows-GroupPolicy","Started the Group Policy service initialization phase."
"17-08-2026 15:42:36","5117","Information","Microsoft-Windows-GroupPolicy","Group policy session completed successfully."
"17-08-2026 15:42:36","5321","Information","Microsoft-Windows-GroupPolicy","A previous instance of the Group Policy Client Service was detected. Parameter: 9018cdf4-83da-453a-a40d-b68fb9997f99"
"17-08-2026 15:42:36","5117","Information","Microsoft-Windows-GroupPolicy","Group policy session completed successfully."
"17-08-2026 15:42:36","5320","Information","Microsoft-Windows-GroupPolicy","Initializing service instance state to detect previous instances of the service."
"17-08-2026 15:42:36","5320","Information","Microsoft-Windows-GroupPolicy","Initializing and reading current service configuration for the Group Policy Client service."
"17-08-2026 15:42:36","5320","Information","Microsoft-Windows-GroupPolicy","The Group Policy Client service is currently configured as a standalone service."
"17-08-2026 15:42:36","5116","Information","Microsoft-Windows-GroupPolicy","Successfully completed the Group Policy Service initialization phase."
"17-08-2026 15:42:36","4117","Information","Microsoft-Windows-GroupPolicy","Group Policy Session started."
"17-08-2026 15:42:36","5351","Information","Microsoft-Windows-GroupPolicy","Group policy session returned to winlogon."
"17-08-2026 15:42:36","4117","Information","Microsoft-Windows-GroupPolicy","Group Policy Session started."
"17-08-2026 15:42:36","5351","Information","Microsoft-Windows-GroupPolicy","Group policy session returned to winlogon."
"17-08-2026 15:42:36","5324","Information","Microsoft-Windows-GroupPolicy","Group Policy received the notification CreateSession from Winlogon for session 0."
"17-08-2026 15:42:36","4115","Information","Microsoft-Windows-GroupPolicy","Group Policy Service started."
"17-08-2026 15:42:36","4116","Information","Microsoft-Windows-GroupPolicy","Started the Group Policy service initialization phase."
"17-08-2026 15:28:28","5117","Information","Microsoft-Windows-GroupPolicy","Group policy session completed successfully."
"17-08-2026 15:28:28","5321","Information","Microsoft-Windows-GroupPolicy","A previous instance of the Group Policy Client Service was detected. Parameter: 25409058-0c79-462e-8c45-4aa50cafcfc6"
"17-08-2026 15:28:28","5320","Information","Microsoft-Windows-GroupPolicy","Initializing service instance state to detect previous instances of the service."
"17-08-2026 15:28:28","5320","Information","Microsoft-Windows-GroupPolicy","Initializing and reading current service configuration for the Group Policy Client service."
"17-08-2026 15:28:28","5320","Information","Microsoft-Windows-GroupPolicy","The Group Policy Client service is currently configured as a standalone service."
"17-08-2026 15:28:28","5117","Information","Microsoft-Windows-GroupPolicy","Group policy session completed successfully."
"17-08-2026 15:28:28","5116","Information","Microsoft-Windows-GroupPolicy","Successfully completed the Group Policy Service initialization phase."
"17-08-2026 15:28:28","4117","Information","Microsoft-Windows-GroupPolicy","Group Policy Session started."
"17-08-2026 15:28:28","5351","Information","Microsoft-Windows-GroupPolicy","Group policy session returned to winlogon."
"17-08-2026 15:28:28","4117","Information","Microsoft-Windows-GroupPolicy","Group Policy Session started."
"17-08-2026 15:28:28","5351","Information","Microsoft-Windows-GroupPolicy","Group policy session returned to winlogon."
"17-08-2026 15:28:28","5324","Information","Microsoft-Windows-GroupPolicy","Group Policy received the notification CreateSession from Winlogon for session 0."
"17-08-2026 15:28:28","4115","Information","Microsoft-Windows-GroupPolicy","Group Policy Service started."
"17-08-2026 15:28:28","4116","Information","Microsoft-Windows-GroupPolicy","Started the Group Policy service initialization phase."
"17-08-2026 15:16:56","5117","Information","Microsoft-Windows-GroupPolicy","Group policy session completed successfully."
"17-08-2026 15:16:56","5321","Information","Microsoft-Windows-GroupPolicy","A previous instance of the Group Policy Client Service was detected. Parameter: aee2c84a-de1b-4b09-9bfd-8dce63d2fcc1"
"17-08-2026 15:16:56","5320","Information","Microsoft-Windows-GroupPolicy","Initializing service instance state to detect previous instances of the service."
"17-08-2026 15:16:56","5320","Information","Microsoft-Windows-GroupPolicy","Initializing and reading current service configuration for the Group Policy Client service."
"17-08-2026 15:16:56","5320","Information","Microsoft-Windows-GroupPolicy","The Group Policy Client service is currently configured as a standalone service."
"17-08-2026 15:16:56","5117","Information","Microsoft-Windows-GroupPolicy","Group policy session completed successfully."
"17-08-2026 15:16:56","5116","Information","Microsoft-Windows-GroupPolicy","Successfully completed the Group Policy Service initialization phase."
"17-08-2026 15:16:56","4117","Information","Microsoft-Windows-GroupPolicy","Group Policy Session started."
"17-08-2026 15:16:56","5351","Information","Microsoft-Windows-GroupPolicy","Group policy session returned to winlogon."
"17-08-2026 15:16:56","4117","Information","Microsoft-Windows-GroupPolicy","Group Policy Session started."
"17-08-2026 15:16:56","5351","Information","Microsoft-Windows-GroupPolicy","Group policy session returned to winlogon."
"17-08-2026 15:16:56","5324","Information","Microsoft-Windows-GroupPolicy","Group Policy received the notification CreateSession from Winlogon for session 0."
"17-08-2026 15:16:56","4115","Information","Microsoft-Windows-GroupPolicy","Group Policy Service started."
"17-08-2026 15:16:56","4116","Information","Microsoft-Windows-GroupPolicy","Started the Group Policy service initialization phase."
"17-08-2026 14:51:00","5117","Information","Microsoft-Windows-GroupPolicy","Group policy session completed successfully."
"17-08-2026 14:51:00","5321","Information","Microsoft-Windows-GroupPolicy","A previous instance of the Group Policy Client Service was detected. Parameter: b0bb54b9-1c2b-40dd-892a-d16ea7b5c4c8"
"17-08-2026 14:51:00","5117","Information","Microsoft-Windows-GroupPolicy","Group policy session completed successfully."
"17-08-2026 14:51:00","5320","Information","Microsoft-Windows-GroupPolicy","Initializing service instance state to detect previous instances of the service."
"17-08-2026 14:51:00","5320","Information","Microsoft-Windows-GroupPolicy","Initializing and reading current service configuration for the Group Policy Client service."
"17-08-2026 14:51:00","5320","Information","Microsoft-Windows-GroupPolicy","The Group Policy Client service is currently configured as a standalone service."
"17-08-2026 14:51:00","5116","Information","Microsoft-Windows-GroupPolicy","Successfully completed the Group Policy Service initialization phase."
"17-08-2026 14:51:00","4117","Information","Microsoft-Windows-GroupPolicy","Group Policy Session started."
"17-08-2026 14:51:00","5351","Information","Microsoft-Windows-GroupPolicy","Group policy session returned to winlogon."
"17-08-2026 14:51:00","4117","Information","Microsoft-Windows-GroupPolicy","Group Policy Session started."
"17-08-2026 14:51:00","5351","Information","Microsoft-Windows-GroupPolicy","Group policy session returned to winlogon."
"17-08-2026 14:51:00","5324","Information","Microsoft-Windows-GroupPolicy","Group Policy received the notification CreateSession from Winlogon for session 0."
"17-08-2026 14:51:00","4115","Information","Microsoft-Windows-GroupPolicy","Group Policy Service started."
"17-08-2026 14:51:00","4116","Information","Microsoft-Windows-GroupPolicy","Started the Group Policy service initialization phase."
"17-08-2026 14:28:28","5117","Information","Microsoft-Windows-GroupPolicy","Group policy session completed successfully."
