"10-06-2026 09:53:44","161","Error","Microsoft-Windows-WinRM","The client cannot connect to the destination specified in the request. Verify that the service on the destination is running and is accepting requests. Consult the logs and documentation for the WS-Management service running on the destination, most commonly IIS or WinRM. If the destination is the WinRM service, run the following command on the destination to analyze and configure the WinRM service: ""winrm quickconfig""."
"10-06-2026 09:53:44","254","Information","Microsoft-Windows-WinRM","Activity Transfer"
"10-06-2026 09:53:39","145","Information","Microsoft-Windows-WinRM","WSMan operation Enumeration started with resourceUri http://schemas.microsoft.com/wbem/wsman/1/config/listener"
"09-06-2026 19:14:45","142","Error","Microsoft-Windows-WinRM","WSMan operation Enumeration failed, error code 2150858770"
"09-06-2026 19:14:45","161","Error","Microsoft-Windows-WinRM","The client cannot connect to the destination specified in the request. Verify that the service on the destination is running and is accepting requests. Consult the logs and documentation for the WS-Management service running on the destination, most commonly IIS or WinRM. If the destination is the WinRM service, run the following command on the destination to analyze and configure the WinRM service: ""winrm quickconfig""."
"09-06-2026 19:14:45","254","Information","Microsoft-Windows-WinRM","Activity Transfer"
"09-06-2026 19:14:41","145","Information","Microsoft-Windows-WinRM","WSMan operation Enumeration started with resourceUri http://schemas.microsoft.com/wbem/wsman/1/config/listener"
"09-06-2026 18:29:11","142","Error","Microsoft-Windows-WinRM","WSMan operation Enumeration failed, error code 2150858770"
"09-06-2026 18:29:11","161","Error","Microsoft-Windows-WinRM","The client cannot connect to the destination specified in the request. Verify that the service on the destination is running and is accepting requests. Consult the logs and documentation for the WS-Management service running on the destination, most commonly IIS or WinRM. If the destination is the WinRM service, run the following command on the destination to analyze and configure the WinRM service: ""winrm quickconfig""."
"09-06-2026 18:29:11","254","Information","Microsoft-Windows-WinRM","Activity Transfer"
"09-06-2026 18:29:07","145","Information","Microsoft-Windows-WinRM","WSMan operation Enumeration started with resourceUri http://schemas.microsoft.com/wbem/wsman/1/config/listener"
"09-06-2026 12:28:13","142","Error","Microsoft-Windows-WinRM","WSMan operation Enumeration failed, error code 2150858770"
"09-06-2026 12:28:13","161","Error","Microsoft-Windows-WinRM","The client cannot connect to the destination specified in the request. Verify that the service on the destination is running and is accepting requests. Consult the logs and documentation for the WS-Management service running on the destination, most commonly IIS or WinRM. If the destination is the WinRM service, run the following command on the destination to analyze and configure the WinRM service: ""winrm quickconfig""."
"09-06-2026 12:28:13","254","Information","Microsoft-Windows-WinRM","Activity Transfer"
"09-06-2026 12:28:09","145","Information","Microsoft-Windows-WinRM","WSMan operation Enumeration started with resourceUri http://schemas.microsoft.com/wbem/wsman/1/config/listener"
"09-06-2026 12:15:20","142","Error","Microsoft-Windows-WinRM","WSMan operation Enumeration failed, error code 2150858770"
"09-06-2026 12:15:20","161","Error","Microsoft-Windows-WinRM","The client cannot connect to the destination specified in the request. Verify that the service on the destination is running and is accepting requests. Consult the logs and documentation for the WS-Management service running on the destination, most commonly IIS or WinRM. If the destination is the WinRM service, run the following command on the destination to analyze and configure the WinRM service: ""winrm quickconfig""."
"09-06-2026 12:15:20","254","Information","Microsoft-Windows-WinRM","Activity Transfer"
"09-06-2026 12:15:16","145","Information","Microsoft-Windows-WinRM","WSMan operation Enumeration started with resourceUri http://schemas.microsoft.com/wbem/wsman/1/config/listener"
"09-06-2026 11:29:08","142","Error","Microsoft-Windows-WinRM","WSMan operation Enumeration failed, error code 2150858770"
"09-06-2026 11:29:08","161","Error","Microsoft-Windows-WinRM","The client cannot connect to the destination specified in the request. Verify that the service on the destination is running and is accepting requests. Consult the logs and documentation for the WS-Management service running on the destination, most commonly IIS or WinRM. If the destination is the WinRM service, run the following command on the destination to analyze and configure the WinRM service: ""winrm quickconfig""."
"09-06-2026 11:29:08","254","Information","Microsoft-Windows-WinRM","Activity Transfer"
"09-06-2026 11:29:04","145","Information","Microsoft-Windows-WinRM","WSMan operation Enumeration started with resourceUri http://schemas.microsoft.com/wbem/wsman/1/config/listener"
"09-06-2026 10:27:55","142","Error","Microsoft-Windows-WinRM","WSMan operation Enumeration failed, error code 2150858770"
"09-06-2026 10:27:55","161","Error","Microsoft-Windows-WinRM","The client cannot connect to the destination specified in the request. Verify that the service on the destination is running and is accepting requests. Consult the logs and documentation for the WS-Management service running on the destination, most commonly IIS or WinRM. If the destination is the WinRM service, run the following command on the destination to analyze and configure the WinRM service: ""winrm quickconfig""."
"09-06-2026 10:27:55","254","Information","Microsoft-Windows-WinRM","Activity Transfer"
"09-06-2026 10:27:51","145","Information","Microsoft-Windows-WinRM","WSMan operation Enumeration started with resourceUri http://schemas.microsoft.com/wbem/wsman/1/config/listener"
"09-06-2026 09:56:51","142","Error","Microsoft-Windows-WinRM","WSMan operation Enumeration failed, error code 2150858770"
"09-06-2026 09:56:51","161","Error","Microsoft-Windows-WinRM","The client cannot connect to the destination specified in the request. Verify that the service on the destination is running and is accepting requests. Consult the logs and documentation for the WS-Management service running on the destination, most commonly IIS or WinRM. If the destination is the WinRM service, run the following command on the destination to analyze and configure the WinRM service: ""winrm quickconfig""."
"09-06-2026 09:56:51","254","Information","Microsoft-Windows-WinRM","Activity Transfer"
"09-06-2026 09:56:47","145","Information","Microsoft-Windows-WinRM","WSMan operation Enumeration started with resourceUri http://schemas.microsoft.com/wbem/wsman/1/config/listener"
"09-06-2026 09:45:14","142","Error","Microsoft-Windows-WinRM","WSMan operation Enumeration failed, error code 2150858770"
"09-06-2026 09:45:14","161","Error","Microsoft-Windows-WinRM","The client cannot connect to the destination specified in the request. Verify that the service on the destination is running and is accepting requests. Consult the logs and documentation for the WS-Management service running on the destination, most commonly IIS or WinRM. If the destination is the WinRM service, run the following command on the destination to analyze and configure the WinRM service: ""winrm quickconfig""."
"09-06-2026 09:45:14","254","Information","Microsoft-Windows-WinRM","Activity Transfer"
"09-06-2026 09:45:10","145","Information","Microsoft-Windows-WinRM","WSMan operation Enumeration started with resourceUri http://schemas.microsoft.com/wbem/wsman/1/config/listener"
"08-06-2026 19:14:07","142","Error","Microsoft-Windows-WinRM","WSMan operation Enumeration failed, error code 2150858770"
"08-06-2026 19:14:07","161","Error","Microsoft-Windows-WinRM","The client cannot connect to the destination specified in the request. Verify that the service on the destination is running and is accepting requests. Consult the logs and documentation for the WS-Management service running on the destination, most commonly IIS or WinRM. If the destination is the WinRM service, run the following command on the destination to analyze and configure the WinRM service: ""winrm quickconfig""."
"08-06-2026 19:14:07","254","Information","Microsoft-Windows-WinRM","Activity Transfer"
"08-06-2026 19:14:03","145","Information","Microsoft-Windows-WinRM","WSMan operation Enumeration started with resourceUri http://schemas.microsoft.com/wbem/wsman/1/config/listener"
"08-06-2026 16:40:03","142","Error","Microsoft-Windows-WinRM","WSMan operation Enumeration failed, error code 2150858770"
"08-06-2026 16:40:03","161","Error","Microsoft-Windows-WinRM","The client cannot connect to the destination specified in the request. Verify that the service on the destination is running and is accepting requests. Consult the logs and documentation for the WS-Management service running on the destination, most commonly IIS or WinRM. If the destination is the WinRM service, run the following command on the destination to analyze and configure the WinRM service: ""winrm quickconfig""."
"08-06-2026 16:40:03","254","Information","Microsoft-Windows-WinRM","Activity Transfer"
"08-06-2026 16:39:59","145","Information","Microsoft-Windows-WinRM","WSMan operation Enumeration started with resourceUri http://schemas.microsoft.com/wbem/wsman/1/config/listener"
"08-06-2026 13:39:23","142","Error","Microsoft-Windows-WinRM","WSMan operation Enumeration failed, error code 2150858770"
"08-06-2026 13:39:23","161","Error","Microsoft-Windows-WinRM","The client cannot connect to the destination specified in the request. Verify that the service on the destination is running and is accepting requests. Consult the logs and documentation for the WS-Management service running on the destination, most commonly IIS or WinRM. If the destination is the WinRM service, run the following command on the destination to analyze and configure the WinRM service: ""winrm quickconfig""."
"08-06-2026 13:39:23","254","Information","Microsoft-Windows-WinRM","Activity Transfer"
"08-06-2026 13:39:19","145","Information","Microsoft-Windows-WinRM","WSMan operation Enumeration started with resourceUri http://schemas.microsoft.com/wbem/wsman/1/config/listener"
"08-06-2026 12:15:20","142","Error","Microsoft-Windows-WinRM","WSMan operation Enumeration failed, error code 2150858770"
"08-06-2026 12:15:20","161","Error","Microsoft-Windows-WinRM","The client cannot connect to the destination specified in the request. Verify that the service on the destination is running and is accepting requests. Consult the logs and documentation for the WS-Management service running on the destination, most commonly IIS or WinRM. If the destination is the WinRM service, run the following command on the destination to analyze and configure the WinRM service: ""winrm quickconfig""."
"08-06-2026 12:15:20","254","Information","Microsoft-Windows-WinRM","Activity Transfer"
"08-06-2026 12:15:16","145","Information","Microsoft-Windows-WinRM","WSMan operation Enumeration started with resourceUri http://schemas.microsoft.com/wbem/wsman/1/config/listener"
"08-06-2026 11:35:31","142","Error","Microsoft-Windows-WinRM","WSMan operation Enumeration failed, error code 2150858770"
"08-06-2026 11:35:31","161","Error","Microsoft-Windows-WinRM","The client cannot connect to the destination specified in the request. Verify that the service on the destination is running and is accepting requests. Consult the logs and documentation for the WS-Management service running on the destination, most commonly IIS or WinRM. If the destination is the WinRM service, run the following command on the destination to analyze and configure the WinRM service: ""winrm quickconfig""."
"08-06-2026 11:35:31","254","Information","Microsoft-Windows-WinRM","Activity Transfer"
"08-06-2026 11:35:27","145","Information","Microsoft-Windows-WinRM","WSMan operation Enumeration started with resourceUri http://schemas.microsoft.com/wbem/wsman/1/config/listener"
"08-06-2026 11:07:24","142","Error","Microsoft-Windows-WinRM","WSMan operation Enumeration failed, error code 2150858770"
"08-06-2026 11:07:24","161","Error","Microsoft-Windows-WinRM","The client cannot connect to the destination specified in the request. Verify that the service on the destination is running and is accepting requests. Consult the logs and documentation for the WS-Management service running on the destination, most commonly IIS or WinRM. If the destination is the WinRM service, run the following command on the destination to analyze and configure the WinRM service: ""winrm quickconfig""."
"08-06-2026 11:07:24","254","Information","Microsoft-Windows-WinRM","Activity Transfer"
"08-06-2026 11:07:20","145","Information","Microsoft-Windows-WinRM","WSMan operation Enumeration started with resourceUri http://schemas.microsoft.com/wbem/wsman/1/config/listener"
"08-06-2026 09:40:22","142","Error","Microsoft-Windows-WinRM","WSMan operation Enumeration failed, error code 2150858770"
"08-06-2026 09:40:22","161","Error","Microsoft-Windows-WinRM","The client cannot connect to the destination specified in the request. Verify that the service on the destination is running and is accepting requests. Consult the logs and documentation for the WS-Management service running on the destination, most commonly IIS or WinRM. If the destination is the WinRM service, run the following command on the destination to analyze and configure the WinRM service: ""winrm quickconfig""."
"08-06-2026 09:40:22","254","Information","Microsoft-Windows-WinRM","Activity Transfer"
"08-06-2026 09:40:18","145","Information","Microsoft-Windows-WinRM","WSMan operation Enumeration started with resourceUri http://schemas.microsoft.com/wbem/wsman/1/config/listener"
"03-06-2026 10:14:18","142","Error","Microsoft-Windows-WinRM","WSMan operation Enumeration failed, error code 2150858770"
"03-06-2026 10:14:18","161","Error","Microsoft-Windows-WinRM","The client cannot connect to the destination specified in the request. Verify that the service on the destination is running and is accepting requests. Consult the logs and documentation for the WS-Management service running on the destination, most commonly IIS or WinRM. If the destination is the WinRM service, run the following command on the destination to analyze and configure the WinRM service: ""winrm quickconfig""."
"03-06-2026 10:14:18","254","Information","Microsoft-Windows-WinRM","Activity Transfer"
"03-06-2026 10:14:14","145","Information","Microsoft-Windows-WinRM","WSMan operation Enumeration started with resourceUri http://schemas.microsoft.com/wbem/wsman/1/config/listener"
"03-06-2026 00:13:50","142","Error","Microsoft-Windows-WinRM","WSMan operation Enumeration failed, error code 2150858770"
"03-06-2026 00:13:50","161","Error","Microsoft-Windows-WinRM","The client cannot connect to the destination specified in the request. Verify that the service on the destination is running and is accepting requests. Consult the logs and documentation for the WS-Management service running on the destination, most commonly IIS or WinRM. If the destination is the WinRM service, run the following command on the destination to analyze and configure the WinRM service: ""winrm quickconfig""."
"03-06-2026 00:13:50","254","Information","Microsoft-Windows-WinRM","Activity Transfer"
"03-06-2026 00:13:46","145","Information","Microsoft-Windows-WinRM","WSMan operation Enumeration started with resourceUri http://schemas.microsoft.com/wbem/wsman/1/config/listener"
"02-06-2026 10:51:16","142","Error","Microsoft-Windows-WinRM","WSMan operation Enumeration failed, error code 2150858770"
"02-06-2026 10:51:16","161","Error","Microsoft-Windows-WinRM","The client cannot connect to the destination specified in the request. Verify that the service on the destination is running and is accepting requests. Consult the logs and documentation for the WS-Management service running on the destination, most commonly IIS or WinRM. If the destination is the WinRM service, run the following command on the destination to analyze and configure the WinRM service: ""winrm quickconfig""."
"02-06-2026 10:51:16","254","Information","Microsoft-Windows-WinRM","Activity Transfer"
"02-06-2026 10:51:12","145","Information","Microsoft-Windows-WinRM","WSMan operation Enumeration started with resourceUri http://schemas.microsoft.com/wbem/wsman/1/config/listener"
"02-06-2026 10:14:24","142","Error","Microsoft-Windows-WinRM","WSMan operation Enumeration failed, error code 2150858770"
"02-06-2026 10:14:24","161","Error","Microsoft-Windows-WinRM","The client cannot connect to the destination specified in the request. Verify that the service on the destination is running and is accepting requests. Consult the logs and documentation for the WS-Management service running on the destination, most commonly IIS or WinRM. If the destination is the WinRM service, run the following command on the destination to analyze and configure the WinRM service: ""winrm quickconfig""."
"02-06-2026 10:14:24","254","Information","Microsoft-Windows-WinRM","Activity Transfer"
"02-06-2026 10:14:20","145","Information","Microsoft-Windows-WinRM","WSMan operation Enumeration started with resourceUri http://schemas.microsoft.com/wbem/wsman/1/config/listener"
"01-06-2026 10:16:32","142","Error","Microsoft-Windows-WinRM","WSMan operation Enumeration failed, error code 2150858770"
"01-06-2026 10:16:32","161","Error","Microsoft-Windows-WinRM","The client cannot connect to the destination specified in the request. Verify that the service on the destination is running and is accepting requests. Consult the logs and documentation for the WS-Management service running on the destination, most commonly IIS or WinRM. If the destination is the WinRM service, run the following command on the destination to analyze and configure the WinRM service: ""winrm quickconfig""."
"01-06-2026 10:16:32","254","Information","Microsoft-Windows-WinRM","Activity Transfer"
"01-06-2026 10:16:28","145","Information","Microsoft-Windows-WinRM","WSMan operation Enumeration started with resourceUri http://schemas.microsoft.com/wbem/wsman/1/config/listener"
"01-06-2026 09:37:30","142","Error","Microsoft-Windows-WinRM","WSMan operation Enumeration failed, error code 2150858770"
"01-06-2026 09:37:30","161","Error","Microsoft-Windows-WinRM","The client cannot connect to the destination specified in the request. Verify that the service on the destination is running and is accepting requests. Consult the logs and documentation for the WS-Management service running on the destination, most commonly IIS or WinRM. If the destination is the WinRM service, run the following command on the destination to analyze and configure the WinRM service: ""winrm quickconfig""."
"01-06-2026 09:37:30","254","Information","Microsoft-Windows-WinRM","Activity Transfer"
"01-06-2026 09:37:26","145","Information","Microsoft-Windows-WinRM","WSMan operation Enumeration started with resourceUri http://schemas.microsoft.com/wbem/wsman/1/config/listener"
"01-06-2026 09:28:20","142","Error","Microsoft-Windows-WinRM","WSMan operation Enumeration failed, error code 2150858770"
"01-06-2026 09:28:20","161","Error","Microsoft-Windows-WinRM","The client cannot connect to the destination specified in the request. Verify that the service on the destination is running and is accepting requests. Consult the logs and documentation for the WS-Management service running on the destination, most commonly IIS or WinRM. If the destination is the WinRM service, run the following command on the destination to analyze and configure the WinRM service: ""winrm quickconfig""."
"01-06-2026 09:28:20","254","Information","Microsoft-Windows-WinRM","Activity Transfer"
"01-06-2026 09:28:16","145","Information","Microsoft-Windows-WinRM","WSMan operation Enumeration started with resourceUri http://schemas.microsoft.com/wbem/wsman/1/config/listener"
"01-06-2026 09:25:38","142","Error","Microsoft-Windows-WinRM","WSMan operation Enumeration failed, error code 2150858770"
"01-06-2026 09:25:38","161","Error","Microsoft-Windows-WinRM","The client cannot connect to the destination specified in the request. Verify that the service on the destination is running and is accepting requests. Consult the logs and documentation for the WS-Management service running on the destination, most commonly IIS or WinRM. If the destination is the WinRM service, run the following command on the destination to analyze and configure the WinRM service: ""winrm quickconfig""."
"01-06-2026 09:25:38","254","Information","Microsoft-Windows-WinRM","Activity Transfer"
"01-06-2026 09:25:34","145","Information","Microsoft-Windows-WinRM","WSMan operation Enumeration started with resourceUri http://schemas.microsoft.com/wbem/wsman/1/config/listener"
"01-06-2026 09:19:38","142","Error","Microsoft-Windows-WinRM","WSMan operation Enumeration failed, error code 2150858770"
"01-06-2026 09:19:38","161","Error","Microsoft-Windows-WinRM","The client cannot connect to the destination specified in the request. Verify that the service on the destination is running and is accepting requests. Consult the logs and documentation for the WS-Management service running on the destination, most commonly IIS or WinRM. If the destination is the WinRM service, run the following command on the destination to analyze and configure the WinRM service: ""winrm quickconfig""."
"01-06-2026 09:19:38","254","Information","Microsoft-Windows-WinRM","Activity Transfer"
"01-06-2026 09:19:34","145","Information","Microsoft-Windows-WinRM","WSMan operation Enumeration started with resourceUri http://schemas.microsoft.com/wbem/wsman/1/config/listener"
"31-05-2026 11:12:14","142","Error","Microsoft-Windows-WinRM","WSMan operation Enumeration failed, error code 2150858770"
"31-05-2026 11:12:14","161","Error","Microsoft-Windows-WinRM","The client cannot connect to the destination specified in the request. Verify that the service on the destination is running and is accepting requests. Consult the logs and documentation for the WS-Management service running on the destination, most commonly IIS or WinRM. If the destination is the WinRM service, run the following command on the destination to analyze and configure the WinRM service: ""winrm quickconfig""."
"31-05-2026 11:12:14","254","Information","Microsoft-Windows-WinRM","Activity Transfer"
"31-05-2026 11:12:10","145","Information","Microsoft-Windows-WinRM","WSMan operation Enumeration started with resourceUri http://schemas.microsoft.com/wbem/wsman/1/config/listener"
"29-05-2026 17:41:57","142","Error","Microsoft-Windows-WinRM","WSMan operation Enumeration failed, error code 2150858770"
"29-05-2026 17:41:57","161","Error","Microsoft-Windows-WinRM","The client cannot connect to the destination specified in the request. Verify that the service on the destination is running and is accepting requests. Consult the logs and documentation for the WS-Management service running on the destination, most commonly IIS or WinRM. If the destination is the WinRM service, run the following command on the destination to analyze and configure the WinRM service: ""winrm quickconfig""."
"29-05-2026 17:41:57","254","Information","Microsoft-Windows-WinRM","Activity Transfer"
"29-05-2026 17:41:53","145","Information","Microsoft-Windows-WinRM","WSMan operation Enumeration started with resourceUri http://schemas.microsoft.com/wbem/wsman/1/config/listener"
"29-05-2026 15:04:07","142","Error","Microsoft-Windows-WinRM","WSMan operation Enumeration failed, error code 2150858770"
"29-05-2026 15:04:07","161","Error","Microsoft-Windows-WinRM","The client cannot connect to the destination specified in the request. Verify that the service on the destination is running and is accepting requests. Consult the logs and documentation for the WS-Management service running on the destination, most commonly IIS or WinRM. If the destination is the WinRM service, run the following command on the destination to analyze and configure the WinRM service: ""winrm quickconfig""."
"29-05-2026 15:04:07","254","Information","Microsoft-Windows-WinRM","Activity Transfer"
"29-05-2026 15:04:03","145","Information","Microsoft-Windows-WinRM","WSMan operation Enumeration started with resourceUri http://schemas.microsoft.com/wbem/wsman/1/config/listener"
"29-05-2026 12:55:37","142","Error","Microsoft-Windows-WinRM","WSMan operation Enumeration failed, error code 2150858770"
"29-05-2026 12:55:37","161","Error","Microsoft-Windows-WinRM","The client cannot connect to the destination specified in the request. Verify that the service on the destination is running and is accepting requests. Consult the logs and documentation for the WS-Management service running on the destination, most commonly IIS or WinRM. If the destination is the WinRM service, run the following command on the destination to analyze and configure the WinRM service: ""winrm quickconfig""."
"29-05-2026 12:55:37","254","Information","Microsoft-Windows-WinRM","Activity Transfer"
"29-05-2026 12:55:33","145","Information","Microsoft-Windows-WinRM","WSMan operation Enumeration started with resourceUri http://schemas.microsoft.com/wbem/wsman/1/config/listener"
"29-05-2026 11:55:03","142","Error","Microsoft-Windows-WinRM","WSMan operation Enumeration failed, error code 2150858770"
"29-05-2026 11:55:03","161","Error","Microsoft-Windows-WinRM","The client cannot connect to the destination specified in the request. Verify that the service on the destination is running and is accepting requests. Consult the logs and documentation for the WS-Management service running on the destination, most commonly IIS or WinRM. If the destination is the WinRM service, run the following command on the destination to analyze and configure the WinRM service: ""winrm quickconfig""."
"29-05-2026 11:55:03","254","Information","Microsoft-Windows-WinRM","Activity Transfer"
"29-05-2026 11:54:59","145","Information","Microsoft-Windows-WinRM","WSMan operation Enumeration started with resourceUri http://schemas.microsoft.com/wbem/wsman/1/config/listener"
"29-05-2026 10:46:21","142","Error","Microsoft-Windows-WinRM","WSMan operation Enumeration failed, error code 2150858770"
"29-05-2026 10:46:21","161","Error","Microsoft-Windows-WinRM","The client cannot connect to the destination specified in the request. Verify that the service on the destination is running and is accepting requests. Consult the logs and documentation for the WS-Management service running on the destination, most commonly IIS or WinRM. If the destination is the WinRM service, run the following command on the destination to analyze and configure the WinRM service: ""winrm quickconfig""."
"29-05-2026 10:46:21","254","Information","Microsoft-Windows-WinRM","Activity Transfer"
"29-05-2026 10:46:17","145","Information","Microsoft-Windows-WinRM","WSMan operation Enumeration started with resourceUri http://schemas.microsoft.com/wbem/wsman/1/config/listener"
"29-05-2026 10:42:24","142","Error","Microsoft-Windows-WinRM","WSMan operation Enumeration failed, error code 2150858770"
"29-05-2026 10:42:24","161","Error","Microsoft-Windows-WinRM","The client cannot connect to the destination specified in the request. Verify that the service on the destination is running and is accepting requests. Consult the logs and documentation for the WS-Management service running on the destination, most commonly IIS or WinRM. If the destination is the WinRM service, run the following command on the destination to analyze and configure the WinRM service: ""winrm quickconfig""."
"29-05-2026 10:42:24","254","Information","Microsoft-Windows-WinRM","Activity Transfer"
"29-05-2026 10:42:20","145","Information","Microsoft-Windows-WinRM","WSMan operation Enumeration started with resourceUri http://schemas.microsoft.com/wbem/wsman/1/config/listener"
"29-05-2026 10:22:37","142","Error","Microsoft-Windows-WinRM","WSMan operation Enumeration failed, error code 2150858770"
"29-05-2026 10:22:37","161","Error","Microsoft-Windows-WinRM","The client cannot connect to the destination specified in the request. Verify that the service on the destination is running and is accepting requests. Consult the logs and documentation for the WS-Management service running on the destination, most commonly IIS or WinRM. If the destination is the WinRM service, run the following command on the destination to analyze and configure the WinRM service: ""winrm quickconfig""."
"29-05-2026 10:22:37","254","Information","Microsoft-Windows-WinRM","Activity Transfer"
"29-05-2026 10:22:33","145","Information","Microsoft-Windows-WinRM","WSMan operation Enumeration started with resourceUri http://schemas.microsoft.com/wbem/wsman/1/config/listener"
"29-05-2026 10:09:43","142","Error","Microsoft-Windows-WinRM","WSMan operation Enumeration failed, error code 2150858770"
"29-05-2026 10:09:43","161","Error","Microsoft-Windows-WinRM","The client cannot connect to the destination specified in the request. Verify that the service on the destination is running and is accepting requests. Consult the logs and documentation for the WS-Management service running on the destination, most commonly IIS or WinRM. If the destination is the WinRM service, run the following command on the destination to analyze and configure the WinRM service: ""winrm quickconfig""."
"29-05-2026 10:09:43","254","Information","Microsoft-Windows-WinRM","Activity Transfer"
"29-05-2026 10:09:39","145","Information","Microsoft-Windows-WinRM","WSMan operation Enumeration started with resourceUri http://schemas.microsoft.com/wbem/wsman/1/config/listener"
"29-05-2026 10:03:45","142","Error","Microsoft-Windows-WinRM","WSMan operation Enumeration failed, error code 2150858770"
"29-05-2026 10:03:45","161","Error","Microsoft-Windows-WinRM","The client cannot connect to the destination specified in the request. Verify that the service on the destination is running and is accepting requests. Consult the logs and documentation for the WS-Management service running on the destination, most commonly IIS or WinRM. If the destination is the WinRM service, run the following command on the destination to analyze and configure the WinRM service: ""winrm quickconfig""."
"29-05-2026 10:03:45","254","Information","Microsoft-Windows-WinRM","Activity Transfer"
"29-05-2026 10:03:41","145","Information","Microsoft-Windows-WinRM","WSMan operation Enumeration started with resourceUri http://schemas.microsoft.com/wbem/wsman/1/config/listener"
"28-05-2026 19:48:57","142","Error","Microsoft-Windows-WinRM","WSMan operation Enumeration failed, error code 2150858770"
"28-05-2026 19:48:57","161","Error","Microsoft-Windows-WinRM","The client cannot connect to the destination specified in the request. Verify that the service on the destination is running and is accepting requests. Consult the logs and documentation for the WS-Management service running on the destination, most commonly IIS or WinRM. If the destination is the WinRM service, run the following command on the destination to analyze and configure the WinRM service: ""winrm quickconfig""."
"28-05-2026 19:48:57","254","Information","Microsoft-Windows-WinRM","Activity Transfer"
"28-05-2026 19:48:53","145","Information","Microsoft-Windows-WinRM","WSMan operation Enumeration started with resourceUri http://schemas.microsoft.com/wbem/wsman/1/config/listener"
"28-05-2026 16:50:27","142","Error","Microsoft-Windows-WinRM","WSMan operation Enumeration failed, error code 2150858770"
"28-05-2026 16:50:27","161","Error","Microsoft-Windows-WinRM","The client cannot connect to the destination specified in the request. Verify that the service on the destination is running and is accepting requests. Consult the logs and documentation for the WS-Management service running on the destination, most commonly IIS or WinRM. If the destination is the WinRM service, run the following command on the destination to analyze and configure the WinRM service: ""winrm quickconfig""."
"28-05-2026 16:50:27","254","Information","Microsoft-Windows-WinRM","Activity Transfer"
"28-05-2026 16:50:23","145","Information","Microsoft-Windows-WinRM","WSMan operation Enumeration started with resourceUri http://schemas.microsoft.com/wbem/wsman/1/config/listener"
"28-05-2026 13:12:34","142","Error","Microsoft-Windows-WinRM","WSMan operation Enumeration failed, error code 2150858770"
"28-05-2026 13:12:34","161","Error","Microsoft-Windows-WinRM","The client cannot connect to the destination specified in the request. Verify that the service on the destination is running and is accepting requests. Consult the logs and documentation for the WS-Management service running on the destination, most commonly IIS or WinRM. If the destination is the WinRM service, run the following command on the destination to analyze and configure the WinRM service: ""winrm quickconfig""."
"28-05-2026 13:12:34","254","Information","Microsoft-Windows-WinRM","Activity Transfer"
"28-05-2026 13:12:30","145","Information","Microsoft-Windows-WinRM","WSMan operation Enumeration started with resourceUri http://schemas.microsoft.com/wbem/wsman/1/config/listener"
"28-05-2026 12:48:51","142","Error","Microsoft-Windows-WinRM","WSMan operation Enumeration failed, error code 2150858770"
"28-05-2026 12:48:51","161","Error","Microsoft-Windows-WinRM","The client cannot connect to the destination specified in the request. Verify that the service on the destination is running and is accepting requests. Consult the logs and documentation for the WS-Management service running on the destination, most commonly IIS or WinRM. If the destination is the WinRM service, run the following command on the destination to analyze and configure the WinRM service: ""winrm quickconfig""."
"28-05-2026 12:48:51","254","Information","Microsoft-Windows-WinRM","Activity Transfer"
"28-05-2026 12:48:47","145","Information","Microsoft-Windows-WinRM","WSMan operation Enumeration started with resourceUri http://schemas.microsoft.com/wbem/wsman/1/config/listener"
"28-05-2026 11:01:20","142","Error","Microsoft-Windows-WinRM","WSMan operation Enumeration failed, error code 2150858770"
"28-05-2026 11:01:20","161","Error","Microsoft-Windows-WinRM","The client cannot connect to the destination specified in the request. Verify that the service on the destination is running and is accepting requests. Consult the logs and documentation for the WS-Management service running on the destination, most commonly IIS or WinRM. If the destination is the WinRM service, run the following command on the destination to analyze and configure the WinRM service: ""winrm quickconfig""."
"28-05-2026 11:01:20","254","Information","Microsoft-Windows-WinRM","Activity Transfer"
"28-05-2026 11:01:16","145","Information","Microsoft-Windows-WinRM","WSMan operation Enumeration started with resourceUri http://schemas.microsoft.com/wbem/wsman/1/config/listener"
"28-05-2026 10:52:51","142","Error","Microsoft-Windows-WinRM","WSMan operation Enumeration failed, error code 2150858770"
"28-05-2026 10:52:51","161","Error","Microsoft-Windows-WinRM","The client cannot connect to the destination specified in the request. Verify that the service on the destination is running and is accepting requests. Consult the logs and documentation for the WS-Management service running on the destination, most commonly IIS or WinRM. If the destination is the WinRM service, run the following command on the destination to analyze and configure the WinRM service: ""winrm quickconfig""."
"28-05-2026 10:52:51","254","Information","Microsoft-Windows-WinRM","Activity Transfer"
"28-05-2026 10:52:47","145","Information","Microsoft-Windows-WinRM","WSMan operation Enumeration started with resourceUri http://schemas.microsoft.com/wbem/wsman/1/config/listener"
"28-05-2026 10:46:21","142","Error","Microsoft-Windows-WinRM","WSMan operation Enumeration failed, error code 2150858770"
"28-05-2026 10:46:21","161","Error","Microsoft-Windows-WinRM","The client cannot connect to the destination specified in the request. Verify that the service on the destination is running and is accepting requests. Consult the logs and documentation for the WS-Management service running on the destination, most commonly IIS or WinRM. If the destination is the WinRM service, run the following command on the destination to analyze and configure the WinRM service: ""winrm quickconfig""."
"28-05-2026 10:46:21","254","Information","Microsoft-Windows-WinRM","Activity Transfer"
"28-05-2026 10:46:17","145","Information","Microsoft-Windows-WinRM","WSMan operation Enumeration started with resourceUri http://schemas.microsoft.com/wbem/wsman/1/config/listener"
"28-05-2026 10:29:36","142","Error","Microsoft-Windows-WinRM","WSMan operation Enumeration failed, error code 2150858770"
"28-05-2026 10:29:36","161","Error","Microsoft-Windows-WinRM","The client cannot connect to the destination specified in the request. Verify that the service on the destination is running and is accepting requests. Consult the logs and documentation for the WS-Management service running on the destination, most commonly IIS or WinRM. If the destination is the WinRM service, run the following command on the destination to analyze and configure the WinRM service: ""winrm quickconfig""."
"28-05-2026 10:29:36","254","Information","Microsoft-Windows-WinRM","Activity Transfer"
"28-05-2026 10:29:32","145","Information","Microsoft-Windows-WinRM","WSMan operation Enumeration started with resourceUri http://schemas.microsoft.com/wbem/wsman/1/config/listener"
"28-05-2026 10:25:02","142","Error","Microsoft-Windows-WinRM","WSMan operation Enumeration failed, error code 2150858770"
"28-05-2026 10:25:02","161","Error","Microsoft-Windows-WinRM","The client cannot connect to the destination specified in the request. Verify that the service on the destination is running and is accepting requests. Consult the logs and documentation for the WS-Management service running on the destination, most commonly IIS or WinRM. If the destination is the WinRM service, run the following command on the destination to analyze and configure the WinRM service: ""winrm quickconfig""."
"28-05-2026 10:25:02","254","Information","Microsoft-Windows-WinRM","Activity Transfer"
"28-05-2026 10:24:58","145","Information","Microsoft-Windows-WinRM","WSMan operation Enumeration started with resourceUri http://schemas.microsoft.com/wbem/wsman/1/config/listener"
"28-05-2026 10:20:48","142","Error","Microsoft-Windows-WinRM","WSMan operation Enumeration failed, error code 2150858770"
"28-05-2026 10:20:48","161","Error","Microsoft-Windows-WinRM","The client cannot connect to the destination specified in the request. Verify that the service on the destination is running and is accepting requests. Consult the logs and documentation for the WS-Management service running on the destination, most commonly IIS or WinRM. If the destination is the WinRM service, run the following command on the destination to analyze and configure the WinRM service: ""winrm quickconfig""."
"28-05-2026 10:20:48","254","Information","Microsoft-Windows-WinRM","Activity Transfer"
"28-05-2026 10:20:44","145","Information","Microsoft-Windows-WinRM","WSMan operation Enumeration started with resourceUri http://schemas.microsoft.com/wbem/wsman/1/config/listener"
"27-05-2026 09:28:17","142","Error","Microsoft-Windows-WinRM","WSMan operation Enumeration failed, error code 2150858770"
"27-05-2026 09:28:17","161","Error","Microsoft-Windows-WinRM","The client cannot connect to the destination specified in the request. Verify that the service on the destination is running and is accepting requests. Consult the logs and documentation for the WS-Management service running on the destination, most commonly IIS or WinRM. If the destination is the WinRM service, run the following command on the destination to analyze and configure the WinRM service: ""winrm quickconfig""."
"27-05-2026 09:28:17","254","Information","Microsoft-Windows-WinRM","Activity Transfer"
"27-05-2026 09:28:13","145","Information","Microsoft-Windows-WinRM","WSMan operation Enumeration started with resourceUri http://schemas.microsoft.com/wbem/wsman/1/config/listener"
"26-05-2026 19:39:29","142","Error","Microsoft-Windows-WinRM","WSMan operation Enumeration failed, error code 2150858770"
"26-05-2026 19:39:29","161","Error","Microsoft-Windows-WinRM","The client cannot connect to the destination specified in the request. Verify that the service on the destination is running and is accepting requests. Consult the logs and documentation for the WS-Management service running on the destination, most commonly IIS or WinRM. If the destination is the WinRM service, run the following command on the destination to analyze and configure the WinRM service: ""winrm quickconfig""."
"26-05-2026 19:39:29","254","Information","Microsoft-Windows-WinRM","Activity Transfer"
"26-05-2026 19:39:25","145","Information","Microsoft-Windows-WinRM","WSMan operation Enumeration started with resourceUri http://schemas.microsoft.com/wbem/wsman/1/config/listener"
"26-05-2026 16:40:17","142","Error","Microsoft-Windows-WinRM","WSMan operation Enumeration failed, error code 2150858770"
"26-05-2026 16:40:17","161","Error","Microsoft-Windows-WinRM","The client cannot connect to the destination specified in the request. Verify that the service on the destination is running and is accepting requests. Consult the logs and documentation for the WS-Management service running on the destination, most commonly IIS or WinRM. If the destination is the WinRM service, run the following command on the destination to analyze and configure the WinRM service: ""winrm quickconfig""."
"26-05-2026 16:40:17","254","Information","Microsoft-Windows-WinRM","Activity Transfer"
"26-05-2026 16:40:13","145","Information","Microsoft-Windows-WinRM","WSMan operation Enumeration started with resourceUri http://schemas.microsoft.com/wbem/wsman/1/config/listener"
"26-05-2026 13:12:09","142","Error","Microsoft-Windows-WinRM","WSMan operation Enumeration failed, error code 2150858770"
"26-05-2026 13:12:09","161","Error","Microsoft-Windows-WinRM","The client cannot connect to the destination specified in the request. Verify that the service on the destination is running and is accepting requests. Consult the logs and documentation for the WS-Management service running on the destination, most commonly IIS or WinRM. If the destination is the WinRM service, run the following command on the destination to analyze and configure the WinRM service: ""winrm quickconfig""."
"26-05-2026 13:12:09","254","Information","Microsoft-Windows-WinRM","Activity Transfer"
"26-05-2026 13:12:05","145","Information","Microsoft-Windows-WinRM","WSMan operation Enumeration started with resourceUri http://schemas.microsoft.com/wbem/wsman/1/config/listener"
"26-05-2026 12:40:23","142","Error","Microsoft-Windows-WinRM","WSMan operation Enumeration failed, error code 2150858770"
"26-05-2026 12:40:23","161","Error","Microsoft-Windows-WinRM","The client cannot connect to the destination specified in the request. Verify that the service on the destination is running and is accepting requests. Consult the logs and documentation for the WS-Management service running on the destination, most commonly IIS or WinRM. If the destination is the WinRM service, run the following command on the destination to analyze and configure the WinRM service: ""winrm quickconfig""."
"26-05-2026 12:40:23","254","Information","Microsoft-Windows-WinRM","Activity Transfer"
"26-05-2026 12:40:19","145","Information","Microsoft-Windows-WinRM","WSMan operation Enumeration started with resourceUri http://schemas.microsoft.com/wbem/wsman/1/config/listener"
"26-05-2026 10:46:22","142","Error","Microsoft-Windows-WinRM","WSMan operation Enumeration failed, error code 2150858770"
"26-05-2026 10:46:22","161","Error","Microsoft-Windows-WinRM","The client cannot connect to the destination specified in the request. Verify that the service on the destination is running and is accepting requests. Consult the logs and documentation for the WS-Management service running on the destination, most commonly IIS or WinRM. If the destination is the WinRM service, run the following command on the destination to analyze and configure the WinRM service: ""winrm quickconfig""."
"26-05-2026 10:46:22","254","Information","Microsoft-Windows-WinRM","Activity Transfer"
"26-05-2026 10:46:18","145","Information","Microsoft-Windows-WinRM","WSMan operation Enumeration started with resourceUri http://schemas.microsoft.com/wbem/wsman/1/config/listener"
"26-05-2026 09:45:28","142","Error","Microsoft-Windows-WinRM","WSMan operation Enumeration failed, error code 2150858770"
"26-05-2026 09:45:28","161","Error","Microsoft-Windows-WinRM","The client cannot connect to the destination specified in the request. Verify that the service on the destination is running and is accepting requests. Consult the logs and documentation for the WS-Management service running on the destination, most commonly IIS or WinRM. If the destination is the WinRM service, run the following command on the destination to analyze and configure the WinRM service: ""winrm quickconfig""."
"26-05-2026 09:45:28","254","Information","Microsoft-Windows-WinRM","Activity Transfer"
"26-05-2026 09:45:24","145","Information","Microsoft-Windows-WinRM","WSMan operation Enumeration started with resourceUri http://schemas.microsoft.com/wbem/wsman/1/config/listener"
"26-05-2026 09:39:28","142","Error","Microsoft-Windows-WinRM","WSMan operation Enumeration failed, error code 2150858770"
"26-05-2026 09:39:28","161","Error","Microsoft-Windows-WinRM","The client cannot connect to the destination specified in the request. Verify that the service on the destination is running and is accepting requests. Consult the logs and documentation for the WS-Management service running on the destination, most commonly IIS or WinRM. If the destination is the WinRM service, run the following command on the destination to analyze and configure the WinRM service: ""winrm quickconfig""."
"26-05-2026 09:39:28","254","Information","Microsoft-Windows-WinRM","Activity Transfer"
"26-05-2026 09:39:23","145","Information","Microsoft-Windows-WinRM","WSMan operation Enumeration started with resourceUri http://schemas.microsoft.com/wbem/wsman/1/config/listener"
"25-05-2026 17:35:21","142","Error","Microsoft-Windows-WinRM","WSMan operation Enumeration failed, error code 2150858770"
"25-05-2026 17:35:21","161","Error","Microsoft-Windows-WinRM","The client cannot connect to the destination specified in the request. Verify that the service on the destination is running and is accepting requests. Consult the logs and documentation for the WS-Management service running on the destination, most commonly IIS or WinRM. If the destination is the WinRM service, run the following command on the destination to analyze and configure the WinRM service: ""winrm quickconfig""."
"25-05-2026 17:35:21","254","Information","Microsoft-Windows-WinRM","Activity Transfer"
"25-05-2026 17:35:17","145","Information","Microsoft-Windows-WinRM","WSMan operation Enumeration started with resourceUri http://schemas.microsoft.com/wbem/wsman/1/config/listener"
"25-05-2026 17:32:19","142","Error","Microsoft-Windows-WinRM","WSMan operation Enumeration failed, error code 2150858770"
"25-05-2026 17:32:19","161","Error","Microsoft-Windows-WinRM","The client cannot connect to the destination specified in the request. Verify that the service on the destination is running and is accepting requests. Consult the logs and documentation for the WS-Management service running on the destination, most commonly IIS or WinRM. If the destination is the WinRM service, run the following command on the destination to analyze and configure the WinRM service: ""winrm quickconfig""."
"25-05-2026 17:32:19","254","Information","Microsoft-Windows-WinRM","Activity Transfer"
"25-05-2026 17:32:15","145","Information","Microsoft-Windows-WinRM","WSMan operation Enumeration started with resourceUri http://schemas.microsoft.com/wbem/wsman/1/config/listener"
"25-05-2026 13:52:46","142","Error","Microsoft-Windows-WinRM","WSMan operation Enumeration failed, error code 2150858770"
"25-05-2026 13:52:46","161","Error","Microsoft-Windows-WinRM","The client cannot connect to the destination specified in the request. Verify that the service on the destination is running and is accepting requests. Consult the logs and documentation for the WS-Management service running on the destination, most commonly IIS or WinRM. If the destination is the WinRM service, run the following command on the destination to analyze and configure the WinRM service: ""winrm quickconfig""."
"25-05-2026 13:52:46","254","Information","Microsoft-Windows-WinRM","Activity Transfer"
"25-05-2026 13:52:42","145","Information","Microsoft-Windows-WinRM","WSMan operation Enumeration started with resourceUri http://schemas.microsoft.com/wbem/wsman/1/config/listener"
"25-05-2026 12:40:24","142","Error","Microsoft-Windows-WinRM","WSMan operation Enumeration failed, error code 2150858770"
"25-05-2026 12:40:24","161","Error","Microsoft-Windows-WinRM","The client cannot connect to the destination specified in the request. Verify that the service on the destination is running and is accepting requests. Consult the logs and documentation for the WS-Management service running on the destination, most commonly IIS or WinRM. If the destination is the WinRM service, run the following command on the destination to analyze and configure the WinRM service: ""winrm quickconfig""."
"25-05-2026 12:40:24","254","Information","Microsoft-Windows-WinRM","Activity Transfer"
