"19-08-2026 10:37:20","5857","Information","Microsoft-Windows-WMI-Activity","Win32_EncryptableVolumeProvider provider started with result code 0x0. HostProcess = wmiprvse.exe; ProcessID = 7000; ProviderPath = C:\Windows\System32\wbem\Win32_EncryptableVolume.dll"
"19-08-2026 10:37:02","5858","Error","Microsoft-Windows-WMI-Activity","Id = {3813E7A2-8E57-4009-99D8-FC33677CBD32}; ClientMachine = LIND55MBVC4; User = ENTERPRISE\arjo5004; ClientProcessId = 15864; Component = Unknown; Operation = Start IWbemServices::ExecQuery - ROOT\CIMV2 : SELECT HypervisorPresent FROM Win32_ComputerSystem; ResultCode = 0x80041032; PossibleCause = Unknown"
"19-08-2026 10:37:02","5858","Error","Microsoft-Windows-WMI-Activity","Id = {3813E7A2-8E57-4009-99D8-FC33677CBD32}; ClientMachine = LIND55MBVC4; User = ENTERPRISE\arjo5004; ClientProcessId = 15864; Component = Unknown; Operation = Start IWbemServices::ExecQuery - ROOT\CIMV2 : SELECT Family,VirtualizationFirmwareEnabled FROM Win32_Processor; ResultCode = 0x80041032; PossibleCause = Unknown"
"19-08-2026 10:36:20","5857","Information","Microsoft-Windows-WMI-Activity","Win32_EncryptableVolumeProvider provider started with result code 0x0. HostProcess = wmiprvse.exe; ProcessID = 7000; ProviderPath = C:\Windows\System32\wbem\Win32_EncryptableVolume.dll"
"19-08-2026 10:35:02","5857","Information","Microsoft-Windows-WMI-Activity","NetAdapterCim provider started with result code 0x0. HostProcess = wmiprvse.exe; ProcessID = 12280; ProviderPath = %systemroot%\system32\wbem\NetAdapterCim.dll"
"19-08-2026 10:34:19","5857","Information","Microsoft-Windows-WMI-Activity","Win32_EncryptableVolumeProvider provider started with result code 0x0. HostProcess = wmiprvse.exe; ProcessID = 7000; ProviderPath = C:\Windows\System32\wbem\Win32_EncryptableVolume.dll"
"19-08-2026 10:33:19","5857","Information","Microsoft-Windows-WMI-Activity","Win32_EncryptableVolumeProvider provider started with result code 0x0. HostProcess = wmiprvse.exe; ProcessID = 7000; ProviderPath = C:\Windows\System32\wbem\Win32_EncryptableVolume.dll"
"19-08-2026 10:32:19","5857","Information","Microsoft-Windows-WMI-Activity","Win32_EncryptableVolumeProvider provider started with result code 0x0. HostProcess = wmiprvse.exe; ProcessID = 7000; ProviderPath = C:\Windows\System32\wbem\Win32_EncryptableVolume.dll"
"19-08-2026 10:31:19","5857","Information","Microsoft-Windows-WMI-Activity","Win32_EncryptableVolumeProvider provider started with result code 0x0. HostProcess = wmiprvse.exe; ProcessID = 7000; ProviderPath = C:\Windows\System32\wbem\Win32_EncryptableVolume.dll"
"19-08-2026 10:30:46","5860","Information","Microsoft-Windows-WMI-Activity","Namespace = root\cimv2; NotificationQuery = SELECT * FROM RegistryValueChangeEvent WHERE Hive = 'HKEY_LOCAL_MACHINE' AND KeyPath = 'SOFTWARE\\Cirrus Logic\\Tunings\\DigitalAudioDisplayDevice' AND ValueName='CLABP_BLOCKED'; UserName = ENTERPRISE\arjo5004; ClientProcessID = 8692, ClientMachine = LIND55MBVC4; PossibleCause = Temporary"
"19-08-2026 10:30:44","5858","Error","Microsoft-Windows-WMI-Activity","Id = {4C4AD594-0DB4-4810-AAB2-DE6CE2AA96BE}; ClientMachine = LIND55MBVC4; User = ENTERPRISE\arjo5004; ClientProcessId = 8692; Component = Unknown; Operation = Start IWbemServices::ExecNotificationQuery - root\cimv2 : SELECT * FROM RegistryValueChangeEvent WHERE Hive = 'HKEY_LOCAL_MACHINE' AND KeyPath = 'SOFTWARE\\Cirrus Logic\\Tunings\\DigitalAudioDisplayDevice' AND ValueName='CLABP_BLOCKED'; ResultCode = 0x80041032; PossibleCause = Unknown"
"19-08-2026 10:30:02","5857","Information","Microsoft-Windows-WMI-Activity","NetAdapterCim provider started with result code 0x0. HostProcess = wmiprvse.exe; ProcessID = 31328; ProviderPath = %systemroot%\system32\wbem\NetAdapterCim.dll"
"19-08-2026 10:29:19","5857","Information","Microsoft-Windows-WMI-Activity","Win32_EncryptableVolumeProvider provider started with result code 0x0. HostProcess = wmiprvse.exe; ProcessID = 7000; ProviderPath = C:\Windows\System32\wbem\Win32_EncryptableVolume.dll"
"19-08-2026 10:29:19","5858","Error","Microsoft-Windows-WMI-Activity","Id = {0E4B97BF-2AA9-4146-8367-017E6776BE05}; ClientMachine = LIND55MBVC4; User = NT AUTHORITY\SYSTEM; ClientProcessId = 3760; Component = Unknown; Operation = Start IWbemServices::ExecQuery - ROOT\CIMV2 : SELECT * FROM Win32_PnPEntity Where deviceid Like '%PCI\\VEN_8086&DEV_7d1d&SUBSYS_0ce81028%&Rev%'; ResultCode = 0x80041032; PossibleCause = Throttling Idle Tasks, refer to CIMOM regkey: ArbTaskMaxIdle"
"19-08-2026 10:29:19","5858","Error","Microsoft-Windows-WMI-Activity","Id = {B266CF3E-CB1B-44FE-B39A-13919D5C03F4}; ClientMachine = LIND55MBVC4; User = NT AUTHORITY\SYSTEM; ClientProcessId = 3760; Component = Unknown; Operation = Start IWbemServices::ExecQuery - ROOT\CIMV2 : SELECT * FROM Win32_PnPEntity Where deviceid Like '%PCI\\VEN_8086&DEV_7d1d&SUBSYS_0ce81028%&Rev%'; ResultCode = 0x80041032; PossibleCause = Throttling Idle Tasks, refer to CIMOM regkey: ArbTaskMaxIdle"
"19-08-2026 10:29:19","5858","Error","Microsoft-Windows-WMI-Activity","Id = {A39026FB-80E9-4A8E-BD12-47B904541672}; ClientMachine = LIND55MBVC4; User = NT AUTHORITY\SYSTEM; ClientProcessId = 3760; Component = Unknown; Operation = Start IWbemServices::ExecQuery - ROOT\CIMV2 : SELECT * FROM Win32_PnPEntity Where deviceid Like '%PCI\\VEN_8086&DEV_7d1d&SUBSYS_0ce81028%&Rev%'; ResultCode = 0x80041032; PossibleCause = Throttling Idle Tasks, refer to CIMOM regkey: ArbTaskMaxIdle"
"19-08-2026 10:29:19","5858","Error","Microsoft-Windows-WMI-Activity","Id = {6A45A76F-8715-4D55-97C9-BEAD98FF992D}; ClientMachine = LIND55MBVC4; User = NT AUTHORITY\SYSTEM; ClientProcessId = 3760; Component = Unknown; Operation = Start IWbemServices::ExecQuery - ROOT\CIMV2 : SELECT * FROM Win32_PnPEntity Where deviceid Like '%PCI\\VEN_8086&DEV_7d1d&SUBSYS_0ce81028%&Rev%'; ResultCode = 0x80041032; PossibleCause = Throttling Idle Tasks, refer to CIMOM regkey: ArbTaskMaxIdle"
"19-08-2026 10:29:19","5858","Error","Microsoft-Windows-WMI-Activity","Id = {2BC60418-BC3A-442A-AC64-32C678308DC7}; ClientMachine = LIND55MBVC4; User = NT AUTHORITY\SYSTEM; ClientProcessId = 3760; Component = Unknown; Operation = Start IWbemServices::ExecQuery - ROOT\CIMV2 : SELECT * FROM Win32_PnPEntity Where deviceid Like '%PCI\\VEN_8086&DEV_7d1d&SUBSYS_0ce81028%&Rev%'; ResultCode = 0x80041032; PossibleCause = Throttling Idle Tasks, refer to CIMOM regkey: ArbTaskMaxIdle"
"19-08-2026 10:28:19","5857","Information","Microsoft-Windows-WMI-Activity","Win32_EncryptableVolumeProvider provider started with result code 0x0. HostProcess = wmiprvse.exe; ProcessID = 7000; ProviderPath = C:\Windows\System32\wbem\Win32_EncryptableVolume.dll"
"19-08-2026 10:27:19","5857","Information","Microsoft-Windows-WMI-Activity","Win32_EncryptableVolumeProvider provider started with result code 0x0. HostProcess = wmiprvse.exe; ProcessID = 7000; ProviderPath = C:\Windows\System32\wbem\Win32_EncryptableVolume.dll"
"19-08-2026 10:26:19","5857","Information","Microsoft-Windows-WMI-Activity","Win32_EncryptableVolumeProvider provider started with result code 0x0. HostProcess = wmiprvse.exe; ProcessID = 7000; ProviderPath = C:\Windows\System32\wbem\Win32_EncryptableVolume.dll"
"19-08-2026 10:25:02","5857","Information","Microsoft-Windows-WMI-Activity","NetAdapterCim provider started with result code 0x0. HostProcess = wmiprvse.exe; ProcessID = 24068; ProviderPath = %systemroot%\system32\wbem\NetAdapterCim.dll"
"19-08-2026 10:24:53","5857","Information","Microsoft-Windows-WMI-Activity","Provider_DiagnosticsServices provider started with result code 0x0. HostProcess = wmiprvse.exe; ProcessID = 8896; ProviderPath = %systemroot%\system32\wbem\wmiprov.dll"
"19-08-2026 10:24:19","5857","Information","Microsoft-Windows-WMI-Activity","Win32_EncryptableVolumeProvider provider started with result code 0x0. HostProcess = wmiprvse.exe; ProcessID = 7000; ProviderPath = C:\Windows\System32\wbem\Win32_EncryptableVolume.dll"
"19-08-2026 10:24:09","5857","Information","Microsoft-Windows-WMI-Activity","Provider_PlatformBios provider started with result code 0x0. HostProcess = wmiprvse.exe; ProcessID = 8896; ProviderPath = %systemroot%\system32\wbem\wmiprov.dll"
"19-08-2026 10:23:37","5857","Information","Microsoft-Windows-WMI-Activity","MSVDS__PROVIDER provider started with result code 0x0. HostProcess = wmiprvse.exe; ProcessID = 7000; ProviderPath = %systemroot%\system32\wbem\vdswmi.dll"
"19-08-2026 10:23:37","5857","Information","Microsoft-Windows-WMI-Activity","StorageWMI provider started with result code 0x0. HostProcess = wmiprvse.exe; ProcessID = 7000; ProviderPath = %SystemRoot%\System32\storagewmi.dll"
"19-08-2026 10:23:19","5860","Information","Microsoft-Windows-WMI-Activity","Namespace = root\cimv2; NotificationQuery = select * from RegistryValueChangeEvent where Hive='HKEY_USERS' AND KeyPath='S-1-12-1-2357405129-1281513531-255772574-1816207334\\Software\\Microsoft\\Windows\\CurrentVersion\\Internet Settings' AND ValueName='ProxyEnable'; UserName = ENTERPRISE\arjo5004; ClientProcessID = 17568, ClientMachine = LIND55MBVC4; PossibleCause = Temporary"
"19-08-2026 10:23:19","5860","Information","Microsoft-Windows-WMI-Activity","Namespace = root\cimv2; NotificationQuery = select * from RegistryValueChangeEvent where Hive='HKEY_USERS' AND KeyPath='S-1-12-1-2357405129-1281513531-255772574-1816207334\\Software\\Microsoft\\Windows\\CurrentVersion\\Internet Settings' AND ValueName='ProxyServer'; UserName = ENTERPRISE\arjo5004; ClientProcessID = 17568, ClientMachine = LIND55MBVC4; PossibleCause = Temporary"
"19-08-2026 10:23:19","5858","Error","Microsoft-Windows-WMI-Activity","Id = {EFC78E38-2796-412E-BA58-45A720EEFA20}; ClientMachine = LIND55MBVC4; User = ENTERPRISE\arjo5004; ClientProcessId = 17568; Component = Unknown; Operation = Start IWbemServices::ExecNotificationQuery - root\cimv2 : select * from RegistryValueChangeEvent where Hive='HKEY_USERS' AND KeyPath='S-1-12-1-2357405129-1281513531-255772574-1816207334\\Software\\Microsoft\\Windows\\CurrentVersion\\Internet Settings' AND ValueName='ProxyEnable'; ResultCode = 0x80041032; PossibleCause = Unknown"
"19-08-2026 10:23:19","5858","Error","Microsoft-Windows-WMI-Activity","Id = {372D5AFD-7457-48A6-A348-D771B755F6A7}; ClientMachine = LIND55MBVC4; User = ENTERPRISE\arjo5004; ClientProcessId = 17568; Component = Unknown; Operation = Start IWbemServices::ExecNotificationQuery - root\cimv2 : select * from RegistryValueChangeEvent where Hive='HKEY_USERS' AND KeyPath='S-1-12-1-2357405129-1281513531-255772574-1816207334\\Software\\Microsoft\\Windows\\CurrentVersion\\Internet Settings' AND ValueName='ProxyServer'; ResultCode = 0x80041032; PossibleCause = Unknown"
"19-08-2026 10:23:19","5857","Information","Microsoft-Windows-WMI-Activity","VpnClientPSProvider provider started with result code 0x0. HostProcess = wmiprvse.exe; ProcessID = 7000; ProviderPath = %SYSTEMROOT%\System32\wbem\vpnclientpsprovider.dll"
"19-08-2026 10:23:18","5860","Information","Microsoft-Windows-WMI-Activity","Namespace = root\cimv2; NotificationQuery = SELECT * FROM RegistryValueChangeEvent WHERE Hive = 'HKEY_LOCAL_MACHINE' AND KeyPath = 'SOFTWARE\\Cirrus Logic\\Tunings\\DigitalAudioDisplayDevice' AND ValueName='CLABP_BLOCKED'; UserName = ENTERPRISE\arjo5004; ClientProcessID = 8692, ClientMachine = LIND55MBVC4; PossibleCause = Temporary"
"19-08-2026 10:22:50","5857","Information","Microsoft-Windows-WMI-Activity","Win32_EncryptableVolumeProvider provider started with result code 0x0. HostProcess = wmiprvse.exe; ProcessID = 7000; ProviderPath = C:\Windows\System32\wbem\Win32_EncryptableVolume.dll"
"19-08-2026 10:21:50","5857","Information","Microsoft-Windows-WMI-Activity","Win32_EncryptableVolumeProvider provider started with result code 0x0. HostProcess = wmiprvse.exe; ProcessID = 7000; ProviderPath = C:\Windows\System32\wbem\Win32_EncryptableVolume.dll"
"19-08-2026 10:20:50","5857","Information","Microsoft-Windows-WMI-Activity","Win32_EncryptableVolumeProvider provider started with result code 0x0. HostProcess = wmiprvse.exe; ProcessID = 7000; ProviderPath = C:\Windows\System32\wbem\Win32_EncryptableVolume.dll"
"19-08-2026 10:20:02","5857","Information","Microsoft-Windows-WMI-Activity","NetAdapterCim provider started with result code 0x0. HostProcess = wmiprvse.exe; ProcessID = 31524; ProviderPath = %systemroot%\system32\wbem\NetAdapterCim.dll"
"19-08-2026 10:19:50","5857","Information","Microsoft-Windows-WMI-Activity","Win32_EncryptableVolumeProvider provider started with result code 0x0. HostProcess = wmiprvse.exe; ProcessID = 7000; ProviderPath = C:\Windows\System32\wbem\Win32_EncryptableVolume.dll"
"19-08-2026 10:19:06","5858","Error","Microsoft-Windows-WMI-Activity","Id = {DC32BAFD-F6B9-46E4-AAF2-3E5FE04CE2A3}; ClientMachine = LIND55MBVC4; User = ENTERPRISE\arjo5004; ClientProcessId = 8692; Component = Unknown; Operation = Start IWbemServices::ExecNotificationQuery - root\cimv2 : SELECT * FROM RegistryValueChangeEvent WHERE Hive = 'HKEY_LOCAL_MACHINE' AND KeyPath = 'SOFTWARE\\Cirrus Logic\\Tunings\\DigitalAudioDisplayDevice' AND ValueName='CLABP_BLOCKED'; ResultCode = 0x80041032; PossibleCause = Unknown"
"19-08-2026 10:18:41","5860","Information","Microsoft-Windows-WMI-Activity","Namespace = root\cimv2; NotificationQuery = SELECT * FROM RegistryValueChangeEvent WHERE Hive = 'HKEY_LOCAL_MACHINE' AND KeyPath = 'SOFTWARE\\Cirrus Logic\\Tunings\\DigitalAudioDisplayDevice' AND ValueName='CLABP_BLOCKED'; UserName = ENTERPRISE\arjo5004; ClientProcessID = 8692, ClientMachine = LIND55MBVC4; PossibleCause = Temporary"
"19-08-2026 10:18:37","5858","Error","Microsoft-Windows-WMI-Activity","Id = {0FF429D8-538F-4710-A68C-EEC210F3884D}; ClientMachine = LIND55MBVC4; User = NT AUTHORITY\SYSTEM; ClientProcessId = 31136; Component = Unknown; Operation = Start IWbemServices::ExecQuery - root\Microsoft\Windows\DeliveryOptimization : SELECT MonthlyBkRateBps, MonthlyFrRateBps FROM MSFT_DODownloadUsage; ResultCode = 0x80041032; PossibleCause = Unknown"
"19-08-2026 10:18:37","5857","Information","Microsoft-Windows-WMI-Activity","DeliveryOptimizationMIProv provider started with result code 0x0. HostProcess = wmiprvse.exe; ProcessID = 7000; ProviderPath = C:\Windows\System32\domgmt.dll"
"19-08-2026 10:18:34","5858","Error","Microsoft-Windows-WMI-Activity","Id = {FB12385D-C952-4CC6-AE6D-6449C77F35C9}; ClientMachine = LIND55MBVC4; User = NT AUTHORITY\SYSTEM; ClientProcessId = 31136; Component = Unknown; Operation = Start IWbemServices::ExecQuery - ROOT\CIMv2 : SELECT MaxClockSpeed, NumberOfCores, NumberOfLogicalProcessors, L2CacheSize, L3CacheSize, Architecture FROM Win32_Processor; ResultCode = 0x80041032; PossibleCause = Unknown"
"19-08-2026 10:18:28","5857","Information","Microsoft-Windows-WMI-Activity","UserProfileProvider provider started with result code 0x0. HostProcess = wmiprvse.exe; ProcessID = 7000; ProviderPath = %systemroot%\system32\profprov.dll"
"19-08-2026 10:17:49","5857","Information","Microsoft-Windows-WMI-Activity","Win32_EncryptableVolumeProvider provider started with result code 0x0. HostProcess = wmiprvse.exe; ProcessID = 7000; ProviderPath = C:\Windows\System32\wbem\Win32_EncryptableVolume.dll"
"19-08-2026 10:17:08","5858","Error","Microsoft-Windows-WMI-Activity","Id = {169330A7-6185-4A67-9134-C7CDFBD6DE79}; ClientMachine = LIND55MBVC4; User = NT AUTHORITY\NETWORK SERVICE; ClientProcessId = 9276; Component = Unknown; Operation = Start IWbemServices::ExecQuery - ROOT\StandardCimv2 : SELECT * FROM MSFT_NetAdapterStatisticsSettingData WHERE Name = 'Wi-Fi'; ResultCode = 0x80041032; PossibleCause = Unknown"
"19-08-2026 10:17:06","5858","Error","Microsoft-Windows-WMI-Activity","Id = {69D98901-CFC1-4BE2-82F0-C81EAB97CFEE}; ClientMachine = LIND55MBVC4; User = NT AUTHORITY\NETWORK SERVICE; ClientProcessId = 9276; Component = Unknown; Operation = Start IWbemServices::ExecQuery - ROOT\StandardCimv2 : SELECT * FROM MSFT_NetAdapterStatisticsSettingData WHERE Name = 'Wi-Fi'; ResultCode = 0x80041032; PossibleCause = Unknown"
"19-08-2026 10:17:04","5858","Error","Microsoft-Windows-WMI-Activity","Id = {E790ED60-4386-4A9E-8C8E-4A451D2928C1}; ClientMachine = LIND55MBVC4; User = NT AUTHORITY\NETWORK SERVICE; ClientProcessId = 9276; Component = Unknown; Operation = Start IWbemServices::ExecQuery - ROOT\StandardCimv2 : SELECT * FROM MSFT_NetAdapterStatisticsSettingData WHERE Name = 'Wi-Fi'; ResultCode = 0x80041032; PossibleCause = Unknown"
"19-08-2026 10:17:02","5858","Error","Microsoft-Windows-WMI-Activity","Id = {D7FD66B0-DA6E-4AB1-BE35-36387A3A2548}; ClientMachine = LIND55MBVC4; User = NT AUTHORITY\NETWORK SERVICE; ClientProcessId = 9276; Component = Unknown; Operation = Start IWbemServices::ExecQuery - ROOT\StandardCimv2 : SELECT * FROM MSFT_NetAdapterStatisticsSettingData WHERE Name = 'Wi-Fi'; ResultCode = 0x80041032; PossibleCause = Unknown"
"19-08-2026 10:17:00","5858","Error","Microsoft-Windows-WMI-Activity","Id = {4D870D3B-C362-4985-8C9B-F2A15B5B5497}; ClientMachine = LIND55MBVC4; User = NT AUTHORITY\NETWORK SERVICE; ClientProcessId = 9276; Component = Unknown; Operation = Start IWbemServices::ExecQuery - ROOT\StandardCimv2 : SELECT * FROM MSFT_NetAdapterStatisticsSettingData WHERE Name = 'Wi-Fi'; ResultCode = 0x80041032; PossibleCause = Unknown"
"19-08-2026 10:16:58","5858","Error","Microsoft-Windows-WMI-Activity","Id = {1E95968F-263C-47CC-BC07-8EAF1A840B3D}; ClientMachine = LIND55MBVC4; User = NT AUTHORITY\NETWORK SERVICE; ClientProcessId = 9276; Component = Unknown; Operation = Start IWbemServices::ExecQuery - ROOT\StandardCimv2 : SELECT * FROM MSFT_NetAdapterStatisticsSettingData WHERE Name = 'Wi-Fi'; ResultCode = 0x80041032; PossibleCause = Unknown"
"19-08-2026 10:16:56","5858","Error","Microsoft-Windows-WMI-Activity","Id = {E1A547DA-382D-4EC0-B7D4-9A34AB5E804B}; ClientMachine = LIND55MBVC4; User = NT AUTHORITY\NETWORK SERVICE; ClientProcessId = 9276; Component = Unknown; Operation = Start IWbemServices::ExecQuery - ROOT\StandardCimv2 : SELECT * FROM MSFT_NetAdapterStatisticsSettingData WHERE Name = 'Wi-Fi'; ResultCode = 0x80041032; PossibleCause = Unknown"
"19-08-2026 10:16:54","5858","Error","Microsoft-Windows-WMI-Activity","Id = {0DE0093B-7041-4B59-B04F-E7013267E468}; ClientMachine = LIND55MBVC4; User = NT AUTHORITY\NETWORK SERVICE; ClientProcessId = 9276; Component = Unknown; Operation = Start IWbemServices::ExecQuery - ROOT\StandardCimv2 : SELECT * FROM MSFT_NetAdapterStatisticsSettingData WHERE Name = 'Wi-Fi'; ResultCode = 0x80041032; PossibleCause = Unknown"
"19-08-2026 10:16:51","5858","Error","Microsoft-Windows-WMI-Activity","Id = {CFE16821-82AB-47A8-8C9C-F54C5415F3A1}; ClientMachine = LIND55MBVC4; User = NT AUTHORITY\NETWORK SERVICE; ClientProcessId = 9276; Component = Unknown; Operation = Start IWbemServices::ExecQuery - ROOT\StandardCimv2 : SELECT * FROM MSFT_NetAdapterStatisticsSettingData WHERE Name = 'Wi-Fi'; ResultCode = 0x80041032; PossibleCause = Unknown"
"19-08-2026 10:16:49","5858","Error","Microsoft-Windows-WMI-Activity","Id = {5B9386C9-9813-4C39-B298-504A8F8217CA}; ClientMachine = LIND55MBVC4; User = NT AUTHORITY\NETWORK SERVICE; ClientProcessId = 9276; Component = Unknown; Operation = Start IWbemServices::ExecQuery - ROOT\StandardCimv2 : SELECT * FROM MSFT_NetAdapterStatisticsSettingData WHERE Name = 'Wi-Fi'; ResultCode = 0x80041032; PossibleCause = Unknown"
"19-08-2026 10:16:47","5858","Error","Microsoft-Windows-WMI-Activity","Id = {E2F0FAF6-D33C-4066-9E58-16E3DD6ADBA6}; ClientMachine = LIND55MBVC4; User = NT AUTHORITY\NETWORK SERVICE; ClientProcessId = 9276; Component = Unknown; Operation = Start IWbemServices::ExecQuery - ROOT\StandardCimv2 : SELECT * FROM MSFT_NetAdapterStatisticsSettingData WHERE Name = 'Wi-Fi'; ResultCode = 0x80041032; PossibleCause = Unknown"
"19-08-2026 10:16:45","5858","Error","Microsoft-Windows-WMI-Activity","Id = {4C3A6978-88CD-4C98-AC17-939A1C01B3B6}; ClientMachine = LIND55MBVC4; User = NT AUTHORITY\NETWORK SERVICE; ClientProcessId = 9276; Component = Unknown; Operation = Start IWbemServices::ExecQuery - ROOT\StandardCimv2 : SELECT * FROM MSFT_NetAdapterStatisticsSettingData WHERE Name = 'Wi-Fi'; ResultCode = 0x80041032; PossibleCause = Unknown"
"19-08-2026 10:16:43","5858","Error","Microsoft-Windows-WMI-Activity","Id = {63486742-65E5-4189-B9C3-2A686A108F30}; ClientMachine = LIND55MBVC4; User = NT AUTHORITY\NETWORK SERVICE; ClientProcessId = 9276; Component = Unknown; Operation = Start IWbemServices::ExecQuery - ROOT\StandardCimv2 : SELECT * FROM MSFT_NetAdapterStatisticsSettingData WHERE Name = 'Wi-Fi'; ResultCode = 0x80041032; PossibleCause = Unknown"
"19-08-2026 10:16:41","5858","Error","Microsoft-Windows-WMI-Activity","Id = {2DEB9E1E-F440-448E-A88F-8F4484555FE8}; ClientMachine = LIND55MBVC4; User = NT AUTHORITY\NETWORK SERVICE; ClientProcessId = 9276; Component = Unknown; Operation = Start IWbemServices::ExecQuery - ROOT\StandardCimv2 : SELECT * FROM MSFT_NetAdapterStatisticsSettingData WHERE Name = 'Wi-Fi'; ResultCode = 0x80041032; PossibleCause = Unknown"
"19-08-2026 10:16:39","5858","Error","Microsoft-Windows-WMI-Activity","Id = {9ACB4107-DBE4-4B76-ADCC-2DB11AC2035E}; ClientMachine = LIND55MBVC4; User = NT AUTHORITY\NETWORK SERVICE; ClientProcessId = 9276; Component = Unknown; Operation = Start IWbemServices::ExecQuery - ROOT\StandardCimv2 : SELECT * FROM MSFT_NetAdapterStatisticsSettingData WHERE Name = 'Wi-Fi'; ResultCode = 0x80041032; PossibleCause = Unknown"
"19-08-2026 10:16:37","5858","Error","Microsoft-Windows-WMI-Activity","Id = {B89DA8B5-8FBF-41D0-BF71-9124DCF87C29}; ClientMachine = LIND55MBVC4; User = NT AUTHORITY\NETWORK SERVICE; ClientProcessId = 9276; Component = Unknown; Operation = Start IWbemServices::ExecQuery - ROOT\StandardCimv2 : SELECT * FROM MSFT_NetAdapterStatisticsSettingData WHERE Name = 'Wi-Fi'; ResultCode = 0x80041032; PossibleCause = Unknown"
"19-08-2026 10:16:35","5858","Error","Microsoft-Windows-WMI-Activity","Id = {AD90396E-F70C-4CD7-B5C6-35D971094CF5}; ClientMachine = LIND55MBVC4; User = NT AUTHORITY\NETWORK SERVICE; ClientProcessId = 9276; Component = Unknown; Operation = Start IWbemServices::ExecQuery - ROOT\StandardCimv2 : SELECT * FROM MSFT_NetAdapterStatisticsSettingData WHERE Name = 'Wi-Fi'; ResultCode = 0x80041032; PossibleCause = Unknown"
"19-08-2026 10:16:32","5858","Error","Microsoft-Windows-WMI-Activity","Id = {61498C94-30E6-4989-B2BE-190AF20EA0B1}; ClientMachine = LIND55MBVC4; User = NT AUTHORITY\NETWORK SERVICE; ClientProcessId = 9276; Component = Unknown; Operation = Start IWbemServices::ExecQuery - ROOT\StandardCimv2 : SELECT * FROM MSFT_NetAdapterStatisticsSettingData WHERE Name = 'Wi-Fi'; ResultCode = 0x80041032; PossibleCause = Unknown"
"19-08-2026 10:16:30","5858","Error","Microsoft-Windows-WMI-Activity","Id = {9FD91A16-F96A-40B7-9948-07273344CFBF}; ClientMachine = LIND55MBVC4; User = NT AUTHORITY\NETWORK SERVICE; ClientProcessId = 9276; Component = Unknown; Operation = Start IWbemServices::ExecQuery - ROOT\StandardCimv2 : SELECT * FROM MSFT_NetAdapterStatisticsSettingData WHERE Name = 'Wi-Fi'; ResultCode = 0x80041032; PossibleCause = Unknown"
"19-08-2026 10:16:28","5858","Error","Microsoft-Windows-WMI-Activity","Id = {B3E651ED-3B70-47EE-B1BD-538077B68CEF}; ClientMachine = LIND55MBVC4; User = NT AUTHORITY\NETWORK SERVICE; ClientProcessId = 9276; Component = Unknown; Operation = Start IWbemServices::ExecQuery - ROOT\StandardCimv2 : SELECT * FROM MSFT_NetAdapterStatisticsSettingData WHERE Name = 'Wi-Fi'; ResultCode = 0x80041032; PossibleCause = Unknown"
"19-08-2026 10:16:28","5858","Error","Microsoft-Windows-WMI-Activity","Id = {E3DC6D8F-0ECA-4530-B879-A98C521355F1}; ClientMachine = LIND55MBVC4; User = NT AUTHORITY\SYSTEM; ClientProcessId = 12144; Component = Unknown; Operation = Start IWbemServices::ExecQuery - root\CIMV2\security\microsofttpm : SELECT ManufacturerIdTxt FROM win32_tpm; ResultCode = 0x80041032; PossibleCause = Unknown"
"19-08-2026 10:16:28","5858","Error","Microsoft-Windows-WMI-Activity","Id = {191513CB-6BCB-4E29-878A-BEB1B056B35E}; ClientMachine = LIND55MBVC4; User = NT AUTHORITY\SYSTEM; ClientProcessId = 12144; Component = Unknown; Operation = Start IWbemServices::ExecQuery - root\CIMV2\security\microsofttpm : SELECT ManufacturerVersionFull20 FROM win32_tpm; ResultCode = 0x80041032; PossibleCause = Unknown"
"19-08-2026 10:16:28","5857","Information","Microsoft-Windows-WMI-Activity","Win32_TpmProvider provider started with result code 0x0. HostProcess = wmiprvse.exe; ProcessID = 7000; ProviderPath = C:\Windows\System32\wbem\Win32_TPM.dll"
"19-08-2026 10:16:26","5858","Error","Microsoft-Windows-WMI-Activity","Id = {B7C415E8-0A26-456F-B93E-C6EA975C8CD4}; ClientMachine = LIND55MBVC4; User = NT AUTHORITY\NETWORK SERVICE; ClientProcessId = 9276; Component = Unknown; Operation = Start IWbemServices::ExecQuery - ROOT\StandardCimv2 : SELECT * FROM MSFT_NetAdapterStatisticsSettingData WHERE Name = 'Wi-Fi'; ResultCode = 0x80041032; PossibleCause = Unknown"
"19-08-2026 10:16:24","5858","Error","Microsoft-Windows-WMI-Activity","Id = {06574B83-3F52-4C92-AA55-0ED2277A0F6C}; ClientMachine = LIND55MBVC4; User = NT AUTHORITY\NETWORK SERVICE; ClientProcessId = 9276; Component = Unknown; Operation = Start IWbemServices::ExecQuery - ROOT\StandardCimv2 : SELECT * FROM MSFT_NetAdapterStatisticsSettingData WHERE Name = 'Wi-Fi'; ResultCode = 0x80041032; PossibleCause = Unknown"
"19-08-2026 10:16:22","5858","Error","Microsoft-Windows-WMI-Activity","Id = {0C308965-2677-44EC-A820-188E77C695C4}; ClientMachine = LIND55MBVC4; User = NT AUTHORITY\NETWORK SERVICE; ClientProcessId = 9276; Component = Unknown; Operation = Start IWbemServices::ExecQuery - ROOT\StandardCimv2 : SELECT * FROM MSFT_NetAdapterStatisticsSettingData WHERE Name = 'Wi-Fi'; ResultCode = 0x80041032; PossibleCause = Unknown"
"19-08-2026 10:16:20","5858","Error","Microsoft-Windows-WMI-Activity","Id = {D3AEAF75-B7E2-4B09-AE0C-5F32CB88C485}; ClientMachine = LIND55MBVC4; User = NT AUTHORITY\NETWORK SERVICE; ClientProcessId = 9276; Component = Unknown; Operation = Start IWbemServices::ExecQuery - ROOT\StandardCimv2 : SELECT * FROM MSFT_NetAdapterStatisticsSettingData WHERE Name = 'Wi-Fi'; ResultCode = 0x80041032; PossibleCause = Unknown"
"19-08-2026 10:16:18","5858","Error","Microsoft-Windows-WMI-Activity","Id = {E6BF87D0-A81A-4629-B857-FF9BEEB10058}; ClientMachine = LIND55MBVC4; User = NT AUTHORITY\NETWORK SERVICE; ClientProcessId = 9276; Component = Unknown; Operation = Start IWbemServices::ExecQuery - ROOT\StandardCimv2 : SELECT * FROM MSFT_NetAdapterStatisticsSettingData WHERE Name = 'Wi-Fi'; ResultCode = 0x80041032; PossibleCause = Unknown"
"19-08-2026 10:16:16","5858","Error","Microsoft-Windows-WMI-Activity","Id = {A5C47827-B766-4250-984E-C8E77BA4E370}; ClientMachine = LIND55MBVC4; User = NT AUTHORITY\NETWORK SERVICE; ClientProcessId = 9276; Component = Unknown; Operation = Start IWbemServices::ExecQuery - ROOT\StandardCimv2 : SELECT * FROM MSFT_NetAdapterStatisticsSettingData WHERE Name = 'Wi-Fi'; ResultCode = 0x80041032; PossibleCause = Unknown"
"19-08-2026 10:16:13","5858","Error","Microsoft-Windows-WMI-Activity","Id = {7C57D6BF-2623-428F-B3D2-91A1069069E7}; ClientMachine = LIND55MBVC4; User = NT AUTHORITY\NETWORK SERVICE; ClientProcessId = 9276; Component = Unknown; Operation = Start IWbemServices::ExecQuery - ROOT\StandardCimv2 : SELECT * FROM MSFT_NetAdapterStatisticsSettingData WHERE Name = 'Wi-Fi'; ResultCode = 0x80041032; PossibleCause = Unknown"
"19-08-2026 10:16:09","5858","Error","Microsoft-Windows-WMI-Activity","Id = {C0141C28-14D5-4C3C-BD6B-B8932C913D6B}; ClientMachine = LIND55MBVC4; User = NT AUTHORITY\NETWORK SERVICE; ClientProcessId = 9276; Component = Unknown; Operation = Start IWbemServices::ExecQuery - ROOT\StandardCimv2 : SELECT * FROM MSFT_NetAdapterStatisticsSettingData WHERE Name = 'Wi-Fi'; ResultCode = 0x80041032; PossibleCause = Unknown"
"19-08-2026 10:16:07","5858","Error","Microsoft-Windows-WMI-Activity","Id = {5FD0FB9E-4939-4FB8-8736-7A15DCB0620E}; ClientMachine = LIND55MBVC4; User = NT AUTHORITY\NETWORK SERVICE; ClientProcessId = 9276; Component = Unknown; Operation = Start IWbemServices::ExecQuery - ROOT\StandardCimv2 : SELECT * FROM MSFT_NetAdapterStatisticsSettingData WHERE Name = 'Wi-Fi'; ResultCode = 0x80041032; PossibleCause = Unknown"
"19-08-2026 10:16:05","5858","Error","Microsoft-Windows-WMI-Activity","Id = {2CAA0EBA-82E2-4CA1-8002-75D1C99E4685}; ClientMachine = LIND55MBVC4; User = NT AUTHORITY\NETWORK SERVICE; ClientProcessId = 9276; Component = Unknown; Operation = Start IWbemServices::ExecQuery - ROOT\StandardCimv2 : SELECT * FROM MSFT_NetAdapterStatisticsSettingData WHERE Name = 'Wi-Fi'; ResultCode = 0x80041032; PossibleCause = Unknown"
"19-08-2026 10:16:03","5858","Error","Microsoft-Windows-WMI-Activity","Id = {7A42B4BC-2663-4DEB-9596-7191B0EC5AFF}; ClientMachine = LIND55MBVC4; User = NT AUTHORITY\NETWORK SERVICE; ClientProcessId = 9276; Component = Unknown; Operation = Start IWbemServices::ExecQuery - ROOT\StandardCimv2 : SELECT * FROM MSFT_NetAdapterStatisticsSettingData WHERE Name = 'Wi-Fi'; ResultCode = 0x80041032; PossibleCause = Unknown"
"19-08-2026 10:16:02","5858","Error","Microsoft-Windows-WMI-Activity","Id = {F127E4BA-58FB-4DB3-9710-7D5D5E464264}; ClientMachine = LIND55MBVC4; User = NT AUTHORITY\NETWORK SERVICE; ClientProcessId = 9276; Component = Unknown; Operation = Start IWbemServices::ExecQuery - ROOT\StandardCimv2 : SELECT * FROM MSFT_NetAdapterStatisticsSettingData WHERE Name = 'Wi-Fi'; ResultCode = 0x80041032; PossibleCause = Unknown"
"19-08-2026 10:16:01","5858","Error","Microsoft-Windows-WMI-Activity","Id = {DB3A1442-8A65-4D24-B7C9-6A93F599CBBE}; ClientMachine = LIND55MBVC4; User = NT AUTHORITY\NETWORK SERVICE; ClientProcessId = 9276; Component = Unknown; Operation = Start IWbemServices::ExecQuery - ROOT\StandardCimv2 : SELECT * FROM MSFT_NetAdapterStatisticsSettingData WHERE Name = 'Wi-Fi'; ResultCode = 0x80041032; PossibleCause = Unknown"
"19-08-2026 10:16:00","5858","Error","Microsoft-Windows-WMI-Activity","Id = {ABB9B04E-59C7-4EE1-B274-0326DCD7B198}; ClientMachine = LIND55MBVC4; User = NT AUTHORITY\NETWORK SERVICE; ClientProcessId = 9276; Component = Unknown; Operation = Start IWbemServices::ExecQuery - ROOT\StandardCimv2 : SELECT * FROM MSFT_NetAdapterStatisticsSettingData WHERE Name = 'Wi-Fi'; ResultCode = 0x80041032; PossibleCause = Unknown"
"19-08-2026 10:15:59","5858","Error","Microsoft-Windows-WMI-Activity","Id = {EC7230AD-32FB-454E-8696-878E3DC09FF3}; ClientMachine = LIND55MBVC4; User = NT AUTHORITY\NETWORK SERVICE; ClientProcessId = 9276; Component = Unknown; Operation = Start IWbemServices::ExecQuery - ROOT\StandardCimv2 : SELECT * FROM MSFT_NetAdapterStatisticsSettingData WHERE Name = 'Wi-Fi'; ResultCode = 0x80041032; PossibleCause = Unknown"
"19-08-2026 10:15:57","5858","Error","Microsoft-Windows-WMI-Activity","Id = {563A9DD8-C48E-4155-A602-93AF9DDFE235}; ClientMachine = LIND55MBVC4; User = NT AUTHORITY\NETWORK SERVICE; ClientProcessId = 9276; Component = Unknown; Operation = Start IWbemServices::ExecQuery - ROOT\StandardCimv2 : SELECT * FROM MSFT_NetAdapterStatisticsSettingData WHERE Name = 'Wi-Fi'; ResultCode = 0x80041032; PossibleCause = Unknown"
"19-08-2026 10:15:56","5858","Error","Microsoft-Windows-WMI-Activity","Id = {5C08AE13-02C2-4B65-8B06-D91BDCAA04A1}; ClientMachine = LIND55MBVC4; User = NT AUTHORITY\NETWORK SERVICE; ClientProcessId = 9276; Component = Unknown; Operation = Start IWbemServices::ExecQuery - ROOT\StandardCimv2 : SELECT * FROM MSFT_NetAdapterStatisticsSettingData WHERE Name = 'Wi-Fi'; ResultCode = 0x80041032; PossibleCause = Unknown"
"19-08-2026 10:15:54","5858","Error","Microsoft-Windows-WMI-Activity","Id = {06379519-AF99-436C-B603-20A4D6A26D1C}; ClientMachine = LIND55MBVC4; User = NT AUTHORITY\NETWORK SERVICE; ClientProcessId = 9276; Component = Unknown; Operation = Start IWbemServices::ExecQuery - ROOT\StandardCimv2 : SELECT * FROM MSFT_NetAdapterStatisticsSettingData WHERE Name = 'Wi-Fi'; ResultCode = 0x80041032; PossibleCause = Unknown"
"19-08-2026 10:15:52","5858","Error","Microsoft-Windows-WMI-Activity","Id = {29DA5215-4EE0-420F-896E-550D5537AA97}; ClientMachine = LIND55MBVC4; User = NT AUTHORITY\NETWORK SERVICE; ClientProcessId = 9276; Component = Unknown; Operation = Start IWbemServices::ExecQuery - ROOT\StandardCimv2 : SELECT * FROM MSFT_NetAdapterStatisticsSettingData WHERE Name = 'Wi-Fi'; ResultCode = 0x80041032; PossibleCause = Unknown"
"19-08-2026 10:15:50","5858","Error","Microsoft-Windows-WMI-Activity","Id = {6B8984C5-6600-4C92-9D54-6CD36D1DA17C}; ClientMachine = LIND55MBVC4; User = NT AUTHORITY\NETWORK SERVICE; ClientProcessId = 9276; Component = Unknown; Operation = Start IWbemServices::ExecQuery - ROOT\StandardCimv2 : SELECT * FROM MSFT_NetAdapterStatisticsSettingData WHERE Name = 'Wi-Fi'; ResultCode = 0x80041032; PossibleCause = Unknown"
"19-08-2026 10:15:49","5857","Information","Microsoft-Windows-WMI-Activity","Win32_EncryptableVolumeProvider provider started with result code 0x0. HostProcess = wmiprvse.exe; ProcessID = 7000; ProviderPath = C:\Windows\System32\wbem\Win32_EncryptableVolume.dll"
"19-08-2026 10:15:48","5858","Error","Microsoft-Windows-WMI-Activity","Id = {7276160B-2F5B-4F47-9A3C-D947A6F6FE79}; ClientMachine = LIND55MBVC4; User = NT AUTHORITY\NETWORK SERVICE; ClientProcessId = 9276; Component = Unknown; Operation = Start IWbemServices::ExecQuery - ROOT\StandardCimv2 : SELECT * FROM MSFT_NetAdapterStatisticsSettingData WHERE Name = 'Wi-Fi'; ResultCode = 0x80041032; PossibleCause = Unknown"
"19-08-2026 10:15:46","5858","Error","Microsoft-Windows-WMI-Activity","Id = {0BC31EAF-D3FB-4E73-B1FF-E4E01CCBAF99}; ClientMachine = LIND55MBVC4; User = NT AUTHORITY\NETWORK SERVICE; ClientProcessId = 9276; Component = Unknown; Operation = Start IWbemServices::ExecQuery - ROOT\StandardCimv2 : SELECT * FROM MSFT_NetAdapterStatisticsSettingData WHERE Name = 'Wi-Fi'; ResultCode = 0x80041032; PossibleCause = Unknown"
"19-08-2026 10:15:45","5858","Error","Microsoft-Windows-WMI-Activity","Id = {4AB9BB57-1F05-4B21-84B3-3B10381461A2}; ClientMachine = LIND55MBVC4; User = NT AUTHORITY\NETWORK SERVICE; ClientProcessId = 9276; Component = Unknown; Operation = Start IWbemServices::ExecQuery - ROOT\StandardCimv2 : SELECT * FROM MSFT_NetAdapterStatisticsSettingData WHERE Name = 'Wi-Fi'; ResultCode = 0x80041032; PossibleCause = Unknown"
"19-08-2026 10:15:44","5858","Error","Microsoft-Windows-WMI-Activity","Id = {ABC5B638-B375-4DE7-9EFE-B3C8F59822F3}; ClientMachine = LIND55MBVC4; User = NT AUTHORITY\NETWORK SERVICE; ClientProcessId = 9276; Component = Unknown; Operation = Start IWbemServices::ExecQuery - ROOT\StandardCimv2 : SELECT * FROM MSFT_NetAdapterStatisticsSettingData WHERE Name = 'Wi-Fi'; ResultCode = 0x80041032; PossibleCause = Unknown"
"19-08-2026 10:15:43","5858","Error","Microsoft-Windows-WMI-Activity","Id = {33AEFCA0-668C-4DDF-9EDD-722A6C8BE12B}; ClientMachine = LIND55MBVC4; User = NT AUTHORITY\NETWORK SERVICE; ClientProcessId = 9276; Component = Unknown; Operation = Start IWbemServices::ExecQuery - ROOT\StandardCimv2 : SELECT * FROM MSFT_NetAdapterStatisticsSettingData WHERE Name = 'Wi-Fi'; ResultCode = 0x80041032; PossibleCause = Unknown"
"19-08-2026 10:15:41","5858","Error","Microsoft-Windows-WMI-Activity","Id = {7A5547C8-4D88-4EFF-84D2-0BEC6B443611}; ClientMachine = LIND55MBVC4; User = NT AUTHORITY\NETWORK SERVICE; ClientProcessId = 9276; Component = Unknown; Operation = Start IWbemServices::ExecQuery - ROOT\StandardCimv2 : SELECT * FROM MSFT_NetAdapterStatisticsSettingData WHERE Name = 'Wi-Fi'; ResultCode = 0x80041032; PossibleCause = Unknown"
"19-08-2026 10:15:40","5858","Error","Microsoft-Windows-WMI-Activity","Id = {9F90FAB1-CF07-47E7-B11D-2665A896A01E}; ClientMachine = LIND55MBVC4; User = NT AUTHORITY\NETWORK SERVICE; ClientProcessId = 9276; Component = Unknown; Operation = Start IWbemServices::ExecQuery - ROOT\StandardCimv2 : SELECT * FROM MSFT_NetAdapterStatisticsSettingData WHERE Name = 'Wi-Fi'; ResultCode = 0x80041032; PossibleCause = Unknown"
"19-08-2026 10:15:39","5858","Error","Microsoft-Windows-WMI-Activity","Id = {7DF96331-EE4E-4CBE-9CFE-CFACB736898C}; ClientMachine = LIND55MBVC4; User = NT AUTHORITY\NETWORK SERVICE; ClientProcessId = 9276; Component = Unknown; Operation = Start IWbemServices::ExecQuery - ROOT\StandardCimv2 : SELECT * FROM MSFT_NetAdapterStatisticsSettingData WHERE Name = 'Wi-Fi'; ResultCode = 0x80041032; PossibleCause = Unknown"
"19-08-2026 10:15:37","5858","Error","Microsoft-Windows-WMI-Activity","Id = {BA6E9AAE-6B7E-4632-A189-C39322A382B9}; ClientMachine = LIND55MBVC4; User = NT AUTHORITY\NETWORK SERVICE; ClientProcessId = 9276; Component = Unknown; Operation = Start IWbemServices::ExecQuery - ROOT\StandardCimv2 : SELECT * FROM MSFT_NetAdapterStatisticsSettingData WHERE Name = 'Wi-Fi'; ResultCode = 0x80041032; PossibleCause = Unknown"
"19-08-2026 10:15:35","5858","Error","Microsoft-Windows-WMI-Activity","Id = {F77D9EEA-1C5A-4F07-8F49-BAB36EC48129}; ClientMachine = LIND55MBVC4; User = NT AUTHORITY\NETWORK SERVICE; ClientProcessId = 9276; Component = Unknown; Operation = Start IWbemServices::ExecQuery - ROOT\StandardCimv2 : SELECT * FROM MSFT_NetAdapterStatisticsSettingData WHERE Name = 'Wi-Fi'; ResultCode = 0x80041032; PossibleCause = Unknown"
"19-08-2026 10:15:33","5858","Error","Microsoft-Windows-WMI-Activity","Id = {BA1E7E28-F12C-4AAF-8164-55F3E57F4994}; ClientMachine = LIND55MBVC4; User = NT AUTHORITY\NETWORK SERVICE; ClientProcessId = 9276; Component = Unknown; Operation = Start IWbemServices::ExecQuery - ROOT\StandardCimv2 : SELECT * FROM MSFT_NetAdapterStatisticsSettingData WHERE Name = 'Wi-Fi'; ResultCode = 0x80041032; PossibleCause = Unknown"
"19-08-2026 10:15:31","5858","Error","Microsoft-Windows-WMI-Activity","Id = {B5CA4582-A31D-4B2B-A6B6-F4335A4259AA}; ClientMachine = LIND55MBVC4; User = NT AUTHORITY\NETWORK SERVICE; ClientProcessId = 9276; Component = Unknown; Operation = Start IWbemServices::ExecQuery - ROOT\StandardCimv2 : SELECT * FROM MSFT_NetAdapterStatisticsSettingData WHERE Name = 'Wi-Fi'; ResultCode = 0x80041032; PossibleCause = Unknown"
"19-08-2026 10:15:29","5858","Error","Microsoft-Windows-WMI-Activity","Id = {57B79A62-B89E-4614-9C50-9093EE451E0B}; ClientMachine = LIND55MBVC4; User = NT AUTHORITY\NETWORK SERVICE; ClientProcessId = 9276; Component = Unknown; Operation = Start IWbemServices::ExecQuery - ROOT\StandardCimv2 : SELECT * FROM MSFT_NetAdapterStatisticsSettingData WHERE Name = 'Wi-Fi'; ResultCode = 0x80041032; PossibleCause = Unknown"
"19-08-2026 10:15:27","5858","Error","Microsoft-Windows-WMI-Activity","Id = {E19C85AB-51EC-4CAD-B2EA-55E684EE29B2}; ClientMachine = LIND55MBVC4; User = NT AUTHORITY\NETWORK SERVICE; ClientProcessId = 9276; Component = Unknown; Operation = Start IWbemServices::ExecQuery - ROOT\StandardCimv2 : SELECT * FROM MSFT_NetAdapterStatisticsSettingData WHERE Name = 'Wi-Fi'; ResultCode = 0x80041032; PossibleCause = Unknown"
"19-08-2026 10:15:24","5858","Error","Microsoft-Windows-WMI-Activity","Id = {788380FA-D44C-4E7D-831E-AE7754B23026}; ClientMachine = LIND55MBVC4; User = NT AUTHORITY\NETWORK SERVICE; ClientProcessId = 9276; Component = Unknown; Operation = Start IWbemServices::ExecQuery - ROOT\StandardCimv2 : SELECT * FROM MSFT_NetAdapterStatisticsSettingData WHERE Name = 'Wi-Fi'; ResultCode = 0x80041032; PossibleCause = Unknown"
"19-08-2026 10:15:24","5858","Error","Microsoft-Windows-WMI-Activity","Id = {0FBB6746-7581-4457-961B-E55F5AC3BE13}; ClientMachine = LIND55MBVC4; User = NT AUTHORITY\SYSTEM; ClientProcessId = 12144; Component = Unknown; Operation = Start IWbemServices::ExecQuery - root\CIMV2\security\microsofttpm : SELECT ManufacturerIdTxt FROM win32_tpm; ResultCode = 0x80041032; PossibleCause = Unknown"
"19-08-2026 10:15:24","5858","Error","Microsoft-Windows-WMI-Activity","Id = {0424C3D9-A9F6-4D02-AB5C-08E2E512322D}; ClientMachine = LIND55MBVC4; User = NT AUTHORITY\SYSTEM; ClientProcessId = 12144; Component = Unknown; Operation = Start IWbemServices::ExecQuery - root\CIMV2\security\microsofttpm : SELECT ManufacturerVersionFull20 FROM win32_tpm; ResultCode = 0x80041032; PossibleCause = Unknown"
"19-08-2026 10:15:22","5858","Error","Microsoft-Windows-WMI-Activity","Id = {46261803-1CF1-4F5D-A7D3-1AEA8610D18F}; ClientMachine = LIND55MBVC4; User = NT AUTHORITY\NETWORK SERVICE; ClientProcessId = 9276; Component = Unknown; Operation = Start IWbemServices::ExecQuery - ROOT\StandardCimv2 : SELECT * FROM MSFT_NetAdapterStatisticsSettingData WHERE Name = 'Wi-Fi'; ResultCode = 0x80041032; PossibleCause = Unknown"
"19-08-2026 10:15:20","5858","Error","Microsoft-Windows-WMI-Activity","Id = {594E1A6A-586B-414A-81A2-493CF2486E04}; ClientMachine = LIND55MBVC4; User = NT AUTHORITY\NETWORK SERVICE; ClientProcessId = 9276; Component = Unknown; Operation = Start IWbemServices::ExecQuery - ROOT\StandardCimv2 : SELECT * FROM MSFT_NetAdapterStatisticsSettingData WHERE Name = 'Wi-Fi'; ResultCode = 0x80041032; PossibleCause = Unknown"
"19-08-2026 10:15:18","5858","Error","Microsoft-Windows-WMI-Activity","Id = {443D3CE9-6C08-417A-A4D3-E52160D33D05}; ClientMachine = LIND55MBVC4; User = NT AUTHORITY\NETWORK SERVICE; ClientProcessId = 9276; Component = Unknown; Operation = Start IWbemServices::ExecQuery - ROOT\StandardCimv2 : SELECT * FROM MSFT_NetAdapterStatisticsSettingData WHERE Name = 'Wi-Fi'; ResultCode = 0x80041032; PossibleCause = Unknown"
"19-08-2026 10:15:16","5858","Error","Microsoft-Windows-WMI-Activity","Id = {8662ED27-9C8B-4E2D-B93F-E3D84BB85137}; ClientMachine = LIND55MBVC4; User = NT AUTHORITY\NETWORK SERVICE; ClientProcessId = 9276; Component = Unknown; Operation = Start IWbemServices::ExecQuery - ROOT\StandardCimv2 : SELECT * FROM MSFT_NetAdapterStatisticsSettingData WHERE Name = 'Wi-Fi'; ResultCode = 0x80041032; PossibleCause = Unknown"
"19-08-2026 10:15:14","5858","Error","Microsoft-Windows-WMI-Activity","Id = {0E041503-B7BB-4530-BAFB-AF02DEAAC723}; ClientMachine = LIND55MBVC4; User = NT AUTHORITY\NETWORK SERVICE; ClientProcessId = 9276; Component = Unknown; Operation = Start IWbemServices::ExecQuery - ROOT\StandardCimv2 : SELECT * FROM MSFT_NetAdapterStatisticsSettingData WHERE Name = 'Wi-Fi'; ResultCode = 0x80041032; PossibleCause = Unknown"
"19-08-2026 10:15:12","5858","Error","Microsoft-Windows-WMI-Activity","Id = {A8B6AC7B-14EF-4A9C-8BB5-D0E23119C8C9}; ClientMachine = LIND55MBVC4; User = NT AUTHORITY\NETWORK SERVICE; ClientProcessId = 9276; Component = Unknown; Operation = Start IWbemServices::ExecQuery - ROOT\StandardCimv2 : SELECT * FROM MSFT_NetAdapterStatisticsSettingData WHERE Name = 'Wi-Fi'; ResultCode = 0x80041032; PossibleCause = Unknown"
"19-08-2026 10:15:10","5858","Error","Microsoft-Windows-WMI-Activity","Id = {4411368A-4B46-4F0D-9276-785B1A56F6AE}; ClientMachine = LIND55MBVC4; User = NT AUTHORITY\NETWORK SERVICE; ClientProcessId = 9276; Component = Unknown; Operation = Start IWbemServices::ExecQuery - ROOT\StandardCimv2 : SELECT * FROM MSFT_NetAdapterStatisticsSettingData WHERE Name = 'Wi-Fi'; ResultCode = 0x80041032; PossibleCause = Unknown"
"19-08-2026 10:15:08","5858","Error","Microsoft-Windows-WMI-Activity","Id = {D08CFCC6-6ADF-41A2-B26B-169EF9BC85A7}; ClientMachine = LIND55MBVC4; User = NT AUTHORITY\NETWORK SERVICE; ClientProcessId = 9276; Component = Unknown; Operation = Start IWbemServices::ExecQuery - ROOT\StandardCimv2 : SELECT * FROM MSFT_NetAdapterStatisticsSettingData WHERE Name = 'Wi-Fi'; ResultCode = 0x80041032; PossibleCause = Unknown"
"19-08-2026 10:15:06","5858","Error","Microsoft-Windows-WMI-Activity","Id = {B4A6538C-D8DA-4EEC-9DAF-4058A955DB29}; ClientMachine = LIND55MBVC4; User = NT AUTHORITY\NETWORK SERVICE; ClientProcessId = 9276; Component = Unknown; Operation = Start IWbemServices::ExecQuery - ROOT\StandardCimv2 : SELECT * FROM MSFT_NetAdapterStatisticsSettingData WHERE Name = 'Wi-Fi'; ResultCode = 0x80041032; PossibleCause = Unknown"
"19-08-2026 10:15:03","5858","Error","Microsoft-Windows-WMI-Activity","Id = {281A7FD5-1821-4CE4-9E97-01CA104B8021}; ClientMachine = LIND55MBVC4; User = NT AUTHORITY\NETWORK SERVICE; ClientProcessId = 9276; Component = Unknown; Operation = Start IWbemServices::ExecQuery - ROOT\StandardCimv2 : SELECT * FROM MSFT_NetAdapterStatisticsSettingData WHERE Name = 'Wi-Fi'; ResultCode = 0x80041032; PossibleCause = Unknown"
"19-08-2026 10:15:01","5858","Error","Microsoft-Windows-WMI-Activity","Id = {81C04F11-676A-4087-9D57-C414D374AD41}; ClientMachine = LIND55MBVC4; User = NT AUTHORITY\NETWORK SERVICE; ClientProcessId = 9276; Component = Unknown; Operation = Start IWbemServices::ExecQuery - ROOT\StandardCimv2 : SELECT * FROM MSFT_NetAdapterStatisticsSettingData WHERE Name = 'Wi-Fi'; ResultCode = 0x80041032; PossibleCause = Unknown"
"19-08-2026 10:14:59","5858","Error","Microsoft-Windows-WMI-Activity","Id = {D411B74C-362F-4497-8DB9-73C274339407}; ClientMachine = LIND55MBVC4; User = NT AUTHORITY\NETWORK SERVICE; ClientProcessId = 9276; Component = Unknown; Operation = Start IWbemServices::ExecQuery - ROOT\StandardCimv2 : SELECT * FROM MSFT_NetAdapterStatisticsSettingData WHERE Name = 'Wi-Fi'; ResultCode = 0x80041032; PossibleCause = Unknown"
"19-08-2026 10:14:57","5858","Error","Microsoft-Windows-WMI-Activity","Id = {F24A60CB-7D1B-48BC-B80A-ABAF33EF29C3}; ClientMachine = LIND55MBVC4; User = NT AUTHORITY\NETWORK SERVICE; ClientProcessId = 9276; Component = Unknown; Operation = Start IWbemServices::ExecQuery - ROOT\StandardCimv2 : SELECT * FROM MSFT_NetAdapterStatisticsSettingData WHERE Name = 'Wi-Fi'; ResultCode = 0x80041032; PossibleCause = Unknown"
"19-08-2026 10:14:55","5858","Error","Microsoft-Windows-WMI-Activity","Id = {461AA399-BB49-4D37-BD39-F6D6553D9AE7}; ClientMachine = LIND55MBVC4; User = NT AUTHORITY\NETWORK SERVICE; ClientProcessId = 9276; Component = Unknown; Operation = Start IWbemServices::ExecQuery - ROOT\StandardCimv2 : SELECT * FROM MSFT_NetAdapterStatisticsSettingData WHERE Name = 'Wi-Fi'; ResultCode = 0x80041032; PossibleCause = Unknown"
"19-08-2026 10:14:53","5858","Error","Microsoft-Windows-WMI-Activity","Id = {B240D90D-A380-43F2-8873-1C3B350B9FA7}; ClientMachine = LIND55MBVC4; User = NT AUTHORITY\NETWORK SERVICE; ClientProcessId = 9276; Component = Unknown; Operation = Start IWbemServices::ExecQuery - ROOT\StandardCimv2 : SELECT * FROM MSFT_NetAdapterStatisticsSettingData WHERE Name = 'Wi-Fi'; ResultCode = 0x80041032; PossibleCause = Unknown"
"19-08-2026 10:14:51","5858","Error","Microsoft-Windows-WMI-Activity","Id = {B3F24B76-92AC-49A4-A300-4025D465B1C8}; ClientMachine = LIND55MBVC4; User = NT AUTHORITY\NETWORK SERVICE; ClientProcessId = 9276; Component = Unknown; Operation = Start IWbemServices::ExecQuery - ROOT\StandardCimv2 : SELECT * FROM MSFT_NetAdapterStatisticsSettingData WHERE Name = 'Wi-Fi'; ResultCode = 0x80041032; PossibleCause = Unknown"
"19-08-2026 10:14:49","5858","Error","Microsoft-Windows-WMI-Activity","Id = {6CE98AFC-0633-478E-95AF-7DA86BDC0915}; ClientMachine = LIND55MBVC4; User = NT AUTHORITY\NETWORK SERVICE; ClientProcessId = 9276; Component = Unknown; Operation = Start IWbemServices::ExecQuery - ROOT\StandardCimv2 : SELECT * FROM MSFT_NetAdapterStatisticsSettingData WHERE Name = 'Wi-Fi'; ResultCode = 0x80041032; PossibleCause = Unknown"
"19-08-2026 10:14:46","5858","Error","Microsoft-Windows-WMI-Activity","Id = {3664B9E3-AAD0-4DFD-9DCD-C8786B278338}; ClientMachine = LIND55MBVC4; User = NT AUTHORITY\NETWORK SERVICE; ClientProcessId = 9276; Component = Unknown; Operation = Start IWbemServices::ExecQuery - ROOT\StandardCimv2 : SELECT * FROM MSFT_NetAdapterStatisticsSettingData WHERE Name = 'Wi-Fi'; ResultCode = 0x80041032; PossibleCause = Unknown"
"19-08-2026 10:14:44","5858","Error","Microsoft-Windows-WMI-Activity","Id = {B02B070B-524C-45BA-8C93-89F51EB4D1A3}; ClientMachine = LIND55MBVC4; User = NT AUTHORITY\NETWORK SERVICE; ClientProcessId = 9276; Component = Unknown; Operation = Start IWbemServices::ExecQuery - ROOT\StandardCimv2 : SELECT * FROM MSFT_NetAdapterStatisticsSettingData WHERE Name = 'Wi-Fi'; ResultCode = 0x80041032; PossibleCause = Unknown"
"19-08-2026 10:14:42","5858","Error","Microsoft-Windows-WMI-Activity","Id = {BAC134C8-4574-481C-9D67-C74F35A53526}; ClientMachine = LIND55MBVC4; User = NT AUTHORITY\NETWORK SERVICE; ClientProcessId = 9276; Component = Unknown; Operation = Start IWbemServices::ExecQuery - ROOT\StandardCimv2 : SELECT * FROM MSFT_NetAdapterStatisticsSettingData WHERE Name = 'Wi-Fi'; ResultCode = 0x80041032; PossibleCause = Unknown"
"19-08-2026 10:14:41","5858","Error","Microsoft-Windows-WMI-Activity","Id = {1EB2EDFF-BEA4-4DDA-AFD9-9DF09C7B0713}; ClientMachine = LIND55MBVC4; User = NT AUTHORITY\NETWORK SERVICE; ClientProcessId = 9276; Component = Unknown; Operation = Start IWbemServices::ExecQuery - ROOT\StandardCimv2 : SELECT * FROM MSFT_NetAdapterStatisticsSettingData WHERE Name = 'Wi-Fi'; ResultCode = 0x80041032; PossibleCause = Unknown"
"19-08-2026 10:14:40","5858","Error","Microsoft-Windows-WMI-Activity","Id = {9166A759-FB74-4812-A52B-E89496413566}; ClientMachine = LIND55MBVC4; User = NT AUTHORITY\NETWORK SERVICE; ClientProcessId = 9276; Component = Unknown; Operation = Start IWbemServices::ExecQuery - ROOT\StandardCimv2 : SELECT * FROM MSFT_NetAdapterStatisticsSettingData WHERE Name = 'Wi-Fi'; ResultCode = 0x80041032; PossibleCause = Unknown"
"19-08-2026 10:14:39","5858","Error","Microsoft-Windows-WMI-Activity","Id = {F4D804F8-8E98-41AE-BCC2-8AA3D99D5CA6}; ClientMachine = LIND55MBVC4; User = NT AUTHORITY\NETWORK SERVICE; ClientProcessId = 9276; Component = Unknown; Operation = Start IWbemServices::ExecQuery - ROOT\StandardCimv2 : SELECT * FROM MSFT_NetAdapterStatisticsSettingData WHERE Name = 'Wi-Fi'; ResultCode = 0x80041032; PossibleCause = Unknown"
