"04-08-2026 13:56:03","27","Information","Microsoft-Windows-UniversalTelemetryClient","Connection state - All connections have succeeded since the previous period."
"04-08-2026 13:46:03","27","Information","Microsoft-Windows-UniversalTelemetryClient","Connection state - All connections have succeeded since the previous period."
"04-08-2026 13:38:50","27","Information","Microsoft-Windows-UniversalTelemetryClient","Connection state - All connections have succeeded since the previous period."
"04-08-2026 13:26:03","27","Information","Microsoft-Windows-UniversalTelemetryClient","Connection state - All connections have succeeded since the previous period."
"04-08-2026 13:11:03","27","Information","Microsoft-Windows-UniversalTelemetryClient","Connection state - All connections have succeeded since the previous period."
"04-08-2026 13:08:50","27","Information","Microsoft-Windows-UniversalTelemetryClient","Connection state - All connections have succeeded since the previous period."
"04-08-2026 12:56:02","27","Information","Microsoft-Windows-UniversalTelemetryClient","Connection state - All connections have succeeded since the previous period."
"04-08-2026 12:41:02","27","Information","Microsoft-Windows-UniversalTelemetryClient","Connection state - All connections have succeeded since the previous period."
"04-08-2026 12:38:50","27","Information","Microsoft-Windows-UniversalTelemetryClient","Connection state - All connections have succeeded since the previous period."
"04-08-2026 12:26:02","27","Information","Microsoft-Windows-UniversalTelemetryClient","Connection state - All connections have succeeded since the previous period."
"04-08-2026 12:21:02","27","Information","Microsoft-Windows-UniversalTelemetryClient","Connection state - All connections have succeeded since the previous period."
"04-08-2026 12:19:26","1","Information","Microsoft-Windows-UniversalTelemetryClient","Tenant P-ARIA-6660cc65b74b4291b30536aea7ed6ead-5a228f6e-723e-4098-8ed2-3554f184fd67-7451 has been registered for telemetry usage."
"04-08-2026 12:11:02","27","Information","Microsoft-Windows-UniversalTelemetryClient","Connection state - All connections have succeeded since the previous period."
"04-08-2026 12:08:50","28","Warning","Microsoft-Windows-UniversalTelemetryClient","Connection state - Some connections have failed since the previous period."
"04-08-2026 11:56:02","27","Information","Microsoft-Windows-UniversalTelemetryClient","Connection state - All connections have succeeded since the previous period."
"04-08-2026 11:53:25","60","Information","Microsoft-Windows-UniversalTelemetryClient","Is device on battery power: false"
"04-08-2026 11:53:25","61","Information","Microsoft-Windows-UniversalTelemetryClient","Is the Battery Saver state enabled: false"
"04-08-2026 11:53:25","60","Information","Microsoft-Windows-UniversalTelemetryClient","Is device on battery power: false"
"04-08-2026 11:38:50","28","Warning","Microsoft-Windows-UniversalTelemetryClient","Connection state - Some connections have failed since the previous period."
"04-08-2026 11:12:12","22","Information","Microsoft-Windows-UniversalTelemetryClient","The daily upload quota for SENSE has crossed into a new tier."
"04-08-2026 11:08:50","27","Information","Microsoft-Windows-UniversalTelemetryClient","Connection state - All connections have succeeded since the previous period."
"04-08-2026 11:01:22","1","Information","Microsoft-Windows-UniversalTelemetryClient","Tenant P-ARIA-6660cc65b74b4291b30536aea7ed6ead-5a228f6e-723e-4098-8ed2-3554f184fd67-7451 has been registered for telemetry usage."
"04-08-2026 10:46:16","1","Information","Microsoft-Windows-UniversalTelemetryClient","Tenant P-ARIA-6660cc65b74b4291b30536aea7ed6ead-5a228f6e-723e-4098-8ed2-3554f184fd67-7451 has been registered for telemetry usage."
"04-08-2026 10:40:21","1","Information","Microsoft-Windows-UniversalTelemetryClient","Tenant P-ARIA-af397ef28e484961ba48646a5d38cf54-77418283-d6f6-4a90-b0c8-37e0f5e7b087-7425 has been registered for telemetry usage."
"04-08-2026 10:38:50","27","Information","Microsoft-Windows-UniversalTelemetryClient","Connection state - All connections have succeeded since the previous period."
"04-08-2026 10:31:08","1","Information","Microsoft-Windows-UniversalTelemetryClient","Tenant P-ARIA-6660cc65b74b4291b30536aea7ed6ead-5a228f6e-723e-4098-8ed2-3554f184fd67-7451 has been registered for telemetry usage."
"04-08-2026 10:21:02","27","Information","Microsoft-Windows-UniversalTelemetryClient","Connection state - All connections have succeeded since the previous period."
"04-08-2026 10:16:02","27","Information","Microsoft-Windows-UniversalTelemetryClient","Connection state - All connections have succeeded since the previous period."
"04-08-2026 10:16:01","1","Information","Microsoft-Windows-UniversalTelemetryClient","Tenant P-ARIA-6660cc65b74b4291b30536aea7ed6ead-5a228f6e-723e-4098-8ed2-3554f184fd67-7451 has been registered for telemetry usage."
"04-08-2026 10:11:02","27","Information","Microsoft-Windows-UniversalTelemetryClient","Connection state - All connections have succeeded since the previous period."
"04-08-2026 10:10:39","60","Information","Microsoft-Windows-UniversalTelemetryClient","Is device on battery power: true"
"04-08-2026 10:10:39","61","Information","Microsoft-Windows-UniversalTelemetryClient","Is the Battery Saver state enabled: false"
"04-08-2026 10:10:39","60","Information","Microsoft-Windows-UniversalTelemetryClient","Is device on battery power: true"
"04-08-2026 10:08:50","27","Information","Microsoft-Windows-UniversalTelemetryClient","Connection state - All connections have succeeded since the previous period."
"04-08-2026 10:06:02","27","Information","Microsoft-Windows-UniversalTelemetryClient","Connection state - All connections have succeeded since the previous period."
"04-08-2026 09:56:02","27","Information","Microsoft-Windows-UniversalTelemetryClient","Connection state - All connections have succeeded since the previous period."
"04-08-2026 09:46:09","1","Information","Microsoft-Windows-UniversalTelemetryClient","Tenant P-ARIA-6660cc65b74b4291b30536aea7ed6ead-5a228f6e-723e-4098-8ed2-3554f184fd67-7451 has been registered for telemetry usage."
"04-08-2026 09:41:02","27","Information","Microsoft-Windows-UniversalTelemetryClient","Connection state - All connections have succeeded since the previous period."
"04-08-2026 09:38:50","27","Information","Microsoft-Windows-UniversalTelemetryClient","Connection state - All connections have succeeded since the previous period."
"04-08-2026 09:28:06","22","Information","Microsoft-Windows-UniversalTelemetryClient","The daily upload quota for SENSE has crossed into a new tier."
"04-08-2026 09:26:02","27","Information","Microsoft-Windows-UniversalTelemetryClient","Connection state - All connections have succeeded since the previous period."
"04-08-2026 09:12:59","61","Information","Microsoft-Windows-UniversalTelemetryClient","Is the Battery Saver state enabled: false"
"04-08-2026 09:11:02","28","Warning","Microsoft-Windows-UniversalTelemetryClient","Connection state - Some connections have failed since the previous period."
"04-08-2026 09:08:57","60","Information","Microsoft-Windows-UniversalTelemetryClient","Is device on battery power: false"
"04-08-2026 09:08:57","61","Information","Microsoft-Windows-UniversalTelemetryClient","Is the Battery Saver state enabled: false"
"04-08-2026 09:08:57","60","Information","Microsoft-Windows-UniversalTelemetryClient","Is device on battery power: false"
"04-08-2026 09:08:56","61","Information","Microsoft-Windows-UniversalTelemetryClient","Is the Battery Saver state enabled: false"
"04-08-2026 09:08:53","28","Warning","Microsoft-Windows-UniversalTelemetryClient","Connection state - Some connections have failed since the previous period."
"04-08-2026 03:10:53","1","Information","Microsoft-Windows-UniversalTelemetryClient","Tenant P-ARIA-5476d0c4a7a347909c4b8a13078d4390-f8bdcecf-243f-40f8-b7c3-b9c44a57dead-7230 has been registered for telemetry usage."
"04-08-2026 03:10:47","55","Information","Microsoft-Windows-UniversalTelemetryClient","Is the Internet available: true"
"04-08-2026 03:10:47","56","Information","Microsoft-Windows-UniversalTelemetryClient","Is a free network available: true"
"04-08-2026 03:10:47","56","Information","Microsoft-Windows-UniversalTelemetryClient","Is a free network available: true"
"04-08-2026 03:10:47","55","Information","Microsoft-Windows-UniversalTelemetryClient","Is the Internet available: true"
"04-08-2026 03:10:46","55","Information","Microsoft-Windows-UniversalTelemetryClient","Is the Internet available: true"
"04-08-2026 03:10:46","56","Information","Microsoft-Windows-UniversalTelemetryClient","Is a free network available: false"
"04-08-2026 03:10:44","61","Information","Microsoft-Windows-UniversalTelemetryClient","Is the Battery Saver state enabled: false"
"04-08-2026 03:10:43","61","Information","Microsoft-Windows-UniversalTelemetryClient","Is the Battery Saver state enabled: false"
"04-08-2026 03:10:43","60","Information","Microsoft-Windows-UniversalTelemetryClient","Is device on battery power: true"
"04-08-2026 03:10:43","62","Information","Microsoft-Windows-UniversalTelemetryClient","Is the device in connected standby: false"
"03-08-2026 19:03:15","61","Information","Microsoft-Windows-UniversalTelemetryClient","Is the Battery Saver state enabled: false"
"03-08-2026 19:03:15","60","Information","Microsoft-Windows-UniversalTelemetryClient","Is device on battery power: true"
"03-08-2026 19:03:15","62","Information","Microsoft-Windows-UniversalTelemetryClient","Is the device in connected standby: true"
"03-08-2026 19:03:15","61","Information","Microsoft-Windows-UniversalTelemetryClient","Is the Battery Saver state enabled: false"
"03-08-2026 19:03:15","1","Information","Microsoft-Windows-UniversalTelemetryClient","Tenant P-ARIA-4bb4d6f7cafc4e9292f972dca2dcde42-bd019ee8-e59c-4b0f-a02c-84e72157a3ef-7485 has been registered for telemetry usage."
"03-08-2026 19:03:10","61","Information","Microsoft-Windows-UniversalTelemetryClient","Is the Battery Saver state enabled: false"
"03-08-2026 19:03:10","62","Information","Microsoft-Windows-UniversalTelemetryClient","Is the device in connected standby: false"
"03-08-2026 19:03:10","61","Information","Microsoft-Windows-UniversalTelemetryClient","Is the Battery Saver state enabled: false"
"03-08-2026 19:03:10","60","Information","Microsoft-Windows-UniversalTelemetryClient","Is device on battery power: true"
"03-08-2026 19:03:10","61","Information","Microsoft-Windows-UniversalTelemetryClient","Is the Battery Saver state enabled: false"
"03-08-2026 19:03:10","60","Information","Microsoft-Windows-UniversalTelemetryClient","Is device on battery power: true"
"03-08-2026 18:43:44","28","Warning","Microsoft-Windows-UniversalTelemetryClient","Connection state - Some connections have failed since the previous period."
"03-08-2026 18:25:04","55","Information","Microsoft-Windows-UniversalTelemetryClient","Is the Internet available: true"
"03-08-2026 18:25:04","56","Information","Microsoft-Windows-UniversalTelemetryClient","Is a free network available: false"
"03-08-2026 18:25:04","55","Information","Microsoft-Windows-UniversalTelemetryClient","Is the Internet available: false"
"03-08-2026 18:25:04","56","Information","Microsoft-Windows-UniversalTelemetryClient","Is a free network available: false"
"03-08-2026 18:24:57","61","Information","Microsoft-Windows-UniversalTelemetryClient","Is the Battery Saver state enabled: true"
"03-08-2026 18:24:57","62","Information","Microsoft-Windows-UniversalTelemetryClient","Is the device in connected standby: true"
"03-08-2026 18:24:57","61","Information","Microsoft-Windows-UniversalTelemetryClient","Is the Battery Saver state enabled: true"
"03-08-2026 18:24:57","60","Information","Microsoft-Windows-UniversalTelemetryClient","Is device on battery power: true"
"03-08-2026 18:24:57","61","Information","Microsoft-Windows-UniversalTelemetryClient","Is the Battery Saver state enabled: true"
"03-08-2026 18:24:57","60","Information","Microsoft-Windows-UniversalTelemetryClient","Is device on battery power: true"
"03-08-2026 18:24:52","61","Information","Microsoft-Windows-UniversalTelemetryClient","Is the Battery Saver state enabled: false"
"03-08-2026 18:24:52","61","Information","Microsoft-Windows-UniversalTelemetryClient","Is the Battery Saver state enabled: false"
"03-08-2026 18:24:52","60","Information","Microsoft-Windows-UniversalTelemetryClient","Is device on battery power: true"
"03-08-2026 18:24:52","61","Information","Microsoft-Windows-UniversalTelemetryClient","Is the Battery Saver state enabled: true"
"03-08-2026 18:24:52","62","Information","Microsoft-Windows-UniversalTelemetryClient","Is the device in connected standby: false"
"03-08-2026 18:24:52","61","Information","Microsoft-Windows-UniversalTelemetryClient","Is the Battery Saver state enabled: true"
"03-08-2026 18:24:52","60","Information","Microsoft-Windows-UniversalTelemetryClient","Is device on battery power: true"
"03-08-2026 18:24:52","61","Information","Microsoft-Windows-UniversalTelemetryClient","Is the Battery Saver state enabled: true"
"03-08-2026 18:24:52","62","Information","Microsoft-Windows-UniversalTelemetryClient","Is the device in connected standby: true"
"03-08-2026 18:24:52","61","Information","Microsoft-Windows-UniversalTelemetryClient","Is the Battery Saver state enabled: true"
"03-08-2026 18:24:52","60","Information","Microsoft-Windows-UniversalTelemetryClient","Is device on battery power: true"
"03-08-2026 18:24:52","61","Information","Microsoft-Windows-UniversalTelemetryClient","Is the Battery Saver state enabled: true"
"03-08-2026 18:24:52","60","Information","Microsoft-Windows-UniversalTelemetryClient","Is device on battery power: true"
"03-08-2026 18:05:59","55","Information","Microsoft-Windows-UniversalTelemetryClient","Is the Internet available: true"
"03-08-2026 18:05:59","56","Information","Microsoft-Windows-UniversalTelemetryClient","Is a free network available: true"
"03-08-2026 18:05:59","56","Information","Microsoft-Windows-UniversalTelemetryClient","Is a free network available: true"
"03-08-2026 18:05:59","55","Information","Microsoft-Windows-UniversalTelemetryClient","Is the Internet available: true"
"03-08-2026 18:05:58","55","Information","Microsoft-Windows-UniversalTelemetryClient","Is the Internet available: true"
"03-08-2026 18:05:58","56","Information","Microsoft-Windows-UniversalTelemetryClient","Is a free network available: false"
"03-08-2026 18:03:56","55","Information","Microsoft-Windows-UniversalTelemetryClient","Is the Internet available: true"
"03-08-2026 18:03:56","56","Information","Microsoft-Windows-UniversalTelemetryClient","Is a free network available: false"
"03-08-2026 18:03:56","56","Information","Microsoft-Windows-UniversalTelemetryClient","Is a free network available: false"
"03-08-2026 18:03:56","55","Information","Microsoft-Windows-UniversalTelemetryClient","Is the Internet available: false"
"03-08-2026 17:56:15","27","Information","Microsoft-Windows-UniversalTelemetryClient","Connection state - All connections have succeeded since the previous period."
"03-08-2026 17:41:11","27","Information","Microsoft-Windows-UniversalTelemetryClient","Connection state - All connections have succeeded since the previous period."
"03-08-2026 17:26:15","27","Information","Microsoft-Windows-UniversalTelemetryClient","Connection state - All connections have succeeded since the previous period."
"03-08-2026 17:03:08","55","Information","Microsoft-Windows-UniversalTelemetryClient","Is the Internet available: true"
"03-08-2026 17:03:08","56","Information","Microsoft-Windows-UniversalTelemetryClient","Is a free network available: true"
"03-08-2026 17:03:08","56","Information","Microsoft-Windows-UniversalTelemetryClient","Is a free network available: true"
"03-08-2026 17:03:08","55","Information","Microsoft-Windows-UniversalTelemetryClient","Is the Internet available: true"
"03-08-2026 17:03:01","55","Information","Microsoft-Windows-UniversalTelemetryClient","Is the Internet available: true"
"03-08-2026 17:03:01","56","Information","Microsoft-Windows-UniversalTelemetryClient","Is a free network available: false"
"03-08-2026 17:02:31","55","Information","Microsoft-Windows-UniversalTelemetryClient","Is the Internet available: true"
"03-08-2026 17:02:31","56","Information","Microsoft-Windows-UniversalTelemetryClient","Is a free network available: false"
"03-08-2026 17:02:30","55","Information","Microsoft-Windows-UniversalTelemetryClient","Is the Internet available: false"
"03-08-2026 17:02:30","56","Information","Microsoft-Windows-UniversalTelemetryClient","Is a free network available: false"
"03-08-2026 16:56:15","27","Information","Microsoft-Windows-UniversalTelemetryClient","Connection state - All connections have succeeded since the previous period."
"03-08-2026 16:46:10","27","Information","Microsoft-Windows-UniversalTelemetryClient","Connection state - All connections have succeeded since the previous period."
"03-08-2026 16:26:15","27","Information","Microsoft-Windows-UniversalTelemetryClient","Connection state - All connections have succeeded since the previous period."
"03-08-2026 15:56:15","27","Information","Microsoft-Windows-UniversalTelemetryClient","Connection state - All connections have succeeded since the previous period."
"03-08-2026 15:55:23","1","Information","Microsoft-Windows-UniversalTelemetryClient","Tenant P-ARIA-6660cc65b74b4291b30536aea7ed6ead-5a228f6e-723e-4098-8ed2-3554f184fd67-7451 has been registered for telemetry usage."
"03-08-2026 15:43:30","22","Information","Microsoft-Windows-UniversalTelemetryClient","The daily upload quota for SENSE has crossed into a new tier."
"03-08-2026 15:41:10","27","Information","Microsoft-Windows-UniversalTelemetryClient","Connection state - All connections have succeeded since the previous period."
"03-08-2026 15:31:10","27","Information","Microsoft-Windows-UniversalTelemetryClient","Connection state - All connections have succeeded since the previous period."
"03-08-2026 15:26:15","27","Information","Microsoft-Windows-UniversalTelemetryClient","Connection state - All connections have succeeded since the previous period."
"03-08-2026 15:11:10","27","Information","Microsoft-Windows-UniversalTelemetryClient","Connection state - All connections have succeeded since the previous period."
"03-08-2026 14:56:15","27","Information","Microsoft-Windows-UniversalTelemetryClient","Connection state - All connections have succeeded since the previous period."
"03-08-2026 14:42:43","1","Information","Microsoft-Windows-UniversalTelemetryClient","Tenant P-ARIA-6660cc65b74b4291b30536aea7ed6ead-5a228f6e-723e-4098-8ed2-3554f184fd67-7451 has been registered for telemetry usage."
"03-08-2026 14:26:14","28","Warning","Microsoft-Windows-UniversalTelemetryClient","Connection state - Some connections have failed since the previous period."
"03-08-2026 14:20:34","55","Information","Microsoft-Windows-UniversalTelemetryClient","Is the Internet available: true"
"03-08-2026 14:20:34","56","Information","Microsoft-Windows-UniversalTelemetryClient","Is a free network available: true"
"03-08-2026 14:20:34","55","Information","Microsoft-Windows-UniversalTelemetryClient","Is the Internet available: true"
"03-08-2026 14:20:34","56","Information","Microsoft-Windows-UniversalTelemetryClient","Is a free network available: true"
"03-08-2026 14:20:33","61","Information","Microsoft-Windows-UniversalTelemetryClient","Is the Battery Saver state enabled: false"
"03-08-2026 14:20:33","61","Information","Microsoft-Windows-UniversalTelemetryClient","Is the Battery Saver state enabled: false"
"03-08-2026 14:20:33","61","Information","Microsoft-Windows-UniversalTelemetryClient","Is the Battery Saver state enabled: false"
"03-08-2026 14:20:33","60","Information","Microsoft-Windows-UniversalTelemetryClient","Is device on battery power: true"
"03-08-2026 14:20:33","61","Information","Microsoft-Windows-UniversalTelemetryClient","Is the Battery Saver state enabled: false"
"03-08-2026 14:20:33","60","Information","Microsoft-Windows-UniversalTelemetryClient","Is device on battery power: true"
"03-08-2026 14:20:33","62","Information","Microsoft-Windows-UniversalTelemetryClient","Is the device in connected standby: false"
"03-08-2026 14:19:54","55","Information","Microsoft-Windows-UniversalTelemetryClient","Is the Internet available: true"
"03-08-2026 14:19:54","56","Information","Microsoft-Windows-UniversalTelemetryClient","Is a free network available: false"
"03-08-2026 14:19:54","56","Information","Microsoft-Windows-UniversalTelemetryClient","Is a free network available: false"
"03-08-2026 14:19:54","55","Information","Microsoft-Windows-UniversalTelemetryClient","Is the Internet available: false"
"03-08-2026 14:19:47","61","Information","Microsoft-Windows-UniversalTelemetryClient","Is the Battery Saver state enabled: true"
"03-08-2026 14:19:47","62","Information","Microsoft-Windows-UniversalTelemetryClient","Is the device in connected standby: true"
"03-08-2026 14:19:47","61","Information","Microsoft-Windows-UniversalTelemetryClient","Is the Battery Saver state enabled: true"
"03-08-2026 14:19:47","60","Information","Microsoft-Windows-UniversalTelemetryClient","Is device on battery power: true"
"03-08-2026 14:19:47","61","Information","Microsoft-Windows-UniversalTelemetryClient","Is the Battery Saver state enabled: true"
"03-08-2026 14:19:47","60","Information","Microsoft-Windows-UniversalTelemetryClient","Is device on battery power: true"
"03-08-2026 13:56:15","27","Information","Microsoft-Windows-UniversalTelemetryClient","Connection state - All connections have succeeded since the previous period."
"03-08-2026 13:41:11","27","Information","Microsoft-Windows-UniversalTelemetryClient","Connection state - All connections have succeeded since the previous period."
"03-08-2026 13:26:15","27","Information","Microsoft-Windows-UniversalTelemetryClient","Connection state - All connections have succeeded since the previous period."
"03-08-2026 12:56:15","27","Information","Microsoft-Windows-UniversalTelemetryClient","Connection state - All connections have succeeded since the previous period."
"03-08-2026 12:40:34","1","Information","Microsoft-Windows-UniversalTelemetryClient","Tenant P-ARIA-af397ef28e484961ba48646a5d38cf54-77418283-d6f6-4a90-b0c8-37e0f5e7b087-7425 has been registered for telemetry usage."
"03-08-2026 12:26:15","27","Information","Microsoft-Windows-UniversalTelemetryClient","Connection state - All connections have succeeded since the previous period."
"03-08-2026 11:56:15","27","Information","Microsoft-Windows-UniversalTelemetryClient","Connection state - All connections have succeeded since the previous period."
"03-08-2026 11:41:11","27","Information","Microsoft-Windows-UniversalTelemetryClient","Connection state - All connections have succeeded since the previous period."
"03-08-2026 11:38:25","61","Information","Microsoft-Windows-UniversalTelemetryClient","Is the Battery Saver state enabled: false"
"03-08-2026 11:38:25","60","Information","Microsoft-Windows-UniversalTelemetryClient","Is device on battery power: true"
"03-08-2026 11:38:25","60","Information","Microsoft-Windows-UniversalTelemetryClient","Is device on battery power: true"
"03-08-2026 11:36:11","27","Information","Microsoft-Windows-UniversalTelemetryClient","Connection state - All connections have succeeded since the previous period."
"03-08-2026 11:26:15","27","Information","Microsoft-Windows-UniversalTelemetryClient","Connection state - All connections have succeeded since the previous period."
"03-08-2026 11:26:14","22","Information","Microsoft-Windows-UniversalTelemetryClient","The daily upload quota for SENSE has crossed into a new tier."
"03-08-2026 11:21:11","27","Information","Microsoft-Windows-UniversalTelemetryClient","Connection state - All connections have succeeded since the previous period."
"03-08-2026 11:17:45","1","Information","Microsoft-Windows-UniversalTelemetryClient","Tenant P-ARIA-7005b72804a64fa4b2138faab88f877b-14cf798a-05a4-4b7b-9d02-4d99259ebd4a-7553 has been registered for telemetry usage."
"03-08-2026 11:16:35","1","Information","Microsoft-Windows-UniversalTelemetryClient","Tenant P-ARIA-7005b72804a64fa4b2138faab88f877b-14cf798a-05a4-4b7b-9d02-4d99259ebd4a-7553 has been registered for telemetry usage."
"03-08-2026 11:06:10","27","Information","Microsoft-Windows-UniversalTelemetryClient","Connection state - All connections have succeeded since the previous period."
"03-08-2026 10:56:15","27","Information","Microsoft-Windows-UniversalTelemetryClient","Connection state - All connections have succeeded since the previous period."
"03-08-2026 10:46:10","27","Information","Microsoft-Windows-UniversalTelemetryClient","Connection state - All connections have succeeded since the previous period."
"03-08-2026 10:36:52","1","Information","Microsoft-Windows-UniversalTelemetryClient","Tenant P-ARIA-6660cc65b74b4291b30536aea7ed6ead-5a228f6e-723e-4098-8ed2-3554f184fd67-7451 has been registered for telemetry usage."
"03-08-2026 10:36:10","27","Information","Microsoft-Windows-UniversalTelemetryClient","Connection state - All connections have succeeded since the previous period."
"03-08-2026 10:31:10","27","Information","Microsoft-Windows-UniversalTelemetryClient","Connection state - All connections have succeeded since the previous period."
"03-08-2026 10:26:15","27","Information","Microsoft-Windows-UniversalTelemetryClient","Connection state - All connections have succeeded since the previous period."
"03-08-2026 10:16:10","27","Information","Microsoft-Windows-UniversalTelemetryClient","Connection state - All connections have succeeded since the previous period."
"03-08-2026 10:06:10","27","Information","Microsoft-Windows-UniversalTelemetryClient","Connection state - All connections have succeeded since the previous period."
"03-08-2026 10:01:10","27","Information","Microsoft-Windows-UniversalTelemetryClient","Connection state - All connections have succeeded since the previous period."
"03-08-2026 09:56:15","27","Information","Microsoft-Windows-UniversalTelemetryClient","Connection state - All connections have succeeded since the previous period."
"03-08-2026 09:52:25","22","Information","Microsoft-Windows-UniversalTelemetryClient","The daily upload quota for SENSE has crossed into a new tier."
"03-08-2026 09:46:10","27","Information","Microsoft-Windows-UniversalTelemetryClient","Connection state - All connections have succeeded since the previous period."
"03-08-2026 09:45:07","1","Information","Microsoft-Windows-UniversalTelemetryClient","Tenant P-ARIA-6660cc65b74b4291b30536aea7ed6ead-5a228f6e-723e-4098-8ed2-3554f184fd67-7451 has been registered for telemetry usage."
"03-08-2026 09:43:19","1","Information","Microsoft-Windows-UniversalTelemetryClient","Tenant P-ARIA-af397ef28e484961ba48646a5d38cf54-77418283-d6f6-4a90-b0c8-37e0f5e7b087-7425 has been registered for telemetry usage."
"03-08-2026 09:41:10","27","Information","Microsoft-Windows-UniversalTelemetryClient","Connection state - All connections have succeeded since the previous period."
"03-08-2026 09:36:10","27","Information","Microsoft-Windows-UniversalTelemetryClient","Connection state - All connections have succeeded since the previous period."
"03-08-2026 09:35:05","1","Information","Microsoft-Windows-UniversalTelemetryClient","Tenant P-ARIA-af397ef28e484961ba48646a5d38cf54-77418283-d6f6-4a90-b0c8-37e0f5e7b087-7425 has been registered for telemetry usage."
"03-08-2026 09:35:04","1","Information","Microsoft-Windows-UniversalTelemetryClient","Tenant P-ARIA-af397ef28e484961ba48646a5d38cf54-77418283-d6f6-4a90-b0c8-37e0f5e7b087-7425 has been registered for telemetry usage."
"03-08-2026 09:33:54","1","Information","Microsoft-Windows-UniversalTelemetryClient","Tenant P-ARIA-5476d0c4a7a347909c4b8a13078d4390-f8bdcecf-243f-40f8-b7c3-b9c44a57dead-7230 has been registered for telemetry usage."
"03-08-2026 09:33:53","1","Information","Microsoft-Windows-UniversalTelemetryClient","Tenant P-ARIA-af397ef28e484961ba48646a5d38cf54-77418283-d6f6-4a90-b0c8-37e0f5e7b087-7425 has been registered for telemetry usage."
"03-08-2026 09:33:52","1","Information","Microsoft-Windows-UniversalTelemetryClient","Tenant P-ARIA-4bb4d6f7cafc4e9292f972dca2dcde42-bd019ee8-e59c-4b0f-a02c-84e72157a3ef-7485 has been registered for telemetry usage."
"03-08-2026 09:32:42","22","Information","Microsoft-Windows-UniversalTelemetryClient","The daily upload quota for SENSE has crossed into a new tier."
"03-08-2026 09:32:12","22","Information","Microsoft-Windows-UniversalTelemetryClient","The daily upload quota for SENSE has crossed into a new tier."
"03-08-2026 09:31:44","1","Information","Microsoft-Windows-UniversalTelemetryClient","Tenant P-ARIA-6660cc65b74b4291b30536aea7ed6ead-5a228f6e-723e-4098-8ed2-3554f184fd67-7451 has been registered for telemetry usage."
"03-08-2026 09:31:19","61","Information","Microsoft-Windows-UniversalTelemetryClient","Is the Battery Saver state enabled: false"
"03-08-2026 09:31:12","1","Information","Microsoft-Windows-UniversalTelemetryClient","Tenant P-ARIA-6660cc65b74b4291b30536aea7ed6ead-5a228f6e-723e-4098-8ed2-3554f184fd67-7451 has been registered for telemetry usage."
"03-08-2026 09:31:10","27","Information","Microsoft-Windows-UniversalTelemetryClient","Connection state - All connections have succeeded since the previous period."
"03-08-2026 09:28:53","1","Information","Microsoft-Windows-UniversalTelemetryClient","Tenant P-ARIA-7005b72804a64fa4b2138faab88f877b-14cf798a-05a4-4b7b-9d02-4d99259ebd4a-7553 has been registered for telemetry usage."
"03-08-2026 09:28:35","1","Information","Microsoft-Windows-UniversalTelemetryClient","Tenant P-ARIA-6660cc65b74b4291b30536aea7ed6ead-5a228f6e-723e-4098-8ed2-3554f184fd67-7451 has been registered for telemetry usage."
"03-08-2026 09:27:41","1","Information","Microsoft-Windows-UniversalTelemetryClient","Tenant P-ARIA-6660cc65b74b4291b30536aea7ed6ead-5a228f6e-723e-4098-8ed2-3554f184fd67-7451 has been registered for telemetry usage."
"03-08-2026 09:26:15","62","Information","Microsoft-Windows-UniversalTelemetryClient","Is the device in connected standby: false"
"03-08-2026 09:26:15","55","Information","Microsoft-Windows-UniversalTelemetryClient","Is the Internet available: true"
"03-08-2026 09:26:15","56","Information","Microsoft-Windows-UniversalTelemetryClient","Is a free network available: true"
"03-08-2026 09:26:15","61","Information","Microsoft-Windows-UniversalTelemetryClient","Is the Battery Saver state enabled: false"
"03-08-2026 09:26:15","60","Information","Microsoft-Windows-UniversalTelemetryClient","Is device on battery power: false"
"03-08-2026 09:26:12","56","Information","Microsoft-Windows-UniversalTelemetryClient","Is a free network available: true"
"03-08-2026 09:26:12","55","Information","Microsoft-Windows-UniversalTelemetryClient","Is the Internet available: true"
"03-08-2026 09:26:09","62","Information","Microsoft-Windows-UniversalTelemetryClient","Is the device in connected standby: false"
"03-08-2026 09:26:09","56","Information","Microsoft-Windows-UniversalTelemetryClient","Is a free network available: false"
"03-08-2026 09:26:09","55","Information","Microsoft-Windows-UniversalTelemetryClient","Is the Internet available: false"
"03-08-2026 09:26:09","61","Information","Microsoft-Windows-UniversalTelemetryClient","Is the Battery Saver state enabled: false"
"03-08-2026 09:26:09","68","Information","Microsoft-Windows-UniversalTelemetryClient","Invalid Processor mode configuration."
"03-08-2026 09:26:08","50","Information","Microsoft-Windows-UniversalTelemetryClient","The service has been started to the following state: Updating Scenarios."
"31-07-2026 18:35:45","61","Information","Microsoft-Windows-UniversalTelemetryClient","Is the Battery Saver state enabled: false"
"31-07-2026 18:35:45","60","Information","Microsoft-Windows-UniversalTelemetryClient","Is device on battery power: true"
"31-07-2026 18:35:44","60","Information","Microsoft-Windows-UniversalTelemetryClient","Is device on battery power: true"
"31-07-2026 18:34:12","1","Information","Microsoft-Windows-UniversalTelemetryClient","Tenant P-ARIA-7005b72804a64fa4b2138faab88f877b-14cf798a-05a4-4b7b-9d02-4d99259ebd4a-7553 has been registered for telemetry usage."
"31-07-2026 18:30:33","22","Information","Microsoft-Windows-UniversalTelemetryClient","The daily upload quota for SENSE has crossed into a new tier."
"31-07-2026 18:25:31","27","Information","Microsoft-Windows-UniversalTelemetryClient","Connection state - All connections have succeeded since the previous period."
"31-07-2026 18:14:34","27","Information","Microsoft-Windows-UniversalTelemetryClient","Connection state - All connections have succeeded since the previous period."
"31-07-2026 18:10:31","27","Information","Microsoft-Windows-UniversalTelemetryClient","Connection state - All connections have succeeded since the previous period."
"31-07-2026 18:05:31","28","Warning","Microsoft-Windows-UniversalTelemetryClient","Connection state - Some connections have failed since the previous period."
"31-07-2026 17:55:31","27","Information","Microsoft-Windows-UniversalTelemetryClient","Connection state - All connections have succeeded since the previous period."
"31-07-2026 17:50:31","27","Information","Microsoft-Windows-UniversalTelemetryClient","Connection state - All connections have succeeded since the previous period."
"31-07-2026 17:44:34","27","Information","Microsoft-Windows-UniversalTelemetryClient","Connection state - All connections have succeeded since the previous period."
"31-07-2026 17:40:30","27","Information","Microsoft-Windows-UniversalTelemetryClient","Connection state - All connections have succeeded since the previous period."
"31-07-2026 17:30:30","27","Information","Microsoft-Windows-UniversalTelemetryClient","Connection state - All connections have succeeded since the previous period."
"31-07-2026 17:15:30","27","Information","Microsoft-Windows-UniversalTelemetryClient","Connection state - All connections have succeeded since the previous period."
"31-07-2026 17:14:34","27","Information","Microsoft-Windows-UniversalTelemetryClient","Connection state - All connections have succeeded since the previous period."
"31-07-2026 17:10:30","27","Information","Microsoft-Windows-UniversalTelemetryClient","Connection state - All connections have succeeded since the previous period."
"31-07-2026 17:05:30","27","Information","Microsoft-Windows-UniversalTelemetryClient","Connection state - All connections have succeeded since the previous period."
"31-07-2026 17:00:30","27","Information","Microsoft-Windows-UniversalTelemetryClient","Connection state - All connections have succeeded since the previous period."
"31-07-2026 16:44:34","27","Information","Microsoft-Windows-UniversalTelemetryClient","Connection state - All connections have succeeded since the previous period."
"31-07-2026 16:44:31","27","Information","Microsoft-Windows-UniversalTelemetryClient","Connection state - All connections have succeeded since the previous period."
"31-07-2026 16:40:30","27","Information","Microsoft-Windows-UniversalTelemetryClient","Connection state - All connections have succeeded since the previous period."
"31-07-2026 16:25:30","27","Information","Microsoft-Windows-UniversalTelemetryClient","Connection state - All connections have succeeded since the previous period."
"31-07-2026 16:14:34","27","Information","Microsoft-Windows-UniversalTelemetryClient","Connection state - All connections have succeeded since the previous period."
"31-07-2026 16:12:36","1","Information","Microsoft-Windows-UniversalTelemetryClient","Tenant P-ARIA-af397ef28e484961ba48646a5d38cf54-77418283-d6f6-4a90-b0c8-37e0f5e7b087-7425 has been registered for telemetry usage."
"31-07-2026 16:10:30","27","Information","Microsoft-Windows-UniversalTelemetryClient","Connection state - All connections have succeeded since the previous period."
"31-07-2026 16:07:02","60","Information","Microsoft-Windows-UniversalTelemetryClient","Is device on battery power: false"
"31-07-2026 16:07:02","61","Information","Microsoft-Windows-UniversalTelemetryClient","Is the Battery Saver state enabled: false"
"31-07-2026 16:07:02","60","Information","Microsoft-Windows-UniversalTelemetryClient","Is device on battery power: false"
"31-07-2026 15:55:32","1","Information","Microsoft-Windows-UniversalTelemetryClient","Tenant P-ARIA-5476d0c4a7a347909c4b8a13078d4390-f8bdcecf-243f-40f8-b7c3-b9c44a57dead-7230 has been registered for telemetry usage."
"31-07-2026 15:55:30","27","Information","Microsoft-Windows-UniversalTelemetryClient","Connection state - All connections have succeeded since the previous period."
"31-07-2026 15:55:26","1","Information","Microsoft-Windows-UniversalTelemetryClient","Tenant P-ARIA-4bb4d6f7cafc4e9292f972dca2dcde42-bd019ee8-e59c-4b0f-a02c-84e72157a3ef-7485 has been registered for telemetry usage."
"31-07-2026 15:44:34","27","Information","Microsoft-Windows-UniversalTelemetryClient","Connection state - All connections have succeeded since the previous period."
"31-07-2026 15:35:33","1","Information","Microsoft-Windows-UniversalTelemetryClient","Tenant P-ARIA-6660cc65b74b4291b30536aea7ed6ead-5a228f6e-723e-4098-8ed2-3554f184fd67-7451 has been registered for telemetry usage."
"31-07-2026 15:20:28","1","Information","Microsoft-Windows-UniversalTelemetryClient","Tenant P-ARIA-6660cc65b74b4291b30536aea7ed6ead-5a228f6e-723e-4098-8ed2-3554f184fd67-7451 has been registered for telemetry usage."
"31-07-2026 15:14:34","27","Information","Microsoft-Windows-UniversalTelemetryClient","Connection state - All connections have succeeded since the previous period."
"31-07-2026 15:05:22","1","Information","Microsoft-Windows-UniversalTelemetryClient","Tenant P-ARIA-6660cc65b74b4291b30536aea7ed6ead-5a228f6e-723e-4098-8ed2-3554f184fd67-7451 has been registered for telemetry usage."
"31-07-2026 14:57:26","1","Information","Microsoft-Windows-UniversalTelemetryClient","Tenant P-ARIA-6660cc65b74b4291b30536aea7ed6ead-5a228f6e-723e-4098-8ed2-3554f184fd67-7451 has been registered for telemetry usage."
"31-07-2026 14:50:16","1","Information","Microsoft-Windows-UniversalTelemetryClient","Tenant P-ARIA-6660cc65b74b4291b30536aea7ed6ead-5a228f6e-723e-4098-8ed2-3554f184fd67-7451 has been registered for telemetry usage."
"31-07-2026 14:45:30","27","Information","Microsoft-Windows-UniversalTelemetryClient","Connection state - All connections have succeeded since the previous period."
"31-07-2026 14:44:34","27","Information","Microsoft-Windows-UniversalTelemetryClient","Connection state - All connections have succeeded since the previous period."
"31-07-2026 14:35:14","1","Information","Microsoft-Windows-UniversalTelemetryClient","Tenant P-ARIA-6660cc65b74b4291b30536aea7ed6ead-5a228f6e-723e-4098-8ed2-3554f184fd67-7451 has been registered for telemetry usage."
"31-07-2026 14:25:30","27","Information","Microsoft-Windows-UniversalTelemetryClient","Connection state - All connections have succeeded since the previous period."
"31-07-2026 14:20:11","1","Information","Microsoft-Windows-UniversalTelemetryClient","Tenant P-ARIA-6660cc65b74b4291b30536aea7ed6ead-5a228f6e-723e-4098-8ed2-3554f184fd67-7451 has been registered for telemetry usage."
"31-07-2026 14:14:34","27","Information","Microsoft-Windows-UniversalTelemetryClient","Connection state - All connections have succeeded since the previous period."
"31-07-2026 14:05:10","1","Information","Microsoft-Windows-UniversalTelemetryClient","Tenant P-ARIA-6660cc65b74b4291b30536aea7ed6ead-5a228f6e-723e-4098-8ed2-3554f184fd67-7451 has been registered for telemetry usage."
"31-07-2026 14:00:39","22","Information","Microsoft-Windows-UniversalTelemetryClient","The daily upload quota for SENSE has crossed into a new tier."
"31-07-2026 13:59:30","27","Information","Microsoft-Windows-UniversalTelemetryClient","Connection state - All connections have succeeded since the previous period."
"31-07-2026 13:44:34","27","Information","Microsoft-Windows-UniversalTelemetryClient","Connection state - All connections have succeeded since the previous period."
"31-07-2026 13:34:30","27","Information","Microsoft-Windows-UniversalTelemetryClient","Connection state - All connections have succeeded since the previous period."
"31-07-2026 13:20:00","1","Information","Microsoft-Windows-UniversalTelemetryClient","Tenant P-ARIA-6660cc65b74b4291b30536aea7ed6ead-5a228f6e-723e-4098-8ed2-3554f184fd67-7451 has been registered for telemetry usage."
"31-07-2026 13:14:34","27","Information","Microsoft-Windows-UniversalTelemetryClient","Connection state - All connections have succeeded since the previous period."
"31-07-2026 13:09:30","27","Information","Microsoft-Windows-UniversalTelemetryClient","Connection state - All connections have succeeded since the previous period."
"31-07-2026 13:04:53","1","Information","Microsoft-Windows-UniversalTelemetryClient","Tenant P-ARIA-6660cc65b74b4291b30536aea7ed6ead-5a228f6e-723e-4098-8ed2-3554f184fd67-7451 has been registered for telemetry usage."
"31-07-2026 12:49:52","1","Information","Microsoft-Windows-UniversalTelemetryClient","Tenant P-ARIA-6660cc65b74b4291b30536aea7ed6ead-5a228f6e-723e-4098-8ed2-3554f184fd67-7451 has been registered for telemetry usage."
"31-07-2026 12:44:34","27","Information","Microsoft-Windows-UniversalTelemetryClient","Connection state - All connections have succeeded since the previous period."
"31-07-2026 12:34:44","1","Information","Microsoft-Windows-UniversalTelemetryClient","Tenant P-ARIA-6660cc65b74b4291b30536aea7ed6ead-5a228f6e-723e-4098-8ed2-3554f184fd67-7451 has been registered for telemetry usage."
"31-07-2026 12:19:38","1","Information","Microsoft-Windows-UniversalTelemetryClient","Tenant P-ARIA-6660cc65b74b4291b30536aea7ed6ead-5a228f6e-723e-4098-8ed2-3554f184fd67-7451 has been registered for telemetry usage."
"31-07-2026 12:14:34","27","Information","Microsoft-Windows-UniversalTelemetryClient","Connection state - All connections have succeeded since the previous period."
"31-07-2026 11:59:30","27","Information","Microsoft-Windows-UniversalTelemetryClient","Connection state - All connections have succeeded since the previous period."
"31-07-2026 11:54:30","27","Information","Microsoft-Windows-UniversalTelemetryClient","Connection state - All connections have succeeded since the previous period."
"31-07-2026 11:44:34","27","Information","Microsoft-Windows-UniversalTelemetryClient","Connection state - All connections have succeeded since the previous period."
"31-07-2026 11:14:34","27","Information","Microsoft-Windows-UniversalTelemetryClient","Connection state - All connections have succeeded since the previous period."
"31-07-2026 10:55:23","22","Information","Microsoft-Windows-UniversalTelemetryClient","The daily upload quota for SENSE has crossed into a new tier."
"31-07-2026 10:49:24","1","Information","Microsoft-Windows-UniversalTelemetryClient","Tenant P-ARIA-6660cc65b74b4291b30536aea7ed6ead-5a228f6e-723e-4098-8ed2-3554f184fd67-7451 has been registered for telemetry usage."
"31-07-2026 10:44:34","27","Information","Microsoft-Windows-UniversalTelemetryClient","Connection state - All connections have succeeded since the previous period."
"31-07-2026 10:25:39","61","Information","Microsoft-Windows-UniversalTelemetryClient","Is the Battery Saver state enabled: false"
"31-07-2026 10:25:39","60","Information","Microsoft-Windows-UniversalTelemetryClient","Is device on battery power: true"
"31-07-2026 10:25:39","60","Information","Microsoft-Windows-UniversalTelemetryClient","Is device on battery power: true"
"31-07-2026 10:24:29","27","Information","Microsoft-Windows-UniversalTelemetryClient","Connection state - All connections have succeeded since the previous period."
"31-07-2026 10:19:29","27","Information","Microsoft-Windows-UniversalTelemetryClient","Connection state - All connections have succeeded since the previous period."
"31-07-2026 10:14:34","27","Information","Microsoft-Windows-UniversalTelemetryClient","Connection state - All connections have succeeded since the previous period."
"31-07-2026 10:09:12","1","Information","Microsoft-Windows-UniversalTelemetryClient","Tenant P-ARIA-6660cc65b74b4291b30536aea7ed6ead-5a228f6e-723e-4098-8ed2-3554f184fd67-7451 has been registered for telemetry usage."
"31-07-2026 10:04:29","27","Information","Microsoft-Windows-UniversalTelemetryClient","Connection state - All connections have succeeded since the previous period."
"31-07-2026 09:59:29","27","Information","Microsoft-Windows-UniversalTelemetryClient","Connection state - All connections have succeeded since the previous period."
"31-07-2026 09:54:29","27","Information","Microsoft-Windows-UniversalTelemetryClient","Connection state - All connections have succeeded since the previous period."
"31-07-2026 09:50:37","22","Information","Microsoft-Windows-UniversalTelemetryClient","The daily upload quota for SENSE has crossed into a new tier."
"31-07-2026 09:50:24","22","Information","Microsoft-Windows-UniversalTelemetryClient","The daily upload quota for SENSE has crossed into a new tier."
"31-07-2026 09:49:29","27","Information","Microsoft-Windows-UniversalTelemetryClient","Connection state - All connections have succeeded since the previous period."
"31-07-2026 09:49:16","1","Information","Microsoft-Windows-UniversalTelemetryClient","Tenant P-ARIA-6660cc65b74b4291b30536aea7ed6ead-5a228f6e-723e-4098-8ed2-3554f184fd67-7451 has been registered for telemetry usage."
"31-07-2026 09:49:14","61","Information","Microsoft-Windows-UniversalTelemetryClient","Is the Battery Saver state enabled: false"
"31-07-2026 09:48:50","1","Information","Microsoft-Windows-UniversalTelemetryClient","Tenant P-ARIA-6660cc65b74b4291b30536aea7ed6ead-5a228f6e-723e-4098-8ed2-3554f184fd67-7451 has been registered for telemetry usage."
"31-07-2026 09:48:14","1","Information","Microsoft-Windows-UniversalTelemetryClient","Tenant P-ARIA-7005b72804a64fa4b2138faab88f877b-14cf798a-05a4-4b7b-9d02-4d99259ebd4a-7553 has been registered for telemetry usage."
"31-07-2026 09:46:20","1","Information","Microsoft-Windows-UniversalTelemetryClient","Tenant P-ARIA-6660cc65b74b4291b30536aea7ed6ead-5a228f6e-723e-4098-8ed2-3554f184fd67-7451 has been registered for telemetry usage."
"31-07-2026 09:45:17","1","Information","Microsoft-Windows-UniversalTelemetryClient","Tenant P-ARIA-15cbbc93e90a4d56bf8d9a29305b8981-88c138a6-9eac-4f69-a3d3-10a4fbf41ddf-7164 has been registered for telemetry usage."
"31-07-2026 09:45:17","1","Information","Microsoft-Windows-UniversalTelemetryClient","Tenant P-ARIA-4bb4d6f7cafc4e9292f972dca2dcde42-bd019ee8-e59c-4b0f-a02c-84e72157a3ef-7485 has been registered for telemetry usage."
"31-07-2026 09:45:12","1","Information","Microsoft-Windows-UniversalTelemetryClient","Tenant P-ARIA-af397ef28e484961ba48646a5d38cf54-77418283-d6f6-4a90-b0c8-37e0f5e7b087-7425 has been registered for telemetry usage."
"31-07-2026 09:44:34","62","Information","Microsoft-Windows-UniversalTelemetryClient","Is the device in connected standby: false"
"31-07-2026 09:44:34","55","Information","Microsoft-Windows-UniversalTelemetryClient","Is the Internet available: true"
"31-07-2026 09:44:34","56","Information","Microsoft-Windows-UniversalTelemetryClient","Is a free network available: true"
"31-07-2026 09:44:34","61","Information","Microsoft-Windows-UniversalTelemetryClient","Is the Battery Saver state enabled: false"
"31-07-2026 09:44:34","60","Information","Microsoft-Windows-UniversalTelemetryClient","Is device on battery power: false"
"31-07-2026 09:44:31","55","Information","Microsoft-Windows-UniversalTelemetryClient","Is the Internet available: true"
"31-07-2026 09:44:31","56","Information","Microsoft-Windows-UniversalTelemetryClient","Is a free network available: true"
"31-07-2026 09:44:28","62","Information","Microsoft-Windows-UniversalTelemetryClient","Is the device in connected standby: false"
"31-07-2026 09:44:28","56","Information","Microsoft-Windows-UniversalTelemetryClient","Is a free network available: false"
"31-07-2026 09:44:28","55","Information","Microsoft-Windows-UniversalTelemetryClient","Is the Internet available: false"
"31-07-2026 09:44:28","61","Information","Microsoft-Windows-UniversalTelemetryClient","Is the Battery Saver state enabled: false"
"31-07-2026 09:44:28","50","Information","Microsoft-Windows-UniversalTelemetryClient","The service has been started to the following state: Shutdown."
"31-07-2026 09:43:45","55","Information","Microsoft-Windows-UniversalTelemetryClient","Is the Internet available: true"
"31-07-2026 09:43:45","56","Information","Microsoft-Windows-UniversalTelemetryClient","Is a free network available: true"
"31-07-2026 09:38:54","27","Information","Microsoft-Windows-UniversalTelemetryClient","Connection state - All connections have succeeded since the previous period."
"31-07-2026 09:33:59","61","Information","Microsoft-Windows-UniversalTelemetryClient","Is the Battery Saver state enabled: false"
"31-07-2026 09:33:54","27","Information","Microsoft-Windows-UniversalTelemetryClient","Connection state - All connections have succeeded since the previous period."
"31-07-2026 09:33:34","1","Information","Microsoft-Windows-UniversalTelemetryClient","Tenant P-ARIA-7005b72804a64fa4b2138faab88f877b-14cf798a-05a4-4b7b-9d02-4d99259ebd4a-7553 has been registered for telemetry usage."
"31-07-2026 09:33:13","1","Information","Microsoft-Windows-UniversalTelemetryClient","Tenant P-ARIA-15cbbc93e90a4d56bf8d9a29305b8981-88c138a6-9eac-4f69-a3d3-10a4fbf41ddf-7164 has been registered for telemetry usage."
"31-07-2026 09:33:13","1","Information","Microsoft-Windows-UniversalTelemetryClient","Tenant P-ARIA-4bb4d6f7cafc4e9292f972dca2dcde42-bd019ee8-e59c-4b0f-a02c-84e72157a3ef-7485 has been registered for telemetry usage."
"31-07-2026 09:29:20","61","Information","Microsoft-Windows-UniversalTelemetryClient","Is the Battery Saver state enabled: false"
