"07-08-2026 13:11:15","258","Information","Microsoft-Windows-DeviceManagement-Enterprise-Diagnostics-Provider","MDM Session: OMA-DM session Loaded: Initiation ID(Software\Microsoft\Provisioning\OMADM\Sessions\386F60E8-6817-4304-B348-3E8545F3B70A\{07C66088-01E3-4869-AE41-9BE3F55B73EE}), Status(The operation completed successfully.), Total Count(1), Orphaned Count(0), Loaded Count(1), Parent Initiation ID(NULL), Completed Count(0)."
"07-08-2026 13:11:15","257","Information","Microsoft-Windows-DeviceManagement-Enterprise-Diagnostics-Provider","MDM Session: OMA-DM session started: Session ID(308), Server ID(386F60E8-6817-4304-B348-3E8545F3B70A), User SID(NULL), Initiation ID(Software\Microsoft\Provisioning\OMADM\Sessions\386F60E8-6817-4304-B348-3E8545F3B70A\{07C66088-01E3-4869-AE41-9BE3F55B73EE}), Origin(3)."
"07-08-2026 13:11:15","205","Information","Microsoft-Windows-DeviceManagement-Enterprise-Diagnostics-Provider","MDM Session: OMA-DM client started. CV: (y1uoCnTqAABhyqgKdOrcAQ.0.0.306)."
"07-08-2026 13:11:15","259","Information","Microsoft-Windows-DeviceManagement-Enterprise-Diagnostics-Provider","MDM Session: OMA-DM session Handled: Account ID(386F60E8-6817-4304-B348-3E8545F3B70A), Initiation ID(Software\Microsoft\Provisioning\OMADM\Sessions\386F60E8-6817-4304-B348-3E8545F3B70A\{07C66088-01E3-4869-AE41-9BE3F55B73EE}), Session ID(0), Initiator(0), Origin(3)."
"07-08-2026 13:11:15","256","Information","Microsoft-Windows-DeviceManagement-Enterprise-Diagnostics-Provider","OmaDmLogOmaDmApiInitiateSession: Result: (The operation completed successfully.), Account Id: (386F60E8-6817-4304-B348-3E8545F3B70A), Initiation Id: ({07C66088-01E3-4869-AE41-9BE3F55B73EE}), Mode: (2), Origin: (3), AutoDelete: (true), Alert Count: (0), First Alert Name: (NULL), User Sid: (NULL), User Only: (false), All Active Users: (false), Process Name: (C:\Windows\system32\deviceenroller.exe), System Or Admin: (true)."
"07-08-2026 10:36:16","209","Information","Microsoft-Windows-DeviceManagement-Enterprise-Diagnostics-Provider","MDM Session: OMA-DM session ended with status: (The operation completed successfully.)."
"07-08-2026 10:36:16","202","Information","Microsoft-Windows-DeviceManagement-Enterprise-Diagnostics-Provider","MDM Session: OMA-DM server message received and parsed successfully."
"07-08-2026 10:36:16","200","Information","Microsoft-Windows-DeviceManagement-Enterprise-Diagnostics-Provider","MDM Session: OMA-DM message sent."
"07-08-2026 10:36:15","202","Information","Microsoft-Windows-DeviceManagement-Enterprise-Diagnostics-Provider","MDM Session: OMA-DM server message received and parsed successfully."
"07-08-2026 10:36:15","200","Information","Microsoft-Windows-DeviceManagement-Enterprise-Diagnostics-Provider","MDM Session: OMA-DM message sent."
"07-08-2026 10:36:13","208","Information","Microsoft-Windows-DeviceManagement-Enterprise-Diagnostics-Provider","MDM Session: OMA-DM session started for EnrollmentID (BE5150A3-9E69-42C0-A229-7ADD75D044D9) with server: (Microsoft Device Management), Server version: (5.1), Client Version: (1.2), PushRouterOrigin: (0x3), UserAgentOrigin: (0x2), Initiator: (0x0), Mode: (0x2), SessionID: (0x166), Authentication Type: (0x1)."
"07-08-2026 10:36:13","206","Information","Microsoft-Windows-DeviceManagement-Enterprise-Diagnostics-Provider","MDM Session: OMA-DM session Init: UserSID(S-1-12-1-2357405129-1281513531-255772574-1816207334), EnrolledUser(1), UserToken(1), DeviceToken(0), EnrollmentType(26), SyncType(3)."
"07-08-2026 10:36:13","258","Information","Microsoft-Windows-DeviceManagement-Enterprise-Diagnostics-Provider","MDM Session: OMA-DM session Loaded: Initiation ID(Software\Microsoft\Provisioning\OMADM\Sessions\BE5150A3-9E69-42C0-A229-7ADD75D044D9\{28B2539D-D9B6-4767-9A1C-88D2F014E855}), Status(The operation completed successfully.), Total Count(2), Orphaned Count(0), Loaded Count(1), Parent Initiation ID(NULL), Completed Count(0)."
"07-08-2026 10:36:13","257","Information","Microsoft-Windows-DeviceManagement-Enterprise-Diagnostics-Provider","MDM Session: OMA-DM session started: Session ID(358), Server ID(BE5150A3-9E69-42C0-A229-7ADD75D044D9), User SID(NULL), Initiation ID(Software\Microsoft\Provisioning\OMADM\Sessions\BE5150A3-9E69-42C0-A229-7ADD75D044D9\{28B2539D-D9B6-4767-9A1C-88D2F014E855}), Origin(3)."
"07-08-2026 10:36:13","205","Information","Microsoft-Windows-DeviceManagement-Enterprise-Diagnostics-Provider","MDM Session: OMA-DM client started. CV: (WhvRb3UEMUywTehC.0.0.358)."
"07-08-2026 10:36:13","259","Information","Microsoft-Windows-DeviceManagement-Enterprise-Diagnostics-Provider","MDM Session: OMA-DM session Handled: Account ID(BE5150A3-9E69-42C0-A229-7ADD75D044D9), Initiation ID(Software\Microsoft\Provisioning\OMADM\Sessions\BE5150A3-9E69-42C0-A229-7ADD75D044D9\{28B2539D-D9B6-4767-9A1C-88D2F014E855}), Session ID(0), Initiator(0), Origin(3)."
"07-08-2026 10:36:13","256","Information","Microsoft-Windows-DeviceManagement-Enterprise-Diagnostics-Provider","OmaDmLogOmaDmApiInitiateSession: Result: (The operation completed successfully.), Account Id: (BE5150A3-9E69-42C0-A229-7ADD75D044D9), Initiation Id: ({28B2539D-D9B6-4767-9A1C-88D2F014E855}), Mode: (2), Origin: (3), AutoDelete: (true), Alert Count: (0), First Alert Name: (NULL), User Sid: (NULL), User Only: (false), All Active Users: (false), Process Name: (C:\Windows\system32\deviceenroller.exe), System Or Admin: (true)."
"07-08-2026 09:23:03","209","Information","Microsoft-Windows-DeviceManagement-Enterprise-Diagnostics-Provider","MDM Session: OMA-DM session ended with status: (The operation completed successfully.)."
"07-08-2026 09:23:03","202","Information","Microsoft-Windows-DeviceManagement-Enterprise-Diagnostics-Provider","MDM Session: OMA-DM server message received and parsed successfully."
"07-08-2026 09:23:03","200","Information","Microsoft-Windows-DeviceManagement-Enterprise-Diagnostics-Provider","MDM Session: OMA-DM message sent."
"07-08-2026 09:23:01","208","Information","Microsoft-Windows-DeviceManagement-Enterprise-Diagnostics-Provider","MDM Session: OMA-DM session started for EnrollmentID (386F60E8-6817-4304-B348-3E8545F3B70A) with server: (MS DM Server), Server version: (5.1), Client Version: (1.2), PushRouterOrigin: (0x3), UserAgentOrigin: (0x2), Initiator: (0x0), Mode: (0x2), SessionID: (0x133), Authentication Type: (0x1)."
"07-08-2026 09:23:01","206","Information","Microsoft-Windows-DeviceManagement-Enterprise-Diagnostics-Provider","MDM Session: OMA-DM session Init: UserSID(S-1-12-1-2357405129-1281513531-255772574-1816207334), EnrolledUser(1), UserToken(1), DeviceToken(1), EnrollmentType(6), SyncType(3)."
"07-08-2026 09:23:01","258","Information","Microsoft-Windows-DeviceManagement-Enterprise-Diagnostics-Provider","MDM Session: OMA-DM session Loaded: Initiation ID(Software\Microsoft\Provisioning\OMADM\Sessions\386F60E8-6817-4304-B348-3E8545F3B70A\{ACFB213E-9D2D-4A0F-97B1-D99CB3E98362}), Status(The operation completed successfully.), Total Count(1), Orphaned Count(0), Loaded Count(1), Parent Initiation ID(NULL), Completed Count(0)."
"07-08-2026 09:23:01","257","Information","Microsoft-Windows-DeviceManagement-Enterprise-Diagnostics-Provider","MDM Session: OMA-DM session started: Session ID(307), Server ID(386F60E8-6817-4304-B348-3E8545F3B70A), User SID(NULL), Initiation ID(Software\Microsoft\Provisioning\OMADM\Sessions\386F60E8-6817-4304-B348-3E8545F3B70A\{ACFB213E-9D2D-4A0F-97B1-D99CB3E98362}), Origin(3)."
"07-08-2026 09:23:01","205","Information","Microsoft-Windows-DeviceManagement-Enterprise-Diagnostics-Provider","MDM Session: OMA-DM client started. CV: (y1uoCnTqAABhyqgKdOrcAQ.0.0.305)."
"07-08-2026 09:23:00","259","Information","Microsoft-Windows-DeviceManagement-Enterprise-Diagnostics-Provider","MDM Session: OMA-DM session Handled: Account ID(386F60E8-6817-4304-B348-3E8545F3B70A), Initiation ID(Software\Microsoft\Provisioning\OMADM\Sessions\386F60E8-6817-4304-B348-3E8545F3B70A\{ACFB213E-9D2D-4A0F-97B1-D99CB3E98362}), Session ID(0), Initiator(0), Origin(3)."
"07-08-2026 09:23:00","256","Information","Microsoft-Windows-DeviceManagement-Enterprise-Diagnostics-Provider","OmaDmLogOmaDmApiInitiateSession: Result: (The operation completed successfully.), Account Id: (386F60E8-6817-4304-B348-3E8545F3B70A), Initiation Id: ({ACFB213E-9D2D-4A0F-97B1-D99CB3E98362}), Mode: (2), Origin: (3), AutoDelete: (true), Alert Count: (0), First Alert Name: (NULL), User Sid: (NULL), User Only: (false), All Active Users: (false), Process Name: (C:\Windows\system32\deviceenroller.exe), System Or Admin: (true)."
"07-08-2026 09:23:00","209","Information","Microsoft-Windows-DeviceManagement-Enterprise-Diagnostics-Provider","MDM Session: OMA-DM session ended with status: (The operation completed successfully.)."
"07-08-2026 09:23:00","202","Information","Microsoft-Windows-DeviceManagement-Enterprise-Diagnostics-Provider","MDM Session: OMA-DM server message received and parsed successfully."
"07-08-2026 09:23:00","200","Information","Microsoft-Windows-DeviceManagement-Enterprise-Diagnostics-Provider","MDM Session: OMA-DM message sent."
"07-08-2026 09:22:59","202","Information","Microsoft-Windows-DeviceManagement-Enterprise-Diagnostics-Provider","MDM Session: OMA-DM server message received and parsed successfully."
"07-08-2026 09:22:59","200","Information","Microsoft-Windows-DeviceManagement-Enterprise-Diagnostics-Provider","MDM Session: OMA-DM message sent."
"07-08-2026 09:22:57","208","Information","Microsoft-Windows-DeviceManagement-Enterprise-Diagnostics-Provider","MDM Session: OMA-DM session started for EnrollmentID (BE5150A3-9E69-42C0-A229-7ADD75D044D9) with server: (Microsoft Device Management), Server version: (5.1), Client Version: (1.2), PushRouterOrigin: (0x3), UserAgentOrigin: (0x2), Initiator: (0x0), Mode: (0x2), SessionID: (0x165), Authentication Type: (0x1)."
"07-08-2026 09:22:57","206","Information","Microsoft-Windows-DeviceManagement-Enterprise-Diagnostics-Provider","MDM Session: OMA-DM session Init: UserSID(S-1-12-1-2357405129-1281513531-255772574-1816207334), EnrolledUser(1), UserToken(1), DeviceToken(0), EnrollmentType(26), SyncType(3)."
"07-08-2026 09:22:57","258","Information","Microsoft-Windows-DeviceManagement-Enterprise-Diagnostics-Provider","MDM Session: OMA-DM session Loaded: Initiation ID(Software\Microsoft\Provisioning\OMADM\Sessions\BE5150A3-9E69-42C0-A229-7ADD75D044D9\{07413AF0-8B09-486B-BC99-EE3783BC9211}), Status(The operation completed successfully.), Total Count(2), Orphaned Count(0), Loaded Count(1), Parent Initiation ID(NULL), Completed Count(0)."
"07-08-2026 09:22:57","257","Information","Microsoft-Windows-DeviceManagement-Enterprise-Diagnostics-Provider","MDM Session: OMA-DM session started: Session ID(357), Server ID(BE5150A3-9E69-42C0-A229-7ADD75D044D9), User SID(NULL), Initiation ID(Software\Microsoft\Provisioning\OMADM\Sessions\BE5150A3-9E69-42C0-A229-7ADD75D044D9\{07413AF0-8B09-486B-BC99-EE3783BC9211}), Origin(3)."
"07-08-2026 09:22:57","205","Information","Microsoft-Windows-DeviceManagement-Enterprise-Diagnostics-Provider","MDM Session: OMA-DM client started. CV: (WhvRb3UEMUywTehC.0.0.357)."
"07-08-2026 09:22:57","259","Information","Microsoft-Windows-DeviceManagement-Enterprise-Diagnostics-Provider","MDM Session: OMA-DM session Handled: Account ID(BE5150A3-9E69-42C0-A229-7ADD75D044D9), Initiation ID(Software\Microsoft\Provisioning\OMADM\Sessions\BE5150A3-9E69-42C0-A229-7ADD75D044D9\{07413AF0-8B09-486B-BC99-EE3783BC9211}), Session ID(0), Initiator(0), Origin(3)."
"07-08-2026 09:22:57","256","Information","Microsoft-Windows-DeviceManagement-Enterprise-Diagnostics-Provider","OmaDmLogOmaDmApiInitiateSession: Result: (The operation completed successfully.), Account Id: (BE5150A3-9E69-42C0-A229-7ADD75D044D9), Initiation Id: ({07413AF0-8B09-486B-BC99-EE3783BC9211}), Mode: (2), Origin: (3), AutoDelete: (true), Alert Count: (0), First Alert Name: (NULL), User Sid: (NULL), User Only: (false), All Active Users: (false), Process Name: (C:\Windows\system32\deviceenroller.exe), System Or Admin: (true)."
"07-08-2026 09:21:05","209","Information","Microsoft-Windows-DeviceManagement-Enterprise-Diagnostics-Provider","MDM Session: OMA-DM session ended with status: (The operation completed successfully.)."
"07-08-2026 09:21:05","202","Information","Microsoft-Windows-DeviceManagement-Enterprise-Diagnostics-Provider","MDM Session: OMA-DM server message received and parsed successfully."
"07-08-2026 09:21:05","200","Information","Microsoft-Windows-DeviceManagement-Enterprise-Diagnostics-Provider","MDM Session: OMA-DM message sent."
"07-08-2026 09:21:03","202","Information","Microsoft-Windows-DeviceManagement-Enterprise-Diagnostics-Provider","MDM Session: OMA-DM server message received and parsed successfully."
"07-08-2026 09:21:03","200","Information","Microsoft-Windows-DeviceManagement-Enterprise-Diagnostics-Provider","MDM Session: OMA-DM message sent."
"07-08-2026 09:21:00","202","Information","Microsoft-Windows-DeviceManagement-Enterprise-Diagnostics-Provider","MDM Session: OMA-DM server message received and parsed successfully."
"07-08-2026 09:21:00","200","Information","Microsoft-Windows-DeviceManagement-Enterprise-Diagnostics-Provider","MDM Session: OMA-DM message sent."
"07-08-2026 09:20:40","202","Information","Microsoft-Windows-DeviceManagement-Enterprise-Diagnostics-Provider","MDM Session: OMA-DM server message received and parsed successfully."
"07-08-2026 09:20:40","200","Information","Microsoft-Windows-DeviceManagement-Enterprise-Diagnostics-Provider","MDM Session: OMA-DM message sent."
"07-08-2026 09:20:32","202","Information","Microsoft-Windows-DeviceManagement-Enterprise-Diagnostics-Provider","MDM Session: OMA-DM server message received and parsed successfully."
"07-08-2026 09:20:32","200","Information","Microsoft-Windows-DeviceManagement-Enterprise-Diagnostics-Provider","MDM Session: OMA-DM message sent."
"07-08-2026 09:20:26","202","Information","Microsoft-Windows-DeviceManagement-Enterprise-Diagnostics-Provider","MDM Session: OMA-DM server message received and parsed successfully."
"07-08-2026 09:20:26","200","Information","Microsoft-Windows-DeviceManagement-Enterprise-Diagnostics-Provider","MDM Session: OMA-DM message sent."
"07-08-2026 09:20:06","202","Information","Microsoft-Windows-DeviceManagement-Enterprise-Diagnostics-Provider","MDM Session: OMA-DM server message received and parsed successfully."
"07-08-2026 09:20:06","200","Information","Microsoft-Windows-DeviceManagement-Enterprise-Diagnostics-Provider","MDM Session: OMA-DM message sent."
"07-08-2026 09:20:04","208","Information","Microsoft-Windows-DeviceManagement-Enterprise-Diagnostics-Provider","MDM Session: OMA-DM session started for EnrollmentID (386F60E8-6817-4304-B348-3E8545F3B70A) with server: (MS DM Server), Server version: (5.1), Client Version: (1.2), PushRouterOrigin: (0x20), UserAgentOrigin: (0x7), Initiator: (0x0), Mode: (0x2), SessionID: (0x132), Authentication Type: (0x1)."
"07-08-2026 09:20:04","206","Information","Microsoft-Windows-DeviceManagement-Enterprise-Diagnostics-Provider","MDM Session: OMA-DM session Init: UserSID(S-1-12-1-2357405129-1281513531-255772574-1816207334), EnrolledUser(1), UserToken(1), DeviceToken(1), EnrollmentType(6), SyncType(3)."
"07-08-2026 09:20:04","258","Information","Microsoft-Windows-DeviceManagement-Enterprise-Diagnostics-Provider","MDM Session: OMA-DM session Loaded: Initiation ID(Software\Microsoft\Provisioning\OMADM\Sessions\386F60E8-6817-4304-B348-3E8545F3B70A\{499F854D-433B-4FC3-9F76-BD0B895C0BC8}), Status(The operation completed successfully.), Total Count(1), Orphaned Count(0), Loaded Count(1), Parent Initiation ID(NULL), Completed Count(0)."
"07-08-2026 09:20:04","257","Information","Microsoft-Windows-DeviceManagement-Enterprise-Diagnostics-Provider","MDM Session: OMA-DM session started: Session ID(306), Server ID(386F60E8-6817-4304-B348-3E8545F3B70A), User SID(NULL), Initiation ID(Software\Microsoft\Provisioning\OMADM\Sessions\386F60E8-6817-4304-B348-3E8545F3B70A\{499F854D-433B-4FC3-9F76-BD0B895C0BC8}), Origin(32)."
"07-08-2026 09:20:04","205","Information","Microsoft-Windows-DeviceManagement-Enterprise-Diagnostics-Provider","MDM Session: OMA-DM client started. CV: (y1uoCnTqAABhyqgKdOrcAQ.0.0.304)."
"07-08-2026 09:20:04","259","Information","Microsoft-Windows-DeviceManagement-Enterprise-Diagnostics-Provider","MDM Session: OMA-DM session Handled: Account ID(386F60E8-6817-4304-B348-3E8545F3B70A), Initiation ID(Software\Microsoft\Provisioning\OMADM\Sessions\386F60E8-6817-4304-B348-3E8545F3B70A\{499F854D-433B-4FC3-9F76-BD0B895C0BC8}), Session ID(0), Initiator(0), Origin(32)."
"07-08-2026 09:20:03","209","Information","Microsoft-Windows-DeviceManagement-Enterprise-Diagnostics-Provider","MDM Session: OMA-DM session ended with status: (The operation completed successfully.)."
"07-08-2026 09:20:03","202","Information","Microsoft-Windows-DeviceManagement-Enterprise-Diagnostics-Provider","MDM Session: OMA-DM server message received and parsed successfully."
"07-08-2026 09:20:03","200","Information","Microsoft-Windows-DeviceManagement-Enterprise-Diagnostics-Provider","MDM Session: OMA-DM message sent."
"07-08-2026 09:20:00","202","Information","Microsoft-Windows-DeviceManagement-Enterprise-Diagnostics-Provider","MDM Session: OMA-DM server message received and parsed successfully."
"07-08-2026 09:20:00","200","Information","Microsoft-Windows-DeviceManagement-Enterprise-Diagnostics-Provider","MDM Session: OMA-DM message sent."
"07-08-2026 09:19:57","202","Information","Microsoft-Windows-DeviceManagement-Enterprise-Diagnostics-Provider","MDM Session: OMA-DM server message received and parsed successfully."
"07-08-2026 09:19:57","200","Information","Microsoft-Windows-DeviceManagement-Enterprise-Diagnostics-Provider","MDM Session: OMA-DM message sent."
"07-08-2026 09:19:34","256","Information","Microsoft-Windows-DeviceManagement-Enterprise-Diagnostics-Provider","OmaDmLogOmaDmApiInitiateSession: Result: (The operation completed successfully.), Account Id: (386F60E8-6817-4304-B348-3E8545F3B70A), Initiation Id: ({499F854D-433B-4FC3-9F76-BD0B895C0BC8}), Mode: (2), Origin: (32), AutoDelete: (false), Alert Count: (1), First Alert Name: (com.microsoft.mdm:HealthAttestation.Result), User Sid: (NULL), User Only: (false), All Active Users: (false), Process Name: (C:\Windows\system32\svchost.exe), System Or Admin: (true)."
"07-08-2026 09:19:31","202","Information","Microsoft-Windows-DeviceManagement-Enterprise-Diagnostics-Provider","MDM Session: OMA-DM server message received and parsed successfully."
"07-08-2026 09:19:31","200","Information","Microsoft-Windows-DeviceManagement-Enterprise-Diagnostics-Provider","MDM Session: OMA-DM message sent."
"07-08-2026 09:19:23","202","Information","Microsoft-Windows-DeviceManagement-Enterprise-Diagnostics-Provider","MDM Session: OMA-DM server message received and parsed successfully."
"07-08-2026 09:19:23","200","Information","Microsoft-Windows-DeviceManagement-Enterprise-Diagnostics-Provider","MDM Session: OMA-DM message sent."
"07-08-2026 09:19:19","202","Information","Microsoft-Windows-DeviceManagement-Enterprise-Diagnostics-Provider","MDM Session: OMA-DM server message received and parsed successfully."
"07-08-2026 09:19:19","200","Information","Microsoft-Windows-DeviceManagement-Enterprise-Diagnostics-Provider","MDM Session: OMA-DM message sent."
"07-08-2026 09:19:16","202","Information","Microsoft-Windows-DeviceManagement-Enterprise-Diagnostics-Provider","MDM Session: OMA-DM server message received and parsed successfully."
"07-08-2026 09:19:16","200","Information","Microsoft-Windows-DeviceManagement-Enterprise-Diagnostics-Provider","MDM Session: OMA-DM message sent."
"07-08-2026 09:19:08","202","Information","Microsoft-Windows-DeviceManagement-Enterprise-Diagnostics-Provider","MDM Session: OMA-DM server message received and parsed successfully."
"07-08-2026 09:19:08","200","Information","Microsoft-Windows-DeviceManagement-Enterprise-Diagnostics-Provider","MDM Session: OMA-DM message sent."
"07-08-2026 09:19:05","202","Information","Microsoft-Windows-DeviceManagement-Enterprise-Diagnostics-Provider","MDM Session: OMA-DM server message received and parsed successfully."
"07-08-2026 09:19:05","200","Information","Microsoft-Windows-DeviceManagement-Enterprise-Diagnostics-Provider","MDM Session: OMA-DM message sent."
"07-08-2026 09:18:37","202","Information","Microsoft-Windows-DeviceManagement-Enterprise-Diagnostics-Provider","MDM Session: OMA-DM server message received and parsed successfully."
"07-08-2026 09:18:37","200","Information","Microsoft-Windows-DeviceManagement-Enterprise-Diagnostics-Provider","MDM Session: OMA-DM message sent."
"07-08-2026 09:18:34","208","Information","Microsoft-Windows-DeviceManagement-Enterprise-Diagnostics-Provider","MDM Session: OMA-DM session started for EnrollmentID (386F60E8-6817-4304-B348-3E8545F3B70A) with server: (MS DM Server), Server version: (5.1), Client Version: (1.2), PushRouterOrigin: (0x3), UserAgentOrigin: (0x2), Initiator: (0x0), Mode: (0x2), SessionID: (0x131), Authentication Type: (0x1)."
"07-08-2026 09:18:34","206","Information","Microsoft-Windows-DeviceManagement-Enterprise-Diagnostics-Provider","MDM Session: OMA-DM session Init: UserSID(S-1-12-1-2357405129-1281513531-255772574-1816207334), EnrolledUser(1), UserToken(1), DeviceToken(1), EnrollmentType(6), SyncType(3)."
"07-08-2026 09:18:32","258","Information","Microsoft-Windows-DeviceManagement-Enterprise-Diagnostics-Provider","MDM Session: OMA-DM session Loaded: Initiation ID(Software\Microsoft\Provisioning\OMADM\Sessions\386F60E8-6817-4304-B348-3E8545F3B70A\{88D63296-44FB-42EE-97B6-F410F61362D6}), Status(The operation completed successfully.), Total Count(1), Orphaned Count(0), Loaded Count(1), Parent Initiation ID(NULL), Completed Count(0)."
"07-08-2026 09:18:32","257","Information","Microsoft-Windows-DeviceManagement-Enterprise-Diagnostics-Provider","MDM Session: OMA-DM session started: Session ID(305), Server ID(386F60E8-6817-4304-B348-3E8545F3B70A), User SID(NULL), Initiation ID(Software\Microsoft\Provisioning\OMADM\Sessions\386F60E8-6817-4304-B348-3E8545F3B70A\{88D63296-44FB-42EE-97B6-F410F61362D6}), Origin(3)."
"07-08-2026 09:18:32","205","Information","Microsoft-Windows-DeviceManagement-Enterprise-Diagnostics-Provider","MDM Session: OMA-DM client started. CV: (y1uoCnTqAABhyqgKdOrcAQ.0.0.303)."
"07-08-2026 09:18:32","259","Information","Microsoft-Windows-DeviceManagement-Enterprise-Diagnostics-Provider","MDM Session: OMA-DM session Handled: Account ID(386F60E8-6817-4304-B348-3E8545F3B70A), Initiation ID(Software\Microsoft\Provisioning\OMADM\Sessions\386F60E8-6817-4304-B348-3E8545F3B70A\{88D63296-44FB-42EE-97B6-F410F61362D6}), Session ID(0), Initiator(0), Origin(3)."
"07-08-2026 09:18:30","209","Information","Microsoft-Windows-DeviceManagement-Enterprise-Diagnostics-Provider","MDM Session: OMA-DM session ended with status: (The operation completed successfully.)."
"07-08-2026 09:18:30","202","Information","Microsoft-Windows-DeviceManagement-Enterprise-Diagnostics-Provider","MDM Session: OMA-DM server message received and parsed successfully."
"07-08-2026 09:18:30","200","Information","Microsoft-Windows-DeviceManagement-Enterprise-Diagnostics-Provider","MDM Session: OMA-DM message sent."
"07-08-2026 09:18:30","256","Information","Microsoft-Windows-DeviceManagement-Enterprise-Diagnostics-Provider","OmaDmLogOmaDmApiInitiateSession: Result: (The operation completed successfully.), Account Id: (386F60E8-6817-4304-B348-3E8545F3B70A), Initiation Id: ({88D63296-44FB-42EE-97B6-F410F61362D6}), Mode: (2), Origin: (3), AutoDelete: (true), Alert Count: (0), First Alert Name: (NULL), User Sid: (NULL), User Only: (false), All Active Users: (false), Process Name: (C:\Windows\system32\deviceenroller.exe), System Or Admin: (true)."
"07-08-2026 09:18:29","202","Information","Microsoft-Windows-DeviceManagement-Enterprise-Diagnostics-Provider","MDM Session: OMA-DM server message received and parsed successfully."
"07-08-2026 09:18:29","200","Information","Microsoft-Windows-DeviceManagement-Enterprise-Diagnostics-Provider","MDM Session: OMA-DM message sent."
"07-08-2026 09:18:27","208","Information","Microsoft-Windows-DeviceManagement-Enterprise-Diagnostics-Provider","MDM Session: OMA-DM session started for EnrollmentID (BE5150A3-9E69-42C0-A229-7ADD75D044D9) with server: (Microsoft Device Management), Server version: (5.1), Client Version: (1.2), PushRouterOrigin: (0x3), UserAgentOrigin: (0x2), Initiator: (0x0), Mode: (0x2), SessionID: (0x164), Authentication Type: (0x1)."
"07-08-2026 09:18:27","206","Information","Microsoft-Windows-DeviceManagement-Enterprise-Diagnostics-Provider","MDM Session: OMA-DM session Init: UserSID(S-1-12-1-2357405129-1281513531-255772574-1816207334), EnrolledUser(1), UserToken(1), DeviceToken(0), EnrollmentType(26), SyncType(3)."
"07-08-2026 09:18:23","258","Information","Microsoft-Windows-DeviceManagement-Enterprise-Diagnostics-Provider","MDM Session: OMA-DM session Loaded: Initiation ID(Software\Microsoft\Provisioning\OMADM\Sessions\BE5150A3-9E69-42C0-A229-7ADD75D044D9\{06BA0666-BBA3-4EE1-B2E1-08AC84BF8850}), Status(The operation completed successfully.), Total Count(2), Orphaned Count(0), Loaded Count(1), Parent Initiation ID(NULL), Completed Count(0)."
"07-08-2026 09:18:23","257","Information","Microsoft-Windows-DeviceManagement-Enterprise-Diagnostics-Provider","MDM Session: OMA-DM session started: Session ID(356), Server ID(BE5150A3-9E69-42C0-A229-7ADD75D044D9), User SID(NULL), Initiation ID(Software\Microsoft\Provisioning\OMADM\Sessions\BE5150A3-9E69-42C0-A229-7ADD75D044D9\{06BA0666-BBA3-4EE1-B2E1-08AC84BF8850}), Origin(3)."
"07-08-2026 09:18:23","205","Information","Microsoft-Windows-DeviceManagement-Enterprise-Diagnostics-Provider","MDM Session: OMA-DM client started. CV: (WhvRb3UEMUywTehC.0.0.356)."
"07-08-2026 09:18:23","259","Information","Microsoft-Windows-DeviceManagement-Enterprise-Diagnostics-Provider","MDM Session: OMA-DM session Handled: Account ID(BE5150A3-9E69-42C0-A229-7ADD75D044D9), Initiation ID(Software\Microsoft\Provisioning\OMADM\Sessions\BE5150A3-9E69-42C0-A229-7ADD75D044D9\{06BA0666-BBA3-4EE1-B2E1-08AC84BF8850}), Session ID(0), Initiator(0), Origin(3)."
"07-08-2026 09:18:23","256","Information","Microsoft-Windows-DeviceManagement-Enterprise-Diagnostics-Provider","OmaDmLogOmaDmApiInitiateSession: Result: (The operation completed successfully.), Account Id: (BE5150A3-9E69-42C0-A229-7ADD75D044D9), Initiation Id: ({06BA0666-BBA3-4EE1-B2E1-08AC84BF8850}), Mode: (2), Origin: (3), AutoDelete: (true), Alert Count: (0), First Alert Name: (NULL), User Sid: (NULL), User Only: (false), All Active Users: (false), Process Name: (C:\Windows\system32\deviceenroller.exe), System Or Admin: (true)."
"06-08-2026 15:26:15","209","Information","Microsoft-Windows-DeviceManagement-Enterprise-Diagnostics-Provider","MDM Session: OMA-DM session ended with status: (The operation completed successfully.)."
"06-08-2026 15:26:15","202","Information","Microsoft-Windows-DeviceManagement-Enterprise-Diagnostics-Provider","MDM Session: OMA-DM server message received and parsed successfully."
"06-08-2026 15:26:15","200","Information","Microsoft-Windows-DeviceManagement-Enterprise-Diagnostics-Provider","MDM Session: OMA-DM message sent."
"06-08-2026 15:26:14","202","Information","Microsoft-Windows-DeviceManagement-Enterprise-Diagnostics-Provider","MDM Session: OMA-DM server message received and parsed successfully."
"06-08-2026 15:26:14","200","Information","Microsoft-Windows-DeviceManagement-Enterprise-Diagnostics-Provider","MDM Session: OMA-DM message sent."
"06-08-2026 15:26:13","208","Information","Microsoft-Windows-DeviceManagement-Enterprise-Diagnostics-Provider","MDM Session: OMA-DM session started for EnrollmentID (BE5150A3-9E69-42C0-A229-7ADD75D044D9) with server: (Microsoft Device Management), Server version: (5.1), Client Version: (1.2), PushRouterOrigin: (0x3), UserAgentOrigin: (0x2), Initiator: (0x0), Mode: (0x2), SessionID: (0x163), Authentication Type: (0x1)."
"06-08-2026 15:26:13","206","Information","Microsoft-Windows-DeviceManagement-Enterprise-Diagnostics-Provider","MDM Session: OMA-DM session Init: UserSID(S-1-12-1-2357405129-1281513531-255772574-1816207334), EnrolledUser(1), UserToken(1), DeviceToken(0), EnrollmentType(26), SyncType(3)."
"06-08-2026 15:26:13","258","Information","Microsoft-Windows-DeviceManagement-Enterprise-Diagnostics-Provider","MDM Session: OMA-DM session Loaded: Initiation ID(Software\Microsoft\Provisioning\OMADM\Sessions\BE5150A3-9E69-42C0-A229-7ADD75D044D9\{B323A3F9-7BAF-4A83-B513-81F50BFD1FEE}), Status(The operation completed successfully.), Total Count(2), Orphaned Count(0), Loaded Count(1), Parent Initiation ID(NULL), Completed Count(0)."
"06-08-2026 15:26:13","257","Information","Microsoft-Windows-DeviceManagement-Enterprise-Diagnostics-Provider","MDM Session: OMA-DM session started: Session ID(355), Server ID(BE5150A3-9E69-42C0-A229-7ADD75D044D9), User SID(NULL), Initiation ID(Software\Microsoft\Provisioning\OMADM\Sessions\BE5150A3-9E69-42C0-A229-7ADD75D044D9\{B323A3F9-7BAF-4A83-B513-81F50BFD1FEE}), Origin(3)."
"06-08-2026 15:26:13","205","Information","Microsoft-Windows-DeviceManagement-Enterprise-Diagnostics-Provider","MDM Session: OMA-DM client started. CV: (WhvRb3UEMUywTehC.0.0.355)."
"06-08-2026 15:26:13","259","Information","Microsoft-Windows-DeviceManagement-Enterprise-Diagnostics-Provider","MDM Session: OMA-DM session Handled: Account ID(BE5150A3-9E69-42C0-A229-7ADD75D044D9), Initiation ID(Software\Microsoft\Provisioning\OMADM\Sessions\BE5150A3-9E69-42C0-A229-7ADD75D044D9\{B323A3F9-7BAF-4A83-B513-81F50BFD1FEE}), Session ID(0), Initiator(0), Origin(3)."
"06-08-2026 15:26:12","256","Information","Microsoft-Windows-DeviceManagement-Enterprise-Diagnostics-Provider","OmaDmLogOmaDmApiInitiateSession: Result: (The operation completed successfully.), Account Id: (BE5150A3-9E69-42C0-A229-7ADD75D044D9), Initiation Id: ({B323A3F9-7BAF-4A83-B513-81F50BFD1FEE}), Mode: (2), Origin: (3), AutoDelete: (true), Alert Count: (0), First Alert Name: (NULL), User Sid: (NULL), User Only: (false), All Active Users: (false), Process Name: (C:\Windows\system32\deviceenroller.exe), System Or Admin: (true)."
"06-08-2026 14:48:26","209","Information","Microsoft-Windows-DeviceManagement-Enterprise-Diagnostics-Provider","MDM Session: OMA-DM session ended with status: (The operation completed successfully.)."
"06-08-2026 14:48:26","202","Information","Microsoft-Windows-DeviceManagement-Enterprise-Diagnostics-Provider","MDM Session: OMA-DM server message received and parsed successfully."
"06-08-2026 14:48:26","200","Information","Microsoft-Windows-DeviceManagement-Enterprise-Diagnostics-Provider","MDM Session: OMA-DM message sent."
"06-08-2026 14:48:25","202","Information","Microsoft-Windows-DeviceManagement-Enterprise-Diagnostics-Provider","MDM Session: OMA-DM server message received and parsed successfully."
"06-08-2026 14:48:25","200","Information","Microsoft-Windows-DeviceManagement-Enterprise-Diagnostics-Provider","MDM Session: OMA-DM message sent."
"06-08-2026 14:48:22","208","Information","Microsoft-Windows-DeviceManagement-Enterprise-Diagnostics-Provider","MDM Session: OMA-DM session started for EnrollmentID (BE5150A3-9E69-42C0-A229-7ADD75D044D9) with server: (Microsoft Device Management), Server version: (5.1), Client Version: (1.2), PushRouterOrigin: (0x7), UserAgentOrigin: (0x3), Initiator: (0x0), Mode: (0x2), SessionID: (0x162), Authentication Type: (0x1)."
"06-08-2026 14:48:22","206","Information","Microsoft-Windows-DeviceManagement-Enterprise-Diagnostics-Provider","MDM Session: OMA-DM session Init: UserSID(S-1-12-1-2357405129-1281513531-255772574-1816207334), EnrolledUser(1), UserToken(1), DeviceToken(0), EnrollmentType(26), SyncType(3)."
"06-08-2026 14:48:20","258","Information","Microsoft-Windows-DeviceManagement-Enterprise-Diagnostics-Provider","MDM Session: OMA-DM session Loaded: Initiation ID(Software\Microsoft\Provisioning\OMADM\Sessions\BE5150A3-9E69-42C0-A229-7ADD75D044D9\{3CAF199B-7CF3-42EF-ACCE-4C9B115FB9C0}), Status(The operation completed successfully.), Total Count(2), Orphaned Count(0), Loaded Count(1), Parent Initiation ID(NULL), Completed Count(0)."
"06-08-2026 14:48:20","257","Information","Microsoft-Windows-DeviceManagement-Enterprise-Diagnostics-Provider","MDM Session: OMA-DM session started: Session ID(354), Server ID(BE5150A3-9E69-42C0-A229-7ADD75D044D9), User SID(NULL), Initiation ID(Software\Microsoft\Provisioning\OMADM\Sessions\BE5150A3-9E69-42C0-A229-7ADD75D044D9\{3CAF199B-7CF3-42EF-ACCE-4C9B115FB9C0}), Origin(7)."
"06-08-2026 14:48:20","205","Information","Microsoft-Windows-DeviceManagement-Enterprise-Diagnostics-Provider","MDM Session: OMA-DM client started. CV: (WhvRb3UEMUywTehC.0.0.354)."
"06-08-2026 14:48:20","259","Information","Microsoft-Windows-DeviceManagement-Enterprise-Diagnostics-Provider","MDM Session: OMA-DM session Handled: Account ID(BE5150A3-9E69-42C0-A229-7ADD75D044D9), Initiation ID(Software\Microsoft\Provisioning\OMADM\Sessions\BE5150A3-9E69-42C0-A229-7ADD75D044D9\{3CAF199B-7CF3-42EF-ACCE-4C9B115FB9C0}), Session ID(0), Initiator(0), Origin(7)."
"06-08-2026 14:48:20","256","Information","Microsoft-Windows-DeviceManagement-Enterprise-Diagnostics-Provider","OmaDmLogOmaDmApiInitiateSession: Result: (The operation completed successfully.), Account Id: (BE5150A3-9E69-42C0-A229-7ADD75D044D9), Initiation Id: ({3CAF199B-7CF3-42EF-ACCE-4C9B115FB9C0}), Mode: (2), Origin: (7), AutoDelete: (true), Alert Count: (1), First Alert Name: (com.microsoft:mdm.pushchannelpayload), User Sid: (NULL), User Only: (false), All Active Users: (false), Process Name: (C:\Windows\system32\deviceenroller.exe), System Or Admin: (true)."
"06-08-2026 14:48:20","4602","Information","Microsoft-Windows-DeviceManagement-Enterprise-Diagnostics-Provider","Getting push alert info for push initiated session succeeded. NotificationId: d19539df-c815-475d-b7d3-e0a864bd7490"
"06-08-2026 14:48:20","4600","Information","Microsoft-Windows-DeviceManagement-Enterprise-Diagnostics-Provider","Parsing notification payload succeeded. NotificationId: d19539df-c815-475d-b7d3-e0a864bd7490"
"06-08-2026 13:12:31","209","Information","Microsoft-Windows-DeviceManagement-Enterprise-Diagnostics-Provider","MDM Session: OMA-DM session ended with status: (The operation completed successfully.)."
"06-08-2026 13:12:31","202","Information","Microsoft-Windows-DeviceManagement-Enterprise-Diagnostics-Provider","MDM Session: OMA-DM server message received and parsed successfully."
"06-08-2026 13:12:31","200","Information","Microsoft-Windows-DeviceManagement-Enterprise-Diagnostics-Provider","MDM Session: OMA-DM message sent."
"06-08-2026 13:12:29","202","Information","Microsoft-Windows-DeviceManagement-Enterprise-Diagnostics-Provider","MDM Session: OMA-DM server message received and parsed successfully."
"06-08-2026 13:12:29","200","Information","Microsoft-Windows-DeviceManagement-Enterprise-Diagnostics-Provider","MDM Session: OMA-DM message sent."
"06-08-2026 13:12:24","202","Information","Microsoft-Windows-DeviceManagement-Enterprise-Diagnostics-Provider","MDM Session: OMA-DM server message received and parsed successfully."
"06-08-2026 13:12:24","200","Information","Microsoft-Windows-DeviceManagement-Enterprise-Diagnostics-Provider","MDM Session: OMA-DM message sent."
"06-08-2026 13:12:04","202","Information","Microsoft-Windows-DeviceManagement-Enterprise-Diagnostics-Provider","MDM Session: OMA-DM server message received and parsed successfully."
"06-08-2026 13:12:04","200","Information","Microsoft-Windows-DeviceManagement-Enterprise-Diagnostics-Provider","MDM Session: OMA-DM message sent."
"06-08-2026 13:11:57","202","Information","Microsoft-Windows-DeviceManagement-Enterprise-Diagnostics-Provider","MDM Session: OMA-DM server message received and parsed successfully."
"06-08-2026 13:11:57","200","Information","Microsoft-Windows-DeviceManagement-Enterprise-Diagnostics-Provider","MDM Session: OMA-DM message sent."
"06-08-2026 13:11:41","202","Information","Microsoft-Windows-DeviceManagement-Enterprise-Diagnostics-Provider","MDM Session: OMA-DM server message received and parsed successfully."
"06-08-2026 13:11:41","200","Information","Microsoft-Windows-DeviceManagement-Enterprise-Diagnostics-Provider","MDM Session: OMA-DM message sent."
"06-08-2026 13:11:18","202","Information","Microsoft-Windows-DeviceManagement-Enterprise-Diagnostics-Provider","MDM Session: OMA-DM server message received and parsed successfully."
"06-08-2026 13:11:18","200","Information","Microsoft-Windows-DeviceManagement-Enterprise-Diagnostics-Provider","MDM Session: OMA-DM message sent."
"06-08-2026 13:11:15","208","Information","Microsoft-Windows-DeviceManagement-Enterprise-Diagnostics-Provider","MDM Session: OMA-DM session started for EnrollmentID (386F60E8-6817-4304-B348-3E8545F3B70A) with server: (MS DM Server), Server version: (5.1), Client Version: (1.2), PushRouterOrigin: (0x3), UserAgentOrigin: (0x2), Initiator: (0x0), Mode: (0x2), SessionID: (0x130), Authentication Type: (0x1)."
"06-08-2026 13:11:15","206","Information","Microsoft-Windows-DeviceManagement-Enterprise-Diagnostics-Provider","MDM Session: OMA-DM session Init: UserSID(S-1-12-1-2357405129-1281513531-255772574-1816207334), EnrolledUser(1), UserToken(1), DeviceToken(1), EnrollmentType(6), SyncType(3)."
"06-08-2026 13:11:12","258","Information","Microsoft-Windows-DeviceManagement-Enterprise-Diagnostics-Provider","MDM Session: OMA-DM session Loaded: Initiation ID(Software\Microsoft\Provisioning\OMADM\Sessions\386F60E8-6817-4304-B348-3E8545F3B70A\{511D28D9-49CA-4B42-B4B8-C4AC43A45450}), Status(The operation completed successfully.), Total Count(2), Orphaned Count(0), Loaded Count(1), Parent Initiation ID(NULL), Completed Count(0)."
"06-08-2026 13:11:12","257","Information","Microsoft-Windows-DeviceManagement-Enterprise-Diagnostics-Provider","MDM Session: OMA-DM session started: Session ID(304), Server ID(386F60E8-6817-4304-B348-3E8545F3B70A), User SID(NULL), Initiation ID(Software\Microsoft\Provisioning\OMADM\Sessions\386F60E8-6817-4304-B348-3E8545F3B70A\{511D28D9-49CA-4B42-B4B8-C4AC43A45450}), Origin(3)."
"06-08-2026 13:11:12","205","Information","Microsoft-Windows-DeviceManagement-Enterprise-Diagnostics-Provider","MDM Session: OMA-DM client started. CV: (y1uoCnTqAABhyqgKdOrcAQ.0.0.302)."
"06-08-2026 13:11:12","259","Information","Microsoft-Windows-DeviceManagement-Enterprise-Diagnostics-Provider","MDM Session: OMA-DM session Handled: Account ID(386F60E8-6817-4304-B348-3E8545F3B70A), Initiation ID(Software\Microsoft\Provisioning\OMADM\Sessions\386F60E8-6817-4304-B348-3E8545F3B70A\{511D28D9-49CA-4B42-B4B8-C4AC43A45450}), Session ID(0), Initiator(0), Origin(3)."
"06-08-2026 13:11:12","256","Information","Microsoft-Windows-DeviceManagement-Enterprise-Diagnostics-Provider","OmaDmLogOmaDmApiInitiateSession: Result: (The operation completed successfully.), Account Id: (386F60E8-6817-4304-B348-3E8545F3B70A), Initiation Id: ({511D28D9-49CA-4B42-B4B8-C4AC43A45450}), Mode: (2), Origin: (3), AutoDelete: (true), Alert Count: (0), First Alert Name: (NULL), User Sid: (NULL), User Only: (false), All Active Users: (false), Process Name: (C:\Windows\system32\deviceenroller.exe), System Or Admin: (true)."
"06-08-2026 11:36:16","209","Information","Microsoft-Windows-DeviceManagement-Enterprise-Diagnostics-Provider","MDM Session: OMA-DM session ended with status: (The operation completed successfully.)."
"06-08-2026 11:36:16","202","Information","Microsoft-Windows-DeviceManagement-Enterprise-Diagnostics-Provider","MDM Session: OMA-DM server message received and parsed successfully."
"06-08-2026 11:36:16","200","Information","Microsoft-Windows-DeviceManagement-Enterprise-Diagnostics-Provider","MDM Session: OMA-DM message sent."
"06-08-2026 11:36:16","202","Information","Microsoft-Windows-DeviceManagement-Enterprise-Diagnostics-Provider","MDM Session: OMA-DM server message received and parsed successfully."
"06-08-2026 11:36:16","200","Information","Microsoft-Windows-DeviceManagement-Enterprise-Diagnostics-Provider","MDM Session: OMA-DM message sent."
"06-08-2026 11:36:14","208","Information","Microsoft-Windows-DeviceManagement-Enterprise-Diagnostics-Provider","MDM Session: OMA-DM session started for EnrollmentID (BE5150A3-9E69-42C0-A229-7ADD75D044D9) with server: (Microsoft Device Management), Server version: (5.1), Client Version: (1.2), PushRouterOrigin: (0x3), UserAgentOrigin: (0x2), Initiator: (0x0), Mode: (0x2), SessionID: (0x161), Authentication Type: (0x1)."
"06-08-2026 11:36:14","206","Information","Microsoft-Windows-DeviceManagement-Enterprise-Diagnostics-Provider","MDM Session: OMA-DM session Init: UserSID(S-1-12-1-2357405129-1281513531-255772574-1816207334), EnrolledUser(1), UserToken(1), DeviceToken(0), EnrollmentType(26), SyncType(3)."
"06-08-2026 11:36:12","258","Information","Microsoft-Windows-DeviceManagement-Enterprise-Diagnostics-Provider","MDM Session: OMA-DM session Loaded: Initiation ID(Software\Microsoft\Provisioning\OMADM\Sessions\BE5150A3-9E69-42C0-A229-7ADD75D044D9\{47FC945F-5644-4EED-A7AD-474D40872EBD}), Status(The operation completed successfully.), Total Count(2), Orphaned Count(0), Loaded Count(1), Parent Initiation ID(NULL), Completed Count(0)."
"06-08-2026 11:36:12","257","Information","Microsoft-Windows-DeviceManagement-Enterprise-Diagnostics-Provider","MDM Session: OMA-DM session started: Session ID(353), Server ID(BE5150A3-9E69-42C0-A229-7ADD75D044D9), User SID(NULL), Initiation ID(Software\Microsoft\Provisioning\OMADM\Sessions\BE5150A3-9E69-42C0-A229-7ADD75D044D9\{47FC945F-5644-4EED-A7AD-474D40872EBD}), Origin(3)."
"06-08-2026 11:36:12","205","Information","Microsoft-Windows-DeviceManagement-Enterprise-Diagnostics-Provider","MDM Session: OMA-DM client started. CV: (WhvRb3UEMUywTehC.0.0.353)."
"06-08-2026 11:36:12","259","Information","Microsoft-Windows-DeviceManagement-Enterprise-Diagnostics-Provider","MDM Session: OMA-DM session Handled: Account ID(BE5150A3-9E69-42C0-A229-7ADD75D044D9), Initiation ID(Software\Microsoft\Provisioning\OMADM\Sessions\BE5150A3-9E69-42C0-A229-7ADD75D044D9\{47FC945F-5644-4EED-A7AD-474D40872EBD}), Session ID(0), Initiator(0), Origin(3)."
"06-08-2026 11:36:12","256","Information","Microsoft-Windows-DeviceManagement-Enterprise-Diagnostics-Provider","OmaDmLogOmaDmApiInitiateSession: Result: (The operation completed successfully.), Account Id: (BE5150A3-9E69-42C0-A229-7ADD75D044D9), Initiation Id: ({47FC945F-5644-4EED-A7AD-474D40872EBD}), Mode: (2), Origin: (3), AutoDelete: (true), Alert Count: (0), First Alert Name: (NULL), User Sid: (NULL), User Only: (false), All Active Users: (false), Process Name: (C:\Windows\system32\deviceenroller.exe), System Or Admin: (true)."
"06-08-2026 09:01:09","209","Information","Microsoft-Windows-DeviceManagement-Enterprise-Diagnostics-Provider","MDM Session: OMA-DM session ended with status: (The operation completed successfully.)."
"06-08-2026 09:01:09","202","Information","Microsoft-Windows-DeviceManagement-Enterprise-Diagnostics-Provider","MDM Session: OMA-DM server message received and parsed successfully."
"06-08-2026 09:01:09","200","Information","Microsoft-Windows-DeviceManagement-Enterprise-Diagnostics-Provider","MDM Session: OMA-DM message sent."
"06-08-2026 09:01:08","202","Information","Microsoft-Windows-DeviceManagement-Enterprise-Diagnostics-Provider","MDM Session: OMA-DM server message received and parsed successfully."
"06-08-2026 09:01:08","200","Information","Microsoft-Windows-DeviceManagement-Enterprise-Diagnostics-Provider","MDM Session: OMA-DM message sent."
"06-08-2026 09:01:06","208","Information","Microsoft-Windows-DeviceManagement-Enterprise-Diagnostics-Provider","MDM Session: OMA-DM session started for EnrollmentID (BE5150A3-9E69-42C0-A229-7ADD75D044D9) with server: (Microsoft Device Management), Server version: (5.1), Client Version: (1.2), PushRouterOrigin: (0x3), UserAgentOrigin: (0x2), Initiator: (0x0), Mode: (0x2), SessionID: (0x160), Authentication Type: (0x1)."
"06-08-2026 09:01:06","206","Information","Microsoft-Windows-DeviceManagement-Enterprise-Diagnostics-Provider","MDM Session: OMA-DM session Init: UserSID(S-1-12-1-2357405129-1281513531-255772574-1816207334), EnrolledUser(1), UserToken(1), DeviceToken(0), EnrollmentType(26), SyncType(3)."
"06-08-2026 09:01:06","258","Information","Microsoft-Windows-DeviceManagement-Enterprise-Diagnostics-Provider","MDM Session: OMA-DM session Loaded: Initiation ID(Software\Microsoft\Provisioning\OMADM\Sessions\BE5150A3-9E69-42C0-A229-7ADD75D044D9\{0EC2807A-F037-41F7-A97F-5FEA56DB05B1}), Status(The operation completed successfully.), Total Count(2), Orphaned Count(0), Loaded Count(1), Parent Initiation ID(NULL), Completed Count(0)."
"06-08-2026 09:01:06","257","Information","Microsoft-Windows-DeviceManagement-Enterprise-Diagnostics-Provider","MDM Session: OMA-DM session started: Session ID(352), Server ID(BE5150A3-9E69-42C0-A229-7ADD75D044D9), User SID(NULL), Initiation ID(Software\Microsoft\Provisioning\OMADM\Sessions\BE5150A3-9E69-42C0-A229-7ADD75D044D9\{0EC2807A-F037-41F7-A97F-5FEA56DB05B1}), Origin(3)."
"06-08-2026 09:01:06","205","Information","Microsoft-Windows-DeviceManagement-Enterprise-Diagnostics-Provider","MDM Session: OMA-DM client started. CV: (WhvRb3UEMUywTehC.0.0.352)."
"06-08-2026 09:01:06","259","Information","Microsoft-Windows-DeviceManagement-Enterprise-Diagnostics-Provider","MDM Session: OMA-DM session Handled: Account ID(BE5150A3-9E69-42C0-A229-7ADD75D044D9), Initiation ID(Software\Microsoft\Provisioning\OMADM\Sessions\BE5150A3-9E69-42C0-A229-7ADD75D044D9\{0EC2807A-F037-41F7-A97F-5FEA56DB05B1}), Session ID(0), Initiator(0), Origin(3)."
"06-08-2026 09:01:06","256","Information","Microsoft-Windows-DeviceManagement-Enterprise-Diagnostics-Provider","OmaDmLogOmaDmApiInitiateSession: Result: (The operation completed successfully.), Account Id: (BE5150A3-9E69-42C0-A229-7ADD75D044D9), Initiation Id: ({0EC2807A-F037-41F7-A97F-5FEA56DB05B1}), Mode: (2), Origin: (3), AutoDelete: (true), Alert Count: (0), First Alert Name: (NULL), User Sid: (NULL), User Only: (false), All Active Users: (false), Process Name: (C:\Windows\system32\deviceenroller.exe), System Or Admin: (true)."
"06-08-2026 08:58:57","209","Information","Microsoft-Windows-DeviceManagement-Enterprise-Diagnostics-Provider","MDM Session: OMA-DM session ended with status: (The operation completed successfully.)."
"06-08-2026 08:58:57","202","Information","Microsoft-Windows-DeviceManagement-Enterprise-Diagnostics-Provider","MDM Session: OMA-DM server message received and parsed successfully."
"06-08-2026 08:58:57","200","Information","Microsoft-Windows-DeviceManagement-Enterprise-Diagnostics-Provider","MDM Session: OMA-DM message sent."
"06-08-2026 08:58:56","202","Information","Microsoft-Windows-DeviceManagement-Enterprise-Diagnostics-Provider","MDM Session: OMA-DM server message received and parsed successfully."
"06-08-2026 08:58:56","200","Information","Microsoft-Windows-DeviceManagement-Enterprise-Diagnostics-Provider","MDM Session: OMA-DM message sent."
"06-08-2026 08:58:52","202","Information","Microsoft-Windows-DeviceManagement-Enterprise-Diagnostics-Provider","MDM Session: OMA-DM server message received and parsed successfully."
"06-08-2026 08:58:52","200","Information","Microsoft-Windows-DeviceManagement-Enterprise-Diagnostics-Provider","MDM Session: OMA-DM message sent."
"06-08-2026 08:58:36","202","Information","Microsoft-Windows-DeviceManagement-Enterprise-Diagnostics-Provider","MDM Session: OMA-DM server message received and parsed successfully."
"06-08-2026 08:58:36","200","Information","Microsoft-Windows-DeviceManagement-Enterprise-Diagnostics-Provider","MDM Session: OMA-DM message sent."
"06-08-2026 08:58:27","202","Information","Microsoft-Windows-DeviceManagement-Enterprise-Diagnostics-Provider","MDM Session: OMA-DM server message received and parsed successfully."
"06-08-2026 08:58:27","200","Information","Microsoft-Windows-DeviceManagement-Enterprise-Diagnostics-Provider","MDM Session: OMA-DM message sent."
"06-08-2026 08:58:20","202","Information","Microsoft-Windows-DeviceManagement-Enterprise-Diagnostics-Provider","MDM Session: OMA-DM server message received and parsed successfully."
"06-08-2026 08:58:20","200","Information","Microsoft-Windows-DeviceManagement-Enterprise-Diagnostics-Provider","MDM Session: OMA-DM message sent."
"06-08-2026 08:58:05","256","Information","Microsoft-Windows-DeviceManagement-Enterprise-Diagnostics-Provider","OmaDmLogOmaDmApiInitiateSession: Result: (Unknown Win32 Error code: 0x82ac0204), Account Id: (386F60E8-6817-4304-B348-3E8545F3B70A), Initiation Id: ({1CE141A1-A54A-44CD-BF89-9B65695139CC}), Mode: (2), Origin: (13), AutoDelete: (false), Alert Count: (1), First Alert Name: (Reversed-Domain-Name:com.microsoft.mdm.win32csp_install), User Sid: (NULL), User Only: (false), All Active Users: (false), Process Name: (C:\Windows\system32\MDMAppInstaller.exe), System Or Admin: (true)."
"06-08-2026 08:58:01","202","Information","Microsoft-Windows-DeviceManagement-Enterprise-Diagnostics-Provider","MDM Session: OMA-DM server message received and parsed successfully."
