"17-06-2026 11:19:18","12289","Information","Microsoft-Windows-Crypto-DPAPI","DPAPI found credential key.

 	Credential Key Identifier:	0xA72919B2574C12D1E74078B64D62E14D0586E3130B54594F7F724BB0CD0F668A
 	User Name:	joe.prakash@nielseniq.com
 	User Sid:	S-1-12-1-2357405129-1281513531-255772574-1816207334
"
"17-06-2026 11:14:41","12290","Information","Microsoft-Windows-Crypto-DPAPI","Credential key does not exist."
"17-06-2026 11:14:40","12290","Information","Microsoft-Windows-Crypto-DPAPI","Credential key does not exist."
"17-06-2026 11:14:38","12289","Information","Microsoft-Windows-Crypto-DPAPI","DPAPI found credential key.

 	Credential Key Identifier:	0xA72919B2574C12D1E74078B64D62E14D0586E3130B54594F7F724BB0CD0F668A
 	User Name:	joe.prakash@nielseniq.com
 	User Sid:	S-1-12-1-2357405129-1281513531-255772574-1816207334
"
"17-06-2026 11:14:30","12289","Information","Microsoft-Windows-Crypto-DPAPI","DPAPI found credential key.

 	Credential Key Identifier:	0xA72919B2574C12D1E74078B64D62E14D0586E3130B54594F7F724BB0CD0F668A
 	User Name:	joe.prakash@nielseniq.com
 	User Sid:	S-1-12-1-2357405129-1281513531-255772574-1816207334
"
"17-06-2026 10:48:12","12290","Information","Microsoft-Windows-Crypto-DPAPI","Credential key does not exist."
"17-06-2026 10:48:11","12290","Information","Microsoft-Windows-Crypto-DPAPI","Credential key does not exist."
"17-06-2026 10:48:09","12289","Information","Microsoft-Windows-Crypto-DPAPI","DPAPI found credential key.

 	Credential Key Identifier:	0xA72919B2574C12D1E74078B64D62E14D0586E3130B54594F7F724BB0CD0F668A
 	User Name:	joe.prakash@nielseniq.com
 	User Sid:	S-1-12-1-2357405129-1281513531-255772574-1816207334
"
"17-06-2026 10:48:04","12289","Information","Microsoft-Windows-Crypto-DPAPI","DPAPI found credential key.

 	Credential Key Identifier:	0xA72919B2574C12D1E74078B64D62E14D0586E3130B54594F7F724BB0CD0F668A
 	User Name:	joe.prakash@nielseniq.com
 	User Sid:	S-1-12-1-2357405129-1281513531-255772574-1816207334
"
"17-06-2026 10:32:14","12290","Information","Microsoft-Windows-Crypto-DPAPI","Credential key does not exist."
"17-06-2026 10:32:13","12290","Information","Microsoft-Windows-Crypto-DPAPI","Credential key does not exist."
"17-06-2026 10:32:12","12289","Information","Microsoft-Windows-Crypto-DPAPI","DPAPI found credential key.

 	Credential Key Identifier:	0xA72919B2574C12D1E74078B64D62E14D0586E3130B54594F7F724BB0CD0F668A
 	User Name:	joe.prakash@nielseniq.com
 	User Sid:	S-1-12-1-2357405129-1281513531-255772574-1816207334
"
"17-06-2026 10:32:06","12289","Information","Microsoft-Windows-Crypto-DPAPI","DPAPI found credential key.

 	Credential Key Identifier:	0xA72919B2574C12D1E74078B64D62E14D0586E3130B54594F7F724BB0CD0F668A
 	User Name:	joe.prakash@nielseniq.com
 	User Sid:	S-1-12-1-2357405129-1281513531-255772574-1816207334
"
"17-06-2026 10:26:42","12290","Information","Microsoft-Windows-Crypto-DPAPI","Credential key does not exist."
"17-06-2026 10:26:41","12290","Information","Microsoft-Windows-Crypto-DPAPI","Credential key does not exist."
"17-06-2026 10:26:39","12289","Information","Microsoft-Windows-Crypto-DPAPI","DPAPI found credential key.

 	Credential Key Identifier:	0xA72919B2574C12D1E74078B64D62E14D0586E3130B54594F7F724BB0CD0F668A
 	User Name:	joe.prakash@nielseniq.com
 	User Sid:	S-1-12-1-2357405129-1281513531-255772574-1816207334
"
"17-06-2026 10:26:34","12289","Information","Microsoft-Windows-Crypto-DPAPI","DPAPI found credential key.

 	Credential Key Identifier:	0xA72919B2574C12D1E74078B64D62E14D0586E3130B54594F7F724BB0CD0F668A
 	User Name:	joe.prakash@nielseniq.com
 	User Sid:	S-1-12-1-2357405129-1281513531-255772574-1816207334
"
"17-06-2026 09:34:48","12289","Information","Microsoft-Windows-Crypto-DPAPI","DPAPI found credential key.

 	Credential Key Identifier:	0xA72919B2574C12D1E74078B64D62E14D0586E3130B54594F7F724BB0CD0F668A
 	User Name:	joe.prakash@nielseniq.com
 	User Sid:	S-1-12-1-2357405129-1281513531-255772574-1816207334
"
"17-06-2026 09:34:48","12289","Information","Microsoft-Windows-Crypto-DPAPI","DPAPI found credential key.

 	Credential Key Identifier:	0xA72919B2574C12D1E74078B64D62E14D0586E3130B54594F7F724BB0CD0F668A
 	User Name:	joe.prakash@nielseniq.com
 	User Sid:	S-1-12-1-2357405129-1281513531-255772574-1816207334
"
"16-06-2026 18:25:29","12290","Information","Microsoft-Windows-Crypto-DPAPI","Credential key does not exist."
"16-06-2026 18:25:28","12290","Information","Microsoft-Windows-Crypto-DPAPI","Credential key does not exist."
"16-06-2026 18:25:26","12289","Information","Microsoft-Windows-Crypto-DPAPI","DPAPI found credential key.

 	Credential Key Identifier:	0xA72919B2574C12D1E74078B64D62E14D0586E3130B54594F7F724BB0CD0F668A
 	User Name:	joe.prakash@nielseniq.com
 	User Sid:	S-1-12-1-2357405129-1281513531-255772574-1816207334
"
"16-06-2026 18:25:21","12289","Information","Microsoft-Windows-Crypto-DPAPI","DPAPI found credential key.

 	Credential Key Identifier:	0xA72919B2574C12D1E74078B64D62E14D0586E3130B54594F7F724BB0CD0F668A
 	User Name:	joe.prakash@nielseniq.com
 	User Sid:	S-1-12-1-2357405129-1281513531-255772574-1816207334
"
"16-06-2026 17:24:47","12290","Information","Microsoft-Windows-Crypto-DPAPI","Credential key does not exist."
"16-06-2026 17:24:46","12290","Information","Microsoft-Windows-Crypto-DPAPI","Credential key does not exist."
"16-06-2026 17:24:44","12289","Information","Microsoft-Windows-Crypto-DPAPI","DPAPI found credential key.

 	Credential Key Identifier:	0xA72919B2574C12D1E74078B64D62E14D0586E3130B54594F7F724BB0CD0F668A
 	User Name:	joe.prakash@nielseniq.com
 	User Sid:	S-1-12-1-2357405129-1281513531-255772574-1816207334
"
"16-06-2026 17:24:40","12289","Information","Microsoft-Windows-Crypto-DPAPI","DPAPI found credential key.

 	Credential Key Identifier:	0xA72919B2574C12D1E74078B64D62E14D0586E3130B54594F7F724BB0CD0F668A
 	User Name:	joe.prakash@nielseniq.com
 	User Sid:	S-1-12-1-2357405129-1281513531-255772574-1816207334
"
"16-06-2026 16:29:48","12289","Information","Microsoft-Windows-Crypto-DPAPI","DPAPI found credential key.

 	Credential Key Identifier:	0xA72919B2574C12D1E74078B64D62E14D0586E3130B54594F7F724BB0CD0F668A
 	User Name:	arjo5004.t1@nielseniq.com
 	User Sid:	S-1-12-1-4220155720-1073834589-1054805678-3526012841
"
"16-06-2026 16:29:48","12289","Information","Microsoft-Windows-Crypto-DPAPI","DPAPI found credential key.

 	Credential Key Identifier:	0xA72919B2574C12D1E74078B64D62E14D0586E3130B54594F7F724BB0CD0F668A
 	User Name:	arjo5004.t1@nielseniq.com
 	User Sid:	S-1-12-1-4220155720-1073834589-1054805678-3526012841
"
"16-06-2026 16:29:48","4","Information","Microsoft-Windows-Crypto-DPAPI","Password Change triggered.

 	Status:	0x0
"
"16-06-2026 16:29:48","8200","Information","Microsoft-Windows-Crypto-DPAPI","Master key's record successfully logged to Diagnostic file.

 	GUID:	{010e937f-7217-4654-bc86-bf08dd49b260}
 	EncryptCredID:	{41da75ef-5dac-4c17-8c00-2e5b2530d649}
 	EncryptCredKey:	0xB0409877B2AB8B61E597B1F25A3345C7B82D228B
"
"16-06-2026 16:29:48","12289","Information","Microsoft-Windows-Crypto-DPAPI","DPAPI found credential key.

 	Credential Key Identifier:	0x80CE5E11C92E122AEFF809A784473717FD5D573EA1DA2C2141653656289FE181
 	User Name:	arjo5004.T1
 	User Sid:	S-1-12-1-4220155720-1073834589-1054805678-3526012841
"
"16-06-2026 16:29:48","12289","Information","Microsoft-Windows-Crypto-DPAPI","DPAPI found credential key.

 	Credential Key Identifier:	0x6EDF30B84569F0BAF12A8B29E4CF75C35A8E7CF3E6724D437EE0FD1E78759DA3
 	User Name:	arjo5004.T1
 	User Sid:	S-1-12-1-4220155720-1073834589-1054805678-3526012841
"
"16-06-2026 16:29:48","12289","Information","Microsoft-Windows-Crypto-DPAPI","DPAPI found credential key.

 	Credential Key Identifier:	0xA72919B2574C12D1E74078B64D62E14D0586E3130B54594F7F724BB0CD0F668A
 	User Name:	arjo5004.t1@nielseniq.com
 	User Sid:	S-1-12-1-4220155720-1073834589-1054805678-3526012841
"
"16-06-2026 16:24:45","12290","Information","Microsoft-Windows-Crypto-DPAPI","Credential key does not exist."
"16-06-2026 16:24:44","12290","Information","Microsoft-Windows-Crypto-DPAPI","Credential key does not exist."
"16-06-2026 16:24:42","12289","Information","Microsoft-Windows-Crypto-DPAPI","DPAPI found credential key.

 	Credential Key Identifier:	0xA72919B2574C12D1E74078B64D62E14D0586E3130B54594F7F724BB0CD0F668A
 	User Name:	joe.prakash@nielseniq.com
 	User Sid:	S-1-12-1-2357405129-1281513531-255772574-1816207334
"
"16-06-2026 16:24:37","12289","Information","Microsoft-Windows-Crypto-DPAPI","DPAPI found credential key.

 	Credential Key Identifier:	0xA72919B2574C12D1E74078B64D62E14D0586E3130B54594F7F724BB0CD0F668A
 	User Name:	joe.prakash@nielseniq.com
 	User Sid:	S-1-12-1-2357405129-1281513531-255772574-1816207334
"
"16-06-2026 14:53:33","12290","Information","Microsoft-Windows-Crypto-DPAPI","Credential key does not exist."
"16-06-2026 14:53:32","12290","Information","Microsoft-Windows-Crypto-DPAPI","Credential key does not exist."
"16-06-2026 14:53:31","12289","Information","Microsoft-Windows-Crypto-DPAPI","DPAPI found credential key.

 	Credential Key Identifier:	0xA72919B2574C12D1E74078B64D62E14D0586E3130B54594F7F724BB0CD0F668A
 	User Name:	joe.prakash@nielseniq.com
 	User Sid:	S-1-12-1-2357405129-1281513531-255772574-1816207334
"
"16-06-2026 14:53:25","12289","Information","Microsoft-Windows-Crypto-DPAPI","DPAPI found credential key.

 	Credential Key Identifier:	0xA72919B2574C12D1E74078B64D62E14D0586E3130B54594F7F724BB0CD0F668A
 	User Name:	joe.prakash@nielseniq.com
 	User Sid:	S-1-12-1-2357405129-1281513531-255772574-1816207334
"
"16-06-2026 14:05:42","12290","Information","Microsoft-Windows-Crypto-DPAPI","Credential key does not exist."
"16-06-2026 14:05:40","12290","Information","Microsoft-Windows-Crypto-DPAPI","Credential key does not exist."
"16-06-2026 14:05:39","12289","Information","Microsoft-Windows-Crypto-DPAPI","DPAPI found credential key.

 	Credential Key Identifier:	0xA72919B2574C12D1E74078B64D62E14D0586E3130B54594F7F724BB0CD0F668A
 	User Name:	joe.prakash@nielseniq.com
 	User Sid:	S-1-12-1-2357405129-1281513531-255772574-1816207334
"
"16-06-2026 14:05:33","12289","Information","Microsoft-Windows-Crypto-DPAPI","DPAPI found credential key.

 	Credential Key Identifier:	0xA72919B2574C12D1E74078B64D62E14D0586E3130B54594F7F724BB0CD0F668A
 	User Name:	joe.prakash@nielseniq.com
 	User Sid:	S-1-12-1-2357405129-1281513531-255772574-1816207334
"
"16-06-2026 12:05:04","12290","Information","Microsoft-Windows-Crypto-DPAPI","Credential key does not exist."
"16-06-2026 12:05:03","12290","Information","Microsoft-Windows-Crypto-DPAPI","Credential key does not exist."
"16-06-2026 12:05:01","12289","Information","Microsoft-Windows-Crypto-DPAPI","DPAPI found credential key.

 	Credential Key Identifier:	0xA72919B2574C12D1E74078B64D62E14D0586E3130B54594F7F724BB0CD0F668A
 	User Name:	joe.prakash@nielseniq.com
 	User Sid:	S-1-12-1-2357405129-1281513531-255772574-1816207334
"
"16-06-2026 12:04:57","12289","Information","Microsoft-Windows-Crypto-DPAPI","DPAPI found credential key.

 	Credential Key Identifier:	0xA72919B2574C12D1E74078B64D62E14D0586E3130B54594F7F724BB0CD0F668A
 	User Name:	joe.prakash@nielseniq.com
 	User Sid:	S-1-12-1-2357405129-1281513531-255772574-1816207334
"
"16-06-2026 11:48:37","12290","Information","Microsoft-Windows-Crypto-DPAPI","Credential key does not exist."
"16-06-2026 11:48:36","12290","Information","Microsoft-Windows-Crypto-DPAPI","Credential key does not exist."
"16-06-2026 11:48:34","12289","Information","Microsoft-Windows-Crypto-DPAPI","DPAPI found credential key.

 	Credential Key Identifier:	0xA72919B2574C12D1E74078B64D62E14D0586E3130B54594F7F724BB0CD0F668A
 	User Name:	joe.prakash@nielseniq.com
 	User Sid:	S-1-12-1-2357405129-1281513531-255772574-1816207334
"
"16-06-2026 11:48:29","12289","Information","Microsoft-Windows-Crypto-DPAPI","DPAPI found credential key.

 	Credential Key Identifier:	0xA72919B2574C12D1E74078B64D62E14D0586E3130B54594F7F724BB0CD0F668A
 	User Name:	joe.prakash@nielseniq.com
 	User Sid:	S-1-12-1-2357405129-1281513531-255772574-1816207334
"
"16-06-2026 11:40:39","12290","Information","Microsoft-Windows-Crypto-DPAPI","Credential key does not exist."
"16-06-2026 11:40:38","12290","Information","Microsoft-Windows-Crypto-DPAPI","Credential key does not exist."
"16-06-2026 11:40:36","12289","Information","Microsoft-Windows-Crypto-DPAPI","DPAPI found credential key.

 	Credential Key Identifier:	0xA72919B2574C12D1E74078B64D62E14D0586E3130B54594F7F724BB0CD0F668A
 	User Name:	joe.prakash@nielseniq.com
 	User Sid:	S-1-12-1-2357405129-1281513531-255772574-1816207334
"
"16-06-2026 11:40:31","12289","Information","Microsoft-Windows-Crypto-DPAPI","DPAPI found credential key.

 	Credential Key Identifier:	0xA72919B2574C12D1E74078B64D62E14D0586E3130B54594F7F724BB0CD0F668A
 	User Name:	joe.prakash@nielseniq.com
 	User Sid:	S-1-12-1-2357405129-1281513531-255772574-1816207334
"
"16-06-2026 11:12:42","12290","Information","Microsoft-Windows-Crypto-DPAPI","Credential key does not exist."
"16-06-2026 11:12:41","12290","Information","Microsoft-Windows-Crypto-DPAPI","Credential key does not exist."
"16-06-2026 11:12:39","12289","Information","Microsoft-Windows-Crypto-DPAPI","DPAPI found credential key.

 	Credential Key Identifier:	0xA72919B2574C12D1E74078B64D62E14D0586E3130B54594F7F724BB0CD0F668A
 	User Name:	joe.prakash@nielseniq.com
 	User Sid:	S-1-12-1-2357405129-1281513531-255772574-1816207334
"
"16-06-2026 11:12:34","12289","Information","Microsoft-Windows-Crypto-DPAPI","DPAPI found credential key.

 	Credential Key Identifier:	0xA72919B2574C12D1E74078B64D62E14D0586E3130B54594F7F724BB0CD0F668A
 	User Name:	joe.prakash@nielseniq.com
 	User Sid:	S-1-12-1-2357405129-1281513531-255772574-1816207334
"
"16-06-2026 11:12:06","12290","Information","Microsoft-Windows-Crypto-DPAPI","Credential key does not exist."
"16-06-2026 11:12:05","12290","Information","Microsoft-Windows-Crypto-DPAPI","Credential key does not exist."
"16-06-2026 11:12:03","12289","Information","Microsoft-Windows-Crypto-DPAPI","DPAPI found credential key.

 	Credential Key Identifier:	0xA72919B2574C12D1E74078B64D62E14D0586E3130B54594F7F724BB0CD0F668A
 	User Name:	joe.prakash@nielseniq.com
 	User Sid:	S-1-12-1-2357405129-1281513531-255772574-1816207334
"
"16-06-2026 11:11:57","12289","Information","Microsoft-Windows-Crypto-DPAPI","DPAPI found credential key.

 	Credential Key Identifier:	0xA72919B2574C12D1E74078B64D62E14D0586E3130B54594F7F724BB0CD0F668A
 	User Name:	joe.prakash@nielseniq.com
 	User Sid:	S-1-12-1-2357405129-1281513531-255772574-1816207334
"
"16-06-2026 09:59:52","12289","Information","Microsoft-Windows-Crypto-DPAPI","DPAPI found credential key.

 	Credential Key Identifier:	0x83F35A32F67B9EA24203ECCA9B2B636AB536C8F06EB0EC7CC6508A10E57D9EAD
 	User Name:	arjo5004
 	User Sid:	S-1-12-1-2357405129-1281513531-255772574-1816207334
"
"16-06-2026 09:59:52","12289","Information","Microsoft-Windows-Crypto-DPAPI","DPAPI found credential key.

 	Credential Key Identifier:	0x4092A7A360EA18ACC426E4A665FB8363B1645433255224DC0319D43C5D6B235F
 	User Name:	arjo5004
 	User Sid:	S-1-12-1-2357405129-1281513531-255772574-1816207334
"
"16-06-2026 09:59:52","12289","Information","Microsoft-Windows-Crypto-DPAPI","DPAPI found credential key.

 	Credential Key Identifier:	0xA72919B2574C12D1E74078B64D62E14D0586E3130B54594F7F724BB0CD0F668A
 	User Name:	joe.prakash@nielseniq.com
 	User Sid:	S-1-12-1-2357405129-1281513531-255772574-1816207334
"
"16-06-2026 09:59:45","12289","Information","Microsoft-Windows-Crypto-DPAPI","DPAPI found credential key.

 	Credential Key Identifier:	0xAE53E4D0035A25EA3DC58705C8484A43F5A3FF3AA785E45A8E988FDC77BB8535
 	User Name:	arjo5004
 	User Sid:	S-1-12-1-2357405129-1281513531-255772574-1816207334
"
"16-06-2026 09:59:45","12289","Information","Microsoft-Windows-Crypto-DPAPI","DPAPI found credential key.

 	Credential Key Identifier:	0xA72919B2574C12D1E74078B64D62E14D0586E3130B54594F7F724BB0CD0F668A
 	User Name:	joe.prakash@nielseniq.com
 	User Sid:	S-1-12-1-2357405129-1281513531-255772574-1816207334
"
"16-06-2026 09:05:57","12290","Information","Microsoft-Windows-Crypto-DPAPI","Credential key does not exist."
"16-06-2026 09:05:56","12290","Information","Microsoft-Windows-Crypto-DPAPI","Credential key does not exist."
"16-06-2026 09:05:54","12289","Information","Microsoft-Windows-Crypto-DPAPI","DPAPI found credential key.

 	Credential Key Identifier:	0xA72919B2574C12D1E74078B64D62E14D0586E3130B54594F7F724BB0CD0F668A
 	User Name:	joe.prakash@nielseniq.com
 	User Sid:	S-1-12-1-2357405129-1281513531-255772574-1816207334
"
"16-06-2026 09:05:49","12289","Information","Microsoft-Windows-Crypto-DPAPI","DPAPI found credential key.

 	Credential Key Identifier:	0xA72919B2574C12D1E74078B64D62E14D0586E3130B54594F7F724BB0CD0F668A
 	User Name:	joe.prakash@nielseniq.com
 	User Sid:	S-1-12-1-2357405129-1281513531-255772574-1816207334
"
"15-06-2026 18:52:38","12290","Information","Microsoft-Windows-Crypto-DPAPI","Credential key does not exist."
"15-06-2026 18:52:38","12290","Information","Microsoft-Windows-Crypto-DPAPI","Credential key does not exist."
"15-06-2026 18:52:36","12289","Information","Microsoft-Windows-Crypto-DPAPI","DPAPI found credential key.

 	Credential Key Identifier:	0xA72919B2574C12D1E74078B64D62E14D0586E3130B54594F7F724BB0CD0F668A
 	User Name:	joe.prakash@nielseniq.com
 	User Sid:	S-1-12-1-2357405129-1281513531-255772574-1816207334
"
"15-06-2026 18:52:31","12289","Information","Microsoft-Windows-Crypto-DPAPI","DPAPI found credential key.

 	Credential Key Identifier:	0xA72919B2574C12D1E74078B64D62E14D0586E3130B54594F7F724BB0CD0F668A
 	User Name:	joe.prakash@nielseniq.com
 	User Sid:	S-1-12-1-2357405129-1281513531-255772574-1816207334
"
"15-06-2026 17:35:45","12290","Information","Microsoft-Windows-Crypto-DPAPI","Credential key does not exist."
"15-06-2026 17:35:44","12290","Information","Microsoft-Windows-Crypto-DPAPI","Credential key does not exist."
"15-06-2026 17:35:42","12289","Information","Microsoft-Windows-Crypto-DPAPI","DPAPI found credential key.

 	Credential Key Identifier:	0xA72919B2574C12D1E74078B64D62E14D0586E3130B54594F7F724BB0CD0F668A
 	User Name:	joe.prakash@nielseniq.com
 	User Sid:	S-1-12-1-2357405129-1281513531-255772574-1816207334
"
"15-06-2026 17:35:37","12289","Information","Microsoft-Windows-Crypto-DPAPI","DPAPI found credential key.

 	Credential Key Identifier:	0xA72919B2574C12D1E74078B64D62E14D0586E3130B54594F7F724BB0CD0F668A
 	User Name:	joe.prakash@nielseniq.com
 	User Sid:	S-1-12-1-2357405129-1281513531-255772574-1816207334
"
"15-06-2026 17:00:03","12290","Information","Microsoft-Windows-Crypto-DPAPI","Credential key does not exist."
"15-06-2026 17:00:02","12290","Information","Microsoft-Windows-Crypto-DPAPI","Credential key does not exist."
"15-06-2026 17:00:00","12289","Information","Microsoft-Windows-Crypto-DPAPI","DPAPI found credential key.

 	Credential Key Identifier:	0xA72919B2574C12D1E74078B64D62E14D0586E3130B54594F7F724BB0CD0F668A
 	User Name:	joe.prakash@nielseniq.com
 	User Sid:	S-1-12-1-2357405129-1281513531-255772574-1816207334
"
"15-06-2026 16:59:55","12289","Information","Microsoft-Windows-Crypto-DPAPI","DPAPI found credential key.

 	Credential Key Identifier:	0xA72919B2574C12D1E74078B64D62E14D0586E3130B54594F7F724BB0CD0F668A
 	User Name:	joe.prakash@nielseniq.com
 	User Sid:	S-1-12-1-2357405129-1281513531-255772574-1816207334
"
"15-06-2026 16:23:43","12290","Information","Microsoft-Windows-Crypto-DPAPI","Credential key does not exist."
"15-06-2026 16:23:42","12290","Information","Microsoft-Windows-Crypto-DPAPI","Credential key does not exist."
"15-06-2026 16:23:40","12289","Information","Microsoft-Windows-Crypto-DPAPI","DPAPI found credential key.

 	Credential Key Identifier:	0xA72919B2574C12D1E74078B64D62E14D0586E3130B54594F7F724BB0CD0F668A
 	User Name:	joe.prakash@nielseniq.com
 	User Sid:	S-1-12-1-2357405129-1281513531-255772574-1816207334
"
"15-06-2026 16:23:35","12289","Information","Microsoft-Windows-Crypto-DPAPI","DPAPI found credential key.

 	Credential Key Identifier:	0xA72919B2574C12D1E74078B64D62E14D0586E3130B54594F7F724BB0CD0F668A
 	User Name:	joe.prakash@nielseniq.com
 	User Sid:	S-1-12-1-2357405129-1281513531-255772574-1816207334
"
"15-06-2026 16:10:26","12290","Information","Microsoft-Windows-Crypto-DPAPI","Credential key does not exist."
"15-06-2026 16:10:25","12290","Information","Microsoft-Windows-Crypto-DPAPI","Credential key does not exist."
"15-06-2026 16:10:23","12289","Information","Microsoft-Windows-Crypto-DPAPI","DPAPI found credential key.

 	Credential Key Identifier:	0xA72919B2574C12D1E74078B64D62E14D0586E3130B54594F7F724BB0CD0F668A
 	User Name:	joe.prakash@nielseniq.com
 	User Sid:	S-1-12-1-2357405129-1281513531-255772574-1816207334
"
"15-06-2026 16:10:18","12289","Information","Microsoft-Windows-Crypto-DPAPI","DPAPI found credential key.

 	Credential Key Identifier:	0xA72919B2574C12D1E74078B64D62E14D0586E3130B54594F7F724BB0CD0F668A
 	User Name:	joe.prakash@nielseniq.com
 	User Sid:	S-1-12-1-2357405129-1281513531-255772574-1816207334
"
"15-06-2026 15:33:01","12290","Information","Microsoft-Windows-Crypto-DPAPI","Credential key does not exist."
"15-06-2026 15:33:00","12290","Information","Microsoft-Windows-Crypto-DPAPI","Credential key does not exist."
"15-06-2026 15:32:58","12289","Information","Microsoft-Windows-Crypto-DPAPI","DPAPI found credential key.

 	Credential Key Identifier:	0xA72919B2574C12D1E74078B64D62E14D0586E3130B54594F7F724BB0CD0F668A
 	User Name:	joe.prakash@nielseniq.com
 	User Sid:	S-1-12-1-2357405129-1281513531-255772574-1816207334
"
"15-06-2026 15:32:51","12289","Information","Microsoft-Windows-Crypto-DPAPI","DPAPI found credential key.

 	Credential Key Identifier:	0xA72919B2574C12D1E74078B64D62E14D0586E3130B54594F7F724BB0CD0F668A
 	User Name:	joe.prakash@nielseniq.com
 	User Sid:	S-1-12-1-2357405129-1281513531-255772574-1816207334
"
"15-06-2026 13:50:33","12290","Information","Microsoft-Windows-Crypto-DPAPI","Credential key does not exist."
"15-06-2026 13:50:32","12290","Information","Microsoft-Windows-Crypto-DPAPI","Credential key does not exist."
"15-06-2026 13:50:31","12289","Information","Microsoft-Windows-Crypto-DPAPI","DPAPI found credential key.

 	Credential Key Identifier:	0xA72919B2574C12D1E74078B64D62E14D0586E3130B54594F7F724BB0CD0F668A
 	User Name:	joe.prakash@nielseniq.com
 	User Sid:	S-1-12-1-2357405129-1281513531-255772574-1816207334
"
"15-06-2026 13:50:25","12289","Information","Microsoft-Windows-Crypto-DPAPI","DPAPI found credential key.

 	Credential Key Identifier:	0xA72919B2574C12D1E74078B64D62E14D0586E3130B54594F7F724BB0CD0F668A
 	User Name:	joe.prakash@nielseniq.com
 	User Sid:	S-1-12-1-2357405129-1281513531-255772574-1816207334
"
"15-06-2026 11:27:34","12290","Information","Microsoft-Windows-Crypto-DPAPI","Credential key does not exist."
"15-06-2026 11:27:33","12290","Information","Microsoft-Windows-Crypto-DPAPI","Credential key does not exist."
"15-06-2026 11:27:31","12289","Information","Microsoft-Windows-Crypto-DPAPI","DPAPI found credential key.

 	Credential Key Identifier:	0xA72919B2574C12D1E74078B64D62E14D0586E3130B54594F7F724BB0CD0F668A
 	User Name:	joe.prakash@nielseniq.com
 	User Sid:	S-1-12-1-2357405129-1281513531-255772574-1816207334
"
"15-06-2026 11:27:27","12289","Information","Microsoft-Windows-Crypto-DPAPI","DPAPI found credential key.

 	Credential Key Identifier:	0xA72919B2574C12D1E74078B64D62E14D0586E3130B54594F7F724BB0CD0F668A
 	User Name:	joe.prakash@nielseniq.com
 	User Sid:	S-1-12-1-2357405129-1281513531-255772574-1816207334
"
"15-06-2026 11:12:34","12290","Information","Microsoft-Windows-Crypto-DPAPI","Credential key does not exist."
"15-06-2026 11:12:33","12290","Information","Microsoft-Windows-Crypto-DPAPI","Credential key does not exist."
"15-06-2026 11:12:31","12289","Information","Microsoft-Windows-Crypto-DPAPI","DPAPI found credential key.

 	Credential Key Identifier:	0xA72919B2574C12D1E74078B64D62E14D0586E3130B54594F7F724BB0CD0F668A
 	User Name:	joe.prakash@nielseniq.com
 	User Sid:	S-1-12-1-2357405129-1281513531-255772574-1816207334
"
"15-06-2026 11:12:26","12289","Information","Microsoft-Windows-Crypto-DPAPI","DPAPI found credential key.

 	Credential Key Identifier:	0xA72919B2574C12D1E74078B64D62E14D0586E3130B54594F7F724BB0CD0F668A
 	User Name:	joe.prakash@nielseniq.com
 	User Sid:	S-1-12-1-2357405129-1281513531-255772574-1816207334
"
"15-06-2026 10:09:57","12290","Information","Microsoft-Windows-Crypto-DPAPI","Credential key does not exist."
"15-06-2026 10:09:56","12290","Information","Microsoft-Windows-Crypto-DPAPI","Credential key does not exist."
"15-06-2026 10:09:54","12289","Information","Microsoft-Windows-Crypto-DPAPI","DPAPI found credential key.

 	Credential Key Identifier:	0xA72919B2574C12D1E74078B64D62E14D0586E3130B54594F7F724BB0CD0F668A
 	User Name:	joe.prakash@nielseniq.com
 	User Sid:	S-1-12-1-2357405129-1281513531-255772574-1816207334
"
"15-06-2026 10:09:49","12289","Information","Microsoft-Windows-Crypto-DPAPI","DPAPI found credential key.

 	Credential Key Identifier:	0xA72919B2574C12D1E74078B64D62E14D0586E3130B54594F7F724BB0CD0F668A
 	User Name:	joe.prakash@nielseniq.com
 	User Sid:	S-1-12-1-2357405129-1281513531-255772574-1816207334
"
"15-06-2026 10:08:20","12290","Information","Microsoft-Windows-Crypto-DPAPI","Credential key does not exist."
"15-06-2026 10:08:19","12290","Information","Microsoft-Windows-Crypto-DPAPI","Credential key does not exist."
"15-06-2026 10:08:16","12289","Information","Microsoft-Windows-Crypto-DPAPI","DPAPI found credential key.

 	Credential Key Identifier:	0xA72919B2574C12D1E74078B64D62E14D0586E3130B54594F7F724BB0CD0F668A
 	User Name:	joe.prakash@nielseniq.com
 	User Sid:	S-1-12-1-2357405129-1281513531-255772574-1816207334
"
"15-06-2026 10:08:11","12289","Information","Microsoft-Windows-Crypto-DPAPI","DPAPI found credential key.

 	Credential Key Identifier:	0xA72919B2574C12D1E74078B64D62E14D0586E3130B54594F7F724BB0CD0F668A
 	User Name:	joe.prakash@nielseniq.com
 	User Sid:	S-1-12-1-2357405129-1281513531-255772574-1816207334
"
"15-06-2026 09:32:59","12289","Information","Microsoft-Windows-Crypto-DPAPI","DPAPI found credential key.

 	Credential Key Identifier:	0xA72919B2574C12D1E74078B64D62E14D0586E3130B54594F7F724BB0CD0F668A
 	User Name:	arjo5004.t1@nielseniq.com
 	User Sid:	S-1-12-1-4220155720-1073834589-1054805678-3526012841
"
"15-06-2026 09:32:59","12289","Information","Microsoft-Windows-Crypto-DPAPI","DPAPI found credential key.

 	Credential Key Identifier:	0xA72919B2574C12D1E74078B64D62E14D0586E3130B54594F7F724BB0CD0F668A
 	User Name:	arjo5004.t1@nielseniq.com
 	User Sid:	S-1-12-1-4220155720-1073834589-1054805678-3526012841
"
"15-06-2026 09:32:59","4","Information","Microsoft-Windows-Crypto-DPAPI","Password Change triggered.

 	Status:	0x0
"
"15-06-2026 09:32:59","8200","Information","Microsoft-Windows-Crypto-DPAPI","Master key's record successfully logged to Diagnostic file.

 	GUID:	{010e937f-7217-4654-bc86-bf08dd49b260}
 	EncryptCredID:	{6d386442-68cd-49f2-ba3d-5834af06cf1d}
 	EncryptCredKey:	0x0A826BEA71B8CD968BAEFACF1D38B39C0CFE90B1
"
"15-06-2026 09:32:59","12289","Information","Microsoft-Windows-Crypto-DPAPI","DPAPI found credential key.

 	Credential Key Identifier:	0x0C1E79A7435415CD7DCC0B6AAD517A39F9A19E45A0DD303750E502C2E8B5F397
 	User Name:	arjo5004.T1
 	User Sid:	S-1-12-1-4220155720-1073834589-1054805678-3526012841
"
"15-06-2026 09:32:59","12289","Information","Microsoft-Windows-Crypto-DPAPI","DPAPI found credential key.

 	Credential Key Identifier:	0x26DEC8C364B4076C97B38F01FCE964852CD755CABA3AF31621FAC65F7B3B4A3A
 	User Name:	arjo5004.T1
 	User Sid:	S-1-12-1-4220155720-1073834589-1054805678-3526012841
"
"15-06-2026 09:32:59","12289","Information","Microsoft-Windows-Crypto-DPAPI","DPAPI found credential key.

 	Credential Key Identifier:	0xA72919B2574C12D1E74078B64D62E14D0586E3130B54594F7F724BB0CD0F668A
 	User Name:	arjo5004.t1@nielseniq.com
 	User Sid:	S-1-12-1-4220155720-1073834589-1054805678-3526012841
"
"15-06-2026 08:53:36","12290","Information","Microsoft-Windows-Crypto-DPAPI","Credential key does not exist."
"15-06-2026 08:53:34","12290","Information","Microsoft-Windows-Crypto-DPAPI","Credential key does not exist."
"15-06-2026 08:53:32","12289","Information","Microsoft-Windows-Crypto-DPAPI","DPAPI found credential key.

 	Credential Key Identifier:	0xA72919B2574C12D1E74078B64D62E14D0586E3130B54594F7F724BB0CD0F668A
 	User Name:	joe.prakash@nielseniq.com
 	User Sid:	S-1-12-1-2357405129-1281513531-255772574-1816207334
"
"15-06-2026 08:53:06","12289","Information","Microsoft-Windows-Crypto-DPAPI","DPAPI found credential key.

 	Credential Key Identifier:	0xA72919B2574C12D1E74078B64D62E14D0586E3130B54594F7F724BB0CD0F668A
 	User Name:	joe.prakash@nielseniq.com
 	User Sid:	S-1-12-1-2357405129-1281513531-255772574-1816207334
"
"12-06-2026 16:50:45","12290","Information","Microsoft-Windows-Crypto-DPAPI","Credential key does not exist."
"12-06-2026 16:50:44","12290","Information","Microsoft-Windows-Crypto-DPAPI","Credential key does not exist."
"12-06-2026 16:50:42","12289","Information","Microsoft-Windows-Crypto-DPAPI","DPAPI found credential key.

 	Credential Key Identifier:	0xA72919B2574C12D1E74078B64D62E14D0586E3130B54594F7F724BB0CD0F668A
 	User Name:	joe.prakash@nielseniq.com
 	User Sid:	S-1-12-1-2357405129-1281513531-255772574-1816207334
"
"12-06-2026 16:50:37","12289","Information","Microsoft-Windows-Crypto-DPAPI","DPAPI found credential key.

 	Credential Key Identifier:	0xA72919B2574C12D1E74078B64D62E14D0586E3130B54594F7F724BB0CD0F668A
 	User Name:	joe.prakash@nielseniq.com
 	User Sid:	S-1-12-1-2357405129-1281513531-255772574-1816207334
"
"12-06-2026 16:25:00","12290","Information","Microsoft-Windows-Crypto-DPAPI","Credential key does not exist."
"12-06-2026 16:24:59","12290","Information","Microsoft-Windows-Crypto-DPAPI","Credential key does not exist."
"12-06-2026 16:24:58","12289","Information","Microsoft-Windows-Crypto-DPAPI","DPAPI found credential key.

 	Credential Key Identifier:	0xA72919B2574C12D1E74078B64D62E14D0586E3130B54594F7F724BB0CD0F668A
 	User Name:	joe.prakash@nielseniq.com
 	User Sid:	S-1-12-1-2357405129-1281513531-255772574-1816207334
"
"12-06-2026 16:24:53","12289","Information","Microsoft-Windows-Crypto-DPAPI","DPAPI found credential key.

 	Credential Key Identifier:	0xA72919B2574C12D1E74078B64D62E14D0586E3130B54594F7F724BB0CD0F668A
 	User Name:	joe.prakash@nielseniq.com
 	User Sid:	S-1-12-1-2357405129-1281513531-255772574-1816207334
"
"12-06-2026 15:32:31","12290","Information","Microsoft-Windows-Crypto-DPAPI","Credential key does not exist."
"12-06-2026 15:32:30","12290","Information","Microsoft-Windows-Crypto-DPAPI","Credential key does not exist."
"12-06-2026 15:32:28","12289","Information","Microsoft-Windows-Crypto-DPAPI","DPAPI found credential key.

 	Credential Key Identifier:	0xA72919B2574C12D1E74078B64D62E14D0586E3130B54594F7F724BB0CD0F668A
 	User Name:	joe.prakash@nielseniq.com
 	User Sid:	S-1-12-1-2357405129-1281513531-255772574-1816207334
"
"12-06-2026 15:32:23","12289","Information","Microsoft-Windows-Crypto-DPAPI","DPAPI found credential key.

 	Credential Key Identifier:	0xA72919B2574C12D1E74078B64D62E14D0586E3130B54594F7F724BB0CD0F668A
 	User Name:	joe.prakash@nielseniq.com
 	User Sid:	S-1-12-1-2357405129-1281513531-255772574-1816207334
"
"12-06-2026 15:07:33","12290","Information","Microsoft-Windows-Crypto-DPAPI","Credential key does not exist."
"12-06-2026 15:07:32","12290","Information","Microsoft-Windows-Crypto-DPAPI","Credential key does not exist."
"12-06-2026 15:07:31","12289","Information","Microsoft-Windows-Crypto-DPAPI","DPAPI found credential key.

 	Credential Key Identifier:	0xA72919B2574C12D1E74078B64D62E14D0586E3130B54594F7F724BB0CD0F668A
 	User Name:	joe.prakash@nielseniq.com
 	User Sid:	S-1-12-1-2357405129-1281513531-255772574-1816207334
"
"12-06-2026 15:07:26","12289","Information","Microsoft-Windows-Crypto-DPAPI","DPAPI found credential key.

 	Credential Key Identifier:	0xA72919B2574C12D1E74078B64D62E14D0586E3130B54594F7F724BB0CD0F668A
 	User Name:	joe.prakash@nielseniq.com
 	User Sid:	S-1-12-1-2357405129-1281513531-255772574-1816207334
"
"12-06-2026 14:12:05","12290","Information","Microsoft-Windows-Crypto-DPAPI","Credential key does not exist."
"12-06-2026 14:12:03","12290","Information","Microsoft-Windows-Crypto-DPAPI","Credential key does not exist."
"12-06-2026 14:11:54","12289","Information","Microsoft-Windows-Crypto-DPAPI","DPAPI found credential key.

 	Credential Key Identifier:	0xA72919B2574C12D1E74078B64D62E14D0586E3130B54594F7F724BB0CD0F668A
 	User Name:	joe.prakash@nielseniq.com
 	User Sid:	S-1-12-1-2357405129-1281513531-255772574-1816207334
"
"12-06-2026 14:11:43","12289","Information","Microsoft-Windows-Crypto-DPAPI","DPAPI found credential key.

 	Credential Key Identifier:	0xA72919B2574C12D1E74078B64D62E14D0586E3130B54594F7F724BB0CD0F668A
 	User Name:	joe.prakash@nielseniq.com
 	User Sid:	S-1-12-1-2357405129-1281513531-255772574-1816207334
"
"12-06-2026 11:34:17","12290","Information","Microsoft-Windows-Crypto-DPAPI","Credential key does not exist."
"12-06-2026 11:34:16","12290","Information","Microsoft-Windows-Crypto-DPAPI","Credential key does not exist."
"12-06-2026 11:34:15","12289","Information","Microsoft-Windows-Crypto-DPAPI","DPAPI found credential key.

 	Credential Key Identifier:	0xA72919B2574C12D1E74078B64D62E14D0586E3130B54594F7F724BB0CD0F668A
 	User Name:	joe.prakash@nielseniq.com
 	User Sid:	S-1-12-1-2357405129-1281513531-255772574-1816207334
"
"12-06-2026 11:34:10","12289","Information","Microsoft-Windows-Crypto-DPAPI","DPAPI found credential key.

 	Credential Key Identifier:	0xA72919B2574C12D1E74078B64D62E14D0586E3130B54594F7F724BB0CD0F668A
 	User Name:	joe.prakash@nielseniq.com
 	User Sid:	S-1-12-1-2357405129-1281513531-255772574-1816207334
"
"12-06-2026 09:55:05","12289","Information","Microsoft-Windows-Crypto-DPAPI","DPAPI found credential key.

 	Credential Key Identifier:	0xD32D08D65C0F5AAE8680740F8910B7EE673666C34764C4FEEC7DC7112C2BE3B8
 	User Name:	arjo5004
 	User Sid:	S-1-12-1-2357405129-1281513531-255772574-1816207334
"
"12-06-2026 09:55:05","12289","Information","Microsoft-Windows-Crypto-DPAPI","DPAPI found credential key.

 	Credential Key Identifier:	0x33D867E7A40DD0B9A204D5235B1FCC96B0FF3D3278853CD2A9B656554AFAEF4E
 	User Name:	arjo5004
 	User Sid:	S-1-12-1-2357405129-1281513531-255772574-1816207334
"
"12-06-2026 09:55:05","12289","Information","Microsoft-Windows-Crypto-DPAPI","DPAPI found credential key.

 	Credential Key Identifier:	0xA72919B2574C12D1E74078B64D62E14D0586E3130B54594F7F724BB0CD0F668A
 	User Name:	joe.prakash@nielseniq.com
 	User Sid:	S-1-12-1-2357405129-1281513531-255772574-1816207334
"
"12-06-2026 09:55:00","12289","Information","Microsoft-Windows-Crypto-DPAPI","DPAPI found credential key.

 	Credential Key Identifier:	0xEB4E9989508FFFFB5AEB6AEA75B127A65D70BC56B1EFBB2E40832729415612D2
 	User Name:	arjo5004
 	User Sid:	S-1-12-1-2357405129-1281513531-255772574-1816207334
"
"12-06-2026 09:55:00","12289","Information","Microsoft-Windows-Crypto-DPAPI","DPAPI found credential key.

 	Credential Key Identifier:	0xA72919B2574C12D1E74078B64D62E14D0586E3130B54594F7F724BB0CD0F668A
 	User Name:	joe.prakash@nielseniq.com
 	User Sid:	S-1-12-1-2357405129-1281513531-255772574-1816207334
"
"12-06-2026 09:19:57","12289","Information","Microsoft-Windows-Crypto-DPAPI","DPAPI found credential key.

 	Credential Key Identifier:	0xA72919B2574C12D1E74078B64D62E14D0586E3130B54594F7F724BB0CD0F668A
 	User Name:	joe.prakash@nielseniq.com
 	User Sid:	S-1-12-1-2357405129-1281513531-255772574-1816207334
"
"12-06-2026 09:19:56","12289","Information","Microsoft-Windows-Crypto-DPAPI","DPAPI found credential key.

 	Credential Key Identifier:	0xA72919B2574C12D1E74078B64D62E14D0586E3130B54594F7F724BB0CD0F668A
 	User Name:	joe.prakash@nielseniq.com
 	User Sid:	S-1-12-1-2357405129-1281513531-255772574-1816207334
"
"11-06-2026 18:16:18","12290","Information","Microsoft-Windows-Crypto-DPAPI","Credential key does not exist."
"11-06-2026 18:16:17","12290","Information","Microsoft-Windows-Crypto-DPAPI","Credential key does not exist."
"11-06-2026 18:16:15","12289","Information","Microsoft-Windows-Crypto-DPAPI","DPAPI found credential key.

 	Credential Key Identifier:	0xA72919B2574C12D1E74078B64D62E14D0586E3130B54594F7F724BB0CD0F668A
 	User Name:	joe.prakash@nielseniq.com
 	User Sid:	S-1-12-1-2357405129-1281513531-255772574-1816207334
"
