"TimeCreated","Id","LevelDisplayName","ProviderName","Message"
"19-08-2026 14:34:51","26","Information","Microsoft-Windows-WindowsUpdateClient","Windows Update successfully found 5 updates."
"19-08-2026 14:34:39","26","Information","Microsoft-Windows-WindowsUpdateClient","Windows Update successfully found 0 updates."
"19-08-2026 14:06:17","41","Information","Microsoft-Windows-WindowsUpdateClient","An update was downloaded."
"19-08-2026 14:06:14","26","Information","Microsoft-Windows-WindowsUpdateClient","Windows Update successfully found 0 updates."
"19-08-2026 14:06:14","26","Information","Microsoft-Windows-WindowsUpdateClient","Windows Update successfully found 1 updates."
"19-08-2026 13:29:12","26","Information","Microsoft-Windows-WindowsUpdateClient","Windows Update successfully found 5 updates."
"19-08-2026 13:29:02","26","Information","Microsoft-Windows-WindowsUpdateClient","Windows Update successfully found 1 updates."
"19-08-2026 12:05:50","26","Information","Microsoft-Windows-WindowsUpdateClient","Windows Update successfully found 0 updates."
"19-08-2026 12:05:50","26","Information","Microsoft-Windows-WindowsUpdateClient","Windows Update successfully found 0 updates."
"19-08-2026 10:44:04","26","Information","Microsoft-Windows-WindowsUpdateClient","Windows Update successfully found 2 updates."
"19-08-2026 10:43:47","26","Information","Microsoft-Windows-WindowsUpdateClient","Windows Update successfully found 0 updates."
"19-08-2026 10:16:24","41","Information","Microsoft-Windows-WindowsUpdateClient","An update was downloaded."
"19-08-2026 10:15:18","41","Information","Microsoft-Windows-WindowsUpdateClient","An update was downloaded."
"19-08-2026 10:14:39","41","Information","Microsoft-Windows-WindowsUpdateClient","An update was downloaded."
"19-08-2026 10:14:32","41","Information","Microsoft-Windows-WindowsUpdateClient","An update was downloaded."
"19-08-2026 10:14:21","41","Information","Microsoft-Windows-WindowsUpdateClient","An update was downloaded."
"19-08-2026 10:14:06","26","Information","Microsoft-Windows-WindowsUpdateClient","Windows Update successfully found 0 updates."
"19-08-2026 10:13:55","41","Information","Microsoft-Windows-WindowsUpdateClient","An update was downloaded."
"19-08-2026 10:13:55","41","Information","Microsoft-Windows-WindowsUpdateClient","An update was downloaded."
"19-08-2026 10:12:57","26","Information","Microsoft-Windows-WindowsUpdateClient","Windows Update successfully found 0 updates."
"19-08-2026 10:12:46","26","Information","Microsoft-Windows-WindowsUpdateClient","Windows Update successfully found 5 updates."
"19-08-2026 10:12:38","26","Information","Microsoft-Windows-WindowsUpdateClient","Windows Update successfully found 43 updates."
"19-08-2026 10:12:28","26","Information","Microsoft-Windows-WindowsUpdateClient","Windows Update successfully found 2 updates."
"19-08-2026 10:12:18","26","Information","Microsoft-Windows-WindowsUpdateClient","Windows Update successfully found 5 updates."
"19-08-2026 10:06:48","41","Information","Microsoft-Windows-WindowsUpdateClient","An update was downloaded."
"19-08-2026 10:06:10","26","Information","Microsoft-Windows-WindowsUpdateClient","Windows Update successfully found 0 updates."
"19-08-2026 10:06:10","26","Information","Microsoft-Windows-WindowsUpdateClient","Windows Update successfully found 1 updates."
"19-08-2026 09:59:04","41","Information","Microsoft-Windows-WindowsUpdateClient","An update was downloaded."
"19-08-2026 09:58:33","41","Information","Microsoft-Windows-WindowsUpdateClient","An update was downloaded."
"19-08-2026 09:58:21","26","Information","Microsoft-Windows-WindowsUpdateClient","Windows Update successfully found 2 updates."
"18-08-2026 17:16:20","26","Information","Microsoft-Windows-WindowsUpdateClient","Windows Update successfully found 0 updates."
"18-08-2026 17:16:20","26","Information","Microsoft-Windows-WindowsUpdateClient","Windows Update successfully found 0 updates."
"18-08-2026 16:10:56","26","Information","Microsoft-Windows-WindowsUpdateClient","Windows Update successfully found 0 updates."
"18-08-2026 16:10:46","26","Information","Microsoft-Windows-WindowsUpdateClient","Windows Update successfully found 0 updates."
"18-08-2026 15:16:26","26","Information","Microsoft-Windows-WindowsUpdateClient","Windows Update successfully found 0 updates."
"18-08-2026 15:16:26","26","Information","Microsoft-Windows-WindowsUpdateClient","Windows Update successfully found 0 updates."
"18-08-2026 14:56:22","26","Information","Microsoft-Windows-WindowsUpdateClient","Windows Update successfully found 0 updates."
"18-08-2026 14:56:22","26","Information","Microsoft-Windows-WindowsUpdateClient","Windows Update successfully found 0 updates."
"18-08-2026 14:41:19","26","Information","Microsoft-Windows-WindowsUpdateClient","Windows Update successfully found 0 updates."
"18-08-2026 14:41:19","26","Information","Microsoft-Windows-WindowsUpdateClient","Windows Update successfully found 0 updates."
"18-08-2026 14:04:09","41","Information","Microsoft-Windows-WindowsUpdateClient","An update was downloaded."
"18-08-2026 14:04:05","26","Information","Microsoft-Windows-WindowsUpdateClient","Windows Update successfully found 0 updates."
"18-08-2026 14:04:05","26","Information","Microsoft-Windows-WindowsUpdateClient","Windows Update successfully found 1 updates."
"18-08-2026 12:53:07","26","Information","Microsoft-Windows-WindowsUpdateClient","Windows Update successfully found 0 updates."
"18-08-2026 12:52:57","26","Information","Microsoft-Windows-WindowsUpdateClient","Windows Update successfully found 1 updates."
"18-08-2026 12:39:31","26","Information","Microsoft-Windows-WindowsUpdateClient","Windows Update successfully found 0 updates."
"18-08-2026 12:39:31","26","Information","Microsoft-Windows-WindowsUpdateClient","Windows Update successfully found 0 updates."
"18-08-2026 10:40:54","41","Information","Microsoft-Windows-WindowsUpdateClient","An update was downloaded."
"18-08-2026 10:40:54","41","Information","Microsoft-Windows-WindowsUpdateClient","An update was downloaded."
"18-08-2026 10:40:28","26","Information","Microsoft-Windows-WindowsUpdateClient","Windows Update successfully found 2 updates."
"18-08-2026 10:39:31","26","Information","Microsoft-Windows-WindowsUpdateClient","Windows Update successfully found 0 updates."
"18-08-2026 10:39:31","26","Information","Microsoft-Windows-WindowsUpdateClient","Windows Update successfully found 0 updates."
"18-08-2026 10:27:58","26","Information","Microsoft-Windows-WindowsUpdateClient","Windows Update successfully found 0 updates."
"18-08-2026 10:26:47","26","Information","Microsoft-Windows-WindowsUpdateClient","Windows Update successfully found 0 updates."
"18-08-2026 10:26:47","26","Information","Microsoft-Windows-WindowsUpdateClient","Windows Update successfully found 0 updates."
"18-08-2026 09:59:40","41","Information","Microsoft-Windows-WindowsUpdateClient","An update was downloaded."
"18-08-2026 09:59:31","41","Information","Microsoft-Windows-WindowsUpdateClient","An update was downloaded."
"18-08-2026 09:59:09","41","Information","Microsoft-Windows-WindowsUpdateClient","An update was downloaded."
"18-08-2026 09:59:05","41","Information","Microsoft-Windows-WindowsUpdateClient","An update was downloaded."
"18-08-2026 09:59:00","41","Information","Microsoft-Windows-WindowsUpdateClient","An update was downloaded."
"18-08-2026 09:58:49","41","Information","Microsoft-Windows-WindowsUpdateClient","An update was downloaded."
"18-08-2026 09:58:06","26","Information","Microsoft-Windows-WindowsUpdateClient","Windows Update successfully found 3 updates."
"18-08-2026 09:57:09","26","Information","Microsoft-Windows-WindowsUpdateClient","Windows Update successfully found 3 updates."
"18-08-2026 09:57:02","41","Information","Microsoft-Windows-WindowsUpdateClient","An update was downloaded."
"18-08-2026 09:56:52","26","Information","Microsoft-Windows-WindowsUpdateClient","Windows Update successfully found 43 updates."
"18-08-2026 09:56:39","41","Information","Microsoft-Windows-WindowsUpdateClient","An update was downloaded."
"18-08-2026 09:56:33","26","Information","Microsoft-Windows-WindowsUpdateClient","Windows Update successfully found 9 updates."
"18-08-2026 09:56:27","26","Information","Microsoft-Windows-WindowsUpdateClient","Windows Update successfully found 17 updates."
"18-08-2026 09:56:18","26","Information","Microsoft-Windows-WindowsUpdateClient","Windows Update successfully found 2 updates."
"18-08-2026 09:46:04","26","Information","Microsoft-Windows-WindowsUpdateClient","Windows Update successfully found 0 updates."
"18-08-2026 09:45:48","26","Information","Microsoft-Windows-WindowsUpdateClient","Windows Update successfully found 2 updates."
"17-08-2026 19:54:41","41","Information","Microsoft-Windows-WindowsUpdateClient","An update was downloaded."
"17-08-2026 19:54:41","26","Information","Microsoft-Windows-WindowsUpdateClient","Windows Update successfully found 0 updates."
"17-08-2026 19:54:41","26","Information","Microsoft-Windows-WindowsUpdateClient","Windows Update successfully found 1 updates."
"17-08-2026 17:54:46","41","Information","Microsoft-Windows-WindowsUpdateClient","An update was downloaded."
"17-08-2026 17:54:46","26","Information","Microsoft-Windows-WindowsUpdateClient","Windows Update successfully found 0 updates."
"17-08-2026 17:54:46","26","Information","Microsoft-Windows-WindowsUpdateClient","Windows Update successfully found 1 updates."
"17-08-2026 15:55:07","26","Information","Microsoft-Windows-WindowsUpdateClient","Windows Update successfully found 0 updates."
"17-08-2026 15:55:07","26","Information","Microsoft-Windows-WindowsUpdateClient","Windows Update successfully found 0 updates."
"17-08-2026 15:33:11","26","Information","Microsoft-Windows-WindowsUpdateClient","Windows Update successfully found 0 updates."
"17-08-2026 15:33:11","26","Information","Microsoft-Windows-WindowsUpdateClient","Windows Update successfully found 0 updates."
"17-08-2026 13:54:49","41","Information","Microsoft-Windows-WindowsUpdateClient","An update was downloaded."
"17-08-2026 13:54:49","26","Information","Microsoft-Windows-WindowsUpdateClient","Windows Update successfully found 0 updates."
"17-08-2026 13:54:49","26","Information","Microsoft-Windows-WindowsUpdateClient","Windows Update successfully found 1 updates."
"17-08-2026 11:54:58","41","Information","Microsoft-Windows-WindowsUpdateClient","An update was downloaded."
"17-08-2026 11:54:57","26","Information","Microsoft-Windows-WindowsUpdateClient","Windows Update successfully found 0 updates."
"17-08-2026 11:54:57","26","Information","Microsoft-Windows-WindowsUpdateClient","Windows Update successfully found 1 updates."
"17-08-2026 10:02:29","41","Information","Microsoft-Windows-WindowsUpdateClient","An update was downloaded."
"17-08-2026 10:01:53","41","Information","Microsoft-Windows-WindowsUpdateClient","An update was downloaded."
"17-08-2026 10:01:53","41","Information","Microsoft-Windows-WindowsUpdateClient","An update was downloaded."
"17-08-2026 09:54:49","26","Information","Microsoft-Windows-WindowsUpdateClient","Windows Update successfully found 0 updates."
"17-08-2026 09:54:49","26","Information","Microsoft-Windows-WindowsUpdateClient","Windows Update successfully found 0 updates."
"17-08-2026 09:54:31","41","Information","Microsoft-Windows-WindowsUpdateClient","An update was downloaded."
"17-08-2026 09:54:18","41","Information","Microsoft-Windows-WindowsUpdateClient","An update was downloaded."
"17-08-2026 09:54:05","26","Information","Microsoft-Windows-WindowsUpdateClient","Windows Update successfully found 2 updates."
"17-08-2026 09:53:09","26","Information","Microsoft-Windows-WindowsUpdateClient","Windows Update successfully found 2 updates."
"17-08-2026 09:52:51","26","Information","Microsoft-Windows-WindowsUpdateClient","Windows Update successfully found 43 updates."
"17-08-2026 09:52:39","41","Information","Microsoft-Windows-WindowsUpdateClient","An update was downloaded."
"17-08-2026 09:52:26","26","Information","Microsoft-Windows-WindowsUpdateClient","Windows Update successfully found 8 updates."
"17-08-2026 09:52:26","26","Information","Microsoft-Windows-WindowsUpdateClient","Windows Update successfully found 17 updates."
"17-08-2026 09:52:16","26","Information","Microsoft-Windows-WindowsUpdateClient","Windows Update successfully found 1 updates."
"17-08-2026 09:46:24","41","Information","Microsoft-Windows-WindowsUpdateClient","An update was downloaded."
"17-08-2026 09:46:24","41","Information","Microsoft-Windows-WindowsUpdateClient","An update was downloaded."
"17-08-2026 09:46:23","26","Information","Microsoft-Windows-WindowsUpdateClient","Windows Update successfully found 2 updates."
"17-08-2026 09:45:55","41","Information","Microsoft-Windows-WindowsUpdateClient","An update was downloaded."
"17-08-2026 09:45:55","41","Information","Microsoft-Windows-WindowsUpdateClient","An update was downloaded."
"17-08-2026 09:45:51","26","Information","Microsoft-Windows-WindowsUpdateClient","Windows Update successfully found 2 updates."
"17-08-2026 09:41:09","26","Information","Microsoft-Windows-WindowsUpdateClient","Windows Update successfully found 0 updates."
"17-08-2026 09:40:56","26","Information","Microsoft-Windows-WindowsUpdateClient","Windows Update successfully found 1 updates."
"14-08-2026 18:02:03","26","Information","Microsoft-Windows-WindowsUpdateClient","Windows Update successfully found 0 updates."
"14-08-2026 18:02:03","26","Information","Microsoft-Windows-WindowsUpdateClient","Windows Update successfully found 0 updates."
"14-08-2026 16:01:57","26","Information","Microsoft-Windows-WindowsUpdateClient","Windows Update successfully found 0 updates."
"14-08-2026 16:01:57","26","Information","Microsoft-Windows-WindowsUpdateClient","Windows Update successfully found 0 updates."
"14-08-2026 16:01:03","41","Information","Microsoft-Windows-WindowsUpdateClient","An update was downloaded."
"14-08-2026 16:01:01","26","Information","Microsoft-Windows-WindowsUpdateClient","Windows Update successfully found 0 updates."
"14-08-2026 16:01:01","26","Information","Microsoft-Windows-WindowsUpdateClient","Windows Update successfully found 1 updates."
"14-08-2026 14:01:57","26","Information","Microsoft-Windows-WindowsUpdateClient","Windows Update successfully found 0 updates."
"14-08-2026 14:01:57","26","Information","Microsoft-Windows-WindowsUpdateClient","Windows Update successfully found 0 updates."
"14-08-2026 13:52:48","41","Information","Microsoft-Windows-WindowsUpdateClient","An update was downloaded."
"14-08-2026 13:52:40","41","Information","Microsoft-Windows-WindowsUpdateClient","An update was downloaded."
"14-08-2026 13:52:22","41","Information","Microsoft-Windows-WindowsUpdateClient","An update was downloaded."
"14-08-2026 13:52:17","41","Information","Microsoft-Windows-WindowsUpdateClient","An update was downloaded."
"14-08-2026 13:52:17","41","Information","Microsoft-Windows-WindowsUpdateClient","An update was downloaded."
"14-08-2026 13:41:56","41","Information","Microsoft-Windows-WindowsUpdateClient","An update was downloaded."
"14-08-2026 13:41:28","41","Information","Microsoft-Windows-WindowsUpdateClient","An update was downloaded."
"14-08-2026 13:40:28","26","Information","Microsoft-Windows-WindowsUpdateClient","Windows Update successfully found 4 updates."
"14-08-2026 13:39:26","26","Information","Microsoft-Windows-WindowsUpdateClient","Windows Update successfully found 4 updates."
"14-08-2026 13:39:16","41","Information","Microsoft-Windows-WindowsUpdateClient","An update was downloaded."
"14-08-2026 13:39:09","26","Information","Microsoft-Windows-WindowsUpdateClient","Windows Update successfully found 43 updates."
"14-08-2026 13:39:02","26","Information","Microsoft-Windows-WindowsUpdateClient","Windows Update successfully found 17 updates."
"14-08-2026 13:38:44","26","Information","Microsoft-Windows-WindowsUpdateClient","Windows Update successfully found 10 updates."
"14-08-2026 13:38:44","26","Information","Microsoft-Windows-WindowsUpdateClient","Windows Update successfully found 1 updates."
"14-08-2026 13:31:24","41","Information","Microsoft-Windows-WindowsUpdateClient","An update was downloaded."
"14-08-2026 13:31:23","41","Information","Microsoft-Windows-WindowsUpdateClient","An update was downloaded."
"14-08-2026 13:31:02","26","Information","Microsoft-Windows-WindowsUpdateClient","Windows Update successfully found 1 updates."
"13-08-2026 17:17:41","26","Information","Microsoft-Windows-WindowsUpdateClient","Windows Update successfully found 0 updates."
"13-08-2026 17:17:41","26","Information","Microsoft-Windows-WindowsUpdateClient","Windows Update successfully found 0 updates."
"13-08-2026 15:27:37","26","Information","Microsoft-Windows-WindowsUpdateClient","Windows Update successfully found 0 updates."
"13-08-2026 15:27:37","26","Information","Microsoft-Windows-WindowsUpdateClient","Windows Update successfully found 0 updates."
"13-08-2026 15:17:39","26","Information","Microsoft-Windows-WindowsUpdateClient","Windows Update successfully found 0 updates."
"13-08-2026 15:17:39","26","Information","Microsoft-Windows-WindowsUpdateClient","Windows Update successfully found 0 updates."
"13-08-2026 13:45:40","26","Information","Microsoft-Windows-WindowsUpdateClient","Windows Update successfully found 0 updates."
"13-08-2026 13:45:40","26","Information","Microsoft-Windows-WindowsUpdateClient","Windows Update successfully found 0 updates."
"13-08-2026 13:17:40","26","Information","Microsoft-Windows-WindowsUpdateClient","Windows Update successfully found 0 updates."
"13-08-2026 13:17:40","26","Information","Microsoft-Windows-WindowsUpdateClient","Windows Update successfully found 0 updates."
"13-08-2026 12:03:29","41","Information","Microsoft-Windows-WindowsUpdateClient","An update was downloaded."
"13-08-2026 12:02:59","41","Information","Microsoft-Windows-WindowsUpdateClient","An update was downloaded."
"13-08-2026 12:02:59","41","Information","Microsoft-Windows-WindowsUpdateClient","An update was downloaded."
"13-08-2026 12:02:45","41","Information","Microsoft-Windows-WindowsUpdateClient","An update was downloaded."
"13-08-2026 12:00:57","26","Information","Microsoft-Windows-WindowsUpdateClient","Windows Update successfully found 1 updates."
"13-08-2026 11:59:56","26","Information","Microsoft-Windows-WindowsUpdateClient","Windows Update successfully found 1 updates."
"13-08-2026 11:59:36","26","Information","Microsoft-Windows-WindowsUpdateClient","Windows Update successfully found 40 updates."
"13-08-2026 11:59:10","26","Information","Microsoft-Windows-WindowsUpdateClient","Windows Update successfully found 7 updates."
"13-08-2026 11:17:40","26","Information","Microsoft-Windows-WindowsUpdateClient","Windows Update successfully found 0 updates."
"13-08-2026 11:17:40","26","Information","Microsoft-Windows-WindowsUpdateClient","Windows Update successfully found 0 updates."
"13-08-2026 09:29:39","26","Information","Microsoft-Windows-WindowsUpdateClient","Windows Update successfully found 17 updates."
"13-08-2026 09:29:29","26","Information","Microsoft-Windows-WindowsUpdateClient","Windows Update successfully found 0 updates."
"13-08-2026 09:26:46","26","Information","Microsoft-Windows-WindowsUpdateClient","Windows Update successfully found 0 updates."
"13-08-2026 09:26:33","26","Information","Microsoft-Windows-WindowsUpdateClient","Windows Update successfully found 0 updates."
"13-08-2026 09:17:57","41","Information","Microsoft-Windows-WindowsUpdateClient","An update was downloaded."
"13-08-2026 09:17:50","26","Information","Microsoft-Windows-WindowsUpdateClient","Windows Update successfully found 0 updates."
"13-08-2026 09:17:50","26","Information","Microsoft-Windows-WindowsUpdateClient","Windows Update successfully found 1 updates."
"13-08-2026 09:16:51","41","Information","Microsoft-Windows-WindowsUpdateClient","An update was downloaded."
"13-08-2026 09:16:33","26","Information","Microsoft-Windows-WindowsUpdateClient","Windows Update successfully found 1 updates."
"12-08-2026 18:29:47","41","Information","Microsoft-Windows-WindowsUpdateClient","An update was downloaded."
"12-08-2026 18:29:30","26","Information","Microsoft-Windows-WindowsUpdateClient","Windows Update successfully found 0 updates."
"12-08-2026 18:29:30","26","Information","Microsoft-Windows-WindowsUpdateClient","Windows Update successfully found 1 updates."
"12-08-2026 18:00:12","26","Information","Microsoft-Windows-WindowsUpdateClient","Windows Update successfully found 0 updates."
"12-08-2026 17:59:59","26","Information","Microsoft-Windows-WindowsUpdateClient","Windows Update successfully found 1 updates."
"12-08-2026 16:29:22","26","Information","Microsoft-Windows-WindowsUpdateClient","Windows Update successfully found 0 updates."
"12-08-2026 16:29:22","26","Information","Microsoft-Windows-WindowsUpdateClient","Windows Update successfully found 0 updates."
"12-08-2026 15:35:48","41","Information","Microsoft-Windows-WindowsUpdateClient","An update was downloaded."
"12-08-2026 15:35:29","26","Information","Microsoft-Windows-WindowsUpdateClient","Windows Update successfully found 17 updates."
"12-08-2026 15:32:16","26","Information","Microsoft-Windows-WindowsUpdateClient","Windows Update successfully found 1 updates."
"12-08-2026 14:49:29","26","Information","Microsoft-Windows-WindowsUpdateClient","Windows Update successfully found 0 updates."
"12-08-2026 14:49:29","26","Information","Microsoft-Windows-WindowsUpdateClient","Windows Update successfully found 0 updates."
"12-08-2026 14:29:22","26","Information","Microsoft-Windows-WindowsUpdateClient","Windows Update successfully found 0 updates."
"12-08-2026 14:29:22","26","Information","Microsoft-Windows-WindowsUpdateClient","Windows Update successfully found 0 updates."
"12-08-2026 12:29:58","41","Information","Microsoft-Windows-WindowsUpdateClient","An update was downloaded."
"12-08-2026 12:29:28","26","Information","Microsoft-Windows-WindowsUpdateClient","Windows Update successfully found 0 updates."
"12-08-2026 12:29:28","26","Information","Microsoft-Windows-WindowsUpdateClient","Windows Update successfully found 1 updates."
"12-08-2026 10:53:48","41","Information","Microsoft-Windows-WindowsUpdateClient","An update was downloaded."
"12-08-2026 10:48:59","41","Information","Microsoft-Windows-WindowsUpdateClient","An update was downloaded."
"12-08-2026 10:48:16","41","Information","Microsoft-Windows-WindowsUpdateClient","An update was downloaded."
"12-08-2026 10:47:51","41","Information","Microsoft-Windows-WindowsUpdateClient","An update was downloaded."
"12-08-2026 10:47:44","41","Information","Microsoft-Windows-WindowsUpdateClient","An update was downloaded."
"12-08-2026 10:46:42","26","Information","Microsoft-Windows-WindowsUpdateClient","Windows Update successfully found 2 updates."
"12-08-2026 10:45:47","26","Information","Microsoft-Windows-WindowsUpdateClient","Windows Update successfully found 2 updates."
"12-08-2026 10:45:30","26","Information","Microsoft-Windows-WindowsUpdateClient","Windows Update successfully found 40 updates."
"12-08-2026 10:45:11","26","Information","Microsoft-Windows-WindowsUpdateClient","Windows Update successfully found 8 updates."
"12-08-2026 10:29:57","41","Information","Microsoft-Windows-WindowsUpdateClient","An update was downloaded."
"12-08-2026 10:29:27","26","Information","Microsoft-Windows-WindowsUpdateClient","Windows Update successfully found 0 updates."
"12-08-2026 10:29:27","26","Information","Microsoft-Windows-WindowsUpdateClient","Windows Update successfully found 1 updates."
"12-08-2026 09:48:14","41","Information","Microsoft-Windows-WindowsUpdateClient","An update was downloaded."
"12-08-2026 09:47:27","26","Information","Microsoft-Windows-WindowsUpdateClient","Windows Update successfully found 1 updates."
"12-08-2026 09:14:06","26","Information","Microsoft-Windows-WindowsUpdateClient","Windows Update successfully found 0 updates."
"12-08-2026 09:13:56","26","Information","Microsoft-Windows-WindowsUpdateClient","Windows Update successfully found 1 updates."
"12-08-2026 08:56:40","41","Information","Microsoft-Windows-WindowsUpdateClient","An update was downloaded."
"12-08-2026 08:56:11","26","Information","Microsoft-Windows-WindowsUpdateClient","Windows Update successfully found 1 updates."
"12-08-2026 03:29:01","41","Information","Microsoft-Windows-WindowsUpdateClient","An update was downloaded."
"12-08-2026 03:28:55","26","Information","Microsoft-Windows-WindowsUpdateClient","Windows Update successfully found 17 updates."
"12-08-2026 03:28:43","26","Information","Microsoft-Windows-WindowsUpdateClient","Windows Update successfully found 1 updates."
"11-08-2026 18:12:57","41","Information","Microsoft-Windows-WindowsUpdateClient","An update was downloaded."
"11-08-2026 18:12:57","26","Information","Microsoft-Windows-WindowsUpdateClient","Windows Update successfully found 0 updates."
"11-08-2026 18:12:57","26","Information","Microsoft-Windows-WindowsUpdateClient","Windows Update successfully found 1 updates."
"11-08-2026 16:13:26","41","Information","Microsoft-Windows-WindowsUpdateClient","An update was downloaded."
"11-08-2026 16:13:26","26","Information","Microsoft-Windows-WindowsUpdateClient","Windows Update successfully found 0 updates."
"11-08-2026 16:13:26","26","Information","Microsoft-Windows-WindowsUpdateClient","Windows Update successfully found 1 updates."
"11-08-2026 14:49:53","26","Information","Microsoft-Windows-WindowsUpdateClient","Windows Update successfully found 0 updates."
"11-08-2026 14:49:53","26","Information","Microsoft-Windows-WindowsUpdateClient","Windows Update successfully found 0 updates."
"11-08-2026 14:30:31","26","Information","Microsoft-Windows-WindowsUpdateClient","Windows Update successfully found 0 updates."
"11-08-2026 14:30:18","26","Information","Microsoft-Windows-WindowsUpdateClient","Windows Update successfully found 0 updates."
"11-08-2026 14:13:02","26","Information","Microsoft-Windows-WindowsUpdateClient","Windows Update successfully found 0 updates."
"11-08-2026 14:13:02","26","Information","Microsoft-Windows-WindowsUpdateClient","Windows Update successfully found 0 updates."
"11-08-2026 12:13:05","41","Information","Microsoft-Windows-WindowsUpdateClient","An update was downloaded."
"11-08-2026 12:12:59","26","Information","Microsoft-Windows-WindowsUpdateClient","Windows Update successfully found 0 updates."
"11-08-2026 12:12:59","26","Information","Microsoft-Windows-WindowsUpdateClient","Windows Update successfully found 1 updates."
"11-08-2026 11:57:56","26","Information","Microsoft-Windows-WindowsUpdateClient","Windows Update successfully found 0 updates."
"11-08-2026 11:57:56","26","Information","Microsoft-Windows-WindowsUpdateClient","Windows Update successfully found 0 updates."
"11-08-2026 11:01:56","26","Information","Microsoft-Windows-WindowsUpdateClient","Windows Update successfully found 0 updates."
"11-08-2026 10:44:59","41","Information","Microsoft-Windows-WindowsUpdateClient","An update was downloaded."
"11-08-2026 10:44:54","41","Information","Microsoft-Windows-WindowsUpdateClient","An update was downloaded."
"11-08-2026 10:44:35","41","Information","Microsoft-Windows-WindowsUpdateClient","An update was downloaded."
"11-08-2026 10:44:28","41","Information","Microsoft-Windows-WindowsUpdateClient","An update was downloaded."
"11-08-2026 10:44:23","41","Information","Microsoft-Windows-WindowsUpdateClient","An update was downloaded."
"11-08-2026 10:44:11","41","Information","Microsoft-Windows-WindowsUpdateClient","An update was downloaded."
"11-08-2026 10:43:54","26","Information","Microsoft-Windows-WindowsUpdateClient","Windows Update successfully found 2 updates."
"11-08-2026 10:42:28","26","Information","Microsoft-Windows-WindowsUpdateClient","Windows Update successfully found 2 updates."
"11-08-2026 10:42:05","26","Information","Microsoft-Windows-WindowsUpdateClient","Windows Update successfully found 40 updates."
"11-08-2026 10:41:38","26","Information","Microsoft-Windows-WindowsUpdateClient","Windows Update successfully found 9 updates."
"11-08-2026 09:57:27","41","Information","Microsoft-Windows-WindowsUpdateClient","An update was downloaded."
"11-08-2026 09:57:27","26","Information","Microsoft-Windows-WindowsUpdateClient","Windows Update successfully found 0 updates."
"11-08-2026 09:57:27","26","Information","Microsoft-Windows-WindowsUpdateClient","Windows Update successfully found 1 updates."
"11-08-2026 09:22:03","26","Information","Microsoft-Windows-WindowsUpdateClient","Windows Update successfully found 0 updates."
"11-08-2026 09:21:52","26","Information","Microsoft-Windows-WindowsUpdateClient","Windows Update successfully found 1 updates."
"11-08-2026 09:11:43","41","Information","Microsoft-Windows-WindowsUpdateClient","An update was downloaded."
"11-08-2026 09:11:42","26","Information","Microsoft-Windows-WindowsUpdateClient","Windows Update successfully found 1 updates."
"11-08-2026 06:06:32","41","Information","Microsoft-Windows-WindowsUpdateClient","An update was downloaded."
"11-08-2026 06:06:32","41","Information","Microsoft-Windows-WindowsUpdateClient","An update was downloaded."
"11-08-2026 06:06:19","41","Information","Microsoft-Windows-WindowsUpdateClient","An update was downloaded."
"11-08-2026 06:06:14","26","Information","Microsoft-Windows-WindowsUpdateClient","Windows Update successfully found 19 updates."
"11-08-2026 06:05:42","26","Information","Microsoft-Windows-WindowsUpdateClient","Windows Update successfully found 1 updates."
"10-08-2026 17:46:49","41","Information","Microsoft-Windows-WindowsUpdateClient","An update was downloaded."
"10-08-2026 17:46:49","26","Information","Microsoft-Windows-WindowsUpdateClient","Windows Update successfully found 0 updates."
"10-08-2026 17:46:49","26","Information","Microsoft-Windows-WindowsUpdateClient","Windows Update successfully found 1 updates."
"10-08-2026 15:46:44","26","Information","Microsoft-Windows-WindowsUpdateClient","Windows Update successfully found 0 updates."
"10-08-2026 15:46:44","26","Information","Microsoft-Windows-WindowsUpdateClient","Windows Update successfully found 0 updates."
"10-08-2026 15:14:13","26","Information","Microsoft-Windows-WindowsUpdateClient","Windows Update successfully found 0 updates."
"10-08-2026 15:14:13","26","Information","Microsoft-Windows-WindowsUpdateClient","Windows Update successfully found 0 updates."
"10-08-2026 13:47:21","41","Information","Microsoft-Windows-WindowsUpdateClient","An update was downloaded."
"10-08-2026 13:47:21","26","Information","Microsoft-Windows-WindowsUpdateClient","Windows Update successfully found 0 updates."
"10-08-2026 13:47:21","26","Information","Microsoft-Windows-WindowsUpdateClient","Windows Update successfully found 1 updates."
"10-08-2026 12:56:53","26","Information","Microsoft-Windows-WindowsUpdateClient","Windows Update successfully found 0 updates."
"10-08-2026 12:56:42","26","Information","Microsoft-Windows-WindowsUpdateClient","Windows Update successfully found 0 updates."
"10-08-2026 11:46:47","41","Information","Microsoft-Windows-WindowsUpdateClient","An update was downloaded."
"10-08-2026 11:46:47","26","Information","Microsoft-Windows-WindowsUpdateClient","Windows Update successfully found 0 updates."
"10-08-2026 11:46:47","26","Information","Microsoft-Windows-WindowsUpdateClient","Windows Update successfully found 1 updates."
"10-08-2026 11:04:28","41","Information","Microsoft-Windows-WindowsUpdateClient","An update was downloaded."
"10-08-2026 10:22:33","41","Information","Microsoft-Windows-WindowsUpdateClient","An update was downloaded."
"10-08-2026 10:22:20","41","Information","Microsoft-Windows-WindowsUpdateClient","An update was downloaded."
"10-08-2026 10:22:20","41","Information","Microsoft-Windows-WindowsUpdateClient","An update was downloaded."
"10-08-2026 09:58:31","26","Information","Microsoft-Windows-WindowsUpdateClient","Windows Update successfully found 0 updates."
"10-08-2026 09:57:34","26","Information","Microsoft-Windows-WindowsUpdateClient","Windows Update successfully found 0 updates."
"10-08-2026 09:57:34","26","Information","Microsoft-Windows-WindowsUpdateClient","Windows Update successfully found 0 updates."
"10-08-2026 09:57:22","26","Information","Microsoft-Windows-WindowsUpdateClient","Windows Update successfully found 0 updates."
"10-08-2026 09:57:22","26","Information","Microsoft-Windows-WindowsUpdateClient","Windows Update successfully found 40 updates."
"10-08-2026 09:57:15","26","Information","Microsoft-Windows-WindowsUpdateClient","Windows Update successfully found 19 updates."
"10-08-2026 09:57:02","26","Information","Microsoft-Windows-WindowsUpdateClient","Windows Update successfully found 7 updates."
"10-08-2026 09:57:02","26","Information","Microsoft-Windows-WindowsUpdateClient","Windows Update successfully found 0 updates."
"10-08-2026 09:56:45","26","Information","Microsoft-Windows-WindowsUpdateClient","Windows Update successfully found 0 updates."
"10-08-2026 09:56:27","26","Information","Microsoft-Windows-WindowsUpdateClient","Windows Update successfully found 0 updates."
"10-08-2026 09:56:21","26","Information","Microsoft-Windows-WindowsUpdateClient","Windows Update successfully found 0 updates."
"10-08-2026 09:56:04","26","Information","Microsoft-Windows-WindowsUpdateClient","Windows Update successfully found 0 updates."
"10-08-2026 09:49:26","41","Information","Microsoft-Windows-WindowsUpdateClient","An update was downloaded."
"10-08-2026 09:49:26","26","Information","Microsoft-Windows-WindowsUpdateClient","Windows Update successfully found 1 updates."
"10-08-2026 09:48:29","41","Information","Microsoft-Windows-WindowsUpdateClient","An update was downloaded."
"10-08-2026 09:48:27","26","Information","Microsoft-Windows-WindowsUpdateClient","Windows Update successfully found 1 updates."
"10-08-2026 09:47:55","41","Information","Microsoft-Windows-WindowsUpdateClient","An update was downloaded."
"10-08-2026 09:47:50","26","Information","Microsoft-Windows-WindowsUpdateClient","Windows Update successfully found 0 updates."
"10-08-2026 09:47:50","26","Information","Microsoft-Windows-WindowsUpdateClient","Windows Update successfully found 1 updates."
"10-08-2026 09:45:22","26","Information","Microsoft-Windows-WindowsUpdateClient","Windows Update successfully found 0 updates."
"10-08-2026 09:37:25","26","Information","Microsoft-Windows-WindowsUpdateClient","Windows Update successfully found 0 updates."
"10-08-2026 09:37:17","26","Information","Microsoft-Windows-WindowsUpdateClient","Windows Update successfully found 0 updates."
"10-08-2026 09:37:17","26","Information","Microsoft-Windows-WindowsUpdateClient","Windows Update successfully found 0 updates."
"10-08-2026 09:37:10","26","Information","Microsoft-Windows-WindowsUpdateClient","Windows Update successfully found 0 updates."
"07-08-2026 16:46:10","26","Information","Microsoft-Windows-WindowsUpdateClient","Windows Update successfully found 0 updates."
"07-08-2026 16:46:10","26","Information","Microsoft-Windows-WindowsUpdateClient","Windows Update successfully found 0 updates."
"07-08-2026 16:35:38","41","Information","Microsoft-Windows-WindowsUpdateClient","An update was downloaded."
"07-08-2026 16:35:38","26","Information","Microsoft-Windows-WindowsUpdateClient","Windows Update successfully found 0 updates."
"07-08-2026 16:35:38","26","Information","Microsoft-Windows-WindowsUpdateClient","Windows Update successfully found 1 updates."
"07-08-2026 14:35:37","26","Information","Microsoft-Windows-WindowsUpdateClient","Windows Update successfully found 0 updates."
"07-08-2026 14:35:37","26","Information","Microsoft-Windows-WindowsUpdateClient","Windows Update successfully found 0 updates."
"07-08-2026 13:54:07","26","Information","Microsoft-Windows-WindowsUpdateClient","Windows Update successfully found 0 updates."
"07-08-2026 13:54:07","26","Information","Microsoft-Windows-WindowsUpdateClient","Windows Update successfully found 0 updates."
"07-08-2026 12:35:37","26","Information","Microsoft-Windows-WindowsUpdateClient","Windows Update successfully found 0 updates."
"07-08-2026 12:35:37","26","Information","Microsoft-Windows-WindowsUpdateClient","Windows Update successfully found 0 updates."
"07-08-2026 10:35:36","26","Information","Microsoft-Windows-WindowsUpdateClient","Windows Update successfully found 0 updates."
"07-08-2026 10:35:36","26","Information","Microsoft-Windows-WindowsUpdateClient","Windows Update successfully found 0 updates."
"07-08-2026 10:28:49","41","Information","Microsoft-Windows-WindowsUpdateClient","An update was downloaded."
"07-08-2026 10:28:24","41","Information","Microsoft-Windows-WindowsUpdateClient","An update was downloaded."
"07-08-2026 10:28:05","41","Information","Microsoft-Windows-WindowsUpdateClient","An update was downloaded."
"07-08-2026 10:27:56","41","Information","Microsoft-Windows-WindowsUpdateClient","An update was downloaded."
"07-08-2026 10:27:46","41","Information","Microsoft-Windows-WindowsUpdateClient","An update was downloaded."
"07-08-2026 10:27:46","41","Information","Microsoft-Windows-WindowsUpdateClient","An update was downloaded."
"07-08-2026 10:27:29","41","Information","Microsoft-Windows-WindowsUpdateClient","An update was downloaded."
"07-08-2026 10:27:07","26","Information","Microsoft-Windows-WindowsUpdateClient","Windows Update successfully found 3 updates."
"07-08-2026 10:25:47","26","Information","Microsoft-Windows-WindowsUpdateClient","Windows Update successfully found 3 updates."
"07-08-2026 10:25:22","26","Information","Microsoft-Windows-WindowsUpdateClient","Windows Update successfully found 40 updates."
"07-08-2026 10:24:57","26","Information","Microsoft-Windows-WindowsUpdateClient","Windows Update successfully found 10 updates."
"07-08-2026 10:06:32","26","Information","Microsoft-Windows-WindowsUpdateClient","Windows Update successfully found 6 updates."
"07-08-2026 10:06:12","26","Information","Microsoft-Windows-WindowsUpdateClient","Windows Update successfully found 0 updates."
"07-08-2026 09:18:54","41","Information","Microsoft-Windows-WindowsUpdateClient","An update was downloaded."
"07-08-2026 09:18:54","26","Information","Microsoft-Windows-WindowsUpdateClient","Windows Update successfully found 20 updates."
"07-08-2026 09:18:37","26","Information","Microsoft-Windows-WindowsUpdateClient","Windows Update successfully found 1 updates."
"06-08-2026 18:23:22","41","Information","Microsoft-Windows-WindowsUpdateClient","An update was downloaded."
"06-08-2026 18:23:22","26","Information","Microsoft-Windows-WindowsUpdateClient","Windows Update successfully found 0 updates."
"06-08-2026 18:23:22","26","Information","Microsoft-Windows-WindowsUpdateClient","Windows Update successfully found 1 updates."
"06-08-2026 16:23:00","26","Information","Microsoft-Windows-WindowsUpdateClient","Windows Update successfully found 0 updates."
"06-08-2026 16:23:00","26","Information","Microsoft-Windows-WindowsUpdateClient","Windows Update successfully found 0 updates."
"06-08-2026 14:54:56","26","Information","Microsoft-Windows-WindowsUpdateClient","Windows Update successfully found 0 updates."
"06-08-2026 14:54:56","26","Information","Microsoft-Windows-WindowsUpdateClient","Windows Update successfully found 0 updates."
"06-08-2026 14:30:23","26","Information","Microsoft-Windows-WindowsUpdateClient","Windows Update successfully found 0 updates."
"06-08-2026 14:30:13","26","Information","Microsoft-Windows-WindowsUpdateClient","Windows Update successfully found 0 updates."
"06-08-2026 14:30:03","26","Information","Microsoft-Windows-WindowsUpdateClient","Windows Update successfully found 0 updates."
"06-08-2026 14:29:51","26","Information","Microsoft-Windows-WindowsUpdateClient","Windows Update successfully found 0 updates."
"06-08-2026 14:23:12","41","Information","Microsoft-Windows-WindowsUpdateClient","An update was downloaded."
"06-08-2026 14:23:12","26","Information","Microsoft-Windows-WindowsUpdateClient","Windows Update successfully found 0 updates."
"06-08-2026 14:23:12","26","Information","Microsoft-Windows-WindowsUpdateClient","Windows Update successfully found 1 updates."
"06-08-2026 12:22:59","41","Information","Microsoft-Windows-WindowsUpdateClient","An update was downloaded."
"06-08-2026 12:22:57","26","Information","Microsoft-Windows-WindowsUpdateClient","Windows Update successfully found 0 updates."
"06-08-2026 12:22:57","26","Information","Microsoft-Windows-WindowsUpdateClient","Windows Update successfully found 1 updates."
"06-08-2026 10:40:17","41","Information","Microsoft-Windows-WindowsUpdateClient","An update was downloaded."
"06-08-2026 10:40:10","41","Information","Microsoft-Windows-WindowsUpdateClient","An update was downloaded."
"06-08-2026 10:40:02","41","Information","Microsoft-Windows-WindowsUpdateClient","An update was downloaded."
"06-08-2026 10:39:52","41","Information","Microsoft-Windows-WindowsUpdateClient","An update was downloaded."
"06-08-2026 10:24:25","41","Information","Microsoft-Windows-WindowsUpdateClient","An update was downloaded."
"06-08-2026 10:24:19","41","Information","Microsoft-Windows-WindowsUpdateClient","An update was downloaded."
"06-08-2026 10:23:47","26","Information","Microsoft-Windows-WindowsUpdateClient","Windows Update successfully found 1 updates."
"06-08-2026 10:22:54","26","Information","Microsoft-Windows-WindowsUpdateClient","Windows Update successfully found 0 updates."
"06-08-2026 10:22:54","26","Information","Microsoft-Windows-WindowsUpdateClient","Windows Update successfully found 0 updates."
"06-08-2026 10:01:19","26","Information","Microsoft-Windows-WindowsUpdateClient","Windows Update successfully found 1 updates."
"06-08-2026 10:00:25","26","Information","Microsoft-Windows-WindowsUpdateClient","Windows Update successfully found 1 updates."
"06-08-2026 10:00:10","26","Information","Microsoft-Windows-WindowsUpdateClient","Windows Update successfully found 40 updates."
"06-08-2026 09:59:51","26","Information","Microsoft-Windows-WindowsUpdateClient","Windows Update successfully found 8 updates."
"06-08-2026 09:54:58","41","Information","Microsoft-Windows-WindowsUpdateClient","An update was downloaded."
"06-08-2026 09:54:58","26","Information","Microsoft-Windows-WindowsUpdateClient","Windows Update successfully found 20 updates."
"06-08-2026 09:54:47","26","Information","Microsoft-Windows-WindowsUpdateClient","Windows Update successfully found 1 updates."
"06-08-2026 09:44:54","26","Information","Microsoft-Windows-WindowsUpdateClient","Windows Update successfully found 6 updates."
"06-08-2026 09:44:30","26","Information","Microsoft-Windows-WindowsUpdateClient","Windows Update successfully found 1 updates."
"05-08-2026 20:20:54","41","Information","Microsoft-Windows-WindowsUpdateClient","An update was downloaded."
"05-08-2026 20:20:54","26","Information","Microsoft-Windows-WindowsUpdateClient","Windows Update successfully found 0 updates."
"05-08-2026 20:20:54","26","Information","Microsoft-Windows-WindowsUpdateClient","Windows Update successfully found 1 updates."
"05-08-2026 18:21:03","41","Information","Microsoft-Windows-WindowsUpdateClient","An update was downloaded."
"05-08-2026 18:21:03","26","Information","Microsoft-Windows-WindowsUpdateClient","Windows Update successfully found 0 updates."
"05-08-2026 18:21:03","26","Information","Microsoft-Windows-WindowsUpdateClient","Windows Update successfully found 1 updates."
"05-08-2026 16:20:42","26","Information","Microsoft-Windows-WindowsUpdateClient","Windows Update successfully found 0 updates."
"05-08-2026 16:20:42","26","Information","Microsoft-Windows-WindowsUpdateClient","Windows Update successfully found 0 updates."
"05-08-2026 15:48:55","26","Information","Microsoft-Windows-WindowsUpdateClient","Windows Update successfully found 0 updates."
"05-08-2026 15:48:55","26","Information","Microsoft-Windows-WindowsUpdateClient","Windows Update successfully found 0 updates."
"05-08-2026 14:30:37","26","Information","Microsoft-Windows-WindowsUpdateClient","Windows Update successfully found 0 updates."
"05-08-2026 14:30:37","26","Information","Microsoft-Windows-WindowsUpdateClient","Windows Update successfully found 0 updates."
"05-08-2026 14:20:38","26","Information","Microsoft-Windows-WindowsUpdateClient","Windows Update successfully found 0 updates."
"05-08-2026 14:20:38","26","Information","Microsoft-Windows-WindowsUpdateClient","Windows Update successfully found 0 updates."
"05-08-2026 12:20:50","41","Information","Microsoft-Windows-WindowsUpdateClient","An update was downloaded."
"05-08-2026 12:20:40","26","Information","Microsoft-Windows-WindowsUpdateClient","Windows Update successfully found 0 updates."
"05-08-2026 12:20:40","26","Information","Microsoft-Windows-WindowsUpdateClient","Windows Update successfully found 1 updates."
"05-08-2026 11:38:32","41","Information","Microsoft-Windows-WindowsUpdateClient","An update was downloaded."
"05-08-2026 11:38:06","41","Information","Microsoft-Windows-WindowsUpdateClient","An update was downloaded."
"05-08-2026 11:38:06","41","Information","Microsoft-Windows-WindowsUpdateClient","An update was downloaded."
"05-08-2026 11:38:00","41","Information","Microsoft-Windows-WindowsUpdateClient","An update was downloaded."
"05-08-2026 11:37:51","41","Information","Microsoft-Windows-WindowsUpdateClient","An update was downloaded."
"05-08-2026 11:37:51","41","Information","Microsoft-Windows-WindowsUpdateClient","An update was downloaded."
"05-08-2026 11:37:26","41","Information","Microsoft-Windows-WindowsUpdateClient","An update was downloaded."
"05-08-2026 10:41:33","41","Information","Microsoft-Windows-WindowsUpdateClient","An update was downloaded."
"05-08-2026 10:41:32","26","Information","Microsoft-Windows-WindowsUpdateClient","Windows Update successfully found 1 updates."
"05-08-2026 10:34:25","26","Information","Microsoft-Windows-WindowsUpdateClient","Windows Update successfully found 7 updates."
"05-08-2026 10:34:15","26","Information","Microsoft-Windows-WindowsUpdateClient","Windows Update successfully found 0 updates."
"05-08-2026 10:21:03","41","Information","Microsoft-Windows-WindowsUpdateClient","An update was downloaded."
"05-08-2026 10:21:00","26","Information","Microsoft-Windows-WindowsUpdateClient","Windows Update successfully found 0 updates."
"05-08-2026 10:21:00","26","Information","Microsoft-Windows-WindowsUpdateClient","Windows Update successfully found 1 updates."
"05-08-2026 09:56:04","26","Information","Microsoft-Windows-WindowsUpdateClient","Windows Update successfully found 2 updates."
"05-08-2026 09:55:03","26","Information","Microsoft-Windows-WindowsUpdateClient","Windows Update successfully found 2 updates."
"05-08-2026 09:54:47","26","Information","Microsoft-Windows-WindowsUpdateClient","Windows Update successfully found 40 updates."
"05-08-2026 09:54:28","26","Information","Microsoft-Windows-WindowsUpdateClient","Windows Update successfully found 9 updates."
"05-08-2026 09:40:44","41","Information","Microsoft-Windows-WindowsUpdateClient","An update was downloaded."
"05-08-2026 09:40:41","26","Information","Microsoft-Windows-WindowsUpdateClient","Windows Update successfully found 18 updates."
"05-08-2026 09:40:31","41","Information","Microsoft-Windows-WindowsUpdateClient","An update was downloaded."
"05-08-2026 09:40:31","26","Information","Microsoft-Windows-WindowsUpdateClient","Windows Update successfully found 1 updates."
"05-08-2026 09:40:18","26","Information","Microsoft-Windows-WindowsUpdateClient","Windows Update successfully found 1 updates."
"04-08-2026 18:19:50","26","Information","Microsoft-Windows-WindowsUpdateClient","Windows Update successfully found 0 updates."
"04-08-2026 18:19:50","26","Information","Microsoft-Windows-WindowsUpdateClient","Windows Update successfully found 0 updates."
"04-08-2026 16:22:18","26","Information","Microsoft-Windows-WindowsUpdateClient","Windows Update successfully found 6 updates."
"04-08-2026 16:22:07","26","Information","Microsoft-Windows-WindowsUpdateClient","Windows Update successfully found 0 updates."
"04-08-2026 16:19:49","41","Information","Microsoft-Windows-WindowsUpdateClient","An update was downloaded."
"04-08-2026 16:19:49","26","Information","Microsoft-Windows-WindowsUpdateClient","Windows Update successfully found 0 updates."
"04-08-2026 16:19:49","26","Information","Microsoft-Windows-WindowsUpdateClient","Windows Update successfully found 1 updates."
"04-08-2026 15:23:30","26","Information","Microsoft-Windows-WindowsUpdateClient","Windows Update successfully found 0 updates."
"04-08-2026 15:23:30","26","Information","Microsoft-Windows-WindowsUpdateClient","Windows Update successfully found 0 updates."
"04-08-2026 15:07:26","26","Information","Microsoft-Windows-WindowsUpdateClient","Windows Update successfully found 0 updates."
"04-08-2026 14:19:56","41","Information","Microsoft-Windows-WindowsUpdateClient","An update was downloaded."
"04-08-2026 14:19:54","26","Information","Microsoft-Windows-WindowsUpdateClient","Windows Update successfully found 0 updates."
"04-08-2026 14:19:54","26","Information","Microsoft-Windows-WindowsUpdateClient","Windows Update successfully found 1 updates."
"04-08-2026 12:20:18","26","Information","Microsoft-Windows-WindowsUpdateClient","Windows Update successfully found 0 updates."
"04-08-2026 12:20:18","26","Information","Microsoft-Windows-WindowsUpdateClient","Windows Update successfully found 0 updates."
"04-08-2026 10:20:13","41","Information","Microsoft-Windows-WindowsUpdateClient","An update was downloaded."
"04-08-2026 10:20:06","26","Information","Microsoft-Windows-WindowsUpdateClient","Windows Update successfully found 0 updates."
"04-08-2026 10:20:06","26","Information","Microsoft-Windows-WindowsUpdateClient","Windows Update successfully found 1 updates."
"04-08-2026 10:14:36","41","Information","Microsoft-Windows-WindowsUpdateClient","An update was downloaded."
