"01-07-2026 09:37:31","5002","Information","Microsoft-Windows-HelloForBusiness","A user is signing into the device with the following gesture information:

Type: Invalid
Subtype: No Bio"
"30-06-2026 19:01:23","5001","Information","Microsoft-Windows-HelloForBusiness","A user signed into the device with the following information:

Username: SYSTEM
User SID: S-1-5-18
Credential Type: Software Key
Deployment Type: Key Trust"
"30-06-2026 19:01:23","5702","Information","Microsoft-Windows-HelloForBusiness","Windows Hello wrote following protector properties to disk: HResult = 0x0, PIN protector = true, Bio protector = false, Secure Bio Protector = false, Recovery protector = true, Preboot protector = false"
"30-06-2026 19:01:23","5002","Information","Microsoft-Windows-HelloForBusiness","A user is signing into the device with the following gesture information:

Type: Invalid
Subtype: No Bio"
"30-06-2026 18:18:25","5001","Information","Microsoft-Windows-HelloForBusiness","A user signed into the device with the following information:

Username: SYSTEM
User SID: S-1-5-18
Credential Type: Software Key
Deployment Type: Key Trust"
"30-06-2026 18:18:24","5702","Information","Microsoft-Windows-HelloForBusiness","Windows Hello wrote following protector properties to disk: HResult = 0x0, PIN protector = true, Bio protector = false, Secure Bio Protector = false, Recovery protector = true, Preboot protector = false"
"30-06-2026 18:18:24","5002","Information","Microsoft-Windows-HelloForBusiness","A user is signing into the device with the following gesture information:

Type: Invalid
Subtype: No Bio"
"30-06-2026 17:08:16","5001","Information","Microsoft-Windows-HelloForBusiness","A user signed into the device with the following information:

Username: SYSTEM
User SID: S-1-5-18
Credential Type: Software Key
Deployment Type: Key Trust"
"30-06-2026 17:08:16","5702","Information","Microsoft-Windows-HelloForBusiness","Windows Hello wrote following protector properties to disk: HResult = 0x0, PIN protector = true, Bio protector = false, Secure Bio Protector = false, Recovery protector = true, Preboot protector = false"
"30-06-2026 17:08:15","5002","Information","Microsoft-Windows-HelloForBusiness","A user is signing into the device with the following gesture information:

Type: Invalid
Subtype: No Bio"
"30-06-2026 16:51:50","5001","Information","Microsoft-Windows-HelloForBusiness","A user signed into the device with the following information:

Username: SYSTEM
User SID: S-1-5-18
Credential Type: Software Key
Deployment Type: Key Trust"
"30-06-2026 16:51:50","5702","Information","Microsoft-Windows-HelloForBusiness","Windows Hello wrote following protector properties to disk: HResult = 0x0, PIN protector = true, Bio protector = false, Secure Bio Protector = false, Recovery protector = true, Preboot protector = false"
"30-06-2026 16:51:50","5002","Information","Microsoft-Windows-HelloForBusiness","A user is signing into the device with the following gesture information:

Type: Invalid
Subtype: No Bio"
"30-06-2026 16:48:37","5001","Information","Microsoft-Windows-HelloForBusiness","A user signed into the device with the following information:

Username: SYSTEM
User SID: S-1-5-18
Credential Type: Software Key
Deployment Type: Key Trust"
"30-06-2026 16:48:37","5702","Information","Microsoft-Windows-HelloForBusiness","Windows Hello wrote following protector properties to disk: HResult = 0x0, PIN protector = true, Bio protector = false, Secure Bio Protector = false, Recovery protector = true, Preboot protector = false"
"30-06-2026 16:48:37","5002","Information","Microsoft-Windows-HelloForBusiness","A user is signing into the device with the following gesture information:

Type: Invalid
Subtype: No Bio"
"30-06-2026 16:10:59","5001","Information","Microsoft-Windows-HelloForBusiness","A user signed into the device with the following information:

Username: SYSTEM
User SID: S-1-5-18
Credential Type: Software Key
Deployment Type: Key Trust"
"30-06-2026 16:10:59","5702","Information","Microsoft-Windows-HelloForBusiness","Windows Hello wrote following protector properties to disk: HResult = 0x0, PIN protector = true, Bio protector = false, Secure Bio Protector = false, Recovery protector = true, Preboot protector = false"
"30-06-2026 16:10:58","5002","Information","Microsoft-Windows-HelloForBusiness","A user is signing into the device with the following gesture information:

Type: Invalid
Subtype: No Bio"
"30-06-2026 14:41:58","5205","Information","Microsoft-Windows-HelloForBusiness","Windows Hello for Business On-Premise authentication configurations: 

Certificate Enrollment Method: None
Certificate Required for On-Premise Auth: false
Use Cloud Trust for On-Premise Auth: false
Account has Cloud TGT: false"
"30-06-2026 14:39:13","5001","Information","Microsoft-Windows-HelloForBusiness","A user signed into the device with the following information:

Username: SYSTEM
User SID: S-1-5-18
Credential Type: Software Key
Deployment Type: Key Trust"
"30-06-2026 14:39:13","5702","Information","Microsoft-Windows-HelloForBusiness","Windows Hello wrote following protector properties to disk: HResult = 0x0, PIN protector = true, Bio protector = false, Secure Bio Protector = false, Recovery protector = true, Preboot protector = false"
"30-06-2026 14:39:13","5002","Information","Microsoft-Windows-HelloForBusiness","A user is signing into the device with the following gesture information:

Type: Invalid
Subtype: No Bio"
"30-06-2026 14:11:12","5001","Information","Microsoft-Windows-HelloForBusiness","A user signed into the device with the following information:

Username: SYSTEM
User SID: S-1-5-18
Credential Type: Software Key
Deployment Type: Key Trust"
"30-06-2026 14:11:11","5702","Information","Microsoft-Windows-HelloForBusiness","Windows Hello wrote following protector properties to disk: HResult = 0x0, PIN protector = true, Bio protector = false, Secure Bio Protector = false, Recovery protector = true, Preboot protector = false"
"30-06-2026 14:11:11","5002","Information","Microsoft-Windows-HelloForBusiness","A user is signing into the device with the following gesture information:

Type: Invalid
Subtype: No Bio"
"30-06-2026 14:07:29","5001","Information","Microsoft-Windows-HelloForBusiness","A user signed into the device with the following information:

Username: SYSTEM
User SID: S-1-5-18
Credential Type: Software Key
Deployment Type: Key Trust"
"30-06-2026 14:07:29","5702","Information","Microsoft-Windows-HelloForBusiness","Windows Hello wrote following protector properties to disk: HResult = 0x0, PIN protector = true, Bio protector = false, Secure Bio Protector = false, Recovery protector = true, Preboot protector = false"
"30-06-2026 14:07:29","5002","Information","Microsoft-Windows-HelloForBusiness","A user is signing into the device with the following gesture information:

Type: Invalid
Subtype: No Bio"
"30-06-2026 12:33:13","5001","Information","Microsoft-Windows-HelloForBusiness","A user signed into the device with the following information:

Username: SYSTEM
User SID: S-1-5-18
Credential Type: Software Key
Deployment Type: Key Trust"
"30-06-2026 12:33:13","5702","Information","Microsoft-Windows-HelloForBusiness","Windows Hello wrote following protector properties to disk: HResult = 0x0, PIN protector = true, Bio protector = false, Secure Bio Protector = false, Recovery protector = true, Preboot protector = false"
"30-06-2026 12:33:13","5002","Information","Microsoft-Windows-HelloForBusiness","A user is signing into the device with the following gesture information:

Type: Invalid
Subtype: No Bio"
"30-06-2026 09:48:09","5001","Information","Microsoft-Windows-HelloForBusiness","A user signed into the device with the following information:

Username: SYSTEM
User SID: S-1-5-18
Credential Type: Software Key
Deployment Type: Key Trust"
"30-06-2026 09:48:09","5702","Information","Microsoft-Windows-HelloForBusiness","Windows Hello wrote following protector properties to disk: HResult = 0x0, PIN protector = true, Bio protector = false, Secure Bio Protector = false, Recovery protector = true, Preboot protector = false"
"30-06-2026 09:48:09","5002","Information","Microsoft-Windows-HelloForBusiness","A user is signing into the device with the following gesture information:

Type: Invalid
Subtype: No Bio"
"30-06-2026 09:31:12","5001","Information","Microsoft-Windows-HelloForBusiness","A user signed into the device with the following information:

Username: SYSTEM
User SID: S-1-5-18
Credential Type: Software Key
Deployment Type: Key Trust"
"30-06-2026 09:31:12","5702","Information","Microsoft-Windows-HelloForBusiness","Windows Hello wrote following protector properties to disk: HResult = 0x0, PIN protector = true, Bio protector = false, Secure Bio Protector = false, Recovery protector = true, Preboot protector = false"
"30-06-2026 09:31:12","5002","Information","Microsoft-Windows-HelloForBusiness","A user is signing into the device with the following gesture information:

Type: Invalid
Subtype: No Bio"
"30-06-2026 09:21:54","5001","Information","Microsoft-Windows-HelloForBusiness","A user signed into the device with the following information:

Username: SYSTEM
User SID: S-1-5-18
Credential Type: Software Key
Deployment Type: Key Trust"
"30-06-2026 09:21:54","5702","Information","Microsoft-Windows-HelloForBusiness","Windows Hello wrote following protector properties to disk: HResult = 0x0, PIN protector = true, Bio protector = false, Secure Bio Protector = false, Recovery protector = true, Preboot protector = false"
"30-06-2026 09:21:54","5002","Information","Microsoft-Windows-HelloForBusiness","A user is signing into the device with the following gesture information:

Type: Invalid
Subtype: No Bio"
"29-06-2026 18:43:58","5001","Information","Microsoft-Windows-HelloForBusiness","A user signed into the device with the following information:

Username: SYSTEM
User SID: S-1-5-18
Credential Type: Software Key
Deployment Type: Key Trust"
"29-06-2026 18:43:58","5702","Information","Microsoft-Windows-HelloForBusiness","Windows Hello wrote following protector properties to disk: HResult = 0x0, PIN protector = true, Bio protector = false, Secure Bio Protector = false, Recovery protector = true, Preboot protector = false"
"29-06-2026 18:43:58","5002","Information","Microsoft-Windows-HelloForBusiness","A user is signing into the device with the following gesture information:

Type: Invalid
Subtype: No Bio"
"29-06-2026 18:00:32","5001","Information","Microsoft-Windows-HelloForBusiness","A user signed into the device with the following information:

Username: SYSTEM
User SID: S-1-5-18
Credential Type: Software Key
Deployment Type: Key Trust"
"29-06-2026 18:00:32","5702","Information","Microsoft-Windows-HelloForBusiness","Windows Hello wrote following protector properties to disk: HResult = 0x0, PIN protector = true, Bio protector = false, Secure Bio Protector = false, Recovery protector = true, Preboot protector = false"
"29-06-2026 18:00:31","5002","Information","Microsoft-Windows-HelloForBusiness","A user is signing into the device with the following gesture information:

Type: Invalid
Subtype: No Bio"
"29-06-2026 17:19:37","5001","Information","Microsoft-Windows-HelloForBusiness","A user signed into the device with the following information:

Username: SYSTEM
User SID: S-1-5-18
Credential Type: Software Key
Deployment Type: Key Trust"
"29-06-2026 17:19:37","5702","Information","Microsoft-Windows-HelloForBusiness","Windows Hello wrote following protector properties to disk: HResult = 0x0, PIN protector = true, Bio protector = false, Secure Bio Protector = false, Recovery protector = true, Preboot protector = false"
"29-06-2026 17:19:37","5002","Information","Microsoft-Windows-HelloForBusiness","A user is signing into the device with the following gesture information:

Type: Invalid
Subtype: No Bio"
"29-06-2026 17:04:28","5001","Information","Microsoft-Windows-HelloForBusiness","A user signed into the device with the following information:

Username: SYSTEM
User SID: S-1-5-18
Credential Type: Software Key
Deployment Type: Key Trust"
"29-06-2026 17:04:28","5702","Information","Microsoft-Windows-HelloForBusiness","Windows Hello wrote following protector properties to disk: HResult = 0x0, PIN protector = true, Bio protector = false, Secure Bio Protector = false, Recovery protector = true, Preboot protector = false"
"29-06-2026 17:04:28","5002","Information","Microsoft-Windows-HelloForBusiness","A user is signing into the device with the following gesture information:

Type: Invalid
Subtype: No Bio"
"29-06-2026 16:53:29","5001","Information","Microsoft-Windows-HelloForBusiness","A user signed into the device with the following information:

Username: SYSTEM
User SID: S-1-5-18
Credential Type: Software Key
Deployment Type: Key Trust"
"29-06-2026 16:53:29","5702","Information","Microsoft-Windows-HelloForBusiness","Windows Hello wrote following protector properties to disk: HResult = 0x0, PIN protector = true, Bio protector = false, Secure Bio Protector = false, Recovery protector = true, Preboot protector = false"
"29-06-2026 16:53:28","5002","Information","Microsoft-Windows-HelloForBusiness","A user is signing into the device with the following gesture information:

Type: Invalid
Subtype: No Bio"
"29-06-2026 16:26:14","5001","Information","Microsoft-Windows-HelloForBusiness","A user signed into the device with the following information:

Username: SYSTEM
User SID: S-1-5-18
Credential Type: Software Key
Deployment Type: Key Trust"
"29-06-2026 16:26:14","5702","Information","Microsoft-Windows-HelloForBusiness","Windows Hello wrote following protector properties to disk: HResult = 0x0, PIN protector = true, Bio protector = false, Secure Bio Protector = false, Recovery protector = true, Preboot protector = false"
"29-06-2026 16:26:14","5002","Information","Microsoft-Windows-HelloForBusiness","A user is signing into the device with the following gesture information:

Type: Invalid
Subtype: No Bio"
"29-06-2026 15:25:51","5001","Information","Microsoft-Windows-HelloForBusiness","A user signed into the device with the following information:

Username: SYSTEM
User SID: S-1-5-18
Credential Type: Software Key
Deployment Type: Key Trust"
"29-06-2026 15:25:51","5702","Information","Microsoft-Windows-HelloForBusiness","Windows Hello wrote following protector properties to disk: HResult = 0x0, PIN protector = true, Bio protector = false, Secure Bio Protector = false, Recovery protector = true, Preboot protector = false"
"29-06-2026 15:25:51","5002","Information","Microsoft-Windows-HelloForBusiness","A user is signing into the device with the following gesture information:

Type: Invalid
Subtype: No Bio"
"29-06-2026 15:24:43","5001","Information","Microsoft-Windows-HelloForBusiness","A user signed into the device with the following information:

Username: SYSTEM
User SID: S-1-5-18
Credential Type: Software Key
Deployment Type: Key Trust"
"29-06-2026 15:24:43","5702","Information","Microsoft-Windows-HelloForBusiness","Windows Hello wrote following protector properties to disk: HResult = 0x0, PIN protector = true, Bio protector = false, Secure Bio Protector = false, Recovery protector = true, Preboot protector = false"
"29-06-2026 15:24:42","5002","Information","Microsoft-Windows-HelloForBusiness","A user is signing into the device with the following gesture information:

Type: Invalid
Subtype: No Bio"
"29-06-2026 15:08:25","5001","Information","Microsoft-Windows-HelloForBusiness","A user signed into the device with the following information:

Username: SYSTEM
User SID: S-1-5-18
Credential Type: Software Key
Deployment Type: Key Trust"
"29-06-2026 15:08:25","5702","Information","Microsoft-Windows-HelloForBusiness","Windows Hello wrote following protector properties to disk: HResult = 0x0, PIN protector = true, Bio protector = false, Secure Bio Protector = false, Recovery protector = true, Preboot protector = false"
"29-06-2026 15:08:25","5002","Information","Microsoft-Windows-HelloForBusiness","A user is signing into the device with the following gesture information:

Type: Invalid
Subtype: No Bio"
"29-06-2026 14:26:40","5205","Information","Microsoft-Windows-HelloForBusiness","Windows Hello for Business On-Premise authentication configurations: 

Certificate Enrollment Method: None
Certificate Required for On-Premise Auth: false
Use Cloud Trust for On-Premise Auth: false
Account has Cloud TGT: false"
"29-06-2026 14:26:40","5205","Information","Microsoft-Windows-HelloForBusiness","Windows Hello for Business On-Premise authentication configurations: 

Certificate Enrollment Method: None
Certificate Required for On-Premise Auth: false
Use Cloud Trust for On-Premise Auth: false
Account has Cloud TGT: false"
"29-06-2026 14:26:40","5205","Information","Microsoft-Windows-HelloForBusiness","Windows Hello for Business On-Premise authentication configurations: 

Certificate Enrollment Method: None
Certificate Required for On-Premise Auth: false
Use Cloud Trust for On-Premise Auth: false
Account has Cloud TGT: false"
"29-06-2026 14:26:40","5205","Information","Microsoft-Windows-HelloForBusiness","Windows Hello for Business On-Premise authentication configurations: 

Certificate Enrollment Method: None
Certificate Required for On-Premise Auth: false
Use Cloud Trust for On-Premise Auth: false
Account has Cloud TGT: false"
"29-06-2026 14:26:39","5205","Information","Microsoft-Windows-HelloForBusiness","Windows Hello for Business On-Premise authentication configurations: 

Certificate Enrollment Method: None
Certificate Required for On-Premise Auth: false
Use Cloud Trust for On-Premise Auth: false
Account has Cloud TGT: false"
"29-06-2026 14:12:47","5001","Information","Microsoft-Windows-HelloForBusiness","A user signed into the device with the following information:

Username: SYSTEM
User SID: S-1-5-18
Credential Type: Software Key
Deployment Type: Key Trust"
"29-06-2026 14:12:47","5702","Information","Microsoft-Windows-HelloForBusiness","Windows Hello wrote following protector properties to disk: HResult = 0x0, PIN protector = true, Bio protector = false, Secure Bio Protector = false, Recovery protector = true, Preboot protector = false"
"29-06-2026 14:12:47","5002","Information","Microsoft-Windows-HelloForBusiness","A user is signing into the device with the following gesture information:

Type: Invalid
Subtype: No Bio"
"29-06-2026 14:05:58","5001","Information","Microsoft-Windows-HelloForBusiness","A user signed into the device with the following information:

Username: SYSTEM
User SID: S-1-5-18
Credential Type: Software Key
Deployment Type: Key Trust"
"29-06-2026 14:05:58","5702","Information","Microsoft-Windows-HelloForBusiness","Windows Hello wrote following protector properties to disk: HResult = 0x0, PIN protector = true, Bio protector = false, Secure Bio Protector = false, Recovery protector = true, Preboot protector = false"
"29-06-2026 14:05:58","5002","Information","Microsoft-Windows-HelloForBusiness","A user is signing into the device with the following gesture information:

Type: Invalid
Subtype: No Bio"
"29-06-2026 13:57:52","5001","Information","Microsoft-Windows-HelloForBusiness","A user signed into the device with the following information:

Username: SYSTEM
User SID: S-1-5-18
Credential Type: Software Key
Deployment Type: Key Trust"
"29-06-2026 13:57:52","5702","Information","Microsoft-Windows-HelloForBusiness","Windows Hello wrote following protector properties to disk: HResult = 0x0, PIN protector = true, Bio protector = false, Secure Bio Protector = false, Recovery protector = true, Preboot protector = false"
"29-06-2026 13:57:51","5002","Information","Microsoft-Windows-HelloForBusiness","A user is signing into the device with the following gesture information:

Type: Invalid
Subtype: No Bio"
"29-06-2026 13:02:56","5001","Information","Microsoft-Windows-HelloForBusiness","A user signed into the device with the following information:

Username: SYSTEM
User SID: S-1-5-18
Credential Type: Software Key
Deployment Type: Key Trust"
"29-06-2026 13:02:56","5702","Information","Microsoft-Windows-HelloForBusiness","Windows Hello wrote following protector properties to disk: HResult = 0x0, PIN protector = true, Bio protector = false, Secure Bio Protector = false, Recovery protector = true, Preboot protector = false"
"29-06-2026 13:02:56","5002","Information","Microsoft-Windows-HelloForBusiness","A user is signing into the device with the following gesture information:

Type: Invalid
Subtype: No Bio"
"29-06-2026 11:43:16","5001","Information","Microsoft-Windows-HelloForBusiness","A user signed into the device with the following information:

Username: SYSTEM
User SID: S-1-5-18
Credential Type: Software Key
Deployment Type: Key Trust"
"29-06-2026 11:43:15","5702","Information","Microsoft-Windows-HelloForBusiness","Windows Hello wrote following protector properties to disk: HResult = 0x0, PIN protector = true, Bio protector = false, Secure Bio Protector = false, Recovery protector = true, Preboot protector = false"
"29-06-2026 11:43:15","5002","Information","Microsoft-Windows-HelloForBusiness","A user is signing into the device with the following gesture information:

Type: Invalid
Subtype: No Bio"
"29-06-2026 11:28:28","5000","Information","Microsoft-Windows-HelloForBusiness","TPM Manufacturer: ST Microelectronics
Version: 2.0
Firmware Version: 1.769.0.0
Is Ready: true"
"29-06-2026 11:28:28","8025","Success","Microsoft-Windows-HelloForBusiness","The Microsoft Passport service started successfully."
"29-06-2026 10:35:17","5000","Information","Microsoft-Windows-HelloForBusiness","TPM Manufacturer: ST Microelectronics
Version: 2.0
Firmware Version: 1.769.0.0
Is Ready: true"
"29-06-2026 10:35:17","8025","Success","Microsoft-Windows-HelloForBusiness","The Microsoft Passport service started successfully."
"29-06-2026 10:24:41","5205","Information","Microsoft-Windows-HelloForBusiness","Windows Hello for Business On-Premise authentication configurations: 

Certificate Enrollment Method: None
Certificate Required for On-Premise Auth: false
Use Cloud Trust for On-Premise Auth: false
Account has Cloud TGT: false"
"29-06-2026 10:24:21","8025","Success","Microsoft-Windows-HelloForBusiness","The Microsoft Passport Container service started successfully."
"29-06-2026 10:24:20","8002","Success","Microsoft-Windows-HelloForBusiness","Successfully loaded an existing hardware Windows Hello container.

ID: {dc3bf01d-2dbb-4626-b5cb-24709c65303f}
Version: 2
Has Cached Logon Key: true
State: Okay"
"29-06-2026 10:24:20","5701","Information","Microsoft-Windows-HelloForBusiness","Windows Hello read following protector properties from disk: HResult = 0x0, PIN protector = true, Bio protector = false, Secure Bio Protector = false, Recovery protector = true, Preboot protector = false"
"29-06-2026 10:24:19","5000","Information","Microsoft-Windows-HelloForBusiness","TPM Manufacturer: ST Microelectronics
Version: 2.0
Firmware Version: 1.769.0.0
Is Ready: true"
"29-06-2026 10:24:19","8025","Success","Microsoft-Windows-HelloForBusiness","The Microsoft Passport service started successfully."
"29-06-2026 09:46:48","5001","Information","Microsoft-Windows-HelloForBusiness","A user signed into the device with the following information:

Username: SYSTEM
User SID: S-1-5-18
Credential Type: Software Key
Deployment Type: Key Trust"
"29-06-2026 09:46:48","5702","Information","Microsoft-Windows-HelloForBusiness","Windows Hello wrote following protector properties to disk: HResult = 0x0, PIN protector = true, Bio protector = false, Secure Bio Protector = false, Recovery protector = true, Preboot protector = false"
"29-06-2026 09:46:48","5002","Information","Microsoft-Windows-HelloForBusiness","A user is signing into the device with the following gesture information:

Type: Invalid
Subtype: No Bio"
"29-06-2026 09:20:14","5000","Information","Microsoft-Windows-HelloForBusiness","TPM Manufacturer: ST Microelectronics
Version: 2.0
Firmware Version: 1.769.0.0
Is Ready: true"
"29-06-2026 09:20:14","8025","Success","Microsoft-Windows-HelloForBusiness","The Microsoft Passport service started successfully."
"29-06-2026 09:15:38","5205","Information","Microsoft-Windows-HelloForBusiness","Windows Hello for Business On-Premise authentication configurations: 

Certificate Enrollment Method: None
Certificate Required for On-Premise Auth: false
Use Cloud Trust for On-Premise Auth: false
Account has Cloud TGT: false"
"29-06-2026 09:13:25","5000","Information","Microsoft-Windows-HelloForBusiness","TPM Manufacturer: ST Microelectronics
Version: 2.0
Firmware Version: 1.769.0.0
Is Ready: true"
"29-06-2026 09:13:25","8025","Success","Microsoft-Windows-HelloForBusiness","The Microsoft Passport service started successfully."
"29-06-2026 09:02:52","5205","Information","Microsoft-Windows-HelloForBusiness","Windows Hello for Business On-Premise authentication configurations: 

Certificate Enrollment Method: None
Certificate Required for On-Premise Auth: false
Use Cloud Trust for On-Premise Auth: false
Account has Cloud TGT: false"
"29-06-2026 09:02:31","8025","Success","Microsoft-Windows-HelloForBusiness","The Microsoft Passport Container service started successfully."
"29-06-2026 09:02:31","8002","Success","Microsoft-Windows-HelloForBusiness","Successfully loaded an existing hardware Windows Hello container.

ID: {dc3bf01d-2dbb-4626-b5cb-24709c65303f}
Version: 2
Has Cached Logon Key: true
State: Okay"
"29-06-2026 09:02:31","5701","Information","Microsoft-Windows-HelloForBusiness","Windows Hello read following protector properties from disk: HResult = 0x0, PIN protector = true, Bio protector = false, Secure Bio Protector = false, Recovery protector = true, Preboot protector = false"
"29-06-2026 09:02:30","5000","Information","Microsoft-Windows-HelloForBusiness","TPM Manufacturer: ST Microelectronics
Version: 2.0
Firmware Version: 1.769.0.0
Is Ready: true"
"29-06-2026 09:02:30","8025","Success","Microsoft-Windows-HelloForBusiness","The Microsoft Passport service started successfully."
"26-06-2026 18:22:05","5001","Information","Microsoft-Windows-HelloForBusiness","A user signed into the device with the following information:

Username: SYSTEM
User SID: S-1-5-18
Credential Type: Software Key
Deployment Type: Key Trust"
"26-06-2026 18:22:05","5702","Information","Microsoft-Windows-HelloForBusiness","Windows Hello wrote following protector properties to disk: HResult = 0x0, PIN protector = true, Bio protector = false, Secure Bio Protector = false, Recovery protector = true, Preboot protector = false"
"26-06-2026 18:22:05","5002","Information","Microsoft-Windows-HelloForBusiness","A user is signing into the device with the following gesture information:

Type: Invalid
Subtype: No Bio"
"26-06-2026 17:43:20","5205","Information","Microsoft-Windows-HelloForBusiness","Windows Hello for Business On-Premise authentication configurations: 

Certificate Enrollment Method: None
Certificate Required for On-Premise Auth: false
Use Cloud Trust for On-Premise Auth: false
Account has Cloud TGT: false"
"26-06-2026 17:25:34","5001","Information","Microsoft-Windows-HelloForBusiness","A user signed into the device with the following information:

Username: SYSTEM
User SID: S-1-5-18
Credential Type: Software Key
Deployment Type: Key Trust"
"26-06-2026 17:25:34","5702","Information","Microsoft-Windows-HelloForBusiness","Windows Hello wrote following protector properties to disk: HResult = 0x0, PIN protector = true, Bio protector = false, Secure Bio Protector = false, Recovery protector = true, Preboot protector = false"
"26-06-2026 17:25:34","5002","Information","Microsoft-Windows-HelloForBusiness","A user is signing into the device with the following gesture information:

Type: Invalid
Subtype: No Bio"
"26-06-2026 16:46:14","5702","Information","Microsoft-Windows-HelloForBusiness","Windows Hello wrote following protector properties to disk: HResult = 0x0, PIN protector = true, Bio protector = false, Secure Bio Protector = false, Recovery protector = true, Preboot protector = false"
"26-06-2026 16:46:14","8060","Success","Microsoft-Windows-HelloForBusiness","Windows Hello successfully created a PIN recovery key for user S-1-12-1-2357405129-1281513531-255772574-1816207334.
Processing time: 0 seconds"
"26-06-2026 16:46:14","5001","Information","Microsoft-Windows-HelloForBusiness","A user signed into the device with the following information:

Username: SYSTEM
User SID: S-1-5-18
Credential Type: Software Key
Deployment Type: Key Trust"
"26-06-2026 16:46:13","5702","Information","Microsoft-Windows-HelloForBusiness","Windows Hello wrote following protector properties to disk: HResult = 0x0, PIN protector = true, Bio protector = false, Secure Bio Protector = false, Recovery protector = true, Preboot protector = false"
"26-06-2026 16:46:13","5702","Information","Microsoft-Windows-HelloForBusiness","Windows Hello wrote following protector properties to disk: HResult = 0x0, PIN protector = true, Bio protector = false, Secure Bio Protector = false, Recovery protector = false, Preboot protector = false"
"26-06-2026 16:46:13","5002","Information","Microsoft-Windows-HelloForBusiness","A user is signing into the device with the following gesture information:

Type: Invalid
Subtype: No Bio"
"26-06-2026 15:59:11","5702","Information","Microsoft-Windows-HelloForBusiness","Windows Hello wrote following protector properties to disk: HResult = 0x0, PIN protector = true, Bio protector = false, Secure Bio Protector = false, Recovery protector = false, Preboot protector = false"
"26-06-2026 15:59:11","7060","Error","Microsoft-Windows-HelloForBusiness","Windows Hello failed to create a PIN recovery key for user S-1-12-1-2357405129-1281513531-255772574-1816207334.
Error: Unknown error 0x80072EE7 (0x80072EE7)
Correlation vector: 4CYH2+un4kuNTFx+mIeQQQ.0
Processing time: 11 seconds."
"26-06-2026 15:59:00","5702","Information","Microsoft-Windows-HelloForBusiness","Windows Hello wrote following protector properties to disk: HResult = 0x0, PIN protector = true, Bio protector = false, Secure Bio Protector = false, Recovery protector = true, Preboot protector = false"
"26-06-2026 15:59:00","5702","Information","Microsoft-Windows-HelloForBusiness","Windows Hello wrote following protector properties to disk: HResult = 0x0, PIN protector = true, Bio protector = false, Secure Bio Protector = false, Recovery protector = false, Preboot protector = false"
"26-06-2026 15:58:49","5001","Information","Microsoft-Windows-HelloForBusiness","A user signed into the device with the following information:

Username: SYSTEM
User SID: S-1-5-18
Credential Type: Software Key
Deployment Type: Key Trust"
"26-06-2026 15:58:49","5702","Information","Microsoft-Windows-HelloForBusiness","Windows Hello wrote following protector properties to disk: HResult = 0x0, PIN protector = true, Bio protector = false, Secure Bio Protector = false, Recovery protector = true, Preboot protector = false"
"26-06-2026 15:58:48","5002","Information","Microsoft-Windows-HelloForBusiness","A user is signing into the device with the following gesture information:

Type: Invalid
Subtype: No Bio"
"26-06-2026 13:54:45","5001","Information","Microsoft-Windows-HelloForBusiness","A user signed into the device with the following information:

Username: SYSTEM
User SID: S-1-5-18
Credential Type: Software Key
Deployment Type: Key Trust"
"26-06-2026 13:54:45","5702","Information","Microsoft-Windows-HelloForBusiness","Windows Hello wrote following protector properties to disk: HResult = 0x0, PIN protector = true, Bio protector = false, Secure Bio Protector = false, Recovery protector = true, Preboot protector = false"
"26-06-2026 13:54:45","5002","Information","Microsoft-Windows-HelloForBusiness","A user is signing into the device with the following gesture information:

Type: Invalid
Subtype: No Bio"
"26-06-2026 13:14:38","5001","Information","Microsoft-Windows-HelloForBusiness","A user signed into the device with the following information:

Username: SYSTEM
User SID: S-1-5-18
Credential Type: Software Key
Deployment Type: Key Trust"
"26-06-2026 13:14:38","5702","Information","Microsoft-Windows-HelloForBusiness","Windows Hello wrote following protector properties to disk: HResult = 0x0, PIN protector = true, Bio protector = false, Secure Bio Protector = false, Recovery protector = true, Preboot protector = false"
"26-06-2026 13:14:38","5002","Information","Microsoft-Windows-HelloForBusiness","A user is signing into the device with the following gesture information:

Type: Invalid
Subtype: No Bio"
"26-06-2026 12:29:19","5001","Information","Microsoft-Windows-HelloForBusiness","A user signed into the device with the following information:

Username: SYSTEM
User SID: S-1-5-18
Credential Type: Software Key
Deployment Type: Key Trust"
"26-06-2026 12:29:19","5702","Information","Microsoft-Windows-HelloForBusiness","Windows Hello wrote following protector properties to disk: HResult = 0x0, PIN protector = true, Bio protector = false, Secure Bio Protector = false, Recovery protector = true, Preboot protector = false"
"26-06-2026 12:29:19","5002","Information","Microsoft-Windows-HelloForBusiness","A user is signing into the device with the following gesture information:

Type: Invalid
Subtype: No Bio"
"26-06-2026 11:53:02","5001","Information","Microsoft-Windows-HelloForBusiness","A user signed into the device with the following information:

Username: SYSTEM
User SID: S-1-5-18
Credential Type: Software Key
Deployment Type: Key Trust"
"26-06-2026 11:53:02","5702","Information","Microsoft-Windows-HelloForBusiness","Windows Hello wrote following protector properties to disk: HResult = 0x0, PIN protector = true, Bio protector = false, Secure Bio Protector = false, Recovery protector = true, Preboot protector = false"
"26-06-2026 11:53:02","5002","Information","Microsoft-Windows-HelloForBusiness","A user is signing into the device with the following gesture information:

Type: Invalid
Subtype: No Bio"
"26-06-2026 10:31:34","5001","Information","Microsoft-Windows-HelloForBusiness","A user signed into the device with the following information:

Username: SYSTEM
User SID: S-1-5-18
Credential Type: Software Key
Deployment Type: Key Trust"
"26-06-2026 10:31:34","5702","Information","Microsoft-Windows-HelloForBusiness","Windows Hello wrote following protector properties to disk: HResult = 0x0, PIN protector = true, Bio protector = false, Secure Bio Protector = false, Recovery protector = true, Preboot protector = false"
"26-06-2026 10:31:34","5002","Information","Microsoft-Windows-HelloForBusiness","A user is signing into the device with the following gesture information:

Type: Invalid
Subtype: No Bio"
"26-06-2026 10:00:09","5001","Information","Microsoft-Windows-HelloForBusiness","A user signed into the device with the following information:

Username: SYSTEM
User SID: S-1-5-18
Credential Type: Software Key
Deployment Type: Key Trust"
"26-06-2026 10:00:09","5702","Information","Microsoft-Windows-HelloForBusiness","Windows Hello wrote following protector properties to disk: HResult = 0x0, PIN protector = true, Bio protector = false, Secure Bio Protector = false, Recovery protector = true, Preboot protector = false"
"26-06-2026 10:00:09","5002","Information","Microsoft-Windows-HelloForBusiness","A user is signing into the device with the following gesture information:

Type: Invalid
Subtype: No Bio"
"26-06-2026 09:43:42","5001","Information","Microsoft-Windows-HelloForBusiness","A user signed into the device with the following information:

Username: SYSTEM
User SID: S-1-5-18
Credential Type: Software Key
Deployment Type: Key Trust"
"26-06-2026 09:43:10","5702","Information","Microsoft-Windows-HelloForBusiness","Windows Hello wrote following protector properties to disk: HResult = 0x0, PIN protector = true, Bio protector = false, Secure Bio Protector = false, Recovery protector = true, Preboot protector = false"
"26-06-2026 09:43:10","5002","Information","Microsoft-Windows-HelloForBusiness","A user is signing into the device with the following gesture information:

Type: Invalid
Subtype: No Bio"
"25-06-2026 17:14:30","5001","Information","Microsoft-Windows-HelloForBusiness","A user signed into the device with the following information:

Username: SYSTEM
User SID: S-1-5-18
Credential Type: Software Key
Deployment Type: Key Trust"
"25-06-2026 17:14:30","5702","Information","Microsoft-Windows-HelloForBusiness","Windows Hello wrote following protector properties to disk: HResult = 0x0, PIN protector = true, Bio protector = false, Secure Bio Protector = false, Recovery protector = true, Preboot protector = false"
"25-06-2026 17:14:30","5002","Information","Microsoft-Windows-HelloForBusiness","A user is signing into the device with the following gesture information:

Type: Invalid
Subtype: No Bio"
"25-06-2026 17:04:59","5001","Information","Microsoft-Windows-HelloForBusiness","A user signed into the device with the following information:

Username: SYSTEM
User SID: S-1-5-18
Credential Type: Software Key
Deployment Type: Key Trust"
"25-06-2026 17:04:59","5702","Information","Microsoft-Windows-HelloForBusiness","Windows Hello wrote following protector properties to disk: HResult = 0x0, PIN protector = true, Bio protector = false, Secure Bio Protector = false, Recovery protector = true, Preboot protector = false"
"25-06-2026 17:04:59","5002","Information","Microsoft-Windows-HelloForBusiness","A user is signing into the device with the following gesture information:

Type: Invalid
Subtype: No Bio"
"25-06-2026 16:21:00","5001","Information","Microsoft-Windows-HelloForBusiness","A user signed into the device with the following information:

Username: SYSTEM
User SID: S-1-5-18
Credential Type: Software Key
Deployment Type: Key Trust"
"25-06-2026 16:21:00","5702","Information","Microsoft-Windows-HelloForBusiness","Windows Hello wrote following protector properties to disk: HResult = 0x0, PIN protector = true, Bio protector = false, Secure Bio Protector = false, Recovery protector = true, Preboot protector = false"
"25-06-2026 16:20:59","5002","Information","Microsoft-Windows-HelloForBusiness","A user is signing into the device with the following gesture information:

Type: Invalid
Subtype: No Bio"
"25-06-2026 13:24:12","5001","Information","Microsoft-Windows-HelloForBusiness","A user signed into the device with the following information:

Username: SYSTEM
User SID: S-1-5-18
Credential Type: Software Key
Deployment Type: Key Trust"
"25-06-2026 13:24:12","5702","Information","Microsoft-Windows-HelloForBusiness","Windows Hello wrote following protector properties to disk: HResult = 0x0, PIN protector = true, Bio protector = false, Secure Bio Protector = false, Recovery protector = true, Preboot protector = false"
"25-06-2026 13:24:12","5002","Information","Microsoft-Windows-HelloForBusiness","A user is signing into the device with the following gesture information:

Type: Invalid
Subtype: No Bio"
"25-06-2026 10:29:22","5001","Information","Microsoft-Windows-HelloForBusiness","A user signed into the device with the following information:

Username: SYSTEM
User SID: S-1-5-18
Credential Type: Software Key
Deployment Type: Key Trust"
"25-06-2026 10:29:22","5702","Information","Microsoft-Windows-HelloForBusiness","Windows Hello wrote following protector properties to disk: HResult = 0x0, PIN protector = true, Bio protector = false, Secure Bio Protector = false, Recovery protector = true, Preboot protector = false"
"25-06-2026 10:29:22","5002","Information","Microsoft-Windows-HelloForBusiness","A user is signing into the device with the following gesture information:

Type: Invalid
Subtype: No Bio"
"25-06-2026 10:25:42","7001","Error","Microsoft-Windows-HelloForBusiness","A user failed to sign into the device with the following information:

Username: SYSTEM
User SID: S-1-5-18
Credential Type: Software Key
Deployment Type: Key Trust
Software Lockout Counter: 0
Authentication Error Status: 0xC000006D
Authentication Error Substatus: 0xC0000380"
"25-06-2026 10:25:42","5002","Information","Microsoft-Windows-HelloForBusiness","A user is signing into the device with the following gesture information:

Type: Invalid
Subtype: No Bio"
"25-06-2026 10:24:56","5001","Information","Microsoft-Windows-HelloForBusiness","A user signed into the device with the following information:

Username: SYSTEM
User SID: S-1-5-18
Credential Type: Software Key
Deployment Type: Key Trust"
"25-06-2026 10:24:56","5702","Information","Microsoft-Windows-HelloForBusiness","Windows Hello wrote following protector properties to disk: HResult = 0x0, PIN protector = true, Bio protector = false, Secure Bio Protector = false, Recovery protector = true, Preboot protector = false"
"25-06-2026 10:24:56","5002","Information","Microsoft-Windows-HelloForBusiness","A user is signing into the device with the following gesture information:

Type: Invalid
Subtype: No Bio"
"25-06-2026 10:24:49","5000","Information","Microsoft-Windows-HelloForBusiness","TPM Manufacturer: ST Microelectronics
Version: 2.0
Firmware Version: 1.769.0.0
Is Ready: true"
"25-06-2026 10:24:49","8025","Success","Microsoft-Windows-HelloForBusiness","The Microsoft Passport service started successfully."
"25-06-2026 09:49:05","5000","Information","Microsoft-Windows-HelloForBusiness","TPM Manufacturer: ST Microelectronics
Version: 2.0
Firmware Version: 1.769.0.0
Is Ready: true"
"25-06-2026 09:49:05","8025","Success","Microsoft-Windows-HelloForBusiness","The Microsoft Passport service started successfully."
"25-06-2026 09:47:26","5205","Information","Microsoft-Windows-HelloForBusiness","Windows Hello for Business On-Premise authentication configurations: 

Certificate Enrollment Method: None
Certificate Required for On-Premise Auth: false
Use Cloud Trust for On-Premise Auth: false
Account has Cloud TGT: false"
"25-06-2026 09:38:29","5205","Information","Microsoft-Windows-HelloForBusiness","Windows Hello for Business On-Premise authentication configurations: 

Certificate Enrollment Method: None
Certificate Required for On-Premise Auth: false
Use Cloud Trust for On-Premise Auth: false
Account has Cloud TGT: false"
"25-06-2026 09:36:03","8025","Success","Microsoft-Windows-HelloForBusiness","The Microsoft Passport Container service started successfully."
"25-06-2026 09:36:02","8002","Success","Microsoft-Windows-HelloForBusiness","Successfully loaded an existing hardware Windows Hello container.

ID: {dc3bf01d-2dbb-4626-b5cb-24709c65303f}
Version: 2
Has Cached Logon Key: true
State: Okay"
"25-06-2026 09:36:02","5701","Information","Microsoft-Windows-HelloForBusiness","Windows Hello read following protector properties from disk: HResult = 0x0, PIN protector = true, Bio protector = false, Secure Bio Protector = false, Recovery protector = true, Preboot protector = false"
"25-06-2026 09:36:01","5000","Information","Microsoft-Windows-HelloForBusiness","TPM Manufacturer: ST Microelectronics
Version: 2.0
Firmware Version: 1.769.0.0
Is Ready: true"
"25-06-2026 09:36:01","8025","Success","Microsoft-Windows-HelloForBusiness","The Microsoft Passport service started successfully."
"25-06-2026 09:32:11","5001","Information","Microsoft-Windows-HelloForBusiness","A user signed into the device with the following information:

Username: SYSTEM
User SID: S-1-5-18
Credential Type: Software Key
Deployment Type: Key Trust"
"25-06-2026 09:32:11","5702","Information","Microsoft-Windows-HelloForBusiness","Windows Hello wrote following protector properties to disk: HResult = 0x0, PIN protector = true, Bio protector = false, Secure Bio Protector = false, Recovery protector = true, Preboot protector = false"
"25-06-2026 09:32:11","5002","Information","Microsoft-Windows-HelloForBusiness","A user is signing into the device with the following gesture information:

Type: Invalid
Subtype: No Bio"
"24-06-2026 17:48:40","5001","Information","Microsoft-Windows-HelloForBusiness","A user signed into the device with the following information:

Username: SYSTEM
User SID: S-1-5-18
Credential Type: Software Key
Deployment Type: Key Trust"
"24-06-2026 17:48:39","5702","Information","Microsoft-Windows-HelloForBusiness","Windows Hello wrote following protector properties to disk: HResult = 0x0, PIN protector = true, Bio protector = false, Secure Bio Protector = false, Recovery protector = true, Preboot protector = false"
"24-06-2026 17:48:39","5002","Information","Microsoft-Windows-HelloForBusiness","A user is signing into the device with the following gesture information:

Type: Invalid
Subtype: No Bio"
"24-06-2026 17:07:37","5001","Information","Microsoft-Windows-HelloForBusiness","A user signed into the device with the following information:

Username: SYSTEM
User SID: S-1-5-18
Credential Type: Software Key
Deployment Type: Key Trust"
"24-06-2026 17:07:36","5702","Information","Microsoft-Windows-HelloForBusiness","Windows Hello wrote following protector properties to disk: HResult = 0x0, PIN protector = true, Bio protector = false, Secure Bio Protector = false, Recovery protector = true, Preboot protector = false"
"24-06-2026 17:07:36","5002","Information","Microsoft-Windows-HelloForBusiness","A user is signing into the device with the following gesture information:

Type: Invalid
Subtype: No Bio"
"24-06-2026 15:18:16","5001","Information","Microsoft-Windows-HelloForBusiness","A user signed into the device with the following information:

Username: SYSTEM
User SID: S-1-5-18
Credential Type: Software Key
Deployment Type: Key Trust"
"24-06-2026 15:18:16","5702","Information","Microsoft-Windows-HelloForBusiness","Windows Hello wrote following protector properties to disk: HResult = 0x0, PIN protector = true, Bio protector = false, Secure Bio Protector = false, Recovery protector = true, Preboot protector = false"
"24-06-2026 15:18:16","5002","Information","Microsoft-Windows-HelloForBusiness","A user is signing into the device with the following gesture information:

Type: Invalid
Subtype: No Bio"
"24-06-2026 13:02:32","5001","Information","Microsoft-Windows-HelloForBusiness","A user signed into the device with the following information:

Username: SYSTEM
User SID: S-1-5-18
Credential Type: Software Key
Deployment Type: Key Trust"
"24-06-2026 13:02:32","5702","Information","Microsoft-Windows-HelloForBusiness","Windows Hello wrote following protector properties to disk: HResult = 0x0, PIN protector = true, Bio protector = false, Secure Bio Protector = false, Recovery protector = true, Preboot protector = false"
"24-06-2026 13:02:32","5002","Information","Microsoft-Windows-HelloForBusiness","A user is signing into the device with the following gesture information:

Type: Invalid
Subtype: No Bio"
"24-06-2026 12:27:15","5205","Information","Microsoft-Windows-HelloForBusiness","Windows Hello for Business On-Premise authentication configurations: 

Certificate Enrollment Method: None
Certificate Required for On-Premise Auth: false
Use Cloud Trust for On-Premise Auth: false
Account has Cloud TGT: false"
"24-06-2026 12:11:46","5001","Information","Microsoft-Windows-HelloForBusiness","A user signed into the device with the following information:

Username: SYSTEM
User SID: S-1-5-18
Credential Type: Software Key
Deployment Type: Key Trust"
"24-06-2026 12:11:46","5702","Information","Microsoft-Windows-HelloForBusiness","Windows Hello wrote following protector properties to disk: HResult = 0x0, PIN protector = true, Bio protector = false, Secure Bio Protector = false, Recovery protector = true, Preboot protector = false"
"24-06-2026 12:11:46","5002","Information","Microsoft-Windows-HelloForBusiness","A user is signing into the device with the following gesture information:

Type: Invalid
Subtype: No Bio"
"24-06-2026 12:07:02","5001","Information","Microsoft-Windows-HelloForBusiness","A user signed into the device with the following information:

Username: SYSTEM
User SID: S-1-5-18
Credential Type: Software Key
Deployment Type: Key Trust"
"24-06-2026 12:07:02","5702","Information","Microsoft-Windows-HelloForBusiness","Windows Hello wrote following protector properties to disk: HResult = 0x0, PIN protector = true, Bio protector = false, Secure Bio Protector = false, Recovery protector = true, Preboot protector = false"
"24-06-2026 12:07:02","5002","Information","Microsoft-Windows-HelloForBusiness","A user is signing into the device with the following gesture information:

Type: Invalid
Subtype: No Bio"
"24-06-2026 11:42:55","5001","Information","Microsoft-Windows-HelloForBusiness","A user signed into the device with the following information:

Username: SYSTEM
User SID: S-1-5-18
Credential Type: Software Key
Deployment Type: Key Trust"
"24-06-2026 11:42:55","5702","Information","Microsoft-Windows-HelloForBusiness","Windows Hello wrote following protector properties to disk: HResult = 0x0, PIN protector = true, Bio protector = false, Secure Bio Protector = false, Recovery protector = true, Preboot protector = false"
"24-06-2026 11:42:55","5002","Information","Microsoft-Windows-HelloForBusiness","A user is signing into the device with the following gesture information:

Type: Invalid
Subtype: No Bio"
"24-06-2026 11:27:25","5001","Information","Microsoft-Windows-HelloForBusiness","A user signed into the device with the following information:

Username: SYSTEM
User SID: S-1-5-18
Credential Type: Software Key
Deployment Type: Key Trust"
"24-06-2026 11:27:25","5702","Information","Microsoft-Windows-HelloForBusiness","Windows Hello wrote following protector properties to disk: HResult = 0x0, PIN protector = true, Bio protector = false, Secure Bio Protector = false, Recovery protector = true, Preboot protector = false"
"24-06-2026 11:27:24","5002","Information","Microsoft-Windows-HelloForBusiness","A user is signing into the device with the following gesture information:

Type: Invalid
Subtype: No Bio"
