"19-08-2026 10:07:30","2006","Information","Microsoft-Windows-Install-Agent","Failure detected
Error: JSON value not found.
Function: 
Source: onecoreuap\enduser\winstore\installservice\lib\settings.cpp (558)"
"19-08-2026 10:07:30","2005","Verbose","Microsoft-Windows-Install-Agent","CheckpointAbandonmentRules fetched from OneSettings payload: [{""callerApplicationIdKeyword"":""WindowsStore"",""systemAttemptCountThreshold"":5,""creationTimestampThresholdInDays"":2},{""callerApplicationIdKeyword"":""MoUsoCoreWorker"",""systemAttemptCountThreshold"":2,""creationTimestampThresholdInDays"":2}]
Error: Unknown HResult Error code: 0xefffffff
Function: _ReadCheckpointAbandonmentRules
Source: onecoreuap\enduser\winstore\installservice\lib\settings.cpp (4907)"
"19-08-2026 10:07:30","2005","Verbose","Microsoft-Windows-Install-Agent","SfEdgeFallbackEndpointUrl fetched from cache: https://sfdataservice.microsoft.com/package-retrieval
Error: Unknown HResult Error code: 0xefffffff
Function: _ReadSfEdgeFallbackEndpointUrl
Source: onecoreuap\enduser\winstore\installservice\lib\settings.cpp (4660)"
"19-08-2026 10:07:30","2005","Verbose","Microsoft-Windows-Install-Agent","ProductCatalogUrl fetched from cache: https://fe3cr.delivery.mp.microsoft.com/ClientWebService/client.asmx/secured
Error: Unknown HResult Error code: 0xefffffff
Function: _ReadProductCatalogUrl
Source: onecoreuap\enduser\winstore\installservice\lib\settings.cpp (4639)"
"19-08-2026 10:07:30","2005","Verbose","Microsoft-Windows-Install-Agent","DirectDownloadEnablementLiveCheckThreshold in milliseconds fetched from cache: 600000
Error: Unknown HResult Error code: 0xefffffff
Function: _ReadDirectDownloadEnablementLiveCheckThreshold
Source: onecoreuap\enduser\winstore\installservice\lib\settings.cpp (4617)"
"19-08-2026 10:07:30","2007","Warning","Microsoft-Windows-Install-Agent","Error while reading DirectDownloadReplacementSettings from OneSettings cache, value will remain empty
Error: Unknown HResult Error code: 0xefffffff
Function: DoInitializeOneSettingsConfiguration
Source: onecoreuap\enduser\winstore\installservice\lib\settings.cpp (2638)"
"19-08-2026 10:07:30","2006","Information","Microsoft-Windows-Install-Agent","Failure detected
Error: JSON value not found.
Function: 
Source: onecoreuap\enduser\winstore\installservice\lib\settings.cpp (4556)"
"19-08-2026 10:07:30","2006","Information","Microsoft-Windows-Install-Agent","DirectDownloadEnablementSettings Source field missing. Defaulting to Default.
Error: Unknown HResult Error code: 0xefffffff
Function: _ParseDirectDownloadSourceFromJson
Source: onecoreuap\enduser\winstore\installservice\lib\settings.cpp (4428)"
"19-08-2026 10:07:30","2006","Information","Microsoft-Windows-Install-Agent","DirectDownloadEnablementSettings Source field missing. Defaulting to Default.
Error: Unknown HResult Error code: 0xefffffff
Function: _ParseDirectDownloadSourceFromJson
Source: onecoreuap\enduser\winstore\installservice\lib\settings.cpp (4428)"
"19-08-2026 10:07:30","2006","Information","Microsoft-Windows-Install-Agent","DirectDownloadEnablementSettings Source field missing. Defaulting to Default.
Error: Unknown HResult Error code: 0xefffffff
Function: _ParseDirectDownloadSourceFromJson
Source: onecoreuap\enduser\winstore\installservice\lib\settings.cpp (4428)"
"19-08-2026 10:07:30","2006","Information","Microsoft-Windows-Install-Agent","DirectDownloadEnablementSettings Source field missing. Defaulting to Default.
Error: Unknown HResult Error code: 0xefffffff
Function: _ParseDirectDownloadSourceFromJson
Source: onecoreuap\enduser\winstore\installservice\lib\settings.cpp (4428)"
"19-08-2026 10:07:30","2006","Information","Microsoft-Windows-Install-Agent","DirectDownloadEnablementSettings Source field missing. Defaulting to Default.
Error: Unknown HResult Error code: 0xefffffff
Function: _ParseDirectDownloadSourceFromJson
Source: onecoreuap\enduser\winstore\installservice\lib\settings.cpp (4428)"
"19-08-2026 10:07:30","2006","Information","Microsoft-Windows-Install-Agent","DirectDownloadEnablementSettings Source field missing. Defaulting to Default.
Error: Unknown HResult Error code: 0xefffffff
Function: _ParseDirectDownloadSourceFromJson
Source: onecoreuap\enduser\winstore\installservice\lib\settings.cpp (4428)"
"19-08-2026 10:07:30","2006","Information","Microsoft-Windows-Install-Agent","DirectDownloadEnablementSettings Source field missing. Defaulting to Default.
Error: Unknown HResult Error code: 0xefffffff
Function: _ParseDirectDownloadSourceFromJson
Source: onecoreuap\enduser\winstore\installservice\lib\settings.cpp (4428)"
"19-08-2026 10:07:30","2006","Information","Microsoft-Windows-Install-Agent","DirectDownloadEnablementSettings Source field missing. Defaulting to Default.
Error: Unknown HResult Error code: 0xefffffff
Function: _ParseDirectDownloadSourceFromJson
Source: onecoreuap\enduser\winstore\installservice\lib\settings.cpp (4428)"
"19-08-2026 10:07:30","2005","Verbose","Microsoft-Windows-Install-Agent","DirectDownloadEnablementSettings fetched from OneSettings payload: [{""clientIds"":[],""hresults"":[],""regions"":[],""products"":[],""arches"":[],""installTypes"":[],""errorStages"":[""Install""],""listType"":""Disallowed""},{""clientIds"":[""Microsoft.WindowsStore_8wekyb3d8bbwe""],""hresults"":[],""regions"":[],""products"":[""9NKSQGP7F2NH"",""9NRX63209R7B"",""9NTXR16HNW1T"",""9PLM9XGG6VKS""],""arches"":[],""installTypes"":[],""errorStages"":[],""listType"":""Disallowed""},{""clientIds"":[],""hresults"":[""0x00000000"",""0x80004004"",""0x80070032"",""0x8007029C"",""0x8007045B"",""0x80070520"",""0x80073CFB"",""0x80073CFF"",""0x80073D0A"",""0x80073D13"",""0x80073D19"",""0x80073D22"",""0x80240008"",""0x8024001E"",""0x80240066"",""0x803FB003"",""0x803FB015"",""0xC8000710"",""0x80073CF4"",""0x80073D01"",""0x80070070"",""0x80073D21"",""0x80246017"",""0x80073CFE""],""regions"":[],""products"":[],""arches"":[],""installTypes"":[],""errorStages"":[],""listType"":""Disallowed""},{""clientIds"":[],""hresults"":[],""regions"":[],""products"":[""9PLRGHGXR4FM""],""arches"":[],""installTypes"":[""Install""],""errorStages"":[],""listType"":""Allowed""},{""clientIds"":[],""hresults"":[],""regions"":[""CN""],""products"":[],""arches"":[],""installTypes"":[],""errorStages"":[],""listType"":""Disallowed""},{""clientIds"":[],""hresults"":[],""regions"":[],""products"":[""9N3RK8ZV2ZR8"",""9NRZT3Q9R3DL"",""9P2B8MCSVPLN"",""9NPV76S164X5"",""9NBLGGH4RV3P"",""9NBLGGH4SVJT"",""9PHBC65ZG12V"",""9NKSQGP7F2NH"",""9NKRJ3SJ9SDG""],""arches"":[],""installTypes"":[],""errorStages"":[],""listType"":""Disallowed""},{""clientIds"":[""DellInc.AlienwareCommandCenter_htrsf667h5kn2"",""DSIC"",""explorer"",""AICompanion"",""HP.Omen.OmenCommandCenter"",""setup"",""Language Overlay Service"",""TabTip"",""LiveCaptions"",""Undetermined"",""GamingService""],""hresults"":[],""regions"":[],""products"":[],""arches"":[],""installTypes"":[],""errorStages"":[],""listType"":""Disallowed""},{""clientIds"":[],""hresults"":[],""regions"":[],""products"":[],""arches"":[],""installTypes"":[""Install""],""errorStages"":[],""listType"":""Allowed""}]
Error: Unknown HResult Error code: 0xefffffff
Function: _ReadDirectDownloadEnablementSettings
Source: onecoreuap\enduser\winstore\installservice\lib\settings.cpp (4503)"
"19-08-2026 10:07:30","2005","Verbose","Microsoft-Windows-Install-Agent","DirectDownloadEnablementState fetched from cache: 2
Error: Unknown HResult Error code: 0xefffffff
Function: _ReadDirectDownloadEnablementState
Source: onecoreuap\enduser\winstore\installservice\lib\settings.cpp (4479)"
"19-08-2026 10:07:30","2006","Information","Microsoft-Windows-Install-Agent","Failure detected
Error: JSON value not found.
Function: 
Source: onecoreuap\enduser\winstore\installservice\lib\settings.cpp (538)"
"19-08-2026 10:07:30","2006","Information","Microsoft-Windows-Install-Agent","Failure detected
Error: JSON value not found.
Function: 
Source: onecoreuap\enduser\winstore\installservice\lib\settings.cpp (558)"
"19-08-2026 10:07:30","2006","Information","Microsoft-Windows-Install-Agent","Failure detected
Error: JSON value not found.
Function: 
Source: onecoreuap\enduser\winstore\installservice\lib\settings.cpp (558)"
"19-08-2026 10:07:30","2006","Information","Microsoft-Windows-Install-Agent","Failure detected
Error: JSON value not found.
Function: 
Source: onecoreuap\enduser\winstore\installservice\lib\settings.cpp (538)"
"19-08-2026 10:07:30","2006","Information","Microsoft-Windows-Install-Agent","Failure detected
Error: JSON value not found.
Function: 
Source: onecoreuap\enduser\winstore\installservice\lib\settings.cpp (538)"
"19-08-2026 10:07:30","2005","Verbose","Microsoft-Windows-Install-Agent","OneSettingsOnlineScanCooldown (in seconds) = 30
Error: Unknown HResult Error code: 0xefffffff
Function: DoInitializeOneSettingsConfiguration
Source: onecoreuap\enduser\winstore\installservice\lib\settings.cpp (2521)"
"19-08-2026 10:07:30","2005","Verbose","Microsoft-Windows-Install-Agent","OneSettingsOnlineScansAllowedInInterval = 10
Error: Unknown HResult Error code: 0xefffffff
Function: DoInitializeOneSettingsConfiguration
Source: onecoreuap\enduser\winstore\installservice\lib\settings.cpp (2514)"
"19-08-2026 10:07:30","2005","Verbose","Microsoft-Windows-Install-Agent","OneSettingsOnlineScanInterval (in seconds) = 86400
Error: Unknown HResult Error code: 0xefffffff
Function: DoInitializeOneSettingsConfiguration
Source: onecoreuap\enduser\winstore\installservice\lib\settings.cpp (2512)"
"19-08-2026 10:07:30","2005","Verbose","Microsoft-Windows-Install-Agent","oneSettingsconcurrentDefaultInstalls = 3, oneSettingsconcurrentMinInstalls = 3
Error: Unknown HResult Error code: 0xefffffff
Function: GetConcurrentInstallsFromOneSettings
Source: onecoreuap\enduser\winstore\installservice\lib\settings.cpp (846)"
"19-08-2026 10:07:30","8001","Information","Microsoft-Windows-Store","Returning 1 lease documents for contentid 2907B935-0EA5-DCA1-85A7-75597491A18B
Function: ClipStorage::GetLeaseDocumentsForKeyDocument
Source: onecoreuap\enduser\winstore\licensemanager\lib\clipstorage.cpp (460)"
"19-08-2026 10:07:30","8001","Information","Microsoft-Windows-Store","Adding lease {3333EE9C-D345-1B8F-88FF-8AE773E4BB6F} to results
Function: ClipStorage::GetLeaseDocumentsForKeyDocument
Source: onecoreuap\enduser\winstore\licensemanager\lib\clipstorage.cpp (387)"
"19-08-2026 10:07:30","8001","Information","Microsoft-Windows-Store","Decoding: {""entitlementId"":""7660d6393e244aaeab05e907879287de"",""entitlementSatisfaction"":""Device"",""isOffline"":true,""leaseEnforcement"":""None"",""leaseUri"":""https://licensing.md.mp.microsoft.com/v7.0/licenses/?beneficiaryId=msahwonecoreuap\enduser\winstore\licensemanager\lib\clipdocument.cppa6896225695021320&contentId=2907b935-0ea5-dca1-85a7-75597491a18b&entitlementId=7660d6393e244aaeab05e907879287de&market=IN&policyType=Device"",""keyIds"":[""d66b5168-ed70-3805-9a3b-d6ece40c7074""],""kind"":""Content"",""packages"":[{""packageIdentifier"":""2907b935-0ea5-dca1-85a7-75597491a18b"",""packageType"":""OS"",""productAddOns"":[],""productId"":""BF712690PL0G"",""skuId"":""0001""}],""pollAt"":""2026-08-25T04:21:42.0785441+00:00"",""refreshOnStartup"":false,""version"":7}
Function: DecodeCustomPolicy
Source: onecoreuap\enduser\winstore\licensemanager\lib\clipdocument.cpp (50)"
"19-08-2026 10:07:29","8001","Information","Microsoft-Windows-Store","Getting lease for 2907B935-0EA5-DCA1-85A7-75597491A18B
Function: LicenseManagerCore::GetExistingLeaseAndLicense
Source: onecoreuap\enduser\winstore\licensemanager\lib\managercore.cpp (415)"
"19-08-2026 10:07:29","8001","Information","Microsoft-Windows-Store","Returning key document for contentid 2907B935-0EA5-DCA1-85A7-75597491A18B
Function: ClipStorage::GetKeyDocumentForContentWithIdAndMinQuality
Source: onecoreuap\enduser\winstore\licensemanager\lib\clipstorage.cpp (262)"
"19-08-2026 10:07:29","8001","Information","Microsoft-Windows-Store","Ignoring key for 2907B935-0EA5-DCA1-85A7-75597491A18B with quality 1fffffff (0x00000000) (no better than best)
Function: ClipStorage::GetKeyDocumentForContentWithIdAndMinQuality
Source: onecoreuap\enduser\winstore\licensemanager\lib\clipstorage.cpp (251)"
"19-08-2026 10:07:29","8001","Information","Microsoft-Windows-Store","Considering License ID {E9F3E7E0-F34D-603A-41AE-D2D3C34F5A20} for content ID 2907B935-0EA5-DCA1-85A7-75597491A18B...
Function: ClipStorage::GetKeyDocumentForContentWithIdAndMinQuality
Source: onecoreuap\enduser\winstore\licensemanager\lib\clipstorage.cpp (192)"
"19-08-2026 10:07:29","8001","Information","Microsoft-Windows-Store","Accepting key with License ID {D66B5168-ED70-3805-9A3B-D6ECE40C7074} for Content ID 2907B935-0EA5-DCA1-85A7-75597491A18B (first match)
Function: ClipStorage::GetKeyDocumentForContentWithIdAndMinQuality
Source: onecoreuap\enduser\winstore\licensemanager\lib\clipstorage.cpp (223)"
"19-08-2026 10:07:29","8001","Information","Microsoft-Windows-Store","Decoding: {}
Function: DecodeCustomPolicy
Source: onecoreuap\enduser\winstore\licensemanager\lib\clipdocument.cpp (50)"
"19-08-2026 10:07:29","8001","Information","Microsoft-Windows-Store","Considering License ID {D66B5168-ED70-3805-9A3B-D6ECE40C7074} for content ID 2907B935-0EA5-DCA1-85A7-75597491A18B...
Function: ClipStorage::GetKeyDocumentForContentWithIdAndMinQuality
Source: onecoreuap\enduser\winstore\licensemanager\lib\clipstorage.cpp (192)"
"19-08-2026 10:07:29","8001","Information","Microsoft-Windows-Store","Refreshing content 2907B935-0EA5-DCA1-85A7-75597491A18B outside of KeyMachine
Function: LicenseManagerCore::Refresh
Source: onecoreuap\enduser\winstore\licensemanager\lib\managercore.cpp (835)"
"19-08-2026 10:07:29","8012","Verbose","Microsoft-Windows-Store","0x134d21364a8: 30432: Root:Negotiating Change: Root:Valid => RootMachine"
"19-08-2026 10:07:29","8011","Verbose","Microsoft-Windows-Store","0x134d21364a8: 30432: RootMachine: Dispatch: Root:@LicenseDone => Root:Negotiating"
"19-08-2026 10:07:29","8012","Verbose","Microsoft-Windows-Store","0x134d21364a8: 30432: Root:Initial Change: Root:Negotiating => RootMachine"
"19-08-2026 10:07:29","8001","Information","Microsoft-Windows-Store","00000134D2136490: BeginRootLicense
Function: RootMachine::DoBeginRootLicense
Source: onecoreuap\enduser\winstore\licensemanager\lib\rootmachine.cpp (201)"
"19-08-2026 10:07:29","8011","Verbose","Microsoft-Windows-Store","0x134d21364a8: 30432: RootMachine: Dispatch: Root:Connect => Root:Initial"
"19-08-2026 10:07:29","8001","Information","Microsoft-Windows-Store","Invalidating cache for 2907B935-0EA5-DCA1-85A7-75597491A18B
Function: LicenseManager::RefreshCacheForContentWithId
Source: onecoreuap\enduser\winstore\licensemanager\lib\manager.cpp (174)"
"19-08-2026 10:07:29","8001","Information","Microsoft-Windows-Store","Decoding: {""legacyProductId"":""c6e5c061-51de-43f7-9803-422be74f326c""}
Function: DecodeCustomPolicy
Source: onecoreuap\enduser\winstore\licensemanager\lib\clipdocument.cpp (50)"
"19-08-2026 10:07:29","8001","Information","Microsoft-Windows-Store","Decoding: {""legacyProductId"":""421ba874-f903-4965-9b82-d60f3ba3cae0""}
Function: DecodeCustomPolicy
Source: onecoreuap\enduser\winstore\licensemanager\lib\clipdocument.cpp (50)"
"19-08-2026 10:07:29","8001","Information","Microsoft-Windows-Store","Decoding: {""legacyProductId"":""60a8a9e3-0af5-4b36-96f3-339c2bb7870b""}
Function: DecodeCustomPolicy
Source: onecoreuap\enduser\winstore\licensemanager\lib\clipdocument.cpp (50)"
"19-08-2026 10:07:29","8001","Information","Microsoft-Windows-Store","Decoding: {}
Function: DecodeCustomPolicy
Source: onecoreuap\enduser\winstore\licensemanager\lib\clipdocument.cpp (50)"
"19-08-2026 10:07:29","8001","Information","Microsoft-Windows-Store","Decoding: {""legacyProductId"":""74a4d5f7-a2f1-401f-9768-d26e2dfe0273""}
Function: DecodeCustomPolicy
Source: onecoreuap\enduser\winstore\licensemanager\lib\clipdocument.cpp (50)"
"19-08-2026 10:07:29","8001","Information","Microsoft-Windows-Store","Decoding: {""legacyProductId"":""16db93bf-8748-449a-96ba-e9ed3a5f872d""}
Function: DecodeCustomPolicy
Source: onecoreuap\enduser\winstore\licensemanager\lib\clipdocument.cpp (50)"
"19-08-2026 10:07:29","8001","Information","Microsoft-Windows-Store","Decoding: {""legacyProductId"":""8f971b5c-eb33-4288-aea2-af1b9cfe0766""}
Function: DecodeCustomPolicy
Source: onecoreuap\enduser\winstore\licensemanager\lib\clipdocument.cpp (50)"
"19-08-2026 10:07:29","8001","Information","Microsoft-Windows-Store","Decoding: {""legacyProductId"":""80894bca-bc60-4314-a8c2-9dc74e04e928""}
Function: DecodeCustomPolicy
Source: onecoreuap\enduser\winstore\licensemanager\lib\clipdocument.cpp (50)"
"19-08-2026 10:07:29","8001","Information","Microsoft-Windows-Store","Decoding: {""legacyProductId"":""428202d9-1183-41a8-ae98-9e062efeb705""}
Function: DecodeCustomPolicy
Source: onecoreuap\enduser\winstore\licensemanager\lib\clipdocument.cpp (50)"
"19-08-2026 10:07:29","8001","Information","Microsoft-Windows-Store","Decoding: {""legacyProductId"":""64293252-5926-453c-9494-2d4021f1c78d""}
Function: DecodeCustomPolicy
Source: onecoreuap\enduser\winstore\licensemanager\lib\clipdocument.cpp (50)"
"19-08-2026 10:07:29","8001","Information","Microsoft-Windows-Store","Decoding: {""legacyProductId"":""2caf7446-c4c6-49c4-afc7-cb350b7b5216""}
Function: DecodeCustomPolicy
Source: onecoreuap\enduser\winstore\licensemanager\lib\clipdocument.cpp (50)"
"19-08-2026 10:07:29","8001","Information","Microsoft-Windows-Store","Decoding: {""legacyProductId"":""cd5d53b1-33f7-4a95-b111-f51f187c7130""}
Function: DecodeCustomPolicy
Source: onecoreuap\enduser\winstore\licensemanager\lib\clipdocument.cpp (50)"
"19-08-2026 10:07:29","8001","Information","Microsoft-Windows-Store","Decoding: {}
Function: DecodeCustomPolicy
Source: onecoreuap\enduser\winstore\licensemanager\lib\clipdocument.cpp (50)"
"19-08-2026 10:07:29","8001","Information","Microsoft-Windows-Store","Decoding: {""legacyProductId"":""429aa877-706d-4420-9a4c-2eda78f26968""}
Function: DecodeCustomPolicy
Source: onecoreuap\enduser\winstore\licensemanager\lib\clipdocument.cpp (50)"
"19-08-2026 10:07:29","8001","Information","Microsoft-Windows-Store","Decoding: {""legacyProductId"":""9db724c9-966d-4aeb-9d3b-d6b2c77f3de3""}
Function: DecodeCustomPolicy
Source: onecoreuap\enduser\winstore\licensemanager\lib\clipdocument.cpp (50)"
"19-08-2026 10:07:29","8001","Information","Microsoft-Windows-Store","Decoding: {""legacyProductId"":""1c1a01b1-1510-4bee-a628-70e92745bf21""}
Function: DecodeCustomPolicy
Source: onecoreuap\enduser\winstore\licensemanager\lib\clipdocument.cpp (50)"
"19-08-2026 10:07:29","8001","Information","Microsoft-Windows-Store","Decoding: {""legacyProductId"":""983beef3-6472-4a96-a26d-6fd8e8bcd42b""}
Function: DecodeCustomPolicy
Source: onecoreuap\enduser\winstore\licensemanager\lib\clipdocument.cpp (50)"
"19-08-2026 10:07:29","8001","Information","Microsoft-Windows-Store","Decoding: {""legacyProductId"":""be6e5e10-c16b-478d-b30d-877126a29c40""}
Function: DecodeCustomPolicy
Source: onecoreuap\enduser\winstore\licensemanager\lib\clipdocument.cpp (50)"
"19-08-2026 10:07:29","8001","Information","Microsoft-Windows-Store","Decoding: {""legacyProductId"":""f85d69d5-2e9e-46f5-a876-928bd1b899b8""}
Function: DecodeCustomPolicy
Source: onecoreuap\enduser\winstore\licensemanager\lib\clipdocument.cpp (50)"
"19-08-2026 10:07:29","8001","Information","Microsoft-Windows-Store","Decoding: {""legacyProductId"":""e632fe90-a5ba-43aa-bf81-9de8413e83d8""}
Function: DecodeCustomPolicy
Source: onecoreuap\enduser\winstore\licensemanager\lib\clipdocument.cpp (50)"
"19-08-2026 10:07:29","8001","Information","Microsoft-Windows-Store","Decoding: {""legacyProductId"":""99f7148c-ff29-4b13-9419-e1ac70330190""}
Function: DecodeCustomPolicy
Source: onecoreuap\enduser\winstore\licensemanager\lib\clipdocument.cpp (50)"
"19-08-2026 10:07:29","8001","Information","Microsoft-Windows-Store","Decoding: {""legacyProductId"":""c62f603f-6272-4bb3-a6ab-d026eb389904""}
Function: DecodeCustomPolicy
Source: onecoreuap\enduser\winstore\licensemanager\lib\clipdocument.cpp (50)"
"19-08-2026 10:07:29","8001","Information","Microsoft-Windows-Store","Decoding: {""legacyProductId"":""4b4c09ea-bdc1-46da-8710-46e64ae61806""}
Function: DecodeCustomPolicy
Source: onecoreuap\enduser\winstore\licensemanager\lib\clipdocument.cpp (50)"
"19-08-2026 10:07:29","8001","Information","Microsoft-Windows-Store","Decoding: {""legacyProductId"":""d2ca41a8-359f-4e92-acd6-6d97fe5bc46c""}
Function: DecodeCustomPolicy
Source: onecoreuap\enduser\winstore\licensemanager\lib\clipdocument.cpp (50)"
"19-08-2026 10:07:29","8001","Information","Microsoft-Windows-Store","Decoding: {""legacyProductId"":""d59e8b5d-df93-4908-9950-90b21b4b6885""}
Function: DecodeCustomPolicy
Source: onecoreuap\enduser\winstore\licensemanager\lib\clipdocument.cpp (50)"
"19-08-2026 10:07:29","8001","Information","Microsoft-Windows-Store","Decoding: {""legacyProductId"":""5a95f60a-7fa8-40bd-aa19-e017b74d6da2""}
Function: DecodeCustomPolicy
Source: onecoreuap\enduser\winstore\licensemanager\lib\clipdocument.cpp (50)"
"19-08-2026 10:07:29","8001","Information","Microsoft-Windows-Store","Decoding: {""legacyProductId"":""9f03273f-fe0b-4ed8-9bc8-c2f256375490""}
Function: DecodeCustomPolicy
Source: onecoreuap\enduser\winstore\licensemanager\lib\clipdocument.cpp (50)"
"19-08-2026 10:07:29","8001","Information","Microsoft-Windows-Store","Decoding: {""legacyProductId"":""1170efa3-6961-402d-a9db-f233cbd1047d""}
Function: DecodeCustomPolicy
Source: onecoreuap\enduser\winstore\licensemanager\lib\clipdocument.cpp (50)"
"19-08-2026 10:07:29","8001","Information","Microsoft-Windows-Store","Decoding: {""legacyProductId"":""4b1dff1a-e76f-4fdd-a993-9c59048c3768""}
Function: DecodeCustomPolicy
Source: onecoreuap\enduser\winstore\licensemanager\lib\clipdocument.cpp (50)"
"19-08-2026 10:07:29","8001","Information","Microsoft-Windows-Store","Decoding: {""legacyProductId"":""586543a6-330e-4721-9840-437b93a97a0a""}
Function: DecodeCustomPolicy
Source: onecoreuap\enduser\winstore\licensemanager\lib\clipdocument.cpp (50)"
"19-08-2026 10:07:29","8001","Information","Microsoft-Windows-Store","Decoding: {""legacyProductId"":""1a36fd17-5161-4651-ae2d-13384e427ea8""}
Function: DecodeCustomPolicy
Source: onecoreuap\enduser\winstore\licensemanager\lib\clipdocument.cpp (50)"
"19-08-2026 10:07:29","8001","Information","Microsoft-Windows-Store","Decoding: {""legacyProductId"":""978ceca4-018d-4181-ba5a-c5a00b890da6""}
Function: DecodeCustomPolicy
Source: onecoreuap\enduser\winstore\licensemanager\lib\clipdocument.cpp (50)"
"19-08-2026 10:07:29","8001","Information","Microsoft-Windows-Store","Decoding: {""legacyProductId"":""bccad8d6-fe46-4a90-94f0-d8c2c1dc86ff""}
Function: DecodeCustomPolicy
Source: onecoreuap\enduser\winstore\licensemanager\lib\clipdocument.cpp (50)"
"19-08-2026 10:07:29","8001","Information","Microsoft-Windows-Store","Decoding: {""legacyProductId"":""ef736a43-7f23-4716-8b50-ff251cb8de53""}
Function: DecodeCustomPolicy
Source: onecoreuap\enduser\winstore\licensemanager\lib\clipdocument.cpp (50)"
"19-08-2026 10:07:29","8001","Information","Microsoft-Windows-Store","Decoding: {""legacyProductId"":""eaac6c6b-10a4-4659-815b-44f151eca61a""}
Function: DecodeCustomPolicy
Source: onecoreuap\enduser\winstore\licensemanager\lib\clipdocument.cpp (50)"
"19-08-2026 10:07:29","8001","Information","Microsoft-Windows-Store","Decoding: {""legacyProductId"":""8f4d77aa-c72e-4822-8299-a095932ee3dc""}
Function: DecodeCustomPolicy
Source: onecoreuap\enduser\winstore\licensemanager\lib\clipdocument.cpp (50)"
"19-08-2026 10:07:29","8001","Information","Microsoft-Windows-Store","Decoding: {""legacyProductId"":""5dd0bfef-3c25-4560-9f0b-720fcf006ae8""}
Function: DecodeCustomPolicy
Source: onecoreuap\enduser\winstore\licensemanager\lib\clipdocument.cpp (50)"
"19-08-2026 10:07:29","8001","Information","Microsoft-Windows-Store","Decoding: {""legacyProductId"":""383de57a-cc60-4024-87bf-e23ce9d4c669""}
Function: DecodeCustomPolicy
Source: onecoreuap\enduser\winstore\licensemanager\lib\clipdocument.cpp (50)"
"19-08-2026 10:07:29","8001","Information","Microsoft-Windows-Store","Decoding: {}
Function: DecodeCustomPolicy
Source: onecoreuap\enduser\winstore\licensemanager\lib\clipdocument.cpp (50)"
"19-08-2026 10:07:29","8001","Information","Microsoft-Windows-Store","Decoding: {""legacyProductId"":""f146f3b4-94c1-49d6-8d48-5906ee37f798""}
Function: DecodeCustomPolicy
Source: onecoreuap\enduser\winstore\licensemanager\lib\clipdocument.cpp (50)"
"19-08-2026 10:07:29","8001","Information","Microsoft-Windows-Store","Decoding: {}
Function: DecodeCustomPolicy
Source: onecoreuap\enduser\winstore\licensemanager\lib\clipdocument.cpp (50)"
"19-08-2026 10:07:29","8001","Information","Microsoft-Windows-Store","Decoding: {""legacyProductId"":""239a31dd-576d-4748-9540-101c1f39ce2a""}
Function: DecodeCustomPolicy
Source: onecoreuap\enduser\winstore\licensemanager\lib\clipdocument.cpp (50)"
"19-08-2026 10:07:29","8001","Information","Microsoft-Windows-Store","Decoding: {""legacyProductId"":""0bfb2041-2d13-4ed1-bd79-9751e8624cda""}
Function: DecodeCustomPolicy
Source: onecoreuap\enduser\winstore\licensemanager\lib\clipdocument.cpp (50)"
"19-08-2026 10:07:29","8001","Information","Microsoft-Windows-Store","Decoding: {""legacyProductId"":""36352bc5-4758-42b5-9114-05b1481daafc""}
Function: DecodeCustomPolicy
Source: onecoreuap\enduser\winstore\licensemanager\lib\clipdocument.cpp (50)"
"19-08-2026 10:07:29","8001","Information","Microsoft-Windows-Store","Decoding: {""legacyProductId"":""7f354d0e-a913-4aa0-815d-3fa9fbff2bd8""}
Function: DecodeCustomPolicy
Source: onecoreuap\enduser\winstore\licensemanager\lib\clipdocument.cpp (50)"
"19-08-2026 10:07:29","8001","Information","Microsoft-Windows-Store","Decoding: {""legacyProductId"":""64a79953-cf0b-44f9-b5c4-ee5df3a15c63""}
Function: DecodeCustomPolicy
Source: onecoreuap\enduser\winstore\licensemanager\lib\clipdocument.cpp (50)"
"19-08-2026 10:07:29","8001","Information","Microsoft-Windows-Store","Decoding: {""legacyProductId"":""e06cbbee-87fb-478b-8b78-3d0285cbbfa6""}
Function: DecodeCustomPolicy
Source: onecoreuap\enduser\winstore\licensemanager\lib\clipdocument.cpp (50)"
"19-08-2026 10:07:29","8001","Information","Microsoft-Windows-Store","Decoding: {""legacyProductId"":""579fc437-d398-411c-a6c5-d01fd4523b94""}
Function: DecodeCustomPolicy
Source: onecoreuap\enduser\winstore\licensemanager\lib\clipdocument.cpp (50)"
"19-08-2026 10:07:29","8001","Information","Microsoft-Windows-Store","Decoding: {""legacyProductId"":""cce76b17-08bf-49c2-b665-aa9207915cb4""}
Function: DecodeCustomPolicy
Source: onecoreuap\enduser\winstore\licensemanager\lib\clipdocument.cpp (50)"
"19-08-2026 10:07:29","8001","Information","Microsoft-Windows-Store","Decoding: {""legacyProductId"":""44afa56f-c460-473a-a65c-bed3aacd1a63""}
Function: DecodeCustomPolicy
Source: onecoreuap\enduser\winstore\licensemanager\lib\clipdocument.cpp (50)"
"19-08-2026 10:07:29","8001","Information","Microsoft-Windows-Store","Decoding: {""legacyProductId"":""3ddd873a-1639-4331-a9a2-d99e568b2a5f""}
Function: DecodeCustomPolicy
Source: onecoreuap\enduser\winstore\licensemanager\lib\clipdocument.cpp (50)"
"19-08-2026 10:07:29","8001","Information","Microsoft-Windows-Store","Decoding: {""legacyProductId"":""eaaf2ce3-d5a3-4a59-ae31-276fbc44a7cd""}
Function: DecodeCustomPolicy
Source: onecoreuap\enduser\winstore\licensemanager\lib\clipdocument.cpp (50)"
"19-08-2026 10:07:29","8001","Information","Microsoft-Windows-Store","Decoding: {""legacyProductId"":""af95a600-99a8-4161-9736-448c60b83f29""}
Function: DecodeCustomPolicy
Source: onecoreuap\enduser\winstore\licensemanager\lib\clipdocument.cpp (50)"
"19-08-2026 10:07:29","8001","Information","Microsoft-Windows-Store","Decoding: {""legacyProductId"":""7193906f-68d8-49ff-b459-d325932781e5""}
Function: DecodeCustomPolicy
Source: onecoreuap\enduser\winstore\licensemanager\lib\clipdocument.cpp (50)"
"19-08-2026 10:07:29","8001","Information","Microsoft-Windows-Store","Decoding: {""legacyProductId"":""b6f48207-085a-4f7c-ab5a-9ff93242f74e""}
Function: DecodeCustomPolicy
Source: onecoreuap\enduser\winstore\licensemanager\lib\clipdocument.cpp (50)"
"19-08-2026 10:07:29","8001","Information","Microsoft-Windows-Store","Decoding: {""legacyProductId"":""1b481e5d-c525-4e46-9240-5f16b5fc1593""}
Function: DecodeCustomPolicy
Source: onecoreuap\enduser\winstore\licensemanager\lib\clipdocument.cpp (50)"
"19-08-2026 10:07:29","8001","Information","Microsoft-Windows-Store","Decoding: {""legacyProductId"":""d877664f-6681-4559-b54e-b70c6e000ed8""}
Function: DecodeCustomPolicy
Source: onecoreuap\enduser\winstore\licensemanager\lib\clipdocument.cpp (50)"
"19-08-2026 10:07:29","8001","Information","Microsoft-Windows-Store","Decoding: {""legacyProductId"":""cfc4a10e-0356-451d-bb3e-c4fe5edfd20c""}
Function: DecodeCustomPolicy
Source: onecoreuap\enduser\winstore\licensemanager\lib\clipdocument.cpp (50)"
"19-08-2026 10:07:29","8001","Information","Microsoft-Windows-Store","Decoding: {""legacyProductId"":""725cceab-f360-49d0-9ec9-a20fd77202fe""}
Function: DecodeCustomPolicy
Source: onecoreuap\enduser\winstore\licensemanager\lib\clipdocument.cpp (50)"
"19-08-2026 10:07:29","8001","Information","Microsoft-Windows-Store","Decoding: {""legacyProductId"":""454a759b-ff5b-4a79-80d3-1cf15eba0908""}
Function: DecodeCustomPolicy
Source: onecoreuap\enduser\winstore\licensemanager\lib\clipdocument.cpp (50)"
"19-08-2026 10:07:29","8001","Information","Microsoft-Windows-Store","Decoding: {""legacyProductId"":""733893b8-533d-4292-bf27-23d218b39a95""}
Function: DecodeCustomPolicy
Source: onecoreuap\enduser\winstore\licensemanager\lib\clipdocument.cpp (50)"
"19-08-2026 10:07:29","8001","Information","Microsoft-Windows-Store","Decoding: {""legacyProductId"":""22d3f002-f4a5-49a9-ada8-c11335c940b9""}
Function: DecodeCustomPolicy
Source: onecoreuap\enduser\winstore\licensemanager\lib\clipdocument.cpp (50)"
"19-08-2026 10:07:29","8001","Information","Microsoft-Windows-Store","Decoding: {""legacyProductId"":""6ead4a77-d076-4866-9188-621a5b1f414f""}
Function: DecodeCustomPolicy
Source: onecoreuap\enduser\winstore\licensemanager\lib\clipdocument.cpp (50)"
"19-08-2026 10:07:29","8001","Information","Microsoft-Windows-Store","Decoding: {""legacyProductId"":""64b22df1-5a9c-4c88-aa1f-42cefaf8b281""}
Function: DecodeCustomPolicy
Source: onecoreuap\enduser\winstore\licensemanager\lib\clipdocument.cpp (50)"
"19-08-2026 10:07:29","8001","Information","Microsoft-Windows-Store","Decoding: {""legacyProductId"":""1808d2f8-9482-44ac-9fdb-995e555b58ce""}
Function: DecodeCustomPolicy
Source: onecoreuap\enduser\winstore\licensemanager\lib\clipdocument.cpp (50)"
"19-08-2026 10:07:29","8001","Information","Microsoft-Windows-Store","Decoding: {""legacyProductId"":""3409c046-ddd2-4657-9e37-cccf9904f7ee""}
Function: DecodeCustomPolicy
Source: onecoreuap\enduser\winstore\licensemanager\lib\clipdocument.cpp (50)"
"19-08-2026 10:07:29","8001","Information","Microsoft-Windows-Store","Decoding: {""legacyProductId"":""c6e5c061-51de-43f7-9803-422be74f326c""}
Function: DecodeCustomPolicy
Source: onecoreuap\enduser\winstore\licensemanager\lib\clipdocument.cpp (50)"
"19-08-2026 10:07:29","8001","Information","Microsoft-Windows-Store","Decoding: {""legacyProductId"":""421ba874-f903-4965-9b82-d60f3ba3cae0""}
Function: DecodeCustomPolicy
Source: onecoreuap\enduser\winstore\licensemanager\lib\clipdocument.cpp (50)"
"19-08-2026 10:07:29","8001","Information","Microsoft-Windows-Store","Decoding: {""legacyProductId"":""60a8a9e3-0af5-4b36-96f3-339c2bb7870b""}
Function: DecodeCustomPolicy
Source: onecoreuap\enduser\winstore\licensemanager\lib\clipdocument.cpp (50)"
"19-08-2026 10:07:29","8001","Information","Microsoft-Windows-Store","Decoding: {}
Function: DecodeCustomPolicy
Source: onecoreuap\enduser\winstore\licensemanager\lib\clipdocument.cpp (50)"
"19-08-2026 10:07:29","8001","Information","Microsoft-Windows-Store","Decoding: {""legacyProductId"":""74a4d5f7-a2f1-401f-9768-d26e2dfe0273""}
Function: DecodeCustomPolicy
Source: onecoreuap\enduser\winstore\licensemanager\lib\clipdocument.cpp (50)"
"19-08-2026 10:07:29","8001","Information","Microsoft-Windows-Store","Decoding: {""legacyProductId"":""16db93bf-8748-449a-96ba-e9ed3a5f872d""}
Function: DecodeCustomPolicy
Source: onecoreuap\enduser\winstore\licensemanager\lib\clipdocument.cpp (50)"
"19-08-2026 10:07:29","8001","Information","Microsoft-Windows-Store","Decoding: {""legacyProductId"":""8f971b5c-eb33-4288-aea2-af1b9cfe0766""}
Function: DecodeCustomPolicy
Source: onecoreuap\enduser\winstore\licensemanager\lib\clipdocument.cpp (50)"
"19-08-2026 10:07:29","8001","Information","Microsoft-Windows-Store","Decoding: {""legacyProductId"":""80894bca-bc60-4314-a8c2-9dc74e04e928""}
Function: DecodeCustomPolicy
Source: onecoreuap\enduser\winstore\licensemanager\lib\clipdocument.cpp (50)"
"19-08-2026 10:07:29","8001","Information","Microsoft-Windows-Store","Decoding: {""legacyProductId"":""428202d9-1183-41a8-ae98-9e062efeb705""}
Function: DecodeCustomPolicy
Source: onecoreuap\enduser\winstore\licensemanager\lib\clipdocument.cpp (50)"
"19-08-2026 10:07:29","8001","Information","Microsoft-Windows-Store","Decoding: {""legacyProductId"":""64293252-5926-453c-9494-2d4021f1c78d""}
Function: DecodeCustomPolicy
Source: onecoreuap\enduser\winstore\licensemanager\lib\clipdocument.cpp (50)"
"19-08-2026 10:07:29","8001","Information","Microsoft-Windows-Store","Decoding: {""legacyProductId"":""2caf7446-c4c6-49c4-afc7-cb350b7b5216""}
Function: DecodeCustomPolicy
Source: onecoreuap\enduser\winstore\licensemanager\lib\clipdocument.cpp (50)"
"19-08-2026 10:07:29","8001","Information","Microsoft-Windows-Store","Decoding: {""legacyProductId"":""cd5d53b1-33f7-4a95-b111-f51f187c7130""}
Function: DecodeCustomPolicy
Source: onecoreuap\enduser\winstore\licensemanager\lib\clipdocument.cpp (50)"
"19-08-2026 10:07:29","8001","Information","Microsoft-Windows-Store","Decoding: {}
Function: DecodeCustomPolicy
Source: onecoreuap\enduser\winstore\licensemanager\lib\clipdocument.cpp (50)"
"19-08-2026 10:07:29","8001","Information","Microsoft-Windows-Store","Decoding: {""legacyProductId"":""429aa877-706d-4420-9a4c-2eda78f26968""}
Function: DecodeCustomPolicy
Source: onecoreuap\enduser\winstore\licensemanager\lib\clipdocument.cpp (50)"
"19-08-2026 10:07:29","8001","Information","Microsoft-Windows-Store","Decoding: {""legacyProductId"":""9db724c9-966d-4aeb-9d3b-d6b2c77f3de3""}
Function: DecodeCustomPolicy
Source: onecoreuap\enduser\winstore\licensemanager\lib\clipdocument.cpp (50)"
"19-08-2026 10:07:29","8001","Information","Microsoft-Windows-Store","Decoding: {""legacyProductId"":""1c1a01b1-1510-4bee-a628-70e92745bf21""}
Function: DecodeCustomPolicy
Source: onecoreuap\enduser\winstore\licensemanager\lib\clipdocument.cpp (50)"
"19-08-2026 10:07:29","8001","Information","Microsoft-Windows-Store","Decoding: {""legacyProductId"":""983beef3-6472-4a96-a26d-6fd8e8bcd42b""}
Function: DecodeCustomPolicy
Source: onecoreuap\enduser\winstore\licensemanager\lib\clipdocument.cpp (50)"
"19-08-2026 10:07:29","8001","Information","Microsoft-Windows-Store","Decoding: {""legacyProductId"":""be6e5e10-c16b-478d-b30d-877126a29c40""}
Function: DecodeCustomPolicy
Source: onecoreuap\enduser\winstore\licensemanager\lib\clipdocument.cpp (50)"
"19-08-2026 10:07:29","8001","Information","Microsoft-Windows-Store","Decoding: {""legacyProductId"":""f85d69d5-2e9e-46f5-a876-928bd1b899b8""}
Function: DecodeCustomPolicy
Source: onecoreuap\enduser\winstore\licensemanager\lib\clipdocument.cpp (50)"
"19-08-2026 10:07:29","8001","Information","Microsoft-Windows-Store","Decoding: {""legacyProductId"":""e632fe90-a5ba-43aa-bf81-9de8413e83d8""}
Function: DecodeCustomPolicy
Source: onecoreuap\enduser\winstore\licensemanager\lib\clipdocument.cpp (50)"
"19-08-2026 10:07:29","8001","Information","Microsoft-Windows-Store","Decoding: {""legacyProductId"":""99f7148c-ff29-4b13-9419-e1ac70330190""}
Function: DecodeCustomPolicy
Source: onecoreuap\enduser\winstore\licensemanager\lib\clipdocument.cpp (50)"
"19-08-2026 10:07:29","8001","Information","Microsoft-Windows-Store","Decoding: {""legacyProductId"":""c62f603f-6272-4bb3-a6ab-d026eb389904""}
Function: DecodeCustomPolicy
Source: onecoreuap\enduser\winstore\licensemanager\lib\clipdocument.cpp (50)"
"19-08-2026 10:07:29","8001","Information","Microsoft-Windows-Store","Decoding: {""legacyProductId"":""4b4c09ea-bdc1-46da-8710-46e64ae61806""}
Function: DecodeCustomPolicy
Source: onecoreuap\enduser\winstore\licensemanager\lib\clipdocument.cpp (50)"
"19-08-2026 10:07:29","8001","Information","Microsoft-Windows-Store","Decoding: {""legacyProductId"":""d2ca41a8-359f-4e92-acd6-6d97fe5bc46c""}
Function: DecodeCustomPolicy
Source: onecoreuap\enduser\winstore\licensemanager\lib\clipdocument.cpp (50)"
"19-08-2026 10:07:29","8001","Information","Microsoft-Windows-Store","Decoding: {""legacyProductId"":""d59e8b5d-df93-4908-9950-90b21b4b6885""}
Function: DecodeCustomPolicy
Source: onecoreuap\enduser\winstore\licensemanager\lib\clipdocument.cpp (50)"
"19-08-2026 10:07:29","8001","Information","Microsoft-Windows-Store","Decoding: {""legacyProductId"":""5a95f60a-7fa8-40bd-aa19-e017b74d6da2""}
Function: DecodeCustomPolicy
Source: onecoreuap\enduser\winstore\licensemanager\lib\clipdocument.cpp (50)"
"19-08-2026 10:07:29","8001","Information","Microsoft-Windows-Store","Decoding: {""legacyProductId"":""9f03273f-fe0b-4ed8-9bc8-c2f256375490""}
Function: DecodeCustomPolicy
Source: onecoreuap\enduser\winstore\licensemanager\lib\clipdocument.cpp (50)"
"19-08-2026 10:07:29","8001","Information","Microsoft-Windows-Store","Decoding: {""legacyProductId"":""1170efa3-6961-402d-a9db-f233cbd1047d""}
Function: DecodeCustomPolicy
Source: onecoreuap\enduser\winstore\licensemanager\lib\clipdocument.cpp (50)"
"19-08-2026 10:07:29","8001","Information","Microsoft-Windows-Store","Decoding: {""legacyProductId"":""4b1dff1a-e76f-4fdd-a993-9c59048c3768""}
Function: DecodeCustomPolicy
Source: onecoreuap\enduser\winstore\licensemanager\lib\clipdocument.cpp (50)"
"19-08-2026 10:07:29","8001","Information","Microsoft-Windows-Store","Decoding: {""legacyProductId"":""586543a6-330e-4721-9840-437b93a97a0a""}
Function: DecodeCustomPolicy
Source: onecoreuap\enduser\winstore\licensemanager\lib\clipdocument.cpp (50)"
"19-08-2026 10:07:29","8001","Information","Microsoft-Windows-Store","Decoding: {""legacyProductId"":""1a36fd17-5161-4651-ae2d-13384e427ea8""}
Function: DecodeCustomPolicy
Source: onecoreuap\enduser\winstore\licensemanager\lib\clipdocument.cpp (50)"
"19-08-2026 10:07:29","8001","Information","Microsoft-Windows-Store","Decoding: {""legacyProductId"":""978ceca4-018d-4181-ba5a-c5a00b890da6""}
Function: DecodeCustomPolicy
Source: onecoreuap\enduser\winstore\licensemanager\lib\clipdocument.cpp (50)"
"19-08-2026 10:07:29","8001","Information","Microsoft-Windows-Store","Decoding: {""legacyProductId"":""bccad8d6-fe46-4a90-94f0-d8c2c1dc86ff""}
Function: DecodeCustomPolicy
Source: onecoreuap\enduser\winstore\licensemanager\lib\clipdocument.cpp (50)"
"19-08-2026 10:07:29","8001","Information","Microsoft-Windows-Store","Decoding: {""legacyProductId"":""ef736a43-7f23-4716-8b50-ff251cb8de53""}
Function: DecodeCustomPolicy
Source: onecoreuap\enduser\winstore\licensemanager\lib\clipdocument.cpp (50)"
"19-08-2026 10:07:29","8001","Information","Microsoft-Windows-Store","Decoding: {""legacyProductId"":""eaac6c6b-10a4-4659-815b-44f151eca61a""}
Function: DecodeCustomPolicy
Source: onecoreuap\enduser\winstore\licensemanager\lib\clipdocument.cpp (50)"
"19-08-2026 10:07:29","8001","Information","Microsoft-Windows-Store","Decoding: {""legacyProductId"":""8f4d77aa-c72e-4822-8299-a095932ee3dc""}
Function: DecodeCustomPolicy
Source: onecoreuap\enduser\winstore\licensemanager\lib\clipdocument.cpp (50)"
"19-08-2026 10:07:29","8001","Information","Microsoft-Windows-Store","Decoding: {""legacyProductId"":""5dd0bfef-3c25-4560-9f0b-720fcf006ae8""}
Function: DecodeCustomPolicy
Source: onecoreuap\enduser\winstore\licensemanager\lib\clipdocument.cpp (50)"
"19-08-2026 10:07:29","8001","Information","Microsoft-Windows-Store","Decoding: {""legacyProductId"":""383de57a-cc60-4024-87bf-e23ce9d4c669""}
Function: DecodeCustomPolicy
Source: onecoreuap\enduser\winstore\licensemanager\lib\clipdocument.cpp (50)"
"19-08-2026 10:07:29","8001","Information","Microsoft-Windows-Store","Decoding: {}
Function: DecodeCustomPolicy
Source: onecoreuap\enduser\winstore\licensemanager\lib\clipdocument.cpp (50)"
"19-08-2026 10:07:29","8001","Information","Microsoft-Windows-Store","Decoding: {""legacyProductId"":""f146f3b4-94c1-49d6-8d48-5906ee37f798""}
Function: DecodeCustomPolicy
Source: onecoreuap\enduser\winstore\licensemanager\lib\clipdocument.cpp (50)"
"19-08-2026 10:07:29","8001","Information","Microsoft-Windows-Store","Decoding: {}
Function: DecodeCustomPolicy
Source: onecoreuap\enduser\winstore\licensemanager\lib\clipdocument.cpp (50)"
"19-08-2026 10:07:29","8001","Information","Microsoft-Windows-Store","Decoding: {""legacyProductId"":""239a31dd-576d-4748-9540-101c1f39ce2a""}
Function: DecodeCustomPolicy
Source: onecoreuap\enduser\winstore\licensemanager\lib\clipdocument.cpp (50)"
"19-08-2026 10:07:29","8001","Information","Microsoft-Windows-Store","Decoding: {""legacyProductId"":""0bfb2041-2d13-4ed1-bd79-9751e8624cda""}
Function: DecodeCustomPolicy
Source: onecoreuap\enduser\winstore\licensemanager\lib\clipdocument.cpp (50)"
"19-08-2026 10:07:29","8001","Information","Microsoft-Windows-Store","Decoding: {""legacyProductId"":""36352bc5-4758-42b5-9114-05b1481daafc""}
Function: DecodeCustomPolicy
Source: onecoreuap\enduser\winstore\licensemanager\lib\clipdocument.cpp (50)"
"19-08-2026 10:07:29","8001","Information","Microsoft-Windows-Store","Decoding: {""legacyProductId"":""7f354d0e-a913-4aa0-815d-3fa9fbff2bd8""}
Function: DecodeCustomPolicy
Source: onecoreuap\enduser\winstore\licensemanager\lib\clipdocument.cpp (50)"
"19-08-2026 10:07:29","8001","Information","Microsoft-Windows-Store","Decoding: {""legacyProductId"":""64a79953-cf0b-44f9-b5c4-ee5df3a15c63""}
Function: DecodeCustomPolicy
Source: onecoreuap\enduser\winstore\licensemanager\lib\clipdocument.cpp (50)"
"19-08-2026 10:07:29","8001","Information","Microsoft-Windows-Store","Decoding: {""legacyProductId"":""e06cbbee-87fb-478b-8b78-3d0285cbbfa6""}
Function: DecodeCustomPolicy
Source: onecoreuap\enduser\winstore\licensemanager\lib\clipdocument.cpp (50)"
"19-08-2026 10:07:29","8001","Information","Microsoft-Windows-Store","Decoding: {""legacyProductId"":""579fc437-d398-411c-a6c5-d01fd4523b94""}
Function: DecodeCustomPolicy
Source: onecoreuap\enduser\winstore\licensemanager\lib\clipdocument.cpp (50)"
"19-08-2026 10:07:29","8001","Information","Microsoft-Windows-Store","Decoding: {""legacyProductId"":""cce76b17-08bf-49c2-b665-aa9207915cb4""}
Function: DecodeCustomPolicy
Source: onecoreuap\enduser\winstore\licensemanager\lib\clipdocument.cpp (50)"
"19-08-2026 10:07:29","8001","Information","Microsoft-Windows-Store","Decoding: {""legacyProductId"":""44afa56f-c460-473a-a65c-bed3aacd1a63""}
Function: DecodeCustomPolicy
Source: onecoreuap\enduser\winstore\licensemanager\lib\clipdocument.cpp (50)"
"19-08-2026 10:07:29","8001","Information","Microsoft-Windows-Store","Decoding: {""legacyProductId"":""3ddd873a-1639-4331-a9a2-d99e568b2a5f""}
Function: DecodeCustomPolicy
Source: onecoreuap\enduser\winstore\licensemanager\lib\clipdocument.cpp (50)"
"19-08-2026 10:07:29","8001","Information","Microsoft-Windows-Store","Decoding: {""legacyProductId"":""eaaf2ce3-d5a3-4a59-ae31-276fbc44a7cd""}
Function: DecodeCustomPolicy
Source: onecoreuap\enduser\winstore\licensemanager\lib\clipdocument.cpp (50)"
"19-08-2026 10:07:29","8001","Information","Microsoft-Windows-Store","Decoding: {""legacyProductId"":""af95a600-99a8-4161-9736-448c60b83f29""}
Function: DecodeCustomPolicy
Source: onecoreuap\enduser\winstore\licensemanager\lib\clipdocument.cpp (50)"
"19-08-2026 10:07:29","8001","Information","Microsoft-Windows-Store","Decoding: {""legacyProductId"":""7193906f-68d8-49ff-b459-d325932781e5""}
Function: DecodeCustomPolicy
Source: onecoreuap\enduser\winstore\licensemanager\lib\clipdocument.cpp (50)"
"19-08-2026 10:07:29","8001","Information","Microsoft-Windows-Store","Decoding: {""legacyProductId"":""b6f48207-085a-4f7c-ab5a-9ff93242f74e""}
Function: DecodeCustomPolicy
Source: onecoreuap\enduser\winstore\licensemanager\lib\clipdocument.cpp (50)"
"19-08-2026 10:07:29","8001","Information","Microsoft-Windows-Store","Decoding: {""legacyProductId"":""1b481e5d-c525-4e46-9240-5f16b5fc1593""}
Function: DecodeCustomPolicy
Source: onecoreuap\enduser\winstore\licensemanager\lib\clipdocument.cpp (50)"
"19-08-2026 10:07:29","8001","Information","Microsoft-Windows-Store","Decoding: {""legacyProductId"":""d877664f-6681-4559-b54e-b70c6e000ed8""}
Function: DecodeCustomPolicy
Source: onecoreuap\enduser\winstore\licensemanager\lib\clipdocument.cpp (50)"
"19-08-2026 10:07:29","8001","Information","Microsoft-Windows-Store","Decoding: {""legacyProductId"":""cfc4a10e-0356-451d-bb3e-c4fe5edfd20c""}
Function: DecodeCustomPolicy
Source: onecoreuap\enduser\winstore\licensemanager\lib\clipdocument.cpp (50)"
"19-08-2026 10:07:29","8001","Information","Microsoft-Windows-Store","Decoding: {""legacyProductId"":""725cceab-f360-49d0-9ec9-a20fd77202fe""}
Function: DecodeCustomPolicy
Source: onecoreuap\enduser\winstore\licensemanager\lib\clipdocument.cpp (50)"
"19-08-2026 10:07:29","8001","Information","Microsoft-Windows-Store","Decoding: {""legacyProductId"":""454a759b-ff5b-4a79-80d3-1cf15eba0908""}
Function: DecodeCustomPolicy
Source: onecoreuap\enduser\winstore\licensemanager\lib\clipdocument.cpp (50)"
"19-08-2026 10:07:29","8001","Information","Microsoft-Windows-Store","Decoding: {""legacyProductId"":""733893b8-533d-4292-bf27-23d218b39a95""}
Function: DecodeCustomPolicy
Source: onecoreuap\enduser\winstore\licensemanager\lib\clipdocument.cpp (50)"
"19-08-2026 10:07:29","8001","Information","Microsoft-Windows-Store","Decoding: {""legacyProductId"":""22d3f002-f4a5-49a9-ada8-c11335c940b9""}
Function: DecodeCustomPolicy
Source: onecoreuap\enduser\winstore\licensemanager\lib\clipdocument.cpp (50)"
"19-08-2026 10:07:29","8001","Information","Microsoft-Windows-Store","Decoding: {""legacyProductId"":""6ead4a77-d076-4866-9188-621a5b1f414f""}
Function: DecodeCustomPolicy
Source: onecoreuap\enduser\winstore\licensemanager\lib\clipdocument.cpp (50)"
"19-08-2026 10:07:29","8001","Information","Microsoft-Windows-Store","Decoding: {""legacyProductId"":""64b22df1-5a9c-4c88-aa1f-42cefaf8b281""}
Function: DecodeCustomPolicy
Source: onecoreuap\enduser\winstore\licensemanager\lib\clipdocument.cpp (50)"
"19-08-2026 10:07:29","8001","Information","Microsoft-Windows-Store","Decoding: {""legacyProductId"":""1808d2f8-9482-44ac-9fdb-995e555b58ce""}
Function: DecodeCustomPolicy
Source: onecoreuap\enduser\winstore\licensemanager\lib\clipdocument.cpp (50)"
"19-08-2026 10:07:29","8001","Information","Microsoft-Windows-Store","Decoding: {""legacyProductId"":""3409c046-ddd2-4657-9e37-cccf9904f7ee""}
Function: DecodeCustomPolicy
Source: onecoreuap\enduser\winstore\licensemanager\lib\clipdocument.cpp (50)"
"19-08-2026 10:07:29","8001","Information","Microsoft-Windows-Store","Network connectivity level initialized to 0x3
Function: NetworkStatusMonitor::Initialize
Source: onecoreuap\enduser\winstore\licensemanager\lib\networkstatusmonitor.cpp (57)"
"19-08-2026 10:07:29","8001","Information","Microsoft-Windows-Store","Refreshing licenses with quality 1073741824
Function: OneStoreApplicationLicenseManager::GetInstalledLicensesWithMinQuality
Source: onecoreuap\enduser\winstore\licensemanager\lib\onestoreapplicensemanager.cpp (736)"
"19-08-2026 10:07:29","8001","Information","Microsoft-Windows-Store","License Manager started
Function: ServiceInitializeImpl
Source: onecoreuap\enduser\winstore\licensemanager\lib\service.cpp (2141)"
"19-08-2026 10:07:29","8001","Information","Microsoft-Windows-Store","00000134D2136490: Root Machine
Function: RootMachine::RootMachine
Source: onecoreuap\enduser\winstore\licensemanager\lib\rootmachine.cpp (63)"
"19-08-2026 10:07:29","8001","Information","Microsoft-Windows-Store","Creating LM
Function: CreateLicenseManager
Source: onecoreuap\enduser\winstore\licensemanager\lib\manager.cpp (609)"
"19-08-2026 10:07:29","8001","Information","Microsoft-Windows-Store","License Manager starting...
Function: ServiceInitializeImpl
Source: onecoreuap\enduser\winstore\licensemanager\lib\service.cpp (2113)"
"19-08-2026 10:07:29","8001","Information","Microsoft-Windows-Store","Failure Message: Setting MSA Client Id for Token requests: {f0c62012-2cef-4831-b1f7-930682874c86}
Function: 
Source: onecoreuap\enduser\winstore\auth\lib\winstoreauth.cpp (206)"
"19-08-2026 10:07:29","8000","Information","Microsoft-Windows-Store","Process Name: C:\Windows\System32\svchost.exe
Module Name: c:\windows\system32\LicenseManager.dll
Build: 26100.1.amd64fre.ge_release.240331-1435
"
"19-08-2026 10:07:29","2006","Information","Microsoft-Windows-Install-Agent","Setting MSA Client Id for Token requests: {f0c62012-2cef-4831-b1f7-930682874c86}
Error: Unspecified error
Function: 
Source: onecoreuap\enduser\winstore\auth\lib\winstoreauth.cpp (206)"
"19-08-2026 10:07:29","2000","Information","Microsoft-Windows-Install-Agent","Process Name: C:\Windows\system32\taskhostw.exe
Module Name: C:\Windows\System32\InstallServiceTasks.dll
Build: 26100.1.amd64fre.ge_release.240331-1435, UBR: 8893
"
"19-08-2026 10:05:06","8001","Information","Microsoft-Windows-Store","Skipping license manager: PFN Microsoft.Todos_2.176.7601.0_x64__8wekyb3d8bbwe
Function: InvokeLicenseManagerRequired
Source: onecoreuap\enduser\winstore\licensemanager\apisethost\activationapis.cpp (373)"
