"18-08-2026 14:45:57","103","Information","Microsoft-Windows-Kernel-Cache","Volume Periodic Cache Information:

                       Device GUID: {00000000-0000-0000-0000-000000000000}
                       Period Duration (microseconds): 917052218
                       Total Dirty Pages: 0
                       Maximum Dirty Pages: 0
                       Total Dirty Page Threshold: 0
                       Top Dirty Page Threshold: 0
                       Bottom Dirty Page Threshold: 0
                       Dirty Page Samples: 0
                       Total Lazy Writer Calls: 0
                       Total Lazy Writer Latency: 0
                       Total Lazy Writer Pages Flushed: 0
                       Lazy Writer Average Pages Per Second: 0
                       Total Pages Queued to Disk: 0
                       Maximum Pages Queued to Disk: 0
                       Pages Queued to Disk Samples: 0
                       Total Metadata Pages Queued to Disk: 0
                       Maximum Metadata Pages Queued to Disk: 0
                       Metadata Pages Queued to Disk Samples: 0
                       Read Total Bytes: 12381184
                       Read Paged-In Total Bytes: 4980736
                       Read-Ahead Total Bytes: 0
                       Cache Hit Ratio (%): 59
                       Total Writes: 0
                       Total Hard-Throttle Writes: 0
                       Total Soft-Throttle Writes: 0
                       Total Synchronous Read IO Count: 48
                       Total Synchronous Non-Blocking Read IO Count: 0
                       Total Failed Synchronous Non-Blocking Read IO Count: 0
                       Synchronous Read IO Maximum Latency (us): 415
                       Synchronous Read IO Non-Blocking Maximum Latency (us): 0
                       Total Synchronous Write IO Count: 0
                       Total Synchronous Non-Blocking Write IO Count: 0
                       Total Failed Synchronous Non-Blocking Write IO Count: 0
                       Synchronous Write IO Maximum Latency (us): 0
                       Synchronous Write IO Non-Blockinig Maximum Latency (us): 0
                       Total Asynchronous Read IO Count: 0
                       Asynchronous Read IO Maximum Latency (us): 0"
"18-08-2026 14:45:57","105","Information","Microsoft-Windows-Kernel-Cache","Volume Periodic Cache Write Latency Information:

                       Device GUID: {c5c572ba-c5d0-47f6-864e-13eb05e6d46c}
                       Period Duration (microseconds): 917052218

                       Latency Bucket Values:  [256us, 1ms, 4ms, 16ms, 64ms, 128ms, 256ms, 2000ms, 6000ms, 10000ms, 20000ms, 20000+ms]

                       Synchronous Write IO Counts: [2788954, 1198, 284, 157, 98, 8, 1, 13, 1, 0, 0, 0]
                       Synchronous Write IO Total Latencies (us): [705834, 560922, 512051, 1425304, 3107731, 661895, 154050, 12443981, 2148356, 0, 0, 0]
                       Synchronous Write Non-Blocking IO Counts: [1713, 0, 0, 0, 0, 0, 0, 0, 0, 0, 0, 0]
                       Synchronous Write Non-Blocking IO Total Latencies (us): [0, 0, 0, 0, 0, 0, 0, 0, 0, 0, 0, 0]"
"18-08-2026 14:45:57","104","Information","Microsoft-Windows-Kernel-Cache","Volume Periodic Cache Read Latency Information:

                       Device GUID: {c5c572ba-c5d0-47f6-864e-13eb05e6d46c}
                       Period Duration (microseconds): 917052218

                       Latency Bucket Values:  [256us, 1ms, 4ms, 16ms, 64ms, 128ms, 256ms, 2000ms, 6000ms, 10000ms, 20000ms, 20000+ms]

                       Synchronous Read IO Counts: [12788294, 39803, 7074, 1464, 676, 133, 23, 10, 0, 0, 0, 0]
                       Synchronous Read IO Total Latencies (us): [25505876, 15312357, 12058178, 11167660, 21363430, 10759030, 4088533, 6179831, 0, 0, 0, 0]
                       Synchronous Read Non-Blocking IO Counts: [40438, 0, 0, 0, 0, 0, 0, 0, 0, 0, 0, 0]
                       Synchronous Read Non-Blocking IO Total Latencies (us): [0, 0, 0, 0, 0, 0, 0, 0, 0, 0, 0, 0]
                       Asynchronous Read IO Counts: [2642, 5492, 688, 275, 125, 24, 4, 0, 0, 0, 0, 0]
                       Asynchronous Read IO Total Latencies (us): [505495, 2310935, 1316701, 2173195, 4268511, 1927169, 620298, 0, 0, 0, 0, 0]"
"18-08-2026 14:45:57","103","Information","Microsoft-Windows-Kernel-Cache","Volume Periodic Cache Information:

                       Device GUID: {c5c572ba-c5d0-47f6-864e-13eb05e6d46c}
                       Period Duration (microseconds): 917052218
                       Total Dirty Pages: 40242711426
                       Maximum Dirty Pages: 53829
                       Total Dirty Page Threshold: 145802141997
                       Top Dirty Page Threshold: 506518
                       Bottom Dirty Page Threshold: 506518
                       Dirty Page Samples: 2020170
                       Total Lazy Writer Calls: 10068
                       Total Lazy Writer Latency: 21248977
                       Total Lazy Writer Pages Flushed: 1001655
                       Lazy Writer Average Pages Per Second: 32847
                       Total Pages Queued to Disk: 35768461
                       Maximum Pages Queued to Disk: 5490
                       Pages Queued to Disk Samples: 98740
                       Total Metadata Pages Queued to Disk: 17809828
                       Maximum Metadata Pages Queued to Disk: 2489
                       Metadata Pages Queued to Disk Samples: 98739
                       Read Total Bytes: 1930583899587
                       Read Paged-In Total Bytes: 30335516040
                       Read-Ahead Total Bytes: 0
                       Cache Hit Ratio (%): 98
                       Total Writes: 2897911
                       Total Hard-Throttle Writes: 0
                       Total Soft-Throttle Writes: 0
                       Total Synchronous Read IO Count: 12837806
                       Total Synchronous Non-Blocking Read IO Count: 40438
                       Total Failed Synchronous Non-Blocking Read IO Count: 9259
                       Synchronous Read IO Maximum Latency (us): 1467176
                       Synchronous Read IO Non-Blocking Maximum Latency (us): 0
                       Total Synchronous Write IO Count: 2790754
                       Total Synchronous Non-Blocking Write IO Count: 1713
                       Total Failed Synchronous Non-Blocking Write IO Count: 10
                       Synchronous Write IO Maximum Latency (us): 2148356
                       Synchronous Write IO Non-Blockinig Maximum Latency (us): 0
                       Total Asynchronous Read IO Count: 9252
                       Asynchronous Read IO Maximum Latency (us): 200524"
"18-08-2026 14:45:57","102","Information","Microsoft-Windows-Kernel-Cache","Global Periodic Cache Information:

                       Period Duration (microseconds): 917052218
                       Number of NUMA Nodes: 114752
                       Event Samples: 1
                       Total Number of Mapped VACBs: 8933
                       Total Partition Samples: 1
                       Total Volume Samples: 4
                       Total Pages Yet to Write: 756
                       Total Dirty Pages: 575
                       Total Available Pages: 311405
                       Total Physical Pages: 4052148
                       Total Number of Worker Threads: 16
                       Total Number of Active Worker Threads: 0
                       Total Average Available Pages: 3749929
                       Total Average Dirty Pages: 4958
                       CopyRead Calls: 12890263
                       AsyncCopyRead Calls: 9264
                       CopyWriteCalls: 2792977
                       SetValidData Calls: 11771
                       FlushCache Calls: 114752"
"18-08-2026 14:30:45","101","Information","Microsoft-Windows-Kernel-Cache","Initialized VolumeCacheMap for device guid: {effcabed-bb48-44d2-a9ca-b0bdf73688b0}."
"18-08-2026 14:30:45","101","Information","Microsoft-Windows-Kernel-Cache","Initialized VolumeCacheMap for device guid: {f06ef650-de5a-4a43-abb8-73f2ff6a56fd}."
"18-08-2026 14:30:42","101","Information","Microsoft-Windows-Kernel-Cache","Initialized VolumeCacheMap for device guid: {00000000-0000-0000-0000-000000000000}."
"18-08-2026 14:30:42","101","Information","Microsoft-Windows-Kernel-Cache","Initialized VolumeCacheMap for device guid: {c5c572ba-c5d0-47f6-864e-13eb05e6d46c}."
"18-08-2026 13:46:53","105","Information","Microsoft-Windows-Kernel-Cache","Volume Periodic Cache Write Latency Information:

                       Device GUID: {f06ef650-de5a-4a43-abb8-73f2ff6a56fd}
                       Period Duration (microseconds): 3610923862

                       Latency Bucket Values:  [256us, 1ms, 4ms, 16ms, 64ms, 128ms, 256ms, 2000ms, 6000ms, 10000ms, 20000ms, 20000+ms]

                       Synchronous Write IO Counts: [3, 1, 0, 0, 0, 0, 0, 0, 0, 0, 0, 0]
                       Synchronous Write IO Total Latencies (us): [256, 450, 0, 0, 0, 0, 0, 0, 0, 0, 0, 0]
                       Synchronous Write Non-Blocking IO Counts: [1, 0, 0, 0, 0, 0, 0, 0, 0, 0, 0, 0]
                       Synchronous Write Non-Blocking IO Total Latencies (us): [0, 0, 0, 0, 0, 0, 0, 0, 0, 0, 0, 0]"
"18-08-2026 13:46:53","104","Information","Microsoft-Windows-Kernel-Cache","Volume Periodic Cache Read Latency Information:

                       Device GUID: {f06ef650-de5a-4a43-abb8-73f2ff6a56fd}
                       Period Duration (microseconds): 3610923862

                       Latency Bucket Values:  [256us, 1ms, 4ms, 16ms, 64ms, 128ms, 256ms, 2000ms, 6000ms, 10000ms, 20000ms, 20000+ms]

                       Synchronous Read IO Counts: [4, 0, 0, 0, 0, 0, 0, 0, 0, 0, 0, 0]
                       Synchronous Read IO Total Latencies (us): [0, 0, 0, 0, 0, 0, 0, 0, 0, 0, 0, 0]
                       Synchronous Read Non-Blocking IO Counts: [0, 0, 0, 0, 0, 0, 0, 0, 0, 0, 0, 0]
                       Synchronous Read Non-Blocking IO Total Latencies (us): [0, 0, 0, 0, 0, 0, 0, 0, 0, 0, 0, 0]
                       Asynchronous Read IO Counts: [0, 0, 0, 0, 0, 0, 0, 0, 0, 0, 0, 0]
                       Asynchronous Read IO Total Latencies (us): [0, 0, 0, 0, 0, 0, 0, 0, 0, 0, 0, 0]"
"18-08-2026 13:46:53","103","Information","Microsoft-Windows-Kernel-Cache","Volume Periodic Cache Information:

                       Device GUID: {f06ef650-de5a-4a43-abb8-73f2ff6a56fd}
                       Period Duration (microseconds): 3610923862
                       Total Dirty Pages: 48
                       Maximum Dirty Pages: 12
                       Total Dirty Page Threshold: 1325104
                       Top Dirty Page Threshold: 506518
                       Bottom Dirty Page Threshold: 506518
                       Dirty Page Samples: 22
                       Total Lazy Writer Calls: 0
                       Total Lazy Writer Latency: 0
                       Total Lazy Writer Pages Flushed: 0
                       Lazy Writer Average Pages Per Second: 0
                       Total Pages Queued to Disk: 0
                       Maximum Pages Queued to Disk: 0
                       Pages Queued to Disk Samples: 2
                       Total Metadata Pages Queued to Disk: 0
                       Maximum Metadata Pages Queued to Disk: 0
                       Metadata Pages Queued to Disk Samples: 2
                       Read Total Bytes: 1024000
                       Read Paged-In Total Bytes: 0
                       Read-Ahead Total Bytes: 0
                       Cache Hit Ratio (%): 100
                       Total Writes: 9
                       Total Hard-Throttle Writes: 0
                       Total Soft-Throttle Writes: 0
                       Total Synchronous Read IO Count: 4
                       Total Synchronous Non-Blocking Read IO Count: 0
                       Total Failed Synchronous Non-Blocking Read IO Count: 0
                       Synchronous Read IO Maximum Latency (us): 0
                       Synchronous Read IO Non-Blocking Maximum Latency (us): 0
                       Total Synchronous Write IO Count: 4
                       Total Synchronous Non-Blocking Write IO Count: 1
                       Total Failed Synchronous Non-Blocking Write IO Count: 0
                       Synchronous Write IO Maximum Latency (us): 450
                       Synchronous Write IO Non-Blockinig Maximum Latency (us): 0
                       Total Asynchronous Read IO Count: 0
                       Asynchronous Read IO Maximum Latency (us): 0"
"18-08-2026 13:46:53","105","Information","Microsoft-Windows-Kernel-Cache","Volume Periodic Cache Write Latency Information:

                       Device GUID: {00000000-0000-0000-0000-000000000000}
                       Period Duration (microseconds): 3610923862

                       Latency Bucket Values:  [256us, 1ms, 4ms, 16ms, 64ms, 128ms, 256ms, 2000ms, 6000ms, 10000ms, 20000ms, 20000+ms]

                       Synchronous Write IO Counts: [0, 0, 0, 0, 0, 0, 0, 0, 0, 0, 0, 0]
                       Synchronous Write IO Total Latencies (us): [0, 0, 0, 0, 0, 0, 0, 0, 0, 0, 0, 0]
                       Synchronous Write Non-Blocking IO Counts: [0, 0, 0, 0, 0, 0, 0, 0, 0, 0, 0, 0]
                       Synchronous Write Non-Blocking IO Total Latencies (us): [0, 0, 0, 0, 0, 0, 0, 0, 0, 0, 0, 0]"
"18-08-2026 13:46:53","104","Information","Microsoft-Windows-Kernel-Cache","Volume Periodic Cache Read Latency Information:

                       Device GUID: {00000000-0000-0000-0000-000000000000}
                       Period Duration (microseconds): 3610923862

                       Latency Bucket Values:  [256us, 1ms, 4ms, 16ms, 64ms, 128ms, 256ms, 2000ms, 6000ms, 10000ms, 20000ms, 20000+ms]

                       Synchronous Read IO Counts: [13, 1, 0, 0, 0, 0, 0, 0, 0, 0, 0, 0]
                       Synchronous Read IO Total Latencies (us): [820, 485, 0, 0, 0, 0, 0, 0, 0, 0, 0, 0]
                       Synchronous Read Non-Blocking IO Counts: [0, 0, 0, 0, 0, 0, 0, 0, 0, 0, 0, 0]
                       Synchronous Read Non-Blocking IO Total Latencies (us): [0, 0, 0, 0, 0, 0, 0, 0, 0, 0, 0, 0]
                       Asynchronous Read IO Counts: [0, 0, 0, 0, 0, 0, 0, 0, 0, 0, 0, 0]
                       Asynchronous Read IO Total Latencies (us): [0, 0, 0, 0, 0, 0, 0, 0, 0, 0, 0, 0]"
"18-08-2026 13:46:53","103","Information","Microsoft-Windows-Kernel-Cache","Volume Periodic Cache Information:

                       Device GUID: {00000000-0000-0000-0000-000000000000}
                       Period Duration (microseconds): 3610923862
                       Total Dirty Pages: 0
                       Maximum Dirty Pages: 0
                       Total Dirty Page Threshold: 0
                       Top Dirty Page Threshold: 0
                       Bottom Dirty Page Threshold: 0
                       Dirty Page Samples: 0
                       Total Lazy Writer Calls: 0
                       Total Lazy Writer Latency: 0
                       Total Lazy Writer Pages Flushed: 0
                       Lazy Writer Average Pages Per Second: 0
                       Total Pages Queued to Disk: 0
                       Maximum Pages Queued to Disk: 0
                       Pages Queued to Disk Samples: 0
                       Total Metadata Pages Queued to Disk: 0
                       Maximum Metadata Pages Queued to Disk: 0
                       Metadata Pages Queued to Disk Samples: 0
                       Read Total Bytes: 3670016
                       Read Paged-In Total Bytes: 1835008
                       Read-Ahead Total Bytes: 0
                       Cache Hit Ratio (%): 50
                       Total Writes: 0
                       Total Hard-Throttle Writes: 0
                       Total Soft-Throttle Writes: 0
                       Total Synchronous Read IO Count: 14
                       Total Synchronous Non-Blocking Read IO Count: 0
                       Total Failed Synchronous Non-Blocking Read IO Count: 0
                       Synchronous Read IO Maximum Latency (us): 485
                       Synchronous Read IO Non-Blocking Maximum Latency (us): 0
                       Total Synchronous Write IO Count: 0
                       Total Synchronous Non-Blocking Write IO Count: 0
                       Total Failed Synchronous Non-Blocking Write IO Count: 0
                       Synchronous Write IO Maximum Latency (us): 0
                       Synchronous Write IO Non-Blockinig Maximum Latency (us): 0
                       Total Asynchronous Read IO Count: 0
                       Asynchronous Read IO Maximum Latency (us): 0"
"18-08-2026 13:46:53","105","Information","Microsoft-Windows-Kernel-Cache","Volume Periodic Cache Write Latency Information:

                       Device GUID: {c5c572ba-c5d0-47f6-864e-13eb05e6d46c}
                       Period Duration (microseconds): 3610923862

                       Latency Bucket Values:  [256us, 1ms, 4ms, 16ms, 64ms, 128ms, 256ms, 2000ms, 6000ms, 10000ms, 20000ms, 20000+ms]

                       Synchronous Write IO Counts: [310653, 1528, 489, 149, 8, 3, 0, 1, 0, 0, 0, 0]
                       Synchronous Write IO Total Latencies (us): [882227, 914716, 916307, 752652, 218028, 265134, 0, 419069, 0, 0, 0, 0]
                       Synchronous Write Non-Blocking IO Counts: [3831, 0, 0, 0, 0, 0, 0, 0, 0, 0, 0, 0]
                       Synchronous Write Non-Blocking IO Total Latencies (us): [0, 0, 0, 0, 0, 0, 0, 0, 0, 0, 0, 0]"
"18-08-2026 13:46:53","104","Information","Microsoft-Windows-Kernel-Cache","Volume Periodic Cache Read Latency Information:

                       Device GUID: {c5c572ba-c5d0-47f6-864e-13eb05e6d46c}
                       Period Duration (microseconds): 3610923862

                       Latency Bucket Values:  [256us, 1ms, 4ms, 16ms, 64ms, 128ms, 256ms, 2000ms, 6000ms, 10000ms, 20000ms, 20000+ms]

                       Synchronous Read IO Counts: [2853310, 535, 86, 47, 6, 1, 0, 0, 0, 0, 0, 0]
                       Synchronous Read IO Total Latencies (us): [307548, 221847, 166886, 224972, 160846, 92451, 0, 0, 0, 0, 0, 0]
                       Synchronous Read Non-Blocking IO Counts: [11412, 0, 0, 0, 0, 0, 0, 0, 0, 0, 0, 0]
                       Synchronous Read Non-Blocking IO Total Latencies (us): [0, 0, 0, 0, 0, 0, 0, 0, 0, 0, 0, 0]
                       Asynchronous Read IO Counts: [605, 411, 102, 45, 4, 1, 0, 0, 0, 0, 0, 0]
                       Asynchronous Read IO Total Latencies (us): [108823, 166415, 188113, 207240, 194221, 78554, 0, 0, 0, 0, 0, 0]"
"18-08-2026 13:46:53","103","Information","Microsoft-Windows-Kernel-Cache","Volume Periodic Cache Information:

                       Device GUID: {c5c572ba-c5d0-47f6-864e-13eb05e6d46c}
                       Period Duration (microseconds): 3610923862
                       Total Dirty Pages: 130338441
                       Maximum Dirty Pages: 4804
                       Total Dirty Page Threshold: 13696197197
                       Top Dirty Page Threshold: 506518
                       Bottom Dirty Page Threshold: 506518
                       Dirty Page Samples: 239151
                       Total Lazy Writer Calls: 15530
                       Total Lazy Writer Latency: 36601906
                       Total Lazy Writer Pages Flushed: 40664
                       Lazy Writer Average Pages Per Second: 196
                       Total Pages Queued to Disk: 3469829
                       Maximum Pages Queued to Disk: 4510
                       Pages Queued to Disk Samples: 74303
                       Total Metadata Pages Queued to Disk: 2530170
                       Maximum Metadata Pages Queued to Disk: 978
                       Metadata Pages Queued to Disk Samples: 74305
                       Read Total Bytes: 397667746544
                       Read Paged-In Total Bytes: 444189997
                       Read-Ahead Total Bytes: 0
                       Cache Hit Ratio (%): 99
                       Total Writes: 318776
                       Total Hard-Throttle Writes: 0
                       Total Soft-Throttle Writes: 0
                       Total Synchronous Read IO Count: 2854100
                       Total Synchronous Non-Blocking Read IO Count: 11412
                       Total Failed Synchronous Non-Blocking Read IO Count: 1168
                       Synchronous Read IO Maximum Latency (us): 92451
                       Synchronous Read IO Non-Blocking Maximum Latency (us): 0
                       Total Synchronous Write IO Count: 312831
                       Total Synchronous Non-Blocking Write IO Count: 3831
                       Total Failed Synchronous Non-Blocking Write IO Count: 88
                       Synchronous Write IO Maximum Latency (us): 419069
                       Synchronous Write IO Non-Blockinig Maximum Latency (us): 0
                       Total Asynchronous Read IO Count: 1167
                       Asynchronous Read IO Maximum Latency (us): 78554"
"18-08-2026 13:46:53","102","Information","Microsoft-Windows-Kernel-Cache","Global Periodic Cache Information:

                       Period Duration (microseconds): 3610923862
                       Number of NUMA Nodes: 78322
                       Event Samples: 45
                       Total Number of Mapped VACBs: 396560
                       Total Partition Samples: 45
                       Total Volume Samples: 180
                       Total Pages Yet to Write: 13710
                       Total Dirty Pages: 13684
                       Total Available Pages: 31322411
                       Total Physical Pages: 182346660
                       Total Number of Worker Threads: 720
                       Total Number of Active Worker Threads: 0
                       Total Average Available Pages: 248229093
                       Total Average Dirty Pages: 13720
                       CopyRead Calls: 2868240
                       AsyncCopyRead Calls: 1168
                       CopyWriteCalls: 326931
                       SetValidData Calls: 18520
                       FlushCache Calls: 78322"
"18-08-2026 12:46:42","105","Information","Microsoft-Windows-Kernel-Cache","Volume Periodic Cache Write Latency Information:

                       Device GUID: {f06ef650-de5a-4a43-abb8-73f2ff6a56fd}
                       Period Duration (microseconds): 3644141455

                       Latency Bucket Values:  [256us, 1ms, 4ms, 16ms, 64ms, 128ms, 256ms, 2000ms, 6000ms, 10000ms, 20000ms, 20000+ms]

                       Synchronous Write IO Counts: [10, 1, 0, 0, 0, 0, 0, 0, 0, 0, 0, 0]
                       Synchronous Write IO Total Latencies (us): [1569, 404, 0, 0, 0, 0, 0, 0, 0, 0, 0, 0]
                       Synchronous Write Non-Blocking IO Counts: [2, 0, 0, 0, 0, 0, 0, 0, 0, 0, 0, 0]
                       Synchronous Write Non-Blocking IO Total Latencies (us): [0, 0, 0, 0, 0, 0, 0, 0, 0, 0, 0, 0]"
"18-08-2026 12:46:42","104","Information","Microsoft-Windows-Kernel-Cache","Volume Periodic Cache Read Latency Information:

                       Device GUID: {f06ef650-de5a-4a43-abb8-73f2ff6a56fd}
                       Period Duration (microseconds): 3644141455

                       Latency Bucket Values:  [256us, 1ms, 4ms, 16ms, 64ms, 128ms, 256ms, 2000ms, 6000ms, 10000ms, 20000ms, 20000+ms]

                       Synchronous Read IO Counts: [0, 0, 0, 0, 0, 0, 0, 0, 0, 0, 0, 0]
                       Synchronous Read IO Total Latencies (us): [0, 0, 0, 0, 0, 0, 0, 0, 0, 0, 0, 0]
                       Synchronous Read Non-Blocking IO Counts: [0, 0, 0, 0, 0, 0, 0, 0, 0, 0, 0, 0]
                       Synchronous Read Non-Blocking IO Total Latencies (us): [0, 0, 0, 0, 0, 0, 0, 0, 0, 0, 0, 0]
                       Asynchronous Read IO Counts: [0, 0, 0, 0, 0, 0, 0, 0, 0, 0, 0, 0]
                       Asynchronous Read IO Total Latencies (us): [0, 0, 0, 0, 0, 0, 0, 0, 0, 0, 0, 0]"
"18-08-2026 12:46:42","103","Information","Microsoft-Windows-Kernel-Cache","Volume Periodic Cache Information:

                       Device GUID: {f06ef650-de5a-4a43-abb8-73f2ff6a56fd}
                       Period Duration (microseconds): 3644141455
                       Total Dirty Pages: 88
                       Maximum Dirty Pages: 12
                       Total Dirty Page Threshold: 3160843
                       Top Dirty Page Threshold: 506518
                       Bottom Dirty Page Threshold: 506518
                       Dirty Page Samples: 50
                       Total Lazy Writer Calls: 0
                       Total Lazy Writer Latency: 0
                       Total Lazy Writer Pages Flushed: 0
                       Lazy Writer Average Pages Per Second: 0
                       Total Pages Queued to Disk: 2
                       Maximum Pages Queued to Disk: 1
                       Pages Queued to Disk Samples: 4
                       Total Metadata Pages Queued to Disk: 0
                       Maximum Metadata Pages Queued to Disk: 0
                       Metadata Pages Queued to Disk Samples: 4
                       Read Total Bytes: 0
                       Read Paged-In Total Bytes: 0
                       Read-Ahead Total Bytes: 0
                       Cache Hit Ratio (%): 0
                       Total Writes: 24
                       Total Hard-Throttle Writes: 0
                       Total Soft-Throttle Writes: 0
                       Total Synchronous Read IO Count: 0
                       Total Synchronous Non-Blocking Read IO Count: 0
                       Total Failed Synchronous Non-Blocking Read IO Count: 0
                       Synchronous Read IO Maximum Latency (us): 0
                       Synchronous Read IO Non-Blocking Maximum Latency (us): 0
                       Total Synchronous Write IO Count: 11
                       Total Synchronous Non-Blocking Write IO Count: 2
                       Total Failed Synchronous Non-Blocking Write IO Count: 0
                       Synchronous Write IO Maximum Latency (us): 404
                       Synchronous Write IO Non-Blockinig Maximum Latency (us): 0
                       Total Asynchronous Read IO Count: 0
                       Asynchronous Read IO Maximum Latency (us): 0"
"18-08-2026 12:46:42","105","Information","Microsoft-Windows-Kernel-Cache","Volume Periodic Cache Write Latency Information:

                       Device GUID: {00000000-0000-0000-0000-000000000000}
                       Period Duration (microseconds): 3644141455

                       Latency Bucket Values:  [256us, 1ms, 4ms, 16ms, 64ms, 128ms, 256ms, 2000ms, 6000ms, 10000ms, 20000ms, 20000+ms]

                       Synchronous Write IO Counts: [0, 0, 0, 0, 0, 0, 0, 0, 0, 0, 0, 0]
                       Synchronous Write IO Total Latencies (us): [0, 0, 0, 0, 0, 0, 0, 0, 0, 0, 0, 0]
                       Synchronous Write Non-Blocking IO Counts: [0, 0, 0, 0, 0, 0, 0, 0, 0, 0, 0, 0]
                       Synchronous Write Non-Blocking IO Total Latencies (us): [0, 0, 0, 0, 0, 0, 0, 0, 0, 0, 0, 0]"
"18-08-2026 12:46:42","104","Information","Microsoft-Windows-Kernel-Cache","Volume Periodic Cache Read Latency Information:

                       Device GUID: {00000000-0000-0000-0000-000000000000}
                       Period Duration (microseconds): 3644141455

                       Latency Bucket Values:  [256us, 1ms, 4ms, 16ms, 64ms, 128ms, 256ms, 2000ms, 6000ms, 10000ms, 20000ms, 20000+ms]

                       Synchronous Read IO Counts: [17, 1, 0, 0, 0, 0, 0, 0, 0, 0, 0, 0]
                       Synchronous Read IO Total Latencies (us): [711, 327, 0, 0, 0, 0, 0, 0, 0, 0, 0, 0]
                       Synchronous Read Non-Blocking IO Counts: [0, 0, 0, 0, 0, 0, 0, 0, 0, 0, 0, 0]
                       Synchronous Read Non-Blocking IO Total Latencies (us): [0, 0, 0, 0, 0, 0, 0, 0, 0, 0, 0, 0]
                       Asynchronous Read IO Counts: [0, 0, 0, 0, 0, 0, 0, 0, 0, 0, 0, 0]
                       Asynchronous Read IO Total Latencies (us): [0, 0, 0, 0, 0, 0, 0, 0, 0, 0, 0, 0]"
"18-08-2026 12:46:42","103","Information","Microsoft-Windows-Kernel-Cache","Volume Periodic Cache Information:

                       Device GUID: {00000000-0000-0000-0000-000000000000}
                       Period Duration (microseconds): 3644141455
                       Total Dirty Pages: 0
                       Maximum Dirty Pages: 0
                       Total Dirty Page Threshold: 0
                       Top Dirty Page Threshold: 0
                       Bottom Dirty Page Threshold: 0
                       Dirty Page Samples: 0
                       Total Lazy Writer Calls: 0
                       Total Lazy Writer Latency: 0
                       Total Lazy Writer Pages Flushed: 0
                       Lazy Writer Average Pages Per Second: 0
                       Total Pages Queued to Disk: 0
                       Maximum Pages Queued to Disk: 0
                       Pages Queued to Disk Samples: 0
                       Total Metadata Pages Queued to Disk: 0
                       Maximum Metadata Pages Queued to Disk: 0
                       Metadata Pages Queued to Disk Samples: 0
                       Read Total Bytes: 4711424
                       Read Paged-In Total Bytes: 1572864
                       Read-Ahead Total Bytes: 0
                       Cache Hit Ratio (%): 66
                       Total Writes: 0
                       Total Hard-Throttle Writes: 0
                       Total Soft-Throttle Writes: 0
                       Total Synchronous Read IO Count: 18
                       Total Synchronous Non-Blocking Read IO Count: 0
                       Total Failed Synchronous Non-Blocking Read IO Count: 0
                       Synchronous Read IO Maximum Latency (us): 327
                       Synchronous Read IO Non-Blocking Maximum Latency (us): 0
                       Total Synchronous Write IO Count: 0
                       Total Synchronous Non-Blocking Write IO Count: 0
                       Total Failed Synchronous Non-Blocking Write IO Count: 0
                       Synchronous Write IO Maximum Latency (us): 0
                       Synchronous Write IO Non-Blockinig Maximum Latency (us): 0
                       Total Asynchronous Read IO Count: 0
                       Asynchronous Read IO Maximum Latency (us): 0"
"18-08-2026 12:46:42","105","Information","Microsoft-Windows-Kernel-Cache","Volume Periodic Cache Write Latency Information:

                       Device GUID: {c5c572ba-c5d0-47f6-864e-13eb05e6d46c}
                       Period Duration (microseconds): 3644141455

                       Latency Bucket Values:  [256us, 1ms, 4ms, 16ms, 64ms, 128ms, 256ms, 2000ms, 6000ms, 10000ms, 20000ms, 20000+ms]

                       Synchronous Write IO Counts: [1656740, 984, 391, 204, 11, 0, 0, 0, 0, 0, 0, 0]
                       Synchronous Write IO Total Latencies (us): [546609, 567090, 813364, 946644, 268117, 0, 0, 0, 0, 0, 0, 0]
                       Synchronous Write Non-Blocking IO Counts: [5479, 0, 0, 0, 0, 0, 0, 0, 0, 0, 0, 0]
                       Synchronous Write Non-Blocking IO Total Latencies (us): [0, 0, 0, 0, 0, 0, 0, 0, 0, 0, 0, 0]"
"18-08-2026 12:46:42","104","Information","Microsoft-Windows-Kernel-Cache","Volume Periodic Cache Read Latency Information:

                       Device GUID: {c5c572ba-c5d0-47f6-864e-13eb05e6d46c}
                       Period Duration (microseconds): 3644141455

                       Latency Bucket Values:  [256us, 1ms, 4ms, 16ms, 64ms, 128ms, 256ms, 2000ms, 6000ms, 10000ms, 20000ms, 20000+ms]

                       Synchronous Read IO Counts: [14113033, 20072, 5442, 1188, 45, 2, 0, 0, 0, 0, 0, 0]
                       Synchronous Read IO Total Latencies (us): [6481533, 8038067, 8110515, 5932079, 1547657, 136140, 0, 0, 0, 0, 0, 0]
                       Synchronous Read Non-Blocking IO Counts: [21078, 0, 0, 0, 0, 0, 0, 0, 0, 0, 0, 0]
                       Synchronous Read Non-Blocking IO Total Latencies (us): [0, 0, 0, 0, 0, 0, 0, 0, 0, 0, 0, 0]
                       Asynchronous Read IO Counts: [2020, 1763, 359, 88, 4, 1, 0, 0, 0, 0, 0, 0]
                       Asynchronous Read IO Total Latencies (us): [361770, 702687, 692172, 521464, 99452, 80502, 0, 0, 0, 0, 0, 0]"
"18-08-2026 12:46:42","103","Information","Microsoft-Windows-Kernel-Cache","Volume Periodic Cache Information:

                       Device GUID: {c5c572ba-c5d0-47f6-864e-13eb05e6d46c}
                       Period Duration (microseconds): 3644141455
                       Total Dirty Pages: 1034122942
                       Maximum Dirty Pages: 6170
                       Total Dirty Page Threshold: 70490650417
                       Top Dirty Page Threshold: 506518
                       Bottom Dirty Page Threshold: 506518
                       Dirty Page Samples: 1111733
                       Total Lazy Writer Calls: 19109
                       Total Lazy Writer Latency: 36087073
                       Total Lazy Writer Pages Flushed: 213464
                       Lazy Writer Average Pages Per Second: 1758
                       Total Pages Queued to Disk: 8559877
                       Maximum Pages Queued to Disk: 4499
                       Pages Queued to Disk Samples: 97210
                       Total Metadata Pages Queued to Disk: 3565310
                       Maximum Metadata Pages Queued to Disk: 2067
                       Metadata Pages Queued to Disk Samples: 97223
                       Read Total Bytes: 1959092213911
                       Read Paged-In Total Bytes: 9434199110
                       Read-Ahead Total Bytes: 0
                       Cache Hit Ratio (%): 99
                       Total Writes: 1672952
                       Total Hard-Throttle Writes: 0
                       Total Soft-Throttle Writes: 0
                       Total Synchronous Read IO Count: 14139963
                       Total Synchronous Non-Blocking Read IO Count: 21078
                       Total Failed Synchronous Non-Blocking Read IO Count: 4235
                       Synchronous Read IO Maximum Latency (us): 70897
                       Synchronous Read IO Non-Blocking Maximum Latency (us): 0
                       Total Synchronous Write IO Count: 1658335
                       Total Synchronous Non-Blocking Write IO Count: 5479
                       Total Failed Synchronous Non-Blocking Write IO Count: 145
                       Synchronous Write IO Maximum Latency (us): 39467
                       Synchronous Write IO Non-Blockinig Maximum Latency (us): 0
                       Total Asynchronous Read IO Count: 4234
                       Asynchronous Read IO Maximum Latency (us): 80502"
"18-08-2026 12:46:42","102","Information","Microsoft-Windows-Kernel-Cache","Global Periodic Cache Information:

                       Period Duration (microseconds): 3644141455
                       Number of NUMA Nodes: 124320
                       Event Samples: 49
                       Total Number of Mapped VACBs: 411806
                       Total Partition Samples: 49
                       Total Volume Samples: 197
                       Total Pages Yet to Write: 23399
                       Total Dirty Pages: 22521
                       Total Available Pages: 36631423
                       Total Physical Pages: 198555252
                       Total Number of Worker Threads: 788
                       Total Number of Active Worker Threads: 0
                       Total Average Available Pages: 183840756
                       Total Average Dirty Pages: 25239
                       CopyRead Calls: 14166596
                       AsyncCopyRead Calls: 4235
                       CopyWriteCalls: 1670138
                       SetValidData Calls: 21901
                       FlushCache Calls: 124320"
"18-08-2026 12:02:03","101","Information","Microsoft-Windows-Kernel-Cache","Initialized VolumeCacheMap for device guid: {00000000-0000-0000-0000-000000000000}."
"18-08-2026 12:02:02","101","Information","Microsoft-Windows-Kernel-Cache","Initialized VolumeCacheMap for device guid: {00000000-0000-0000-0000-000000000000}."
"18-08-2026 12:02:02","101","Information","Microsoft-Windows-Kernel-Cache","Initialized VolumeCacheMap for device guid: {00000000-0000-0000-0000-000000000000}."
"18-08-2026 11:45:58","105","Information","Microsoft-Windows-Kernel-Cache","Volume Periodic Cache Write Latency Information:

                       Device GUID: {f06ef650-de5a-4a43-abb8-73f2ff6a56fd}
                       Period Duration (microseconds): 3644148121

                       Latency Bucket Values:  [256us, 1ms, 4ms, 16ms, 64ms, 128ms, 256ms, 2000ms, 6000ms, 10000ms, 20000ms, 20000+ms]

                       Synchronous Write IO Counts: [4, 1, 0, 1, 0, 0, 0, 0, 0, 0, 0, 0]
                       Synchronous Write IO Total Latencies (us): [405, 343, 0, 15414, 0, 0, 0, 0, 0, 0, 0, 0]
                       Synchronous Write Non-Blocking IO Counts: [1, 0, 0, 0, 0, 0, 0, 0, 0, 0, 0, 0]
                       Synchronous Write Non-Blocking IO Total Latencies (us): [0, 0, 0, 0, 0, 0, 0, 0, 0, 0, 0, 0]"
"18-08-2026 11:45:58","104","Information","Microsoft-Windows-Kernel-Cache","Volume Periodic Cache Read Latency Information:

                       Device GUID: {f06ef650-de5a-4a43-abb8-73f2ff6a56fd}
                       Period Duration (microseconds): 3644148121

                       Latency Bucket Values:  [256us, 1ms, 4ms, 16ms, 64ms, 128ms, 256ms, 2000ms, 6000ms, 10000ms, 20000ms, 20000+ms]

                       Synchronous Read IO Counts: [14, 2, 0, 0, 0, 0, 0, 0, 0, 0, 0, 0]
                       Synchronous Read IO Total Latencies (us): [0, 1403, 0, 0, 0, 0, 0, 0, 0, 0, 0, 0]
                       Synchronous Read Non-Blocking IO Counts: [4, 0, 0, 0, 0, 0, 0, 0, 0, 0, 0, 0]
                       Synchronous Read Non-Blocking IO Total Latencies (us): [0, 0, 0, 0, 0, 0, 0, 0, 0, 0, 0, 0]
                       Asynchronous Read IO Counts: [0, 0, 0, 0, 0, 0, 0, 0, 0, 0, 0, 0]
                       Asynchronous Read IO Total Latencies (us): [0, 0, 0, 0, 0, 0, 0, 0, 0, 0, 0, 0]"
"18-08-2026 11:45:58","103","Information","Microsoft-Windows-Kernel-Cache","Volume Periodic Cache Information:

                       Device GUID: {f06ef650-de5a-4a43-abb8-73f2ff6a56fd}
                       Period Duration (microseconds): 3644148121
                       Total Dirty Pages: 392168
                       Maximum Dirty Pages: 4169
                       Total Dirty Page Threshold: 4037928
                       Top Dirty Page Threshold: 506518
                       Bottom Dirty Page Threshold: 506518
                       Dirty Page Samples: 179
                       Total Lazy Writer Calls: 1
                       Total Lazy Writer Latency: 26074
                       Total Lazy Writer Pages Flushed: 4097
                       Lazy Writer Average Pages Per Second: 157129
                       Total Pages Queued to Disk: 4107
                       Maximum Pages Queued to Disk: 4097
                       Pages Queued to Disk Samples: 14
                       Total Metadata Pages Queued to Disk: 0
                       Maximum Metadata Pages Queued to Disk: 0
                       Metadata Pages Queued to Disk Samples: 14
                       Read Total Bytes: 9437184
                       Read Paged-In Total Bytes: 524288
                       Read-Ahead Total Bytes: 0
                       Cache Hit Ratio (%): 94
                       Total Writes: 11
                       Total Hard-Throttle Writes: 0
                       Total Soft-Throttle Writes: 0
                       Total Synchronous Read IO Count: 16
                       Total Synchronous Non-Blocking Read IO Count: 4
                       Total Failed Synchronous Non-Blocking Read IO Count: 0
                       Synchronous Read IO Maximum Latency (us): 831
                       Synchronous Read IO Non-Blocking Maximum Latency (us): 0
                       Total Synchronous Write IO Count: 6
                       Total Synchronous Non-Blocking Write IO Count: 1
                       Total Failed Synchronous Non-Blocking Write IO Count: 0
                       Synchronous Write IO Maximum Latency (us): 15414
                       Synchronous Write IO Non-Blockinig Maximum Latency (us): 0
                       Total Asynchronous Read IO Count: 0
                       Asynchronous Read IO Maximum Latency (us): 0"
"18-08-2026 11:45:58","105","Information","Microsoft-Windows-Kernel-Cache","Volume Periodic Cache Write Latency Information:

                       Device GUID: {00000000-0000-0000-0000-000000000000}
                       Period Duration (microseconds): 3644148121

                       Latency Bucket Values:  [256us, 1ms, 4ms, 16ms, 64ms, 128ms, 256ms, 2000ms, 6000ms, 10000ms, 20000ms, 20000+ms]

                       Synchronous Write IO Counts: [0, 0, 0, 0, 0, 0, 0, 0, 0, 0, 0, 0]
                       Synchronous Write IO Total Latencies (us): [0, 0, 0, 0, 0, 0, 0, 0, 0, 0, 0, 0]
                       Synchronous Write Non-Blocking IO Counts: [0, 0, 0, 0, 0, 0, 0, 0, 0, 0, 0, 0]
                       Synchronous Write Non-Blocking IO Total Latencies (us): [0, 0, 0, 0, 0, 0, 0, 0, 0, 0, 0, 0]"
"18-08-2026 11:45:58","104","Information","Microsoft-Windows-Kernel-Cache","Volume Periodic Cache Read Latency Information:

                       Device GUID: {00000000-0000-0000-0000-000000000000}
                       Period Duration (microseconds): 3644148121

                       Latency Bucket Values:  [256us, 1ms, 4ms, 16ms, 64ms, 128ms, 256ms, 2000ms, 6000ms, 10000ms, 20000ms, 20000+ms]

                       Synchronous Read IO Counts: [8, 0, 0, 0, 0, 0, 0, 0, 0, 0, 0, 0]
                       Synchronous Read IO Total Latencies (us): [653, 0, 0, 0, 0, 0, 0, 0, 0, 0, 0, 0]
                       Synchronous Read Non-Blocking IO Counts: [0, 0, 0, 0, 0, 0, 0, 0, 0, 0, 0, 0]
                       Synchronous Read Non-Blocking IO Total Latencies (us): [0, 0, 0, 0, 0, 0, 0, 0, 0, 0, 0, 0]
                       Asynchronous Read IO Counts: [0, 0, 0, 0, 0, 0, 0, 0, 0, 0, 0, 0]
                       Asynchronous Read IO Total Latencies (us): [0, 0, 0, 0, 0, 0, 0, 0, 0, 0, 0, 0]"
"18-08-2026 11:45:58","103","Information","Microsoft-Windows-Kernel-Cache","Volume Periodic Cache Information:

                       Device GUID: {00000000-0000-0000-0000-000000000000}
                       Period Duration (microseconds): 3644148121
                       Total Dirty Pages: 0
                       Maximum Dirty Pages: 0
                       Total Dirty Page Threshold: 0
                       Top Dirty Page Threshold: 0
                       Bottom Dirty Page Threshold: 0
                       Dirty Page Samples: 0
                       Total Lazy Writer Calls: 0
                       Total Lazy Writer Latency: 0
                       Total Lazy Writer Pages Flushed: 0
                       Lazy Writer Average Pages Per Second: 0
                       Total Pages Queued to Disk: 0
                       Maximum Pages Queued to Disk: 0
                       Pages Queued to Disk Samples: 0
                       Total Metadata Pages Queued to Disk: 0
                       Maximum Metadata Pages Queued to Disk: 0
                       Metadata Pages Queued to Disk Samples: 0
                       Read Total Bytes: 2097152
                       Read Paged-In Total Bytes: 1048576
                       Read-Ahead Total Bytes: 0
                       Cache Hit Ratio (%): 50
                       Total Writes: 0
                       Total Hard-Throttle Writes: 0
                       Total Soft-Throttle Writes: 0
                       Total Synchronous Read IO Count: 8
                       Total Synchronous Non-Blocking Read IO Count: 0
                       Total Failed Synchronous Non-Blocking Read IO Count: 0
                       Synchronous Read IO Maximum Latency (us): 187
                       Synchronous Read IO Non-Blocking Maximum Latency (us): 0
                       Total Synchronous Write IO Count: 0
                       Total Synchronous Non-Blocking Write IO Count: 0
                       Total Failed Synchronous Non-Blocking Write IO Count: 0
                       Synchronous Write IO Maximum Latency (us): 0
                       Synchronous Write IO Non-Blockinig Maximum Latency (us): 0
                       Total Asynchronous Read IO Count: 0
                       Asynchronous Read IO Maximum Latency (us): 0"
"18-08-2026 11:45:58","105","Information","Microsoft-Windows-Kernel-Cache","Volume Periodic Cache Write Latency Information:

                       Device GUID: {c5c572ba-c5d0-47f6-864e-13eb05e6d46c}
                       Period Duration (microseconds): 3644148121

                       Latency Bucket Values:  [256us, 1ms, 4ms, 16ms, 64ms, 128ms, 256ms, 2000ms, 6000ms, 10000ms, 20000ms, 20000+ms]

                       Synchronous Write IO Counts: [1583982, 1917, 872, 364, 51, 5, 0, 0, 0, 0, 0, 0]
                       Synchronous Write IO Total Latencies (us): [1528208, 995194, 1724446, 2091262, 1599621, 357756, 0, 0, 0, 0, 0, 0]
                       Synchronous Write Non-Blocking IO Counts: [6316, 0, 0, 0, 0, 0, 0, 0, 0, 0, 0, 0]
                       Synchronous Write Non-Blocking IO Total Latencies (us): [0, 0, 0, 0, 0, 0, 0, 0, 0, 0, 0, 0]"
"18-08-2026 11:45:58","104","Information","Microsoft-Windows-Kernel-Cache","Volume Periodic Cache Read Latency Information:

                       Device GUID: {c5c572ba-c5d0-47f6-864e-13eb05e6d46c}
                       Period Duration (microseconds): 3644148121

                       Latency Bucket Values:  [256us, 1ms, 4ms, 16ms, 64ms, 128ms, 256ms, 2000ms, 6000ms, 10000ms, 20000ms, 20000+ms]

                       Synchronous Read IO Counts: [11594528, 18085, 3645, 486, 58, 6, 2, 0, 0, 0, 0, 0]
                       Synchronous Read IO Total Latencies (us): [13430200, 7117383, 5677977, 2602234, 1737022, 421557, 319945, 0, 0, 0, 0, 0]
                       Synchronous Read Non-Blocking IO Counts: [38202, 0, 0, 0, 0, 0, 0, 0, 0, 0, 0, 0]
                       Synchronous Read Non-Blocking IO Total Latencies (us): [0, 0, 0, 0, 0, 0, 0, 0, 0, 0, 0, 0]
                       Asynchronous Read IO Counts: [1952, 2184, 457, 198, 76, 10, 1, 62, 0, 0, 0, 0]
                       Asynchronous Read IO Total Latencies (us): [368245, 913681, 862941, 1362275, 2809653, 642426, 153760, 27936506, 0, 0, 0, 0]"
"18-08-2026 11:45:58","103","Information","Microsoft-Windows-Kernel-Cache","Volume Periodic Cache Information:

                       Device GUID: {c5c572ba-c5d0-47f6-864e-13eb05e6d46c}
                       Period Duration (microseconds): 3644148121
                       Total Dirty Pages: 1044045955
                       Maximum Dirty Pages: 48463
                       Total Dirty Page Threshold: 68321897206
                       Top Dirty Page Threshold: 506518
                       Bottom Dirty Page Threshold: 506518
                       Dirty Page Samples: 1025915
                       Total Lazy Writer Calls: 31643
                       Total Lazy Writer Latency: 43823900
                       Total Lazy Writer Pages Flushed: 280975
                       Lazy Writer Average Pages Per Second: 725
                       Total Pages Queued to Disk: 15261832
                       Maximum Pages Queued to Disk: 7487
                       Pages Queued to Disk Samples: 140802
                       Total Metadata Pages Queued to Disk: 7532000
                       Maximum Metadata Pages Queued to Disk: 2599
                       Metadata Pages Queued to Disk Samples: 140792
                       Read Total Bytes: 1587614566298
                       Read Paged-In Total Bytes: 14649669154
                       Read-Ahead Total Bytes: 0
                       Cache Hit Ratio (%): 99
                       Total Writes: 1636907
                       Total Hard-Throttle Writes: 0
                       Total Soft-Throttle Writes: 0
                       Total Synchronous Read IO Count: 11616999
                       Total Synchronous Non-Blocking Read IO Count: 38202
                       Total Failed Synchronous Non-Blocking Read IO Count: 4947
                       Synchronous Read IO Maximum Latency (us): 188556
                       Synchronous Read IO Non-Blocking Maximum Latency (us): 0
                       Total Synchronous Write IO Count: 1587184
                       Total Synchronous Non-Blocking Write IO Count: 6316
                       Total Failed Synchronous Non-Blocking Write IO Count: 183
                       Synchronous Write IO Maximum Latency (us): 82208
                       Synchronous Write IO Non-Blockinig Maximum Latency (us): 0
                       Total Asynchronous Read IO Count: 4942
                       Asynchronous Read IO Maximum Latency (us): 547500"
