"11-08-2026 17:33:35","2097","Information","Microsoft-Windows-Windows Firewall With Advanced Security","A rule has been added to the Windows Defender Firewall exception list.

Added Rule:
	Rule ID:	1_https___agave.myanalytics.cdn.office.net04aca5ecS-1-12-1-2357405129-1281513531-255772574-1816207334-Out-Block
	Rule Name:	1_https___agave.myanalytics.cdn.office.net
	Origin:	Local
	Active:	Yes
	Direction:	Outbound
	Profiles:	Private,Domain, Public
	Action:	Block
	Application Path:	
	Service Name:	
	Protocol:	Any
	Security Options:	None
	Edge Traversal:	None
	Modifying User:	S-1-5-80-3088073201-1464728630-1879813800-1107566885-823218052
	Modifying Application:	C:\Windows\System32\svchost.exe
	PolicyAppId:	
	Error Code:	0"
"11-08-2026 17:33:35","2097","Information","Microsoft-Windows-Windows Firewall With Advanced Security","A rule has been added to the Windows Defender Firewall exception list.

Added Rule:
	Rule ID:	1_https___agave.myanalytics.cdn.office.net04aca5ecS-1-12-1-2357405129-1281513531-255772574-1816207334-In-Block
	Rule Name:	1_https___agave.myanalytics.cdn.office.net
	Origin:	Local
	Active:	Yes
	Direction:	Inbound
	Profiles:	Private,Domain, Public
	Action:	Block
	Application Path:	
	Service Name:	
	Protocol:	Any
	Security Options:	None
	Edge Traversal:	None
	Modifying User:	S-1-5-80-3088073201-1464728630-1879813800-1107566885-823218052
	Modifying Application:	C:\Windows\System32\svchost.exe
	PolicyAppId:	
	Error Code:	0"
"11-08-2026 17:33:35","2052","Information","Microsoft-Windows-Windows Firewall With Advanced Security","A rule has been deleted in the Windows Defender Firewall exception list.

Deleted Rule:
	Rule ID:	1_https___agave.myanalytics.cdn.office.net04aca5ecS-1-12-1-2357405129-1281513531-255772574-1816207334-In-Block
	Rule Name:	1_https___agave.myanalytics.cdn.office.net
	Modifying User:	S-1-5-80-3088073201-1464728630-1879813800-1107566885-823218052
	Modifying Application:	C:\Windows\System32\svchost.exe
	Error Code:	0"
"11-08-2026 17:33:35","2052","Information","Microsoft-Windows-Windows Firewall With Advanced Security","A rule has been deleted in the Windows Defender Firewall exception list.

Deleted Rule:
	Rule ID:	1_https___agave.myanalytics.cdn.office.net04aca5ecS-1-12-1-2357405129-1281513531-255772574-1816207334-Out-Block
	Rule Name:	1_https___agave.myanalytics.cdn.office.net
	Modifying User:	S-1-5-80-3088073201-1464728630-1879813800-1107566885-823218052
	Modifying Application:	C:\Windows\System32\svchost.exe
	Error Code:	0"
"11-08-2026 17:33:35","2052","Information","Microsoft-Windows-Windows Firewall With Advanced Security","A rule has been deleted in the Windows Defender Firewall exception list.

Deleted Rule:
	Rule ID:	1_https___agave.myanalytics.cdn.office.net04aca5ecS-1-12-1-2357405129-1281513531-255772574-1816207334-In-Allow-Intranet
	Rule Name:	1_https___agave.myanalytics.cdn.office.net
	Modifying User:	S-1-5-80-3088073201-1464728630-1879813800-1107566885-823218052
	Modifying Application:	C:\Windows\System32\svchost.exe
	Error Code:	0"
"11-08-2026 17:33:35","2052","Information","Microsoft-Windows-Windows Firewall With Advanced Security","A rule has been deleted in the Windows Defender Firewall exception list.

Deleted Rule:
	Rule ID:	1_https___agave.myanalytics.cdn.office.net04aca5ecS-1-12-1-2357405129-1281513531-255772574-1816207334-Out-Allow-Intranet
	Rule Name:	1_https___agave.myanalytics.cdn.office.net
	Modifying User:	S-1-5-80-3088073201-1464728630-1879813800-1107566885-823218052
	Modifying Application:	C:\Windows\System32\svchost.exe
	Error Code:	0"
"11-08-2026 17:33:35","2052","Information","Microsoft-Windows-Windows Firewall With Advanced Security","A rule has been deleted in the Windows Defender Firewall exception list.

Deleted Rule:
	Rule ID:	1_https___agave.myanalytics.cdn.office.net04aca5ecS-1-12-1-2357405129-1281513531-255772574-1816207334-In-Allow-Intranet-Authenticate
	Rule Name:	1_https___agave.myanalytics.cdn.office.net
	Modifying User:	S-1-5-80-3088073201-1464728630-1879813800-1107566885-823218052
	Modifying Application:	C:\Windows\System32\svchost.exe
	Error Code:	0"
"11-08-2026 17:33:35","2052","Information","Microsoft-Windows-Windows Firewall With Advanced Security","A rule has been deleted in the Windows Defender Firewall exception list.

Deleted Rule:
	Rule ID:	1_https___agave.myanalytics.cdn.office.net04aca5ecS-1-12-1-2357405129-1281513531-255772574-1816207334-Out-Allow-Intranet-Authenticate
	Rule Name:	1_https___agave.myanalytics.cdn.office.net
	Modifying User:	S-1-5-80-3088073201-1464728630-1879813800-1107566885-823218052
	Modifying Application:	C:\Windows\System32\svchost.exe
	Error Code:	0"
"11-08-2026 17:33:35","2052","Information","Microsoft-Windows-Windows Firewall With Advanced Security","A rule has been deleted in the Windows Defender Firewall exception list.

Deleted Rule:
	Rule ID:	1_https___agave.myanalytics.cdn.office.net04aca5ecS-1-12-1-2357405129-1281513531-255772574-1816207334-Out-Allow-InternetClient
	Rule Name:	1_https___agave.myanalytics.cdn.office.net
	Modifying User:	S-1-5-80-3088073201-1464728630-1879813800-1107566885-823218052
	Modifying Application:	C:\Windows\System32\svchost.exe
	Error Code:	0"
"11-08-2026 17:05:28","2097","Information","Microsoft-Windows-Windows Firewall With Advanced Security","A rule has been added to the Windows Defender Firewall exception list.

Added Rule:
	Rule ID:	lpacsenseimdscollectorS-1-5-18-Out-Block
	Rule Name:	LpacSenseImdsCollector
	Origin:	Local
	Active:	Yes
	Direction:	Outbound
	Profiles:	Private,Domain, Public
	Action:	Block
	Application Path:	
	Service Name:	
	Protocol:	Any
	Security Options:	None
	Edge Traversal:	None
	Modifying User:	S-1-5-80-3088073201-1464728630-1879813800-1107566885-823218052
	Modifying Application:	C:\Windows\System32\svchost.exe
	PolicyAppId:	
	Error Code:	0"
"11-08-2026 17:05:28","2097","Information","Microsoft-Windows-Windows Firewall With Advanced Security","A rule has been added to the Windows Defender Firewall exception list.

Added Rule:
	Rule ID:	lpacsenseimdscollectorS-1-5-18-In-Block
	Rule Name:	LpacSenseImdsCollector
	Origin:	Local
	Active:	Yes
	Direction:	Inbound
	Profiles:	Private,Domain, Public
	Action:	Block
	Application Path:	
	Service Name:	
	Protocol:	Any
	Security Options:	None
	Edge Traversal:	None
	Modifying User:	S-1-5-80-3088073201-1464728630-1879813800-1107566885-823218052
	Modifying Application:	C:\Windows\System32\svchost.exe
	PolicyAppId:	
	Error Code:	0"
"11-08-2026 17:05:28","2052","Information","Microsoft-Windows-Windows Firewall With Advanced Security","A rule has been deleted in the Windows Defender Firewall exception list.

Deleted Rule:
	Rule ID:	lpacsenseimdscollectorS-1-5-18-In-Block
	Rule Name:	LpacSenseImdsCollector
	Modifying User:	S-1-5-80-3088073201-1464728630-1879813800-1107566885-823218052
	Modifying Application:	C:\Windows\System32\svchost.exe
	Error Code:	0"
"11-08-2026 17:05:28","2052","Information","Microsoft-Windows-Windows Firewall With Advanced Security","A rule has been deleted in the Windows Defender Firewall exception list.

Deleted Rule:
	Rule ID:	lpacsenseimdscollectorS-1-5-18-Out-Block
	Rule Name:	LpacSenseImdsCollector
	Modifying User:	S-1-5-80-3088073201-1464728630-1879813800-1107566885-823218052
	Modifying Application:	C:\Windows\System32\svchost.exe
	Error Code:	0"
"11-08-2026 16:05:02","2097","Information","Microsoft-Windows-Windows Firewall With Advanced Security","A rule has been added to the Windows Defender Firewall exception list.

Added Rule:
	Rule ID:	lpacsenseimdscollectorS-1-5-18-Out-Block
	Rule Name:	LpacSenseImdsCollector
	Origin:	Local
	Active:	Yes
	Direction:	Outbound
	Profiles:	Private,Domain, Public
	Action:	Block
	Application Path:	
	Service Name:	
	Protocol:	Any
	Security Options:	None
	Edge Traversal:	None
	Modifying User:	S-1-5-80-3088073201-1464728630-1879813800-1107566885-823218052
	Modifying Application:	C:\Windows\System32\svchost.exe
	PolicyAppId:	
	Error Code:	0"
"11-08-2026 16:05:02","2097","Information","Microsoft-Windows-Windows Firewall With Advanced Security","A rule has been added to the Windows Defender Firewall exception list.

Added Rule:
	Rule ID:	lpacsenseimdscollectorS-1-5-18-In-Block
	Rule Name:	LpacSenseImdsCollector
	Origin:	Local
	Active:	Yes
	Direction:	Inbound
	Profiles:	Private,Domain, Public
	Action:	Block
	Application Path:	
	Service Name:	
	Protocol:	Any
	Security Options:	None
	Edge Traversal:	None
	Modifying User:	S-1-5-80-3088073201-1464728630-1879813800-1107566885-823218052
	Modifying Application:	C:\Windows\System32\svchost.exe
	PolicyAppId:	
	Error Code:	0"
"11-08-2026 16:05:02","2052","Information","Microsoft-Windows-Windows Firewall With Advanced Security","A rule has been deleted in the Windows Defender Firewall exception list.

Deleted Rule:
	Rule ID:	lpacsenseimdscollectorS-1-5-18-In-Block
	Rule Name:	LpacSenseImdsCollector
	Modifying User:	S-1-5-80-3088073201-1464728630-1879813800-1107566885-823218052
	Modifying Application:	C:\Windows\System32\svchost.exe
	Error Code:	0"
"11-08-2026 16:05:02","2052","Information","Microsoft-Windows-Windows Firewall With Advanced Security","A rule has been deleted in the Windows Defender Firewall exception list.

Deleted Rule:
	Rule ID:	lpacsenseimdscollectorS-1-5-18-Out-Block
	Rule Name:	LpacSenseImdsCollector
	Modifying User:	S-1-5-80-3088073201-1464728630-1879813800-1107566885-823218052
	Modifying Application:	C:\Windows\System32\svchost.exe
	Error Code:	0"
"11-08-2026 15:27:35","2097","Information","Microsoft-Windows-Windows Firewall With Advanced Security","A rule has been added to the Windows Defender Firewall exception list.

Added Rule:
	Rule ID:	lpacsensendrS-1-5-18-Out-Block
	Rule Name:	LpacSenseNdr
	Origin:	Local
	Active:	Yes
	Direction:	Outbound
	Profiles:	Private,Domain, Public
	Action:	Block
	Application Path:	
	Service Name:	
	Protocol:	Any
	Security Options:	None
	Edge Traversal:	None
	Modifying User:	S-1-5-80-3088073201-1464728630-1879813800-1107566885-823218052
	Modifying Application:	C:\Windows\System32\svchost.exe
	PolicyAppId:	
	Error Code:	0"
"11-08-2026 15:27:35","2097","Information","Microsoft-Windows-Windows Firewall With Advanced Security","A rule has been added to the Windows Defender Firewall exception list.

Added Rule:
	Rule ID:	lpacsensendrS-1-5-18-In-Block
	Rule Name:	LpacSenseNdr
	Origin:	Local
	Active:	Yes
	Direction:	Inbound
	Profiles:	Private,Domain, Public
	Action:	Block
	Application Path:	
	Service Name:	
	Protocol:	Any
	Security Options:	None
	Edge Traversal:	None
	Modifying User:	S-1-5-80-3088073201-1464728630-1879813800-1107566885-823218052
	Modifying Application:	C:\Windows\System32\svchost.exe
	PolicyAppId:	
	Error Code:	0"
"11-08-2026 15:27:35","2052","Information","Microsoft-Windows-Windows Firewall With Advanced Security","A rule has been deleted in the Windows Defender Firewall exception list.

Deleted Rule:
	Rule ID:	lpacsensendrS-1-5-18-In-Block
	Rule Name:	LpacSenseNdr
	Modifying User:	S-1-5-80-3088073201-1464728630-1879813800-1107566885-823218052
	Modifying Application:	C:\Windows\System32\svchost.exe
	Error Code:	0"
"11-08-2026 15:27:35","2052","Information","Microsoft-Windows-Windows Firewall With Advanced Security","A rule has been deleted in the Windows Defender Firewall exception list.

Deleted Rule:
	Rule ID:	lpacsensendrS-1-5-18-Out-Block
	Rule Name:	LpacSenseNdr
	Modifying User:	S-1-5-80-3088073201-1464728630-1879813800-1107566885-823218052
	Modifying Application:	C:\Windows\System32\svchost.exe
	Error Code:	0"
"11-08-2026 15:04:36","2097","Information","Microsoft-Windows-Windows Firewall With Advanced Security","A rule has been added to the Windows Defender Firewall exception list.

Added Rule:
	Rule ID:	lpacsenseimdscollectorS-1-5-18-Out-Block
	Rule Name:	LpacSenseImdsCollector
	Origin:	Local
	Active:	Yes
	Direction:	Outbound
	Profiles:	Private,Domain, Public
	Action:	Block
	Application Path:	
	Service Name:	
	Protocol:	Any
	Security Options:	None
	Edge Traversal:	None
	Modifying User:	S-1-5-80-3088073201-1464728630-1879813800-1107566885-823218052
	Modifying Application:	C:\Windows\System32\svchost.exe
	PolicyAppId:	
	Error Code:	0"
"11-08-2026 15:04:36","2097","Information","Microsoft-Windows-Windows Firewall With Advanced Security","A rule has been added to the Windows Defender Firewall exception list.

Added Rule:
	Rule ID:	lpacsenseimdscollectorS-1-5-18-In-Block
	Rule Name:	LpacSenseImdsCollector
	Origin:	Local
	Active:	Yes
	Direction:	Inbound
	Profiles:	Private,Domain, Public
	Action:	Block
	Application Path:	
	Service Name:	
	Protocol:	Any
	Security Options:	None
	Edge Traversal:	None
	Modifying User:	S-1-5-80-3088073201-1464728630-1879813800-1107566885-823218052
	Modifying Application:	C:\Windows\System32\svchost.exe
	PolicyAppId:	
	Error Code:	0"
"11-08-2026 15:04:36","2052","Information","Microsoft-Windows-Windows Firewall With Advanced Security","A rule has been deleted in the Windows Defender Firewall exception list.

Deleted Rule:
	Rule ID:	lpacsenseimdscollectorS-1-5-18-In-Block
	Rule Name:	LpacSenseImdsCollector
	Modifying User:	S-1-5-80-3088073201-1464728630-1879813800-1107566885-823218052
	Modifying Application:	C:\Windows\System32\svchost.exe
	Error Code:	0"
"11-08-2026 15:04:36","2052","Information","Microsoft-Windows-Windows Firewall With Advanced Security","A rule has been deleted in the Windows Defender Firewall exception list.

Deleted Rule:
	Rule ID:	lpacsenseimdscollectorS-1-5-18-Out-Block
	Rule Name:	LpacSenseImdsCollector
	Modifying User:	S-1-5-80-3088073201-1464728630-1879813800-1107566885-823218052
	Modifying Application:	C:\Windows\System32\svchost.exe
	Error Code:	0"
"11-08-2026 14:04:10","2097","Information","Microsoft-Windows-Windows Firewall With Advanced Security","A rule has been added to the Windows Defender Firewall exception list.

Added Rule:
	Rule ID:	lpacsenseimdscollectorS-1-5-18-Out-Block
	Rule Name:	LpacSenseImdsCollector
	Origin:	Local
	Active:	Yes
	Direction:	Outbound
	Profiles:	Private,Domain, Public
	Action:	Block
	Application Path:	
	Service Name:	
	Protocol:	Any
	Security Options:	None
	Edge Traversal:	None
	Modifying User:	S-1-5-80-3088073201-1464728630-1879813800-1107566885-823218052
	Modifying Application:	C:\Windows\System32\svchost.exe
	PolicyAppId:	
	Error Code:	0"
"11-08-2026 14:04:10","2097","Information","Microsoft-Windows-Windows Firewall With Advanced Security","A rule has been added to the Windows Defender Firewall exception list.

Added Rule:
	Rule ID:	lpacsenseimdscollectorS-1-5-18-In-Block
	Rule Name:	LpacSenseImdsCollector
	Origin:	Local
	Active:	Yes
	Direction:	Inbound
	Profiles:	Private,Domain, Public
	Action:	Block
	Application Path:	
	Service Name:	
	Protocol:	Any
	Security Options:	None
	Edge Traversal:	None
	Modifying User:	S-1-5-80-3088073201-1464728630-1879813800-1107566885-823218052
	Modifying Application:	C:\Windows\System32\svchost.exe
	PolicyAppId:	
	Error Code:	0"
"11-08-2026 14:04:10","2052","Information","Microsoft-Windows-Windows Firewall With Advanced Security","A rule has been deleted in the Windows Defender Firewall exception list.

Deleted Rule:
	Rule ID:	lpacsenseimdscollectorS-1-5-18-In-Block
	Rule Name:	LpacSenseImdsCollector
	Modifying User:	S-1-5-80-3088073201-1464728630-1879813800-1107566885-823218052
	Modifying Application:	C:\Windows\System32\svchost.exe
	Error Code:	0"
"11-08-2026 14:04:10","2052","Information","Microsoft-Windows-Windows Firewall With Advanced Security","A rule has been deleted in the Windows Defender Firewall exception list.

Deleted Rule:
	Rule ID:	lpacsenseimdscollectorS-1-5-18-Out-Block
	Rule Name:	LpacSenseImdsCollector
	Modifying User:	S-1-5-80-3088073201-1464728630-1879813800-1107566885-823218052
	Modifying Application:	C:\Windows\System32\svchost.exe
	Error Code:	0"
"11-08-2026 13:03:44","2097","Information","Microsoft-Windows-Windows Firewall With Advanced Security","A rule has been added to the Windows Defender Firewall exception list.

Added Rule:
	Rule ID:	lpacsenseimdscollectorS-1-5-18-Out-Block
	Rule Name:	LpacSenseImdsCollector
	Origin:	Local
	Active:	Yes
	Direction:	Outbound
	Profiles:	Private,Domain, Public
	Action:	Block
	Application Path:	
	Service Name:	
	Protocol:	Any
	Security Options:	None
	Edge Traversal:	None
	Modifying User:	S-1-5-80-3088073201-1464728630-1879813800-1107566885-823218052
	Modifying Application:	C:\Windows\System32\svchost.exe
	PolicyAppId:	
	Error Code:	0"
"11-08-2026 13:03:44","2097","Information","Microsoft-Windows-Windows Firewall With Advanced Security","A rule has been added to the Windows Defender Firewall exception list.

Added Rule:
	Rule ID:	lpacsenseimdscollectorS-1-5-18-In-Block
	Rule Name:	LpacSenseImdsCollector
	Origin:	Local
	Active:	Yes
	Direction:	Inbound
	Profiles:	Private,Domain, Public
	Action:	Block
	Application Path:	
	Service Name:	
	Protocol:	Any
	Security Options:	None
	Edge Traversal:	None
	Modifying User:	S-1-5-80-3088073201-1464728630-1879813800-1107566885-823218052
	Modifying Application:	C:\Windows\System32\svchost.exe
	PolicyAppId:	
	Error Code:	0"
"11-08-2026 13:03:44","2052","Information","Microsoft-Windows-Windows Firewall With Advanced Security","A rule has been deleted in the Windows Defender Firewall exception list.

Deleted Rule:
	Rule ID:	lpacsenseimdscollectorS-1-5-18-In-Block
	Rule Name:	LpacSenseImdsCollector
	Modifying User:	S-1-5-80-3088073201-1464728630-1879813800-1107566885-823218052
	Modifying Application:	C:\Windows\System32\svchost.exe
	Error Code:	0"
"11-08-2026 13:03:44","2052","Information","Microsoft-Windows-Windows Firewall With Advanced Security","A rule has been deleted in the Windows Defender Firewall exception list.

Deleted Rule:
	Rule ID:	lpacsenseimdscollectorS-1-5-18-Out-Block
	Rule Name:	LpacSenseImdsCollector
	Modifying User:	S-1-5-80-3088073201-1464728630-1879813800-1107566885-823218052
	Modifying Application:	C:\Windows\System32\svchost.exe
	Error Code:	0"
"11-08-2026 12:18:47","2097","Information","Microsoft-Windows-Windows Firewall With Advanced Security","A rule has been added to the Windows Defender Firewall exception list.

Added Rule:
	Rule ID:	lpacsensendrS-1-5-18-Out-Block
	Rule Name:	LpacSenseNdr
	Origin:	Local
	Active:	Yes
	Direction:	Outbound
	Profiles:	Private,Domain, Public
	Action:	Block
	Application Path:	
	Service Name:	
	Protocol:	Any
	Security Options:	None
	Edge Traversal:	None
	Modifying User:	S-1-5-80-3088073201-1464728630-1879813800-1107566885-823218052
	Modifying Application:	C:\Windows\System32\svchost.exe
	PolicyAppId:	
	Error Code:	0"
"11-08-2026 12:18:47","2097","Information","Microsoft-Windows-Windows Firewall With Advanced Security","A rule has been added to the Windows Defender Firewall exception list.

Added Rule:
	Rule ID:	lpacsensendrS-1-5-18-In-Block
	Rule Name:	LpacSenseNdr
	Origin:	Local
	Active:	Yes
	Direction:	Inbound
	Profiles:	Private,Domain, Public
	Action:	Block
	Application Path:	
	Service Name:	
	Protocol:	Any
	Security Options:	None
	Edge Traversal:	None
	Modifying User:	S-1-5-80-3088073201-1464728630-1879813800-1107566885-823218052
	Modifying Application:	C:\Windows\System32\svchost.exe
	PolicyAppId:	
	Error Code:	0"
"11-08-2026 12:18:47","2052","Information","Microsoft-Windows-Windows Firewall With Advanced Security","A rule has been deleted in the Windows Defender Firewall exception list.

Deleted Rule:
	Rule ID:	lpacsensendrS-1-5-18-In-Block
	Rule Name:	LpacSenseNdr
	Modifying User:	S-1-5-80-3088073201-1464728630-1879813800-1107566885-823218052
	Modifying Application:	C:\Windows\System32\svchost.exe
	Error Code:	0"
"11-08-2026 12:18:47","2052","Information","Microsoft-Windows-Windows Firewall With Advanced Security","A rule has been deleted in the Windows Defender Firewall exception list.

Deleted Rule:
	Rule ID:	lpacsensendrS-1-5-18-Out-Block
	Rule Name:	LpacSenseNdr
	Modifying User:	S-1-5-80-3088073201-1464728630-1879813800-1107566885-823218052
	Modifying Application:	C:\Windows\System32\svchost.exe
	Error Code:	0"
"11-08-2026 12:16:29","2097","Information","Microsoft-Windows-Windows Firewall With Advanced Security","A rule has been added to the Windows Defender Firewall exception list.

Added Rule:
	Rule ID:	DellInc.DellCommandUpdate_htrsf667h5kn2S-1-12-1-2357405129-1281513531-255772574-1816207334-In-Block
	Rule Name:	Dell Command | Update
	Origin:	0
	Active:	Yes
	Direction:	Inbound
	Profiles:	Private,Domain, Public
	Action:	Block
	Application Path:	
	Service Name:	
	Protocol:	Any
	Security Options:	None
	Edge Traversal:	None
	Modifying User:	S-1-5-80-3088073201-1464728630-1879813800-1107566885-823218052
	Modifying Application:	C:\Windows\System32\svchost.exe
	PolicyAppId:	
	Error Code:	87"
"11-08-2026 12:10:04","2097","Information","Microsoft-Windows-Windows Firewall With Advanced Security","A rule has been added to the Windows Defender Firewall exception list.

Added Rule:
	Rule ID:	lpacsensendrS-1-5-18-Out-Block
	Rule Name:	LpacSenseNdr
	Origin:	Local
	Active:	Yes
	Direction:	Outbound
	Profiles:	Private,Domain, Public
	Action:	Block
	Application Path:	
	Service Name:	
	Protocol:	Any
	Security Options:	None
	Edge Traversal:	None
	Modifying User:	S-1-5-80-3088073201-1464728630-1879813800-1107566885-823218052
	Modifying Application:	C:\Windows\System32\svchost.exe
	PolicyAppId:	
	Error Code:	0"
"11-08-2026 12:10:04","2097","Information","Microsoft-Windows-Windows Firewall With Advanced Security","A rule has been added to the Windows Defender Firewall exception list.

Added Rule:
	Rule ID:	lpacsensendrS-1-5-18-In-Block
	Rule Name:	LpacSenseNdr
	Origin:	Local
	Active:	Yes
	Direction:	Inbound
	Profiles:	Private,Domain, Public
	Action:	Block
	Application Path:	
	Service Name:	
	Protocol:	Any
	Security Options:	None
	Edge Traversal:	None
	Modifying User:	S-1-5-80-3088073201-1464728630-1879813800-1107566885-823218052
	Modifying Application:	C:\Windows\System32\svchost.exe
	PolicyAppId:	
	Error Code:	0"
"11-08-2026 12:10:04","2052","Information","Microsoft-Windows-Windows Firewall With Advanced Security","A rule has been deleted in the Windows Defender Firewall exception list.

Deleted Rule:
	Rule ID:	lpacsensendrS-1-5-18-In-Block
	Rule Name:	LpacSenseNdr
	Modifying User:	S-1-5-80-3088073201-1464728630-1879813800-1107566885-823218052
	Modifying Application:	C:\Windows\System32\svchost.exe
	Error Code:	0"
"11-08-2026 12:10:04","2052","Information","Microsoft-Windows-Windows Firewall With Advanced Security","A rule has been deleted in the Windows Defender Firewall exception list.

Deleted Rule:
	Rule ID:	lpacsensendrS-1-5-18-Out-Block
	Rule Name:	LpacSenseNdr
	Modifying User:	S-1-5-80-3088073201-1464728630-1879813800-1107566885-823218052
	Modifying Application:	C:\Windows\System32\svchost.exe
	Error Code:	0"
"11-08-2026 12:10:03","2010","Information","Microsoft-Windows-Windows Firewall With Advanced Security","Network profile changed on an interface.

Adapter GUID:	{556d9bdf-d387-4ab9-be4c-a7e220faf218}
Adapter Name:	wireless_32768
Old Profile:	None
New Profile:	Public"
"11-08-2026 12:09:28","2097","Information","Microsoft-Windows-Windows Firewall With Advanced Security","A rule has been added to the Windows Defender Firewall exception list.

Added Rule:
	Rule ID:	lpacsensendrS-1-5-18-Out-Block
	Rule Name:	LpacSenseNdr
	Origin:	Local
	Active:	Yes
	Direction:	Outbound
	Profiles:	Private,Domain, Public
	Action:	Block
	Application Path:	
	Service Name:	
	Protocol:	Any
	Security Options:	None
	Edge Traversal:	None
	Modifying User:	S-1-5-80-3088073201-1464728630-1879813800-1107566885-823218052
	Modifying Application:	C:\Windows\System32\svchost.exe
	PolicyAppId:	
	Error Code:	0"
"11-08-2026 12:09:28","2097","Information","Microsoft-Windows-Windows Firewall With Advanced Security","A rule has been added to the Windows Defender Firewall exception list.

Added Rule:
	Rule ID:	lpacsensendrS-1-5-18-In-Block
	Rule Name:	LpacSenseNdr
	Origin:	Local
	Active:	Yes
	Direction:	Inbound
	Profiles:	Private,Domain, Public
	Action:	Block
	Application Path:	
	Service Name:	
	Protocol:	Any
	Security Options:	None
	Edge Traversal:	None
	Modifying User:	S-1-5-80-3088073201-1464728630-1879813800-1107566885-823218052
	Modifying Application:	C:\Windows\System32\svchost.exe
	PolicyAppId:	
	Error Code:	0"
"11-08-2026 12:09:28","2052","Information","Microsoft-Windows-Windows Firewall With Advanced Security","A rule has been deleted in the Windows Defender Firewall exception list.

Deleted Rule:
	Rule ID:	lpacsensendrS-1-5-18-In-Block
	Rule Name:	LpacSenseNdr
	Modifying User:	S-1-5-80-3088073201-1464728630-1879813800-1107566885-823218052
	Modifying Application:	C:\Windows\System32\svchost.exe
	Error Code:	0"
"11-08-2026 12:09:28","2052","Information","Microsoft-Windows-Windows Firewall With Advanced Security","A rule has been deleted in the Windows Defender Firewall exception list.

Deleted Rule:
	Rule ID:	lpacsensendrS-1-5-18-Out-Block
	Rule Name:	LpacSenseNdr
	Modifying User:	S-1-5-80-3088073201-1464728630-1879813800-1107566885-823218052
	Modifying Application:	C:\Windows\System32\svchost.exe
	Error Code:	0"
"11-08-2026 12:09:27","2010","Information","Microsoft-Windows-Windows Firewall With Advanced Security","Network profile changed on an interface.

Adapter GUID:	{556d9bdf-d387-4ab9-be4c-a7e220faf218}
Adapter Name:	wireless_32768
Old Profile:	Public
New Profile:	None"
"11-08-2026 12:07:42","2097","Information","Microsoft-Windows-Windows Firewall With Advanced Security","A rule has been added to the Windows Defender Firewall exception list.

Added Rule:
	Rule ID:	Microsoft.StorePurchaseApp_8wekyb3d8bbweS-1-12-1-2357405129-1281513531-255772574-1816207334-In-Allow-ServerCapability
	Rule Name:	@{Microsoft.StorePurchaseApp_22606.1401.3.0_x64__8wekyb3d8bbwe?ms-resource://Microsoft.StorePurchaseApp/Resources/DisplayTitle}
	Origin:	Local
	Active:	Yes
	Direction:	Inbound
	Profiles:	Private,Domain
	Action:	Allow
	Application Path:	
	Service Name:	
	Protocol:	Any
	Security Options:	None
	Edge Traversal:	None
	Modifying User:	S-1-5-80-3088073201-1464728630-1879813800-1107566885-823218052
	Modifying Application:	C:\Windows\System32\svchost.exe
	PolicyAppId:	
	Error Code:	0"
"11-08-2026 12:07:42","2097","Information","Microsoft-Windows-Windows Firewall With Advanced Security","A rule has been added to the Windows Defender Firewall exception list.

Added Rule:
	Rule ID:	Microsoft.StorePurchaseApp_8wekyb3d8bbweS-1-12-1-2357405129-1281513531-255772574-1816207334-Out-Allow-AllCapabilities
	Rule Name:	@{Microsoft.StorePurchaseApp_22606.1401.3.0_x64__8wekyb3d8bbwe?ms-resource://Microsoft.StorePurchaseApp/Resources/DisplayTitle}
	Origin:	Local
	Active:	Yes
	Direction:	Outbound
	Profiles:	Private,Domain, Public
	Action:	Allow
	Application Path:	
	Service Name:	
	Protocol:	Any
	Security Options:	None
	Edge Traversal:	None
	Modifying User:	S-1-5-80-3088073201-1464728630-1879813800-1107566885-823218052
	Modifying Application:	C:\Windows\System32\svchost.exe
	PolicyAppId:	
	Error Code:	0"
"11-08-2026 12:07:42","2097","Information","Microsoft-Windows-Windows Firewall With Advanced Security","A rule has been added to the Windows Defender Firewall exception list.

Added Rule:
	Rule ID:	Microsoft.StorePurchaseApp_8wekyb3d8bbweS-1-12-1-2357405129-1281513531-255772574-1816207334-Out-Allow-InternetClient
	Rule Name:	@{Microsoft.StorePurchaseApp_22606.1401.3.0_x64__8wekyb3d8bbwe?ms-resource://Microsoft.StorePurchaseApp/Resources/DisplayTitle}
	Origin:	Local
	Active:	Yes
	Direction:	Outbound
	Profiles:	Private,Domain, Public
	Action:	Allow
	Application Path:	
	Service Name:	
	Protocol:	Any
	Security Options:	None
	Edge Traversal:	None
	Modifying User:	S-1-5-80-3088073201-1464728630-1879813800-1107566885-823218052
	Modifying Application:	C:\Windows\System32\svchost.exe
	PolicyAppId:	
	Error Code:	0"
"11-08-2026 12:07:42","2097","Information","Microsoft-Windows-Windows Firewall With Advanced Security","A rule has been added to the Windows Defender Firewall exception list.

Added Rule:
	Rule ID:	Microsoft.StorePurchaseApp_8wekyb3d8bbweS-1-12-1-2357405129-1281513531-255772574-1816207334-Out-Allow-Intranet-Authenticate
	Rule Name:	@{Microsoft.StorePurchaseApp_22606.1401.3.0_x64__8wekyb3d8bbwe?ms-resource://Microsoft.StorePurchaseApp/Resources/DisplayTitle}
	Origin:	Local
	Active:	Yes
	Direction:	Outbound
	Profiles:	Public, Private
	Action:	Allow
	Application Path:	
	Service Name:	
	Protocol:	Any
	Security Options:	Require Authentication
	Edge Traversal:	None
	Modifying User:	S-1-5-80-3088073201-1464728630-1879813800-1107566885-823218052
	Modifying Application:	C:\Windows\System32\svchost.exe
	PolicyAppId:	
	Error Code:	0"
"11-08-2026 12:07:42","2097","Information","Microsoft-Windows-Windows Firewall With Advanced Security","A rule has been added to the Windows Defender Firewall exception list.

Added Rule:
	Rule ID:	Microsoft.StorePurchaseApp_8wekyb3d8bbweS-1-12-1-2357405129-1281513531-255772574-1816207334-In-Allow-Intranet-Authenticate
	Rule Name:	@{Microsoft.StorePurchaseApp_22606.1401.3.0_x64__8wekyb3d8bbwe?ms-resource://Microsoft.StorePurchaseApp/Resources/DisplayTitle}
	Origin:	Local
	Active:	Yes
	Direction:	Inbound
	Profiles:	Public, Private
	Action:	Allow
	Application Path:	
	Service Name:	
	Protocol:	Any
	Security Options:	Require Authentication
	Edge Traversal:	None
	Modifying User:	S-1-5-80-3088073201-1464728630-1879813800-1107566885-823218052
	Modifying Application:	C:\Windows\System32\svchost.exe
	PolicyAppId:	
	Error Code:	0"
"11-08-2026 12:07:42","2097","Information","Microsoft-Windows-Windows Firewall With Advanced Security","A rule has been added to the Windows Defender Firewall exception list.

Added Rule:
	Rule ID:	Microsoft.StorePurchaseApp_8wekyb3d8bbweS-1-12-1-2357405129-1281513531-255772574-1816207334-Out-Allow-Intranet
	Rule Name:	@{Microsoft.StorePurchaseApp_22606.1401.3.0_x64__8wekyb3d8bbwe?ms-resource://Microsoft.StorePurchaseApp/Resources/DisplayTitle}
	Origin:	Local
	Active:	Yes
	Direction:	Outbound
	Profiles:	Private,Domain, Public
	Action:	Allow
	Application Path:	
	Service Name:	
	Protocol:	Any
	Security Options:	None
	Edge Traversal:	None
	Modifying User:	S-1-5-80-3088073201-1464728630-1879813800-1107566885-823218052
	Modifying Application:	C:\Windows\System32\svchost.exe
	PolicyAppId:	
	Error Code:	0"
"11-08-2026 12:07:42","2097","Information","Microsoft-Windows-Windows Firewall With Advanced Security","A rule has been added to the Windows Defender Firewall exception list.

Added Rule:
	Rule ID:	Microsoft.StorePurchaseApp_8wekyb3d8bbweS-1-12-1-2357405129-1281513531-255772574-1816207334-In-Allow-Intranet
	Rule Name:	@{Microsoft.StorePurchaseApp_22606.1401.3.0_x64__8wekyb3d8bbwe?ms-resource://Microsoft.StorePurchaseApp/Resources/DisplayTitle}
	Origin:	Local
	Active:	Yes
	Direction:	Inbound
	Profiles:	Private,Domain, Public
	Action:	Allow
	Application Path:	
	Service Name:	
	Protocol:	Any
	Security Options:	None
	Edge Traversal:	None
	Modifying User:	S-1-5-80-3088073201-1464728630-1879813800-1107566885-823218052
	Modifying Application:	C:\Windows\System32\svchost.exe
	PolicyAppId:	
	Error Code:	0"
"11-08-2026 12:07:42","2097","Information","Microsoft-Windows-Windows Firewall With Advanced Security","A rule has been added to the Windows Defender Firewall exception list.

Added Rule:
	Rule ID:	Microsoft.StorePurchaseApp_8wekyb3d8bbweS-1-12-1-2357405129-1281513531-255772574-1816207334-Out-Block
	Rule Name:	@{Microsoft.StorePurchaseApp_22606.1401.3.0_x64__8wekyb3d8bbwe?ms-resource://Microsoft.StorePurchaseApp/Resources/DisplayTitle}
	Origin:	Local
	Active:	Yes
	Direction:	Outbound
	Profiles:	Private,Domain, Public
	Action:	Block
	Application Path:	
	Service Name:	
	Protocol:	Any
	Security Options:	None
	Edge Traversal:	None
	Modifying User:	S-1-5-80-3088073201-1464728630-1879813800-1107566885-823218052
	Modifying Application:	C:\Windows\System32\svchost.exe
	PolicyAppId:	
	Error Code:	0"
"11-08-2026 12:07:42","2097","Information","Microsoft-Windows-Windows Firewall With Advanced Security","A rule has been added to the Windows Defender Firewall exception list.

Added Rule:
	Rule ID:	Microsoft.StorePurchaseApp_8wekyb3d8bbweS-1-12-1-2357405129-1281513531-255772574-1816207334-In-Block
	Rule Name:	@{Microsoft.StorePurchaseApp_22606.1401.3.0_x64__8wekyb3d8bbwe?ms-resource://Microsoft.StorePurchaseApp/Resources/DisplayTitle}
	Origin:	Local
	Active:	Yes
	Direction:	Inbound
	Profiles:	Private,Domain, Public
	Action:	Block
	Application Path:	
	Service Name:	
	Protocol:	Any
	Security Options:	None
	Edge Traversal:	None
	Modifying User:	S-1-5-80-3088073201-1464728630-1879813800-1107566885-823218052
	Modifying Application:	C:\Windows\System32\svchost.exe
	PolicyAppId:	
	Error Code:	0"
"11-08-2026 12:07:42","2052","Information","Microsoft-Windows-Windows Firewall With Advanced Security","A rule has been deleted in the Windows Defender Firewall exception list.

Deleted Rule:
	Rule ID:	Microsoft.StorePurchaseApp_8wekyb3d8bbweS-1-12-1-2357405129-1281513531-255772574-1816207334-Out-Allow-AllCapabilities
	Rule Name:	@{Microsoft.StorePurchaseApp_22606.1401.2.0_x64__8wekyb3d8bbwe?ms-resource://Microsoft.StorePurchaseApp/Resources/DisplayTitle}
	Modifying User:	S-1-5-80-3088073201-1464728630-1879813800-1107566885-823218052
	Modifying Application:	C:\Windows\System32\svchost.exe
	Error Code:	0"
"11-08-2026 12:07:42","2052","Information","Microsoft-Windows-Windows Firewall With Advanced Security","A rule has been deleted in the Windows Defender Firewall exception list.

Deleted Rule:
	Rule ID:	Microsoft.StorePurchaseApp_8wekyb3d8bbweS-1-12-1-2357405129-1281513531-255772574-1816207334-In-Allow-ServerCapability
	Rule Name:	@{Microsoft.StorePurchaseApp_22606.1401.2.0_x64__8wekyb3d8bbwe?ms-resource://Microsoft.StorePurchaseApp/Resources/DisplayTitle}
	Modifying User:	S-1-5-80-3088073201-1464728630-1879813800-1107566885-823218052
	Modifying Application:	C:\Windows\System32\svchost.exe
	Error Code:	0"
"11-08-2026 12:07:42","2052","Information","Microsoft-Windows-Windows Firewall With Advanced Security","A rule has been deleted in the Windows Defender Firewall exception list.

Deleted Rule:
	Rule ID:	Microsoft.StorePurchaseApp_8wekyb3d8bbweS-1-12-1-2357405129-1281513531-255772574-1816207334-In-Block
	Rule Name:	@{Microsoft.StorePurchaseApp_22606.1401.2.0_x64__8wekyb3d8bbwe?ms-resource://Microsoft.StorePurchaseApp/Resources/DisplayTitle}
	Modifying User:	S-1-5-80-3088073201-1464728630-1879813800-1107566885-823218052
	Modifying Application:	C:\Windows\System32\svchost.exe
	Error Code:	0"
"11-08-2026 12:07:42","2052","Information","Microsoft-Windows-Windows Firewall With Advanced Security","A rule has been deleted in the Windows Defender Firewall exception list.

Deleted Rule:
	Rule ID:	Microsoft.StorePurchaseApp_8wekyb3d8bbweS-1-12-1-2357405129-1281513531-255772574-1816207334-Out-Block
	Rule Name:	@{Microsoft.StorePurchaseApp_22606.1401.2.0_x64__8wekyb3d8bbwe?ms-resource://Microsoft.StorePurchaseApp/Resources/DisplayTitle}
	Modifying User:	S-1-5-80-3088073201-1464728630-1879813800-1107566885-823218052
	Modifying Application:	C:\Windows\System32\svchost.exe
	Error Code:	0"
"11-08-2026 12:07:42","2052","Information","Microsoft-Windows-Windows Firewall With Advanced Security","A rule has been deleted in the Windows Defender Firewall exception list.

Deleted Rule:
	Rule ID:	Microsoft.StorePurchaseApp_8wekyb3d8bbweS-1-12-1-2357405129-1281513531-255772574-1816207334-In-Allow-Intranet
	Rule Name:	@{Microsoft.StorePurchaseApp_22606.1401.2.0_x64__8wekyb3d8bbwe?ms-resource://Microsoft.StorePurchaseApp/Resources/DisplayTitle}
	Modifying User:	S-1-5-80-3088073201-1464728630-1879813800-1107566885-823218052
	Modifying Application:	C:\Windows\System32\svchost.exe
	Error Code:	0"
"11-08-2026 12:07:42","2052","Information","Microsoft-Windows-Windows Firewall With Advanced Security","A rule has been deleted in the Windows Defender Firewall exception list.

Deleted Rule:
	Rule ID:	Microsoft.StorePurchaseApp_8wekyb3d8bbweS-1-12-1-2357405129-1281513531-255772574-1816207334-Out-Allow-Intranet
	Rule Name:	@{Microsoft.StorePurchaseApp_22606.1401.2.0_x64__8wekyb3d8bbwe?ms-resource://Microsoft.StorePurchaseApp/Resources/DisplayTitle}
	Modifying User:	S-1-5-80-3088073201-1464728630-1879813800-1107566885-823218052
	Modifying Application:	C:\Windows\System32\svchost.exe
	Error Code:	0"
"11-08-2026 12:07:42","2052","Information","Microsoft-Windows-Windows Firewall With Advanced Security","A rule has been deleted in the Windows Defender Firewall exception list.

Deleted Rule:
	Rule ID:	Microsoft.StorePurchaseApp_8wekyb3d8bbweS-1-12-1-2357405129-1281513531-255772574-1816207334-In-Allow-Intranet-Authenticate
	Rule Name:	@{Microsoft.StorePurchaseApp_22606.1401.2.0_x64__8wekyb3d8bbwe?ms-resource://Microsoft.StorePurchaseApp/Resources/DisplayTitle}
	Modifying User:	S-1-5-80-3088073201-1464728630-1879813800-1107566885-823218052
	Modifying Application:	C:\Windows\System32\svchost.exe
	Error Code:	0"
"11-08-2026 12:07:42","2052","Information","Microsoft-Windows-Windows Firewall With Advanced Security","A rule has been deleted in the Windows Defender Firewall exception list.

Deleted Rule:
	Rule ID:	Microsoft.StorePurchaseApp_8wekyb3d8bbweS-1-12-1-2357405129-1281513531-255772574-1816207334-Out-Allow-Intranet-Authenticate
	Rule Name:	@{Microsoft.StorePurchaseApp_22606.1401.2.0_x64__8wekyb3d8bbwe?ms-resource://Microsoft.StorePurchaseApp/Resources/DisplayTitle}
	Modifying User:	S-1-5-80-3088073201-1464728630-1879813800-1107566885-823218052
	Modifying Application:	C:\Windows\System32\svchost.exe
	Error Code:	0"
"11-08-2026 12:07:42","2052","Information","Microsoft-Windows-Windows Firewall With Advanced Security","A rule has been deleted in the Windows Defender Firewall exception list.

Deleted Rule:
	Rule ID:	Microsoft.StorePurchaseApp_8wekyb3d8bbweS-1-12-1-2357405129-1281513531-255772574-1816207334-Out-Allow-InternetClient
	Rule Name:	@{Microsoft.StorePurchaseApp_22606.1401.2.0_x64__8wekyb3d8bbwe?ms-resource://Microsoft.StorePurchaseApp/Resources/DisplayTitle}
	Modifying User:	S-1-5-80-3088073201-1464728630-1879813800-1107566885-823218052
	Modifying Application:	C:\Windows\System32\svchost.exe
	Error Code:	0"
"11-08-2026 12:07:14","2097","Information","Microsoft-Windows-Windows Firewall With Advanced Security","A rule has been added to the Windows Defender Firewall exception list.

Added Rule:
	Rule ID:	{3E2383D7-0991-4B40-A088-A5A571ABABE1}
	Rule Name:	Zscaler App Rule
	Origin:	Local
	Active:	Yes
	Direction:	Inbound
	Profiles:	Private,Domain, Public
	Action:	Allow
	Application Path:	C:\Program Files\Zscaler\ZSATunnel\ZSATunnel.exe
	Service Name:	
	Protocol:	Any
	Security Options:	None
	Edge Traversal:	None
	Modifying User:	S-1-5-18
	Modifying Application:	C:\Program Files\Zscaler\ZSATunnel\ZSATunnel.exe
	PolicyAppId:	
	Error Code:	0"
"11-08-2026 12:07:14","2099","Information","Microsoft-Windows-Windows Firewall With Advanced Security","A rule has been modified in the Windows Defender Firewall exception list.

Modified Rule:
	Rule ID:	{3E2383D7-0991-4B40-A088-A5A571ABABE1}
	Rule Name:	Zscaler App Rule
	Origin:	0
	Active:	Yes
	Direction:	Inbound
	Profiles:	Private,Domain, Public
	Action:	Allow
	Application Path:	C:\Program Files\Zscaler\ZSATunnel\ZSATunnel.exe
	Service Name:	
	Protocol:	Any
	Security Options:	None
	Edge Traversal:	None
	Modifying User:	S-1-5-18
	Modifying Application:	C:\Program Files\Zscaler\ZSATunnel\ZSATunnel.exe
	PolicyAppId:	
	Error Code:	2"
"11-08-2026 12:06:47","2097","Information","Microsoft-Windows-Windows Firewall With Advanced Security","A rule has been added to the Windows Defender Firewall exception list.

Added Rule:
	Rule ID:	lpacsensendrS-1-5-18-Out-Block
	Rule Name:	LpacSenseNdr
	Origin:	Local
	Active:	Yes
	Direction:	Outbound
	Profiles:	Private,Domain, Public
	Action:	Block
	Application Path:	
	Service Name:	
	Protocol:	Any
	Security Options:	None
	Edge Traversal:	None
	Modifying User:	S-1-5-80-3088073201-1464728630-1879813800-1107566885-823218052
	Modifying Application:	C:\Windows\System32\svchost.exe
	PolicyAppId:	
	Error Code:	0"
"11-08-2026 12:06:47","2097","Information","Microsoft-Windows-Windows Firewall With Advanced Security","A rule has been added to the Windows Defender Firewall exception list.

Added Rule:
	Rule ID:	lpacsensendrS-1-5-18-In-Block
	Rule Name:	LpacSenseNdr
	Origin:	Local
	Active:	Yes
	Direction:	Inbound
	Profiles:	Private,Domain, Public
	Action:	Block
	Application Path:	
	Service Name:	
	Protocol:	Any
	Security Options:	None
	Edge Traversal:	None
	Modifying User:	S-1-5-80-3088073201-1464728630-1879813800-1107566885-823218052
	Modifying Application:	C:\Windows\System32\svchost.exe
	PolicyAppId:	
	Error Code:	0"
"11-08-2026 12:06:47","2052","Information","Microsoft-Windows-Windows Firewall With Advanced Security","A rule has been deleted in the Windows Defender Firewall exception list.

Deleted Rule:
	Rule ID:	lpacsensendrS-1-5-18-In-Block
	Rule Name:	LpacSenseNdr
	Modifying User:	S-1-5-80-3088073201-1464728630-1879813800-1107566885-823218052
	Modifying Application:	C:\Windows\System32\svchost.exe
	Error Code:	0"
"11-08-2026 12:06:47","2052","Information","Microsoft-Windows-Windows Firewall With Advanced Security","A rule has been deleted in the Windows Defender Firewall exception list.

Deleted Rule:
	Rule ID:	lpacsensendrS-1-5-18-Out-Block
	Rule Name:	LpacSenseNdr
	Modifying User:	S-1-5-80-3088073201-1464728630-1879813800-1107566885-823218052
	Modifying Application:	C:\Windows\System32\svchost.exe
	Error Code:	0"
"11-08-2026 12:02:48","2097","Information","Microsoft-Windows-Windows Firewall With Advanced Security","A rule has been added to the Windows Defender Firewall exception list.

Added Rule:
	Rule ID:	lpacsensendrS-1-5-18-Out-Block
	Rule Name:	LpacSenseNdr
	Origin:	Local
	Active:	Yes
	Direction:	Outbound
	Profiles:	Private,Domain, Public
	Action:	Block
	Application Path:	
	Service Name:	
	Protocol:	Any
	Security Options:	None
	Edge Traversal:	None
	Modifying User:	S-1-5-80-3088073201-1464728630-1879813800-1107566885-823218052
	Modifying Application:	C:\Windows\System32\svchost.exe
	PolicyAppId:	
	Error Code:	0"
"11-08-2026 12:02:48","2097","Information","Microsoft-Windows-Windows Firewall With Advanced Security","A rule has been added to the Windows Defender Firewall exception list.

Added Rule:
	Rule ID:	lpacsensendrS-1-5-18-In-Block
	Rule Name:	LpacSenseNdr
	Origin:	Local
	Active:	Yes
	Direction:	Inbound
	Profiles:	Private,Domain, Public
	Action:	Block
	Application Path:	
	Service Name:	
	Protocol:	Any
	Security Options:	None
	Edge Traversal:	None
	Modifying User:	S-1-5-80-3088073201-1464728630-1879813800-1107566885-823218052
	Modifying Application:	C:\Windows\System32\svchost.exe
	PolicyAppId:	
	Error Code:	0"
"11-08-2026 12:02:48","2052","Information","Microsoft-Windows-Windows Firewall With Advanced Security","A rule has been deleted in the Windows Defender Firewall exception list.

Deleted Rule:
	Rule ID:	lpacsensendrS-1-5-18-In-Block
	Rule Name:	LpacSenseNdr
	Modifying User:	S-1-5-80-3088073201-1464728630-1879813800-1107566885-823218052
	Modifying Application:	C:\Windows\System32\svchost.exe
	Error Code:	0"
"11-08-2026 12:02:48","2052","Information","Microsoft-Windows-Windows Firewall With Advanced Security","A rule has been deleted in the Windows Defender Firewall exception list.

Deleted Rule:
	Rule ID:	lpacsensendrS-1-5-18-Out-Block
	Rule Name:	LpacSenseNdr
	Modifying User:	S-1-5-80-3088073201-1464728630-1879813800-1107566885-823218052
	Modifying Application:	C:\Windows\System32\svchost.exe
	Error Code:	0"
"11-08-2026 12:02:46","2097","Information","Microsoft-Windows-Windows Firewall With Advanced Security","A rule has been added to the Windows Defender Firewall exception list.

Added Rule:
	Rule ID:	lpacsensendrS-1-5-18-Out-Block
	Rule Name:	LpacSenseNdr
	Origin:	Local
	Active:	Yes
	Direction:	Outbound
	Profiles:	Private,Domain, Public
	Action:	Block
	Application Path:	
	Service Name:	
	Protocol:	Any
	Security Options:	None
	Edge Traversal:	None
	Modifying User:	S-1-5-80-3088073201-1464728630-1879813800-1107566885-823218052
	Modifying Application:	C:\Windows\System32\svchost.exe
	PolicyAppId:	
	Error Code:	0"
"11-08-2026 12:02:46","2097","Information","Microsoft-Windows-Windows Firewall With Advanced Security","A rule has been added to the Windows Defender Firewall exception list.

Added Rule:
	Rule ID:	lpacsensendrS-1-5-18-In-Block
	Rule Name:	LpacSenseNdr
	Origin:	Local
	Active:	Yes
	Direction:	Inbound
	Profiles:	Private,Domain, Public
	Action:	Block
	Application Path:	
	Service Name:	
	Protocol:	Any
	Security Options:	None
	Edge Traversal:	None
	Modifying User:	S-1-5-80-3088073201-1464728630-1879813800-1107566885-823218052
	Modifying Application:	C:\Windows\System32\svchost.exe
	PolicyAppId:	
	Error Code:	0"
"11-08-2026 12:02:46","2052","Information","Microsoft-Windows-Windows Firewall With Advanced Security","A rule has been deleted in the Windows Defender Firewall exception list.

Deleted Rule:
	Rule ID:	lpacsensendrS-1-5-18-In-Block
	Rule Name:	LpacSenseNdr
	Modifying User:	S-1-5-80-3088073201-1464728630-1879813800-1107566885-823218052
	Modifying Application:	C:\Windows\System32\svchost.exe
	Error Code:	0"
"11-08-2026 12:02:46","2052","Information","Microsoft-Windows-Windows Firewall With Advanced Security","A rule has been deleted in the Windows Defender Firewall exception list.

Deleted Rule:
	Rule ID:	lpacsensendrS-1-5-18-Out-Block
	Rule Name:	LpacSenseNdr
	Modifying User:	S-1-5-80-3088073201-1464728630-1879813800-1107566885-823218052
	Modifying Application:	C:\Windows\System32\svchost.exe
	Error Code:	0"
"11-08-2026 12:02:44","2097","Information","Microsoft-Windows-Windows Firewall With Advanced Security","A rule has been added to the Windows Defender Firewall exception list.

Added Rule:
	Rule ID:	lpacsensendrS-1-5-18-Out-Block
	Rule Name:	LpacSenseNdr
	Origin:	Local
	Active:	Yes
	Direction:	Outbound
	Profiles:	Private,Domain, Public
	Action:	Block
	Application Path:	
	Service Name:	
	Protocol:	Any
	Security Options:	None
	Edge Traversal:	None
	Modifying User:	S-1-5-80-3088073201-1464728630-1879813800-1107566885-823218052
	Modifying Application:	C:\Windows\System32\svchost.exe
	PolicyAppId:	
	Error Code:	0"
"11-08-2026 12:02:44","2097","Information","Microsoft-Windows-Windows Firewall With Advanced Security","A rule has been added to the Windows Defender Firewall exception list.

Added Rule:
	Rule ID:	lpacsensendrS-1-5-18-In-Block
	Rule Name:	LpacSenseNdr
	Origin:	Local
	Active:	Yes
	Direction:	Inbound
	Profiles:	Private,Domain, Public
	Action:	Block
	Application Path:	
	Service Name:	
	Protocol:	Any
	Security Options:	None
	Edge Traversal:	None
	Modifying User:	S-1-5-80-3088073201-1464728630-1879813800-1107566885-823218052
	Modifying Application:	C:\Windows\System32\svchost.exe
	PolicyAppId:	
	Error Code:	0"
"11-08-2026 12:02:44","2052","Information","Microsoft-Windows-Windows Firewall With Advanced Security","A rule has been deleted in the Windows Defender Firewall exception list.

Deleted Rule:
	Rule ID:	lpacsensendrS-1-5-18-In-Block
	Rule Name:	LpacSenseNdr
	Modifying User:	S-1-5-80-3088073201-1464728630-1879813800-1107566885-823218052
	Modifying Application:	C:\Windows\System32\svchost.exe
	Error Code:	0"
"11-08-2026 12:02:44","2052","Information","Microsoft-Windows-Windows Firewall With Advanced Security","A rule has been deleted in the Windows Defender Firewall exception list.

Deleted Rule:
	Rule ID:	lpacsensendrS-1-5-18-Out-Block
	Rule Name:	LpacSenseNdr
	Modifying User:	S-1-5-80-3088073201-1464728630-1879813800-1107566885-823218052
	Modifying Application:	C:\Windows\System32\svchost.exe
	Error Code:	0"
"11-08-2026 12:02:43","2010","Information","Microsoft-Windows-Windows Firewall With Advanced Security","Network profile changed on an interface.

Adapter GUID:	{556d9bdf-d387-4ab9-be4c-a7e220faf218}
Adapter Name:	wireless_32768
Old Profile:	None
New Profile:	Public"
"11-08-2026 12:02:43","2011","Information","Microsoft-Windows-Windows Firewall With Advanced Security","Windows Defender Firewall was unable to notify the user that it blocked an application from accepting incoming connections on the network.

Reason:		%1
Application Path:	%2
IP Version:	%3
Protocol:	%4
Port:		%5
Process Id:	%6
User:		%7"
"11-08-2026 12:02:42","2097","Information","Microsoft-Windows-Windows Firewall With Advanced Security","A rule has been added to the Windows Defender Firewall exception list.

Added Rule:
	Rule ID:	lpacsensendrS-1-5-18-Out-Block
	Rule Name:	LpacSenseNdr
	Origin:	Local
	Active:	Yes
	Direction:	Outbound
	Profiles:	Private,Domain, Public
	Action:	Block
	Application Path:	
	Service Name:	
	Protocol:	Any
	Security Options:	None
	Edge Traversal:	None
	Modifying User:	S-1-5-80-3088073201-1464728630-1879813800-1107566885-823218052
	Modifying Application:	C:\Windows\System32\svchost.exe
	PolicyAppId:	
	Error Code:	0"
"11-08-2026 12:02:42","2097","Information","Microsoft-Windows-Windows Firewall With Advanced Security","A rule has been added to the Windows Defender Firewall exception list.

Added Rule:
	Rule ID:	lpacsensendrS-1-5-18-In-Block
	Rule Name:	LpacSenseNdr
	Origin:	Local
	Active:	Yes
	Direction:	Inbound
	Profiles:	Private,Domain, Public
	Action:	Block
	Application Path:	
	Service Name:	
	Protocol:	Any
	Security Options:	None
	Edge Traversal:	None
	Modifying User:	S-1-5-80-3088073201-1464728630-1879813800-1107566885-823218052
	Modifying Application:	C:\Windows\System32\svchost.exe
	PolicyAppId:	
	Error Code:	0"
"11-08-2026 12:02:42","2052","Information","Microsoft-Windows-Windows Firewall With Advanced Security","A rule has been deleted in the Windows Defender Firewall exception list.

Deleted Rule:
	Rule ID:	lpacsensendrS-1-5-18-In-Block
	Rule Name:	LpacSenseNdr
	Modifying User:	S-1-5-80-3088073201-1464728630-1879813800-1107566885-823218052
	Modifying Application:	C:\Windows\System32\svchost.exe
	Error Code:	0"
