"17-08-2026 15:00:05","41","Information","Microsoft-Windows-AppModel-Runtime","Successfully deleted AppContainer OICE_16_974FA576_32C1D314_2A8E."
"17-08-2026 14:59:17","217","Information","Microsoft-Windows-AppModel-Runtime","Destroyed Desktop AppX container {D6874A06-97D6-11F1-A28E-54582D32ED0C} for package Microsoft.WindowsTerminal_1.24.11911.0_x64__8wekyb3d8bbwe."
"17-08-2026 14:59:05","211","Information","Microsoft-Windows-AppModel-Runtime","Added process 10176 to Desktop AppX container d6874a06-97d6-11f1-a28e-54582d32ed0c for package Microsoft.WindowsTerminal_1.24.11911.0_x64__8wekyb3d8bbwe."
"17-08-2026 14:59:05","211","Information","Microsoft-Windows-AppModel-Runtime","Added process 13836 to Desktop AppX container d6874a06-97d6-11f1-a28e-54582d32ed0c for package Microsoft.WindowsTerminal_1.24.11911.0_x64__8wekyb3d8bbwe."
"17-08-2026 14:59:05","210","Information","Microsoft-Windows-AppModel-Runtime","Created Desktop AppX container {D6874A06-97D6-11F1-A28E-54582D32ED0C} for package Microsoft.WindowsTerminal_1.24.11911.0_x64__8wekyb3d8bbwe."
"17-08-2026 14:54:01","211","Information","Microsoft-Windows-AppModel-Runtime","Added process 32660 to Desktop AppX container 67684866-954e-11f1-a28e-54582d32ed0c for package MicrosoftWindows.Client.CBS_1000.26100.334.0_x64__cw5n1h2txyewy."
"17-08-2026 14:46:40","41","Information","Microsoft-Windows-AppModel-Runtime","Successfully deleted AppContainer OICE_16_974FA576_32C1D314_DB7."
"17-08-2026 14:46:31","39","Information","Microsoft-Windows-AppModel-Runtime","Successfully created AppContainer OICE_16_974FA576_32C1D314_DB7."
"17-08-2026 14:46:31","41","Information","Microsoft-Windows-AppModel-Runtime","Successfully deleted AppContainer OICE_16_974FA576_32C1D314_DB7."
"17-08-2026 14:39:01","211","Information","Microsoft-Windows-AppModel-Runtime","Added process 1380 to Desktop AppX container 67684866-954e-11f1-a28e-54582d32ed0c for package MicrosoftWindows.Client.CBS_1000.26100.334.0_x64__cw5n1h2txyewy."
"17-08-2026 14:36:14","211","Information","Microsoft-Windows-AppModel-Runtime","Added process 6100 to Desktop AppX container 67684b99-954e-11f1-a28e-54582d32ed0c for package MSTeams_26183.1903.4892.4448_x64__8wekyb3d8bbwe."
"17-08-2026 14:24:01","211","Information","Microsoft-Windows-AppModel-Runtime","Added process 36032 to Desktop AppX container 67684866-954e-11f1-a28e-54582d32ed0c for package MicrosoftWindows.Client.CBS_1000.26100.334.0_x64__cw5n1h2txyewy."
"17-08-2026 14:19:50","217","Information","Microsoft-Windows-AppModel-Runtime","Destroyed Desktop AppX container {D687469D-97D6-11F1-A28E-54582D32ED0C} for package Microsoft.WindowsStore_22606.1401.13.0_x64__8wekyb3d8bbwe."
"17-08-2026 14:18:50","211","Information","Microsoft-Windows-AppModel-Runtime","Added process 35996 to Desktop AppX container d687469d-97d6-11f1-a28e-54582d32ed0c for package Microsoft.WindowsStore_22606.1401.13.0_x64__8wekyb3d8bbwe."
"17-08-2026 14:18:50","210","Information","Microsoft-Windows-AppModel-Runtime","Created Desktop AppX container {D687469D-97D6-11F1-A28E-54582D32ED0C} for package Microsoft.WindowsStore_22606.1401.13.0_x64__8wekyb3d8bbwe."
"17-08-2026 14:09:01","211","Information","Microsoft-Windows-AppModel-Runtime","Added process 12916 to Desktop AppX container 67684866-954e-11f1-a28e-54582d32ed0c for package MicrosoftWindows.Client.CBS_1000.26100.334.0_x64__cw5n1h2txyewy."
"17-08-2026 14:01:27","39","Information","Microsoft-Windows-AppModel-Runtime","Successfully created AppContainer LpacSenseImdsCollector."
"17-08-2026 14:01:27","41","Information","Microsoft-Windows-AppModel-Runtime","Successfully deleted AppContainer LpacSenseImdsCollector."
"17-08-2026 13:54:25","211","Information","Microsoft-Windows-AppModel-Runtime","Added process 22540 to Desktop AppX container 67684866-954e-11f1-a28e-54582d32ed0c for package MicrosoftWindows.Client.CBS_1000.26100.334.0_x64__cw5n1h2txyewy."
"17-08-2026 13:42:01","211","Information","Microsoft-Windows-AppModel-Runtime","Added process 37492 to Desktop AppX container 67684866-954e-11f1-a28e-54582d32ed0c for package MicrosoftWindows.Client.CBS_1000.26100.334.0_x64__cw5n1h2txyewy."
"17-08-2026 13:34:55","40","Information","Microsoft-Windows-AppModel-Runtime","AppContainer onecore\ds\security\gina\profile\profext\appcontainer.cpp Line:1863 Chrome Sandbox cr.sb.odmF5200EAFD3AD904629CBB0F87A78A3C7211081FE was not created because it already exists."
"17-08-2026 13:33:42","211","Information","Microsoft-Windows-AppModel-Runtime","Added process 40980 to Desktop AppX container 67684b99-954e-11f1-a28e-54582d32ed0c for package MSTeams_26183.1903.4892.4448_x64__8wekyb3d8bbwe."
"17-08-2026 13:31:56","42","Information","Microsoft-Windows-AppModel-Runtime","Successfully updated AppContainer Microsoft.WindowsAppRuntime.2_8wekyb3d8bbwe."
"17-08-2026 13:31:56","201","Information","Microsoft-Windows-AppModel-Runtime","Created process 36764 for application Microsoft.MicrosoftEdge.Stable_8wekyb3d8bbwe!App in package Microsoft.MicrosoftEdge.Stable_151.0.4129.86_neutral__8wekyb3d8bbwe. [FinishPackageActivation]"
"17-08-2026 13:31:56","219","Information","Microsoft-Windows-AppModel-Runtime","PSMFlags for Desktop AppX process %1 with applicationID %2 is %3."
"17-08-2026 13:31:54","42","Information","Microsoft-Windows-AppModel-Runtime","Successfully updated AppContainer Microsoft.MicrosoftEdge.Stable_8wekyb3d8bbwe."
"17-08-2026 13:27:01","211","Information","Microsoft-Windows-AppModel-Runtime","Added process 14596 to Desktop AppX container 67684866-954e-11f1-a28e-54582d32ed0c for package MicrosoftWindows.Client.CBS_1000.26100.334.0_x64__cw5n1h2txyewy."
"17-08-2026 13:12:01","211","Information","Microsoft-Windows-AppModel-Runtime","Added process 32984 to Desktop AppX container 67684866-954e-11f1-a28e-54582d32ed0c for package MicrosoftWindows.Client.CBS_1000.26100.334.0_x64__cw5n1h2txyewy."
"17-08-2026 13:01:01","39","Information","Microsoft-Windows-AppModel-Runtime","Successfully created AppContainer LpacSenseImdsCollector."
"17-08-2026 13:01:01","41","Information","Microsoft-Windows-AppModel-Runtime","Successfully deleted AppContainer LpacSenseImdsCollector."
"17-08-2026 12:57:01","211","Information","Microsoft-Windows-AppModel-Runtime","Added process 17536 to Desktop AppX container 67684866-954e-11f1-a28e-54582d32ed0c for package MicrosoftWindows.Client.CBS_1000.26100.334.0_x64__cw5n1h2txyewy."
"17-08-2026 12:42:01","211","Information","Microsoft-Windows-AppModel-Runtime","Added process 32864 to Desktop AppX container 67684866-954e-11f1-a28e-54582d32ed0c for package MicrosoftWindows.Client.CBS_1000.26100.334.0_x64__cw5n1h2txyewy."
"17-08-2026 12:36:14","211","Information","Microsoft-Windows-AppModel-Runtime","Added process 31352 to Desktop AppX container 67684b99-954e-11f1-a28e-54582d32ed0c for package MSTeams_26183.1903.4892.4448_x64__8wekyb3d8bbwe."
"17-08-2026 12:27:01","211","Information","Microsoft-Windows-AppModel-Runtime","Added process 39252 to Desktop AppX container 67684866-954e-11f1-a28e-54582d32ed0c for package MicrosoftWindows.Client.CBS_1000.26100.334.0_x64__cw5n1h2txyewy."
"17-08-2026 12:16:42","217","Information","Microsoft-Windows-AppModel-Runtime","Destroyed Desktop AppX container {D6873F5D-97D6-11F1-A28E-54582D32ED0C} for package Microsoft.WindowsStore_22606.1401.13.0_x64__8wekyb3d8bbwe."
"17-08-2026 12:15:42","211","Information","Microsoft-Windows-AppModel-Runtime","Added process 5912 to Desktop AppX container d6873f5d-97d6-11f1-a28e-54582d32ed0c for package Microsoft.WindowsStore_22606.1401.13.0_x64__8wekyb3d8bbwe."
"17-08-2026 12:15:42","210","Information","Microsoft-Windows-AppModel-Runtime","Created Desktop AppX container {D6873F5D-97D6-11F1-A28E-54582D32ED0C} for package Microsoft.WindowsStore_22606.1401.13.0_x64__8wekyb3d8bbwe."
"17-08-2026 12:12:01","211","Information","Microsoft-Windows-AppModel-Runtime","Added process 28500 to Desktop AppX container 67684866-954e-11f1-a28e-54582d32ed0c for package MicrosoftWindows.Client.CBS_1000.26100.334.0_x64__cw5n1h2txyewy."
"17-08-2026 12:00:36","39","Information","Microsoft-Windows-AppModel-Runtime","Successfully created AppContainer LpacSenseImdsCollector."
"17-08-2026 12:00:36","41","Information","Microsoft-Windows-AppModel-Runtime","Successfully deleted AppContainer LpacSenseImdsCollector."
"17-08-2026 12:00:13","201","Information","Microsoft-Windows-AppModel-Runtime","Created process 40684 for application MSTeams_8wekyb3d8bbwe!MSTeams in package MSTeams_26183.1903.4892.4448_x64__8wekyb3d8bbwe. [LaunchProcess]"
"17-08-2026 12:00:13","211","Information","Microsoft-Windows-AppModel-Runtime","Added process 40684 to Desktop AppX container 67684b99-954e-11f1-a28e-54582d32ed0c for package MSTeams_26183.1903.4892.4448_x64__8wekyb3d8bbwe."
"17-08-2026 12:00:13","219","Information","Microsoft-Windows-AppModel-Runtime","PSMFlags for Desktop AppX process %1 with applicationID %2 is %3."
"17-08-2026 11:57:01","211","Information","Microsoft-Windows-AppModel-Runtime","Added process 16580 to Desktop AppX container 67684866-954e-11f1-a28e-54582d32ed0c for package MicrosoftWindows.Client.CBS_1000.26100.334.0_x64__cw5n1h2txyewy."
"17-08-2026 11:42:01","211","Information","Microsoft-Windows-AppModel-Runtime","Added process 5316 to Desktop AppX container 67684866-954e-11f1-a28e-54582d32ed0c for package MicrosoftWindows.Client.CBS_1000.26100.334.0_x64__cw5n1h2txyewy."
"17-08-2026 11:36:14","211","Information","Microsoft-Windows-AppModel-Runtime","Added process 8036 to Desktop AppX container 67684b99-954e-11f1-a28e-54582d32ed0c for package MSTeams_26183.1903.4892.4448_x64__8wekyb3d8bbwe."
"17-08-2026 11:27:01","211","Information","Microsoft-Windows-AppModel-Runtime","Added process 10352 to Desktop AppX container 67684866-954e-11f1-a28e-54582d32ed0c for package MicrosoftWindows.Client.CBS_1000.26100.334.0_x64__cw5n1h2txyewy."
"17-08-2026 11:16:00","211","Information","Microsoft-Windows-AppModel-Runtime","Added process 13572 to Desktop AppX container 67684b99-954e-11f1-a28e-54582d32ed0c for package MSTeams_26183.1903.4892.4448_x64__8wekyb3d8bbwe."
"17-08-2026 11:12:01","211","Information","Microsoft-Windows-AppModel-Runtime","Added process 33544 to Desktop AppX container 67684866-954e-11f1-a28e-54582d32ed0c for package MicrosoftWindows.Client.CBS_1000.26100.334.0_x64__cw5n1h2txyewy."
"17-08-2026 11:00:10","39","Information","Microsoft-Windows-AppModel-Runtime","Successfully created AppContainer LpacSenseImdsCollector."
"17-08-2026 11:00:10","41","Information","Microsoft-Windows-AppModel-Runtime","Successfully deleted AppContainer LpacSenseImdsCollector."
"17-08-2026 10:57:01","211","Information","Microsoft-Windows-AppModel-Runtime","Added process 27260 to Desktop AppX container 67684866-954e-11f1-a28e-54582d32ed0c for package MicrosoftWindows.Client.CBS_1000.26100.334.0_x64__cw5n1h2txyewy."
"17-08-2026 10:42:01","211","Information","Microsoft-Windows-AppModel-Runtime","Added process 42484 to Desktop AppX container 67684866-954e-11f1-a28e-54582d32ed0c for package MicrosoftWindows.Client.CBS_1000.26100.334.0_x64__cw5n1h2txyewy."
"17-08-2026 10:36:14","211","Information","Microsoft-Windows-AppModel-Runtime","Added process 37020 to Desktop AppX container 67684b99-954e-11f1-a28e-54582d32ed0c for package MSTeams_26183.1903.4892.4448_x64__8wekyb3d8bbwe."
"17-08-2026 10:31:32","40","Information","Microsoft-Windows-AppModel-Runtime","AppContainer onecore\ds\security\gina\profile\profext\appcontainer.cpp Line:1863 1_https___agave.myanalytics.cdn.office.net 1_https___agave.myanalytics.cdn.office.net04ACA5EC was not created because it already exists."
"17-08-2026 10:27:01","211","Information","Microsoft-Windows-AppModel-Runtime","Added process 27896 to Desktop AppX container 67684866-954e-11f1-a28e-54582d32ed0c for package MicrosoftWindows.Client.CBS_1000.26100.334.0_x64__cw5n1h2txyewy."
"17-08-2026 10:22:14","217","Information","Microsoft-Windows-AppModel-Runtime","Destroyed Desktop AppX container {D6873858-97D6-11F1-A28E-54582D32ED0C} for package Microsoft.WindowsStore_22606.1401.13.0_x64__8wekyb3d8bbwe."
"17-08-2026 10:21:14","211","Information","Microsoft-Windows-AppModel-Runtime","Added process 37024 to Desktop AppX container d6873858-97d6-11f1-a28e-54582d32ed0c for package Microsoft.WindowsStore_22606.1401.13.0_x64__8wekyb3d8bbwe."
"17-08-2026 10:21:14","210","Information","Microsoft-Windows-AppModel-Runtime","Created Desktop AppX container {D6873858-97D6-11F1-A28E-54582D32ED0C} for package Microsoft.WindowsStore_22606.1401.13.0_x64__8wekyb3d8bbwe."
"17-08-2026 10:20:22","211","Information","Microsoft-Windows-AppModel-Runtime","Added process 22524 to Desktop AppX container 98cd4f34-96f6-11f1-a28e-54582d32ed0c for package Microsoft.WindowsNotepad_11.2606.15.0_x64__8wekyb3d8bbwe."
"17-08-2026 10:20:22","211","Information","Microsoft-Windows-AppModel-Runtime","Added process 36276 to Desktop AppX container d687383c-97d6-11f1-a28e-54582d32ed0c for package Microsoft.OneDriveSync_26139.720.7.0_neutral__8wekyb3d8bbwe."
"17-08-2026 10:20:22","210","Information","Microsoft-Windows-AppModel-Runtime","Created Desktop AppX container {D687383C-97D6-11F1-A28E-54582D32ED0C} for package Microsoft.OneDriveSync_26139.720.7.0_neutral__8wekyb3d8bbwe."
"17-08-2026 10:17:09","40","Information","Microsoft-Windows-AppModel-Runtime","AppContainer onecore\ds\security\gina\profile\profext\appcontainer.cpp Line:1863 1_https___agave.myanalytics.cdn.office.net 1_https___agave.myanalytics.cdn.office.net04ACA5EC was not created because it already exists."
"17-08-2026 10:12:01","211","Information","Microsoft-Windows-AppModel-Runtime","Added process 40980 to Desktop AppX container 67684866-954e-11f1-a28e-54582d32ed0c for package MicrosoftWindows.Client.CBS_1000.26100.334.0_x64__cw5n1h2txyewy."
"17-08-2026 10:04:25","68","Information","Microsoft-Windows-AppModel-Runtime","AppModel Runtime status for package Microsoft.OfficePushNotificationUtility_16.0.20131.20152_neutral__8wekyb3d8bbwe successfully updated to 0x0 (previous status = 0x8)."
"17-08-2026 10:04:24","42","Information","Microsoft-Windows-AppModel-Runtime","Successfully updated AppContainer Microsoft.OfficePushNotificationUtility_8wekyb3d8bbwe."
"17-08-2026 10:04:24","68","Information","Microsoft-Windows-AppModel-Runtime","AppModel Runtime status for package Microsoft.Office.ActionsServer_16.0.20131.20152_neutral__8wekyb3d8bbwe successfully updated to 0x0 (previous status = 0x8)."
"17-08-2026 10:04:23","42","Information","Microsoft-Windows-AppModel-Runtime","Successfully updated AppContainer Microsoft.Office.ActionsServer_8wekyb3d8bbwe."
"17-08-2026 10:04:22","42","Information","Microsoft-Windows-AppModel-Runtime","Successfully updated AppContainer Microsoft.WindowsAppRuntime.1.8_8wekyb3d8bbwe."
"17-08-2026 10:04:20","42","Information","Microsoft-Windows-AppModel-Runtime","Successfully updated AppContainer Microsoft.WindowsAppRuntime.2_8wekyb3d8bbwe."
"17-08-2026 10:04:20","68","Information","Microsoft-Windows-AppModel-Runtime","AppModel Runtime status for package aimgr_0.20.60.0_x64__8wekyb3d8bbwe successfully updated to 0x0 (previous status = 0x8)."
"17-08-2026 10:04:18","42","Information","Microsoft-Windows-AppModel-Runtime","Successfully updated AppContainer Microsoft.WindowsAppRuntime.1.8_8wekyb3d8bbwe."
"17-08-2026 10:02:23","68","Information","Microsoft-Windows-AppModel-Runtime","AppModel Runtime status for package Microsoft.Office.ActionsServer_16.0.20131.20152_neutral__8wekyb3d8bbwe successfully updated to 0x8 (previous status = 0x0)."
"17-08-2026 10:02:23","68","Information","Microsoft-Windows-AppModel-Runtime","AppModel Runtime status for package aimgr_0.20.60.0_x64__8wekyb3d8bbwe successfully updated to 0x8 (previous status = 0x0)."
"17-08-2026 10:02:23","68","Information","Microsoft-Windows-AppModel-Runtime","AppModel Runtime status for package Microsoft.OfficePushNotificationUtility_16.0.20131.20152_neutral__8wekyb3d8bbwe successfully updated to 0x8 (previous status = 0x0)."
"17-08-2026 09:59:44","39","Information","Microsoft-Windows-AppModel-Runtime","Successfully created AppContainer LpacSenseImdsCollector."
"17-08-2026 09:59:44","41","Information","Microsoft-Windows-AppModel-Runtime","Successfully deleted AppContainer LpacSenseImdsCollector."
"17-08-2026 09:57:01","211","Information","Microsoft-Windows-AppModel-Runtime","Added process 34884 to Desktop AppX container 67684866-954e-11f1-a28e-54582d32ed0c for package MicrosoftWindows.Client.CBS_1000.26100.334.0_x64__cw5n1h2txyewy."
"17-08-2026 09:45:16","217","Information","Microsoft-Windows-AppModel-Runtime","Destroyed Desktop AppX container {D687347D-97D6-11F1-A28E-54582D32ED0C} for package Microsoft.DesktopAppInstaller_1.29.280.0_x64__8wekyb3d8bbwe."
"17-08-2026 09:45:08","217","Information","Microsoft-Windows-AppModel-Runtime","Destroyed Desktop AppX container {D6873462-97D6-11F1-A28E-54582D32ED0C} for package Microsoft.WindowsStore_22606.1401.13.0_x64__8wekyb3d8bbwe."
"17-08-2026 09:44:10","211","Information","Microsoft-Windows-AppModel-Runtime","Added process 39740 to Desktop AppX container d687347d-97d6-11f1-a28e-54582d32ed0c for package Microsoft.DesktopAppInstaller_1.29.280.0_x64__8wekyb3d8bbwe."
"17-08-2026 09:44:10","210","Information","Microsoft-Windows-AppModel-Runtime","Created Desktop AppX container {D687347D-97D6-11F1-A28E-54582D32ED0C} for package Microsoft.DesktopAppInstaller_1.29.280.0_x64__8wekyb3d8bbwe."
"17-08-2026 09:44:07","211","Information","Microsoft-Windows-AppModel-Runtime","Added process 19204 to Desktop AppX container d6873462-97d6-11f1-a28e-54582d32ed0c for package Microsoft.WindowsStore_22606.1401.13.0_x64__8wekyb3d8bbwe."
"17-08-2026 09:44:07","210","Information","Microsoft-Windows-AppModel-Runtime","Created Desktop AppX container {D6873462-97D6-11F1-A28E-54582D32ED0C} for package Microsoft.WindowsStore_22606.1401.13.0_x64__8wekyb3d8bbwe."
"17-08-2026 09:44:07","211","Information","Microsoft-Windows-AppModel-Runtime","Added process 39436 to Desktop AppX container 67684b99-954e-11f1-a28e-54582d32ed0c for package MSTeams_26183.1903.4892.4448_x64__8wekyb3d8bbwe."
"17-08-2026 09:44:07","211","Information","Microsoft-Windows-AppModel-Runtime","Added process 32124 to Desktop AppX container 67684b99-954e-11f1-a28e-54582d32ed0c for package MSTeams_26183.1903.4892.4448_x64__8wekyb3d8bbwe."
"17-08-2026 09:42:34","201","Information","Microsoft-Windows-AppModel-Runtime","Created process 6828 for application Microsoft.OfficePushNotificationUtility_8wekyb3d8bbwe!OPushUtil in package Microsoft.OfficePushNotificationUtility_16.0.20131.20152_neutral__8wekyb3d8bbwe. [FinishPackageActivation]"
"17-08-2026 09:42:34","201","Information","Microsoft-Windows-AppModel-Runtime","Created process 32360 for application Microsoft.Office.ActionsServer_8wekyb3d8bbwe!Microsoft.Office.ActionsServer in package Microsoft.Office.ActionsServer_16.0.20131.20152_neutral__8wekyb3d8bbwe. [FinishPackageActivation]"
"17-08-2026 09:42:34","211","Information","Microsoft-Windows-AppModel-Runtime","Added process 39972 to Desktop AppX container 67684866-954e-11f1-a28e-54582d32ed0c for package MicrosoftWindows.Client.CBS_1000.26100.334.0_x64__cw5n1h2txyewy."
"17-08-2026 09:42:34","219","Information","Microsoft-Windows-AppModel-Runtime","PSMFlags for Desktop AppX process %1 with applicationID %2 is %3."
"17-08-2026 09:42:34","219","Information","Microsoft-Windows-AppModel-Runtime","PSMFlags for Desktop AppX process %1 with applicationID %2 is %3."
"17-08-2026 09:36:47","217","Information","Microsoft-Windows-AppModel-Runtime","Destroyed Desktop AppX container {D68730F6-97D6-11F1-A28E-54582D32ED0C} for package Microsoft.OneDriveSync_26139.720.7.0_neutral__8wekyb3d8bbwe."
"17-08-2026 09:36:47","39","Information","Microsoft-Windows-AppModel-Runtime","Successfully created AppContainer LpacSenseNdr."
"17-08-2026 09:36:47","41","Information","Microsoft-Windows-AppModel-Runtime","Successfully deleted AppContainer LpacSenseNdr."
"17-08-2026 09:36:44","39","Information","Microsoft-Windows-AppModel-Runtime","Successfully created AppContainer LpacSenseNdr."
"17-08-2026 09:36:44","41","Information","Microsoft-Windows-AppModel-Runtime","Successfully deleted AppContainer LpacSenseNdr."
"17-08-2026 09:36:40","211","Information","Microsoft-Windows-AppModel-Runtime","Added process 6276 to Desktop AppX container d68730f6-97d6-11f1-a28e-54582d32ed0c for package Microsoft.OneDriveSync_26139.720.7.0_neutral__8wekyb3d8bbwe."
"17-08-2026 09:36:40","210","Information","Microsoft-Windows-AppModel-Runtime","Created Desktop AppX container {D68730F6-97D6-11F1-A28E-54582D32ED0C} for package Microsoft.OneDriveSync_26139.720.7.0_neutral__8wekyb3d8bbwe."
"17-08-2026 09:36:38","39","Information","Microsoft-Windows-AppModel-Runtime","Successfully created AppContainer LpacSenseNdr."
"17-08-2026 09:36:38","41","Information","Microsoft-Windows-AppModel-Runtime","Successfully deleted AppContainer LpacSenseNdr."
"15-08-2026 05:11:35","39","Information","Microsoft-Windows-AppModel-Runtime","Successfully created AppContainer LpacSenseNdr."
"15-08-2026 05:11:35","41","Information","Microsoft-Windows-AppModel-Runtime","Successfully deleted AppContainer LpacSenseNdr."
"15-08-2026 05:11:33","39","Information","Microsoft-Windows-AppModel-Runtime","Successfully created AppContainer LpacSenseNdr."
"15-08-2026 05:11:33","41","Information","Microsoft-Windows-AppModel-Runtime","Successfully deleted AppContainer LpacSenseNdr."
"15-08-2026 05:11:30","211","Information","Microsoft-Windows-AppModel-Runtime","Added process 39352 to Desktop AppX container 67684866-954e-11f1-a28e-54582d32ed0c for package MicrosoftWindows.Client.CBS_1000.26100.334.0_x64__cw5n1h2txyewy."
"14-08-2026 20:08:34","211","Information","Microsoft-Windows-AppModel-Runtime","Added process 21836 to Desktop AppX container 67684866-954e-11f1-a28e-54582d32ed0c for package MicrosoftWindows.Client.CBS_1000.26100.334.0_x64__cw5n1h2txyewy."
"14-08-2026 19:43:03","39","Information","Microsoft-Windows-AppModel-Runtime","Successfully created AppContainer LpacSenseNdr."
"14-08-2026 19:43:03","41","Information","Microsoft-Windows-AppModel-Runtime","Successfully deleted AppContainer LpacSenseNdr."
"14-08-2026 19:42:30","201","Information","Microsoft-Windows-AppModel-Runtime","Created process 29444 for application Microsoft.WindowsNotepad_8wekyb3d8bbwe!App in package Microsoft.WindowsNotepad_11.2606.15.0_x64__8wekyb3d8bbwe. [LaunchProcess]"
"14-08-2026 19:42:30","211","Information","Microsoft-Windows-AppModel-Runtime","Added process 29444 to Desktop AppX container 98cd4f34-96f6-11f1-a28e-54582d32ed0c for package Microsoft.WindowsNotepad_11.2606.15.0_x64__8wekyb3d8bbwe."
"14-08-2026 19:42:30","219","Information","Microsoft-Windows-AppModel-Runtime","PSMFlags for Desktop AppX process %1 with applicationID %2 is %3."
"14-08-2026 19:42:27","217","Information","Microsoft-Windows-AppModel-Runtime","Destroyed Desktop AppX container {D687303D-97D6-11F1-A28E-54582D32ED0C} for package Microsoft.WindowsTerminal_1.24.11911.0_x64__8wekyb3d8bbwe."
"14-08-2026 19:42:23","217","Information","Microsoft-Windows-AppModel-Runtime","Destroyed Desktop AppX container {D6873041-97D6-11F1-A28E-54582D32ED0C} for package Microsoft.OneDriveSync_26139.720.7.0_neutral__8wekyb3d8bbwe."
"14-08-2026 19:42:18","211","Information","Microsoft-Windows-AppModel-Runtime","Added process 34032 to Desktop AppX container d6873041-97d6-11f1-a28e-54582d32ed0c for package Microsoft.OneDriveSync_26139.720.7.0_neutral__8wekyb3d8bbwe."
"14-08-2026 19:42:18","210","Information","Microsoft-Windows-AppModel-Runtime","Created Desktop AppX container {D6873041-97D6-11F1-A28E-54582D32ED0C} for package Microsoft.OneDriveSync_26139.720.7.0_neutral__8wekyb3d8bbwe."
"14-08-2026 19:42:18","211","Information","Microsoft-Windows-AppModel-Runtime","Added process 13636 to Desktop AppX container d687303d-97d6-11f1-a28e-54582d32ed0c for package Microsoft.WindowsTerminal_1.24.11911.0_x64__8wekyb3d8bbwe."
"14-08-2026 19:42:18","210","Information","Microsoft-Windows-AppModel-Runtime","Created Desktop AppX container {D687303D-97D6-11F1-A28E-54582D32ED0C} for package Microsoft.WindowsTerminal_1.24.11911.0_x64__8wekyb3d8bbwe."
"14-08-2026 19:39:01","211","Information","Microsoft-Windows-AppModel-Runtime","Added process 20916 to Desktop AppX container 67684866-954e-11f1-a28e-54582d32ed0c for package MicrosoftWindows.Client.CBS_1000.26100.334.0_x64__cw5n1h2txyewy."
"14-08-2026 19:34:01","211","Information","Microsoft-Windows-AppModel-Runtime","Added process 39836 to Desktop AppX container 67684b99-954e-11f1-a28e-54582d32ed0c for package MSTeams_26183.1903.4892.4448_x64__8wekyb3d8bbwe."
"14-08-2026 19:24:01","211","Information","Microsoft-Windows-AppModel-Runtime","Added process 8624 to Desktop AppX container 67684866-954e-11f1-a28e-54582d32ed0c for package MicrosoftWindows.Client.CBS_1000.26100.334.0_x64__cw5n1h2txyewy."
"14-08-2026 19:09:01","211","Information","Microsoft-Windows-AppModel-Runtime","Added process 6276 to Desktop AppX container 67684866-954e-11f1-a28e-54582d32ed0c for package MicrosoftWindows.Client.CBS_1000.26100.334.0_x64__cw5n1h2txyewy."
"14-08-2026 19:06:32","39","Information","Microsoft-Windows-AppModel-Runtime","Successfully created AppContainer LpacSenseImdsCollector."
"14-08-2026 19:06:32","41","Information","Microsoft-Windows-AppModel-Runtime","Successfully deleted AppContainer LpacSenseImdsCollector."
"14-08-2026 18:54:01","211","Information","Microsoft-Windows-AppModel-Runtime","Added process 36328 to Desktop AppX container 67684866-954e-11f1-a28e-54582d32ed0c for package MicrosoftWindows.Client.CBS_1000.26100.334.0_x64__cw5n1h2txyewy."
"14-08-2026 18:39:01","211","Information","Microsoft-Windows-AppModel-Runtime","Added process 31440 to Desktop AppX container 67684866-954e-11f1-a28e-54582d32ed0c for package MicrosoftWindows.Client.CBS_1000.26100.334.0_x64__cw5n1h2txyewy."
"14-08-2026 18:34:01","211","Information","Microsoft-Windows-AppModel-Runtime","Added process 27292 to Desktop AppX container 67684b99-954e-11f1-a28e-54582d32ed0c for package MSTeams_26183.1903.4892.4448_x64__8wekyb3d8bbwe."
"14-08-2026 18:24:01","211","Information","Microsoft-Windows-AppModel-Runtime","Added process 27988 to Desktop AppX container 67684866-954e-11f1-a28e-54582d32ed0c for package MicrosoftWindows.Client.CBS_1000.26100.334.0_x64__cw5n1h2txyewy."
"14-08-2026 18:22:59","217","Information","Microsoft-Windows-AppModel-Runtime","Destroyed Desktop AppX container {D6872B13-97D6-11F1-A28E-54582D32ED0C} for package Microsoft.WindowsStore_22606.1401.13.0_x64__8wekyb3d8bbwe."
"14-08-2026 18:21:59","211","Information","Microsoft-Windows-AppModel-Runtime","Added process 21592 to Desktop AppX container d6872b13-97d6-11f1-a28e-54582d32ed0c for package Microsoft.WindowsStore_22606.1401.13.0_x64__8wekyb3d8bbwe."
"14-08-2026 18:21:59","210","Information","Microsoft-Windows-AppModel-Runtime","Created Desktop AppX container {D6872B13-97D6-11F1-A28E-54582D32ED0C} for package Microsoft.WindowsStore_22606.1401.13.0_x64__8wekyb3d8bbwe."
"14-08-2026 18:09:01","211","Information","Microsoft-Windows-AppModel-Runtime","Added process 18428 to Desktop AppX container 67684866-954e-11f1-a28e-54582d32ed0c for package MicrosoftWindows.Client.CBS_1000.26100.334.0_x64__cw5n1h2txyewy."
"14-08-2026 18:06:06","39","Information","Microsoft-Windows-AppModel-Runtime","Successfully created AppContainer LpacSenseImdsCollector."
"14-08-2026 18:06:06","41","Information","Microsoft-Windows-AppModel-Runtime","Successfully deleted AppContainer LpacSenseImdsCollector."
"14-08-2026 18:02:04","201","Information","Microsoft-Windows-AppModel-Runtime","Created process 30304 for application Microsoft.WindowsNotepad_8wekyb3d8bbwe!App in package Microsoft.WindowsNotepad_11.2606.15.0_x64__8wekyb3d8bbwe. [LaunchProcess]"
"14-08-2026 18:02:04","211","Information","Microsoft-Windows-AppModel-Runtime","Added process 30304 to Desktop AppX container 98cd4f34-96f6-11f1-a28e-54582d32ed0c for package Microsoft.WindowsNotepad_11.2606.15.0_x64__8wekyb3d8bbwe."
"14-08-2026 18:02:04","219","Information","Microsoft-Windows-AppModel-Runtime","PSMFlags for Desktop AppX process %1 with applicationID %2 is %3."
"14-08-2026 18:01:57","217","Information","Microsoft-Windows-AppModel-Runtime","Destroyed Desktop AppX container {98CD68E7-96F6-11F1-A28E-54582D32ED0C} for package Microsoft.Windows.Photos_2026.11060.2004.0_x64__8wekyb3d8bbwe."
"14-08-2026 18:01:57","217","Information","Microsoft-Windows-AppModel-Runtime","Destroyed Desktop AppX container {D687295F-97D6-11F1-A28E-54582D32ED0C} for package Microsoft.WindowsTerminal_1.24.11911.0_x64__8wekyb3d8bbwe."
"14-08-2026 18:01:54","217","Information","Microsoft-Windows-AppModel-Runtime","Destroyed Desktop AppX container {D6872963-97D6-11F1-A28E-54582D32ED0C} for package Microsoft.OneDriveSync_26139.720.7.0_neutral__8wekyb3d8bbwe."
"14-08-2026 18:01:49","211","Information","Microsoft-Windows-AppModel-Runtime","Added process 31024 to Desktop AppX container d6872963-97d6-11f1-a28e-54582d32ed0c for package Microsoft.OneDriveSync_26139.720.7.0_neutral__8wekyb3d8bbwe."
"14-08-2026 18:01:49","210","Information","Microsoft-Windows-AppModel-Runtime","Created Desktop AppX container {D6872963-97D6-11F1-A28E-54582D32ED0C} for package Microsoft.OneDriveSync_26139.720.7.0_neutral__8wekyb3d8bbwe."
"14-08-2026 18:01:49","211","Information","Microsoft-Windows-AppModel-Runtime","Added process 27888 to Desktop AppX container d687295f-97d6-11f1-a28e-54582d32ed0c for package Microsoft.WindowsTerminal_1.24.11911.0_x64__8wekyb3d8bbwe."
"14-08-2026 18:01:49","210","Information","Microsoft-Windows-AppModel-Runtime","Created Desktop AppX container {D687295F-97D6-11F1-A28E-54582D32ED0C} for package Microsoft.WindowsTerminal_1.24.11911.0_x64__8wekyb3d8bbwe."
"14-08-2026 17:54:01","211","Information","Microsoft-Windows-AppModel-Runtime","Added process 38792 to Desktop AppX container 67684866-954e-11f1-a28e-54582d32ed0c for package MicrosoftWindows.Client.CBS_1000.26100.334.0_x64__cw5n1h2txyewy."
"14-08-2026 17:39:01","211","Information","Microsoft-Windows-AppModel-Runtime","Added process 29984 to Desktop AppX container 67684866-954e-11f1-a28e-54582d32ed0c for package MicrosoftWindows.Client.CBS_1000.26100.334.0_x64__cw5n1h2txyewy."
"14-08-2026 17:34:01","211","Information","Microsoft-Windows-AppModel-Runtime","Added process 5460 to Desktop AppX container 67684b99-954e-11f1-a28e-54582d32ed0c for package MSTeams_26183.1903.4892.4448_x64__8wekyb3d8bbwe."
"14-08-2026 17:34:01","211","Information","Microsoft-Windows-AppModel-Runtime","Added process 36784 to Desktop AppX container 67684b99-954e-11f1-a28e-54582d32ed0c for package MSTeams_26183.1903.4892.4448_x64__8wekyb3d8bbwe."
"14-08-2026 17:24:01","211","Information","Microsoft-Windows-AppModel-Runtime","Added process 40496 to Desktop AppX container 67684866-954e-11f1-a28e-54582d32ed0c for package MicrosoftWindows.Client.CBS_1000.26100.334.0_x64__cw5n1h2txyewy."
"14-08-2026 17:09:01","211","Information","Microsoft-Windows-AppModel-Runtime","Added process 22976 to Desktop AppX container 67684866-954e-11f1-a28e-54582d32ed0c for package MicrosoftWindows.Client.CBS_1000.26100.334.0_x64__cw5n1h2txyewy."
"14-08-2026 17:05:40","39","Information","Microsoft-Windows-AppModel-Runtime","Successfully created AppContainer LpacSenseImdsCollector."
"14-08-2026 17:05:40","41","Information","Microsoft-Windows-AppModel-Runtime","Successfully deleted AppContainer LpacSenseImdsCollector."
"14-08-2026 16:54:01","211","Information","Microsoft-Windows-AppModel-Runtime","Added process 28988 to Desktop AppX container 67684866-954e-11f1-a28e-54582d32ed0c for package MicrosoftWindows.Client.CBS_1000.26100.334.0_x64__cw5n1h2txyewy."
"14-08-2026 16:39:01","211","Information","Microsoft-Windows-AppModel-Runtime","Added process 22900 to Desktop AppX container 67684866-954e-11f1-a28e-54582d32ed0c for package MicrosoftWindows.Client.CBS_1000.26100.334.0_x64__cw5n1h2txyewy."
"14-08-2026 16:34:01","211","Information","Microsoft-Windows-AppModel-Runtime","Added process 35608 to Desktop AppX container 67684b99-954e-11f1-a28e-54582d32ed0c for package MSTeams_26183.1903.4892.4448_x64__8wekyb3d8bbwe."
"14-08-2026 16:24:01","211","Information","Microsoft-Windows-AppModel-Runtime","Added process 27204 to Desktop AppX container 67684866-954e-11f1-a28e-54582d32ed0c for package MicrosoftWindows.Client.CBS_1000.26100.334.0_x64__cw5n1h2txyewy."
"14-08-2026 16:15:59","217","Information","Microsoft-Windows-AppModel-Runtime","Destroyed Desktop AppX container {98CD6DBF-96F6-11F1-A28E-54582D32ED0C} for package Microsoft.WindowsStore_22606.1401.13.0_x64__8wekyb3d8bbwe."
"14-08-2026 16:14:59","211","Information","Microsoft-Windows-AppModel-Runtime","Added process 34168 to Desktop AppX container 98cd6dbf-96f6-11f1-a28e-54582d32ed0c for package Microsoft.WindowsStore_22606.1401.13.0_x64__8wekyb3d8bbwe."
"14-08-2026 16:14:59","210","Information","Microsoft-Windows-AppModel-Runtime","Created Desktop AppX container {98CD6DBF-96F6-11F1-A28E-54582D32ED0C} for package Microsoft.WindowsStore_22606.1401.13.0_x64__8wekyb3d8bbwe."
"14-08-2026 16:09:01","211","Information","Microsoft-Windows-AppModel-Runtime","Added process 40288 to Desktop AppX container 67684866-954e-11f1-a28e-54582d32ed0c for package MicrosoftWindows.Client.CBS_1000.26100.334.0_x64__cw5n1h2txyewy."
"14-08-2026 16:05:14","39","Information","Microsoft-Windows-AppModel-Runtime","Successfully created AppContainer LpacSenseImdsCollector."
"14-08-2026 16:05:14","41","Information","Microsoft-Windows-AppModel-Runtime","Successfully deleted AppContainer LpacSenseImdsCollector."
"14-08-2026 16:01:28","201","Information","Microsoft-Windows-AppModel-Runtime","Created process 29340 for application MSTeams_8wekyb3d8bbwe!MSTeams in package MSTeams_26183.1903.4892.4448_x64__8wekyb3d8bbwe. [LaunchProcess]"
"14-08-2026 16:01:28","211","Information","Microsoft-Windows-AppModel-Runtime","Added process 29340 to Desktop AppX container 67684b99-954e-11f1-a28e-54582d32ed0c for package MSTeams_26183.1903.4892.4448_x64__8wekyb3d8bbwe."
"14-08-2026 16:01:28","219","Information","Microsoft-Windows-AppModel-Runtime","PSMFlags for Desktop AppX process %1 with applicationID %2 is %3."
"14-08-2026 16:01:17","201","Information","Microsoft-Windows-AppModel-Runtime","Created process 40236 for application MSTeams_8wekyb3d8bbwe!MSTeams in package MSTeams_26183.1903.4892.4448_x64__8wekyb3d8bbwe. [LaunchProcess]"
"14-08-2026 16:01:17","211","Information","Microsoft-Windows-AppModel-Runtime","Added process 40236 to Desktop AppX container 67684b99-954e-11f1-a28e-54582d32ed0c for package MSTeams_26183.1903.4892.4448_x64__8wekyb3d8bbwe."
"14-08-2026 16:01:17","219","Information","Microsoft-Windows-AppModel-Runtime","PSMFlags for Desktop AppX process %1 with applicationID %2 is %3."
"14-08-2026 15:54:01","211","Information","Microsoft-Windows-AppModel-Runtime","Added process 23556 to Desktop AppX container 67684866-954e-11f1-a28e-54582d32ed0c for package MicrosoftWindows.Client.CBS_1000.26100.334.0_x64__cw5n1h2txyewy."
"14-08-2026 15:39:01","211","Information","Microsoft-Windows-AppModel-Runtime","Added process 2992 to Desktop AppX container 67684866-954e-11f1-a28e-54582d32ed0c for package MicrosoftWindows.Client.CBS_1000.26100.334.0_x64__cw5n1h2txyewy."
"14-08-2026 15:36:58","211","Information","Microsoft-Windows-AppModel-Runtime","Added process 30872 to Desktop AppX container 67684b99-954e-11f1-a28e-54582d32ed0c for package MSTeams_26183.1903.4892.4448_x64__8wekyb3d8bbwe."
"14-08-2026 15:24:01","211","Information","Microsoft-Windows-AppModel-Runtime","Added process 33424 to Desktop AppX container 67684866-954e-11f1-a28e-54582d32ed0c for package MicrosoftWindows.Client.CBS_1000.26100.334.0_x64__cw5n1h2txyewy."
"14-08-2026 15:09:01","211","Information","Microsoft-Windows-AppModel-Runtime","Added process 30672 to Desktop AppX container 67684866-954e-11f1-a28e-54582d32ed0c for package MicrosoftWindows.Client.CBS_1000.26100.334.0_x64__cw5n1h2txyewy."
"14-08-2026 15:04:49","39","Information","Microsoft-Windows-AppModel-Runtime","Successfully created AppContainer LpacSenseImdsCollector."
"14-08-2026 15:04:49","41","Information","Microsoft-Windows-AppModel-Runtime","Successfully deleted AppContainer LpacSenseImdsCollector."
"14-08-2026 14:56:56","201","Information","Microsoft-Windows-AppModel-Runtime","Created process 40788 for application Microsoft.Windows.Photos_8wekyb3d8bbwe!App in package Microsoft.Windows.Photos_2026.11060.2004.0_x64__8wekyb3d8bbwe. [LaunchProcess]"
"14-08-2026 14:56:56","211","Information","Microsoft-Windows-AppModel-Runtime","Added process 40788 to Desktop AppX container 98cd68e7-96f6-11f1-a28e-54582d32ed0c for package Microsoft.Windows.Photos_2026.11060.2004.0_x64__8wekyb3d8bbwe."
"14-08-2026 14:56:56","219","Information","Microsoft-Windows-AppModel-Runtime","PSMFlags for Desktop AppX process %1 with applicationID %2 is %3."
"14-08-2026 14:56:55","201","Information","Microsoft-Windows-AppModel-Runtime","Created process 33100 for application Microsoft.Windows.Photos_8wekyb3d8bbwe!App in package Microsoft.Windows.Photos_2026.11060.2004.0_x64__8wekyb3d8bbwe. [LaunchProcess]"
"14-08-2026 14:56:55","211","Information","Microsoft-Windows-AppModel-Runtime","Added process 33100 to Desktop AppX container 98cd68e7-96f6-11f1-a28e-54582d32ed0c for package Microsoft.Windows.Photos_2026.11060.2004.0_x64__8wekyb3d8bbwe."
"14-08-2026 14:56:55","219","Information","Microsoft-Windows-AppModel-Runtime","PSMFlags for Desktop AppX process %1 with applicationID %2 is %3."
"14-08-2026 14:56:40","201","Information","Microsoft-Windows-AppModel-Runtime","Created process 30272 for application Microsoft.Windows.Photos_8wekyb3d8bbwe!App in package Microsoft.Windows.Photos_2026.11060.2004.0_x64__8wekyb3d8bbwe. [LaunchProcess]"
"14-08-2026 14:56:40","211","Information","Microsoft-Windows-AppModel-Runtime","Added process 30272 to Desktop AppX container 98cd68e7-96f6-11f1-a28e-54582d32ed0c for package Microsoft.Windows.Photos_2026.11060.2004.0_x64__8wekyb3d8bbwe."
"14-08-2026 14:56:40","219","Information","Microsoft-Windows-AppModel-Runtime","PSMFlags for Desktop AppX process %1 with applicationID %2 is %3."
"14-08-2026 14:56:40","201","Information","Microsoft-Windows-AppModel-Runtime","Created process 37580 for application Microsoft.Windows.Photos_8wekyb3d8bbwe!App in package Microsoft.Windows.Photos_2026.11060.2004.0_x64__8wekyb3d8bbwe. [LaunchProcess]"
"14-08-2026 14:56:40","211","Information","Microsoft-Windows-AppModel-Runtime","Added process 37580 to Desktop AppX container 98cd68e7-96f6-11f1-a28e-54582d32ed0c for package Microsoft.Windows.Photos_2026.11060.2004.0_x64__8wekyb3d8bbwe."
"14-08-2026 14:56:40","219","Information","Microsoft-Windows-AppModel-Runtime","PSMFlags for Desktop AppX process %1 with applicationID %2 is %3."
"14-08-2026 14:56:14","201","Information","Microsoft-Windows-AppModel-Runtime","Created process 23036 for application Microsoft.Windows.Photos_8wekyb3d8bbwe!App in package Microsoft.Windows.Photos_2026.11060.2004.0_x64__8wekyb3d8bbwe. [LaunchProcess]"
"14-08-2026 14:56:14","211","Information","Microsoft-Windows-AppModel-Runtime","Added process 23036 to Desktop AppX container 98cd68e7-96f6-11f1-a28e-54582d32ed0c for package Microsoft.Windows.Photos_2026.11060.2004.0_x64__8wekyb3d8bbwe."
"14-08-2026 14:56:14","219","Information","Microsoft-Windows-AppModel-Runtime","PSMFlags for Desktop AppX process %1 with applicationID %2 is %3."
"14-08-2026 14:56:12","201","Information","Microsoft-Windows-AppModel-Runtime","Created process 30580 for application Microsoft.Windows.Photos_8wekyb3d8bbwe!App in package Microsoft.Windows.Photos_2026.11060.2004.0_x64__8wekyb3d8bbwe. [LaunchProcess]"
"14-08-2026 14:56:12","211","Information","Microsoft-Windows-AppModel-Runtime","Added process 30580 to Desktop AppX container 98cd68e7-96f6-11f1-a28e-54582d32ed0c for package Microsoft.Windows.Photos_2026.11060.2004.0_x64__8wekyb3d8bbwe."
"14-08-2026 14:56:12","210","Information","Microsoft-Windows-AppModel-Runtime","Created Desktop AppX container {98CD68E7-96F6-11F1-A28E-54582D32ED0C} for package Microsoft.Windows.Photos_2026.11060.2004.0_x64__8wekyb3d8bbwe."
"14-08-2026 14:56:12","219","Information","Microsoft-Windows-AppModel-Runtime","PSMFlags for Desktop AppX process %1 with applicationID %2 is %3."
"14-08-2026 14:54:01","211","Information","Microsoft-Windows-AppModel-Runtime","Added process 13532 to Desktop AppX container 67684866-954e-11f1-a28e-54582d32ed0c for package MicrosoftWindows.Client.CBS_1000.26100.334.0_x64__cw5n1h2txyewy."
"14-08-2026 14:39:01","211","Information","Microsoft-Windows-AppModel-Runtime","Added process 34444 to Desktop AppX container 67684866-954e-11f1-a28e-54582d32ed0c for package MicrosoftWindows.Client.CBS_1000.26100.334.0_x64__cw5n1h2txyewy."
"14-08-2026 14:36:58","211","Information","Microsoft-Windows-AppModel-Runtime","Added process 3228 to Desktop AppX container 67684b99-954e-11f1-a28e-54582d32ed0c for package MSTeams_26183.1903.4892.4448_x64__8wekyb3d8bbwe."
"14-08-2026 14:24:01","211","Information","Microsoft-Windows-AppModel-Runtime","Added process 31848 to Desktop AppX container 67684866-954e-11f1-a28e-54582d32ed0c for package MicrosoftWindows.Client.CBS_1000.26100.334.0_x64__cw5n1h2txyewy."
"14-08-2026 14:16:44","217","Information","Microsoft-Windows-AppModel-Runtime","Destroyed Desktop AppX container {98CD654A-96F6-11F1-A28E-54582D32ED0C} for package Microsoft.WindowsStore_22606.1401.13.0_x64__8wekyb3d8bbwe."
"14-08-2026 14:15:44","211","Information","Microsoft-Windows-AppModel-Runtime","Added process 33108 to Desktop AppX container 98cd654a-96f6-11f1-a28e-54582d32ed0c for package Microsoft.WindowsStore_22606.1401.13.0_x64__8wekyb3d8bbwe."
"14-08-2026 14:15:44","210","Information","Microsoft-Windows-AppModel-Runtime","Created Desktop AppX container {98CD654A-96F6-11F1-A28E-54582D32ED0C} for package Microsoft.WindowsStore_22606.1401.13.0_x64__8wekyb3d8bbwe."
"14-08-2026 14:10:12","217","Information","Microsoft-Windows-AppModel-Runtime","Destroyed Desktop AppX container {98CD64D7-96F6-11F1-A28E-54582D32ED0C} for package Microsoft.DesktopAppInstaller_1.29.280.0_x64__8wekyb3d8bbwe."
"14-08-2026 14:09:10","211","Information","Microsoft-Windows-AppModel-Runtime","Added process 7052 to Desktop AppX container 98cd64d7-96f6-11f1-a28e-54582d32ed0c for package Microsoft.DesktopAppInstaller_1.29.280.0_x64__8wekyb3d8bbwe."
"14-08-2026 14:09:10","210","Information","Microsoft-Windows-AppModel-Runtime","Created Desktop AppX container {98CD64D7-96F6-11F1-A28E-54582D32ED0C} for package Microsoft.DesktopAppInstaller_1.29.280.0_x64__8wekyb3d8bbwe."
"14-08-2026 14:09:01","211","Information","Microsoft-Windows-AppModel-Runtime","Added process 27924 to Desktop AppX container 67684866-954e-11f1-a28e-54582d32ed0c for package MicrosoftWindows.Client.CBS_1000.26100.334.0_x64__cw5n1h2txyewy."
"14-08-2026 14:04:23","39","Information","Microsoft-Windows-AppModel-Runtime","Successfully created AppContainer LpacSenseImdsCollector."
"14-08-2026 14:04:23","41","Information","Microsoft-Windows-AppModel-Runtime","Successfully deleted AppContainer LpacSenseImdsCollector."
"14-08-2026 13:57:59","217","Information","Microsoft-Windows-AppModel-Runtime","Destroyed Desktop AppX container {98CD6442-96F6-11F1-A28E-54582D32ED0C} for package Microsoft.OneDriveSync_26139.720.7.0_neutral__8wekyb3d8bbwe."
"14-08-2026 13:57:54","211","Information","Microsoft-Windows-AppModel-Runtime","Added process 15468 to Desktop AppX container 98cd6442-96f6-11f1-a28e-54582d32ed0c for package Microsoft.OneDriveSync_26139.720.7.0_neutral__8wekyb3d8bbwe."
"14-08-2026 13:57:54","210","Information","Microsoft-Windows-AppModel-Runtime","Created Desktop AppX container {98CD6442-96F6-11F1-A28E-54582D32ED0C} for package Microsoft.OneDriveSync_26139.720.7.0_neutral__8wekyb3d8bbwe."
"14-08-2026 13:54:26","211","Information","Microsoft-Windows-AppModel-Runtime","Added process 24940 to Desktop AppX container 67684866-954e-11f1-a28e-54582d32ed0c for package MicrosoftWindows.Client.CBS_1000.26100.334.0_x64__cw5n1h2txyewy."
"14-08-2026 13:52:48","42","Information","Microsoft-Windows-AppModel-Runtime","Successfully updated AppContainer Microsoft.WebpImageExtension_8wekyb3d8bbwe."
"14-08-2026 13:52:41","42","Information","Microsoft-Windows-AppModel-Runtime","Successfully updated AppContainer Microsoft.HEIFImageExtension_8wekyb3d8bbwe."
"14-08-2026 13:43:13","40","Information","Microsoft-Windows-AppModel-Runtime","AppContainer onecore\ds\security\gina\profile\profext\appcontainer.cpp Line:1863 1_https___agave.myanalytics.cdn.office.net 1_https___agave.myanalytics.cdn.office.net04ACA5EC was not created because it already exists."
"14-08-2026 13:43:01","211","Information","Microsoft-Windows-AppModel-Runtime","Added process 33804 to Desktop AppX container 67684866-954e-11f1-a28e-54582d32ed0c for package MicrosoftWindows.Client.CBS_1000.26100.334.0_x64__cw5n1h2txyewy."
"14-08-2026 13:39:11","201","Information","Microsoft-Windows-AppModel-Runtime","Created process 12268 for application Microsoft.MicrosoftOfficeHub_8wekyb3d8bbwe!Microsoft.MicrosoftOfficeHub in package Microsoft.MicrosoftOfficeHub_19.2608.39011.0_x64__8wekyb3d8bbwe. [LaunchProcess]"
"14-08-2026 13:39:11","211","Information","Microsoft-Windows-AppModel-Runtime","Added process 12268 to Desktop AppX container 98cd61b5-96f6-11f1-a28e-54582d32ed0c for package Microsoft.MicrosoftOfficeHub_19.2608.39011.0_x64__8wekyb3d8bbwe."
"14-08-2026 13:39:11","219","Information","Microsoft-Windows-AppModel-Runtime","PSMFlags for Desktop AppX process %1 with applicationID %2 is %3."
"14-08-2026 13:33:34","201","Information","Microsoft-Windows-AppModel-Runtime","Created process 39100 for application Microsoft.MicrosoftEdge.Stable_8wekyb3d8bbwe!App in package Microsoft.MicrosoftEdge.Stable_151.0.4129.78_neutral__8wekyb3d8bbwe. [FinishPackageActivation]"
"14-08-2026 13:33:34","219","Information","Microsoft-Windows-AppModel-Runtime","PSMFlags for Desktop AppX process %1 with applicationID %2 is %3."
"14-08-2026 13:31:30","201","Information","Microsoft-Windows-AppModel-Runtime","Created process 29208 for application Microsoft.MicrosoftOfficeHub_8wekyb3d8bbwe!Microsoft.MicrosoftOfficeHub in package Microsoft.MicrosoftOfficeHub_19.2608.39011.0_x64__8wekyb3d8bbwe. [LaunchProcess]"
"14-08-2026 13:31:30","211","Information","Microsoft-Windows-AppModel-Runtime","Added process 29208 to Desktop AppX container 98cd61b5-96f6-11f1-a28e-54582d32ed0c for package Microsoft.MicrosoftOfficeHub_19.2608.39011.0_x64__8wekyb3d8bbwe."
"14-08-2026 13:31:29","210","Information","Microsoft-Windows-AppModel-Runtime","Created Desktop AppX container {98CD61B5-96F6-11F1-A28E-54582D32ED0C} for package Microsoft.MicrosoftOfficeHub_19.2608.39011.0_x64__8wekyb3d8bbwe."
"14-08-2026 13:31:29","219","Information","Microsoft-Windows-AppModel-Runtime","PSMFlags for Desktop AppX process %1 with applicationID %2 is %3."
"14-08-2026 13:31:28","42","Information","Microsoft-Windows-AppModel-Runtime","Successfully updated AppContainer Microsoft.MicrosoftOfficeHub_8wekyb3d8bbwe."
"14-08-2026 13:31:27","217","Information","Microsoft-Windows-AppModel-Runtime","Destroyed Desktop AppX container {67684C0A-954E-11F1-A28E-54582D32ED0C} for package Microsoft.MicrosoftOfficeHub_19.2608.34011.0_x64__8wekyb3d8bbwe."
"14-08-2026 13:28:29","211","Information","Microsoft-Windows-AppModel-Runtime","Added process 26484 to Desktop AppX container 67684866-954e-11f1-a28e-54582d32ed0c for package MicrosoftWindows.Client.CBS_1000.26100.334.0_x64__cw5n1h2txyewy."
"14-08-2026 13:28:26","201","Information","Microsoft-Windows-AppModel-Runtime","Created process 30732 for application Microsoft.OfficePushNotificationUtility_8wekyb3d8bbwe!OPushUtil in package Microsoft.OfficePushNotificationUtility_16.0.20131.20152_neutral__8wekyb3d8bbwe. [FinishPackageActivation]"
"14-08-2026 13:28:26","201","Information","Microsoft-Windows-AppModel-Runtime","Created process 28300 for application Microsoft.Office.ActionsServer_8wekyb3d8bbwe!Microsoft.Office.ActionsServer in package Microsoft.Office.ActionsServer_16.0.20131.20152_neutral__8wekyb3d8bbwe. [FinishPackageActivation]"
"14-08-2026 13:28:26","211","Information","Microsoft-Windows-AppModel-Runtime","Added process 34348 to Desktop AppX container 67684866-954e-11f1-a28e-54582d32ed0c for package MicrosoftWindows.Client.CBS_1000.26100.334.0_x64__cw5n1h2txyewy."
"14-08-2026 13:28:26","219","Information","Microsoft-Windows-AppModel-Runtime","PSMFlags for Desktop AppX process %1 with applicationID %2 is %3."
"14-08-2026 13:28:26","219","Information","Microsoft-Windows-AppModel-Runtime","PSMFlags for Desktop AppX process %1 with applicationID %2 is %3."
"14-08-2026 13:23:30","217","Information","Microsoft-Windows-AppModel-Runtime","Destroyed Desktop AppX container {98CD5E6A-96F6-11F1-A28E-54582D32ED0C} for package Microsoft.WindowsStore_22606.1401.13.0_x64__8wekyb3d8bbwe."
"14-08-2026 13:22:41","39","Information","Microsoft-Windows-AppModel-Runtime","Successfully created AppContainer LpacSenseNdr."
"14-08-2026 13:22:41","41","Information","Microsoft-Windows-AppModel-Runtime","Successfully deleted AppContainer LpacSenseNdr."
"14-08-2026 13:22:37","39","Information","Microsoft-Windows-AppModel-Runtime","Successfully created AppContainer LpacSenseNdr."
"14-08-2026 13:22:37","41","Information","Microsoft-Windows-AppModel-Runtime","Successfully deleted AppContainer LpacSenseNdr."
"14-08-2026 13:22:32","39","Information","Microsoft-Windows-AppModel-Runtime","Successfully created AppContainer LpacSenseNdr."
"14-08-2026 13:22:31","41","Information","Microsoft-Windows-AppModel-Runtime","Successfully deleted AppContainer LpacSenseNdr."
"14-08-2026 13:22:28","211","Information","Microsoft-Windows-AppModel-Runtime","Added process 37728 to Desktop AppX container 98cd5e6a-96f6-11f1-a28e-54582d32ed0c for package Microsoft.WindowsStore_22606.1401.13.0_x64__8wekyb3d8bbwe."
