"19-08-2026 10:14:02","2005","Verbose","Microsoft-Windows-Install-Agent","SfEdgeFallbackEndpointUrl fetched from cache: https://sfdataservice.microsoft.com/package-retrieval
Error: Unknown HResult Error code: 0xefffffff
Function: _ReadSfEdgeFallbackEndpointUrl
Source: onecoreuap\enduser\winstore\installservice\lib\settings.cpp (4660)"
"19-08-2026 10:14:02","2005","Verbose","Microsoft-Windows-Install-Agent","ProductCatalogUrl fetched from cache: https://fe3cr.delivery.mp.microsoft.com/ClientWebService/client.asmx/secured
Error: Unknown HResult Error code: 0xefffffff
Function: _ReadProductCatalogUrl
Source: onecoreuap\enduser\winstore\installservice\lib\settings.cpp (4639)"
"19-08-2026 10:14:02","2005","Verbose","Microsoft-Windows-Install-Agent","DirectDownloadEnablementLiveCheckThreshold in milliseconds fetched from cache: 600000
Error: Unknown HResult Error code: 0xefffffff
Function: _ReadDirectDownloadEnablementLiveCheckThreshold
Source: onecoreuap\enduser\winstore\installservice\lib\settings.cpp (4617)"
"19-08-2026 10:14:02","2007","Warning","Microsoft-Windows-Install-Agent","Error while reading DirectDownloadReplacementSettings from OneSettings cache, value will remain empty
Error: Unknown HResult Error code: 0xefffffff
Function: DoInitializeOneSettingsConfiguration
Source: onecoreuap\enduser\winstore\installservice\lib\settings.cpp (2638)"
"19-08-2026 10:14:02","2006","Information","Microsoft-Windows-Install-Agent","Failure detected
Error: JSON value not found.
Function: 
Source: onecoreuap\enduser\winstore\installservice\lib\settings.cpp (4556)"
"19-08-2026 10:14:02","2006","Information","Microsoft-Windows-Install-Agent","DirectDownloadEnablementSettings Source field missing. Defaulting to Default.
Error: Unknown HResult Error code: 0xefffffff
Function: _ParseDirectDownloadSourceFromJson
Source: onecoreuap\enduser\winstore\installservice\lib\settings.cpp (4428)"
"19-08-2026 10:14:02","2006","Information","Microsoft-Windows-Install-Agent","DirectDownloadEnablementSettings Source field missing. Defaulting to Default.
Error: Unknown HResult Error code: 0xefffffff
Function: _ParseDirectDownloadSourceFromJson
Source: onecoreuap\enduser\winstore\installservice\lib\settings.cpp (4428)"
"19-08-2026 10:14:02","2006","Information","Microsoft-Windows-Install-Agent","DirectDownloadEnablementSettings Source field missing. Defaulting to Default.
Error: Unknown HResult Error code: 0xefffffff
Function: _ParseDirectDownloadSourceFromJson
Source: onecoreuap\enduser\winstore\installservice\lib\settings.cpp (4428)"
"19-08-2026 10:14:02","2006","Information","Microsoft-Windows-Install-Agent","DirectDownloadEnablementSettings Source field missing. Defaulting to Default.
Error: Unknown HResult Error code: 0xefffffff
Function: _ParseDirectDownloadSourceFromJson
Source: onecoreuap\enduser\winstore\installservice\lib\settings.cpp (4428)"
"19-08-2026 10:14:02","2006","Information","Microsoft-Windows-Install-Agent","DirectDownloadEnablementSettings Source field missing. Defaulting to Default.
Error: Unknown HResult Error code: 0xefffffff
Function: _ParseDirectDownloadSourceFromJson
Source: onecoreuap\enduser\winstore\installservice\lib\settings.cpp (4428)"
"19-08-2026 10:14:02","2006","Information","Microsoft-Windows-Install-Agent","DirectDownloadEnablementSettings Source field missing. Defaulting to Default.
Error: Unknown HResult Error code: 0xefffffff
Function: _ParseDirectDownloadSourceFromJson
Source: onecoreuap\enduser\winstore\installservice\lib\settings.cpp (4428)"
"19-08-2026 10:14:02","2006","Information","Microsoft-Windows-Install-Agent","DirectDownloadEnablementSettings Source field missing. Defaulting to Default.
Error: Unknown HResult Error code: 0xefffffff
Function: _ParseDirectDownloadSourceFromJson
Source: onecoreuap\enduser\winstore\installservice\lib\settings.cpp (4428)"
"19-08-2026 10:14:02","2006","Information","Microsoft-Windows-Install-Agent","DirectDownloadEnablementSettings Source field missing. Defaulting to Default.
Error: Unknown HResult Error code: 0xefffffff
Function: _ParseDirectDownloadSourceFromJson
Source: onecoreuap\enduser\winstore\installservice\lib\settings.cpp (4428)"
"19-08-2026 10:14:02","2005","Verbose","Microsoft-Windows-Install-Agent","DirectDownloadEnablementSettings fetched from OneSettings payload: [{""clientIds"":[],""hresults"":[],""regions"":[],""products"":[],""arches"":[],""installTypes"":[],""errorStages"":[""Install""],""listType"":""Disallowed""},{""clientIds"":[""Microsoft.WindowsStore_8wekyb3d8bbwe""],""hresults"":[],""regions"":[],""products"":[""9NKSQGP7F2NH"",""9NRX63209R7B"",""9NTXR16HNW1T"",""9PLM9XGG6VKS""],""arches"":[],""installTypes"":[],""errorStages"":[],""listType"":""Disallowed""},{""clientIds"":[],""hresults"":[""0x00000000"",""0x80004004"",""0x80070032"",""0x8007029C"",""0x8007045B"",""0x80070520"",""0x80073CFB"",""0x80073CFF"",""0x80073D0A"",""0x80073D13"",""0x80073D19"",""0x80073D22"",""0x80240008"",""0x8024001E"",""0x80240066"",""0x803FB003"",""0x803FB015"",""0xC8000710"",""0x80073CF4"",""0x80073D01"",""0x80070070"",""0x80073D21"",""0x80246017"",""0x80073CFE""],""regions"":[],""products"":[],""arches"":[],""installTypes"":[],""errorStages"":[],""listType"":""Disallowed""},{""clientIds"":[],""hresults"":[],""regions"":[],""products"":[""9PLRGHGXR4FM""],""arches"":[],""installTypes"":[""Install""],""errorStages"":[],""listType"":""Allowed""},{""clientIds"":[],""hresults"":[],""regions"":[""CN""],""products"":[],""arches"":[],""installTypes"":[],""errorStages"":[],""listType"":""Disallowed""},{""clientIds"":[],""hresults"":[],""regions"":[],""products"":[""9N3RK8ZV2ZR8"",""9NRZT3Q9R3DL"",""9P2B8MCSVPLN"",""9NPV76S164X5"",""9NBLGGH4RV3P"",""9NBLGGH4SVJT"",""9PHBC65ZG12V"",""9NKSQGP7F2NH"",""9NKRJ3SJ9SDG""],""arches"":[],""installTypes"":[],""errorStages"":[],""listType"":""Disallowed""},{""clientIds"":[""DellInc.AlienwareCommandCenter_htrsf667h5kn2"",""DSIC"",""explorer"",""AICompanion"",""HP.Omen.OmenCommandCenter"",""setup"",""Language Overlay Service"",""TabTip"",""LiveCaptions"",""Undetermined"",""GamingService""],""hresults"":[],""regions"":[],""products"":[],""arches"":[],""installTypes"":[],""errorStages"":[],""listType"":""Disallowed""},{""clientIds"":[],""hresults"":[],""regions"":[],""products"":[],""arches"":[],""installTypes"":[""Install""],""errorStages"":[],""listType"":""Allowed""}]
Error: Unknown HResult Error code: 0xefffffff
Function: _ReadDirectDownloadEnablementSettings
Source: onecoreuap\enduser\winstore\installservice\lib\settings.cpp (4503)"
"19-08-2026 10:14:02","2005","Verbose","Microsoft-Windows-Install-Agent","DirectDownloadEnablementState fetched from cache: 2
Error: Unknown HResult Error code: 0xefffffff
Function: _ReadDirectDownloadEnablementState
Source: onecoreuap\enduser\winstore\installservice\lib\settings.cpp (4479)"
"19-08-2026 10:14:02","2006","Information","Microsoft-Windows-Install-Agent","Failure detected
Error: JSON value not found.
Function: 
Source: onecoreuap\enduser\winstore\installservice\lib\settings.cpp (538)"
"19-08-2026 10:14:02","2006","Information","Microsoft-Windows-Install-Agent","Failure detected
Error: JSON value not found.
Function: 
Source: onecoreuap\enduser\winstore\installservice\lib\settings.cpp (558)"
"19-08-2026 10:14:02","2006","Information","Microsoft-Windows-Install-Agent","Failure detected
Error: JSON value not found.
Function: 
Source: onecoreuap\enduser\winstore\installservice\lib\settings.cpp (558)"
"19-08-2026 10:14:02","2006","Information","Microsoft-Windows-Install-Agent","Failure detected
Error: JSON value not found.
Function: 
Source: onecoreuap\enduser\winstore\installservice\lib\settings.cpp (538)"
"19-08-2026 10:14:02","2006","Information","Microsoft-Windows-Install-Agent","Failure detected
Error: JSON value not found.
Function: 
Source: onecoreuap\enduser\winstore\installservice\lib\settings.cpp (538)"
"19-08-2026 10:14:02","2005","Verbose","Microsoft-Windows-Install-Agent","OneSettingsOnlineScanCooldown (in seconds) = 30
Error: Unknown HResult Error code: 0xefffffff
Function: DoInitializeOneSettingsConfiguration
Source: onecoreuap\enduser\winstore\installservice\lib\settings.cpp (2521)"
"19-08-2026 10:14:02","2005","Verbose","Microsoft-Windows-Install-Agent","OneSettingsOnlineScansAllowedInInterval = 10
Error: Unknown HResult Error code: 0xefffffff
Function: DoInitializeOneSettingsConfiguration
Source: onecoreuap\enduser\winstore\installservice\lib\settings.cpp (2514)"
"19-08-2026 10:14:02","2005","Verbose","Microsoft-Windows-Install-Agent","OneSettingsOnlineScanInterval (in seconds) = 86400
Error: Unknown HResult Error code: 0xefffffff
Function: DoInitializeOneSettingsConfiguration
Source: onecoreuap\enduser\winstore\installservice\lib\settings.cpp (2512)"
"19-08-2026 10:14:02","2006","Information","Microsoft-Windows-Install-Agent","IsBackgroundUpdateAllowed result: true
Error: Unknown HResult Error code: 0xefffffff
Function: Windows::ApplicationModel::Store::Preview::InstallControl::AppInstallManagerImpl::get_IsBackgroundUpdateAllowed
Source: onecoreuap\enduser\winstore\installservice\lib\appinstallcontrol.cpp (7817)"
"19-08-2026 10:14:02","2006","Information","Microsoft-Windows-Install-Agent","Windows Update Enabled = 1
Error: Unknown HResult Error code: 0xefffffff
Function: GetWindowsUpdateAllowed
Source: onecoreuap\enduser\winstore\installservice\lib\settings.cpp (148)"
"19-08-2026 10:14:02","2006","Information","Microsoft-Windows-Install-Agent","IsBackgroundUpdateAllowed result: true
Error: Unknown HResult Error code: 0xefffffff
Function: Windows::ApplicationModel::Store::Preview::InstallControl::AppInstallManagerImpl::get_IsBackgroundUpdateAllowed
Source: onecoreuap\enduser\winstore\installservice\lib\appinstallcontrol.cpp (7817)"
"19-08-2026 10:14:02","2006","Information","Microsoft-Windows-Install-Agent","Windows Update Enabled = 1
Error: Unknown HResult Error code: 0xefffffff
Function: GetWindowsUpdateAllowed
Source: onecoreuap\enduser\winstore\installservice\lib\settings.cpp (148)"
"19-08-2026 10:14:01","2006","Information","Microsoft-Windows-Install-Agent","result: interactive = false, CV = C2GP50Qp5keFT0qP.0.0, clientid = MoUpdateOrchestratorUserScan-MoUsoCoreWorker-SearchForAllUpdatesWithUpdateOptionsAsync, allowForcedAppRestart = false, automaticallyDownloadAndInstallUpdateIfFound = false
Error: Access is denied.
Function: Windows::ApplicationModel::Store::Preview::InstallControl::AppInstallManagerImpl::_SearchForAllUpdatesForUserAsync::<lambda_ba26ec0bf80d4d167a709a64bb76da39>::operator ()
Source: onecoreuap\enduser\winstore\installservice\lib\appinstallcontrol.cpp (2993)"
"19-08-2026 10:14:01","2006","Information","Microsoft-Windows-Install-Agent","onecoreuap\enduser\winstore\installservice\lib\RegHelpers.h(198)\InstallService.dll!00007FF9A15870E3: (caller: 00007FF9A163A3A9) Exception(3) tid(3868) 80070005 Access is denied.

Error: Access is denied.
Function: 
Source: onecoreuap\enduser\winstore\installservice\lib\appinstallcontrol.cpp (5607)"
"19-08-2026 10:14:01","2007","Warning","Microsoft-Windows-Install-Agent","Failure detected
Error: Access is denied.
Function: 
Source: onecoreuap\enduser\winstore\installservice\lib\RegHelpers.h (198)"
"19-08-2026 10:14:01","2006","Information","Microsoft-Windows-Install-Agent","onecoreuap\enduser\winstore\installservice\lib\RegHelpers.h(198)\InstallService.dll!00007FF9A15870E3: (caller: 00007FF9A16263B0) Exception(2) tid(3868) 80070005 Access is denied.

Error: Access is denied.
Function: 
Source: onecoreuap\enduser\winstore\installservice\lib\ScanForUpdatesWorker.cpp (307)"
"19-08-2026 10:14:01","2007","Warning","Microsoft-Windows-Install-Agent","Failure detected
Error: Access is denied.
Function: 
Source: onecoreuap\enduser\winstore\installservice\lib\RegHelpers.h (198)"
"19-08-2026 10:14:01","2006","Information","Microsoft-Windows-Install-Agent","No updates found. CategoryIds Count = 41  
Error: The operation completed successfully.
Function: ScanForAllUpdates
Source: onecoreuap\enduser\winstore\installservice\libqueue2\uwainstallworkbridge.cpp (1423)"
"19-08-2026 10:14:01","2006","Information","Microsoft-Windows-Install-Agent","[Telemetry]: EndScanForUpdates :: _TlgCV_ = C2GP50Qp5keFT0qP.0.0.45  IsOnline = true  IsApplicability = false  IsInteractive = false  ClientAppId = Update;MoUpdateOrchestratorUserScan-MoUsoCoreWorker-SearchForAllUpdatesWithUpdateOptionsAsync  NumberOfApplicableUpdates = 0  AutoUpdateWorkScheduledWithUOTime =   PFN = (null)  HResult = 0  
Error: Unknown HResult Error code: 0xefffffff
Function: LogTelemetryEvent
Source: onecoreuap\enduser\winstore\installservice\svc\logging.cpp (10)"
"19-08-2026 10:14:01","2006","Information","Microsoft-Windows-Install-Agent","WU scan found 0 packages
Error: Unknown HResult Error code: 0xefffffff
Function: _PackagesFromSearchResult
Source: onecoreuap\enduser\winstore\installservice\lib\wuhelpers.cpp (157)"
"19-08-2026 10:13:28","2006","Information","Microsoft-Windows-Install-Agent","[Telemetry]: BeginScanForUpdates :: _TlgCV_ = C2GP50Qp5keFT0qP.0.0.45  IsOnline = true  IsApplicability = false  ClientAppId = Update;MoUpdateOrchestratorUserScan-MoUsoCoreWorker-SearchForAllUpdatesWithUpdateOptionsAsync  IsInteractive = false  
Error: Unknown HResult Error code: 0xefffffff
Function: LogTelemetryEvent
Source: onecoreuap\enduser\winstore\installservice\svc\logging.cpp (10)"
"19-08-2026 10:13:28","2006","Information","Microsoft-Windows-Install-Agent","Last scan time calculated, setting online = 1
Error: Unknown HResult Error code: 0xefffffff
Function: GetIsOnlineScanAllowed
Source: onecoreuap\enduser\winstore\installservice\libqueue2\uwainstallworkbridge.cpp (2374)"
"19-08-2026 10:13:28","2006","Information","Microsoft-Windows-Install-Agent","Forced cooldown exemption for AppUp.IntelManagementandSecurityStatus_8j3eq9eme6ctt. Current last scan time cache: 2026-08-19T10:11:44+05:30;2026-08-19T10:13:28+05:30
Error: Unknown HResult Error code: 0xefffffff
Function: OnlineScanAllowedInInterval
Source: onecoreuap\enduser\winstore\installservice\lib\stringhelpers.cpp (460)"
"19-08-2026 10:13:28","2006","Information","Microsoft-Windows-Install-Agent","Forced cooldown exemption for MicrosoftWindows.CrossDevice_cw5n1h2txyewy. Current last scan time cache: 2026-08-19T10:11:44+05:30;2026-08-19T10:13:28+05:30
Error: Unknown HResult Error code: 0xefffffff
Function: OnlineScanAllowedInInterval
Source: onecoreuap\enduser\winstore\installservice\lib\stringhelpers.cpp (460)"
"19-08-2026 10:13:28","2006","Information","Microsoft-Windows-Install-Agent","Forced cooldown exemption for AppUp.IntelArcSoftware_8j3eq9eme6ctt. Current last scan time cache: 2026-08-19T10:11:44+05:30;2026-08-19T10:13:28+05:30
Error: Unknown HResult Error code: 0xefffffff
Function: OnlineScanAllowedInInterval
Source: onecoreuap\enduser\winstore\installservice\lib\stringhelpers.cpp (460)"
"19-08-2026 10:13:28","2006","Information","Microsoft-Windows-Install-Agent","Forced cooldown exemption for Microsoft.WindowsStore_8wekyb3d8bbwe. Current last scan time cache: 2026-08-19T10:11:44+05:30;2026-08-19T10:13:28+05:30
Error: Unknown HResult Error code: 0xefffffff
Function: OnlineScanAllowedInInterval
Source: onecoreuap\enduser\winstore\installservice\lib\stringhelpers.cpp (460)"
"19-08-2026 10:13:28","2006","Information","Microsoft-Windows-Install-Agent","Forced cooldown exemption for Microsoft.WebpImageExtension_8wekyb3d8bbwe. Current last scan time cache: 2026-08-19T10:11:44+05:30;2026-08-19T10:13:28+05:30
Error: Unknown HResult Error code: 0xefffffff
Function: OnlineScanAllowedInInterval
Source: onecoreuap\enduser\winstore\installservice\lib\stringhelpers.cpp (460)"
"19-08-2026 10:13:28","2006","Information","Microsoft-Windows-Install-Agent","Forced cooldown exemption for Microsoft.HEIFImageExtension_8wekyb3d8bbwe. Current last scan time cache: 2026-08-19T10:11:44+05:30;2026-08-19T10:13:28+05:30
Error: Unknown HResult Error code: 0xefffffff
Function: OnlineScanAllowedInInterval
Source: onecoreuap\enduser\winstore\installservice\lib\stringhelpers.cpp (460)"
"19-08-2026 10:13:28","2006","Information","Microsoft-Windows-Install-Agent","Forced cooldown exemption for Microsoft.MicrosoftOfficeHub_8wekyb3d8bbwe. Current last scan time cache: 2026-08-19T10:11:44+05:30;2026-08-19T10:13:28+05:30
Error: Unknown HResult Error code: 0xefffffff
Function: OnlineScanAllowedInInterval
Source: onecoreuap\enduser\winstore\installservice\lib\stringhelpers.cpp (460)"
"19-08-2026 10:13:28","2006","Information","Microsoft-Windows-Install-Agent","Forced cooldown exemption for MicrosoftWindows.Client.WebExperience_cw5n1h2txyewy. Current last scan time cache: 2026-08-19T10:11:44+05:30;2026-08-19T10:13:28+05:30
Error: Unknown HResult Error code: 0xefffffff
Function: OnlineScanAllowedInInterval
Source: onecoreuap\enduser\winstore\installservice\lib\stringhelpers.cpp (460)"
"19-08-2026 10:13:28","2006","Information","Microsoft-Windows-Install-Agent","Forced cooldown exemption for MicrosoftCorporationII.QuickAssist_8wekyb3d8bbwe. Current last scan time cache: 2026-08-19T10:11:44+05:30;2026-08-19T10:13:28+05:30
Error: Unknown HResult Error code: 0xefffffff
Function: OnlineScanAllowedInInterval
Source: onecoreuap\enduser\winstore\installservice\lib\stringhelpers.cpp (460)"
"19-08-2026 10:13:28","2006","Information","Microsoft-Windows-Install-Agent","Forced cooldown exemption for DellInc.DellCommandUpdate_htrsf667h5kn2. Current last scan time cache: 2026-08-19T10:11:44+05:30;2026-08-19T10:13:28+05:30
Error: Unknown HResult Error code: 0xefffffff
Function: OnlineScanAllowedInInterval
Source: onecoreuap\enduser\winstore\installservice\lib\stringhelpers.cpp (460)"
"19-08-2026 10:13:28","2006","Information","Microsoft-Windows-Install-Agent","Forced cooldown exemption for Microsoft.CompanyPortal_8wekyb3d8bbwe. Current last scan time cache: 2026-08-19T10:11:44+05:30;2026-08-19T10:13:28+05:30
Error: Unknown HResult Error code: 0xefffffff
Function: OnlineScanAllowedInInterval
Source: onecoreuap\enduser\winstore\installservice\lib\stringhelpers.cpp (460)"
"19-08-2026 10:13:28","2006","Information","Microsoft-Windows-Install-Agent","Forced cooldown exemption for Microsoft.StorePurchaseApp_8wekyb3d8bbwe. Current last scan time cache: 2026-08-19T10:11:44+05:30;2026-08-19T10:13:28+05:30
Error: Unknown HResult Error code: 0xefffffff
Function: OnlineScanAllowedInInterval
Source: onecoreuap\enduser\winstore\installservice\lib\stringhelpers.cpp (460)"
"19-08-2026 10:13:28","2006","Information","Microsoft-Windows-Install-Agent","Forced cooldown exemption for Microsoft.WindowsAlarms_8wekyb3d8bbwe. Current last scan time cache: 2026-08-19T10:11:44+05:30;2026-08-19T10:13:28+05:30
Error: Unknown HResult Error code: 0xefffffff
Function: OnlineScanAllowedInInterval
Source: onecoreuap\enduser\winstore\installservice\lib\stringhelpers.cpp (460)"
"19-08-2026 10:13:28","2006","Information","Microsoft-Windows-Install-Agent","Forced cooldown exemption for Microsoft.WindowsSoundRecorder_8wekyb3d8bbwe. Current last scan time cache: 2026-08-19T10:11:44+05:30;2026-08-19T10:13:28+05:30
Error: Unknown HResult Error code: 0xefffffff
Function: OnlineScanAllowedInInterval
Source: onecoreuap\enduser\winstore\installservice\lib\stringhelpers.cpp (460)"
"19-08-2026 10:13:28","2006","Information","Microsoft-Windows-Install-Agent","Forced cooldown exemption for Microsoft.WindowsCalculator_8wekyb3d8bbwe. Current last scan time cache: 2026-08-19T10:11:44+05:30;2026-08-19T10:13:28+05:30
Error: Unknown HResult Error code: 0xefffffff
Function: OnlineScanAllowedInInterval
Source: onecoreuap\enduser\winstore\installservice\lib\stringhelpers.cpp (460)"
"19-08-2026 10:13:28","2006","Information","Microsoft-Windows-Install-Agent","Forced cooldown exemption for Microsoft.SecHealthUI_8wekyb3d8bbwe. Current last scan time cache: 2026-08-19T10:11:44+05:30;2026-08-19T10:13:28+05:30
Error: Unknown HResult Error code: 0xefffffff
Function: OnlineScanAllowedInInterval
Source: onecoreuap\enduser\winstore\installservice\lib\stringhelpers.cpp (460)"
"19-08-2026 10:13:28","2006","Information","Microsoft-Windows-Install-Agent","Forced cooldown exemption for Microsoft.WindowsNotepad_8wekyb3d8bbwe. Current last scan time cache: 2026-08-19T10:11:44+05:30;2026-08-19T10:13:28+05:30
Error: Unknown HResult Error code: 0xefffffff
Function: OnlineScanAllowedInInterval
Source: onecoreuap\enduser\winstore\installservice\lib\stringhelpers.cpp (460)"
"19-08-2026 10:13:28","2006","Information","Microsoft-Windows-Install-Agent","Forced cooldown exemption for Clipchamp.Clipchamp_yxz26nhyzhsrt. Current last scan time cache: 2026-08-19T10:11:44+05:30;2026-08-19T10:13:28+05:30
Error: Unknown HResult Error code: 0xefffffff
Function: OnlineScanAllowedInInterval
Source: onecoreuap\enduser\winstore\installservice\lib\stringhelpers.cpp (460)"
"19-08-2026 10:13:28","2006","Information","Microsoft-Windows-Install-Agent","Forced cooldown exemption for Microsoft.RawImageExtension_8wekyb3d8bbwe. Current last scan time cache: 2026-08-19T10:11:44+05:30;2026-08-19T10:13:28+05:30
Error: Unknown HResult Error code: 0xefffffff
Function: OnlineScanAllowedInInterval
Source: onecoreuap\enduser\winstore\installservice\lib\stringhelpers.cpp (460)"
"19-08-2026 10:13:28","2006","Information","Microsoft-Windows-Install-Agent","Forced cooldown exemption for Microsoft.PowerAutomateDesktop_8wekyb3d8bbwe. Current last scan time cache: 2026-08-19T10:11:44+05:30;2026-08-19T10:13:28+05:30
Error: Unknown HResult Error code: 0xefffffff
Function: OnlineScanAllowedInInterval
Source: onecoreuap\enduser\winstore\installservice\lib\stringhelpers.cpp (460)"
"19-08-2026 10:13:28","2006","Information","Microsoft-Windows-Install-Agent","Forced cooldown exemption for Microsoft.WindowsTerminal_8wekyb3d8bbwe. Current last scan time cache: 2026-08-19T10:11:44+05:30;2026-08-19T10:13:28+05:30
Error: Unknown HResult Error code: 0xefffffff
Function: OnlineScanAllowedInInterval
Source: onecoreuap\enduser\winstore\installservice\lib\stringhelpers.cpp (460)"
"19-08-2026 10:13:28","2006","Information","Microsoft-Windows-Install-Agent","Forced cooldown exemption for Microsoft.AV1VideoExtension_8wekyb3d8bbwe. Current last scan time cache: 2026-08-19T10:11:44+05:30;2026-08-19T10:13:28+05:30
Error: Unknown HResult Error code: 0xefffffff
Function: OnlineScanAllowedInInterval
Source: onecoreuap\enduser\winstore\installservice\lib\stringhelpers.cpp (460)"
"19-08-2026 10:13:28","2006","Information","Microsoft-Windows-Install-Agent","Forced cooldown exemption for MicrosoftCorporationII.WinAppRuntime.Main.1.8_8wekyb3d8bbwe. Current last scan time cache: 2026-08-19T10:11:44+05:30;2026-08-19T10:13:28+05:30
Error: Unknown HResult Error code: 0xefffffff
Function: OnlineScanAllowedInInterval
Source: onecoreuap\enduser\winstore\installservice\lib\stringhelpers.cpp (460)"
"19-08-2026 10:13:28","2006","Information","Microsoft-Windows-Install-Agent","Forced cooldown exemption for Microsoft.Paint_8wekyb3d8bbwe. Current last scan time cache: 2026-08-19T10:11:44+05:30;2026-08-19T10:13:28+05:30
Error: Unknown HResult Error code: 0xefffffff
Function: OnlineScanAllowedInInterval
Source: onecoreuap\enduser\winstore\installservice\lib\stringhelpers.cpp (460)"
"19-08-2026 10:13:28","2006","Information","Microsoft-Windows-Install-Agent","Forced cooldown exemption for Microsoft.LanguageExperiencePacken-GB_8wekyb3d8bbwe. Current last scan time cache: 2026-08-19T10:11:44+05:30;2026-08-19T10:13:28+05:30
Error: Unknown HResult Error code: 0xefffffff
Function: OnlineScanAllowedInInterval
Source: onecoreuap\enduser\winstore\installservice\lib\stringhelpers.cpp (460)"
"19-08-2026 10:13:28","2006","Information","Microsoft-Windows-Install-Agent","Forced cooldown exemption for Microsoft.WebMediaExtensions_8wekyb3d8bbwe. Current last scan time cache: 2026-08-19T10:11:44+05:30;2026-08-19T10:13:28+05:30
Error: Unknown HResult Error code: 0xefffffff
Function: OnlineScanAllowedInInterval
Source: onecoreuap\enduser\winstore\installservice\lib\stringhelpers.cpp (460)"
"19-08-2026 10:13:28","2006","Information","Microsoft-Windows-Install-Agent","Forced cooldown exemption for Microsoft.Windows.Photos_8wekyb3d8bbwe. Current last scan time cache: 2026-08-19T10:11:44+05:30;2026-08-19T10:13:28+05:30
Error: Unknown HResult Error code: 0xefffffff
Function: OnlineScanAllowedInInterval
Source: onecoreuap\enduser\winstore\installservice\lib\stringhelpers.cpp (460)"
"19-08-2026 10:13:28","2006","Information","Microsoft-Windows-Install-Agent","Forced cooldown exemption for Microsoft.VP9VideoExtensions_8wekyb3d8bbwe. Current last scan time cache: 2026-08-19T10:11:44+05:30;2026-08-19T10:13:28+05:30
Error: Unknown HResult Error code: 0xefffffff
Function: OnlineScanAllowedInInterval
Source: onecoreuap\enduser\winstore\installservice\lib\stringhelpers.cpp (460)"
"19-08-2026 10:13:28","2006","Information","Microsoft-Windows-Install-Agent","Forced cooldown exemption for Microsoft.WindowsCamera_8wekyb3d8bbwe. Current last scan time cache: 2026-08-19T10:11:44+05:30;2026-08-19T10:13:28+05:30
Error: Unknown HResult Error code: 0xefffffff
Function: OnlineScanAllowedInInterval
Source: onecoreuap\enduser\winstore\installservice\lib\stringhelpers.cpp (460)"
"19-08-2026 10:13:28","2006","Information","Microsoft-Windows-Install-Agent","Forced cooldown exemption for Microsoft.DesktopAppInstaller_8wekyb3d8bbwe. Current last scan time cache: 2026-08-19T10:11:44+05:30;2026-08-19T10:13:28+05:30
Error: Unknown HResult Error code: 0xefffffff
Function: OnlineScanAllowedInInterval
Source: onecoreuap\enduser\winstore\installservice\lib\stringhelpers.cpp (460)"
"19-08-2026 10:13:28","2006","Information","Microsoft-Windows-Install-Agent","Forced cooldown exemption for Microsoft.Todos_8wekyb3d8bbwe. Current last scan time cache: 2026-08-19T10:11:44+05:30;2026-08-19T10:13:28+05:30
Error: Unknown HResult Error code: 0xefffffff
Function: OnlineScanAllowedInInterval
Source: onecoreuap\enduser\winstore\installservice\lib\stringhelpers.cpp (460)"
"19-08-2026 10:13:28","2006","Information","Microsoft-Windows-Install-Agent","Forced cooldown exemption for Microsoft.ScreenSketch_8wekyb3d8bbwe. Current last scan time cache: 2026-08-19T10:11:44+05:30;2026-08-19T10:13:28+05:30
Error: Unknown HResult Error code: 0xefffffff
Function: OnlineScanAllowedInInterval
Source: onecoreuap\enduser\winstore\installservice\lib\stringhelpers.cpp (460)"
"19-08-2026 10:13:28","2006","Information","Microsoft-Windows-Install-Agent","Forced cooldown exemption for Microsoft.HEVCVideoExtension_8wekyb3d8bbwe. Current last scan time cache: 2026-08-19T10:11:44+05:30;2026-08-19T10:13:28+05:30
Error: Unknown HResult Error code: 0xefffffff
Function: OnlineScanAllowedInInterval
Source: onecoreuap\enduser\winstore\installservice\lib\stringhelpers.cpp (460)"
"19-08-2026 10:13:28","2006","Information","Microsoft-Windows-Install-Agent","Forced cooldown exemption for Microsoft.StartExperiencesApp_8wekyb3d8bbwe. Current last scan time cache: 2026-08-19T10:11:44+05:30;2026-08-19T10:13:28+05:30
Error: Unknown HResult Error code: 0xefffffff
Function: OnlineScanAllowedInInterval
Source: onecoreuap\enduser\winstore\installservice\lib\stringhelpers.cpp (460)"
"19-08-2026 10:13:28","2006","Information","Microsoft-Windows-Install-Agent","Forced cooldown exemption for Microsoft.WidgetsPlatformRuntime_8wekyb3d8bbwe. Current last scan time cache: 2026-08-19T10:11:44+05:30;2026-08-19T10:13:28+05:30
Error: Unknown HResult Error code: 0xefffffff
Function: OnlineScanAllowedInInterval
Source: onecoreuap\enduser\winstore\installservice\lib\stringhelpers.cpp (460)"
"19-08-2026 10:13:28","2006","Information","Microsoft-Windows-Install-Agent","Forced cooldown exemption for Microsoft.People_8wekyb3d8bbwe. Current last scan time cache: 2026-08-19T10:11:44+05:30;2026-08-19T10:13:28+05:30
Error: Unknown HResult Error code: 0xefffffff
Function: OnlineScanAllowedInInterval
Source: onecoreuap\enduser\winstore\installservice\lib\stringhelpers.cpp (460)"
"19-08-2026 10:13:28","2006","Information","Microsoft-Windows-Install-Agent","Forced cooldown exemption for Microsoft.MPEG2VideoExtension_8wekyb3d8bbwe. Current last scan time cache: 2026-08-19T10:11:44+05:30;2026-08-19T10:13:28+05:30
Error: Unknown HResult Error code: 0xefffffff
Function: OnlineScanAllowedInInterval
Source: onecoreuap\enduser\winstore\installservice\lib\stringhelpers.cpp (460)"
"19-08-2026 10:13:28","2006","Information","Microsoft-Windows-Install-Agent","Forced cooldown exemption for Microsoft.MicrosoftStickyNotes_8wekyb3d8bbwe. Current last scan time cache: 2026-08-19T10:11:44+05:30;2026-08-19T10:13:28+05:30
Error: Unknown HResult Error code: 0xefffffff
Function: OnlineScanAllowedInInterval
Source: onecoreuap\enduser\winstore\installservice\lib\stringhelpers.cpp (460)"
"19-08-2026 10:13:28","2006","Information","Microsoft-Windows-Install-Agent","Forced cooldown exemption for Microsoft.AVCEncoderVideoExtension_8wekyb3d8bbwe. Current last scan time cache: 2026-08-19T10:11:44+05:30;2026-08-19T10:13:28+05:30
Error: Unknown HResult Error code: 0xefffffff
Function: OnlineScanAllowedInInterval
Source: onecoreuap\enduser\winstore\installservice\lib\stringhelpers.cpp (460)"
"19-08-2026 10:13:28","2006","Information","Microsoft-Windows-Install-Agent","Forced cooldown exemption for Microsoft.ApplicationCompatibilityEnhancements_8wekyb3d8bbwe. Current last scan time cache: 2026-08-19T10:11:44+05:30;2026-08-19T10:13:28+05:30
Error: Unknown HResult Error code: 0xefffffff
Function: OnlineScanAllowedInInterval
Source: onecoreuap\enduser\winstore\installservice\lib\stringhelpers.cpp (460)"
"19-08-2026 10:13:28","2006","Information","Microsoft-Windows-Install-Agent","Forced cooldown exemption for AppUp.IntelOptaneMemoryandStorageManagement_8j3eq9eme6ctt. Current last scan time cache: 2026-08-19T10:11:44+05:30;2026-08-19T10:13:28+05:30
Error: Unknown HResult Error code: 0xefffffff
Function: OnlineScanAllowedInInterval
Source: onecoreuap\enduser\winstore\installservice\lib\stringhelpers.cpp (460)"
"19-08-2026 10:13:28","2006","Information","Microsoft-Windows-Install-Agent","Forced cooldown exemption for AppUp.IntelGraphicsExperience_8j3eq9eme6ctt. Current last scan time cache: 2026-08-19T10:11:44+05:30;2026-08-19T10:13:28+05:30
Error: Unknown HResult Error code: 0xefffffff
Function: OnlineScanAllowedInInterval
Source: onecoreuap\enduser\winstore\installservice\lib\stringhelpers.cpp (460)"
"19-08-2026 10:13:28","2006","Information","Microsoft-Windows-Install-Agent","Caller MoUpdateOrchestratorUserScan exempt from offline shedding.
Error: Unknown HResult Error code: 0xefffffff
Function: GetIsOnlineScanAllowed
Source: onecoreuap\enduser\winstore\installservice\libqueue2\uwainstallworkbridge.cpp (2359)"
"19-08-2026 10:13:28","2005","Verbose","Microsoft-Windows-Install-Agent","Device Info: DeviceFamily = Windows.Desktop, Version = 2814751477605053, Arch = AMD64 (K8) 
Error: The operation completed successfully.
Function: FindFulfillmentInfo
Source: onecoreuap\enduser\winstore\installservice\libqueue2\productdocument2helper.cpp (380)"
"19-08-2026 10:13:28","2006","Information","Microsoft-Windows-Install-Agent","Http GET response: https://displaycatalog.mp.microsoft.com/v7.0/products/lookup?fieldsTemplate=InstallAgent&market=IN&languages=en-IN,en,neutral&alternateId=PackageFamilyName&value=Microsoft.HEIFImageExtension_8wekyb3d8bbwe
Error: The operation completed successfully.
Function: FetchUriResponseWithAuthTicket
Source: onecoreuap\enduser\winstore\installservice\lib\httphelpers.cpp (369)"
"19-08-2026 10:13:28","2006","Information","Microsoft-Windows-Install-Agent","[Telemetry]: DownloadUrl :: __TlgCV__ = C2GP50Qp5keFT0qP.0.0.40.3  PartB_Ms.Qos.OutgoingServiceRequest = 14  operationName = DownloadUrl  targetUri = https://displaycatalog.mp.microsoft.com/v7.0/products/lookup?fieldsTemplate=InstallAgent&market=IN&languages=en-IN,en,neutral&alternateId=PackageFamilyName&value=Microsoft.HEIFImageExtension_8wekyb3d8bbwe  latencyMs = 187  serviceErrorCode = 0  succeeded = true  requestMethod = GET  responseContentType = JSON  protocol = HTTP  protocolStatusCode = 200  dependencyOperationName =   dependencyOperationVersion =   dependencyName =   dependencyType =   responseSizeBytes = 29519  HResult = 0  
Error: Unknown HResult Error code: 0xefffffff
Function: LogTelemetryEvent
Source: onecoreuap\enduser\winstore\installservice\svc\logging.cpp (10)"
"19-08-2026 10:13:27","2006","Information","Microsoft-Windows-Install-Agent","Cannot get any user tickets. Using device ticket
Error: The operation completed successfully.
Function: TryGetTickets
Source: onecoreuap\enduser\winstore\installservice\lib\storeappinfo.cpp (1319)"
"19-08-2026 10:13:27","2007","Warning","Microsoft-Windows-Install-Agent","No tickets found for the current user.
Error: The specified account does not exist.
Function: TryGetTickets
Source: onecoreuap\enduser\winstore\installservice\lib\storeappinfo.cpp (1294)"
"19-08-2026 10:13:27","2007","Warning","Microsoft-Windows-Install-Agent","No tickets found for the store primary acount.
Error: The specified account does not exist.
Function: TryGetTickets
Source: onecoreuap\enduser\winstore\installservice\lib\storeappinfo.cpp (1223)"
"19-08-2026 10:13:27","2006","Information","Microsoft-Windows-Install-Agent","Failure detected
Error: The specified account does not exist.
Function: 
Source: onecoreuap\enduser\winstore\auth\lib\winstoreauth.cpp (340)"
"19-08-2026 10:13:27","2006","Information","Microsoft-Windows-Install-Agent","Account Ticket succesfully extracted. Ticket providerType: AAD web: fdQ459V7DuFE5chksjJy-R1xWD_8v04qeKuetk_Eq90 
Error: Unspecified error
Function: 
Source: onecoreuap\enduser\winstore\auth\lib\winstoreauth.cpp (2093)"
"19-08-2026 10:13:27","2006","Information","Microsoft-Windows-Install-Agent","Failure detected
Error: The system cannot find the file specified.
Function: 
Source: onecoreuap\enduser\winstore\auth\lib\winstoreauth.cpp (2614)"
"19-08-2026 10:13:27","2005","Verbose","Microsoft-Windows-Install-Agent","Device Info: DeviceFamily = Windows.Desktop, Version = 2814751477605053, Arch = AMD64 (K8) 
Error: The operation completed successfully.
Function: FindFulfillmentInfo
Source: onecoreuap\enduser\winstore\installservice\libqueue2\productdocument2helper.cpp (380)"
"19-08-2026 10:13:27","2006","Information","Microsoft-Windows-Install-Agent","Http GET response: https://displaycatalog.mp.microsoft.com/v7.0/products/lookup?fieldsTemplate=InstallAgent&market=IN&languages=en-IN,en,neutral&alternateId=PackageFamilyName&value=Microsoft.WindowsAlarms_8wekyb3d8bbwe
Error: The operation completed successfully.
Function: FetchUriResponseWithAuthTicket
Source: onecoreuap\enduser\winstore\installservice\lib\httphelpers.cpp (369)"
"19-08-2026 10:13:27","2006","Information","Microsoft-Windows-Install-Agent","[Telemetry]: DownloadUrl :: __TlgCV__ = C2GP50Qp5keFT0qP.0.0.32.3  PartB_Ms.Qos.OutgoingServiceRequest = 14  operationName = DownloadUrl  targetUri = https://displaycatalog.mp.microsoft.com/v7.0/products/lookup?fieldsTemplate=InstallAgent&market=IN&languages=en-IN,en,neutral&alternateId=PackageFamilyName&value=Microsoft.WindowsAlarms_8wekyb3d8bbwe  latencyMs = 93  serviceErrorCode = 0  succeeded = true  requestMethod = GET  responseContentType = JSON  protocol = HTTP  protocolStatusCode = 200  dependencyOperationName =   dependencyOperationVersion =   dependencyName =   dependencyType =   responseSizeBytes = 53903  HResult = 0  
Error: Unknown HResult Error code: 0xefffffff
Function: LogTelemetryEvent
Source: onecoreuap\enduser\winstore\installservice\svc\logging.cpp (10)"
"19-08-2026 10:13:27","2006","Information","Microsoft-Windows-Install-Agent","Cannot get any user tickets. Using device ticket
Error: The operation completed successfully.
Function: TryGetTickets
Source: onecoreuap\enduser\winstore\installservice\lib\storeappinfo.cpp (1319)"
"19-08-2026 10:13:27","2007","Warning","Microsoft-Windows-Install-Agent","No tickets found for the current user.
Error: The specified account does not exist.
Function: TryGetTickets
Source: onecoreuap\enduser\winstore\installservice\lib\storeappinfo.cpp (1294)"
"19-08-2026 10:13:27","2007","Warning","Microsoft-Windows-Install-Agent","No tickets found for the store primary acount.
Error: The specified account does not exist.
Function: TryGetTickets
Source: onecoreuap\enduser\winstore\installservice\lib\storeappinfo.cpp (1223)"
"19-08-2026 10:13:27","2006","Information","Microsoft-Windows-Install-Agent","Failure detected
Error: The specified account does not exist.
Function: 
Source: onecoreuap\enduser\winstore\auth\lib\winstoreauth.cpp (340)"
"19-08-2026 10:13:27","2006","Information","Microsoft-Windows-Install-Agent","Account Ticket succesfully extracted. Ticket providerType: AAD web: fdQ459V7DuFE5chksjJy-R1xWD_8v04qeKuetk_Eq90 
Error: Unspecified error
Function: 
Source: onecoreuap\enduser\winstore\auth\lib\winstoreauth.cpp (2093)"
"19-08-2026 10:13:27","2006","Information","Microsoft-Windows-Install-Agent","Failure detected
Error: The system cannot find the file specified.
Function: 
Source: onecoreuap\enduser\winstore\auth\lib\winstoreauth.cpp (2614)"
"19-08-2026 10:13:27","2007","Warning","Microsoft-Windows-Install-Agent","Exception while processing installed pfns:  
Error: Unknown HResult Error code: 0x803fb112
Function: ScanForAllUpdates
Source: onecoreuap\enduser\winstore\installservice\libqueue2\uwainstallworkbridge.cpp (1391)"
"19-08-2026 10:13:27","2006","Information","Microsoft-Windows-Install-Agent","winrt::hresult_error: The text associated with this error code could not be found.
Error: Unknown HResult Error code: 0x803fb112
Function: 
Source: NULL (0)"
"19-08-2026 10:13:27","2006","Information","Microsoft-Windows-Install-Agent","Failure detected
Error: Unknown HResult Error code: 0x803fb112
Function: 
Source: NULL (0)"
"19-08-2026 10:13:27","2006","Information","Microsoft-Windows-Install-Agent","Error for DisplayCatalog call with known missing product PackageFamilyName = Microsoft.SecHealthUI_8wekyb3d8bbwe   
Error: Unknown HResult Error code: 0x803fb112
Function: CatalogDataStore::_LookupForUserWithParent
Source: onecoreuap\enduser\winstore\installservice\libqueue2\catalogdatastore.cpp (88)"
"19-08-2026 10:13:27","2005","Verbose","Microsoft-Windows-Install-Agent","Device Info: DeviceFamily = Windows.Desktop, Version = 2814751477605053, Arch = AMD64 (K8) 
Error: The operation completed successfully.
Function: FindFulfillmentInfo
Source: onecoreuap\enduser\winstore\installservice\libqueue2\productdocument2helper.cpp (380)"
"19-08-2026 10:13:27","2006","Information","Microsoft-Windows-Install-Agent","Http GET response: https://displaycatalog.mp.microsoft.com/v7.0/products/lookup?fieldsTemplate=InstallAgent&market=IN&languages=en-IN,en,neutral&alternateId=PackageFamilyName&value=AppUp.IntelOptaneMemoryandStorageManagement_8j3eq9eme6ctt
Error: The operation completed successfully.
Function: FetchUriResponseWithAuthTicket
Source: onecoreuap\enduser\winstore\installservice\lib\httphelpers.cpp (369)"
"19-08-2026 10:13:27","2006","Information","Microsoft-Windows-Install-Agent","[Telemetry]: DownloadUrl :: __TlgCV__ = C2GP50Qp5keFT0qP.0.0.3.3  PartB_Ms.Qos.OutgoingServiceRequest = 14  operationName = DownloadUrl  targetUri = https://displaycatalog.mp.microsoft.com/v7.0/products/lookup?fieldsTemplate=InstallAgent&market=IN&languages=en-IN,en,neutral&alternateId=PackageFamilyName&value=AppUp.IntelOptaneMemoryandStorageManagement_8j3eq9eme6ctt  latencyMs = 141  serviceErrorCode = 0  succeeded = true  requestMethod = GET  responseContentType = JSON  protocol = HTTP  protocolStatusCode = 200  dependencyOperationName =   dependencyOperationVersion =   dependencyName =   dependencyType =   responseSizeBytes = 38267  HResult = 0  
Error: Unknown HResult Error code: 0xefffffff
Function: LogTelemetryEvent
Source: onecoreuap\enduser\winstore\installservice\svc\logging.cpp (10)"
"19-08-2026 10:13:26","2006","Information","Microsoft-Windows-Install-Agent","Cannot get any user tickets. Using device ticket
Error: The operation completed successfully.
Function: TryGetTickets
Source: onecoreuap\enduser\winstore\installservice\lib\storeappinfo.cpp (1319)"
"19-08-2026 10:13:26","2007","Warning","Microsoft-Windows-Install-Agent","No tickets found for the current user.
Error: The specified account does not exist.
Function: TryGetTickets
Source: onecoreuap\enduser\winstore\installservice\lib\storeappinfo.cpp (1294)"
"19-08-2026 10:13:25","2007","Warning","Microsoft-Windows-Install-Agent","No tickets found for the store primary acount.
Error: The specified account does not exist.
Function: TryGetTickets
Source: onecoreuap\enduser\winstore\installservice\lib\storeappinfo.cpp (1223)"
"19-08-2026 10:13:25","2006","Information","Microsoft-Windows-Install-Agent","Failure detected
Error: The specified account does not exist.
Function: 
Source: onecoreuap\enduser\winstore\auth\lib\winstoreauth.cpp (340)"
"19-08-2026 10:13:25","2006","Information","Microsoft-Windows-Install-Agent","Account Ticket succesfully extracted. Ticket providerType: AAD web: fdQ459V7DuFE5chksjJy-R1xWD_8v04qeKuetk_Eq90 
Error: Unspecified error
Function: 
Source: onecoreuap\enduser\winstore\auth\lib\winstoreauth.cpp (2093)"
"19-08-2026 10:13:25","2006","Information","Microsoft-Windows-Install-Agent","Failure detected
Error: The system cannot find the file specified.
Function: 
Source: onecoreuap\enduser\winstore\auth\lib\winstoreauth.cpp (2614)"
"19-08-2026 10:13:25","2008","Error","Microsoft-Windows-Install-Agent","Exception while retrieving device uptime  
Error: An attempt was made to reference a token that does not exist.
Function: Windows::Internal::InstallService::Control::IsDeviceUptimeEnoughForStubification
Source: onecoreuap\enduser\winstore\installservice\libqueue2\stubs.cpp (444)"
"19-08-2026 10:13:25","2006","Information","Microsoft-Windows-Install-Agent","Proceed with Stub Check. Duration since last check is long enough.Last success time = 2026-08-18T09:55:58+05:30, Duration required = 1 day(s) 
Error: The operation completed successfully.
Function: Windows::Internal::InstallService::Control::IsTaskPeriodCheckLongEnough
Source: onecoreuap\enduser\winstore\installservice\libqueue2\stubs.cpp (421)"
"19-08-2026 10:13:25","2006","Information","Microsoft-Windows-Install-Agent","OneSetting values: INFREQUENTLYUSEDAPPINDAYS = 90, MINIMUMDEVICEUPTIMEINMINUTES = 360, STUBIFICATIONTASKFREQUENCYINDAYS = 1, ISAPPARCHIVINGENABLED = true 
Error: The operation completed successfully.
Function: Windows::Internal::InstallService::Control::LoadOffloadingOneSettings
Source: onecoreuap\enduser\winstore\installservice\libqueue2\stubs.cpp (180)"
"19-08-2026 10:13:25","2006","Information","Microsoft-Windows-Install-Agent","Added to the installed pfn list: PackageFamilyName = AppUp.IntelManagementandSecurityStatus_8j3eq9eme6ctt  ContentId = FCEBB03C-BA96-8115-6801-F8E2FE053F35  
Error: The operation completed successfully.
Function: GetInstalledPfns
Source: onecoreuap\enduser\winstore\installservice\libqueue2\uwainstallworkbridge.cpp (223)"
"19-08-2026 10:13:25","2006","Information","Microsoft-Windows-Install-Agent","Added to the installed pfn list: PackageFamilyName = MicrosoftWindows.CrossDevice_cw5n1h2txyewy  ContentId = D6EF2D33-90FC-BCAC-D7CD-ABD2A67C444A  
Error: The operation completed successfully.
Function: GetInstalledPfns
Source: onecoreuap\enduser\winstore\installservice\libqueue2\uwainstallworkbridge.cpp (223)"
"19-08-2026 10:13:25","2006","Information","Microsoft-Windows-Install-Agent","Added to the installed pfn list: PackageFamilyName = AppUp.IntelArcSoftware_8j3eq9eme6ctt  ContentId = 48148A5A-7FBB-DFE1-832F-C59E36CEEA62  
Error: The operation completed successfully.
Function: GetInstalledPfns
Source: onecoreuap\enduser\winstore\installservice\libqueue2\uwainstallworkbridge.cpp (223)"
"19-08-2026 10:13:25","2006","Information","Microsoft-Windows-Install-Agent","Added to the installed pfn list: PackageFamilyName = Microsoft.WindowsStore_8wekyb3d8bbwe  ContentId = 9D4DED89-CABC-F4FB-8133-BC5EDB1C7EDA  
Error: The operation completed successfully.
Function: GetInstalledPfns
Source: onecoreuap\enduser\winstore\installservice\libqueue2\uwainstallworkbridge.cpp (223)"
"19-08-2026 10:13:25","2006","Information","Microsoft-Windows-Install-Agent","Added to the installed pfn list: PackageFamilyName = Microsoft.WebpImageExtension_8wekyb3d8bbwe  ContentId = ADA26212-6E65-2F41-08F6-8A8E88987557  
Error: The operation completed successfully.
Function: GetInstalledPfns
Source: onecoreuap\enduser\winstore\installservice\libqueue2\uwainstallworkbridge.cpp (223)"
"19-08-2026 10:13:25","2006","Information","Microsoft-Windows-Install-Agent","Added to the installed pfn list: PackageFamilyName = Microsoft.HEIFImageExtension_8wekyb3d8bbwe  ContentId = 754078EB-3A78-B444-5FC2-70DFE84EC4E5  
Error: The operation completed successfully.
Function: GetInstalledPfns
Source: onecoreuap\enduser\winstore\installservice\libqueue2\uwainstallworkbridge.cpp (223)"
"19-08-2026 10:13:25","2006","Information","Microsoft-Windows-Install-Agent","Added to the installed pfn list: PackageFamilyName = Microsoft.MicrosoftOfficeHub_8wekyb3d8bbwe  ContentId = FACF9DDE-1FF1-B57D-4D1D-CE479FDD42AF  
Error: The operation completed successfully.
Function: GetInstalledPfns
Source: onecoreuap\enduser\winstore\installservice\libqueue2\uwainstallworkbridge.cpp (223)"
"19-08-2026 10:13:25","2006","Information","Microsoft-Windows-Install-Agent","Added to the installed pfn list: PackageFamilyName = MicrosoftWindows.Client.WebExperience_cw5n1h2txyewy  ContentId = 48CABA8A-2E62-2097-DCD8-4255C637B32D  
Error: The operation completed successfully.
Function: GetInstalledPfns
Source: onecoreuap\enduser\winstore\installservice\libqueue2\uwainstallworkbridge.cpp (223)"
"19-08-2026 10:13:25","2006","Information","Microsoft-Windows-Install-Agent","Added to the installed pfn list: PackageFamilyName = MicrosoftCorporationII.QuickAssist_8wekyb3d8bbwe  ContentId = 4BC27046-84C5-8679-DCC7-D44C77A47DD0  
Error: The operation completed successfully.
Function: GetInstalledPfns
Source: onecoreuap\enduser\winstore\installservice\libqueue2\uwainstallworkbridge.cpp (223)"
"19-08-2026 10:13:25","2006","Information","Microsoft-Windows-Install-Agent","Added to the installed pfn list: PackageFamilyName = DellInc.DellCommandUpdate_htrsf667h5kn2  ContentId = 11B6E70D-5A83-D49F-EA77-9244209B7F66  
Error: The operation completed successfully.
Function: GetInstalledPfns
Source: onecoreuap\enduser\winstore\installservice\libqueue2\uwainstallworkbridge.cpp (223)"
"19-08-2026 10:13:25","2006","Information","Microsoft-Windows-Install-Agent","Added to the installed pfn list: PackageFamilyName = Microsoft.CompanyPortal_8wekyb3d8bbwe  ContentId = 58A1808E-9398-4976-1A05-FC884E16F609  
Error: The operation completed successfully.
Function: GetInstalledPfns
Source: onecoreuap\enduser\winstore\installservice\libqueue2\uwainstallworkbridge.cpp (223)"
"19-08-2026 10:13:25","2006","Information","Microsoft-Windows-Install-Agent","Added to the installed pfn list: PackageFamilyName = Microsoft.StorePurchaseApp_8wekyb3d8bbwe  ContentId = 62B49C0A-499E-A02D-EBCB-EB168E148E52  
Error: The operation completed successfully.
Function: GetInstalledPfns
Source: onecoreuap\enduser\winstore\installservice\libqueue2\uwainstallworkbridge.cpp (223)"
"19-08-2026 10:13:25","2006","Information","Microsoft-Windows-Install-Agent","Added to the installed pfn list: PackageFamilyName = Microsoft.WindowsAlarms_8wekyb3d8bbwe  ContentId = 18DDC675-D472-0DB4-9563-7DF7C34F512C  
Error: The operation completed successfully.
Function: GetInstalledPfns
Source: onecoreuap\enduser\winstore\installservice\libqueue2\uwainstallworkbridge.cpp (223)"
"19-08-2026 10:13:25","2006","Information","Microsoft-Windows-Install-Agent","Added to the installed pfn list: PackageFamilyName = Microsoft.WindowsSoundRecorder_8wekyb3d8bbwe  ContentId = 0C8CF327-9D17-CCDE-18AF-DFF4F20070E5  
Error: The operation completed successfully.
Function: GetInstalledPfns
Source: onecoreuap\enduser\winstore\installservice\libqueue2\uwainstallworkbridge.cpp (223)"
"19-08-2026 10:13:25","2006","Information","Microsoft-Windows-Install-Agent","Added to the installed pfn list: PackageFamilyName = Microsoft.WindowsCalculator_8wekyb3d8bbwe  ContentId = 68BC3251-2D8B-A604-92BA-893638CA72EA  
Error: The operation completed successfully.
Function: GetInstalledPfns
Source: onecoreuap\enduser\winstore\installservice\libqueue2\uwainstallworkbridge.cpp (223)"
"19-08-2026 10:13:25","2006","Information","Microsoft-Windows-Install-Agent","Added to the installed pfn list: PackageFamilyName = Microsoft.SecHealthUI_8wekyb3d8bbwe  ContentId = 2F75F580-7570-DD52-134A-D059971C4492  
Error: The operation completed successfully.
Function: GetInstalledPfns
Source: onecoreuap\enduser\winstore\installservice\libqueue2\uwainstallworkbridge.cpp (223)"
"19-08-2026 10:13:25","2006","Information","Microsoft-Windows-Install-Agent","Added to the installed pfn list: PackageFamilyName = Microsoft.WindowsNotepad_8wekyb3d8bbwe  ContentId = 05900109-7BF4-436B-0AC6-B0810B7806E1  
Error: The operation completed successfully.
Function: GetInstalledPfns
Source: onecoreuap\enduser\winstore\installservice\libqueue2\uwainstallworkbridge.cpp (223)"
"19-08-2026 10:13:25","2006","Information","Microsoft-Windows-Install-Agent","Added to the installed pfn list: PackageFamilyName = Clipchamp.Clipchamp_yxz26nhyzhsrt  ContentId = A3CFB819-C96D-B9FF-CBBC-A74F5B378D52  
Error: The operation completed successfully.
Function: GetInstalledPfns
Source: onecoreuap\enduser\winstore\installservice\libqueue2\uwainstallworkbridge.cpp (223)"
