"17-08-2026 13:52:46","9","Information","Microsoft-Windows-StorageManagement","A Windows Storage Management WMI enumeration operation was performed.                   
Class: MSFT_PhysicalDisk                   
ResultCount: 1                   
Operation time (milliseconds): 125"
"17-08-2026 13:52:46","8","Information","Microsoft-Windows-StorageManagement","The Windows Storage Management WMI Provider was loaded.                    
Load time (milliseconds): 0"
"17-08-2026 13:46:52","9","Information","Microsoft-Windows-StorageManagement","A Windows Storage Management WMI enumeration operation was performed.                   
Class: MSFT_PhysicalDisk                   
ResultCount: 1                   
Operation time (milliseconds): 63"
"17-08-2026 13:46:52","8","Information","Microsoft-Windows-StorageManagement","The Windows Storage Management WMI Provider was loaded.                    
Load time (milliseconds): 0"
"17-08-2026 13:31:53","9","Information","Microsoft-Windows-StorageManagement","A Windows Storage Management WMI enumeration operation was performed.                   
Class: MSFT_PhysicalDisk                   
ResultCount: 1                   
Operation time (milliseconds): 62"
"17-08-2026 13:31:53","7","Information","Microsoft-Windows-StorageManagement","The Windows Storage Provider host service was started successfully.                    
Start time (milliseconds): 219"
"17-08-2026 13:31:53","1001","Information","Microsoft-Windows-StorageManagement-WSP-Host","A Windows Storage Provider was loaded successfully.             
Provider: wsp_health             
Provider DLL: wsp_health.dll"
"17-08-2026 13:31:53","1001","Information","Microsoft-Windows-StorageManagement-WSP-Host","A Windows Storage Provider was loaded successfully.             
Provider: wsp_sr             
Provider DLL: wsp_sr.dll"
"17-08-2026 13:31:53","1001","Information","Microsoft-Windows-StorageManagement-WSP-Host","A Windows Storage Provider was loaded successfully.             
Provider: wsp_fs             
Provider DLL: wsp_fs.dll"
"17-08-2026 13:31:52","1001","Information","Microsoft-Windows-StorageManagement-WSP-Host","A Windows Storage Provider was loaded successfully.             
Provider: MISpace             
Provider DLL: mispace.dll"
"17-08-2026 13:31:52","2010","Information","Microsoft-Windows-StorageManagement-WSP-Spaces","The Windows Storage Spaces and Disk provider was loaded.             
Load time (milliseconds): 0             
Miresult: 0"
"17-08-2026 13:31:52","2023","Information","Microsoft-Windows-StorageManagement-WSP-Spaces","Successfully initialized the Storage Management Provider.             
Function: CSpProvider::Initialize             
Duration (milliseconds): 5"
"17-08-2026 13:31:52","2027","Information","Microsoft-Windows-StorageManagement-WSP-Spaces","Successfully initialized Extended Storage Spaces API.             
Function: SuInitializeEx             
Duration (milliseconds): 0"
"17-08-2026 13:31:52","8","Information","Microsoft-Windows-StorageManagement","The Windows Storage Management WMI Provider was loaded.                    
Load time (milliseconds): 0"
"17-08-2026 13:16:53","1003","Information","Microsoft-Windows-StorageManagement-WSP-Host","Shutdown for the Windows Storage Provider host service has been completed."
"17-08-2026 13:16:52","2025","Information","Microsoft-Windows-StorageManagement-WSP-Spaces","Successfully cleaned up the Storage Management Provider.             
Function: CSpProvider::Cleanup             
Duration (milliseconds): 4"
"17-08-2026 13:16:52","2029","Information","Microsoft-Windows-StorageManagement-WSP-Spaces","Successfully cleaned up Extended Storage Spaces API.             
Function: SuCleanupEx             
Duration (milliseconds): 0"
"17-08-2026 13:16:52","9","Information","Microsoft-Windows-StorageManagement","A Windows Storage Management WMI enumeration operation was performed.                   
Class: MSFT_PhysicalDisk                   
ResultCount: 0                   
Operation time (milliseconds): 47"
"17-08-2026 13:16:52","2007","Error","Microsoft-Windows-StorageManagement-WSP-Spaces","An error occurred during object enumeration.             
Class: SPACES_PhysicalDisk             
Error Code: 28"
"17-08-2026 13:16:52","1002","Information","Microsoft-Windows-StorageManagement-WSP-Host","Shutdown has been initiated for the Windows Storage Provider host service."
"17-08-2026 13:16:52","8","Information","Microsoft-Windows-StorageManagement","The Windows Storage Management WMI Provider was loaded.                    
Load time (milliseconds): 0"
"17-08-2026 13:01:52","9","Information","Microsoft-Windows-StorageManagement","A Windows Storage Management WMI enumeration operation was performed.                   
Class: MSFT_PhysicalDisk                   
ResultCount: 1                   
Operation time (milliseconds): 62"
"17-08-2026 13:01:52","8","Information","Microsoft-Windows-StorageManagement","The Windows Storage Management WMI Provider was loaded.                    
Load time (milliseconds): 0"
"17-08-2026 12:46:53","9","Information","Microsoft-Windows-StorageManagement","A Windows Storage Management WMI enumeration operation was performed.                   
Class: MSFT_PhysicalDisk                   
ResultCount: 1                   
Operation time (milliseconds): 62"
"17-08-2026 12:46:53","7","Information","Microsoft-Windows-StorageManagement","The Windows Storage Provider host service was started successfully.                    
Start time (milliseconds): 188"
"17-08-2026 12:46:53","1001","Information","Microsoft-Windows-StorageManagement-WSP-Host","A Windows Storage Provider was loaded successfully.             
Provider: wsp_health             
Provider DLL: wsp_health.dll"
"17-08-2026 12:46:53","1001","Information","Microsoft-Windows-StorageManagement-WSP-Host","A Windows Storage Provider was loaded successfully.             
Provider: wsp_sr             
Provider DLL: wsp_sr.dll"
"17-08-2026 12:46:53","1001","Information","Microsoft-Windows-StorageManagement-WSP-Host","A Windows Storage Provider was loaded successfully.             
Provider: wsp_fs             
Provider DLL: wsp_fs.dll"
"17-08-2026 12:46:53","1001","Information","Microsoft-Windows-StorageManagement-WSP-Host","A Windows Storage Provider was loaded successfully.             
Provider: MISpace             
Provider DLL: mispace.dll"
"17-08-2026 12:46:53","2010","Information","Microsoft-Windows-StorageManagement-WSP-Spaces","The Windows Storage Spaces and Disk provider was loaded.             
Load time (milliseconds): 0             
Miresult: 0"
"17-08-2026 12:46:53","2023","Information","Microsoft-Windows-StorageManagement-WSP-Spaces","Successfully initialized the Storage Management Provider.             
Function: CSpProvider::Initialize             
Duration (milliseconds): 6"
"17-08-2026 12:46:53","2027","Information","Microsoft-Windows-StorageManagement-WSP-Spaces","Successfully initialized Extended Storage Spaces API.             
Function: SuInitializeEx             
Duration (milliseconds): 0"
"17-08-2026 12:46:52","8","Information","Microsoft-Windows-StorageManagement","The Windows Storage Management WMI Provider was loaded.                    
Load time (milliseconds): 0"
"17-08-2026 12:31:53","1003","Information","Microsoft-Windows-StorageManagement-WSP-Host","Shutdown for the Windows Storage Provider host service has been completed."
"17-08-2026 12:31:53","2025","Information","Microsoft-Windows-StorageManagement-WSP-Spaces","Successfully cleaned up the Storage Management Provider.             
Function: CSpProvider::Cleanup             
Duration (milliseconds): 3"
"17-08-2026 12:31:53","2029","Information","Microsoft-Windows-StorageManagement-WSP-Spaces","Successfully cleaned up Extended Storage Spaces API.             
Function: SuCleanupEx             
Duration (milliseconds): 0"
"17-08-2026 12:31:52","9","Information","Microsoft-Windows-StorageManagement","A Windows Storage Management WMI enumeration operation was performed.                   
Class: MSFT_PhysicalDisk                   
ResultCount: 0                   
Operation time (milliseconds): 47"
"17-08-2026 12:31:52","2007","Error","Microsoft-Windows-StorageManagement-WSP-Spaces","An error occurred during object enumeration.             
Class: SPACES_PhysicalDisk             
Error Code: 28"
"17-08-2026 12:31:52","1002","Information","Microsoft-Windows-StorageManagement-WSP-Host","Shutdown has been initiated for the Windows Storage Provider host service."
"17-08-2026 12:31:52","8","Information","Microsoft-Windows-StorageManagement","The Windows Storage Management WMI Provider was loaded.                    
Load time (milliseconds): 0"
"17-08-2026 12:16:52","9","Information","Microsoft-Windows-StorageManagement","A Windows Storage Management WMI enumeration operation was performed.                   
Class: MSFT_PhysicalDisk                   
ResultCount: 1                   
Operation time (milliseconds): 78"
"17-08-2026 12:16:52","8","Information","Microsoft-Windows-StorageManagement","The Windows Storage Management WMI Provider was loaded.                    
Load time (milliseconds): 0"
"17-08-2026 12:02:06","9","Information","Microsoft-Windows-StorageManagement","A Windows Storage Management WMI enumeration operation was performed.                   
Class: MSFT_PhysicalDisk                   
ResultCount: 1                   
Operation time (milliseconds): 15"
"17-08-2026 12:01:52","9","Information","Microsoft-Windows-StorageManagement","A Windows Storage Management WMI enumeration operation was performed.                   
Class: MSFT_PhysicalDisk                   
ResultCount: 1                   
Operation time (milliseconds): 63"
"17-08-2026 12:01:52","8","Information","Microsoft-Windows-StorageManagement","The Windows Storage Management WMI Provider was loaded.                    
Load time (milliseconds): 0"
"17-08-2026 11:46:53","9","Information","Microsoft-Windows-StorageManagement","A Windows Storage Management WMI enumeration operation was performed.                   
Class: MSFT_PhysicalDisk                   
ResultCount: 1                   
Operation time (milliseconds): 78"
"17-08-2026 11:46:53","7","Information","Microsoft-Windows-StorageManagement","The Windows Storage Provider host service was started successfully.                    
Start time (milliseconds): 234"
"17-08-2026 11:46:53","1001","Information","Microsoft-Windows-StorageManagement-WSP-Host","A Windows Storage Provider was loaded successfully.             
Provider: wsp_health             
Provider DLL: wsp_health.dll"
"17-08-2026 11:46:53","1001","Information","Microsoft-Windows-StorageManagement-WSP-Host","A Windows Storage Provider was loaded successfully.             
Provider: wsp_sr             
Provider DLL: wsp_sr.dll"
"17-08-2026 11:46:53","1001","Information","Microsoft-Windows-StorageManagement-WSP-Host","A Windows Storage Provider was loaded successfully.             
Provider: wsp_fs             
Provider DLL: wsp_fs.dll"
"17-08-2026 11:46:53","1001","Information","Microsoft-Windows-StorageManagement-WSP-Host","A Windows Storage Provider was loaded successfully.             
Provider: MISpace             
Provider DLL: mispace.dll"
"17-08-2026 11:46:53","2010","Information","Microsoft-Windows-StorageManagement-WSP-Spaces","The Windows Storage Spaces and Disk provider was loaded.             
Load time (milliseconds): 15             
Miresult: 0"
"17-08-2026 11:46:53","2023","Information","Microsoft-Windows-StorageManagement-WSP-Spaces","Successfully initialized the Storage Management Provider.             
Function: CSpProvider::Initialize             
Duration (milliseconds): 9"
"17-08-2026 11:46:53","2027","Information","Microsoft-Windows-StorageManagement-WSP-Spaces","Successfully initialized Extended Storage Spaces API.             
Function: SuInitializeEx             
Duration (milliseconds): 1"
"17-08-2026 11:46:52","8","Information","Microsoft-Windows-StorageManagement","The Windows Storage Management WMI Provider was loaded.                    
Load time (milliseconds): 0"
"17-08-2026 11:31:53","1003","Information","Microsoft-Windows-StorageManagement-WSP-Host","Shutdown for the Windows Storage Provider host service has been completed."
"17-08-2026 11:31:53","2025","Information","Microsoft-Windows-StorageManagement-WSP-Spaces","Successfully cleaned up the Storage Management Provider.             
Function: CSpProvider::Cleanup             
Duration (milliseconds): 8"
"17-08-2026 11:31:53","2029","Information","Microsoft-Windows-StorageManagement-WSP-Spaces","Successfully cleaned up Extended Storage Spaces API.             
Function: SuCleanupEx             
Duration (milliseconds): 0"
"17-08-2026 11:31:52","9","Information","Microsoft-Windows-StorageManagement","A Windows Storage Management WMI enumeration operation was performed.                   
Class: MSFT_PhysicalDisk                   
ResultCount: 0                   
Operation time (milliseconds): 47"
"17-08-2026 11:31:52","2007","Error","Microsoft-Windows-StorageManagement-WSP-Spaces","An error occurred during object enumeration.             
Class: SPACES_PhysicalDisk             
Error Code: 28"
"17-08-2026 11:31:52","1002","Information","Microsoft-Windows-StorageManagement-WSP-Host","Shutdown has been initiated for the Windows Storage Provider host service."
"17-08-2026 11:31:52","8","Information","Microsoft-Windows-StorageManagement","The Windows Storage Management WMI Provider was loaded.                    
Load time (milliseconds): 0"
"17-08-2026 11:16:52","9","Information","Microsoft-Windows-StorageManagement","A Windows Storage Management WMI enumeration operation was performed.                   
Class: MSFT_PhysicalDisk                   
ResultCount: 1                   
Operation time (milliseconds): 78"
"17-08-2026 11:16:52","8","Information","Microsoft-Windows-StorageManagement","The Windows Storage Management WMI Provider was loaded.                    
Load time (milliseconds): 0"
"17-08-2026 11:01:52","9","Information","Microsoft-Windows-StorageManagement","A Windows Storage Management WMI enumeration operation was performed.                   
Class: MSFT_PhysicalDisk                   
ResultCount: 1                   
Operation time (milliseconds): 78"
"17-08-2026 11:01:52","8","Information","Microsoft-Windows-StorageManagement","The Windows Storage Management WMI Provider was loaded.                    
Load time (milliseconds): 0"
"17-08-2026 10:46:52","9","Information","Microsoft-Windows-StorageManagement","A Windows Storage Management WMI enumeration operation was performed.                   
Class: MSFT_PhysicalDisk                   
ResultCount: 1                   
Operation time (milliseconds): 125"
"17-08-2026 10:46:52","8","Information","Microsoft-Windows-StorageManagement","The Windows Storage Management WMI Provider was loaded.                    
Load time (milliseconds): 0"
"17-08-2026 10:31:52","9","Information","Microsoft-Windows-StorageManagement","A Windows Storage Management WMI enumeration operation was performed.                   
Class: MSFT_PhysicalDisk                   
ResultCount: 1                   
Operation time (milliseconds): 109"
"17-08-2026 10:31:52","8","Information","Microsoft-Windows-StorageManagement","The Windows Storage Management WMI Provider was loaded.                    
Load time (milliseconds): 0"
"17-08-2026 10:16:52","9","Information","Microsoft-Windows-StorageManagement","A Windows Storage Management WMI enumeration operation was performed.                   
Class: MSFT_PhysicalDisk                   
ResultCount: 1                   
Operation time (milliseconds): 94"
"17-08-2026 10:16:52","8","Information","Microsoft-Windows-StorageManagement","The Windows Storage Management WMI Provider was loaded.                    
Load time (milliseconds): 0"
"17-08-2026 10:06:49","9","Information","Microsoft-Windows-StorageManagement","A Windows Storage Management WMI enumeration operation was performed.                   
Class: MSFT_PhysicalDisk                   
ResultCount: 1                   
Operation time (milliseconds): 62"
"17-08-2026 10:06:48","8","Information","Microsoft-Windows-StorageManagement","The Windows Storage Management WMI Provider was loaded.                    
Load time (milliseconds): 0"
"17-08-2026 10:05:32","9","Information","Microsoft-Windows-StorageManagement","A Windows Storage Management WMI enumeration operation was performed.                   
Class: MSFT_PhysicalDisk                   
ResultCount: 1                   
Operation time (milliseconds): 94"
"17-08-2026 10:05:31","8","Information","Microsoft-Windows-StorageManagement","The Windows Storage Management WMI Provider was loaded.                    
Load time (milliseconds): 0"
"17-08-2026 10:01:52","9","Information","Microsoft-Windows-StorageManagement","A Windows Storage Management WMI enumeration operation was performed.                   
Class: MSFT_PhysicalDisk                   
ResultCount: 1                   
Operation time (milliseconds): 109"
"17-08-2026 10:01:52","8","Information","Microsoft-Windows-StorageManagement","The Windows Storage Management WMI Provider was loaded.                    
Load time (milliseconds): 0"
"17-08-2026 09:46:53","9","Information","Microsoft-Windows-StorageManagement","A Windows Storage Management WMI enumeration operation was performed.                   
Class: MSFT_PhysicalDisk                   
ResultCount: 1                   
Operation time (milliseconds): 141"
"17-08-2026 09:46:52","8","Information","Microsoft-Windows-StorageManagement","The Windows Storage Management WMI Provider was loaded.                    
Load time (milliseconds): 0"
"17-08-2026 09:37:44","10","Information","Microsoft-Windows-StorageManagement","A Windows Storage Management WMI get instance operation was performed.                   
Class: WSP_Volume                   
Operation time (milliseconds): 16"
"17-08-2026 09:37:44","10","Information","Microsoft-Windows-StorageManagement","A Windows Storage Management WMI get instance operation was performed.                   
Class: WSP_Partition                   
Operation time (milliseconds): 16"
"17-08-2026 09:37:44","10","Information","Microsoft-Windows-StorageManagement","A Windows Storage Management WMI get instance operation was performed.                   
Class: WSP_Partition                   
Operation time (milliseconds): 156"
"17-08-2026 09:37:44","10","Information","Microsoft-Windows-StorageManagement","A Windows Storage Management WMI get instance operation was performed.                   
Class: WSP_Partition                   
Operation time (milliseconds): 16"
"17-08-2026 09:37:44","9","Information","Microsoft-Windows-StorageManagement","A Windows Storage Management WMI enumeration operation was performed.                   
Class: MSFT_PartitionToVolume                   
ResultCount: 3                   
Operation time (milliseconds): 47"
"17-08-2026 09:37:44","10","Information","Microsoft-Windows-StorageManagement","A Windows Storage Management WMI get instance operation was performed.                   
Class: WSP_Volume                   
Operation time (milliseconds): 31"
"17-08-2026 09:37:44","10","Information","Microsoft-Windows-StorageManagement","A Windows Storage Management WMI get instance operation was performed.                   
Class: WSP_Partition                   
Operation time (milliseconds): 15"
"17-08-2026 09:37:44","10","Information","Microsoft-Windows-StorageManagement","A Windows Storage Management WMI get instance operation was performed.                   
Class: WSP_Partition                   
Operation time (milliseconds): 16"
"17-08-2026 09:37:44","10","Information","Microsoft-Windows-StorageManagement","A Windows Storage Management WMI get instance operation was performed.                   
Class: WSP_Partition                   
Operation time (milliseconds): 16"
"17-08-2026 09:37:44","9","Information","Microsoft-Windows-StorageManagement","A Windows Storage Management WMI enumeration operation was performed.                   
Class: MSFT_PartitionToVolume                   
ResultCount: 3                   
Operation time (milliseconds): 47"
"17-08-2026 09:37:44","9","Information","Microsoft-Windows-StorageManagement","A Windows Storage Management WMI enumeration operation was performed.                   
Class: MSFT_Partition                   
ResultCount: 4                   
Operation time (milliseconds): 63"
"17-08-2026 09:37:44","10","Information","Microsoft-Windows-StorageManagement","A Windows Storage Management WMI get instance operation was performed.                   
Class: WSP_Partition                   
Operation time (milliseconds): 15"
"17-08-2026 09:37:44","10","Information","Microsoft-Windows-StorageManagement","A Windows Storage Management WMI get instance operation was performed.                   
Class: WSP_Partition                   
Operation time (milliseconds): 31"
"17-08-2026 09:37:44","10","Information","Microsoft-Windows-StorageManagement","A Windows Storage Management WMI get instance operation was performed.                   
Class: WSP_Partition                   
Operation time (milliseconds): 15"
"17-08-2026 09:37:44","9","Information","Microsoft-Windows-StorageManagement","A Windows Storage Management WMI enumeration operation was performed.                   
Class: MSFT_PartitionToVolume                   
ResultCount: 3                   
Operation time (milliseconds): 219"
"17-08-2026 09:37:11","9","Information","Microsoft-Windows-StorageManagement","A Windows Storage Management WMI enumeration operation was performed.                   
Class: MSFT_Partition                   
ResultCount: 4                   
Operation time (milliseconds): 63"
"17-08-2026 09:37:07","9","Information","Microsoft-Windows-StorageManagement","A Windows Storage Management WMI enumeration operation was performed.                   
Class: MSFT_PhysicalDisk                   
ResultCount: 1                   
Operation time (milliseconds): 94"
"17-08-2026 09:36:53","9","Information","Microsoft-Windows-StorageManagement","A Windows Storage Management WMI enumeration operation was performed.                   
Class: MSFT_PhysicalDisk                   
ResultCount: 1                   
Operation time (milliseconds): 1125"
"17-08-2026 09:36:36","9","Information","Microsoft-Windows-StorageManagement","A Windows Storage Management WMI enumeration operation was performed.                   
Class: MSFT_Partition                   
ResultCount: 4                   
Operation time (milliseconds): 125"
"15-08-2026 05:11:38","9","Information","Microsoft-Windows-StorageManagement","A Windows Storage Management WMI enumeration operation was performed.                   
Class: MSFT_Partition                   
ResultCount: 4                   
Operation time (milliseconds): 78"
"14-08-2026 20:08:37","9","Information","Microsoft-Windows-StorageManagement","A Windows Storage Management WMI enumeration operation was performed.                   
Class: MSFT_Partition                   
ResultCount: 4                   
Operation time (milliseconds): 968"
"14-08-2026 20:08:35","8","Information","Microsoft-Windows-StorageManagement","The Windows Storage Management WMI Provider was loaded.                    
Load time (milliseconds): 0"
"14-08-2026 19:39:06","9","Information","Microsoft-Windows-StorageManagement","A Windows Storage Management WMI enumeration operation was performed.                   
Class: MSFT_PhysicalDisk                   
ResultCount: 1                   
Operation time (milliseconds): 63"
"14-08-2026 19:39:06","8","Information","Microsoft-Windows-StorageManagement","The Windows Storage Management WMI Provider was loaded.                    
Load time (milliseconds): 0"
"14-08-2026 19:24:06","9","Information","Microsoft-Windows-StorageManagement","A Windows Storage Management WMI enumeration operation was performed.                   
Class: MSFT_PhysicalDisk                   
ResultCount: 1                   
Operation time (milliseconds): 47"
"14-08-2026 19:24:06","7","Information","Microsoft-Windows-StorageManagement","The Windows Storage Provider host service was started successfully.                    
Start time (milliseconds): 157"
"14-08-2026 19:24:06","1001","Information","Microsoft-Windows-StorageManagement-WSP-Host","A Windows Storage Provider was loaded successfully.             
Provider: wsp_health             
Provider DLL: wsp_health.dll"
"14-08-2026 19:24:06","1001","Information","Microsoft-Windows-StorageManagement-WSP-Host","A Windows Storage Provider was loaded successfully.             
Provider: wsp_sr             
Provider DLL: wsp_sr.dll"
"14-08-2026 19:24:06","1001","Information","Microsoft-Windows-StorageManagement-WSP-Host","A Windows Storage Provider was loaded successfully.             
Provider: wsp_fs             
Provider DLL: wsp_fs.dll"
"14-08-2026 19:24:06","1001","Information","Microsoft-Windows-StorageManagement-WSP-Host","A Windows Storage Provider was loaded successfully.             
Provider: MISpace             
Provider DLL: mispace.dll"
"14-08-2026 19:24:06","2010","Information","Microsoft-Windows-StorageManagement-WSP-Spaces","The Windows Storage Spaces and Disk provider was loaded.             
Load time (milliseconds): 15             
Miresult: 0"
"14-08-2026 19:24:06","2023","Information","Microsoft-Windows-StorageManagement-WSP-Spaces","Successfully initialized the Storage Management Provider.             
Function: CSpProvider::Initialize             
Duration (milliseconds): 5"
"14-08-2026 19:24:06","2027","Information","Microsoft-Windows-StorageManagement-WSP-Spaces","Successfully initialized Extended Storage Spaces API.             
Function: SuInitializeEx             
Duration (milliseconds): 0"
"14-08-2026 19:24:06","8","Information","Microsoft-Windows-StorageManagement","The Windows Storage Management WMI Provider was loaded.                    
Load time (milliseconds): 0"
"14-08-2026 19:09:06","1003","Information","Microsoft-Windows-StorageManagement-WSP-Host","Shutdown for the Windows Storage Provider host service has been completed."
"14-08-2026 19:09:06","2025","Information","Microsoft-Windows-StorageManagement-WSP-Spaces","Successfully cleaned up the Storage Management Provider.             
Function: CSpProvider::Cleanup             
Duration (milliseconds): 4"
"14-08-2026 19:09:06","2029","Information","Microsoft-Windows-StorageManagement-WSP-Spaces","Successfully cleaned up Extended Storage Spaces API.             
Function: SuCleanupEx             
Duration (milliseconds): 0"
"14-08-2026 19:09:06","9","Information","Microsoft-Windows-StorageManagement","A Windows Storage Management WMI enumeration operation was performed.                   
Class: MSFT_PhysicalDisk                   
ResultCount: 0                   
Operation time (milliseconds): 47"
"14-08-2026 19:09:06","2007","Error","Microsoft-Windows-StorageManagement-WSP-Spaces","An error occurred during object enumeration.             
Class: SPACES_PhysicalDisk             
Error Code: 28"
"14-08-2026 19:09:06","1002","Information","Microsoft-Windows-StorageManagement-WSP-Host","Shutdown has been initiated for the Windows Storage Provider host service."
"14-08-2026 19:09:06","8","Information","Microsoft-Windows-StorageManagement","The Windows Storage Management WMI Provider was loaded.                    
Load time (milliseconds): 0"
"14-08-2026 18:54:06","9","Information","Microsoft-Windows-StorageManagement","A Windows Storage Management WMI enumeration operation was performed.                   
Class: MSFT_PhysicalDisk                   
ResultCount: 1                   
Operation time (milliseconds): 62"
"14-08-2026 18:54:06","8","Information","Microsoft-Windows-StorageManagement","The Windows Storage Management WMI Provider was loaded.                    
Load time (milliseconds): 0"
"14-08-2026 18:44:17","9","Information","Microsoft-Windows-StorageManagement","A Windows Storage Management WMI enumeration operation was performed.                   
Class: MSFT_PhysicalDisk                   
ResultCount: 1                   
Operation time (milliseconds): 125"
"14-08-2026 18:44:17","8","Information","Microsoft-Windows-StorageManagement","The Windows Storage Management WMI Provider was loaded.                    
Load time (milliseconds): 0"
"14-08-2026 18:39:06","9","Information","Microsoft-Windows-StorageManagement","A Windows Storage Management WMI enumeration operation was performed.                   
Class: MSFT_PhysicalDisk                   
ResultCount: 1                   
Operation time (milliseconds): 63"
"14-08-2026 18:39:06","8","Information","Microsoft-Windows-StorageManagement","The Windows Storage Management WMI Provider was loaded.                    
Load time (milliseconds): 0"
"14-08-2026 18:24:07","9","Information","Microsoft-Windows-StorageManagement","A Windows Storage Management WMI enumeration operation was performed.                   
Class: MSFT_PhysicalDisk                   
ResultCount: 1                   
Operation time (milliseconds): 63"
"14-08-2026 18:24:06","7","Information","Microsoft-Windows-StorageManagement","The Windows Storage Provider host service was started successfully.                    
Start time (milliseconds): 172"
"14-08-2026 18:24:06","1001","Information","Microsoft-Windows-StorageManagement-WSP-Host","A Windows Storage Provider was loaded successfully.             
Provider: wsp_health             
Provider DLL: wsp_health.dll"
"14-08-2026 18:24:06","1001","Information","Microsoft-Windows-StorageManagement-WSP-Host","A Windows Storage Provider was loaded successfully.             
Provider: wsp_sr             
Provider DLL: wsp_sr.dll"
"14-08-2026 18:24:06","1001","Information","Microsoft-Windows-StorageManagement-WSP-Host","A Windows Storage Provider was loaded successfully.             
Provider: wsp_fs             
Provider DLL: wsp_fs.dll"
"14-08-2026 18:24:06","1001","Information","Microsoft-Windows-StorageManagement-WSP-Host","A Windows Storage Provider was loaded successfully.             
Provider: MISpace             
Provider DLL: mispace.dll"
"14-08-2026 18:24:06","2010","Information","Microsoft-Windows-StorageManagement-WSP-Spaces","The Windows Storage Spaces and Disk provider was loaded.             
Load time (milliseconds): 0             
Miresult: 0"
"14-08-2026 18:24:06","2023","Information","Microsoft-Windows-StorageManagement-WSP-Spaces","Successfully initialized the Storage Management Provider.             
Function: CSpProvider::Initialize             
Duration (milliseconds): 5"
"14-08-2026 18:24:06","2027","Information","Microsoft-Windows-StorageManagement-WSP-Spaces","Successfully initialized Extended Storage Spaces API.             
Function: SuInitializeEx             
Duration (milliseconds): 0"
"14-08-2026 18:24:06","1003","Information","Microsoft-Windows-StorageManagement-WSP-Host","Shutdown for the Windows Storage Provider host service has been completed."
"14-08-2026 18:24:06","2025","Information","Microsoft-Windows-StorageManagement-WSP-Spaces","Successfully cleaned up the Storage Management Provider.             
Function: CSpProvider::Cleanup             
Duration (milliseconds): 5"
"14-08-2026 18:24:06","2029","Information","Microsoft-Windows-StorageManagement-WSP-Spaces","Successfully cleaned up Extended Storage Spaces API.             
Function: SuCleanupEx             
Duration (milliseconds): 0"
"14-08-2026 18:24:06","1002","Information","Microsoft-Windows-StorageManagement-WSP-Host","Shutdown has been initiated for the Windows Storage Provider host service."
"14-08-2026 18:24:06","8","Information","Microsoft-Windows-StorageManagement","The Windows Storage Management WMI Provider was loaded.                    
Load time (milliseconds): 0"
"14-08-2026 18:09:06","9","Information","Microsoft-Windows-StorageManagement","A Windows Storage Management WMI enumeration operation was performed.                   
Class: MSFT_PhysicalDisk                   
ResultCount: 1                   
Operation time (milliseconds): 31"
"14-08-2026 18:08:57","9","Information","Microsoft-Windows-StorageManagement","A Windows Storage Management WMI enumeration operation was performed.                   
Class: MSFT_Volume                   
ResultCount: 3                   
Operation time (milliseconds): 31"
"14-08-2026 18:08:54","9","Information","Microsoft-Windows-StorageManagement","A Windows Storage Management WMI enumeration operation was performed.                   
Class: MSFT_Volume                   
ResultCount: 3                   
Operation time (milliseconds): 47"
"14-08-2026 18:08:54","9","Information","Microsoft-Windows-StorageManagement","A Windows Storage Management WMI enumeration operation was performed.                   
Class: MSFT_Volume                   
ResultCount: 3                   
Operation time (milliseconds): 94"
"14-08-2026 18:08:53","8","Information","Microsoft-Windows-StorageManagement","The Windows Storage Management WMI Provider was loaded.                    
Load time (milliseconds): 0"
"14-08-2026 17:54:07","9","Information","Microsoft-Windows-StorageManagement","A Windows Storage Management WMI enumeration operation was performed.                   
Class: MSFT_PhysicalDisk                   
ResultCount: 1                   
Operation time (milliseconds): 63"
"14-08-2026 17:54:07","7","Information","Microsoft-Windows-StorageManagement","The Windows Storage Provider host service was started successfully.                    
Start time (milliseconds): 172"
"14-08-2026 17:54:07","1001","Information","Microsoft-Windows-StorageManagement-WSP-Host","A Windows Storage Provider was loaded successfully.             
Provider: wsp_health             
Provider DLL: wsp_health.dll"
"14-08-2026 17:54:07","1001","Information","Microsoft-Windows-StorageManagement-WSP-Host","A Windows Storage Provider was loaded successfully.             
Provider: wsp_sr             
Provider DLL: wsp_sr.dll"
"14-08-2026 17:54:07","1001","Information","Microsoft-Windows-StorageManagement-WSP-Host","A Windows Storage Provider was loaded successfully.             
Provider: wsp_fs             
Provider DLL: wsp_fs.dll"
"14-08-2026 17:54:06","1001","Information","Microsoft-Windows-StorageManagement-WSP-Host","A Windows Storage Provider was loaded successfully.             
Provider: MISpace             
Provider DLL: mispace.dll"
"14-08-2026 17:54:06","2010","Information","Microsoft-Windows-StorageManagement-WSP-Spaces","The Windows Storage Spaces and Disk provider was loaded.             
Load time (milliseconds): 16             
Miresult: 0"
"14-08-2026 17:54:06","2023","Information","Microsoft-Windows-StorageManagement-WSP-Spaces","Successfully initialized the Storage Management Provider.             
Function: CSpProvider::Initialize             
Duration (milliseconds): 6"
"14-08-2026 17:54:06","2027","Information","Microsoft-Windows-StorageManagement-WSP-Spaces","Successfully initialized Extended Storage Spaces API.             
Function: SuInitializeEx             
Duration (milliseconds): 0"
"14-08-2026 17:54:06","1003","Information","Microsoft-Windows-StorageManagement-WSP-Host","Shutdown for the Windows Storage Provider host service has been completed."
"14-08-2026 17:54:06","2025","Information","Microsoft-Windows-StorageManagement-WSP-Spaces","Successfully cleaned up the Storage Management Provider.             
Function: CSpProvider::Cleanup             
Duration (milliseconds): 10"
"14-08-2026 17:54:06","2029","Information","Microsoft-Windows-StorageManagement-WSP-Spaces","Successfully cleaned up Extended Storage Spaces API.             
Function: SuCleanupEx             
Duration (milliseconds): 0"
"14-08-2026 17:54:06","8","Information","Microsoft-Windows-StorageManagement","The Windows Storage Management WMI Provider was loaded.                    
Load time (milliseconds): 0"
"14-08-2026 17:54:06","1002","Information","Microsoft-Windows-StorageManagement-WSP-Host","Shutdown has been initiated for the Windows Storage Provider host service."
"14-08-2026 17:39:06","9","Information","Microsoft-Windows-StorageManagement","A Windows Storage Management WMI enumeration operation was performed.                   
Class: MSFT_PhysicalDisk                   
ResultCount: 1                   
Operation time (milliseconds): 78"
"14-08-2026 17:39:06","8","Information","Microsoft-Windows-StorageManagement","The Windows Storage Management WMI Provider was loaded.                    
Load time (milliseconds): 0"
"14-08-2026 17:24:06","9","Information","Microsoft-Windows-StorageManagement","A Windows Storage Management WMI enumeration operation was performed.                   
Class: MSFT_PhysicalDisk                   
ResultCount: 1                   
Operation time (milliseconds): 62"
"14-08-2026 17:24:06","8","Information","Microsoft-Windows-StorageManagement","The Windows Storage Management WMI Provider was loaded.                    
Load time (milliseconds): 0"
"14-08-2026 17:09:06","9","Information","Microsoft-Windows-StorageManagement","A Windows Storage Management WMI enumeration operation was performed.                   
Class: MSFT_PhysicalDisk                   
ResultCount: 1                   
Operation time (milliseconds): 78"
"14-08-2026 17:09:06","8","Information","Microsoft-Windows-StorageManagement","The Windows Storage Management WMI Provider was loaded.                    
Load time (milliseconds): 0"
"14-08-2026 16:54:06","9","Information","Microsoft-Windows-StorageManagement","A Windows Storage Management WMI enumeration operation was performed.                   
Class: MSFT_PhysicalDisk                   
ResultCount: 1                   
Operation time (milliseconds): 63"
"14-08-2026 16:54:06","7","Information","Microsoft-Windows-StorageManagement","The Windows Storage Provider host service was started successfully.                    
Start time (milliseconds): 203"
"14-08-2026 16:54:06","1001","Information","Microsoft-Windows-StorageManagement-WSP-Host","A Windows Storage Provider was loaded successfully.             
Provider: wsp_health             
Provider DLL: wsp_health.dll"
"14-08-2026 16:54:06","1001","Information","Microsoft-Windows-StorageManagement-WSP-Host","A Windows Storage Provider was loaded successfully.             
Provider: wsp_sr             
Provider DLL: wsp_sr.dll"
"14-08-2026 16:54:06","1001","Information","Microsoft-Windows-StorageManagement-WSP-Host","A Windows Storage Provider was loaded successfully.             
Provider: wsp_fs             
Provider DLL: wsp_fs.dll"
"14-08-2026 16:54:06","1001","Information","Microsoft-Windows-StorageManagement-WSP-Host","A Windows Storage Provider was loaded successfully.             
Provider: MISpace             
Provider DLL: mispace.dll"
"14-08-2026 16:54:06","2010","Information","Microsoft-Windows-StorageManagement-WSP-Spaces","The Windows Storage Spaces and Disk provider was loaded.             
Load time (milliseconds): 0             
Miresult: 0"
"14-08-2026 16:54:06","2023","Information","Microsoft-Windows-StorageManagement-WSP-Spaces","Successfully initialized the Storage Management Provider.             
Function: CSpProvider::Initialize             
Duration (milliseconds): 9"
"14-08-2026 16:54:06","2027","Information","Microsoft-Windows-StorageManagement-WSP-Spaces","Successfully initialized Extended Storage Spaces API.             
Function: SuInitializeEx             
Duration (milliseconds): 0"
"14-08-2026 16:54:06","8","Information","Microsoft-Windows-StorageManagement","The Windows Storage Management WMI Provider was loaded.                    
Load time (milliseconds): 0"
"14-08-2026 16:39:06","1003","Information","Microsoft-Windows-StorageManagement-WSP-Host","Shutdown for the Windows Storage Provider host service has been completed."
"14-08-2026 16:39:06","2025","Information","Microsoft-Windows-StorageManagement-WSP-Spaces","Successfully cleaned up the Storage Management Provider.             
Function: CSpProvider::Cleanup             
Duration (milliseconds): 1"
"14-08-2026 16:39:06","2029","Information","Microsoft-Windows-StorageManagement-WSP-Spaces","Successfully cleaned up Extended Storage Spaces API.             
Function: SuCleanupEx             
Duration (milliseconds): 0"
"14-08-2026 16:39:06","9","Information","Microsoft-Windows-StorageManagement","A Windows Storage Management WMI enumeration operation was performed.                   
Class: MSFT_PhysicalDisk                   
ResultCount: 0                   
Operation time (milliseconds): 47"
"14-08-2026 16:39:06","2007","Error","Microsoft-Windows-StorageManagement-WSP-Spaces","An error occurred during object enumeration.             
Class: SPACES_PhysicalDisk             
Error Code: 28"
"14-08-2026 16:39:06","1002","Information","Microsoft-Windows-StorageManagement-WSP-Host","Shutdown has been initiated for the Windows Storage Provider host service."
"14-08-2026 16:39:06","8","Information","Microsoft-Windows-StorageManagement","The Windows Storage Management WMI Provider was loaded.                    
Load time (milliseconds): 0"
"14-08-2026 16:24:06","9","Information","Microsoft-Windows-StorageManagement","A Windows Storage Management WMI enumeration operation was performed.                   
Class: MSFT_PhysicalDisk                   
ResultCount: 1                   
Operation time (milliseconds): 78"
"14-08-2026 16:24:06","8","Information","Microsoft-Windows-StorageManagement","The Windows Storage Management WMI Provider was loaded.                    
Load time (milliseconds): 0"
"14-08-2026 16:09:07","9","Information","Microsoft-Windows-StorageManagement","A Windows Storage Management WMI enumeration operation was performed.                   
Class: MSFT_PhysicalDisk                   
ResultCount: 1                   
Operation time (milliseconds): 94"
"14-08-2026 16:09:07","7","Information","Microsoft-Windows-StorageManagement","The Windows Storage Provider host service was started successfully.                    
Start time (milliseconds): 219"
"14-08-2026 16:09:07","1001","Information","Microsoft-Windows-StorageManagement-WSP-Host","A Windows Storage Provider was loaded successfully.             
Provider: wsp_health             
Provider DLL: wsp_health.dll"
"14-08-2026 16:09:07","1001","Information","Microsoft-Windows-StorageManagement-WSP-Host","A Windows Storage Provider was loaded successfully.             
Provider: wsp_sr             
Provider DLL: wsp_sr.dll"
"14-08-2026 16:09:07","1001","Information","Microsoft-Windows-StorageManagement-WSP-Host","A Windows Storage Provider was loaded successfully.             
Provider: wsp_fs             
Provider DLL: wsp_fs.dll"
"14-08-2026 16:09:07","1001","Information","Microsoft-Windows-StorageManagement-WSP-Host","A Windows Storage Provider was loaded successfully.             
Provider: MISpace             
Provider DLL: mispace.dll"
"14-08-2026 16:09:07","2010","Information","Microsoft-Windows-StorageManagement-WSP-Spaces","The Windows Storage Spaces and Disk provider was loaded.             
Load time (milliseconds): 15             
Miresult: 0"
"14-08-2026 16:09:07","2023","Information","Microsoft-Windows-StorageManagement-WSP-Spaces","Successfully initialized the Storage Management Provider.             
Function: CSpProvider::Initialize             
Duration (milliseconds): 8"
"14-08-2026 16:09:07","2027","Information","Microsoft-Windows-StorageManagement-WSP-Spaces","Successfully initialized Extended Storage Spaces API.             
Function: SuInitializeEx             
Duration (milliseconds): 0"
"14-08-2026 16:09:06","1003","Information","Microsoft-Windows-StorageManagement-WSP-Host","Shutdown for the Windows Storage Provider host service has been completed."
"14-08-2026 16:09:06","2025","Information","Microsoft-Windows-StorageManagement-WSP-Spaces","Successfully cleaned up the Storage Management Provider.             
Function: CSpProvider::Cleanup             
Duration (milliseconds): 10"
"14-08-2026 16:09:06","2029","Information","Microsoft-Windows-StorageManagement-WSP-Spaces","Successfully cleaned up Extended Storage Spaces API.             
Function: SuCleanupEx             
Duration (milliseconds): 0"
"14-08-2026 16:09:06","8","Information","Microsoft-Windows-StorageManagement","The Windows Storage Management WMI Provider was loaded.                    
Load time (milliseconds): 0"
"14-08-2026 16:09:06","1002","Information","Microsoft-Windows-StorageManagement-WSP-Host","Shutdown has been initiated for the Windows Storage Provider host service."
"14-08-2026 15:54:06","9","Information","Microsoft-Windows-StorageManagement","A Windows Storage Management WMI enumeration operation was performed.                   
Class: MSFT_PhysicalDisk                   
ResultCount: 1                   
Operation time (milliseconds): 62"
"14-08-2026 15:54:06","8","Information","Microsoft-Windows-StorageManagement","The Windows Storage Management WMI Provider was loaded.                    
Load time (milliseconds): 0"
"14-08-2026 15:39:06","9","Information","Microsoft-Windows-StorageManagement","A Windows Storage Management WMI enumeration operation was performed.                   
Class: MSFT_PhysicalDisk                   
ResultCount: 1                   
Operation time (milliseconds): 78"
"14-08-2026 15:39:06","8","Information","Microsoft-Windows-StorageManagement","The Windows Storage Management WMI Provider was loaded.                    
Load time (milliseconds): 0"
"14-08-2026 15:24:06","9","Information","Microsoft-Windows-StorageManagement","A Windows Storage Management WMI enumeration operation was performed.                   
Class: MSFT_PhysicalDisk                   
ResultCount: 1                   
Operation time (milliseconds): 63"
"14-08-2026 15:24:06","7","Information","Microsoft-Windows-StorageManagement","The Windows Storage Provider host service was started successfully.                    
Start time (milliseconds): 219"
"14-08-2026 15:24:06","1001","Information","Microsoft-Windows-StorageManagement-WSP-Host","A Windows Storage Provider was loaded successfully.             
Provider: wsp_health             
Provider DLL: wsp_health.dll"
"14-08-2026 15:24:06","1001","Information","Microsoft-Windows-StorageManagement-WSP-Host","A Windows Storage Provider was loaded successfully.             
Provider: wsp_sr             
Provider DLL: wsp_sr.dll"
"14-08-2026 15:24:06","1001","Information","Microsoft-Windows-StorageManagement-WSP-Host","A Windows Storage Provider was loaded successfully.             
Provider: wsp_fs             
Provider DLL: wsp_fs.dll"
"14-08-2026 15:24:06","1001","Information","Microsoft-Windows-StorageManagement-WSP-Host","A Windows Storage Provider was loaded successfully.             
Provider: MISpace             
Provider DLL: mispace.dll"
"14-08-2026 15:24:06","2010","Information","Microsoft-Windows-StorageManagement-WSP-Spaces","The Windows Storage Spaces and Disk provider was loaded.             
Load time (milliseconds): 0             
Miresult: 0"
"14-08-2026 15:24:06","2023","Information","Microsoft-Windows-StorageManagement-WSP-Spaces","Successfully initialized the Storage Management Provider.             
Function: CSpProvider::Initialize             
Duration (milliseconds): 7"
"14-08-2026 15:24:06","2027","Information","Microsoft-Windows-StorageManagement-WSP-Spaces","Successfully initialized Extended Storage Spaces API.             
Function: SuInitializeEx             
Duration (milliseconds): 0"
"14-08-2026 15:24:06","8","Information","Microsoft-Windows-StorageManagement","The Windows Storage Management WMI Provider was loaded.                    
Load time (milliseconds): 0"
"14-08-2026 15:09:06","1003","Information","Microsoft-Windows-StorageManagement-WSP-Host","Shutdown for the Windows Storage Provider host service has been completed."
"14-08-2026 15:09:06","2025","Information","Microsoft-Windows-StorageManagement-WSP-Spaces","Successfully cleaned up the Storage Management Provider.             
Function: CSpProvider::Cleanup             
Duration (milliseconds): 5"
"14-08-2026 15:09:06","2029","Information","Microsoft-Windows-StorageManagement-WSP-Spaces","Successfully cleaned up Extended Storage Spaces API.             
Function: SuCleanupEx             
Duration (milliseconds): 0"
"14-08-2026 15:09:06","9","Information","Microsoft-Windows-StorageManagement","A Windows Storage Management WMI enumeration operation was performed.                   
Class: MSFT_PhysicalDisk                   
ResultCount: 0                   
Operation time (milliseconds): 47"
"14-08-2026 15:09:06","2007","Error","Microsoft-Windows-StorageManagement-WSP-Spaces","An error occurred during object enumeration.             
Class: SPACES_PhysicalDisk             
Error Code: 28"
"14-08-2026 15:09:06","1002","Information","Microsoft-Windows-StorageManagement-WSP-Host","Shutdown has been initiated for the Windows Storage Provider host service."
"14-08-2026 15:09:06","8","Information","Microsoft-Windows-StorageManagement","The Windows Storage Management WMI Provider was loaded.                    
Load time (milliseconds): 0"
"14-08-2026 14:54:06","9","Information","Microsoft-Windows-StorageManagement","A Windows Storage Management WMI enumeration operation was performed.                   
Class: MSFT_PhysicalDisk                   
ResultCount: 1                   
Operation time (milliseconds): 63"
"14-08-2026 14:54:06","8","Information","Microsoft-Windows-StorageManagement","The Windows Storage Management WMI Provider was loaded.                    
Load time (milliseconds): 0"
