"17-08-2026 12:52:03","103","Information","Microsoft-Windows-Kernel-Cache","Volume Periodic Cache Information:

                       Device GUID: {c5c572ba-c5d0-47f6-864e-13eb05e6d46c}
                       Period Duration (microseconds): 3644137536
                       Total Dirty Pages: 352812632
                       Maximum Dirty Pages: 9923
                       Total Dirty Page Threshold: 17135106288
                       Top Dirty Page Threshold: 506518
                       Bottom Dirty Page Threshold: 506518
                       Dirty Page Samples: 343668
                       Total Lazy Writer Calls: 25591
                       Total Lazy Writer Latency: 39505420
                       Total Lazy Writer Pages Flushed: 143066
                       Lazy Writer Average Pages Per Second: 217
                       Total Pages Queued to Disk: 10231809
                       Maximum Pages Queued to Disk: 4530
                       Pages Queued to Disk Samples: 108329
                       Total Metadata Pages Queued to Disk: 7479240
                       Maximum Metadata Pages Queued to Disk: 979
                       Metadata Pages Queued to Disk Samples: 108329
                       Read Total Bytes: 406265128819
                       Read Paged-In Total Bytes: 3104268188
                       Read-Ahead Total Bytes: 0
                       Cache Hit Ratio (%): 99
                       Total Writes: 599332
                       Total Hard-Throttle Writes: 0
                       Total Soft-Throttle Writes: 0
                       Total Synchronous Read IO Count: 2861058
                       Total Synchronous Non-Blocking Read IO Count: 24793
                       Total Failed Synchronous Non-Blocking Read IO Count: 2038
                       Synchronous Read IO Maximum Latency (us): 56347
                       Synchronous Read IO Non-Blocking Maximum Latency (us): 0
                       Total Synchronous Write IO Count: 583141
                       Total Synchronous Non-Blocking Write IO Count: 6260
                       Total Failed Synchronous Non-Blocking Write IO Count: 138
                       Synchronous Write IO Maximum Latency (us): 121365
                       Synchronous Write IO Non-Blockinig Maximum Latency (us): 0
                       Total Asynchronous Read IO Count: 2037
                       Asynchronous Read IO Maximum Latency (us): 34235"
"17-08-2026 12:52:03","102","Information","Microsoft-Windows-Kernel-Cache","Global Periodic Cache Information:

                       Period Duration (microseconds): 3644137536
                       Number of NUMA Nodes: 146346
                       Event Samples: 47
                       Total Number of Mapped VACBs: 445830
                       Total Partition Samples: 47
                       Total Volume Samples: 189
                       Total Pages Yet to Write: 24962
                       Total Dirty Pages: 24219
                       Total Available Pages: 24355654
                       Total Physical Pages: 190450956
                       Total Number of Worker Threads: 756
                       Total Number of Active Worker Threads: 0
                       Total Average Available Pages: 74783675
                       Total Average Dirty Pages: 25886
                       CopyRead Calls: 2888980
                       AsyncCopyRead Calls: 2038
                       CopyWriteCalls: 596553
                       SetValidData Calls: 29464
                       FlushCache Calls: 146346"
"17-08-2026 12:02:11","101","Information","Microsoft-Windows-Kernel-Cache","Initialized VolumeCacheMap for device guid: {00000000-0000-0000-0000-000000000000}."
"17-08-2026 12:02:10","101","Information","Microsoft-Windows-Kernel-Cache","Initialized VolumeCacheMap for device guid: {00000000-0000-0000-0000-000000000000}."
"17-08-2026 12:02:10","101","Information","Microsoft-Windows-Kernel-Cache","Initialized VolumeCacheMap for device guid: {00000000-0000-0000-0000-000000000000}."
"17-08-2026 11:51:19","105","Information","Microsoft-Windows-Kernel-Cache","Volume Periodic Cache Write Latency Information:

                       Device GUID: {00000000-0000-0000-0000-000000000000}
                       Period Duration (microseconds): 3644142778

                       Latency Bucket Values:  [256us, 1ms, 4ms, 16ms, 64ms, 128ms, 256ms, 2000ms, 6000ms, 10000ms, 20000ms, 20000+ms]

                       Synchronous Write IO Counts: [0, 0, 0, 0, 0, 0, 0, 0, 0, 0, 0, 0]
                       Synchronous Write IO Total Latencies (us): [0, 0, 0, 0, 0, 0, 0, 0, 0, 0, 0, 0]
                       Synchronous Write Non-Blocking IO Counts: [0, 0, 0, 0, 0, 0, 0, 0, 0, 0, 0, 0]
                       Synchronous Write Non-Blocking IO Total Latencies (us): [0, 0, 0, 0, 0, 0, 0, 0, 0, 0, 0, 0]"
"17-08-2026 11:51:19","104","Information","Microsoft-Windows-Kernel-Cache","Volume Periodic Cache Read Latency Information:

                       Device GUID: {00000000-0000-0000-0000-000000000000}
                       Period Duration (microseconds): 3644142778

                       Latency Bucket Values:  [256us, 1ms, 4ms, 16ms, 64ms, 128ms, 256ms, 2000ms, 6000ms, 10000ms, 20000ms, 20000+ms]

                       Synchronous Read IO Counts: [6, 0, 0, 0, 0, 0, 0, 0, 0, 0, 0, 0]
                       Synchronous Read IO Total Latencies (us): [420, 0, 0, 0, 0, 0, 0, 0, 0, 0, 0, 0]
                       Synchronous Read Non-Blocking IO Counts: [0, 0, 0, 0, 0, 0, 0, 0, 0, 0, 0, 0]
                       Synchronous Read Non-Blocking IO Total Latencies (us): [0, 0, 0, 0, 0, 0, 0, 0, 0, 0, 0, 0]
                       Asynchronous Read IO Counts: [0, 0, 0, 0, 0, 0, 0, 0, 0, 0, 0, 0]
                       Asynchronous Read IO Total Latencies (us): [0, 0, 0, 0, 0, 0, 0, 0, 0, 0, 0, 0]"
"17-08-2026 11:51:19","103","Information","Microsoft-Windows-Kernel-Cache","Volume Periodic Cache Information:

                       Device GUID: {00000000-0000-0000-0000-000000000000}
                       Period Duration (microseconds): 3644142778
                       Total Dirty Pages: 0
                       Maximum Dirty Pages: 0
                       Total Dirty Page Threshold: 0
                       Top Dirty Page Threshold: 0
                       Bottom Dirty Page Threshold: 0
                       Dirty Page Samples: 0
                       Total Lazy Writer Calls: 0
                       Total Lazy Writer Latency: 0
                       Total Lazy Writer Pages Flushed: 0
                       Lazy Writer Average Pages Per Second: 0
                       Total Pages Queued to Disk: 0
                       Maximum Pages Queued to Disk: 0
                       Pages Queued to Disk Samples: 0
                       Total Metadata Pages Queued to Disk: 0
                       Maximum Metadata Pages Queued to Disk: 0
                       Metadata Pages Queued to Disk Samples: 0
                       Read Total Bytes: 1572864
                       Read Paged-In Total Bytes: 786432
                       Read-Ahead Total Bytes: 0
                       Cache Hit Ratio (%): 50
                       Total Writes: 0
                       Total Hard-Throttle Writes: 0
                       Total Soft-Throttle Writes: 0
                       Total Synchronous Read IO Count: 6
                       Total Synchronous Non-Blocking Read IO Count: 0
                       Total Failed Synchronous Non-Blocking Read IO Count: 0
                       Synchronous Read IO Maximum Latency (us): 186
                       Synchronous Read IO Non-Blocking Maximum Latency (us): 0
                       Total Synchronous Write IO Count: 0
                       Total Synchronous Non-Blocking Write IO Count: 0
                       Total Failed Synchronous Non-Blocking Write IO Count: 0
                       Synchronous Write IO Maximum Latency (us): 0
                       Synchronous Write IO Non-Blockinig Maximum Latency (us): 0
                       Total Asynchronous Read IO Count: 0
                       Asynchronous Read IO Maximum Latency (us): 0"
"17-08-2026 11:51:19","105","Information","Microsoft-Windows-Kernel-Cache","Volume Periodic Cache Write Latency Information:

                       Device GUID: {c5c572ba-c5d0-47f6-864e-13eb05e6d46c}
                       Period Duration (microseconds): 3644142778

                       Latency Bucket Values:  [256us, 1ms, 4ms, 16ms, 64ms, 128ms, 256ms, 2000ms, 6000ms, 10000ms, 20000ms, 20000+ms]

                       Synchronous Write IO Counts: [588839, 2717, 723, 276, 15, 0, 0, 0, 0, 0, 0, 0]
                       Synchronous Write IO Total Latencies (us): [998390, 1444336, 1206996, 1378248, 406689, 0, 0, 0, 0, 0, 0, 0]
                       Synchronous Write Non-Blocking IO Counts: [5471, 0, 0, 0, 0, 0, 0, 0, 0, 0, 0, 0]
                       Synchronous Write Non-Blocking IO Total Latencies (us): [0, 0, 0, 0, 0, 0, 0, 0, 0, 0, 0, 0]"
"17-08-2026 11:51:19","104","Information","Microsoft-Windows-Kernel-Cache","Volume Periodic Cache Read Latency Information:

                       Device GUID: {c5c572ba-c5d0-47f6-864e-13eb05e6d46c}
                       Period Duration (microseconds): 3644142778

                       Latency Bucket Values:  [256us, 1ms, 4ms, 16ms, 64ms, 128ms, 256ms, 2000ms, 6000ms, 10000ms, 20000ms, 20000+ms]

                       Synchronous Read IO Counts: [4312885, 6229, 815, 108, 27, 2, 0, 0, 0, 0, 0, 0]
                       Synchronous Read IO Total Latencies (us): [4997831, 2408740, 1267491, 698086, 810744, 138079, 0, 0, 0, 0, 0, 0]
                       Synchronous Read Non-Blocking IO Counts: [33748, 0, 0, 0, 0, 0, 0, 0, 0, 0, 0, 0]
                       Synchronous Read Non-Blocking IO Total Latencies (us): [0, 0, 0, 0, 0, 0, 0, 0, 0, 0, 0, 0]
                       Asynchronous Read IO Counts: [5129, 3388, 150, 42, 4, 3, 0, 0, 0, 0, 0, 0]
                       Asynchronous Read IO Total Latencies (us): [963932, 1203298, 261356, 243960, 136141, 212888, 0, 0, 0, 0, 0, 0]"
"17-08-2026 11:51:19","103","Information","Microsoft-Windows-Kernel-Cache","Volume Periodic Cache Information:

                       Device GUID: {c5c572ba-c5d0-47f6-864e-13eb05e6d46c}
                       Period Duration (microseconds): 3644142778
                       Total Dirty Pages: 387372432
                       Maximum Dirty Pages: 14895
                       Total Dirty Page Threshold: 20373411043
                       Top Dirty Page Threshold: 506518
                       Bottom Dirty Page Threshold: 506518
                       Dirty Page Samples: 361254
                       Total Lazy Writer Calls: 22893
                       Total Lazy Writer Latency: 39643592
                       Total Lazy Writer Pages Flushed: 158364
                       Lazy Writer Average Pages Per Second: 351
                       Total Pages Queued to Disk: 16111677
                       Maximum Pages Queued to Disk: 4458
                       Pages Queued to Disk Samples: 122415
                       Total Metadata Pages Queued to Disk: 9258298
                       Maximum Metadata Pages Queued to Disk: 1243
                       Metadata Pages Queued to Disk Samples: 122422
                       Read Total Bytes: 739999910244
                       Read Paged-In Total Bytes: 5338515161
                       Read-Ahead Total Bytes: 0
                       Cache Hit Ratio (%): 99
                       Total Writes: 605974
                       Total Hard-Throttle Writes: 0
                       Total Soft-Throttle Writes: 0
                       Total Synchronous Read IO Count: 4320152
                       Total Synchronous Non-Blocking Read IO Count: 33748
                       Total Failed Synchronous Non-Blocking Read IO Count: 8717
                       Synchronous Read IO Maximum Latency (us): 71741
                       Synchronous Read IO Non-Blocking Maximum Latency (us): 0
                       Total Synchronous Write IO Count: 592576
                       Total Synchronous Non-Blocking Write IO Count: 5471
                       Total Failed Synchronous Non-Blocking Write IO Count: 341
                       Synchronous Write IO Maximum Latency (us): 54423
                       Synchronous Write IO Non-Blockinig Maximum Latency (us): 0
                       Total Asynchronous Read IO Count: 8713
                       Asynchronous Read IO Maximum Latency (us): 73688"
"17-08-2026 11:51:19","102","Information","Microsoft-Windows-Kernel-Cache","Global Periodic Cache Information:

                       Period Duration (microseconds): 3644142778
                       Number of NUMA Nodes: 106971
                       Event Samples: 41
                       Total Number of Mapped VACBs: 400608
                       Total Partition Samples: 41
                       Total Volume Samples: 164
                       Total Pages Yet to Write: 22239
                       Total Dirty Pages: 21977
                       Total Available Pages: 24743634
                       Total Physical Pages: 166138068
                       Total Number of Worker Threads: 656
                       Total Number of Active Worker Threads: 0
                       Total Average Available Pages: 65186753
                       Total Average Dirty Pages: 24884
                       CopyRead Calls: 4363699
                       AsyncCopyRead Calls: 8718
                       CopyWriteCalls: 604717
                       SetValidData Calls: 29424
                       FlushCache Calls: 106971"
"17-08-2026 10:50:35","105","Information","Microsoft-Windows-Kernel-Cache","Volume Periodic Cache Write Latency Information:

                       Device GUID: {f06ef650-de5a-4a43-abb8-73f2ff6a56fd}
                       Period Duration (microseconds): 3644133810

                       Latency Bucket Values:  [256us, 1ms, 4ms, 16ms, 64ms, 128ms, 256ms, 2000ms, 6000ms, 10000ms, 20000ms, 20000+ms]

                       Synchronous Write IO Counts: [7, 0, 0, 0, 0, 0, 0, 0, 0, 0, 0, 0]
                       Synchronous Write IO Total Latencies (us): [678, 0, 0, 0, 0, 0, 0, 0, 0, 0, 0, 0]
                       Synchronous Write Non-Blocking IO Counts: [1, 0, 0, 0, 0, 0, 0, 0, 0, 0, 0, 0]
                       Synchronous Write Non-Blocking IO Total Latencies (us): [0, 0, 0, 0, 0, 0, 0, 0, 0, 0, 0, 0]"
"17-08-2026 10:50:35","104","Information","Microsoft-Windows-Kernel-Cache","Volume Periodic Cache Read Latency Information:

                       Device GUID: {f06ef650-de5a-4a43-abb8-73f2ff6a56fd}
                       Period Duration (microseconds): 3644133810

                       Latency Bucket Values:  [256us, 1ms, 4ms, 16ms, 64ms, 128ms, 256ms, 2000ms, 6000ms, 10000ms, 20000ms, 20000+ms]

                       Synchronous Read IO Counts: [247, 13, 5, 0, 0, 0, 0, 0, 0, 0, 0, 0]
                       Synchronous Read IO Total Latencies (us): [12515, 8321, 8358, 0, 0, 0, 0, 0, 0, 0, 0, 0]
                       Synchronous Read Non-Blocking IO Counts: [0, 0, 0, 0, 0, 0, 0, 0, 0, 0, 0, 0]
                       Synchronous Read Non-Blocking IO Total Latencies (us): [0, 0, 0, 0, 0, 0, 0, 0, 0, 0, 0, 0]
                       Asynchronous Read IO Counts: [0, 0, 0, 0, 0, 0, 0, 0, 0, 0, 0, 0]
                       Asynchronous Read IO Total Latencies (us): [0, 0, 0, 0, 0, 0, 0, 0, 0, 0, 0, 0]"
"17-08-2026 10:50:35","103","Information","Microsoft-Windows-Kernel-Cache","Volume Periodic Cache Information:

                       Device GUID: {f06ef650-de5a-4a43-abb8-73f2ff6a56fd}
                       Period Duration (microseconds): 3644133810
                       Total Dirty Pages: 44
                       Maximum Dirty Pages: 5
                       Total Dirty Page Threshold: 327680
                       Top Dirty Page Threshold: 506518
                       Bottom Dirty Page Threshold: 506518
                       Dirty Page Samples: 32
                       Total Lazy Writer Calls: 0
                       Total Lazy Writer Latency: 0
                       Total Lazy Writer Pages Flushed: 0
                       Lazy Writer Average Pages Per Second: 0
                       Total Pages Queued to Disk: 1
                       Maximum Pages Queued to Disk: 1
                       Pages Queued to Disk Samples: 12
                       Total Metadata Pages Queued to Disk: 0
                       Maximum Metadata Pages Queued to Disk: 0
                       Metadata Pages Queued to Disk Samples: 12
                       Read Total Bytes: 78245888
                       Read Paged-In Total Bytes: 15835136
                       Read-Ahead Total Bytes: 0
                       Cache Hit Ratio (%): 79
                       Total Writes: 15
                       Total Hard-Throttle Writes: 0
                       Total Soft-Throttle Writes: 0
                       Total Synchronous Read IO Count: 265
                       Total Synchronous Non-Blocking Read IO Count: 0
                       Total Failed Synchronous Non-Blocking Read IO Count: 0
                       Synchronous Read IO Maximum Latency (us): 3316
                       Synchronous Read IO Non-Blocking Maximum Latency (us): 0
                       Total Synchronous Write IO Count: 7
                       Total Synchronous Non-Blocking Write IO Count: 1
                       Total Failed Synchronous Non-Blocking Write IO Count: 0
                       Synchronous Write IO Maximum Latency (us): 148
                       Synchronous Write IO Non-Blockinig Maximum Latency (us): 0
                       Total Asynchronous Read IO Count: 0
                       Asynchronous Read IO Maximum Latency (us): 0"
"17-08-2026 10:50:35","105","Information","Microsoft-Windows-Kernel-Cache","Volume Periodic Cache Write Latency Information:

                       Device GUID: {00000000-0000-0000-0000-000000000000}
                       Period Duration (microseconds): 3644133810

                       Latency Bucket Values:  [256us, 1ms, 4ms, 16ms, 64ms, 128ms, 256ms, 2000ms, 6000ms, 10000ms, 20000ms, 20000+ms]

                       Synchronous Write IO Counts: [0, 0, 0, 0, 0, 0, 0, 0, 0, 0, 0, 0]
                       Synchronous Write IO Total Latencies (us): [0, 0, 0, 0, 0, 0, 0, 0, 0, 0, 0, 0]
                       Synchronous Write Non-Blocking IO Counts: [0, 0, 0, 0, 0, 0, 0, 0, 0, 0, 0, 0]
                       Synchronous Write Non-Blocking IO Total Latencies (us): [0, 0, 0, 0, 0, 0, 0, 0, 0, 0, 0, 0]"
"17-08-2026 10:50:35","104","Information","Microsoft-Windows-Kernel-Cache","Volume Periodic Cache Read Latency Information:

                       Device GUID: {00000000-0000-0000-0000-000000000000}
                       Period Duration (microseconds): 3644133810

                       Latency Bucket Values:  [256us, 1ms, 4ms, 16ms, 64ms, 128ms, 256ms, 2000ms, 6000ms, 10000ms, 20000ms, 20000+ms]

                       Synchronous Read IO Counts: [36, 0, 0, 0, 0, 0, 0, 0, 0, 0, 0, 0]
                       Synchronous Read IO Total Latencies (us): [1401, 0, 0, 0, 0, 0, 0, 0, 0, 0, 0, 0]
                       Synchronous Read Non-Blocking IO Counts: [0, 0, 0, 0, 0, 0, 0, 0, 0, 0, 0, 0]
                       Synchronous Read Non-Blocking IO Total Latencies (us): [0, 0, 0, 0, 0, 0, 0, 0, 0, 0, 0, 0]
                       Asynchronous Read IO Counts: [0, 0, 0, 0, 0, 0, 0, 0, 0, 0, 0, 0]
                       Asynchronous Read IO Total Latencies (us): [0, 0, 0, 0, 0, 0, 0, 0, 0, 0, 0, 0]"
"17-08-2026 10:50:35","103","Information","Microsoft-Windows-Kernel-Cache","Volume Periodic Cache Information:

                       Device GUID: {00000000-0000-0000-0000-000000000000}
                       Period Duration (microseconds): 3644133810
                       Total Dirty Pages: 0
                       Maximum Dirty Pages: 0
                       Total Dirty Page Threshold: 0
                       Top Dirty Page Threshold: 0
                       Bottom Dirty Page Threshold: 0
                       Dirty Page Samples: 0
                       Total Lazy Writer Calls: 0
                       Total Lazy Writer Latency: 0
                       Total Lazy Writer Pages Flushed: 0
                       Lazy Writer Average Pages Per Second: 0
                       Total Pages Queued to Disk: 0
                       Maximum Pages Queued to Disk: 0
                       Pages Queued to Disk Samples: 0
                       Total Metadata Pages Queued to Disk: 0
                       Maximum Metadata Pages Queued to Disk: 0
                       Metadata Pages Queued to Disk Samples: 0
                       Read Total Bytes: 9417216
                       Read Paged-In Total Bytes: 2359296
                       Read-Ahead Total Bytes: 0
                       Cache Hit Ratio (%): 74
                       Total Writes: 0
                       Total Hard-Throttle Writes: 0
                       Total Soft-Throttle Writes: 0
                       Total Synchronous Read IO Count: 36
                       Total Synchronous Non-Blocking Read IO Count: 0
                       Total Failed Synchronous Non-Blocking Read IO Count: 0
                       Synchronous Read IO Maximum Latency (us): 231
                       Synchronous Read IO Non-Blocking Maximum Latency (us): 0
                       Total Synchronous Write IO Count: 0
                       Total Synchronous Non-Blocking Write IO Count: 0
                       Total Failed Synchronous Non-Blocking Write IO Count: 0
                       Synchronous Write IO Maximum Latency (us): 0
                       Synchronous Write IO Non-Blockinig Maximum Latency (us): 0
                       Total Asynchronous Read IO Count: 0
                       Asynchronous Read IO Maximum Latency (us): 0"
"17-08-2026 10:50:35","105","Information","Microsoft-Windows-Kernel-Cache","Volume Periodic Cache Write Latency Information:

                       Device GUID: {c5c572ba-c5d0-47f6-864e-13eb05e6d46c}
                       Period Duration (microseconds): 3644133810

                       Latency Bucket Values:  [256us, 1ms, 4ms, 16ms, 64ms, 128ms, 256ms, 2000ms, 6000ms, 10000ms, 20000ms, 20000+ms]

                       Synchronous Write IO Counts: [1265857, 6307, 2412, 658, 414, 71, 17, 5, 0, 0, 0, 0]
                       Synchronous Write IO Total Latencies (us): [2196381, 3215541, 5030809, 5234053, 13956796, 5999838, 3115536, 1707255, 0, 0, 0, 0]
                       Synchronous Write Non-Blocking IO Counts: [13824, 0, 0, 0, 0, 0, 0, 0, 0, 0, 0, 0]
                       Synchronous Write Non-Blocking IO Total Latencies (us): [0, 0, 0, 0, 0, 0, 0, 0, 0, 0, 0, 0]"
"17-08-2026 10:50:35","104","Information","Microsoft-Windows-Kernel-Cache","Volume Periodic Cache Read Latency Information:

                       Device GUID: {c5c572ba-c5d0-47f6-864e-13eb05e6d46c}
                       Period Duration (microseconds): 3644133810

                       Latency Bucket Values:  [256us, 1ms, 4ms, 16ms, 64ms, 128ms, 256ms, 2000ms, 6000ms, 10000ms, 20000ms, 20000+ms]

                       Synchronous Read IO Counts: [16390086, 55010, 6707, 1543, 379, 125, 8, 3, 0, 0, 0, 0]
                       Synchronous Read IO Total Latencies (us): [28576359, 21052030, 10639725, 10401055, 11987321, 9518452, 1380620, 3625732, 0, 0, 0, 0]
                       Synchronous Read Non-Blocking IO Counts: [111776, 0, 0, 0, 0, 0, 0, 0, 0, 0, 0, 0]
                       Synchronous Read Non-Blocking IO Total Latencies (us): [0, 0, 0, 0, 0, 0, 0, 0, 0, 0, 0, 0]
                       Asynchronous Read IO Counts: [17785, 6714, 840, 145, 41, 23, 0, 0, 0, 0, 0, 0]
                       Asynchronous Read IO Total Latencies (us): [2800865, 2517781, 1435017, 776310, 1606557, 1638456, 0, 0, 0, 0, 0, 0]"
"17-08-2026 10:50:35","103","Information","Microsoft-Windows-Kernel-Cache","Volume Periodic Cache Information:

                       Device GUID: {c5c572ba-c5d0-47f6-864e-13eb05e6d46c}
                       Period Duration (microseconds): 3644133810
                       Total Dirty Pages: 3723292336
                       Maximum Dirty Pages: 29780
                       Total Dirty Page Threshold: 58029635298
                       Top Dirty Page Threshold: 506518
                       Bottom Dirty Page Threshold: 506518
                       Dirty Page Samples: 1059033
                       Total Lazy Writer Calls: 32912
                       Total Lazy Writer Latency: 55455602
                       Total Lazy Writer Pages Flushed: 527246
                       Lazy Writer Average Pages Per Second: 1075
                       Total Pages Queued to Disk: 53774794
                       Maximum Pages Queued to Disk: 4475
                       Pages Queued to Disk Samples: 208123
                       Total Metadata Pages Queued to Disk: 26122013
                       Maximum Metadata Pages Queued to Disk: 1920
                       Metadata Pages Queued to Disk Samples: 208107
                       Read Total Bytes: 2318431844243
                       Read Paged-In Total Bytes: 33487395754
                       Read-Ahead Total Bytes: 7053312
                       Cache Hit Ratio (%): 98
                       Total Writes: 1313621
                       Total Hard-Throttle Writes: 0
                       Total Soft-Throttle Writes: 0
                       Total Synchronous Read IO Count: 16454214
                       Total Synchronous Non-Blocking Read IO Count: 111775
                       Total Failed Synchronous Non-Blocking Read IO Count: 25545
                       Synchronous Read IO Maximum Latency (us): 1702290
                       Synchronous Read IO Non-Blocking Maximum Latency (us): 0
                       Total Synchronous Write IO Count: 1275746
                       Total Synchronous Non-Blocking Write IO Count: 13823
                       Total Failed Synchronous Non-Blocking Write IO Count: 359
                       Synchronous Write IO Maximum Latency (us): 469432
                       Synchronous Write IO Non-Blockinig Maximum Latency (us): 0
                       Total Asynchronous Read IO Count: 25546
                       Asynchronous Read IO Maximum Latency (us): 89780"
"17-08-2026 10:50:35","102","Information","Microsoft-Windows-Kernel-Cache","Global Periodic Cache Information:

                       Period Duration (microseconds): 3644133810
                       Number of NUMA Nodes: 356071
                       Event Samples: 46
                       Total Number of Mapped VACBs: 407372
                       Total Partition Samples: 46
                       Total Volume Samples: 185
                       Total Pages Yet to Write: 33504
                       Total Dirty Pages: 57826
                       Total Available Pages: 23296559
                       Total Physical Pages: 186398808
                       Total Number of Worker Threads: 740
                       Total Number of Active Worker Threads: 0
                       Total Average Available Pages: 70408559
                       Total Average Dirty Pages: 85199
                       CopyRead Calls: 16596257
                       AsyncCopyRead Calls: 25550
                       CopyWriteCalls: 1305650
                       SetValidData Calls: 40383
                       FlushCache Calls: 356071"
"17-08-2026 09:53:46","101","Information","Microsoft-Windows-Kernel-Cache","Initialized VolumeCacheMap for device guid: {00000000-0000-0000-0000-000000000000}."
"17-08-2026 09:53:45","101","Information","Microsoft-Windows-Kernel-Cache","Initialized VolumeCacheMap for device guid: {00000000-0000-0000-0000-000000000000}."
"17-08-2026 09:53:45","101","Information","Microsoft-Windows-Kernel-Cache","Initialized VolumeCacheMap for device guid: {00000000-0000-0000-0000-000000000000}."
"17-08-2026 09:53:25","101","Information","Microsoft-Windows-Kernel-Cache","Initialized VolumeCacheMap for device guid: {00000000-0000-0000-0000-000000000000}."
"17-08-2026 09:53:24","101","Information","Microsoft-Windows-Kernel-Cache","Initialized VolumeCacheMap for device guid: {00000000-0000-0000-0000-000000000000}."
"17-08-2026 09:53:24","101","Information","Microsoft-Windows-Kernel-Cache","Initialized VolumeCacheMap for device guid: {00000000-0000-0000-0000-000000000000}."
"17-08-2026 09:53:10","101","Information","Microsoft-Windows-Kernel-Cache","Initialized VolumeCacheMap for device guid: {00000000-0000-0000-0000-000000000000}."
"17-08-2026 09:53:09","101","Information","Microsoft-Windows-Kernel-Cache","Initialized VolumeCacheMap for device guid: {00000000-0000-0000-0000-000000000000}."
"17-08-2026 09:53:09","101","Information","Microsoft-Windows-Kernel-Cache","Initialized VolumeCacheMap for device guid: {00000000-0000-0000-0000-000000000000}."
"17-08-2026 09:49:51","105","Information","Microsoft-Windows-Kernel-Cache","Volume Periodic Cache Write Latency Information:

                       Device GUID: {f06ef650-de5a-4a43-abb8-73f2ff6a56fd}
                       Period Duration (microseconds): 192250569207

                       Latency Bucket Values:  [256us, 1ms, 4ms, 16ms, 64ms, 128ms, 256ms, 2000ms, 6000ms, 10000ms, 20000ms, 20000+ms]

                       Synchronous Write IO Counts: [37, 4, 1, 4, 3, 0, 0, 3, 0, 0, 0, 0]
                       Synchronous Write IO Total Latencies (us): [2673, 1776, 1989, 46805, 100917, 0, 0, 1169276, 0, 0, 0, 0]
                       Synchronous Write Non-Blocking IO Counts: [11, 0, 0, 0, 0, 0, 0, 0, 0, 0, 0, 0]
                       Synchronous Write Non-Blocking IO Total Latencies (us): [0, 0, 0, 0, 0, 0, 0, 0, 0, 0, 0, 0]"
"17-08-2026 09:49:51","104","Information","Microsoft-Windows-Kernel-Cache","Volume Periodic Cache Read Latency Information:

                       Device GUID: {f06ef650-de5a-4a43-abb8-73f2ff6a56fd}
                       Period Duration (microseconds): 192250569207

                       Latency Bucket Values:  [256us, 1ms, 4ms, 16ms, 64ms, 128ms, 256ms, 2000ms, 6000ms, 10000ms, 20000ms, 20000+ms]

                       Synchronous Read IO Counts: [20, 2, 2, 1, 0, 1, 1, 0, 0, 0, 0, 0]
                       Synchronous Read IO Total Latencies (us): [365, 1717, 4582, 10982, 0, 125803, 187859, 0, 0, 0, 0, 0]
                       Synchronous Read Non-Blocking IO Counts: [8, 0, 0, 0, 0, 0, 0, 0, 0, 0, 0, 0]
                       Synchronous Read Non-Blocking IO Total Latencies (us): [0, 0, 0, 0, 0, 0, 0, 0, 0, 0, 0, 0]
                       Asynchronous Read IO Counts: [0, 0, 0, 0, 0, 0, 0, 0, 0, 0, 0, 0]
                       Asynchronous Read IO Total Latencies (us): [0, 0, 0, 0, 0, 0, 0, 0, 0, 0, 0, 0]"
"17-08-2026 09:49:51","103","Information","Microsoft-Windows-Kernel-Cache","Volume Periodic Cache Information:

                       Device GUID: {f06ef650-de5a-4a43-abb8-73f2ff6a56fd}
                       Period Duration (microseconds): 192250569207
                       Total Dirty Pages: 529
                       Maximum Dirty Pages: 12
                       Total Dirty Page Threshold: 2805760
                       Top Dirty Page Threshold: 506518
                       Bottom Dirty Page Threshold: 506518
                       Dirty Page Samples: 274
                       Total Lazy Writer Calls: 0
                       Total Lazy Writer Latency: 0
                       Total Lazy Writer Pages Flushed: 0
                       Lazy Writer Average Pages Per Second: 0
                       Total Pages Queued to Disk: 4
                       Maximum Pages Queued to Disk: 1
                       Pages Queued to Disk Samples: 40
                       Total Metadata Pages Queued to Disk: 0
                       Maximum Metadata Pages Queued to Disk: 0
                       Metadata Pages Queued to Disk Samples: 40
                       Read Total Bytes: 10387456
                       Read Paged-In Total Bytes: 2359296
                       Read-Ahead Total Bytes: 0
                       Cache Hit Ratio (%): 77
                       Total Writes: 98
                       Total Hard-Throttle Writes: 0
                       Total Soft-Throttle Writes: 0
                       Total Synchronous Read IO Count: 27
                       Total Synchronous Non-Blocking Read IO Count: 8
                       Total Failed Synchronous Non-Blocking Read IO Count: 3
                       Synchronous Read IO Maximum Latency (us): 187859
                       Synchronous Read IO Non-Blocking Maximum Latency (us): 0
                       Total Synchronous Write IO Count: 52
                       Total Synchronous Non-Blocking Write IO Count: 11
                       Total Failed Synchronous Non-Blocking Write IO Count: 0
                       Synchronous Write IO Maximum Latency (us): 631284
                       Synchronous Write IO Non-Blockinig Maximum Latency (us): 0
                       Total Asynchronous Read IO Count: 0
                       Asynchronous Read IO Maximum Latency (us): 0"
"17-08-2026 09:49:51","105","Information","Microsoft-Windows-Kernel-Cache","Volume Periodic Cache Write Latency Information:

                       Device GUID: {00000000-0000-0000-0000-000000000000}
                       Period Duration (microseconds): 192250569207

                       Latency Bucket Values:  [256us, 1ms, 4ms, 16ms, 64ms, 128ms, 256ms, 2000ms, 6000ms, 10000ms, 20000ms, 20000+ms]

                       Synchronous Write IO Counts: [0, 0, 0, 0, 0, 0, 0, 0, 0, 0, 0, 0]
                       Synchronous Write IO Total Latencies (us): [0, 0, 0, 0, 0, 0, 0, 0, 0, 0, 0, 0]
                       Synchronous Write Non-Blocking IO Counts: [0, 0, 0, 0, 0, 0, 0, 0, 0, 0, 0, 0]
                       Synchronous Write Non-Blocking IO Total Latencies (us): [0, 0, 0, 0, 0, 0, 0, 0, 0, 0, 0, 0]"
"17-08-2026 09:49:51","104","Information","Microsoft-Windows-Kernel-Cache","Volume Periodic Cache Read Latency Information:

                       Device GUID: {00000000-0000-0000-0000-000000000000}
                       Period Duration (microseconds): 192250569207

                       Latency Bucket Values:  [256us, 1ms, 4ms, 16ms, 64ms, 128ms, 256ms, 2000ms, 6000ms, 10000ms, 20000ms, 20000+ms]

                       Synchronous Read IO Counts: [38, 0, 0, 0, 0, 0, 0, 0, 0, 0, 0, 0]
                       Synchronous Read IO Total Latencies (us): [1269, 0, 0, 0, 0, 0, 0, 0, 0, 0, 0, 0]
                       Synchronous Read Non-Blocking IO Counts: [0, 0, 0, 0, 0, 0, 0, 0, 0, 0, 0, 0]
                       Synchronous Read Non-Blocking IO Total Latencies (us): [0, 0, 0, 0, 0, 0, 0, 0, 0, 0, 0, 0]
                       Asynchronous Read IO Counts: [0, 0, 0, 0, 0, 0, 0, 0, 0, 0, 0, 0]
                       Asynchronous Read IO Total Latencies (us): [0, 0, 0, 0, 0, 0, 0, 0, 0, 0, 0, 0]"
"17-08-2026 09:49:51","103","Information","Microsoft-Windows-Kernel-Cache","Volume Periodic Cache Information:

                       Device GUID: {00000000-0000-0000-0000-000000000000}
                       Period Duration (microseconds): 192250569207
                       Total Dirty Pages: 0
                       Maximum Dirty Pages: 0
                       Total Dirty Page Threshold: 0
                       Top Dirty Page Threshold: 0
                       Bottom Dirty Page Threshold: 0
                       Dirty Page Samples: 0
                       Total Lazy Writer Calls: 0
                       Total Lazy Writer Latency: 0
                       Total Lazy Writer Pages Flushed: 0
                       Lazy Writer Average Pages Per Second: 0
                       Total Pages Queued to Disk: 0
                       Maximum Pages Queued to Disk: 0
                       Pages Queued to Disk Samples: 0
                       Total Metadata Pages Queued to Disk: 0
                       Maximum Metadata Pages Queued to Disk: 0
                       Metadata Pages Queued to Disk Samples: 0
                       Read Total Bytes: 9934848
                       Read Paged-In Total Bytes: 1835008
                       Read-Ahead Total Bytes: 0
                       Cache Hit Ratio (%): 81
                       Total Writes: 0
                       Total Hard-Throttle Writes: 0
                       Total Soft-Throttle Writes: 0
                       Total Synchronous Read IO Count: 38
                       Total Synchronous Non-Blocking Read IO Count: 0
                       Total Failed Synchronous Non-Blocking Read IO Count: 0
                       Synchronous Read IO Maximum Latency (us): 256
                       Synchronous Read IO Non-Blocking Maximum Latency (us): 0
                       Total Synchronous Write IO Count: 0
                       Total Synchronous Non-Blocking Write IO Count: 0
                       Total Failed Synchronous Non-Blocking Write IO Count: 0
                       Synchronous Write IO Maximum Latency (us): 0
                       Synchronous Write IO Non-Blockinig Maximum Latency (us): 0
                       Total Asynchronous Read IO Count: 0
                       Asynchronous Read IO Maximum Latency (us): 0"
"17-08-2026 09:49:51","105","Information","Microsoft-Windows-Kernel-Cache","Volume Periodic Cache Write Latency Information:

                       Device GUID: {c5c572ba-c5d0-47f6-864e-13eb05e6d46c}
                       Period Duration (microseconds): 192250569207

                       Latency Bucket Values:  [256us, 1ms, 4ms, 16ms, 64ms, 128ms, 256ms, 2000ms, 6000ms, 10000ms, 20000ms, 20000+ms]

                       Synchronous Write IO Counts: [900171, 2459, 683, 388, 561, 195, 86, 78, 9, 1, 1, 0]
                       Synchronous Write IO Total Latencies (us): [2030853, 1111473, 1342885, 4046767, 19111733, 16491501, 15830334, 48583611, 38023442, 6822257, 10774078, 0]
                       Synchronous Write Non-Blocking IO Counts: [8329, 0, 0, 0, 0, 0, 0, 0, 0, 0, 0, 0]
                       Synchronous Write Non-Blocking IO Total Latencies (us): [0, 0, 0, 0, 0, 0, 0, 0, 0, 0, 0, 0]"
"17-08-2026 09:49:51","104","Information","Microsoft-Windows-Kernel-Cache","Volume Periodic Cache Read Latency Information:

                       Device GUID: {c5c572ba-c5d0-47f6-864e-13eb05e6d46c}
                       Period Duration (microseconds): 192250569207

                       Latency Bucket Values:  [256us, 1ms, 4ms, 16ms, 64ms, 128ms, 256ms, 2000ms, 6000ms, 10000ms, 20000ms, 20000+ms]

                       Synchronous Read IO Counts: [26485233, 43024, 7370, 2343, 1338, 614, 169, 111, 6, 0, 0, 1]
                       Synchronous Read IO Total Latencies (us): [18864869, 17790687, 13857134, 18655630, 47706497, 50283359, 30104296, 57768211, 21878590, 0, 0, 188690685497]
                       Synchronous Read Non-Blocking IO Counts: [77229, 0, 0, 0, 0, 0, 0, 0, 0, 0, 0, 0]
                       Synchronous Read Non-Blocking IO Total Latencies (us): [0, 0, 0, 0, 0, 0, 0, 0, 0, 0, 0, 0]
                       Asynchronous Read IO Counts: [2673, 2766, 1142, 212, 104, 88, 14, 11, 0, 0, 0, 0]
                       Asynchronous Read IO Total Latencies (us): [476656, 1640659, 2027709, 1552034, 4162114, 6779964, 2475246, 3829313, 0, 0, 0, 0]"
"17-08-2026 09:49:51","103","Information","Microsoft-Windows-Kernel-Cache","Volume Periodic Cache Information:

                       Device GUID: {c5c572ba-c5d0-47f6-864e-13eb05e6d46c}
                       Period Duration (microseconds): 192250569207
                       Total Dirty Pages: 4155407738
                       Maximum Dirty Pages: 46167
                       Total Dirty Page Threshold: 28241750085
                       Top Dirty Page Threshold: 506518
                       Bottom Dirty Page Threshold: 506518
                       Dirty Page Samples: 767277
                       Total Lazy Writer Calls: 12148
                       Total Lazy Writer Latency: 23824707
                       Total Lazy Writer Pages Flushed: 467119
                       Lazy Writer Average Pages Per Second: 13330
                       Total Pages Queued to Disk: 100987425
                       Maximum Pages Queued to Disk: 7323
                       Pages Queued to Disk Samples: 248404
                       Total Metadata Pages Queued to Disk: 52419659
                       Maximum Metadata Pages Queued to Disk: 1955
                       Metadata Pages Queued to Disk Samples: 248379
                       Read Total Bytes: 3814059442461
                       Read Paged-In Total Bytes: 27787649713
                       Read-Ahead Total Bytes: 778240
                       Cache Hit Ratio (%): 99
                       Total Writes: 934596
                       Total Hard-Throttle Writes: 0
                       Total Soft-Throttle Writes: 0
                       Total Synchronous Read IO Count: 26541574
                       Total Synchronous Non-Blocking Read IO Count: 77229
                       Total Failed Synchronous Non-Blocking Read IO Count: 7011
                       Synchronous Read IO Maximum Latency (us): 188690685497
                       Synchronous Read IO Non-Blocking Maximum Latency (us): 0
                       Total Synchronous Write IO Count: 904631
                       Total Synchronous Non-Blocking Write IO Count: 8329
                       Total Failed Synchronous Non-Blocking Write IO Count: 528
                       Synchronous Write IO Maximum Latency (us): 10774078
                       Synchronous Write IO Non-Blockinig Maximum Latency (us): 0
                       Total Asynchronous Read IO Count: 7011
                       Asynchronous Read IO Maximum Latency (us): 558232"
"17-08-2026 09:49:51","102","Information","Microsoft-Windows-Kernel-Cache","Global Periodic Cache Information:

                       Period Duration (microseconds): 192250569207
                       Number of NUMA Nodes: 535274
                       Event Samples: 1
                       Total Number of Mapped VACBs: 10625
                       Total Partition Samples: 1
                       Total Volume Samples: 4
                       Total Pages Yet to Write: 539
                       Total Dirty Pages: 10264
                       Total Available Pages: 247990
                       Total Physical Pages: 4052148
                       Total Number of Worker Threads: 16
                       Total Number of Active Worker Threads: 0
                       Total Average Available Pages: 1157278
                       Total Average Dirty Pages: 18381
                       CopyRead Calls: 26632592
                       AsyncCopyRead Calls: 7011
                       CopyWriteCalls: 930498
                       SetValidData Calls: 16613
                       FlushCache Calls: 535274"
"17-08-2026 09:48:58","101","Information","Microsoft-Windows-Kernel-Cache","Initialized VolumeCacheMap for device guid: {00000000-0000-0000-0000-000000000000}."
"17-08-2026 09:48:57","101","Information","Microsoft-Windows-Kernel-Cache","Initialized VolumeCacheMap for device guid: {00000000-0000-0000-0000-000000000000}."
"17-08-2026 09:48:57","101","Information","Microsoft-Windows-Kernel-Cache","Initialized VolumeCacheMap for device guid: {00000000-0000-0000-0000-000000000000}."
"17-08-2026 09:48:45","101","Information","Microsoft-Windows-Kernel-Cache","Initialized VolumeCacheMap for device guid: {00000000-0000-0000-0000-000000000000}."
"17-08-2026 09:48:44","101","Information","Microsoft-Windows-Kernel-Cache","Initialized VolumeCacheMap for device guid: {00000000-0000-0000-0000-000000000000}."
"17-08-2026 09:48:44","101","Information","Microsoft-Windows-Kernel-Cache","Initialized VolumeCacheMap for device guid: {00000000-0000-0000-0000-000000000000}."
"17-08-2026 09:48:32","101","Information","Microsoft-Windows-Kernel-Cache","Initialized VolumeCacheMap for device guid: {00000000-0000-0000-0000-000000000000}."
"17-08-2026 09:48:31","101","Information","Microsoft-Windows-Kernel-Cache","Initialized VolumeCacheMap for device guid: {00000000-0000-0000-0000-000000000000}."
"17-08-2026 09:48:31","101","Information","Microsoft-Windows-Kernel-Cache","Initialized VolumeCacheMap for device guid: {00000000-0000-0000-0000-000000000000}."
"17-08-2026 09:38:31","101","Information","Microsoft-Windows-Kernel-Cache","Initialized VolumeCacheMap for device guid: {00000000-0000-0000-0000-000000000000}."
"17-08-2026 09:38:31","101","Information","Microsoft-Windows-Kernel-Cache","Initialized VolumeCacheMap for device guid: {00000000-0000-0000-0000-000000000000}."
"17-08-2026 09:38:30","101","Information","Microsoft-Windows-Kernel-Cache","Initialized VolumeCacheMap for device guid: {00000000-0000-0000-0000-000000000000}."
"15-08-2026 04:25:40","105","Information","Microsoft-Windows-Kernel-Cache","Volume Periodic Cache Write Latency Information:

                       Device GUID: {c5c572ba-c5d0-47f6-864e-13eb05e6d46c}
                       Period Duration (microseconds): 32218513651

                       Latency Bucket Values:  [256us, 1ms, 4ms, 16ms, 64ms, 128ms, 256ms, 2000ms, 6000ms, 10000ms, 20000ms, 20000+ms]

                       Synchronous Write IO Counts: [58388, 357, 149, 74, 50, 17, 3, 1, 1, 0, 0, 0]
                       Synchronous Write IO Total Latencies (us): [262463, 168299, 277712, 622936, 1529709, 1504256, 565924, 348852, 4761440, 0, 0, 0]
                       Synchronous Write Non-Blocking IO Counts: [838, 0, 0, 0, 0, 0, 0, 0, 0, 0, 0, 0]
                       Synchronous Write Non-Blocking IO Total Latencies (us): [0, 0, 0, 0, 0, 0, 0, 0, 0, 0, 0, 0]"
"15-08-2026 04:25:40","104","Information","Microsoft-Windows-Kernel-Cache","Volume Periodic Cache Read Latency Information:

                       Device GUID: {c5c572ba-c5d0-47f6-864e-13eb05e6d46c}
                       Period Duration (microseconds): 32218513651

                       Latency Bucket Values:  [256us, 1ms, 4ms, 16ms, 64ms, 128ms, 256ms, 2000ms, 6000ms, 10000ms, 20000ms, 20000+ms]

                       Synchronous Read IO Counts: [1548542, 8848, 425, 149, 133, 14, 1, 0, 0, 0, 0, 0]
                       Synchronous Read IO Total Latencies (us): [5426569, 3072143, 794970, 1375309, 3825201, 1215804, 134060, 0, 0, 0, 0, 0]
                       Synchronous Read Non-Blocking IO Counts: [3320, 0, 0, 0, 0, 0, 0, 0, 0, 0, 0, 0]
                       Synchronous Read Non-Blocking IO Total Latencies (us): [0, 0, 0, 0, 0, 0, 0, 0, 0, 0, 0, 0]
                       Asynchronous Read IO Counts: [128, 129, 12, 6, 1, 0, 0, 0, 0, 0, 0, 0]
                       Asynchronous Read IO Total Latencies (us): [22649, 51547, 25785, 36375, 24447, 0, 0, 0, 0, 0, 0, 0]"
"15-08-2026 04:25:40","103","Information","Microsoft-Windows-Kernel-Cache","Volume Periodic Cache Information:

                       Device GUID: {c5c572ba-c5d0-47f6-864e-13eb05e6d46c}
                       Period Duration (microseconds): 32218513651
                       Total Dirty Pages: 31091535
                       Maximum Dirty Pages: 4962
                       Total Dirty Page Threshold: 3194196550
                       Top Dirty Page Threshold: 506518
                       Bottom Dirty Page Threshold: 506518
                       Dirty Page Samples: 61282
                       Total Lazy Writer Calls: 4336
                       Total Lazy Writer Latency: 10984690
                       Total Lazy Writer Pages Flushed: 15634
                       Lazy Writer Average Pages Per Second: 394
                       Total Pages Queued to Disk: 6055620
                       Maximum Pages Queued to Disk: 4546
                       Pages Queued to Disk Samples: 28841
                       Total Metadata Pages Queued to Disk: 5628973
                       Maximum Metadata Pages Queued to Disk: 1243
                       Metadata Pages Queued to Disk Samples: 28834
                       Read Total Bytes: 217482487431
                       Read Paged-In Total Bytes: 6253332876
                       Read-Ahead Total Bytes: 401408
                       Cache Hit Ratio (%): 97
                       Total Writes: 64740
                       Total Hard-Throttle Writes: 0
                       Total Soft-Throttle Writes: 0
                       Total Synchronous Read IO Count: 1558211
                       Total Synchronous Non-Blocking Read IO Count: 3320
                       Total Failed Synchronous Non-Blocking Read IO Count: 276
                       Synchronous Read IO Maximum Latency (us): 134060
                       Synchronous Read IO Non-Blocking Maximum Latency (us): 0
                       Total Synchronous Write IO Count: 59040
                       Total Synchronous Non-Blocking Write IO Count: 838
                       Total Failed Synchronous Non-Blocking Write IO Count: 2
                       Synchronous Write IO Maximum Latency (us): 4761440
                       Synchronous Write IO Non-Blockinig Maximum Latency (us): 0
                       Total Asynchronous Read IO Count: 276
                       Asynchronous Read IO Maximum Latency (us): 24447"
