"10-08-2026 09:36:41","1","Error","Microsoft-Windows-Crypto-NCrypt","Cryptographic Operation failed.

 Cryptographic Parameters:
 	OperationType:	16
 	Provider Name:	Microsoft Software Key Storage Provider
 	Key Name:	NULL
 	Key Type:	
 	Algorithm Name:	
 
Failure Information:
 	Return Code:	0x80090029"
"10-08-2026 09:36:41","1","Error","Microsoft-Windows-Crypto-NCrypt","Cryptographic Operation failed.

 Cryptographic Parameters:
 	OperationType:	17
 	Provider Name:	Microsoft Software Key Storage Provider
 	Key Name:	NULL
 	Key Type:	
 	Algorithm Name:	
 
Failure Information:
 	Return Code:	0x80090029"
"10-08-2026 09:36:41","1","Error","Microsoft-Windows-Crypto-NCrypt","Cryptographic Operation failed.

 Cryptographic Parameters:
 	OperationType:	16
 	Provider Name:	Microsoft Software Key Storage Provider
 	Key Name:	SCEPProtocolKey-cec02fa6-c359-4c00-98fb-f6ba597d272a
 	Key Type:	
 	Algorithm Name:	
 
Failure Information:
 	Return Code:	0x80090011"
"10-08-2026 09:36:41","1","Error","Microsoft-Windows-Crypto-NCrypt","Cryptographic Operation failed.

 Cryptographic Parameters:
 	OperationType:	16
 	Provider Name:	Microsoft Software Key Storage Provider
 	Key Name:	SCEPProtocolKey-cec02fa6-c359-4c00-98fb-f6ba597d272a
 	Key Type:	
 	Algorithm Name:	
 
Failure Information:
 	Return Code:	0x80090011"
"10-08-2026 09:36:41","1","Error","Microsoft-Windows-Crypto-NCrypt","Cryptographic Operation failed.

 Cryptographic Parameters:
 	OperationType:	16
 	Provider Name:	Microsoft Software Key Storage Provider
 	Key Name:	SCEPProtocolKey-cec02fa6-c359-4c00-98fb-f6ba597d272a
 	Key Type:	
 	Algorithm Name:	
 
Failure Information:
 	Return Code:	0x80090029"
"10-08-2026 09:36:41","1","Error","Microsoft-Windows-Crypto-NCrypt","Cryptographic Operation failed.

 Cryptographic Parameters:
 	OperationType:	16
 	Provider Name:	Microsoft Software Key Storage Provider
 	Key Name:	SCEPProtocolKey-cec02fa6-c359-4c00-98fb-f6ba597d272a
 	Key Type:	
 	Algorithm Name:	
 
Failure Information:
 	Return Code:	0x80090011"
"10-08-2026 09:36:41","9","Verbose","Microsoft-Windows-Crypto-NCrypt","Key write succeeded.

 Provider Name:	Microsoft Software Key Storage Provider
 ModificationType: 		0x1
 Flags:		0x0
 Key Name:	SCEPProtocolKey-cec02fa6-c359-4c00-98fb-f6ba597d272a
 Key File Name:	202ade2300b23b5c073f87f174f78b50_871e017e-bcbc-4dc7-98b5-1cc935df09e8
 ProcessName:	C:\Windows\System32\taskhostw.exe
 ProcessId:	0x312C
 ServerThreadId:	0x60C
 UserId:	S-1-5-18
 ServiceTag:	
 Return Code:	0x0"
"10-08-2026 09:36:41","2","Error","Microsoft-Windows-Crypto-NCrypt","Open Provider operation failed.

 Cryptographic Parameters:
 	Provider Name:	Microsoft Pluton Cryptographic Provider
 Failure Information:
 	Return Code:	taskhostw.exe"
"10-08-2026 09:36:40","1","Error","Microsoft-Windows-Crypto-NCrypt","Cryptographic Operation failed.

 Cryptographic Parameters:
 	OperationType:	16
 	Provider Name:	Microsoft Platform Crypto Provider
 	Key Name:	NULL
 	Key Type:	
 	Algorithm Name:	
 
Failure Information:
 	Return Code:	0x80090029"
"10-08-2026 09:36:40","1","Error","Microsoft-Windows-Crypto-NCrypt","Cryptographic Operation failed.

 Cryptographic Parameters:
 	OperationType:	16
 	Provider Name:	Microsoft Platform Crypto Provider
 	Key Name:	NULL
 	Key Type:	
 	Algorithm Name:	
 
Failure Information:
 	Return Code:	0x80090029"
"10-08-2026 09:36:40","1","Error","Microsoft-Windows-Crypto-NCrypt","Cryptographic Operation failed.

 Cryptographic Parameters:
 	OperationType:	16
 	Provider Name:	Microsoft Platform Crypto Provider
 	Key Name:	NULL
 	Key Type:	
 	Algorithm Name:	
 
Failure Information:
 	Return Code:	0x80090029"
"10-08-2026 09:36:40","1","Error","Microsoft-Windows-Crypto-NCrypt","Cryptographic Operation failed.

 Cryptographic Parameters:
 	OperationType:	16
 	Provider Name:	Microsoft Software Key Storage Provider
 	Key Name:	NULL
 	Key Type:	
 	Algorithm Name:	
 
Failure Information:
 	Return Code:	0x80090029"
"10-08-2026 09:36:40","1","Error","Microsoft-Windows-Crypto-NCrypt","Cryptographic Operation failed.

 Cryptographic Parameters:
 	OperationType:	16
 	Provider Name:	Microsoft Software Key Storage Provider
 	Key Name:	NULL
 	Key Type:	
 	Algorithm Name:	
 
Failure Information:
 	Return Code:	0x80090029"
"10-08-2026 09:36:40","1","Error","Microsoft-Windows-Crypto-NCrypt","Cryptographic Operation failed.

 Cryptographic Parameters:
 	OperationType:	16
 	Provider Name:	Microsoft Software Key Storage Provider
 	Key Name:	NULL
 	Key Type:	
 	Algorithm Name:	
 
Failure Information:
 	Return Code:	0x80090029"
"10-08-2026 09:36:40","1","Error","Microsoft-Windows-Crypto-NCrypt","Cryptographic Operation failed.

 Cryptographic Parameters:
 	OperationType:	16
 	Provider Name:	Microsoft Software Key Storage Provider
 	Key Name:	NULL
 	Key Type:	
 	Algorithm Name:	
 
Failure Information:
 	Return Code:	0x80090029"
"10-08-2026 09:36:40","1","Error","Microsoft-Windows-Crypto-NCrypt","Cryptographic Operation failed.

 Cryptographic Parameters:
 	OperationType:	16
 	Provider Name:	Microsoft Software Key Storage Provider
 	Key Name:	NULL
 	Key Type:	
 	Algorithm Name:	
 
Failure Information:
 	Return Code:	0x80090029"
"10-08-2026 09:36:40","1","Error","Microsoft-Windows-Crypto-NCrypt","Cryptographic Operation failed.

 Cryptographic Parameters:
 	OperationType:	16
 	Provider Name:	Microsoft Software Key Storage Provider
 	Key Name:	NULL
 	Key Type:	
 	Algorithm Name:	
 
Failure Information:
 	Return Code:	0x80090029"
"10-08-2026 09:36:40","1","Error","Microsoft-Windows-Crypto-NCrypt","Cryptographic Operation failed.

 Cryptographic Parameters:
 	OperationType:	16
 	Provider Name:	Microsoft Software Key Storage Provider
 	Key Name:	NULL
 	Key Type:	
 	Algorithm Name:	
 
Failure Information:
 	Return Code:	0x80090029"
"10-08-2026 09:36:40","1","Error","Microsoft-Windows-Crypto-NCrypt","Cryptographic Operation failed.

 Cryptographic Parameters:
 	OperationType:	16
 	Provider Name:	Microsoft Software Key Storage Provider
 	Key Name:	NULL
 	Key Type:	
 	Algorithm Name:	
 
Failure Information:
 	Return Code:	0x80090029"
"10-08-2026 09:36:40","1","Error","Microsoft-Windows-Crypto-NCrypt","Cryptographic Operation failed.

 Cryptographic Parameters:
 	OperationType:	16
 	Provider Name:	Microsoft Software Key Storage Provider
 	Key Name:	NULL
 	Key Type:	
 	Algorithm Name:	
 
Failure Information:
 	Return Code:	0x80090029"
"10-08-2026 09:36:40","1","Error","Microsoft-Windows-Crypto-NCrypt","Cryptographic Operation failed.

 Cryptographic Parameters:
 	OperationType:	16
 	Provider Name:	Microsoft Software Key Storage Provider
 	Key Name:	NULL
 	Key Type:	
 	Algorithm Name:	
 
Failure Information:
 	Return Code:	0x80090029"
"10-08-2026 09:36:40","1","Error","Microsoft-Windows-Crypto-NCrypt","Cryptographic Operation failed.

 Cryptographic Parameters:
 	OperationType:	16
 	Provider Name:	Microsoft Software Key Storage Provider
 	Key Name:	NULL
 	Key Type:	
 	Algorithm Name:	
 
Failure Information:
 	Return Code:	0x80090029"
"10-08-2026 09:36:40","1","Error","Microsoft-Windows-Crypto-NCrypt","Cryptographic Operation failed.

 Cryptographic Parameters:
 	OperationType:	16
 	Provider Name:	Microsoft Software Key Storage Provider
 	Key Name:	NULL
 	Key Type:	
 	Algorithm Name:	
 
Failure Information:
 	Return Code:	0x80090029"
"10-08-2026 09:36:40","1","Error","Microsoft-Windows-Crypto-NCrypt","Cryptographic Operation failed.

 Cryptographic Parameters:
 	OperationType:	17
 	Provider Name:	Microsoft Software Key Storage Provider
 	Key Name:	NULL
 	Key Type:	
 	Algorithm Name:	
 
Failure Information:
 	Return Code:	0x80090029"
"10-08-2026 09:36:32","1","Error","Microsoft-Windows-Crypto-NCrypt","Cryptographic Operation failed.

 Cryptographic Parameters:
 	OperationType:	16
 	Provider Name:	Microsoft Platform Crypto Provider
 	Key Name:	NULL
 	Key Type:	
 	Algorithm Name:	
 
Failure Information:
 	Return Code:	0x80090029"
"10-08-2026 09:36:32","1","Error","Microsoft-Windows-Crypto-NCrypt","Cryptographic Operation failed.

 Cryptographic Parameters:
 	OperationType:	16
 	Provider Name:	Microsoft Platform Crypto Provider
 	Key Name:	NULL
 	Key Type:	
 	Algorithm Name:	
 
Failure Information:
 	Return Code:	0x80090029"
"10-08-2026 09:36:32","1","Error","Microsoft-Windows-Crypto-NCrypt","Cryptographic Operation failed.

 Cryptographic Parameters:
 	OperationType:	16
 	Provider Name:	Microsoft Platform Crypto Provider
 	Key Name:	NULL
 	Key Type:	
 	Algorithm Name:	
 
Failure Information:
 	Return Code:	0x80090029"
"10-08-2026 09:36:32","1","Error","Microsoft-Windows-Crypto-NCrypt","Cryptographic Operation failed.

 Cryptographic Parameters:
 	OperationType:	16
 	Provider Name:	Microsoft Software Key Storage Provider
 	Key Name:	NULL
 	Key Type:	
 	Algorithm Name:	
 
Failure Information:
 	Return Code:	0x80090029"
"10-08-2026 09:36:32","1","Error","Microsoft-Windows-Crypto-NCrypt","Cryptographic Operation failed.

 Cryptographic Parameters:
 	OperationType:	16
 	Provider Name:	Microsoft Software Key Storage Provider
 	Key Name:	NULL
 	Key Type:	
 	Algorithm Name:	
 
Failure Information:
 	Return Code:	0x80090029"
"10-08-2026 09:36:32","1","Error","Microsoft-Windows-Crypto-NCrypt","Cryptographic Operation failed.

 Cryptographic Parameters:
 	OperationType:	16
 	Provider Name:	Microsoft Software Key Storage Provider
 	Key Name:	NULL
 	Key Type:	
 	Algorithm Name:	
 
Failure Information:
 	Return Code:	0x80090029"
"10-08-2026 09:36:32","1","Error","Microsoft-Windows-Crypto-NCrypt","Cryptographic Operation failed.

 Cryptographic Parameters:
 	OperationType:	16
 	Provider Name:	Microsoft Software Key Storage Provider
 	Key Name:	NULL
 	Key Type:	
 	Algorithm Name:	
 
Failure Information:
 	Return Code:	0x80090029"
"10-08-2026 09:36:32","1","Error","Microsoft-Windows-Crypto-NCrypt","Cryptographic Operation failed.

 Cryptographic Parameters:
 	OperationType:	16
 	Provider Name:	Microsoft Software Key Storage Provider
 	Key Name:	NULL
 	Key Type:	
 	Algorithm Name:	
 
Failure Information:
 	Return Code:	0x80090029"
"10-08-2026 09:36:32","1","Error","Microsoft-Windows-Crypto-NCrypt","Cryptographic Operation failed.

 Cryptographic Parameters:
 	OperationType:	16
 	Provider Name:	Microsoft Software Key Storage Provider
 	Key Name:	NULL
 	Key Type:	
 	Algorithm Name:	
 
Failure Information:
 	Return Code:	0x80090029"
"10-08-2026 09:36:32","1","Error","Microsoft-Windows-Crypto-NCrypt","Cryptographic Operation failed.

 Cryptographic Parameters:
 	OperationType:	16
 	Provider Name:	Microsoft Software Key Storage Provider
 	Key Name:	NULL
 	Key Type:	
 	Algorithm Name:	
 
Failure Information:
 	Return Code:	0x80090029"
"10-08-2026 09:36:32","1","Error","Microsoft-Windows-Crypto-NCrypt","Cryptographic Operation failed.

 Cryptographic Parameters:
 	OperationType:	16
 	Provider Name:	Microsoft Software Key Storage Provider
 	Key Name:	NULL
 	Key Type:	
 	Algorithm Name:	
 
Failure Information:
 	Return Code:	0x80090029"
"10-08-2026 09:36:32","1","Error","Microsoft-Windows-Crypto-NCrypt","Cryptographic Operation failed.

 Cryptographic Parameters:
 	OperationType:	16
 	Provider Name:	Microsoft Software Key Storage Provider
 	Key Name:	NULL
 	Key Type:	
 	Algorithm Name:	
 
Failure Information:
 	Return Code:	0x80090029"
"10-08-2026 09:36:32","1","Error","Microsoft-Windows-Crypto-NCrypt","Cryptographic Operation failed.

 Cryptographic Parameters:
 	OperationType:	16
 	Provider Name:	Microsoft Software Key Storage Provider
 	Key Name:	NULL
 	Key Type:	
 	Algorithm Name:	
 
Failure Information:
 	Return Code:	0x80090029"
"10-08-2026 09:36:32","1","Error","Microsoft-Windows-Crypto-NCrypt","Cryptographic Operation failed.

 Cryptographic Parameters:
 	OperationType:	16
 	Provider Name:	Microsoft Software Key Storage Provider
 	Key Name:	NULL
 	Key Type:	
 	Algorithm Name:	
 
Failure Information:
 	Return Code:	0x80090029"
"10-08-2026 09:36:32","1","Error","Microsoft-Windows-Crypto-NCrypt","Cryptographic Operation failed.

 Cryptographic Parameters:
 	OperationType:	16
 	Provider Name:	Microsoft Software Key Storage Provider
 	Key Name:	NULL
 	Key Type:	
 	Algorithm Name:	
 
Failure Information:
 	Return Code:	0x80090029"
"10-08-2026 09:36:32","1","Error","Microsoft-Windows-Crypto-NCrypt","Cryptographic Operation failed.

 Cryptographic Parameters:
 	OperationType:	17
 	Provider Name:	Microsoft Software Key Storage Provider
 	Key Name:	NULL
 	Key Type:	
 	Algorithm Name:	
 
Failure Information:
 	Return Code:	0x80090029"
"10-08-2026 09:36:30","1","Error","Microsoft-Windows-Crypto-NCrypt","Cryptographic Operation failed.

 Cryptographic Parameters:
 	OperationType:	16
 	Provider Name:	Microsoft Platform Crypto Provider
 	Key Name:	Windows AIK
 	Key Type:	
 	Algorithm Name:	
 
Failure Information:
 	Return Code:	0x80090011"
"10-08-2026 09:36:30","1","Error","Microsoft-Windows-Crypto-NCrypt","Cryptographic Operation failed.

 Cryptographic Parameters:
 	OperationType:	16
 	Provider Name:	Microsoft Platform Crypto Provider
 	Key Name:	Windows AIK
 	Key Type:	
 	Algorithm Name:	
 
Failure Information:
 	Return Code:	0x80090011"
"10-08-2026 09:36:30","1","Error","Microsoft-Windows-Crypto-NCrypt","Cryptographic Operation failed.

 Cryptographic Parameters:
 	OperationType:	16
 	Provider Name:	Microsoft Platform Crypto Provider
 	Key Name:	Windows AIK
 	Key Type:	
 	Algorithm Name:	
 
Failure Information:
 	Return Code:	0x80090029"
"10-08-2026 09:36:29","1","Error","Microsoft-Windows-Crypto-NCrypt","Cryptographic Operation failed.

 Cryptographic Parameters:
 	OperationType:	16
 	Provider Name:	Microsoft Platform Crypto Provider
 	Key Name:	NULL
 	Key Type:	
 	Algorithm Name:	
 
Failure Information:
 	Return Code:	0x80090029"
"10-08-2026 09:36:29","1","Error","Microsoft-Windows-Crypto-NCrypt","Cryptographic Operation failed.

 Cryptographic Parameters:
 	OperationType:	16
 	Provider Name:	Microsoft Platform Crypto Provider
 	Key Name:	NULL
 	Key Type:	
 	Algorithm Name:	
 
Failure Information:
 	Return Code:	0x80090029"
"10-08-2026 09:36:29","1","Error","Microsoft-Windows-Crypto-NCrypt","Cryptographic Operation failed.

 Cryptographic Parameters:
 	OperationType:	16
 	Provider Name:	Microsoft Platform Crypto Provider
 	Key Name:	NULL
 	Key Type:	
 	Algorithm Name:	
 
Failure Information:
 	Return Code:	0x80090029"
"10-08-2026 09:36:27","1","Error","Microsoft-Windows-Crypto-NCrypt","Cryptographic Operation failed.

 Cryptographic Parameters:
 	OperationType:	16
 	Provider Name:	Microsoft Platform Crypto Provider
 	Key Name:	WindowsAIK_ECC_TPM_ECC_NIST_P256
 	Key Type:	
 	Algorithm Name:	
 
Failure Information:
 	Return Code:	0x80090011"
"10-08-2026 09:36:22","1","Error","Microsoft-Windows-Crypto-NCrypt","Cryptographic Operation failed.

 Cryptographic Parameters:
 	OperationType:	16
 	Provider Name:	Microsoft Platform Crypto Provider
 	Key Name:	KeyG-6ff0d65a-137b-ddbc-8984-a20f29715b51
 	Key Type:	
 	Algorithm Name:	
 
Failure Information:
 	Return Code:	0x80090029"
"10-08-2026 09:36:22","1","Error","Microsoft-Windows-Crypto-NCrypt","Cryptographic Operation failed.

 Cryptographic Parameters:
 	OperationType:	16
 	Provider Name:	Microsoft Platform Crypto Provider
 	Key Name:	AIK-1714379f-acea-1f19-27c7-f010a7d73755
 	Key Type:	
 	Algorithm Name:	
 
Failure Information:
 	Return Code:	0x80090029"
"10-08-2026 09:36:22","1","Error","Microsoft-Windows-Crypto-NCrypt","Cryptographic Operation failed.

 Cryptographic Parameters:
 	OperationType:	16
 	Provider Name:	Microsoft Platform Crypto Provider
 	Key Name:	SK-ae2e9598-9f41-136b-1ad7-0dcd39b9aab4
 	Key Type:	
 	Algorithm Name:	
 
Failure Information:
 	Return Code:	0x80090029"
"10-08-2026 09:36:22","1","Error","Microsoft-Windows-Crypto-NCrypt","Cryptographic Operation failed.

 Cryptographic Parameters:
 	OperationType:	16
 	Provider Name:	Microsoft Platform Crypto Provider
 	Key Name:	SK-32e71225-1ff0-a219-9a24-01fc89b72c32
 	Key Type:	
 	Algorithm Name:	
 
Failure Information:
 	Return Code:	0x80090029"
"10-08-2026 09:36:22","1","Error","Microsoft-Windows-Crypto-NCrypt","Cryptographic Operation failed.

 Cryptographic Parameters:
 	OperationType:	16
 	Provider Name:	Microsoft Platform Crypto Provider
 	Key Name:	AIK-38bdd432-9fcc-9c37-3494-02c97d365990
 	Key Type:	
 	Algorithm Name:	
 
Failure Information:
 	Return Code:	0x80090029"
"10-08-2026 09:36:22","1","Error","Microsoft-Windows-Crypto-NCrypt","Cryptographic Operation failed.

 Cryptographic Parameters:
 	OperationType:	16
 	Provider Name:	Microsoft Platform Crypto Provider
 	Key Name:	SK-89be5bc4-4805-873e-0687-9e942f0d33d7
 	Key Type:	
 	Algorithm Name:	
 
Failure Information:
 	Return Code:	0x80090029"
"10-08-2026 09:36:22","1","Error","Microsoft-Windows-Crypto-NCrypt","Cryptographic Operation failed.

 Cryptographic Parameters:
 	OperationType:	16
 	Provider Name:	Microsoft Platform Crypto Provider
 	Key Name:	WindowsAIK_ECC_TPM_ECC_NIST_P256
 	Key Type:	
 	Algorithm Name:	
 
Failure Information:
 	Return Code:	0x80090011"
"10-08-2026 09:36:22","1","Error","Microsoft-Windows-Crypto-NCrypt","Cryptographic Operation failed.

 Cryptographic Parameters:
 	OperationType:	16
 	Provider Name:	Microsoft Platform Crypto Provider
 	Key Name:	Windows Synthetic AIK
 	Key Type:	
 	Algorithm Name:	
 
Failure Information:
 	Return Code:	0x80090011"
"10-08-2026 09:36:05","9","Verbose","Microsoft-Windows-Crypto-NCrypt","Key write succeeded.

 Provider Name:	Microsoft Software Key Storage Provider
 ModificationType: 		0x1
 Flags:		0x0
 Key Name:	Microsoft SQL Server$BARTENDER$FallBackCertCng
 Key File Name:	c287b78626f4e1c90aace827bced9c3b_871e017e-bcbc-4dc7-98b5-1cc935df09e8
 ProcessName:	C:\Program Files\Microsoft SQL Server\MSSQL15.BARTENDER\MSSQL\Binn\sqlservr.exe
 ProcessId:	0x13AC
 ServerThreadId:	0x5F0
 UserId:	S-1-5-18
 ServiceTag:	MSSQL$BARTENDER
 Return Code:	0x0"
"10-08-2026 09:36:04","1","Error","Microsoft-Windows-Crypto-NCrypt","Cryptographic Operation failed.

 Cryptographic Parameters:
 	OperationType:	16
 	Provider Name:	Microsoft Platform Crypto Provider
 	Key Name:	WindowsAIK_ECC_TPM_ECC_NIST_P256
 	Key Type:	
 	Algorithm Name:	
 
Failure Information:
 	Return Code:	0x80090011"
"10-08-2026 09:36:04","1","Error","Microsoft-Windows-Crypto-NCrypt","Cryptographic Operation failed.

 Cryptographic Parameters:
 	OperationType:	16
 	Provider Name:	Microsoft Platform Crypto Provider
 	Key Name:	Windows Synthetic AIK
 	Key Type:	
 	Algorithm Name:	
 
Failure Information:
 	Return Code:	0x80090011"
"07-08-2026 18:22:46","1","Error","Microsoft-Windows-Crypto-NCrypt","Cryptographic Operation failed.

 Cryptographic Parameters:
 	OperationType:	SIGN HASH
 	Provider Name:	Microsoft Platform Crypto Provider
 	Key Name:	NULL
 	Key Type:	
 	Algorithm Name:	
 
Failure Information:
 	Return Code:	0x80290407"
"07-08-2026 18:22:46","1","Error","Microsoft-Windows-Crypto-NCrypt","Cryptographic Operation failed.

 Cryptographic Parameters:
 	OperationType:	KEY FINALIZE
 	Provider Name:	Microsoft Platform Crypto Provider
 	Key Name:	NULL
 	Key Type:	
 	Algorithm Name:	
 
Failure Information:
 	Return Code:	0x80290407"
"07-08-2026 18:22:45","11","Verbose","Microsoft-Windows-Crypto-NCrypt","Delete key succeeded.

 Provider Name:	Microsoft Software Key Storage Provider
 Flags:		0x40
 DeletionType: 		0x0
 Key Name:	ChromeMetricsTestKey
 Key File Name:	1e313dfb17707690d41bc1ce552b952a_871e017e-bcbc-4dc7-98b5-1cc935df09e8
 ProcessName:	C:\Program Files (x86)\Microsoft\EdgeWebView\Application\151.0.4129.59\msedgewebview2.exe
 ProcessId:	0x6AC8
 ServerThreadId:	0x7A04
 UserId:	S-1-12-1-2357405129-1281513531-255772574-1816207334
 ServiceTag:	
 Return Code:	0x0"
"07-08-2026 18:22:45","9","Verbose","Microsoft-Windows-Crypto-NCrypt","Key write succeeded.

 Provider Name:	Microsoft Software Key Storage Provider
 ModificationType: 		0x1
 Flags:		0x1
 Key Name:	ChromeMetricsTestKey
 Key File Name:	1e313dfb17707690d41bc1ce552b952a_871e017e-bcbc-4dc7-98b5-1cc935df09e8
 ProcessName:	C:\Program Files (x86)\Microsoft\EdgeWebView\Application\151.0.4129.59\msedgewebview2.exe
 ProcessId:	0x6AC8
 ServerThreadId:	0x7A04
 UserId:	S-1-12-1-2357405129-1281513531-255772574-1816207334
 ServiceTag:	
 Return Code:	0x0"
"07-08-2026 18:22:45","15","Information","Microsoft-Windows-Crypto-NCrypt","New client uses VBS Key Isolation
Name: msedgewebview2.exe
Binding status: 0x0 (The operation completed successfully.)
Client instance binding attempts: 1
"
"07-08-2026 18:21:26","1","Error","Microsoft-Windows-Crypto-NCrypt","Cryptographic Operation failed.

 Cryptographic Parameters:
 	OperationType:	KEY FINALIZE
 	Provider Name:	Microsoft Platform Crypto Provider
 	Key Name:	F5D3823E-50E8-4038-A474-E733D47A8A51
 	Key Type:	
 	Algorithm Name:	
 
Failure Information:
 	Return Code:	0x80284001"
"07-08-2026 18:18:49","11","Verbose","Microsoft-Windows-Crypto-NCrypt","Delete key succeeded.

 Provider Name:	Microsoft Software Key Storage Provider
 Flags:		0x40
 DeletionType: 		0x0
 Key Name:	ChromeMetricsTestKey
 Key File Name:	1e313dfb17707690d41bc1ce552b952a_871e017e-bcbc-4dc7-98b5-1cc935df09e8
 ProcessName:	C:\Program Files (x86)\Microsoft\EdgeWebView\Application\151.0.4129.59\msedgewebview2.exe
 ProcessId:	0x2E3C
 ServerThreadId:	0x28C0
 UserId:	S-1-12-1-2357405129-1281513531-255772574-1816207334
 ServiceTag:	
 Return Code:	0x0"
"07-08-2026 18:18:49","9","Verbose","Microsoft-Windows-Crypto-NCrypt","Key write succeeded.

 Provider Name:	Microsoft Software Key Storage Provider
 ModificationType: 		0x1
 Flags:		0x1
 Key Name:	ChromeMetricsTestKey
 Key File Name:	1e313dfb17707690d41bc1ce552b952a_871e017e-bcbc-4dc7-98b5-1cc935df09e8
 ProcessName:	C:\Program Files (x86)\Microsoft\EdgeWebView\Application\151.0.4129.59\msedgewebview2.exe
 ProcessId:	0x2E3C
 ServerThreadId:	0x28C0
 UserId:	S-1-12-1-2357405129-1281513531-255772574-1816207334
 ServiceTag:	
 Return Code:	0x0"
"07-08-2026 18:18:49","15","Information","Microsoft-Windows-Crypto-NCrypt","New client uses VBS Key Isolation
Name: msedgewebview2.exe
Binding status: 0x0 (The operation completed successfully.)
Client instance binding attempts: 1
"
"07-08-2026 18:14:08","3","Error","Microsoft-Windows-Crypto-NCrypt","Open Key operation failed.

 Cryptographic Parameters:
 	Provider Name:	Microsoft Software Key Storage Provider
 	Key Name:	TB_0_office.com
 Failure Information:
 	Return Code:	0x80090016"
"07-08-2026 18:14:05","3","Error","Microsoft-Windows-Crypto-NCrypt","Open Key operation failed.

 Cryptographic Parameters:
 	Provider Name:	Microsoft Software Key Storage Provider
 	Key Name:	TB_0_office.com
 Failure Information:
 	Return Code:	0x80090016"
"07-08-2026 10:38:09","1","Error","Microsoft-Windows-Crypto-NCrypt","Cryptographic Operation failed.

 Cryptographic Parameters:
 	OperationType:	DECRYPT
 	Provider Name:	Microsoft Passport Key Storage Provider
 	Key Name:	S-1-12-1-2357405129-1281513531-255772574-1816207334/dc3bf01d-2dbb-4626-b5cb-24709c65303f///CA00CFA8-EB0F-42BA-A707-A3A43CDA5BD9
 	Key Type:	
 	Algorithm Name:	
 
Failure Information:
 	Return Code:	0x80090033"
"07-08-2026 09:17:06","1","Error","Microsoft-Windows-Crypto-NCrypt","Cryptographic Operation failed.

 Cryptographic Parameters:
 	OperationType:	16
 	Provider Name:	Microsoft Platform Crypto Provider
 	Key Name:	WindowsAIK_ECC_TPM_ECC_NIST_P256
 	Key Type:	
 	Algorithm Name:	
 
Failure Information:
 	Return Code:	0x80090011"
"07-08-2026 09:17:06","1","Error","Microsoft-Windows-Crypto-NCrypt","Cryptographic Operation failed.

 Cryptographic Parameters:
 	OperationType:	16
 	Provider Name:	Microsoft Platform Crypto Provider
 	Key Name:	Windows Synthetic AIK
 	Key Type:	
 	Algorithm Name:	
 
Failure Information:
 	Return Code:	0x80090011"
"06-08-2026 18:55:28","11","Verbose","Microsoft-Windows-Crypto-NCrypt","Delete key succeeded.

 Provider Name:	Microsoft Software Key Storage Provider
 Flags:		0x40
 DeletionType: 		0x0
 Key Name:	ChromeMetricsTestKey
 Key File Name:	1e313dfb17707690d41bc1ce552b952a_871e017e-bcbc-4dc7-98b5-1cc935df09e8
 ProcessName:	C:\Program Files (x86)\Microsoft\EdgeWebView\Application\151.0.4129.59\msedgewebview2.exe
 ProcessId:	0x7598
 ServerThreadId:	0x28C0
 UserId:	S-1-12-1-2357405129-1281513531-255772574-1816207334
 ServiceTag:	
 Return Code:	0x0"
"06-08-2026 18:55:28","9","Verbose","Microsoft-Windows-Crypto-NCrypt","Key write succeeded.

 Provider Name:	Microsoft Software Key Storage Provider
 ModificationType: 		0x1
 Flags:		0x1
 Key Name:	ChromeMetricsTestKey
 Key File Name:	1e313dfb17707690d41bc1ce552b952a_871e017e-bcbc-4dc7-98b5-1cc935df09e8
 ProcessName:	C:\Program Files (x86)\Microsoft\EdgeWebView\Application\151.0.4129.59\msedgewebview2.exe
 ProcessId:	0x7598
 ServerThreadId:	0x28C0
 UserId:	S-1-12-1-2357405129-1281513531-255772574-1816207334
 ServiceTag:	
 Return Code:	0x0"
"06-08-2026 18:55:28","15","Information","Microsoft-Windows-Crypto-NCrypt","New client uses VBS Key Isolation
Name: msedgewebview2.exe
Binding status: 0x0 (The operation completed successfully.)
Client instance binding attempts: 1
"
"06-08-2026 18:26:44","11","Verbose","Microsoft-Windows-Crypto-NCrypt","Delete key succeeded.

 Provider Name:	Microsoft Software Key Storage Provider
 Flags:		0x40
 DeletionType: 		0x0
 Key Name:	ChromeMetricsTestKey
 Key File Name:	1e313dfb17707690d41bc1ce552b952a_871e017e-bcbc-4dc7-98b5-1cc935df09e8
 ProcessName:	C:\Program Files (x86)\Microsoft\EdgeWebView\Application\151.0.4129.59\msedgewebview2.exe
 ProcessId:	0x3538
 ServerThreadId:	0x58C
 UserId:	S-1-12-1-2357405129-1281513531-255772574-1816207334
 ServiceTag:	
 Return Code:	0x0"
"06-08-2026 18:26:44","9","Verbose","Microsoft-Windows-Crypto-NCrypt","Key write succeeded.

 Provider Name:	Microsoft Software Key Storage Provider
 ModificationType: 		0x1
 Flags:		0x1
 Key Name:	ChromeMetricsTestKey
 Key File Name:	1e313dfb17707690d41bc1ce552b952a_871e017e-bcbc-4dc7-98b5-1cc935df09e8
 ProcessName:	C:\Program Files (x86)\Microsoft\EdgeWebView\Application\151.0.4129.59\msedgewebview2.exe
 ProcessId:	0x3538
 ServerThreadId:	0x58C
 UserId:	S-1-12-1-2357405129-1281513531-255772574-1816207334
 ServiceTag:	
 Return Code:	0x0"
"06-08-2026 18:26:44","15","Information","Microsoft-Windows-Crypto-NCrypt","New client uses VBS Key Isolation
Name: msedgewebview2.exe
Binding status: 0x0 (The operation completed successfully.)
Client instance binding attempts: 1
"
"06-08-2026 18:20:21","11","Verbose","Microsoft-Windows-Crypto-NCrypt","Delete key succeeded.

 Provider Name:	Microsoft Software Key Storage Provider
 Flags:		0x40
 DeletionType: 		0x0
 Key Name:	ChromeMetricsTestKey
 Key File Name:	1e313dfb17707690d41bc1ce552b952a_871e017e-bcbc-4dc7-98b5-1cc935df09e8
 ProcessName:	C:\Program Files (x86)\Microsoft\EdgeWebView\Application\151.0.4129.59\msedgewebview2.exe
 ProcessId:	0x85F4
 ServerThreadId:	0x7A04
 UserId:	S-1-12-1-2357405129-1281513531-255772574-1816207334
 ServiceTag:	
 Return Code:	0x0"
"06-08-2026 18:20:21","9","Verbose","Microsoft-Windows-Crypto-NCrypt","Key write succeeded.

 Provider Name:	Microsoft Software Key Storage Provider
 ModificationType: 		0x1
 Flags:		0x1
 Key Name:	ChromeMetricsTestKey
 Key File Name:	1e313dfb17707690d41bc1ce552b952a_871e017e-bcbc-4dc7-98b5-1cc935df09e8
 ProcessName:	C:\Program Files (x86)\Microsoft\EdgeWebView\Application\151.0.4129.59\msedgewebview2.exe
 ProcessId:	0x85F4
 ServerThreadId:	0x7A04
 UserId:	S-1-12-1-2357405129-1281513531-255772574-1816207334
 ServiceTag:	
 Return Code:	0x0"
"06-08-2026 18:20:21","15","Information","Microsoft-Windows-Crypto-NCrypt","New client uses VBS Key Isolation
Name: msedgewebview2.exe
Binding status: 0x0 (The operation completed successfully.)
Client instance binding attempts: 1
"
"06-08-2026 18:19:40","3","Error","Microsoft-Windows-Crypto-NCrypt","Open Key operation failed.

 Cryptographic Parameters:
 	Provider Name:	Microsoft Software Key Storage Provider
 	Key Name:	TB_0_office.com
 Failure Information:
 	Return Code:	0x80090016"
"06-08-2026 18:19:37","3","Error","Microsoft-Windows-Crypto-NCrypt","Open Key operation failed.

 Cryptographic Parameters:
 	Provider Name:	Microsoft Software Key Storage Provider
 	Key Name:	TB_0_office.com
 Failure Information:
 	Return Code:	0x80090016"
"06-08-2026 14:25:47","3","Error","Microsoft-Windows-Crypto-NCrypt","Open Key operation failed.

 Cryptographic Parameters:
 	Provider Name:	Microsoft Software Key Storage Provider
 	Key Name:	TB_0_office.com
 Failure Information:
 	Return Code:	0x80090016"
"06-08-2026 14:25:44","3","Error","Microsoft-Windows-Crypto-NCrypt","Open Key operation failed.

 Cryptographic Parameters:
 	Provider Name:	Microsoft Software Key Storage Provider
 	Key Name:	TB_0_office.com
 Failure Information:
 	Return Code:	0x80090016"
"06-08-2026 14:03:22","11","Verbose","Microsoft-Windows-Crypto-NCrypt","Delete key succeeded.

 Provider Name:	Microsoft Software Key Storage Provider
 Flags:		0x40
 DeletionType: 		0x0
 Key Name:	ChromeMetricsTestKey
 Key File Name:	1e313dfb17707690d41bc1ce552b952a_871e017e-bcbc-4dc7-98b5-1cc935df09e8
 ProcessName:	C:\Program Files\Google\Chrome\Application\chrome.exe
 ProcessId:	0x6734
 ServerThreadId:	0x7A04
 UserId:	S-1-12-1-2357405129-1281513531-255772574-1816207334
 ServiceTag:	
 Return Code:	0x0"
"06-08-2026 14:03:22","9","Verbose","Microsoft-Windows-Crypto-NCrypt","Key write succeeded.

 Provider Name:	Microsoft Software Key Storage Provider
 ModificationType: 		0x1
 Flags:		0x1
 Key Name:	ChromeMetricsTestKey
 Key File Name:	1e313dfb17707690d41bc1ce552b952a_871e017e-bcbc-4dc7-98b5-1cc935df09e8
 ProcessName:	C:\Program Files\Google\Chrome\Application\chrome.exe
 ProcessId:	0x6734
 ServerThreadId:	0x7A04
 UserId:	S-1-12-1-2357405129-1281513531-255772574-1816207334
 ServiceTag:	
 Return Code:	0x0"
"06-08-2026 14:03:22","15","Information","Microsoft-Windows-Crypto-NCrypt","New client uses VBS Key Isolation
Name: chrome.exe
Binding status: 0x0 (The operation completed successfully.)
Client instance binding attempts: 1
"
"06-08-2026 10:56:36","11","Verbose","Microsoft-Windows-Crypto-NCrypt","Delete key succeeded.

 Provider Name:	Microsoft Software Key Storage Provider
 Flags:		0x40
 DeletionType: 		0x0
 Key Name:	ChromeMetricsTestKey
 Key File Name:	1e313dfb17707690d41bc1ce552b952a_871e017e-bcbc-4dc7-98b5-1cc935df09e8
 ProcessName:	C:\Program Files (x86)\Microsoft\EdgeWebView\Application\151.0.4129.59\msedgewebview2.exe
 ProcessId:	0x3B84
 ServerThreadId:	0x58C
 UserId:	S-1-12-1-2357405129-1281513531-255772574-1816207334
 ServiceTag:	
 Return Code:	0x0"
"06-08-2026 10:56:36","9","Verbose","Microsoft-Windows-Crypto-NCrypt","Key write succeeded.

 Provider Name:	Microsoft Software Key Storage Provider
 ModificationType: 		0x1
 Flags:		0x1
 Key Name:	ChromeMetricsTestKey
 Key File Name:	1e313dfb17707690d41bc1ce552b952a_871e017e-bcbc-4dc7-98b5-1cc935df09e8
 ProcessName:	C:\Program Files (x86)\Microsoft\EdgeWebView\Application\151.0.4129.59\msedgewebview2.exe
 ProcessId:	0x3B84
 ServerThreadId:	0x58C
 UserId:	S-1-12-1-2357405129-1281513531-255772574-1816207334
 ServiceTag:	
 Return Code:	0x0"
"06-08-2026 10:56:36","15","Information","Microsoft-Windows-Crypto-NCrypt","New client uses VBS Key Isolation
Name: msedgewebview2.exe
Binding status: 0x0 (The operation completed successfully.)
Client instance binding attempts: 1
"
"06-08-2026 10:24:45","11","Verbose","Microsoft-Windows-Crypto-NCrypt","Delete key succeeded.

 Provider Name:	Microsoft Software Key Storage Provider
 Flags:		0x40
 DeletionType: 		0x0
 Key Name:	ChromeMetricsTestKey
 Key File Name:	1e313dfb17707690d41bc1ce552b952a_871e017e-bcbc-4dc7-98b5-1cc935df09e8
 ProcessName:	C:\Program Files (x86)\Microsoft\EdgeWebView\Application\151.0.4129.59\msedgewebview2.exe
 ProcessId:	0x2D68
 ServerThreadId:	0x7A04
 UserId:	S-1-12-1-2357405129-1281513531-255772574-1816207334
 ServiceTag:	
 Return Code:	0x0"
"06-08-2026 10:24:45","9","Verbose","Microsoft-Windows-Crypto-NCrypt","Key write succeeded.

 Provider Name:	Microsoft Software Key Storage Provider
 ModificationType: 		0x1
 Flags:		0x1
 Key Name:	ChromeMetricsTestKey
 Key File Name:	1e313dfb17707690d41bc1ce552b952a_871e017e-bcbc-4dc7-98b5-1cc935df09e8
 ProcessName:	C:\Program Files (x86)\Microsoft\EdgeWebView\Application\151.0.4129.59\msedgewebview2.exe
 ProcessId:	0x2D68
 ServerThreadId:	0x7A04
 UserId:	S-1-12-1-2357405129-1281513531-255772574-1816207334
 ServiceTag:	
 Return Code:	0x0"
"06-08-2026 10:24:45","15","Information","Microsoft-Windows-Crypto-NCrypt","New client uses VBS Key Isolation
Name: msedgewebview2.exe
Binding status: 0x0 (The operation completed successfully.)
Client instance binding attempts: 1
"
"06-08-2026 10:24:18","11","Verbose","Microsoft-Windows-Crypto-NCrypt","Delete key succeeded.

 Provider Name:	Microsoft Software Key Storage Provider
 Flags:		0x40
 DeletionType: 		0x0
 Key Name:	ChromeMetricsTestKey
 Key File Name:	1e313dfb17707690d41bc1ce552b952a_871e017e-bcbc-4dc7-98b5-1cc935df09e8
 ProcessName:	C:\Program Files (x86)\Microsoft\EdgeWebView\Application\151.0.4129.59\msedgewebview2.exe
 ProcessId:	0x634C
 ServerThreadId:	0x7528
 UserId:	S-1-12-1-2357405129-1281513531-255772574-1816207334
 ServiceTag:	
 Return Code:	0x0"
"06-08-2026 10:24:18","9","Verbose","Microsoft-Windows-Crypto-NCrypt","Key write succeeded.

 Provider Name:	Microsoft Software Key Storage Provider
 ModificationType: 		0x1
 Flags:		0x1
 Key Name:	ChromeMetricsTestKey
 Key File Name:	1e313dfb17707690d41bc1ce552b952a_871e017e-bcbc-4dc7-98b5-1cc935df09e8
 ProcessName:	C:\Program Files (x86)\Microsoft\EdgeWebView\Application\151.0.4129.59\msedgewebview2.exe
 ProcessId:	0x634C
 ServerThreadId:	0x7528
 UserId:	S-1-12-1-2357405129-1281513531-255772574-1816207334
 ServiceTag:	
 Return Code:	0x0"
"06-08-2026 10:24:18","15","Information","Microsoft-Windows-Crypto-NCrypt","New client uses VBS Key Isolation
Name: msedgewebview2.exe
Binding status: 0x0 (The operation completed successfully.)
Client instance binding attempts: 1
"
"06-08-2026 10:23:43","11","Verbose","Microsoft-Windows-Crypto-NCrypt","Delete key succeeded.

 Provider Name:	Microsoft Software Key Storage Provider
 Flags:		0x40
 DeletionType: 		0x0
 Key Name:	ChromeMetricsTestKey
 Key File Name:	1e313dfb17707690d41bc1ce552b952a_871e017e-bcbc-4dc7-98b5-1cc935df09e8
 ProcessName:	C:\Program Files (x86)\Microsoft\EdgeWebView\Application\150.0.4078.105\msedgewebview2.exe
 ProcessId:	0xE78
 ServerThreadId:	0x58C
 UserId:	S-1-12-1-2357405129-1281513531-255772574-1816207334
 ServiceTag:	
 Return Code:	0x0"
"06-08-2026 10:23:43","9","Verbose","Microsoft-Windows-Crypto-NCrypt","Key write succeeded.

 Provider Name:	Microsoft Software Key Storage Provider
 ModificationType: 		0x1
 Flags:		0x1
 Key Name:	ChromeMetricsTestKey
 Key File Name:	1e313dfb17707690d41bc1ce552b952a_871e017e-bcbc-4dc7-98b5-1cc935df09e8
 ProcessName:	C:\Program Files (x86)\Microsoft\EdgeWebView\Application\150.0.4078.105\msedgewebview2.exe
 ProcessId:	0xE78
 ServerThreadId:	0x58C
 UserId:	S-1-12-1-2357405129-1281513531-255772574-1816207334
 ServiceTag:	
 Return Code:	0x0"
"06-08-2026 10:23:43","15","Information","Microsoft-Windows-Crypto-NCrypt","New client uses VBS Key Isolation
Name: msedgewebview2.exe
Binding status: 0x0 (The operation completed successfully.)
Client instance binding attempts: 1
"
"06-08-2026 10:19:37","11","Verbose","Microsoft-Windows-Crypto-NCrypt","Delete key succeeded.

 Provider Name:	Microsoft Software Key Storage Provider
 Flags:		0x40
 DeletionType: 		0x0
 Key Name:	ChromeMetricsTestKey
 Key File Name:	1e313dfb17707690d41bc1ce552b952a_871e017e-bcbc-4dc7-98b5-1cc935df09e8
 ProcessName:	C:\Program Files (x86)\Microsoft\EdgeWebView\Application\151.0.4129.59\msedgewebview2.exe
 ProcessId:	0x6CF8
 ServerThreadId:	0x4490
 UserId:	S-1-12-1-2357405129-1281513531-255772574-1816207334
 ServiceTag:	
 Return Code:	0x0"
"06-08-2026 10:19:37","9","Verbose","Microsoft-Windows-Crypto-NCrypt","Key write succeeded.

 Provider Name:	Microsoft Software Key Storage Provider
 ModificationType: 		0x1
 Flags:		0x1
 Key Name:	ChromeMetricsTestKey
 Key File Name:	1e313dfb17707690d41bc1ce552b952a_871e017e-bcbc-4dc7-98b5-1cc935df09e8
 ProcessName:	C:\Program Files (x86)\Microsoft\EdgeWebView\Application\151.0.4129.59\msedgewebview2.exe
 ProcessId:	0x6CF8
 ServerThreadId:	0x4490
 UserId:	S-1-12-1-2357405129-1281513531-255772574-1816207334
 ServiceTag:	
 Return Code:	0x0"
"06-08-2026 10:19:37","15","Information","Microsoft-Windows-Crypto-NCrypt","New client uses VBS Key Isolation
Name: msedgewebview2.exe
Binding status: 0x0 (The operation completed successfully.)
Client instance binding attempts: 1
"
"06-08-2026 10:19:16","11","Verbose","Microsoft-Windows-Crypto-NCrypt","Delete key succeeded.

 Provider Name:	Microsoft Software Key Storage Provider
 Flags:		0x40
 DeletionType: 		0x0
 Key Name:	ChromeMetricsTestKey
 Key File Name:	1e313dfb17707690d41bc1ce552b952a_871e017e-bcbc-4dc7-98b5-1cc935df09e8
 ProcessName:	C:\Program Files (x86)\Microsoft\EdgeWebView\Application\151.0.4129.59\msedgewebview2.exe
 ProcessId:	0x18B8
 ServerThreadId:	0x58C
 UserId:	S-1-12-1-2357405129-1281513531-255772574-1816207334
 ServiceTag:	
 Return Code:	0x0"
"06-08-2026 10:19:16","9","Verbose","Microsoft-Windows-Crypto-NCrypt","Key write succeeded.

 Provider Name:	Microsoft Software Key Storage Provider
 ModificationType: 		0x1
 Flags:		0x1
 Key Name:	ChromeMetricsTestKey
 Key File Name:	1e313dfb17707690d41bc1ce552b952a_871e017e-bcbc-4dc7-98b5-1cc935df09e8
 ProcessName:	C:\Program Files (x86)\Microsoft\EdgeWebView\Application\151.0.4129.59\msedgewebview2.exe
 ProcessId:	0x18B8
 ServerThreadId:	0x58C
 UserId:	S-1-12-1-2357405129-1281513531-255772574-1816207334
 ServiceTag:	
 Return Code:	0x0"
"06-08-2026 10:19:16","15","Information","Microsoft-Windows-Crypto-NCrypt","New client uses VBS Key Isolation
Name: msedgewebview2.exe
Binding status: 0x0 (The operation completed successfully.)
Client instance binding attempts: 1
"
"06-08-2026 10:18:59","11","Verbose","Microsoft-Windows-Crypto-NCrypt","Delete key succeeded.

 Provider Name:	Microsoft Software Key Storage Provider
 Flags:		0x40
 DeletionType: 		0x0
 Key Name:	ChromeMetricsTestKey
 Key File Name:	1e313dfb17707690d41bc1ce552b952a_871e017e-bcbc-4dc7-98b5-1cc935df09e8
 ProcessName:	C:\Program Files (x86)\Microsoft\EdgeWebView\Application\151.0.4129.59\msedgewebview2.exe
 ProcessId:	0x4924
 ServerThreadId:	0x47DC
 UserId:	S-1-12-1-2357405129-1281513531-255772574-1816207334
 ServiceTag:	
 Return Code:	0x0"
"06-08-2026 10:18:59","9","Verbose","Microsoft-Windows-Crypto-NCrypt","Key write succeeded.

 Provider Name:	Microsoft Software Key Storage Provider
 ModificationType: 		0x1
 Flags:		0x1
 Key Name:	ChromeMetricsTestKey
 Key File Name:	1e313dfb17707690d41bc1ce552b952a_871e017e-bcbc-4dc7-98b5-1cc935df09e8
 ProcessName:	C:\Program Files (x86)\Microsoft\EdgeWebView\Application\151.0.4129.59\msedgewebview2.exe
 ProcessId:	0x4924
 ServerThreadId:	0x47DC
 UserId:	S-1-12-1-2357405129-1281513531-255772574-1816207334
 ServiceTag:	
 Return Code:	0x0"
"06-08-2026 10:18:59","15","Information","Microsoft-Windows-Crypto-NCrypt","New client uses VBS Key Isolation
Name: msedgewebview2.exe
Binding status: 0x0 (The operation completed successfully.)
Client instance binding attempts: 1
"
"06-08-2026 08:56:31","11","Verbose","Microsoft-Windows-Crypto-NCrypt","Delete key succeeded.

 Provider Name:	Microsoft Software Key Storage Provider
 Flags:		0x40
 DeletionType: 		0x0
 Key Name:	ChromeMetricsTestKey
 Key File Name:	1e313dfb17707690d41bc1ce552b952a_871e017e-bcbc-4dc7-98b5-1cc935df09e8
 ProcessName:	C:\Program Files (x86)\Microsoft\EdgeWebView\Application\151.0.4129.59\msedgewebview2.exe
 ProcessId:	0x5B4
 ServerThreadId:	0x28C0
 UserId:	S-1-12-1-2357405129-1281513531-255772574-1816207334
 ServiceTag:	
 Return Code:	0x0"
"06-08-2026 08:56:31","9","Verbose","Microsoft-Windows-Crypto-NCrypt","Key write succeeded.

 Provider Name:	Microsoft Software Key Storage Provider
 ModificationType: 		0x1
 Flags:		0x1
 Key Name:	ChromeMetricsTestKey
 Key File Name:	1e313dfb17707690d41bc1ce552b952a_871e017e-bcbc-4dc7-98b5-1cc935df09e8
 ProcessName:	C:\Program Files (x86)\Microsoft\EdgeWebView\Application\151.0.4129.59\msedgewebview2.exe
 ProcessId:	0x5B4
 ServerThreadId:	0x28C0
 UserId:	S-1-12-1-2357405129-1281513531-255772574-1816207334
 ServiceTag:	
 Return Code:	0x0"
"06-08-2026 08:56:31","15","Information","Microsoft-Windows-Crypto-NCrypt","New client uses VBS Key Isolation
Name: msedgewebview2.exe
Binding status: 0x0 (The operation completed successfully.)
Client instance binding attempts: 1
"
"06-08-2026 08:54:53","1","Error","Microsoft-Windows-Crypto-NCrypt","Cryptographic Operation failed.

 Cryptographic Parameters:
 	OperationType:	16
 	Provider Name:	Microsoft Platform Crypto Provider
 	Key Name:	WindowsAIK_ECC_TPM_ECC_NIST_P256
 	Key Type:	
 	Algorithm Name:	
 
Failure Information:
 	Return Code:	0x80090011"
"06-08-2026 08:54:53","1","Error","Microsoft-Windows-Crypto-NCrypt","Cryptographic Operation failed.

 Cryptographic Parameters:
 	OperationType:	16
 	Provider Name:	Microsoft Platform Crypto Provider
 	Key Name:	Windows Synthetic AIK
 	Key Type:	
 	Algorithm Name:	
 
Failure Information:
 	Return Code:	0x80090011"
"05-08-2026 19:12:13","11","Verbose","Microsoft-Windows-Crypto-NCrypt","Delete key succeeded.

 Provider Name:	Microsoft Software Key Storage Provider
 Flags:		0x40
 DeletionType: 		0x0
 Key Name:	ChromeMetricsTestKey
 Key File Name:	1e313dfb17707690d41bc1ce552b952a_871e017e-bcbc-4dc7-98b5-1cc935df09e8
 ProcessName:	C:\Program Files\Google\Chrome\Application\chrome.exe
 ProcessId:	0x7A48
 ServerThreadId:	0x28C0
 UserId:	S-1-12-1-2357405129-1281513531-255772574-1816207334
 ServiceTag:	
 Return Code:	0x0"
"05-08-2026 19:12:13","9","Verbose","Microsoft-Windows-Crypto-NCrypt","Key write succeeded.

 Provider Name:	Microsoft Software Key Storage Provider
 ModificationType: 		0x1
 Flags:		0x1
 Key Name:	ChromeMetricsTestKey
 Key File Name:	1e313dfb17707690d41bc1ce552b952a_871e017e-bcbc-4dc7-98b5-1cc935df09e8
 ProcessName:	C:\Program Files\Google\Chrome\Application\chrome.exe
 ProcessId:	0x7A48
 ServerThreadId:	0x28C0
 UserId:	S-1-12-1-2357405129-1281513531-255772574-1816207334
 ServiceTag:	
 Return Code:	0x0"
"05-08-2026 19:12:13","15","Information","Microsoft-Windows-Crypto-NCrypt","New client uses VBS Key Isolation
Name: chrome.exe
Binding status: 0x0 (The operation completed successfully.)
Client instance binding attempts: 1
"
"05-08-2026 18:29:55","11","Verbose","Microsoft-Windows-Crypto-NCrypt","Delete key succeeded.

 Provider Name:	Microsoft Software Key Storage Provider
 Flags:		0x40
 DeletionType: 		0x0
 Key Name:	ChromeMetricsTestKey
 Key File Name:	1e313dfb17707690d41bc1ce552b952a_871e017e-bcbc-4dc7-98b5-1cc935df09e8
 ProcessName:	C:\Program Files (x86)\Microsoft\EdgeWebView\Application\151.0.4129.59\msedgewebview2.exe
 ProcessId:	0x239C
 ServerThreadId:	0x58C
 UserId:	S-1-12-1-2357405129-1281513531-255772574-1816207334
 ServiceTag:	
 Return Code:	0x0"
"05-08-2026 18:29:55","9","Verbose","Microsoft-Windows-Crypto-NCrypt","Key write succeeded.

 Provider Name:	Microsoft Software Key Storage Provider
 ModificationType: 		0x1
 Flags:		0x1
 Key Name:	ChromeMetricsTestKey
 Key File Name:	1e313dfb17707690d41bc1ce552b952a_871e017e-bcbc-4dc7-98b5-1cc935df09e8
 ProcessName:	C:\Program Files (x86)\Microsoft\EdgeWebView\Application\151.0.4129.59\msedgewebview2.exe
 ProcessId:	0x239C
 ServerThreadId:	0x58C
 UserId:	S-1-12-1-2357405129-1281513531-255772574-1816207334
 ServiceTag:	
 Return Code:	0x0"
"05-08-2026 18:29:55","15","Information","Microsoft-Windows-Crypto-NCrypt","New client uses VBS Key Isolation
Name: msedgewebview2.exe
Binding status: 0x0 (The operation completed successfully.)
Client instance binding attempts: 1
"
"05-08-2026 15:46:37","11","Verbose","Microsoft-Windows-Crypto-NCrypt","Delete key succeeded.

 Provider Name:	Microsoft Software Key Storage Provider
 Flags:		0x40
 DeletionType: 		0x0
 Key Name:	ChromeMetricsTestKey
 Key File Name:	1e313dfb17707690d41bc1ce552b952a_871e017e-bcbc-4dc7-98b5-1cc935df09e8
 ProcessName:	C:\Program Files (x86)\Microsoft\EdgeWebView\Application\151.0.4129.59\msedgewebview2.exe
 ProcessId:	0x8C34
 ServerThreadId:	0x6408
 UserId:	S-1-12-1-2357405129-1281513531-255772574-1816207334
 ServiceTag:	
 Return Code:	0x0"
"05-08-2026 15:46:37","9","Verbose","Microsoft-Windows-Crypto-NCrypt","Key write succeeded.

 Provider Name:	Microsoft Software Key Storage Provider
 ModificationType: 		0x1
 Flags:		0x1
 Key Name:	ChromeMetricsTestKey
 Key File Name:	1e313dfb17707690d41bc1ce552b952a_871e017e-bcbc-4dc7-98b5-1cc935df09e8
 ProcessName:	C:\Program Files (x86)\Microsoft\EdgeWebView\Application\151.0.4129.59\msedgewebview2.exe
 ProcessId:	0x8C34
 ServerThreadId:	0x58C
 UserId:	S-1-12-1-2357405129-1281513531-255772574-1816207334
 ServiceTag:	
 Return Code:	0x0"
"05-08-2026 15:46:37","15","Information","Microsoft-Windows-Crypto-NCrypt","New client uses VBS Key Isolation
Name: msedgewebview2.exe
Binding status: 0x0 (The operation completed successfully.)
Client instance binding attempts: 1
"
"05-08-2026 14:36:29","11","Verbose","Microsoft-Windows-Crypto-NCrypt","Delete key succeeded.

 Provider Name:	Microsoft Software Key Storage Provider
 Flags:		0x40
 DeletionType: 		0x0
 Key Name:	ChromeMetricsTestKey
 Key File Name:	1e313dfb17707690d41bc1ce552b952a_871e017e-bcbc-4dc7-98b5-1cc935df09e8
 ProcessName:	C:\Program Files (x86)\Microsoft\EdgeWebView\Application\151.0.4129.59\msedgewebview2.exe
 ProcessId:	0x84C4
 ServerThreadId:	0x28C0
 UserId:	S-1-12-1-2357405129-1281513531-255772574-1816207334
 ServiceTag:	
 Return Code:	0x0"
"05-08-2026 14:36:29","9","Verbose","Microsoft-Windows-Crypto-NCrypt","Key write succeeded.

 Provider Name:	Microsoft Software Key Storage Provider
 ModificationType: 		0x1
 Flags:		0x1
 Key Name:	ChromeMetricsTestKey
 Key File Name:	1e313dfb17707690d41bc1ce552b952a_871e017e-bcbc-4dc7-98b5-1cc935df09e8
 ProcessName:	C:\Program Files (x86)\Microsoft\EdgeWebView\Application\151.0.4129.59\msedgewebview2.exe
 ProcessId:	0x84C4
 ServerThreadId:	0x28C0
 UserId:	S-1-12-1-2357405129-1281513531-255772574-1816207334
 ServiceTag:	
 Return Code:	0x0"
"05-08-2026 14:36:29","15","Information","Microsoft-Windows-Crypto-NCrypt","New client uses VBS Key Isolation
Name: msedgewebview2.exe
Binding status: 0x0 (The operation completed successfully.)
Client instance binding attempts: 1
"
"05-08-2026 10:50:21","11","Verbose","Microsoft-Windows-Crypto-NCrypt","Delete key succeeded.

 Provider Name:	Microsoft Software Key Storage Provider
 Flags:		0x40
 DeletionType: 		0x0
 Key Name:	ChromeMetricsTestKey
 Key File Name:	1e313dfb17707690d41bc1ce552b952a_871e017e-bcbc-4dc7-98b5-1cc935df09e8
 ProcessName:	C:\Program Files (x86)\Microsoft\EdgeWebView\Application\151.0.4129.59\msedgewebview2.exe
 ProcessId:	0x80A4
 ServerThreadId:	0x76CC
 UserId:	S-1-12-1-2357405129-1281513531-255772574-1816207334
 ServiceTag:	
 Return Code:	0x0"
"05-08-2026 10:50:21","9","Verbose","Microsoft-Windows-Crypto-NCrypt","Key write succeeded.

 Provider Name:	Microsoft Software Key Storage Provider
 ModificationType: 		0x1
 Flags:		0x1
 Key Name:	ChromeMetricsTestKey
 Key File Name:	1e313dfb17707690d41bc1ce552b952a_871e017e-bcbc-4dc7-98b5-1cc935df09e8
 ProcessName:	C:\Program Files (x86)\Microsoft\EdgeWebView\Application\151.0.4129.59\msedgewebview2.exe
 ProcessId:	0x80A4
 ServerThreadId:	0x76CC
 UserId:	S-1-12-1-2357405129-1281513531-255772574-1816207334
 ServiceTag:	
 Return Code:	0x0"
"05-08-2026 10:50:21","15","Information","Microsoft-Windows-Crypto-NCrypt","New client uses VBS Key Isolation
Name: msedgewebview2.exe
Binding status: 0x0 (The operation completed successfully.)
Client instance binding attempts: 1
"
"05-08-2026 09:39:48","11","Verbose","Microsoft-Windows-Crypto-NCrypt","Delete key succeeded.

 Provider Name:	Microsoft Software Key Storage Provider
 Flags:		0x40
 DeletionType: 		0x0
 Key Name:	ChromeMetricsTestKey
 Key File Name:	1e313dfb17707690d41bc1ce552b952a_871e017e-bcbc-4dc7-98b5-1cc935df09e8
 ProcessName:	C:\Program Files (x86)\Microsoft\EdgeWebView\Application\150.0.4078.105\msedgewebview2.exe
 ProcessId:	0x3C48
 ServerThreadId:	0x4050
 UserId:	S-1-12-1-2357405129-1281513531-255772574-1816207334
 ServiceTag:	
 Return Code:	0x0"
"05-08-2026 09:39:48","9","Verbose","Microsoft-Windows-Crypto-NCrypt","Key write succeeded.

 Provider Name:	Microsoft Software Key Storage Provider
 ModificationType: 		0x1
 Flags:		0x1
 Key Name:	ChromeMetricsTestKey
 Key File Name:	1e313dfb17707690d41bc1ce552b952a_871e017e-bcbc-4dc7-98b5-1cc935df09e8
 ProcessName:	C:\Program Files (x86)\Microsoft\EdgeWebView\Application\150.0.4078.105\msedgewebview2.exe
 ProcessId:	0x3C48
 ServerThreadId:	0x8738
 UserId:	S-1-12-1-2357405129-1281513531-255772574-1816207334
 ServiceTag:	
 Return Code:	0x0"
"05-08-2026 09:39:48","15","Information","Microsoft-Windows-Crypto-NCrypt","New client uses VBS Key Isolation
Name: msedgewebview2.exe
Binding status: 0x0 (The operation completed successfully.)
Client instance binding attempts: 1
"
"05-08-2026 09:39:13","1","Error","Microsoft-Windows-Crypto-NCrypt","Cryptographic Operation failed.

 Cryptographic Parameters:
 	OperationType:	16
 	Provider Name:	Microsoft Platform Crypto Provider
 	Key Name:	WindowsAIK_ECC_TPM_ECC_NIST_P256
 	Key Type:	
 	Algorithm Name:	
 
Failure Information:
 	Return Code:	0x80090011"
"05-08-2026 09:39:13","1","Error","Microsoft-Windows-Crypto-NCrypt","Cryptographic Operation failed.

 Cryptographic Parameters:
 	OperationType:	16
 	Provider Name:	Microsoft Platform Crypto Provider
 	Key Name:	Windows Synthetic AIK
 	Key Type:	
 	Algorithm Name:	
 
Failure Information:
 	Return Code:	0x80090011"
