"11-08-2026 17:17:25","201","Information","Microsoft-Windows-AppModel-Runtime","Created process 432 for application Microsoft.MicrosoftEdge.Stable_8wekyb3d8bbwe!App in package Microsoft.MicrosoftEdge.Stable_151.0.4129.72_neutral__8wekyb3d8bbwe. [FinishPackageActivation]"
"11-08-2026 17:17:25","219","Information","Microsoft-Windows-AppModel-Runtime","PSMFlags for Desktop AppX process %1 with applicationID %2 is %3."
"11-08-2026 17:09:01","211","Information","Microsoft-Windows-AppModel-Runtime","Added process 14008 to Desktop AppX container 67684866-954e-11f1-a28e-54582d32ed0c for package MicrosoftWindows.Client.CBS_1000.26100.334.0_x64__cw5n1h2txyewy."
"11-08-2026 17:05:28","39","Information","Microsoft-Windows-AppModel-Runtime","Successfully created AppContainer LpacSenseImdsCollector."
"11-08-2026 17:05:28","41","Information","Microsoft-Windows-AppModel-Runtime","Successfully deleted AppContainer LpacSenseImdsCollector."
"11-08-2026 17:01:04","201","Information","Microsoft-Windows-AppModel-Runtime","Created process 20236 for application MSTeams_8wekyb3d8bbwe!MSTeams in package MSTeams_26183.1903.4892.4448_x64__8wekyb3d8bbwe. [LaunchProcess]"
"11-08-2026 17:01:04","211","Information","Microsoft-Windows-AppModel-Runtime","Added process 20236 to Desktop AppX container 67684b99-954e-11f1-a28e-54582d32ed0c for package MSTeams_26183.1903.4892.4448_x64__8wekyb3d8bbwe."
"11-08-2026 17:01:04","219","Information","Microsoft-Windows-AppModel-Runtime","PSMFlags for Desktop AppX process %1 with applicationID %2 is %3."
"11-08-2026 16:59:29","201","Information","Microsoft-Windows-AppModel-Runtime","Created process 20476 for application MSTeams_8wekyb3d8bbwe!MSTeams in package MSTeams_26183.1903.4892.4448_x64__8wekyb3d8bbwe. [LaunchProcess]"
"11-08-2026 16:59:29","211","Information","Microsoft-Windows-AppModel-Runtime","Added process 20476 to Desktop AppX container 67684b99-954e-11f1-a28e-54582d32ed0c for package MSTeams_26183.1903.4892.4448_x64__8wekyb3d8bbwe."
"11-08-2026 16:59:29","219","Information","Microsoft-Windows-AppModel-Runtime","PSMFlags for Desktop AppX process %1 with applicationID %2 is %3."
"11-08-2026 16:54:01","211","Information","Microsoft-Windows-AppModel-Runtime","Added process 27804 to Desktop AppX container 67684866-954e-11f1-a28e-54582d32ed0c for package MicrosoftWindows.Client.CBS_1000.26100.334.0_x64__cw5n1h2txyewy."
"11-08-2026 16:39:01","211","Information","Microsoft-Windows-AppModel-Runtime","Added process 1876 to Desktop AppX container 67684866-954e-11f1-a28e-54582d32ed0c for package MicrosoftWindows.Client.CBS_1000.26100.334.0_x64__cw5n1h2txyewy."
"11-08-2026 16:32:31","211","Information","Microsoft-Windows-AppModel-Runtime","Added process 14040 to Desktop AppX container 67684b99-954e-11f1-a28e-54582d32ed0c for package MSTeams_26183.1903.4892.4448_x64__8wekyb3d8bbwe."
"11-08-2026 16:24:01","211","Information","Microsoft-Windows-AppModel-Runtime","Added process 23916 to Desktop AppX container 67684866-954e-11f1-a28e-54582d32ed0c for package MicrosoftWindows.Client.CBS_1000.26100.334.0_x64__cw5n1h2txyewy."
"11-08-2026 16:18:32","217","Information","Microsoft-Windows-AppModel-Runtime","Destroyed Desktop AppX container {67685FD2-954E-11F1-A28E-54582D32ED0C} for package Microsoft.WindowsStore_22606.1401.13.0_x64__8wekyb3d8bbwe."
"11-08-2026 16:17:32","211","Information","Microsoft-Windows-AppModel-Runtime","Added process 14564 to Desktop AppX container 67685fd2-954e-11f1-a28e-54582d32ed0c for package Microsoft.WindowsStore_22606.1401.13.0_x64__8wekyb3d8bbwe."
"11-08-2026 16:17:32","210","Information","Microsoft-Windows-AppModel-Runtime","Created Desktop AppX container {67685FD2-954E-11F1-A28E-54582D32ED0C} for package Microsoft.WindowsStore_22606.1401.13.0_x64__8wekyb3d8bbwe."
"11-08-2026 16:09:01","211","Information","Microsoft-Windows-AppModel-Runtime","Added process 8996 to Desktop AppX container 67684866-954e-11f1-a28e-54582d32ed0c for package MicrosoftWindows.Client.CBS_1000.26100.334.0_x64__cw5n1h2txyewy."
"11-08-2026 16:05:02","39","Information","Microsoft-Windows-AppModel-Runtime","Successfully created AppContainer LpacSenseImdsCollector."
"11-08-2026 16:05:02","41","Information","Microsoft-Windows-AppModel-Runtime","Successfully deleted AppContainer LpacSenseImdsCollector."
"11-08-2026 15:54:01","211","Information","Microsoft-Windows-AppModel-Runtime","Added process 9788 to Desktop AppX container 67684866-954e-11f1-a28e-54582d32ed0c for package MicrosoftWindows.Client.CBS_1000.26100.334.0_x64__cw5n1h2txyewy."
"11-08-2026 15:39:01","211","Information","Microsoft-Windows-AppModel-Runtime","Added process 11056 to Desktop AppX container 67684866-954e-11f1-a28e-54582d32ed0c for package MicrosoftWindows.Client.CBS_1000.26100.334.0_x64__cw5n1h2txyewy."
"11-08-2026 15:32:31","211","Information","Microsoft-Windows-AppModel-Runtime","Added process 27996 to Desktop AppX container 67684b99-954e-11f1-a28e-54582d32ed0c for package MSTeams_26183.1903.4892.4448_x64__8wekyb3d8bbwe."
"11-08-2026 15:30:13","201","Information","Microsoft-Windows-AppModel-Runtime","Created process 11312 for application MSTeams_8wekyb3d8bbwe!MSTeams in package MSTeams_26183.1903.4892.4448_x64__8wekyb3d8bbwe. [LaunchProcess]"
"11-08-2026 15:30:13","211","Information","Microsoft-Windows-AppModel-Runtime","Added process 11312 to Desktop AppX container 67684b99-954e-11f1-a28e-54582d32ed0c for package MSTeams_26183.1903.4892.4448_x64__8wekyb3d8bbwe."
"11-08-2026 15:30:13","219","Information","Microsoft-Windows-AppModel-Runtime","PSMFlags for Desktop AppX process %1 with applicationID %2 is %3."
"11-08-2026 15:27:35","39","Information","Microsoft-Windows-AppModel-Runtime","Successfully created AppContainer LpacSenseNdr."
"11-08-2026 15:27:35","41","Information","Microsoft-Windows-AppModel-Runtime","Successfully deleted AppContainer LpacSenseNdr."
"11-08-2026 15:24:01","211","Information","Microsoft-Windows-AppModel-Runtime","Added process 27640 to Desktop AppX container 67684866-954e-11f1-a28e-54582d32ed0c for package MicrosoftWindows.Client.CBS_1000.26100.334.0_x64__cw5n1h2txyewy."
"11-08-2026 15:09:01","211","Information","Microsoft-Windows-AppModel-Runtime","Added process 13508 to Desktop AppX container 67684866-954e-11f1-a28e-54582d32ed0c for package MicrosoftWindows.Client.CBS_1000.26100.334.0_x64__cw5n1h2txyewy."
"11-08-2026 15:04:36","39","Information","Microsoft-Windows-AppModel-Runtime","Successfully created AppContainer LpacSenseImdsCollector."
"11-08-2026 15:04:36","41","Information","Microsoft-Windows-AppModel-Runtime","Successfully deleted AppContainer LpacSenseImdsCollector."
"11-08-2026 14:54:01","211","Information","Microsoft-Windows-AppModel-Runtime","Added process 5900 to Desktop AppX container 67684866-954e-11f1-a28e-54582d32ed0c for package MicrosoftWindows.Client.CBS_1000.26100.334.0_x64__cw5n1h2txyewy."
"11-08-2026 14:39:01","211","Information","Microsoft-Windows-AppModel-Runtime","Added process 22240 to Desktop AppX container 67684866-954e-11f1-a28e-54582d32ed0c for package MicrosoftWindows.Client.CBS_1000.26100.334.0_x64__cw5n1h2txyewy."
"11-08-2026 14:32:31","211","Information","Microsoft-Windows-AppModel-Runtime","Added process 14016 to Desktop AppX container 67684b99-954e-11f1-a28e-54582d32ed0c for package MSTeams_26183.1903.4892.4448_x64__8wekyb3d8bbwe."
"11-08-2026 14:24:01","211","Information","Microsoft-Windows-AppModel-Runtime","Added process 15808 to Desktop AppX container 67684866-954e-11f1-a28e-54582d32ed0c for package MicrosoftWindows.Client.CBS_1000.26100.334.0_x64__cw5n1h2txyewy."
"11-08-2026 14:16:44","217","Information","Microsoft-Windows-AppModel-Runtime","Destroyed Desktop AppX container {67685757-954E-11F1-A28E-54582D32ED0C} for package Microsoft.WindowsStore_22606.1401.13.0_x64__8wekyb3d8bbwe."
"11-08-2026 14:15:44","211","Information","Microsoft-Windows-AppModel-Runtime","Added process 10052 to Desktop AppX container 67685757-954e-11f1-a28e-54582d32ed0c for package Microsoft.WindowsStore_22606.1401.13.0_x64__8wekyb3d8bbwe."
"11-08-2026 14:15:44","210","Information","Microsoft-Windows-AppModel-Runtime","Created Desktop AppX container {67685757-954E-11F1-A28E-54582D32ED0C} for package Microsoft.WindowsStore_22606.1401.13.0_x64__8wekyb3d8bbwe."
"11-08-2026 14:09:01","211","Information","Microsoft-Windows-AppModel-Runtime","Added process 18128 to Desktop AppX container 67684866-954e-11f1-a28e-54582d32ed0c for package MicrosoftWindows.Client.CBS_1000.26100.334.0_x64__cw5n1h2txyewy."
"11-08-2026 14:04:10","39","Information","Microsoft-Windows-AppModel-Runtime","Successfully created AppContainer LpacSenseImdsCollector."
"11-08-2026 14:04:10","41","Information","Microsoft-Windows-AppModel-Runtime","Successfully deleted AppContainer LpacSenseImdsCollector."
"11-08-2026 13:54:25","211","Information","Microsoft-Windows-AppModel-Runtime","Added process 11652 to Desktop AppX container 67684866-954e-11f1-a28e-54582d32ed0c for package MicrosoftWindows.Client.CBS_1000.26100.334.0_x64__cw5n1h2txyewy."
"11-08-2026 13:54:01","211","Information","Microsoft-Windows-AppModel-Runtime","Added process 23884 to Desktop AppX container 67684866-954e-11f1-a28e-54582d32ed0c for package MicrosoftWindows.Client.CBS_1000.26100.334.0_x64__cw5n1h2txyewy."
"11-08-2026 13:39:01","211","Information","Microsoft-Windows-AppModel-Runtime","Added process 15916 to Desktop AppX container 67684866-954e-11f1-a28e-54582d32ed0c for package MicrosoftWindows.Client.CBS_1000.26100.334.0_x64__cw5n1h2txyewy."
"11-08-2026 13:32:31","211","Information","Microsoft-Windows-AppModel-Runtime","Added process 8572 to Desktop AppX container 67684b99-954e-11f1-a28e-54582d32ed0c for package MSTeams_26183.1903.4892.4448_x64__8wekyb3d8bbwe."
"11-08-2026 13:24:01","211","Information","Microsoft-Windows-AppModel-Runtime","Added process 14596 to Desktop AppX container 67684866-954e-11f1-a28e-54582d32ed0c for package MicrosoftWindows.Client.CBS_1000.26100.334.0_x64__cw5n1h2txyewy."
"11-08-2026 13:09:01","211","Information","Microsoft-Windows-AppModel-Runtime","Added process 26096 to Desktop AppX container 67684866-954e-11f1-a28e-54582d32ed0c for package MicrosoftWindows.Client.CBS_1000.26100.334.0_x64__cw5n1h2txyewy."
"11-08-2026 13:03:44","39","Information","Microsoft-Windows-AppModel-Runtime","Successfully created AppContainer LpacSenseImdsCollector."
"11-08-2026 13:03:44","41","Information","Microsoft-Windows-AppModel-Runtime","Successfully deleted AppContainer LpacSenseImdsCollector."
"11-08-2026 12:54:01","211","Information","Microsoft-Windows-AppModel-Runtime","Added process 12888 to Desktop AppX container 67684866-954e-11f1-a28e-54582d32ed0c for package MicrosoftWindows.Client.CBS_1000.26100.334.0_x64__cw5n1h2txyewy."
"11-08-2026 12:39:01","211","Information","Microsoft-Windows-AppModel-Runtime","Added process 27500 to Desktop AppX container 67684866-954e-11f1-a28e-54582d32ed0c for package MicrosoftWindows.Client.CBS_1000.26100.334.0_x64__cw5n1h2txyewy."
"11-08-2026 12:32:31","211","Information","Microsoft-Windows-AppModel-Runtime","Added process 15324 to Desktop AppX container 67684b99-954e-11f1-a28e-54582d32ed0c for package MSTeams_26183.1903.4892.4448_x64__8wekyb3d8bbwe."
"11-08-2026 12:24:01","211","Information","Microsoft-Windows-AppModel-Runtime","Added process 20512 to Desktop AppX container 67684866-954e-11f1-a28e-54582d32ed0c for package MicrosoftWindows.Client.CBS_1000.26100.334.0_x64__cw5n1h2txyewy."
"11-08-2026 12:22:09","201","Information","Microsoft-Windows-AppModel-Runtime","Created process 18856 for application Microsoft.Office.ActionsServer_8wekyb3d8bbwe!Microsoft.Office.ActionsServer in package Microsoft.Office.ActionsServer_16.0.20131.20152_neutral__8wekyb3d8bbwe. [FinishPackageActivation]"
"11-08-2026 12:22:09","219","Information","Microsoft-Windows-AppModel-Runtime","PSMFlags for Desktop AppX process %1 with applicationID %2 is %3."
"11-08-2026 12:18:47","39","Information","Microsoft-Windows-AppModel-Runtime","Successfully created AppContainer LpacSenseNdr."
"11-08-2026 12:18:47","41","Information","Microsoft-Windows-AppModel-Runtime","Successfully deleted AppContainer LpacSenseNdr."
"11-08-2026 12:18:10","217","Information","Microsoft-Windows-AppModel-Runtime","Destroyed Desktop AppX container {67684EBB-954E-11F1-A28E-54582D32ED0C} for package Microsoft.WindowsStore_22606.1401.13.0_x64__8wekyb3d8bbwe."
"11-08-2026 12:17:09","211","Information","Microsoft-Windows-AppModel-Runtime","Added process 17592 to Desktop AppX container 67684ebb-954e-11f1-a28e-54582d32ed0c for package Microsoft.WindowsStore_22606.1401.13.0_x64__8wekyb3d8bbwe."
"11-08-2026 12:17:09","210","Information","Microsoft-Windows-AppModel-Runtime","Created Desktop AppX container {67684EBB-954E-11F1-A28E-54582D32ED0C} for package Microsoft.WindowsStore_22606.1401.13.0_x64__8wekyb3d8bbwe."
"11-08-2026 12:17:09","201","Information","Microsoft-Windows-AppModel-Runtime","Created process 6508 for application Microsoft.Office.ActionsServer_8wekyb3d8bbwe!Microsoft.Office.ActionsServer in package Microsoft.Office.ActionsServer_16.0.20131.20152_neutral__8wekyb3d8bbwe. [FinishPackageActivation]"
"11-08-2026 12:17:09","219","Information","Microsoft-Windows-AppModel-Runtime","PSMFlags for Desktop AppX process %1 with applicationID %2 is %3."
"11-08-2026 12:16:29","42","Information","Microsoft-Windows-AppModel-Runtime","Successfully updated AppContainer DellInc.DellCommandUpdate_htrsf667h5kn2."
"11-08-2026 12:13:48","217","Information","Microsoft-Windows-AppModel-Runtime","Destroyed Desktop AppX container {67684D04-954E-11F1-A28E-54582D32ED0C} for package Microsoft.OneDriveSync_26134.713.7.0_neutral__8wekyb3d8bbwe."
"11-08-2026 12:13:43","211","Information","Microsoft-Windows-AppModel-Runtime","Added process 23700 to Desktop AppX container 67684d04-954e-11f1-a28e-54582d32ed0c for package Microsoft.OneDriveSync_26134.713.7.0_neutral__8wekyb3d8bbwe."
"11-08-2026 12:13:43","210","Information","Microsoft-Windows-AppModel-Runtime","Created Desktop AppX container {67684D04-954E-11F1-A28E-54582D32ED0C} for package Microsoft.OneDriveSync_26134.713.7.0_neutral__8wekyb3d8bbwe."
"11-08-2026 12:13:22","217","Information","Microsoft-Windows-AppModel-Runtime","Destroyed Desktop AppX container {67684C7A-954E-11F1-A28E-54582D32ED0C} for package Microsoft.WindowsStore_22606.1401.13.0_x64__8wekyb3d8bbwe."
"11-08-2026 12:12:22","211","Information","Microsoft-Windows-AppModel-Runtime","Added process 12024 to Desktop AppX container 67684c7a-954e-11f1-a28e-54582d32ed0c for package Microsoft.WindowsStore_22606.1401.13.0_x64__8wekyb3d8bbwe."
"11-08-2026 12:12:22","210","Information","Microsoft-Windows-AppModel-Runtime","Created Desktop AppX container {67684C7A-954E-11F1-A28E-54582D32ED0C} for package Microsoft.WindowsStore_22606.1401.13.0_x64__8wekyb3d8bbwe."
"11-08-2026 12:12:22","211","Information","Microsoft-Windows-AppModel-Runtime","Added process 3368 to Desktop AppX container 67684b99-954e-11f1-a28e-54582d32ed0c for package MSTeams_26183.1903.4892.4448_x64__8wekyb3d8bbwe."
"11-08-2026 12:11:44","217","Information","Microsoft-Windows-AppModel-Runtime","Destroyed Desktop AppX container {67684A5D-954E-11F1-A28E-54582D32ED0C} for package DellInc.DellCommandUpdate_5.7.276.0_x86__htrsf667h5kn2."
"11-08-2026 12:10:40","201","Information","Microsoft-Windows-AppModel-Runtime","Created process 20224 for application Microsoft.MicrosoftOfficeHub_8wekyb3d8bbwe!Microsoft.MicrosoftOfficeHub in package Microsoft.MicrosoftOfficeHub_19.2608.34011.0_x64__8wekyb3d8bbwe. [LaunchProcess]"
"11-08-2026 12:10:40","211","Information","Microsoft-Windows-AppModel-Runtime","Added process 20224 to Desktop AppX container 67684c0a-954e-11f1-a28e-54582d32ed0c for package Microsoft.MicrosoftOfficeHub_19.2608.34011.0_x64__8wekyb3d8bbwe."
"11-08-2026 12:10:40","219","Information","Microsoft-Windows-AppModel-Runtime","PSMFlags for Desktop AppX process %1 with applicationID %2 is %3."
"11-08-2026 12:10:39","201","Information","Microsoft-Windows-AppModel-Runtime","Created process 26460 for application Microsoft.MicrosoftOfficeHub_8wekyb3d8bbwe!Microsoft.MicrosoftOfficeHub in package Microsoft.MicrosoftOfficeHub_19.2608.34011.0_x64__8wekyb3d8bbwe. [LaunchProcess]"
"11-08-2026 12:10:39","211","Information","Microsoft-Windows-AppModel-Runtime","Added process 26460 to Desktop AppX container 67684c0a-954e-11f1-a28e-54582d32ed0c for package Microsoft.MicrosoftOfficeHub_19.2608.34011.0_x64__8wekyb3d8bbwe."
"11-08-2026 12:10:39","210","Information","Microsoft-Windows-AppModel-Runtime","Created Desktop AppX container {67684C0A-954E-11F1-A28E-54582D32ED0C} for package Microsoft.MicrosoftOfficeHub_19.2608.34011.0_x64__8wekyb3d8bbwe."
"11-08-2026 12:10:39","219","Information","Microsoft-Windows-AppModel-Runtime","PSMFlags for Desktop AppX process %1 with applicationID %2 is %3."
"11-08-2026 12:10:38","201","Information","Microsoft-Windows-AppModel-Runtime","Created process 26264 for application MSTeams_8wekyb3d8bbwe!MSTeams.Update in package MSTeams_26183.1903.4892.4448_x64__8wekyb3d8bbwe. [LaunchProcess]"
"11-08-2026 12:10:38","211","Information","Microsoft-Windows-AppModel-Runtime","Added process 26264 to Desktop AppX container 67684b99-954e-11f1-a28e-54582d32ed0c for package MSTeams_26183.1903.4892.4448_x64__8wekyb3d8bbwe."
"11-08-2026 12:10:38","219","Information","Microsoft-Windows-AppModel-Runtime","PSMFlags for Desktop AppX process %1 with applicationID %2 is %3."
"11-08-2026 12:10:21","211","Information","Microsoft-Windows-AppModel-Runtime","Added process 5932 to Desktop AppX container 67684866-954e-11f1-a28e-54582d32ed0c for package MicrosoftWindows.Client.CBS_1000.26100.334.0_x64__cw5n1h2txyewy."
"11-08-2026 12:10:10","201","Information","Microsoft-Windows-AppModel-Runtime","Created process 25504 for application MSTeams_8wekyb3d8bbwe!MSTeams in package MSTeams_26183.1903.4892.4448_x64__8wekyb3d8bbwe. [LaunchProcess]"
"11-08-2026 12:10:10","211","Information","Microsoft-Windows-AppModel-Runtime","Added process 25504 to Desktop AppX container 67684b99-954e-11f1-a28e-54582d32ed0c for package MSTeams_26183.1903.4892.4448_x64__8wekyb3d8bbwe."
"11-08-2026 12:10:10","219","Information","Microsoft-Windows-AppModel-Runtime","PSMFlags for Desktop AppX process %1 with applicationID %2 is %3."
"11-08-2026 12:10:08","201","Information","Microsoft-Windows-AppModel-Runtime","Created process 24488 for application MSTeams_8wekyb3d8bbwe!MSTeams in package MSTeams_26183.1903.4892.4448_x64__8wekyb3d8bbwe. [LaunchProcess]"
"11-08-2026 12:10:08","211","Information","Microsoft-Windows-AppModel-Runtime","Added process 24488 to Desktop AppX container 67684b99-954e-11f1-a28e-54582d32ed0c for package MSTeams_26183.1903.4892.4448_x64__8wekyb3d8bbwe."
"11-08-2026 12:10:08","219","Information","Microsoft-Windows-AppModel-Runtime","PSMFlags for Desktop AppX process %1 with applicationID %2 is %3."
"11-08-2026 12:10:08","211","Information","Microsoft-Windows-AppModel-Runtime","Added process 21672 to Desktop AppX container 67684b99-954e-11f1-a28e-54582d32ed0c for package MSTeams_26183.1903.4892.4448_x64__8wekyb3d8bbwe."
"11-08-2026 12:10:06","201","Information","Microsoft-Windows-AppModel-Runtime","Created process 23660 for application MSTeams_8wekyb3d8bbwe!MSTeams in package MSTeams_26183.1903.4892.4448_x64__8wekyb3d8bbwe. [LaunchProcess]"
"11-08-2026 12:10:06","211","Information","Microsoft-Windows-AppModel-Runtime","Added process 23660 to Desktop AppX container 67684b99-954e-11f1-a28e-54582d32ed0c for package MSTeams_26183.1903.4892.4448_x64__8wekyb3d8bbwe."
"11-08-2026 12:10:06","210","Information","Microsoft-Windows-AppModel-Runtime","Created Desktop AppX container {67684B99-954E-11F1-A28E-54582D32ED0C} for package MSTeams_26183.1903.4892.4448_x64__8wekyb3d8bbwe."
"11-08-2026 12:10:06","219","Information","Microsoft-Windows-AppModel-Runtime","PSMFlags for Desktop AppX process %1 with applicationID %2 is %3."
"11-08-2026 12:10:04","39","Information","Microsoft-Windows-AppModel-Runtime","Successfully created AppContainer LpacSenseNdr."
"11-08-2026 12:10:04","41","Information","Microsoft-Windows-AppModel-Runtime","Successfully deleted AppContainer LpacSenseNdr."
"11-08-2026 12:09:28","39","Information","Microsoft-Windows-AppModel-Runtime","Successfully created AppContainer LpacSenseNdr."
"11-08-2026 12:09:28","41","Information","Microsoft-Windows-AppModel-Runtime","Successfully deleted AppContainer LpacSenseNdr."
"11-08-2026 12:09:01","211","Information","Microsoft-Windows-AppModel-Runtime","Added process 22308 to Desktop AppX container 67684866-954e-11f1-a28e-54582d32ed0c for package MicrosoftWindows.Client.CBS_1000.26100.334.0_x64__cw5n1h2txyewy."
"11-08-2026 12:08:42","201","Information","Microsoft-Windows-AppModel-Runtime","Created process 22004 for application DellInc.DellCommandUpdate_htrsf667h5kn2!xC127EC8377A94AB49B6B084C44082B2Fx in package DellInc.DellCommandUpdate_5.7.276.0_x86__htrsf667h5kn2. [LaunchProcess]"
"11-08-2026 12:08:42","211","Information","Microsoft-Windows-AppModel-Runtime","Added process 22004 to Desktop AppX container 67684a5d-954e-11f1-a28e-54582d32ed0c for package DellInc.DellCommandUpdate_5.7.276.0_x86__htrsf667h5kn2."
"11-08-2026 12:08:42","210","Information","Microsoft-Windows-AppModel-Runtime","Created Desktop AppX container {67684A5D-954E-11F1-A28E-54582D32ED0C} for package DellInc.DellCommandUpdate_5.7.276.0_x86__htrsf667h5kn2."
"11-08-2026 12:08:42","219","Information","Microsoft-Windows-AppModel-Runtime","PSMFlags for Desktop AppX process %1 with applicationID %2 is %3."
"11-08-2026 12:08:39","217","Information","Microsoft-Windows-AppModel-Runtime","Destroyed Desktop AppX container {6768494A-954E-11F1-A28E-54582D32ED0C} for package DellInc.DellCommandUpdate_5.7.276.0_x86__htrsf667h5kn2."
"11-08-2026 12:08:24","201","Information","Microsoft-Windows-AppModel-Runtime","Created process 23052 for application Microsoft.MicrosoftEdge.Stable_8wekyb3d8bbwe!App in package Microsoft.MicrosoftEdge.Stable_151.0.4129.72_neutral__8wekyb3d8bbwe. [FinishPackageActivation]"
"11-08-2026 12:08:24","219","Information","Microsoft-Windows-AppModel-Runtime","PSMFlags for Desktop AppX process %1 with applicationID %2 is %3."
"11-08-2026 12:08:19","201","Information","Microsoft-Windows-AppModel-Runtime","Created process 22036 for application Microsoft.MicrosoftEdge.Stable_8wekyb3d8bbwe!App in package Microsoft.MicrosoftEdge.Stable_151.0.4129.72_neutral__8wekyb3d8bbwe. [FinishPackageActivation]"
"11-08-2026 12:08:18","219","Information","Microsoft-Windows-AppModel-Runtime","PSMFlags for Desktop AppX process %1 with applicationID %2 is %3."
"11-08-2026 12:07:42","42","Information","Microsoft-Windows-AppModel-Runtime","Successfully updated AppContainer Microsoft.StorePurchaseApp_8wekyb3d8bbwe."
"11-08-2026 12:07:29","201","Information","Microsoft-Windows-AppModel-Runtime","Created process 21100 for application DellInc.DellCommandUpdate_htrsf667h5kn2!xC127EC8377A94AB49B6B084C44082B2Fx in package DellInc.DellCommandUpdate_5.7.276.0_x86__htrsf667h5kn2. [LaunchProcess]"
"11-08-2026 12:07:29","211","Information","Microsoft-Windows-AppModel-Runtime","Added process 21100 to Desktop AppX container 6768494a-954e-11f1-a28e-54582d32ed0c for package DellInc.DellCommandUpdate_5.7.276.0_x86__htrsf667h5kn2."
"11-08-2026 12:07:29","210","Information","Microsoft-Windows-AppModel-Runtime","Created Desktop AppX container {6768494A-954E-11F1-A28E-54582D32ED0C} for package DellInc.DellCommandUpdate_5.7.276.0_x86__htrsf667h5kn2."
"11-08-2026 12:07:29","219","Information","Microsoft-Windows-AppModel-Runtime","PSMFlags for Desktop AppX process %1 with applicationID %2 is %3."
"11-08-2026 12:07:12","211","Information","Microsoft-Windows-AppModel-Runtime","Added process 18208 to Desktop AppX container 67684866-954e-11f1-a28e-54582d32ed0c for package MicrosoftWindows.Client.CBS_1000.26100.334.0_x64__cw5n1h2txyewy."
"11-08-2026 12:07:11","211","Information","Microsoft-Windows-AppModel-Runtime","Added process 17100 to Desktop AppX container 6768487a-954e-11f1-a28e-54582d32ed0c for package MicrosoftWindows.CrossDevice_1.26062.105.0_x64__cw5n1h2txyewy."
"11-08-2026 12:07:11","210","Information","Microsoft-Windows-AppModel-Runtime","Created Desktop AppX container {6768487A-954E-11F1-A28E-54582D32ED0C} for package MicrosoftWindows.CrossDevice_1.26062.105.0_x64__cw5n1h2txyewy."
"11-08-2026 12:07:10","201","Information","Microsoft-Windows-AppModel-Runtime","Created process 15084 for application MicrosoftWindows.Client.CBS_cw5n1h2txyewy!CrossDeviceResumeApp in package MicrosoftWindows.Client.CBS_1000.26100.334.0_x64__cw5n1h2txyewy. [LaunchProcess]"
"11-08-2026 12:07:10","211","Information","Microsoft-Windows-AppModel-Runtime","Added process 15084 to Desktop AppX container 67684866-954e-11f1-a28e-54582d32ed0c for package MicrosoftWindows.Client.CBS_1000.26100.334.0_x64__cw5n1h2txyewy."
"11-08-2026 12:07:09","210","Information","Microsoft-Windows-AppModel-Runtime","Created Desktop AppX container {67684866-954E-11F1-A28E-54582D32ED0C} for package MicrosoftWindows.Client.CBS_1000.26100.334.0_x64__cw5n1h2txyewy."
"11-08-2026 12:07:09","219","Information","Microsoft-Windows-AppModel-Runtime","PSMFlags for Desktop AppX process %1 with applicationID %2 is %3."
"11-08-2026 12:07:09","201","Information","Microsoft-Windows-AppModel-Runtime","Created process 16012 for application Microsoft.OfficePushNotificationUtility_8wekyb3d8bbwe!OPushUtil in package Microsoft.OfficePushNotificationUtility_16.0.20131.20152_neutral__8wekyb3d8bbwe. [FinishPackageActivation]"
"11-08-2026 12:07:09","219","Information","Microsoft-Windows-AppModel-Runtime","PSMFlags for Desktop AppX process %1 with applicationID %2 is %3."
"11-08-2026 12:06:47","39","Information","Microsoft-Windows-AppModel-Runtime","Successfully created AppContainer LpacSenseNdr."
"11-08-2026 12:06:47","41","Information","Microsoft-Windows-AppModel-Runtime","Successfully deleted AppContainer LpacSenseNdr."
"11-08-2026 12:02:48","39","Information","Microsoft-Windows-AppModel-Runtime","Successfully created AppContainer LpacSenseNdr."
"11-08-2026 12:02:48","41","Information","Microsoft-Windows-AppModel-Runtime","Successfully deleted AppContainer LpacSenseNdr."
"11-08-2026 12:02:46","39","Information","Microsoft-Windows-AppModel-Runtime","Successfully created AppContainer LpacSenseNdr."
"11-08-2026 12:02:46","41","Information","Microsoft-Windows-AppModel-Runtime","Successfully deleted AppContainer LpacSenseNdr."
"11-08-2026 12:02:44","39","Information","Microsoft-Windows-AppModel-Runtime","Successfully created AppContainer LpacSenseNdr."
"11-08-2026 12:02:44","41","Information","Microsoft-Windows-AppModel-Runtime","Successfully deleted AppContainer LpacSenseNdr."
"11-08-2026 12:02:42","39","Information","Microsoft-Windows-AppModel-Runtime","Successfully created AppContainer LpacSenseNdr."
"11-08-2026 12:02:42","41","Information","Microsoft-Windows-AppModel-Runtime","Successfully deleted AppContainer LpacSenseNdr."
"11-08-2026 12:02:42","39","Information","Microsoft-Windows-AppModel-Runtime","Successfully created AppContainer LpacSenseImdsCollector."
"11-08-2026 12:02:42","41","Information","Microsoft-Windows-AppModel-Runtime","Successfully deleted AppContainer LpacSenseImdsCollector."
"11-08-2026 12:02:39","211","Information","Microsoft-Windows-AppModel-Runtime","Added process 3828 to Desktop AppX container 6768476c-954e-11f1-a28e-54582d32ed0c for package AppUp.IntelArcSoftware_26.18.2353.0_x64__8j3eq9eme6ctt."
"11-08-2026 12:02:39","210","Information","Microsoft-Windows-AppModel-Runtime","Created Desktop AppX container {6768476C-954E-11F1-A28E-54582D32ED0C} for package AppUp.IntelArcSoftware_26.18.2353.0_x64__8j3eq9eme6ctt."
"11-08-2026 12:02:31","40","Information","Microsoft-Windows-AppModel-Runtime","AppContainer onecore\ds\security\gina\profile\profext\appcontainer.cpp Line:1863 Usermode Font Driver Host microsoft.windows.fontdrvhost was not created because it already exists."
"11-08-2026 12:02:31","40","Information","Microsoft-Windows-AppModel-Runtime","AppContainer onecore\ds\security\gina\profile\profext\appcontainer.cpp Line:1863 Usermode Font Driver Host microsoft.windows.fontdrvhost was not created because it already exists."
"11-08-2026 12:01:59","39","Information","Microsoft-Windows-AppModel-Runtime","Successfully created AppContainer LpacSenseNdr."
"11-08-2026 12:01:59","41","Information","Microsoft-Windows-AppModel-Runtime","Successfully deleted AppContainer LpacSenseNdr."
"11-08-2026 12:01:58","217","Information","Microsoft-Windows-AppModel-Runtime","Destroyed Desktop AppX container {C523B371-9470-11F1-A28D-54582D32ED0C} for package AppUp.IntelArcSoftware_26.18.2353.0_x64__8j3eq9eme6ctt."
"11-08-2026 12:01:33","217","Information","Microsoft-Windows-AppModel-Runtime","Destroyed Desktop AppX container {C523B7AE-9470-11F1-A28D-54582D32ED0C} for package MSTeams_26183.1903.4892.4448_x64__8wekyb3d8bbwe."
"11-08-2026 12:01:32","217","Information","Microsoft-Windows-AppModel-Runtime","Destroyed Desktop AppX container {C523B855-9470-11F1-A28D-54582D32ED0C} for package Microsoft.MicrosoftOfficeHub_19.2608.34011.0_x64__8wekyb3d8bbwe."
"11-08-2026 12:01:32","217","Information","Microsoft-Windows-AppModel-Runtime","Destroyed Desktop AppX container {C523B5EC-9470-11F1-A28D-54582D32ED0C} for package MicrosoftWindows.CrossDevice_1.26062.105.0_x64__cw5n1h2txyewy."
"11-08-2026 12:01:32","217","Information","Microsoft-Windows-AppModel-Runtime","Destroyed Desktop AppX container {C523B5CE-9470-11F1-A28D-54582D32ED0C} for package MicrosoftWindows.Client.CBS_1000.26100.334.0_x64__cw5n1h2txyewy."
"11-08-2026 11:54:01","211","Information","Microsoft-Windows-AppModel-Runtime","Added process 19740 to Desktop AppX container c523b5ce-9470-11f1-a28d-54582d32ed0c for package MicrosoftWindows.Client.CBS_1000.26100.334.0_x64__cw5n1h2txyewy."
"11-08-2026 11:53:47","39","Information","Microsoft-Windows-AppModel-Runtime","Successfully created AppContainer LpacSenseImdsCollector."
"11-08-2026 11:53:46","41","Information","Microsoft-Windows-AppModel-Runtime","Successfully deleted AppContainer LpacSenseImdsCollector."
"11-08-2026 11:40:46","211","Information","Microsoft-Windows-AppModel-Runtime","Added process 25056 to Desktop AppX container c523b7ae-9470-11f1-a28d-54582d32ed0c for package MSTeams_26183.1903.4892.4448_x64__8wekyb3d8bbwe."
"11-08-2026 11:39:01","211","Information","Microsoft-Windows-AppModel-Runtime","Added process 20716 to Desktop AppX container c523b5ce-9470-11f1-a28d-54582d32ed0c for package MicrosoftWindows.Client.CBS_1000.26100.334.0_x64__cw5n1h2txyewy."
"11-08-2026 11:24:01","211","Information","Microsoft-Windows-AppModel-Runtime","Added process 29588 to Desktop AppX container c523b5ce-9470-11f1-a28d-54582d32ed0c for package MicrosoftWindows.Client.CBS_1000.26100.334.0_x64__cw5n1h2txyewy."
"11-08-2026 11:10:54","217","Information","Microsoft-Windows-AppModel-Runtime","Destroyed Desktop AppX container {F18E42E4-94A5-11F1-A28D-54582D32ED0C} for package Microsoft.OneDriveSync_26134.713.7.0_neutral__8wekyb3d8bbwe."
"11-08-2026 11:10:49","211","Information","Microsoft-Windows-AppModel-Runtime","Added process 4428 to Desktop AppX container f18e42e4-94a5-11f1-a28d-54582d32ed0c for package Microsoft.OneDriveSync_26134.713.7.0_neutral__8wekyb3d8bbwe."
"11-08-2026 11:10:49","210","Information","Microsoft-Windows-AppModel-Runtime","Created Desktop AppX container {F18E42E4-94A5-11F1-A28D-54582D32ED0C} for package Microsoft.OneDriveSync_26134.713.7.0_neutral__8wekyb3d8bbwe."
"11-08-2026 11:09:01","211","Information","Microsoft-Windows-AppModel-Runtime","Added process 22344 to Desktop AppX container c523b5ce-9470-11f1-a28d-54582d32ed0c for package MicrosoftWindows.Client.CBS_1000.26100.334.0_x64__cw5n1h2txyewy."
"11-08-2026 10:54:01","211","Information","Microsoft-Windows-AppModel-Runtime","Added process 32112 to Desktop AppX container c523b5ce-9470-11f1-a28d-54582d32ed0c for package MicrosoftWindows.Client.CBS_1000.26100.334.0_x64__cw5n1h2txyewy."
"11-08-2026 10:53:20","39","Information","Microsoft-Windows-AppModel-Runtime","Successfully created AppContainer LpacSenseImdsCollector."
"11-08-2026 10:53:20","41","Information","Microsoft-Windows-AppModel-Runtime","Successfully deleted AppContainer LpacSenseImdsCollector."
"11-08-2026 10:44:59","42","Information","Microsoft-Windows-AppModel-Runtime","Successfully updated AppContainer Microsoft.CompanyPortal_8wekyb3d8bbwe."
"11-08-2026 10:39:01","211","Information","Microsoft-Windows-AppModel-Runtime","Added process 11420 to Desktop AppX container c523b5ce-9470-11f1-a28d-54582d32ed0c for package MicrosoftWindows.Client.CBS_1000.26100.334.0_x64__cw5n1h2txyewy."
"11-08-2026 10:36:12","40","Information","Microsoft-Windows-AppModel-Runtime","AppContainer onecore\ds\security\gina\profile\profext\appcontainer.cpp Line:1863 1_https___agave.myanalytics.cdn.office.net 1_https___agave.myanalytics.cdn.office.net04ACA5EC was not created because it already exists."
"11-08-2026 10:33:42","211","Information","Microsoft-Windows-AppModel-Runtime","Added process 13624 to Desktop AppX container c523b7ae-9470-11f1-a28d-54582d32ed0c for package MSTeams_26183.1903.4892.4448_x64__8wekyb3d8bbwe."
"11-08-2026 10:28:26","40","Information","Microsoft-Windows-AppModel-Runtime","AppContainer onecore\ds\security\gina\profile\profext\appcontainer.cpp Line:1863 1_https___agave.myanalytics.cdn.office.net 1_https___agave.myanalytics.cdn.office.net04ACA5EC was not created because it already exists."
"11-08-2026 10:26:36","201","Information","Microsoft-Windows-AppModel-Runtime","Created process 24580 for application Microsoft.MicrosoftOfficeHub_8wekyb3d8bbwe!Microsoft.MicrosoftOfficeHub in package Microsoft.MicrosoftOfficeHub_19.2608.34011.0_x64__8wekyb3d8bbwe. [LaunchProcess]"
"11-08-2026 10:26:36","211","Information","Microsoft-Windows-AppModel-Runtime","Added process 24580 to Desktop AppX container c523b855-9470-11f1-a28d-54582d32ed0c for package Microsoft.MicrosoftOfficeHub_19.2608.34011.0_x64__8wekyb3d8bbwe."
"11-08-2026 10:26:36","219","Information","Microsoft-Windows-AppModel-Runtime","PSMFlags for Desktop AppX process %1 with applicationID %2 is %3."
"11-08-2026 10:25:14","201","Information","Microsoft-Windows-AppModel-Runtime","Created process 27060 for application Microsoft.MicrosoftEdge.Stable_8wekyb3d8bbwe!App in package Microsoft.MicrosoftEdge.Stable_151.0.4129.72_neutral__8wekyb3d8bbwe. [FinishPackageActivation]"
"11-08-2026 10:25:13","219","Information","Microsoft-Windows-AppModel-Runtime","PSMFlags for Desktop AppX process %1 with applicationID %2 is %3."
"11-08-2026 10:24:58","217","Information","Microsoft-Windows-AppModel-Runtime","Destroyed Desktop AppX container {F18E3F34-94A5-11F1-A28D-54582D32ED0C} for package Microsoft.WindowsStore_22606.1401.13.0_x64__8wekyb3d8bbwe."
"11-08-2026 10:24:01","211","Information","Microsoft-Windows-AppModel-Runtime","Added process 20760 to Desktop AppX container c523b5ce-9470-11f1-a28d-54582d32ed0c for package MicrosoftWindows.Client.CBS_1000.26100.334.0_x64__cw5n1h2txyewy."
"11-08-2026 10:23:58","211","Information","Microsoft-Windows-AppModel-Runtime","Added process 7020 to Desktop AppX container f18e3f34-94a5-11f1-a28d-54582d32ed0c for package Microsoft.WindowsStore_22606.1401.13.0_x64__8wekyb3d8bbwe."
"11-08-2026 10:23:58","210","Information","Microsoft-Windows-AppModel-Runtime","Created Desktop AppX container {F18E3F34-94A5-11F1-A28D-54582D32ED0C} for package Microsoft.WindowsStore_22606.1401.13.0_x64__8wekyb3d8bbwe."
"11-08-2026 10:09:29","211","Information","Microsoft-Windows-AppModel-Runtime","Added process 3068 to Desktop AppX container c523b5ce-9470-11f1-a28d-54582d32ed0c for package MicrosoftWindows.Client.CBS_1000.26100.334.0_x64__cw5n1h2txyewy."
"11-08-2026 10:09:01","211","Information","Microsoft-Windows-AppModel-Runtime","Added process 25108 to Desktop AppX container c523b5ce-9470-11f1-a28d-54582d32ed0c for package MicrosoftWindows.Client.CBS_1000.26100.334.0_x64__cw5n1h2txyewy."
"11-08-2026 09:58:05","201","Information","Microsoft-Windows-AppModel-Runtime","Created process 13432 for application Microsoft.MicrosoftEdge.Stable_8wekyb3d8bbwe!App in package Microsoft.MicrosoftEdge.Stable_151.0.4129.72_neutral__8wekyb3d8bbwe. [FinishPackageActivation]"
"11-08-2026 09:58:05","219","Information","Microsoft-Windows-AppModel-Runtime","PSMFlags for Desktop AppX process %1 with applicationID %2 is %3."
"11-08-2026 09:54:01","211","Information","Microsoft-Windows-AppModel-Runtime","Added process 29640 to Desktop AppX container c523b5ce-9470-11f1-a28d-54582d32ed0c for package MicrosoftWindows.Client.CBS_1000.26100.334.0_x64__cw5n1h2txyewy."
"11-08-2026 09:52:55","39","Information","Microsoft-Windows-AppModel-Runtime","Successfully created AppContainer LpacSenseImdsCollector."
"11-08-2026 09:52:55","41","Information","Microsoft-Windows-AppModel-Runtime","Successfully deleted AppContainer LpacSenseImdsCollector."
"11-08-2026 09:39:01","211","Information","Microsoft-Windows-AppModel-Runtime","Added process 16840 to Desktop AppX container c523b5ce-9470-11f1-a28d-54582d32ed0c for package MicrosoftWindows.Client.CBS_1000.26100.334.0_x64__cw5n1h2txyewy."
"11-08-2026 09:36:09","39","Information","Microsoft-Windows-AppModel-Runtime","Successfully created AppContainer LpacSenseNdr."
"11-08-2026 09:36:09","41","Information","Microsoft-Windows-AppModel-Runtime","Successfully deleted AppContainer LpacSenseNdr."
"11-08-2026 09:33:56","201","Information","Microsoft-Windows-AppModel-Runtime","Created process 29080 for application aimgr_8wekyb3d8bbwe!aimgr in package aimgr_0.20.60.0_x64__8wekyb3d8bbwe. [FinishPackageActivation]"
"11-08-2026 09:33:56","219","Information","Microsoft-Windows-AppModel-Runtime","PSMFlags for Desktop AppX process %1 with applicationID %2 is %3."
"11-08-2026 09:33:52","217","Information","Microsoft-Windows-AppModel-Runtime","Destroyed Desktop AppX container {F18E3C34-94A5-11F1-A28D-54582D32ED0C} for package Microsoft.WindowsNotepad_11.2606.15.0_x64__8wekyb3d8bbwe."
"11-08-2026 09:33:52","217","Information","Microsoft-Windows-AppModel-Runtime","Destroyed Desktop AppX container {F18E3C38-94A5-11F1-A28D-54582D32ED0C} for package Microsoft.OneDriveSync_26134.713.7.0_neutral__8wekyb3d8bbwe."
"11-08-2026 09:33:44","211","Information","Microsoft-Windows-AppModel-Runtime","Added process 11876 to Desktop AppX container f18e3c38-94a5-11f1-a28d-54582d32ed0c for package Microsoft.OneDriveSync_26134.713.7.0_neutral__8wekyb3d8bbwe."
"11-08-2026 09:33:44","210","Information","Microsoft-Windows-AppModel-Runtime","Created Desktop AppX container {F18E3C38-94A5-11F1-A28D-54582D32ED0C} for package Microsoft.OneDriveSync_26134.713.7.0_neutral__8wekyb3d8bbwe."
