"19-08-2026 11:34:46","1225","Verbose","Microsoft-Windows-PushNotifications-Platform","WNP Transport Layer received command: PNG, Trid: 16, Namespace: CON, CV: x5qXwlm09EK4++Ki.15.0 containing 126 bytes of payload: 0x4D532D43563A2078357158776C6D3039454B342B2B4B692E31352E300D0A0D0A3C70696E672D726573706F6E73653E3C776169743E34363C2F776169743E3C636F6E6E656374696F6E2D7374617475733E436F6E6E65637465643C2F636F6E6E656374696F6E2D7374617475733E3C2F70696E672D726573706F6E73653E. IsLongRunning: Data Connection."
"19-08-2026 11:34:46","1267","Verbose","Microsoft-Windows-PushNotifications-Platform","WNP Transport Layer sent command: PNG, Trid: 16, Namespace: CON, CV: x5qXwlm09EK4++Ki.15 containing 72 bytes of payload only. However, full payload including header is: 0x504E4720313620434F4E2035370D0A4D532D43563A2078357158776C6D3039454B342B2B4B692E31350D0A436F6E746578743A20646434613734306366656434626265630D0A0D0A. IsLongRunning: Data Connection."
"19-08-2026 11:34:46","1223","Verbose","Microsoft-Windows-PushNotifications-Platform","WNP Transport Layer sent command: PNG, Trid: 16, Namespace: CON, CV: x5qXwlm09EK4++Ki.15 containing 29 bytes of payload: 0x436F6E746578743A20646434613734306366656434626265630D0A0D0A. IsLongRunning: Data Connection."
"19-08-2026 11:33:38","42","Information","Microsoft-Windows-PushNotifications-Platform","Cloud Notifications must be enabled in GP and MDM to receive push notifications. GroupPolicyValue: true, MDMPolicyValue: true."
"19-08-2026 11:33:36","1268","Verbose","Microsoft-Windows-PushNotifications-Platform","WNP Transport Layer received command: PUT, Trid: 15, Namespace: WNS, CV: x5qXwlm09EK4++Ki.14.0 containing 59 bytes of payload only. However, full payload including header is: 0x50555420313520574E530035390D0A436F6E746578743A20623433633931393763303932646462370D0A4D532D43563A2078357158776C6D303945. IsLongRunning: Data Connection."
"19-08-2026 11:33:36","1225","Verbose","Microsoft-Windows-PushNotifications-Platform","WNP Transport Layer received command: PUT, Trid: 15, Namespace: WNS, CV: x5qXwlm09EK4++Ki.14.0 containing 59 bytes of payload: 0x436F6E746578743A20623433633931393763303932646462370D0A4D532D43563A2078357158776C6D3039454B342B2B4B692E31342E300D0A0D0A. IsLongRunning: Data Connection."
"19-08-2026 11:33:36","1268","Verbose","Microsoft-Windows-PushNotifications-Platform","WNP Transport Layer received command: PUT, Trid: 15, Namespace: WNS, CV: x5qXwlm09EK4++Ki.14.0 containing 59 bytes of payload only. However, full payload including header is: 0x50555420313520574E530035390D0A436F6E746578743A20623433633931393763303932646462370D0A4D532D43563A2078357158776C6D303945. IsLongRunning: Data Connection."
"19-08-2026 11:33:36","1225","Verbose","Microsoft-Windows-PushNotifications-Platform","WNP Transport Layer received command: PUT, Trid: 15, Namespace: WNS, CV: x5qXwlm09EK4++Ki.14.0 containing 59 bytes of payload: 0x436F6E746578743A20623433633931393763303932646462370D0A4D532D43563A2078357158776C6D3039454B342B2B4B692E31342E300D0A0D0A. IsLongRunning: Data Connection."
"19-08-2026 11:33:36","1267","Verbose","Microsoft-Windows-PushNotifications-Platform","WNP Transport Layer sent command: PUT, Trid: 15, Namespace: WNS\OPTIONS 0, CV: x5qXwlm09EK4++Ki.14 containing 121 bytes of payload only. However, full payload including header is: 0x50555420313520574E535C4F5054494F4E5320302039360D0A4D532D43563A2078357158776C6D3039454B342B2B4B692E31340D0A436F6E746578743A20623433633931393763303932646462370D0A0D0A3C6F7074696F6E733E3C7077726D6F64653E303C2F7077726D6F64653E3C2F6F7074696F6E733E. IsLongRunning: Data Connection."
"19-08-2026 11:33:36","1223","Verbose","Microsoft-Windows-PushNotifications-Platform","WNP Transport Layer sent command: PUT, Trid: 15, Namespace: WNS\OPTIONS 0, CV: x5qXwlm09EK4++Ki.14 containing 68 bytes of payload: 0x436F6E746578743A20623433633931393763303932646462370D0A0D0A3C6F7074696F6E733E3C7077726D6F64653E303C2F7077726D6F64653E3C2F6F7074696F6E733E. IsLongRunning: Data Connection."
"19-08-2026 11:33:35","1025","Information","Microsoft-Windows-PushNotifications-Platform","A Power event was fired: MonitorSettingChange [PowerEventType] true [Enabled]."
"19-08-2026 11:33:35","1025","Information","Microsoft-Windows-PushNotifications-Platform","A Power event was fired: MonitorSettingChange [PowerEventType] true [Enabled]."
"19-08-2026 11:26:27","42","Information","Microsoft-Windows-PushNotifications-Platform","Cloud Notifications must be enabled in GP and MDM to receive push notifications. GroupPolicyValue: true, MDMPolicyValue: true."
"19-08-2026 11:26:24","3053","Information","Microsoft-Windows-PushNotifications-Platform","badge with notification tracking id 8171 is being delivered to Microsoft.Todos_8wekyb3d8bbwe!App."
"19-08-2026 11:26:24","2418","Information","Microsoft-Windows-PushNotifications-Platform","A local notification was submitted to threadpool: Microsoft.Todos_8wekyb3d8bbwe!App [AppUserModelId] badge [NotificationType] 8171 [NotificationTrackingId] Local [NotificationSource]."
"19-08-2026 11:26:24","2416","Information","Microsoft-Windows-PushNotifications-Platform","A local notification was received from Microsoft.Todos_8wekyb3d8bbwe!App [AppUserModelId] with a 0 [NotificationId] through an application endpoint."
"19-08-2026 11:26:24","2418","Information","Microsoft-Windows-PushNotifications-Platform","A local notification was submitted to threadpool: Microsoft.Todos_8wekyb3d8bbwe!App [AppUserModelId] tile [NotificationType] 8170 [NotificationTrackingId] Local [NotificationSource]."
"19-08-2026 11:26:24","2416","Information","Microsoft-Windows-PushNotifications-Platform","A local notification was received from Microsoft.Todos_8wekyb3d8bbwe!App [AppUserModelId] with a 0 [NotificationId] through an application endpoint."
"19-08-2026 11:23:37","42","Information","Microsoft-Windows-PushNotifications-Platform","Cloud Notifications must be enabled in GP and MDM to receive push notifications. GroupPolicyValue: true, MDMPolicyValue: true."
"19-08-2026 11:23:37","42","Information","Microsoft-Windows-PushNotifications-Platform","Cloud Notifications must be enabled in GP and MDM to receive push notifications. GroupPolicyValue: true, MDMPolicyValue: true."
"19-08-2026 11:22:23","1268","Verbose","Microsoft-Windows-PushNotifications-Platform","WNP Transport Layer received command: PUT, Trid: 14, Namespace: WNS, CV: x5qXwlm09EK4++Ki.13.0 containing 58 bytes of payload only. However, full payload including header is: 0x50555420313420574E530035380D0A436F6E746578743A206462386630636331626437386134390D0A4D532D43563A2078357158776C6D303945. IsLongRunning: Data Connection."
"19-08-2026 11:22:23","1225","Verbose","Microsoft-Windows-PushNotifications-Platform","WNP Transport Layer received command: PUT, Trid: 14, Namespace: WNS, CV: x5qXwlm09EK4++Ki.13.0 containing 58 bytes of payload: 0x436F6E746578743A206462386630636331626437386134390D0A4D532D43563A2078357158776C6D3039454B342B2B4B692E31332E300D0A0D0A. IsLongRunning: Data Connection."
"19-08-2026 11:22:23","1268","Verbose","Microsoft-Windows-PushNotifications-Platform","WNP Transport Layer received command: PUT, Trid: 14, Namespace: WNS, CV: x5qXwlm09EK4++Ki.13.0 containing 58 bytes of payload only. However, full payload including header is: 0x50555420313420574E530035380D0A436F6E746578743A206462386630636331626437386134390D0A4D532D43563A2078357158776C6D303945. IsLongRunning: Data Connection."
"19-08-2026 11:22:23","1225","Verbose","Microsoft-Windows-PushNotifications-Platform","WNP Transport Layer received command: PUT, Trid: 14, Namespace: WNS, CV: x5qXwlm09EK4++Ki.13.0 containing 58 bytes of payload: 0x436F6E746578743A206462386630636331626437386134390D0A4D532D43563A2078357158776C6D3039454B342B2B4B692E31332E300D0A0D0A. IsLongRunning: Data Connection."
"19-08-2026 11:22:23","1267","Verbose","Microsoft-Windows-PushNotifications-Platform","WNP Transport Layer sent command: PUT, Trid: 14, Namespace: WNS\OPTIONS 0, CV: x5qXwlm09EK4++Ki.13 containing 120 bytes of payload only. However, full payload including header is: 0x50555420313420574E535C4F5054494F4E5320302039350D0A4D532D43563A2078357158776C6D3039454B342B2B4B692E31330D0A436F6E746578743A206462386630636331626437386134390D0A0D0A3C6F7074696F6E733E3C7077726D6F64653E313C2F7077726D6F64653E3C2F6F7074696F6E733E. IsLongRunning: Data Connection."
"19-08-2026 11:22:23","1223","Verbose","Microsoft-Windows-PushNotifications-Platform","WNP Transport Layer sent command: PUT, Trid: 14, Namespace: WNS\OPTIONS 0, CV: x5qXwlm09EK4++Ki.13 containing 67 bytes of payload: 0x436F6E746578743A206462386630636331626437386134390D0A0D0A3C6F7074696F6E733E3C7077726D6F64653E313C2F7077726D6F64653E3C2F6F7074696F6E733E. IsLongRunning: Data Connection."
"19-08-2026 11:22:21","1025","Information","Microsoft-Windows-PushNotifications-Platform","A Power event was fired: MonitorSettingChange [PowerEventType] false [Enabled]."
"19-08-2026 11:22:21","1025","Information","Microsoft-Windows-PushNotifications-Platform","A Power event was fired: MonitorSettingChange [PowerEventType] false [Enabled]."
"19-08-2026 11:22:11","42","Information","Microsoft-Windows-PushNotifications-Platform","Cloud Notifications must be enabled in GP and MDM to receive push notifications. GroupPolicyValue: true, MDMPolicyValue: true."
"19-08-2026 11:19:44","3049","Information","Microsoft-Windows-PushNotifications-Platform","Endpoint 0x0 is being cleanedup"
"19-08-2026 11:19:44","3153","Information","Microsoft-Windows-PushNotifications-Platform","Toast with notification tracking id 8169 is delivered to Microsoft.Office.OUTLOOK.EXE.15 on session 1."
"19-08-2026 11:19:44","3052","Information","Microsoft-Windows-PushNotifications-Platform","Toast with notification tracking id 8169 is being delivered to Microsoft.Office.OUTLOOK.EXE.15 on session 1."
"19-08-2026 11:19:44","2418","Information","Microsoft-Windows-PushNotifications-Platform","A local notification was submitted to threadpool: Microsoft.Office.OUTLOOK.EXE.15 [AppUserModelId] toast [NotificationType] 8169 [NotificationTrackingId] Local [NotificationSource]."
"19-08-2026 11:19:44","2416","Information","Microsoft-Windows-PushNotifications-Platform","A local notification was received from Microsoft.Office.OUTLOOK.EXE.15 [AppUserModelId] with a 0 [NotificationId] through an application endpoint."
"19-08-2026 11:17:26","42","Information","Microsoft-Windows-PushNotifications-Platform","Cloud Notifications must be enabled in GP and MDM to receive push notifications. GroupPolicyValue: true, MDMPolicyValue: true."
"19-08-2026 11:16:42","42","Information","Microsoft-Windows-PushNotifications-Platform","Cloud Notifications must be enabled in GP and MDM to receive push notifications. GroupPolicyValue: true, MDMPolicyValue: true."
"19-08-2026 11:11:40","1268","Verbose","Microsoft-Windows-PushNotifications-Platform","WNP Transport Layer received command: PUT, Trid: 13, Namespace: WNS, CV: x5qXwlm09EK4++Ki.12.0 containing 59 bytes of payload only. However, full payload including header is: 0x50555420313320574E530035390D0A436F6E746578743A20633730333461373763393330383833650D0A4D532D43563A2078357158776C6D303945. IsLongRunning: Data Connection."
"19-08-2026 11:11:40","1225","Verbose","Microsoft-Windows-PushNotifications-Platform","WNP Transport Layer received command: PUT, Trid: 13, Namespace: WNS, CV: x5qXwlm09EK4++Ki.12.0 containing 59 bytes of payload: 0x436F6E746578743A20633730333461373763393330383833650D0A4D532D43563A2078357158776C6D3039454B342B2B4B692E31322E300D0A0D0A. IsLongRunning: Data Connection."
"19-08-2026 11:11:40","1268","Verbose","Microsoft-Windows-PushNotifications-Platform","WNP Transport Layer received command: PUT, Trid: 13, Namespace: WNS, CV: x5qXwlm09EK4++Ki.12.0 containing 59 bytes of payload only. However, full payload including header is: 0x50555420313320574E530035390D0A436F6E746578743A20633730333461373763393330383833650D0A4D532D43563A2078357158776C6D303945. IsLongRunning: Data Connection."
"19-08-2026 11:11:40","1225","Verbose","Microsoft-Windows-PushNotifications-Platform","WNP Transport Layer received command: PUT, Trid: 13, Namespace: WNS, CV: x5qXwlm09EK4++Ki.12.0 containing 59 bytes of payload: 0x436F6E746578743A20633730333461373763393330383833650D0A4D532D43563A2078357158776C6D3039454B342B2B4B692E31322E300D0A0D0A. IsLongRunning: Data Connection."
"19-08-2026 11:11:40","1267","Verbose","Microsoft-Windows-PushNotifications-Platform","WNP Transport Layer sent command: PUT, Trid: 13, Namespace: WNS\OPTIONS 0, CV: x5qXwlm09EK4++Ki.12 containing 121 bytes of payload only. However, full payload including header is: 0x50555420313320574E535C4F5054494F4E5320302039360D0A4D532D43563A2078357158776C6D3039454B342B2B4B692E31320D0A436F6E746578743A20633730333461373763393330383833650D0A0D0A3C6F7074696F6E733E3C7077726D6F64653E303C2F7077726D6F64653E3C2F6F7074696F6E733E. IsLongRunning: Data Connection."
"19-08-2026 11:11:40","1223","Verbose","Microsoft-Windows-PushNotifications-Platform","WNP Transport Layer sent command: PUT, Trid: 13, Namespace: WNS\OPTIONS 0, CV: x5qXwlm09EK4++Ki.12 containing 68 bytes of payload: 0x436F6E746578743A20633730333461373763393330383833650D0A0D0A3C6F7074696F6E733E3C7077726D6F64653E303C2F7077726D6F64653E3C2F6F7074696F6E733E. IsLongRunning: Data Connection."
"19-08-2026 11:11:38","1025","Information","Microsoft-Windows-PushNotifications-Platform","A Power event was fired: MonitorSettingChange [PowerEventType] true [Enabled]."
"19-08-2026 11:11:38","1025","Information","Microsoft-Windows-PushNotifications-Platform","A Power event was fired: MonitorSettingChange [PowerEventType] true [Enabled]."
"19-08-2026 11:10:21","1268","Verbose","Microsoft-Windows-PushNotifications-Platform","WNP Transport Layer received command: PUT, Trid: 12, Namespace: WNS, CV: x5qXwlm09EK4++Ki.11.0 containing 59 bytes of payload only. However, full payload including header is: 0x50555420313220574E530035390D0A436F6E746578743A20346230376633333232326431633232390D0A4D532D43563A2078357158776C6D303945. IsLongRunning: Data Connection."
"19-08-2026 11:10:21","1225","Verbose","Microsoft-Windows-PushNotifications-Platform","WNP Transport Layer received command: PUT, Trid: 12, Namespace: WNS, CV: x5qXwlm09EK4++Ki.11.0 containing 59 bytes of payload: 0x436F6E746578743A20346230376633333232326431633232390D0A4D532D43563A2078357158776C6D3039454B342B2B4B692E31312E300D0A0D0A. IsLongRunning: Data Connection."
"19-08-2026 11:10:21","1268","Verbose","Microsoft-Windows-PushNotifications-Platform","WNP Transport Layer received command: PUT, Trid: 12, Namespace: WNS, CV: x5qXwlm09EK4++Ki.11.0 containing 59 bytes of payload only. However, full payload including header is: 0x50555420313220574E530035390D0A436F6E746578743A20346230376633333232326431633232390D0A4D532D43563A2078357158776C6D303945. IsLongRunning: Data Connection."
"19-08-2026 11:10:21","1225","Verbose","Microsoft-Windows-PushNotifications-Platform","WNP Transport Layer received command: PUT, Trid: 12, Namespace: WNS, CV: x5qXwlm09EK4++Ki.11.0 containing 59 bytes of payload: 0x436F6E746578743A20346230376633333232326431633232390D0A4D532D43563A2078357158776C6D3039454B342B2B4B692E31312E300D0A0D0A. IsLongRunning: Data Connection."
"19-08-2026 11:10:21","1267","Verbose","Microsoft-Windows-PushNotifications-Platform","WNP Transport Layer sent command: PUT, Trid: 12, Namespace: WNS\OPTIONS 0, CV: x5qXwlm09EK4++Ki.11 containing 121 bytes of payload only. However, full payload including header is: 0x50555420313220574E535C4F5054494F4E5320302039360D0A4D532D43563A2078357158776C6D3039454B342B2B4B692E31310D0A436F6E746578743A20346230376633333232326431633232390D0A0D0A3C6F7074696F6E733E3C7077726D6F64653E313C2F7077726D6F64653E3C2F6F7074696F6E733E. IsLongRunning: Data Connection."
"19-08-2026 11:10:21","1223","Verbose","Microsoft-Windows-PushNotifications-Platform","WNP Transport Layer sent command: PUT, Trid: 12, Namespace: WNS\OPTIONS 0, CV: x5qXwlm09EK4++Ki.11 containing 68 bytes of payload: 0x436F6E746578743A20346230376633333232326431633232390D0A0D0A3C6F7074696F6E733E3C7077726D6F64653E313C2F7077726D6F64653E3C2F6F7074696F6E733E. IsLongRunning: Data Connection."
"19-08-2026 11:10:19","1025","Information","Microsoft-Windows-PushNotifications-Platform","A Power event was fired: MonitorSettingChange [PowerEventType] false [Enabled]."
"19-08-2026 11:10:19","1025","Information","Microsoft-Windows-PushNotifications-Platform","A Power event was fired: MonitorSettingChange [PowerEventType] false [Enabled]."
"19-08-2026 11:08:46","1268","Verbose","Microsoft-Windows-PushNotifications-Platform","WNP Transport Layer received command: PNG, Trid: 11, Namespace: CON, CV: x5qXwlm09EK4++Ki.10.0 containing 126 bytes of payload only. However, full payload including header is: 0x504E4720313120434F4E003132360D0A4D532D43563A2078357158776C6D3039454B342B2B4B692E31302E300D0A0D0A3C70696E672D726573706F6E73653E3C776169743E34383C2F776169743E3C636F6E6E656374696F6E2D7374617475733E436F6E6E65637465643C2F636F6E6E656374696F6E2D7374617475733E. IsLongRunning: Data Connection."
"19-08-2026 11:08:46","1225","Verbose","Microsoft-Windows-PushNotifications-Platform","WNP Transport Layer received command: PNG, Trid: 11, Namespace: CON, CV: x5qXwlm09EK4++Ki.10.0 containing 126 bytes of payload: 0x4D532D43563A2078357158776C6D3039454B342B2B4B692E31302E300D0A0D0A3C70696E672D726573706F6E73653E3C776169743E34383C2F776169743E3C636F6E6E656374696F6E2D7374617475733E436F6E6E65637465643C2F636F6E6E656374696F6E2D7374617475733E3C2F70696E672D726573706F6E73653E. IsLongRunning: Data Connection."
"19-08-2026 11:08:46","1267","Verbose","Microsoft-Windows-PushNotifications-Platform","WNP Transport Layer sent command: PNG, Trid: 11, Namespace: CON, CV: x5qXwlm09EK4++Ki.10 containing 72 bytes of payload only. However, full payload including header is: 0x504E4720313120434F4E2035370D0A4D532D43563A2078357158776C6D3039454B342B2B4B692E31300D0A436F6E746578743A20623561313461616632393437363564640D0A0D0A. IsLongRunning: Data Connection."
"19-08-2026 11:08:46","1223","Verbose","Microsoft-Windows-PushNotifications-Platform","WNP Transport Layer sent command: PNG, Trid: 11, Namespace: CON, CV: x5qXwlm09EK4++Ki.10 containing 29 bytes of payload: 0x436F6E746578743A20623561313461616632393437363564640D0A0D0A. IsLongRunning: Data Connection."
"19-08-2026 11:07:21","1024","Information","Microsoft-Windows-PushNotifications-Platform","Internet connection status changed to true, submitting pending workitems: count = 0."
"19-08-2026 11:07:21","1024","Information","Microsoft-Windows-PushNotifications-Platform","Internet connection status changed to true, submitting pending workitems: count = 0."
"19-08-2026 11:07:16","1025","Information","Microsoft-Windows-PushNotifications-Platform","A Power event was fired: ACPowerChange [PowerEventType] false [Enabled]."
"19-08-2026 11:07:16","1025","Information","Microsoft-Windows-PushNotifications-Platform","A Power event was fired: ACPowerChange [PowerEventType] false [Enabled]."
"19-08-2026 11:07:16","3055","Information","Microsoft-Windows-PushNotifications-Platform","Some toast notifications have been cleared - informed session 1."
"19-08-2026 11:02:55","42","Information","Microsoft-Windows-PushNotifications-Platform","Cloud Notifications must be enabled in GP and MDM to receive push notifications. GroupPolicyValue: true, MDMPolicyValue: true."
"19-08-2026 11:02:37","3053","Information","Microsoft-Windows-PushNotifications-Platform","badge with notification tracking id 8168 is being delivered to Microsoft.Todos_8wekyb3d8bbwe!App."
"19-08-2026 11:02:37","2418","Information","Microsoft-Windows-PushNotifications-Platform","A local notification was submitted to threadpool: Microsoft.Todos_8wekyb3d8bbwe!App [AppUserModelId] badge [NotificationType] 8168 [NotificationTrackingId] Local [NotificationSource]."
"19-08-2026 11:02:37","2416","Information","Microsoft-Windows-PushNotifications-Platform","A local notification was received from Microsoft.Todos_8wekyb3d8bbwe!App [AppUserModelId] with a 0 [NotificationId] through an application endpoint."
"19-08-2026 11:02:37","2418","Information","Microsoft-Windows-PushNotifications-Platform","A local notification was submitted to threadpool: Microsoft.Todos_8wekyb3d8bbwe!App [AppUserModelId] tile [NotificationType] 8167 [NotificationTrackingId] Local [NotificationSource]."
"19-08-2026 11:02:37","2416","Information","Microsoft-Windows-PushNotifications-Platform","A local notification was received from Microsoft.Todos_8wekyb3d8bbwe!App [AppUserModelId] with a 0 [NotificationId] through an application endpoint."
"19-08-2026 10:56:19","42","Information","Microsoft-Windows-PushNotifications-Platform","Cloud Notifications must be enabled in GP and MDM to receive push notifications. GroupPolicyValue: true, MDMPolicyValue: true."
"19-08-2026 10:55:01","42","Information","Microsoft-Windows-PushNotifications-Platform","Cloud Notifications must be enabled in GP and MDM to receive push notifications. GroupPolicyValue: true, MDMPolicyValue: true."
"19-08-2026 10:42:50","3053","Information","Microsoft-Windows-PushNotifications-Platform","badge with notification tracking id 8166 is being delivered to Microsoft.Todos_8wekyb3d8bbwe!App."
"19-08-2026 10:42:50","2418","Information","Microsoft-Windows-PushNotifications-Platform","A local notification was submitted to threadpool: Microsoft.Todos_8wekyb3d8bbwe!App [AppUserModelId] badge [NotificationType] 8166 [NotificationTrackingId] Local [NotificationSource]."
"19-08-2026 10:42:50","2416","Information","Microsoft-Windows-PushNotifications-Platform","A local notification was received from Microsoft.Todos_8wekyb3d8bbwe!App [AppUserModelId] with a 0 [NotificationId] through an application endpoint."
"19-08-2026 10:42:50","2418","Information","Microsoft-Windows-PushNotifications-Platform","A local notification was submitted to threadpool: Microsoft.Todos_8wekyb3d8bbwe!App [AppUserModelId] tile [NotificationType] 8165 [NotificationTrackingId] Local [NotificationSource]."
"19-08-2026 10:42:50","2416","Information","Microsoft-Windows-PushNotifications-Platform","A local notification was received from Microsoft.Todos_8wekyb3d8bbwe!App [AppUserModelId] with a 0 [NotificationId] through an application endpoint."
"19-08-2026 10:42:46","1268","Verbose","Microsoft-Windows-PushNotifications-Platform","WNP Transport Layer received command: PNG, Trid: 10, Namespace: CON, CV: x5qXwlm09EK4++Ki.9.0 containing 125 bytes of payload only. However, full payload including header is: 0x504E4720313020434F4E003132350D0A4D532D43563A2078357158776C6D3039454B342B2B4B692E392E300D0A0D0A3C70696E672D726573706F6E73653E3C776169743E34383C2F776169743E3C636F6E6E656374696F6E2D7374617475733E436F6E6E65637465643C2F636F6E6E656374696F6E2D7374617475733E. IsLongRunning: Data Connection."
"19-08-2026 10:42:46","1225","Verbose","Microsoft-Windows-PushNotifications-Platform","WNP Transport Layer received command: PNG, Trid: 10, Namespace: CON, CV: x5qXwlm09EK4++Ki.9.0 containing 125 bytes of payload: 0x4D532D43563A2078357158776C6D3039454B342B2B4B692E392E300D0A0D0A3C70696E672D726573706F6E73653E3C776169743E34383C2F776169743E3C636F6E6E656374696F6E2D7374617475733E436F6E6E65637465643C2F636F6E6E656374696F6E2D7374617475733E3C2F70696E672D726573706F6E73653E. IsLongRunning: Data Connection."
"19-08-2026 10:42:46","1267","Verbose","Microsoft-Windows-PushNotifications-Platform","WNP Transport Layer sent command: PNG, Trid: 10, Namespace: CON, CV: x5qXwlm09EK4++Ki.9 containing 71 bytes of payload only. However, full payload including header is: 0x504E4720313020434F4E2035360D0A4D532D43563A2078357158776C6D3039454B342B2B4B692E390D0A436F6E746578743A20333334646134326439303163303735300D0A0D0A. IsLongRunning: Data Connection."
"19-08-2026 10:42:46","1223","Verbose","Microsoft-Windows-PushNotifications-Platform","WNP Transport Layer sent command: PNG, Trid: 10, Namespace: CON, CV: x5qXwlm09EK4++Ki.9 containing 29 bytes of payload: 0x436F6E746578743A20333334646134326439303163303735300D0A0D0A. IsLongRunning: Data Connection."
"19-08-2026 10:38:23","3053","Information","Microsoft-Windows-PushNotifications-Platform","badge with notification tracking id 8164 is being delivered to Microsoft.Todos_8wekyb3d8bbwe!App."
"19-08-2026 10:38:23","2418","Information","Microsoft-Windows-PushNotifications-Platform","A local notification was submitted to threadpool: Microsoft.Todos_8wekyb3d8bbwe!App [AppUserModelId] badge [NotificationType] 8164 [NotificationTrackingId] Local [NotificationSource]."
"19-08-2026 10:38:23","2416","Information","Microsoft-Windows-PushNotifications-Platform","A local notification was received from Microsoft.Todos_8wekyb3d8bbwe!App [AppUserModelId] with a 0 [NotificationId] through an application endpoint."
"19-08-2026 10:38:23","2418","Information","Microsoft-Windows-PushNotifications-Platform","A local notification was submitted to threadpool: Microsoft.Todos_8wekyb3d8bbwe!App [AppUserModelId] tile [NotificationType] 8163 [NotificationTrackingId] Local [NotificationSource]."
"19-08-2026 10:38:23","2416","Information","Microsoft-Windows-PushNotifications-Platform","A local notification was received from Microsoft.Todos_8wekyb3d8bbwe!App [AppUserModelId] with a 0 [NotificationId] through an application endpoint."
"19-08-2026 10:35:42","1268","Verbose","Microsoft-Windows-PushNotifications-Platform","WNP Transport Layer received command: PNG, Trid: 9, Namespace: CON, CV: x5qXwlm09EK4++Ki.8.0 containing 125 bytes of payload only. However, full payload including header is: 0x504E47203920434F4E003132350D0A4D532D43563A2078357158776C6D3039454B342B2B4B692E382E300D0A0D0A3C70696E672D726573706F6E73653E3C776169743E34313C2F776169743E3C636F6E6E656374696F6E2D7374617475733E436F6E6E65637465643C2F636F6E6E656374696F6E2D7374617475733E3C. IsLongRunning: Data Connection."
"19-08-2026 10:35:42","1225","Verbose","Microsoft-Windows-PushNotifications-Platform","WNP Transport Layer received command: PNG, Trid: 9, Namespace: CON, CV: x5qXwlm09EK4++Ki.8.0 containing 125 bytes of payload: 0x4D532D43563A2078357158776C6D3039454B342B2B4B692E382E300D0A0D0A3C70696E672D726573706F6E73653E3C776169743E34313C2F776169743E3C636F6E6E656374696F6E2D7374617475733E436F6E6E65637465643C2F636F6E6E656374696F6E2D7374617475733E3C2F70696E672D726573706F6E73653E. IsLongRunning: Data Connection."
"19-08-2026 10:35:42","1267","Verbose","Microsoft-Windows-PushNotifications-Platform","WNP Transport Layer sent command: PNG, Trid: 9, Namespace: CON, CV: x5qXwlm09EK4++Ki.8 containing 70 bytes of payload only. However, full payload including header is: 0x504E47203920434F4E2035360D0A4D532D43563A2078357158776C6D3039454B342B2B4B692E380D0A436F6E746578743A20656466383533616539633336626238660D0A0D0A. IsLongRunning: Data Connection."
"19-08-2026 10:35:42","1223","Verbose","Microsoft-Windows-PushNotifications-Platform","WNP Transport Layer sent command: PNG, Trid: 9, Namespace: CON, CV: x5qXwlm09EK4++Ki.8 containing 29 bytes of payload: 0x436F6E746578743A20656466383533616539633336626238660D0A0D0A. IsLongRunning: Data Connection."
"19-08-2026 10:35:42","1259","Information","Microsoft-Windows-PushNotifications-Platform","WNP Transport Layer for the Data Connection sending out of band keep alive (PNG) request."
"19-08-2026 10:35:42","1315","Information","Microsoft-Windows-PushNotifications-Platform","WNP Transport Layer detected a change in WIFI interface connectivity status (event 6); and hence sending out of band keep alive (PNG) request."
"19-08-2026 10:23:40","42","Information","Microsoft-Windows-PushNotifications-Platform","Cloud Notifications must be enabled in GP and MDM to receive push notifications. GroupPolicyValue: true, MDMPolicyValue: true."
"19-08-2026 10:23:38","42","Information","Microsoft-Windows-PushNotifications-Platform","Cloud Notifications must be enabled in GP and MDM to receive push notifications. GroupPolicyValue: true, MDMPolicyValue: true."
"19-08-2026 10:23:16","1025","Information","Microsoft-Windows-PushNotifications-Platform","A Power event was fired: MonitorSettingChange [PowerEventType] true [Enabled]."
"19-08-2026 10:23:16","1025","Information","Microsoft-Windows-PushNotifications-Platform","A Power event was fired: MonitorSettingChange [PowerEventType] true [Enabled]."
"19-08-2026 10:19:11","1025","Information","Microsoft-Windows-PushNotifications-Platform","A Power event was fired: MonitorSettingChange [PowerEventType] false [Enabled]."
"19-08-2026 10:19:11","1025","Information","Microsoft-Windows-PushNotifications-Platform","A Power event was fired: MonitorSettingChange [PowerEventType] false [Enabled]."
"19-08-2026 10:18:40","1025","Information","Microsoft-Windows-PushNotifications-Platform","A Power event was fired: MonitorSettingChange [PowerEventType] true [Enabled]."
"19-08-2026 10:18:40","1025","Information","Microsoft-Windows-PushNotifications-Platform","A Power event was fired: MonitorSettingChange [PowerEventType] true [Enabled]."
"19-08-2026 10:18:39","3049","Information","Microsoft-Windows-PushNotifications-Platform","Endpoint 0x0 is being cleanedup"
"19-08-2026 10:18:39","3049","Information","Microsoft-Windows-PushNotifications-Platform","Endpoint 0x0 is being cleanedup"
"19-08-2026 10:18:39","3153","Information","Microsoft-Windows-PushNotifications-Platform","Toast with notification tracking id 8162 is delivered to Windows.SystemToast.WindowsUpdate.MoNotification2 on session 1."
"19-08-2026 10:18:39","3052","Information","Microsoft-Windows-PushNotifications-Platform","Toast with notification tracking id 8162 is being delivered to Windows.SystemToast.WindowsUpdate.MoNotification2 on session 1."
"19-08-2026 10:18:39","2418","Information","Microsoft-Windows-PushNotifications-Platform","A local notification was submitted to threadpool: Windows.SystemToast.WindowsUpdate.MoNotification2 [AppUserModelId] toast [NotificationType] 8162 [NotificationTrackingId] Local [NotificationSource]."
"19-08-2026 10:18:39","2416","Information","Microsoft-Windows-PushNotifications-Platform","A local notification was received from Windows.SystemToast.WindowsUpdate.MoNotification2 [AppUserModelId] with a 0 [NotificationId] through an application endpoint."
"19-08-2026 10:16:51","3053","Information","Microsoft-Windows-PushNotifications-Platform","badge with notification tracking id 8161 is being delivered to Microsoft.Todos_8wekyb3d8bbwe!App."
"19-08-2026 10:16:51","2418","Information","Microsoft-Windows-PushNotifications-Platform","A local notification was submitted to threadpool: Microsoft.Todos_8wekyb3d8bbwe!App [AppUserModelId] badge [NotificationType] 8161 [NotificationTrackingId] Local [NotificationSource]."
"19-08-2026 10:16:51","2416","Information","Microsoft-Windows-PushNotifications-Platform","A local notification was received from Microsoft.Todos_8wekyb3d8bbwe!App [AppUserModelId] with a 0 [NotificationId] through an application endpoint."
"19-08-2026 10:16:51","2418","Information","Microsoft-Windows-PushNotifications-Platform","A local notification was submitted to threadpool: Microsoft.Todos_8wekyb3d8bbwe!App [AppUserModelId] tile [NotificationType] 8160 [NotificationTrackingId] Local [NotificationSource]."
"19-08-2026 10:16:51","2416","Information","Microsoft-Windows-PushNotifications-Platform","A local notification was received from Microsoft.Todos_8wekyb3d8bbwe!App [AppUserModelId] with a 0 [NotificationId] through an application endpoint."
"19-08-2026 10:16:46","1268","Verbose","Microsoft-Windows-PushNotifications-Platform","WNP Transport Layer received command: PNG, Trid: 8, Namespace: CON, CV: x5qXwlm09EK4++Ki.7.0 containing 125 bytes of payload only. However, full payload including header is: 0x504E47203820434F4E003132350D0A4D532D43563A2078357158776C6D3039454B342B2B4B692E372E300D0A0D0A3C70696E672D726573706F6E73653E3C776169743E34383C2F776169743E3C636F6E6E656374696F6E2D7374617475733E436F6E6E65637465643C2F636F6E6E656374696F6E2D7374617475733E3C. IsLongRunning: Data Connection."
"19-08-2026 10:16:46","1225","Verbose","Microsoft-Windows-PushNotifications-Platform","WNP Transport Layer received command: PNG, Trid: 8, Namespace: CON, CV: x5qXwlm09EK4++Ki.7.0 containing 125 bytes of payload: 0x4D532D43563A2078357158776C6D3039454B342B2B4B692E372E300D0A0D0A3C70696E672D726573706F6E73653E3C776169743E34383C2F776169743E3C636F6E6E656374696F6E2D7374617475733E436F6E6E65637465643C2F636F6E6E656374696F6E2D7374617475733E3C2F70696E672D726573706F6E73653E. IsLongRunning: Data Connection."
"19-08-2026 10:16:46","1267","Verbose","Microsoft-Windows-PushNotifications-Platform","WNP Transport Layer sent command: PNG, Trid: 8, Namespace: CON, CV: x5qXwlm09EK4++Ki.7 containing 70 bytes of payload only. However, full payload including header is: 0x504E47203820434F4E2035360D0A4D532D43563A2078357158776C6D3039454B342B2B4B692E370D0A436F6E746578743A20313034353830616565616233363061300D0A0D0A. IsLongRunning: Data Connection."
"19-08-2026 10:16:46","1223","Verbose","Microsoft-Windows-PushNotifications-Platform","WNP Transport Layer sent command: PNG, Trid: 8, Namespace: CON, CV: x5qXwlm09EK4++Ki.7 containing 29 bytes of payload: 0x436F6E746578743A20313034353830616565616233363061300D0A0D0A. IsLongRunning: Data Connection."
"19-08-2026 10:04:05","42","Information","Microsoft-Windows-PushNotifications-Platform","Cloud Notifications must be enabled in GP and MDM to receive push notifications. GroupPolicyValue: true, MDMPolicyValue: true."
"19-08-2026 10:04:05","3053","Information","Microsoft-Windows-PushNotifications-Platform","badge with notification tracking id 8159 is being delivered to Microsoft.Todos_8wekyb3d8bbwe!App."
"19-08-2026 10:04:05","2418","Information","Microsoft-Windows-PushNotifications-Platform","A local notification was submitted to threadpool: Microsoft.Todos_8wekyb3d8bbwe!App [AppUserModelId] badge [NotificationType] 8159 [NotificationTrackingId] Local [NotificationSource]."
"19-08-2026 10:04:05","2416","Information","Microsoft-Windows-PushNotifications-Platform","A local notification was received from Microsoft.Todos_8wekyb3d8bbwe!App [AppUserModelId] with a 0 [NotificationId] through an application endpoint."
"19-08-2026 10:04:05","2418","Information","Microsoft-Windows-PushNotifications-Platform","A local notification was submitted to threadpool: Microsoft.Todos_8wekyb3d8bbwe!App [AppUserModelId] tile [NotificationType] 8158 [NotificationTrackingId] Local [NotificationSource]."
"19-08-2026 10:04:05","2416","Information","Microsoft-Windows-PushNotifications-Platform","A local notification was received from Microsoft.Todos_8wekyb3d8bbwe!App [AppUserModelId] with a 0 [NotificationId] through an application endpoint."
"19-08-2026 10:02:34","42","Information","Microsoft-Windows-PushNotifications-Platform","Cloud Notifications must be enabled in GP and MDM to receive push notifications. GroupPolicyValue: true, MDMPolicyValue: true."
"19-08-2026 10:02:19","1025","Information","Microsoft-Windows-PushNotifications-Platform","A Power event was fired: MonitorSettingChange [PowerEventType] false [Enabled]."
"19-08-2026 10:02:19","1025","Information","Microsoft-Windows-PushNotifications-Platform","A Power event was fired: MonitorSettingChange [PowerEventType] false [Enabled]."
"19-08-2026 09:58:31","42","Information","Microsoft-Windows-PushNotifications-Platform","Cloud Notifications must be enabled in GP and MDM to receive push notifications. GroupPolicyValue: true, MDMPolicyValue: true."
"19-08-2026 09:58:30","1024","Information","Microsoft-Windows-PushNotifications-Platform","Internet connection status changed to true, submitting pending workitems: count = 0."
"19-08-2026 09:58:30","1024","Information","Microsoft-Windows-PushNotifications-Platform","Internet connection status changed to true, submitting pending workitems: count = 0."
"19-08-2026 09:58:19","1024","Information","Microsoft-Windows-PushNotifications-Platform","Internet connection status changed to true, submitting pending workitems: count = 0."
"19-08-2026 09:58:19","1024","Information","Microsoft-Windows-PushNotifications-Platform","Internet connection status changed to true, submitting pending workitems: count = 0."
"19-08-2026 09:58:10","42","Information","Microsoft-Windows-PushNotifications-Platform","Cloud Notifications must be enabled in GP and MDM to receive push notifications. GroupPolicyValue: true, MDMPolicyValue: true."
"19-08-2026 09:58:06","3049","Information","Microsoft-Windows-PushNotifications-Platform","Endpoint 0x0 is being cleanedup"
"19-08-2026 09:57:46","3049","Information","Microsoft-Windows-PushNotifications-Platform","Endpoint 0x0 is being cleanedup"
"19-08-2026 09:57:46","3153","Information","Microsoft-Windows-PushNotifications-Platform","Toast with notification tracking id 8157 is delivered to Microsoft.ScreenSketch_8wekyb3d8bbwe!App on session 1."
"19-08-2026 09:57:46","3052","Information","Microsoft-Windows-PushNotifications-Platform","Toast with notification tracking id 8157 is being delivered to Microsoft.ScreenSketch_8wekyb3d8bbwe!App on session 1."
"19-08-2026 09:57:46","2418","Information","Microsoft-Windows-PushNotifications-Platform","A local notification was submitted to threadpool: Microsoft.ScreenSketch_8wekyb3d8bbwe!App [AppUserModelId] toast [NotificationType] 8157 [NotificationTrackingId] Local [NotificationSource]."
"19-08-2026 09:57:46","2416","Information","Microsoft-Windows-PushNotifications-Platform","A local notification was received from Microsoft.ScreenSketch_8wekyb3d8bbwe!App [AppUserModelId] with a 0 [NotificationId] through an application endpoint."
"19-08-2026 09:57:46","3055","Information","Microsoft-Windows-PushNotifications-Platform","Some toast notifications have been cleared - informed session 1."
"19-08-2026 09:57:34","3049","Information","Microsoft-Windows-PushNotifications-Platform","Endpoint 0x0 is being cleanedup"
"19-08-2026 09:57:28","3049","Information","Microsoft-Windows-PushNotifications-Platform","Endpoint 0x0 is being cleanedup"
"19-08-2026 09:57:23","3153","Information","Microsoft-Windows-PushNotifications-Platform","Toast with notification tracking id 8156 is delivered to Microsoft.Office.OUTLOOK.EXE.15 on session 1."
"19-08-2026 09:57:23","3052","Information","Microsoft-Windows-PushNotifications-Platform","Toast with notification tracking id 8156 is being delivered to Microsoft.Office.OUTLOOK.EXE.15 on session 1."
"19-08-2026 09:57:23","2418","Information","Microsoft-Windows-PushNotifications-Platform","A local notification was submitted to threadpool: Microsoft.Office.OUTLOOK.EXE.15 [AppUserModelId] toast [NotificationType] 8156 [NotificationTrackingId] Local [NotificationSource]."
"19-08-2026 09:57:23","2416","Information","Microsoft-Windows-PushNotifications-Platform","A local notification was received from Microsoft.Office.OUTLOOK.EXE.15 [AppUserModelId] with a 0 [NotificationId] through an application endpoint."
"19-08-2026 09:57:22","3153","Information","Microsoft-Windows-PushNotifications-Platform","Toast with notification tracking id 8155 is delivered to Microsoft.Office.OUTLOOK.EXE.15 on session 1."
"19-08-2026 09:57:22","3052","Information","Microsoft-Windows-PushNotifications-Platform","Toast with notification tracking id 8155 is being delivered to Microsoft.Office.OUTLOOK.EXE.15 on session 1."
"19-08-2026 09:57:22","2418","Information","Microsoft-Windows-PushNotifications-Platform","A local notification was submitted to threadpool: Microsoft.Office.OUTLOOK.EXE.15 [AppUserModelId] toast [NotificationType] 8155 [NotificationTrackingId] Local [NotificationSource]."
"19-08-2026 09:57:22","2416","Information","Microsoft-Windows-PushNotifications-Platform","A local notification was received from Microsoft.Office.OUTLOOK.EXE.15 [AppUserModelId] with a 0 [NotificationId] through an application endpoint."
"19-08-2026 09:57:21","3049","Information","Microsoft-Windows-PushNotifications-Platform","Endpoint 0x0 is being cleanedup"
"19-08-2026 09:57:21","3153","Information","Microsoft-Windows-PushNotifications-Platform","Toast with notification tracking id 8154 is delivered to Microsoft.Office.OUTLOOK.EXE.15 on session 1."
"19-08-2026 09:57:21","3052","Information","Microsoft-Windows-PushNotifications-Platform","Toast with notification tracking id 8154 is being delivered to Microsoft.Office.OUTLOOK.EXE.15 on session 1."
"19-08-2026 09:57:21","2418","Information","Microsoft-Windows-PushNotifications-Platform","A local notification was submitted to threadpool: Microsoft.Office.OUTLOOK.EXE.15 [AppUserModelId] toast [NotificationType] 8154 [NotificationTrackingId] Local [NotificationSource]."
"19-08-2026 09:57:21","2416","Information","Microsoft-Windows-PushNotifications-Platform","A local notification was received from Microsoft.Office.OUTLOOK.EXE.15 [AppUserModelId] with a 0 [NotificationId] through an application endpoint."
"19-08-2026 09:56:50","1024","Information","Microsoft-Windows-PushNotifications-Platform","Internet connection status changed to true, submitting pending workitems: count = 0."
"19-08-2026 09:56:50","1024","Information","Microsoft-Windows-PushNotifications-Platform","Internet connection status changed to true, submitting pending workitems: count = 0."
"19-08-2026 09:56:49","42","Information","Microsoft-Windows-PushNotifications-Platform","Cloud Notifications must be enabled in GP and MDM to receive push notifications. GroupPolicyValue: true, MDMPolicyValue: true."
"19-08-2026 09:56:48","42","Information","Microsoft-Windows-PushNotifications-Platform","Cloud Notifications must be enabled in GP and MDM to receive push notifications. GroupPolicyValue: true, MDMPolicyValue: true."
"19-08-2026 09:56:48","42","Information","Microsoft-Windows-PushNotifications-Platform","Cloud Notifications must be enabled in GP and MDM to receive push notifications. GroupPolicyValue: true, MDMPolicyValue: true."
"19-08-2026 09:56:46","42","Information","Microsoft-Windows-PushNotifications-Platform","Cloud Notifications must be enabled in GP and MDM to receive push notifications. GroupPolicyValue: true, MDMPolicyValue: true."
"19-08-2026 09:56:45","42","Information","Microsoft-Windows-PushNotifications-Platform","Cloud Notifications must be enabled in GP and MDM to receive push notifications. GroupPolicyValue: true, MDMPolicyValue: true."
"19-08-2026 09:56:45","42","Information","Microsoft-Windows-PushNotifications-Platform","Cloud Notifications must be enabled in GP and MDM to receive push notifications. GroupPolicyValue: true, MDMPolicyValue: true."
"19-08-2026 09:56:44","1024","Information","Microsoft-Windows-PushNotifications-Platform","Internet connection status changed to true, submitting pending workitems: count = 0."
"19-08-2026 09:56:44","1024","Information","Microsoft-Windows-PushNotifications-Platform","Internet connection status changed to true, submitting pending workitems: count = 0."
"19-08-2026 09:56:44","42","Information","Microsoft-Windows-PushNotifications-Platform","Cloud Notifications must be enabled in GP and MDM to receive push notifications. GroupPolicyValue: true, MDMPolicyValue: true."
"19-08-2026 09:56:44","42","Information","Microsoft-Windows-PushNotifications-Platform","Cloud Notifications must be enabled in GP and MDM to receive push notifications. GroupPolicyValue: true, MDMPolicyValue: true."
"19-08-2026 09:56:44","42","Information","Microsoft-Windows-PushNotifications-Platform","Cloud Notifications must be enabled in GP and MDM to receive push notifications. GroupPolicyValue: true, MDMPolicyValue: true."
"19-08-2026 09:56:41","1268","Verbose","Microsoft-Windows-PushNotifications-Platform","WNP Transport Layer received command: PUT, Trid: 7, Namespace: WNS, CV: x5qXwlm09EK4++Ki.6.0 containing 58 bytes of payload only. However, full payload including header is: 0x505554203720574E530035380D0A436F6E746578743A20353931663366313432336534306230320D0A4D532D43563A2078357158776C6D303945. IsLongRunning: Data Connection."
"19-08-2026 09:56:41","1225","Verbose","Microsoft-Windows-PushNotifications-Platform","WNP Transport Layer received command: PUT, Trid: 7, Namespace: WNS, CV: x5qXwlm09EK4++Ki.6.0 containing 58 bytes of payload: 0x436F6E746578743A20353931663366313432336534306230320D0A4D532D43563A2078357158776C6D3039454B342B2B4B692E362E300D0A0D0A. IsLongRunning: Data Connection."
"19-08-2026 09:56:41","1268","Verbose","Microsoft-Windows-PushNotifications-Platform","WNP Transport Layer received command: PUT, Trid: 7, Namespace: WNS, CV: x5qXwlm09EK4++Ki.6.0 containing 58 bytes of payload only. However, full payload including header is: 0x505554203720574E530035380D0A436F6E746578743A20353931663366313432336534306230320D0A4D532D43563A2078357158776C6D303945. IsLongRunning: Data Connection."
"19-08-2026 09:56:41","1225","Verbose","Microsoft-Windows-PushNotifications-Platform","WNP Transport Layer received command: PUT, Trid: 7, Namespace: WNS, CV: x5qXwlm09EK4++Ki.6.0 containing 58 bytes of payload: 0x436F6E746578743A20353931663366313432336534306230320D0A4D532D43563A2078357158776C6D3039454B342B2B4B692E362E300D0A0D0A. IsLongRunning: Data Connection."
"19-08-2026 09:56:41","42","Information","Microsoft-Windows-PushNotifications-Platform","Cloud Notifications must be enabled in GP and MDM to receive push notifications. GroupPolicyValue: true, MDMPolicyValue: true."
"19-08-2026 09:56:41","1267","Verbose","Microsoft-Windows-PushNotifications-Platform","WNP Transport Layer sent command: PUT, Trid: 7, Namespace: WNS\OPTIONS 0, CV: x5qXwlm09EK4++Ki.6 containing 119 bytes of payload only. However, full payload including header is: 0x505554203720574E535C4F5054494F4E5320302039350D0A4D532D43563A2078357158776C6D3039454B342B2B4B692E360D0A436F6E746578743A20353931663366313432336534306230320D0A0D0A3C6F7074696F6E733E3C7077726D6F64653E303C2F7077726D6F64653E3C2F6F7074696F6E733E. IsLongRunning: Data Connection."
"19-08-2026 09:56:41","1223","Verbose","Microsoft-Windows-PushNotifications-Platform","WNP Transport Layer sent command: PUT, Trid: 7, Namespace: WNS\OPTIONS 0, CV: x5qXwlm09EK4++Ki.6 containing 68 bytes of payload: 0x436F6E746578743A20353931663366313432336534306230320D0A0D0A3C6F7074696F6E733E3C7077726D6F64653E303C2F7077726D6F64653E3C2F6F7074696F6E733E. IsLongRunning: Data Connection."
"19-08-2026 09:56:41","42","Information","Microsoft-Windows-PushNotifications-Platform","Cloud Notifications must be enabled in GP and MDM to receive push notifications. GroupPolicyValue: true, MDMPolicyValue: true."
"19-08-2026 09:56:41","1267","Verbose","Microsoft-Windows-PushNotifications-Platform","WNP Transport Layer sent command: ACK, Trid: 6, Namespace: WNS\NOTIF 0, CV: tSlLAcY31UyJf8lhvTPvIw.1.1 containing 96 bytes of payload only. However, full payload including header is: 0x41434B203620574E535C4E4F54494620302037340D0A4D532D43563A2074536C4C416359333155794A66386C687654507649772E312E310D0A4D73672D49643A20343536356334613930666230643139380D0A5374617475733A20300D0A0D0A. IsLongRunning: Data Connection."
"19-08-2026 09:56:41","1223","Verbose","Microsoft-Windows-PushNotifications-Platform","WNP Transport Layer sent command: ACK, Trid: 6, Namespace: WNS\NOTIF 0, CV: tSlLAcY31UyJf8lhvTPvIw.1.1 containing 39 bytes of payload: 0x4D73672D49643A20343536356334613930666230643139380D0A5374617475733A20300D0A0D0A. IsLongRunning: Data Connection."
"19-08-2026 09:56:41","1010","Information","Microsoft-Windows-PushNotifications-Platform","Raw Notification received for ChannelId 1;4354730384351540792 and AppUserModelId MicrosoftCorporationII.IMENotificationApp_8wekyb3d8bbwe with TrackingId 92, X-WNS-MSG-ID 0x4565C4A90FB0D198, timestamp 46252.879224537 and expiration 46259.879212963 tag: NULL, group: NULL, action: Deliver Action, bundle: count=0;missed=false;Id=NULL."
"19-08-2026 09:56:40","1318","Information","Microsoft-Windows-PushNotifications-Platform","WNP Protocol delivered notification: WNS\NOTIF [Namespace] 0 [UserId] 734 [PayloadSize] 0x4565C4A90FB0D198 [MsgId] true [Ack] tSlLAcY31UyJf8lhvTPvIw.1.1 [CorrelationVector]."
"19-08-2026 09:56:40","1268","Verbose","Microsoft-Windows-PushNotifications-Platform","WNP Transport Layer received command: NFY, Trid: 0, Namespace: WNS\NOTIF, CV: tSlLAcY31UyJf8lhvTPvIw.1.1 containing 734 bytes of payload only. However, full payload including header is: 0x4E4659203020574E535C4E4F5449460030003733340D0A54696D653A20323032362D30382D31385432313A30363A30355A0D0A4368616E6E656C3A20313B343335343733303338343335313534303739320D0A547970653A20776E732F7261770D0A4D73672D49643A20343536354334413930464230443139380D0A4D6972726F72696E673A20416C6C6F7765640D0A54544C3A203537383336340D0A5072696F726974793A20310D0A4361636865643A20547275650D0A41636B3A20747275650D0A4D532D43563A2074536C4C416359333155794A66386C687654507649772E312E310D0A0D0A7B224E6F74696669636174696F6E496E74656E74223A322C224E6F74696669636174696F6E4944223A2231663766663438662D336332632D343163632D386537302D363639386136303738623239222C2256657273696F6E223A312C22417267756D656E7473223A7B224E6F74696669636174696F6E4964223A2231663766663438662D336332632D343163632D386537302D363639386136303738623239222C224465766963654964223A2234366233306566662D623538632D346363612D616334302D636238653334366463393237222C22436F7272656C6174696F6E4964223A2265373838373439332D333437302D343966312D613431352D633636323834393631383739222C2245666665637469766547726F75704964223A2236326261633335632D313932342D343766312D383337632D623131313765333462326330222C22506F6C6963794964223A2231303938663336342D623764632D346239362D383331392D623934393664353162376134222C22506F6C69637954797065223A223235222C22506F6C69637953756254797065223A223230222C22506F6C696379496E74656E74223A2231222C22506F6C696379536F75726365223A2245474154222C22506F6C6963794368616E676554696D65223A22323032362D30382D31385432303A35393A35372E323435333435395A. IsLongRunning: Data Connection."
