"12-08-2026 09:05:33","105","Information","Microsoft-Windows-Kernel-Cache","Volume Periodic Cache Write Latency Information:

                       Device GUID: {f06ef650-de5a-4a43-abb8-73f2ff6a56fd}
                       Period Duration (microseconds): 3618972864

                       Latency Bucket Values:  [256us, 1ms, 4ms, 16ms, 64ms, 128ms, 256ms, 2000ms, 6000ms, 10000ms, 20000ms, 20000+ms]

                       Synchronous Write IO Counts: [16, 4, 0, 0, 0, 0, 0, 0, 0, 0, 0, 0]
                       Synchronous Write IO Total Latencies (us): [1575, 1523, 0, 0, 0, 0, 0, 0, 0, 0, 0, 0]
                       Synchronous Write Non-Blocking IO Counts: [4, 0, 0, 0, 0, 0, 0, 0, 0, 0, 0, 0]
                       Synchronous Write Non-Blocking IO Total Latencies (us): [0, 0, 0, 0, 0, 0, 0, 0, 0, 0, 0, 0]"
"12-08-2026 09:05:33","104","Information","Microsoft-Windows-Kernel-Cache","Volume Periodic Cache Read Latency Information:

                       Device GUID: {f06ef650-de5a-4a43-abb8-73f2ff6a56fd}
                       Period Duration (microseconds): 3618972864

                       Latency Bucket Values:  [256us, 1ms, 4ms, 16ms, 64ms, 128ms, 256ms, 2000ms, 6000ms, 10000ms, 20000ms, 20000+ms]

                       Synchronous Read IO Counts: [235, 30, 5, 1, 0, 0, 0, 0, 0, 0, 0, 0]
                       Synchronous Read IO Total Latencies (us): [11382, 14751, 6143, 13609, 0, 0, 0, 0, 0, 0, 0, 0]
                       Synchronous Read Non-Blocking IO Counts: [0, 0, 0, 0, 0, 0, 0, 0, 0, 0, 0, 0]
                       Synchronous Read Non-Blocking IO Total Latencies (us): [0, 0, 0, 0, 0, 0, 0, 0, 0, 0, 0, 0]
                       Asynchronous Read IO Counts: [0, 0, 0, 0, 0, 0, 0, 0, 0, 0, 0, 0]
                       Asynchronous Read IO Total Latencies (us): [0, 0, 0, 0, 0, 0, 0, 0, 0, 0, 0, 0]"
"12-08-2026 09:05:33","103","Information","Microsoft-Windows-Kernel-Cache","Volume Periodic Cache Information:

                       Device GUID: {f06ef650-de5a-4a43-abb8-73f2ff6a56fd}
                       Period Duration (microseconds): 3618972864
                       Total Dirty Pages: 209
                       Maximum Dirty Pages: 12
                       Total Dirty Page Threshold: 1054720
                       Top Dirty Page Threshold: 506518
                       Bottom Dirty Page Threshold: 506518
                       Dirty Page Samples: 103
                       Total Lazy Writer Calls: 0
                       Total Lazy Writer Latency: 0
                       Total Lazy Writer Pages Flushed: 0
                       Lazy Writer Average Pages Per Second: 0
                       Total Pages Queued to Disk: 6
                       Maximum Pages Queued to Disk: 2
                       Pages Queued to Disk Samples: 24
                       Total Metadata Pages Queued to Disk: 0
                       Maximum Metadata Pages Queued to Disk: 0
                       Metadata Pages Queued to Disk Samples: 24
                       Read Total Bytes: 80318464
                       Read Paged-In Total Bytes: 16035840
                       Read-Ahead Total Bytes: 0
                       Cache Hit Ratio (%): 80
                       Total Writes: 39
                       Total Hard-Throttle Writes: 0
                       Total Soft-Throttle Writes: 0
                       Total Synchronous Read IO Count: 271
                       Total Synchronous Non-Blocking Read IO Count: 0
                       Total Failed Synchronous Non-Blocking Read IO Count: 0
                       Synchronous Read IO Maximum Latency (us): 13609
                       Synchronous Read IO Non-Blocking Maximum Latency (us): 0
                       Total Synchronous Write IO Count: 20
                       Total Synchronous Non-Blocking Write IO Count: 4
                       Total Failed Synchronous Non-Blocking Write IO Count: 0
                       Synchronous Write IO Maximum Latency (us): 512
                       Synchronous Write IO Non-Blockinig Maximum Latency (us): 0
                       Total Asynchronous Read IO Count: 0
                       Asynchronous Read IO Maximum Latency (us): 0"
"12-08-2026 09:05:33","105","Information","Microsoft-Windows-Kernel-Cache","Volume Periodic Cache Write Latency Information:

                       Device GUID: {00000000-0000-0000-0000-000000000000}
                       Period Duration (microseconds): 3618972864

                       Latency Bucket Values:  [256us, 1ms, 4ms, 16ms, 64ms, 128ms, 256ms, 2000ms, 6000ms, 10000ms, 20000ms, 20000+ms]

                       Synchronous Write IO Counts: [0, 0, 0, 0, 0, 0, 0, 0, 0, 0, 0, 0]
                       Synchronous Write IO Total Latencies (us): [0, 0, 0, 0, 0, 0, 0, 0, 0, 0, 0, 0]
                       Synchronous Write Non-Blocking IO Counts: [0, 0, 0, 0, 0, 0, 0, 0, 0, 0, 0, 0]
                       Synchronous Write Non-Blocking IO Total Latencies (us): [0, 0, 0, 0, 0, 0, 0, 0, 0, 0, 0, 0]"
"12-08-2026 09:05:33","104","Information","Microsoft-Windows-Kernel-Cache","Volume Periodic Cache Read Latency Information:

                       Device GUID: {00000000-0000-0000-0000-000000000000}
                       Period Duration (microseconds): 3618972864

                       Latency Bucket Values:  [256us, 1ms, 4ms, 16ms, 64ms, 128ms, 256ms, 2000ms, 6000ms, 10000ms, 20000ms, 20000+ms]

                       Synchronous Read IO Counts: [18, 2, 0, 0, 0, 0, 0, 0, 0, 0, 0, 0]
                       Synchronous Read IO Total Latencies (us): [769, 669, 0, 0, 0, 0, 0, 0, 0, 0, 0, 0]
                       Synchronous Read Non-Blocking IO Counts: [0, 0, 0, 0, 0, 0, 0, 0, 0, 0, 0, 0]
                       Synchronous Read Non-Blocking IO Total Latencies (us): [0, 0, 0, 0, 0, 0, 0, 0, 0, 0, 0, 0]
                       Asynchronous Read IO Counts: [0, 0, 0, 0, 0, 0, 0, 0, 0, 0, 0, 0]
                       Asynchronous Read IO Total Latencies (us): [0, 0, 0, 0, 0, 0, 0, 0, 0, 0, 0, 0]"
"12-08-2026 09:05:33","103","Information","Microsoft-Windows-Kernel-Cache","Volume Periodic Cache Information:

                       Device GUID: {00000000-0000-0000-0000-000000000000}
                       Period Duration (microseconds): 3618972864
                       Total Dirty Pages: 0
                       Maximum Dirty Pages: 0
                       Total Dirty Page Threshold: 0
                       Top Dirty Page Threshold: 0
                       Bottom Dirty Page Threshold: 0
                       Dirty Page Samples: 0
                       Total Lazy Writer Calls: 0
                       Total Lazy Writer Latency: 0
                       Total Lazy Writer Pages Flushed: 0
                       Lazy Writer Average Pages Per Second: 0
                       Total Pages Queued to Disk: 0
                       Maximum Pages Queued to Disk: 0
                       Pages Queued to Disk Samples: 0
                       Total Metadata Pages Queued to Disk: 0
                       Maximum Metadata Pages Queued to Disk: 0
                       Metadata Pages Queued to Disk Samples: 0
                       Read Total Bytes: 5236224
                       Read Paged-In Total Bytes: 1835008
                       Read-Ahead Total Bytes: 0
                       Cache Hit Ratio (%): 64
                       Total Writes: 0
                       Total Hard-Throttle Writes: 0
                       Total Soft-Throttle Writes: 0
                       Total Synchronous Read IO Count: 20
                       Total Synchronous Non-Blocking Read IO Count: 0
                       Total Failed Synchronous Non-Blocking Read IO Count: 0
                       Synchronous Read IO Maximum Latency (us): 347
                       Synchronous Read IO Non-Blocking Maximum Latency (us): 0
                       Total Synchronous Write IO Count: 0
                       Total Synchronous Non-Blocking Write IO Count: 0
                       Total Failed Synchronous Non-Blocking Write IO Count: 0
                       Synchronous Write IO Maximum Latency (us): 0
                       Synchronous Write IO Non-Blockinig Maximum Latency (us): 0
                       Total Asynchronous Read IO Count: 0
                       Asynchronous Read IO Maximum Latency (us): 0"
"12-08-2026 09:05:33","105","Information","Microsoft-Windows-Kernel-Cache","Volume Periodic Cache Write Latency Information:

                       Device GUID: {c5c572ba-c5d0-47f6-864e-13eb05e6d46c}
                       Period Duration (microseconds): 3618972864

                       Latency Bucket Values:  [256us, 1ms, 4ms, 16ms, 64ms, 128ms, 256ms, 2000ms, 6000ms, 10000ms, 20000ms, 20000+ms]

                       Synchronous Write IO Counts: [962977, 997, 176, 84, 68, 15, 3, 8, 0, 0, 0, 0]
                       Synchronous Write IO Total Latencies (us): [441936, 478361, 310499, 771094, 1813642, 1296526, 585806, 4020362, 0, 0, 0, 0]
                       Synchronous Write Non-Blocking IO Counts: [4886, 0, 0, 0, 0, 0, 0, 0, 0, 0, 0, 0]
                       Synchronous Write Non-Blocking IO Total Latencies (us): [0, 0, 0, 0, 0, 0, 0, 0, 0, 0, 0, 0]"
"12-08-2026 09:05:33","104","Information","Microsoft-Windows-Kernel-Cache","Volume Periodic Cache Read Latency Information:

                       Device GUID: {c5c572ba-c5d0-47f6-864e-13eb05e6d46c}
                       Period Duration (microseconds): 3618972864

                       Latency Bucket Values:  [256us, 1ms, 4ms, 16ms, 64ms, 128ms, 256ms, 2000ms, 6000ms, 10000ms, 20000ms, 20000+ms]

                       Synchronous Read IO Counts: [13678444, 7509, 2142, 731, 222, 67, 9, 13, 0, 0, 0, 0]
                       Synchronous Read IO Total Latencies (us): [1943077, 3096292, 3672922, 4458905, 7419919, 5101749, 1400183, 8797875, 0, 0, 0, 0]
                       Synchronous Read Non-Blocking IO Counts: [42304, 0, 0, 0, 0, 0, 0, 0, 0, 0, 0, 0]
                       Synchronous Read Non-Blocking IO Total Latencies (us): [0, 0, 0, 0, 0, 0, 0, 0, 0, 0, 0, 0]
                       Asynchronous Read IO Counts: [641, 484, 115, 19, 16, 3, 0, 1, 0, 0, 0, 0]
                       Asynchronous Read IO Total Latencies (us): [116640, 201887, 203236, 117116, 530287, 279616, 0, 298174, 0, 0, 0, 0]"
"12-08-2026 09:05:33","103","Information","Microsoft-Windows-Kernel-Cache","Volume Periodic Cache Information:

                       Device GUID: {c5c572ba-c5d0-47f6-864e-13eb05e6d46c}
                       Period Duration (microseconds): 3618972864
                       Total Dirty Pages: 2409184714
                       Maximum Dirty Pages: 32061
                       Total Dirty Page Threshold: 50849745886
                       Top Dirty Page Threshold: 506518
                       Bottom Dirty Page Threshold: 506518
                       Dirty Page Samples: 714609
                       Total Lazy Writer Calls: 9803
                       Total Lazy Writer Latency: 29831308
                       Total Lazy Writer Pages Flushed: 164644
                       Lazy Writer Average Pages Per Second: 4108
                       Total Pages Queued to Disk: 26084644
                       Maximum Pages Queued to Disk: 6859
                       Pages Queued to Disk Samples: 59058
                       Total Metadata Pages Queued to Disk: 21249279
                       Maximum Metadata Pages Queued to Disk: 6859
                       Metadata Pages Queued to Disk Samples: 59053
                       Read Total Bytes: 1851487189414
                       Read Paged-In Total Bytes: 3057766160
                       Read-Ahead Total Bytes: 0
                       Cache Hit Ratio (%): 99
                       Total Writes: 992473
                       Total Hard-Throttle Writes: 0
                       Total Soft-Throttle Writes: 0
                       Total Synchronous Read IO Count: 13689353
                       Total Synchronous Non-Blocking Read IO Count: 42304
                       Total Failed Synchronous Non-Blocking Read IO Count: 1280
                       Synchronous Read IO Maximum Latency (us): 1345615
                       Synchronous Read IO Non-Blocking Maximum Latency (us): 0
                       Total Synchronous Write IO Count: 964325
                       Total Synchronous Non-Blocking Write IO Count: 4886
                       Total Failed Synchronous Non-Blocking Write IO Count: 321
                       Synchronous Write IO Maximum Latency (us): 724567
                       Synchronous Write IO Non-Blockinig Maximum Latency (us): 0
                       Total Asynchronous Read IO Count: 1279
                       Asynchronous Read IO Maximum Latency (us): 298174"
"12-08-2026 09:05:33","102","Information","Microsoft-Windows-Kernel-Cache","Global Periodic Cache Information:

                       Period Duration (microseconds): 3618972864
                       Number of NUMA Nodes: 139316
                       Event Samples: 6
                       Total Number of Mapped VACBs: 49601
                       Total Partition Samples: 6
                       Total Volume Samples: 24
                       Total Pages Yet to Write: 4215
                       Total Dirty Pages: 30338
                       Total Available Pages: 4276075
                       Total Physical Pages: 24312888
                       Total Number of Worker Threads: 96
                       Total Number of Active Worker Threads: 0
                       Total Average Available Pages: 20371404
                       Total Average Dirty Pages: 17058
                       CopyRead Calls: 13737431
                       AsyncCopyRead Calls: 1280
                       CopyWriteCalls: 971380
                       SetValidData Calls: 11792
                       FlushCache Calls: 139316"
"12-08-2026 08:57:09","101","Information","Microsoft-Windows-Kernel-Cache","Initialized VolumeCacheMap for device guid: {00000000-0000-0000-0000-000000000000}."
"12-08-2026 08:57:09","101","Information","Microsoft-Windows-Kernel-Cache","Initialized VolumeCacheMap for device guid: {00000000-0000-0000-0000-000000000000}."
"12-08-2026 08:57:09","101","Information","Microsoft-Windows-Kernel-Cache","Initialized VolumeCacheMap for device guid: {00000000-0000-0000-0000-000000000000}."
"12-08-2026 08:05:15","105","Information","Microsoft-Windows-Kernel-Cache","Volume Periodic Cache Write Latency Information:

                       Device GUID: {c5c572ba-c5d0-47f6-864e-13eb05e6d46c}
                       Period Duration (microseconds): 16643867808

                       Latency Bucket Values:  [256us, 1ms, 4ms, 16ms, 64ms, 128ms, 256ms, 2000ms, 6000ms, 10000ms, 20000ms, 20000+ms]

                       Synchronous Write IO Counts: [13833, 512, 167, 22, 3, 4, 0, 1, 0, 0, 0, 0]
                       Synchronous Write IO Total Latencies (us): [230605, 242246, 266356, 140127, 113513, 425668, 0, 483483, 0, 0, 0, 0]
                       Synchronous Write Non-Blocking IO Counts: [137, 0, 0, 0, 0, 0, 0, 0, 0, 0, 0, 0]
                       Synchronous Write Non-Blocking IO Total Latencies (us): [0, 0, 0, 0, 0, 0, 0, 0, 0, 0, 0, 0]"
"12-08-2026 08:05:15","104","Information","Microsoft-Windows-Kernel-Cache","Volume Periodic Cache Read Latency Information:

                       Device GUID: {c5c572ba-c5d0-47f6-864e-13eb05e6d46c}
                       Period Duration (microseconds): 16643867808

                       Latency Bucket Values:  [256us, 1ms, 4ms, 16ms, 64ms, 128ms, 256ms, 2000ms, 6000ms, 10000ms, 20000ms, 20000+ms]

                       Synchronous Read IO Counts: [223195, 408, 45, 10, 0, 0, 0, 0, 0, 0, 0, 0]
                       Synchronous Read IO Total Latencies (us): [26738, 159003, 71456, 62013, 0, 0, 0, 0, 0, 0, 0, 0]
                       Synchronous Read Non-Blocking IO Counts: [2363, 0, 0, 0, 0, 0, 0, 0, 0, 0, 0, 0]
                       Synchronous Read Non-Blocking IO Total Latencies (us): [0, 0, 0, 0, 0, 0, 0, 0, 0, 0, 0, 0]
                       Asynchronous Read IO Counts: [40, 46, 27, 6, 0, 0, 0, 0, 0, 0, 0, 0]
                       Asynchronous Read IO Total Latencies (us): [8335, 21480, 61143, 31020, 0, 0, 0, 0, 0, 0, 0, 0]"
"12-08-2026 08:05:15","103","Information","Microsoft-Windows-Kernel-Cache","Volume Periodic Cache Information:

                       Device GUID: {c5c572ba-c5d0-47f6-864e-13eb05e6d46c}
                       Period Duration (microseconds): 16643867808
                       Total Dirty Pages: 24578359
                       Maximum Dirty Pages: 5871
                       Total Dirty Page Threshold: 1356374133
                       Top Dirty Page Threshold: 506518
                       Bottom Dirty Page Threshold: 506518
                       Dirty Page Samples: 22403
                       Total Lazy Writer Calls: 522
                       Total Lazy Writer Latency: 3303041
                       Total Lazy Writer Pages Flushed: 8282
                       Lazy Writer Average Pages Per Second: 1160
                       Total Pages Queued to Disk: 750408
                       Maximum Pages Queued to Disk: 1052
                       Pages Queued to Disk Samples: 5668
                       Total Metadata Pages Queued to Disk: 667297
                       Maximum Metadata Pages Queued to Disk: 749
                       Metadata Pages Queued to Disk Samples: 5667
                       Read Total Bytes: 52784388809
                       Read Paged-In Total Bytes: 112661576
                       Read-Ahead Total Bytes: 0
                       Cache Hit Ratio (%): 99
                       Total Writes: 16263
                       Total Hard-Throttle Writes: 0
                       Total Soft-Throttle Writes: 0
                       Total Synchronous Read IO Count: 223657
                       Total Synchronous Non-Blocking Read IO Count: 2363
                       Total Failed Synchronous Non-Blocking Read IO Count: 119
                       Synchronous Read IO Maximum Latency (us): 13959
                       Synchronous Read IO Non-Blocking Maximum Latency (us): 0
                       Total Synchronous Write IO Count: 14543
                       Total Synchronous Non-Blocking Write IO Count: 137
                       Total Failed Synchronous Non-Blocking Write IO Count: 0
                       Synchronous Write IO Maximum Latency (us): 483483
                       Synchronous Write IO Non-Blockinig Maximum Latency (us): 0
                       Total Asynchronous Read IO Count: 119
                       Asynchronous Read IO Maximum Latency (us): 6426"
"12-08-2026 08:05:15","102","Information","Microsoft-Windows-Kernel-Cache","Global Periodic Cache Information:

                       Period Duration (microseconds): 16643867808
                       Number of NUMA Nodes: 14780
                       Event Samples: 2
                       Total Number of Mapped VACBs: 30818
                       Total Partition Samples: 2
                       Total Volume Samples: 8
                       Total Pages Yet to Write: 812
                       Total Dirty Pages: 747
                       Total Available Pages: 1184122
                       Total Physical Pages: 8104296
                       Total Number of Worker Threads: 32
                       Total Number of Active Worker Threads: 0
                       Total Average Available Pages: 7492220
                       Total Average Dirty Pages: 1191
                       CopyRead Calls: 226141
                       AsyncCopyRead Calls: 119
                       CopyWriteCalls: 16187
                       SetValidData Calls: 999
                       FlushCache Calls: 14780"
"12-08-2026 03:27:51","105","Information","Microsoft-Windows-Kernel-Cache","Volume Periodic Cache Write Latency Information:

                       Device GUID: {f06ef650-de5a-4a43-abb8-73f2ff6a56fd}
                       Period Duration (microseconds): 32749149066

                       Latency Bucket Values:  [256us, 1ms, 4ms, 16ms, 64ms, 128ms, 256ms, 2000ms, 6000ms, 10000ms, 20000ms, 20000+ms]

                       Synchronous Write IO Counts: [0, 0, 0, 0, 0, 0, 0, 0, 0, 0, 0, 0]
                       Synchronous Write IO Total Latencies (us): [0, 0, 0, 0, 0, 0, 0, 0, 0, 0, 0, 0]
                       Synchronous Write Non-Blocking IO Counts: [0, 0, 0, 0, 0, 0, 0, 0, 0, 0, 0, 0]
                       Synchronous Write Non-Blocking IO Total Latencies (us): [0, 0, 0, 0, 0, 0, 0, 0, 0, 0, 0, 0]"
"12-08-2026 03:27:51","104","Information","Microsoft-Windows-Kernel-Cache","Volume Periodic Cache Read Latency Information:

                       Device GUID: {f06ef650-de5a-4a43-abb8-73f2ff6a56fd}
                       Period Duration (microseconds): 32749149066

                       Latency Bucket Values:  [256us, 1ms, 4ms, 16ms, 64ms, 128ms, 256ms, 2000ms, 6000ms, 10000ms, 20000ms, 20000+ms]

                       Synchronous Read IO Counts: [8, 0, 0, 0, 0, 0, 0, 0, 0, 0, 0, 0]
                       Synchronous Read IO Total Latencies (us): [0, 0, 0, 0, 0, 0, 0, 0, 0, 0, 0, 0]
                       Synchronous Read Non-Blocking IO Counts: [0, 0, 0, 0, 0, 0, 0, 0, 0, 0, 0, 0]
                       Synchronous Read Non-Blocking IO Total Latencies (us): [0, 0, 0, 0, 0, 0, 0, 0, 0, 0, 0, 0]
                       Asynchronous Read IO Counts: [0, 0, 0, 0, 0, 0, 0, 0, 0, 0, 0, 0]
                       Asynchronous Read IO Total Latencies (us): [0, 0, 0, 0, 0, 0, 0, 0, 0, 0, 0, 0]"
"12-08-2026 03:27:51","103","Information","Microsoft-Windows-Kernel-Cache","Volume Periodic Cache Information:

                       Device GUID: {f06ef650-de5a-4a43-abb8-73f2ff6a56fd}
                       Period Duration (microseconds): 32749149066
                       Total Dirty Pages: 1
                       Maximum Dirty Pages: 1
                       Total Dirty Page Threshold: 20480
                       Top Dirty Page Threshold: 506518
                       Bottom Dirty Page Threshold: 506518
                       Dirty Page Samples: 2
                       Total Lazy Writer Calls: 0
                       Total Lazy Writer Latency: 0
                       Total Lazy Writer Pages Flushed: 0
                       Lazy Writer Average Pages Per Second: 0
                       Total Pages Queued to Disk: 0
                       Maximum Pages Queued to Disk: 0
                       Pages Queued to Disk Samples: 4
                       Total Metadata Pages Queued to Disk: 0
                       Maximum Metadata Pages Queued to Disk: 0
                       Metadata Pages Queued to Disk Samples: 4
                       Read Total Bytes: 2048000
                       Read Paged-In Total Bytes: 0
                       Read-Ahead Total Bytes: 0
                       Cache Hit Ratio (%): 100
                       Total Writes: 0
                       Total Hard-Throttle Writes: 0
                       Total Soft-Throttle Writes: 0
                       Total Synchronous Read IO Count: 8
                       Total Synchronous Non-Blocking Read IO Count: 0
                       Total Failed Synchronous Non-Blocking Read IO Count: 0
                       Synchronous Read IO Maximum Latency (us): 0
                       Synchronous Read IO Non-Blocking Maximum Latency (us): 0
                       Total Synchronous Write IO Count: 0
                       Total Synchronous Non-Blocking Write IO Count: 0
                       Total Failed Synchronous Non-Blocking Write IO Count: 0
                       Synchronous Write IO Maximum Latency (us): 0
                       Synchronous Write IO Non-Blockinig Maximum Latency (us): 0
                       Total Asynchronous Read IO Count: 0
                       Asynchronous Read IO Maximum Latency (us): 0"
"12-08-2026 03:27:51","105","Information","Microsoft-Windows-Kernel-Cache","Volume Periodic Cache Write Latency Information:

                       Device GUID: {00000000-0000-0000-0000-000000000000}
                       Period Duration (microseconds): 32749149066

                       Latency Bucket Values:  [256us, 1ms, 4ms, 16ms, 64ms, 128ms, 256ms, 2000ms, 6000ms, 10000ms, 20000ms, 20000+ms]

                       Synchronous Write IO Counts: [0, 0, 0, 0, 0, 0, 0, 0, 0, 0, 0, 0]
                       Synchronous Write IO Total Latencies (us): [0, 0, 0, 0, 0, 0, 0, 0, 0, 0, 0, 0]
                       Synchronous Write Non-Blocking IO Counts: [0, 0, 0, 0, 0, 0, 0, 0, 0, 0, 0, 0]
                       Synchronous Write Non-Blocking IO Total Latencies (us): [0, 0, 0, 0, 0, 0, 0, 0, 0, 0, 0, 0]"
"12-08-2026 03:27:51","104","Information","Microsoft-Windows-Kernel-Cache","Volume Periodic Cache Read Latency Information:

                       Device GUID: {00000000-0000-0000-0000-000000000000}
                       Period Duration (microseconds): 32749149066

                       Latency Bucket Values:  [256us, 1ms, 4ms, 16ms, 64ms, 128ms, 256ms, 2000ms, 6000ms, 10000ms, 20000ms, 20000+ms]

                       Synchronous Read IO Counts: [5, 3, 0, 0, 0, 0, 0, 0, 0, 0, 0, 0]
                       Synchronous Read IO Total Latencies (us): [169, 1118, 0, 0, 0, 0, 0, 0, 0, 0, 0, 0]
                       Synchronous Read Non-Blocking IO Counts: [0, 0, 0, 0, 0, 0, 0, 0, 0, 0, 0, 0]
                       Synchronous Read Non-Blocking IO Total Latencies (us): [0, 0, 0, 0, 0, 0, 0, 0, 0, 0, 0, 0]
                       Asynchronous Read IO Counts: [0, 0, 0, 0, 0, 0, 0, 0, 0, 0, 0, 0]
                       Asynchronous Read IO Total Latencies (us): [0, 0, 0, 0, 0, 0, 0, 0, 0, 0, 0, 0]"
"12-08-2026 03:27:51","103","Information","Microsoft-Windows-Kernel-Cache","Volume Periodic Cache Information:

                       Device GUID: {00000000-0000-0000-0000-000000000000}
                       Period Duration (microseconds): 32749149066
                       Total Dirty Pages: 0
                       Maximum Dirty Pages: 0
                       Total Dirty Page Threshold: 0
                       Top Dirty Page Threshold: 0
                       Bottom Dirty Page Threshold: 0
                       Dirty Page Samples: 0
                       Total Lazy Writer Calls: 0
                       Total Lazy Writer Latency: 0
                       Total Lazy Writer Pages Flushed: 0
                       Lazy Writer Average Pages Per Second: 0
                       Total Pages Queued to Disk: 0
                       Maximum Pages Queued to Disk: 0
                       Pages Queued to Disk Samples: 0
                       Total Metadata Pages Queued to Disk: 0
                       Maximum Metadata Pages Queued to Disk: 0
                       Metadata Pages Queued to Disk Samples: 0
                       Read Total Bytes: 2097152
                       Read Paged-In Total Bytes: 1048576
                       Read-Ahead Total Bytes: 0
                       Cache Hit Ratio (%): 50
                       Total Writes: 0
                       Total Hard-Throttle Writes: 0
                       Total Soft-Throttle Writes: 0
                       Total Synchronous Read IO Count: 8
                       Total Synchronous Non-Blocking Read IO Count: 0
                       Total Failed Synchronous Non-Blocking Read IO Count: 0
                       Synchronous Read IO Maximum Latency (us): 474
                       Synchronous Read IO Non-Blocking Maximum Latency (us): 0
                       Total Synchronous Write IO Count: 0
                       Total Synchronous Non-Blocking Write IO Count: 0
                       Total Failed Synchronous Non-Blocking Write IO Count: 0
                       Synchronous Write IO Maximum Latency (us): 0
                       Synchronous Write IO Non-Blockinig Maximum Latency (us): 0
                       Total Asynchronous Read IO Count: 0
                       Asynchronous Read IO Maximum Latency (us): 0"
"12-08-2026 03:27:51","105","Information","Microsoft-Windows-Kernel-Cache","Volume Periodic Cache Write Latency Information:

                       Device GUID: {c5c572ba-c5d0-47f6-864e-13eb05e6d46c}
                       Period Duration (microseconds): 32749149066

                       Latency Bucket Values:  [256us, 1ms, 4ms, 16ms, 64ms, 128ms, 256ms, 2000ms, 6000ms, 10000ms, 20000ms, 20000+ms]

                       Synchronous Write IO Counts: [2365867, 898, 247, 160, 178, 23, 10, 9, 0, 0, 0, 0]
                       Synchronous Write IO Total Latencies (us): [1318810, 425225, 455140, 1601927, 6089457, 2143948, 1849646, 4192060, 0, 0, 0, 0]
                       Synchronous Write Non-Blocking IO Counts: [5460, 0, 0, 0, 0, 0, 0, 0, 0, 0, 0, 0]
                       Synchronous Write Non-Blocking IO Total Latencies (us): [0, 0, 0, 0, 0, 0, 0, 0, 0, 0, 0, 0]"
"12-08-2026 03:27:51","104","Information","Microsoft-Windows-Kernel-Cache","Volume Periodic Cache Read Latency Information:

                       Device GUID: {c5c572ba-c5d0-47f6-864e-13eb05e6d46c}
                       Period Duration (microseconds): 32749149066

                       Latency Bucket Values:  [256us, 1ms, 4ms, 16ms, 64ms, 128ms, 256ms, 2000ms, 6000ms, 10000ms, 20000ms, 20000+ms]

                       Synchronous Read IO Counts: [9160402, 16052, 3303, 1138, 220, 39, 22, 14, 0, 0, 0, 0]
                       Synchronous Read IO Total Latencies (us): [19348355, 6290810, 5401761, 6433389, 7748927, 3306124, 4136987, 7646741, 0, 0, 0, 0]
                       Synchronous Read Non-Blocking IO Counts: [11230, 0, 0, 0, 0, 0, 0, 0, 0, 0, 0, 0]
                       Synchronous Read Non-Blocking IO Total Latencies (us): [0, 0, 0, 0, 0, 0, 0, 0, 0, 0, 0, 0]
                       Asynchronous Read IO Counts: [998, 757, 122, 25, 23, 2, 1, 15, 0, 0, 0, 0]
                       Asynchronous Read IO Total Latencies (us): [175352, 326991, 210709, 133657, 925811, 148625, 231213, 4942021, 0, 0, 0, 0]"
"12-08-2026 03:27:51","103","Information","Microsoft-Windows-Kernel-Cache","Volume Periodic Cache Information:

                       Device GUID: {c5c572ba-c5d0-47f6-864e-13eb05e6d46c}
                       Period Duration (microseconds): 32749149066
                       Total Dirty Pages: 61014913137
                       Maximum Dirty Pages: 100742
                       Total Dirty Page Threshold: 164074645813
                       Top Dirty Page Threshold: 506518
                       Bottom Dirty Page Threshold: 506518
                       Dirty Page Samples: 1764631
                       Total Lazy Writer Calls: 6051
                       Total Lazy Writer Latency: 20921424
                       Total Lazy Writer Pages Flushed: 956617
                       Lazy Writer Average Pages Per Second: 31463
                       Total Pages Queued to Disk: 21577582
                       Maximum Pages Queued to Disk: 13445
                       Pages Queued to Disk Samples: 57887
                       Total Metadata Pages Queued to Disk: 15254681
                       Maximum Metadata Pages Queued to Disk: 1245
                       Metadata Pages Queued to Disk Samples: 57894
                       Read Total Bytes: 1224245030130
                       Read Paged-In Total Bytes: 24757534712
                       Read-Ahead Total Bytes: 0
                       Cache Hit Ratio (%): 97
                       Total Writes: 2456399
                       Total Hard-Throttle Writes: 0
                       Total Soft-Throttle Writes: 0
                       Total Synchronous Read IO Count: 9181361
                       Total Synchronous Non-Blocking Read IO Count: 11230
                       Total Failed Synchronous Non-Blocking Read IO Count: 1943
                       Synchronous Read IO Maximum Latency (us): 928784
                       Synchronous Read IO Non-Blocking Maximum Latency (us): 0
                       Total Synchronous Write IO Count: 2367393
                       Total Synchronous Non-Blocking Write IO Count: 5460
                       Total Failed Synchronous Non-Blocking Write IO Count: 187
                       Synchronous Write IO Maximum Latency (us): 863221
                       Synchronous Write IO Non-Blockinig Maximum Latency (us): 0
                       Total Asynchronous Read IO Count: 1943
                       Asynchronous Read IO Maximum Latency (us): 329878"
"12-08-2026 03:27:51","102","Information","Microsoft-Windows-Kernel-Cache","Global Periodic Cache Information:

                       Period Duration (microseconds): 32749149066
                       Number of NUMA Nodes: 60361
                       Event Samples: 10
                       Total Number of Mapped VACBs: 166163
                       Total Partition Samples: 10
                       Total Volume Samples: 40
                       Total Pages Yet to Write: 3528
                       Total Dirty Pages: 3867
                       Total Available Pages: 9060206
                       Total Physical Pages: 40521480
                       Total Number of Worker Threads: 160
                       Total Number of Active Worker Threads: 0
                       Total Average Available Pages: 54271112
                       Total Average Dirty Pages: 55970
                       CopyRead Calls: 9196109
                       AsyncCopyRead Calls: 1943
                       CopyWriteCalls: 2380431
                       SetValidData Calls: 7315
                       FlushCache Calls: 60361"
"11-08-2026 18:22:02","105","Information","Microsoft-Windows-Kernel-Cache","Volume Periodic Cache Write Latency Information:

                       Device GUID: {f06ef650-de5a-4a43-abb8-73f2ff6a56fd}
                       Period Duration (microseconds): 3644144622

                       Latency Bucket Values:  [256us, 1ms, 4ms, 16ms, 64ms, 128ms, 256ms, 2000ms, 6000ms, 10000ms, 20000ms, 20000+ms]

                       Synchronous Write IO Counts: [5, 0, 0, 0, 0, 0, 0, 0, 0, 0, 0, 0]
                       Synchronous Write IO Total Latencies (us): [775, 0, 0, 0, 0, 0, 0, 0, 0, 0, 0, 0]
                       Synchronous Write Non-Blocking IO Counts: [1, 0, 0, 0, 0, 0, 0, 0, 0, 0, 0, 0]
                       Synchronous Write Non-Blocking IO Total Latencies (us): [0, 0, 0, 0, 0, 0, 0, 0, 0, 0, 0, 0]"
"11-08-2026 18:22:02","104","Information","Microsoft-Windows-Kernel-Cache","Volume Periodic Cache Read Latency Information:

                       Device GUID: {f06ef650-de5a-4a43-abb8-73f2ff6a56fd}
                       Period Duration (microseconds): 3644144622

                       Latency Bucket Values:  [256us, 1ms, 4ms, 16ms, 64ms, 128ms, 256ms, 2000ms, 6000ms, 10000ms, 20000ms, 20000+ms]

                       Synchronous Read IO Counts: [199, 51, 15, 0, 0, 0, 0, 0, 0, 0, 0, 0]
                       Synchronous Read IO Total Latencies (us): [5279, 16926, 19054, 0, 0, 0, 0, 0, 0, 0, 0, 0]
                       Synchronous Read Non-Blocking IO Counts: [0, 0, 0, 0, 0, 0, 0, 0, 0, 0, 0, 0]
                       Synchronous Read Non-Blocking IO Total Latencies (us): [0, 0, 0, 0, 0, 0, 0, 0, 0, 0, 0, 0]
                       Asynchronous Read IO Counts: [0, 0, 0, 0, 0, 0, 0, 0, 0, 0, 0, 0]
                       Asynchronous Read IO Total Latencies (us): [0, 0, 0, 0, 0, 0, 0, 0, 0, 0, 0, 0]"
"11-08-2026 18:22:02","103","Information","Microsoft-Windows-Kernel-Cache","Volume Periodic Cache Information:

                       Device GUID: {f06ef650-de5a-4a43-abb8-73f2ff6a56fd}
                       Period Duration (microseconds): 3644144622
                       Total Dirty Pages: 48
                       Maximum Dirty Pages: 11
                       Total Dirty Page Threshold: 245760
                       Top Dirty Page Threshold: 506518
                       Bottom Dirty Page Threshold: 506518
                       Dirty Page Samples: 24
                       Total Lazy Writer Calls: 0
                       Total Lazy Writer Latency: 0
                       Total Lazy Writer Pages Flushed: 0
                       Lazy Writer Average Pages Per Second: 0
                       Total Pages Queued to Disk: 1
                       Maximum Pages Queued to Disk: 1
                       Pages Queued to Disk Samples: 12
                       Total Metadata Pages Queued to Disk: 0
                       Maximum Metadata Pages Queued to Disk: 0
                       Metadata Pages Queued to Disk Samples: 12
                       Read Total Bytes: 78245888
                       Read Paged-In Total Bytes: 15835136
                       Read-Ahead Total Bytes: 0
                       Cache Hit Ratio (%): 79
                       Total Writes: 11
                       Total Hard-Throttle Writes: 0
                       Total Soft-Throttle Writes: 0
                       Total Synchronous Read IO Count: 265
                       Total Synchronous Non-Blocking Read IO Count: 0
                       Total Failed Synchronous Non-Blocking Read IO Count: 0
                       Synchronous Read IO Maximum Latency (us): 1845
                       Synchronous Read IO Non-Blocking Maximum Latency (us): 0
                       Total Synchronous Write IO Count: 5
                       Total Synchronous Non-Blocking Write IO Count: 1
                       Total Failed Synchronous Non-Blocking Write IO Count: 0
                       Synchronous Write IO Maximum Latency (us): 209
                       Synchronous Write IO Non-Blockinig Maximum Latency (us): 0
                       Total Asynchronous Read IO Count: 0
                       Asynchronous Read IO Maximum Latency (us): 0"
"11-08-2026 18:22:02","105","Information","Microsoft-Windows-Kernel-Cache","Volume Periodic Cache Write Latency Information:

                       Device GUID: {00000000-0000-0000-0000-000000000000}
                       Period Duration (microseconds): 3644144622

                       Latency Bucket Values:  [256us, 1ms, 4ms, 16ms, 64ms, 128ms, 256ms, 2000ms, 6000ms, 10000ms, 20000ms, 20000+ms]

                       Synchronous Write IO Counts: [0, 0, 0, 0, 0, 0, 0, 0, 0, 0, 0, 0]
                       Synchronous Write IO Total Latencies (us): [0, 0, 0, 0, 0, 0, 0, 0, 0, 0, 0, 0]
                       Synchronous Write Non-Blocking IO Counts: [0, 0, 0, 0, 0, 0, 0, 0, 0, 0, 0, 0]
                       Synchronous Write Non-Blocking IO Total Latencies (us): [0, 0, 0, 0, 0, 0, 0, 0, 0, 0, 0, 0]"
"11-08-2026 18:22:02","104","Information","Microsoft-Windows-Kernel-Cache","Volume Periodic Cache Read Latency Information:

                       Device GUID: {00000000-0000-0000-0000-000000000000}
                       Period Duration (microseconds): 3644144622

                       Latency Bucket Values:  [256us, 1ms, 4ms, 16ms, 64ms, 128ms, 256ms, 2000ms, 6000ms, 10000ms, 20000ms, 20000+ms]

                       Synchronous Read IO Counts: [6, 0, 0, 0, 0, 0, 0, 0, 0, 0, 0, 0]
                       Synchronous Read IO Total Latencies (us): [274, 0, 0, 0, 0, 0, 0, 0, 0, 0, 0, 0]
                       Synchronous Read Non-Blocking IO Counts: [0, 0, 0, 0, 0, 0, 0, 0, 0, 0, 0, 0]
                       Synchronous Read Non-Blocking IO Total Latencies (us): [0, 0, 0, 0, 0, 0, 0, 0, 0, 0, 0, 0]
                       Asynchronous Read IO Counts: [0, 0, 0, 0, 0, 0, 0, 0, 0, 0, 0, 0]
                       Asynchronous Read IO Total Latencies (us): [0, 0, 0, 0, 0, 0, 0, 0, 0, 0, 0, 0]"
"11-08-2026 18:22:02","103","Information","Microsoft-Windows-Kernel-Cache","Volume Periodic Cache Information:

                       Device GUID: {00000000-0000-0000-0000-000000000000}
                       Period Duration (microseconds): 3644144622
                       Total Dirty Pages: 0
                       Maximum Dirty Pages: 0
                       Total Dirty Page Threshold: 0
                       Top Dirty Page Threshold: 0
                       Bottom Dirty Page Threshold: 0
                       Dirty Page Samples: 0
                       Total Lazy Writer Calls: 0
                       Total Lazy Writer Latency: 0
                       Total Lazy Writer Pages Flushed: 0
                       Lazy Writer Average Pages Per Second: 0
                       Total Pages Queued to Disk: 0
                       Maximum Pages Queued to Disk: 0
                       Pages Queued to Disk Samples: 0
                       Total Metadata Pages Queued to Disk: 0
                       Maximum Metadata Pages Queued to Disk: 0
                       Metadata Pages Queued to Disk Samples: 0
                       Read Total Bytes: 1572864
                       Read Paged-In Total Bytes: 786432
                       Read-Ahead Total Bytes: 0
                       Cache Hit Ratio (%): 50
                       Total Writes: 0
                       Total Hard-Throttle Writes: 0
                       Total Soft-Throttle Writes: 0
                       Total Synchronous Read IO Count: 6
                       Total Synchronous Non-Blocking Read IO Count: 0
                       Total Failed Synchronous Non-Blocking Read IO Count: 0
                       Synchronous Read IO Maximum Latency (us): 114
                       Synchronous Read IO Non-Blocking Maximum Latency (us): 0
                       Total Synchronous Write IO Count: 0
                       Total Synchronous Non-Blocking Write IO Count: 0
                       Total Failed Synchronous Non-Blocking Write IO Count: 0
                       Synchronous Write IO Maximum Latency (us): 0
                       Synchronous Write IO Non-Blockinig Maximum Latency (us): 0
                       Total Asynchronous Read IO Count: 0
                       Asynchronous Read IO Maximum Latency (us): 0"
"11-08-2026 18:22:02","105","Information","Microsoft-Windows-Kernel-Cache","Volume Periodic Cache Write Latency Information:

                       Device GUID: {c5c572ba-c5d0-47f6-864e-13eb05e6d46c}
                       Period Duration (microseconds): 3644144622

                       Latency Bucket Values:  [256us, 1ms, 4ms, 16ms, 64ms, 128ms, 256ms, 2000ms, 6000ms, 10000ms, 20000ms, 20000+ms]

                       Synchronous Write IO Counts: [920115, 1448, 661, 233, 13, 2, 1, 0, 0, 0, 0, 0]
                       Synchronous Write IO Total Latencies (us): [883624, 855724, 1049746, 1114494, 345934, 215246, 144476, 0, 0, 0, 0, 0]
                       Synchronous Write Non-Blocking IO Counts: [3794, 0, 0, 0, 0, 0, 0, 0, 0, 0, 0, 0]
                       Synchronous Write Non-Blocking IO Total Latencies (us): [0, 0, 0, 0, 0, 0, 0, 0, 0, 0, 0, 0]"
"11-08-2026 18:22:02","104","Information","Microsoft-Windows-Kernel-Cache","Volume Periodic Cache Read Latency Information:

                       Device GUID: {c5c572ba-c5d0-47f6-864e-13eb05e6d46c}
                       Period Duration (microseconds): 3644144622

                       Latency Bucket Values:  [256us, 1ms, 4ms, 16ms, 64ms, 128ms, 256ms, 2000ms, 6000ms, 10000ms, 20000ms, 20000+ms]

                       Synchronous Read IO Counts: [8920850, 15771, 3807, 676, 23, 2, 1, 0, 0, 0, 0, 0]
                       Synchronous Read IO Total Latencies (us): [2191776, 6518781, 5525249, 3280113, 667880, 149877, 178805, 0, 0, 0, 0, 0]
                       Synchronous Read Non-Blocking IO Counts: [22242, 0, 0, 0, 0, 0, 0, 0, 0, 0, 0, 0]
                       Synchronous Read Non-Blocking IO Total Latencies (us): [0, 0, 0, 0, 0, 0, 0, 0, 0, 0, 0, 0]
                       Asynchronous Read IO Counts: [905, 398, 107, 35, 1, 0, 0, 0, 0, 0, 0, 0]
                       Asynchronous Read IO Total Latencies (us): [145090, 174285, 210475, 149243, 29354, 0, 0, 0, 0, 0, 0, 0]"
"11-08-2026 18:22:02","103","Information","Microsoft-Windows-Kernel-Cache","Volume Periodic Cache Information:

                       Device GUID: {c5c572ba-c5d0-47f6-864e-13eb05e6d46c}
                       Period Duration (microseconds): 3644144622
                       Total Dirty Pages: 612972040
                       Maximum Dirty Pages: 5944
                       Total Dirty Page Threshold: 48040520622
                       Top Dirty Page Threshold: 506518
                       Bottom Dirty Page Threshold: 506518
                       Dirty Page Samples: 699591
                       Total Lazy Writer Calls: 20844
                       Total Lazy Writer Latency: 40988865
                       Total Lazy Writer Pages Flushed: 168609
                       Lazy Writer Average Pages Per Second: 207
                       Total Pages Queued to Disk: 41278020
                       Maximum Pages Queued to Disk: 2390
                       Pages Queued to Disk Samples: 130297
                       Total Metadata Pages Queued to Disk: 27289649
                       Maximum Metadata Pages Queued to Disk: 2390
                       Metadata Pages Queued to Disk Samples: 130290
                       Read Total Bytes: 1258832417974
                       Read Paged-In Total Bytes: 6532351493
                       Read-Ahead Total Bytes: 0
                       Cache Hit Ratio (%): 99
                       Total Writes: 953375
                       Total Hard-Throttle Writes: 0
                       Total Soft-Throttle Writes: 0
                       Total Synchronous Read IO Count: 8941328
                       Total Synchronous Non-Blocking Read IO Count: 22242
                       Total Failed Synchronous Non-Blocking Read IO Count: 1446
                       Synchronous Read IO Maximum Latency (us): 178805
                       Synchronous Read IO Non-Blocking Maximum Latency (us): 0
                       Total Synchronous Write IO Count: 922473
                       Total Synchronous Non-Blocking Write IO Count: 3794
                       Total Failed Synchronous Non-Blocking Write IO Count: 98
                       Synchronous Write IO Maximum Latency (us): 144476
                       Synchronous Write IO Non-Blockinig Maximum Latency (us): 0
                       Total Asynchronous Read IO Count: 1446
                       Asynchronous Read IO Maximum Latency (us): 29354"
"11-08-2026 18:22:02","102","Information","Microsoft-Windows-Kernel-Cache","Global Periodic Cache Information:

                       Period Duration (microseconds): 3644144622
                       Number of NUMA Nodes: 121308
                       Event Samples: 46
                       Total Number of Mapped VACBs: 811810
                       Total Partition Samples: 46
                       Total Volume Samples: 184
                       Total Pages Yet to Write: 14968
                       Total Dirty Pages: 14535
                       Total Available Pages: 39606352
                       Total Physical Pages: 186398808
                       Total Number of Worker Threads: 736
                       Total Number of Active Worker Threads: 0
                       Total Average Available Pages: 219222410
                       Total Average Dirty Pages: 15603
                       CopyRead Calls: 8966960
                       AsyncCopyRead Calls: 1446
                       CopyWriteCalls: 935801
                       SetValidData Calls: 23860
                       FlushCache Calls: 121308"
"11-08-2026 17:21:17","105","Information","Microsoft-Windows-Kernel-Cache","Volume Periodic Cache Write Latency Information:

                       Device GUID: {f06ef650-de5a-4a43-abb8-73f2ff6a56fd}
                       Period Duration (microseconds): 3644144962

                       Latency Bucket Values:  [256us, 1ms, 4ms, 16ms, 64ms, 128ms, 256ms, 2000ms, 6000ms, 10000ms, 20000ms, 20000+ms]

                       Synchronous Write IO Counts: [6, 0, 0, 0, 0, 0, 0, 0, 0, 0, 0, 0]
                       Synchronous Write IO Total Latencies (us): [654, 0, 0, 0, 0, 0, 0, 0, 0, 0, 0, 0]
                       Synchronous Write Non-Blocking IO Counts: [1, 0, 0, 0, 0, 0, 0, 0, 0, 0, 0, 0]
                       Synchronous Write Non-Blocking IO Total Latencies (us): [0, 0, 0, 0, 0, 0, 0, 0, 0, 0, 0, 0]"
"11-08-2026 17:21:17","104","Information","Microsoft-Windows-Kernel-Cache","Volume Periodic Cache Read Latency Information:

                       Device GUID: {f06ef650-de5a-4a43-abb8-73f2ff6a56fd}
                       Period Duration (microseconds): 3644144962

                       Latency Bucket Values:  [256us, 1ms, 4ms, 16ms, 64ms, 128ms, 256ms, 2000ms, 6000ms, 10000ms, 20000ms, 20000+ms]

                       Synchronous Read IO Counts: [0, 0, 0, 0, 0, 0, 0, 0, 0, 0, 0, 0]
                       Synchronous Read IO Total Latencies (us): [0, 0, 0, 0, 0, 0, 0, 0, 0, 0, 0, 0]
                       Synchronous Read Non-Blocking IO Counts: [0, 0, 0, 0, 0, 0, 0, 0, 0, 0, 0, 0]
                       Synchronous Read Non-Blocking IO Total Latencies (us): [0, 0, 0, 0, 0, 0, 0, 0, 0, 0, 0, 0]
                       Asynchronous Read IO Counts: [0, 0, 0, 0, 0, 0, 0, 0, 0, 0, 0, 0]
                       Asynchronous Read IO Total Latencies (us): [0, 0, 0, 0, 0, 0, 0, 0, 0, 0, 0, 0]"
