"27-07-2026 11:49:30","8001","Information","Microsoft-Windows-WLAN-AutoConfig","WLAN AutoConfig service has successfully connected to a wireless network.

Network Adapter: Intel(R) Wi-Fi 7 BE201 320MHz
Interface GUID: {556d9bdf-d387-4ab9-be4c-a7e220faf218}
Connection Mode: Automatic connection with a profile
Profile Name: NIQ
SSID: NIQ
BSS Type: Infrastructure
PHY Type: 802.11ax
Authentication: WPA2-Enterprise
Encryption: AES-CCMP
802.1x Enabled: Yes
Hidden: true
"
"27-07-2026 11:49:30","11005","Information","Microsoft-Windows-WLAN-AutoConfig","Wireless security succeeded.

Network Adapter: Intel(R) Wi-Fi 7 BE201 320MHz
Interface GUID: {556d9bdf-d387-4ab9-be4c-a7e220faf218}
Local MAC Address: C0:A8:10:9D:15:AC
Network SSID: NIQ
BSS Type: Infrastructure
"
"27-07-2026 11:49:30","12012","Information","Microsoft-Windows-WLAN-AutoConfig","Wireless 802.1x authentication succeeded.

Network Adapter: Intel(R) Wi-Fi 7 BE201 320MHz
Interface GUID: {556d9bdf-d387-4ab9-be4c-a7e220faf218}
Local MAC Address: C0:A8:10:9D:15:AC
Network SSID: NIQ
BSS Type: Infrastructure
Identity: host/LIND55MBVC4.enterprisenet.org
User: 
Domain: 
"
"27-07-2026 11:49:29","12011","Information","Microsoft-Windows-WLAN-AutoConfig","Wireless 802.1x authentication started.

Network Adapter: Intel(R) Wi-Fi 7 BE201 320MHz
Interface GUID: {556d9bdf-d387-4ab9-be4c-a7e220faf218}
Local MAC Address: C0:A8:10:9D:15:AC
Network SSID: NIQ
BSS Type: Infrastructure
Eap Information: Type 13, Vendor ID 0, Vendor Type 0, Author ID 0
"
"27-07-2026 11:49:29","11010","Information","Microsoft-Windows-WLAN-AutoConfig","Wireless security started.

Network Adapter: Intel(R) Wi-Fi 7 BE201 320MHz
Interface GUID: {556d9bdf-d387-4ab9-be4c-a7e220faf218}
Local MAC Address: C0:A8:10:9D:15:AC
Network SSID: NIQ
BSS Type: Infrastructure
Authentication: WPA2-Enterprise
Encryption: AES-GCMP-128
FIPS Mode: Disabled
802.1x Enabled: Yes
"
"27-07-2026 11:49:29","11001","Information","Microsoft-Windows-WLAN-AutoConfig","Wireless network association succeeded.

Network Adapter: Intel(R) Wi-Fi 7 BE201 320MHz
Interface GUID: {556d9bdf-d387-4ab9-be4c-a7e220faf218}
Local MAC Address: C0:A8:10:9D:15:AC
Network SSID: NIQ
BSS Type: Infrastructure
Management Frame Protection Enabled: 0x100000000
"
"27-07-2026 11:49:29","11000","Information","Microsoft-Windows-WLAN-AutoConfig","Wireless network association started.

Network Adapter: Intel(R) Wi-Fi 7 BE201 320MHz
Interface GUID: {556d9bdf-d387-4ab9-be4c-a7e220faf218}
Local MAC Address: C0:A8:10:9D:15:AC
Network SSID: NIQ
BSS Type: Infrastructure
Authentication: WPA2-Enterprise
Encryption: AES-GCMP-128
802.1X Enabled: Yes
"
"27-07-2026 11:49:29","8000","Information","Microsoft-Windows-WLAN-AutoConfig","WLAN AutoConfig service started a connection to a wireless network.

Network Adapter: Intel(R) Wi-Fi 7 BE201 320MHz
Interface GUID: {556d9bdf-d387-4ab9-be4c-a7e220faf218}
Connection Mode: Automatic connection with a profile
Profile Name: NIQ
SSID: NIQ
BSS Type: Infrastructure
"
"27-07-2026 11:48:45","11004","Information","Microsoft-Windows-WLAN-AutoConfig","Wireless security stopped.

Network Adapter: Intel(R) Wi-Fi 7 BE201 320MHz
Interface GUID: {556d9bdf-d387-4ab9-be4c-a7e220faf218}
Local MAC Address: C0:A8:10:9D:15:AC
Network SSID: NIQ
BSS Type: Infrastructure
Security Hint: The operation was successful.
"
"27-07-2026 10:36:40","11005","Information","Microsoft-Windows-WLAN-AutoConfig","Wireless security succeeded.

Network Adapter: Intel(R) Wi-Fi 7 BE201 320MHz
Interface GUID: {556d9bdf-d387-4ab9-be4c-a7e220faf218}
Local MAC Address: C0:A8:10:9D:15:AC
Network SSID: NIQ
BSS Type: Infrastructure
"
"27-07-2026 10:36:40","11010","Information","Microsoft-Windows-WLAN-AutoConfig","Wireless security started.

Network Adapter: Intel(R) Wi-Fi 7 BE201 320MHz
Interface GUID: {556d9bdf-d387-4ab9-be4c-a7e220faf218}
Local MAC Address: C0:A8:10:9D:15:AC
Network SSID: NIQ
BSS Type: Infrastructure
Authentication: WPA2-Enterprise
Encryption: AES-GCMP-128
FIPS Mode: Disabled
802.1x Enabled: Yes
"
"27-07-2026 10:36:40","11004","Information","Microsoft-Windows-WLAN-AutoConfig","Wireless security stopped.

Network Adapter: Intel(R) Wi-Fi 7 BE201 320MHz
Interface GUID: {556d9bdf-d387-4ab9-be4c-a7e220faf218}
Local MAC Address: C0:A8:10:9D:15:AC
Network SSID: NIQ
BSS Type: Infrastructure
Security Hint: The operation was successful.
"
"27-07-2026 09:37:20","8001","Information","Microsoft-Windows-WLAN-AutoConfig","WLAN AutoConfig service has successfully connected to a wireless network.

Network Adapter: Intel(R) Wi-Fi 7 BE201 320MHz
Interface GUID: {556d9bdf-d387-4ab9-be4c-a7e220faf218}
Connection Mode: Automatic connection with a profile
Profile Name: NIQ
SSID: NIQ
BSS Type: Infrastructure
PHY Type: 802.11ax
Authentication: WPA2-Enterprise
Encryption: AES-CCMP
802.1x Enabled: Yes
Hidden: true
"
"27-07-2026 09:37:20","11005","Information","Microsoft-Windows-WLAN-AutoConfig","Wireless security succeeded.

Network Adapter: Intel(R) Wi-Fi 7 BE201 320MHz
Interface GUID: {556d9bdf-d387-4ab9-be4c-a7e220faf218}
Local MAC Address: C0:A8:10:9D:15:AC
Network SSID: NIQ
BSS Type: Infrastructure
"
"27-07-2026 09:37:20","12012","Information","Microsoft-Windows-WLAN-AutoConfig","Wireless 802.1x authentication succeeded.

Network Adapter: Intel(R) Wi-Fi 7 BE201 320MHz
Interface GUID: {556d9bdf-d387-4ab9-be4c-a7e220faf218}
Local MAC Address: C0:A8:10:9D:15:AC
Network SSID: NIQ
BSS Type: Infrastructure
Identity: host/LIND55MBVC4.enterprisenet.org
User: 
Domain: 
"
"27-07-2026 09:37:18","12011","Information","Microsoft-Windows-WLAN-AutoConfig","Wireless 802.1x authentication started.

Network Adapter: Intel(R) Wi-Fi 7 BE201 320MHz
Interface GUID: {556d9bdf-d387-4ab9-be4c-a7e220faf218}
Local MAC Address: C0:A8:10:9D:15:AC
Network SSID: NIQ
BSS Type: Infrastructure
Eap Information: Type 13, Vendor ID 0, Vendor Type 0, Author ID 0
"
"27-07-2026 09:37:18","11010","Information","Microsoft-Windows-WLAN-AutoConfig","Wireless security started.

Network Adapter: Intel(R) Wi-Fi 7 BE201 320MHz
Interface GUID: {556d9bdf-d387-4ab9-be4c-a7e220faf218}
Local MAC Address: C0:A8:10:9D:15:AC
Network SSID: NIQ
BSS Type: Infrastructure
Authentication: WPA2-Enterprise
Encryption: AES-GCMP-128
FIPS Mode: Disabled
802.1x Enabled: Yes
"
"27-07-2026 09:37:18","11001","Information","Microsoft-Windows-WLAN-AutoConfig","Wireless network association succeeded.

Network Adapter: Intel(R) Wi-Fi 7 BE201 320MHz
Interface GUID: {556d9bdf-d387-4ab9-be4c-a7e220faf218}
Local MAC Address: C0:A8:10:9D:15:AC
Network SSID: NIQ
BSS Type: Infrastructure
Management Frame Protection Enabled: 0x100000000
"
"27-07-2026 09:37:18","11000","Information","Microsoft-Windows-WLAN-AutoConfig","Wireless network association started.

Network Adapter: Intel(R) Wi-Fi 7 BE201 320MHz
Interface GUID: {556d9bdf-d387-4ab9-be4c-a7e220faf218}
Local MAC Address: C0:A8:10:9D:15:AC
Network SSID: NIQ
BSS Type: Infrastructure
Authentication: WPA2-Enterprise
Encryption: AES-GCMP-128
802.1X Enabled: Yes
"
"27-07-2026 09:37:18","8000","Information","Microsoft-Windows-WLAN-AutoConfig","WLAN AutoConfig service started a connection to a wireless network.

Network Adapter: Intel(R) Wi-Fi 7 BE201 320MHz
Interface GUID: {556d9bdf-d387-4ab9-be4c-a7e220faf218}
Connection Mode: Automatic connection with a profile
Profile Name: NIQ
SSID: NIQ
BSS Type: Infrastructure
"
"27-07-2026 09:36:35","11004","Information","Microsoft-Windows-WLAN-AutoConfig","Wireless security stopped.

Network Adapter: Intel(R) Wi-Fi 7 BE201 320MHz
Interface GUID: {556d9bdf-d387-4ab9-be4c-a7e220faf218}
Local MAC Address: C0:A8:10:9D:15:AC
Network SSID: NIQ
BSS Type: Infrastructure
Security Hint: The operation was successful.
"
"27-07-2026 09:34:43","8001","Information","Microsoft-Windows-WLAN-AutoConfig","WLAN AutoConfig service has successfully connected to a wireless network.

Network Adapter: Intel(R) Wi-Fi 7 BE201 320MHz
Interface GUID: {556d9bdf-d387-4ab9-be4c-a7e220faf218}
Connection Mode: Automatic connection with a profile
Profile Name: NIQ
SSID: NIQ
BSS Type: Infrastructure
PHY Type: 802.11ax
Authentication: WPA2-Enterprise
Encryption: AES-CCMP
802.1x Enabled: Yes
Hidden: true
"
"27-07-2026 09:34:43","11005","Information","Microsoft-Windows-WLAN-AutoConfig","Wireless security succeeded.

Network Adapter: Intel(R) Wi-Fi 7 BE201 320MHz
Interface GUID: {556d9bdf-d387-4ab9-be4c-a7e220faf218}
Local MAC Address: C0:A8:10:9D:15:AC
Network SSID: NIQ
BSS Type: Infrastructure
"
"27-07-2026 09:34:43","12012","Information","Microsoft-Windows-WLAN-AutoConfig","Wireless 802.1x authentication succeeded.

Network Adapter: Intel(R) Wi-Fi 7 BE201 320MHz
Interface GUID: {556d9bdf-d387-4ab9-be4c-a7e220faf218}
Local MAC Address: C0:A8:10:9D:15:AC
Network SSID: NIQ
BSS Type: Infrastructure
Identity: host/LIND55MBVC4.enterprisenet.org
User: 
Domain: 
"
"27-07-2026 09:34:42","12011","Information","Microsoft-Windows-WLAN-AutoConfig","Wireless 802.1x authentication started.

Network Adapter: Intel(R) Wi-Fi 7 BE201 320MHz
Interface GUID: {556d9bdf-d387-4ab9-be4c-a7e220faf218}
Local MAC Address: C0:A8:10:9D:15:AC
Network SSID: NIQ
BSS Type: Infrastructure
Eap Information: Type 13, Vendor ID 0, Vendor Type 0, Author ID 0
"
"27-07-2026 09:34:42","11010","Information","Microsoft-Windows-WLAN-AutoConfig","Wireless security started.

Network Adapter: Intel(R) Wi-Fi 7 BE201 320MHz
Interface GUID: {556d9bdf-d387-4ab9-be4c-a7e220faf218}
Local MAC Address: C0:A8:10:9D:15:AC
Network SSID: NIQ
BSS Type: Infrastructure
Authentication: WPA2-Enterprise
Encryption: AES-GCMP-128
FIPS Mode: Disabled
802.1x Enabled: Yes
"
"27-07-2026 09:34:42","11001","Information","Microsoft-Windows-WLAN-AutoConfig","Wireless network association succeeded.

Network Adapter: Intel(R) Wi-Fi 7 BE201 320MHz
Interface GUID: {556d9bdf-d387-4ab9-be4c-a7e220faf218}
Local MAC Address: C0:A8:10:9D:15:AC
Network SSID: NIQ
BSS Type: Infrastructure
Management Frame Protection Enabled: 0x100000000
"
"27-07-2026 09:34:42","11000","Information","Microsoft-Windows-WLAN-AutoConfig","Wireless network association started.

Network Adapter: Intel(R) Wi-Fi 7 BE201 320MHz
Interface GUID: {556d9bdf-d387-4ab9-be4c-a7e220faf218}
Local MAC Address: C0:A8:10:9D:15:AC
Network SSID: NIQ
BSS Type: Infrastructure
Authentication: WPA2-Enterprise
Encryption: AES-GCMP-128
802.1X Enabled: Yes
"
"27-07-2026 09:34:42","8000","Information","Microsoft-Windows-WLAN-AutoConfig","WLAN AutoConfig service started a connection to a wireless network.

Network Adapter: Intel(R) Wi-Fi 7 BE201 320MHz
Interface GUID: {556d9bdf-d387-4ab9-be4c-a7e220faf218}
Connection Mode: Automatic connection with a profile
Profile Name: NIQ
SSID: NIQ
BSS Type: Infrastructure
"
"27-07-2026 09:33:47","11004","Information","Microsoft-Windows-WLAN-AutoConfig","Wireless security stopped.

Network Adapter: Intel(R) Wi-Fi 7 BE201 320MHz
Interface GUID: {556d9bdf-d387-4ab9-be4c-a7e220faf218}
Local MAC Address: C0:A8:10:9D:15:AC
Network SSID: NIQ
BSS Type: Infrastructure
Security Hint: The operation was successful.
"
"27-07-2026 09:15:31","8001","Information","Microsoft-Windows-WLAN-AutoConfig","WLAN AutoConfig service has successfully connected to a wireless network.

Network Adapter: Intel(R) Wi-Fi 7 BE201 320MHz
Interface GUID: {556d9bdf-d387-4ab9-be4c-a7e220faf218}
Connection Mode: Automatic connection with a profile
Profile Name: NIQ
SSID: NIQ
BSS Type: Infrastructure
PHY Type: 802.11ax
Authentication: WPA2-Enterprise
Encryption: AES-CCMP
802.1x Enabled: Yes
Hidden: true
"
"27-07-2026 09:15:31","11005","Information","Microsoft-Windows-WLAN-AutoConfig","Wireless security succeeded.

Network Adapter: Intel(R) Wi-Fi 7 BE201 320MHz
Interface GUID: {556d9bdf-d387-4ab9-be4c-a7e220faf218}
Local MAC Address: C0:A8:10:9D:15:AC
Network SSID: NIQ
BSS Type: Infrastructure
"
"27-07-2026 09:15:31","12012","Information","Microsoft-Windows-WLAN-AutoConfig","Wireless 802.1x authentication succeeded.

Network Adapter: Intel(R) Wi-Fi 7 BE201 320MHz
Interface GUID: {556d9bdf-d387-4ab9-be4c-a7e220faf218}
Local MAC Address: C0:A8:10:9D:15:AC
Network SSID: NIQ
BSS Type: Infrastructure
Identity: host/LIND55MBVC4.enterprisenet.org
User: 
Domain: 
"
"27-07-2026 09:15:30","12011","Information","Microsoft-Windows-WLAN-AutoConfig","Wireless 802.1x authentication started.

Network Adapter: Intel(R) Wi-Fi 7 BE201 320MHz
Interface GUID: {556d9bdf-d387-4ab9-be4c-a7e220faf218}
Local MAC Address: C0:A8:10:9D:15:AC
Network SSID: NIQ
BSS Type: Infrastructure
Eap Information: Type 13, Vendor ID 0, Vendor Type 0, Author ID 0
"
"27-07-2026 09:15:30","11010","Information","Microsoft-Windows-WLAN-AutoConfig","Wireless security started.

Network Adapter: Intel(R) Wi-Fi 7 BE201 320MHz
Interface GUID: {556d9bdf-d387-4ab9-be4c-a7e220faf218}
Local MAC Address: C0:A8:10:9D:15:AC
Network SSID: NIQ
BSS Type: Infrastructure
Authentication: WPA2-Enterprise
Encryption: AES-GCMP-128
FIPS Mode: Disabled
802.1x Enabled: Yes
"
"27-07-2026 09:15:30","11001","Information","Microsoft-Windows-WLAN-AutoConfig","Wireless network association succeeded.

Network Adapter: Intel(R) Wi-Fi 7 BE201 320MHz
Interface GUID: {556d9bdf-d387-4ab9-be4c-a7e220faf218}
Local MAC Address: C0:A8:10:9D:15:AC
Network SSID: NIQ
BSS Type: Infrastructure
Management Frame Protection Enabled: 0x100000000
"
"27-07-2026 09:15:30","11000","Information","Microsoft-Windows-WLAN-AutoConfig","Wireless network association started.

Network Adapter: Intel(R) Wi-Fi 7 BE201 320MHz
Interface GUID: {556d9bdf-d387-4ab9-be4c-a7e220faf218}
Local MAC Address: C0:A8:10:9D:15:AC
Network SSID: NIQ
BSS Type: Infrastructure
Authentication: WPA2-Enterprise
Encryption: AES-GCMP-128
802.1X Enabled: Yes
"
"27-07-2026 09:15:30","8000","Information","Microsoft-Windows-WLAN-AutoConfig","WLAN AutoConfig service started a connection to a wireless network.

Network Adapter: Intel(R) Wi-Fi 7 BE201 320MHz
Interface GUID: {556d9bdf-d387-4ab9-be4c-a7e220faf218}
Connection Mode: Automatic connection with a profile
Profile Name: NIQ
SSID: NIQ
BSS Type: Infrastructure
"
"27-07-2026 09:15:20","8003","Information","Microsoft-Windows-WLAN-AutoConfig","WLAN AutoConfig service has successfully disconnected from a wireless network.

Network Adapter: Intel(R) Wi-Fi 7 BE201 320MHz
Interface GUID: {556d9bdf-d387-4ab9-be4c-a7e220faf218}
Connection Mode: Automatic connection with a profile
Profile Name: NIQ
SSID: NIQ
BSS Type: Infrastructure
Reason: The network is disconnected by the driver.
"
"27-07-2026 09:15:20","11004","Information","Microsoft-Windows-WLAN-AutoConfig","Wireless security stopped.

Network Adapter: Intel(R) Wi-Fi 7 BE201 320MHz
Interface GUID: {556d9bdf-d387-4ab9-be4c-a7e220faf218}
Local MAC Address: C0:A8:10:9D:15:AC
Network SSID: NIQ
BSS Type: Infrastructure
Security Hint: The operation was successful.
"
"27-07-2026 09:15:01","11005","Information","Microsoft-Windows-WLAN-AutoConfig","Wireless security succeeded.

Network Adapter: Intel(R) Wi-Fi 7 BE201 320MHz
Interface GUID: {556d9bdf-d387-4ab9-be4c-a7e220faf218}
Local MAC Address: C0:A8:10:9D:15:AC
Network SSID: NIQ
BSS Type: Infrastructure
"
"27-07-2026 09:15:01","11010","Information","Microsoft-Windows-WLAN-AutoConfig","Wireless security started.

Network Adapter: Intel(R) Wi-Fi 7 BE201 320MHz
Interface GUID: {556d9bdf-d387-4ab9-be4c-a7e220faf218}
Local MAC Address: C0:A8:10:9D:15:AC
Network SSID: NIQ
BSS Type: Infrastructure
Authentication: WPA2-Enterprise
Encryption: AES-GCMP-128
FIPS Mode: Disabled
802.1x Enabled: Yes
"
"27-07-2026 09:15:00","11004","Information","Microsoft-Windows-WLAN-AutoConfig","Wireless security stopped.

Network Adapter: Intel(R) Wi-Fi 7 BE201 320MHz
Interface GUID: {556d9bdf-d387-4ab9-be4c-a7e220faf218}
Local MAC Address: C0:A8:10:9D:15:AC
Network SSID: NIQ
BSS Type: Infrastructure
Security Hint: The operation was successful.
"
"27-07-2026 09:14:42","8001","Information","Microsoft-Windows-WLAN-AutoConfig","WLAN AutoConfig service has successfully connected to a wireless network.

Network Adapter: Intel(R) Wi-Fi 7 BE201 320MHz
Interface GUID: {556d9bdf-d387-4ab9-be4c-a7e220faf218}
Connection Mode: Automatic connection with a profile
Profile Name: NIQ
SSID: NIQ
BSS Type: Infrastructure
PHY Type: 802.11ax
Authentication: WPA2-Enterprise
Encryption: AES-CCMP
802.1x Enabled: Yes
Hidden: true
"
"27-07-2026 09:14:42","11005","Information","Microsoft-Windows-WLAN-AutoConfig","Wireless security succeeded.

Network Adapter: Intel(R) Wi-Fi 7 BE201 320MHz
Interface GUID: {556d9bdf-d387-4ab9-be4c-a7e220faf218}
Local MAC Address: C0:A8:10:9D:15:AC
Network SSID: NIQ
BSS Type: Infrastructure
"
"27-07-2026 09:14:42","12012","Information","Microsoft-Windows-WLAN-AutoConfig","Wireless 802.1x authentication succeeded.

Network Adapter: Intel(R) Wi-Fi 7 BE201 320MHz
Interface GUID: {556d9bdf-d387-4ab9-be4c-a7e220faf218}
Local MAC Address: C0:A8:10:9D:15:AC
Network SSID: NIQ
BSS Type: Infrastructure
Identity: host/LIND55MBVC4.enterprisenet.org
User: 
Domain: 
"
"27-07-2026 09:14:39","12011","Information","Microsoft-Windows-WLAN-AutoConfig","Wireless 802.1x authentication started.

Network Adapter: Intel(R) Wi-Fi 7 BE201 320MHz
Interface GUID: {556d9bdf-d387-4ab9-be4c-a7e220faf218}
Local MAC Address: C0:A8:10:9D:15:AC
Network SSID: NIQ
BSS Type: Infrastructure
Eap Information: Type 13, Vendor ID 0, Vendor Type 0, Author ID 0
"
"27-07-2026 09:14:37","11010","Information","Microsoft-Windows-WLAN-AutoConfig","Wireless security started.

Network Adapter: Intel(R) Wi-Fi 7 BE201 320MHz
Interface GUID: {556d9bdf-d387-4ab9-be4c-a7e220faf218}
Local MAC Address: C0:A8:10:9D:15:AC
Network SSID: NIQ
BSS Type: Infrastructure
Authentication: WPA2-Enterprise
Encryption: AES-GCMP-128
FIPS Mode: Disabled
802.1x Enabled: Yes
"
"27-07-2026 09:14:37","11001","Information","Microsoft-Windows-WLAN-AutoConfig","Wireless network association succeeded.

Network Adapter: Intel(R) Wi-Fi 7 BE201 320MHz
Interface GUID: {556d9bdf-d387-4ab9-be4c-a7e220faf218}
Local MAC Address: C0:A8:10:9D:15:AC
Network SSID: NIQ
BSS Type: Infrastructure
Management Frame Protection Enabled: 0x300000000
"
"27-07-2026 09:14:37","11000","Information","Microsoft-Windows-WLAN-AutoConfig","Wireless network association started.

Network Adapter: Intel(R) Wi-Fi 7 BE201 320MHz
Interface GUID: {556d9bdf-d387-4ab9-be4c-a7e220faf218}
Local MAC Address: C0:A8:10:9D:15:AC
Network SSID: NIQ
BSS Type: Infrastructure
Authentication: WPA2-Enterprise
Encryption: AES-GCMP-128
802.1X Enabled: Yes
"
"27-07-2026 09:14:37","8000","Information","Microsoft-Windows-WLAN-AutoConfig","WLAN AutoConfig service started a connection to a wireless network.

Network Adapter: Intel(R) Wi-Fi 7 BE201 320MHz
Interface GUID: {556d9bdf-d387-4ab9-be4c-a7e220faf218}
Connection Mode: Automatic connection with a profile
Profile Name: NIQ
SSID: NIQ
BSS Type: Infrastructure
"
"27-07-2026 09:14:33","8003","Information","Microsoft-Windows-WLAN-AutoConfig","WLAN AutoConfig service has successfully disconnected from a wireless network.

Network Adapter: Intel(R) Wi-Fi 7 BE201 320MHz
Interface GUID: {556d9bdf-d387-4ab9-be4c-a7e220faf218}
Connection Mode: Automatic connection with a profile
Profile Name: NIQ
SSID: NIQ
BSS Type: Infrastructure
Reason: The network is disconnected by the driver.
"
"24-07-2026 23:56:28","11004","Information","Microsoft-Windows-WLAN-AutoConfig","Wireless security stopped.

Network Adapter: Intel(R) Wi-Fi 7 BE201 320MHz
Interface GUID: {556d9bdf-d387-4ab9-be4c-a7e220faf218}
Local MAC Address: C0:A8:10:9D:15:AC
Network SSID: NIQ
BSS Type: Infrastructure
Security Hint: The operation was successful.
"
"24-07-2026 23:55:49","8001","Information","Microsoft-Windows-WLAN-AutoConfig","WLAN AutoConfig service has successfully connected to a wireless network.

Network Adapter: Intel(R) Wi-Fi 7 BE201 320MHz
Interface GUID: {556d9bdf-d387-4ab9-be4c-a7e220faf218}
Connection Mode: Automatic connection with a profile
Profile Name: NIQ
SSID: NIQ
BSS Type: Infrastructure
PHY Type: 802.11ax
Authentication: WPA2-Enterprise
Encryption: AES-CCMP
802.1x Enabled: Yes
Hidden: true
"
"24-07-2026 23:55:49","11005","Information","Microsoft-Windows-WLAN-AutoConfig","Wireless security succeeded.

Network Adapter: Intel(R) Wi-Fi 7 BE201 320MHz
Interface GUID: {556d9bdf-d387-4ab9-be4c-a7e220faf218}
Local MAC Address: C0:A8:10:9D:15:AC
Network SSID: NIQ
BSS Type: Infrastructure
"
"24-07-2026 23:55:49","12012","Information","Microsoft-Windows-WLAN-AutoConfig","Wireless 802.1x authentication succeeded.

Network Adapter: Intel(R) Wi-Fi 7 BE201 320MHz
Interface GUID: {556d9bdf-d387-4ab9-be4c-a7e220faf218}
Local MAC Address: C0:A8:10:9D:15:AC
Network SSID: NIQ
BSS Type: Infrastructure
Identity: host/LIND55MBVC4.enterprisenet.org
User: 
Domain: 
"
"24-07-2026 23:55:48","12011","Information","Microsoft-Windows-WLAN-AutoConfig","Wireless 802.1x authentication started.

Network Adapter: Intel(R) Wi-Fi 7 BE201 320MHz
Interface GUID: {556d9bdf-d387-4ab9-be4c-a7e220faf218}
Local MAC Address: C0:A8:10:9D:15:AC
Network SSID: NIQ
BSS Type: Infrastructure
Eap Information: Type 13, Vendor ID 0, Vendor Type 0, Author ID 0
"
"24-07-2026 23:55:47","11010","Information","Microsoft-Windows-WLAN-AutoConfig","Wireless security started.

Network Adapter: Intel(R) Wi-Fi 7 BE201 320MHz
Interface GUID: {556d9bdf-d387-4ab9-be4c-a7e220faf218}
Local MAC Address: C0:A8:10:9D:15:AC
Network SSID: NIQ
BSS Type: Infrastructure
Authentication: WPA2-Enterprise
Encryption: AES-GCMP-128
FIPS Mode: Disabled
802.1x Enabled: Yes
"
"24-07-2026 23:55:47","11001","Information","Microsoft-Windows-WLAN-AutoConfig","Wireless network association succeeded.

Network Adapter: Intel(R) Wi-Fi 7 BE201 320MHz
Interface GUID: {556d9bdf-d387-4ab9-be4c-a7e220faf218}
Local MAC Address: C0:A8:10:9D:15:AC
Network SSID: NIQ
BSS Type: Infrastructure
Management Frame Protection Enabled: 0x200000000
"
"24-07-2026 23:55:47","11000","Information","Microsoft-Windows-WLAN-AutoConfig","Wireless network association started.

Network Adapter: Intel(R) Wi-Fi 7 BE201 320MHz
Interface GUID: {556d9bdf-d387-4ab9-be4c-a7e220faf218}
Local MAC Address: C0:A8:10:9D:15:AC
Network SSID: NIQ
BSS Type: Infrastructure
Authentication: WPA2-Enterprise
Encryption: AES-GCMP-128
802.1X Enabled: Yes
"
"24-07-2026 23:55:47","8000","Information","Microsoft-Windows-WLAN-AutoConfig","WLAN AutoConfig service started a connection to a wireless network.

Network Adapter: Intel(R) Wi-Fi 7 BE201 320MHz
Interface GUID: {556d9bdf-d387-4ab9-be4c-a7e220faf218}
Connection Mode: Automatic connection with a profile
Profile Name: NIQ
SSID: NIQ
BSS Type: Infrastructure
"
"24-07-2026 23:55:47","8011","Information","Microsoft-Windows-WLAN-AutoConfig","Connect to last good network 

Network Adapter: Intel(R) Wi-Fi 7 BE201 320MHz
Interface GUID: {556d9bdf-d387-4ab9-be4c-a7e220faf218}
 Profile Name: NIQ
SSID: NIQ
BSS type: infrastructure
"
"24-07-2026 18:48:02","8003","Information","Microsoft-Windows-WLAN-AutoConfig","WLAN AutoConfig service has successfully disconnected from a wireless network.

Network Adapter: Intel(R) Wi-Fi 7 BE201 320MHz
Interface GUID: {556d9bdf-d387-4ab9-be4c-a7e220faf218}
Connection Mode: Automatic connection with a profile
Profile Name: NIQ
SSID: NIQ
BSS Type: Infrastructure
Reason: The network is disconnected due to a policy disabling auto connect on this interface.
"
"24-07-2026 18:48:02","11004","Information","Microsoft-Windows-WLAN-AutoConfig","Wireless security stopped.

Network Adapter: Intel(R) Wi-Fi 7 BE201 320MHz
Interface GUID: {556d9bdf-d387-4ab9-be4c-a7e220faf218}
Local MAC Address: C0:A8:10:9D:15:AC
Network SSID: NIQ
BSS Type: Infrastructure
Security Hint: The operation was successful.
"
"24-07-2026 09:30:08","8001","Information","Microsoft-Windows-WLAN-AutoConfig","WLAN AutoConfig service has successfully connected to a wireless network.

Network Adapter: Intel(R) Wi-Fi 7 BE201 320MHz
Interface GUID: {556d9bdf-d387-4ab9-be4c-a7e220faf218}
Connection Mode: Automatic connection with a profile
Profile Name: NIQ
SSID: NIQ
BSS Type: Infrastructure
PHY Type: 802.11ax
Authentication: WPA2-Enterprise
Encryption: AES-CCMP
802.1x Enabled: Yes
Hidden: true
"
"24-07-2026 09:30:08","11005","Information","Microsoft-Windows-WLAN-AutoConfig","Wireless security succeeded.

Network Adapter: Intel(R) Wi-Fi 7 BE201 320MHz
Interface GUID: {556d9bdf-d387-4ab9-be4c-a7e220faf218}
Local MAC Address: C0:A8:10:9D:15:AC
Network SSID: NIQ
BSS Type: Infrastructure
"
"24-07-2026 09:30:08","12012","Information","Microsoft-Windows-WLAN-AutoConfig","Wireless 802.1x authentication succeeded.

Network Adapter: Intel(R) Wi-Fi 7 BE201 320MHz
Interface GUID: {556d9bdf-d387-4ab9-be4c-a7e220faf218}
Local MAC Address: C0:A8:10:9D:15:AC
Network SSID: NIQ
BSS Type: Infrastructure
Identity: host/LIND55MBVC4.enterprisenet.org
User: 
Domain: 
"
"24-07-2026 09:30:07","12011","Information","Microsoft-Windows-WLAN-AutoConfig","Wireless 802.1x authentication started.

Network Adapter: Intel(R) Wi-Fi 7 BE201 320MHz
Interface GUID: {556d9bdf-d387-4ab9-be4c-a7e220faf218}
Local MAC Address: C0:A8:10:9D:15:AC
Network SSID: NIQ
BSS Type: Infrastructure
Eap Information: Type 13, Vendor ID 0, Vendor Type 0, Author ID 0
"
"24-07-2026 09:30:07","11010","Information","Microsoft-Windows-WLAN-AutoConfig","Wireless security started.

Network Adapter: Intel(R) Wi-Fi 7 BE201 320MHz
Interface GUID: {556d9bdf-d387-4ab9-be4c-a7e220faf218}
Local MAC Address: C0:A8:10:9D:15:AC
Network SSID: NIQ
BSS Type: Infrastructure
Authentication: WPA2-Enterprise
Encryption: AES-GCMP-128
FIPS Mode: Disabled
802.1x Enabled: Yes
"
"24-07-2026 09:30:07","11001","Information","Microsoft-Windows-WLAN-AutoConfig","Wireless network association succeeded.

Network Adapter: Intel(R) Wi-Fi 7 BE201 320MHz
Interface GUID: {556d9bdf-d387-4ab9-be4c-a7e220faf218}
Local MAC Address: C0:A8:10:9D:15:AC
Network SSID: NIQ
BSS Type: Infrastructure
Management Frame Protection Enabled: 0x100000000
"
"24-07-2026 09:30:07","11000","Information","Microsoft-Windows-WLAN-AutoConfig","Wireless network association started.

Network Adapter: Intel(R) Wi-Fi 7 BE201 320MHz
Interface GUID: {556d9bdf-d387-4ab9-be4c-a7e220faf218}
Local MAC Address: C0:A8:10:9D:15:AC
Network SSID: NIQ
BSS Type: Infrastructure
Authentication: WPA2-Enterprise
Encryption: AES-GCMP-128
802.1X Enabled: Yes
"
"24-07-2026 09:30:07","8000","Information","Microsoft-Windows-WLAN-AutoConfig","WLAN AutoConfig service started a connection to a wireless network.

Network Adapter: Intel(R) Wi-Fi 7 BE201 320MHz
Interface GUID: {556d9bdf-d387-4ab9-be4c-a7e220faf218}
Connection Mode: Automatic connection with a profile
Profile Name: NIQ
SSID: NIQ
BSS Type: Infrastructure
"
"24-07-2026 09:30:03","8003","Information","Microsoft-Windows-WLAN-AutoConfig","WLAN AutoConfig service has successfully disconnected from a wireless network.

Network Adapter: Intel(R) Wi-Fi 7 BE201 320MHz
Interface GUID: {556d9bdf-d387-4ab9-be4c-a7e220faf218}
Connection Mode: Automatic connection with a profile
Profile Name: NIQ
SSID: NIQ
BSS Type: Infrastructure
Reason: The network is disconnected by the driver.
"
"24-07-2026 09:30:03","11004","Information","Microsoft-Windows-WLAN-AutoConfig","Wireless security stopped.

Network Adapter: Intel(R) Wi-Fi 7 BE201 320MHz
Interface GUID: {556d9bdf-d387-4ab9-be4c-a7e220faf218}
Local MAC Address: C0:A8:10:9D:15:AC
Network SSID: NIQ
BSS Type: Infrastructure
Security Hint: The operation was successful.
"
"24-07-2026 09:29:44","11005","Information","Microsoft-Windows-WLAN-AutoConfig","Wireless security succeeded.

Network Adapter: Intel(R) Wi-Fi 7 BE201 320MHz
Interface GUID: {556d9bdf-d387-4ab9-be4c-a7e220faf218}
Local MAC Address: C0:A8:10:9D:15:AC
Network SSID: NIQ
BSS Type: Infrastructure
"
"24-07-2026 09:29:44","12012","Information","Microsoft-Windows-WLAN-AutoConfig","Wireless 802.1x authentication succeeded.

Network Adapter: Intel(R) Wi-Fi 7 BE201 320MHz
Interface GUID: {556d9bdf-d387-4ab9-be4c-a7e220faf218}
Local MAC Address: C0:A8:10:9D:15:AC
Network SSID: NIQ
BSS Type: Infrastructure
Identity: host/LIND55MBVC4.enterprisenet.org
User: 
Domain: 
"
"24-07-2026 09:29:43","12011","Information","Microsoft-Windows-WLAN-AutoConfig","Wireless 802.1x authentication started.

Network Adapter: Intel(R) Wi-Fi 7 BE201 320MHz
Interface GUID: {556d9bdf-d387-4ab9-be4c-a7e220faf218}
Local MAC Address: C0:A8:10:9D:15:AC
Network SSID: NIQ
BSS Type: Infrastructure
Eap Information: Type 13, Vendor ID 0, Vendor Type 0, Author ID 0
"
"24-07-2026 09:29:43","12014","Information","Microsoft-Windows-WLAN-AutoConfig","Wireless 802.1x authentication was restarted.

Network Adapter: Intel(R) Wi-Fi 7 BE201 320MHz
Interface GUID: {556d9bdf-d387-4ab9-be4c-a7e220faf218}
Local MAC Address: C0:A8:10:9D:15:AC
Network SSID: NIQ
BSS Type: Infrastructure
Eap Information: Type 13, Vendor ID 0, Vendor Type 0, Author ID 0
Restart Reason: Peer Initiated
"
"24-07-2026 09:29:43","12014","Information","Microsoft-Windows-WLAN-AutoConfig","Wireless 802.1x authentication was restarted.

Network Adapter: Intel(R) Wi-Fi 7 BE201 320MHz
Interface GUID: {556d9bdf-d387-4ab9-be4c-a7e220faf218}
Local MAC Address: C0:A8:10:9D:15:AC
Network SSID: NIQ
BSS Type: Infrastructure
Eap Information: Type 13, Vendor ID 0, Vendor Type 0, Author ID 0
Restart Reason: Peer Initiated
"
"24-07-2026 09:29:43","11010","Information","Microsoft-Windows-WLAN-AutoConfig","Wireless security started.

Network Adapter: Intel(R) Wi-Fi 7 BE201 320MHz
Interface GUID: {556d9bdf-d387-4ab9-be4c-a7e220faf218}
Local MAC Address: C0:A8:10:9D:15:AC
Network SSID: NIQ
BSS Type: Infrastructure
Authentication: WPA2-Enterprise
Encryption: AES-GCMP-128
FIPS Mode: Disabled
802.1x Enabled: Yes
"
"24-07-2026 03:22:30","11004","Information","Microsoft-Windows-WLAN-AutoConfig","Wireless security stopped.

Network Adapter: Intel(R) Wi-Fi 7 BE201 320MHz
Interface GUID: {556d9bdf-d387-4ab9-be4c-a7e220faf218}
Local MAC Address: C0:A8:10:9D:15:AC
Network SSID: NIQ
BSS Type: Infrastructure
Security Hint: The operation was successful.
"
"24-07-2026 03:22:16","8001","Information","Microsoft-Windows-WLAN-AutoConfig","WLAN AutoConfig service has successfully connected to a wireless network.

Network Adapter: Intel(R) Wi-Fi 7 BE201 320MHz
Interface GUID: {556d9bdf-d387-4ab9-be4c-a7e220faf218}
Connection Mode: Automatic connection with a profile
Profile Name: NIQ
SSID: NIQ
BSS Type: Infrastructure
PHY Type: 802.11ax
Authentication: WPA2-Enterprise
Encryption: AES-CCMP
802.1x Enabled: Yes
Hidden: true
"
"24-07-2026 03:22:16","11005","Information","Microsoft-Windows-WLAN-AutoConfig","Wireless security succeeded.

Network Adapter: Intel(R) Wi-Fi 7 BE201 320MHz
Interface GUID: {556d9bdf-d387-4ab9-be4c-a7e220faf218}
Local MAC Address: C0:A8:10:9D:15:AC
Network SSID: NIQ
BSS Type: Infrastructure
"
"24-07-2026 03:22:16","12012","Information","Microsoft-Windows-WLAN-AutoConfig","Wireless 802.1x authentication succeeded.

Network Adapter: Intel(R) Wi-Fi 7 BE201 320MHz
Interface GUID: {556d9bdf-d387-4ab9-be4c-a7e220faf218}
Local MAC Address: C0:A8:10:9D:15:AC
Network SSID: NIQ
BSS Type: Infrastructure
Identity: host/LIND55MBVC4.enterprisenet.org
User: 
Domain: 
"
"24-07-2026 03:22:15","12011","Information","Microsoft-Windows-WLAN-AutoConfig","Wireless 802.1x authentication started.

Network Adapter: Intel(R) Wi-Fi 7 BE201 320MHz
Interface GUID: {556d9bdf-d387-4ab9-be4c-a7e220faf218}
Local MAC Address: C0:A8:10:9D:15:AC
Network SSID: NIQ
BSS Type: Infrastructure
Eap Information: Type 13, Vendor ID 0, Vendor Type 0, Author ID 0
"
"24-07-2026 03:22:15","11010","Information","Microsoft-Windows-WLAN-AutoConfig","Wireless security started.

Network Adapter: Intel(R) Wi-Fi 7 BE201 320MHz
Interface GUID: {556d9bdf-d387-4ab9-be4c-a7e220faf218}
Local MAC Address: C0:A8:10:9D:15:AC
Network SSID: NIQ
BSS Type: Infrastructure
Authentication: WPA2-Enterprise
Encryption: AES-GCMP-128
FIPS Mode: Disabled
802.1x Enabled: Yes
"
"24-07-2026 03:22:15","11001","Information","Microsoft-Windows-WLAN-AutoConfig","Wireless network association succeeded.

Network Adapter: Intel(R) Wi-Fi 7 BE201 320MHz
Interface GUID: {556d9bdf-d387-4ab9-be4c-a7e220faf218}
Local MAC Address: C0:A8:10:9D:15:AC
Network SSID: NIQ
BSS Type: Infrastructure
Management Frame Protection Enabled: 0x200000000
"
"24-07-2026 03:22:14","11000","Information","Microsoft-Windows-WLAN-AutoConfig","Wireless network association started.

Network Adapter: Intel(R) Wi-Fi 7 BE201 320MHz
Interface GUID: {556d9bdf-d387-4ab9-be4c-a7e220faf218}
Local MAC Address: C0:A8:10:9D:15:AC
Network SSID: NIQ
BSS Type: Infrastructure
Authentication: WPA2-Enterprise
Encryption: AES-GCMP-128
802.1X Enabled: Yes
"
"24-07-2026 03:22:14","8000","Information","Microsoft-Windows-WLAN-AutoConfig","WLAN AutoConfig service started a connection to a wireless network.

Network Adapter: Intel(R) Wi-Fi 7 BE201 320MHz
Interface GUID: {556d9bdf-d387-4ab9-be4c-a7e220faf218}
Connection Mode: Automatic connection with a profile
Profile Name: NIQ
SSID: NIQ
BSS Type: Infrastructure
"
"24-07-2026 03:22:14","8011","Information","Microsoft-Windows-WLAN-AutoConfig","Connect to last good network 

Network Adapter: Intel(R) Wi-Fi 7 BE201 320MHz
Interface GUID: {556d9bdf-d387-4ab9-be4c-a7e220faf218}
 Profile Name: NIQ
SSID: NIQ
BSS type: infrastructure
"
"23-07-2026 19:20:02","8003","Information","Microsoft-Windows-WLAN-AutoConfig","WLAN AutoConfig service has successfully disconnected from a wireless network.

Network Adapter: Intel(R) Wi-Fi 7 BE201 320MHz
Interface GUID: {556d9bdf-d387-4ab9-be4c-a7e220faf218}
Connection Mode: Automatic connection with a profile
Profile Name: NIQ
SSID: NIQ
BSS Type: Infrastructure
Reason: The network is disconnected due to a policy disabling auto connect on this interface.
"
"23-07-2026 19:20:02","11004","Information","Microsoft-Windows-WLAN-AutoConfig","Wireless security stopped.

Network Adapter: Intel(R) Wi-Fi 7 BE201 320MHz
Interface GUID: {556d9bdf-d387-4ab9-be4c-a7e220faf218}
Local MAC Address: C0:A8:10:9D:15:AC
Network SSID: NIQ
BSS Type: Infrastructure
Security Hint: The operation was successful.
"
"23-07-2026 18:20:28","8001","Information","Microsoft-Windows-WLAN-AutoConfig","WLAN AutoConfig service has successfully connected to a wireless network.

Network Adapter: Intel(R) Wi-Fi 7 BE201 320MHz
Interface GUID: {556d9bdf-d387-4ab9-be4c-a7e220faf218}
Connection Mode: Automatic connection with a profile
Profile Name: NIQ
SSID: NIQ
BSS Type: Infrastructure
PHY Type: 802.11ax
Authentication: WPA2-Enterprise
Encryption: AES-CCMP
802.1x Enabled: Yes
Hidden: true
"
"23-07-2026 18:20:28","11005","Information","Microsoft-Windows-WLAN-AutoConfig","Wireless security succeeded.

Network Adapter: Intel(R) Wi-Fi 7 BE201 320MHz
Interface GUID: {556d9bdf-d387-4ab9-be4c-a7e220faf218}
Local MAC Address: C0:A8:10:9D:15:AC
Network SSID: NIQ
BSS Type: Infrastructure
"
"23-07-2026 18:20:28","12012","Information","Microsoft-Windows-WLAN-AutoConfig","Wireless 802.1x authentication succeeded.

Network Adapter: Intel(R) Wi-Fi 7 BE201 320MHz
Interface GUID: {556d9bdf-d387-4ab9-be4c-a7e220faf218}
Local MAC Address: C0:A8:10:9D:15:AC
Network SSID: NIQ
BSS Type: Infrastructure
Identity: host/LIND55MBVC4.enterprisenet.org
User: 
Domain: 
"
"23-07-2026 18:20:27","12011","Information","Microsoft-Windows-WLAN-AutoConfig","Wireless 802.1x authentication started.

Network Adapter: Intel(R) Wi-Fi 7 BE201 320MHz
Interface GUID: {556d9bdf-d387-4ab9-be4c-a7e220faf218}
Local MAC Address: C0:A8:10:9D:15:AC
Network SSID: NIQ
BSS Type: Infrastructure
Eap Information: Type 13, Vendor ID 0, Vendor Type 0, Author ID 0
"
"23-07-2026 18:20:27","11010","Information","Microsoft-Windows-WLAN-AutoConfig","Wireless security started.

Network Adapter: Intel(R) Wi-Fi 7 BE201 320MHz
Interface GUID: {556d9bdf-d387-4ab9-be4c-a7e220faf218}
Local MAC Address: C0:A8:10:9D:15:AC
Network SSID: NIQ
BSS Type: Infrastructure
Authentication: WPA2-Enterprise
Encryption: AES-GCMP-128
FIPS Mode: Disabled
802.1x Enabled: Yes
"
"23-07-2026 18:20:27","11001","Information","Microsoft-Windows-WLAN-AutoConfig","Wireless network association succeeded.

Network Adapter: Intel(R) Wi-Fi 7 BE201 320MHz
Interface GUID: {556d9bdf-d387-4ab9-be4c-a7e220faf218}
Local MAC Address: C0:A8:10:9D:15:AC
Network SSID: NIQ
BSS Type: Infrastructure
Management Frame Protection Enabled: 0x100000000
"
"23-07-2026 18:20:27","11000","Information","Microsoft-Windows-WLAN-AutoConfig","Wireless network association started.

Network Adapter: Intel(R) Wi-Fi 7 BE201 320MHz
Interface GUID: {556d9bdf-d387-4ab9-be4c-a7e220faf218}
Local MAC Address: C0:A8:10:9D:15:AC
Network SSID: NIQ
BSS Type: Infrastructure
Authentication: WPA2-Enterprise
Encryption: AES-GCMP-128
802.1X Enabled: Yes
"
"23-07-2026 18:20:27","8000","Information","Microsoft-Windows-WLAN-AutoConfig","WLAN AutoConfig service started a connection to a wireless network.

Network Adapter: Intel(R) Wi-Fi 7 BE201 320MHz
Interface GUID: {556d9bdf-d387-4ab9-be4c-a7e220faf218}
Connection Mode: Automatic connection with a profile
Profile Name: NIQ
SSID: NIQ
BSS Type: Infrastructure
"
"23-07-2026 18:20:19","8003","Information","Microsoft-Windows-WLAN-AutoConfig","WLAN AutoConfig service has successfully disconnected from a wireless network.

Network Adapter: Intel(R) Wi-Fi 7 BE201 320MHz
Interface GUID: {556d9bdf-d387-4ab9-be4c-a7e220faf218}
Connection Mode: Automatic connection with a profile
Profile Name: NIQ
SSID: NIQ
BSS Type: Infrastructure
Reason: The network is disconnected by the driver.
"
"23-07-2026 18:20:19","11004","Information","Microsoft-Windows-WLAN-AutoConfig","Wireless security stopped.

Network Adapter: Intel(R) Wi-Fi 7 BE201 320MHz
Interface GUID: {556d9bdf-d387-4ab9-be4c-a7e220faf218}
Local MAC Address: C0:A8:10:9D:15:AC
Network SSID: NIQ
BSS Type: Infrastructure
Security Hint: The operation was successful.
"
"23-07-2026 18:20:03","11005","Information","Microsoft-Windows-WLAN-AutoConfig","Wireless security succeeded.

Network Adapter: Intel(R) Wi-Fi 7 BE201 320MHz
Interface GUID: {556d9bdf-d387-4ab9-be4c-a7e220faf218}
Local MAC Address: C0:A8:10:9D:15:AC
Network SSID: NIQ
BSS Type: Infrastructure
"
"23-07-2026 18:20:02","11010","Information","Microsoft-Windows-WLAN-AutoConfig","Wireless security started.

Network Adapter: Intel(R) Wi-Fi 7 BE201 320MHz
Interface GUID: {556d9bdf-d387-4ab9-be4c-a7e220faf218}
Local MAC Address: C0:A8:10:9D:15:AC
Network SSID: NIQ
BSS Type: Infrastructure
Authentication: WPA2-Enterprise
Encryption: AES-GCMP-128
FIPS Mode: Disabled
802.1x Enabled: Yes
"
"23-07-2026 18:20:02","11004","Information","Microsoft-Windows-WLAN-AutoConfig","Wireless security stopped.

Network Adapter: Intel(R) Wi-Fi 7 BE201 320MHz
Interface GUID: {556d9bdf-d387-4ab9-be4c-a7e220faf218}
Local MAC Address: C0:A8:10:9D:15:AC
Network SSID: NIQ
BSS Type: Infrastructure
Security Hint: The operation was successful.
"
"23-07-2026 18:19:44","8001","Information","Microsoft-Windows-WLAN-AutoConfig","WLAN AutoConfig service has successfully connected to a wireless network.

Network Adapter: Intel(R) Wi-Fi 7 BE201 320MHz
Interface GUID: {556d9bdf-d387-4ab9-be4c-a7e220faf218}
Connection Mode: Automatic connection with a profile
Profile Name: NIQ
SSID: NIQ
BSS Type: Infrastructure
PHY Type: 802.11ax
Authentication: WPA2-Enterprise
Encryption: AES-CCMP
802.1x Enabled: Yes
Hidden: true
"
"23-07-2026 18:19:44","11005","Information","Microsoft-Windows-WLAN-AutoConfig","Wireless security succeeded.

Network Adapter: Intel(R) Wi-Fi 7 BE201 320MHz
Interface GUID: {556d9bdf-d387-4ab9-be4c-a7e220faf218}
Local MAC Address: C0:A8:10:9D:15:AC
Network SSID: NIQ
BSS Type: Infrastructure
"
"23-07-2026 18:19:44","12012","Information","Microsoft-Windows-WLAN-AutoConfig","Wireless 802.1x authentication succeeded.

Network Adapter: Intel(R) Wi-Fi 7 BE201 320MHz
Interface GUID: {556d9bdf-d387-4ab9-be4c-a7e220faf218}
Local MAC Address: C0:A8:10:9D:15:AC
Network SSID: NIQ
BSS Type: Infrastructure
Identity: host/LIND55MBVC4.enterprisenet.org
User: 
Domain: 
"
"23-07-2026 18:19:43","12011","Information","Microsoft-Windows-WLAN-AutoConfig","Wireless 802.1x authentication started.

Network Adapter: Intel(R) Wi-Fi 7 BE201 320MHz
Interface GUID: {556d9bdf-d387-4ab9-be4c-a7e220faf218}
Local MAC Address: C0:A8:10:9D:15:AC
Network SSID: NIQ
BSS Type: Infrastructure
Eap Information: Type 13, Vendor ID 0, Vendor Type 0, Author ID 0
"
"23-07-2026 18:19:43","11010","Information","Microsoft-Windows-WLAN-AutoConfig","Wireless security started.

Network Adapter: Intel(R) Wi-Fi 7 BE201 320MHz
Interface GUID: {556d9bdf-d387-4ab9-be4c-a7e220faf218}
Local MAC Address: C0:A8:10:9D:15:AC
Network SSID: NIQ
BSS Type: Infrastructure
Authentication: WPA2-Enterprise
Encryption: AES-GCMP-128
FIPS Mode: Disabled
802.1x Enabled: Yes
"
"23-07-2026 18:19:43","11001","Information","Microsoft-Windows-WLAN-AutoConfig","Wireless network association succeeded.

Network Adapter: Intel(R) Wi-Fi 7 BE201 320MHz
Interface GUID: {556d9bdf-d387-4ab9-be4c-a7e220faf218}
Local MAC Address: C0:A8:10:9D:15:AC
Network SSID: NIQ
BSS Type: Infrastructure
Management Frame Protection Enabled: 0x200000000
"
"23-07-2026 18:19:41","11000","Information","Microsoft-Windows-WLAN-AutoConfig","Wireless network association started.

Network Adapter: Intel(R) Wi-Fi 7 BE201 320MHz
Interface GUID: {556d9bdf-d387-4ab9-be4c-a7e220faf218}
Local MAC Address: C0:A8:10:9D:15:AC
Network SSID: NIQ
BSS Type: Infrastructure
Authentication: WPA2-Enterprise
Encryption: AES-GCMP-128
802.1X Enabled: Yes
"
"23-07-2026 18:19:40","8000","Information","Microsoft-Windows-WLAN-AutoConfig","WLAN AutoConfig service started a connection to a wireless network.

Network Adapter: Intel(R) Wi-Fi 7 BE201 320MHz
Interface GUID: {556d9bdf-d387-4ab9-be4c-a7e220faf218}
Connection Mode: Automatic connection with a profile
Profile Name: NIQ
SSID: NIQ
BSS Type: Infrastructure
"
"23-07-2026 18:19:40","8011","Information","Microsoft-Windows-WLAN-AutoConfig","Connect to last good network 

Network Adapter: Intel(R) Wi-Fi 7 BE201 320MHz
Interface GUID: {556d9bdf-d387-4ab9-be4c-a7e220faf218}
 Profile Name: NIQ
SSID: NIQ
BSS type: infrastructure
"
"23-07-2026 15:10:49","8003","Information","Microsoft-Windows-WLAN-AutoConfig","WLAN AutoConfig service has successfully disconnected from a wireless network.

Network Adapter: Intel(R) Wi-Fi 7 BE201 320MHz
Interface GUID: {556d9bdf-d387-4ab9-be4c-a7e220faf218}
Connection Mode: Automatic connection with a profile
Profile Name: NIQ
SSID: NIQ
BSS Type: Infrastructure
Reason: The network is disconnected due to a policy disabling auto connect on this interface.
"
"23-07-2026 15:10:49","11004","Information","Microsoft-Windows-WLAN-AutoConfig","Wireless security stopped.

Network Adapter: Intel(R) Wi-Fi 7 BE201 320MHz
Interface GUID: {556d9bdf-d387-4ab9-be4c-a7e220faf218}
Local MAC Address: C0:A8:10:9D:15:AC
Network SSID: NIQ
BSS Type: Infrastructure
Security Hint: The operation was successful.
"
"23-07-2026 11:26:18","11005","Information","Microsoft-Windows-WLAN-AutoConfig","Wireless security succeeded.

Network Adapter: Intel(R) Wi-Fi 7 BE201 320MHz
Interface GUID: {556d9bdf-d387-4ab9-be4c-a7e220faf218}
Local MAC Address: C0:A8:10:9D:15:AC
Network SSID: NIQ
BSS Type: Infrastructure
"
"23-07-2026 11:26:18","11010","Information","Microsoft-Windows-WLAN-AutoConfig","Wireless security started.

Network Adapter: Intel(R) Wi-Fi 7 BE201 320MHz
Interface GUID: {556d9bdf-d387-4ab9-be4c-a7e220faf218}
Local MAC Address: C0:A8:10:9D:15:AC
Network SSID: NIQ
BSS Type: Infrastructure
Authentication: WPA2-Enterprise
Encryption: AES-GCMP-128
FIPS Mode: Disabled
802.1x Enabled: Yes
"
"23-07-2026 11:26:17","11004","Information","Microsoft-Windows-WLAN-AutoConfig","Wireless security stopped.

Network Adapter: Intel(R) Wi-Fi 7 BE201 320MHz
Interface GUID: {556d9bdf-d387-4ab9-be4c-a7e220faf218}
Local MAC Address: C0:A8:10:9D:15:AC
Network SSID: NIQ
BSS Type: Infrastructure
Security Hint: The operation was successful.
"
"23-07-2026 11:10:00","11005","Information","Microsoft-Windows-WLAN-AutoConfig","Wireless security succeeded.

Network Adapter: Intel(R) Wi-Fi 7 BE201 320MHz
Interface GUID: {556d9bdf-d387-4ab9-be4c-a7e220faf218}
Local MAC Address: C0:A8:10:9D:15:AC
Network SSID: NIQ
BSS Type: Infrastructure
"
"23-07-2026 11:10:00","11010","Information","Microsoft-Windows-WLAN-AutoConfig","Wireless security started.

Network Adapter: Intel(R) Wi-Fi 7 BE201 320MHz
Interface GUID: {556d9bdf-d387-4ab9-be4c-a7e220faf218}
Local MAC Address: C0:A8:10:9D:15:AC
Network SSID: NIQ
BSS Type: Infrastructure
Authentication: WPA2-Enterprise
Encryption: AES-GCMP-128
FIPS Mode: Disabled
802.1x Enabled: Yes
"
"23-07-2026 11:10:00","11004","Information","Microsoft-Windows-WLAN-AutoConfig","Wireless security stopped.

Network Adapter: Intel(R) Wi-Fi 7 BE201 320MHz
Interface GUID: {556d9bdf-d387-4ab9-be4c-a7e220faf218}
Local MAC Address: C0:A8:10:9D:15:AC
Network SSID: NIQ
BSS Type: Infrastructure
Security Hint: The operation was successful.
"
"23-07-2026 10:40:07","11005","Information","Microsoft-Windows-WLAN-AutoConfig","Wireless security succeeded.

Network Adapter: Intel(R) Wi-Fi 7 BE201 320MHz
Interface GUID: {556d9bdf-d387-4ab9-be4c-a7e220faf218}
Local MAC Address: C0:A8:10:9D:15:AC
Network SSID: NIQ
BSS Type: Infrastructure
"
"23-07-2026 10:40:06","11010","Information","Microsoft-Windows-WLAN-AutoConfig","Wireless security started.

Network Adapter: Intel(R) Wi-Fi 7 BE201 320MHz
Interface GUID: {556d9bdf-d387-4ab9-be4c-a7e220faf218}
Local MAC Address: C0:A8:10:9D:15:AC
Network SSID: NIQ
BSS Type: Infrastructure
Authentication: WPA2-Enterprise
Encryption: AES-GCMP-128
FIPS Mode: Disabled
802.1x Enabled: Yes
"
"23-07-2026 10:40:06","11004","Information","Microsoft-Windows-WLAN-AutoConfig","Wireless security stopped.

Network Adapter: Intel(R) Wi-Fi 7 BE201 320MHz
Interface GUID: {556d9bdf-d387-4ab9-be4c-a7e220faf218}
Local MAC Address: C0:A8:10:9D:15:AC
Network SSID: NIQ
BSS Type: Infrastructure
Security Hint: The operation was successful.
"
"23-07-2026 10:17:57","8001","Information","Microsoft-Windows-WLAN-AutoConfig","WLAN AutoConfig service has successfully connected to a wireless network.

Network Adapter: Intel(R) Wi-Fi 7 BE201 320MHz
Interface GUID: {556d9bdf-d387-4ab9-be4c-a7e220faf218}
Connection Mode: Automatic connection with a profile
Profile Name: NIQ
SSID: NIQ
BSS Type: Infrastructure
PHY Type: 802.11ax
Authentication: WPA2-Enterprise
Encryption: AES-CCMP
802.1x Enabled: Yes
Hidden: true
"
"23-07-2026 10:17:57","11005","Information","Microsoft-Windows-WLAN-AutoConfig","Wireless security succeeded.

Network Adapter: Intel(R) Wi-Fi 7 BE201 320MHz
Interface GUID: {556d9bdf-d387-4ab9-be4c-a7e220faf218}
Local MAC Address: C0:A8:10:9D:15:AC
Network SSID: NIQ
BSS Type: Infrastructure
"
"23-07-2026 10:17:57","12012","Information","Microsoft-Windows-WLAN-AutoConfig","Wireless 802.1x authentication succeeded.

Network Adapter: Intel(R) Wi-Fi 7 BE201 320MHz
Interface GUID: {556d9bdf-d387-4ab9-be4c-a7e220faf218}
Local MAC Address: C0:A8:10:9D:15:AC
Network SSID: NIQ
BSS Type: Infrastructure
Identity: host/LIND55MBVC4.enterprisenet.org
User: 
Domain: 
"
"23-07-2026 10:17:56","12011","Information","Microsoft-Windows-WLAN-AutoConfig","Wireless 802.1x authentication started.

Network Adapter: Intel(R) Wi-Fi 7 BE201 320MHz
Interface GUID: {556d9bdf-d387-4ab9-be4c-a7e220faf218}
Local MAC Address: C0:A8:10:9D:15:AC
Network SSID: NIQ
BSS Type: Infrastructure
Eap Information: Type 13, Vendor ID 0, Vendor Type 0, Author ID 0
"
"23-07-2026 10:17:56","11010","Information","Microsoft-Windows-WLAN-AutoConfig","Wireless security started.

Network Adapter: Intel(R) Wi-Fi 7 BE201 320MHz
Interface GUID: {556d9bdf-d387-4ab9-be4c-a7e220faf218}
Local MAC Address: C0:A8:10:9D:15:AC
Network SSID: NIQ
BSS Type: Infrastructure
Authentication: WPA2-Enterprise
Encryption: AES-GCMP-128
FIPS Mode: Disabled
802.1x Enabled: Yes
"
"23-07-2026 10:17:56","11001","Information","Microsoft-Windows-WLAN-AutoConfig","Wireless network association succeeded.

Network Adapter: Intel(R) Wi-Fi 7 BE201 320MHz
Interface GUID: {556d9bdf-d387-4ab9-be4c-a7e220faf218}
Local MAC Address: C0:A8:10:9D:15:AC
Network SSID: NIQ
BSS Type: Infrastructure
Management Frame Protection Enabled: 0x100000000
"
"23-07-2026 10:17:56","11000","Information","Microsoft-Windows-WLAN-AutoConfig","Wireless network association started.

Network Adapter: Intel(R) Wi-Fi 7 BE201 320MHz
Interface GUID: {556d9bdf-d387-4ab9-be4c-a7e220faf218}
Local MAC Address: C0:A8:10:9D:15:AC
Network SSID: NIQ
BSS Type: Infrastructure
Authentication: WPA2-Enterprise
Encryption: AES-GCMP-128
802.1X Enabled: Yes
"
"23-07-2026 10:17:56","8000","Information","Microsoft-Windows-WLAN-AutoConfig","WLAN AutoConfig service started a connection to a wireless network.

Network Adapter: Intel(R) Wi-Fi 7 BE201 320MHz
Interface GUID: {556d9bdf-d387-4ab9-be4c-a7e220faf218}
Connection Mode: Automatic connection with a profile
Profile Name: NIQ
SSID: NIQ
BSS Type: Infrastructure
"
"23-07-2026 10:17:51","8003","Information","Microsoft-Windows-WLAN-AutoConfig","WLAN AutoConfig service has successfully disconnected from a wireless network.

Network Adapter: Intel(R) Wi-Fi 7 BE201 320MHz
Interface GUID: {556d9bdf-d387-4ab9-be4c-a7e220faf218}
Connection Mode: Automatic connection with a profile
Profile Name: NIQ
SSID: NIQ
BSS Type: Infrastructure
Reason: The network is disconnected by the driver.
"
"23-07-2026 10:17:51","11004","Information","Microsoft-Windows-WLAN-AutoConfig","Wireless security stopped.

Network Adapter: Intel(R) Wi-Fi 7 BE201 320MHz
Interface GUID: {556d9bdf-d387-4ab9-be4c-a7e220faf218}
Local MAC Address: C0:A8:10:9D:15:AC
Network SSID: NIQ
BSS Type: Infrastructure
Security Hint: The operation was successful.
"
"23-07-2026 10:17:14","11005","Information","Microsoft-Windows-WLAN-AutoConfig","Wireless security succeeded.

Network Adapter: Intel(R) Wi-Fi 7 BE201 320MHz
Interface GUID: {556d9bdf-d387-4ab9-be4c-a7e220faf218}
Local MAC Address: C0:A8:10:9D:15:AC
Network SSID: NIQ
BSS Type: Infrastructure
"
