"19-08-2026 10:14:21","2006","Information","Microsoft-Windows-Install-Agent","[End] Creating UWA Work FulfillmentData = {""ProductId"":""9NBLGGH4QGHW"",""WuBundleId"":""03c8cb8c-2f0d-4246-902f-e8302cb17d9e"",""WuCategoryId"":""b90f3a9a-c043-41a7-a774-e51f6069283b"",""PackageFamilyName"":""Microsoft.MicrosoftStickyNotes_8wekyb3d8bbwe"",""SkuId"":""0010"",""Content"":null,""PackageFeatures"":null}  
Error: The operation completed successfully.
Function: UWAInstallServiceWorkItem::UWAInstallServiceWorkItem
Source: onecoreuap\enduser\winstore\installservice\libqueue2\uwainstallworkbridge.cpp (494)"
"19-08-2026 10:14:21","2007","Warning","Microsoft-Windows-Install-Agent","Skipping fulfillment data map entry: PackageRank=28147978712973356, PackageFullName=(empty)
Error: Unknown HResult Error code: 0xefffffff
Function: UWAInstallWork::UWAInstallWork
Source: onecoreuap\enduser\winstore\installservice\lib\uwainstallwork.cpp (619)"
"19-08-2026 10:14:21","2006","Information","Microsoft-Windows-Install-Agent","Update Work Flags: AutomaticallyDownloadAndInstallUpdateIfFound = false, IsSystemComponent = false, IsMandatory = false, IsAutoUpdateEnabled = true, IsMandatoryAllowed = false, IsUpdateNow = false 
Error: Unknown HResult Error code: 0xefffffff
Function: UWAInstallServiceWorkItem::UWAInstallServiceWorkItem
Source: onecoreuap\enduser\winstore\installservice\libqueue2\uwainstallworkbridge.cpp (629)"
"19-08-2026 10:14:21","2006","Information","Microsoft-Windows-Install-Agent","WU scan found 1 packages
Error: Unknown HResult Error code: 0xefffffff
Function: _PackagesFromSearchResult
Source: onecoreuap\enduser\winstore\installservice\lib\wuhelpers.cpp (157)"
"19-08-2026 10:14:17","2006","Information","Microsoft-Windows-Install-Agent","WU query: ""IsInstalled=0 AND AppCategoryIDs contains 'cfc4a10e-0356-451d-bb3e-c4fe5edfd20c'""
Error: Unknown HResult Error code: 0xefffffff
Function: SearchUpdatePackages
Source: onecoreuap\enduser\winstore\installservice\lib\wuhelpers.cpp (359)"
"19-08-2026 10:14:17","2006","Information","Microsoft-Windows-Install-Agent","UUS Version = 1508.2606.17012.0
Error: Unknown HResult Error code: 0xefffffff
Function: SearchUpdatePackages
Source: onecoreuap\enduser\winstore\installservice\lib\wuhelpers.cpp (286)"
"19-08-2026 10:14:17","2006","Information","Microsoft-Windows-Install-Agent","Queue State: Working = 1, Pending = 0, Idle = 4  
Error: The operation completed successfully.
Function: InstallQueue2::_FindNextPendingItem
Source: onecoreuap\enduser\winstore\installservice\libqueue2\installqueue2.cpp (4735)"
"19-08-2026 10:14:17","2006","Information","Microsoft-Windows-Install-Agent","AppId = cfc4a10e-0356-451d-bb3e-c4fe5edfd20c, WU Installed Flag = 0, OnlineSearch = 0, Interactive = 0, Scope = 2, Client ID = Update;MoUpdateOrchestratorDeviceScan-MoUsoCoreWorker-SearchForAllUpdatesWithUpdateOptionsAsync
Error: Unknown HResult Error code: 0xefffffff
Function: SearchUpdatePackages
Source: onecoreuap\enduser\winstore\installservice\lib\wuhelpers.cpp (280)"
"19-08-2026 10:14:17","2006","Information","Microsoft-Windows-Install-Agent","Progress Update: Item = 9NBLGGH10PG8  Progress Stage = Installing, Completed = 66560, Total = 66560, Total = 95   
Error: The operation completed successfully.
Function: InstallQueue2::NotifyWorkProgress
Source: onecoreuap\enduser\winstore\installservice\libqueue2\installqueue2.cpp (4055)"
"19-08-2026 10:14:17","2006","Information","Microsoft-Windows-Install-Agent","Attempting to register update for User:S-1-12-1-2357405129-1281513531-255772574-1816207334
Error: Unknown HResult Error code: 0xefffffff
Function: UWAInstallWork::_DoInstallWorkForAllLoggedOnUsers
Source: onecoreuap\enduser\winstore\installservice\lib\uwainstallwork.cpp (7392)"
"19-08-2026 10:14:17","2006","Information","Microsoft-Windows-Install-Agent","[Telemetry]: BeginInstall :: _TlgCV_ = C2GP50Qp5keFT0qP.1.9  ProductId = 9NBLGGH10PG8  PFN = Microsoft.People_8wekyb3d8bbwe  CategoryId = cfc4a10e-0356-451d-bb3e-c4fe5edfd20c  BundleId =   IsUpdate = true  IsRemediation = false  IsInteractive = false  IsMandatory = false  IsRestore = false  AttemptNumber = 2  SystemAttemptNumber = 2  UserAttemptNumber = 0  ClientAppId = Update;MoUpdateOrchestratorDeviceScan-MoUsoCoreWorker-SearchForAllUpdatesWithUpdateOptionsAsync  ParentBundleId =   IsBundle = false  WUContentId = 1fe89c0b-9bed-cc5d-7426-9e4025d6bdd9  AggregatedPackageFullNames = Microsoft.People_2021.2202.100.0_neutral_~_8wekyb3d8bbwe  
Error: Unknown HResult Error code: 0xefffffff
Function: LogTelemetryEvent
Source: onecoreuap\enduser\winstore\installservice\svc\logging.cpp (10)"
"19-08-2026 10:14:17","2006","Information","Microsoft-Windows-Install-Agent","Update requested from LocalSystem context. Attempting to register for all logged-on users who have it
Error: Unknown HResult Error code: 0xefffffff
Function: UWAInstallWork::_DoNormalInstall
Source: onecoreuap\enduser\winstore\installservice\lib\uwainstallwork.cpp (3289)"
"19-08-2026 10:14:17","2006","Information","Microsoft-Windows-Install-Agent","Stage User Data for Remediation or Restore scenario
Error: Unknown HResult Error code: 0xefffffff
Function: UWAInstallWork::_DoNormalInstall
Source: onecoreuap\enduser\winstore\installservice\lib\uwainstallwork.cpp (3227)"
"19-08-2026 10:14:17","2006","Information","Microsoft-Windows-Install-Agent","[Telemetry]: EndDownload :: _TlgCV_ = C2GP50Qp5keFT0qP.1.2  ProductId = 9NBLGGH10PG8  PFN = Microsoft.People_8wekyb3d8bbwe  CategoryId = cfc4a10e-0356-451d-bb3e-c4fe5edfd20c  UpdateId = 9c2dba42-41cc-48bf-b041-945a90986dd2  BundleId =   IsUpdate = true  IsRemediation = false  IsInteractive = false  IsMandatory = false  IsRestore = false  AttemptNumber = 2  SystemAttemptNumber = 2  UserAttemptNumber = 0  ClientAppId = Update;MoUpdateOrchestratorDeviceScan-MoUsoCoreWorker-SearchForAllUpdatesWithUpdateOptionsAsync;;AllContent  DownloadSize = 66560  ParentBundleId =   IsBundle = false  WUContentId = 1fe89c0b-9bed-cc5d-7426-9e4025d6bdd9  AggregatedPackageFullNames = Microsoft.People_2021.2202.100.0_neutral_~_8wekyb3d8bbwe  StageDurationInMilliseconds = 7255  HResult = 0  ExtendedHResult = 0  
Error: Unknown HResult Error code: 0xefffffff
Function: LogTelemetryEvent
Source: onecoreuap\enduser\winstore\installservice\svc\logging.cpp (10)"
"19-08-2026 10:14:17","2006","Information","Microsoft-Windows-Install-Agent","Queue State: Working = 1, Pending = 0, Idle = 4  
Error: The operation completed successfully.
Function: InstallQueue2::_FindNextPendingItem
Source: onecoreuap\enduser\winstore\installservice\libqueue2\installqueue2.cpp (4735)"
"19-08-2026 10:14:17","2006","Information","Microsoft-Windows-Install-Agent","[Telemetry]: InstallQueueHeartbeat :: ProductId = 9NBLGGH10PG8  PFN = Microsoft.People_8wekyb3d8bbwe  DownloadSize = 259892  IsInteractive = 0  PreviousPercentDownloaded = 95  CurrentPercentDownloaded = 95  BytesDownloadedSinceLastProgress = 18446744073709358284  TimeSinceLastProgressReported = 233  ConcurrentWorkingItems = 1  __TlgCV__ = Xem5Ppz73UK1XOmr.3  
Error: Unknown HResult Error code: 0xefffffff
Function: LogTelemetryEvent
Source: onecoreuap\enduser\winstore\installservice\svc\logging.cpp (10)"
"19-08-2026 10:14:17","2005","Verbose","Microsoft-Windows-Install-Agent","UWAInstallWork::OnProgress Updating InstallAgentPdcActivation
Error: Unknown HResult Error code: 0xefffffff
Function: UWAInstallWork::OnProgress
Source: onecoreuap\enduser\winstore\installservice\lib\uwainstallwork.cpp (1285)"
"19-08-2026 10:14:17","2006","Information","Microsoft-Windows-Install-Agent","Queue State: Working = 1, Pending = 0, Idle = 4  
Error: The operation completed successfully.
Function: InstallQueue2::_FindNextPendingItem
Source: onecoreuap\enduser\winstore\installservice\libqueue2\installqueue2.cpp (4735)"
"19-08-2026 10:14:17","2006","Information","Microsoft-Windows-Install-Agent","Progress Update: Item = 9NBLGGH10PG8  Progress Stage = DownloadingProduct, Completed = 259892, Total = 259892, Total = 95   
Error: The operation completed successfully.
Function: InstallQueue2::NotifyWorkProgress
Source: onecoreuap\enduser\winstore\installservice\libqueue2\installqueue2.cpp (4055)"
"19-08-2026 10:14:17","2006","Information","Microsoft-Windows-Install-Agent","[Telemetry]: InstallQueueHeartbeat :: ProductId = 9NBLGGH10PG8  PFN = Microsoft.People_8wekyb3d8bbwe  DownloadSize = 259892  IsInteractive = 0  PreviousPercentDownloaded = 48  CurrentPercentDownloaded = 95  BytesDownloadedSinceLastProgress = 0  TimeSinceLastProgressReported = 611  ConcurrentWorkingItems = 1  __TlgCV__ = Xem5Ppz73UK1XOmr.3  
Error: Unknown HResult Error code: 0xefffffff
Function: LogTelemetryEvent
Source: onecoreuap\enduser\winstore\installservice\svc\logging.cpp (10)"
"19-08-2026 10:14:17","2005","Verbose","Microsoft-Windows-Install-Agent","UWAInstallWork::OnProgress Updating InstallAgentPdcActivation
Error: Unknown HResult Error code: 0xefffffff
Function: UWAInstallWork::OnProgress
Source: onecoreuap\enduser\winstore\installservice\lib\uwainstallwork.cpp (1285)"
"19-08-2026 10:14:16","2006","Information","Microsoft-Windows-Install-Agent","Queue State: Working = 1, Pending = 0, Idle = 4  
Error: The operation completed successfully.
Function: InstallQueue2::_FindNextPendingItem
Source: onecoreuap\enduser\winstore\installservice\libqueue2\installqueue2.cpp (4735)"
"19-08-2026 10:14:16","2006","Information","Microsoft-Windows-Install-Agent","[Telemetry]: InstallQueueHeartbeat :: ProductId = 9NBLGGH10PG8  PFN = Microsoft.People_8wekyb3d8bbwe  DownloadSize = 0  IsInteractive = 0  PreviousPercentDownloaded = 0  CurrentPercentDownloaded = 48  BytesDownloadedSinceLastProgress = 60212  TimeSinceLastProgressReported = 463  ConcurrentWorkingItems = 1  __TlgCV__ = Xem5Ppz73UK1XOmr.3  
Error: Unknown HResult Error code: 0xefffffff
Function: LogTelemetryEvent
Source: onecoreuap\enduser\winstore\installservice\svc\logging.cpp (10)"
"19-08-2026 10:14:16","2005","Verbose","Microsoft-Windows-Install-Agent","UWAInstallWork::OnProgress Updating InstallAgentPdcActivation
Error: Unknown HResult Error code: 0xefffffff
Function: UWAInstallWork::OnProgress
Source: onecoreuap\enduser\winstore\installservice\lib\uwainstallwork.cpp (1285)"
"19-08-2026 10:14:16","2006","Information","Microsoft-Windows-Install-Agent","[Telemetry]: DownloadProgressHeartbeat :: _TlgCV_ = C2GP50Qp5keFT0qP.1.6  ClientAppId = Update;MoUpdateOrchestratorDeviceScan-MoUsoCoreWorker-SearchForAllUpdatesWithUpdateOptionsAsync  ProductId = 9NBLGGH10PG8  PFN = Microsoft.People_8wekyb3d8bbwe  DownloadSize = 259892  IsInteractive = false  IsInstall = false  PreviousPercentDownloaded = 0  CurrentPercentDownloaded = 48  PreviousTotalBytesDownloaded = 259892  CurrentTotalBytesDownloaded = 259892  timeSinceLastProgressReported = 462  
Error: Unknown HResult Error code: 0xefffffff
Function: LogTelemetryEvent
Source: onecoreuap\enduser\winstore\installservice\svc\logging.cpp (10)"
"19-08-2026 10:14:16","2006","Information","Microsoft-Windows-Install-Agent","[Telemetry]: DownloadProgressHeartbeat :: _TlgCV_ = C2GP50Qp5keFT0qP.1.6  ClientAppId = Update;MoUpdateOrchestratorDeviceScan-MoUsoCoreWorker-SearchForAllUpdatesWithUpdateOptionsAsync  ProductId = 9NBLGGH10PG8  PFN = Microsoft.People_8wekyb3d8bbwe  DownloadSize = 259892  IsInteractive = false  IsInstall = false  PreviousPercentDownloaded = 0  CurrentPercentDownloaded = 48  PreviousTotalBytesDownloaded = 259892  CurrentTotalBytesDownloaded = 259892  timeSinceLastProgressReported = 18446744073709551614  
Error: Unknown HResult Error code: 0xefffffff
Function: LogTelemetryEvent
Source: onecoreuap\enduser\winstore\installservice\svc\logging.cpp (10)"
"19-08-2026 10:14:16","2006","Information","Microsoft-Windows-Install-Agent","Queue State: Working = 1, Pending = 0, Idle = 4  
Error: The operation completed successfully.
Function: InstallQueue2::_FindNextPendingItem
Source: onecoreuap\enduser\winstore\installservice\libqueue2\installqueue2.cpp (4735)"
"19-08-2026 10:14:16","2006","Information","Microsoft-Windows-Install-Agent","[Telemetry]: InstallQueueHeartbeat :: ProductId = 9NBLGGH10PG8  PFN = Microsoft.People_8wekyb3d8bbwe  DownloadSize = 0  IsInteractive = 0  PreviousPercentDownloaded = 0  CurrentPercentDownloaded = 0  BytesDownloadedSinceLastProgress = 66560  TimeSinceLastProgressReported = 665  ConcurrentWorkingItems = 1  __TlgCV__ = Xem5Ppz73UK1XOmr.3  
Error: Unknown HResult Error code: 0xefffffff
Function: LogTelemetryEvent
Source: onecoreuap\enduser\winstore\installservice\svc\logging.cpp (10)"
"19-08-2026 10:14:16","2005","Verbose","Microsoft-Windows-Install-Agent","UWAInstallWork::OnProgress Updating InstallAgentPdcActivation
Error: Unknown HResult Error code: 0xefffffff
Function: UWAInstallWork::OnProgress
Source: onecoreuap\enduser\winstore\installservice\lib\uwainstallwork.cpp (1285)"
"19-08-2026 10:14:15","2006","Information","Microsoft-Windows-Install-Agent","Queue State: Working = 1, Pending = 0, Idle = 4  
Error: The operation completed successfully.
Function: InstallQueue2::_FindNextPendingItem
Source: onecoreuap\enduser\winstore\installservice\libqueue2\installqueue2.cpp (4735)"
"19-08-2026 10:14:15","2006","Information","Microsoft-Windows-Install-Agent","[Telemetry]: InstallQueueHeartbeat :: ProductId = 9NBLGGH10PG8  PFN = Microsoft.People_8wekyb3d8bbwe  DownloadSize = 0  IsInteractive = 0  PreviousPercentDownloaded = 0  CurrentPercentDownloaded = 0  BytesDownloadedSinceLastProgress = 66560  TimeSinceLastProgressReported = 1081  ConcurrentWorkingItems = 1  __TlgCV__ = Xem5Ppz73UK1XOmr.3  
Error: Unknown HResult Error code: 0xefffffff
Function: LogTelemetryEvent
Source: onecoreuap\enduser\winstore\installservice\svc\logging.cpp (10)"
"19-08-2026 10:14:15","2005","Verbose","Microsoft-Windows-Install-Agent","UWAInstallWork::OnProgress Updating InstallAgentPdcActivation
Error: Unknown HResult Error code: 0xefffffff
Function: UWAInstallWork::OnProgress
Source: onecoreuap\enduser\winstore\installservice\lib\uwainstallwork.cpp (1285)"
"19-08-2026 10:14:14","2006","Information","Microsoft-Windows-Install-Agent","Queue State: Working = 1, Pending = 0, Idle = 4  
Error: The operation completed successfully.
Function: InstallQueue2::_FindNextPendingItem
Source: onecoreuap\enduser\winstore\installservice\libqueue2\installqueue2.cpp (4735)"
"19-08-2026 10:14:14","2006","Information","Microsoft-Windows-Install-Agent","[Telemetry]: InstallQueueHeartbeat :: ProductId = 9NBLGGH10PG8  PFN = Microsoft.People_8wekyb3d8bbwe  DownloadSize = 0  IsInteractive = 0  PreviousPercentDownloaded = 0  CurrentPercentDownloaded = 0  BytesDownloadedSinceLastProgress = 66560  TimeSinceLastProgressReported = 4126  ConcurrentWorkingItems = 1  __TlgCV__ = Xem5Ppz73UK1XOmr.3  
Error: Unknown HResult Error code: 0xefffffff
Function: LogTelemetryEvent
Source: onecoreuap\enduser\winstore\installservice\svc\logging.cpp (10)"
"19-08-2026 10:14:14","2005","Verbose","Microsoft-Windows-Install-Agent","UWAInstallWork::OnProgress Updating InstallAgentPdcActivation
Error: Unknown HResult Error code: 0xefffffff
Function: UWAInstallWork::OnProgress
Source: onecoreuap\enduser\winstore\installservice\lib\uwainstallwork.cpp (1285)"
"19-08-2026 10:14:14","2006","Information","Microsoft-Windows-Install-Agent","[Telemetry]: DownloadProgressHeartbeat :: _TlgCV_ = C2GP50Qp5keFT0qP.1.3  ClientAppId = Update;MoUpdateOrchestratorDeviceScan-MoUsoCoreWorker-SearchForAllUpdatesWithUpdateOptionsAsync  ProductId = 9NBLGGH10PG8  PFN = Microsoft.People_8wekyb3d8bbwe  DownloadSize = 0  IsInteractive = false  IsInstall = false  PreviousPercentDownloaded = 0  CurrentPercentDownloaded = 0  PreviousTotalBytesDownloaded = 66560  CurrentTotalBytesDownloaded = 66560  timeSinceLastProgressReported = 71017727  
Error: Unknown HResult Error code: 0xefffffff
Function: LogTelemetryEvent
Source: onecoreuap\enduser\winstore\installservice\svc\logging.cpp (10)"
"19-08-2026 10:14:10","2006","Information","Microsoft-Windows-Install-Agent","Queue State: Working = 1, Pending = 0, Idle = 4  
Error: The operation completed successfully.
Function: InstallQueue2::_FindNextPendingItem
Source: onecoreuap\enduser\winstore\installservice\libqueue2\installqueue2.cpp (4735)"
"19-08-2026 10:14:10","2005","Verbose","Microsoft-Windows-Install-Agent","Created task progress for Microsoft.People_8wekyb3d8bbwe with parentbundleId 
Error: Unknown HResult Error code: 0xefffffff
Function: UWAInstallWork::_DoDownload
Source: onecoreuap\enduser\winstore\installservice\lib\uwainstallwork.cpp (5487)"
"19-08-2026 10:14:10","2006","Information","Microsoft-Windows-Install-Agent","[Telemetry]: BeginDownload :: _TlgCV_ = C2GP50Qp5keFT0qP.1.2  ProductId = 9NBLGGH10PG8  PFN = Microsoft.People_8wekyb3d8bbwe  CategoryId = cfc4a10e-0356-451d-bb3e-c4fe5edfd20c  BundleId =   IsUpdate = true  IsRemediation = false  IsInteractive = false  IsMandatory = false  IsRestore = false  AttemptNumber = 2  SystemAttemptNumber = 2  UserAttemptNumber = 0  ClientAppId = Update;MoUpdateOrchestratorDeviceScan-MoUsoCoreWorker-SearchForAllUpdatesWithUpdateOptionsAsync  ParentBundleId =   IsBundle = false  WUContentId = 1fe89c0b-9bed-cc5d-7426-9e4025d6bdd9  AggregatedPackageFullNames = Microsoft.People_2021.2202.100.0_neutral_~_8wekyb3d8bbwe  
Error: Unknown HResult Error code: 0xefffffff
Function: LogTelemetryEvent
Source: onecoreuap\enduser\winstore\installservice\svc\logging.cpp (10)"
"19-08-2026 10:14:10","2006","Information","Microsoft-Windows-Install-Agent","Progress Update: Item = 9NBLGGH10PG8  Progress Stage = DownloadingProduct, Completed = 0, Total = 0, Total = 0   
Error: The operation completed successfully.
Function: InstallQueue2::NotifyWorkProgress
Source: onecoreuap\enduser\winstore\installservice\libqueue2\installqueue2.cpp (4055)"
"19-08-2026 10:14:10","2006","Information","Microsoft-Windows-Install-Agent","[Telemetry]: InstallQueueHeartbeat :: ProductId = 9NBLGGH10PG8  PFN = Microsoft.People_8wekyb3d8bbwe  DownloadSize = 0  IsInteractive = 0  PreviousPercentDownloaded = 0  CurrentPercentDownloaded = 0  BytesDownloadedSinceLastProgress = 0  TimeSinceLastProgressReported = 45385  ConcurrentWorkingItems = 1  __TlgCV__ = Xem5Ppz73UK1XOmr.3  
Error: Unknown HResult Error code: 0xefffffff
Function: LogTelemetryEvent
Source: onecoreuap\enduser\winstore\installservice\svc\logging.cpp (10)"
"19-08-2026 10:14:10","8001","Information","Microsoft-Windows-Store","Set results for lease = 0x0, policy = 0, operation = 0, Leasebehavior = 0
Function: KeyMachine::DoSetResult
Source: onecoreuap\enduser\winstore\licensemanager\lib\keymachine.cpp (1520)"
"19-08-2026 10:14:10","8012","Verbose","Microsoft-Windows-Store","0x134d2857970: 17984: Key:Initial Change: Key:Invalid => 1fe89c0b-9bed-cc5d-7426-9e4025d6bdd9"
"19-08-2026 10:14:10","8011","Verbose","Microsoft-Windows-Store","0x134d2857970: 17984: 1fe89c0b-9bed-cc5d-7426-9e4025d6bdd9: Dispatch: Key:Unregistered => Key:Initial"
"19-08-2026 10:14:10","2006","Information","Microsoft-Windows-Install-Agent","[Telemetry]: EndAcquireLicense :: _TlgCV_ = C2GP50Qp5keFT0qP.1.1  ProductId = 9NBLGGH10PG8  PFN = Microsoft.People_8wekyb3d8bbwe  CategoryId = cfc4a10e-0356-451d-bb3e-c4fe5edfd20c  BundleId =   IsUpdate = true  IsRemediation = false  IsInteractive = false  IsMandatory = false  IsRestore = false  AttemptNumber = 2  SystemAttemptNumber = 2  UserAttemptNumber = 0  ClientAppId = Update;MoUpdateOrchestratorDeviceScan-MoUsoCoreWorker-SearchForAllUpdatesWithUpdateOptionsAsync  ParentBundleId =   IsBundle = false  WUContentId = 1fe89c0b-9bed-cc5d-7426-9e4025d6bdd9  AggregatedPackageFullNames = Microsoft.People_2021.2202.100.0_neutral_~_8wekyb3d8bbwe  StageDurationInMilliseconds = 26  HResult = 0  
Error: Unknown HResult Error code: 0xefffffff
Function: LogTelemetryEvent
Source: onecoreuap\enduser\winstore\installservice\svc\logging.cpp (10)"
"19-08-2026 10:14:10","8001","Information","Microsoft-Windows-Store","Decoding: {""entitlementSatisfaction"":""Open"",""isOffline"":true,""leaseEnforcement"":""None"",""leaseUri"":""https://licensing.md.mp.microsoft.com/v7.0/licenses/?contentId=1fe89c0b-9bed-cc5d-7426-9e4025d6bdd9&market=IN&policyType=Open&productId=9NBLGGH10PG8&skuId=0010"",""keyIds"":[""28748306-9f02-a5d7-6ded-4459fddadc31""],""kind"":""Content"",""packages"":[{""packageIdentifier"":""1fe89c0b-9bed-cc5d-7426-9e4025d6bdd9"",""packageType"":""msix"",""productAddOns"":[],""productId"":""9NBLGGH10PG8"",""skuId"":""0010""}],""pollAt"":""2026-08-20T11:27:07.6315325+00:00"",""refreshOnStartup"":false,""version"":7}
Function: DecodeCustomPolicy
Source: onecoreuap\enduser\winstore\licensemanager\lib\clipdocument.cpp (50)"
"19-08-2026 10:14:10","8001","Information","Microsoft-Windows-Store","Decoding: {""entitlementSatisfaction"":""Open"",""isOffline"":true,""leaseEnforcement"":""None"",""leaseUri"":""https://licensing.md.mp.microsoft.com/v7.0/licenses/?contentId=1fe89c0b-9bed-cc5d-7426-9e4025d6bdd9&market=IN&policyType=Open&productId=9NBLGGH10PG8&skuId=0010"",""keyIds"":[""28748306-9f02-a5d7-6ded-4459fddadc31""],""kind"":""Content"",""packages"":[{""packageIdentifier"":""1fe89c0b-9bed-cc5d-7426-9e4025d6bdd9"",""packageType"":""msix"",""productAddOns"":[],""productId"":""9NBLGGH10PG8"",""skuId"":""0010""}],""pollAt"":""2026-08-20T11:27:07.6315325+00:00"",""refreshOnStartup"":false,""version"":7}
Function: DecodeCustomPolicy
Source: onecoreuap\enduser\winstore\licensemanager\lib\clipdocument.cpp (50)"
"19-08-2026 10:14:10","8001","Information","Microsoft-Windows-Store","Decoding: {""legacyProductId"":""cfc4a10e-0356-451d-bb3e-c4fe5edfd20c""}
Function: DecodeCustomPolicy
Source: onecoreuap\enduser\winstore\licensemanager\lib\clipdocument.cpp (50)"
"19-08-2026 10:14:10","8012","Verbose","Microsoft-Windows-Store","0x134d2857970: 19900: Key:NegotiatingInactive Change: Key:Initial => 1fe89c0b-9bed-cc5d-7426-9e4025d6bdd9"
"19-08-2026 10:14:10","8001","Information","Microsoft-Windows-Store","Set results for lease = 0xd2164118, policy = 1, operation = 2, Leasebehavior = 0
Function: KeyMachine::DoSetResult
Source: onecoreuap\enduser\winstore\licensemanager\lib\keymachine.cpp (1520)"
"19-08-2026 10:14:10","8011","Verbose","Microsoft-Windows-Store","0x134d2857970: 19900: 1fe89c0b-9bed-cc5d-7426-9e4025d6bdd9: Dispatch: Key:@LicenseDone => Key:NegotiatingInactive"
"19-08-2026 10:14:10","8001","Information","Microsoft-Windows-Store","lease = 0xd2164118, usage = 0, policy = 1, operation = 2, leaseBehavior = 0, shouldContentBeDeactivated = 0
Function: KeyMachine::DoLicenseThreadProc
Source: onecoreuap\enduser\winstore\licensemanager\lib\keymachine.cpp (905)"
"19-08-2026 10:14:10","8001","Information","Microsoft-Windows-Store","Returning 1 lease documents for contentid 1FE89C0B-9BED-CC5D-7426-9E4025D6BDD9
Function: ClipStorage::GetLeaseDocumentsForKeyDocument
Source: onecoreuap\enduser\winstore\licensemanager\lib\clipstorage.cpp (460)"
"19-08-2026 10:14:10","8001","Information","Microsoft-Windows-Store","Adding lease {D1ECFCE2-F845-C1E9-052B-D2F457C135E6} to results
Function: ClipStorage::GetLeaseDocumentsForKeyDocument
Source: onecoreuap\enduser\winstore\licensemanager\lib\clipstorage.cpp (387)"
"19-08-2026 10:14:10","8001","Information","Microsoft-Windows-Store","Decoding: {""entitlementSatisfaction"":""Open"",""isOffline"":true,""leaseEnforcement"":""None"",""leaseUri"":""https://licensing.md.mp.microsoft.com/v7.0/licenses/?contentId=1fe89c0b-9bed-cc5d-7426-9e4025d6bdd9&market=IN&policyType=Open&productId=9NBLGGH10PG8&skuId=0010"",""keyIds"":[""28748306-9f02-a5d7-6ded-4459fddadc31""],""kind"":""Content"",""packages"":[{""packageIdentifier"":""1fe89c0b-9bed-cc5d-7426-9e4025d6bdd9"",""packageType"":""msix"",""productAddOns"":[],""productId"":""9NBLGGH10PG8"",""skuId"":""0010""}],""pollAt"":""2026-08-20T11:27:07.6315325+00:00"",""refreshOnStartup"":false,""version"":7}
Function: DecodeCustomPolicy
Source: onecoreuap\enduser\winstore\licensemanager\lib\clipdocument.cpp (50)"
"19-08-2026 10:14:10","8001","Information","Microsoft-Windows-Store","Getting lease for 1fe89c0b-9bed-cc5d-7426-9e4025d6bdd9
Function: LicenseManagerCore::GetExistingLeaseAndLicense
Source: onecoreuap\enduser\winstore\licensemanager\lib\managercore.cpp (415)"
"19-08-2026 10:14:10","8001","Information","Microsoft-Windows-Store","Returning key document for contentid 1fe89c0b-9bed-cc5d-7426-9e4025d6bdd9
Function: ClipStorage::GetKeyDocumentForContentWithIdAndMinQuality
Source: onecoreuap\enduser\winstore\licensemanager\lib\clipstorage.cpp (262)"
"19-08-2026 10:14:10","8001","Information","Microsoft-Windows-Store","Accepting key with License ID {28748306-9F02-A5D7-6DED-4459FDDADC31} for Content ID 1fe89c0b-9bed-cc5d-7426-9e4025d6bdd9 (first match)
Function: ClipStorage::GetKeyDocumentForContentWithIdAndMinQuality
Source: onecoreuap\enduser\winstore\licensemanager\lib\clipstorage.cpp (223)"
"19-08-2026 10:14:10","8001","Information","Microsoft-Windows-Store","Decoding: {""legacyProductId"":""cfc4a10e-0356-451d-bb3e-c4fe5edfd20c""}
Function: DecodeCustomPolicy
Source: onecoreuap\enduser\winstore\licensemanager\lib\clipdocument.cpp (50)"
"19-08-2026 10:14:10","8001","Information","Microsoft-Windows-Store","Considering License ID {28748306-9F02-A5D7-6DED-4459FDDADC31} for content ID 1fe89c0b-9bed-cc5d-7426-9e4025d6bdd9...
Function: ClipStorage::GetKeyDocumentForContentWithIdAndMinQuality
Source: onecoreuap\enduser\winstore\licensemanager\lib\clipstorage.cpp (192)"
"19-08-2026 10:14:10","8012","Verbose","Microsoft-Windows-Store","0x134d2857970: 19900: Key:Initial Change: Key:NegotiatingInactive => 1fe89c0b-9bed-cc5d-7426-9e4025d6bdd9"
"19-08-2026 10:14:10","8001","Information","Microsoft-Windows-Store","00000134D2857950: BeginLicense: Operation 2, CachedLeaseOK true, RequireServiceValidation true
Function: KeyMachine::DoBeginLicense
Source: onecoreuap\enduser\winstore\licensemanager\lib\keymachine.cpp (819)"
"19-08-2026 10:14:10","8011","Verbose","Microsoft-Windows-Store","0x134d2857970: 19900: 1fe89c0b-9bed-cc5d-7426-9e4025d6bdd9: Dispatch: Key:Connect => Key:Initial"
"19-08-2026 10:14:10","8011","Verbose","Microsoft-Windows-Store","0x134d21364a8: 19900: RootMachine: Dispatch: Root:Connect => Root:Valid"
"19-08-2026 10:14:10","8001","Information","Microsoft-Windows-Store","00000134D2857950: Key Machine for content: 1fe89c0b-9bed-cc5d-7426-9e4025d6bdd9
Function: KeyMachine::KeyMachine
Source: onecoreuap\enduser\winstore\licensemanager\lib\keymachine.cpp (95)"
"19-08-2026 10:14:10","8002","Warning","Microsoft-Windows-Store","Capturing identity for LocalSystem, this probably isn't intended
Function: StoredIdentity::StoredIdentity
Source: onecoreuap\enduser\winstore\licensemanager\lib\identity.cpp (536)"
"19-08-2026 10:14:10","8001","Information","Microsoft-Windows-Store","Licensing 1fe89c0b-9bed-cc5d-7426-9e4025d6bdd9 (Inactive)
Function: LicenseManager::GetInactiveLicenseForContentWithId
Source: onecoreuap\enduser\winstore\licensemanager\lib\manager.cpp (140)"
"19-08-2026 10:14:10","8002","Warning","Microsoft-Windows-Store","ContentId: 1fe89c0b-9bed-cc5d-7426-9e4025d6bdd9, Salt: none, Payload: none
Function: ApplicationLicenseManager::EnsureLicenseForApplicationDeployment
Source: onecoreuap\enduser\winstore\licensemanager\lib\applicensemanager.cpp (212)"
"19-08-2026 10:14:10","2006","Information","Microsoft-Windows-Install-Agent","[Telemetry]: BeginAcquireLicense :: _TlgCV_ = C2GP50Qp5keFT0qP.1.1  ProductId = 9NBLGGH10PG8  PFN = Microsoft.People_8wekyb3d8bbwe  CategoryId = cfc4a10e-0356-451d-bb3e-c4fe5edfd20c  BundleId =   IsUpdate = true  IsRemediation = false  IsInteractive = false  IsMandatory = false  IsRestore = false  AttemptNumber = 2  SystemAttemptNumber = 2  UserAttemptNumber = 0  ClientAppId = Update;MoUpdateOrchestratorDeviceScan-MoUsoCoreWorker-SearchForAllUpdatesWithUpdateOptionsAsync  ParentBundleId =   IsBundle = false  WUContentId = 1fe89c0b-9bed-cc5d-7426-9e4025d6bdd9  AggregatedPackageFullNames = Microsoft.People_2021.2202.100.0_neutral_~_8wekyb3d8bbwe  
Error: Unknown HResult Error code: 0xefffffff
Function: LogTelemetryEvent
Source: onecoreuap\enduser\winstore\installservice\svc\logging.cpp (10)"
"19-08-2026 10:14:10","2006","Information","Microsoft-Windows-Install-Agent","Queue State: Working = 1, Pending = 0, Idle = 4  
Error: The operation completed successfully.
Function: InstallQueue2::_FindNextPendingItem
Source: onecoreuap\enduser\winstore\installservice\libqueue2\installqueue2.cpp (4735)"
"19-08-2026 10:14:10","2006","Information","Microsoft-Windows-Install-Agent","Queue State: Working = 1, Pending = 0, Idle = 4  
Error: The operation completed successfully.
Function: InstallQueue2::_FindNextPendingItem
Source: onecoreuap\enduser\winstore\installservice\libqueue2\installqueue2.cpp (4735)"
"19-08-2026 10:14:10","2006","Information","Microsoft-Windows-Install-Agent","Progress Update: Item = 9NBLGGH10PG8  Progress Stage = AcquiringLicense, Completed = 0, Total = 0, Total = -1   
Error: The operation completed successfully.
Function: InstallQueue2::NotifyWorkProgress
Source: onecoreuap\enduser\winstore\installservice\libqueue2\installqueue2.cpp (4055)"
"19-08-2026 10:14:10","2006","Information","Microsoft-Windows-Install-Agent","Progress Update: Item = 9NBLGGH10PG8  Progress Stage = Scanning, Completed = 0, Total = 0, Total = -1   
Error: The operation completed successfully.
Function: InstallQueue2::NotifyWorkProgress
Source: onecoreuap\enduser\winstore\installservice\libqueue2\installqueue2.cpp (4055)"
"19-08-2026 10:14:10","2006","Information","Microsoft-Windows-Install-Agent","Install Starting. Client Sid: S-1-5-18, User Sid: S-1-5-18
Error: Unknown HResult Error code: 0xefffffff
Function: UWAInstallWork::_DoNormalInstall
Source: onecoreuap\enduser\winstore\installservice\lib\uwainstallwork.cpp (3141)"
"19-08-2026 10:14:10","2006","Information","Microsoft-Windows-Install-Agent","DirectDownloadState determined: Disabled (matched disallow targeting)
Error: Unknown HResult Error code: 0xefffffff
Function: UWAInstallWork::_GetDirectDownloadState
Source: onecoreuap\enduser\winstore\installservice\lib\uwainstallwork.cpp (8305)"
"19-08-2026 10:14:10","2005","Verbose","Microsoft-Windows-Install-Agent","DirectDownloadState check parameters: clientId=MoUpdateOrchestratorDeviceScan, hresult=0x00000000, product=9NBLGGH10PG8, region=IN, arch=amd64, installType=Update, errorStage=None
Error: Unknown HResult Error code: 0xefffffff
Function: UWAInstallWork::_GetDirectDownloadState
Source: onecoreuap\enduser\winstore\installservice\lib\uwainstallwork.cpp (8255)"
"19-08-2026 10:14:10","2006","Information","Microsoft-Windows-Install-Agent","Starting UWA Install Work
Error: Unknown HResult Error code: 0xefffffff
Function: UWAInstallWork::DoWork
Source: onecoreuap\enduser\winstore\installservice\lib\uwainstallwork.cpp (2013)"
"19-08-2026 10:14:10","2006","Information","Microsoft-Windows-Install-Agent","Raising State Change for Item = , InstallState = 7  
Error: The operation completed successfully.
Function: InstallQueue2::FlushEventQueue
Source: onecoreuap\enduser\winstore\installservice\libqueue2\installqueue2.cpp (3512)"
"19-08-2026 10:14:10","2006","Information","Microsoft-Windows-Install-Agent","Queue State: Working = 1, Pending = 0, Idle = 4  
Error: The operation completed successfully.
Function: InstallQueue2::_FindNextPendingItem
Source: onecoreuap\enduser\winstore\installservice\libqueue2\installqueue2.cpp (4735)"
"19-08-2026 10:14:10","2006","Information","Microsoft-Windows-Install-Agent","[End] SwitchState  Item = 9NBLGGH10PG8  StateTransition = Pending -> Working  
Error: The operation completed successfully.
Function: InstallQueue2::_SwitchState
Source: onecoreuap\enduser\winstore\installservice\libqueue2\installqueue2.cpp (4886)"
"19-08-2026 10:14:10","2006","Information","Microsoft-Windows-Install-Agent","[Telemetry]: StateTransition :: ProductId = 9NBLGGH10PG8  PFN = Microsoft.People_8wekyb3d8bbwe  CatalogId =   FulfillmentPluginId = WU  PluginTelemetryData = {""WorkProperties"":{""IsInteractive"":0,""CallerApplicationId"":""MoUpdateOrchestratorDeviceScan-MoUsoCoreWorker-SearchForAllUpdatesWithUpdateOptionsAsync"",""InstallForAllUsers"":0,""AllowDownloadOnAnyNetwork"":0,""ForceUseOfNonRemovableStorage"":0,""AllowForcedAppRestart"":0,""IsDiscInstall"":0,""IsRestore"":0,""Repair"":0,""StageButDoNotInstall"":0,""RequiresElevation"":0,""AutomaticallyDownloadAndInstallUpdateIfFound"":0,""AllowCachedResult"":0,""UserIdentityInfo"":"""",""VolumePath"":""""},""extendedErrorCode"":0}  PrevState = Pending  NewState = Working  PluginLastStage = 0  HResult = 0  __TlgCV__ = C2GP50Qp5keFT0qP.0.0  
Error: Unknown HResult Error code: 0xefffffff
Function: LogTelemetryEvent
Source: onecoreuap\enduser\winstore\installservice\svc\logging.cpp (10)"
"19-08-2026 10:14:10","2006","Information","Microsoft-Windows-Install-Agent","[Start] SwitchState  Item = 9NBLGGH10PG8  StateTransition = Pending -> Working  
Error: The operation completed successfully.
Function: InstallQueue2::_SwitchState
Source: onecoreuap\enduser\winstore\installservice\libqueue2\installqueue2.cpp (4886)"
"19-08-2026 10:14:10","2006","Information","Microsoft-Windows-Install-Agent","Queue State: Working = 0, Pending = 1, Idle = 4  
Error: The operation completed successfully.
Function: InstallQueue2::_FindNextPendingItem
Source: onecoreuap\enduser\winstore\installservice\libqueue2\installqueue2.cpp (4735)"
"19-08-2026 10:14:10","2006","Information","Microsoft-Windows-Install-Agent","[End] ResumeWithFlags2 QueueItemId = {809C4206-8A61-4781-AAF9-3F5273DFF806}  
Error: The operation completed successfully.
Function: InstallQueue2::ResumeWithFlags2
Source: onecoreuap\enduser\winstore\installservice\libqueue2\installqueue2.cpp (965)"
"19-08-2026 10:14:10","2006","Information","Microsoft-Windows-Install-Agent","[End] Resume QueueItemId = {809C4206-8A61-4781-AAF9-3F5273DFF806}  
Error: The operation completed successfully.
Function: InstallQueue2::Resume
Source: onecoreuap\enduser\winstore\installservice\libqueue2\installqueue2.cpp (735)"
"19-08-2026 10:14:10","2006","Information","Microsoft-Windows-Install-Agent","No other elements of similar priority found. Inserting default priority item either at the back of the list or before the first low priority itemItem = 9NBLGGH10PG8  
Error: The operation completed successfully.
Function: InstallQueue2::NotifyPriorityChanged
Source: onecoreuap\enduser\winstore\installservice\libqueue2\installqueue2.cpp (3787)"
"19-08-2026 10:14:10","2006","Information","Microsoft-Windows-Install-Agent","Updating priority of qItemItem = 9NBLGGH10PG8  Priority = 0  
Error: The operation completed successfully.
Function: InstallQueue2::NotifyPriorityChanged
Source: onecoreuap\enduser\winstore\installservice\libqueue2\installqueue2.cpp (3741)"
"19-08-2026 10:14:10","2006","Information","Microsoft-Windows-Install-Agent","Setting qitem priority to Default
Error: Unknown HResult Error code: 0xefffffff
Function: UWAInstallServiceWorkItem::UserOverrideRequestedForBlockedState
Source: onecoreuap\enduser\winstore\installservice\libqueue2\uwainstallworkbridge.cpp (982)"
"19-08-2026 10:14:10","2006","Information","Microsoft-Windows-Install-Agent","[Telemetry]: ResumeInstallation :: _TlgCV_ = C2GP50Qp5keFT0qP.1.0  ProductId = 9NBLGGH10PG8  PFN = Microsoft.People_8wekyb3d8bbwe  CategoryId = cfc4a10e-0356-451d-bb3e-c4fe5edfd20c  BundleId =   IsUpdate = true  IsRemediation = false  IsInteractive = false  IsMandatory = false  IsRestore = false  AttemptNumber = 2  SystemAttemptNumber = 2  UserAttemptNumber = 0  IsUserRetry = false  ClientAppId = Update;MoUpdateOrchestratorDeviceScan-MoUsoCoreWorker-SearchForAllUpdatesWithUpdateOptionsAsync  ResumeClientId =   ParentBundleId =   IsBundle = false  WUContentId =   AggregatedPackageFullNames = Microsoft.People_2021.2202.100.0_neutral_~_8wekyb3d8bbwe  PreviousInstallState = 7  HResult = 0  PreviousHResult = 0  RelatedCV = C2GP50Qp5keFT0qP.1.0  
Error: Unknown HResult Error code: 0xefffffff
Function: LogTelemetryEvent
Source: onecoreuap\enduser\winstore\installservice\svc\logging.cpp (10)"
"19-08-2026 10:14:10","2006","Information","Microsoft-Windows-Install-Agent","UserOverrideRequestedForBlockedState status code = 1 for MoUsoCoreWorker
Error: Unknown HResult Error code: 0xefffffff
Function: InstallQueue2::Resume
Source: onecoreuap\enduser\winstore\installservice\libqueue2\installqueue2.cpp (764)"
"19-08-2026 10:14:10","2006","Information","Microsoft-Windows-Install-Agent","MoUsoCoreWorker is in the disallow list for Resume APIs setting userInteractive = false
Error: Unknown HResult Error code: 0xefffffff
Function: Utils::IsCallerInteractiveResume
Source: onecoreuap\enduser\winstore\installservice\lib\utils.cpp (445)"
"19-08-2026 10:14:10","2006","Information","Microsoft-Windows-Install-Agent","Checking interactive for resume caller: MoUsoCoreWorker
Error: Unknown HResult Error code: 0xefffffff
Function: Utils::IsCallerInteractiveResume
Source: onecoreuap\enduser\winstore\installservice\lib\utils.cpp (442)"
"19-08-2026 10:14:10","2006","Information","Microsoft-Windows-Install-Agent","[Start] Resume QueueItemId = {809C4206-8A61-4781-AAF9-3F5273DFF806}  
Error: The operation completed successfully.
Function: InstallQueue2::Resume
Source: onecoreuap\enduser\winstore\installservice\libqueue2\installqueue2.cpp (735)"
"19-08-2026 10:14:10","2006","Information","Microsoft-Windows-Install-Agent","Queue State: Working = 0, Pending = 0, Idle = 5  
Error: The operation completed successfully.
Function: InstallQueue2::_FindNextPendingItem
Source: onecoreuap\enduser\winstore\installservice\libqueue2\installqueue2.cpp (4735)"
"19-08-2026 10:14:10","2006","Information","Microsoft-Windows-Install-Agent","Queue State: Working = 0, Pending = 0, Idle = 5  
Error: The operation completed successfully.
Function: InstallQueue2::_FindNextPendingItem
Source: onecoreuap\enduser\winstore\installservice\libqueue2\installqueue2.cpp (4735)"
"19-08-2026 10:14:10","2006","Information","Microsoft-Windows-Install-Agent","Received checkpoint data updateItem = 9NBLGGH10PG8   
Error: The operation completed successfully.
Function: InstallQueue2::NotifyCheckpointChanged
Source: onecoreuap\enduser\winstore\installservice\libqueue2\installqueue2.cpp (3567)"
"19-08-2026 10:14:10","2006","Information","Microsoft-Windows-Install-Agent","[End] Creating UWA Work FulfillmentData = {""ProductId"":""9NBLGGH10PG8"",""WuBundleId"":""9c2dba42-41cc-48bf-b041-945a90986dd2"",""WuCategoryId"":""cfc4a10e-0356-451d-bb3e-c4fe5edfd20c"",""PackageFamilyName"":""Microsoft.People_8wekyb3d8bbwe"",""SkuId"":""0010"",""Content"":null,""PackageFeatures"":null}  
Error: The operation completed successfully.
Function: UWAInstallServiceWorkItem::UWAInstallServiceWorkItem
Source: onecoreuap\enduser\winstore\installservice\libqueue2\uwainstallworkbridge.cpp (494)"
"19-08-2026 10:14:10","2007","Warning","Microsoft-Windows-Install-Agent","Skipping fulfillment data map entry: PackageRank=30681223438532718, PackageFullName=(empty)
Error: Unknown HResult Error code: 0xefffffff
Function: UWAInstallWork::UWAInstallWork
Source: onecoreuap\enduser\winstore\installservice\lib\uwainstallwork.cpp (619)"
"19-08-2026 10:14:10","2006","Information","Microsoft-Windows-Install-Agent","Update Work Flags: AutomaticallyDownloadAndInstallUpdateIfFound = false, IsSystemComponent = false, IsMandatory = false, IsAutoUpdateEnabled = true, IsMandatoryAllowed = false, IsUpdateNow = false 
Error: Unknown HResult Error code: 0xefffffff
Function: UWAInstallServiceWorkItem::UWAInstallServiceWorkItem
Source: onecoreuap\enduser\winstore\installservice\libqueue2\uwainstallworkbridge.cpp (629)"
"19-08-2026 10:14:10","2006","Information","Microsoft-Windows-Install-Agent","WU scan found 1 packages
Error: Unknown HResult Error code: 0xefffffff
Function: _PackagesFromSearchResult
Source: onecoreuap\enduser\winstore\installservice\lib\wuhelpers.cpp (157)"
"19-08-2026 10:14:02","2006","Information","Microsoft-Windows-Install-Agent","WU query: ""IsInstalled=0 AND AppCategoryIDs contains '17b81d1c-5988-43ea-8dfb-ed0bb1ac7162'""
Error: Unknown HResult Error code: 0xefffffff
Function: SearchUpdatePackages
Source: onecoreuap\enduser\winstore\installservice\lib\wuhelpers.cpp (359)"
"19-08-2026 10:14:02","2006","Information","Microsoft-Windows-Install-Agent","UUS Version = 1508.2606.17012.0
Error: Unknown HResult Error code: 0xefffffff
Function: SearchUpdatePackages
Source: onecoreuap\enduser\winstore\installservice\lib\wuhelpers.cpp (286)"
"19-08-2026 10:14:02","2006","Information","Microsoft-Windows-Install-Agent","AppId = 17b81d1c-5988-43ea-8dfb-ed0bb1ac7162, WU Installed Flag = 0, OnlineSearch = 0, Interactive = 0, Scope = 4, Client ID = Update;MoUpdateOrchestratorDeviceScan-MoUsoCoreWorker-SearchForAllUpdatesWithUpdateOptionsAsync
Error: Unknown HResult Error code: 0xefffffff
Function: SearchUpdatePackages
Source: onecoreuap\enduser\winstore\installservice\lib\wuhelpers.cpp (280)"
"19-08-2026 10:14:02","2006","Information","Microsoft-Windows-Install-Agent","[Start] Creating UWA Work FulfillmentData = {""ProductId"":""9PC1H9VN18CM"",""WuBundleId"":""6d2af963-f046-420f-a039-6cdec9fc6eff"",""WuCategoryId"":""17b81d1c-5988-43ea-8dfb-ed0bb1ac7162"",""PackageFamilyName"":""Microsoft.StartExperiencesApp_8wekyb3d8bbwe"",""SkuId"":""0010"",""Content"":null,""PackageFeatures"":null}  
Error: The operation completed successfully.
Function: UWAInstallServiceWorkItem::UWAInstallServiceWorkItem
Source: onecoreuap\enduser\winstore\installservice\libqueue2\uwainstallworkbridge.cpp (494)"
"19-08-2026 10:14:02","2006","Information","Microsoft-Windows-Install-Agent","[Start] ResumeWithFlags2 QueueItemId = {C1A7E19E-247A-4A9D-954D-37534FC0B39A}  
Error: The operation completed successfully.
Function: InstallQueue2::ResumeWithFlags2
Source: onecoreuap\enduser\winstore\installservice\libqueue2\installqueue2.cpp (965)"
"19-08-2026 10:14:02","2006","Information","Microsoft-Windows-Install-Agent","[Telemetry]: ResumeOperationRequest :: __TlgCV__ = C2GP50Qp5keFT0qP.1  ProductId = 9PC1H9VN18CM  
Error: Unknown HResult Error code: 0xefffffff
Function: LogTelemetryEvent
Source: onecoreuap\enduser\winstore\installservice\svc\logging.cpp (10)"
"19-08-2026 10:14:02","2006","Information","Microsoft-Windows-Install-Agent","ResumeWithFlags request: productId = 9PC1H9VN18CM, clientAppId = MoUsoCoreWorker
Error: Unknown HResult Error code: 0xefffffff
Function: Windows::ApplicationModel::Store::Preview::InstallControl::AppInstallManagerImpl::ResumeWithFlags
Source: onecoreuap\enduser\winstore\installservice\lib\appinstallcontrol.cpp (1421)"
"19-08-2026 10:14:02","2006","Information","Microsoft-Windows-Install-Agent","WU query: ""IsInstalled=0 AND AppCategoryIDs contains 'b90f3a9a-c043-41a7-a774-e51f6069283b'""
Error: Unknown HResult Error code: 0xefffffff
Function: SearchUpdatePackages
Source: onecoreuap\enduser\winstore\installservice\lib\wuhelpers.cpp (359)"
"19-08-2026 10:14:02","2006","Information","Microsoft-Windows-Install-Agent","WU query: ""IsInstalled=0 AND AppCategoryIDs contains 'cfc4a10e-0356-451d-bb3e-c4fe5edfd20c'""
Error: Unknown HResult Error code: 0xefffffff
Function: SearchUpdatePackages
Source: onecoreuap\enduser\winstore\installservice\lib\wuhelpers.cpp (359)"
"19-08-2026 10:14:02","2006","Information","Microsoft-Windows-Install-Agent","UUS Version = 1508.2606.17012.0
Error: Unknown HResult Error code: 0xefffffff
Function: SearchUpdatePackages
Source: onecoreuap\enduser\winstore\installservice\lib\wuhelpers.cpp (286)"
"19-08-2026 10:14:02","2006","Information","Microsoft-Windows-Install-Agent","UUS Version = 1508.2606.17012.0
Error: Unknown HResult Error code: 0xefffffff
Function: SearchUpdatePackages
Source: onecoreuap\enduser\winstore\installservice\lib\wuhelpers.cpp (286)"
"19-08-2026 10:14:02","2006","Information","Microsoft-Windows-Install-Agent","AppId = cfc4a10e-0356-451d-bb3e-c4fe5edfd20c, WU Installed Flag = 0, OnlineSearch = 0, Interactive = 0, Scope = 4, Client ID = Update;MoUpdateOrchestratorDeviceScan-MoUsoCoreWorker-SearchForAllUpdatesWithUpdateOptionsAsync
Error: Unknown HResult Error code: 0xefffffff
Function: SearchUpdatePackages
Source: onecoreuap\enduser\winstore\installservice\lib\wuhelpers.cpp (280)"
"19-08-2026 10:14:02","2006","Information","Microsoft-Windows-Install-Agent","AppId = b90f3a9a-c043-41a7-a774-e51f6069283b, WU Installed Flag = 0, OnlineSearch = 0, Interactive = 0, Scope = 4, Client ID = Update;MoUpdateOrchestratorDeviceScan-MoUsoCoreWorker-SearchForAllUpdatesWithUpdateOptionsAsync
Error: Unknown HResult Error code: 0xefffffff
Function: SearchUpdatePackages
Source: onecoreuap\enduser\winstore\installservice\lib\wuhelpers.cpp (280)"
"19-08-2026 10:14:02","2006","Information","Microsoft-Windows-Install-Agent","[Start] Creating UWA Work FulfillmentData = {""ProductId"":""9NBLGGH4QGHW"",""WuBundleId"":""03c8cb8c-2f0d-4246-902f-e8302cb17d9e"",""WuCategoryId"":""b90f3a9a-c043-41a7-a774-e51f6069283b"",""PackageFamilyName"":""Microsoft.MicrosoftStickyNotes_8wekyb3d8bbwe"",""SkuId"":""0010"",""Content"":null,""PackageFeatures"":null}  
Error: The operation completed successfully.
Function: UWAInstallServiceWorkItem::UWAInstallServiceWorkItem
Source: onecoreuap\enduser\winstore\installservice\libqueue2\uwainstallworkbridge.cpp (494)"
"19-08-2026 10:14:02","2006","Information","Microsoft-Windows-Install-Agent","[Start] Creating UWA Work FulfillmentData = {""ProductId"":""9NBLGGH10PG8"",""WuBundleId"":""9c2dba42-41cc-48bf-b041-945a90986dd2"",""WuCategoryId"":""cfc4a10e-0356-451d-bb3e-c4fe5edfd20c"",""PackageFamilyName"":""Microsoft.People_8wekyb3d8bbwe"",""SkuId"":""0010"",""Content"":null,""PackageFeatures"":null}  
Error: The operation completed successfully.
Function: UWAInstallServiceWorkItem::UWAInstallServiceWorkItem
Source: onecoreuap\enduser\winstore\installservice\libqueue2\uwainstallworkbridge.cpp (494)"
"19-08-2026 10:14:02","2006","Information","Microsoft-Windows-Install-Agent","IsBackgroundUpdateAllowed result: true
Error: Unknown HResult Error code: 0xefffffff
Function: Windows::ApplicationModel::Store::Preview::InstallControl::AppInstallManagerImpl::get_IsBackgroundUpdateAllowed
Source: onecoreuap\enduser\winstore\installservice\lib\appinstallcontrol.cpp (7817)"
"19-08-2026 10:14:02","2006","Information","Microsoft-Windows-Install-Agent","[Start] ResumeWithFlags2 QueueItemId = {E2B7A205-5DDA-4D0D-A66B-12CD7D4287CB}  
Error: The operation completed successfully.
Function: InstallQueue2::ResumeWithFlags2
Source: onecoreuap\enduser\winstore\installservice\libqueue2\installqueue2.cpp (965)"
"19-08-2026 10:14:02","2006","Information","Microsoft-Windows-Install-Agent","[Start] ResumeWithFlags2 QueueItemId = {809C4206-8A61-4781-AAF9-3F5273DFF806}  
Error: The operation completed successfully.
Function: InstallQueue2::ResumeWithFlags2
Source: onecoreuap\enduser\winstore\installservice\libqueue2\installqueue2.cpp (965)"
"19-08-2026 10:14:02","2006","Information","Microsoft-Windows-Install-Agent","Windows Update Enabled = 1
Error: Unknown HResult Error code: 0xefffffff
Function: GetWindowsUpdateAllowed
Source: onecoreuap\enduser\winstore\installservice\lib\settings.cpp (148)"
"19-08-2026 10:14:02","2006","Information","Microsoft-Windows-Install-Agent","[Telemetry]: ResumeOperationRequest :: __TlgCV__ = C2GP50Qp5keFT0qP.1  ProductId = 9NBLGGH4QGHW  
Error: Unknown HResult Error code: 0xefffffff
Function: LogTelemetryEvent
Source: onecoreuap\enduser\winstore\installservice\svc\logging.cpp (10)"
"19-08-2026 10:14:02","2006","Information","Microsoft-Windows-Install-Agent","[Telemetry]: ResumeOperationRequest :: __TlgCV__ = C2GP50Qp5keFT0qP.1  ProductId = 9NBLGGH10PG8  
Error: Unknown HResult Error code: 0xefffffff
Function: LogTelemetryEvent
Source: onecoreuap\enduser\winstore\installservice\svc\logging.cpp (10)"
"19-08-2026 10:14:02","2006","Information","Microsoft-Windows-Install-Agent","ResumeWithFlags request: productId = 9NBLGGH4QGHW, clientAppId = MoUsoCoreWorker
Error: Unknown HResult Error code: 0xefffffff
Function: Windows::ApplicationModel::Store::Preview::InstallControl::AppInstallManagerImpl::ResumeWithFlags
Source: onecoreuap\enduser\winstore\installservice\lib\appinstallcontrol.cpp (1421)"
"19-08-2026 10:14:02","2006","Information","Microsoft-Windows-Install-Agent","ResumeWithFlags request: productId = 9NBLGGH10PG8, clientAppId = MoUsoCoreWorker
Error: Unknown HResult Error code: 0xefffffff
Function: Windows::ApplicationModel::Store::Preview::InstallControl::AppInstallManagerImpl::ResumeWithFlags
Source: onecoreuap\enduser\winstore\installservice\lib\appinstallcontrol.cpp (1421)"
"19-08-2026 10:14:02","2006","Information","Microsoft-Windows-Install-Agent","Update block list not found or empty in OneSettings
Error: Unknown HResult Error code: 0xefffffff
Function: DoInitializeOneSettingsConfiguration
Source: onecoreuap\enduser\winstore\installservice\lib\settings.cpp (2735)"
"19-08-2026 10:14:02","2006","Information","Microsoft-Windows-Install-Agent","Failure detected
Error: JSON value not found.
Function: 
Source: onecoreuap\enduser\winstore\installservice\lib\settings.cpp (578)"
"19-08-2026 10:14:02","2006","Information","Microsoft-Windows-Install-Agent","Failure detected
Error: JSON value not found.
Function: 
Source: onecoreuap\enduser\winstore\installservice\lib\settings.cpp (558)"
"19-08-2026 10:14:02","2005","Verbose","Microsoft-Windows-Install-Agent","CheckpointAbandonmentRules fetched from OneSettings payload: [{""callerApplicationIdKeyword"":""WindowsStore"",""systemAttemptCountThreshold"":5,""creationTimestampThresholdInDays"":2},{""callerApplicationIdKeyword"":""MoUsoCoreWorker"",""systemAttemptCountThreshold"":2,""creationTimestampThresholdInDays"":2}]
Error: Unknown HResult Error code: 0xefffffff
Function: _ReadCheckpointAbandonmentRules
Source: onecoreuap\enduser\winstore\installservice\lib\settings.cpp (4907)"
