"29-07-2026 11:54:24","100","Information","Microsoft-Windows-Diagnosis-DPS","Diagnostic module {45de1ea9-10bc-4f96-9b21-4b6b83dbf476} (%windir%\system32\radardt.dll) detected a problem for scenario {180b3a99-8c39-4f12-b631-2031998efe45}, instance {805c7c2d-92c8-4f69-92b5-f265e8cbc156}, original activity ID {00000000-0000-0000-0000-000000000000}."
"29-07-2026 11:49:24","105","Information","Microsoft-Windows-Diagnosis-DPS","Diagnostic module {45de1ea9-10bc-4f96-9b21-4b6b83dbf476} (%windir%\system32\radardt.dll) started troubleshooting scenario {180b3a99-8c39-4f12-b631-2031998efe45}, instance {7cc41517-7d8c-4f22-9c86-19eed992753c}, original activity ID {00000000-0000-0000-0000-000000000000}."
"29-07-2026 11:49:24","100","Information","Microsoft-Windows-Diagnosis-DPS","Diagnostic module {45de1ea9-10bc-4f96-9b21-4b6b83dbf476} (%windir%\system32\radardt.dll) detected a problem for scenario {180b3a99-8c39-4f12-b631-2031998efe45}, instance {7cc41517-7d8c-4f22-9c86-19eed992753c}, original activity ID {00000000-0000-0000-0000-000000000000}."
"29-07-2026 11:44:24","105","Information","Microsoft-Windows-Diagnosis-DPS","Diagnostic module {45de1ea9-10bc-4f96-9b21-4b6b83dbf476} (%windir%\system32\radardt.dll) started troubleshooting scenario {180b3a99-8c39-4f12-b631-2031998efe45}, instance {94507cb0-efc1-42de-a3f1-8c9b2d8a0d6f}, original activity ID {00000000-0000-0000-0000-000000000000}."
"29-07-2026 11:44:24","100","Information","Microsoft-Windows-Diagnosis-DPS","Diagnostic module {45de1ea9-10bc-4f96-9b21-4b6b83dbf476} (%windir%\system32\radardt.dll) detected a problem for scenario {180b3a99-8c39-4f12-b631-2031998efe45}, instance {94507cb0-efc1-42de-a3f1-8c9b2d8a0d6f}, original activity ID {00000000-0000-0000-0000-000000000000}."
"29-07-2026 11:39:24","105","Information","Microsoft-Windows-Diagnosis-DPS","Diagnostic module {45de1ea9-10bc-4f96-9b21-4b6b83dbf476} (%windir%\system32\radardt.dll) started troubleshooting scenario {180b3a99-8c39-4f12-b631-2031998efe45}, instance {67f71e55-31f6-4ae4-bcde-4c4c2b59b85c}, original activity ID {00000000-0000-0000-0000-000000000000}."
"29-07-2026 11:39:24","100","Information","Microsoft-Windows-Diagnosis-DPS","Diagnostic module {45de1ea9-10bc-4f96-9b21-4b6b83dbf476} (%windir%\system32\radardt.dll) detected a problem for scenario {180b3a99-8c39-4f12-b631-2031998efe45}, instance {67f71e55-31f6-4ae4-bcde-4c4c2b59b85c}, original activity ID {00000000-0000-0000-0000-000000000000}."
"29-07-2026 11:34:24","105","Information","Microsoft-Windows-Diagnosis-DPS","Diagnostic module {45de1ea9-10bc-4f96-9b21-4b6b83dbf476} (%windir%\system32\radardt.dll) started troubleshooting scenario {180b3a99-8c39-4f12-b631-2031998efe45}, instance {71730af1-b432-4219-b2f3-4b29789a2bdf}, original activity ID {00000000-0000-0000-0000-000000000000}."
"29-07-2026 11:34:24","100","Information","Microsoft-Windows-Diagnosis-DPS","Diagnostic module {45de1ea9-10bc-4f96-9b21-4b6b83dbf476} (%windir%\system32\radardt.dll) detected a problem for scenario {180b3a99-8c39-4f12-b631-2031998efe45}, instance {71730af1-b432-4219-b2f3-4b29789a2bdf}, original activity ID {00000000-0000-0000-0000-000000000000}."
"29-07-2026 11:29:24","105","Information","Microsoft-Windows-Diagnosis-DPS","Diagnostic module {45de1ea9-10bc-4f96-9b21-4b6b83dbf476} (%windir%\system32\radardt.dll) started troubleshooting scenario {180b3a99-8c39-4f12-b631-2031998efe45}, instance {a0c90f7a-14b7-4252-8809-39db85826c0a}, original activity ID {00000000-0000-0000-0000-000000000000}."
"29-07-2026 11:29:24","100","Information","Microsoft-Windows-Diagnosis-DPS","Diagnostic module {45de1ea9-10bc-4f96-9b21-4b6b83dbf476} (%windir%\system32\radardt.dll) detected a problem for scenario {180b3a99-8c39-4f12-b631-2031998efe45}, instance {a0c90f7a-14b7-4252-8809-39db85826c0a}, original activity ID {00000000-0000-0000-0000-000000000000}."
"29-07-2026 11:24:24","105","Information","Microsoft-Windows-Diagnosis-DPS","Diagnostic module {45de1ea9-10bc-4f96-9b21-4b6b83dbf476} (%windir%\system32\radardt.dll) started troubleshooting scenario {180b3a99-8c39-4f12-b631-2031998efe45}, instance {6d3a447e-d6e7-4f1f-880b-e4926417cec8}, original activity ID {00000000-0000-0000-0000-000000000000}."
"29-07-2026 11:24:24","100","Information","Microsoft-Windows-Diagnosis-DPS","Diagnostic module {45de1ea9-10bc-4f96-9b21-4b6b83dbf476} (%windir%\system32\radardt.dll) detected a problem for scenario {180b3a99-8c39-4f12-b631-2031998efe45}, instance {6d3a447e-d6e7-4f1f-880b-e4926417cec8}, original activity ID {00000000-0000-0000-0000-000000000000}."
"29-07-2026 11:19:24","105","Information","Microsoft-Windows-Diagnosis-DPS","Diagnostic module {45de1ea9-10bc-4f96-9b21-4b6b83dbf476} (%windir%\system32\radardt.dll) started troubleshooting scenario {180b3a99-8c39-4f12-b631-2031998efe45}, instance {2a820e5a-3676-4c63-8866-b8fe78d613a2}, original activity ID {00000000-0000-0000-0000-000000000000}."
"29-07-2026 11:19:24","100","Information","Microsoft-Windows-Diagnosis-DPS","Diagnostic module {45de1ea9-10bc-4f96-9b21-4b6b83dbf476} (%windir%\system32\radardt.dll) detected a problem for scenario {180b3a99-8c39-4f12-b631-2031998efe45}, instance {2a820e5a-3676-4c63-8866-b8fe78d613a2}, original activity ID {00000000-0000-0000-0000-000000000000}."
"29-07-2026 11:14:24","105","Information","Microsoft-Windows-Diagnosis-DPS","Diagnostic module {45de1ea9-10bc-4f96-9b21-4b6b83dbf476} (%windir%\system32\radardt.dll) started troubleshooting scenario {180b3a99-8c39-4f12-b631-2031998efe45}, instance {97c9b098-6ca6-4c68-859c-6e2506c18c89}, original activity ID {00000000-0000-0000-0000-000000000000}."
"29-07-2026 11:14:24","100","Information","Microsoft-Windows-Diagnosis-DPS","Diagnostic module {45de1ea9-10bc-4f96-9b21-4b6b83dbf476} (%windir%\system32\radardt.dll) detected a problem for scenario {180b3a99-8c39-4f12-b631-2031998efe45}, instance {97c9b098-6ca6-4c68-859c-6e2506c18c89}, original activity ID {00000000-0000-0000-0000-000000000000}."
"29-07-2026 11:09:24","105","Information","Microsoft-Windows-Diagnosis-DPS","Diagnostic module {45de1ea9-10bc-4f96-9b21-4b6b83dbf476} (%windir%\system32\radardt.dll) started troubleshooting scenario {180b3a99-8c39-4f12-b631-2031998efe45}, instance {652a334d-3b8a-4e7e-ac36-b2b4b0b03f8b}, original activity ID {00000000-0000-0000-0000-000000000000}."
"29-07-2026 11:09:24","100","Information","Microsoft-Windows-Diagnosis-DPS","Diagnostic module {45de1ea9-10bc-4f96-9b21-4b6b83dbf476} (%windir%\system32\radardt.dll) detected a problem for scenario {180b3a99-8c39-4f12-b631-2031998efe45}, instance {652a334d-3b8a-4e7e-ac36-b2b4b0b03f8b}, original activity ID {00000000-0000-0000-0000-000000000000}."
"29-07-2026 11:04:24","105","Information","Microsoft-Windows-Diagnosis-DPS","Diagnostic module {45de1ea9-10bc-4f96-9b21-4b6b83dbf476} (%windir%\system32\radardt.dll) started troubleshooting scenario {180b3a99-8c39-4f12-b631-2031998efe45}, instance {2a72d4ca-213e-4b6e-9560-e99cd0efc473}, original activity ID {00000000-0000-0000-0000-000000000000}."
"29-07-2026 11:04:24","100","Information","Microsoft-Windows-Diagnosis-DPS","Diagnostic module {45de1ea9-10bc-4f96-9b21-4b6b83dbf476} (%windir%\system32\radardt.dll) detected a problem for scenario {180b3a99-8c39-4f12-b631-2031998efe45}, instance {2a72d4ca-213e-4b6e-9560-e99cd0efc473}, original activity ID {00000000-0000-0000-0000-000000000000}."
"29-07-2026 10:59:24","105","Information","Microsoft-Windows-Diagnosis-DPS","Diagnostic module {45de1ea9-10bc-4f96-9b21-4b6b83dbf476} (%windir%\system32\radardt.dll) started troubleshooting scenario {180b3a99-8c39-4f12-b631-2031998efe45}, instance {b49790c5-5e78-4ace-9ecc-bdb534385d67}, original activity ID {00000000-0000-0000-0000-000000000000}."
"29-07-2026 10:59:24","100","Information","Microsoft-Windows-Diagnosis-DPS","Diagnostic module {45de1ea9-10bc-4f96-9b21-4b6b83dbf476} (%windir%\system32\radardt.dll) detected a problem for scenario {180b3a99-8c39-4f12-b631-2031998efe45}, instance {b49790c5-5e78-4ace-9ecc-bdb534385d67}, original activity ID {00000000-0000-0000-0000-000000000000}."
"29-07-2026 10:54:24","105","Information","Microsoft-Windows-Diagnosis-DPS","Diagnostic module {45de1ea9-10bc-4f96-9b21-4b6b83dbf476} (%windir%\system32\radardt.dll) started troubleshooting scenario {180b3a99-8c39-4f12-b631-2031998efe45}, instance {9036c9ab-19ca-4ed2-8c7f-dc19795a1c61}, original activity ID {00000000-0000-0000-0000-000000000000}."
"29-07-2026 10:54:24","100","Information","Microsoft-Windows-Diagnosis-DPS","Diagnostic module {45de1ea9-10bc-4f96-9b21-4b6b83dbf476} (%windir%\system32\radardt.dll) detected a problem for scenario {180b3a99-8c39-4f12-b631-2031998efe45}, instance {9036c9ab-19ca-4ed2-8c7f-dc19795a1c61}, original activity ID {00000000-0000-0000-0000-000000000000}."
"29-07-2026 10:49:24","105","Information","Microsoft-Windows-Diagnosis-DPS","Diagnostic module {45de1ea9-10bc-4f96-9b21-4b6b83dbf476} (%windir%\system32\radardt.dll) started troubleshooting scenario {180b3a99-8c39-4f12-b631-2031998efe45}, instance {2edc12ce-50c6-49fb-99e5-50459e6d0457}, original activity ID {00000000-0000-0000-0000-000000000000}."
"29-07-2026 10:49:24","100","Information","Microsoft-Windows-Diagnosis-DPS","Diagnostic module {45de1ea9-10bc-4f96-9b21-4b6b83dbf476} (%windir%\system32\radardt.dll) detected a problem for scenario {180b3a99-8c39-4f12-b631-2031998efe45}, instance {2edc12ce-50c6-49fb-99e5-50459e6d0457}, original activity ID {00000000-0000-0000-0000-000000000000}."
"29-07-2026 10:44:24","105","Information","Microsoft-Windows-Diagnosis-DPS","Diagnostic module {45de1ea9-10bc-4f96-9b21-4b6b83dbf476} (%windir%\system32\radardt.dll) started troubleshooting scenario {180b3a99-8c39-4f12-b631-2031998efe45}, instance {0abf6811-e214-4ad7-b1bb-070dfa7f0d7e}, original activity ID {00000000-0000-0000-0000-000000000000}."
"29-07-2026 10:44:24","100","Information","Microsoft-Windows-Diagnosis-DPS","Diagnostic module {45de1ea9-10bc-4f96-9b21-4b6b83dbf476} (%windir%\system32\radardt.dll) detected a problem for scenario {180b3a99-8c39-4f12-b631-2031998efe45}, instance {0abf6811-e214-4ad7-b1bb-070dfa7f0d7e}, original activity ID {00000000-0000-0000-0000-000000000000}."
"29-07-2026 10:39:24","105","Information","Microsoft-Windows-Diagnosis-DPS","Diagnostic module {45de1ea9-10bc-4f96-9b21-4b6b83dbf476} (%windir%\system32\radardt.dll) started troubleshooting scenario {180b3a99-8c39-4f12-b631-2031998efe45}, instance {2c0905c7-7d26-4950-b8b0-3e6063d5b600}, original activity ID {00000000-0000-0000-0000-000000000000}."
"29-07-2026 10:39:24","100","Information","Microsoft-Windows-Diagnosis-DPS","Diagnostic module {45de1ea9-10bc-4f96-9b21-4b6b83dbf476} (%windir%\system32\radardt.dll) detected a problem for scenario {180b3a99-8c39-4f12-b631-2031998efe45}, instance {2c0905c7-7d26-4950-b8b0-3e6063d5b600}, original activity ID {00000000-0000-0000-0000-000000000000}."
"29-07-2026 10:34:24","105","Information","Microsoft-Windows-Diagnosis-DPS","Diagnostic module {45de1ea9-10bc-4f96-9b21-4b6b83dbf476} (%windir%\system32\radardt.dll) started troubleshooting scenario {180b3a99-8c39-4f12-b631-2031998efe45}, instance {91473227-93d6-4e12-b28b-e68311d58093}, original activity ID {00000000-0000-0000-0000-000000000000}."
"29-07-2026 10:34:24","100","Information","Microsoft-Windows-Diagnosis-DPS","Diagnostic module {45de1ea9-10bc-4f96-9b21-4b6b83dbf476} (%windir%\system32\radardt.dll) detected a problem for scenario {180b3a99-8c39-4f12-b631-2031998efe45}, instance {91473227-93d6-4e12-b28b-e68311d58093}, original activity ID {00000000-0000-0000-0000-000000000000}."
"29-07-2026 10:29:24","105","Information","Microsoft-Windows-Diagnosis-DPS","Diagnostic module {45de1ea9-10bc-4f96-9b21-4b6b83dbf476} (%windir%\system32\radardt.dll) started troubleshooting scenario {180b3a99-8c39-4f12-b631-2031998efe45}, instance {0979d28b-6062-497d-ae67-11fd64738d38}, original activity ID {00000000-0000-0000-0000-000000000000}."
"29-07-2026 10:29:24","100","Information","Microsoft-Windows-Diagnosis-DPS","Diagnostic module {45de1ea9-10bc-4f96-9b21-4b6b83dbf476} (%windir%\system32\radardt.dll) detected a problem for scenario {180b3a99-8c39-4f12-b631-2031998efe45}, instance {0979d28b-6062-497d-ae67-11fd64738d38}, original activity ID {00000000-0000-0000-0000-000000000000}."
"29-07-2026 10:24:24","105","Information","Microsoft-Windows-Diagnosis-DPS","Diagnostic module {45de1ea9-10bc-4f96-9b21-4b6b83dbf476} (%windir%\system32\radardt.dll) started troubleshooting scenario {180b3a99-8c39-4f12-b631-2031998efe45}, instance {9fe54582-a5e0-4916-93a5-0049d1e7901b}, original activity ID {00000000-0000-0000-0000-000000000000}."
"29-07-2026 10:24:24","100","Information","Microsoft-Windows-Diagnosis-DPS","Diagnostic module {45de1ea9-10bc-4f96-9b21-4b6b83dbf476} (%windir%\system32\radardt.dll) detected a problem for scenario {180b3a99-8c39-4f12-b631-2031998efe45}, instance {9fe54582-a5e0-4916-93a5-0049d1e7901b}, original activity ID {00000000-0000-0000-0000-000000000000}."
"29-07-2026 10:19:24","105","Information","Microsoft-Windows-Diagnosis-DPS","Diagnostic module {45de1ea9-10bc-4f96-9b21-4b6b83dbf476} (%windir%\system32\radardt.dll) started troubleshooting scenario {180b3a99-8c39-4f12-b631-2031998efe45}, instance {46a026dc-b2f2-425c-8486-a666f5dbb825}, original activity ID {00000000-0000-0000-0000-000000000000}."
"29-07-2026 10:19:24","100","Information","Microsoft-Windows-Diagnosis-DPS","Diagnostic module {45de1ea9-10bc-4f96-9b21-4b6b83dbf476} (%windir%\system32\radardt.dll) detected a problem for scenario {180b3a99-8c39-4f12-b631-2031998efe45}, instance {46a026dc-b2f2-425c-8486-a666f5dbb825}, original activity ID {00000000-0000-0000-0000-000000000000}."
"29-07-2026 10:14:24","105","Information","Microsoft-Windows-Diagnosis-DPS","Diagnostic module {45de1ea9-10bc-4f96-9b21-4b6b83dbf476} (%windir%\system32\radardt.dll) started troubleshooting scenario {180b3a99-8c39-4f12-b631-2031998efe45}, instance {ea3f2592-2bcf-43b2-a60b-49e53400244d}, original activity ID {00000000-0000-0000-0000-000000000000}."
"29-07-2026 10:14:24","100","Information","Microsoft-Windows-Diagnosis-DPS","Diagnostic module {45de1ea9-10bc-4f96-9b21-4b6b83dbf476} (%windir%\system32\radardt.dll) detected a problem for scenario {180b3a99-8c39-4f12-b631-2031998efe45}, instance {ea3f2592-2bcf-43b2-a60b-49e53400244d}, original activity ID {00000000-0000-0000-0000-000000000000}."
"29-07-2026 10:09:23","105","Information","Microsoft-Windows-Diagnosis-DPS","Diagnostic module {45de1ea9-10bc-4f96-9b21-4b6b83dbf476} (%windir%\system32\radardt.dll) started troubleshooting scenario {180b3a99-8c39-4f12-b631-2031998efe45}, instance {99b72008-d679-43ee-b015-afa74967aa15}, original activity ID {00000000-0000-0000-0000-000000000000}."
"29-07-2026 10:09:23","100","Information","Microsoft-Windows-Diagnosis-DPS","Diagnostic module {45de1ea9-10bc-4f96-9b21-4b6b83dbf476} (%windir%\system32\radardt.dll) detected a problem for scenario {180b3a99-8c39-4f12-b631-2031998efe45}, instance {99b72008-d679-43ee-b015-afa74967aa15}, original activity ID {00000000-0000-0000-0000-000000000000}."
"29-07-2026 10:04:23","105","Information","Microsoft-Windows-Diagnosis-DPS","Diagnostic module {45de1ea9-10bc-4f96-9b21-4b6b83dbf476} (%windir%\system32\radardt.dll) started troubleshooting scenario {180b3a99-8c39-4f12-b631-2031998efe45}, instance {373d0209-0b32-48d4-a188-71f43e4e38d7}, original activity ID {00000000-0000-0000-0000-000000000000}."
"29-07-2026 10:04:23","100","Information","Microsoft-Windows-Diagnosis-DPS","Diagnostic module {45de1ea9-10bc-4f96-9b21-4b6b83dbf476} (%windir%\system32\radardt.dll) detected a problem for scenario {180b3a99-8c39-4f12-b631-2031998efe45}, instance {373d0209-0b32-48d4-a188-71f43e4e38d7}, original activity ID {00000000-0000-0000-0000-000000000000}."
"29-07-2026 09:59:23","105","Information","Microsoft-Windows-Diagnosis-DPS","Diagnostic module {45de1ea9-10bc-4f96-9b21-4b6b83dbf476} (%windir%\system32\radardt.dll) started troubleshooting scenario {180b3a99-8c39-4f12-b631-2031998efe45}, instance {7c07c33b-4b27-403d-8042-a4ff22432101}, original activity ID {00000000-0000-0000-0000-000000000000}."
"29-07-2026 09:59:23","100","Information","Microsoft-Windows-Diagnosis-DPS","Diagnostic module {45de1ea9-10bc-4f96-9b21-4b6b83dbf476} (%windir%\system32\radardt.dll) detected a problem for scenario {180b3a99-8c39-4f12-b631-2031998efe45}, instance {7c07c33b-4b27-403d-8042-a4ff22432101}, original activity ID {00000000-0000-0000-0000-000000000000}."
"29-07-2026 09:54:23","105","Information","Microsoft-Windows-Diagnosis-DPS","Diagnostic module {45de1ea9-10bc-4f96-9b21-4b6b83dbf476} (%windir%\system32\radardt.dll) started troubleshooting scenario {180b3a99-8c39-4f12-b631-2031998efe45}, instance {a7bd5178-25e6-4e33-980b-ff2047524bdc}, original activity ID {00000000-0000-0000-0000-000000000000}."
"29-07-2026 09:54:23","100","Information","Microsoft-Windows-Diagnosis-DPS","Diagnostic module {45de1ea9-10bc-4f96-9b21-4b6b83dbf476} (%windir%\system32\radardt.dll) detected a problem for scenario {180b3a99-8c39-4f12-b631-2031998efe45}, instance {a7bd5178-25e6-4e33-980b-ff2047524bdc}, original activity ID {00000000-0000-0000-0000-000000000000}."
"29-07-2026 09:49:23","105","Information","Microsoft-Windows-Diagnosis-DPS","Diagnostic module {45de1ea9-10bc-4f96-9b21-4b6b83dbf476} (%windir%\system32\radardt.dll) started troubleshooting scenario {180b3a99-8c39-4f12-b631-2031998efe45}, instance {029f3038-2f7f-4ed6-87f4-303f400bb4b8}, original activity ID {00000000-0000-0000-0000-000000000000}."
"29-07-2026 09:49:23","100","Information","Microsoft-Windows-Diagnosis-DPS","Diagnostic module {45de1ea9-10bc-4f96-9b21-4b6b83dbf476} (%windir%\system32\radardt.dll) detected a problem for scenario {180b3a99-8c39-4f12-b631-2031998efe45}, instance {029f3038-2f7f-4ed6-87f4-303f400bb4b8}, original activity ID {00000000-0000-0000-0000-000000000000}."
"29-07-2026 09:44:23","105","Information","Microsoft-Windows-Diagnosis-DPS","Diagnostic module {45de1ea9-10bc-4f96-9b21-4b6b83dbf476} (%windir%\system32\radardt.dll) started troubleshooting scenario {180b3a99-8c39-4f12-b631-2031998efe45}, instance {19a1d2f7-c7fe-42e5-b802-dfbf5f01bc87}, original activity ID {00000000-0000-0000-0000-000000000000}."
"29-07-2026 09:44:23","100","Information","Microsoft-Windows-Diagnosis-DPS","Diagnostic module {45de1ea9-10bc-4f96-9b21-4b6b83dbf476} (%windir%\system32\radardt.dll) detected a problem for scenario {180b3a99-8c39-4f12-b631-2031998efe45}, instance {19a1d2f7-c7fe-42e5-b802-dfbf5f01bc87}, original activity ID {00000000-0000-0000-0000-000000000000}."
"29-07-2026 09:39:23","105","Information","Microsoft-Windows-Diagnosis-DPS","Diagnostic module {45de1ea9-10bc-4f96-9b21-4b6b83dbf476} (%windir%\system32\radardt.dll) started troubleshooting scenario {180b3a99-8c39-4f12-b631-2031998efe45}, instance {66f9aa74-979d-4be4-b611-cd7361a3dbf2}, original activity ID {00000000-0000-0000-0000-000000000000}."
"29-07-2026 09:39:23","100","Information","Microsoft-Windows-Diagnosis-DPS","Diagnostic module {45de1ea9-10bc-4f96-9b21-4b6b83dbf476} (%windir%\system32\radardt.dll) detected a problem for scenario {180b3a99-8c39-4f12-b631-2031998efe45}, instance {66f9aa74-979d-4be4-b611-cd7361a3dbf2}, original activity ID {00000000-0000-0000-0000-000000000000}."
"29-07-2026 09:34:23","105","Information","Microsoft-Windows-Diagnosis-DPS","Diagnostic module {45de1ea9-10bc-4f96-9b21-4b6b83dbf476} (%windir%\system32\radardt.dll) started troubleshooting scenario {180b3a99-8c39-4f12-b631-2031998efe45}, instance {be1975c5-efa2-4028-8ea7-4455bfdeb99b}, original activity ID {00000000-0000-0000-0000-000000000000}."
"29-07-2026 09:34:23","100","Information","Microsoft-Windows-Diagnosis-DPS","Diagnostic module {45de1ea9-10bc-4f96-9b21-4b6b83dbf476} (%windir%\system32\radardt.dll) detected a problem for scenario {180b3a99-8c39-4f12-b631-2031998efe45}, instance {be1975c5-efa2-4028-8ea7-4455bfdeb99b}, original activity ID {00000000-0000-0000-0000-000000000000}."
"29-07-2026 09:29:23","105","Information","Microsoft-Windows-Diagnosis-DPS","Diagnostic module {45de1ea9-10bc-4f96-9b21-4b6b83dbf476} (%windir%\system32\radardt.dll) started troubleshooting scenario {180b3a99-8c39-4f12-b631-2031998efe45}, instance {290e1c68-765d-48c9-be31-0f43bc2df183}, original activity ID {00000000-0000-0000-0000-000000000000}."
"29-07-2026 09:29:23","100","Information","Microsoft-Windows-Diagnosis-DPS","Diagnostic module {45de1ea9-10bc-4f96-9b21-4b6b83dbf476} (%windir%\system32\radardt.dll) detected a problem for scenario {180b3a99-8c39-4f12-b631-2031998efe45}, instance {290e1c68-765d-48c9-be31-0f43bc2df183}, original activity ID {00000000-0000-0000-0000-000000000000}."
"28-07-2026 20:09:18","105","Information","Microsoft-Windows-Diagnosis-DPS","Diagnostic module {45de1ea9-10bc-4f96-9b21-4b6b83dbf476} (%windir%\system32\radardt.dll) started troubleshooting scenario {180b3a99-8c39-4f12-b631-2031998efe45}, instance {af04332a-1152-401f-b958-773573cd2e1e}, original activity ID {00000000-0000-0000-0000-000000000000}."
"28-07-2026 20:09:18","100","Information","Microsoft-Windows-Diagnosis-DPS","Diagnostic module {45de1ea9-10bc-4f96-9b21-4b6b83dbf476} (%windir%\system32\radardt.dll) detected a problem for scenario {180b3a99-8c39-4f12-b631-2031998efe45}, instance {af04332a-1152-401f-b958-773573cd2e1e}, original activity ID {00000000-0000-0000-0000-000000000000}."
"28-07-2026 20:04:18","105","Information","Microsoft-Windows-Diagnosis-DPS","Diagnostic module {45de1ea9-10bc-4f96-9b21-4b6b83dbf476} (%windir%\system32\radardt.dll) started troubleshooting scenario {180b3a99-8c39-4f12-b631-2031998efe45}, instance {dfed5efb-eb5e-438e-8d7c-7a22e6b55513}, original activity ID {00000000-0000-0000-0000-000000000000}."
"28-07-2026 20:04:18","100","Information","Microsoft-Windows-Diagnosis-DPS","Diagnostic module {45de1ea9-10bc-4f96-9b21-4b6b83dbf476} (%windir%\system32\radardt.dll) detected a problem for scenario {180b3a99-8c39-4f12-b631-2031998efe45}, instance {dfed5efb-eb5e-438e-8d7c-7a22e6b55513}, original activity ID {00000000-0000-0000-0000-000000000000}."
"28-07-2026 19:59:18","105","Information","Microsoft-Windows-Diagnosis-DPS","Diagnostic module {45de1ea9-10bc-4f96-9b21-4b6b83dbf476} (%windir%\system32\radardt.dll) started troubleshooting scenario {180b3a99-8c39-4f12-b631-2031998efe45}, instance {2f1c2a81-1abd-45a5-b6b5-b784dfb8b3ac}, original activity ID {00000000-0000-0000-0000-000000000000}."
"28-07-2026 19:59:18","100","Information","Microsoft-Windows-Diagnosis-DPS","Diagnostic module {45de1ea9-10bc-4f96-9b21-4b6b83dbf476} (%windir%\system32\radardt.dll) detected a problem for scenario {180b3a99-8c39-4f12-b631-2031998efe45}, instance {2f1c2a81-1abd-45a5-b6b5-b784dfb8b3ac}, original activity ID {00000000-0000-0000-0000-000000000000}."
"28-07-2026 19:54:18","105","Information","Microsoft-Windows-Diagnosis-DPS","Diagnostic module {45de1ea9-10bc-4f96-9b21-4b6b83dbf476} (%windir%\system32\radardt.dll) started troubleshooting scenario {180b3a99-8c39-4f12-b631-2031998efe45}, instance {0ec2d0d6-84dd-4300-a4e8-356047d01ead}, original activity ID {00000000-0000-0000-0000-000000000000}."
"28-07-2026 19:54:18","100","Information","Microsoft-Windows-Diagnosis-DPS","Diagnostic module {45de1ea9-10bc-4f96-9b21-4b6b83dbf476} (%windir%\system32\radardt.dll) detected a problem for scenario {180b3a99-8c39-4f12-b631-2031998efe45}, instance {0ec2d0d6-84dd-4300-a4e8-356047d01ead}, original activity ID {00000000-0000-0000-0000-000000000000}."
"28-07-2026 19:49:18","105","Information","Microsoft-Windows-Diagnosis-DPS","Diagnostic module {45de1ea9-10bc-4f96-9b21-4b6b83dbf476} (%windir%\system32\radardt.dll) started troubleshooting scenario {180b3a99-8c39-4f12-b631-2031998efe45}, instance {995b0a76-24d1-4ad5-aedc-c8d8323a1246}, original activity ID {00000000-0000-0000-0000-000000000000}."
"28-07-2026 19:49:18","100","Information","Microsoft-Windows-Diagnosis-DPS","Diagnostic module {45de1ea9-10bc-4f96-9b21-4b6b83dbf476} (%windir%\system32\radardt.dll) detected a problem for scenario {180b3a99-8c39-4f12-b631-2031998efe45}, instance {995b0a76-24d1-4ad5-aedc-c8d8323a1246}, original activity ID {00000000-0000-0000-0000-000000000000}."
"28-07-2026 19:44:18","105","Information","Microsoft-Windows-Diagnosis-DPS","Diagnostic module {45de1ea9-10bc-4f96-9b21-4b6b83dbf476} (%windir%\system32\radardt.dll) started troubleshooting scenario {180b3a99-8c39-4f12-b631-2031998efe45}, instance {61b2c783-a543-4942-86c2-77354fdf42bf}, original activity ID {00000000-0000-0000-0000-000000000000}."
"28-07-2026 19:44:18","100","Information","Microsoft-Windows-Diagnosis-DPS","Diagnostic module {45de1ea9-10bc-4f96-9b21-4b6b83dbf476} (%windir%\system32\radardt.dll) detected a problem for scenario {180b3a99-8c39-4f12-b631-2031998efe45}, instance {61b2c783-a543-4942-86c2-77354fdf42bf}, original activity ID {00000000-0000-0000-0000-000000000000}."
"28-07-2026 19:39:18","105","Information","Microsoft-Windows-Diagnosis-DPS","Diagnostic module {45de1ea9-10bc-4f96-9b21-4b6b83dbf476} (%windir%\system32\radardt.dll) started troubleshooting scenario {180b3a99-8c39-4f12-b631-2031998efe45}, instance {1006f60b-896d-47ab-9664-420b5baf5985}, original activity ID {00000000-0000-0000-0000-000000000000}."
"28-07-2026 19:39:18","100","Information","Microsoft-Windows-Diagnosis-DPS","Diagnostic module {45de1ea9-10bc-4f96-9b21-4b6b83dbf476} (%windir%\system32\radardt.dll) detected a problem for scenario {180b3a99-8c39-4f12-b631-2031998efe45}, instance {1006f60b-896d-47ab-9664-420b5baf5985}, original activity ID {00000000-0000-0000-0000-000000000000}."
"28-07-2026 19:34:18","105","Information","Microsoft-Windows-Diagnosis-DPS","Diagnostic module {45de1ea9-10bc-4f96-9b21-4b6b83dbf476} (%windir%\system32\radardt.dll) started troubleshooting scenario {180b3a99-8c39-4f12-b631-2031998efe45}, instance {b623879e-10e1-4de6-9df4-e2e77db7323e}, original activity ID {00000000-0000-0000-0000-000000000000}."
"28-07-2026 19:34:18","100","Information","Microsoft-Windows-Diagnosis-DPS","Diagnostic module {45de1ea9-10bc-4f96-9b21-4b6b83dbf476} (%windir%\system32\radardt.dll) detected a problem for scenario {180b3a99-8c39-4f12-b631-2031998efe45}, instance {b623879e-10e1-4de6-9df4-e2e77db7323e}, original activity ID {00000000-0000-0000-0000-000000000000}."
"28-07-2026 19:29:18","105","Information","Microsoft-Windows-Diagnosis-DPS","Diagnostic module {45de1ea9-10bc-4f96-9b21-4b6b83dbf476} (%windir%\system32\radardt.dll) started troubleshooting scenario {180b3a99-8c39-4f12-b631-2031998efe45}, instance {23779fdd-fbc7-43ea-a5bc-cd6c161dfef3}, original activity ID {00000000-0000-0000-0000-000000000000}."
"28-07-2026 19:29:18","100","Information","Microsoft-Windows-Diagnosis-DPS","Diagnostic module {45de1ea9-10bc-4f96-9b21-4b6b83dbf476} (%windir%\system32\radardt.dll) detected a problem for scenario {180b3a99-8c39-4f12-b631-2031998efe45}, instance {23779fdd-fbc7-43ea-a5bc-cd6c161dfef3}, original activity ID {00000000-0000-0000-0000-000000000000}."
"28-07-2026 19:24:18","105","Information","Microsoft-Windows-Diagnosis-DPS","Diagnostic module {45de1ea9-10bc-4f96-9b21-4b6b83dbf476} (%windir%\system32\radardt.dll) started troubleshooting scenario {180b3a99-8c39-4f12-b631-2031998efe45}, instance {7bfca7c5-f8d0-4cc2-9ada-8ad596e55aaa}, original activity ID {00000000-0000-0000-0000-000000000000}."
"28-07-2026 19:24:18","100","Information","Microsoft-Windows-Diagnosis-DPS","Diagnostic module {45de1ea9-10bc-4f96-9b21-4b6b83dbf476} (%windir%\system32\radardt.dll) detected a problem for scenario {180b3a99-8c39-4f12-b631-2031998efe45}, instance {7bfca7c5-f8d0-4cc2-9ada-8ad596e55aaa}, original activity ID {00000000-0000-0000-0000-000000000000}."
"28-07-2026 19:19:18","105","Information","Microsoft-Windows-Diagnosis-DPS","Diagnostic module {45de1ea9-10bc-4f96-9b21-4b6b83dbf476} (%windir%\system32\radardt.dll) started troubleshooting scenario {180b3a99-8c39-4f12-b631-2031998efe45}, instance {894315fa-5571-4bd2-8934-93d4a7e9f1c8}, original activity ID {00000000-0000-0000-0000-000000000000}."
"28-07-2026 19:19:18","100","Information","Microsoft-Windows-Diagnosis-DPS","Diagnostic module {45de1ea9-10bc-4f96-9b21-4b6b83dbf476} (%windir%\system32\radardt.dll) detected a problem for scenario {180b3a99-8c39-4f12-b631-2031998efe45}, instance {894315fa-5571-4bd2-8934-93d4a7e9f1c8}, original activity ID {00000000-0000-0000-0000-000000000000}."
"28-07-2026 19:14:18","105","Information","Microsoft-Windows-Diagnosis-DPS","Diagnostic module {45de1ea9-10bc-4f96-9b21-4b6b83dbf476} (%windir%\system32\radardt.dll) started troubleshooting scenario {180b3a99-8c39-4f12-b631-2031998efe45}, instance {a049cca4-5dc7-4fbd-ae21-f5dba702e6d3}, original activity ID {00000000-0000-0000-0000-000000000000}."
"28-07-2026 19:14:18","100","Information","Microsoft-Windows-Diagnosis-DPS","Diagnostic module {45de1ea9-10bc-4f96-9b21-4b6b83dbf476} (%windir%\system32\radardt.dll) detected a problem for scenario {180b3a99-8c39-4f12-b631-2031998efe45}, instance {a049cca4-5dc7-4fbd-ae21-f5dba702e6d3}, original activity ID {00000000-0000-0000-0000-000000000000}."
"28-07-2026 19:08:09","105","Information","Microsoft-Windows-Diagnosis-DPS","Diagnostic module {45de1ea9-10bc-4f96-9b21-4b6b83dbf476} (%windir%\system32\radardt.dll) started troubleshooting scenario {180b3a99-8c39-4f12-b631-2031998efe45}, instance {19743ff8-5fb6-4a71-a691-9da681f47d08}, original activity ID {00000000-0000-0000-0000-000000000000}."
"28-07-2026 19:08:09","100","Information","Microsoft-Windows-Diagnosis-DPS","Diagnostic module {45de1ea9-10bc-4f96-9b21-4b6b83dbf476} (%windir%\system32\radardt.dll) detected a problem for scenario {180b3a99-8c39-4f12-b631-2031998efe45}, instance {19743ff8-5fb6-4a71-a691-9da681f47d08}, original activity ID {00000000-0000-0000-0000-000000000000}."
"28-07-2026 19:03:09","105","Information","Microsoft-Windows-Diagnosis-DPS","Diagnostic module {45de1ea9-10bc-4f96-9b21-4b6b83dbf476} (%windir%\system32\radardt.dll) started troubleshooting scenario {180b3a99-8c39-4f12-b631-2031998efe45}, instance {fab65f45-bf1c-48be-96b1-365e183d6a4b}, original activity ID {00000000-0000-0000-0000-000000000000}."
"28-07-2026 19:03:09","100","Information","Microsoft-Windows-Diagnosis-DPS","Diagnostic module {45de1ea9-10bc-4f96-9b21-4b6b83dbf476} (%windir%\system32\radardt.dll) detected a problem for scenario {180b3a99-8c39-4f12-b631-2031998efe45}, instance {fab65f45-bf1c-48be-96b1-365e183d6a4b}, original activity ID {00000000-0000-0000-0000-000000000000}."
"28-07-2026 18:58:09","105","Information","Microsoft-Windows-Diagnosis-DPS","Diagnostic module {45de1ea9-10bc-4f96-9b21-4b6b83dbf476} (%windir%\system32\radardt.dll) started troubleshooting scenario {180b3a99-8c39-4f12-b631-2031998efe45}, instance {545a29a6-d5ad-4176-bc9d-d4c21f1a1e55}, original activity ID {00000000-0000-0000-0000-000000000000}."
"28-07-2026 18:58:09","100","Information","Microsoft-Windows-Diagnosis-DPS","Diagnostic module {45de1ea9-10bc-4f96-9b21-4b6b83dbf476} (%windir%\system32\radardt.dll) detected a problem for scenario {180b3a99-8c39-4f12-b631-2031998efe45}, instance {545a29a6-d5ad-4176-bc9d-d4c21f1a1e55}, original activity ID {00000000-0000-0000-0000-000000000000}."
"28-07-2026 18:42:34","105","Information","Microsoft-Windows-Diagnosis-DPS","Diagnostic module {45de1ea9-10bc-4f96-9b21-4b6b83dbf476} (%windir%\system32\radardt.dll) started troubleshooting scenario {180b3a99-8c39-4f12-b631-2031998efe45}, instance {e83f74b0-0ed1-4244-a416-daafe5a76b97}, original activity ID {00000000-0000-0000-0000-000000000000}."
"28-07-2026 18:42:34","100","Information","Microsoft-Windows-Diagnosis-DPS","Diagnostic module {45de1ea9-10bc-4f96-9b21-4b6b83dbf476} (%windir%\system32\radardt.dll) detected a problem for scenario {180b3a99-8c39-4f12-b631-2031998efe45}, instance {e83f74b0-0ed1-4244-a416-daafe5a76b97}, original activity ID {00000000-0000-0000-0000-000000000000}."
"28-07-2026 18:37:34","105","Information","Microsoft-Windows-Diagnosis-DPS","Diagnostic module {45de1ea9-10bc-4f96-9b21-4b6b83dbf476} (%windir%\system32\radardt.dll) started troubleshooting scenario {180b3a99-8c39-4f12-b631-2031998efe45}, instance {cebe0fac-8527-4398-8249-3724f284cfbb}, original activity ID {00000000-0000-0000-0000-000000000000}."
"28-07-2026 18:37:34","100","Information","Microsoft-Windows-Diagnosis-DPS","Diagnostic module {45de1ea9-10bc-4f96-9b21-4b6b83dbf476} (%windir%\system32\radardt.dll) detected a problem for scenario {180b3a99-8c39-4f12-b631-2031998efe45}, instance {cebe0fac-8527-4398-8249-3724f284cfbb}, original activity ID {00000000-0000-0000-0000-000000000000}."
"28-07-2026 18:32:34","105","Information","Microsoft-Windows-Diagnosis-DPS","Diagnostic module {45de1ea9-10bc-4f96-9b21-4b6b83dbf476} (%windir%\system32\radardt.dll) started troubleshooting scenario {180b3a99-8c39-4f12-b631-2031998efe45}, instance {5abcbd88-7d87-42b1-b4d0-5e274ae9d0ba}, original activity ID {00000000-0000-0000-0000-000000000000}."
"28-07-2026 18:32:34","100","Information","Microsoft-Windows-Diagnosis-DPS","Diagnostic module {45de1ea9-10bc-4f96-9b21-4b6b83dbf476} (%windir%\system32\radardt.dll) detected a problem for scenario {180b3a99-8c39-4f12-b631-2031998efe45}, instance {5abcbd88-7d87-42b1-b4d0-5e274ae9d0ba}, original activity ID {00000000-0000-0000-0000-000000000000}."
"28-07-2026 18:27:34","105","Information","Microsoft-Windows-Diagnosis-DPS","Diagnostic module {45de1ea9-10bc-4f96-9b21-4b6b83dbf476} (%windir%\system32\radardt.dll) started troubleshooting scenario {180b3a99-8c39-4f12-b631-2031998efe45}, instance {13e6c61b-bf51-4792-b2b9-094086949529}, original activity ID {00000000-0000-0000-0000-000000000000}."
"28-07-2026 18:27:34","100","Information","Microsoft-Windows-Diagnosis-DPS","Diagnostic module {45de1ea9-10bc-4f96-9b21-4b6b83dbf476} (%windir%\system32\radardt.dll) detected a problem for scenario {180b3a99-8c39-4f12-b631-2031998efe45}, instance {13e6c61b-bf51-4792-b2b9-094086949529}, original activity ID {00000000-0000-0000-0000-000000000000}."
"28-07-2026 18:22:34","105","Information","Microsoft-Windows-Diagnosis-DPS","Diagnostic module {45de1ea9-10bc-4f96-9b21-4b6b83dbf476} (%windir%\system32\radardt.dll) started troubleshooting scenario {180b3a99-8c39-4f12-b631-2031998efe45}, instance {567ac0bd-06af-4c34-86cf-03bd1dab343c}, original activity ID {00000000-0000-0000-0000-000000000000}."
