"14-08-2026 16:26:29","103","Information","Microsoft-Windows-Kernel-Cache","Volume Periodic Cache Information:

                       Device GUID: {c5c572ba-c5d0-47f6-864e-13eb05e6d46c}
                       Period Duration (microseconds): 3718512172
                       Total Dirty Pages: 1172415477
                       Maximum Dirty Pages: 20129
                       Total Dirty Page Threshold: 37093016148
                       Top Dirty Page Threshold: 506518
                       Bottom Dirty Page Threshold: 506518
                       Dirty Page Samples: 760298
                       Total Lazy Writer Calls: 26917
                       Total Lazy Writer Latency: 39966114
                       Total Lazy Writer Pages Flushed: 192671
                       Lazy Writer Average Pages Per Second: 463
                       Total Pages Queued to Disk: 13496778
                       Maximum Pages Queued to Disk: 3883
                       Pages Queued to Disk Samples: 122257
                       Total Metadata Pages Queued to Disk: 9684354
                       Maximum Metadata Pages Queued to Disk: 1436
                       Metadata Pages Queued to Disk Samples: 122243
                       Read Total Bytes: 1155606159223
                       Read Paged-In Total Bytes: 12965386986
                       Read-Ahead Total Bytes: 0
                       Cache Hit Ratio (%): 98
                       Total Writes: 1201013
                       Total Hard-Throttle Writes: 0
                       Total Soft-Throttle Writes: 0
                       Total Synchronous Read IO Count: 8300737
                       Total Synchronous Non-Blocking Read IO Count: 19986
                       Total Failed Synchronous Non-Blocking Read IO Count: 1857
                       Synchronous Read IO Maximum Latency (us): 88049
                       Synchronous Read IO Non-Blocking Maximum Latency (us): 0
                       Total Synchronous Write IO Count: 1180624
                       Total Synchronous Non-Blocking Write IO Count: 12523
                       Total Failed Synchronous Non-Blocking Write IO Count: 314
                       Synchronous Write IO Maximum Latency (us): 146020
                       Synchronous Write IO Non-Blockinig Maximum Latency (us): 0
                       Total Asynchronous Read IO Count: 1858
                       Asynchronous Read IO Maximum Latency (us): 24650"
"14-08-2026 16:26:29","102","Information","Microsoft-Windows-Kernel-Cache","Global Periodic Cache Information:

                       Period Duration (microseconds): 3718512172
                       Number of NUMA Nodes: 108722
                       Event Samples: 46
                       Total Number of Mapped VACBs: 585128
                       Total Partition Samples: 46
                       Total Volume Samples: 184
                       Total Pages Yet to Write: 29101
                       Total Dirty Pages: 28512
                       Total Available Pages: 25191860
                       Total Physical Pages: 186398808
                       Total Number of Worker Threads: 736
                       Total Number of Active Worker Threads: 0
                       Total Average Available Pages: 70335762
                       Total Average Dirty Pages: 31782
                       CopyRead Calls: 8326187
                       AsyncCopyRead Calls: 1858
                       CopyWriteCalls: 1200438
                       SetValidData Calls: 31630
                       FlushCache Calls: 108722"
"14-08-2026 15:24:31","105","Information","Microsoft-Windows-Kernel-Cache","Volume Periodic Cache Write Latency Information:

                       Device GUID: {f06ef650-de5a-4a43-abb8-73f2ff6a56fd}
                       Period Duration (microseconds): 3644141412

                       Latency Bucket Values:  [256us, 1ms, 4ms, 16ms, 64ms, 128ms, 256ms, 2000ms, 6000ms, 10000ms, 20000ms, 20000+ms]

                       Synchronous Write IO Counts: [3, 1, 0, 0, 0, 0, 0, 0, 0, 0, 0, 0]
                       Synchronous Write IO Total Latencies (us): [675, 355, 0, 0, 0, 0, 0, 0, 0, 0, 0, 0]
                       Synchronous Write Non-Blocking IO Counts: [1, 0, 0, 0, 0, 0, 0, 0, 0, 0, 0, 0]
                       Synchronous Write Non-Blocking IO Total Latencies (us): [0, 0, 0, 0, 0, 0, 0, 0, 0, 0, 0, 0]"
"14-08-2026 15:24:31","104","Information","Microsoft-Windows-Kernel-Cache","Volume Periodic Cache Read Latency Information:

                       Device GUID: {f06ef650-de5a-4a43-abb8-73f2ff6a56fd}
                       Period Duration (microseconds): 3644141412

                       Latency Bucket Values:  [256us, 1ms, 4ms, 16ms, 64ms, 128ms, 256ms, 2000ms, 6000ms, 10000ms, 20000ms, 20000+ms]

                       Synchronous Read IO Counts: [0, 0, 0, 0, 0, 0, 0, 0, 0, 0, 0, 0]
                       Synchronous Read IO Total Latencies (us): [0, 0, 0, 0, 0, 0, 0, 0, 0, 0, 0, 0]
                       Synchronous Read Non-Blocking IO Counts: [0, 0, 0, 0, 0, 0, 0, 0, 0, 0, 0, 0]
                       Synchronous Read Non-Blocking IO Total Latencies (us): [0, 0, 0, 0, 0, 0, 0, 0, 0, 0, 0, 0]
                       Asynchronous Read IO Counts: [0, 0, 0, 0, 0, 0, 0, 0, 0, 0, 0, 0]
                       Asynchronous Read IO Total Latencies (us): [0, 0, 0, 0, 0, 0, 0, 0, 0, 0, 0, 0]"
"14-08-2026 15:24:31","103","Information","Microsoft-Windows-Kernel-Cache","Volume Periodic Cache Information:

                       Device GUID: {f06ef650-de5a-4a43-abb8-73f2ff6a56fd}
                       Period Duration (microseconds): 3644141412
                       Total Dirty Pages: 48
                       Maximum Dirty Pages: 12
                       Total Dirty Page Threshold: 225280
                       Top Dirty Page Threshold: 506518
                       Bottom Dirty Page Threshold: 506518
                       Dirty Page Samples: 22
                       Total Lazy Writer Calls: 0
                       Total Lazy Writer Latency: 0
                       Total Lazy Writer Pages Flushed: 0
                       Lazy Writer Average Pages Per Second: 0
                       Total Pages Queued to Disk: 0
                       Maximum Pages Queued to Disk: 0
                       Pages Queued to Disk Samples: 0
                       Total Metadata Pages Queued to Disk: 0
                       Maximum Metadata Pages Queued to Disk: 0
                       Metadata Pages Queued to Disk Samples: 0
                       Read Total Bytes: 0
                       Read Paged-In Total Bytes: 0
                       Read-Ahead Total Bytes: 0
                       Cache Hit Ratio (%): 0
                       Total Writes: 9
                       Total Hard-Throttle Writes: 0
                       Total Soft-Throttle Writes: 0
                       Total Synchronous Read IO Count: 0
                       Total Synchronous Non-Blocking Read IO Count: 0
                       Total Failed Synchronous Non-Blocking Read IO Count: 0
                       Synchronous Read IO Maximum Latency (us): 0
                       Synchronous Read IO Non-Blocking Maximum Latency (us): 0
                       Total Synchronous Write IO Count: 4
                       Total Synchronous Non-Blocking Write IO Count: 1
                       Total Failed Synchronous Non-Blocking Write IO Count: 0
                       Synchronous Write IO Maximum Latency (us): 355
                       Synchronous Write IO Non-Blockinig Maximum Latency (us): 0
                       Total Asynchronous Read IO Count: 0
                       Asynchronous Read IO Maximum Latency (us): 0"
"14-08-2026 15:24:31","105","Information","Microsoft-Windows-Kernel-Cache","Volume Periodic Cache Write Latency Information:

                       Device GUID: {00000000-0000-0000-0000-000000000000}
                       Period Duration (microseconds): 3644141412

                       Latency Bucket Values:  [256us, 1ms, 4ms, 16ms, 64ms, 128ms, 256ms, 2000ms, 6000ms, 10000ms, 20000ms, 20000+ms]

                       Synchronous Write IO Counts: [0, 0, 0, 0, 0, 0, 0, 0, 0, 0, 0, 0]
                       Synchronous Write IO Total Latencies (us): [0, 0, 0, 0, 0, 0, 0, 0, 0, 0, 0, 0]
                       Synchronous Write Non-Blocking IO Counts: [0, 0, 0, 0, 0, 0, 0, 0, 0, 0, 0, 0]
                       Synchronous Write Non-Blocking IO Total Latencies (us): [0, 0, 0, 0, 0, 0, 0, 0, 0, 0, 0, 0]"
"14-08-2026 15:24:31","104","Information","Microsoft-Windows-Kernel-Cache","Volume Periodic Cache Read Latency Information:

                       Device GUID: {00000000-0000-0000-0000-000000000000}
                       Period Duration (microseconds): 3644141412

                       Latency Bucket Values:  [256us, 1ms, 4ms, 16ms, 64ms, 128ms, 256ms, 2000ms, 6000ms, 10000ms, 20000ms, 20000+ms]

                       Synchronous Read IO Counts: [8, 0, 0, 0, 0, 0, 0, 0, 0, 0, 0, 0]
                       Synchronous Read IO Total Latencies (us): [571, 0, 0, 0, 0, 0, 0, 0, 0, 0, 0, 0]
                       Synchronous Read Non-Blocking IO Counts: [0, 0, 0, 0, 0, 0, 0, 0, 0, 0, 0, 0]
                       Synchronous Read Non-Blocking IO Total Latencies (us): [0, 0, 0, 0, 0, 0, 0, 0, 0, 0, 0, 0]
                       Asynchronous Read IO Counts: [0, 0, 0, 0, 0, 0, 0, 0, 0, 0, 0, 0]
                       Asynchronous Read IO Total Latencies (us): [0, 0, 0, 0, 0, 0, 0, 0, 0, 0, 0, 0]"
"14-08-2026 15:24:31","103","Information","Microsoft-Windows-Kernel-Cache","Volume Periodic Cache Information:

                       Device GUID: {00000000-0000-0000-0000-000000000000}
                       Period Duration (microseconds): 3644141412
                       Total Dirty Pages: 0
                       Maximum Dirty Pages: 0
                       Total Dirty Page Threshold: 0
                       Top Dirty Page Threshold: 0
                       Bottom Dirty Page Threshold: 0
                       Dirty Page Samples: 0
                       Total Lazy Writer Calls: 0
                       Total Lazy Writer Latency: 0
                       Total Lazy Writer Pages Flushed: 0
                       Lazy Writer Average Pages Per Second: 0
                       Total Pages Queued to Disk: 0
                       Maximum Pages Queued to Disk: 0
                       Pages Queued to Disk Samples: 0
                       Total Metadata Pages Queued to Disk: 0
                       Maximum Metadata Pages Queued to Disk: 0
                       Metadata Pages Queued to Disk Samples: 0
                       Read Total Bytes: 2097152
                       Read Paged-In Total Bytes: 1048576
                       Read-Ahead Total Bytes: 0
                       Cache Hit Ratio (%): 50
                       Total Writes: 0
                       Total Hard-Throttle Writes: 0
                       Total Soft-Throttle Writes: 0
                       Total Synchronous Read IO Count: 8
                       Total Synchronous Non-Blocking Read IO Count: 0
                       Total Failed Synchronous Non-Blocking Read IO Count: 0
                       Synchronous Read IO Maximum Latency (us): 239
                       Synchronous Read IO Non-Blocking Maximum Latency (us): 0
                       Total Synchronous Write IO Count: 0
                       Total Synchronous Non-Blocking Write IO Count: 0
                       Total Failed Synchronous Non-Blocking Write IO Count: 0
                       Synchronous Write IO Maximum Latency (us): 0
                       Synchronous Write IO Non-Blockinig Maximum Latency (us): 0
                       Total Asynchronous Read IO Count: 0
                       Asynchronous Read IO Maximum Latency (us): 0"
"14-08-2026 15:24:31","105","Information","Microsoft-Windows-Kernel-Cache","Volume Periodic Cache Write Latency Information:

                       Device GUID: {c5c572ba-c5d0-47f6-864e-13eb05e6d46c}
                       Period Duration (microseconds): 3644141412

                       Latency Bucket Values:  [256us, 1ms, 4ms, 16ms, 64ms, 128ms, 256ms, 2000ms, 6000ms, 10000ms, 20000ms, 20000+ms]

                       Synchronous Write IO Counts: [780588, 1879, 1123, 238, 22, 0, 0, 0, 0, 0, 0, 0]
                       Synchronous Write IO Total Latencies (us): [1153220, 1033153, 2403179, 1217859, 561710, 0, 0, 0, 0, 0, 0, 0]
                       Synchronous Write Non-Blocking IO Counts: [4714, 0, 0, 0, 0, 0, 0, 0, 0, 0, 0, 0]
                       Synchronous Write Non-Blocking IO Total Latencies (us): [0, 0, 0, 0, 0, 0, 0, 0, 0, 0, 0, 0]"
"14-08-2026 15:24:31","104","Information","Microsoft-Windows-Kernel-Cache","Volume Periodic Cache Read Latency Information:

                       Device GUID: {c5c572ba-c5d0-47f6-864e-13eb05e6d46c}
                       Period Duration (microseconds): 3644141412

                       Latency Bucket Values:  [256us, 1ms, 4ms, 16ms, 64ms, 128ms, 256ms, 2000ms, 6000ms, 10000ms, 20000ms, 20000+ms]

                       Synchronous Read IO Counts: [5569728, 14820, 2204, 239, 41, 5, 0, 0, 0, 0, 0, 0]
                       Synchronous Read IO Total Latencies (us): [7233089, 5874098, 3433303, 1429421, 1241290, 427267, 0, 0, 0, 0, 0, 0]
                       Synchronous Read Non-Blocking IO Counts: [25316, 0, 0, 0, 0, 0, 0, 0, 0, 0, 0, 0]
                       Synchronous Read Non-Blocking IO Total Latencies (us): [0, 0, 0, 0, 0, 0, 0, 0, 0, 0, 0, 0]
                       Asynchronous Read IO Counts: [1580, 746, 106, 26, 0, 1, 0, 0, 0, 0, 0, 0]
                       Asynchronous Read IO Total Latencies (us): [261144, 309125, 229351, 122693, 0, 105568, 0, 0, 0, 0, 0, 0]"
"14-08-2026 15:24:31","103","Information","Microsoft-Windows-Kernel-Cache","Volume Periodic Cache Information:

                       Device GUID: {c5c572ba-c5d0-47f6-864e-13eb05e6d46c}
                       Period Duration (microseconds): 3644141412
                       Total Dirty Pages: 669721636
                       Maximum Dirty Pages: 27749
                       Total Dirty Page Threshold: 24657395480
                       Top Dirty Page Threshold: 506518
                       Bottom Dirty Page Threshold: 506518
                       Dirty Page Samples: 495781
                       Total Lazy Writer Calls: 23036
                       Total Lazy Writer Latency: 38235496
                       Total Lazy Writer Pages Flushed: 181145
                       Lazy Writer Average Pages Per Second: 568
                       Total Pages Queued to Disk: 5621950
                       Maximum Pages Queued to Disk: 6269
                       Pages Queued to Disk Samples: 103284
                       Total Metadata Pages Queued to Disk: 1991064
                       Maximum Metadata Pages Queued to Disk: 731
                       Metadata Pages Queued to Disk Samples: 103279
                       Read Total Bytes: 817008043873
                       Read Paged-In Total Bytes: 8428037682
                       Read-Ahead Total Bytes: 0
                       Cache Hit Ratio (%): 98
                       Total Writes: 792001
                       Total Hard-Throttle Writes: 0
                       Total Soft-Throttle Writes: 0
                       Total Synchronous Read IO Count: 5587118
                       Total Synchronous Non-Blocking Read IO Count: 25316
                       Total Failed Synchronous Non-Blocking Read IO Count: 2460
                       Synchronous Read IO Maximum Latency (us): 97552
                       Synchronous Read IO Non-Blocking Maximum Latency (us): 0
                       Total Synchronous Write IO Count: 783850
                       Total Synchronous Non-Blocking Write IO Count: 4714
                       Total Failed Synchronous Non-Blocking Write IO Count: 243
                       Synchronous Write IO Maximum Latency (us): 47074
                       Synchronous Write IO Non-Blockinig Maximum Latency (us): 0
                       Total Asynchronous Read IO Count: 2458
                       Asynchronous Read IO Maximum Latency (us): 105568"
"14-08-2026 15:24:31","102","Information","Microsoft-Windows-Kernel-Cache","Global Periodic Cache Information:

                       Period Duration (microseconds): 3644141412
                       Number of NUMA Nodes: 96944
                       Event Samples: 44
                       Total Number of Mapped VACBs: 594200
                       Total Partition Samples: 44
                       Total Volume Samples: 176
                       Total Pages Yet to Write: 30392
                       Total Dirty Pages: 26214
                       Total Available Pages: 27623614
                       Total Physical Pages: 178294512
                       Total Number of Worker Threads: 704
                       Total Number of Active Worker Threads: 0
                       Total Average Available Pages: 66122026
                       Total Average Dirty Pages: 34281
                       CopyRead Calls: 5615857
                       AsyncCopyRead Calls: 2460
                       CopyWriteCalls: 798273
                       SetValidData Calls: 27323
                       FlushCache Calls: 96944"
"14-08-2026 14:23:47","105","Information","Microsoft-Windows-Kernel-Cache","Volume Periodic Cache Write Latency Information:

                       Device GUID: {f06ef650-de5a-4a43-abb8-73f2ff6a56fd}
                       Period Duration (microseconds): 3644143806

                       Latency Bucket Values:  [256us, 1ms, 4ms, 16ms, 64ms, 128ms, 256ms, 2000ms, 6000ms, 10000ms, 20000ms, 20000+ms]

                       Synchronous Write IO Counts: [25, 3, 0, 2, 5, 1, 0, 0, 0, 0, 0, 0]
                       Synchronous Write IO Total Latencies (us): [3005, 1356, 0, 27377, 232209, 76226, 0, 0, 0, 0, 0, 0]
                       Synchronous Write Non-Blocking IO Counts: [7, 0, 0, 0, 0, 0, 0, 0, 0, 0, 0, 0]
                       Synchronous Write Non-Blocking IO Total Latencies (us): [0, 0, 0, 0, 0, 0, 0, 0, 0, 0, 0, 0]"
"14-08-2026 14:23:47","104","Information","Microsoft-Windows-Kernel-Cache","Volume Periodic Cache Read Latency Information:

                       Device GUID: {f06ef650-de5a-4a43-abb8-73f2ff6a56fd}
                       Period Duration (microseconds): 3644143806

                       Latency Bucket Values:  [256us, 1ms, 4ms, 16ms, 64ms, 128ms, 256ms, 2000ms, 6000ms, 10000ms, 20000ms, 20000+ms]

                       Synchronous Read IO Counts: [212, 44, 9, 0, 0, 0, 0, 0, 0, 0, 0, 0]
                       Synchronous Read IO Total Latencies (us): [8121, 18833, 19989, 0, 0, 0, 0, 0, 0, 0, 0, 0]
                       Synchronous Read Non-Blocking IO Counts: [0, 0, 0, 0, 0, 0, 0, 0, 0, 0, 0, 0]
                       Synchronous Read Non-Blocking IO Total Latencies (us): [0, 0, 0, 0, 0, 0, 0, 0, 0, 0, 0, 0]
                       Asynchronous Read IO Counts: [0, 0, 0, 0, 0, 0, 0, 0, 0, 0, 0, 0]
                       Asynchronous Read IO Total Latencies (us): [0, 0, 0, 0, 0, 0, 0, 0, 0, 0, 0, 0]"
"14-08-2026 14:23:47","103","Information","Microsoft-Windows-Kernel-Cache","Volume Periodic Cache Information:

                       Device GUID: {f06ef650-de5a-4a43-abb8-73f2ff6a56fd}
                       Period Duration (microseconds): 3644143806
                       Total Dirty Pages: 312
                       Maximum Dirty Pages: 13
                       Total Dirty Page Threshold: 1771520
                       Top Dirty Page Threshold: 506518
                       Bottom Dirty Page Threshold: 506518
                       Dirty Page Samples: 173
                       Total Lazy Writer Calls: 0
                       Total Lazy Writer Latency: 0
                       Total Lazy Writer Pages Flushed: 0
                       Lazy Writer Average Pages Per Second: 0
                       Total Pages Queued to Disk: 3
                       Maximum Pages Queued to Disk: 1
                       Pages Queued to Disk Samples: 18
                       Total Metadata Pages Queued to Disk: 0
                       Maximum Metadata Pages Queued to Disk: 0
                       Metadata Pages Queued to Disk Samples: 18
                       Read Total Bytes: 78245888
                       Read Paged-In Total Bytes: 15835136
                       Read-Ahead Total Bytes: 0
                       Cache Hit Ratio (%): 79
                       Total Writes: 75
                       Total Hard-Throttle Writes: 0
                       Total Soft-Throttle Writes: 0
                       Total Synchronous Read IO Count: 265
                       Total Synchronous Non-Blocking Read IO Count: 0
                       Total Failed Synchronous Non-Blocking Read IO Count: 0
                       Synchronous Read IO Maximum Latency (us): 3801
                       Synchronous Read IO Non-Blocking Maximum Latency (us): 0
                       Total Synchronous Write IO Count: 36
                       Total Synchronous Non-Blocking Write IO Count: 7
                       Total Failed Synchronous Non-Blocking Write IO Count: 0
                       Synchronous Write IO Maximum Latency (us): 76226
                       Synchronous Write IO Non-Blockinig Maximum Latency (us): 0
                       Total Asynchronous Read IO Count: 0
                       Asynchronous Read IO Maximum Latency (us): 0"
"14-08-2026 14:23:47","105","Information","Microsoft-Windows-Kernel-Cache","Volume Periodic Cache Write Latency Information:

                       Device GUID: {00000000-0000-0000-0000-000000000000}
                       Period Duration (microseconds): 3644143806

                       Latency Bucket Values:  [256us, 1ms, 4ms, 16ms, 64ms, 128ms, 256ms, 2000ms, 6000ms, 10000ms, 20000ms, 20000+ms]

                       Synchronous Write IO Counts: [0, 0, 0, 0, 0, 0, 0, 0, 0, 0, 0, 0]
                       Synchronous Write IO Total Latencies (us): [0, 0, 0, 0, 0, 0, 0, 0, 0, 0, 0, 0]
                       Synchronous Write Non-Blocking IO Counts: [0, 0, 0, 0, 0, 0, 0, 0, 0, 0, 0, 0]
                       Synchronous Write Non-Blocking IO Total Latencies (us): [0, 0, 0, 0, 0, 0, 0, 0, 0, 0, 0, 0]"
"14-08-2026 14:23:47","104","Information","Microsoft-Windows-Kernel-Cache","Volume Periodic Cache Read Latency Information:

                       Device GUID: {00000000-0000-0000-0000-000000000000}
                       Period Duration (microseconds): 3644143806

                       Latency Bucket Values:  [256us, 1ms, 4ms, 16ms, 64ms, 128ms, 256ms, 2000ms, 6000ms, 10000ms, 20000ms, 20000+ms]

                       Synchronous Read IO Counts: [32, 2, 0, 0, 0, 0, 0, 0, 0, 0, 0, 0]
                       Synchronous Read IO Total Latencies (us): [1443, 787, 0, 0, 0, 0, 0, 0, 0, 0, 0, 0]
                       Synchronous Read Non-Blocking IO Counts: [0, 0, 0, 0, 0, 0, 0, 0, 0, 0, 0, 0]
                       Synchronous Read Non-Blocking IO Total Latencies (us): [0, 0, 0, 0, 0, 0, 0, 0, 0, 0, 0, 0]
                       Asynchronous Read IO Counts: [0, 0, 0, 0, 0, 0, 0, 0, 0, 0, 0, 0]
                       Asynchronous Read IO Total Latencies (us): [0, 0, 0, 0, 0, 0, 0, 0, 0, 0, 0, 0]"
"14-08-2026 14:23:47","103","Information","Microsoft-Windows-Kernel-Cache","Volume Periodic Cache Information:

                       Device GUID: {00000000-0000-0000-0000-000000000000}
                       Period Duration (microseconds): 3644143806
                       Total Dirty Pages: 0
                       Maximum Dirty Pages: 0
                       Total Dirty Page Threshold: 0
                       Top Dirty Page Threshold: 0
                       Bottom Dirty Page Threshold: 0
                       Dirty Page Samples: 0
                       Total Lazy Writer Calls: 0
                       Total Lazy Writer Latency: 0
                       Total Lazy Writer Pages Flushed: 0
                       Lazy Writer Average Pages Per Second: 0
                       Total Pages Queued to Disk: 0
                       Maximum Pages Queued to Disk: 0
                       Pages Queued to Disk Samples: 0
                       Total Metadata Pages Queued to Disk: 0
                       Maximum Metadata Pages Queued to Disk: 0
                       Metadata Pages Queued to Disk Samples: 0
                       Read Total Bytes: 8899584
                       Read Paged-In Total Bytes: 2883584
                       Read-Ahead Total Bytes: 0
                       Cache Hit Ratio (%): 67
                       Total Writes: 0
                       Total Hard-Throttle Writes: 0
                       Total Soft-Throttle Writes: 0
                       Total Synchronous Read IO Count: 34
                       Total Synchronous Non-Blocking Read IO Count: 0
                       Total Failed Synchronous Non-Blocking Read IO Count: 0
                       Synchronous Read IO Maximum Latency (us): 472
                       Synchronous Read IO Non-Blocking Maximum Latency (us): 0
                       Total Synchronous Write IO Count: 0
                       Total Synchronous Non-Blocking Write IO Count: 0
                       Total Failed Synchronous Non-Blocking Write IO Count: 0
                       Synchronous Write IO Maximum Latency (us): 0
                       Synchronous Write IO Non-Blockinig Maximum Latency (us): 0
                       Total Asynchronous Read IO Count: 0
                       Asynchronous Read IO Maximum Latency (us): 0"
"14-08-2026 14:23:47","105","Information","Microsoft-Windows-Kernel-Cache","Volume Periodic Cache Write Latency Information:

                       Device GUID: {c5c572ba-c5d0-47f6-864e-13eb05e6d46c}
                       Period Duration (microseconds): 3644143806

                       Latency Bucket Values:  [256us, 1ms, 4ms, 16ms, 64ms, 128ms, 256ms, 2000ms, 6000ms, 10000ms, 20000ms, 20000+ms]

                       Synchronous Write IO Counts: [2607077, 4943, 1755, 793, 453, 64, 7, 6, 0, 0, 0, 0]
                       Synchronous Write IO Total Latencies (us): [5672370, 2385424, 3158154, 7171735, 15267841, 5037837, 1215432, 2219876, 0, 0, 0, 0]
                       Synchronous Write Non-Blocking IO Counts: [7410, 0, 0, 0, 0, 0, 0, 0, 0, 0, 0, 0]
                       Synchronous Write Non-Blocking IO Total Latencies (us): [0, 0, 0, 0, 0, 0, 0, 0, 0, 0, 0, 0]"
"14-08-2026 14:23:47","104","Information","Microsoft-Windows-Kernel-Cache","Volume Periodic Cache Read Latency Information:

                       Device GUID: {c5c572ba-c5d0-47f6-864e-13eb05e6d46c}
                       Period Duration (microseconds): 3644143806

                       Latency Bucket Values:  [256us, 1ms, 4ms, 16ms, 64ms, 128ms, 256ms, 2000ms, 6000ms, 10000ms, 20000ms, 20000+ms]

                       Synchronous Read IO Counts: [38706323, 84276, 9294, 904, 519, 81, 6, 12, 0, 0, 0, 0]
                       Synchronous Read IO Total Latencies (us): [36563008, 32447434, 14063649, 7113893, 16574254, 6618487, 1020474, 5912780, 0, 0, 0, 0]
                       Synchronous Read Non-Blocking IO Counts: [88745, 0, 0, 0, 0, 0, 0, 0, 0, 0, 0, 0]
                       Synchronous Read Non-Blocking IO Total Latencies (us): [0, 0, 0, 0, 0, 0, 0, 0, 0, 0, 0, 0]
                       Asynchronous Read IO Counts: [5548, 5176, 892, 90, 43, 11, 0, 0, 0, 0, 0, 0]
                       Asynchronous Read IO Total Latencies (us): [916563, 2599748, 1530366, 578193, 1716935, 797346, 0, 0, 0, 0, 0, 0]"
"14-08-2026 14:23:47","103","Information","Microsoft-Windows-Kernel-Cache","Volume Periodic Cache Information:

                       Device GUID: {c5c572ba-c5d0-47f6-864e-13eb05e6d46c}
                       Period Duration (microseconds): 3644143806
                       Total Dirty Pages: 5927085547
                       Maximum Dirty Pages: 48716
                       Total Dirty Page Threshold: 83822832360
                       Top Dirty Page Threshold: 506518
                       Bottom Dirty Page Threshold: 506518
                       Dirty Page Samples: 1937169
                       Total Lazy Writer Calls: 27586
                       Total Lazy Writer Latency: 42771138
                       Total Lazy Writer Pages Flushed: 624219
                       Lazy Writer Average Pages Per Second: 6983
                       Total Pages Queued to Disk: 53256936
                       Maximum Pages Queued to Disk: 8214
                       Pages Queued to Disk Samples: 201997
                       Total Metadata Pages Queued to Disk: 24171361
                       Maximum Metadata Pages Queued to Disk: 2310
                       Metadata Pages Queued to Disk Samples: 201986
                       Read Total Bytes: 5466549954905
                       Read Paged-In Total Bytes: 45168108628
                       Read-Ahead Total Bytes: 0
                       Cache Hit Ratio (%): 99
                       Total Writes: 2629091
                       Total Hard-Throttle Writes: 0
                       Total Soft-Throttle Writes: 0
                       Total Synchronous Read IO Count: 38802231
                       Total Synchronous Non-Blocking Read IO Count: 88745
                       Total Failed Synchronous Non-Blocking Read IO Count: 11761
                       Synchronous Read IO Maximum Latency (us): 865202
                       Synchronous Read IO Non-Blocking Maximum Latency (us): 0
                       Total Synchronous Write IO Count: 2615094
                       Total Synchronous Non-Blocking Write IO Count: 7410
                       Total Failed Synchronous Non-Blocking Write IO Count: 738
                       Synchronous Write IO Maximum Latency (us): 505329
                       Synchronous Write IO Non-Blockinig Maximum Latency (us): 0
                       Total Asynchronous Read IO Count: 11761
                       Asynchronous Read IO Maximum Latency (us): 83749"
"14-08-2026 14:23:47","102","Information","Microsoft-Windows-Kernel-Cache","Global Periodic Cache Information:

                       Period Duration (microseconds): 3644143806
                       Number of NUMA Nodes: 398729
                       Event Samples: 41
                       Total Number of Mapped VACBs: 565325
                       Total Partition Samples: 41
                       Total Volume Samples: 164
                       Total Pages Yet to Write: 27412
                       Total Dirty Pages: 45456
                       Total Available Pages: 21477510
                       Total Physical Pages: 166138068
                       Total Number of Worker Threads: 656
                       Total Number of Active Worker Threads: 0
                       Total Average Available Pages: 56036540
                       Total Average Dirty Pages: 64049
                       CopyRead Calls: 38912513
                       AsyncCopyRead Calls: 11761
                       CopyWriteCalls: 2668942
                       SetValidData Calls: 35644
                       FlushCache Calls: 398729"
"14-08-2026 13:40:54","101","Information","Microsoft-Windows-Kernel-Cache","Initialized VolumeCacheMap for device guid: {00000000-0000-0000-0000-000000000000}."
"14-08-2026 13:40:53","101","Information","Microsoft-Windows-Kernel-Cache","Initialized VolumeCacheMap for device guid: {00000000-0000-0000-0000-000000000000}."
"14-08-2026 13:40:53","101","Information","Microsoft-Windows-Kernel-Cache","Initialized VolumeCacheMap for device guid: {00000000-0000-0000-0000-000000000000}."
"14-08-2026 13:23:54","101","Information","Microsoft-Windows-Kernel-Cache","Initialized VolumeCacheMap for device guid: {00000000-0000-0000-0000-000000000000}."
"14-08-2026 13:23:54","101","Information","Microsoft-Windows-Kernel-Cache","Initialized VolumeCacheMap for device guid: {00000000-0000-0000-0000-000000000000}."
"14-08-2026 13:23:54","101","Information","Microsoft-Windows-Kernel-Cache","Initialized VolumeCacheMap for device guid: {00000000-0000-0000-0000-000000000000}."
"14-08-2026 13:23:03","105","Information","Microsoft-Windows-Kernel-Cache","Volume Periodic Cache Write Latency Information:

                       Device GUID: {f06ef650-de5a-4a43-abb8-73f2ff6a56fd}
                       Period Duration (microseconds): 49636338218

                       Latency Bucket Values:  [256us, 1ms, 4ms, 16ms, 64ms, 128ms, 256ms, 2000ms, 6000ms, 10000ms, 20000ms, 20000+ms]

                       Synchronous Write IO Counts: [13, 0, 0, 0, 0, 0, 0, 0, 0, 0, 0, 0]
                       Synchronous Write IO Total Latencies (us): [0, 0, 0, 0, 0, 0, 0, 0, 0, 0, 0, 0]
                       Synchronous Write Non-Blocking IO Counts: [3, 0, 0, 0, 0, 0, 0, 0, 0, 0, 0, 0]
                       Synchronous Write Non-Blocking IO Total Latencies (us): [0, 0, 0, 0, 0, 0, 0, 0, 0, 0, 0, 0]"
"14-08-2026 13:23:03","104","Information","Microsoft-Windows-Kernel-Cache","Volume Periodic Cache Read Latency Information:

                       Device GUID: {f06ef650-de5a-4a43-abb8-73f2ff6a56fd}
                       Period Duration (microseconds): 49636338218

                       Latency Bucket Values:  [256us, 1ms, 4ms, 16ms, 64ms, 128ms, 256ms, 2000ms, 6000ms, 10000ms, 20000ms, 20000+ms]

                       Synchronous Read IO Counts: [15, 1, 1, 0, 1, 0, 0, 0, 0, 0, 0, 0]
                       Synchronous Read IO Total Latencies (us): [0, 260, 1002, 0, 53756, 0, 0, 0, 0, 0, 0, 0]
                       Synchronous Read Non-Blocking IO Counts: [5, 0, 0, 0, 0, 0, 0, 0, 0, 0, 0, 0]
                       Synchronous Read Non-Blocking IO Total Latencies (us): [0, 0, 0, 0, 0, 0, 0, 0, 0, 0, 0, 0]
                       Asynchronous Read IO Counts: [0, 0, 0, 0, 0, 0, 0, 0, 0, 0, 0, 0]
                       Asynchronous Read IO Total Latencies (us): [0, 0, 0, 0, 0, 0, 0, 0, 0, 0, 0, 0]"
"14-08-2026 13:23:03","103","Information","Microsoft-Windows-Kernel-Cache","Volume Periodic Cache Information:

                       Device GUID: {f06ef650-de5a-4a43-abb8-73f2ff6a56fd}
                       Period Duration (microseconds): 49636338218
                       Total Dirty Pages: 141
                       Maximum Dirty Pages: 13
                       Total Dirty Page Threshold: 768000
                       Top Dirty Page Threshold: 506518
                       Bottom Dirty Page Threshold: 506518
                       Dirty Page Samples: 75
                       Total Lazy Writer Calls: 0
                       Total Lazy Writer Latency: 0
                       Total Lazy Writer Pages Flushed: 0
                       Lazy Writer Average Pages Per Second: 0
                       Total Pages Queued to Disk: 0
                       Maximum Pages Queued to Disk: 0
                       Pages Queued to Disk Samples: 18
                       Total Metadata Pages Queued to Disk: 0
                       Maximum Metadata Pages Queued to Disk: 0
                       Metadata Pages Queued to Disk Samples: 18
                       Read Total Bytes: 7004160
                       Read Paged-In Total Bytes: 786432
                       Read-Ahead Total Bytes: 0
                       Cache Hit Ratio (%): 88
                       Total Writes: 15
                       Total Hard-Throttle Writes: 0
                       Total Soft-Throttle Writes: 0
                       Total Synchronous Read IO Count: 18
                       Total Synchronous Non-Blocking Read IO Count: 5
                       Total Failed Synchronous Non-Blocking Read IO Count: 1
                       Synchronous Read IO Maximum Latency (us): 53756
                       Synchronous Read IO Non-Blocking Maximum Latency (us): 0
                       Total Synchronous Write IO Count: 13
                       Total Synchronous Non-Blocking Write IO Count: 3
                       Total Failed Synchronous Non-Blocking Write IO Count: 0
                       Synchronous Write IO Maximum Latency (us): 0
                       Synchronous Write IO Non-Blockinig Maximum Latency (us): 0
                       Total Asynchronous Read IO Count: 0
                       Asynchronous Read IO Maximum Latency (us): 0"
"14-08-2026 13:23:03","105","Information","Microsoft-Windows-Kernel-Cache","Volume Periodic Cache Write Latency Information:

                       Device GUID: {00000000-0000-0000-0000-000000000000}
                       Period Duration (microseconds): 49636338218

                       Latency Bucket Values:  [256us, 1ms, 4ms, 16ms, 64ms, 128ms, 256ms, 2000ms, 6000ms, 10000ms, 20000ms, 20000+ms]

                       Synchronous Write IO Counts: [0, 0, 0, 0, 0, 0, 0, 0, 0, 0, 0, 0]
                       Synchronous Write IO Total Latencies (us): [0, 0, 0, 0, 0, 0, 0, 0, 0, 0, 0, 0]
                       Synchronous Write Non-Blocking IO Counts: [0, 0, 0, 0, 0, 0, 0, 0, 0, 0, 0, 0]
                       Synchronous Write Non-Blocking IO Total Latencies (us): [0, 0, 0, 0, 0, 0, 0, 0, 0, 0, 0, 0]"
"14-08-2026 13:23:03","104","Information","Microsoft-Windows-Kernel-Cache","Volume Periodic Cache Read Latency Information:

                       Device GUID: {00000000-0000-0000-0000-000000000000}
                       Period Duration (microseconds): 49636338218

                       Latency Bucket Values:  [256us, 1ms, 4ms, 16ms, 64ms, 128ms, 256ms, 2000ms, 6000ms, 10000ms, 20000ms, 20000+ms]

                       Synchronous Read IO Counts: [2, 0, 0, 0, 0, 0, 0, 0, 0, 0, 0, 0]
                       Synchronous Read IO Total Latencies (us): [178, 0, 0, 0, 0, 0, 0, 0, 0, 0, 0, 0]
                       Synchronous Read Non-Blocking IO Counts: [0, 0, 0, 0, 0, 0, 0, 0, 0, 0, 0, 0]
                       Synchronous Read Non-Blocking IO Total Latencies (us): [0, 0, 0, 0, 0, 0, 0, 0, 0, 0, 0, 0]
                       Asynchronous Read IO Counts: [0, 0, 0, 0, 0, 0, 0, 0, 0, 0, 0, 0]
                       Asynchronous Read IO Total Latencies (us): [0, 0, 0, 0, 0, 0, 0, 0, 0, 0, 0, 0]"
"14-08-2026 13:23:03","103","Information","Microsoft-Windows-Kernel-Cache","Volume Periodic Cache Information:

                       Device GUID: {00000000-0000-0000-0000-000000000000}
                       Period Duration (microseconds): 49636338218
                       Total Dirty Pages: 0
                       Maximum Dirty Pages: 0
                       Total Dirty Page Threshold: 0
                       Top Dirty Page Threshold: 0
                       Bottom Dirty Page Threshold: 0
                       Dirty Page Samples: 0
                       Total Lazy Writer Calls: 0
                       Total Lazy Writer Latency: 0
                       Total Lazy Writer Pages Flushed: 0
                       Lazy Writer Average Pages Per Second: 0
                       Total Pages Queued to Disk: 0
                       Maximum Pages Queued to Disk: 0
                       Pages Queued to Disk Samples: 0
                       Total Metadata Pages Queued to Disk: 0
                       Maximum Metadata Pages Queued to Disk: 0
                       Metadata Pages Queued to Disk Samples: 0
                       Read Total Bytes: 524288
                       Read Paged-In Total Bytes: 262144
                       Read-Ahead Total Bytes: 0
                       Cache Hit Ratio (%): 50
                       Total Writes: 0
                       Total Hard-Throttle Writes: 0
                       Total Soft-Throttle Writes: 0
                       Total Synchronous Read IO Count: 2
                       Total Synchronous Non-Blocking Read IO Count: 0
                       Total Failed Synchronous Non-Blocking Read IO Count: 0
                       Synchronous Read IO Maximum Latency (us): 178
                       Synchronous Read IO Non-Blocking Maximum Latency (us): 0
                       Total Synchronous Write IO Count: 0
                       Total Synchronous Non-Blocking Write IO Count: 0
                       Total Failed Synchronous Non-Blocking Write IO Count: 0
                       Synchronous Write IO Maximum Latency (us): 0
                       Synchronous Write IO Non-Blockinig Maximum Latency (us): 0
                       Total Asynchronous Read IO Count: 0
                       Asynchronous Read IO Maximum Latency (us): 0"
"14-08-2026 13:23:03","105","Information","Microsoft-Windows-Kernel-Cache","Volume Periodic Cache Write Latency Information:

                       Device GUID: {c5c572ba-c5d0-47f6-864e-13eb05e6d46c}
                       Period Duration (microseconds): 49636338218

                       Latency Bucket Values:  [256us, 1ms, 4ms, 16ms, 64ms, 128ms, 256ms, 2000ms, 6000ms, 10000ms, 20000ms, 20000+ms]

                       Synchronous Write IO Counts: [240952, 954, 366, 106, 174, 59, 19, 12, 7, 0, 0, 0]
                       Synchronous Write IO Total Latencies (us): [2074878, 486553, 678494, 876131, 8204826, 4538239, 3229699, 6846063, 25238263, 0, 0, 0]
                       Synchronous Write Non-Blocking IO Counts: [5743, 0, 0, 0, 0, 0, 0, 0, 0, 0, 0, 0]
                       Synchronous Write Non-Blocking IO Total Latencies (us): [0, 0, 0, 0, 0, 0, 0, 0, 0, 0, 0, 0]"
"14-08-2026 13:23:03","104","Information","Microsoft-Windows-Kernel-Cache","Volume Periodic Cache Read Latency Information:

                       Device GUID: {c5c572ba-c5d0-47f6-864e-13eb05e6d46c}
                       Period Duration (microseconds): 49636338218

                       Latency Bucket Values:  [256us, 1ms, 4ms, 16ms, 64ms, 128ms, 256ms, 2000ms, 6000ms, 10000ms, 20000ms, 20000+ms]

                       Synchronous Read IO Counts: [1816088, 7263, 2006, 658, 404, 162, 63, 83, 4, 0, 0, 0]
                       Synchronous Read IO Total Latencies (us): [5508788, 3204820, 3867105, 5177318, 15036852, 13913646, 11290085, 45609440, 15606347, 0, 0, 0]
                       Synchronous Read Non-Blocking IO Counts: [13436, 0, 0, 0, 0, 0, 0, 0, 0, 0, 0, 0]
                       Synchronous Read Non-Blocking IO Total Latencies (us): [0, 0, 0, 0, 0, 0, 0, 0, 0, 0, 0, 0]
                       Asynchronous Read IO Counts: [412, 178, 43, 15, 46, 25, 5, 21, 0, 0, 0, 0]
                       Asynchronous Read IO Total Latencies (us): [66716, 77752, 76963, 163694, 1895516, 2055136, 897254, 10269698, 0, 0, 0, 0]"
"14-08-2026 13:23:03","103","Information","Microsoft-Windows-Kernel-Cache","Volume Periodic Cache Information:

                       Device GUID: {c5c572ba-c5d0-47f6-864e-13eb05e6d46c}
                       Period Duration (microseconds): 49636338218
                       Total Dirty Pages: 973884347
                       Maximum Dirty Pages: 13977
                       Total Dirty Page Threshold: 4778237601
                       Top Dirty Page Threshold: 506518
                       Bottom Dirty Page Threshold: 506518
                       Dirty Page Samples: 192496
                       Total Lazy Writer Calls: 1894
                       Total Lazy Writer Latency: 4026955
                       Total Lazy Writer Pages Flushed: 46741
                       Lazy Writer Average Pages Per Second: 11149
                       Total Pages Queued to Disk: 24310555
                       Maximum Pages Queued to Disk: 3101
                       Pages Queued to Disk Samples: 59699
                       Total Metadata Pages Queued to Disk: 17985194
                       Maximum Metadata Pages Queued to Disk: 1703
                       Metadata Pages Queued to Disk Samples: 59698
                       Read Total Bytes: 258903312213
                       Read Paged-In Total Bytes: 7344784413
                       Read-Ahead Total Bytes: 0
                       Cache Hit Ratio (%): 97
                       Total Writes: 235856
                       Total Hard-Throttle Writes: 0
                       Total Soft-Throttle Writes: 0
                       Total Synchronous Read IO Count: 1826745
                       Total Synchronous Non-Blocking Read IO Count: 13436
                       Total Failed Synchronous Non-Blocking Read IO Count: 746
                       Synchronous Read IO Maximum Latency (us): 4345692
                       Synchronous Read IO Non-Blocking Maximum Latency (us): 0
                       Total Synchronous Write IO Count: 242653
                       Total Synchronous Non-Blocking Write IO Count: 5743
                       Total Failed Synchronous Non-Blocking Write IO Count: 92
                       Synchronous Write IO Maximum Latency (us): 4516566
                       Synchronous Write IO Non-Blockinig Maximum Latency (us): 0
                       Total Asynchronous Read IO Count: 745
                       Asynchronous Read IO Maximum Latency (us): 1223710"
"14-08-2026 13:23:03","102","Information","Microsoft-Windows-Kernel-Cache","Global Periodic Cache Information:

                       Period Duration (microseconds): 49636338218
                       Number of NUMA Nodes: 66659
                       Event Samples: 1
                       Total Number of Mapped VACBs: 18583
                       Total Partition Samples: 1
                       Total Volume Samples: 4
                       Total Pages Yet to Write: 449
                       Total Dirty Pages: 7184
                       Total Available Pages: 209189
                       Total Physical Pages: 4052148
                       Total Number of Worker Threads: 16
                       Total Number of Active Worker Threads: 0
                       Total Average Available Pages: 898136
                       Total Average Dirty Pages: 9663
                       CopyRead Calls: 1841787
                       AsyncCopyRead Calls: 746
                       CopyWriteCalls: 268798
                       SetValidData Calls: 3428
                       FlushCache Calls: 66659"
"13-08-2026 23:35:46","105","Information","Microsoft-Windows-Kernel-Cache","Volume Periodic Cache Write Latency Information:

                       Device GUID: {c5c572ba-c5d0-47f6-864e-13eb05e6d46c}
                       Period Duration (microseconds): 12381801958

                       Latency Bucket Values:  [256us, 1ms, 4ms, 16ms, 64ms, 128ms, 256ms, 2000ms, 6000ms, 10000ms, 20000ms, 20000+ms]

                       Synchronous Write IO Counts: [10, 0, 0, 0, 0, 0, 0, 0, 0, 0, 0, 0]
                       Synchronous Write IO Total Latencies (us): [0, 0, 0, 0, 0, 0, 0, 0, 0, 0, 0, 0]
                       Synchronous Write Non-Blocking IO Counts: [3, 0, 0, 0, 0, 0, 0, 0, 0, 0, 0, 0]
                       Synchronous Write Non-Blocking IO Total Latencies (us): [0, 0, 0, 0, 0, 0, 0, 0, 0, 0, 0, 0]"
"13-08-2026 23:35:46","104","Information","Microsoft-Windows-Kernel-Cache","Volume Periodic Cache Read Latency Information:

                       Device GUID: {c5c572ba-c5d0-47f6-864e-13eb05e6d46c}
                       Period Duration (microseconds): 12381801958

                       Latency Bucket Values:  [256us, 1ms, 4ms, 16ms, 64ms, 128ms, 256ms, 2000ms, 6000ms, 10000ms, 20000ms, 20000+ms]

                       Synchronous Read IO Counts: [8, 0, 0, 0, 0, 0, 0, 0, 0, 0, 0, 0]
                       Synchronous Read IO Total Latencies (us): [0, 0, 0, 0, 0, 0, 0, 0, 0, 0, 0, 0]
                       Synchronous Read Non-Blocking IO Counts: [0, 0, 0, 0, 0, 0, 0, 0, 0, 0, 0, 0]
                       Synchronous Read Non-Blocking IO Total Latencies (us): [0, 0, 0, 0, 0, 0, 0, 0, 0, 0, 0, 0]
                       Asynchronous Read IO Counts: [0, 0, 0, 0, 0, 0, 0, 0, 0, 0, 0, 0]
                       Asynchronous Read IO Total Latencies (us): [0, 0, 0, 0, 0, 0, 0, 0, 0, 0, 0, 0]"
