"07-08-2026 14:11:00","179","Information","Microsoft-Windows-Audio","Received session display notification"
"07-08-2026 14:08:07","177","Information","Microsoft-Windows-Audio","Received console locked notification"
"07-08-2026 14:08:04","179","Information","Microsoft-Windows-Audio","Received session display notification"
"07-08-2026 13:18:18","179","Information","Microsoft-Windows-Audio","Received session display notification"
"07-08-2026 13:17:47","177","Information","Microsoft-Windows-Audio","Received console locked notification"
"07-08-2026 13:17:44","179","Information","Microsoft-Windows-Audio","Received session display notification"
"07-08-2026 13:12:21","179","Information","Microsoft-Windows-Audio","Received session display notification"
"07-08-2026 13:12:07","179","Information","Microsoft-Windows-Audio","Received session display notification"
"07-08-2026 13:09:17","177","Information","Microsoft-Windows-Audio","Received console locked notification"
"07-08-2026 13:09:14","179","Information","Microsoft-Windows-Audio","Received session display notification"
"07-08-2026 13:05:12","179","Information","Microsoft-Windows-Audio","Received session display notification"
"07-08-2026 13:04:42","177","Information","Microsoft-Windows-Audio","Received console locked notification"
"07-08-2026 13:04:41","179","Information","Microsoft-Windows-Audio","Received session display notification"
"07-08-2026 12:52:42","179","Information","Microsoft-Windows-Audio","Received session display notification"
"07-08-2026 12:52:27","179","Information","Microsoft-Windows-Audio","Received session display notification"
"07-08-2026 12:49:39","179","Information","Microsoft-Windows-Audio","Received session display notification"
"07-08-2026 12:49:03","179","Information","Microsoft-Windows-Audio","Received session display notification"
"07-08-2026 12:48:48","179","Information","Microsoft-Windows-Audio","Received session display notification"
"07-08-2026 12:43:51","179","Information","Microsoft-Windows-Audio","Received session display notification"
"07-08-2026 12:38:29","179","Information","Microsoft-Windows-Audio","Received session display notification"
"07-08-2026 12:38:14","179","Information","Microsoft-Windows-Audio","Received session display notification"
"07-08-2026 12:35:21","177","Information","Microsoft-Windows-Audio","Received console locked notification"
"07-08-2026 12:35:18","179","Information","Microsoft-Windows-Audio","Received session display notification"
"07-08-2026 12:33:33","179","Information","Microsoft-Windows-Audio","Received session display notification"
"07-08-2026 12:33:02","177","Information","Microsoft-Windows-Audio","Received console locked notification"
"07-08-2026 12:33:02","179","Information","Microsoft-Windows-Audio","Received session display notification"
"07-08-2026 12:30:34","179","Information","Microsoft-Windows-Audio","Received session display notification"
"07-08-2026 12:30:19","179","Information","Microsoft-Windows-Audio","Received session display notification"
"07-08-2026 12:27:35","179","Information","Microsoft-Windows-Audio","Received session display notification"
"07-08-2026 12:21:02","179","Information","Microsoft-Windows-Audio","Received session display notification"
"07-08-2026 12:20:46","179","Information","Microsoft-Windows-Audio","Received session display notification"
"07-08-2026 12:16:47","179","Information","Microsoft-Windows-Audio","Received session display notification"
"07-08-2026 12:07:38","179","Information","Microsoft-Windows-Audio","Received session display notification"
"07-08-2026 12:07:23","179","Information","Microsoft-Windows-Audio","Received session display notification"
"07-08-2026 12:04:34","177","Information","Microsoft-Windows-Audio","Received console locked notification"
"07-08-2026 12:04:31","179","Information","Microsoft-Windows-Audio","Received session display notification"
"07-08-2026 11:54:42","179","Information","Microsoft-Windows-Audio","Received session display notification"
"07-08-2026 11:54:12","179","Information","Microsoft-Windows-Audio","Received session display notification"
"07-08-2026 11:54:12","177","Information","Microsoft-Windows-Audio","Received console locked notification"
"07-08-2026 11:42:11","179","Information","Microsoft-Windows-Audio","Received session display notification"
"07-08-2026 11:41:56","179","Information","Microsoft-Windows-Audio","Received session display notification"
"07-08-2026 11:36:36","179","Information","Microsoft-Windows-Audio","Received session display notification"
"07-08-2026 11:31:14","179","Information","Microsoft-Windows-Audio","Received session display notification"
"07-08-2026 11:30:59","179","Information","Microsoft-Windows-Audio","Received session display notification"
"07-08-2026 11:28:07","177","Information","Microsoft-Windows-Audio","Received console locked notification"
"07-08-2026 11:28:04","179","Information","Microsoft-Windows-Audio","Received session display notification"
"07-08-2026 11:20:18","179","Information","Microsoft-Windows-Audio","Received session display notification"
"07-08-2026 11:19:48","177","Information","Microsoft-Windows-Audio","Received console locked notification"
"07-08-2026 11:19:48","179","Information","Microsoft-Windows-Audio","Received session display notification"
"07-08-2026 11:07:47","179","Information","Microsoft-Windows-Audio","Received session display notification"
"07-08-2026 11:07:32","179","Information","Microsoft-Windows-Audio","Received session display notification"
"07-08-2026 10:54:58","177","Information","Microsoft-Windows-Audio","Received console locked notification"
"07-08-2026 10:54:55","179","Information","Microsoft-Windows-Audio","Received session display notification"
"07-08-2026 10:47:13","179","Information","Microsoft-Windows-Audio","Received session display notification"
"07-08-2026 10:46:42","177","Information","Microsoft-Windows-Audio","Received console locked notification"
"07-08-2026 10:46:35","179","Information","Microsoft-Windows-Audio","Received session display notification"
"07-08-2026 10:41:30","179","Information","Microsoft-Windows-Audio","Received session display notification"
"07-08-2026 10:41:15","179","Information","Microsoft-Windows-Audio","Received session display notification"
"07-08-2026 10:38:13","177","Information","Microsoft-Windows-Audio","Received console locked notification"
"07-08-2026 10:38:05","179","Information","Microsoft-Windows-Audio","Received session display notification"
"07-08-2026 10:36:46","179","Information","Microsoft-Windows-Audio","Received session display notification"
"07-08-2026 10:36:16","177","Information","Microsoft-Windows-Audio","Received console locked notification"
"07-08-2026 10:36:15","179","Information","Microsoft-Windows-Audio","Received session display notification"
"07-08-2026 10:24:15","179","Information","Microsoft-Windows-Audio","Received session display notification"
"07-08-2026 10:24:00","179","Information","Microsoft-Windows-Audio","Received session display notification"
"07-08-2026 10:18:30","65","Information","Microsoft-Windows-Audio","MMDevAPI: Audio device state changed"
"07-08-2026 10:18:29","65","Information","Microsoft-Windows-Audio","MMDevAPI: Audio device state changed"
"07-08-2026 10:18:29","65","Information","Microsoft-Windows-Audio","MMDevAPI: Audio device state changed"
"07-08-2026 10:08:17","177","Information","Microsoft-Windows-Audio","Received console locked notification"
"07-08-2026 10:08:12","65","Information","Microsoft-Windows-Audio","MMDevAPI: Audio device state changed"
"07-08-2026 10:08:10","179","Information","Microsoft-Windows-Audio","Received session display notification"
"07-08-2026 09:53:01","179","Information","Microsoft-Windows-Audio","Received session display notification"
"07-08-2026 09:52:55","65","Information","Microsoft-Windows-Audio","MMDevAPI: Audio device state changed"
"07-08-2026 09:52:29","177","Information","Microsoft-Windows-Audio","Received console locked notification"
"07-08-2026 09:44:54","65","Information","Microsoft-Windows-Audio","MMDevAPI: Audio device state changed"
"07-08-2026 09:44:54","65","Information","Microsoft-Windows-Audio","MMDevAPI: Audio device state changed"
"07-08-2026 09:16:51","65","Information","Microsoft-Windows-Audio","MMDevAPI: Audio device state changed"
"07-08-2026 09:16:41","177","Information","Microsoft-Windows-Audio","Received console locked notification"
"07-08-2026 09:16:33","179","Information","Microsoft-Windows-Audio","Received session display notification"
"07-08-2026 04:01:59","180","Information","Microsoft-Windows-Audio","Received Po AudioStandby request"
"06-08-2026 19:03:16","180","Information","Microsoft-Windows-Audio","Received Po AudioStandby request"
"06-08-2026 19:03:11","180","Information","Microsoft-Windows-Audio","Received Po AudioStandby request"
"06-08-2026 19:02:53","180","Information","Microsoft-Windows-Audio","Received Po AudioStandby request"
"06-08-2026 19:02:48","180","Information","Microsoft-Windows-Audio","Received Po AudioStandby request"
"06-08-2026 19:02:47","180","Information","Microsoft-Windows-Audio","Received Po AudioStandby request"
"06-08-2026 19:01:04","65","Information","Microsoft-Windows-Audio","MMDevAPI: Audio device state changed"
"06-08-2026 19:01:04","65","Information","Microsoft-Windows-Audio","MMDevAPI: Audio device state changed"
"06-08-2026 19:01:04","180","Information","Microsoft-Windows-Audio","Received Po AudioStandby request"
"06-08-2026 19:01:02","180","Information","Microsoft-Windows-Audio","Received Po AudioStandby request"
"06-08-2026 19:01:02","179","Information","Microsoft-Windows-Audio","Received session display notification"
"06-08-2026 19:01:02","65","Information","Microsoft-Windows-Audio","MMDevAPI: Audio device state changed"
"06-08-2026 19:00:56","177","Information","Microsoft-Windows-Audio","Received console locked notification"
"06-08-2026 17:37:46","65","Information","Microsoft-Windows-Audio","MMDevAPI: Audio device state changed"
"06-08-2026 17:37:02","65","Information","Microsoft-Windows-Audio","MMDevAPI: Audio device state changed"
"06-08-2026 17:37:02","65","Information","Microsoft-Windows-Audio","MMDevAPI: Audio device state changed"
"06-08-2026 17:35:33","179","Information","Microsoft-Windows-Audio","Received session display notification"
"06-08-2026 17:24:55","179","Information","Microsoft-Windows-Audio","Received session display notification"
"06-08-2026 17:24:40","179","Information","Microsoft-Windows-Audio","Received session display notification"
"06-08-2026 17:20:14","179","Information","Microsoft-Windows-Audio","Received session display notification"
"06-08-2026 17:18:05","179","Information","Microsoft-Windows-Audio","Received session display notification"
"06-08-2026 17:17:50","179","Information","Microsoft-Windows-Audio","Received session display notification"
"06-08-2026 17:15:00","179","Information","Microsoft-Windows-Audio","Received session display notification"
"06-08-2026 17:08:50","179","Information","Microsoft-Windows-Audio","Received session display notification"
"06-08-2026 17:08:35","179","Information","Microsoft-Windows-Audio","Received session display notification"
"06-08-2026 16:58:29","177","Information","Microsoft-Windows-Audio","Received console locked notification"
"06-08-2026 16:58:26","179","Information","Microsoft-Windows-Audio","Received session display notification"
"06-08-2026 16:56:55","179","Information","Microsoft-Windows-Audio","Received session display notification"
"06-08-2026 16:56:24","179","Information","Microsoft-Windows-Audio","Received session display notification"
"06-08-2026 16:56:23","177","Information","Microsoft-Windows-Audio","Received console locked notification"
"06-08-2026 16:44:23","179","Information","Microsoft-Windows-Audio","Received session display notification"
"06-08-2026 16:44:08","179","Information","Microsoft-Windows-Audio","Received session display notification"
"06-08-2026 16:41:15","179","Information","Microsoft-Windows-Audio","Received session display notification"
"06-08-2026 16:36:56","179","Information","Microsoft-Windows-Audio","Received session display notification"
"06-08-2026 16:36:41","179","Information","Microsoft-Windows-Audio","Received session display notification"
"06-08-2026 16:33:59","65","Information","Microsoft-Windows-Audio","MMDevAPI: Audio device state changed"
"06-08-2026 16:33:52","65","Information","Microsoft-Windows-Audio","MMDevAPI: Audio device state changed"
"06-08-2026 16:33:52","65","Information","Microsoft-Windows-Audio","MMDevAPI: Audio device state changed"
"06-08-2026 16:30:18","65","Information","Microsoft-Windows-Audio","MMDevAPI: Audio device state changed"
"06-08-2026 16:30:18","65","Information","Microsoft-Windows-Audio","MMDevAPI: Audio device state changed"
"06-08-2026 16:29:59","65","Information","Microsoft-Windows-Audio","MMDevAPI: Audio device state changed"
"06-08-2026 16:24:56","179","Information","Microsoft-Windows-Audio","Received session display notification"
"06-08-2026 16:20:15","179","Information","Microsoft-Windows-Audio","Received session display notification"
"06-08-2026 16:20:00","179","Information","Microsoft-Windows-Audio","Received session display notification"
"06-08-2026 16:16:31","177","Information","Microsoft-Windows-Audio","Received console locked notification"
"06-08-2026 16:16:28","179","Information","Microsoft-Windows-Audio","Received session display notification"
"06-08-2026 15:54:50","179","Information","Microsoft-Windows-Audio","Received session display notification"
"06-08-2026 15:54:20","177","Information","Microsoft-Windows-Audio","Received console locked notification"
"06-08-2026 15:54:03","177","Information","Microsoft-Windows-Audio","Received console locked notification"
"06-08-2026 15:53:31","177","Information","Microsoft-Windows-Audio","Received console locked notification"
"06-08-2026 15:51:36","177","Information","Microsoft-Windows-Audio","Received console locked notification"
"06-08-2026 15:51:33","179","Information","Microsoft-Windows-Audio","Received session display notification"
"06-08-2026 15:46:51","179","Information","Microsoft-Windows-Audio","Received session display notification"
"06-08-2026 15:46:21","179","Information","Microsoft-Windows-Audio","Received session display notification"
"06-08-2026 15:46:21","177","Information","Microsoft-Windows-Audio","Received console locked notification"
"06-08-2026 15:34:20","179","Information","Microsoft-Windows-Audio","Received session display notification"
"06-08-2026 15:34:05","179","Information","Microsoft-Windows-Audio","Received session display notification"
"06-08-2026 15:30:40","179","Information","Microsoft-Windows-Audio","Received session display notification"
"06-08-2026 15:22:45","179","Information","Microsoft-Windows-Audio","Received session display notification"
"06-08-2026 15:22:29","179","Information","Microsoft-Windows-Audio","Received session display notification"
"06-08-2026 15:19:42","179","Information","Microsoft-Windows-Audio","Received session display notification"
"06-08-2026 15:19:37","179","Information","Microsoft-Windows-Audio","Received session display notification"
"06-08-2026 15:19:22","179","Information","Microsoft-Windows-Audio","Received session display notification"
"06-08-2026 15:14:18","179","Information","Microsoft-Windows-Audio","Received session display notification"
"06-08-2026 15:02:55","179","Information","Microsoft-Windows-Audio","Received session display notification"
"06-08-2026 15:02:40","179","Information","Microsoft-Windows-Audio","Received session display notification"
"06-08-2026 14:59:54","177","Information","Microsoft-Windows-Audio","Received console locked notification"
"06-08-2026 14:59:50","179","Information","Microsoft-Windows-Audio","Received session display notification"
"06-08-2026 14:54:07","179","Information","Microsoft-Windows-Audio","Received session display notification"
"06-08-2026 14:53:37","177","Information","Microsoft-Windows-Audio","Received console locked notification"
"06-08-2026 14:53:37","179","Information","Microsoft-Windows-Audio","Received session display notification"
"06-08-2026 14:41:36","179","Information","Microsoft-Windows-Audio","Received session display notification"
"06-08-2026 14:41:21","179","Information","Microsoft-Windows-Audio","Received session display notification"
"06-08-2026 14:35:28","177","Information","Microsoft-Windows-Audio","Received console locked notification"
"06-08-2026 14:35:25","179","Information","Microsoft-Windows-Audio","Received session display notification"
"06-08-2026 14:30:49","179","Information","Microsoft-Windows-Audio","Received session display notification"
"06-08-2026 14:30:05","177","Information","Microsoft-Windows-Audio","Received console locked notification"
"06-08-2026 14:29:36","177","Information","Microsoft-Windows-Audio","Received console locked notification"
"06-08-2026 14:29:27","179","Information","Microsoft-Windows-Audio","Received session display notification"
"06-08-2026 14:29:10","179","Information","Microsoft-Windows-Audio","Received session display notification"
"06-08-2026 14:28:39","177","Information","Microsoft-Windows-Audio","Received console locked notification"
"06-08-2026 14:22:59","177","Information","Microsoft-Windows-Audio","Received console locked notification"
"06-08-2026 14:22:56","179","Information","Microsoft-Windows-Audio","Received session display notification"
"06-08-2026 14:06:55","179","Information","Microsoft-Windows-Audio","Received session display notification"
"06-08-2026 14:06:24","177","Information","Microsoft-Windows-Audio","Received console locked notification"
"06-08-2026 13:52:50","177","Information","Microsoft-Windows-Audio","Received console locked notification"
"06-08-2026 13:52:46","179","Information","Microsoft-Windows-Audio","Received session display notification"
"06-08-2026 12:57:17","179","Information","Microsoft-Windows-Audio","Received session display notification"
"06-08-2026 12:56:45","177","Information","Microsoft-Windows-Audio","Received console locked notification"
"06-08-2026 12:54:39","179","Information","Microsoft-Windows-Audio","Received session display notification"
"06-08-2026 12:44:23","179","Information","Microsoft-Windows-Audio","Received session display notification"
"06-08-2026 12:44:08","179","Information","Microsoft-Windows-Audio","Received session display notification"
"06-08-2026 12:41:08","179","Information","Microsoft-Windows-Audio","Received session display notification"
"06-08-2026 12:35:37","179","Information","Microsoft-Windows-Audio","Received session display notification"
"06-08-2026 12:35:22","179","Information","Microsoft-Windows-Audio","Received session display notification"
"06-08-2026 12:32:35","179","Information","Microsoft-Windows-Audio","Received session display notification"
"06-08-2026 12:31:36","179","Information","Microsoft-Windows-Audio","Received session display notification"
"06-08-2026 12:31:21","179","Information","Microsoft-Windows-Audio","Received session display notification"
"06-08-2026 12:24:53","177","Information","Microsoft-Windows-Audio","Received console locked notification"
"06-08-2026 12:24:48","179","Information","Microsoft-Windows-Audio","Received session display notification"
"06-08-2026 11:35:28","179","Information","Microsoft-Windows-Audio","Received session display notification"
"06-08-2026 11:34:58","177","Information","Microsoft-Windows-Audio","Received console locked notification"
"06-08-2026 11:34:58","179","Information","Microsoft-Windows-Audio","Received session display notification"
"06-08-2026 11:22:57","179","Information","Microsoft-Windows-Audio","Received session display notification"
"06-08-2026 11:22:42","179","Information","Microsoft-Windows-Audio","Received session display notification"
"06-08-2026 11:19:46","179","Information","Microsoft-Windows-Audio","Received session display notification"
"06-08-2026 11:12:24","179","Information","Microsoft-Windows-Audio","Received session display notification"
"06-08-2026 11:12:09","179","Information","Microsoft-Windows-Audio","Received session display notification"
"06-08-2026 11:09:28","65","Information","Microsoft-Windows-Audio","MMDevAPI: Audio device state changed"
"06-08-2026 11:06:14","177","Information","Microsoft-Windows-Audio","Received console locked notification"
"06-08-2026 11:06:12","65","Information","Microsoft-Windows-Audio","MMDevAPI: Audio device state changed"
"06-08-2026 11:06:09","179","Information","Microsoft-Windows-Audio","Received session display notification"
"06-08-2026 10:42:58","179","Information","Microsoft-Windows-Audio","Received session display notification"
"06-08-2026 10:42:54","65","Information","Microsoft-Windows-Audio","MMDevAPI: Audio device state changed"
"06-08-2026 10:42:27","177","Information","Microsoft-Windows-Audio","Received console locked notification"
"06-08-2026 10:40:58","65","Information","Microsoft-Windows-Audio","MMDevAPI: Audio device state changed"
"06-08-2026 10:40:55","179","Information","Microsoft-Windows-Audio","Received session display notification"
"06-08-2026 10:40:34","179","Information","Microsoft-Windows-Audio","Received session display notification"
"06-08-2026 10:40:29","65","Information","Microsoft-Windows-Audio","MMDevAPI: Audio device state changed"
"06-08-2026 10:40:19","179","Information","Microsoft-Windows-Audio","Received session display notification"
"06-08-2026 09:54:22","65","Information","Microsoft-Windows-Audio","MMDevAPI: Audio device state changed"
"06-08-2026 09:23:17","177","Information","Microsoft-Windows-Audio","Received console locked notification"
"06-08-2026 09:23:14","179","Information","Microsoft-Windows-Audio","Received session display notification"
"06-08-2026 09:21:32","177","Information","Microsoft-Windows-Audio","Received console locked notification"
"06-08-2026 09:09:32","179","Information","Microsoft-Windows-Audio","Received session display notification"
"06-08-2026 09:09:17","179","Information","Microsoft-Windows-Audio","Received session display notification"
"06-08-2026 09:04:04","65","Information","Microsoft-Windows-Audio","MMDevAPI: Audio device state changed"
"06-08-2026 08:55:09","177","Information","Microsoft-Windows-Audio","Received console locked notification"
"06-08-2026 08:54:56","65","Information","Microsoft-Windows-Audio","MMDevAPI: Audio device state changed"
"06-08-2026 08:54:48","179","Information","Microsoft-Windows-Audio","Received session display notification"
"06-08-2026 05:13:16","180","Information","Microsoft-Windows-Audio","Received Po AudioStandby request"
"05-08-2026 20:55:37","180","Information","Microsoft-Windows-Audio","Received Po AudioStandby request"
"05-08-2026 20:55:32","180","Information","Microsoft-Windows-Audio","Received Po AudioStandby request"
"05-08-2026 20:51:50","180","Information","Microsoft-Windows-Audio","Received Po AudioStandby request"
"05-08-2026 19:52:00","179","Information","Microsoft-Windows-Audio","Received session display notification"
"05-08-2026 19:51:29","177","Information","Microsoft-Windows-Audio","Received console locked notification"
"05-08-2026 19:51:21","179","Information","Microsoft-Windows-Audio","Received session display notification"
"05-08-2026 19:50:35","179","Information","Microsoft-Windows-Audio","Received session display notification"
"05-08-2026 19:50:20","179","Information","Microsoft-Windows-Audio","Received session display notification"
"05-08-2026 19:47:34","177","Information","Microsoft-Windows-Audio","Received console locked notification"
"05-08-2026 19:47:31","179","Information","Microsoft-Windows-Audio","Received session display notification"
"05-08-2026 19:47:23","179","Information","Microsoft-Windows-Audio","Received session display notification"
"05-08-2026 19:46:52","177","Information","Microsoft-Windows-Audio","Received console locked notification"
"05-08-2026 19:46:52","179","Information","Microsoft-Windows-Audio","Received session display notification"
"05-08-2026 19:34:53","179","Information","Microsoft-Windows-Audio","Received session display notification"
"05-08-2026 19:34:37","179","Information","Microsoft-Windows-Audio","Received session display notification"
"05-08-2026 19:30:56","179","Information","Microsoft-Windows-Audio","Received session display notification"
"05-08-2026 19:28:50","179","Information","Microsoft-Windows-Audio","Received session display notification"
"05-08-2026 19:28:35","179","Information","Microsoft-Windows-Audio","Received session display notification"
"05-08-2026 19:25:47","179","Information","Microsoft-Windows-Audio","Received session display notification"
"05-08-2026 19:16:36","179","Information","Microsoft-Windows-Audio","Received session display notification"
"05-08-2026 19:16:21","179","Information","Microsoft-Windows-Audio","Received session display notification"
"05-08-2026 19:10:19","177","Information","Microsoft-Windows-Audio","Received console locked notification"
"05-08-2026 19:10:16","179","Information","Microsoft-Windows-Audio","Received session display notification"
"05-08-2026 19:08:04","179","Information","Microsoft-Windows-Audio","Received session display notification"
"05-08-2026 19:07:33","179","Information","Microsoft-Windows-Audio","Received session display notification"
"05-08-2026 19:07:32","177","Information","Microsoft-Windows-Audio","Received console locked notification"
"05-08-2026 18:55:32","179","Information","Microsoft-Windows-Audio","Received session display notification"
"05-08-2026 18:55:17","179","Information","Microsoft-Windows-Audio","Received session display notification"
"05-08-2026 18:49:58","179","Information","Microsoft-Windows-Audio","Received session display notification"
"05-08-2026 18:38:50","179","Information","Microsoft-Windows-Audio","Received session display notification"
"05-08-2026 18:38:35","179","Information","Microsoft-Windows-Audio","Received session display notification"
"05-08-2026 18:28:54","177","Information","Microsoft-Windows-Audio","Received console locked notification"
"05-08-2026 18:28:51","179","Information","Microsoft-Windows-Audio","Received session display notification"
"05-08-2026 17:32:22","179","Information","Microsoft-Windows-Audio","Received session display notification"
"05-08-2026 17:31:51","177","Information","Microsoft-Windows-Audio","Received console locked notification"
"05-08-2026 17:29:43","179","Information","Microsoft-Windows-Audio","Received session display notification"
"05-08-2026 17:25:45","179","Information","Microsoft-Windows-Audio","Received session display notification"
"05-08-2026 17:25:30","179","Information","Microsoft-Windows-Audio","Received session display notification"
"05-08-2026 17:22:40","179","Information","Microsoft-Windows-Audio","Received session display notification"
"05-08-2026 17:16:07","179","Information","Microsoft-Windows-Audio","Received session display notification"
"05-08-2026 17:15:52","179","Information","Microsoft-Windows-Audio","Received session display notification"
"05-08-2026 17:10:37","177","Information","Microsoft-Windows-Audio","Received console locked notification"
"05-08-2026 17:10:23","179","Information","Microsoft-Windows-Audio","Received session display notification"
"05-08-2026 16:52:22","179","Information","Microsoft-Windows-Audio","Received session display notification"
"05-08-2026 16:51:51","177","Information","Microsoft-Windows-Audio","Received console locked notification"
"05-08-2026 16:51:51","179","Information","Microsoft-Windows-Audio","Received session display notification"
"05-08-2026 16:39:50","179","Information","Microsoft-Windows-Audio","Received session display notification"
"05-08-2026 16:39:35","179","Information","Microsoft-Windows-Audio","Received session display notification"
"05-08-2026 16:36:52","65","Information","Microsoft-Windows-Audio","MMDevAPI: Audio device state changed"
"05-08-2026 16:36:52","65","Information","Microsoft-Windows-Audio","MMDevAPI: Audio device state changed"
"05-08-2026 16:01:12","179","Information","Microsoft-Windows-Audio","Received session display notification"
"05-08-2026 15:59:20","179","Information","Microsoft-Windows-Audio","Received session display notification"
"05-08-2026 15:59:05","179","Information","Microsoft-Windows-Audio","Received session display notification"
"05-08-2026 15:58:50","65","Information","Microsoft-Windows-Audio","MMDevAPI: Audio device state changed"
"05-08-2026 15:58:50","65","Information","Microsoft-Windows-Audio","MMDevAPI: Audio device state changed"
"05-08-2026 15:56:17","179","Information","Microsoft-Windows-Audio","Received session display notification"
"05-08-2026 15:55:53","179","Information","Microsoft-Windows-Audio","Received session display notification"
"05-08-2026 15:55:38","179","Information","Microsoft-Windows-Audio","Received session display notification"
"05-08-2026 15:52:48","177","Information","Microsoft-Windows-Audio","Received console locked notification"
"05-08-2026 15:52:44","179","Information","Microsoft-Windows-Audio","Received session display notification"
"05-08-2026 15:46:05","179","Information","Microsoft-Windows-Audio","Received session display notification"
"05-08-2026 15:45:34","179","Information","Microsoft-Windows-Audio","Received session display notification"
"05-08-2026 15:45:33","177","Information","Microsoft-Windows-Audio","Received console locked notification"
"05-08-2026 15:33:33","179","Information","Microsoft-Windows-Audio","Received session display notification"
"05-08-2026 15:33:18","179","Information","Microsoft-Windows-Audio","Received session display notification"
"05-08-2026 15:18:11","179","Information","Microsoft-Windows-Audio","Received session display notification"
"05-08-2026 15:08:46","179","Information","Microsoft-Windows-Audio","Received session display notification"
"05-08-2026 15:08:31","179","Information","Microsoft-Windows-Audio","Received session display notification"
"05-08-2026 15:05:38","177","Information","Microsoft-Windows-Audio","Received console locked notification"
"05-08-2026 15:05:35","179","Information","Microsoft-Windows-Audio","Received session display notification"
"05-08-2026 15:03:28","179","Information","Microsoft-Windows-Audio","Received session display notification"
"05-08-2026 15:02:57","179","Information","Microsoft-Windows-Audio","Received session display notification"
"05-08-2026 15:02:57","177","Information","Microsoft-Windows-Audio","Received console locked notification"
"05-08-2026 14:50:56","179","Information","Microsoft-Windows-Audio","Received session display notification"
"05-08-2026 14:50:41","179","Information","Microsoft-Windows-Audio","Received session display notification"
"05-08-2026 14:40:26","179","Information","Microsoft-Windows-Audio","Received session display notification"
"05-08-2026 14:40:08","179","Information","Microsoft-Windows-Audio","Received session display notification"
"05-08-2026 14:39:53","179","Information","Microsoft-Windows-Audio","Received session display notification"
"05-08-2026 14:35:34","179","Information","Microsoft-Windows-Audio","Received session display notification"
"05-08-2026 14:33:23","179","Information","Microsoft-Windows-Audio","Received session display notification"
"05-08-2026 14:33:08","179","Information","Microsoft-Windows-Audio","Received session display notification"
"05-08-2026 14:28:06","65","Information","Microsoft-Windows-Audio","MMDevAPI: Audio device state changed"
"05-08-2026 14:14:53","177","Information","Microsoft-Windows-Audio","Received console locked notification"
"05-08-2026 14:14:49","65","Information","Microsoft-Windows-Audio","MMDevAPI: Audio device state changed"
"05-08-2026 14:14:49","179","Information","Microsoft-Windows-Audio","Received session display notification"
"05-08-2026 13:59:30","179","Information","Microsoft-Windows-Audio","Received session display notification"
"05-08-2026 13:59:25","65","Information","Microsoft-Windows-Audio","MMDevAPI: Audio device state changed"
"05-08-2026 13:58:59","177","Information","Microsoft-Windows-Audio","Received console locked notification"
"05-08-2026 13:50:28","177","Information","Microsoft-Windows-Audio","Received console locked notification"
"05-08-2026 13:50:26","65","Information","Microsoft-Windows-Audio","MMDevAPI: Audio device state changed"
"05-08-2026 13:50:25","179","Information","Microsoft-Windows-Audio","Received session display notification"
"05-08-2026 13:16:16","179","Information","Microsoft-Windows-Audio","Received session display notification"
"05-08-2026 13:16:11","65","Information","Microsoft-Windows-Audio","MMDevAPI: Audio device state changed"
"05-08-2026 13:15:45","177","Information","Microsoft-Windows-Audio","Received console locked notification"
"05-08-2026 11:51:19","177","Information","Microsoft-Windows-Audio","Received console locked notification"
"05-08-2026 11:51:18","65","Information","Microsoft-Windows-Audio","MMDevAPI: Audio device state changed"
"05-08-2026 11:51:15","179","Information","Microsoft-Windows-Audio","Received session display notification"
"05-08-2026 11:37:15","179","Information","Microsoft-Windows-Audio","Received session display notification"
"05-08-2026 11:37:10","65","Information","Microsoft-Windows-Audio","MMDevAPI: Audio device state changed"
"05-08-2026 11:36:44","177","Information","Microsoft-Windows-Audio","Received console locked notification"
"05-08-2026 09:39:01","65","Information","Microsoft-Windows-Audio","MMDevAPI: Audio device state changed"
"05-08-2026 09:38:50","177","Information","Microsoft-Windows-Audio","Received console locked notification"
"05-08-2026 09:38:43","179","Information","Microsoft-Windows-Audio","Received session display notification"
"05-08-2026 06:30:25","180","Information","Microsoft-Windows-Audio","Received Po AudioStandby request"
"04-08-2026 21:28:44","180","Information","Microsoft-Windows-Audio","Received Po AudioStandby request"
"04-08-2026 21:28:36","180","Information","Microsoft-Windows-Audio","Received Po AudioStandby request"
"04-08-2026 19:36:58","180","Information","Microsoft-Windows-Audio","Received Po AudioStandby request"
"04-08-2026 18:37:11","179","Information","Microsoft-Windows-Audio","Received session display notification"
"04-08-2026 18:36:24","65","Information","Microsoft-Windows-Audio","MMDevAPI: Audio device state changed"
"04-08-2026 18:36:20","65","Information","Microsoft-Windows-Audio","MMDevAPI: Audio device state changed"
"04-08-2026 18:36:19","65","Information","Microsoft-Windows-Audio","MMDevAPI: Audio device state changed"
"04-08-2026 18:36:13","177","Information","Microsoft-Windows-Audio","Received console locked notification"
"04-08-2026 18:33:02","177","Information","Microsoft-Windows-Audio","Received console locked notification"
"04-08-2026 18:33:01","65","Information","Microsoft-Windows-Audio","MMDevAPI: Audio device state changed"
"04-08-2026 18:32:58","179","Information","Microsoft-Windows-Audio","Received session display notification"
"04-08-2026 17:52:56","179","Information","Microsoft-Windows-Audio","Received session display notification"
"04-08-2026 17:52:50","65","Information","Microsoft-Windows-Audio","MMDevAPI: Audio device state changed"
"04-08-2026 17:52:25","177","Information","Microsoft-Windows-Audio","Received console locked notification"
"04-08-2026 17:51:54","177","Information","Microsoft-Windows-Audio","Received console locked notification"
"04-08-2026 17:51:53","65","Information","Microsoft-Windows-Audio","MMDevAPI: Audio device state changed"
"04-08-2026 17:51:50","179","Information","Microsoft-Windows-Audio","Received session display notification"
"04-08-2026 17:46:49","179","Information","Microsoft-Windows-Audio","Received session display notification"
"04-08-2026 17:46:44","65","Information","Microsoft-Windows-Audio","MMDevAPI: Audio device state changed"
"04-08-2026 17:46:18","177","Information","Microsoft-Windows-Audio","Received console locked notification"
"04-08-2026 17:27:46","177","Information","Microsoft-Windows-Audio","Received console locked notification"
"04-08-2026 17:27:44","65","Information","Microsoft-Windows-Audio","MMDevAPI: Audio device state changed"
"04-08-2026 17:27:42","179","Information","Microsoft-Windows-Audio","Received session display notification"
"04-08-2026 17:19:33","179","Information","Microsoft-Windows-Audio","Received session display notification"
"04-08-2026 17:19:28","65","Information","Microsoft-Windows-Audio","MMDevAPI: Audio device state changed"
"04-08-2026 17:19:03","177","Information","Microsoft-Windows-Audio","Received console locked notification"
"04-08-2026 17:08:29","177","Information","Microsoft-Windows-Audio","Received console locked notification"
"04-08-2026 17:08:28","65","Information","Microsoft-Windows-Audio","MMDevAPI: Audio device state changed"
"04-08-2026 17:08:26","179","Information","Microsoft-Windows-Audio","Received session display notification"
"04-08-2026 16:49:01","179","Information","Microsoft-Windows-Audio","Received session display notification"
"04-08-2026 16:48:56","65","Information","Microsoft-Windows-Audio","MMDevAPI: Audio device state changed"
"04-08-2026 16:48:30","177","Information","Microsoft-Windows-Audio","Received console locked notification"
"04-08-2026 16:48:19","177","Information","Microsoft-Windows-Audio","Received console locked notification"
"04-08-2026 16:48:01","177","Information","Microsoft-Windows-Audio","Received console locked notification"
"04-08-2026 15:26:27","177","Information","Microsoft-Windows-Audio","Received console locked notification"
"04-08-2026 15:26:23","65","Information","Microsoft-Windows-Audio","MMDevAPI: Audio device state changed"
"04-08-2026 15:26:22","179","Information","Microsoft-Windows-Audio","Received session display notification"
"04-08-2026 15:22:08","179","Information","Microsoft-Windows-Audio","Received session display notification"
"04-08-2026 15:22:03","65","Information","Microsoft-Windows-Audio","MMDevAPI: Audio device state changed"
"04-08-2026 15:21:27","177","Information","Microsoft-Windows-Audio","Received console locked notification"
"04-08-2026 14:11:07","177","Information","Microsoft-Windows-Audio","Received console locked notification"
"04-08-2026 14:11:06","65","Information","Microsoft-Windows-Audio","MMDevAPI: Audio device state changed"
"04-08-2026 14:11:03","179","Information","Microsoft-Windows-Audio","Received session display notification"
"04-08-2026 13:19:45","179","Information","Microsoft-Windows-Audio","Received session display notification"
"04-08-2026 13:19:40","65","Information","Microsoft-Windows-Audio","MMDevAPI: Audio device state changed"
"04-08-2026 13:19:14","177","Information","Microsoft-Windows-Audio","Received console locked notification"
"04-08-2026 11:53:50","65","Information","Microsoft-Windows-Audio","MMDevAPI: Audio device state changed"
"04-08-2026 11:53:50","65","Information","Microsoft-Windows-Audio","MMDevAPI: Audio device state changed"
"04-08-2026 11:53:32","65","Information","Microsoft-Windows-Audio","MMDevAPI: Audio device state changed"
"04-08-2026 11:53:26","179","Information","Microsoft-Windows-Audio","Received session display notification"
"04-08-2026 11:47:18","179","Information","Microsoft-Windows-Audio","Received session display notification"
"04-08-2026 11:47:03","179","Information","Microsoft-Windows-Audio","Received session display notification"
"04-08-2026 11:44:14","177","Information","Microsoft-Windows-Audio","Received console locked notification"
"04-08-2026 11:44:10","179","Information","Microsoft-Windows-Audio","Received session display notification"
"04-08-2026 11:16:45","179","Information","Microsoft-Windows-Audio","Received session display notification"
"04-08-2026 11:16:14","177","Information","Microsoft-Windows-Audio","Received console locked notification"
"04-08-2026 11:10:38","179","Information","Microsoft-Windows-Audio","Received session display notification"
"04-08-2026 11:06:50","179","Information","Microsoft-Windows-Audio","Received session display notification"
"04-08-2026 11:06:35","179","Information","Microsoft-Windows-Audio","Received session display notification"
"04-08-2026 11:03:33","179","Information","Microsoft-Windows-Audio","Received session display notification"
"04-08-2026 10:51:56","179","Information","Microsoft-Windows-Audio","Received session display notification"
"04-08-2026 10:51:41","179","Information","Microsoft-Windows-Audio","Received session display notification"
"04-08-2026 10:48:03","179","Information","Microsoft-Windows-Audio","Received session display notification"
"04-08-2026 10:38:46","179","Information","Microsoft-Windows-Audio","Received session display notification"
"04-08-2026 10:38:31","179","Information","Microsoft-Windows-Audio","Received session display notification"
"04-08-2026 10:35:30","179","Information","Microsoft-Windows-Audio","Received session display notification"
"04-08-2026 10:26:45","179","Information","Microsoft-Windows-Audio","Received session display notification"
"04-08-2026 10:26:30","179","Information","Microsoft-Windows-Audio","Received session display notification"
"04-08-2026 10:23:32","179","Information","Microsoft-Windows-Audio","Received session display notification"
"04-08-2026 10:13:40","179","Information","Microsoft-Windows-Audio","Received session display notification"
"04-08-2026 10:13:25","179","Information","Microsoft-Windows-Audio","Received session display notification"
"04-08-2026 10:10:42","65","Information","Microsoft-Windows-Audio","MMDevAPI: Audio device state changed"
"04-08-2026 09:35:53","177","Information","Microsoft-Windows-Audio","Received console locked notification"
"04-08-2026 09:35:49","65","Information","Microsoft-Windows-Audio","MMDevAPI: Audio device state changed"
"04-08-2026 09:35:46","179","Information","Microsoft-Windows-Audio","Received session display notification"
"04-08-2026 09:09:37","179","Information","Microsoft-Windows-Audio","Received session display notification"
"04-08-2026 09:09:33","65","Information","Microsoft-Windows-Audio","MMDevAPI: Audio device state changed"
"04-08-2026 09:09:01","65","Information","Microsoft-Windows-Audio","MMDevAPI: Audio device state changed"
"04-08-2026 09:08:57","179","Information","Microsoft-Windows-Audio","Received session display notification"
"04-08-2026 03:10:43","180","Information","Microsoft-Windows-Audio","Received Po AudioStandby request"
"03-08-2026 19:03:15","180","Information","Microsoft-Windows-Audio","Received Po AudioStandby request"
"03-08-2026 19:03:10","180","Information","Microsoft-Windows-Audio","Received Po AudioStandby request"
"03-08-2026 18:24:57","180","Information","Microsoft-Windows-Audio","Received Po AudioStandby request"
"03-08-2026 18:24:52","180","Information","Microsoft-Windows-Audio","Received Po AudioStandby request"
"03-08-2026 18:24:52","180","Information","Microsoft-Windows-Audio","Received Po AudioStandby request"
"03-08-2026 18:24:52","179","Information","Microsoft-Windows-Audio","Received session display notification"
"03-08-2026 18:24:47","177","Information","Microsoft-Windows-Audio","Received console locked notification"
"03-08-2026 18:21:21","177","Information","Microsoft-Windows-Audio","Received console locked notification"
"03-08-2026 18:21:18","179","Information","Microsoft-Windows-Audio","Received session display notification"
"03-08-2026 18:04:17","177","Information","Microsoft-Windows-Audio","Received console locked notification"
"03-08-2026 18:00:38","179","Information","Microsoft-Windows-Audio","Received session display notification"
"03-08-2026 18:00:23","179","Information","Microsoft-Windows-Audio","Received session display notification"
"03-08-2026 17:53:50","179","Information","Microsoft-Windows-Audio","Received session display notification"
"03-08-2026 17:50:42","179","Information","Microsoft-Windows-Audio","Received session display notification"
"03-08-2026 17:50:27","179","Information","Microsoft-Windows-Audio","Received session display notification"
"03-08-2026 17:44:50","177","Information","Microsoft-Windows-Audio","Received console locked notification"
"03-08-2026 17:44:32","177","Information","Microsoft-Windows-Audio","Received console locked notification"
"03-08-2026 17:30:03","179","Information","Microsoft-Windows-Audio","Received session display notification"
"03-08-2026 17:26:43","179","Information","Microsoft-Windows-Audio","Received session display notification"
"03-08-2026 17:26:28","179","Information","Microsoft-Windows-Audio","Received session display notification"
"03-08-2026 17:23:16","177","Information","Microsoft-Windows-Audio","Received console locked notification"
"03-08-2026 17:23:13","179","Information","Microsoft-Windows-Audio","Received session display notification"
"03-08-2026 17:19:04","177","Information","Microsoft-Windows-Audio","Received console locked notification"
"03-08-2026 17:07:04","179","Information","Microsoft-Windows-Audio","Received session display notification"
"03-08-2026 17:06:48","179","Information","Microsoft-Windows-Audio","Received session display notification"
"03-08-2026 17:03:38","179","Information","Microsoft-Windows-Audio","Received session display notification"
"03-08-2026 16:58:05","179","Information","Microsoft-Windows-Audio","Received session display notification"
"03-08-2026 16:57:50","179","Information","Microsoft-Windows-Audio","Received session display notification"
"03-08-2026 16:54:41","177","Information","Microsoft-Windows-Audio","Received console locked notification"
"03-08-2026 16:54:38","179","Information","Microsoft-Windows-Audio","Received session display notification"
"03-08-2026 16:51:00","179","Information","Microsoft-Windows-Audio","Received session display notification"
"03-08-2026 16:50:30","177","Information","Microsoft-Windows-Audio","Received console locked notification"
"03-08-2026 16:50:30","179","Information","Microsoft-Windows-Audio","Received session display notification"
"03-08-2026 16:38:29","179","Information","Microsoft-Windows-Audio","Received session display notification"
"03-08-2026 16:38:14","179","Information","Microsoft-Windows-Audio","Received session display notification"
"03-08-2026 16:34:25","177","Information","Microsoft-Windows-Audio","Received console locked notification"
"03-08-2026 16:34:22","179","Information","Microsoft-Windows-Audio","Received session display notification"
"03-08-2026 16:33:17","179","Information","Microsoft-Windows-Audio","Received session display notification"
"03-08-2026 16:32:46","177","Information","Microsoft-Windows-Audio","Received console locked notification"
"03-08-2026 16:32:46","179","Information","Microsoft-Windows-Audio","Received session display notification"
"03-08-2026 16:20:46","179","Information","Microsoft-Windows-Audio","Received session display notification"
"03-08-2026 16:20:30","179","Information","Microsoft-Windows-Audio","Received session display notification"
"03-08-2026 16:15:57","177","Information","Microsoft-Windows-Audio","Received console locked notification"
"03-08-2026 16:15:53","179","Information","Microsoft-Windows-Audio","Received session display notification"
"03-08-2026 15:55:05","179","Information","Microsoft-Windows-Audio","Received session display notification"
"03-08-2026 15:54:34","177","Information","Microsoft-Windows-Audio","Received console locked notification"
"03-08-2026 15:54:23","177","Information","Microsoft-Windows-Audio","Received console locked notification"
"03-08-2026 15:54:20","179","Information","Microsoft-Windows-Audio","Received session display notification"
"03-08-2026 15:42:27","179","Information","Microsoft-Windows-Audio","Received session display notification"
"03-08-2026 15:41:56","177","Information","Microsoft-Windows-Audio","Received console locked notification"
"03-08-2026 15:41:35","179","Information","Microsoft-Windows-Audio","Received session display notification"
"03-08-2026 15:38:42","179","Information","Microsoft-Windows-Audio","Received session display notification"
"03-08-2026 15:38:27","179","Information","Microsoft-Windows-Audio","Received session display notification"
"03-08-2026 15:35:12","179","Information","Microsoft-Windows-Audio","Received session display notification"
"03-08-2026 15:32:55","179","Information","Microsoft-Windows-Audio","Received session display notification"
"03-08-2026 15:32:41","179","Information","Microsoft-Windows-Audio","Received session display notification"
"03-08-2026 15:25:09","179","Information","Microsoft-Windows-Audio","Received session display notification"
"03-08-2026 15:14:34","179","Information","Microsoft-Windows-Audio","Received session display notification"
"03-08-2026 15:14:19","179","Information","Microsoft-Windows-Audio","Received session display notification"
"03-08-2026 15:07:08","179","Information","Microsoft-Windows-Audio","Received session display notification"
"03-08-2026 15:00:36","179","Information","Microsoft-Windows-Audio","Received session display notification"
"03-08-2026 15:00:21","179","Information","Microsoft-Windows-Audio","Received session display notification"
"03-08-2026 14:48:58","179","Information","Microsoft-Windows-Audio","Received session display notification"
"03-08-2026 14:47:46","179","Information","Microsoft-Windows-Audio","Received session display notification"
"03-08-2026 14:47:31","179","Information","Microsoft-Windows-Audio","Received session display notification"
"03-08-2026 14:41:44","177","Information","Microsoft-Windows-Audio","Received console locked notification"
"03-08-2026 14:41:40","179","Information","Microsoft-Windows-Audio","Received session display notification"
"03-08-2026 14:36:09","179","Information","Microsoft-Windows-Audio","Received session display notification"
"03-08-2026 14:35:39","177","Information","Microsoft-Windows-Audio","Received console locked notification"
"03-08-2026 14:35:39","179","Information","Microsoft-Windows-Audio","Received session display notification"
"03-08-2026 14:23:38","179","Information","Microsoft-Windows-Audio","Received session display notification"
"03-08-2026 14:23:23","179","Information","Microsoft-Windows-Audio","Received session display notification"
