"25-05-2026 12:40:20","145","Information","Microsoft-Windows-WinRM","WSMan operation Enumeration started with resourceUri http://schemas.microsoft.com/wbem/wsman/1/config/listener"
"25-05-2026 12:03:59","142","Error","Microsoft-Windows-WinRM","WSMan operation Enumeration failed, error code 2150858770"
"25-05-2026 12:03:59","161","Error","Microsoft-Windows-WinRM","The client cannot connect to the destination specified in the request. Verify that the service on the destination is running and is accepting requests. Consult the logs and documentation for the WS-Management service running on the destination, most commonly IIS or WinRM. If the destination is the WinRM service, run the following command on the destination to analyze and configure the WinRM service: ""winrm quickconfig""."
"25-05-2026 12:03:59","254","Information","Microsoft-Windows-WinRM","Activity Transfer"
"25-05-2026 12:03:55","145","Information","Microsoft-Windows-WinRM","WSMan operation Enumeration started with resourceUri http://schemas.microsoft.com/wbem/wsman/1/config/listener"
"25-05-2026 10:06:10","142","Error","Microsoft-Windows-WinRM","WSMan operation Enumeration failed, error code 2150858770"
"25-05-2026 10:06:10","161","Error","Microsoft-Windows-WinRM","The client cannot connect to the destination specified in the request. Verify that the service on the destination is running and is accepting requests. Consult the logs and documentation for the WS-Management service running on the destination, most commonly IIS or WinRM. If the destination is the WinRM service, run the following command on the destination to analyze and configure the WinRM service: ""winrm quickconfig""."
"25-05-2026 10:06:10","254","Information","Microsoft-Windows-WinRM","Activity Transfer"
"25-05-2026 10:06:06","145","Information","Microsoft-Windows-WinRM","WSMan operation Enumeration started with resourceUri http://schemas.microsoft.com/wbem/wsman/1/config/listener"
"25-05-2026 09:34:44","142","Error","Microsoft-Windows-WinRM","WSMan operation Enumeration failed, error code 2150858770"
"25-05-2026 09:34:44","161","Error","Microsoft-Windows-WinRM","The client cannot connect to the destination specified in the request. Verify that the service on the destination is running and is accepting requests. Consult the logs and documentation for the WS-Management service running on the destination, most commonly IIS or WinRM. If the destination is the WinRM service, run the following command on the destination to analyze and configure the WinRM service: ""winrm quickconfig""."
"25-05-2026 09:34:44","254","Information","Microsoft-Windows-WinRM","Activity Transfer"
"25-05-2026 09:34:40","145","Information","Microsoft-Windows-WinRM","WSMan operation Enumeration started with resourceUri http://schemas.microsoft.com/wbem/wsman/1/config/listener"
"25-05-2026 09:25:06","142","Error","Microsoft-Windows-WinRM","WSMan operation Enumeration failed, error code 2150858770"
"25-05-2026 09:25:06","161","Error","Microsoft-Windows-WinRM","The client cannot connect to the destination specified in the request. Verify that the service on the destination is running and is accepting requests. Consult the logs and documentation for the WS-Management service running on the destination, most commonly IIS or WinRM. If the destination is the WinRM service, run the following command on the destination to analyze and configure the WinRM service: ""winrm quickconfig""."
"25-05-2026 09:25:06","254","Information","Microsoft-Windows-WinRM","Activity Transfer"
"25-05-2026 09:25:02","145","Information","Microsoft-Windows-WinRM","WSMan operation Enumeration started with resourceUri http://schemas.microsoft.com/wbem/wsman/1/config/listener"
"25-05-2026 09:21:16","142","Error","Microsoft-Windows-WinRM","WSMan operation Enumeration failed, error code 2150858770"
"25-05-2026 09:21:16","161","Error","Microsoft-Windows-WinRM","The client cannot connect to the destination specified in the request. Verify that the service on the destination is running and is accepting requests. Consult the logs and documentation for the WS-Management service running on the destination, most commonly IIS or WinRM. If the destination is the WinRM service, run the following command on the destination to analyze and configure the WinRM service: ""winrm quickconfig""."
"25-05-2026 09:21:16","254","Information","Microsoft-Windows-WinRM","Activity Transfer"
"25-05-2026 09:21:12","145","Information","Microsoft-Windows-WinRM","WSMan operation Enumeration started with resourceUri http://schemas.microsoft.com/wbem/wsman/1/config/listener"
"25-05-2026 09:11:13","142","Error","Microsoft-Windows-WinRM","WSMan operation Enumeration failed, error code 2150858770"
"25-05-2026 09:11:13","161","Error","Microsoft-Windows-WinRM","The client cannot connect to the destination specified in the request. Verify that the service on the destination is running and is accepting requests. Consult the logs and documentation for the WS-Management service running on the destination, most commonly IIS or WinRM. If the destination is the WinRM service, run the following command on the destination to analyze and configure the WinRM service: ""winrm quickconfig""."
"25-05-2026 09:11:13","254","Information","Microsoft-Windows-WinRM","Activity Transfer"
"25-05-2026 09:11:09","145","Information","Microsoft-Windows-WinRM","WSMan operation Enumeration started with resourceUri http://schemas.microsoft.com/wbem/wsman/1/config/listener"
"25-05-2026 09:01:45","142","Error","Microsoft-Windows-WinRM","WSMan operation Enumeration failed, error code 2150858770"
"25-05-2026 09:01:45","161","Error","Microsoft-Windows-WinRM","The client cannot connect to the destination specified in the request. Verify that the service on the destination is running and is accepting requests. Consult the logs and documentation for the WS-Management service running on the destination, most commonly IIS or WinRM. If the destination is the WinRM service, run the following command on the destination to analyze and configure the WinRM service: ""winrm quickconfig""."
"25-05-2026 09:01:45","254","Information","Microsoft-Windows-WinRM","Activity Transfer"
"25-05-2026 09:01:41","145","Information","Microsoft-Windows-WinRM","WSMan operation Enumeration started with resourceUri http://schemas.microsoft.com/wbem/wsman/1/config/listener"
"23-05-2026 22:56:49","142","Error","Microsoft-Windows-WinRM","WSMan operation Enumeration failed, error code 2150858770"
"23-05-2026 22:56:49","161","Error","Microsoft-Windows-WinRM","The client cannot connect to the destination specified in the request. Verify that the service on the destination is running and is accepting requests. Consult the logs and documentation for the WS-Management service running on the destination, most commonly IIS or WinRM. If the destination is the WinRM service, run the following command on the destination to analyze and configure the WinRM service: ""winrm quickconfig""."
"23-05-2026 22:56:49","254","Information","Microsoft-Windows-WinRM","Activity Transfer"
"23-05-2026 22:56:45","145","Information","Microsoft-Windows-WinRM","WSMan operation Enumeration started with resourceUri http://schemas.microsoft.com/wbem/wsman/1/config/listener"
"23-05-2026 22:40:25","142","Error","Microsoft-Windows-WinRM","WSMan operation Enumeration failed, error code 2150858770"
"23-05-2026 22:40:25","161","Error","Microsoft-Windows-WinRM","The client cannot connect to the destination specified in the request. Verify that the service on the destination is running and is accepting requests. Consult the logs and documentation for the WS-Management service running on the destination, most commonly IIS or WinRM. If the destination is the WinRM service, run the following command on the destination to analyze and configure the WinRM service: ""winrm quickconfig""."
"23-05-2026 22:40:25","254","Information","Microsoft-Windows-WinRM","Activity Transfer"
"23-05-2026 22:40:21","145","Information","Microsoft-Windows-WinRM","WSMan operation Enumeration started with resourceUri http://schemas.microsoft.com/wbem/wsman/1/config/listener"
"23-05-2026 21:51:01","142","Error","Microsoft-Windows-WinRM","WSMan operation Enumeration failed, error code 2150858770"
"23-05-2026 21:51:01","161","Error","Microsoft-Windows-WinRM","The client cannot connect to the destination specified in the request. Verify that the service on the destination is running and is accepting requests. Consult the logs and documentation for the WS-Management service running on the destination, most commonly IIS or WinRM. If the destination is the WinRM service, run the following command on the destination to analyze and configure the WinRM service: ""winrm quickconfig""."
"23-05-2026 21:51:01","254","Information","Microsoft-Windows-WinRM","Activity Transfer"
"23-05-2026 21:50:57","145","Information","Microsoft-Windows-WinRM","WSMan operation Enumeration started with resourceUri http://schemas.microsoft.com/wbem/wsman/1/config/listener"
"23-05-2026 13:39:54","142","Error","Microsoft-Windows-WinRM","WSMan operation Enumeration failed, error code 2150858770"
"23-05-2026 13:39:54","161","Error","Microsoft-Windows-WinRM","The client cannot connect to the destination specified in the request. Verify that the service on the destination is running and is accepting requests. Consult the logs and documentation for the WS-Management service running on the destination, most commonly IIS or WinRM. If the destination is the WinRM service, run the following command on the destination to analyze and configure the WinRM service: ""winrm quickconfig""."
"23-05-2026 13:39:54","254","Information","Microsoft-Windows-WinRM","Activity Transfer"
"23-05-2026 13:39:50","145","Information","Microsoft-Windows-WinRM","WSMan operation Enumeration started with resourceUri http://schemas.microsoft.com/wbem/wsman/1/config/listener"
"23-05-2026 12:54:20","142","Error","Microsoft-Windows-WinRM","WSMan operation Enumeration failed, error code 2150858770"
"23-05-2026 12:54:20","161","Error","Microsoft-Windows-WinRM","The client cannot connect to the destination specified in the request. Verify that the service on the destination is running and is accepting requests. Consult the logs and documentation for the WS-Management service running on the destination, most commonly IIS or WinRM. If the destination is the WinRM service, run the following command on the destination to analyze and configure the WinRM service: ""winrm quickconfig""."
"23-05-2026 12:54:20","254","Information","Microsoft-Windows-WinRM","Activity Transfer"
"23-05-2026 12:54:15","145","Information","Microsoft-Windows-WinRM","WSMan operation Enumeration started with resourceUri http://schemas.microsoft.com/wbem/wsman/1/config/listener"
"23-05-2026 12:36:22","142","Error","Microsoft-Windows-WinRM","WSMan operation Enumeration failed, error code 2150858770"
"23-05-2026 12:36:22","161","Error","Microsoft-Windows-WinRM","The client cannot connect to the destination specified in the request. Verify that the service on the destination is running and is accepting requests. Consult the logs and documentation for the WS-Management service running on the destination, most commonly IIS or WinRM. If the destination is the WinRM service, run the following command on the destination to analyze and configure the WinRM service: ""winrm quickconfig""."
"23-05-2026 12:36:22","254","Information","Microsoft-Windows-WinRM","Activity Transfer"
"23-05-2026 12:36:18","145","Information","Microsoft-Windows-WinRM","WSMan operation Enumeration started with resourceUri http://schemas.microsoft.com/wbem/wsman/1/config/listener"
"23-05-2026 12:10:42","142","Error","Microsoft-Windows-WinRM","WSMan operation Enumeration failed, error code 2150858770"
"23-05-2026 12:10:42","161","Error","Microsoft-Windows-WinRM","The client cannot connect to the destination specified in the request. Verify that the service on the destination is running and is accepting requests. Consult the logs and documentation for the WS-Management service running on the destination, most commonly IIS or WinRM. If the destination is the WinRM service, run the following command on the destination to analyze and configure the WinRM service: ""winrm quickconfig""."
"23-05-2026 12:10:42","254","Information","Microsoft-Windows-WinRM","Activity Transfer"
"23-05-2026 12:10:38","145","Information","Microsoft-Windows-WinRM","WSMan operation Enumeration started with resourceUri http://schemas.microsoft.com/wbem/wsman/1/config/listener"
"23-05-2026 12:06:35","142","Error","Microsoft-Windows-WinRM","WSMan operation Enumeration failed, error code 2150858770"
"23-05-2026 12:06:35","161","Error","Microsoft-Windows-WinRM","The client cannot connect to the destination specified in the request. Verify that the service on the destination is running and is accepting requests. Consult the logs and documentation for the WS-Management service running on the destination, most commonly IIS or WinRM. If the destination is the WinRM service, run the following command on the destination to analyze and configure the WinRM service: ""winrm quickconfig""."
"23-05-2026 12:06:35","254","Information","Microsoft-Windows-WinRM","Activity Transfer"
"23-05-2026 12:06:31","145","Information","Microsoft-Windows-WinRM","WSMan operation Enumeration started with resourceUri http://schemas.microsoft.com/wbem/wsman/1/config/listener"
"23-05-2026 11:54:22","142","Error","Microsoft-Windows-WinRM","WSMan operation Enumeration failed, error code 2150858770"
"23-05-2026 11:54:22","161","Error","Microsoft-Windows-WinRM","The client cannot connect to the destination specified in the request. Verify that the service on the destination is running and is accepting requests. Consult the logs and documentation for the WS-Management service running on the destination, most commonly IIS or WinRM. If the destination is the WinRM service, run the following command on the destination to analyze and configure the WinRM service: ""winrm quickconfig""."
"23-05-2026 11:54:22","254","Information","Microsoft-Windows-WinRM","Activity Transfer"
"23-05-2026 11:54:18","145","Information","Microsoft-Windows-WinRM","WSMan operation Enumeration started with resourceUri http://schemas.microsoft.com/wbem/wsman/1/config/listener"
"23-05-2026 11:05:38","142","Error","Microsoft-Windows-WinRM","WSMan operation Enumeration failed, error code 2150858770"
"23-05-2026 11:05:38","161","Error","Microsoft-Windows-WinRM","The client cannot connect to the destination specified in the request. Verify that the service on the destination is running and is accepting requests. Consult the logs and documentation for the WS-Management service running on the destination, most commonly IIS or WinRM. If the destination is the WinRM service, run the following command on the destination to analyze and configure the WinRM service: ""winrm quickconfig""."
"23-05-2026 11:05:38","254","Information","Microsoft-Windows-WinRM","Activity Transfer"
"23-05-2026 11:05:34","145","Information","Microsoft-Windows-WinRM","WSMan operation Enumeration started with resourceUri http://schemas.microsoft.com/wbem/wsman/1/config/listener"
"23-05-2026 10:53:59","142","Error","Microsoft-Windows-WinRM","WSMan operation Enumeration failed, error code 2150858770"
"23-05-2026 10:53:59","161","Error","Microsoft-Windows-WinRM","The client cannot connect to the destination specified in the request. Verify that the service on the destination is running and is accepting requests. Consult the logs and documentation for the WS-Management service running on the destination, most commonly IIS or WinRM. If the destination is the WinRM service, run the following command on the destination to analyze and configure the WinRM service: ""winrm quickconfig""."
"23-05-2026 10:53:59","254","Information","Microsoft-Windows-WinRM","Activity Transfer"
"23-05-2026 10:53:55","145","Information","Microsoft-Windows-WinRM","WSMan operation Enumeration started with resourceUri http://schemas.microsoft.com/wbem/wsman/1/config/listener"
"23-05-2026 23:10:25","142","Error","Microsoft-Windows-WinRM","WSMan operation Enumeration failed, error code 2150858770"
"23-05-2026 23:10:25","161","Error","Microsoft-Windows-WinRM","The client cannot connect to the destination specified in the request. Verify that the service on the destination is running and is accepting requests. Consult the logs and documentation for the WS-Management service running on the destination, most commonly IIS or WinRM. If the destination is the WinRM service, run the following command on the destination to analyze and configure the WinRM service: ""winrm quickconfig""."
"23-05-2026 23:10:25","254","Information","Microsoft-Windows-WinRM","Activity Transfer"
"23-05-2026 23:10:21","145","Information","Microsoft-Windows-WinRM","WSMan operation Enumeration started with resourceUri http://schemas.microsoft.com/wbem/wsman/1/config/listener"
"23-05-2026 23:07:57","142","Error","Microsoft-Windows-WinRM","WSMan operation Enumeration failed, error code 2150858770"
"23-05-2026 23:07:57","161","Error","Microsoft-Windows-WinRM","The client cannot connect to the destination specified in the request. Verify that the service on the destination is running and is accepting requests. Consult the logs and documentation for the WS-Management service running on the destination, most commonly IIS or WinRM. If the destination is the WinRM service, run the following command on the destination to analyze and configure the WinRM service: ""winrm quickconfig""."
"23-05-2026 23:07:57","254","Information","Microsoft-Windows-WinRM","Activity Transfer"
"23-05-2026 23:07:53","145","Information","Microsoft-Windows-WinRM","WSMan operation Enumeration started with resourceUri http://schemas.microsoft.com/wbem/wsman/1/config/listener"
