"19-08-2026 09:57:20","5858","Error","Microsoft-Windows-WMI-Activity","Id = {D8209D15-250C-49EE-B9B4-4366139344B8}; ClientMachine = LIND55MBVC4; User = NT AUTHORITY\SYSTEM; ClientProcessId = 28104; Component = Unknown; Operation = Start IWbemServices::ExecQuery - root\CIMV2\security\microsofttpm : SELECT ManufacturerVersionFull20 FROM win32_tpm; ResultCode = 0x80041032; PossibleCause = Unknown"
"19-08-2026 09:57:19","5858","Error","Microsoft-Windows-WMI-Activity","Id = {8CB43186-561B-4098-BA7D-3DC28734DB1E}; ClientMachine = LIND55MBVC4; User = NT AUTHORITY\NETWORK SERVICE; ClientProcessId = 9276; Component = Unknown; Operation = Start IWbemServices::ExecQuery - ROOT\StandardCimv2 : SELECT * FROM MSFT_NetAdapterStatisticsSettingData WHERE Name = 'Wi-Fi'; ResultCode = 0x80041032; PossibleCause = Unknown"
"19-08-2026 09:57:18","5858","Error","Microsoft-Windows-WMI-Activity","Id = {5DE57870-C1C6-4E82-812C-AF8789A8B085}; ClientMachine = LIND55MBVC4; User = NT AUTHORITY\SYSTEM; ClientProcessId = 3760; Component = Unknown; Operation = Start IWbemServices::ExecQuery - root\dcim\sysman\biosattributes : SELECT * FROM EnumerationAttribute; ResultCode = 0x80041032; PossibleCause = Unknown"
"19-08-2026 09:57:17","5858","Error","Microsoft-Windows-WMI-Activity","Id = {6EC5D83D-1910-4B7E-89FF-2A24FAA373E4}; ClientMachine = LIND55MBVC4; User = NT AUTHORITY\NETWORK SERVICE; ClientProcessId = 9276; Component = Unknown; Operation = Start IWbemServices::ExecQuery - ROOT\StandardCimv2 : SELECT * FROM MSFT_NetAdapterStatisticsSettingData WHERE Name = 'Wi-Fi'; ResultCode = 0x80041032; PossibleCause = Unknown"
"19-08-2026 09:57:17","5858","Error","Microsoft-Windows-WMI-Activity","Id = {AA4EB24E-445F-40F3-B123-D791B384D2B2}; ClientMachine = LIND55MBVC4; User = NT AUTHORITY\SYSTEM; ClientProcessId = 28104; Component = Unknown; Operation = Start IWbemServices::ExecQuery - root\CIMV2\security\microsofttpm : SELECT ManufacturerIdTxt FROM win32_tpm; ResultCode = 0x80041032; PossibleCause = Unknown"
"19-08-2026 09:57:17","5858","Error","Microsoft-Windows-WMI-Activity","Id = {09DD8970-33C1-4A32-B974-DFEE21D5D33E}; ClientMachine = LIND55MBVC4; User = NT AUTHORITY\SYSTEM; ClientProcessId = 28104; Component = Unknown; Operation = Start IWbemServices::ExecQuery - root\CIMV2\security\microsofttpm : SELECT ManufacturerVersionFull20 FROM win32_tpm; ResultCode = 0x80041032; PossibleCause = Unknown"
"19-08-2026 09:57:15","5858","Error","Microsoft-Windows-WMI-Activity","Id = {9FE22177-A1E4-435A-BD5A-73EE37764037}; ClientMachine = LIND55MBVC4; User = NT AUTHORITY\NETWORK SERVICE; ClientProcessId = 9276; Component = Unknown; Operation = Start IWbemServices::ExecQuery - ROOT\StandardCimv2 : SELECT * FROM MSFT_NetAdapterStatisticsSettingData WHERE Name = 'Wi-Fi'; ResultCode = 0x80041032; PossibleCause = Unknown"
"19-08-2026 09:57:13","5858","Error","Microsoft-Windows-WMI-Activity","Id = {5EEF5F4D-2D0B-42F0-A4CE-31A67934995C}; ClientMachine = LIND55MBVC4; User = NT AUTHORITY\NETWORK SERVICE; ClientProcessId = 9276; Component = Unknown; Operation = Start IWbemServices::ExecQuery - ROOT\StandardCimv2 : SELECT * FROM MSFT_NetAdapterStatisticsSettingData WHERE Name = 'Wi-Fi'; ResultCode = 0x80041032; PossibleCause = Unknown"
"19-08-2026 09:57:11","5858","Error","Microsoft-Windows-WMI-Activity","Id = {5D98E5D7-B736-4979-972C-89FBC6075885}; ClientMachine = LIND55MBVC4; User = NT AUTHORITY\NETWORK SERVICE; ClientProcessId = 9276; Component = Unknown; Operation = Start IWbemServices::ExecQuery - ROOT\StandardCimv2 : SELECT * FROM MSFT_NetAdapterStatisticsSettingData WHERE Name = 'Wi-Fi'; ResultCode = 0x80041032; PossibleCause = Unknown"
"19-08-2026 09:57:10","5857","Information","Microsoft-Windows-WMI-Activity","Provider_PlatformBios provider started with result code 0x0. HostProcess = wmiprvse.exe; ProcessID = 19860; ProviderPath = %systemroot%\system32\wbem\wmiprov.dll"
"19-08-2026 09:57:09","5858","Error","Microsoft-Windows-WMI-Activity","Id = {2548479D-CB53-4F4E-A381-8CD4A54A9797}; ClientMachine = LIND55MBVC4; User = NT AUTHORITY\NETWORK SERVICE; ClientProcessId = 9276; Component = Unknown; Operation = Start IWbemServices::ExecQuery - ROOT\StandardCimv2 : SELECT * FROM MSFT_NetAdapterStatisticsSettingData WHERE Name = 'Wi-Fi'; ResultCode = 0x80041032; PossibleCause = Unknown"
"19-08-2026 09:57:07","5858","Error","Microsoft-Windows-WMI-Activity","Id = {EBD053A1-5106-498E-B226-6C55E91FAB62}; ClientMachine = LIND55MBVC4; User = NT AUTHORITY\NETWORK SERVICE; ClientProcessId = 9276; Component = Unknown; Operation = Start IWbemServices::ExecQuery - ROOT\StandardCimv2 : SELECT * FROM MSFT_NetAdapterStatisticsSettingData WHERE Name = 'Wi-Fi'; ResultCode = 0x80041032; PossibleCause = Unknown"
"19-08-2026 09:57:05","5858","Error","Microsoft-Windows-WMI-Activity","Id = {552B645E-0CBB-4F98-97FF-A2919E0B5404}; ClientMachine = LIND55MBVC4; User = NT AUTHORITY\NETWORK SERVICE; ClientProcessId = 9276; Component = Unknown; Operation = Start IWbemServices::ExecQuery - ROOT\StandardCimv2 : SELECT * FROM MSFT_NetAdapterStatisticsSettingData WHERE Name = 'Wi-Fi'; ResultCode = 0x80041032; PossibleCause = Unknown"
"19-08-2026 09:57:05","5857","Information","Microsoft-Windows-WMI-Activity","CIMWin32a provider started with result code 0x0. HostProcess = wmiprvse.exe; ProcessID = 7000; ProviderPath = %systemroot%\system32\wbem\wmipcima.dll"
"19-08-2026 09:57:03","5858","Error","Microsoft-Windows-WMI-Activity","Id = {7F62C159-0481-445B-B26B-67ECF794666A}; ClientMachine = LIND55MBVC4; User = NT AUTHORITY\SYSTEM; ClientProcessId = 28104; Component = Unknown; Operation = Start IWbemServices::ExecQuery - root\CIMV2\security\microsofttpm : SELECT ManufacturerVersionFull20 FROM win32_tpm; ResultCode = 0x80041032; PossibleCause = Unknown"
"19-08-2026 09:57:03","5858","Error","Microsoft-Windows-WMI-Activity","Id = {D08A4480-8B73-4A64-8AEA-23444C841A9E}; ClientMachine = LIND55MBVC4; User = NT AUTHORITY\SYSTEM; ClientProcessId = 28104; Component = Unknown; Operation = Start IWbemServices::ExecQuery - root\CIMV2\security\microsofttpm : SELECT ManufacturerIdTxt FROM win32_tpm; ResultCode = 0x80041032; PossibleCause = Unknown"
"19-08-2026 09:57:03","5858","Error","Microsoft-Windows-WMI-Activity","Id = {4E24E5E4-B33B-447B-ABC0-26F9CD26E06B}; ClientMachine = LIND55MBVC4; User = NT AUTHORITY\NETWORK SERVICE; ClientProcessId = 9276; Component = Unknown; Operation = Start IWbemServices::ExecQuery - ROOT\StandardCimv2 : SELECT * FROM MSFT_NetAdapterStatisticsSettingData WHERE Name = 'Wi-Fi'; ResultCode = 0x80041032; PossibleCause = Unknown"
"19-08-2026 09:57:01","5858","Error","Microsoft-Windows-WMI-Activity","Id = {D85B4987-AFB2-4E79-9025-58F0829BE722}; ClientMachine = LIND55MBVC4; User = NT AUTHORITY\NETWORK SERVICE; ClientProcessId = 9276; Component = Unknown; Operation = Start IWbemServices::ExecQuery - ROOT\StandardCimv2 : SELECT * FROM MSFT_NetAdapterStatisticsSettingData WHERE Name = 'Wi-Fi'; ResultCode = 0x80041032; PossibleCause = Unknown"
"19-08-2026 09:56:59","5858","Error","Microsoft-Windows-WMI-Activity","Id = {38407941-E31E-4289-B22C-3DFF4AF09541}; ClientMachine = LIND55MBVC4; User = NT AUTHORITY\NETWORK SERVICE; ClientProcessId = 9276; Component = Unknown; Operation = Start IWbemServices::ExecQuery - ROOT\StandardCimv2 : SELECT * FROM MSFT_NetAdapterStatisticsSettingData WHERE Name = 'Wi-Fi'; ResultCode = 0x80041032; PossibleCause = Unknown"
"19-08-2026 09:56:57","5858","Error","Microsoft-Windows-WMI-Activity","Id = {6D768F77-F974-4672-A56E-4F72556A572A}; ClientMachine = LIND55MBVC4; User = NT AUTHORITY\NETWORK SERVICE; ClientProcessId = 9276; Component = Unknown; Operation = Start IWbemServices::ExecQuery - ROOT\StandardCimv2 : SELECT * FROM MSFT_NetAdapterStatisticsSettingData WHERE Name = 'Wi-Fi'; ResultCode = 0x80041032; PossibleCause = Unknown"
"19-08-2026 09:56:53","5858","Error","Microsoft-Windows-WMI-Activity","Id = {00988F4F-BAA2-4DAD-A69B-563FFCB3F334}; ClientMachine = LIND55MBVC4; User = NT AUTHORITY\NETWORK SERVICE; ClientProcessId = 9276; Component = Unknown; Operation = Start IWbemServices::ExecQuery - ROOT\StandardCimv2 : SELECT * FROM MSFT_NetAdapterStatisticsSettingData WHERE Name = 'Wi-Fi'; ResultCode = 0x80041032; PossibleCause = Unknown"
"19-08-2026 09:56:53","5857","Information","Microsoft-Windows-WMI-Activity","NetAdapterCim provider started with result code 0x0. HostProcess = wmiprvse.exe; ProcessID = 4280; ProviderPath = %systemroot%\system32\wbem\NetAdapterCim.dll"
"19-08-2026 09:56:48","5858","Error","Microsoft-Windows-WMI-Activity","Id = {C7D4A7AF-D3CC-48A9-AA77-9B72EBFB7578}; ClientMachine = LIND55MBVC4; User = NT AUTHORITY\SYSTEM; ClientProcessId = 28104; Component = Unknown; Operation = Start IWbemServices::ExecQuery - root\CIMV2\security\microsofttpm : SELECT ManufacturerIdTxt FROM win32_tpm; ResultCode = 0x80041032; PossibleCause = Unknown"
"19-08-2026 09:56:48","5858","Error","Microsoft-Windows-WMI-Activity","Id = {A085B18A-56EB-4166-8E5E-A34C6012891A}; ClientMachine = LIND55MBVC4; User = NT AUTHORITY\SYSTEM; ClientProcessId = 28104; Component = Unknown; Operation = Start IWbemServices::ExecQuery - root\CIMV2\security\microsofttpm : SELECT ManufacturerVersionFull20 FROM win32_tpm; ResultCode = 0x80041032; PossibleCause = Unknown"
"19-08-2026 09:56:47","5857","Information","Microsoft-Windows-WMI-Activity","DMWmiBridgeProv1 provider started with result code 0x0. HostProcess = wmiprvse.exe; ProcessID = 6824; ProviderPath = %systemroot%\system32\wbem\DMWmiBridgeProv1.dll"
"19-08-2026 09:56:44","5858","Error","Microsoft-Windows-WMI-Activity","Id = {351B59EF-5525-4758-BA21-24040698CF1A}; ClientMachine = LIND55MBVC4; User = NT AUTHORITY\NETWORK SERVICE; ClientProcessId = 9276; Component = Unknown; Operation = Start IWbemServices::ExecQuery - ROOT\CIMV2 : SELECT Manufacturer, Product FROM Win32_BaseBoard; ResultCode = 0x80041032; PossibleCause = Unknown"
"19-08-2026 09:56:43","5860","Information","Microsoft-Windows-WMI-Activity","Namespace = root\cimv2; NotificationQuery = select * from RegistryValueChangeEvent where Hive='HKEY_USERS' AND KeyPath='S-1-12-1-2357405129-1281513531-255772574-1816207334\\Software\\Microsoft\\Windows\\CurrentVersion\\Internet Settings' AND ValueName='ProxyEnable'; UserName = ENTERPRISE\arjo5004; ClientProcessID = 17568, ClientMachine = LIND55MBVC4; PossibleCause = Temporary"
"19-08-2026 09:56:43","5860","Information","Microsoft-Windows-WMI-Activity","Namespace = root\cimv2; NotificationQuery = select * from RegistryValueChangeEvent where Hive='HKEY_USERS' AND KeyPath='S-1-12-1-2357405129-1281513531-255772574-1816207334\\Software\\Microsoft\\Windows\\CurrentVersion\\Internet Settings' AND ValueName='ProxyServer'; UserName = ENTERPRISE\arjo5004; ClientProcessID = 17568, ClientMachine = LIND55MBVC4; PossibleCause = Temporary"
"19-08-2026 09:56:42","5858","Error","Microsoft-Windows-WMI-Activity","Id = {E7A2B47E-F380-4BAE-8D0E-89A5527453B9}; ClientMachine = LIND55MBVC4; User = ENTERPRISE\arjo5004; ClientProcessId = 17568; Component = Unknown; Operation = Start IWbemServices::ExecNotificationQuery - root\cimv2 : select * from RegistryValueChangeEvent where Hive='HKEY_USERS' AND KeyPath='S-1-12-1-2357405129-1281513531-255772574-1816207334\\Software\\Microsoft\\Windows\\CurrentVersion\\Internet Settings' AND ValueName='ProxyEnable'; ResultCode = 0x80041032; PossibleCause = Unknown"
"19-08-2026 09:56:42","5858","Error","Microsoft-Windows-WMI-Activity","Id = {ACDECE3B-37FC-4891-BCB4-064FA6FBE603}; ClientMachine = LIND55MBVC4; User = ENTERPRISE\arjo5004; ClientProcessId = 17568; Component = Unknown; Operation = Start IWbemServices::ExecNotificationQuery - root\cimv2 : select * from RegistryValueChangeEvent where Hive='HKEY_USERS' AND KeyPath='S-1-12-1-2357405129-1281513531-255772574-1816207334\\Software\\Microsoft\\Windows\\CurrentVersion\\Internet Settings' AND ValueName='ProxyServer'; ResultCode = 0x80041032; PossibleCause = Unknown"
"19-08-2026 09:56:40","5860","Information","Microsoft-Windows-WMI-Activity","Namespace = root\cimv2; NotificationQuery = SELECT * FROM RegistryValueChangeEvent WHERE Hive = 'HKEY_LOCAL_MACHINE' AND KeyPath = 'SOFTWARE\\Cirrus Logic\\Tunings\\DigitalAudioDisplayDevice' AND ValueName='CLABP_BLOCKED'; UserName = ENTERPRISE\arjo5004; ClientProcessID = 8692, ClientMachine = LIND55MBVC4; PossibleCause = Temporary"
"19-08-2026 09:56:32","5857","Information","Microsoft-Windows-WMI-Activity","Win32_TpmProvider provider started with result code 0x0. HostProcess = wmiprvse.exe; ProcessID = 7000; ProviderPath = C:\Windows\System32\wbem\Win32_TPM.dll"
"19-08-2026 09:56:31","5858","Error","Microsoft-Windows-WMI-Activity","Id = {505DB996-1239-4ABF-BD7C-CA962F1A1C8B}; ClientMachine = LIND55MBVC4; User = NT AUTHORITY\SYSTEM; ClientProcessId = 28104; Component = Unknown; Operation = Start IWbemServices::ExecQuery - root\CIMV2\security\microsofttpm : SELECT ManufacturerVersionFull20 FROM win32_tpm; ResultCode = 0x80041032; PossibleCause = Throttling Idle Tasks, refer to CIMOM regkey: ArbTaskMaxIdle"
"19-08-2026 09:56:31","5858","Error","Microsoft-Windows-WMI-Activity","Id = {505DB996-1239-4ABF-BD7C-CA962F1A1C8B}; ClientMachine = LIND55MBVC4; User = NT AUTHORITY\SYSTEM; ClientProcessId = 28104; Component = Unknown; Operation = Start IWbemServices::ExecQuery - root\CIMV2\security\microsofttpm : SELECT ManufacturerVersionFull20 FROM win32_tpm; ResultCode = 0x80041032; PossibleCause = Unknown"
"19-08-2026 00:26:03","5858","Error","Microsoft-Windows-WMI-Activity","Id = {96D83DE5-B79D-4CC4-B12B-ACD5CE763137}; ClientMachine = LIND55MBVC4; User = NT AUTHORITY\SYSTEM; ClientProcessId = 3760; Component = Unknown; Operation = Start IWbemServices::ExecQuery - ROOT\CIMV2 : SELECT * FROM Win32_PnPEntity Where deviceid Like '%PCI\\VEN_8086&DEV_7d1d&SUBSYS_0ce81028%&Rev%'; ResultCode = 0x80041032; PossibleCause = Throttling Idle Tasks, refer to CIMOM regkey: ArbTaskMaxIdle"
"19-08-2026 00:26:03","5858","Error","Microsoft-Windows-WMI-Activity","Id = {3721F891-7CFC-4980-90B2-9A0AD97499BF}; ClientMachine = LIND55MBVC4; User = NT AUTHORITY\SYSTEM; ClientProcessId = 3760; Component = Unknown; Operation = Start IWbemServices::ExecQuery - ROOT\CIMV2 : SELECT * FROM Win32_PnPEntity Where deviceid Like '%PCI\\VEN_8086&DEV_7d1d&SUBSYS_0ce81028%&Rev%'; ResultCode = 0x80041032; PossibleCause = Throttling Idle Tasks, refer to CIMOM regkey: ArbTaskMaxIdle"
"19-08-2026 00:26:03","5858","Error","Microsoft-Windows-WMI-Activity","Id = {D6219045-3624-49B0-8D9A-AC441C4B434A}; ClientMachine = LIND55MBVC4; User = NT AUTHORITY\SYSTEM; ClientProcessId = 3760; Component = Unknown; Operation = Start IWbemServices::ExecQuery - ROOT\CIMV2 : SELECT * FROM Win32_PnPEntity Where deviceid Like '%PCI\\VEN_8086&DEV_7d1d&SUBSYS_0ce81028%&Rev%'; ResultCode = 0x80041032; PossibleCause = Throttling Idle Tasks, refer to CIMOM regkey: ArbTaskMaxIdle"
"19-08-2026 00:26:03","5858","Error","Microsoft-Windows-WMI-Activity","Id = {9525C41C-D620-4084-BCB5-1AF8BF3CE7A3}; ClientMachine = LIND55MBVC4; User = NT AUTHORITY\SYSTEM; ClientProcessId = 3760; Component = Unknown; Operation = Start IWbemServices::ExecQuery - ROOT\CIMV2 : SELECT * FROM Win32_PnPEntity Where deviceid Like '%PCI\\VEN_8086&DEV_7d1d&SUBSYS_0ce81028%&Rev%'; ResultCode = 0x80041032; PossibleCause = Throttling Idle Tasks, refer to CIMOM regkey: ArbTaskMaxIdle"
"19-08-2026 00:26:03","5858","Error","Microsoft-Windows-WMI-Activity","Id = {D217D01F-0E04-4147-B859-69306C56385D}; ClientMachine = LIND55MBVC4; User = NT AUTHORITY\SYSTEM; ClientProcessId = 3760; Component = Unknown; Operation = Start IWbemServices::ExecQuery - ROOT\CIMV2 : SELECT * FROM Win32_PnPEntity Where deviceid Like '%PCI\\VEN_8086&DEV_7d1d&SUBSYS_0ce81028%&Rev%'; ResultCode = 0x80041032; PossibleCause = Throttling Idle Tasks, refer to CIMOM regkey: ArbTaskMaxIdle"
"19-08-2026 00:26:03","5858","Error","Microsoft-Windows-WMI-Activity","Id = {AB9045C0-33D3-4121-A6A4-D417CCA771C5}; ClientMachine = LIND55MBVC4; User = NT AUTHORITY\SYSTEM; ClientProcessId = 3760; Component = Unknown; Operation = Start IWbemServices::ExecQuery - ROOT\CIMV2 : SELECT * FROM Win32_PnPEntity Where deviceid Like '%PCI\\VEN_8086&DEV_7d1d&SUBSYS_0ce81028%&Rev%'; ResultCode = 0x80041032; PossibleCause = Throttling Idle Tasks, refer to CIMOM regkey: ArbTaskMaxIdle"
"19-08-2026 00:26:03","5858","Error","Microsoft-Windows-WMI-Activity","Id = {5E4A06B4-87D0-4F21-8562-F395B0F53E30}; ClientMachine = LIND55MBVC4; User = NT AUTHORITY\SYSTEM; ClientProcessId = 3760; Component = Unknown; Operation = Start IWbemServices::ExecQuery - ROOT\CIMV2 : SELECT * FROM Win32_PnPEntity Where deviceid Like '%PCI\\VEN_8086&DEV_7d1d&SUBSYS_0ce81028%&Rev%'; ResultCode = 0x80041032; PossibleCause = Throttling Idle Tasks, refer to CIMOM regkey: ArbTaskMaxIdle"
"19-08-2026 00:26:03","5858","Error","Microsoft-Windows-WMI-Activity","Id = {6D74FC30-29B1-4B0E-9D22-C55B18B20703}; ClientMachine = LIND55MBVC4; User = NT AUTHORITY\SYSTEM; ClientProcessId = 3760; Component = Unknown; Operation = Start IWbemServices::ExecQuery - ROOT\CIMV2 : SELECT * FROM Win32_PnPEntity Where deviceid Like '%PCI\\VEN_8086&DEV_7d1d&SUBSYS_0ce81028%&Rev%'; ResultCode = 0x80041032; PossibleCause = Throttling Idle Tasks, refer to CIMOM regkey: ArbTaskMaxIdle"
"19-08-2026 00:26:03","5858","Error","Microsoft-Windows-WMI-Activity","Id = {87129B69-9B51-4275-B629-67AD20931813}; ClientMachine = LIND55MBVC4; User = NT AUTHORITY\SYSTEM; ClientProcessId = 3760; Component = Unknown; Operation = Start IWbemServices::ExecQuery - ROOT\CIMV2 : SELECT * FROM Win32_PnPEntity Where deviceid Like '%PCI\\VEN_8086&DEV_7d1d&SUBSYS_0ce81028%&Rev%'; ResultCode = 0x80041032; PossibleCause = Throttling Idle Tasks, refer to CIMOM regkey: ArbTaskMaxIdle"
"19-08-2026 00:26:03","5858","Error","Microsoft-Windows-WMI-Activity","Id = {16BCB3F9-093B-475D-A7AE-0E5EAC642D8D}; ClientMachine = LIND55MBVC4; User = NT AUTHORITY\SYSTEM; ClientProcessId = 3760; Component = Unknown; Operation = Start IWbemServices::ExecQuery - ROOT\CIMV2 : SELECT * FROM Win32_PnPEntity Where deviceid Like '%PCI\\VEN_8086&DEV_7d1d&SUBSYS_0ce81028%&Rev%'; ResultCode = 0x80041032; PossibleCause = Throttling Idle Tasks, refer to CIMOM regkey: ArbTaskMaxIdle"
"18-08-2026 19:08:17","5857","Information","Microsoft-Windows-WMI-Activity","StorageWMI provider started with result code 0x0. HostProcess = wmiprvse.exe; ProcessID = 7000; ProviderPath = %SystemRoot%\System32\storagewmi.dll"
"18-08-2026 19:06:31","5857","Information","Microsoft-Windows-WMI-Activity","Provider_PlatformBios provider started with result code 0x0. HostProcess = wmiprvse.exe; ProcessID = 19860; ProviderPath = %systemroot%\system32\wbem\wmiprov.dll"
"18-08-2026 19:06:11","5858","Error","Microsoft-Windows-WMI-Activity","Id = {FF6821D9-B6B6-4172-9EF5-70B2FD9305BB}; ClientMachine = LIND55MBVC4; User = ENTERPRISE\arjo5004; ClientProcessId = 8692; Component = Unknown; Operation = Start IWbemServices::ExecNotificationQuery - root\cimv2 : SELECT * FROM RegistryValueChangeEvent WHERE Hive = 'HKEY_LOCAL_MACHINE' AND KeyPath = 'SOFTWARE\\Cirrus Logic\\Tunings\\Headset' AND ValueName='CLABP_BLOCKED'; ResultCode = 0x80041032; PossibleCause = Unknown"
"18-08-2026 19:06:10","5858","Error","Microsoft-Windows-WMI-Activity","Id = {26DE72C8-796B-4175-9A07-34166E67DDDD}; ClientMachine = LIND55MBVC4; User = ENTERPRISE\arjo5004; ClientProcessId = 8692; Component = Unknown; Operation = Start IWbemServices::ExecNotificationQuery - root\cimv2 : SELECT * FROM RegistryValueChangeEvent WHERE Hive = 'HKEY_LOCAL_MACHINE' AND KeyPath = 'SOFTWARE\\Cirrus Logic\\Tunings\\Headset' AND ValueName='CLABP_BLOCKED'; ResultCode = 0x80041032; PossibleCause = Unknown"
"18-08-2026 19:06:05","5858","Error","Microsoft-Windows-WMI-Activity","Id = {FBEB9BC0-EF76-49AC-8FC4-077E1B10B0DE}; ClientMachine = LIND55MBVC4; User = NT AUTHORITY\SYSTEM; ClientProcessId = 18156; Component = Unknown; Operation = Start IWbemServices::ExecQuery - root\cimv2 : select ProcessId, ExecutablePath from Win32_Process where ProcessId = 23216; ResultCode = 0x80041032; PossibleCause = Unknown"
"18-08-2026 19:06:02","5858","Error","Microsoft-Windows-WMI-Activity","Id = {D5F5B877-0201-4A74-BFA2-D27C321CB356}; ClientMachine = LIND55MBVC4; User = ENTERPRISE\arjo5004; ClientProcessId = 8692; Component = Unknown; Operation = Start IWbemServices::ExecNotificationQuery - root\cimv2 : SELECT * FROM RegistryValueChangeEvent WHERE Hive = 'HKEY_LOCAL_MACHINE' AND KeyPath = 'SOFTWARE\\Cirrus Logic\\Tunings\\DigitalAudioDisplayDevice' AND ValueName='CLABP_BLOCKED'; ResultCode = 0x80041032; PossibleCause = Unknown"
"18-08-2026 19:05:58","5857","Information","Microsoft-Windows-WMI-Activity","VpnClientPSProvider provider started with result code 0x0. HostProcess = wmiprvse.exe; ProcessID = 7000; ProviderPath = %SYSTEMROOT%\System32\wbem\vpnclientpsprovider.dll"
"18-08-2026 19:05:18","5857","Information","Microsoft-Windows-WMI-Activity","Provider_DiagnosticsServices provider started with result code 0x0. HostProcess = wmiprvse.exe; ProcessID = 19860; ProviderPath = %systemroot%\system32\wbem\wmiprov.dll"
"18-08-2026 19:05:10","5858","Error","Microsoft-Windows-WMI-Activity","Id = {DF6BB824-1EEB-4BF0-9184-F47D1CF21ED6}; ClientMachine = LIND55MBVC4; User = NT AUTHORITY\SYSTEM; ClientProcessId = 3760; Component = Unknown; Operation = Start IWbemServices::ExecQuery - ROOT\CIMV2 : SELECT * FROM Win32_SystemDriver WHERE Name = 'BTHUSB'; ResultCode = 0x80041032; PossibleCause = Unknown"
"18-08-2026 19:05:02","5857","Information","Microsoft-Windows-WMI-Activity","NetAdapterCim provider started with result code 0x0. HostProcess = wmiprvse.exe; ProcessID = 4280; ProviderPath = %systemroot%\system32\wbem\NetAdapterCim.dll"
"18-08-2026 19:04:39","5857","Information","Microsoft-Windows-WMI-Activity","Provider_PlatformBios provider started with result code 0x0. HostProcess = wmiprvse.exe; ProcessID = 19860; ProviderPath = %systemroot%\system32\wbem\wmiprov.dll"
"18-08-2026 19:04:07","5857","Information","Microsoft-Windows-WMI-Activity","MSVDS__PROVIDER provider started with result code 0x0. HostProcess = wmiprvse.exe; ProcessID = 7000; ProviderPath = %systemroot%\system32\wbem\vdswmi.dll"
"18-08-2026 19:04:07","5858","Error","Microsoft-Windows-WMI-Activity","Id = {65A0E08F-2C95-434F-BF18-E6CDE0969022}; ClientMachine = LIND55MBVC4; User = NT AUTHORITY\SYSTEM; ClientProcessId = 7000; Component = Unknown; Operation = Start IWbemServices::CreateInstanceEnum - root\Microsoft\Windows\Storage\Providers_v2 : MSFT_PhysicalDisk; ResultCode = 0x80041033; PossibleCause = Unknown"
"18-08-2026 19:04:07","5857","Information","Microsoft-Windows-WMI-Activity","StorageWMI provider started with result code 0x0. HostProcess = wmiprvse.exe; ProcessID = 7000; ProviderPath = %SystemRoot%\System32\storagewmi.dll"
"18-08-2026 19:03:16","5857","Information","Microsoft-Windows-WMI-Activity","Win32_EncryptableVolumeProvider provider started with result code 0x0. HostProcess = wmiprvse.exe; ProcessID = 7000; ProviderPath = C:\Windows\System32\wbem\Win32_EncryptableVolume.dll"
"18-08-2026 19:02:16","5857","Information","Microsoft-Windows-WMI-Activity","Win32_EncryptableVolumeProvider provider started with result code 0x0. HostProcess = wmiprvse.exe; ProcessID = 7000; ProviderPath = C:\Windows\System32\wbem\Win32_EncryptableVolume.dll"
"18-08-2026 19:01:19","5860","Information","Microsoft-Windows-WMI-Activity","Namespace = root\cimv2; NotificationQuery = select * from RegistryValueChangeEvent where Hive='HKEY_USERS' AND KeyPath='S-1-12-1-2357405129-1281513531-255772574-1816207334\\Software\\Microsoft\\Windows\\CurrentVersion\\Internet Settings' AND ValueName='ProxyEnable'; UserName = ENTERPRISE\arjo5004; ClientProcessID = 17568, ClientMachine = LIND55MBVC4; PossibleCause = Temporary"
"18-08-2026 19:01:19","5860","Information","Microsoft-Windows-WMI-Activity","Namespace = root\cimv2; NotificationQuery = select * from RegistryValueChangeEvent where Hive='HKEY_USERS' AND KeyPath='S-1-12-1-2357405129-1281513531-255772574-1816207334\\Software\\Microsoft\\Windows\\CurrentVersion\\Internet Settings' AND ValueName='ProxyServer'; UserName = ENTERPRISE\arjo5004; ClientProcessID = 17568, ClientMachine = LIND55MBVC4; PossibleCause = Temporary"
"18-08-2026 19:01:19","5858","Error","Microsoft-Windows-WMI-Activity","Id = {7CC9FBE8-6221-48D5-ADA2-C8418870FB3A}; ClientMachine = LIND55MBVC4; User = ENTERPRISE\arjo5004; ClientProcessId = 17568; Component = Unknown; Operation = Start IWbemServices::ExecNotificationQuery - root\cimv2 : select * from RegistryValueChangeEvent where Hive='HKEY_USERS' AND KeyPath='S-1-12-1-2357405129-1281513531-255772574-1816207334\\Software\\Microsoft\\Windows\\CurrentVersion\\Internet Settings' AND ValueName='ProxyEnable'; ResultCode = 0x80041032; PossibleCause = Unknown"
"18-08-2026 19:01:18","5858","Error","Microsoft-Windows-WMI-Activity","Id = {F2DEFA36-7C33-4C49-B3A4-2D3EA469B89A}; ClientMachine = LIND55MBVC4; User = ENTERPRISE\arjo5004; ClientProcessId = 17568; Component = Unknown; Operation = Start IWbemServices::ExecNotificationQuery - root\cimv2 : select * from RegistryValueChangeEvent where Hive='HKEY_USERS' AND KeyPath='S-1-12-1-2357405129-1281513531-255772574-1816207334\\Software\\Microsoft\\Windows\\CurrentVersion\\Internet Settings' AND ValueName='ProxyServer'; ResultCode = 0x80041032; PossibleCause = Unknown"
"18-08-2026 19:01:17","5857","Information","Microsoft-Windows-WMI-Activity","WMIProv provider started with result code 0x0. HostProcess = wmiprvse.exe; ProcessID = 6824; ProviderPath = %systemroot%\system32\wbem\wmiprov.dll"
"18-08-2026 19:01:15","5857","Information","Microsoft-Windows-WMI-Activity","VpnClientPSProvider provider started with result code 0x0. HostProcess = wmiprvse.exe; ProcessID = 7000; ProviderPath = %SYSTEMROOT%\System32\wbem\vpnclientpsprovider.dll"
"18-08-2026 19:01:15","5857","Information","Microsoft-Windows-WMI-Activity","WMIProv provider started with result code 0x0. HostProcess = wmiprvse.exe; ProcessID = 6824; ProviderPath = %systemroot%\system32\wbem\wmiprov.dll"
"18-08-2026 19:01:12","5860","Information","Microsoft-Windows-WMI-Activity","Namespace = root\cimv2; NotificationQuery = SELECT * FROM RegistryValueChangeEvent WHERE Hive = 'HKEY_LOCAL_MACHINE' AND KeyPath = 'SOFTWARE\\Cirrus Logic\\Tunings\\DigitalAudioDisplayDevice' AND ValueName='CLABP_BLOCKED'; UserName = ENTERPRISE\arjo5004; ClientProcessID = 8692, ClientMachine = LIND55MBVC4; PossibleCause = Temporary"
"18-08-2026 19:00:02","5857","Information","Microsoft-Windows-WMI-Activity","NetAdapterCim provider started with result code 0x0. HostProcess = wmiprvse.exe; ProcessID = 27932; ProviderPath = %systemroot%\system32\wbem\NetAdapterCim.dll"
"18-08-2026 18:59:26","5857","Information","Microsoft-Windows-WMI-Activity","Win32_EncryptableVolumeProvider provider started with result code 0x0. HostProcess = wmiprvse.exe; ProcessID = 7000; ProviderPath = C:\Windows\System32\wbem\Win32_EncryptableVolume.dll"
"18-08-2026 18:58:26","5857","Information","Microsoft-Windows-WMI-Activity","Win32_EncryptableVolumeProvider provider started with result code 0x0. HostProcess = wmiprvse.exe; ProcessID = 7000; ProviderPath = C:\Windows\System32\wbem\Win32_EncryptableVolume.dll"
"18-08-2026 18:56:26","5857","Information","Microsoft-Windows-WMI-Activity","Win32_EncryptableVolumeProvider provider started with result code 0x0. HostProcess = wmiprvse.exe; ProcessID = 7000; ProviderPath = C:\Windows\System32\wbem\Win32_EncryptableVolume.dll"
"18-08-2026 18:55:02","5857","Information","Microsoft-Windows-WMI-Activity","NetAdapterCim provider started with result code 0x0. HostProcess = wmiprvse.exe; ProcessID = 15808; ProviderPath = %systemroot%\system32\wbem\NetAdapterCim.dll"
"18-08-2026 18:54:48","5858","Error","Microsoft-Windows-WMI-Activity","Id = {296643A4-88FB-42F6-ADD4-A4A691F52AF6}; ClientMachine = LIND55MBVC4; User = NT AUTHORITY\SYSTEM; ClientProcessId = 3760; Component = Unknown; Operation = Start IWbemServices::ExecQuery - ROOT\CIMV2 : SELECT * FROM Win32_PnPEntity Where deviceid Like '%PCI\\VEN_8086&DEV_7d1d&SUBSYS_0ce81028%&Rev%'; ResultCode = 0x80041032; PossibleCause = Throttling Idle Tasks, refer to CIMOM regkey: ArbTaskMaxIdle"
"18-08-2026 18:54:48","5858","Error","Microsoft-Windows-WMI-Activity","Id = {518FCCA9-DA00-4943-8044-63B09CBC7416}; ClientMachine = LIND55MBVC4; User = NT AUTHORITY\SYSTEM; ClientProcessId = 3760; Component = Unknown; Operation = Start IWbemServices::ExecQuery - ROOT\CIMV2 : SELECT * FROM Win32_PnPEntity Where deviceid Like '%PCI\\VEN_8086&DEV_7d1d&SUBSYS_0ce81028%&Rev%'; ResultCode = 0x80041032; PossibleCause = Throttling Idle Tasks, refer to CIMOM regkey: ArbTaskMaxIdle"
"18-08-2026 18:54:48","5858","Error","Microsoft-Windows-WMI-Activity","Id = {761D33DB-FF33-481C-A13B-91A7A6716DF1}; ClientMachine = LIND55MBVC4; User = NT AUTHORITY\SYSTEM; ClientProcessId = 3760; Component = Unknown; Operation = Start IWbemServices::ExecQuery - ROOT\CIMV2 : SELECT * FROM Win32_PnPEntity Where deviceid Like '%PCI\\VEN_8086&DEV_7d1d&SUBSYS_0ce81028%&Rev%'; ResultCode = 0x80041032; PossibleCause = Throttling Idle Tasks, refer to CIMOM regkey: ArbTaskMaxIdle"
"18-08-2026 18:54:48","5858","Error","Microsoft-Windows-WMI-Activity","Id = {098D3F1A-7D2D-4D2A-9AD6-0F1921559DCE}; ClientMachine = LIND55MBVC4; User = NT AUTHORITY\SYSTEM; ClientProcessId = 3760; Component = Unknown; Operation = Start IWbemServices::ExecQuery - ROOT\CIMV2 : SELECT * FROM Win32_PnPEntity Where deviceid Like '%PCI\\VEN_8086&DEV_7d1d&SUBSYS_0ce81028%&Rev%'; ResultCode = 0x80041032; PossibleCause = Throttling Idle Tasks, refer to CIMOM regkey: ArbTaskMaxIdle"
"18-08-2026 18:54:48","5858","Error","Microsoft-Windows-WMI-Activity","Id = {BC7844B2-69B7-4BDE-8D33-A8ECACED5218}; ClientMachine = LIND55MBVC4; User = NT AUTHORITY\SYSTEM; ClientProcessId = 3760; Component = Unknown; Operation = Start IWbemServices::ExecQuery - ROOT\CIMV2 : SELECT * FROM Win32_PnPEntity Where deviceid Like '%PCI\\VEN_8086&DEV_7d1d&SUBSYS_0ce81028%&Rev%'; ResultCode = 0x80041032; PossibleCause = Throttling Idle Tasks, refer to CIMOM regkey: ArbTaskMaxIdle"
"18-08-2026 18:54:26","5857","Information","Microsoft-Windows-WMI-Activity","Win32_EncryptableVolumeProvider provider started with result code 0x0. HostProcess = wmiprvse.exe; ProcessID = 7000; ProviderPath = C:\Windows\System32\wbem\Win32_EncryptableVolume.dll"
"18-08-2026 18:53:26","5857","Information","Microsoft-Windows-WMI-Activity","Win32_EncryptableVolumeProvider provider started with result code 0x0. HostProcess = wmiprvse.exe; ProcessID = 7000; ProviderPath = C:\Windows\System32\wbem\Win32_EncryptableVolume.dll"
"18-08-2026 18:51:26","5857","Information","Microsoft-Windows-WMI-Activity","Win32_EncryptableVolumeProvider provider started with result code 0x0. HostProcess = wmiprvse.exe; ProcessID = 7000; ProviderPath = C:\Windows\System32\wbem\Win32_EncryptableVolume.dll"
"18-08-2026 18:50:15","5857","Information","Microsoft-Windows-WMI-Activity","Provider_DiagnosticsServices provider started with result code 0x0. HostProcess = wmiprvse.exe; ProcessID = 26664; ProviderPath = %systemroot%\system32\wbem\wmiprov.dll"
"18-08-2026 18:50:02","5857","Information","Microsoft-Windows-WMI-Activity","NetAdapterCim provider started with result code 0x0. HostProcess = wmiprvse.exe; ProcessID = 26000; ProviderPath = %systemroot%\system32\wbem\NetAdapterCim.dll"
"18-08-2026 18:49:39","5857","Information","Microsoft-Windows-WMI-Activity","Provider_PlatformBios provider started with result code 0x0. HostProcess = wmiprvse.exe; ProcessID = 26664; ProviderPath = %systemroot%\system32\wbem\wmiprov.dll"
"18-08-2026 18:49:07","5857","Information","Microsoft-Windows-WMI-Activity","MSVDS__PROVIDER provider started with result code 0x0. HostProcess = wmiprvse.exe; ProcessID = 7000; ProviderPath = %systemroot%\system32\wbem\vdswmi.dll"
"18-08-2026 18:49:07","5857","Information","Microsoft-Windows-WMI-Activity","StorageWMI provider started with result code 0x0. HostProcess = wmiprvse.exe; ProcessID = 7000; ProviderPath = %SystemRoot%\System32\storagewmi.dll"
"18-08-2026 18:49:07","5857","Information","Microsoft-Windows-WMI-Activity","WMIProv provider started with result code 0x0. HostProcess = wmiprvse.exe; ProcessID = 6824; ProviderPath = %systemroot%\system32\wbem\wmiprov.dll"
"18-08-2026 18:48:26","5857","Information","Microsoft-Windows-WMI-Activity","Win32_EncryptableVolumeProvider provider started with result code 0x0. HostProcess = wmiprvse.exe; ProcessID = 7000; ProviderPath = C:\Windows\System32\wbem\Win32_EncryptableVolume.dll"
"18-08-2026 18:47:25","5857","Information","Microsoft-Windows-WMI-Activity","Win32_EncryptableVolumeProvider provider started with result code 0x0. HostProcess = wmiprvse.exe; ProcessID = 7000; ProviderPath = C:\Windows\System32\wbem\Win32_EncryptableVolume.dll"
"18-08-2026 18:46:29","5858","Error","Microsoft-Windows-WMI-Activity","Id = {41923527-27BC-4E1F-9053-A1116B92B0FF}; ClientMachine = LIND55MBVC4; User = ENTERPRISE\arjo5004; ClientProcessId = 26808; Component = Unknown; Operation = Start IWbemServices::GetObject - root\cimv2\mdm : \\.\ROOT\cimv2\mdm:MDM_ConfigSetting.SettingName=""JobPurgeIntervalInDays""; ResultCode = 0x80041003; PossibleCause = Unknown"
"18-08-2026 18:46:29","5858","Error","Microsoft-Windows-WMI-Activity","Id = {112AF29E-15A1-414D-8607-8DA99992A6F6}; ClientMachine = LIND55MBVC4; User = ENTERPRISE\arjo5004; ClientProcessId = 26808; Component = Unknown; Operation = Start IWbemServices::GetObject - root\cimv2\mdm : \\.\ROOT\cimv2\mdm:MDM_ConfigSetting.SettingName=""DeployWaitTimeout""; ResultCode = 0x80041003; PossibleCause = Unknown"
"18-08-2026 18:46:29","5858","Error","Microsoft-Windows-WMI-Activity","Id = {6C6D9100-7DA9-468C-BF8F-5928A302A522}; ClientMachine = LIND55MBVC4; User = ENTERPRISE\arjo5004; ClientProcessId = 26808; Component = Unknown; Operation = Start IWbemServices::GetObject - root\cimv2\mdm : \\.\ROOT\cimv2\mdm:MDM_ConfigSetting.SettingName=""BitsJobPriority""; ResultCode = 0x80041003; PossibleCause = Unknown"
"18-08-2026 18:46:29","5858","Error","Microsoft-Windows-WMI-Activity","Id = {447F70EB-8567-45A4-9BCB-858815BAC6E7}; ClientMachine = LIND55MBVC4; User = ENTERPRISE\arjo5004; ClientProcessId = 26808; Component = Unknown; Operation = Start IWbemServices::GetObject - root\cimv2\mdm : \\.\ROOT\cimv2\mdm:MDM_ConfigSetting.SettingName=""CheckCRL""; ResultCode = 0x80041003; PossibleCause = Unknown"
"18-08-2026 18:46:28","5858","Error","Microsoft-Windows-WMI-Activity","Id = {C2D4E5AC-64E9-43F2-B1B4-253098D93E5B}; ClientMachine = LIND55MBVC4; User = ENTERPRISE\arjo5004; ClientProcessId = 26808; Component = Unknown; Operation = Start IWbemServices::GetObject - root\cimv2\mdm : \\.\ROOT\cimv2\mdm:MDM_ConfigSetting.SettingName=""DeploymentRetries""; ResultCode = 0x80041003; PossibleCause = Unknown"
"18-08-2026 18:46:28","5858","Error","Microsoft-Windows-WMI-Activity","Id = {AADB85F2-B7A3-4393-8720-8FD36ED2CA81}; ClientMachine = LIND55MBVC4; User = ENTERPRISE\arjo5004; ClientProcessId = 26808; Component = Unknown; Operation = Start IWbemServices::GetObject - root\cimv2\mdm : \\.\ROOT\cimv2\mdm:MDM_ConfigSetting.SettingName=""BitsNoProgressTimeout""; ResultCode = 0x80041003; PossibleCause = Unknown"
"18-08-2026 18:46:28","5858","Error","Microsoft-Windows-WMI-Activity","Id = {4F1732B5-3863-4857-9815-EDDD8A9F599D}; ClientMachine = LIND55MBVC4; User = ENTERPRISE\arjo5004; ClientProcessId = 26808; Component = Unknown; Operation = Start IWbemServices::GetObject - root\cimv2\mdm : \\.\ROOT\cimv2\mdm:MDM_ConfigSetting.SettingName=""BitsRetryDelay""; ResultCode = 0x80041003; PossibleCause = Unknown"
"18-08-2026 18:46:28","5858","Error","Microsoft-Windows-WMI-Activity","Id = {B552C8F9-9B05-4C3C-B6CD-B2C96211E0A1}; ClientMachine = LIND55MBVC4; User = ENTERPRISE\arjo5004; ClientProcessId = 26808; Component = Unknown; Operation = Start IWbemServices::GetObject - root\cimv2\mdm : \\.\ROOT\cimv2\mdm:MDM_ConfigSetting.SettingName=""BitsNetworCostFlags""; ResultCode = 0x80041003; PossibleCause = Unknown"
"18-08-2026 18:46:28","5858","Error","Microsoft-Windows-WMI-Activity","Id = {B0AE922E-99D9-45EF-B2D5-2F68DD8F65AE}; ClientMachine = LIND55MBVC4; User = NT AUTHORITY\SYSTEM; ClientProcessId = 26808; Component = Unknown; Operation = Start IWbemServices::GetObject - root\cimv2\mdm : \\.\ROOT\cimv2\mdm:MDM_ConfigSetting.SettingName=""LockRequestIssued""; ResultCode = 0x80041002; PossibleCause = Unknown"
"18-08-2026 18:46:28","5858","Error","Microsoft-Windows-WMI-Activity","Id = {A5BCEDC8-7613-403D-8D1E-D9955985960E}; ClientMachine = LIND55MBVC4; User = NT AUTHORITY\SYSTEM; ClientProcessId = 26808; Component = Unknown; Operation = Start IWbemServices::GetObject - root\cimv2\mdm : \\.\ROOT\cimv2\mdm:MDM_ConfigSetting.SettingName=""UnenrollRequestIssued""; ResultCode = 0x80041002; PossibleCause = Unknown"
"18-08-2026 18:46:28","5857","Information","Microsoft-Windows-WMI-Activity","MDMSettingsProv provider started with result code 0x0. HostProcess = wmiprvse.exe; ProcessID = 6824; ProviderPath = %systemroot%\system32\wbem\MDMSettingsProv.dll"
"18-08-2026 18:46:25","5857","Information","Microsoft-Windows-WMI-Activity","Win32_EncryptableVolumeProvider provider started with result code 0x0. HostProcess = wmiprvse.exe; ProcessID = 7000; ProviderPath = C:\Windows\System32\wbem\Win32_EncryptableVolume.dll"
"18-08-2026 18:45:02","5857","Information","Microsoft-Windows-WMI-Activity","NetAdapterCim provider started with result code 0x0. HostProcess = wmiprvse.exe; ProcessID = 22840; ProviderPath = %systemroot%\system32\wbem\NetAdapterCim.dll"
"18-08-2026 18:44:25","5857","Information","Microsoft-Windows-WMI-Activity","Win32_EncryptableVolumeProvider provider started with result code 0x0. HostProcess = wmiprvse.exe; ProcessID = 7000; ProviderPath = C:\Windows\System32\wbem\Win32_EncryptableVolume.dll"
"18-08-2026 18:43:25","5857","Information","Microsoft-Windows-WMI-Activity","Win32_EncryptableVolumeProvider provider started with result code 0x0. HostProcess = wmiprvse.exe; ProcessID = 7000; ProviderPath = C:\Windows\System32\wbem\Win32_EncryptableVolume.dll"
"18-08-2026 18:41:25","5857","Information","Microsoft-Windows-WMI-Activity","Win32_EncryptableVolumeProvider provider started with result code 0x0. HostProcess = wmiprvse.exe; ProcessID = 7000; ProviderPath = C:\Windows\System32\wbem\Win32_EncryptableVolume.dll"
"18-08-2026 18:40:02","5857","Information","Microsoft-Windows-WMI-Activity","NetAdapterCim provider started with result code 0x0. HostProcess = wmiprvse.exe; ProcessID = 5436; ProviderPath = %systemroot%\system32\wbem\NetAdapterCim.dll"
"18-08-2026 18:39:48","5858","Error","Microsoft-Windows-WMI-Activity","Id = {B695977B-EF4B-4EED-8189-4F78636E839F}; ClientMachine = LIND55MBVC4; User = NT AUTHORITY\SYSTEM; ClientProcessId = 3760; Component = Unknown; Operation = Start IWbemServices::ExecQuery - ROOT\CIMV2 : SELECT * FROM Win32_PnPEntity Where deviceid Like '%PCI\\VEN_8086&DEV_7d1d&SUBSYS_0ce81028%&Rev%'; ResultCode = 0x80041032; PossibleCause = Throttling Idle Tasks, refer to CIMOM regkey: ArbTaskMaxIdle"
"18-08-2026 18:39:48","5858","Error","Microsoft-Windows-WMI-Activity","Id = {FAC360FE-DC15-4B5A-B59F-9F28C9734019}; ClientMachine = LIND55MBVC4; User = NT AUTHORITY\SYSTEM; ClientProcessId = 3760; Component = Unknown; Operation = Start IWbemServices::ExecQuery - ROOT\CIMV2 : SELECT * FROM Win32_PnPEntity Where deviceid Like '%PCI\\VEN_8086&DEV_7d1d&SUBSYS_0ce81028%&Rev%'; ResultCode = 0x80041032; PossibleCause = Throttling Idle Tasks, refer to CIMOM regkey: ArbTaskMaxIdle"
"18-08-2026 18:39:48","5858","Error","Microsoft-Windows-WMI-Activity","Id = {6672DC38-608A-4C7D-ACE2-08DF1EC25B12}; ClientMachine = LIND55MBVC4; User = NT AUTHORITY\SYSTEM; ClientProcessId = 3760; Component = Unknown; Operation = Start IWbemServices::ExecQuery - ROOT\CIMV2 : SELECT * FROM Win32_PnPEntity Where deviceid Like '%PCI\\VEN_8086&DEV_7d1d&SUBSYS_0ce81028%&Rev%'; ResultCode = 0x80041032; PossibleCause = Throttling Idle Tasks, refer to CIMOM regkey: ArbTaskMaxIdle"
"18-08-2026 18:39:48","5858","Error","Microsoft-Windows-WMI-Activity","Id = {A0207948-77BC-4237-92D1-B1ACC7657B9D}; ClientMachine = LIND55MBVC4; User = NT AUTHORITY\SYSTEM; ClientProcessId = 3760; Component = Unknown; Operation = Start IWbemServices::ExecQuery - ROOT\CIMV2 : SELECT * FROM Win32_PnPEntity Where deviceid Like '%PCI\\VEN_8086&DEV_7d1d&SUBSYS_0ce81028%&Rev%'; ResultCode = 0x80041032; PossibleCause = Throttling Idle Tasks, refer to CIMOM regkey: ArbTaskMaxIdle"
"18-08-2026 18:39:48","5858","Error","Microsoft-Windows-WMI-Activity","Id = {7D8887E3-9F32-4E4F-B0B9-4DA68F6CAFDE}; ClientMachine = LIND55MBVC4; User = NT AUTHORITY\SYSTEM; ClientProcessId = 3760; Component = Unknown; Operation = Start IWbemServices::ExecQuery - ROOT\CIMV2 : SELECT * FROM Win32_PnPEntity Where deviceid Like '%PCI\\VEN_8086&DEV_7d1d&SUBSYS_0ce81028%&Rev%'; ResultCode = 0x80041032; PossibleCause = Throttling Idle Tasks, refer to CIMOM regkey: ArbTaskMaxIdle"
"18-08-2026 18:39:25","5857","Information","Microsoft-Windows-WMI-Activity","Win32_EncryptableVolumeProvider provider started with result code 0x0. HostProcess = wmiprvse.exe; ProcessID = 7000; ProviderPath = C:\Windows\System32\wbem\Win32_EncryptableVolume.dll"
"18-08-2026 18:38:22","5858","Error","Microsoft-Windows-WMI-Activity","Id = {3AD16C35-A318-46E4-960F-0E7D45E0F69B}; ClientMachine = LIND55MBVC4; User = NT AUTHORITY\SYSTEM; ClientProcessId = 29036; Component = Unknown; Operation = Start IWbemServices::ExecQuery - root\CIMV2\security\microsofttpm : SELECT ManufacturerIdTxt FROM win32_tpm; ResultCode = 0x80041032; PossibleCause = Unknown"
"18-08-2026 18:38:22","5858","Error","Microsoft-Windows-WMI-Activity","Id = {7458350E-B951-459B-B281-A5848EF79F96}; ClientMachine = LIND55MBVC4; User = NT AUTHORITY\SYSTEM; ClientProcessId = 29036; Component = Unknown; Operation = Start IWbemServices::ExecQuery - root\CIMV2\security\microsofttpm : SELECT ManufacturerVersionFull20 FROM win32_tpm; ResultCode = 0x80041032; PossibleCause = Unknown"
"18-08-2026 18:38:22","5857","Information","Microsoft-Windows-WMI-Activity","Win32_TpmProvider provider started with result code 0x0. HostProcess = wmiprvse.exe; ProcessID = 7000; ProviderPath = C:\Windows\System32\wbem\Win32_TPM.dll"
"18-08-2026 18:37:25","5857","Information","Microsoft-Windows-WMI-Activity","Win32_EncryptableVolumeProvider provider started with result code 0x0. HostProcess = wmiprvse.exe; ProcessID = 7000; ProviderPath = C:\Windows\System32\wbem\Win32_EncryptableVolume.dll"
"18-08-2026 18:36:52","5858","Error","Microsoft-Windows-WMI-Activity","Id = {33360AFB-66B2-485F-843F-AB02FB9896AF}; ClientMachine = LIND55MBVC4; User = ENTERPRISE\arjo5004; ClientProcessId = 8692; Component = Unknown; Operation = Start IWbemServices::ExecNotificationQuery - root\cimv2 : SELECT * FROM RegistryValueChangeEvent WHERE Hive = 'HKEY_LOCAL_MACHINE' AND KeyPath = 'SOFTWARE\\Cirrus Logic\\Tunings\\DigitalAudioDisplayDevice' AND ValueName='CLABP_BLOCKED'; ResultCode = 0x80041032; PossibleCause = Unknown"
"18-08-2026 18:36:25","5857","Information","Microsoft-Windows-WMI-Activity","VpnClientPSProvider provider started with result code 0x0. HostProcess = wmiprvse.exe; ProcessID = 7000; ProviderPath = %SYSTEMROOT%\System32\wbem\vpnclientpsprovider.dll"
"18-08-2026 18:36:24","5857","Information","Microsoft-Windows-WMI-Activity","Win32_EncryptableVolumeProvider provider started with result code 0x0. HostProcess = wmiprvse.exe; ProcessID = 7000; ProviderPath = C:\Windows\System32\wbem\Win32_EncryptableVolume.dll"
"18-08-2026 18:35:11","5857","Information","Microsoft-Windows-WMI-Activity","Provider_DiagnosticsServices provider started with result code 0x0. HostProcess = wmiprvse.exe; ProcessID = 28740; ProviderPath = %systemroot%\system32\wbem\wmiprov.dll"
"18-08-2026 18:35:02","5857","Information","Microsoft-Windows-WMI-Activity","NetAdapterCim provider started with result code 0x0. HostProcess = wmiprvse.exe; ProcessID = 27744; ProviderPath = %systemroot%\system32\wbem\NetAdapterCim.dll"
"18-08-2026 18:34:39","5857","Information","Microsoft-Windows-WMI-Activity","Provider_PlatformBios provider started with result code 0x0. HostProcess = wmiprvse.exe; ProcessID = 28740; ProviderPath = %systemroot%\system32\wbem\wmiprov.dll"
"18-08-2026 18:34:24","5860","Information","Microsoft-Windows-WMI-Activity","Namespace = root\cimv2; NotificationQuery = select * from RegistryValueChangeEvent where Hive='HKEY_USERS' AND KeyPath='S-1-12-1-2357405129-1281513531-255772574-1816207334\\Software\\Microsoft\\Windows\\CurrentVersion\\Internet Settings' AND ValueName='ProxyEnable'; UserName = ENTERPRISE\arjo5004; ClientProcessID = 17568, ClientMachine = LIND55MBVC4; PossibleCause = Temporary"
"18-08-2026 18:34:24","5860","Information","Microsoft-Windows-WMI-Activity","Namespace = root\cimv2; NotificationQuery = select * from RegistryValueChangeEvent where Hive='HKEY_USERS' AND KeyPath='S-1-12-1-2357405129-1281513531-255772574-1816207334\\Software\\Microsoft\\Windows\\CurrentVersion\\Internet Settings' AND ValueName='ProxyServer'; UserName = ENTERPRISE\arjo5004; ClientProcessID = 17568, ClientMachine = LIND55MBVC4; PossibleCause = Temporary"
"18-08-2026 18:34:24","5858","Error","Microsoft-Windows-WMI-Activity","Id = {50BB25D3-2CCB-4B00-843F-D90893C439CD}; ClientMachine = LIND55MBVC4; User = ENTERPRISE\arjo5004; ClientProcessId = 17568; Component = Unknown; Operation = Start IWbemServices::ExecNotificationQuery - root\cimv2 : select * from RegistryValueChangeEvent where Hive='HKEY_USERS' AND KeyPath='S-1-12-1-2357405129-1281513531-255772574-1816207334\\Software\\Microsoft\\Windows\\CurrentVersion\\Internet Settings' AND ValueName='ProxyEnable'; ResultCode = 0x80041032; PossibleCause = Unknown"
"18-08-2026 18:34:24","5858","Error","Microsoft-Windows-WMI-Activity","Id = {5CF6EC15-F3CF-4AA3-BC25-B0FC24969C6B}; ClientMachine = LIND55MBVC4; User = ENTERPRISE\arjo5004; ClientProcessId = 17568; Component = Unknown; Operation = Start IWbemServices::ExecNotificationQuery - root\cimv2 : select * from RegistryValueChangeEvent where Hive='HKEY_USERS' AND KeyPath='S-1-12-1-2357405129-1281513531-255772574-1816207334\\Software\\Microsoft\\Windows\\CurrentVersion\\Internet Settings' AND ValueName='ProxyServer'; ResultCode = 0x80041032; PossibleCause = Unknown"
"18-08-2026 18:34:16","5857","Information","Microsoft-Windows-WMI-Activity","VpnClientPSProvider provider started with result code 0x0. HostProcess = wmiprvse.exe; ProcessID = 7000; ProviderPath = %SYSTEMROOT%\System32\wbem\vpnclientpsprovider.dll"
"18-08-2026 18:34:07","5857","Information","Microsoft-Windows-WMI-Activity","MSVDS__PROVIDER provider started with result code 0x0. HostProcess = wmiprvse.exe; ProcessID = 7000; ProviderPath = %systemroot%\system32\wbem\vdswmi.dll"
"18-08-2026 18:34:07","5857","Information","Microsoft-Windows-WMI-Activity","StorageWMI provider started with result code 0x0. HostProcess = wmiprvse.exe; ProcessID = 7000; ProviderPath = %SystemRoot%\System32\storagewmi.dll"
"18-08-2026 18:34:07","5857","Information","Microsoft-Windows-WMI-Activity","WMIProv provider started with result code 0x0. HostProcess = wmiprvse.exe; ProcessID = 6824; ProviderPath = %systemroot%\system32\wbem\wmiprov.dll"
"18-08-2026 18:33:53","5857","Information","Microsoft-Windows-WMI-Activity","Win32_EncryptableVolumeProvider provider started with result code 0x0. HostProcess = wmiprvse.exe; ProcessID = 7000; ProviderPath = C:\Windows\System32\wbem\Win32_EncryptableVolume.dll"
"18-08-2026 18:32:53","5857","Information","Microsoft-Windows-WMI-Activity","Win32_EncryptableVolumeProvider provider started with result code 0x0. HostProcess = wmiprvse.exe; ProcessID = 7000; ProviderPath = C:\Windows\System32\wbem\Win32_EncryptableVolume.dll"
"18-08-2026 18:31:53","5857","Information","Microsoft-Windows-WMI-Activity","Win32_EncryptableVolumeProvider provider started with result code 0x0. HostProcess = wmiprvse.exe; ProcessID = 7000; ProviderPath = C:\Windows\System32\wbem\Win32_EncryptableVolume.dll"
"18-08-2026 18:30:53","5857","Information","Microsoft-Windows-WMI-Activity","Win32_EncryptableVolumeProvider provider started with result code 0x0. HostProcess = wmiprvse.exe; ProcessID = 7000; ProviderPath = C:\Windows\System32\wbem\Win32_EncryptableVolume.dll"
"18-08-2026 18:30:02","5857","Information","Microsoft-Windows-WMI-Activity","NetAdapterCim provider started with result code 0x0. HostProcess = wmiprvse.exe; ProcessID = 27996; ProviderPath = %systemroot%\system32\wbem\NetAdapterCim.dll"
"18-08-2026 18:29:53","5857","Information","Microsoft-Windows-WMI-Activity","Win32_EncryptableVolumeProvider provider started with result code 0x0. HostProcess = wmiprvse.exe; ProcessID = 7000; ProviderPath = C:\Windows\System32\wbem\Win32_EncryptableVolume.dll"
"18-08-2026 18:28:41","5857","Information","Microsoft-Windows-WMI-Activity","DMWmiBridgeProv1 provider started with result code 0x0. HostProcess = wmiprvse.exe; ProcessID = 6824; ProviderPath = %systemroot%\system32\wbem\DMWmiBridgeProv1.dll"
