"12-08-2026 09:47:07","2097","Information","Microsoft-Windows-Windows Firewall With Advanced Security","A rule has been added to the Windows Defender Firewall exception list.

Added Rule:
	Rule ID:	{6CCD2752-E196-493D-BC88-DDDD28F34B1C}
	Rule Name:	Microsoft Edge (mDNS-In)
	Origin:	Local
	Active:	Yes
	Direction:	Inbound
	Profiles:	Private,Domain, Public
	Action:	Allow
	Application Path:	C:\Program Files (x86)\Microsoft\EdgeWebView\Application\151.0.4129.78\msedgewebview2.exe
	Service Name:	
	Protocol:	UDP
	Security Options:	None
	Edge Traversal:	None
	Modifying User:	S-1-5-18
	Modifying Application:	C:\Program Files (x86)\Microsoft\EdgeUpdate\Install\{7E91943D-A129-44D7-9DEA-6B1DA81498AD}\EDGEMITMP_721A7.tmp\setup.exe
	PolicyAppId:	
	Error Code:	0"
"12-08-2026 09:47:07","2099","Information","Microsoft-Windows-Windows Firewall With Advanced Security","A rule has been modified in the Windows Defender Firewall exception list.

Modified Rule:
	Rule ID:	{6CCD2752-E196-493D-BC88-DDDD28F34B1C}
	Rule Name:	Microsoft Edge (mDNS-In)
	Origin:	0
	Active:	Yes
	Direction:	Inbound
	Profiles:	Private,Domain, Public
	Action:	Allow
	Application Path:	C:\Program Files (x86)\Microsoft\EdgeWebView\Application\151.0.4129.78\msedgewebview2.exe
	Service Name:	
	Protocol:	UDP
	Security Options:	None
	Edge Traversal:	None
	Modifying User:	S-1-5-18
	Modifying Application:	C:\Program Files (x86)\Microsoft\EdgeUpdate\Install\{7E91943D-A129-44D7-9DEA-6B1DA81498AD}\EDGEMITMP_721A7.tmp\setup.exe
	PolicyAppId:	
	Error Code:	2"
"12-08-2026 09:22:38","2097","Information","Microsoft-Windows-Windows Firewall With Advanced Security","A rule has been added to the Windows Defender Firewall exception list.

Added Rule:
	Rule ID:	lpacsenseimdscollectorS-1-5-18-Out-Block
	Rule Name:	LpacSenseImdsCollector
	Origin:	Local
	Active:	Yes
	Direction:	Outbound
	Profiles:	Private,Domain, Public
	Action:	Block
	Application Path:	
	Service Name:	
	Protocol:	Any
	Security Options:	None
	Edge Traversal:	None
	Modifying User:	S-1-5-80-3088073201-1464728630-1879813800-1107566885-823218052
	Modifying Application:	C:\Windows\System32\svchost.exe
	PolicyAppId:	
	Error Code:	0"
"12-08-2026 09:22:38","2097","Information","Microsoft-Windows-Windows Firewall With Advanced Security","A rule has been added to the Windows Defender Firewall exception list.

Added Rule:
	Rule ID:	lpacsenseimdscollectorS-1-5-18-In-Block
	Rule Name:	LpacSenseImdsCollector
	Origin:	Local
	Active:	Yes
	Direction:	Inbound
	Profiles:	Private,Domain, Public
	Action:	Block
	Application Path:	
	Service Name:	
	Protocol:	Any
	Security Options:	None
	Edge Traversal:	None
	Modifying User:	S-1-5-80-3088073201-1464728630-1879813800-1107566885-823218052
	Modifying Application:	C:\Windows\System32\svchost.exe
	PolicyAppId:	
	Error Code:	0"
"12-08-2026 09:22:38","2052","Information","Microsoft-Windows-Windows Firewall With Advanced Security","A rule has been deleted in the Windows Defender Firewall exception list.

Deleted Rule:
	Rule ID:	lpacsenseimdscollectorS-1-5-18-In-Block
	Rule Name:	LpacSenseImdsCollector
	Modifying User:	S-1-5-80-3088073201-1464728630-1879813800-1107566885-823218052
	Modifying Application:	C:\Windows\System32\svchost.exe
	Error Code:	0"
"12-08-2026 09:22:38","2052","Information","Microsoft-Windows-Windows Firewall With Advanced Security","A rule has been deleted in the Windows Defender Firewall exception list.

Deleted Rule:
	Rule ID:	lpacsenseimdscollectorS-1-5-18-Out-Block
	Rule Name:	LpacSenseImdsCollector
	Modifying User:	S-1-5-80-3088073201-1464728630-1879813800-1107566885-823218052
	Modifying Application:	C:\Windows\System32\svchost.exe
	Error Code:	0"
"12-08-2026 09:22:00","2097","Information","Microsoft-Windows-Windows Firewall With Advanced Security","A rule has been added to the Windows Defender Firewall exception list.

Added Rule:
	Rule ID:	cr.sb.odmf5200eafd3ad904629cbb0f87a78a3c7211081feS-1-12-1-2357405129-1281513531-255772574-1816207334-Out-Block
	Rule Name:	Chrome Sandbox
	Origin:	Local
	Active:	Yes
	Direction:	Outbound
	Profiles:	Private,Domain, Public
	Action:	Block
	Application Path:	
	Service Name:	
	Protocol:	Any
	Security Options:	None
	Edge Traversal:	None
	Modifying User:	S-1-5-80-3088073201-1464728630-1879813800-1107566885-823218052
	Modifying Application:	C:\Windows\System32\svchost.exe
	PolicyAppId:	
	Error Code:	0"
"12-08-2026 09:22:00","2097","Information","Microsoft-Windows-Windows Firewall With Advanced Security","A rule has been added to the Windows Defender Firewall exception list.

Added Rule:
	Rule ID:	cr.sb.odmf5200eafd3ad904629cbb0f87a78a3c7211081feS-1-12-1-2357405129-1281513531-255772574-1816207334-In-Block
	Rule Name:	Chrome Sandbox
	Origin:	Local
	Active:	Yes
	Direction:	Inbound
	Profiles:	Private,Domain, Public
	Action:	Block
	Application Path:	
	Service Name:	
	Protocol:	Any
	Security Options:	None
	Edge Traversal:	None
	Modifying User:	S-1-5-80-3088073201-1464728630-1879813800-1107566885-823218052
	Modifying Application:	C:\Windows\System32\svchost.exe
	PolicyAppId:	
	Error Code:	0"
"12-08-2026 09:22:00","2052","Information","Microsoft-Windows-Windows Firewall With Advanced Security","A rule has been deleted in the Windows Defender Firewall exception list.

Deleted Rule:
	Rule ID:	cr.sb.odmf5200eafd3ad904629cbb0f87a78a3c7211081feS-1-12-1-2357405129-1281513531-255772574-1816207334-In-Block
	Rule Name:	Chrome Sandbox
	Modifying User:	S-1-5-80-3088073201-1464728630-1879813800-1107566885-823218052
	Modifying Application:	C:\Windows\System32\svchost.exe
	Error Code:	0"
"12-08-2026 09:22:00","2052","Information","Microsoft-Windows-Windows Firewall With Advanced Security","A rule has been deleted in the Windows Defender Firewall exception list.

Deleted Rule:
	Rule ID:	cr.sb.odmf5200eafd3ad904629cbb0f87a78a3c7211081feS-1-12-1-2357405129-1281513531-255772574-1816207334-Out-Block
	Rule Name:	Chrome Sandbox
	Modifying User:	S-1-5-80-3088073201-1464728630-1879813800-1107566885-823218052
	Modifying Application:	C:\Windows\System32\svchost.exe
	Error Code:	0"
"12-08-2026 09:17:42","2097","Information","Microsoft-Windows-Windows Firewall With Advanced Security","A rule has been added to the Windows Defender Firewall exception list.

Added Rule:
	Rule ID:	Microsoft.MicrosoftEdge.Stable_8wekyb3d8bbweS-1-12-1-2357405129-1281513531-255772574-1816207334-Out-Block
	Rule Name:	Microsoft Edge
	Origin:	Local
	Active:	Yes
	Direction:	Outbound
	Profiles:	Private,Domain, Public
	Action:	Block
	Application Path:	
	Service Name:	
	Protocol:	Any
	Security Options:	None
	Edge Traversal:	None
	Modifying User:	S-1-5-80-3088073201-1464728630-1879813800-1107566885-823218052
	Modifying Application:	C:\Windows\System32\svchost.exe
	PolicyAppId:	
	Error Code:	0"
"12-08-2026 09:17:42","2097","Information","Microsoft-Windows-Windows Firewall With Advanced Security","A rule has been added to the Windows Defender Firewall exception list.

Added Rule:
	Rule ID:	Microsoft.MicrosoftEdge.Stable_8wekyb3d8bbweS-1-12-1-2357405129-1281513531-255772574-1816207334-In-Block
	Rule Name:	Microsoft Edge
	Origin:	Local
	Active:	Yes
	Direction:	Inbound
	Profiles:	Private,Domain, Public
	Action:	Block
	Application Path:	
	Service Name:	
	Protocol:	Any
	Security Options:	None
	Edge Traversal:	None
	Modifying User:	S-1-5-80-3088073201-1464728630-1879813800-1107566885-823218052
	Modifying Application:	C:\Windows\System32\svchost.exe
	PolicyAppId:	
	Error Code:	0"
"12-08-2026 09:17:42","2052","Information","Microsoft-Windows-Windows Firewall With Advanced Security","A rule has been deleted in the Windows Defender Firewall exception list.

Deleted Rule:
	Rule ID:	Microsoft.MicrosoftEdge.Stable_8wekyb3d8bbweS-1-12-1-2357405129-1281513531-255772574-1816207334-In-Block
	Rule Name:	Microsoft Edge
	Modifying User:	S-1-5-80-3088073201-1464728630-1879813800-1107566885-823218052
	Modifying Application:	C:\Windows\System32\svchost.exe
	Error Code:	0"
"12-08-2026 09:17:42","2052","Information","Microsoft-Windows-Windows Firewall With Advanced Security","A rule has been deleted in the Windows Defender Firewall exception list.

Deleted Rule:
	Rule ID:	Microsoft.MicrosoftEdge.Stable_8wekyb3d8bbweS-1-12-1-2357405129-1281513531-255772574-1816207334-Out-Block
	Rule Name:	Microsoft Edge
	Modifying User:	S-1-5-80-3088073201-1464728630-1879813800-1107566885-823218052
	Modifying Application:	C:\Windows\System32\svchost.exe
	Error Code:	0"
"12-08-2026 09:01:39","2097","Information","Microsoft-Windows-Windows Firewall With Advanced Security","A rule has been added to the Windows Defender Firewall exception list.

Added Rule:
	Rule ID:	1_https___agave.myanalytics.cdn.office.net04aca5ecS-1-12-1-2357405129-1281513531-255772574-1816207334-Out-Allow-InternetClient
	Rule Name:	1_https___agave.myanalytics.cdn.office.net
	Origin:	Local
	Active:	Yes
	Direction:	Outbound
	Profiles:	Private,Domain, Public
	Action:	Allow
	Application Path:	
	Service Name:	
	Protocol:	Any
	Security Options:	None
	Edge Traversal:	None
	Modifying User:	S-1-5-80-3088073201-1464728630-1879813800-1107566885-823218052
	Modifying Application:	C:\Windows\System32\svchost.exe
	PolicyAppId:	
	Error Code:	0"
"12-08-2026 09:01:39","2097","Information","Microsoft-Windows-Windows Firewall With Advanced Security","A rule has been added to the Windows Defender Firewall exception list.

Added Rule:
	Rule ID:	1_https___agave.myanalytics.cdn.office.net04aca5ecS-1-12-1-2357405129-1281513531-255772574-1816207334-Out-Allow-Intranet-Authenticate
	Rule Name:	1_https___agave.myanalytics.cdn.office.net
	Origin:	Local
	Active:	Yes
	Direction:	Outbound
	Profiles:	Public, Private
	Action:	Allow
	Application Path:	
	Service Name:	
	Protocol:	Any
	Security Options:	Require Authentication
	Edge Traversal:	None
	Modifying User:	S-1-5-80-3088073201-1464728630-1879813800-1107566885-823218052
	Modifying Application:	C:\Windows\System32\svchost.exe
	PolicyAppId:	
	Error Code:	0"
"12-08-2026 09:01:39","2097","Information","Microsoft-Windows-Windows Firewall With Advanced Security","A rule has been added to the Windows Defender Firewall exception list.

Added Rule:
	Rule ID:	1_https___agave.myanalytics.cdn.office.net04aca5ecS-1-12-1-2357405129-1281513531-255772574-1816207334-In-Allow-Intranet-Authenticate
	Rule Name:	1_https___agave.myanalytics.cdn.office.net
	Origin:	Local
	Active:	Yes
	Direction:	Inbound
	Profiles:	Public, Private
	Action:	Allow
	Application Path:	
	Service Name:	
	Protocol:	Any
	Security Options:	Require Authentication
	Edge Traversal:	None
	Modifying User:	S-1-5-80-3088073201-1464728630-1879813800-1107566885-823218052
	Modifying Application:	C:\Windows\System32\svchost.exe
	PolicyAppId:	
	Error Code:	0"
"12-08-2026 09:01:39","2097","Information","Microsoft-Windows-Windows Firewall With Advanced Security","A rule has been added to the Windows Defender Firewall exception list.

Added Rule:
	Rule ID:	1_https___agave.myanalytics.cdn.office.net04aca5ecS-1-12-1-2357405129-1281513531-255772574-1816207334-Out-Allow-Intranet
	Rule Name:	1_https___agave.myanalytics.cdn.office.net
	Origin:	Local
	Active:	Yes
	Direction:	Outbound
	Profiles:	Private,Domain, Public
	Action:	Allow
	Application Path:	
	Service Name:	
	Protocol:	Any
	Security Options:	None
	Edge Traversal:	None
	Modifying User:	S-1-5-80-3088073201-1464728630-1879813800-1107566885-823218052
	Modifying Application:	C:\Windows\System32\svchost.exe
	PolicyAppId:	
	Error Code:	0"
"12-08-2026 09:01:39","2097","Information","Microsoft-Windows-Windows Firewall With Advanced Security","A rule has been added to the Windows Defender Firewall exception list.

Added Rule:
	Rule ID:	1_https___agave.myanalytics.cdn.office.net04aca5ecS-1-12-1-2357405129-1281513531-255772574-1816207334-In-Allow-Intranet
	Rule Name:	1_https___agave.myanalytics.cdn.office.net
	Origin:	Local
	Active:	Yes
	Direction:	Inbound
	Profiles:	Private,Domain, Public
	Action:	Allow
	Application Path:	
	Service Name:	
	Protocol:	Any
	Security Options:	None
	Edge Traversal:	None
	Modifying User:	S-1-5-80-3088073201-1464728630-1879813800-1107566885-823218052
	Modifying Application:	C:\Windows\System32\svchost.exe
	PolicyAppId:	
	Error Code:	0"
"12-08-2026 09:01:39","2097","Information","Microsoft-Windows-Windows Firewall With Advanced Security","A rule has been added to the Windows Defender Firewall exception list.

Added Rule:
	Rule ID:	1_https___agave.myanalytics.cdn.office.net04aca5ecS-1-12-1-2357405129-1281513531-255772574-1816207334-Out-Block
	Rule Name:	1_https___agave.myanalytics.cdn.office.net
	Origin:	Local
	Active:	Yes
	Direction:	Outbound
	Profiles:	Private,Domain, Public
	Action:	Block
	Application Path:	
	Service Name:	
	Protocol:	Any
	Security Options:	None
	Edge Traversal:	None
	Modifying User:	S-1-5-80-3088073201-1464728630-1879813800-1107566885-823218052
	Modifying Application:	C:\Windows\System32\svchost.exe
	PolicyAppId:	
	Error Code:	0"
"12-08-2026 09:01:39","2097","Information","Microsoft-Windows-Windows Firewall With Advanced Security","A rule has been added to the Windows Defender Firewall exception list.

Added Rule:
	Rule ID:	1_https___agave.myanalytics.cdn.office.net04aca5ecS-1-12-1-2357405129-1281513531-255772574-1816207334-In-Block
	Rule Name:	1_https___agave.myanalytics.cdn.office.net
	Origin:	Local
	Active:	Yes
	Direction:	Inbound
	Profiles:	Private,Domain, Public
	Action:	Block
	Application Path:	
	Service Name:	
	Protocol:	Any
	Security Options:	None
	Edge Traversal:	None
	Modifying User:	S-1-5-80-3088073201-1464728630-1879813800-1107566885-823218052
	Modifying Application:	C:\Windows\System32\svchost.exe
	PolicyAppId:	
	Error Code:	0"
"12-08-2026 09:01:39","2052","Information","Microsoft-Windows-Windows Firewall With Advanced Security","A rule has been deleted in the Windows Defender Firewall exception list.

Deleted Rule:
	Rule ID:	1_https___agave.myanalytics.cdn.office.net04aca5ecS-1-12-1-2357405129-1281513531-255772574-1816207334-In-Block
	Rule Name:	1_https___agave.myanalytics.cdn.office.net
	Modifying User:	S-1-5-80-3088073201-1464728630-1879813800-1107566885-823218052
	Modifying Application:	C:\Windows\System32\svchost.exe
	Error Code:	0"
"12-08-2026 09:01:39","2052","Information","Microsoft-Windows-Windows Firewall With Advanced Security","A rule has been deleted in the Windows Defender Firewall exception list.

Deleted Rule:
	Rule ID:	1_https___agave.myanalytics.cdn.office.net04aca5ecS-1-12-1-2357405129-1281513531-255772574-1816207334-Out-Block
	Rule Name:	1_https___agave.myanalytics.cdn.office.net
	Modifying User:	S-1-5-80-3088073201-1464728630-1879813800-1107566885-823218052
	Modifying Application:	C:\Windows\System32\svchost.exe
	Error Code:	0"
"12-08-2026 09:01:39","2052","Information","Microsoft-Windows-Windows Firewall With Advanced Security","A rule has been deleted in the Windows Defender Firewall exception list.

Deleted Rule:
	Rule ID:	1_https___agave.myanalytics.cdn.office.net04aca5ecS-1-12-1-2357405129-1281513531-255772574-1816207334-In-Allow-Intranet
	Rule Name:	1_https___agave.myanalytics.cdn.office.net
	Modifying User:	S-1-5-80-3088073201-1464728630-1879813800-1107566885-823218052
	Modifying Application:	C:\Windows\System32\svchost.exe
	Error Code:	0"
"12-08-2026 09:01:39","2052","Information","Microsoft-Windows-Windows Firewall With Advanced Security","A rule has been deleted in the Windows Defender Firewall exception list.

Deleted Rule:
	Rule ID:	1_https___agave.myanalytics.cdn.office.net04aca5ecS-1-12-1-2357405129-1281513531-255772574-1816207334-Out-Allow-Intranet
	Rule Name:	1_https___agave.myanalytics.cdn.office.net
	Modifying User:	S-1-5-80-3088073201-1464728630-1879813800-1107566885-823218052
	Modifying Application:	C:\Windows\System32\svchost.exe
	Error Code:	0"
"12-08-2026 09:01:39","2052","Information","Microsoft-Windows-Windows Firewall With Advanced Security","A rule has been deleted in the Windows Defender Firewall exception list.

Deleted Rule:
	Rule ID:	1_https___agave.myanalytics.cdn.office.net04aca5ecS-1-12-1-2357405129-1281513531-255772574-1816207334-In-Allow-Intranet-Authenticate
	Rule Name:	1_https___agave.myanalytics.cdn.office.net
	Modifying User:	S-1-5-80-3088073201-1464728630-1879813800-1107566885-823218052
	Modifying Application:	C:\Windows\System32\svchost.exe
	Error Code:	0"
"12-08-2026 09:01:39","2052","Information","Microsoft-Windows-Windows Firewall With Advanced Security","A rule has been deleted in the Windows Defender Firewall exception list.

Deleted Rule:
	Rule ID:	1_https___agave.myanalytics.cdn.office.net04aca5ecS-1-12-1-2357405129-1281513531-255772574-1816207334-Out-Allow-Intranet-Authenticate
	Rule Name:	1_https___agave.myanalytics.cdn.office.net
	Modifying User:	S-1-5-80-3088073201-1464728630-1879813800-1107566885-823218052
	Modifying Application:	C:\Windows\System32\svchost.exe
	Error Code:	0"
"12-08-2026 09:01:39","2052","Information","Microsoft-Windows-Windows Firewall With Advanced Security","A rule has been deleted in the Windows Defender Firewall exception list.

Deleted Rule:
	Rule ID:	1_https___agave.myanalytics.cdn.office.net04aca5ecS-1-12-1-2357405129-1281513531-255772574-1816207334-Out-Allow-InternetClient
	Rule Name:	1_https___agave.myanalytics.cdn.office.net
	Modifying User:	S-1-5-80-3088073201-1464728630-1879813800-1107566885-823218052
	Modifying Application:	C:\Windows\System32\svchost.exe
	Error Code:	0"
"12-08-2026 08:59:12","2097","Information","Microsoft-Windows-Windows Firewall With Advanced Security","A rule has been added to the Windows Defender Firewall exception list.

Added Rule:
	Rule ID:	1_https___agave.myanalytics.cdn.office.net04aca5ecS-1-12-1-2357405129-1281513531-255772574-1816207334-Out-Allow-InternetClient
	Rule Name:	1_https___agave.myanalytics.cdn.office.net
	Origin:	Local
	Active:	Yes
	Direction:	Outbound
	Profiles:	Private,Domain, Public
	Action:	Allow
	Application Path:	
	Service Name:	
	Protocol:	Any
	Security Options:	None
	Edge Traversal:	None
	Modifying User:	S-1-5-80-3088073201-1464728630-1879813800-1107566885-823218052
	Modifying Application:	C:\Windows\System32\svchost.exe
	PolicyAppId:	
	Error Code:	0"
"12-08-2026 08:59:12","2097","Information","Microsoft-Windows-Windows Firewall With Advanced Security","A rule has been added to the Windows Defender Firewall exception list.

Added Rule:
	Rule ID:	1_https___agave.myanalytics.cdn.office.net04aca5ecS-1-12-1-2357405129-1281513531-255772574-1816207334-Out-Allow-Intranet-Authenticate
	Rule Name:	1_https___agave.myanalytics.cdn.office.net
	Origin:	Local
	Active:	Yes
	Direction:	Outbound
	Profiles:	Public, Private
	Action:	Allow
	Application Path:	
	Service Name:	
	Protocol:	Any
	Security Options:	Require Authentication
	Edge Traversal:	None
	Modifying User:	S-1-5-80-3088073201-1464728630-1879813800-1107566885-823218052
	Modifying Application:	C:\Windows\System32\svchost.exe
	PolicyAppId:	
	Error Code:	0"
"12-08-2026 08:59:12","2097","Information","Microsoft-Windows-Windows Firewall With Advanced Security","A rule has been added to the Windows Defender Firewall exception list.

Added Rule:
	Rule ID:	1_https___agave.myanalytics.cdn.office.net04aca5ecS-1-12-1-2357405129-1281513531-255772574-1816207334-In-Allow-Intranet-Authenticate
	Rule Name:	1_https___agave.myanalytics.cdn.office.net
	Origin:	Local
	Active:	Yes
	Direction:	Inbound
	Profiles:	Public, Private
	Action:	Allow
	Application Path:	
	Service Name:	
	Protocol:	Any
	Security Options:	Require Authentication
	Edge Traversal:	None
	Modifying User:	S-1-5-80-3088073201-1464728630-1879813800-1107566885-823218052
	Modifying Application:	C:\Windows\System32\svchost.exe
	PolicyAppId:	
	Error Code:	0"
"12-08-2026 08:59:12","2097","Information","Microsoft-Windows-Windows Firewall With Advanced Security","A rule has been added to the Windows Defender Firewall exception list.

Added Rule:
	Rule ID:	1_https___agave.myanalytics.cdn.office.net04aca5ecS-1-12-1-2357405129-1281513531-255772574-1816207334-Out-Allow-Intranet
	Rule Name:	1_https___agave.myanalytics.cdn.office.net
	Origin:	Local
	Active:	Yes
	Direction:	Outbound
	Profiles:	Private,Domain, Public
	Action:	Allow
	Application Path:	
	Service Name:	
	Protocol:	Any
	Security Options:	None
	Edge Traversal:	None
	Modifying User:	S-1-5-80-3088073201-1464728630-1879813800-1107566885-823218052
	Modifying Application:	C:\Windows\System32\svchost.exe
	PolicyAppId:	
	Error Code:	0"
"12-08-2026 08:59:12","2097","Information","Microsoft-Windows-Windows Firewall With Advanced Security","A rule has been added to the Windows Defender Firewall exception list.

Added Rule:
	Rule ID:	1_https___agave.myanalytics.cdn.office.net04aca5ecS-1-12-1-2357405129-1281513531-255772574-1816207334-In-Allow-Intranet
	Rule Name:	1_https___agave.myanalytics.cdn.office.net
	Origin:	Local
	Active:	Yes
	Direction:	Inbound
	Profiles:	Private,Domain, Public
	Action:	Allow
	Application Path:	
	Service Name:	
	Protocol:	Any
	Security Options:	None
	Edge Traversal:	None
	Modifying User:	S-1-5-80-3088073201-1464728630-1879813800-1107566885-823218052
	Modifying Application:	C:\Windows\System32\svchost.exe
	PolicyAppId:	
	Error Code:	0"
"12-08-2026 08:59:12","2097","Information","Microsoft-Windows-Windows Firewall With Advanced Security","A rule has been added to the Windows Defender Firewall exception list.

Added Rule:
	Rule ID:	1_https___agave.myanalytics.cdn.office.net04aca5ecS-1-12-1-2357405129-1281513531-255772574-1816207334-Out-Block
	Rule Name:	1_https___agave.myanalytics.cdn.office.net
	Origin:	Local
	Active:	Yes
	Direction:	Outbound
	Profiles:	Private,Domain, Public
	Action:	Block
	Application Path:	
	Service Name:	
	Protocol:	Any
	Security Options:	None
	Edge Traversal:	None
	Modifying User:	S-1-5-80-3088073201-1464728630-1879813800-1107566885-823218052
	Modifying Application:	C:\Windows\System32\svchost.exe
	PolicyAppId:	
	Error Code:	0"
"12-08-2026 08:59:12","2097","Information","Microsoft-Windows-Windows Firewall With Advanced Security","A rule has been added to the Windows Defender Firewall exception list.

Added Rule:
	Rule ID:	1_https___agave.myanalytics.cdn.office.net04aca5ecS-1-12-1-2357405129-1281513531-255772574-1816207334-In-Block
	Rule Name:	1_https___agave.myanalytics.cdn.office.net
	Origin:	Local
	Active:	Yes
	Direction:	Inbound
	Profiles:	Private,Domain, Public
	Action:	Block
	Application Path:	
	Service Name:	
	Protocol:	Any
	Security Options:	None
	Edge Traversal:	None
	Modifying User:	S-1-5-80-3088073201-1464728630-1879813800-1107566885-823218052
	Modifying Application:	C:\Windows\System32\svchost.exe
	PolicyAppId:	
	Error Code:	0"
"12-08-2026 08:59:12","2052","Information","Microsoft-Windows-Windows Firewall With Advanced Security","A rule has been deleted in the Windows Defender Firewall exception list.

Deleted Rule:
	Rule ID:	1_https___agave.myanalytics.cdn.office.net04aca5ecS-1-12-1-2357405129-1281513531-255772574-1816207334-In-Block
	Rule Name:	1_https___agave.myanalytics.cdn.office.net
	Modifying User:	S-1-5-80-3088073201-1464728630-1879813800-1107566885-823218052
	Modifying Application:	C:\Windows\System32\svchost.exe
	Error Code:	0"
"12-08-2026 08:59:12","2052","Information","Microsoft-Windows-Windows Firewall With Advanced Security","A rule has been deleted in the Windows Defender Firewall exception list.

Deleted Rule:
	Rule ID:	1_https___agave.myanalytics.cdn.office.net04aca5ecS-1-12-1-2357405129-1281513531-255772574-1816207334-Out-Block
	Rule Name:	1_https___agave.myanalytics.cdn.office.net
	Modifying User:	S-1-5-80-3088073201-1464728630-1879813800-1107566885-823218052
	Modifying Application:	C:\Windows\System32\svchost.exe
	Error Code:	0"
"12-08-2026 08:59:12","2052","Information","Microsoft-Windows-Windows Firewall With Advanced Security","A rule has been deleted in the Windows Defender Firewall exception list.

Deleted Rule:
	Rule ID:	1_https___agave.myanalytics.cdn.office.net04aca5ecS-1-12-1-2357405129-1281513531-255772574-1816207334-In-Allow-Intranet
	Rule Name:	1_https___agave.myanalytics.cdn.office.net
	Modifying User:	S-1-5-80-3088073201-1464728630-1879813800-1107566885-823218052
	Modifying Application:	C:\Windows\System32\svchost.exe
	Error Code:	0"
"12-08-2026 08:59:12","2052","Information","Microsoft-Windows-Windows Firewall With Advanced Security","A rule has been deleted in the Windows Defender Firewall exception list.

Deleted Rule:
	Rule ID:	1_https___agave.myanalytics.cdn.office.net04aca5ecS-1-12-1-2357405129-1281513531-255772574-1816207334-Out-Allow-Intranet
	Rule Name:	1_https___agave.myanalytics.cdn.office.net
	Modifying User:	S-1-5-80-3088073201-1464728630-1879813800-1107566885-823218052
	Modifying Application:	C:\Windows\System32\svchost.exe
	Error Code:	0"
"12-08-2026 08:59:12","2052","Information","Microsoft-Windows-Windows Firewall With Advanced Security","A rule has been deleted in the Windows Defender Firewall exception list.

Deleted Rule:
	Rule ID:	1_https___agave.myanalytics.cdn.office.net04aca5ecS-1-12-1-2357405129-1281513531-255772574-1816207334-In-Allow-Intranet-Authenticate
	Rule Name:	1_https___agave.myanalytics.cdn.office.net
	Modifying User:	S-1-5-80-3088073201-1464728630-1879813800-1107566885-823218052
	Modifying Application:	C:\Windows\System32\svchost.exe
	Error Code:	0"
"12-08-2026 08:59:12","2052","Information","Microsoft-Windows-Windows Firewall With Advanced Security","A rule has been deleted in the Windows Defender Firewall exception list.

Deleted Rule:
	Rule ID:	1_https___agave.myanalytics.cdn.office.net04aca5ecS-1-12-1-2357405129-1281513531-255772574-1816207334-Out-Allow-Intranet-Authenticate
	Rule Name:	1_https___agave.myanalytics.cdn.office.net
	Modifying User:	S-1-5-80-3088073201-1464728630-1879813800-1107566885-823218052
	Modifying Application:	C:\Windows\System32\svchost.exe
	Error Code:	0"
"12-08-2026 08:59:12","2052","Information","Microsoft-Windows-Windows Firewall With Advanced Security","A rule has been deleted in the Windows Defender Firewall exception list.

Deleted Rule:
	Rule ID:	1_https___agave.myanalytics.cdn.office.net04aca5ecS-1-12-1-2357405129-1281513531-255772574-1816207334-Out-Allow-InternetClient
	Rule Name:	1_https___agave.myanalytics.cdn.office.net
	Modifying User:	S-1-5-80-3088073201-1464728630-1879813800-1107566885-823218052
	Modifying Application:	C:\Windows\System32\svchost.exe
	Error Code:	0"
"12-08-2026 08:55:53","2097","Information","Microsoft-Windows-Windows Firewall With Advanced Security","A rule has been added to the Windows Defender Firewall exception list.

Added Rule:
	Rule ID:	{7A136EA7-D4E3-436A-BE60-8CD445EE2AE5}
	Rule Name:	Microsoft Edge (mDNS-In)
	Origin:	Local
	Active:	Yes
	Direction:	Inbound
	Profiles:	Private,Domain, Public
	Action:	Allow
	Application Path:	C:\Program Files (x86)\Microsoft\Edge\Application\msedge.exe
	Service Name:	
	Protocol:	UDP
	Security Options:	None
	Edge Traversal:	None
	Modifying User:	S-1-5-18
	Modifying Application:	C:\Program Files (x86)\Microsoft\EdgeUpdate\Install\{78D79E09-252A-43A0-ACA4-A9856CA22DF8}\EDGEMITMP_148ED.tmp\setup.exe
	PolicyAppId:	
	Error Code:	0"
"12-08-2026 08:55:53","2099","Information","Microsoft-Windows-Windows Firewall With Advanced Security","A rule has been modified in the Windows Defender Firewall exception list.

Modified Rule:
	Rule ID:	{7A136EA7-D4E3-436A-BE60-8CD445EE2AE5}
	Rule Name:	Microsoft Edge (mDNS-In)
	Origin:	0
	Active:	Yes
	Direction:	Inbound
	Profiles:	Private,Domain, Public
	Action:	Allow
	Application Path:	C:\Program Files (x86)\Microsoft\Edge\Application\msedge.exe
	Service Name:	
	Protocol:	UDP
	Security Options:	None
	Edge Traversal:	None
	Modifying User:	S-1-5-18
	Modifying Application:	C:\Program Files (x86)\Microsoft\EdgeUpdate\Install\{78D79E09-252A-43A0-ACA4-A9856CA22DF8}\EDGEMITMP_148ED.tmp\setup.exe
	PolicyAppId:	
	Error Code:	2"
"12-08-2026 08:55:53","2052","Information","Microsoft-Windows-Windows Firewall With Advanced Security","A rule has been deleted in the Windows Defender Firewall exception list.

Deleted Rule:
	Rule ID:	{BDC2947F-B5FF-4177-BBB0-1B4E6237BD82}
	Rule Name:	b14db3df-f736-450f-9abb-f9baff98a026
	Modifying User:	S-1-5-18
	Modifying Application:	C:\Program Files (x86)\Microsoft\EdgeUpdate\Install\{78D79E09-252A-43A0-ACA4-A9856CA22DF8}\EDGEMITMP_148ED.tmp\setup.exe
	Error Code:	0"
"12-08-2026 08:55:53","2099","Information","Microsoft-Windows-Windows Firewall With Advanced Security","A rule has been modified in the Windows Defender Firewall exception list.

Modified Rule:
	Rule ID:	{BDC2947F-B5FF-4177-BBB0-1B4E6237BD82}
	Rule Name:	b14db3df-f736-450f-9abb-f9baff98a026
	Origin:	Local
	Active:	Yes
	Direction:	Inbound
	Profiles:	Private,Domain, Public
	Action:	Allow
	Application Path:	C:\Program Files (x86)\Microsoft\Edge\Application\msedge.exe
	Service Name:	
	Protocol:	UDP
	Security Options:	None
	Edge Traversal:	None
	Modifying User:	S-1-5-18
	Modifying Application:	C:\Program Files (x86)\Microsoft\EdgeUpdate\Install\{78D79E09-252A-43A0-ACA4-A9856CA22DF8}\EDGEMITMP_148ED.tmp\setup.exe
	PolicyAppId:	
	Error Code:	0"
"12-08-2026 08:55:21","2097","Information","Microsoft-Windows-Windows Firewall With Advanced Security","A rule has been added to the Windows Defender Firewall exception list.

Added Rule:
	Rule ID:	lpacsensendrS-1-5-18-Out-Block
	Rule Name:	LpacSenseNdr
	Origin:	Local
	Active:	Yes
	Direction:	Outbound
	Profiles:	Private,Domain, Public
	Action:	Block
	Application Path:	
	Service Name:	
	Protocol:	Any
	Security Options:	None
	Edge Traversal:	None
	Modifying User:	S-1-5-80-3088073201-1464728630-1879813800-1107566885-823218052
	Modifying Application:	C:\Windows\System32\svchost.exe
	PolicyAppId:	
	Error Code:	0"
"12-08-2026 08:55:21","2097","Information","Microsoft-Windows-Windows Firewall With Advanced Security","A rule has been added to the Windows Defender Firewall exception list.

Added Rule:
	Rule ID:	lpacsensendrS-1-5-18-In-Block
	Rule Name:	LpacSenseNdr
	Origin:	Local
	Active:	Yes
	Direction:	Inbound
	Profiles:	Private,Domain, Public
	Action:	Block
	Application Path:	
	Service Name:	
	Protocol:	Any
	Security Options:	None
	Edge Traversal:	None
	Modifying User:	S-1-5-80-3088073201-1464728630-1879813800-1107566885-823218052
	Modifying Application:	C:\Windows\System32\svchost.exe
	PolicyAppId:	
	Error Code:	0"
"12-08-2026 08:55:21","2052","Information","Microsoft-Windows-Windows Firewall With Advanced Security","A rule has been deleted in the Windows Defender Firewall exception list.

Deleted Rule:
	Rule ID:	lpacsensendrS-1-5-18-In-Block
	Rule Name:	LpacSenseNdr
	Modifying User:	S-1-5-80-3088073201-1464728630-1879813800-1107566885-823218052
	Modifying Application:	C:\Windows\System32\svchost.exe
	Error Code:	0"
"12-08-2026 08:55:21","2052","Information","Microsoft-Windows-Windows Firewall With Advanced Security","A rule has been deleted in the Windows Defender Firewall exception list.

Deleted Rule:
	Rule ID:	lpacsensendrS-1-5-18-Out-Block
	Rule Name:	LpacSenseNdr
	Modifying User:	S-1-5-80-3088073201-1464728630-1879813800-1107566885-823218052
	Modifying Application:	C:\Windows\System32\svchost.exe
	Error Code:	0"
"12-08-2026 03:29:20","2097","Information","Microsoft-Windows-Windows Firewall With Advanced Security","A rule has been added to the Windows Defender Firewall exception list.

Added Rule:
	Rule ID:	lpacsensendrS-1-5-18-Out-Block
	Rule Name:	LpacSenseNdr
	Origin:	Local
	Active:	Yes
	Direction:	Outbound
	Profiles:	Private,Domain, Public
	Action:	Block
	Application Path:	
	Service Name:	
	Protocol:	Any
	Security Options:	None
	Edge Traversal:	None
	Modifying User:	S-1-5-80-3088073201-1464728630-1879813800-1107566885-823218052
	Modifying Application:	C:\Windows\System32\svchost.exe
	PolicyAppId:	
	Error Code:	0"
"12-08-2026 03:29:20","2097","Information","Microsoft-Windows-Windows Firewall With Advanced Security","A rule has been added to the Windows Defender Firewall exception list.

Added Rule:
	Rule ID:	lpacsensendrS-1-5-18-In-Block
	Rule Name:	LpacSenseNdr
	Origin:	Local
	Active:	Yes
	Direction:	Inbound
	Profiles:	Private,Domain, Public
	Action:	Block
	Application Path:	
	Service Name:	
	Protocol:	Any
	Security Options:	None
	Edge Traversal:	None
	Modifying User:	S-1-5-80-3088073201-1464728630-1879813800-1107566885-823218052
	Modifying Application:	C:\Windows\System32\svchost.exe
	PolicyAppId:	
	Error Code:	0"
"12-08-2026 03:29:20","2052","Information","Microsoft-Windows-Windows Firewall With Advanced Security","A rule has been deleted in the Windows Defender Firewall exception list.

Deleted Rule:
	Rule ID:	lpacsensendrS-1-5-18-In-Block
	Rule Name:	LpacSenseNdr
	Modifying User:	S-1-5-80-3088073201-1464728630-1879813800-1107566885-823218052
	Modifying Application:	C:\Windows\System32\svchost.exe
	Error Code:	0"
"12-08-2026 03:29:20","2052","Information","Microsoft-Windows-Windows Firewall With Advanced Security","A rule has been deleted in the Windows Defender Firewall exception list.

Deleted Rule:
	Rule ID:	lpacsensendrS-1-5-18-Out-Block
	Rule Name:	LpacSenseNdr
	Modifying User:	S-1-5-80-3088073201-1464728630-1879813800-1107566885-823218052
	Modifying Application:	C:\Windows\System32\svchost.exe
	Error Code:	0"
"12-08-2026 03:27:25","2097","Information","Microsoft-Windows-Windows Firewall With Advanced Security","A rule has been added to the Windows Defender Firewall exception list.

Added Rule:
	Rule ID:	lpacsensendrS-1-5-18-Out-Block
	Rule Name:	LpacSenseNdr
	Origin:	Local
	Active:	Yes
	Direction:	Outbound
	Profiles:	Private,Domain, Public
	Action:	Block
	Application Path:	
	Service Name:	
	Protocol:	Any
	Security Options:	None
	Edge Traversal:	None
	Modifying User:	S-1-5-80-3088073201-1464728630-1879813800-1107566885-823218052
	Modifying Application:	C:\Windows\System32\svchost.exe
	PolicyAppId:	
	Error Code:	0"
"12-08-2026 03:27:25","2097","Information","Microsoft-Windows-Windows Firewall With Advanced Security","A rule has been added to the Windows Defender Firewall exception list.

Added Rule:
	Rule ID:	lpacsensendrS-1-5-18-In-Block
	Rule Name:	LpacSenseNdr
	Origin:	Local
	Active:	Yes
	Direction:	Inbound
	Profiles:	Private,Domain, Public
	Action:	Block
	Application Path:	
	Service Name:	
	Protocol:	Any
	Security Options:	None
	Edge Traversal:	None
	Modifying User:	S-1-5-80-3088073201-1464728630-1879813800-1107566885-823218052
	Modifying Application:	C:\Windows\System32\svchost.exe
	PolicyAppId:	
	Error Code:	0"
"12-08-2026 03:27:25","2052","Information","Microsoft-Windows-Windows Firewall With Advanced Security","A rule has been deleted in the Windows Defender Firewall exception list.

Deleted Rule:
	Rule ID:	lpacsensendrS-1-5-18-In-Block
	Rule Name:	LpacSenseNdr
	Modifying User:	S-1-5-80-3088073201-1464728630-1879813800-1107566885-823218052
	Modifying Application:	C:\Windows\System32\svchost.exe
	Error Code:	0"
"12-08-2026 03:27:25","2052","Information","Microsoft-Windows-Windows Firewall With Advanced Security","A rule has been deleted in the Windows Defender Firewall exception list.

Deleted Rule:
	Rule ID:	lpacsensendrS-1-5-18-Out-Block
	Rule Name:	LpacSenseNdr
	Modifying User:	S-1-5-80-3088073201-1464728630-1879813800-1107566885-823218052
	Modifying Application:	C:\Windows\System32\svchost.exe
	Error Code:	0"
"12-08-2026 03:27:25","2010","Information","Microsoft-Windows-Windows Firewall With Advanced Security","Network profile changed on an interface.

Adapter GUID:	{556d9bdf-d387-4ab9-be4c-a7e220faf218}
Adapter Name:	wireless_32768
Old Profile:	None
New Profile:	Public"
"12-08-2026 03:27:24","2010","Information","Microsoft-Windows-Windows Firewall With Advanced Security","Network profile changed on an interface.

Adapter GUID:	{556d9bdf-d387-4ab9-be4c-a7e220faf218}
Adapter Name:	wireless_32768
Old Profile:	Public
New Profile:	None"
"12-08-2026 03:27:18","2097","Information","Microsoft-Windows-Windows Firewall With Advanced Security","A rule has been added to the Windows Defender Firewall exception list.

Added Rule:
	Rule ID:	lpacsensendrS-1-5-18-Out-Block
	Rule Name:	LpacSenseNdr
	Origin:	Local
	Active:	Yes
	Direction:	Outbound
	Profiles:	Private,Domain, Public
	Action:	Block
	Application Path:	
	Service Name:	
	Protocol:	Any
	Security Options:	None
	Edge Traversal:	None
	Modifying User:	S-1-5-80-3088073201-1464728630-1879813800-1107566885-823218052
	Modifying Application:	C:\Windows\System32\svchost.exe
	PolicyAppId:	
	Error Code:	0"
"12-08-2026 03:27:18","2097","Information","Microsoft-Windows-Windows Firewall With Advanced Security","A rule has been added to the Windows Defender Firewall exception list.

Added Rule:
	Rule ID:	lpacsensendrS-1-5-18-In-Block
	Rule Name:	LpacSenseNdr
	Origin:	Local
	Active:	Yes
	Direction:	Inbound
	Profiles:	Private,Domain, Public
	Action:	Block
	Application Path:	
	Service Name:	
	Protocol:	Any
	Security Options:	None
	Edge Traversal:	None
	Modifying User:	S-1-5-80-3088073201-1464728630-1879813800-1107566885-823218052
	Modifying Application:	C:\Windows\System32\svchost.exe
	PolicyAppId:	
	Error Code:	0"
"12-08-2026 03:27:18","2052","Information","Microsoft-Windows-Windows Firewall With Advanced Security","A rule has been deleted in the Windows Defender Firewall exception list.

Deleted Rule:
	Rule ID:	lpacsensendrS-1-5-18-In-Block
	Rule Name:	LpacSenseNdr
	Modifying User:	S-1-5-80-3088073201-1464728630-1879813800-1107566885-823218052
	Modifying Application:	C:\Windows\System32\svchost.exe
	Error Code:	0"
"12-08-2026 03:27:18","2052","Information","Microsoft-Windows-Windows Firewall With Advanced Security","A rule has been deleted in the Windows Defender Firewall exception list.

Deleted Rule:
	Rule ID:	lpacsensendrS-1-5-18-Out-Block
	Rule Name:	LpacSenseNdr
	Modifying User:	S-1-5-80-3088073201-1464728630-1879813800-1107566885-823218052
	Modifying Application:	C:\Windows\System32\svchost.exe
	Error Code:	0"
"11-08-2026 19:04:34","2097","Information","Microsoft-Windows-Windows Firewall With Advanced Security","A rule has been added to the Windows Defender Firewall exception list.

Added Rule:
	Rule ID:	lpacsensendrS-1-5-18-Out-Block
	Rule Name:	LpacSenseNdr
	Origin:	Local
	Active:	Yes
	Direction:	Outbound
	Profiles:	Private,Domain, Public
	Action:	Block
	Application Path:	
	Service Name:	
	Protocol:	Any
	Security Options:	None
	Edge Traversal:	None
	Modifying User:	S-1-5-80-3088073201-1464728630-1879813800-1107566885-823218052
	Modifying Application:	C:\Windows\System32\svchost.exe
	PolicyAppId:	
	Error Code:	0"
"11-08-2026 19:04:34","2097","Information","Microsoft-Windows-Windows Firewall With Advanced Security","A rule has been added to the Windows Defender Firewall exception list.

Added Rule:
	Rule ID:	lpacsensendrS-1-5-18-In-Block
	Rule Name:	LpacSenseNdr
	Origin:	Local
	Active:	Yes
	Direction:	Inbound
	Profiles:	Private,Domain, Public
	Action:	Block
	Application Path:	
	Service Name:	
	Protocol:	Any
	Security Options:	None
	Edge Traversal:	None
	Modifying User:	S-1-5-80-3088073201-1464728630-1879813800-1107566885-823218052
	Modifying Application:	C:\Windows\System32\svchost.exe
	PolicyAppId:	
	Error Code:	0"
"11-08-2026 19:04:34","2052","Information","Microsoft-Windows-Windows Firewall With Advanced Security","A rule has been deleted in the Windows Defender Firewall exception list.

Deleted Rule:
	Rule ID:	lpacsensendrS-1-5-18-In-Block
	Rule Name:	LpacSenseNdr
	Modifying User:	S-1-5-80-3088073201-1464728630-1879813800-1107566885-823218052
	Modifying Application:	C:\Windows\System32\svchost.exe
	Error Code:	0"
"11-08-2026 19:04:34","2052","Information","Microsoft-Windows-Windows Firewall With Advanced Security","A rule has been deleted in the Windows Defender Firewall exception list.

Deleted Rule:
	Rule ID:	lpacsensendrS-1-5-18-Out-Block
	Rule Name:	LpacSenseNdr
	Modifying User:	S-1-5-80-3088073201-1464728630-1879813800-1107566885-823218052
	Modifying Application:	C:\Windows\System32\svchost.exe
	Error Code:	0"
"11-08-2026 19:02:14","2097","Information","Microsoft-Windows-Windows Firewall With Advanced Security","A rule has been added to the Windows Defender Firewall exception list.

Added Rule:
	Rule ID:	lpacsensendrS-1-5-18-Out-Block
	Rule Name:	LpacSenseNdr
	Origin:	Local
	Active:	Yes
	Direction:	Outbound
	Profiles:	Private,Domain, Public
	Action:	Block
	Application Path:	
	Service Name:	
	Protocol:	Any
	Security Options:	None
	Edge Traversal:	None
	Modifying User:	S-1-5-80-3088073201-1464728630-1879813800-1107566885-823218052
	Modifying Application:	C:\Windows\System32\svchost.exe
	PolicyAppId:	
	Error Code:	0"
"11-08-2026 19:02:14","2097","Information","Microsoft-Windows-Windows Firewall With Advanced Security","A rule has been added to the Windows Defender Firewall exception list.

Added Rule:
	Rule ID:	lpacsensendrS-1-5-18-In-Block
	Rule Name:	LpacSenseNdr
	Origin:	Local
	Active:	Yes
	Direction:	Inbound
	Profiles:	Private,Domain, Public
	Action:	Block
	Application Path:	
	Service Name:	
	Protocol:	Any
	Security Options:	None
	Edge Traversal:	None
	Modifying User:	S-1-5-80-3088073201-1464728630-1879813800-1107566885-823218052
	Modifying Application:	C:\Windows\System32\svchost.exe
	PolicyAppId:	
	Error Code:	0"
"11-08-2026 19:02:14","2052","Information","Microsoft-Windows-Windows Firewall With Advanced Security","A rule has been deleted in the Windows Defender Firewall exception list.

Deleted Rule:
	Rule ID:	lpacsensendrS-1-5-18-In-Block
	Rule Name:	LpacSenseNdr
	Modifying User:	S-1-5-80-3088073201-1464728630-1879813800-1107566885-823218052
	Modifying Application:	C:\Windows\System32\svchost.exe
	Error Code:	0"
"11-08-2026 19:02:14","2052","Information","Microsoft-Windows-Windows Firewall With Advanced Security","A rule has been deleted in the Windows Defender Firewall exception list.

Deleted Rule:
	Rule ID:	lpacsensendrS-1-5-18-Out-Block
	Rule Name:	LpacSenseNdr
	Modifying User:	S-1-5-80-3088073201-1464728630-1879813800-1107566885-823218052
	Modifying Application:	C:\Windows\System32\svchost.exe
	Error Code:	0"
"11-08-2026 18:34:31","2097","Information","Microsoft-Windows-Windows Firewall With Advanced Security","A rule has been added to the Windows Defender Firewall exception list.

Added Rule:
	Rule ID:	lpacsensendrS-1-5-18-Out-Block
	Rule Name:	LpacSenseNdr
	Origin:	Local
	Active:	Yes
	Direction:	Outbound
	Profiles:	Private,Domain, Public
	Action:	Block
	Application Path:	
	Service Name:	
	Protocol:	Any
	Security Options:	None
	Edge Traversal:	None
	Modifying User:	S-1-5-80-3088073201-1464728630-1879813800-1107566885-823218052
	Modifying Application:	C:\Windows\System32\svchost.exe
	PolicyAppId:	
	Error Code:	0"
"11-08-2026 18:34:31","2097","Information","Microsoft-Windows-Windows Firewall With Advanced Security","A rule has been added to the Windows Defender Firewall exception list.

Added Rule:
	Rule ID:	lpacsensendrS-1-5-18-In-Block
	Rule Name:	LpacSenseNdr
	Origin:	Local
	Active:	Yes
	Direction:	Inbound
	Profiles:	Private,Domain, Public
	Action:	Block
	Application Path:	
	Service Name:	
	Protocol:	Any
	Security Options:	None
	Edge Traversal:	None
	Modifying User:	S-1-5-80-3088073201-1464728630-1879813800-1107566885-823218052
	Modifying Application:	C:\Windows\System32\svchost.exe
	PolicyAppId:	
	Error Code:	0"
"11-08-2026 18:34:31","2052","Information","Microsoft-Windows-Windows Firewall With Advanced Security","A rule has been deleted in the Windows Defender Firewall exception list.

Deleted Rule:
	Rule ID:	lpacsensendrS-1-5-18-In-Block
	Rule Name:	LpacSenseNdr
	Modifying User:	S-1-5-80-3088073201-1464728630-1879813800-1107566885-823218052
	Modifying Application:	C:\Windows\System32\svchost.exe
	Error Code:	0"
"11-08-2026 18:34:31","2052","Information","Microsoft-Windows-Windows Firewall With Advanced Security","A rule has been deleted in the Windows Defender Firewall exception list.

Deleted Rule:
	Rule ID:	lpacsensendrS-1-5-18-Out-Block
	Rule Name:	LpacSenseNdr
	Modifying User:	S-1-5-80-3088073201-1464728630-1879813800-1107566885-823218052
	Modifying Application:	C:\Windows\System32\svchost.exe
	Error Code:	0"
"11-08-2026 18:05:54","2097","Information","Microsoft-Windows-Windows Firewall With Advanced Security","A rule has been added to the Windows Defender Firewall exception list.

Added Rule:
	Rule ID:	lpacsenseimdscollectorS-1-5-18-Out-Block
	Rule Name:	LpacSenseImdsCollector
	Origin:	Local
	Active:	Yes
	Direction:	Outbound
	Profiles:	Private,Domain, Public
	Action:	Block
	Application Path:	
	Service Name:	
	Protocol:	Any
	Security Options:	None
	Edge Traversal:	None
	Modifying User:	S-1-5-80-3088073201-1464728630-1879813800-1107566885-823218052
	Modifying Application:	C:\Windows\System32\svchost.exe
	PolicyAppId:	
	Error Code:	0"
"11-08-2026 18:05:54","2097","Information","Microsoft-Windows-Windows Firewall With Advanced Security","A rule has been added to the Windows Defender Firewall exception list.

Added Rule:
	Rule ID:	lpacsenseimdscollectorS-1-5-18-In-Block
	Rule Name:	LpacSenseImdsCollector
	Origin:	Local
	Active:	Yes
	Direction:	Inbound
	Profiles:	Private,Domain, Public
	Action:	Block
	Application Path:	
	Service Name:	
	Protocol:	Any
	Security Options:	None
	Edge Traversal:	None
	Modifying User:	S-1-5-80-3088073201-1464728630-1879813800-1107566885-823218052
	Modifying Application:	C:\Windows\System32\svchost.exe
	PolicyAppId:	
	Error Code:	0"
"11-08-2026 18:05:54","2052","Information","Microsoft-Windows-Windows Firewall With Advanced Security","A rule has been deleted in the Windows Defender Firewall exception list.

Deleted Rule:
	Rule ID:	lpacsenseimdscollectorS-1-5-18-In-Block
	Rule Name:	LpacSenseImdsCollector
	Modifying User:	S-1-5-80-3088073201-1464728630-1879813800-1107566885-823218052
	Modifying Application:	C:\Windows\System32\svchost.exe
	Error Code:	0"
"11-08-2026 18:05:54","2052","Information","Microsoft-Windows-Windows Firewall With Advanced Security","A rule has been deleted in the Windows Defender Firewall exception list.

Deleted Rule:
	Rule ID:	lpacsenseimdscollectorS-1-5-18-Out-Block
	Rule Name:	LpacSenseImdsCollector
	Modifying User:	S-1-5-80-3088073201-1464728630-1879813800-1107566885-823218052
	Modifying Application:	C:\Windows\System32\svchost.exe
	Error Code:	0"
"11-08-2026 17:33:35","2097","Information","Microsoft-Windows-Windows Firewall With Advanced Security","A rule has been added to the Windows Defender Firewall exception list.

Added Rule:
	Rule ID:	1_https___agave.myanalytics.cdn.office.net04aca5ecS-1-12-1-2357405129-1281513531-255772574-1816207334-Out-Allow-InternetClient
	Rule Name:	1_https___agave.myanalytics.cdn.office.net
	Origin:	Local
	Active:	Yes
	Direction:	Outbound
	Profiles:	Private,Domain, Public
	Action:	Allow
	Application Path:	
	Service Name:	
	Protocol:	Any
	Security Options:	None
	Edge Traversal:	None
	Modifying User:	S-1-5-80-3088073201-1464728630-1879813800-1107566885-823218052
	Modifying Application:	C:\Windows\System32\svchost.exe
	PolicyAppId:	
	Error Code:	0"
"11-08-2026 17:33:35","2097","Information","Microsoft-Windows-Windows Firewall With Advanced Security","A rule has been added to the Windows Defender Firewall exception list.

Added Rule:
	Rule ID:	1_https___agave.myanalytics.cdn.office.net04aca5ecS-1-12-1-2357405129-1281513531-255772574-1816207334-Out-Allow-Intranet-Authenticate
	Rule Name:	1_https___agave.myanalytics.cdn.office.net
	Origin:	Local
	Active:	Yes
	Direction:	Outbound
	Profiles:	Public, Private
	Action:	Allow
	Application Path:	
	Service Name:	
	Protocol:	Any
	Security Options:	Require Authentication
	Edge Traversal:	None
	Modifying User:	S-1-5-80-3088073201-1464728630-1879813800-1107566885-823218052
	Modifying Application:	C:\Windows\System32\svchost.exe
	PolicyAppId:	
	Error Code:	0"
"11-08-2026 17:33:35","2097","Information","Microsoft-Windows-Windows Firewall With Advanced Security","A rule has been added to the Windows Defender Firewall exception list.

Added Rule:
	Rule ID:	1_https___agave.myanalytics.cdn.office.net04aca5ecS-1-12-1-2357405129-1281513531-255772574-1816207334-In-Allow-Intranet-Authenticate
	Rule Name:	1_https___agave.myanalytics.cdn.office.net
	Origin:	Local
	Active:	Yes
	Direction:	Inbound
	Profiles:	Public, Private
	Action:	Allow
	Application Path:	
	Service Name:	
	Protocol:	Any
	Security Options:	Require Authentication
	Edge Traversal:	None
	Modifying User:	S-1-5-80-3088073201-1464728630-1879813800-1107566885-823218052
	Modifying Application:	C:\Windows\System32\svchost.exe
	PolicyAppId:	
	Error Code:	0"
"11-08-2026 17:33:35","2097","Information","Microsoft-Windows-Windows Firewall With Advanced Security","A rule has been added to the Windows Defender Firewall exception list.

Added Rule:
	Rule ID:	1_https___agave.myanalytics.cdn.office.net04aca5ecS-1-12-1-2357405129-1281513531-255772574-1816207334-Out-Allow-Intranet
	Rule Name:	1_https___agave.myanalytics.cdn.office.net
	Origin:	Local
	Active:	Yes
	Direction:	Outbound
	Profiles:	Private,Domain, Public
	Action:	Allow
	Application Path:	
	Service Name:	
	Protocol:	Any
	Security Options:	None
	Edge Traversal:	None
	Modifying User:	S-1-5-80-3088073201-1464728630-1879813800-1107566885-823218052
	Modifying Application:	C:\Windows\System32\svchost.exe
	PolicyAppId:	
	Error Code:	0"
"11-08-2026 17:33:35","2097","Information","Microsoft-Windows-Windows Firewall With Advanced Security","A rule has been added to the Windows Defender Firewall exception list.

Added Rule:
	Rule ID:	1_https___agave.myanalytics.cdn.office.net04aca5ecS-1-12-1-2357405129-1281513531-255772574-1816207334-In-Allow-Intranet
	Rule Name:	1_https___agave.myanalytics.cdn.office.net
	Origin:	Local
	Active:	Yes
	Direction:	Inbound
	Profiles:	Private,Domain, Public
	Action:	Allow
	Application Path:	
	Service Name:	
	Protocol:	Any
	Security Options:	None
	Edge Traversal:	None
	Modifying User:	S-1-5-80-3088073201-1464728630-1879813800-1107566885-823218052
	Modifying Application:	C:\Windows\System32\svchost.exe
	PolicyAppId:	
	Error Code:	0"
