"29-07-2026 17:49:25","105","Information","Microsoft-Windows-Diagnosis-DPS","Diagnostic module {45de1ea9-10bc-4f96-9b21-4b6b83dbf476} (%windir%\system32\radardt.dll) started troubleshooting scenario {180b3a99-8c39-4f12-b631-2031998efe45}, instance {d6640655-9802-4bfd-8725-9bf454651e0d}, original activity ID {00000000-0000-0000-0000-000000000000}."
"29-07-2026 17:49:25","100","Information","Microsoft-Windows-Diagnosis-DPS","Diagnostic module {45de1ea9-10bc-4f96-9b21-4b6b83dbf476} (%windir%\system32\radardt.dll) detected a problem for scenario {180b3a99-8c39-4f12-b631-2031998efe45}, instance {d6640655-9802-4bfd-8725-9bf454651e0d}, original activity ID {00000000-0000-0000-0000-000000000000}."
"29-07-2026 17:44:25","105","Information","Microsoft-Windows-Diagnosis-DPS","Diagnostic module {45de1ea9-10bc-4f96-9b21-4b6b83dbf476} (%windir%\system32\radardt.dll) started troubleshooting scenario {180b3a99-8c39-4f12-b631-2031998efe45}, instance {e1fdc927-c529-47cf-b6a1-a7c369f2cfdb}, original activity ID {00000000-0000-0000-0000-000000000000}."
"29-07-2026 17:44:25","100","Information","Microsoft-Windows-Diagnosis-DPS","Diagnostic module {45de1ea9-10bc-4f96-9b21-4b6b83dbf476} (%windir%\system32\radardt.dll) detected a problem for scenario {180b3a99-8c39-4f12-b631-2031998efe45}, instance {e1fdc927-c529-47cf-b6a1-a7c369f2cfdb}, original activity ID {00000000-0000-0000-0000-000000000000}."
"29-07-2026 17:39:25","105","Information","Microsoft-Windows-Diagnosis-DPS","Diagnostic module {45de1ea9-10bc-4f96-9b21-4b6b83dbf476} (%windir%\system32\radardt.dll) started troubleshooting scenario {180b3a99-8c39-4f12-b631-2031998efe45}, instance {b15ca5cf-b3f8-4086-ac13-e361b2712f90}, original activity ID {00000000-0000-0000-0000-000000000000}."
"29-07-2026 17:39:25","100","Information","Microsoft-Windows-Diagnosis-DPS","Diagnostic module {45de1ea9-10bc-4f96-9b21-4b6b83dbf476} (%windir%\system32\radardt.dll) detected a problem for scenario {180b3a99-8c39-4f12-b631-2031998efe45}, instance {b15ca5cf-b3f8-4086-ac13-e361b2712f90}, original activity ID {00000000-0000-0000-0000-000000000000}."
"29-07-2026 17:34:25","105","Information","Microsoft-Windows-Diagnosis-DPS","Diagnostic module {45de1ea9-10bc-4f96-9b21-4b6b83dbf476} (%windir%\system32\radardt.dll) started troubleshooting scenario {180b3a99-8c39-4f12-b631-2031998efe45}, instance {bfd6e6b5-202f-439a-b11e-12d35ef8de14}, original activity ID {00000000-0000-0000-0000-000000000000}."
"29-07-2026 17:34:25","100","Information","Microsoft-Windows-Diagnosis-DPS","Diagnostic module {45de1ea9-10bc-4f96-9b21-4b6b83dbf476} (%windir%\system32\radardt.dll) detected a problem for scenario {180b3a99-8c39-4f12-b631-2031998efe45}, instance {bfd6e6b5-202f-439a-b11e-12d35ef8de14}, original activity ID {00000000-0000-0000-0000-000000000000}."
"29-07-2026 17:29:25","105","Information","Microsoft-Windows-Diagnosis-DPS","Diagnostic module {45de1ea9-10bc-4f96-9b21-4b6b83dbf476} (%windir%\system32\radardt.dll) started troubleshooting scenario {180b3a99-8c39-4f12-b631-2031998efe45}, instance {b22a8044-a75a-449a-adda-d4a04fb5f4b0}, original activity ID {00000000-0000-0000-0000-000000000000}."
"29-07-2026 17:29:25","100","Information","Microsoft-Windows-Diagnosis-DPS","Diagnostic module {45de1ea9-10bc-4f96-9b21-4b6b83dbf476} (%windir%\system32\radardt.dll) detected a problem for scenario {180b3a99-8c39-4f12-b631-2031998efe45}, instance {b22a8044-a75a-449a-adda-d4a04fb5f4b0}, original activity ID {00000000-0000-0000-0000-000000000000}."
"29-07-2026 17:24:25","105","Information","Microsoft-Windows-Diagnosis-DPS","Diagnostic module {45de1ea9-10bc-4f96-9b21-4b6b83dbf476} (%windir%\system32\radardt.dll) started troubleshooting scenario {180b3a99-8c39-4f12-b631-2031998efe45}, instance {1e7593c4-dac1-47be-851a-db4853899831}, original activity ID {00000000-0000-0000-0000-000000000000}."
"29-07-2026 17:24:25","100","Information","Microsoft-Windows-Diagnosis-DPS","Diagnostic module {45de1ea9-10bc-4f96-9b21-4b6b83dbf476} (%windir%\system32\radardt.dll) detected a problem for scenario {180b3a99-8c39-4f12-b631-2031998efe45}, instance {1e7593c4-dac1-47be-851a-db4853899831}, original activity ID {00000000-0000-0000-0000-000000000000}."
"29-07-2026 17:19:25","105","Information","Microsoft-Windows-Diagnosis-DPS","Diagnostic module {45de1ea9-10bc-4f96-9b21-4b6b83dbf476} (%windir%\system32\radardt.dll) started troubleshooting scenario {180b3a99-8c39-4f12-b631-2031998efe45}, instance {d732cdd8-99f1-428f-a9db-e16bf4b5d84f}, original activity ID {00000000-0000-0000-0000-000000000000}."
"29-07-2026 17:19:25","100","Information","Microsoft-Windows-Diagnosis-DPS","Diagnostic module {45de1ea9-10bc-4f96-9b21-4b6b83dbf476} (%windir%\system32\radardt.dll) detected a problem for scenario {180b3a99-8c39-4f12-b631-2031998efe45}, instance {d732cdd8-99f1-428f-a9db-e16bf4b5d84f}, original activity ID {00000000-0000-0000-0000-000000000000}."
"29-07-2026 17:14:25","105","Information","Microsoft-Windows-Diagnosis-DPS","Diagnostic module {45de1ea9-10bc-4f96-9b21-4b6b83dbf476} (%windir%\system32\radardt.dll) started troubleshooting scenario {180b3a99-8c39-4f12-b631-2031998efe45}, instance {f26bcccc-9a74-487c-b1ac-27cd6e382574}, original activity ID {00000000-0000-0000-0000-000000000000}."
"29-07-2026 17:14:25","100","Information","Microsoft-Windows-Diagnosis-DPS","Diagnostic module {45de1ea9-10bc-4f96-9b21-4b6b83dbf476} (%windir%\system32\radardt.dll) detected a problem for scenario {180b3a99-8c39-4f12-b631-2031998efe45}, instance {f26bcccc-9a74-487c-b1ac-27cd6e382574}, original activity ID {00000000-0000-0000-0000-000000000000}."
"29-07-2026 17:09:25","105","Information","Microsoft-Windows-Diagnosis-DPS","Diagnostic module {45de1ea9-10bc-4f96-9b21-4b6b83dbf476} (%windir%\system32\radardt.dll) started troubleshooting scenario {180b3a99-8c39-4f12-b631-2031998efe45}, instance {cd86f161-b42e-433a-ab42-39415c66a7d4}, original activity ID {00000000-0000-0000-0000-000000000000}."
"29-07-2026 17:09:25","100","Information","Microsoft-Windows-Diagnosis-DPS","Diagnostic module {45de1ea9-10bc-4f96-9b21-4b6b83dbf476} (%windir%\system32\radardt.dll) detected a problem for scenario {180b3a99-8c39-4f12-b631-2031998efe45}, instance {cd86f161-b42e-433a-ab42-39415c66a7d4}, original activity ID {00000000-0000-0000-0000-000000000000}."
"29-07-2026 17:04:25","105","Information","Microsoft-Windows-Diagnosis-DPS","Diagnostic module {45de1ea9-10bc-4f96-9b21-4b6b83dbf476} (%windir%\system32\radardt.dll) started troubleshooting scenario {180b3a99-8c39-4f12-b631-2031998efe45}, instance {8932d1a0-9d4a-4081-a4d9-85421a1c9905}, original activity ID {00000000-0000-0000-0000-000000000000}."
"29-07-2026 17:04:25","100","Information","Microsoft-Windows-Diagnosis-DPS","Diagnostic module {45de1ea9-10bc-4f96-9b21-4b6b83dbf476} (%windir%\system32\radardt.dll) detected a problem for scenario {180b3a99-8c39-4f12-b631-2031998efe45}, instance {8932d1a0-9d4a-4081-a4d9-85421a1c9905}, original activity ID {00000000-0000-0000-0000-000000000000}."
"29-07-2026 16:59:25","105","Information","Microsoft-Windows-Diagnosis-DPS","Diagnostic module {45de1ea9-10bc-4f96-9b21-4b6b83dbf476} (%windir%\system32\radardt.dll) started troubleshooting scenario {180b3a99-8c39-4f12-b631-2031998efe45}, instance {13098d7d-3ef0-4e56-8f4b-534f71b14a86}, original activity ID {00000000-0000-0000-0000-000000000000}."
"29-07-2026 16:59:25","100","Information","Microsoft-Windows-Diagnosis-DPS","Diagnostic module {45de1ea9-10bc-4f96-9b21-4b6b83dbf476} (%windir%\system32\radardt.dll) detected a problem for scenario {180b3a99-8c39-4f12-b631-2031998efe45}, instance {13098d7d-3ef0-4e56-8f4b-534f71b14a86}, original activity ID {00000000-0000-0000-0000-000000000000}."
"29-07-2026 16:54:25","105","Information","Microsoft-Windows-Diagnosis-DPS","Diagnostic module {45de1ea9-10bc-4f96-9b21-4b6b83dbf476} (%windir%\system32\radardt.dll) started troubleshooting scenario {180b3a99-8c39-4f12-b631-2031998efe45}, instance {f0f3af36-2c45-4996-b6c6-b1498ac783cb}, original activity ID {00000000-0000-0000-0000-000000000000}."
"29-07-2026 16:54:25","100","Information","Microsoft-Windows-Diagnosis-DPS","Diagnostic module {45de1ea9-10bc-4f96-9b21-4b6b83dbf476} (%windir%\system32\radardt.dll) detected a problem for scenario {180b3a99-8c39-4f12-b631-2031998efe45}, instance {f0f3af36-2c45-4996-b6c6-b1498ac783cb}, original activity ID {00000000-0000-0000-0000-000000000000}."
"29-07-2026 16:49:25","105","Information","Microsoft-Windows-Diagnosis-DPS","Diagnostic module {45de1ea9-10bc-4f96-9b21-4b6b83dbf476} (%windir%\system32\radardt.dll) started troubleshooting scenario {180b3a99-8c39-4f12-b631-2031998efe45}, instance {e52d5112-3756-44aa-9c3d-a400f0cd8fcc}, original activity ID {00000000-0000-0000-0000-000000000000}."
"29-07-2026 16:49:25","100","Information","Microsoft-Windows-Diagnosis-DPS","Diagnostic module {45de1ea9-10bc-4f96-9b21-4b6b83dbf476} (%windir%\system32\radardt.dll) detected a problem for scenario {180b3a99-8c39-4f12-b631-2031998efe45}, instance {e52d5112-3756-44aa-9c3d-a400f0cd8fcc}, original activity ID {00000000-0000-0000-0000-000000000000}."
"29-07-2026 16:44:25","105","Information","Microsoft-Windows-Diagnosis-DPS","Diagnostic module {45de1ea9-10bc-4f96-9b21-4b6b83dbf476} (%windir%\system32\radardt.dll) started troubleshooting scenario {180b3a99-8c39-4f12-b631-2031998efe45}, instance {4de92f6a-48b9-4767-95d2-b844cbc211b1}, original activity ID {00000000-0000-0000-0000-000000000000}."
"29-07-2026 16:44:25","100","Information","Microsoft-Windows-Diagnosis-DPS","Diagnostic module {45de1ea9-10bc-4f96-9b21-4b6b83dbf476} (%windir%\system32\radardt.dll) detected a problem for scenario {180b3a99-8c39-4f12-b631-2031998efe45}, instance {4de92f6a-48b9-4767-95d2-b844cbc211b1}, original activity ID {00000000-0000-0000-0000-000000000000}."
"29-07-2026 16:39:25","105","Information","Microsoft-Windows-Diagnosis-DPS","Diagnostic module {45de1ea9-10bc-4f96-9b21-4b6b83dbf476} (%windir%\system32\radardt.dll) started troubleshooting scenario {180b3a99-8c39-4f12-b631-2031998efe45}, instance {c523cc17-ede1-4664-9c39-ade8713af144}, original activity ID {00000000-0000-0000-0000-000000000000}."
"29-07-2026 16:39:25","100","Information","Microsoft-Windows-Diagnosis-DPS","Diagnostic module {45de1ea9-10bc-4f96-9b21-4b6b83dbf476} (%windir%\system32\radardt.dll) detected a problem for scenario {180b3a99-8c39-4f12-b631-2031998efe45}, instance {c523cc17-ede1-4664-9c39-ade8713af144}, original activity ID {00000000-0000-0000-0000-000000000000}."
"29-07-2026 16:34:25","105","Information","Microsoft-Windows-Diagnosis-DPS","Diagnostic module {45de1ea9-10bc-4f96-9b21-4b6b83dbf476} (%windir%\system32\radardt.dll) started troubleshooting scenario {180b3a99-8c39-4f12-b631-2031998efe45}, instance {796c9717-b842-45d9-848f-923eb87a4558}, original activity ID {00000000-0000-0000-0000-000000000000}."
"29-07-2026 16:34:25","100","Information","Microsoft-Windows-Diagnosis-DPS","Diagnostic module {45de1ea9-10bc-4f96-9b21-4b6b83dbf476} (%windir%\system32\radardt.dll) detected a problem for scenario {180b3a99-8c39-4f12-b631-2031998efe45}, instance {796c9717-b842-45d9-848f-923eb87a4558}, original activity ID {00000000-0000-0000-0000-000000000000}."
"29-07-2026 16:29:25","105","Information","Microsoft-Windows-Diagnosis-DPS","Diagnostic module {45de1ea9-10bc-4f96-9b21-4b6b83dbf476} (%windir%\system32\radardt.dll) started troubleshooting scenario {180b3a99-8c39-4f12-b631-2031998efe45}, instance {15084b0c-e81f-4548-bcd7-7343326abe13}, original activity ID {00000000-0000-0000-0000-000000000000}."
"29-07-2026 16:29:25","100","Information","Microsoft-Windows-Diagnosis-DPS","Diagnostic module {45de1ea9-10bc-4f96-9b21-4b6b83dbf476} (%windir%\system32\radardt.dll) detected a problem for scenario {180b3a99-8c39-4f12-b631-2031998efe45}, instance {15084b0c-e81f-4548-bcd7-7343326abe13}, original activity ID {00000000-0000-0000-0000-000000000000}."
"29-07-2026 16:24:25","105","Information","Microsoft-Windows-Diagnosis-DPS","Diagnostic module {45de1ea9-10bc-4f96-9b21-4b6b83dbf476} (%windir%\system32\radardt.dll) started troubleshooting scenario {180b3a99-8c39-4f12-b631-2031998efe45}, instance {49b3d77e-55fb-40e5-b470-8a07311ec28c}, original activity ID {00000000-0000-0000-0000-000000000000}."
"29-07-2026 16:24:25","100","Information","Microsoft-Windows-Diagnosis-DPS","Diagnostic module {45de1ea9-10bc-4f96-9b21-4b6b83dbf476} (%windir%\system32\radardt.dll) detected a problem for scenario {180b3a99-8c39-4f12-b631-2031998efe45}, instance {49b3d77e-55fb-40e5-b470-8a07311ec28c}, original activity ID {00000000-0000-0000-0000-000000000000}."
"29-07-2026 16:19:25","105","Information","Microsoft-Windows-Diagnosis-DPS","Diagnostic module {45de1ea9-10bc-4f96-9b21-4b6b83dbf476} (%windir%\system32\radardt.dll) started troubleshooting scenario {180b3a99-8c39-4f12-b631-2031998efe45}, instance {f3607258-62c5-4918-a0e7-b7f3200487a0}, original activity ID {00000000-0000-0000-0000-000000000000}."
"29-07-2026 16:19:25","100","Information","Microsoft-Windows-Diagnosis-DPS","Diagnostic module {45de1ea9-10bc-4f96-9b21-4b6b83dbf476} (%windir%\system32\radardt.dll) detected a problem for scenario {180b3a99-8c39-4f12-b631-2031998efe45}, instance {f3607258-62c5-4918-a0e7-b7f3200487a0}, original activity ID {00000000-0000-0000-0000-000000000000}."
"29-07-2026 16:14:25","105","Information","Microsoft-Windows-Diagnosis-DPS","Diagnostic module {45de1ea9-10bc-4f96-9b21-4b6b83dbf476} (%windir%\system32\radardt.dll) started troubleshooting scenario {180b3a99-8c39-4f12-b631-2031998efe45}, instance {6e5d24ba-3eed-4fe8-b7a2-9df5227dfd84}, original activity ID {00000000-0000-0000-0000-000000000000}."
"29-07-2026 16:14:25","100","Information","Microsoft-Windows-Diagnosis-DPS","Diagnostic module {45de1ea9-10bc-4f96-9b21-4b6b83dbf476} (%windir%\system32\radardt.dll) detected a problem for scenario {180b3a99-8c39-4f12-b631-2031998efe45}, instance {6e5d24ba-3eed-4fe8-b7a2-9df5227dfd84}, original activity ID {00000000-0000-0000-0000-000000000000}."
"29-07-2026 16:09:25","105","Information","Microsoft-Windows-Diagnosis-DPS","Diagnostic module {45de1ea9-10bc-4f96-9b21-4b6b83dbf476} (%windir%\system32\radardt.dll) started troubleshooting scenario {180b3a99-8c39-4f12-b631-2031998efe45}, instance {2cf53f61-8284-4b2c-9e9c-8f91d5f6f227}, original activity ID {00000000-0000-0000-0000-000000000000}."
"29-07-2026 16:09:25","100","Information","Microsoft-Windows-Diagnosis-DPS","Diagnostic module {45de1ea9-10bc-4f96-9b21-4b6b83dbf476} (%windir%\system32\radardt.dll) detected a problem for scenario {180b3a99-8c39-4f12-b631-2031998efe45}, instance {2cf53f61-8284-4b2c-9e9c-8f91d5f6f227}, original activity ID {00000000-0000-0000-0000-000000000000}."
"29-07-2026 16:04:25","105","Information","Microsoft-Windows-Diagnosis-DPS","Diagnostic module {45de1ea9-10bc-4f96-9b21-4b6b83dbf476} (%windir%\system32\radardt.dll) started troubleshooting scenario {180b3a99-8c39-4f12-b631-2031998efe45}, instance {1ba82593-68d4-40da-bb0f-44eef2491ef9}, original activity ID {00000000-0000-0000-0000-000000000000}."
"29-07-2026 16:04:25","100","Information","Microsoft-Windows-Diagnosis-DPS","Diagnostic module {45de1ea9-10bc-4f96-9b21-4b6b83dbf476} (%windir%\system32\radardt.dll) detected a problem for scenario {180b3a99-8c39-4f12-b631-2031998efe45}, instance {1ba82593-68d4-40da-bb0f-44eef2491ef9}, original activity ID {00000000-0000-0000-0000-000000000000}."
"29-07-2026 15:59:25","105","Information","Microsoft-Windows-Diagnosis-DPS","Diagnostic module {45de1ea9-10bc-4f96-9b21-4b6b83dbf476} (%windir%\system32\radardt.dll) started troubleshooting scenario {180b3a99-8c39-4f12-b631-2031998efe45}, instance {b8288670-02ed-4641-9f12-6598b5ea3b4c}, original activity ID {00000000-0000-0000-0000-000000000000}."
"29-07-2026 15:59:25","100","Information","Microsoft-Windows-Diagnosis-DPS","Diagnostic module {45de1ea9-10bc-4f96-9b21-4b6b83dbf476} (%windir%\system32\radardt.dll) detected a problem for scenario {180b3a99-8c39-4f12-b631-2031998efe45}, instance {b8288670-02ed-4641-9f12-6598b5ea3b4c}, original activity ID {00000000-0000-0000-0000-000000000000}."
"29-07-2026 15:54:25","105","Information","Microsoft-Windows-Diagnosis-DPS","Diagnostic module {45de1ea9-10bc-4f96-9b21-4b6b83dbf476} (%windir%\system32\radardt.dll) started troubleshooting scenario {180b3a99-8c39-4f12-b631-2031998efe45}, instance {71af2813-519c-49a2-aa60-ca45b6ce626f}, original activity ID {00000000-0000-0000-0000-000000000000}."
"29-07-2026 15:54:25","100","Information","Microsoft-Windows-Diagnosis-DPS","Diagnostic module {45de1ea9-10bc-4f96-9b21-4b6b83dbf476} (%windir%\system32\radardt.dll) detected a problem for scenario {180b3a99-8c39-4f12-b631-2031998efe45}, instance {71af2813-519c-49a2-aa60-ca45b6ce626f}, original activity ID {00000000-0000-0000-0000-000000000000}."
"29-07-2026 15:49:25","105","Information","Microsoft-Windows-Diagnosis-DPS","Diagnostic module {45de1ea9-10bc-4f96-9b21-4b6b83dbf476} (%windir%\system32\radardt.dll) started troubleshooting scenario {180b3a99-8c39-4f12-b631-2031998efe45}, instance {86a1c775-45d7-4ecf-954a-d75f7222ac02}, original activity ID {00000000-0000-0000-0000-000000000000}."
"29-07-2026 15:49:25","100","Information","Microsoft-Windows-Diagnosis-DPS","Diagnostic module {45de1ea9-10bc-4f96-9b21-4b6b83dbf476} (%windir%\system32\radardt.dll) detected a problem for scenario {180b3a99-8c39-4f12-b631-2031998efe45}, instance {86a1c775-45d7-4ecf-954a-d75f7222ac02}, original activity ID {00000000-0000-0000-0000-000000000000}."
"29-07-2026 15:44:24","105","Information","Microsoft-Windows-Diagnosis-DPS","Diagnostic module {45de1ea9-10bc-4f96-9b21-4b6b83dbf476} (%windir%\system32\radardt.dll) started troubleshooting scenario {180b3a99-8c39-4f12-b631-2031998efe45}, instance {cd763f88-8ff3-4af9-8d62-94af2b7d6a40}, original activity ID {00000000-0000-0000-0000-000000000000}."
"29-07-2026 15:44:24","100","Information","Microsoft-Windows-Diagnosis-DPS","Diagnostic module {45de1ea9-10bc-4f96-9b21-4b6b83dbf476} (%windir%\system32\radardt.dll) detected a problem for scenario {180b3a99-8c39-4f12-b631-2031998efe45}, instance {cd763f88-8ff3-4af9-8d62-94af2b7d6a40}, original activity ID {00000000-0000-0000-0000-000000000000}."
"29-07-2026 15:39:24","105","Information","Microsoft-Windows-Diagnosis-DPS","Diagnostic module {45de1ea9-10bc-4f96-9b21-4b6b83dbf476} (%windir%\system32\radardt.dll) started troubleshooting scenario {180b3a99-8c39-4f12-b631-2031998efe45}, instance {930fb06b-8d02-4983-bb1a-ee6835a723b3}, original activity ID {00000000-0000-0000-0000-000000000000}."
"29-07-2026 15:39:24","100","Information","Microsoft-Windows-Diagnosis-DPS","Diagnostic module {45de1ea9-10bc-4f96-9b21-4b6b83dbf476} (%windir%\system32\radardt.dll) detected a problem for scenario {180b3a99-8c39-4f12-b631-2031998efe45}, instance {930fb06b-8d02-4983-bb1a-ee6835a723b3}, original activity ID {00000000-0000-0000-0000-000000000000}."
"29-07-2026 15:34:24","105","Information","Microsoft-Windows-Diagnosis-DPS","Diagnostic module {45de1ea9-10bc-4f96-9b21-4b6b83dbf476} (%windir%\system32\radardt.dll) started troubleshooting scenario {180b3a99-8c39-4f12-b631-2031998efe45}, instance {c7bcd6a3-3d8d-4a65-b82b-7cea134b8a8b}, original activity ID {00000000-0000-0000-0000-000000000000}."
"29-07-2026 15:34:24","100","Information","Microsoft-Windows-Diagnosis-DPS","Diagnostic module {45de1ea9-10bc-4f96-9b21-4b6b83dbf476} (%windir%\system32\radardt.dll) detected a problem for scenario {180b3a99-8c39-4f12-b631-2031998efe45}, instance {c7bcd6a3-3d8d-4a65-b82b-7cea134b8a8b}, original activity ID {00000000-0000-0000-0000-000000000000}."
"29-07-2026 15:29:24","105","Information","Microsoft-Windows-Diagnosis-DPS","Diagnostic module {45de1ea9-10bc-4f96-9b21-4b6b83dbf476} (%windir%\system32\radardt.dll) started troubleshooting scenario {180b3a99-8c39-4f12-b631-2031998efe45}, instance {f6dac58f-cd7e-40b5-b158-dcb4fd1fb47f}, original activity ID {00000000-0000-0000-0000-000000000000}."
"29-07-2026 15:29:24","100","Information","Microsoft-Windows-Diagnosis-DPS","Diagnostic module {45de1ea9-10bc-4f96-9b21-4b6b83dbf476} (%windir%\system32\radardt.dll) detected a problem for scenario {180b3a99-8c39-4f12-b631-2031998efe45}, instance {f6dac58f-cd7e-40b5-b158-dcb4fd1fb47f}, original activity ID {00000000-0000-0000-0000-000000000000}."
"29-07-2026 15:24:24","105","Information","Microsoft-Windows-Diagnosis-DPS","Diagnostic module {45de1ea9-10bc-4f96-9b21-4b6b83dbf476} (%windir%\system32\radardt.dll) started troubleshooting scenario {180b3a99-8c39-4f12-b631-2031998efe45}, instance {98e528d1-e01b-462e-9687-57d2e07bf3e3}, original activity ID {00000000-0000-0000-0000-000000000000}."
"29-07-2026 15:24:24","100","Information","Microsoft-Windows-Diagnosis-DPS","Diagnostic module {45de1ea9-10bc-4f96-9b21-4b6b83dbf476} (%windir%\system32\radardt.dll) detected a problem for scenario {180b3a99-8c39-4f12-b631-2031998efe45}, instance {98e528d1-e01b-462e-9687-57d2e07bf3e3}, original activity ID {00000000-0000-0000-0000-000000000000}."
"29-07-2026 15:19:24","105","Information","Microsoft-Windows-Diagnosis-DPS","Diagnostic module {45de1ea9-10bc-4f96-9b21-4b6b83dbf476} (%windir%\system32\radardt.dll) started troubleshooting scenario {180b3a99-8c39-4f12-b631-2031998efe45}, instance {5fae26d4-64ce-4693-9a92-5ddc318b5f0a}, original activity ID {00000000-0000-0000-0000-000000000000}."
"29-07-2026 15:19:24","100","Information","Microsoft-Windows-Diagnosis-DPS","Diagnostic module {45de1ea9-10bc-4f96-9b21-4b6b83dbf476} (%windir%\system32\radardt.dll) detected a problem for scenario {180b3a99-8c39-4f12-b631-2031998efe45}, instance {5fae26d4-64ce-4693-9a92-5ddc318b5f0a}, original activity ID {00000000-0000-0000-0000-000000000000}."
"29-07-2026 15:14:24","105","Information","Microsoft-Windows-Diagnosis-DPS","Diagnostic module {45de1ea9-10bc-4f96-9b21-4b6b83dbf476} (%windir%\system32\radardt.dll) started troubleshooting scenario {180b3a99-8c39-4f12-b631-2031998efe45}, instance {1fde7266-3151-4556-90ef-c28c3d23453b}, original activity ID {00000000-0000-0000-0000-000000000000}."
"29-07-2026 15:14:24","100","Information","Microsoft-Windows-Diagnosis-DPS","Diagnostic module {45de1ea9-10bc-4f96-9b21-4b6b83dbf476} (%windir%\system32\radardt.dll) detected a problem for scenario {180b3a99-8c39-4f12-b631-2031998efe45}, instance {1fde7266-3151-4556-90ef-c28c3d23453b}, original activity ID {00000000-0000-0000-0000-000000000000}."
"29-07-2026 15:09:24","105","Information","Microsoft-Windows-Diagnosis-DPS","Diagnostic module {45de1ea9-10bc-4f96-9b21-4b6b83dbf476} (%windir%\system32\radardt.dll) started troubleshooting scenario {180b3a99-8c39-4f12-b631-2031998efe45}, instance {283a746c-470d-485f-8a1b-7377d7f611aa}, original activity ID {00000000-0000-0000-0000-000000000000}."
"29-07-2026 15:09:24","100","Information","Microsoft-Windows-Diagnosis-DPS","Diagnostic module {45de1ea9-10bc-4f96-9b21-4b6b83dbf476} (%windir%\system32\radardt.dll) detected a problem for scenario {180b3a99-8c39-4f12-b631-2031998efe45}, instance {283a746c-470d-485f-8a1b-7377d7f611aa}, original activity ID {00000000-0000-0000-0000-000000000000}."
"29-07-2026 15:04:24","105","Information","Microsoft-Windows-Diagnosis-DPS","Diagnostic module {45de1ea9-10bc-4f96-9b21-4b6b83dbf476} (%windir%\system32\radardt.dll) started troubleshooting scenario {180b3a99-8c39-4f12-b631-2031998efe45}, instance {31e53a4c-a869-48f5-9a0b-ffe98ed7c028}, original activity ID {00000000-0000-0000-0000-000000000000}."
"29-07-2026 15:04:24","100","Information","Microsoft-Windows-Diagnosis-DPS","Diagnostic module {45de1ea9-10bc-4f96-9b21-4b6b83dbf476} (%windir%\system32\radardt.dll) detected a problem for scenario {180b3a99-8c39-4f12-b631-2031998efe45}, instance {31e53a4c-a869-48f5-9a0b-ffe98ed7c028}, original activity ID {00000000-0000-0000-0000-000000000000}."
"29-07-2026 14:59:24","105","Information","Microsoft-Windows-Diagnosis-DPS","Diagnostic module {45de1ea9-10bc-4f96-9b21-4b6b83dbf476} (%windir%\system32\radardt.dll) started troubleshooting scenario {180b3a99-8c39-4f12-b631-2031998efe45}, instance {c509ec00-3eec-44dd-b13b-8f0ed4097b8e}, original activity ID {00000000-0000-0000-0000-000000000000}."
"29-07-2026 14:59:24","100","Information","Microsoft-Windows-Diagnosis-DPS","Diagnostic module {45de1ea9-10bc-4f96-9b21-4b6b83dbf476} (%windir%\system32\radardt.dll) detected a problem for scenario {180b3a99-8c39-4f12-b631-2031998efe45}, instance {c509ec00-3eec-44dd-b13b-8f0ed4097b8e}, original activity ID {00000000-0000-0000-0000-000000000000}."
"29-07-2026 14:54:24","105","Information","Microsoft-Windows-Diagnosis-DPS","Diagnostic module {45de1ea9-10bc-4f96-9b21-4b6b83dbf476} (%windir%\system32\radardt.dll) started troubleshooting scenario {180b3a99-8c39-4f12-b631-2031998efe45}, instance {816e7317-e833-47f5-99e1-a281c92aac41}, original activity ID {00000000-0000-0000-0000-000000000000}."
"29-07-2026 14:54:24","100","Information","Microsoft-Windows-Diagnosis-DPS","Diagnostic module {45de1ea9-10bc-4f96-9b21-4b6b83dbf476} (%windir%\system32\radardt.dll) detected a problem for scenario {180b3a99-8c39-4f12-b631-2031998efe45}, instance {816e7317-e833-47f5-99e1-a281c92aac41}, original activity ID {00000000-0000-0000-0000-000000000000}."
"29-07-2026 14:49:24","105","Information","Microsoft-Windows-Diagnosis-DPS","Diagnostic module {45de1ea9-10bc-4f96-9b21-4b6b83dbf476} (%windir%\system32\radardt.dll) started troubleshooting scenario {180b3a99-8c39-4f12-b631-2031998efe45}, instance {48f151fd-110e-4770-ad3d-2c599faebcbe}, original activity ID {00000000-0000-0000-0000-000000000000}."
"29-07-2026 14:49:24","100","Information","Microsoft-Windows-Diagnosis-DPS","Diagnostic module {45de1ea9-10bc-4f96-9b21-4b6b83dbf476} (%windir%\system32\radardt.dll) detected a problem for scenario {180b3a99-8c39-4f12-b631-2031998efe45}, instance {48f151fd-110e-4770-ad3d-2c599faebcbe}, original activity ID {00000000-0000-0000-0000-000000000000}."
"29-07-2026 14:44:24","105","Information","Microsoft-Windows-Diagnosis-DPS","Diagnostic module {45de1ea9-10bc-4f96-9b21-4b6b83dbf476} (%windir%\system32\radardt.dll) started troubleshooting scenario {180b3a99-8c39-4f12-b631-2031998efe45}, instance {8e82c96f-f4c8-4fb5-83dc-71048841c798}, original activity ID {00000000-0000-0000-0000-000000000000}."
"29-07-2026 14:44:24","100","Information","Microsoft-Windows-Diagnosis-DPS","Diagnostic module {45de1ea9-10bc-4f96-9b21-4b6b83dbf476} (%windir%\system32\radardt.dll) detected a problem for scenario {180b3a99-8c39-4f12-b631-2031998efe45}, instance {8e82c96f-f4c8-4fb5-83dc-71048841c798}, original activity ID {00000000-0000-0000-0000-000000000000}."
"29-07-2026 14:39:24","105","Information","Microsoft-Windows-Diagnosis-DPS","Diagnostic module {45de1ea9-10bc-4f96-9b21-4b6b83dbf476} (%windir%\system32\radardt.dll) started troubleshooting scenario {180b3a99-8c39-4f12-b631-2031998efe45}, instance {a4e75999-bef6-4b61-9a29-166ddc7b7b64}, original activity ID {00000000-0000-0000-0000-000000000000}."
"29-07-2026 14:39:24","100","Information","Microsoft-Windows-Diagnosis-DPS","Diagnostic module {45de1ea9-10bc-4f96-9b21-4b6b83dbf476} (%windir%\system32\radardt.dll) detected a problem for scenario {180b3a99-8c39-4f12-b631-2031998efe45}, instance {a4e75999-bef6-4b61-9a29-166ddc7b7b64}, original activity ID {00000000-0000-0000-0000-000000000000}."
"29-07-2026 14:34:24","105","Information","Microsoft-Windows-Diagnosis-DPS","Diagnostic module {45de1ea9-10bc-4f96-9b21-4b6b83dbf476} (%windir%\system32\radardt.dll) started troubleshooting scenario {180b3a99-8c39-4f12-b631-2031998efe45}, instance {89e7d61b-af79-4e53-8604-6c1b6a5ad4df}, original activity ID {00000000-0000-0000-0000-000000000000}."
"29-07-2026 14:34:24","100","Information","Microsoft-Windows-Diagnosis-DPS","Diagnostic module {45de1ea9-10bc-4f96-9b21-4b6b83dbf476} (%windir%\system32\radardt.dll) detected a problem for scenario {180b3a99-8c39-4f12-b631-2031998efe45}, instance {89e7d61b-af79-4e53-8604-6c1b6a5ad4df}, original activity ID {00000000-0000-0000-0000-000000000000}."
"29-07-2026 14:29:24","105","Information","Microsoft-Windows-Diagnosis-DPS","Diagnostic module {45de1ea9-10bc-4f96-9b21-4b6b83dbf476} (%windir%\system32\radardt.dll) started troubleshooting scenario {180b3a99-8c39-4f12-b631-2031998efe45}, instance {60032770-944c-4575-8cbf-525bfa1e39dd}, original activity ID {00000000-0000-0000-0000-000000000000}."
"29-07-2026 14:29:24","100","Information","Microsoft-Windows-Diagnosis-DPS","Diagnostic module {45de1ea9-10bc-4f96-9b21-4b6b83dbf476} (%windir%\system32\radardt.dll) detected a problem for scenario {180b3a99-8c39-4f12-b631-2031998efe45}, instance {60032770-944c-4575-8cbf-525bfa1e39dd}, original activity ID {00000000-0000-0000-0000-000000000000}."
"29-07-2026 14:24:24","105","Information","Microsoft-Windows-Diagnosis-DPS","Diagnostic module {45de1ea9-10bc-4f96-9b21-4b6b83dbf476} (%windir%\system32\radardt.dll) started troubleshooting scenario {180b3a99-8c39-4f12-b631-2031998efe45}, instance {e564bd02-dcd5-4b29-9965-33feea6a3d66}, original activity ID {00000000-0000-0000-0000-000000000000}."
"29-07-2026 14:24:24","100","Information","Microsoft-Windows-Diagnosis-DPS","Diagnostic module {45de1ea9-10bc-4f96-9b21-4b6b83dbf476} (%windir%\system32\radardt.dll) detected a problem for scenario {180b3a99-8c39-4f12-b631-2031998efe45}, instance {e564bd02-dcd5-4b29-9965-33feea6a3d66}, original activity ID {00000000-0000-0000-0000-000000000000}."
"29-07-2026 14:19:24","105","Information","Microsoft-Windows-Diagnosis-DPS","Diagnostic module {45de1ea9-10bc-4f96-9b21-4b6b83dbf476} (%windir%\system32\radardt.dll) started troubleshooting scenario {180b3a99-8c39-4f12-b631-2031998efe45}, instance {5fb9edd6-2f7f-4148-a74d-e98b9b1713fc}, original activity ID {00000000-0000-0000-0000-000000000000}."
"29-07-2026 14:19:24","100","Information","Microsoft-Windows-Diagnosis-DPS","Diagnostic module {45de1ea9-10bc-4f96-9b21-4b6b83dbf476} (%windir%\system32\radardt.dll) detected a problem for scenario {180b3a99-8c39-4f12-b631-2031998efe45}, instance {5fb9edd6-2f7f-4148-a74d-e98b9b1713fc}, original activity ID {00000000-0000-0000-0000-000000000000}."
"29-07-2026 14:14:24","105","Information","Microsoft-Windows-Diagnosis-DPS","Diagnostic module {45de1ea9-10bc-4f96-9b21-4b6b83dbf476} (%windir%\system32\radardt.dll) started troubleshooting scenario {180b3a99-8c39-4f12-b631-2031998efe45}, instance {a72d4f27-50c6-4066-a1a6-8a42bebc6da4}, original activity ID {00000000-0000-0000-0000-000000000000}."
"29-07-2026 14:14:24","100","Information","Microsoft-Windows-Diagnosis-DPS","Diagnostic module {45de1ea9-10bc-4f96-9b21-4b6b83dbf476} (%windir%\system32\radardt.dll) detected a problem for scenario {180b3a99-8c39-4f12-b631-2031998efe45}, instance {a72d4f27-50c6-4066-a1a6-8a42bebc6da4}, original activity ID {00000000-0000-0000-0000-000000000000}."
"29-07-2026 14:09:24","105","Information","Microsoft-Windows-Diagnosis-DPS","Diagnostic module {45de1ea9-10bc-4f96-9b21-4b6b83dbf476} (%windir%\system32\radardt.dll) started troubleshooting scenario {180b3a99-8c39-4f12-b631-2031998efe45}, instance {0162bc4f-6fcf-4fe5-bc4f-206b114074be}, original activity ID {00000000-0000-0000-0000-000000000000}."
"29-07-2026 14:09:24","100","Information","Microsoft-Windows-Diagnosis-DPS","Diagnostic module {45de1ea9-10bc-4f96-9b21-4b6b83dbf476} (%windir%\system32\radardt.dll) detected a problem for scenario {180b3a99-8c39-4f12-b631-2031998efe45}, instance {0162bc4f-6fcf-4fe5-bc4f-206b114074be}, original activity ID {00000000-0000-0000-0000-000000000000}."
"29-07-2026 14:04:24","105","Information","Microsoft-Windows-Diagnosis-DPS","Diagnostic module {45de1ea9-10bc-4f96-9b21-4b6b83dbf476} (%windir%\system32\radardt.dll) started troubleshooting scenario {180b3a99-8c39-4f12-b631-2031998efe45}, instance {6c6b0f55-06ea-4402-a355-c1189524a307}, original activity ID {00000000-0000-0000-0000-000000000000}."
"29-07-2026 14:04:24","100","Information","Microsoft-Windows-Diagnosis-DPS","Diagnostic module {45de1ea9-10bc-4f96-9b21-4b6b83dbf476} (%windir%\system32\radardt.dll) detected a problem for scenario {180b3a99-8c39-4f12-b631-2031998efe45}, instance {6c6b0f55-06ea-4402-a355-c1189524a307}, original activity ID {00000000-0000-0000-0000-000000000000}."
"29-07-2026 13:59:24","105","Information","Microsoft-Windows-Diagnosis-DPS","Diagnostic module {45de1ea9-10bc-4f96-9b21-4b6b83dbf476} (%windir%\system32\radardt.dll) started troubleshooting scenario {180b3a99-8c39-4f12-b631-2031998efe45}, instance {98fb9be1-0c2e-4e13-8e60-fd08ad073588}, original activity ID {00000000-0000-0000-0000-000000000000}."
"29-07-2026 13:59:24","100","Information","Microsoft-Windows-Diagnosis-DPS","Diagnostic module {45de1ea9-10bc-4f96-9b21-4b6b83dbf476} (%windir%\system32\radardt.dll) detected a problem for scenario {180b3a99-8c39-4f12-b631-2031998efe45}, instance {98fb9be1-0c2e-4e13-8e60-fd08ad073588}, original activity ID {00000000-0000-0000-0000-000000000000}."
"29-07-2026 13:54:24","105","Information","Microsoft-Windows-Diagnosis-DPS","Diagnostic module {45de1ea9-10bc-4f96-9b21-4b6b83dbf476} (%windir%\system32\radardt.dll) started troubleshooting scenario {180b3a99-8c39-4f12-b631-2031998efe45}, instance {218d9da4-f680-47b9-974b-0c39b0bdec1f}, original activity ID {00000000-0000-0000-0000-000000000000}."
"29-07-2026 13:54:24","100","Information","Microsoft-Windows-Diagnosis-DPS","Diagnostic module {45de1ea9-10bc-4f96-9b21-4b6b83dbf476} (%windir%\system32\radardt.dll) detected a problem for scenario {180b3a99-8c39-4f12-b631-2031998efe45}, instance {218d9da4-f680-47b9-974b-0c39b0bdec1f}, original activity ID {00000000-0000-0000-0000-000000000000}."
"29-07-2026 13:49:24","105","Information","Microsoft-Windows-Diagnosis-DPS","Diagnostic module {45de1ea9-10bc-4f96-9b21-4b6b83dbf476} (%windir%\system32\radardt.dll) started troubleshooting scenario {180b3a99-8c39-4f12-b631-2031998efe45}, instance {8b321ced-2a56-441e-8d31-cf371056a760}, original activity ID {00000000-0000-0000-0000-000000000000}."
"29-07-2026 13:49:24","100","Information","Microsoft-Windows-Diagnosis-DPS","Diagnostic module {45de1ea9-10bc-4f96-9b21-4b6b83dbf476} (%windir%\system32\radardt.dll) detected a problem for scenario {180b3a99-8c39-4f12-b631-2031998efe45}, instance {8b321ced-2a56-441e-8d31-cf371056a760}, original activity ID {00000000-0000-0000-0000-000000000000}."
"29-07-2026 13:44:24","105","Information","Microsoft-Windows-Diagnosis-DPS","Diagnostic module {45de1ea9-10bc-4f96-9b21-4b6b83dbf476} (%windir%\system32\radardt.dll) started troubleshooting scenario {180b3a99-8c39-4f12-b631-2031998efe45}, instance {f3e5c951-cd3d-4f7f-aa13-99702cf09b8d}, original activity ID {00000000-0000-0000-0000-000000000000}."
"29-07-2026 13:44:24","100","Information","Microsoft-Windows-Diagnosis-DPS","Diagnostic module {45de1ea9-10bc-4f96-9b21-4b6b83dbf476} (%windir%\system32\radardt.dll) detected a problem for scenario {180b3a99-8c39-4f12-b631-2031998efe45}, instance {f3e5c951-cd3d-4f7f-aa13-99702cf09b8d}, original activity ID {00000000-0000-0000-0000-000000000000}."
"29-07-2026 13:39:24","105","Information","Microsoft-Windows-Diagnosis-DPS","Diagnostic module {45de1ea9-10bc-4f96-9b21-4b6b83dbf476} (%windir%\system32\radardt.dll) started troubleshooting scenario {180b3a99-8c39-4f12-b631-2031998efe45}, instance {8021efd7-7262-4efc-933f-859f619b528f}, original activity ID {00000000-0000-0000-0000-000000000000}."
"29-07-2026 13:39:24","100","Information","Microsoft-Windows-Diagnosis-DPS","Diagnostic module {45de1ea9-10bc-4f96-9b21-4b6b83dbf476} (%windir%\system32\radardt.dll) detected a problem for scenario {180b3a99-8c39-4f12-b631-2031998efe45}, instance {8021efd7-7262-4efc-933f-859f619b528f}, original activity ID {00000000-0000-0000-0000-000000000000}."
"29-07-2026 13:34:24","105","Information","Microsoft-Windows-Diagnosis-DPS","Diagnostic module {45de1ea9-10bc-4f96-9b21-4b6b83dbf476} (%windir%\system32\radardt.dll) started troubleshooting scenario {180b3a99-8c39-4f12-b631-2031998efe45}, instance {d1214a01-47d5-4117-ab0c-0512d3f9c6d3}, original activity ID {00000000-0000-0000-0000-000000000000}."
"29-07-2026 13:34:24","100","Information","Microsoft-Windows-Diagnosis-DPS","Diagnostic module {45de1ea9-10bc-4f96-9b21-4b6b83dbf476} (%windir%\system32\radardt.dll) detected a problem for scenario {180b3a99-8c39-4f12-b631-2031998efe45}, instance {d1214a01-47d5-4117-ab0c-0512d3f9c6d3}, original activity ID {00000000-0000-0000-0000-000000000000}."
"29-07-2026 13:29:24","105","Information","Microsoft-Windows-Diagnosis-DPS","Diagnostic module {45de1ea9-10bc-4f96-9b21-4b6b83dbf476} (%windir%\system32\radardt.dll) started troubleshooting scenario {180b3a99-8c39-4f12-b631-2031998efe45}, instance {aee00271-0165-4d89-aeb3-7418fdcaaf9a}, original activity ID {00000000-0000-0000-0000-000000000000}."
"29-07-2026 13:29:24","100","Information","Microsoft-Windows-Diagnosis-DPS","Diagnostic module {45de1ea9-10bc-4f96-9b21-4b6b83dbf476} (%windir%\system32\radardt.dll) detected a problem for scenario {180b3a99-8c39-4f12-b631-2031998efe45}, instance {aee00271-0165-4d89-aeb3-7418fdcaaf9a}, original activity ID {00000000-0000-0000-0000-000000000000}."
"29-07-2026 13:24:24","105","Information","Microsoft-Windows-Diagnosis-DPS","Diagnostic module {45de1ea9-10bc-4f96-9b21-4b6b83dbf476} (%windir%\system32\radardt.dll) started troubleshooting scenario {180b3a99-8c39-4f12-b631-2031998efe45}, instance {0ee92e09-209e-4914-b3cc-feac64607242}, original activity ID {00000000-0000-0000-0000-000000000000}."
"29-07-2026 13:24:24","100","Information","Microsoft-Windows-Diagnosis-DPS","Diagnostic module {45de1ea9-10bc-4f96-9b21-4b6b83dbf476} (%windir%\system32\radardt.dll) detected a problem for scenario {180b3a99-8c39-4f12-b631-2031998efe45}, instance {0ee92e09-209e-4914-b3cc-feac64607242}, original activity ID {00000000-0000-0000-0000-000000000000}."
"29-07-2026 13:19:24","105","Information","Microsoft-Windows-Diagnosis-DPS","Diagnostic module {45de1ea9-10bc-4f96-9b21-4b6b83dbf476} (%windir%\system32\radardt.dll) started troubleshooting scenario {180b3a99-8c39-4f12-b631-2031998efe45}, instance {1b66bbcf-1284-444b-a2a1-2f1548ed3edf}, original activity ID {00000000-0000-0000-0000-000000000000}."
"29-07-2026 13:19:24","100","Information","Microsoft-Windows-Diagnosis-DPS","Diagnostic module {45de1ea9-10bc-4f96-9b21-4b6b83dbf476} (%windir%\system32\radardt.dll) detected a problem for scenario {180b3a99-8c39-4f12-b631-2031998efe45}, instance {1b66bbcf-1284-444b-a2a1-2f1548ed3edf}, original activity ID {00000000-0000-0000-0000-000000000000}."
"29-07-2026 13:14:24","105","Information","Microsoft-Windows-Diagnosis-DPS","Diagnostic module {45de1ea9-10bc-4f96-9b21-4b6b83dbf476} (%windir%\system32\radardt.dll) started troubleshooting scenario {180b3a99-8c39-4f12-b631-2031998efe45}, instance {e66d83bd-2aa6-49d7-a988-974753f3543d}, original activity ID {00000000-0000-0000-0000-000000000000}."
"29-07-2026 13:14:24","100","Information","Microsoft-Windows-Diagnosis-DPS","Diagnostic module {45de1ea9-10bc-4f96-9b21-4b6b83dbf476} (%windir%\system32\radardt.dll) detected a problem for scenario {180b3a99-8c39-4f12-b631-2031998efe45}, instance {e66d83bd-2aa6-49d7-a988-974753f3543d}, original activity ID {00000000-0000-0000-0000-000000000000}."
"29-07-2026 13:09:24","105","Information","Microsoft-Windows-Diagnosis-DPS","Diagnostic module {45de1ea9-10bc-4f96-9b21-4b6b83dbf476} (%windir%\system32\radardt.dll) started troubleshooting scenario {180b3a99-8c39-4f12-b631-2031998efe45}, instance {3bfac55b-6167-4bb7-b88f-a6aee994b98d}, original activity ID {00000000-0000-0000-0000-000000000000}."
"29-07-2026 13:09:24","100","Information","Microsoft-Windows-Diagnosis-DPS","Diagnostic module {45de1ea9-10bc-4f96-9b21-4b6b83dbf476} (%windir%\system32\radardt.dll) detected a problem for scenario {180b3a99-8c39-4f12-b631-2031998efe45}, instance {3bfac55b-6167-4bb7-b88f-a6aee994b98d}, original activity ID {00000000-0000-0000-0000-000000000000}."
"29-07-2026 13:04:24","105","Information","Microsoft-Windows-Diagnosis-DPS","Diagnostic module {45de1ea9-10bc-4f96-9b21-4b6b83dbf476} (%windir%\system32\radardt.dll) started troubleshooting scenario {180b3a99-8c39-4f12-b631-2031998efe45}, instance {68300336-afa6-41ec-8c11-3ebae5f71e93}, original activity ID {00000000-0000-0000-0000-000000000000}."
"29-07-2026 13:04:24","100","Information","Microsoft-Windows-Diagnosis-DPS","Diagnostic module {45de1ea9-10bc-4f96-9b21-4b6b83dbf476} (%windir%\system32\radardt.dll) detected a problem for scenario {180b3a99-8c39-4f12-b631-2031998efe45}, instance {68300336-afa6-41ec-8c11-3ebae5f71e93}, original activity ID {00000000-0000-0000-0000-000000000000}."
"29-07-2026 12:59:24","105","Information","Microsoft-Windows-Diagnosis-DPS","Diagnostic module {45de1ea9-10bc-4f96-9b21-4b6b83dbf476} (%windir%\system32\radardt.dll) started troubleshooting scenario {180b3a99-8c39-4f12-b631-2031998efe45}, instance {dd8c4cd1-8795-4184-b1d4-074de141f0f4}, original activity ID {00000000-0000-0000-0000-000000000000}."
"29-07-2026 12:59:24","100","Information","Microsoft-Windows-Diagnosis-DPS","Diagnostic module {45de1ea9-10bc-4f96-9b21-4b6b83dbf476} (%windir%\system32\radardt.dll) detected a problem for scenario {180b3a99-8c39-4f12-b631-2031998efe45}, instance {dd8c4cd1-8795-4184-b1d4-074de141f0f4}, original activity ID {00000000-0000-0000-0000-000000000000}."
"29-07-2026 12:54:24","105","Information","Microsoft-Windows-Diagnosis-DPS","Diagnostic module {45de1ea9-10bc-4f96-9b21-4b6b83dbf476} (%windir%\system32\radardt.dll) started troubleshooting scenario {180b3a99-8c39-4f12-b631-2031998efe45}, instance {7a6638ff-6d39-45d2-a5a2-66f54218f673}, original activity ID {00000000-0000-0000-0000-000000000000}."
"29-07-2026 12:54:24","100","Information","Microsoft-Windows-Diagnosis-DPS","Diagnostic module {45de1ea9-10bc-4f96-9b21-4b6b83dbf476} (%windir%\system32\radardt.dll) detected a problem for scenario {180b3a99-8c39-4f12-b631-2031998efe45}, instance {7a6638ff-6d39-45d2-a5a2-66f54218f673}, original activity ID {00000000-0000-0000-0000-000000000000}."
"29-07-2026 12:49:24","105","Information","Microsoft-Windows-Diagnosis-DPS","Diagnostic module {45de1ea9-10bc-4f96-9b21-4b6b83dbf476} (%windir%\system32\radardt.dll) started troubleshooting scenario {180b3a99-8c39-4f12-b631-2031998efe45}, instance {925b8024-0e38-4e07-b8e3-2f5d2d6f0128}, original activity ID {00000000-0000-0000-0000-000000000000}."
"29-07-2026 12:49:24","100","Information","Microsoft-Windows-Diagnosis-DPS","Diagnostic module {45de1ea9-10bc-4f96-9b21-4b6b83dbf476} (%windir%\system32\radardt.dll) detected a problem for scenario {180b3a99-8c39-4f12-b631-2031998efe45}, instance {925b8024-0e38-4e07-b8e3-2f5d2d6f0128}, original activity ID {00000000-0000-0000-0000-000000000000}."
"29-07-2026 12:44:24","105","Information","Microsoft-Windows-Diagnosis-DPS","Diagnostic module {45de1ea9-10bc-4f96-9b21-4b6b83dbf476} (%windir%\system32\radardt.dll) started troubleshooting scenario {180b3a99-8c39-4f12-b631-2031998efe45}, instance {a69e4e8f-ffff-464a-beca-4e2a4007f1ce}, original activity ID {00000000-0000-0000-0000-000000000000}."
"29-07-2026 12:44:24","100","Information","Microsoft-Windows-Diagnosis-DPS","Diagnostic module {45de1ea9-10bc-4f96-9b21-4b6b83dbf476} (%windir%\system32\radardt.dll) detected a problem for scenario {180b3a99-8c39-4f12-b631-2031998efe45}, instance {a69e4e8f-ffff-464a-beca-4e2a4007f1ce}, original activity ID {00000000-0000-0000-0000-000000000000}."
"29-07-2026 12:39:24","105","Information","Microsoft-Windows-Diagnosis-DPS","Diagnostic module {45de1ea9-10bc-4f96-9b21-4b6b83dbf476} (%windir%\system32\radardt.dll) started troubleshooting scenario {180b3a99-8c39-4f12-b631-2031998efe45}, instance {364a4656-e126-4c03-83b5-8c7e2579edf2}, original activity ID {00000000-0000-0000-0000-000000000000}."
"29-07-2026 12:39:24","100","Information","Microsoft-Windows-Diagnosis-DPS","Diagnostic module {45de1ea9-10bc-4f96-9b21-4b6b83dbf476} (%windir%\system32\radardt.dll) detected a problem for scenario {180b3a99-8c39-4f12-b631-2031998efe45}, instance {364a4656-e126-4c03-83b5-8c7e2579edf2}, original activity ID {00000000-0000-0000-0000-000000000000}."
"29-07-2026 12:34:24","105","Information","Microsoft-Windows-Diagnosis-DPS","Diagnostic module {45de1ea9-10bc-4f96-9b21-4b6b83dbf476} (%windir%\system32\radardt.dll) started troubleshooting scenario {180b3a99-8c39-4f12-b631-2031998efe45}, instance {82bff783-24f8-46a9-a03b-b927b3c34b34}, original activity ID {00000000-0000-0000-0000-000000000000}."
"29-07-2026 12:34:24","100","Information","Microsoft-Windows-Diagnosis-DPS","Diagnostic module {45de1ea9-10bc-4f96-9b21-4b6b83dbf476} (%windir%\system32\radardt.dll) detected a problem for scenario {180b3a99-8c39-4f12-b631-2031998efe45}, instance {82bff783-24f8-46a9-a03b-b927b3c34b34}, original activity ID {00000000-0000-0000-0000-000000000000}."
"29-07-2026 12:29:24","105","Information","Microsoft-Windows-Diagnosis-DPS","Diagnostic module {45de1ea9-10bc-4f96-9b21-4b6b83dbf476} (%windir%\system32\radardt.dll) started troubleshooting scenario {180b3a99-8c39-4f12-b631-2031998efe45}, instance {eba5af43-e2c2-4ccf-be97-8292c6dc00ca}, original activity ID {00000000-0000-0000-0000-000000000000}."
"29-07-2026 12:29:24","100","Information","Microsoft-Windows-Diagnosis-DPS","Diagnostic module {45de1ea9-10bc-4f96-9b21-4b6b83dbf476} (%windir%\system32\radardt.dll) detected a problem for scenario {180b3a99-8c39-4f12-b631-2031998efe45}, instance {eba5af43-e2c2-4ccf-be97-8292c6dc00ca}, original activity ID {00000000-0000-0000-0000-000000000000}."
"29-07-2026 12:24:24","105","Information","Microsoft-Windows-Diagnosis-DPS","Diagnostic module {45de1ea9-10bc-4f96-9b21-4b6b83dbf476} (%windir%\system32\radardt.dll) started troubleshooting scenario {180b3a99-8c39-4f12-b631-2031998efe45}, instance {0d0f1152-7ad3-47f6-8534-88a02c1e0fe3}, original activity ID {00000000-0000-0000-0000-000000000000}."
"29-07-2026 12:24:24","100","Information","Microsoft-Windows-Diagnosis-DPS","Diagnostic module {45de1ea9-10bc-4f96-9b21-4b6b83dbf476} (%windir%\system32\radardt.dll) detected a problem for scenario {180b3a99-8c39-4f12-b631-2031998efe45}, instance {0d0f1152-7ad3-47f6-8534-88a02c1e0fe3}, original activity ID {00000000-0000-0000-0000-000000000000}."
"29-07-2026 12:19:24","105","Information","Microsoft-Windows-Diagnosis-DPS","Diagnostic module {45de1ea9-10bc-4f96-9b21-4b6b83dbf476} (%windir%\system32\radardt.dll) started troubleshooting scenario {180b3a99-8c39-4f12-b631-2031998efe45}, instance {27aa8bee-fb90-437a-ad71-a0ee8c574ff0}, original activity ID {00000000-0000-0000-0000-000000000000}."
"29-07-2026 12:19:24","100","Information","Microsoft-Windows-Diagnosis-DPS","Diagnostic module {45de1ea9-10bc-4f96-9b21-4b6b83dbf476} (%windir%\system32\radardt.dll) detected a problem for scenario {180b3a99-8c39-4f12-b631-2031998efe45}, instance {27aa8bee-fb90-437a-ad71-a0ee8c574ff0}, original activity ID {00000000-0000-0000-0000-000000000000}."
"29-07-2026 12:14:24","105","Information","Microsoft-Windows-Diagnosis-DPS","Diagnostic module {45de1ea9-10bc-4f96-9b21-4b6b83dbf476} (%windir%\system32\radardt.dll) started troubleshooting scenario {180b3a99-8c39-4f12-b631-2031998efe45}, instance {e1d5c9c4-d0a5-43ca-8dc9-71663f7ed9e1}, original activity ID {00000000-0000-0000-0000-000000000000}."
"29-07-2026 12:14:24","100","Information","Microsoft-Windows-Diagnosis-DPS","Diagnostic module {45de1ea9-10bc-4f96-9b21-4b6b83dbf476} (%windir%\system32\radardt.dll) detected a problem for scenario {180b3a99-8c39-4f12-b631-2031998efe45}, instance {e1d5c9c4-d0a5-43ca-8dc9-71663f7ed9e1}, original activity ID {00000000-0000-0000-0000-000000000000}."
"29-07-2026 12:09:24","105","Information","Microsoft-Windows-Diagnosis-DPS","Diagnostic module {45de1ea9-10bc-4f96-9b21-4b6b83dbf476} (%windir%\system32\radardt.dll) started troubleshooting scenario {180b3a99-8c39-4f12-b631-2031998efe45}, instance {9ed6b7df-99e5-40c3-8822-b33c0a4ea257}, original activity ID {00000000-0000-0000-0000-000000000000}."
"29-07-2026 12:09:24","100","Information","Microsoft-Windows-Diagnosis-DPS","Diagnostic module {45de1ea9-10bc-4f96-9b21-4b6b83dbf476} (%windir%\system32\radardt.dll) detected a problem for scenario {180b3a99-8c39-4f12-b631-2031998efe45}, instance {9ed6b7df-99e5-40c3-8822-b33c0a4ea257}, original activity ID {00000000-0000-0000-0000-000000000000}."
"29-07-2026 12:04:24","105","Information","Microsoft-Windows-Diagnosis-DPS","Diagnostic module {45de1ea9-10bc-4f96-9b21-4b6b83dbf476} (%windir%\system32\radardt.dll) started troubleshooting scenario {180b3a99-8c39-4f12-b631-2031998efe45}, instance {dc53d7c4-1443-4246-b3d2-15fcff21f06a}, original activity ID {00000000-0000-0000-0000-000000000000}."
"29-07-2026 12:04:24","100","Information","Microsoft-Windows-Diagnosis-DPS","Diagnostic module {45de1ea9-10bc-4f96-9b21-4b6b83dbf476} (%windir%\system32\radardt.dll) detected a problem for scenario {180b3a99-8c39-4f12-b631-2031998efe45}, instance {dc53d7c4-1443-4246-b3d2-15fcff21f06a}, original activity ID {00000000-0000-0000-0000-000000000000}."
"29-07-2026 11:59:24","105","Information","Microsoft-Windows-Diagnosis-DPS","Diagnostic module {45de1ea9-10bc-4f96-9b21-4b6b83dbf476} (%windir%\system32\radardt.dll) started troubleshooting scenario {180b3a99-8c39-4f12-b631-2031998efe45}, instance {f6abda47-41ee-46e5-a232-4f8309165e2a}, original activity ID {00000000-0000-0000-0000-000000000000}."
"29-07-2026 11:59:24","100","Information","Microsoft-Windows-Diagnosis-DPS","Diagnostic module {45de1ea9-10bc-4f96-9b21-4b6b83dbf476} (%windir%\system32\radardt.dll) detected a problem for scenario {180b3a99-8c39-4f12-b631-2031998efe45}, instance {f6abda47-41ee-46e5-a232-4f8309165e2a}, original activity ID {00000000-0000-0000-0000-000000000000}."
"29-07-2026 11:54:24","105","Information","Microsoft-Windows-Diagnosis-DPS","Diagnostic module {45de1ea9-10bc-4f96-9b21-4b6b83dbf476} (%windir%\system32\radardt.dll) started troubleshooting scenario {180b3a99-8c39-4f12-b631-2031998efe45}, instance {805c7c2d-92c8-4f69-92b5-f265e8cbc156}, original activity ID {00000000-0000-0000-0000-000000000000}."
