"TimeCreated","Id","LevelDisplayName","ProviderName","Message"
"19-08-2026 14:31:08","231","Verbose","Microsoft-Windows-StateRepository","RepositoryManagerServerUpgrade with options: 0x1"
"19-08-2026 14:31:08","100","Error","Microsoft-Windows-StateRepository","Error 0x15: misuse at line 185353 of [737ae4a347]"
"19-08-2026 14:20:22","231","Verbose","Microsoft-Windows-StateRepository","RepositoryManagerServerUpgrade with options: 0x1"
"19-08-2026 14:20:22","100","Error","Microsoft-Windows-StateRepository","Error 0x15: misuse at line 185353 of [737ae4a347]"
"19-08-2026 13:56:02","100","Error","Microsoft-Windows-StateRepository","Error 0x15: misuse at line 185353 of [737ae4a347]"
"19-08-2026 13:17:02","231","Verbose","Microsoft-Windows-StateRepository","RepositoryManagerServerUpgrade with options: 0x1"
"19-08-2026 13:11:02","100","Error","Microsoft-Windows-StateRepository","Error 0x15: misuse at line 185353 of [737ae4a347]"
"19-08-2026 12:16:56","231","Verbose","Microsoft-Windows-StateRepository","RepositoryManagerServerUpgrade with options: 0x1"
"19-08-2026 12:16:56","100","Error","Microsoft-Windows-StateRepository","Error 0x15: misuse at line 185353 of [737ae4a347]"
"19-08-2026 11:34:54","231","Verbose","Microsoft-Windows-StateRepository","RepositoryManagerServerUpgrade with options: 0x1"
"19-08-2026 11:34:54","100","Error","Microsoft-Windows-StateRepository","Error 0x15: misuse at line 185353 of [737ae4a347]"
"19-08-2026 11:18:52","231","Verbose","Microsoft-Windows-StateRepository","RepositoryManagerServerUpgrade with options: 0x1"
"19-08-2026 11:18:52","100","Error","Microsoft-Windows-StateRepository","Error 0x15: misuse at line 185353 of [737ae4a347]"
"19-08-2026 10:43:47","231","Verbose","Microsoft-Windows-StateRepository","RepositoryManagerServerUpgrade with options: 0x1"
"19-08-2026 10:43:47","100","Error","Microsoft-Windows-StateRepository","Error 0x15: misuse at line 185353 of [737ae4a347]"
"19-08-2026 10:14:36","271","Verbose","Microsoft-Windows-StateRepository","SRCache successfully updated [Options=0x0]"
"19-08-2026 10:14:36","271","Verbose","Microsoft-Windows-StateRepository","SRCache successfully updated [Options=0x0]"
"19-08-2026 10:14:28","271","Verbose","Microsoft-Windows-StateRepository","SRCache successfully updated [Options=0x0]"
"19-08-2026 10:14:28","271","Verbose","Microsoft-Windows-StateRepository","SRCache successfully updated [Options=0x0]"
"19-08-2026 10:14:17","271","Verbose","Microsoft-Windows-StateRepository","SRCache successfully updated [Options=0x0]"
"19-08-2026 10:14:16","271","Verbose","Microsoft-Windows-StateRepository","SRCache successfully updated [Options=0x0]"
"19-08-2026 10:14:16","221","Verbose","Microsoft-Windows-StateRepository","ANALYZE command has run; database statistics are updated [Partition=2, ProcessId=11412, Scope=(database)]"
"19-08-2026 10:14:16","221","Verbose","Microsoft-Windows-StateRepository","ANALYZE command has run; database statistics are updated [Partition=1, ProcessId=11412, Scope=(database)]"
"19-08-2026 10:07:30","221","Verbose","Microsoft-Windows-StateRepository","ANALYZE command has run; database statistics are updated [Partition=2, ProcessId=1252, Scope=(database)]"
"19-08-2026 10:07:30","221","Verbose","Microsoft-Windows-StateRepository","ANALYZE command has run; database statistics are updated [Partition=1, ProcessId=1252, Scope=(database)]"
"19-08-2026 10:07:30","284","Verbose","Microsoft-Windows-StateRepository","REINDEX command has run; database indices are updated [Partition=2, ProcessId=1252, Scope=(database)]"
"19-08-2026 10:07:30","284","Verbose","Microsoft-Windows-StateRepository","REINDEX command has run; database indices are updated [Partition=1, ProcessId=1252, Scope=(database)]"
"19-08-2026 09:59:04","271","Verbose","Microsoft-Windows-StateRepository","SRCache successfully updated [Options=0x0]"
"19-08-2026 09:59:03","271","Verbose","Microsoft-Windows-StateRepository","SRCache successfully updated [Options=0x0]"
"19-08-2026 09:59:03","271","Verbose","Microsoft-Windows-StateRepository","SRCache successfully updated [Options=0x0]"
"19-08-2026 09:58:27","271","Verbose","Microsoft-Windows-StateRepository","SRCache successfully updated [Options=0x0]"
"19-08-2026 09:58:27","271","Verbose","Microsoft-Windows-StateRepository","SRCache successfully updated [Options=0x0]"
"19-08-2026 09:58:27","221","Verbose","Microsoft-Windows-StateRepository","ANALYZE command has run; database statistics are updated [Partition=2, ProcessId=11412, Scope=(database)]"
"19-08-2026 09:58:26","221","Verbose","Microsoft-Windows-StateRepository","ANALYZE command has run; database statistics are updated [Partition=1, ProcessId=11412, Scope=(database)]"
"19-08-2026 00:26:12","231","Verbose","Microsoft-Windows-StateRepository","RepositoryManagerServerUpgrade with options: 0x1"
"19-08-2026 00:26:10","100","Error","Microsoft-Windows-StateRepository","Error 0x15: misuse at line 185353 of [737ae4a347]"
"18-08-2026 18:46:06","100","Error","Microsoft-Windows-StateRepository","Error 0x15: misuse at line 185353 of [737ae4a347]"
"18-08-2026 18:15:58","231","Verbose","Microsoft-Windows-StateRepository","RepositoryManagerServerUpgrade with options: 0x1"
"18-08-2026 18:15:58","100","Error","Microsoft-Windows-StateRepository","Error 0x15: misuse at line 185353 of [737ae4a347]"
"18-08-2026 18:00:12","100","Error","Microsoft-Windows-StateRepository","Error 0x15: misuse at line 185353 of [737ae4a347]"
"18-08-2026 17:44:26","231","Verbose","Microsoft-Windows-StateRepository","RepositoryManagerServerUpgrade with options: 0x1"
"18-08-2026 17:43:33","100","Error","Microsoft-Windows-StateRepository","Error 0x15: misuse at line 185353 of [737ae4a347]"
"18-08-2026 17:30:56","231","Verbose","Microsoft-Windows-StateRepository","RepositoryManagerServerUpgrade with options: 0x1"
"18-08-2026 17:30:56","100","Error","Microsoft-Windows-StateRepository","Error 0x15: misuse at line 185353 of [737ae4a347]"
"18-08-2026 16:48:21","100","Error","Microsoft-Windows-StateRepository","Error 0x15: misuse at line 185353 of [737ae4a347]"
"18-08-2026 16:30:56","231","Verbose","Microsoft-Windows-StateRepository","RepositoryManagerServerUpgrade with options: 0x1"
"18-08-2026 16:30:56","100","Error","Microsoft-Windows-StateRepository","Error 0x15: misuse at line 185353 of [737ae4a347]"
"18-08-2026 16:10:46","231","Verbose","Microsoft-Windows-StateRepository","RepositoryManagerServerUpgrade with options: 0x1"
"18-08-2026 16:10:46","100","Error","Microsoft-Windows-StateRepository","Error 0x15: misuse at line 185353 of [737ae4a347]"
"18-08-2026 15:55:32","231","Verbose","Microsoft-Windows-StateRepository","RepositoryManagerServerUpgrade with options: 0x1"
"18-08-2026 15:55:32","100","Error","Microsoft-Windows-StateRepository","Error 0x15: misuse at line 185353 of [737ae4a347]"
"18-08-2026 15:30:56","231","Verbose","Microsoft-Windows-StateRepository","RepositoryManagerServerUpgrade with options: 0x1"
"18-08-2026 15:30:56","100","Error","Microsoft-Windows-StateRepository","Error 0x15: misuse at line 185353 of [737ae4a347]"
"18-08-2026 15:05:45","271","Verbose","Microsoft-Windows-StateRepository","SRCache successfully updated [Options=0x0]"
"18-08-2026 15:05:44","271","Verbose","Microsoft-Windows-StateRepository","SRCache successfully updated [Options=0x0]"
"18-08-2026 15:05:44","271","Verbose","Microsoft-Windows-StateRepository","SRCache successfully updated [Options=0x0]"
"18-08-2026 15:05:44","221","Verbose","Microsoft-Windows-StateRepository","ANALYZE command has run; database statistics are updated [Partition=2, ProcessId=11048, Scope=(database)]"
"18-08-2026 15:05:44","221","Verbose","Microsoft-Windows-StateRepository","ANALYZE command has run; database statistics are updated [Partition=1, ProcessId=11048, Scope=(database)]"
"18-08-2026 15:05:44","231","Verbose","Microsoft-Windows-StateRepository","RepositoryManagerServerUpgrade with options: 0x1"
"18-08-2026 15:05:44","100","Error","Microsoft-Windows-StateRepository","Error 0x15: misuse at line 185353 of [737ae4a347]"
"18-08-2026 14:56:02","100","Error","Microsoft-Windows-StateRepository","Error 0x15: misuse at line 185353 of [737ae4a347]"
"18-08-2026 14:32:32","271","Verbose","Microsoft-Windows-StateRepository","SRCache successfully updated [Options=0x0]"
"18-08-2026 14:32:32","100","Error","Microsoft-Windows-StateRepository","Error 0x15: misuse at line 185353 of [737ae4a347]"
"18-08-2026 14:32:32","271","Verbose","Microsoft-Windows-StateRepository","SRCache successfully updated [Options=0x0]"
"18-08-2026 14:32:32","271","Verbose","Microsoft-Windows-StateRepository","SRCache successfully updated [Options=0x0]"
"18-08-2026 14:32:32","271","Verbose","Microsoft-Windows-StateRepository","SRCache successfully updated [Options=0x0]"
"18-08-2026 14:32:32","271","Verbose","Microsoft-Windows-StateRepository","SRCache successfully updated [Options=0x0]"
"18-08-2026 14:32:32","221","Verbose","Microsoft-Windows-StateRepository","ANALYZE command has run; database statistics are updated [Partition=2, ProcessId=7428, Scope=(database)]"
"18-08-2026 14:32:32","221","Verbose","Microsoft-Windows-StateRepository","ANALYZE command has run; database statistics are updated [Partition=1, ProcessId=7428, Scope=(database)]"
"18-08-2026 14:31:01","271","Verbose","Microsoft-Windows-StateRepository","SRCache successfully updated [Options=0x0]"
"18-08-2026 14:31:00","271","Verbose","Microsoft-Windows-StateRepository","SRCache successfully updated [Options=0x0]"
"18-08-2026 14:30:59","271","Verbose","Microsoft-Windows-StateRepository","SRCache successfully updated [Options=0x0]"
"18-08-2026 14:30:59","221","Verbose","Microsoft-Windows-StateRepository","ANALYZE command has run; database statistics are updated [Partition=2, ProcessId=7428, Scope=(database)]"
"18-08-2026 14:30:59","221","Verbose","Microsoft-Windows-StateRepository","ANALYZE command has run; database statistics are updated [Partition=1, ProcessId=7428, Scope=(database)]"
"18-08-2026 14:30:56","231","Verbose","Microsoft-Windows-StateRepository","RepositoryManagerServerUpgrade with options: 0x1"
"18-08-2026 14:30:56","100","Error","Microsoft-Windows-StateRepository","Error 0x15: misuse at line 185353 of [737ae4a347]"
"18-08-2026 14:30:56","287","Information","Microsoft-Windows-StateRepository","StateRepository lifecycle transition to Running [ProcessId=1252, ThreadId=2168] [ElapsedMS: RegisterService=0, StateRepository=0 AccessControl=0 Upgrade=763 Cache=1968 Module=0 CoRegisterServerShutdown=0 RegisterDisconnectableContext=34 RPC=0"
"18-08-2026 14:30:56","269","Verbose","Microsoft-Windows-StateRepository","SRCache successfully initialized [Options=0x0]"
"18-08-2026 14:30:54","245","Verbose","Microsoft-Windows-StateRepository","Maintenance has been performed"
"18-08-2026 14:30:54","284","Verbose","Microsoft-Windows-StateRepository","REINDEX command has run; database indices are updated [Partition=2, ProcessId=1252, Scope=NULL]"
"18-08-2026 14:30:54","284","Verbose","Microsoft-Windows-StateRepository","REINDEX command has run; database indices are updated [Partition=2, ProcessId=1252, Scope=PackageSourceUri]"
"18-08-2026 14:30:54","284","Verbose","Microsoft-Windows-StateRepository","REINDEX command has run; database indices are updated [Partition=2, ProcessId=1252, Scope=PackageAppInstaller]"
"18-08-2026 14:30:54","284","Verbose","Microsoft-Windows-StateRepository","REINDEX command has run; database indices are updated [Partition=2, ProcessId=1252, Scope=File]"
"18-08-2026 14:30:53","284","Verbose","Microsoft-Windows-StateRepository","REINDEX command has run; database indices are updated [Partition=2, ProcessId=1252, Scope=ContentGroupFile]"
"18-08-2026 14:30:53","284","Verbose","Microsoft-Windows-StateRepository","REINDEX command has run; database indices are updated [Partition=2, ProcessId=1252, Scope=ContentGroup]"
"18-08-2026 14:30:53","284","Verbose","Microsoft-Windows-StateRepository","REINDEX command has run; database indices are updated [Partition=2, ProcessId=1252, Scope=AutoUpdatePackage]"
"18-08-2026 14:30:53","284","Verbose","Microsoft-Windows-StateRepository","REINDEX command has run; database indices are updated [Partition=2, ProcessId=1252, Scope=AppxManifest]"
"18-08-2026 14:30:53","284","Verbose","Microsoft-Windows-StateRepository","REINDEX command has run; database indices are updated [Partition=2, ProcessId=1252, Scope=AppInstallerUri]"
"18-08-2026 14:30:53","284","Verbose","Microsoft-Windows-StateRepository","REINDEX command has run; database indices are updated [Partition=2, ProcessId=1252, Scope=AppInstaller]"
"18-08-2026 14:30:53","223","Information","Microsoft-Windows-StateRepository","StateRepository partition 2 exists and ready for use [SchemaVersion=30208]"
"18-08-2026 14:30:53","223","Information","Microsoft-Windows-StateRepository","StateRepository partition 1 exists and ready for use [SchemaVersion=30208]"
"18-08-2026 14:30:53","100","Error","Microsoft-Windows-StateRepository","Error 0x15: misuse at line 185353 of [737ae4a347]"
"18-08-2026 14:20:33","243","Verbose","Microsoft-Windows-StateRepository","Waited 0msec for requests in progress to complete"
"18-08-2026 14:20:33","242","Verbose","Microsoft-Windows-StateRepository","Waiting 5000msec for requests in progress to complete"
"18-08-2026 14:20:33","289","Information","Microsoft-Windows-StateRepository","StateRepository lifecycle transition to Stopping [ProcessId=824, Checkpoint=3348]"
"18-08-2026 14:20:33","289","Information","Microsoft-Windows-StateRepository","StateRepository lifecycle transition to Stopping [ProcessId=824, Checkpoint=1060]"
"18-08-2026 14:20:04","100","Error","Microsoft-Windows-StateRepository","Error 0x15: misuse at line 185353 of [737ae4a347]"
"18-08-2026 14:12:05","271","Verbose","Microsoft-Windows-StateRepository","SRCache successfully updated [Options=0x0]"
"18-08-2026 14:12:04","271","Verbose","Microsoft-Windows-StateRepository","SRCache successfully updated [Options=0x0]"
"18-08-2026 14:12:04","271","Verbose","Microsoft-Windows-StateRepository","SRCache successfully updated [Options=0x0]"
"18-08-2026 14:12:04","221","Verbose","Microsoft-Windows-StateRepository","ANALYZE command has run; database statistics are updated [Partition=2, ProcessId=30108, Scope=(database)]"
"18-08-2026 14:12:04","221","Verbose","Microsoft-Windows-StateRepository","ANALYZE command has run; database statistics are updated [Partition=1, ProcessId=30108, Scope=(database)]"
"18-08-2026 14:12:04","231","Verbose","Microsoft-Windows-StateRepository","RepositoryManagerServerUpgrade with options: 0x1"
"18-08-2026 14:12:04","100","Error","Microsoft-Windows-StateRepository","Error 0x15: misuse at line 185353 of [737ae4a347]"
"18-08-2026 14:02:33","231","Verbose","Microsoft-Windows-StateRepository","RepositoryManagerServerUpgrade with options: 0x1"
"18-08-2026 14:02:33","100","Error","Microsoft-Windows-StateRepository","Error 0x15: misuse at line 185353 of [737ae4a347]"
"18-08-2026 13:33:26","231","Verbose","Microsoft-Windows-StateRepository","RepositoryManagerServerUpgrade with options: 0x1"
"18-08-2026 13:33:25","100","Error","Microsoft-Windows-StateRepository","Error 0x15: misuse at line 185353 of [737ae4a347]"
"18-08-2026 13:17:10","231","Verbose","Microsoft-Windows-StateRepository","RepositoryManagerServerUpgrade with options: 0x1"
"18-08-2026 13:12:54","100","Error","Microsoft-Windows-StateRepository","Error 0x15: misuse at line 185353 of [737ae4a347]"
"18-08-2026 12:52:57","231","Verbose","Microsoft-Windows-StateRepository","RepositoryManagerServerUpgrade with options: 0x1"
"18-08-2026 12:52:57","100","Error","Microsoft-Windows-StateRepository","Error 0x15: misuse at line 185353 of [737ae4a347]"
"18-08-2026 12:29:01","231","Verbose","Microsoft-Windows-StateRepository","RepositoryManagerServerUpgrade with options: 0x1"
"18-08-2026 12:29:01","100","Error","Microsoft-Windows-StateRepository","Error 0x15: misuse at line 185353 of [737ae4a347]"
"18-08-2026 12:05:17","231","Verbose","Microsoft-Windows-StateRepository","RepositoryManagerServerUpgrade with options: 0x1"
"18-08-2026 11:59:17","100","Error","Microsoft-Windows-StateRepository","Error 0x15: misuse at line 185353 of [737ae4a347]"
"18-08-2026 11:10:43","231","Verbose","Microsoft-Windows-StateRepository","RepositoryManagerServerUpgrade with options: 0x1"
"18-08-2026 11:06:02","100","Error","Microsoft-Windows-StateRepository","Error 0x15: misuse at line 185353 of [737ae4a347]"
"18-08-2026 10:44:10","271","Verbose","Microsoft-Windows-StateRepository","SRCache successfully updated [Options=0x0]"
"18-08-2026 10:44:10","271","Verbose","Microsoft-Windows-StateRepository","SRCache successfully updated [Options=0x0]"
"18-08-2026 10:44:10","271","Verbose","Microsoft-Windows-StateRepository","SRCache successfully updated [Options=0x0]"
"18-08-2026 10:44:10","271","Verbose","Microsoft-Windows-StateRepository","SRCache successfully updated [Options=0x0]"
"18-08-2026 10:44:09","271","Verbose","Microsoft-Windows-StateRepository","SRCache successfully updated [Options=0x0]"
"18-08-2026 10:44:09","271","Verbose","Microsoft-Windows-StateRepository","SRCache successfully updated [Options=0x0]"
"18-08-2026 10:44:09","100","Error","Microsoft-Windows-StateRepository","Error 0x15: misuse at line 185353 of [737ae4a347]"
"18-08-2026 10:44:09","271","Verbose","Microsoft-Windows-StateRepository","SRCache successfully updated [Options=0x0]"
"18-08-2026 10:44:09","271","Verbose","Microsoft-Windows-StateRepository","SRCache successfully updated [Options=0x0]"
"18-08-2026 10:44:08","271","Verbose","Microsoft-Windows-StateRepository","SRCache successfully updated [Options=0x0]"
"18-08-2026 10:44:08","271","Verbose","Microsoft-Windows-StateRepository","SRCache successfully updated [Options=0x0]"
"18-08-2026 10:44:08","221","Verbose","Microsoft-Windows-StateRepository","ANALYZE command has run; database statistics are updated [Partition=2, ProcessId=8308, Scope=(database)]"
"18-08-2026 10:44:08","221","Verbose","Microsoft-Windows-StateRepository","ANALYZE command has run; database statistics are updated [Partition=1, ProcessId=8308, Scope=(database)]"
"18-08-2026 10:40:53","271","Verbose","Microsoft-Windows-StateRepository","SRCache successfully updated [Options=0x0]"
"18-08-2026 10:40:53","271","Verbose","Microsoft-Windows-StateRepository","SRCache successfully updated [Options=0x0]"
"18-08-2026 10:40:53","271","Verbose","Microsoft-Windows-StateRepository","SRCache successfully updated [Options=0x0]"
"18-08-2026 10:40:53","271","Verbose","Microsoft-Windows-StateRepository","SRCache successfully updated [Options=0x0]"
"18-08-2026 10:40:53","221","Verbose","Microsoft-Windows-StateRepository","ANALYZE command has run; database statistics are updated [Partition=2, ProcessId=8308, Scope=(database)]"
"18-08-2026 10:40:53","221","Verbose","Microsoft-Windows-StateRepository","ANALYZE command has run; database statistics are updated [Partition=1, ProcessId=8308, Scope=(database)]"
"18-08-2026 10:39:32","271","Verbose","Microsoft-Windows-StateRepository","SRCache successfully updated [Options=0x0]"
"18-08-2026 10:39:32","100","Error","Microsoft-Windows-StateRepository","Error 0x15: misuse at line 185353 of [737ae4a347]"
"18-08-2026 10:39:32","271","Verbose","Microsoft-Windows-StateRepository","SRCache successfully updated [Options=0x0]"
"18-08-2026 10:39:32","271","Verbose","Microsoft-Windows-StateRepository","SRCache successfully updated [Options=0x0]"
"18-08-2026 10:39:31","271","Verbose","Microsoft-Windows-StateRepository","SRCache successfully updated [Options=0x0]"
"18-08-2026 10:39:31","271","Verbose","Microsoft-Windows-StateRepository","SRCache successfully updated [Options=0x0]"
"18-08-2026 10:39:31","221","Verbose","Microsoft-Windows-StateRepository","ANALYZE command has run; database statistics are updated [Partition=2, ProcessId=8308, Scope=(database)]"
"18-08-2026 10:39:30","221","Verbose","Microsoft-Windows-StateRepository","ANALYZE command has run; database statistics are updated [Partition=1, ProcessId=8308, Scope=(database)]"
"18-08-2026 10:30:27","271","Verbose","Microsoft-Windows-StateRepository","SRCache successfully updated [Options=0x0]"
"18-08-2026 10:30:26","271","Verbose","Microsoft-Windows-StateRepository","SRCache successfully updated [Options=0x0]"
"18-08-2026 10:30:26","271","Verbose","Microsoft-Windows-StateRepository","SRCache successfully updated [Options=0x0]"
"18-08-2026 10:30:26","271","Verbose","Microsoft-Windows-StateRepository","SRCache successfully updated [Options=0x0]"
"18-08-2026 10:30:25","271","Verbose","Microsoft-Windows-StateRepository","SRCache successfully updated [Options=0x0]"
"18-08-2026 10:30:25","271","Verbose","Microsoft-Windows-StateRepository","SRCache successfully updated [Options=0x0]"
"18-08-2026 10:30:25","271","Verbose","Microsoft-Windows-StateRepository","SRCache successfully updated [Options=0x0]"
"18-08-2026 10:30:24","271","Verbose","Microsoft-Windows-StateRepository","SRCache successfully updated [Options=0x0]"
"18-08-2026 10:30:19","271","Verbose","Microsoft-Windows-StateRepository","SRCache successfully updated [Options=0x0]"
"18-08-2026 10:30:19","271","Verbose","Microsoft-Windows-StateRepository","SRCache successfully updated [Options=0x0]"
"18-08-2026 10:30:19","271","Verbose","Microsoft-Windows-StateRepository","SRCache successfully updated [Options=0x0]"
"18-08-2026 10:30:19","271","Verbose","Microsoft-Windows-StateRepository","SRCache successfully updated [Options=0x0]"
"18-08-2026 10:30:18","271","Verbose","Microsoft-Windows-StateRepository","SRCache successfully updated [Options=0x0]"
"18-08-2026 10:30:18","271","Verbose","Microsoft-Windows-StateRepository","SRCache successfully updated [Options=0x0]"
"18-08-2026 10:30:18","271","Verbose","Microsoft-Windows-StateRepository","SRCache successfully updated [Options=0x0]"
"18-08-2026 10:30:17","271","Verbose","Microsoft-Windows-StateRepository","SRCache successfully updated [Options=0x0]"
"18-08-2026 10:30:17","271","Verbose","Microsoft-Windows-StateRepository","SRCache successfully updated [Options=0x0]"
"18-08-2026 10:30:17","271","Verbose","Microsoft-Windows-StateRepository","SRCache successfully updated [Options=0x0]"
"18-08-2026 10:30:15","271","Verbose","Microsoft-Windows-StateRepository","SRCache successfully updated [Options=0x0]"
"18-08-2026 10:30:14","271","Verbose","Microsoft-Windows-StateRepository","SRCache successfully updated [Options=0x0]"
"18-08-2026 10:30:14","271","Verbose","Microsoft-Windows-StateRepository","SRCache successfully updated [Options=0x0]"
"18-08-2026 10:30:14","271","Verbose","Microsoft-Windows-StateRepository","SRCache successfully updated [Options=0x0]"
"18-08-2026 10:30:14","271","Verbose","Microsoft-Windows-StateRepository","SRCache successfully updated [Options=0x0]"
"18-08-2026 10:30:14","271","Verbose","Microsoft-Windows-StateRepository","SRCache successfully updated [Options=0x0]"
"18-08-2026 10:30:14","271","Verbose","Microsoft-Windows-StateRepository","SRCache successfully updated [Options=0x0]"
"18-08-2026 10:30:08","271","Verbose","Microsoft-Windows-StateRepository","SRCache successfully updated [Options=0x0]"
"18-08-2026 10:30:05","271","Verbose","Microsoft-Windows-StateRepository","SRCache successfully updated [Options=0x0]"
"18-08-2026 10:30:05","271","Verbose","Microsoft-Windows-StateRepository","SRCache successfully updated [Options=0x0]"
"18-08-2026 10:30:05","271","Verbose","Microsoft-Windows-StateRepository","SRCache successfully updated [Options=0x0]"
"18-08-2026 10:30:05","271","Verbose","Microsoft-Windows-StateRepository","SRCache successfully updated [Options=0x0]"
"18-08-2026 10:30:05","221","Verbose","Microsoft-Windows-StateRepository","ANALYZE command has run; database statistics are updated [Partition=2, ProcessId=8308, Scope=(database)]"
"18-08-2026 10:30:05","221","Verbose","Microsoft-Windows-StateRepository","ANALYZE command has run; database statistics are updated [Partition=1, ProcessId=8308, Scope=(database)]"
"18-08-2026 10:30:02","100","Error","Microsoft-Windows-StateRepository","Error 0x15: misuse at line 185353 of [737ae4a347]"
"18-08-2026 10:29:50","271","Verbose","Microsoft-Windows-StateRepository","SRCache successfully updated [Options=0x0]"
"18-08-2026 10:29:40","271","Verbose","Microsoft-Windows-StateRepository","SRCache successfully updated [Options=0x0]"
"18-08-2026 10:29:40","271","Verbose","Microsoft-Windows-StateRepository","SRCache successfully updated [Options=0x0]"
"18-08-2026 10:29:40","100","Error","Microsoft-Windows-StateRepository","Error 0x15: misuse at line 185353 of [737ae4a347]"
"18-08-2026 10:29:39","271","Verbose","Microsoft-Windows-StateRepository","SRCache successfully updated [Options=0x0]"
"18-08-2026 10:29:02","271","Verbose","Microsoft-Windows-StateRepository","SRCache successfully updated [Options=0x0]"
"18-08-2026 10:29:01","271","Verbose","Microsoft-Windows-StateRepository","SRCache successfully updated [Options=0x0]"
"18-08-2026 10:29:01","271","Verbose","Microsoft-Windows-StateRepository","SRCache successfully updated [Options=0x0]"
"18-08-2026 10:29:01","221","Verbose","Microsoft-Windows-StateRepository","ANALYZE command has run; database statistics are updated [Partition=2, ProcessId=8308, Scope=(database)]"
"18-08-2026 10:29:01","221","Verbose","Microsoft-Windows-StateRepository","ANALYZE command has run; database statistics are updated [Partition=1, ProcessId=8308, Scope=(database)]"
"18-08-2026 10:29:01","231","Verbose","Microsoft-Windows-StateRepository","RepositoryManagerServerUpgrade with options: 0x1"
"18-08-2026 10:29:01","100","Error","Microsoft-Windows-StateRepository","Error 0x15: misuse at line 185353 of [737ae4a347]"
"18-08-2026 10:29:01","287","Information","Microsoft-Windows-StateRepository","StateRepository lifecycle transition to Running [ProcessId=824, ThreadId=2092] [ElapsedMS: RegisterService=0, StateRepository=0 AccessControl=0 Upgrade=774 Cache=3858 Module=0 CoRegisterServerShutdown=0 RegisterDisconnectableContext=16 RPC=0"
"18-08-2026 10:29:01","269","Verbose","Microsoft-Windows-StateRepository","SRCache successfully initialized [Options=0x0]"
"18-08-2026 10:28:57","245","Verbose","Microsoft-Windows-StateRepository","Maintenance has been performed"
"18-08-2026 10:28:57","265","Verbose","Microsoft-Windows-StateRepository","Checkpoint has been performed"
"18-08-2026 10:28:57","284","Verbose","Microsoft-Windows-StateRepository","REINDEX command has run; database indices are updated [Partition=2, ProcessId=824, Scope=NULL]"
"18-08-2026 10:28:57","284","Verbose","Microsoft-Windows-StateRepository","REINDEX command has run; database indices are updated [Partition=2, ProcessId=824, Scope=PackageSourceUri]"
"18-08-2026 10:28:57","284","Verbose","Microsoft-Windows-StateRepository","REINDEX command has run; database indices are updated [Partition=2, ProcessId=824, Scope=PackageAppInstaller]"
"18-08-2026 10:28:57","284","Verbose","Microsoft-Windows-StateRepository","REINDEX command has run; database indices are updated [Partition=2, ProcessId=824, Scope=File]"
"18-08-2026 10:28:56","284","Verbose","Microsoft-Windows-StateRepository","REINDEX command has run; database indices are updated [Partition=2, ProcessId=824, Scope=ContentGroupFile]"
"18-08-2026 10:28:56","284","Verbose","Microsoft-Windows-StateRepository","REINDEX command has run; database indices are updated [Partition=2, ProcessId=824, Scope=ContentGroup]"
"18-08-2026 10:28:56","284","Verbose","Microsoft-Windows-StateRepository","REINDEX command has run; database indices are updated [Partition=2, ProcessId=824, Scope=AutoUpdatePackage]"
"18-08-2026 10:28:56","284","Verbose","Microsoft-Windows-StateRepository","REINDEX command has run; database indices are updated [Partition=2, ProcessId=824, Scope=AppxManifest]"
"18-08-2026 10:28:56","284","Verbose","Microsoft-Windows-StateRepository","REINDEX command has run; database indices are updated [Partition=2, ProcessId=824, Scope=AppInstallerUri]"
"18-08-2026 10:28:56","284","Verbose","Microsoft-Windows-StateRepository","REINDEX command has run; database indices are updated [Partition=2, ProcessId=824, Scope=AppInstaller]"
"18-08-2026 10:28:56","223","Information","Microsoft-Windows-StateRepository","StateRepository partition 2 exists and ready for use [SchemaVersion=30208]"
"18-08-2026 10:28:56","223","Information","Microsoft-Windows-StateRepository","StateRepository partition 1 exists and ready for use [SchemaVersion=30208]"
"18-08-2026 10:28:56","100","Error","Microsoft-Windows-StateRepository","Error 0x15: misuse at line 185353 of [737ae4a347]"
"18-08-2026 10:28:21","243","Verbose","Microsoft-Windows-StateRepository","Waited 0msec for requests in progress to complete"
"18-08-2026 10:28:21","242","Verbose","Microsoft-Windows-StateRepository","Waiting 5000msec for requests in progress to complete"
"18-08-2026 10:28:21","289","Information","Microsoft-Windows-StateRepository","StateRepository lifecycle transition to Stopping [ProcessId=1992, Checkpoint=28868]"
"18-08-2026 10:28:21","289","Information","Microsoft-Windows-StateRepository","StateRepository lifecycle transition to Stopping [ProcessId=1992, Checkpoint=1996]"
"18-08-2026 10:28:02","271","Verbose","Microsoft-Windows-StateRepository","SRCache successfully updated [Options=0x0]"
"18-08-2026 10:28:01","271","Verbose","Microsoft-Windows-StateRepository","SRCache successfully updated [Options=0x0]"
"18-08-2026 10:28:01","271","Verbose","Microsoft-Windows-StateRepository","SRCache successfully updated [Options=0x0]"
"18-08-2026 10:28:01","271","Verbose","Microsoft-Windows-StateRepository","SRCache successfully updated [Options=0x0]"
"18-08-2026 10:27:44","105","Information","Microsoft-Windows-StateRepository","Info 0x11B: recovered 23 frames from WAL file C:\ProgramData\Microsoft\Windows\AppRepository\StateRepository-Deployment.srd-wal"
"18-08-2026 10:27:44","231","Verbose","Microsoft-Windows-StateRepository","RepositoryManagerServerUpgrade with options: 0x1"
"18-08-2026 10:27:43","100","Error","Microsoft-Windows-StateRepository","Error 0x15: misuse at line 185353 of [737ae4a347]"
"18-08-2026 09:59:40","271","Verbose","Microsoft-Windows-StateRepository","SRCache successfully updated [Options=0x0]"
"18-08-2026 09:59:40","271","Verbose","Microsoft-Windows-StateRepository","SRCache successfully updated [Options=0x0]"
"18-08-2026 09:59:40","271","Verbose","Microsoft-Windows-StateRepository","SRCache successfully updated [Options=0x0]"
"18-08-2026 09:59:40","271","Verbose","Microsoft-Windows-StateRepository","SRCache successfully updated [Options=0x0]"
"18-08-2026 09:59:38","271","Verbose","Microsoft-Windows-StateRepository","SRCache successfully updated [Options=0x0]"
"18-08-2026 09:59:38","271","Verbose","Microsoft-Windows-StateRepository","SRCache successfully updated [Options=0x0]"
"18-08-2026 09:59:31","271","Verbose","Microsoft-Windows-StateRepository","SRCache successfully updated [Options=0x0]"
"18-08-2026 09:59:31","271","Verbose","Microsoft-Windows-StateRepository","SRCache successfully updated [Options=0x0]"
"18-08-2026 09:59:31","271","Verbose","Microsoft-Windows-StateRepository","SRCache successfully updated [Options=0x0]"
"18-08-2026 09:59:31","271","Verbose","Microsoft-Windows-StateRepository","SRCache successfully updated [Options=0x0]"
"18-08-2026 09:59:31","271","Verbose","Microsoft-Windows-StateRepository","SRCache successfully updated [Options=0x0]"
"18-08-2026 09:59:30","271","Verbose","Microsoft-Windows-StateRepository","SRCache successfully updated [Options=0x0]"
"18-08-2026 09:59:30","271","Verbose","Microsoft-Windows-StateRepository","SRCache successfully updated [Options=0x0]"
"18-08-2026 09:59:08","271","Verbose","Microsoft-Windows-StateRepository","SRCache successfully updated [Options=0x0]"
"18-08-2026 09:59:08","271","Verbose","Microsoft-Windows-StateRepository","SRCache successfully updated [Options=0x0]"
"18-08-2026 09:59:08","271","Verbose","Microsoft-Windows-StateRepository","SRCache successfully updated [Options=0x0]"
"18-08-2026 09:59:08","271","Verbose","Microsoft-Windows-StateRepository","SRCache successfully updated [Options=0x0]"
"18-08-2026 09:59:07","271","Verbose","Microsoft-Windows-StateRepository","SRCache successfully updated [Options=0x0]"
"18-08-2026 09:59:07","100","Error","Microsoft-Windows-StateRepository","Error 0x15: misuse at line 185353 of [737ae4a347]"
"18-08-2026 09:59:07","271","Verbose","Microsoft-Windows-StateRepository","SRCache successfully updated [Options=0x0]"
"18-08-2026 09:59:06","271","Verbose","Microsoft-Windows-StateRepository","SRCache successfully updated [Options=0x0]"
"18-08-2026 09:59:06","271","Verbose","Microsoft-Windows-StateRepository","SRCache successfully updated [Options=0x0]"
"18-08-2026 09:59:04","271","Verbose","Microsoft-Windows-StateRepository","SRCache successfully updated [Options=0x0]"
"18-08-2026 09:59:03","271","Verbose","Microsoft-Windows-StateRepository","SRCache successfully updated [Options=0x0]"
"18-08-2026 09:58:55","271","Verbose","Microsoft-Windows-StateRepository","SRCache successfully updated [Options=0x0]"
"18-08-2026 09:58:55","271","Verbose","Microsoft-Windows-StateRepository","SRCache successfully updated [Options=0x0]"
"18-08-2026 09:58:44","271","Verbose","Microsoft-Windows-StateRepository","SRCache successfully updated [Options=0x0]"
"18-08-2026 09:58:44","271","Verbose","Microsoft-Windows-StateRepository","SRCache successfully updated [Options=0x0]"
"18-08-2026 09:58:44","221","Verbose","Microsoft-Windows-StateRepository","ANALYZE command has run; database statistics are updated [Partition=2, ProcessId=35180, Scope=(database)]"
"18-08-2026 09:58:44","221","Verbose","Microsoft-Windows-StateRepository","ANALYZE command has run; database statistics are updated [Partition=1, ProcessId=35180, Scope=(database)]"
"18-08-2026 09:56:27","271","Verbose","Microsoft-Windows-StateRepository","SRCache successfully updated [Options=0x0]"
"18-08-2026 09:56:27","271","Verbose","Microsoft-Windows-StateRepository","SRCache successfully updated [Options=0x0]"
"18-08-2026 09:56:27","221","Verbose","Microsoft-Windows-StateRepository","ANALYZE command has run; database statistics are updated [Partition=2, ProcessId=35180, Scope=(database)]"
"18-08-2026 09:56:27","221","Verbose","Microsoft-Windows-StateRepository","ANALYZE command has run; database statistics are updated [Partition=1, ProcessId=35180, Scope=(database)]"
"18-08-2026 09:51:42","221","Verbose","Microsoft-Windows-StateRepository","ANALYZE command has run; database statistics are updated [Partition=2, ProcessId=1992, Scope=(database)]"
"18-08-2026 09:51:42","221","Verbose","Microsoft-Windows-StateRepository","ANALYZE command has run; database statistics are updated [Partition=1, ProcessId=1992, Scope=(database)]"
"18-08-2026 09:51:42","284","Verbose","Microsoft-Windows-StateRepository","REINDEX command has run; database indices are updated [Partition=2, ProcessId=1992, Scope=(database)]"
"18-08-2026 09:51:41","284","Verbose","Microsoft-Windows-StateRepository","REINDEX command has run; database indices are updated [Partition=1, ProcessId=1992, Scope=(database)]"
"18-08-2026 09:46:31","271","Verbose","Microsoft-Windows-StateRepository","SRCache successfully updated [Options=0x0]"
"18-08-2026 09:40:48","231","Verbose","Microsoft-Windows-StateRepository","RepositoryManagerServerUpgrade with options: 0x1"
"18-08-2026 06:22:48","100","Error","Microsoft-Windows-StateRepository","Error 0x15: misuse at line 185353 of [737ae4a347]"
"17-08-2026 20:38:24","231","Verbose","Microsoft-Windows-StateRepository","RepositoryManagerServerUpgrade with options: 0x1"
"17-08-2026 20:38:24","100","Error","Microsoft-Windows-StateRepository","Error 0x15: misuse at line 185353 of [737ae4a347]"
"17-08-2026 19:53:39","231","Verbose","Microsoft-Windows-StateRepository","RepositoryManagerServerUpgrade with options: 0x1"
"17-08-2026 19:53:39","100","Error","Microsoft-Windows-StateRepository","Error 0x15: misuse at line 185353 of [737ae4a347]"
"17-08-2026 19:11:48","231","Verbose","Microsoft-Windows-StateRepository","RepositoryManagerServerUpgrade with options: 0x1"
"17-08-2026 19:11:48","100","Error","Microsoft-Windows-StateRepository","Error 0x15: misuse at line 185353 of [737ae4a347]"
"17-08-2026 18:57:12","231","Verbose","Microsoft-Windows-StateRepository","RepositoryManagerServerUpgrade with options: 0x1"
"17-08-2026 18:57:12","100","Error","Microsoft-Windows-StateRepository","Error 0x15: misuse at line 185353 of [737ae4a347]"
"17-08-2026 18:38:24","231","Verbose","Microsoft-Windows-StateRepository","RepositoryManagerServerUpgrade with options: 0x1"
"17-08-2026 18:38:23","100","Error","Microsoft-Windows-StateRepository","Error 0x15: misuse at line 185353 of [737ae4a347]"
"17-08-2026 17:38:24","231","Verbose","Microsoft-Windows-StateRepository","RepositoryManagerServerUpgrade with options: 0x1"
"17-08-2026 17:38:24","100","Error","Microsoft-Windows-StateRepository","Error 0x15: misuse at line 185353 of [737ae4a347]"
"17-08-2026 16:38:23","231","Verbose","Microsoft-Windows-StateRepository","RepositoryManagerServerUpgrade with options: 0x1"
"17-08-2026 16:38:23","100","Error","Microsoft-Windows-StateRepository","Error 0x15: misuse at line 185353 of [737ae4a347]"
"17-08-2026 16:32:07","231","Verbose","Microsoft-Windows-StateRepository","RepositoryManagerServerUpgrade with options: 0x1"
"17-08-2026 16:32:07","100","Error","Microsoft-Windows-StateRepository","Error 0x15: misuse at line 185353 of [737ae4a347]"
"17-08-2026 15:51:41","231","Verbose","Microsoft-Windows-StateRepository","RepositoryManagerServerUpgrade with options: 0x1"
"17-08-2026 15:51:41","100","Error","Microsoft-Windows-StateRepository","Error 0x15: misuse at line 185353 of [737ae4a347]"
"17-08-2026 15:38:24","231","Verbose","Microsoft-Windows-StateRepository","RepositoryManagerServerUpgrade with options: 0x1"
"17-08-2026 15:38:23","100","Error","Microsoft-Windows-StateRepository","Error 0x15: misuse at line 185353 of [737ae4a347]"
"17-08-2026 14:38:23","231","Verbose","Microsoft-Windows-StateRepository","RepositoryManagerServerUpgrade with options: 0x1"
"17-08-2026 14:38:23","100","Error","Microsoft-Windows-StateRepository","Error 0x15: misuse at line 185353 of [737ae4a347]"
"17-08-2026 14:03:59","231","Verbose","Microsoft-Windows-StateRepository","RepositoryManagerServerUpgrade with options: 0x1"
"17-08-2026 14:03:59","100","Error","Microsoft-Windows-StateRepository","Error 0x15: misuse at line 185353 of [737ae4a347]"
"17-08-2026 13:38:25","231","Verbose","Microsoft-Windows-StateRepository","RepositoryManagerServerUpgrade with options: 0x1"
"17-08-2026 13:38:25","100","Error","Microsoft-Windows-StateRepository","Error 0x15: misuse at line 185353 of [737ae4a347]"
"17-08-2026 13:31:56","271","Verbose","Microsoft-Windows-StateRepository","SRCache successfully updated [Options=0x0]"
"17-08-2026 13:31:56","271","Verbose","Microsoft-Windows-StateRepository","SRCache successfully updated [Options=0x0]"
"17-08-2026 13:31:56","271","Verbose","Microsoft-Windows-StateRepository","SRCache successfully updated [Options=0x0]"
"17-08-2026 13:31:56","271","Verbose","Microsoft-Windows-StateRepository","SRCache successfully updated [Options=0x0]"
"17-08-2026 13:31:56","271","Verbose","Microsoft-Windows-StateRepository","SRCache successfully updated [Options=0x0]"
"17-08-2026 13:31:56","271","Verbose","Microsoft-Windows-StateRepository","SRCache successfully updated [Options=0x0]"
"17-08-2026 13:31:56","271","Verbose","Microsoft-Windows-StateRepository","SRCache successfully updated [Options=0x0]"
"17-08-2026 13:31:56","271","Verbose","Microsoft-Windows-StateRepository","SRCache successfully updated [Options=0x0]"
"17-08-2026 13:31:56","271","Verbose","Microsoft-Windows-StateRepository","SRCache successfully updated [Options=0x0]"
"17-08-2026 13:31:56","271","Verbose","Microsoft-Windows-StateRepository","SRCache successfully updated [Options=0x0]"
"17-08-2026 13:31:55","271","Verbose","Microsoft-Windows-StateRepository","SRCache successfully updated [Options=0x0]"
"17-08-2026 13:31:55","271","Verbose","Microsoft-Windows-StateRepository","SRCache successfully updated [Options=0x0]"
"17-08-2026 13:31:55","271","Verbose","Microsoft-Windows-StateRepository","SRCache successfully updated [Options=0x0]"
"17-08-2026 13:31:55","271","Verbose","Microsoft-Windows-StateRepository","SRCache successfully updated [Options=0x0]"
"17-08-2026 13:31:55","271","Verbose","Microsoft-Windows-StateRepository","SRCache successfully updated [Options=0x0]"
"17-08-2026 13:31:55","271","Verbose","Microsoft-Windows-StateRepository","SRCache successfully updated [Options=0x0]"
"17-08-2026 13:31:54","271","Verbose","Microsoft-Windows-StateRepository","SRCache successfully updated [Options=0x0]"
"17-08-2026 13:31:54","100","Error","Microsoft-Windows-StateRepository","Error 0x15: misuse at line 185353 of [737ae4a347]"
"17-08-2026 13:31:54","271","Verbose","Microsoft-Windows-StateRepository","SRCache successfully updated [Options=0x0]"
"17-08-2026 13:31:54","271","Verbose","Microsoft-Windows-StateRepository","SRCache successfully updated [Options=0x0]"
"17-08-2026 13:31:54","271","Verbose","Microsoft-Windows-StateRepository","SRCache successfully updated [Options=0x0]"
"17-08-2026 13:31:54","271","Verbose","Microsoft-Windows-StateRepository","SRCache successfully updated [Options=0x0]"
"17-08-2026 13:31:54","271","Verbose","Microsoft-Windows-StateRepository","SRCache successfully updated [Options=0x0]"
"17-08-2026 13:31:54","271","Verbose","Microsoft-Windows-StateRepository","SRCache successfully updated [Options=0x0]"
"17-08-2026 13:31:54","271","Verbose","Microsoft-Windows-StateRepository","SRCache successfully updated [Options=0x0]"
"17-08-2026 13:31:54","271","Verbose","Microsoft-Windows-StateRepository","SRCache successfully updated [Options=0x0]"
"17-08-2026 13:31:54","271","Verbose","Microsoft-Windows-StateRepository","SRCache successfully updated [Options=0x0]"
"17-08-2026 13:31:54","271","Verbose","Microsoft-Windows-StateRepository","SRCache successfully updated [Options=0x0]"
"17-08-2026 13:31:54","271","Verbose","Microsoft-Windows-StateRepository","SRCache successfully updated [Options=0x0]"
"17-08-2026 13:31:53","271","Verbose","Microsoft-Windows-StateRepository","SRCache successfully updated [Options=0x0]"
"17-08-2026 13:31:53","221","Verbose","Microsoft-Windows-StateRepository","ANALYZE command has run; database statistics are updated [Partition=2, ProcessId=42048, Scope=(database)]"
"17-08-2026 13:31:53","221","Verbose","Microsoft-Windows-StateRepository","ANALYZE command has run; database statistics are updated [Partition=1, ProcessId=42048, Scope=(database)]"
"17-08-2026 13:31:52","231","Verbose","Microsoft-Windows-StateRepository","RepositoryManagerServerUpgrade with options: 0x1"
"17-08-2026 13:31:52","100","Error","Microsoft-Windows-StateRepository","Error 0x15: misuse at line 185353 of [737ae4a347]"
"17-08-2026 13:11:02","100","Error","Microsoft-Windows-StateRepository","Error 0x15: misuse at line 185353 of [737ae4a347]"
"17-08-2026 12:38:25","231","Verbose","Microsoft-Windows-StateRepository","RepositoryManagerServerUpgrade with options: 0x1"
"17-08-2026 12:38:25","100","Error","Microsoft-Windows-StateRepository","Error 0x15: misuse at line 185353 of [737ae4a347]"
"17-08-2026 12:13:31","231","Verbose","Microsoft-Windows-StateRepository","RepositoryManagerServerUpgrade with options: 0x1"
"17-08-2026 12:13:31","100","Error","Microsoft-Windows-StateRepository","Error 0x15: misuse at line 185353 of [737ae4a347]"
"17-08-2026 12:06:02","100","Error","Microsoft-Windows-StateRepository","Error 0x15: misuse at line 185353 of [737ae4a347]"
"17-08-2026 11:38:30","271","Verbose","Microsoft-Windows-StateRepository","SRCache successfully updated [Options=0x0]"
"17-08-2026 11:38:30","271","Verbose","Microsoft-Windows-StateRepository","SRCache successfully updated [Options=0x0]"
"17-08-2026 11:38:30","271","Verbose","Microsoft-Windows-StateRepository","SRCache successfully updated [Options=0x0]"
"17-08-2026 11:38:30","271","Verbose","Microsoft-Windows-StateRepository","SRCache successfully updated [Options=0x0]"
"17-08-2026 11:38:29","271","Verbose","Microsoft-Windows-StateRepository","SRCache successfully updated [Options=0x0]"
"17-08-2026 11:38:29","271","Verbose","Microsoft-Windows-StateRepository","SRCache successfully updated [Options=0x0]"
"17-08-2026 11:38:28","271","Verbose","Microsoft-Windows-StateRepository","SRCache successfully updated [Options=0x0]"
"17-08-2026 11:38:28","221","Verbose","Microsoft-Windows-StateRepository","ANALYZE command has run; database statistics are updated [Partition=2, ProcessId=34176, Scope=(database)]"
"17-08-2026 11:38:27","221","Verbose","Microsoft-Windows-StateRepository","ANALYZE command has run; database statistics are updated [Partition=1, ProcessId=34176, Scope=(database)]"
"17-08-2026 11:16:02","231","Verbose","Microsoft-Windows-StateRepository","RepositoryManagerServerUpgrade with options: 0x1"
"17-08-2026 11:16:01","100","Error","Microsoft-Windows-StateRepository","Error 0x15: misuse at line 185353 of [737ae4a347]"
"17-08-2026 10:35:12","231","Verbose","Microsoft-Windows-StateRepository","RepositoryManagerServerUpgrade with options: 0x1"
"17-08-2026 10:35:12","100","Error","Microsoft-Windows-StateRepository","Error 0x15: misuse at line 185353 of [737ae4a347]"
"17-08-2026 10:04:26","271","Verbose","Microsoft-Windows-StateRepository","SRCache successfully updated [Options=0x0]"
"17-08-2026 10:04:25","271","Verbose","Microsoft-Windows-StateRepository","SRCache successfully updated [Options=0x0]"
"17-08-2026 10:04:25","271","Verbose","Microsoft-Windows-StateRepository","SRCache successfully updated [Options=0x0]"
"17-08-2026 10:04:25","271","Verbose","Microsoft-Windows-StateRepository","SRCache successfully updated [Options=0x0]"
"17-08-2026 10:04:24","271","Verbose","Microsoft-Windows-StateRepository","SRCache successfully updated [Options=0x0]"
"17-08-2026 10:04:24","271","Verbose","Microsoft-Windows-StateRepository","SRCache successfully updated [Options=0x0]"
"17-08-2026 10:04:24","271","Verbose","Microsoft-Windows-StateRepository","SRCache successfully updated [Options=0x0]"
"17-08-2026 10:04:24","271","Verbose","Microsoft-Windows-StateRepository","SRCache successfully updated [Options=0x0]"
"17-08-2026 10:04:24","271","Verbose","Microsoft-Windows-StateRepository","SRCache successfully updated [Options=0x0]"
"17-08-2026 10:04:24","271","Verbose","Microsoft-Windows-StateRepository","SRCache successfully updated [Options=0x0]"
"17-08-2026 10:04:24","271","Verbose","Microsoft-Windows-StateRepository","SRCache successfully updated [Options=0x0]"
"17-08-2026 10:04:23","271","Verbose","Microsoft-Windows-StateRepository","SRCache successfully updated [Options=0x0]"
"17-08-2026 10:04:23","271","Verbose","Microsoft-Windows-StateRepository","SRCache successfully updated [Options=0x0]"
"17-08-2026 10:04:23","271","Verbose","Microsoft-Windows-StateRepository","SRCache successfully updated [Options=0x0]"
"17-08-2026 10:04:23","271","Verbose","Microsoft-Windows-StateRepository","SRCache successfully updated [Options=0x0]"
"17-08-2026 10:04:22","271","Verbose","Microsoft-Windows-StateRepository","SRCache successfully updated [Options=0x0]"
"17-08-2026 10:04:22","271","Verbose","Microsoft-Windows-StateRepository","SRCache successfully updated [Options=0x0]"
"17-08-2026 10:04:22","271","Verbose","Microsoft-Windows-StateRepository","SRCache successfully updated [Options=0x0]"
"17-08-2026 10:04:22","271","Verbose","Microsoft-Windows-StateRepository","SRCache successfully updated [Options=0x0]"
"17-08-2026 10:04:22","271","Verbose","Microsoft-Windows-StateRepository","SRCache successfully updated [Options=0x0]"
"17-08-2026 10:04:22","271","Verbose","Microsoft-Windows-StateRepository","SRCache successfully updated [Options=0x0]"
"17-08-2026 10:04:22","271","Verbose","Microsoft-Windows-StateRepository","SRCache successfully updated [Options=0x0]"
"17-08-2026 10:04:22","271","Verbose","Microsoft-Windows-StateRepository","SRCache successfully updated [Options=0x0]"
"17-08-2026 10:04:21","271","Verbose","Microsoft-Windows-StateRepository","SRCache successfully updated [Options=0x0]"
"17-08-2026 10:04:21","271","Verbose","Microsoft-Windows-StateRepository","SRCache successfully updated [Options=0x0]"
"17-08-2026 10:04:21","271","Verbose","Microsoft-Windows-StateRepository","SRCache successfully updated [Options=0x0]"
"17-08-2026 10:04:21","271","Verbose","Microsoft-Windows-StateRepository","SRCache successfully updated [Options=0x0]"
"17-08-2026 10:04:21","271","Verbose","Microsoft-Windows-StateRepository","SRCache successfully updated [Options=0x0]"
"17-08-2026 10:04:21","271","Verbose","Microsoft-Windows-StateRepository","SRCache successfully updated [Options=0x0]"
"17-08-2026 10:04:21","271","Verbose","Microsoft-Windows-StateRepository","SRCache successfully updated [Options=0x0]"
"17-08-2026 10:04:20","271","Verbose","Microsoft-Windows-StateRepository","SRCache successfully updated [Options=0x0]"
"17-08-2026 10:04:20","271","Verbose","Microsoft-Windows-StateRepository","SRCache successfully updated [Options=0x0]"
"17-08-2026 10:04:20","271","Verbose","Microsoft-Windows-StateRepository","SRCache successfully updated [Options=0x0]"
"17-08-2026 10:04:20","271","Verbose","Microsoft-Windows-StateRepository","SRCache successfully updated [Options=0x0]"
"17-08-2026 10:04:20","271","Verbose","Microsoft-Windows-StateRepository","SRCache successfully updated [Options=0x0]"
"17-08-2026 10:04:20","271","Verbose","Microsoft-Windows-StateRepository","SRCache successfully updated [Options=0x0]"
"17-08-2026 10:04:20","271","Verbose","Microsoft-Windows-StateRepository","SRCache successfully updated [Options=0x0]"
"17-08-2026 10:04:20","271","Verbose","Microsoft-Windows-StateRepository","SRCache successfully updated [Options=0x0]"
"17-08-2026 10:04:20","271","Verbose","Microsoft-Windows-StateRepository","SRCache successfully updated [Options=0x0]"
