"19-06-2026 10:52:19","813","Information","Microsoft-Windows-DeviceManagement-Enterprise-Diagnostics-Provider","MDM PolicyManager: Set policy int, Policy: (FeatureUpdateEnrolled), Area: (Update), EnrollmentID requesting merge: (B04F44A4-B696-4B56-934A-C11667E944E4), Current User: (Device), Int: (0x1), Enrollment Type: (0x20), Scope: (0x0)."
"19-06-2026 10:52:19","813","Information","Microsoft-Windows-DeviceManagement-Enterprise-Diagnostics-Provider","MDM PolicyManager: Set policy int, Policy: (QualityUpdateEnrolled), Area: (Update), EnrollmentID requesting merge: (B04F44A4-B696-4B56-934A-C11667E944E4), Current User: (Device), Int: (0x0), Enrollment Type: (0x20), Scope: (0x0)."
"19-06-2026 09:06:20","404","Error","Microsoft-Windows-DeviceManagement-Enterprise-Diagnostics-Provider","MDM ConfigurationManager: Command failure status. Configuration Source ID: (386F60E8-6817-4304-B348-3E8545F3B70A), Enrollment Name: (MDMDeviceWithAAD), Provider Name: (Policy), Command Type: (Add: from Replace or Add), CSP URI: (./Device/Vendor/MSFT/Policy/Config/ApplicationManagement/RemoveDefaultMicrosoftStorePackages), Result: (Unknown Win32 Error code: 0x82b00001)."
"19-06-2026 09:06:20","810","Error","Microsoft-Windows-DeviceManagement-Enterprise-Diagnostics-Provider","MDM PolicyManager: Set policy string, Policy: (RemoveDefaultMicrosoftStorePackages), Area: (ApplicationManagement), EnrollmentID requesting set: (386F60E8-6817-4304-B348-3E8545F3B70A), Current User: (Device), String: (<enabled/><data id=""WindowsFeedbackHub"" value=""true"" /><data id=""MicrosoftOfficeHub"" value=""false"" /><data id=""Clipchamp"" value=""false"" /><data id=""Copilot"" value=""false"" /><data id=""BingNews"" value=""true"" /><data id=""Photos"" value=""false"" /><data id=""MicrosoftSolitaireCollection"" value=""true"" /><data id=""MicrosoftStickyNotes"" value=""false"" /><data id=""MSTeams"" value=""false"" /><data id=""Todo"" value=""false"" /><data id=""BingWeather"" value=""true"" /><data id=""OutlookForWindows"" value=""false"" /><data id=""Paint"" value=""false"" /><data id=""QuickAssist"" value=""false"" /><data id=""ScreenSketch"" value=""false"" /><data id=""WindowsCalculator"" value=""false"" /><data id=""WindowsCamera"" value=""false"" /><data id=""MediaPlayer"" value=""false"" /><data id=""WindowsNotepad"" value=""false"" /><data id=""WindowsSoundRecorder"" value=""false"" /><data id=""WindowsTerminal"" value=""false"" /><data id=""GamingApp"" value=""true"" /><data id=""XboxIdentityProvider"" value=""true"" /><data id=""XboxSpeechToTextOverlay"" value=""true"" /><data id=""XboxTCUI"" value=""true"" />), Enrollment Type: (0x6), Scope: (0x0), Result:(0x82B00001) Unknown Win32 Error code: 0x82b00001."
"19-06-2026 09:06:20","856","Error","Microsoft-Windows-DeviceManagement-Enterprise-Diagnostics-Provider","MDM PolicyManager: ADMX ingestion given payload policy definition element Id not found: Id (DynamicRemovalList). Result:(0x82B00001) Unknown Win32 Error code: 0x82b00001."
"19-06-2026 09:06:20","2204","Information","Microsoft-Windows-DeviceManagement-Enterprise-Diagnostics-Provider","Caching uri for blocking mapped GP location. URI: (./Device/Vendor/MSFT/Policy/Config/ApplicationManagement/RemoveDefaultMicrosoftStorePackages), Operation: (0x0)."
"19-06-2026 09:06:18","404","Error","Microsoft-Windows-DeviceManagement-Enterprise-Diagnostics-Provider","MDM ConfigurationManager: Command failure status. Configuration Source ID: (386F60E8-6817-4304-B348-3E8545F3B70A), Enrollment Name: (MDMDeviceWithAAD), Provider Name: (Policy), Command Type: (Add: from Replace or Add), CSP URI: (./Device/Vendor/MSFT/Policy/ConfigOperations/ADMXInstall/Receiver/Properties/Policy/FakePolicy/Version), Result: (The system cannot find the file specified.)."
"19-06-2026 09:03:21","404","Error","Microsoft-Windows-DeviceManagement-Enterprise-Diagnostics-Provider","MDM ConfigurationManager: Command failure status. Configuration Source ID: (386F60E8-6817-4304-B348-3E8545F3B70A), Enrollment Name: (MDMDeviceWithAAD), Provider Name: (Policy), Command Type: (Add: from Replace or Add), CSP URI: (./Device/Vendor/MSFT/Policy/Config/ApplicationManagement/RemoveDefaultMicrosoftStorePackages), Result: (Unknown Win32 Error code: 0x82b00001)."
"19-06-2026 09:03:21","810","Error","Microsoft-Windows-DeviceManagement-Enterprise-Diagnostics-Provider","MDM PolicyManager: Set policy string, Policy: (RemoveDefaultMicrosoftStorePackages), Area: (ApplicationManagement), EnrollmentID requesting set: (386F60E8-6817-4304-B348-3E8545F3B70A), Current User: (Device), String: (<enabled/><data id=""WindowsFeedbackHub"" value=""true"" /><data id=""MicrosoftOfficeHub"" value=""false"" /><data id=""Clipchamp"" value=""false"" /><data id=""Copilot"" value=""false"" /><data id=""BingNews"" value=""true"" /><data id=""Photos"" value=""false"" /><data id=""MicrosoftSolitaireCollection"" value=""true"" /><data id=""MicrosoftStickyNotes"" value=""false"" /><data id=""MSTeams"" value=""false"" /><data id=""Todo"" value=""false"" /><data id=""BingWeather"" value=""true"" /><data id=""OutlookForWindows"" value=""false"" /><data id=""Paint"" value=""false"" /><data id=""QuickAssist"" value=""false"" /><data id=""ScreenSketch"" value=""false"" /><data id=""WindowsCalculator"" value=""false"" /><data id=""WindowsCamera"" value=""false"" /><data id=""MediaPlayer"" value=""false"" /><data id=""WindowsNotepad"" value=""false"" /><data id=""WindowsSoundRecorder"" value=""false"" /><data id=""WindowsTerminal"" value=""false"" /><data id=""GamingApp"" value=""true"" /><data id=""XboxIdentityProvider"" value=""true"" /><data id=""XboxSpeechToTextOverlay"" value=""true"" /><data id=""XboxTCUI"" value=""true"" />), Enrollment Type: (0x6), Scope: (0x0), Result:(0x82B00001) Unknown Win32 Error code: 0x82b00001."
"19-06-2026 09:03:21","856","Error","Microsoft-Windows-DeviceManagement-Enterprise-Diagnostics-Provider","MDM PolicyManager: ADMX ingestion given payload policy definition element Id not found: Id (DynamicRemovalList). Result:(0x82B00001) Unknown Win32 Error code: 0x82b00001."
"19-06-2026 09:03:21","2204","Information","Microsoft-Windows-DeviceManagement-Enterprise-Diagnostics-Provider","Caching uri for blocking mapped GP location. URI: (./Device/Vendor/MSFT/Policy/Config/ApplicationManagement/RemoveDefaultMicrosoftStorePackages), Operation: (0x0)."
"19-06-2026 09:03:19","404","Error","Microsoft-Windows-DeviceManagement-Enterprise-Diagnostics-Provider","MDM ConfigurationManager: Command failure status. Configuration Source ID: (386F60E8-6817-4304-B348-3E8545F3B70A), Enrollment Name: (MDMDeviceWithAAD), Provider Name: (Policy), Command Type: (Add: from Replace or Add), CSP URI: (./Device/Vendor/MSFT/Policy/ConfigOperations/ADMXInstall/Receiver/Properties/Policy/FakePolicy/Version), Result: (The system cannot find the file specified.)."
"19-06-2026 09:02:11","404","Error","Microsoft-Windows-DeviceManagement-Enterprise-Diagnostics-Provider","MDM ConfigurationManager: Command failure status. Configuration Source ID: (386F60E8-6817-4304-B348-3E8545F3B70A), Enrollment Name: (MDMDeviceWithAAD), Provider Name: (Policy), Command Type: (Add: from Replace or Add), CSP URI: (./Device/Vendor/MSFT/Policy/Config/ApplicationManagement/RemoveDefaultMicrosoftStorePackages), Result: (Unknown Win32 Error code: 0x82b00001)."
"19-06-2026 09:02:11","810","Error","Microsoft-Windows-DeviceManagement-Enterprise-Diagnostics-Provider","MDM PolicyManager: Set policy string, Policy: (RemoveDefaultMicrosoftStorePackages), Area: (ApplicationManagement), EnrollmentID requesting set: (386F60E8-6817-4304-B348-3E8545F3B70A), Current User: (Device), String: (<enabled/><data id=""WindowsFeedbackHub"" value=""true"" /><data id=""MicrosoftOfficeHub"" value=""false"" /><data id=""Clipchamp"" value=""false"" /><data id=""Copilot"" value=""false"" /><data id=""BingNews"" value=""true"" /><data id=""Photos"" value=""false"" /><data id=""MicrosoftSolitaireCollection"" value=""true"" /><data id=""MicrosoftStickyNotes"" value=""false"" /><data id=""MSTeams"" value=""false"" /><data id=""Todo"" value=""false"" /><data id=""BingWeather"" value=""true"" /><data id=""OutlookForWindows"" value=""false"" /><data id=""Paint"" value=""false"" /><data id=""QuickAssist"" value=""false"" /><data id=""ScreenSketch"" value=""false"" /><data id=""WindowsCalculator"" value=""false"" /><data id=""WindowsCamera"" value=""false"" /><data id=""MediaPlayer"" value=""false"" /><data id=""WindowsNotepad"" value=""false"" /><data id=""WindowsSoundRecorder"" value=""false"" /><data id=""WindowsTerminal"" value=""false"" /><data id=""GamingApp"" value=""true"" /><data id=""XboxIdentityProvider"" value=""true"" /><data id=""XboxSpeechToTextOverlay"" value=""true"" /><data id=""XboxTCUI"" value=""true"" />), Enrollment Type: (0x6), Scope: (0x0), Result:(0x82B00001) Unknown Win32 Error code: 0x82b00001."
"19-06-2026 09:02:11","856","Error","Microsoft-Windows-DeviceManagement-Enterprise-Diagnostics-Provider","MDM PolicyManager: ADMX ingestion given payload policy definition element Id not found: Id (DynamicRemovalList). Result:(0x82B00001) Unknown Win32 Error code: 0x82b00001."
"19-06-2026 09:02:11","2204","Information","Microsoft-Windows-DeviceManagement-Enterprise-Diagnostics-Provider","Caching uri for blocking mapped GP location. URI: (./Device/Vendor/MSFT/Policy/Config/ApplicationManagement/RemoveDefaultMicrosoftStorePackages), Operation: (0x0)."
"19-06-2026 09:02:09","404","Error","Microsoft-Windows-DeviceManagement-Enterprise-Diagnostics-Provider","MDM ConfigurationManager: Command failure status. Configuration Source ID: (386F60E8-6817-4304-B348-3E8545F3B70A), Enrollment Name: (MDMDeviceWithAAD), Provider Name: (Policy), Command Type: (Add: from Replace or Add), CSP URI: (./Device/Vendor/MSFT/Policy/ConfigOperations/ADMXInstall/Receiver/Properties/Policy/FakePolicy/Version), Result: (The system cannot find the file specified.)."
"18-06-2026 15:00:01","404","Error","Microsoft-Windows-DeviceManagement-Enterprise-Diagnostics-Provider","MDM ConfigurationManager: Command failure status. Configuration Source ID: (386F60E8-6817-4304-B348-3E8545F3B70A), Enrollment Name: (MDMDeviceWithAAD), Provider Name: (Policy), Command Type: (Add: from Replace or Add), CSP URI: (./Device/Vendor/MSFT/Policy/Config/ApplicationManagement/RemoveDefaultMicrosoftStorePackages), Result: (Unknown Win32 Error code: 0x82b00001)."
"18-06-2026 15:00:01","810","Error","Microsoft-Windows-DeviceManagement-Enterprise-Diagnostics-Provider","MDM PolicyManager: Set policy string, Policy: (RemoveDefaultMicrosoftStorePackages), Area: (ApplicationManagement), EnrollmentID requesting set: (386F60E8-6817-4304-B348-3E8545F3B70A), Current User: (Device), String: (<enabled/><data id=""WindowsFeedbackHub"" value=""true"" /><data id=""MicrosoftOfficeHub"" value=""false"" /><data id=""Clipchamp"" value=""false"" /><data id=""Copilot"" value=""false"" /><data id=""BingNews"" value=""true"" /><data id=""Photos"" value=""false"" /><data id=""MicrosoftSolitaireCollection"" value=""true"" /><data id=""MicrosoftStickyNotes"" value=""false"" /><data id=""MSTeams"" value=""false"" /><data id=""Todo"" value=""false"" /><data id=""BingWeather"" value=""true"" /><data id=""OutlookForWindows"" value=""false"" /><data id=""Paint"" value=""false"" /><data id=""QuickAssist"" value=""false"" /><data id=""ScreenSketch"" value=""false"" /><data id=""WindowsCalculator"" value=""false"" /><data id=""WindowsCamera"" value=""false"" /><data id=""MediaPlayer"" value=""false"" /><data id=""WindowsNotepad"" value=""false"" /><data id=""WindowsSoundRecorder"" value=""false"" /><data id=""WindowsTerminal"" value=""false"" /><data id=""GamingApp"" value=""true"" /><data id=""XboxIdentityProvider"" value=""true"" /><data id=""XboxSpeechToTextOverlay"" value=""true"" /><data id=""XboxTCUI"" value=""true"" />), Enrollment Type: (0x6), Scope: (0x0), Result:(0x82B00001) Unknown Win32 Error code: 0x82b00001."
"18-06-2026 15:00:01","856","Error","Microsoft-Windows-DeviceManagement-Enterprise-Diagnostics-Provider","MDM PolicyManager: ADMX ingestion given payload policy definition element Id not found: Id (DynamicRemovalList). Result:(0x82B00001) Unknown Win32 Error code: 0x82b00001."
"18-06-2026 15:00:01","2204","Information","Microsoft-Windows-DeviceManagement-Enterprise-Diagnostics-Provider","Caching uri for blocking mapped GP location. URI: (./Device/Vendor/MSFT/Policy/Config/ApplicationManagement/RemoveDefaultMicrosoftStorePackages), Operation: (0x0)."
"18-06-2026 14:59:58","404","Error","Microsoft-Windows-DeviceManagement-Enterprise-Diagnostics-Provider","MDM ConfigurationManager: Command failure status. Configuration Source ID: (386F60E8-6817-4304-B348-3E8545F3B70A), Enrollment Name: (MDMDeviceWithAAD), Provider Name: (Policy), Command Type: (Add: from Replace or Add), CSP URI: (./Device/Vendor/MSFT/Policy/ConfigOperations/ADMXInstall/Receiver/Properties/Policy/FakePolicy/Version), Result: (The system cannot find the file specified.)."
"18-06-2026 13:11:14","286","Information","Microsoft-Windows-DeviceManagement-Enterprise-Diagnostics-Provider","MDM Session: Request to store session info for retry succeeded for AccountID (386F60E8-6817-4304-B348-3E8545F3B70A) with delay (6420000) and HRESULT (0x0)."
"18-06-2026 10:21:07","813","Information","Microsoft-Windows-DeviceManagement-Enterprise-Diagnostics-Provider","MDM PolicyManager: Set policy int, Policy: (QuickMachineRecoveryEnrolled), Area: (Update), EnrollmentID requesting merge: (B04F44A4-B696-4B56-934A-C11667E944E4), Current User: (Device), Int: (0x0), Enrollment Type: (0x20), Scope: (0x0)."
"18-06-2026 10:21:07","813","Information","Microsoft-Windows-DeviceManagement-Enterprise-Diagnostics-Provider","MDM PolicyManager: Set policy int, Policy: (DriverUpdateEnrolled), Area: (Update), EnrollmentID requesting merge: (B04F44A4-B696-4B56-934A-C11667E944E4), Current User: (Device), Int: (0x0), Enrollment Type: (0x20), Scope: (0x0)."
"18-06-2026 10:21:07","813","Information","Microsoft-Windows-DeviceManagement-Enterprise-Diagnostics-Provider","MDM PolicyManager: Set policy int, Policy: (AllowRebootlessUpdates), Area: (Update), EnrollmentID requesting merge: (B04F44A4-B696-4B56-934A-C11667E944E4), Current User: (Device), Int: (0x1), Enrollment Type: (0x20), Scope: (0x0)."
"18-06-2026 10:21:07","813","Information","Microsoft-Windows-DeviceManagement-Enterprise-Diagnostics-Provider","MDM PolicyManager: Set policy int, Policy: (FeatureUpdateEnrolled), Area: (Update), EnrollmentID requesting merge: (B04F44A4-B696-4B56-934A-C11667E944E4), Current User: (Device), Int: (0x1), Enrollment Type: (0x20), Scope: (0x0)."
"18-06-2026 10:21:07","813","Information","Microsoft-Windows-DeviceManagement-Enterprise-Diagnostics-Provider","MDM PolicyManager: Set policy int, Policy: (QualityUpdateEnrolled), Area: (Update), EnrollmentID requesting merge: (B04F44A4-B696-4B56-934A-C11667E944E4), Current User: (Device), Int: (0x0), Enrollment Type: (0x20), Scope: (0x0)."
"18-06-2026 09:20:35","813","Information","Microsoft-Windows-DeviceManagement-Enterprise-Diagnostics-Provider","MDM PolicyManager: Set policy int, Policy: (Power/Policy/Settings/Processor/SchemePersonality/ded574b5-45a0-4f42-8737-46345c09c238/c04a802d-2205-4910-ae98-3b51e3bb72f2/ShortSchedulingPolicy/DcValue), Area: (knobs), EnrollmentID requesting merge: (6298f460-b760-45e0-944d-069a6f1385f8), Current User: (device), Int: (0x4), Enrollment Type: (0x1), Scope: (0x0)."
"18-06-2026 09:20:35","813","Information","Microsoft-Windows-DeviceManagement-Enterprise-Diagnostics-Provider","MDM PolicyManager: Set policy int, Policy: (Power/Policy/Settings/Processor/SchemePersonality/ded574b5-45a0-4f42-8737-46345c09c238/c04a802d-2205-4910-ae98-3b51e3bb72f2/ShortSchedulingPolicy/AcValue), Area: (knobs), EnrollmentID requesting merge: (6298f460-b760-45e0-944d-069a6f1385f8), Current User: (device), Int: (0x4), Enrollment Type: (0x1), Scope: (0x0)."
"18-06-2026 09:20:35","813","Information","Microsoft-Windows-DeviceManagement-Enterprise-Diagnostics-Provider","MDM PolicyManager: Set policy int, Policy: (Power/Policy/Settings/Processor/SchemePersonality/ded574b5-45a0-4f42-8737-46345c09c238/c04a802d-2205-4910-ae98-3b51e3bb72f2/SchedulingPolicy/DcValue), Area: (knobs), EnrollmentID requesting merge: (6298f460-b760-45e0-944d-069a6f1385f8), Current User: (device), Int: (0x4), Enrollment Type: (0x1), Scope: (0x0)."
"18-06-2026 09:20:34","813","Information","Microsoft-Windows-DeviceManagement-Enterprise-Diagnostics-Provider","MDM PolicyManager: Set policy int, Policy: (Power/Policy/Settings/Processor/SchemePersonality/ded574b5-45a0-4f42-8737-46345c09c238/c04a802d-2205-4910-ae98-3b51e3bb72f2/SchedulingPolicy/AcValue), Area: (knobs), EnrollmentID requesting merge: (6298f460-b760-45e0-944d-069a6f1385f8), Current User: (device), Int: (0x4), Enrollment Type: (0x1), Scope: (0x0)."
"18-06-2026 09:20:34","813","Information","Microsoft-Windows-DeviceManagement-Enterprise-Diagnostics-Provider","MDM PolicyManager: Set policy int, Policy: (Power/Policy/Settings/Processor/SchemePersonality/ded574b5-45a0-4f42-8737-46345c09c238/c04a802d-2205-4910-ae98-3b51e3bb72f2/PerfEnergyPreference1/DcValue), Area: (knobs), EnrollmentID requesting merge: (6298f460-b760-45e0-944d-069a6f1385f8), Current User: (device), Int: (0x32), Enrollment Type: (0x1), Scope: (0x0)."
"18-06-2026 09:20:34","813","Information","Microsoft-Windows-DeviceManagement-Enterprise-Diagnostics-Provider","MDM PolicyManager: Set policy int, Policy: (Power/Policy/Settings/Processor/SchemePersonality/ded574b5-45a0-4f42-8737-46345c09c238/c04a802d-2205-4910-ae98-3b51e3bb72f2/PerfEnergyPreference1/AcValue), Area: (knobs), EnrollmentID requesting merge: (6298f460-b760-45e0-944d-069a6f1385f8), Current User: (device), Int: (0x32), Enrollment Type: (0x1), Scope: (0x0)."
"18-06-2026 09:20:34","813","Information","Microsoft-Windows-DeviceManagement-Enterprise-Diagnostics-Provider","MDM PolicyManager: Set policy int, Policy: (Power/Policy/Settings/Processor/SchemePersonality/ded574b5-45a0-4f42-8737-46345c09c238/c04a802d-2205-4910-ae98-3b51e3bb72f2/PerfEnergyPreference/DcValue), Area: (knobs), EnrollmentID requesting merge: (6298f460-b760-45e0-944d-069a6f1385f8), Current User: (device), Int: (0x32), Enrollment Type: (0x1), Scope: (0x0)."
"18-06-2026 09:20:34","813","Information","Microsoft-Windows-DeviceManagement-Enterprise-Diagnostics-Provider","MDM PolicyManager: Set policy int, Policy: (Power/Policy/Settings/Processor/SchemePersonality/ded574b5-45a0-4f42-8737-46345c09c238/c04a802d-2205-4910-ae98-3b51e3bb72f2/PerfEnergyPreference/AcValue), Area: (knobs), EnrollmentID requesting merge: (6298f460-b760-45e0-944d-069a6f1385f8), Current User: (device), Int: (0x32), Enrollment Type: (0x1), Scope: (0x0)."
"18-06-2026 09:20:34","813","Information","Microsoft-Windows-DeviceManagement-Enterprise-Diagnostics-Provider","MDM PolicyManager: Set policy int, Policy: (Power/Policy/Settings/Processor/SchemePersonality/ded574b5-45a0-4f42-8737-46345c09c238/c04a802d-2205-4910-ae98-3b51e3bb72f2/MaxFrequency1/DcValue), Area: (knobs), EnrollmentID requesting merge: (6298f460-b760-45e0-944d-069a6f1385f8), Current User: (device), Int: (0x0), Enrollment Type: (0x1), Scope: (0x0)."
"18-06-2026 09:20:34","813","Information","Microsoft-Windows-DeviceManagement-Enterprise-Diagnostics-Provider","MDM PolicyManager: Set policy int, Policy: (Power/Policy/Settings/Processor/SchemePersonality/ded574b5-45a0-4f42-8737-46345c09c238/c04a802d-2205-4910-ae98-3b51e3bb72f2/MaxFrequency/DcValue), Area: (knobs), EnrollmentID requesting merge: (6298f460-b760-45e0-944d-069a6f1385f8), Current User: (device), Int: (0x0), Enrollment Type: (0x1), Scope: (0x0)."
"18-06-2026 09:20:33","813","Information","Microsoft-Windows-DeviceManagement-Enterprise-Diagnostics-Provider","MDM PolicyManager: Set policy int, Policy: (Power/Policy/Settings/Processor/SchemePersonality/ded574b5-45a0-4f42-8737-46345c09c238/DefaultPowerSchemeValues/SoftParkLatency/DcValue), Area: (knobs), EnrollmentID requesting merge: (6298f460-b760-45e0-944d-069a6f1385f8), Current User: (device), Int: (0x3E8), Enrollment Type: (0x1), Scope: (0x0)."
"18-06-2026 09:20:33","813","Information","Microsoft-Windows-DeviceManagement-Enterprise-Diagnostics-Provider","MDM PolicyManager: Set policy int, Policy: (Power/Policy/Settings/Processor/SchemePersonality/ded574b5-45a0-4f42-8737-46345c09c238/DefaultPowerSchemeValues/SoftParkLatency/AcValue), Area: (knobs), EnrollmentID requesting merge: (6298f460-b760-45e0-944d-069a6f1385f8), Current User: (device), Int: (0xA), Enrollment Type: (0x1), Scope: (0x0)."
"18-06-2026 09:20:33","813","Information","Microsoft-Windows-DeviceManagement-Enterprise-Diagnostics-Provider","MDM PolicyManager: Set policy int, Policy: (Power/Policy/Settings/Processor/SchemePersonality/ded574b5-45a0-4f42-8737-46345c09c238/DefaultPowerSchemeValues/PerfLatencyHint1/DcValue), Area: (knobs), EnrollmentID requesting merge: (6298f460-b760-45e0-944d-069a6f1385f8), Current User: (device), Int: (0x64), Enrollment Type: (0x1), Scope: (0x0)."
"18-06-2026 09:20:33","813","Information","Microsoft-Windows-DeviceManagement-Enterprise-Diagnostics-Provider","MDM PolicyManager: Set policy int, Policy: (Power/Policy/Settings/Processor/SchemePersonality/ded574b5-45a0-4f42-8737-46345c09c238/DefaultPowerSchemeValues/PerfLatencyHint1/AcValue), Area: (knobs), EnrollmentID requesting merge: (6298f460-b760-45e0-944d-069a6f1385f8), Current User: (device), Int: (0x64), Enrollment Type: (0x1), Scope: (0x0)."
"18-06-2026 09:20:33","813","Information","Microsoft-Windows-DeviceManagement-Enterprise-Diagnostics-Provider","MDM PolicyManager: Set policy int, Policy: (Power/Policy/Settings/Processor/SchemePersonality/ded574b5-45a0-4f42-8737-46345c09c238/DefaultPowerSchemeValues/PerfLatencyHint/DcValue), Area: (knobs), EnrollmentID requesting merge: (6298f460-b760-45e0-944d-069a6f1385f8), Current User: (device), Int: (0x64), Enrollment Type: (0x1), Scope: (0x0)."
"18-06-2026 09:20:33","813","Information","Microsoft-Windows-DeviceManagement-Enterprise-Diagnostics-Provider","MDM PolicyManager: Set policy int, Policy: (Power/Policy/Settings/Processor/SchemePersonality/ded574b5-45a0-4f42-8737-46345c09c238/DefaultPowerSchemeValues/PerfLatencyHint/AcValue), Area: (knobs), EnrollmentID requesting merge: (6298f460-b760-45e0-944d-069a6f1385f8), Current User: (device), Int: (0x64), Enrollment Type: (0x1), Scope: (0x0)."
"18-06-2026 09:20:33","813","Information","Microsoft-Windows-DeviceManagement-Enterprise-Diagnostics-Provider","MDM PolicyManager: Set policy int, Policy: (Power/Policy/Settings/Processor/SchemePersonality/ded574b5-45a0-4f42-8737-46345c09c238/DefaultPowerSchemeValues/PerfEnergyPreference1/DcValue), Area: (knobs), EnrollmentID requesting merge: (6298f460-b760-45e0-944d-069a6f1385f8), Current User: (device), Int: (0x21), Enrollment Type: (0x1), Scope: (0x0)."
"18-06-2026 09:20:33","813","Information","Microsoft-Windows-DeviceManagement-Enterprise-Diagnostics-Provider","MDM PolicyManager: Set policy int, Policy: (Power/Policy/Settings/Processor/SchemePersonality/ded574b5-45a0-4f42-8737-46345c09c238/DefaultPowerSchemeValues/PerfEnergyPreference1/AcValue), Area: (knobs), EnrollmentID requesting merge: (6298f460-b760-45e0-944d-069a6f1385f8), Current User: (device), Int: (0x19), Enrollment Type: (0x1), Scope: (0x0)."
"18-06-2026 09:20:32","813","Information","Microsoft-Windows-DeviceManagement-Enterprise-Diagnostics-Provider","MDM PolicyManager: Set policy int, Policy: (Power/Policy/Settings/Processor/SchemePersonality/ded574b5-45a0-4f42-8737-46345c09c238/DefaultPowerSchemeValues/PerfEnergyPreference/DcValue), Area: (knobs), EnrollmentID requesting merge: (6298f460-b760-45e0-944d-069a6f1385f8), Current User: (device), Int: (0x21), Enrollment Type: (0x1), Scope: (0x0)."
"18-06-2026 09:20:32","813","Information","Microsoft-Windows-DeviceManagement-Enterprise-Diagnostics-Provider","MDM PolicyManager: Set policy int, Policy: (Power/Policy/Settings/Processor/SchemePersonality/ded574b5-45a0-4f42-8737-46345c09c238/DefaultPowerSchemeValues/PerfEnergyPreference/AcValue), Area: (knobs), EnrollmentID requesting merge: (6298f460-b760-45e0-944d-069a6f1385f8), Current User: (device), Int: (0x19), Enrollment Type: (0x1), Scope: (0x0)."
"18-06-2026 09:20:32","813","Information","Microsoft-Windows-DeviceManagement-Enterprise-Diagnostics-Provider","MDM PolicyManager: Set policy int, Policy: (Power/Policy/Settings/Processor/SchemePersonality/ded574b5-45a0-4f42-8737-46345c09c238/DefaultPowerSchemeValues/PerfBoostPolicy/DcValue), Area: (knobs), EnrollmentID requesting merge: (6298f460-b760-45e0-944d-069a6f1385f8), Current User: (device), Int: (0x3C), Enrollment Type: (0x1), Scope: (0x0)."
"18-06-2026 09:20:32","813","Information","Microsoft-Windows-DeviceManagement-Enterprise-Diagnostics-Provider","MDM PolicyManager: Set policy int, Policy: (Power/Policy/Settings/Processor/SchemePersonality/ded574b5-45a0-4f42-8737-46345c09c238/DefaultPowerSchemeValues/ModuleUnparkPolicy/DcValue), Area: (knobs), EnrollmentID requesting merge: (6298f460-b760-45e0-944d-069a6f1385f8), Current User: (device), Int: (0x1), Enrollment Type: (0x1), Scope: (0x0)."
"18-06-2026 09:20:32","813","Information","Microsoft-Windows-DeviceManagement-Enterprise-Diagnostics-Provider","MDM PolicyManager: Set policy int, Policy: (Power/Policy/Settings/Processor/SchemePersonality/ded574b5-45a0-4f42-8737-46345c09c238/DefaultPowerSchemeValues/ModuleUnparkPolicy/AcValue), Area: (knobs), EnrollmentID requesting merge: (6298f460-b760-45e0-944d-069a6f1385f8), Current User: (device), Int: (0x1), Enrollment Type: (0x1), Scope: (0x0)."
"18-06-2026 09:20:32","813","Information","Microsoft-Windows-DeviceManagement-Enterprise-Diagnostics-Provider","MDM PolicyManager: Set policy int, Policy: (Power/Policy/Settings/Processor/SchemePersonality/ded574b5-45a0-4f42-8737-46345c09c238/DefaultPowerSchemeValues/IdlePromoteThreshold/DcValue), Area: (knobs), EnrollmentID requesting merge: (6298f460-b760-45e0-944d-069a6f1385f8), Current User: (device), Int: (0x3C), Enrollment Type: (0x1), Scope: (0x0)."
"18-06-2026 09:20:31","813","Information","Microsoft-Windows-DeviceManagement-Enterprise-Diagnostics-Provider","MDM PolicyManager: Set policy int, Policy: (Power/Policy/Settings/Processor/SchemePersonality/ded574b5-45a0-4f42-8737-46345c09c238/DefaultPowerSchemeValues/IdlePromoteThreshold/AcValue), Area: (knobs), EnrollmentID requesting merge: (6298f460-b760-45e0-944d-069a6f1385f8), Current User: (device), Int: (0x3C), Enrollment Type: (0x1), Scope: (0x0)."
"18-06-2026 09:20:31","813","Information","Microsoft-Windows-DeviceManagement-Enterprise-Diagnostics-Provider","MDM PolicyManager: Set policy int, Policy: (Power/Policy/Settings/Processor/SchemePersonality/ded574b5-45a0-4f42-8737-46345c09c238/DefaultPowerSchemeValues/IdleDemoteThreshold/DcValue), Area: (knobs), EnrollmentID requesting merge: (6298f460-b760-45e0-944d-069a6f1385f8), Current User: (device), Int: (0x28), Enrollment Type: (0x1), Scope: (0x0)."
"18-06-2026 09:20:31","813","Information","Microsoft-Windows-DeviceManagement-Enterprise-Diagnostics-Provider","MDM PolicyManager: Set policy int, Policy: (Power/Policy/Settings/Processor/SchemePersonality/ded574b5-45a0-4f42-8737-46345c09c238/DefaultPowerSchemeValues/IdleDemoteThreshold/AcValue), Area: (knobs), EnrollmentID requesting merge: (6298f460-b760-45e0-944d-069a6f1385f8), Current User: (device), Int: (0x28), Enrollment Type: (0x1), Scope: (0x0)."
"18-06-2026 09:20:31","813","Information","Microsoft-Windows-DeviceManagement-Enterprise-Diagnostics-Provider","MDM PolicyManager: Set policy int, Policy: (Power/Policy/Settings/Processor/SchemePersonality/ded574b5-45a0-4f42-8737-46345c09c238/DefaultPowerSchemeValues/HeteroPolicy/DcValue), Area: (knobs), EnrollmentID requesting merge: (6298f460-b760-45e0-944d-069a6f1385f8), Current User: (device), Int: (0x0), Enrollment Type: (0x1), Scope: (0x0)."
"18-06-2026 09:20:31","813","Information","Microsoft-Windows-DeviceManagement-Enterprise-Diagnostics-Provider","MDM PolicyManager: Set policy int, Policy: (Power/Policy/Settings/Processor/SchemePersonality/ded574b5-45a0-4f42-8737-46345c09c238/DefaultPowerSchemeValues/HeteroPolicy/AcValue), Area: (knobs), EnrollmentID requesting merge: (6298f460-b760-45e0-944d-069a6f1385f8), Current User: (device), Int: (0x0), Enrollment Type: (0x1), Scope: (0x0)."
"18-06-2026 09:20:31","813","Information","Microsoft-Windows-DeviceManagement-Enterprise-Diagnostics-Provider","MDM PolicyManager: Set policy int, Policy: (Power/Policy/Settings/Processor/SchemePersonality/ded574b5-45a0-4f42-8737-46345c09c238/DefaultPowerSchemeValues/HeteroIncreaseThreshold/DcValue), Area: (knobs), EnrollmentID requesting merge: (6298f460-b760-45e0-944d-069a6f1385f8), Current User: (device), Int: (0x1), Enrollment Type: (0x1), Scope: (0x0)."
"18-06-2026 09:20:31","813","Information","Microsoft-Windows-DeviceManagement-Enterprise-Diagnostics-Provider","MDM PolicyManager: Set policy int, Policy: (Power/Policy/Settings/Processor/SchemePersonality/ded574b5-45a0-4f42-8737-46345c09c238/DefaultPowerSchemeValues/HeteroIncreaseThreshold/AcValue), Area: (knobs), EnrollmentID requesting merge: (6298f460-b760-45e0-944d-069a6f1385f8), Current User: (device), Int: (0xFE), Enrollment Type: (0x1), Scope: (0x0)."
"18-06-2026 09:20:30","813","Information","Microsoft-Windows-DeviceManagement-Enterprise-Diagnostics-Provider","MDM PolicyManager: Set policy int, Policy: (Power/Policy/Settings/Processor/SchemePersonality/ded574b5-45a0-4f42-8737-46345c09c238/DefaultPowerSchemeValues/HeteroDecreaseThreshold/DcValue), Area: (knobs), EnrollmentID requesting merge: (6298f460-b760-45e0-944d-069a6f1385f8), Current User: (device), Int: (0x1), Enrollment Type: (0x1), Scope: (0x0)."
"18-06-2026 09:20:30","813","Information","Microsoft-Windows-DeviceManagement-Enterprise-Diagnostics-Provider","MDM PolicyManager: Set policy int, Policy: (Power/Policy/Settings/Processor/SchemePersonality/ded574b5-45a0-4f42-8737-46345c09c238/DefaultPowerSchemeValues/HeteroDecreaseThreshold/AcValue), Area: (knobs), EnrollmentID requesting merge: (6298f460-b760-45e0-944d-069a6f1385f8), Current User: (device), Int: (0xFE), Enrollment Type: (0x1), Scope: (0x0)."
"18-06-2026 09:20:30","813","Information","Microsoft-Windows-DeviceManagement-Enterprise-Diagnostics-Provider","MDM PolicyManager: Set policy int, Policy: (Power/Policy/Settings/Processor/SchemePersonality/ded574b5-45a0-4f42-8737-46345c09c238/DefaultPowerSchemeValues/HeteroClass1InitialPerf/DcValue), Area: (knobs), EnrollmentID requesting merge: (6298f460-b760-45e0-944d-069a6f1385f8), Current User: (device), Int: (0x64), Enrollment Type: (0x1), Scope: (0x0)."
"18-06-2026 09:20:30","813","Information","Microsoft-Windows-DeviceManagement-Enterprise-Diagnostics-Provider","MDM PolicyManager: Set policy int, Policy: (Power/Policy/Settings/Processor/SchemePersonality/ded574b5-45a0-4f42-8737-46345c09c238/DefaultPowerSchemeValues/HeteroClass1InitialPerf/AcValue), Area: (knobs), EnrollmentID requesting merge: (6298f460-b760-45e0-944d-069a6f1385f8), Current User: (device), Int: (0x64), Enrollment Type: (0x1), Scope: (0x0)."
"18-06-2026 09:20:30","813","Information","Microsoft-Windows-DeviceManagement-Enterprise-Diagnostics-Provider","MDM PolicyManager: Set policy int, Policy: (Power/Policy/Settings/Processor/SchemePersonality/ded574b5-45a0-4f42-8737-46345c09c238/DefaultPowerSchemeValues/CPMinCores/DcValue), Area: (knobs), EnrollmentID requesting merge: (6298f460-b760-45e0-944d-069a6f1385f8), Current User: (device), Int: (0xB), Enrollment Type: (0x1), Scope: (0x0)."
"18-06-2026 09:20:30","813","Information","Microsoft-Windows-DeviceManagement-Enterprise-Diagnostics-Provider","MDM PolicyManager: Set policy int, Policy: (Power/Policy/Settings/Processor/SchemePersonality/ded574b5-45a0-4f42-8737-46345c09c238/DefaultPowerSchemeValues/CPMinCores/AcValue), Area: (knobs), EnrollmentID requesting merge: (6298f460-b760-45e0-944d-069a6f1385f8), Current User: (device), Int: (0xF), Enrollment Type: (0x1), Scope: (0x0)."
"18-06-2026 09:20:29","813","Information","Microsoft-Windows-DeviceManagement-Enterprise-Diagnostics-Provider","MDM PolicyManager: Set policy int, Policy: (Power/Policy/Settings/Processor/SchemePersonality/ded574b5-45a0-4f42-8737-46345c09c238/DefaultPowerSchemeValues/CpLatencyHintUnpark1/DcValue), Area: (knobs), EnrollmentID requesting merge: (6298f460-b760-45e0-944d-069a6f1385f8), Current User: (device), Int: (0x32), Enrollment Type: (0x1), Scope: (0x0)."
"18-06-2026 09:20:29","813","Information","Microsoft-Windows-DeviceManagement-Enterprise-Diagnostics-Provider","MDM PolicyManager: Set policy int, Policy: (Power/Policy/Settings/Processor/SchemePersonality/ded574b5-45a0-4f42-8737-46345c09c238/DefaultPowerSchemeValues/CpLatencyHintUnpark1/AcValue), Area: (knobs), EnrollmentID requesting merge: (6298f460-b760-45e0-944d-069a6f1385f8), Current User: (device), Int: (0x32), Enrollment Type: (0x1), Scope: (0x0)."
"18-06-2026 09:20:29","813","Information","Microsoft-Windows-DeviceManagement-Enterprise-Diagnostics-Provider","MDM PolicyManager: Set policy int, Policy: (Power/Policy/Settings/Processor/SchemePersonality/ded574b5-45a0-4f42-8737-46345c09c238/DefaultPowerSchemeValues/CPIncreaseTime/DcValue), Area: (knobs), EnrollmentID requesting merge: (6298f460-b760-45e0-944d-069a6f1385f8), Current User: (device), Int: (0x1), Enrollment Type: (0x1), Scope: (0x0)."
"18-06-2026 09:20:29","813","Information","Microsoft-Windows-DeviceManagement-Enterprise-Diagnostics-Provider","MDM PolicyManager: Set policy int, Policy: (Power/Policy/Settings/Processor/SchemePersonality/ded574b5-45a0-4f42-8737-46345c09c238/DefaultPowerSchemeValues/CPIncreaseTime/AcValue), Area: (knobs), EnrollmentID requesting merge: (6298f460-b760-45e0-944d-069a6f1385f8), Current User: (device), Int: (0x1), Enrollment Type: (0x1), Scope: (0x0)."
"18-06-2026 09:20:29","813","Information","Microsoft-Windows-DeviceManagement-Enterprise-Diagnostics-Provider","MDM PolicyManager: Set policy int, Policy: (Power/Policy/Settings/Processor/SchemePersonality/ded574b5-45a0-4f42-8737-46345c09c238/DefaultPowerSchemeValues/CPHeadroom/DcValue), Area: (knobs), EnrollmentID requesting merge: (6298f460-b760-45e0-944d-069a6f1385f8), Current User: (device), Int: (0x50), Enrollment Type: (0x1), Scope: (0x0)."
"18-06-2026 09:20:29","813","Information","Microsoft-Windows-DeviceManagement-Enterprise-Diagnostics-Provider","MDM PolicyManager: Set policy int, Policy: (Power/Policy/Settings/Processor/SchemePersonality/ded574b5-45a0-4f42-8737-46345c09c238/DefaultPowerSchemeValues/CPHeadroom/AcValue), Area: (knobs), EnrollmentID requesting merge: (6298f460-b760-45e0-944d-069a6f1385f8), Current User: (device), Int: (0x32), Enrollment Type: (0x1), Scope: (0x0)."
"18-06-2026 09:20:29","813","Information","Microsoft-Windows-DeviceManagement-Enterprise-Diagnostics-Provider","MDM PolicyManager: Set policy int, Policy: (Power/Policy/Settings/Processor/SchemePersonality/ded574b5-45a0-4f42-8737-46345c09c238/DefaultPowerSchemeValues/CPDecreaseTime/DcValue), Area: (knobs), EnrollmentID requesting merge: (6298f460-b760-45e0-944d-069a6f1385f8), Current User: (device), Int: (0x3), Enrollment Type: (0x1), Scope: (0x0)."
"18-06-2026 09:20:28","813","Information","Microsoft-Windows-DeviceManagement-Enterprise-Diagnostics-Provider","MDM PolicyManager: Set policy int, Policy: (Power/Policy/Settings/Processor/SchemePersonality/ded574b5-45a0-4f42-8737-46345c09c238/DefaultPowerSchemeValues/CPDecreaseTime/AcValue), Area: (knobs), EnrollmentID requesting merge: (6298f460-b760-45e0-944d-069a6f1385f8), Current User: (device), Int: (0x3), Enrollment Type: (0x1), Scope: (0x0)."
"18-06-2026 09:20:28","813","Information","Microsoft-Windows-DeviceManagement-Enterprise-Diagnostics-Provider","MDM PolicyManager: Set policy int, Policy: (Power/Policy/Settings/Processor/SchemePersonality/ded574b5-45a0-4f42-8737-46345c09c238/DefaultPowerSchemeValues/CPConcurrency/DcValue), Area: (knobs), EnrollmentID requesting merge: (6298f460-b760-45e0-944d-069a6f1385f8), Current User: (device), Int: (0x5F), Enrollment Type: (0x1), Scope: (0x0)."
"18-06-2026 09:20:28","813","Information","Microsoft-Windows-DeviceManagement-Enterprise-Diagnostics-Provider","MDM PolicyManager: Set policy int, Policy: (Power/Policy/Settings/Processor/SchemePersonality/ded574b5-45a0-4f42-8737-46345c09c238/DefaultPowerSchemeValues/CPConcurrency/AcValue), Area: (knobs), EnrollmentID requesting merge: (6298f460-b760-45e0-944d-069a6f1385f8), Current User: (device), Int: (0x5F), Enrollment Type: (0x1), Scope: (0x0)."
"18-06-2026 09:20:28","813","Information","Microsoft-Windows-DeviceManagement-Enterprise-Diagnostics-Provider","MDM PolicyManager: Set policy int, Policy: (Power/Policy/Settings/Processor/SchemePersonality/ded574b5-45a0-4f42-8737-46345c09c238/33cc3a0d-45ee-43ca-86c4-695bfc9a313b/ShortSchedulingPolicy/DcValue), Area: (knobs), EnrollmentID requesting merge: (6298f460-b760-45e0-944d-069a6f1385f8), Current User: (device), Int: (0x4), Enrollment Type: (0x1), Scope: (0x0)."
"18-06-2026 09:20:28","813","Information","Microsoft-Windows-DeviceManagement-Enterprise-Diagnostics-Provider","MDM PolicyManager: Set policy int, Policy: (Power/Policy/Settings/Processor/SchemePersonality/ded574b5-45a0-4f42-8737-46345c09c238/33cc3a0d-45ee-43ca-86c4-695bfc9a313b/ShortSchedulingPolicy/AcValue), Area: (knobs), EnrollmentID requesting merge: (6298f460-b760-45e0-944d-069a6f1385f8), Current User: (device), Int: (0x4), Enrollment Type: (0x1), Scope: (0x0)."
"18-06-2026 09:20:28","813","Information","Microsoft-Windows-DeviceManagement-Enterprise-Diagnostics-Provider","MDM PolicyManager: Set policy int, Policy: (Power/Policy/Settings/Processor/SchemePersonality/ded574b5-45a0-4f42-8737-46345c09c238/33cc3a0d-45ee-43ca-86c4-695bfc9a313b/SchedulingPolicy/DcValue), Area: (knobs), EnrollmentID requesting merge: (6298f460-b760-45e0-944d-069a6f1385f8), Current User: (device), Int: (0x4), Enrollment Type: (0x1), Scope: (0x0)."
"18-06-2026 09:20:28","813","Information","Microsoft-Windows-DeviceManagement-Enterprise-Diagnostics-Provider","MDM PolicyManager: Set policy int, Policy: (Power/Policy/Settings/Processor/SchemePersonality/ded574b5-45a0-4f42-8737-46345c09c238/33cc3a0d-45ee-43ca-86c4-695bfc9a313b/SchedulingPolicy/AcValue), Area: (knobs), EnrollmentID requesting merge: (6298f460-b760-45e0-944d-069a6f1385f8), Current User: (device), Int: (0x4), Enrollment Type: (0x1), Scope: (0x0)."
"18-06-2026 09:20:27","813","Information","Microsoft-Windows-DeviceManagement-Enterprise-Diagnostics-Provider","MDM PolicyManager: Set policy int, Policy: (Power/Policy/Settings/Processor/SchemePersonality/ded574b5-45a0-4f42-8737-46345c09c238/33cc3a0d-45ee-43ca-86c4-695bfc9a313b/PerfEnergyPreference1/DcValue), Area: (knobs), EnrollmentID requesting merge: (6298f460-b760-45e0-944d-069a6f1385f8), Current User: (device), Int: (0x32), Enrollment Type: (0x1), Scope: (0x0)."
"18-06-2026 09:20:27","813","Information","Microsoft-Windows-DeviceManagement-Enterprise-Diagnostics-Provider","MDM PolicyManager: Set policy int, Policy: (Power/Policy/Settings/Processor/SchemePersonality/ded574b5-45a0-4f42-8737-46345c09c238/33cc3a0d-45ee-43ca-86c4-695bfc9a313b/PerfEnergyPreference1/AcValue), Area: (knobs), EnrollmentID requesting merge: (6298f460-b760-45e0-944d-069a6f1385f8), Current User: (device), Int: (0x32), Enrollment Type: (0x1), Scope: (0x0)."
"18-06-2026 09:20:27","813","Information","Microsoft-Windows-DeviceManagement-Enterprise-Diagnostics-Provider","MDM PolicyManager: Set policy int, Policy: (Power/Policy/Settings/Processor/SchemePersonality/ded574b5-45a0-4f42-8737-46345c09c238/33cc3a0d-45ee-43ca-86c4-695bfc9a313b/PerfEnergyPreference/DcValue), Area: (knobs), EnrollmentID requesting merge: (6298f460-b760-45e0-944d-069a6f1385f8), Current User: (device), Int: (0x32), Enrollment Type: (0x1), Scope: (0x0)."
"18-06-2026 09:20:27","813","Information","Microsoft-Windows-DeviceManagement-Enterprise-Diagnostics-Provider","MDM PolicyManager: Set policy int, Policy: (Power/Policy/Settings/Processor/SchemePersonality/ded574b5-45a0-4f42-8737-46345c09c238/33cc3a0d-45ee-43ca-86c4-695bfc9a313b/PerfEnergyPreference/AcValue), Area: (knobs), EnrollmentID requesting merge: (6298f460-b760-45e0-944d-069a6f1385f8), Current User: (device), Int: (0x32), Enrollment Type: (0x1), Scope: (0x0)."
"18-06-2026 09:20:27","813","Information","Microsoft-Windows-DeviceManagement-Enterprise-Diagnostics-Provider","MDM PolicyManager: Set policy int, Policy: (Power/Policy/Settings/Processor/SchemePersonality/ded574b5-45a0-4f42-8737-46345c09c238/33cc3a0d-45ee-43ca-86c4-695bfc9a313b/MaxFrequency1/DcValue), Area: (knobs), EnrollmentID requesting merge: (6298f460-b760-45e0-944d-069a6f1385f8), Current User: (device), Int: (0x5DC), Enrollment Type: (0x1), Scope: (0x0)."
"18-06-2026 09:20:27","813","Information","Microsoft-Windows-DeviceManagement-Enterprise-Diagnostics-Provider","MDM PolicyManager: Set policy int, Policy: (Power/Policy/Settings/Processor/SchemePersonality/ded574b5-45a0-4f42-8737-46345c09c238/33cc3a0d-45ee-43ca-86c4-695bfc9a313b/MaxFrequency1/AcValue), Area: (knobs), EnrollmentID requesting merge: (6298f460-b760-45e0-944d-069a6f1385f8), Current User: (device), Int: (0x0), Enrollment Type: (0x1), Scope: (0x0)."
"18-06-2026 09:20:27","813","Information","Microsoft-Windows-DeviceManagement-Enterprise-Diagnostics-Provider","MDM PolicyManager: Set policy int, Policy: (Power/Policy/Settings/Processor/SchemePersonality/ded574b5-45a0-4f42-8737-46345c09c238/33cc3a0d-45ee-43ca-86c4-695bfc9a313b/MaxFrequency/DcValue), Area: (knobs), EnrollmentID requesting merge: (6298f460-b760-45e0-944d-069a6f1385f8), Current User: (device), Int: (0x5DC), Enrollment Type: (0x1), Scope: (0x0)."
"18-06-2026 09:20:26","813","Information","Microsoft-Windows-DeviceManagement-Enterprise-Diagnostics-Provider","MDM PolicyManager: Set policy int, Policy: (Power/Policy/Settings/Processor/SchemePersonality/ded574b5-45a0-4f42-8737-46345c09c238/33cc3a0d-45ee-43ca-86c4-695bfc9a313b/MaxFrequency/AcValue), Area: (knobs), EnrollmentID requesting merge: (6298f460-b760-45e0-944d-069a6f1385f8), Current User: (device), Int: (0x0), Enrollment Type: (0x1), Scope: (0x0)."
"18-06-2026 09:20:26","813","Information","Microsoft-Windows-DeviceManagement-Enterprise-Diagnostics-Provider","MDM PolicyManager: Set policy int, Policy: (Power/Policy/Settings/Processor/SchemePersonality/ded574b5-45a0-4f42-8737-46345c09c238/336c7511-f109-4172-bb3a-3ea51f815ada/ShortSchedulingPolicy/DcValue), Area: (knobs), EnrollmentID requesting merge: (6298f460-b760-45e0-944d-069a6f1385f8), Current User: (device), Int: (0x4), Enrollment Type: (0x1), Scope: (0x0)."
"18-06-2026 09:20:26","813","Information","Microsoft-Windows-DeviceManagement-Enterprise-Diagnostics-Provider","MDM PolicyManager: Set policy int, Policy: (Power/Policy/Settings/Processor/SchemePersonality/ded574b5-45a0-4f42-8737-46345c09c238/336c7511-f109-4172-bb3a-3ea51f815ada/ShortSchedulingPolicy/AcValue), Area: (knobs), EnrollmentID requesting merge: (6298f460-b760-45e0-944d-069a6f1385f8), Current User: (device), Int: (0x4), Enrollment Type: (0x1), Scope: (0x0)."
"18-06-2026 09:20:26","813","Information","Microsoft-Windows-DeviceManagement-Enterprise-Diagnostics-Provider","MDM PolicyManager: Set policy int, Policy: (Power/Policy/Settings/Processor/SchemePersonality/ded574b5-45a0-4f42-8737-46345c09c238/336c7511-f109-4172-bb3a-3ea51f815ada/SchedulingPolicy/DcValue), Area: (knobs), EnrollmentID requesting merge: (6298f460-b760-45e0-944d-069a6f1385f8), Current User: (device), Int: (0x4), Enrollment Type: (0x1), Scope: (0x0)."
"18-06-2026 09:20:26","813","Information","Microsoft-Windows-DeviceManagement-Enterprise-Diagnostics-Provider","MDM PolicyManager: Set policy int, Policy: (Power/Policy/Settings/Processor/SchemePersonality/ded574b5-45a0-4f42-8737-46345c09c238/336c7511-f109-4172-bb3a-3ea51f815ada/SchedulingPolicy/AcValue), Area: (knobs), EnrollmentID requesting merge: (6298f460-b760-45e0-944d-069a6f1385f8), Current User: (device), Int: (0x4), Enrollment Type: (0x1), Scope: (0x0)."
"18-06-2026 09:20:26","813","Information","Microsoft-Windows-DeviceManagement-Enterprise-Diagnostics-Provider","MDM PolicyManager: Set policy int, Policy: (Power/Policy/Settings/Processor/SchemePersonality/ded574b5-45a0-4f42-8737-46345c09c238/336c7511-f109-4172-bb3a-3ea51f815ada/PerfEnergyPreference1/DcValue), Area: (knobs), EnrollmentID requesting merge: (6298f460-b760-45e0-944d-069a6f1385f8), Current User: (device), Int: (0x32), Enrollment Type: (0x1), Scope: (0x0)."
"18-06-2026 09:20:26","813","Information","Microsoft-Windows-DeviceManagement-Enterprise-Diagnostics-Provider","MDM PolicyManager: Set policy int, Policy: (Power/Policy/Settings/Processor/SchemePersonality/ded574b5-45a0-4f42-8737-46345c09c238/336c7511-f109-4172-bb3a-3ea51f815ada/PerfEnergyPreference1/AcValue), Area: (knobs), EnrollmentID requesting merge: (6298f460-b760-45e0-944d-069a6f1385f8), Current User: (device), Int: (0x32), Enrollment Type: (0x1), Scope: (0x0)."
"18-06-2026 09:20:25","813","Information","Microsoft-Windows-DeviceManagement-Enterprise-Diagnostics-Provider","MDM PolicyManager: Set policy int, Policy: (Power/Policy/Settings/Processor/SchemePersonality/ded574b5-45a0-4f42-8737-46345c09c238/336c7511-f109-4172-bb3a-3ea51f815ada/PerfEnergyPreference/DcValue), Area: (knobs), EnrollmentID requesting merge: (6298f460-b760-45e0-944d-069a6f1385f8), Current User: (device), Int: (0x32), Enrollment Type: (0x1), Scope: (0x0)."
"18-06-2026 09:20:25","813","Information","Microsoft-Windows-DeviceManagement-Enterprise-Diagnostics-Provider","MDM PolicyManager: Set policy int, Policy: (Power/Policy/Settings/Processor/SchemePersonality/ded574b5-45a0-4f42-8737-46345c09c238/336c7511-f109-4172-bb3a-3ea51f815ada/PerfEnergyPreference/AcValue), Area: (knobs), EnrollmentID requesting merge: (6298f460-b760-45e0-944d-069a6f1385f8), Current User: (device), Int: (0x32), Enrollment Type: (0x1), Scope: (0x0)."
"18-06-2026 09:20:25","813","Information","Microsoft-Windows-DeviceManagement-Enterprise-Diagnostics-Provider","MDM PolicyManager: Set policy int, Policy: (Power/Policy/Settings/Processor/SchemePersonality/ded574b5-45a0-4f42-8737-46345c09c238/336c7511-f109-4172-bb3a-3ea51f815ada/MaxFrequency1/DcValue), Area: (knobs), EnrollmentID requesting merge: (6298f460-b760-45e0-944d-069a6f1385f8), Current User: (device), Int: (0x5DC), Enrollment Type: (0x1), Scope: (0x0)."
"18-06-2026 09:20:25","813","Information","Microsoft-Windows-DeviceManagement-Enterprise-Diagnostics-Provider","MDM PolicyManager: Set policy int, Policy: (Power/Policy/Settings/Processor/SchemePersonality/ded574b5-45a0-4f42-8737-46345c09c238/336c7511-f109-4172-bb3a-3ea51f815ada/MaxFrequency1/AcValue), Area: (knobs), EnrollmentID requesting merge: (6298f460-b760-45e0-944d-069a6f1385f8), Current User: (device), Int: (0x0), Enrollment Type: (0x1), Scope: (0x0)."
"18-06-2026 09:20:25","813","Information","Microsoft-Windows-DeviceManagement-Enterprise-Diagnostics-Provider","MDM PolicyManager: Set policy int, Policy: (Power/Policy/Settings/Processor/SchemePersonality/ded574b5-45a0-4f42-8737-46345c09c238/336c7511-f109-4172-bb3a-3ea51f815ada/MaxFrequency/DcValue), Area: (knobs), EnrollmentID requesting merge: (6298f460-b760-45e0-944d-069a6f1385f8), Current User: (device), Int: (0x5DC), Enrollment Type: (0x1), Scope: (0x0)."
"18-06-2026 09:20:25","813","Information","Microsoft-Windows-DeviceManagement-Enterprise-Diagnostics-Provider","MDM PolicyManager: Set policy int, Policy: (Power/Policy/Settings/Processor/SchemePersonality/ded574b5-45a0-4f42-8737-46345c09c238/336c7511-f109-4172-bb3a-3ea51f815ada/MaxFrequency/AcValue), Area: (knobs), EnrollmentID requesting merge: (6298f460-b760-45e0-944d-069a6f1385f8), Current User: (device), Int: (0x0), Enrollment Type: (0x1), Scope: (0x0)."
"18-06-2026 09:20:25","813","Information","Microsoft-Windows-DeviceManagement-Enterprise-Diagnostics-Provider","MDM PolicyManager: Set policy int, Policy: (Power/Policy/Settings/Processor/SchemePersonality/ded574b5-45a0-4f42-8737-46345c09c238/0da965dc-8fcf-4c0b-8efe-8dd5e7bc959a/PerfEnergyPreference1/DcValue), Area: (knobs), EnrollmentID requesting merge: (6298f460-b760-45e0-944d-069a6f1385f8), Current User: (device), Int: (0xA), Enrollment Type: (0x1), Scope: (0x0)."
"18-06-2026 09:20:24","813","Information","Microsoft-Windows-DeviceManagement-Enterprise-Diagnostics-Provider","MDM PolicyManager: Set policy int, Policy: (Power/Policy/Settings/Processor/SchemePersonality/ded574b5-45a0-4f42-8737-46345c09c238/0da965dc-8fcf-4c0b-8efe-8dd5e7bc959a/PerfEnergyPreference1/AcValue), Area: (knobs), EnrollmentID requesting merge: (6298f460-b760-45e0-944d-069a6f1385f8), Current User: (device), Int: (0xA), Enrollment Type: (0x1), Scope: (0x0)."
"18-06-2026 09:20:24","813","Information","Microsoft-Windows-DeviceManagement-Enterprise-Diagnostics-Provider","MDM PolicyManager: Set policy int, Policy: (Power/Policy/Settings/Processor/SchemePersonality/ded574b5-45a0-4f42-8737-46345c09c238/0da965dc-8fcf-4c0b-8efe-8dd5e7bc959a/PerfEnergyPreference/DcValue), Area: (knobs), EnrollmentID requesting merge: (6298f460-b760-45e0-944d-069a6f1385f8), Current User: (device), Int: (0xA), Enrollment Type: (0x1), Scope: (0x0)."
"18-06-2026 09:20:24","813","Information","Microsoft-Windows-DeviceManagement-Enterprise-Diagnostics-Provider","MDM PolicyManager: Set policy int, Policy: (Power/Policy/Settings/Processor/SchemePersonality/ded574b5-45a0-4f42-8737-46345c09c238/0da965dc-8fcf-4c0b-8efe-8dd5e7bc959a/PerfEnergyPreference/AcValue), Area: (knobs), EnrollmentID requesting merge: (6298f460-b760-45e0-944d-069a6f1385f8), Current User: (device), Int: (0xA), Enrollment Type: (0x1), Scope: (0x0)."
