"14-08-2026 13:22:57","6116","Information","Microsoft-Windows-LiveId","## SOAP Response: <S:Envelope><S:Header><wsa:Action wsu:Id=""Action"" S:mustUnderstand=""1"">*</wsa:Action><wsa:To wsu:Id=""To"" S:mustUnderstand=""1"">*</wsa:To><wsse:Security><wsu:Timestamp wsu:Id=""TS""><wsu:Created>2026-08-14T07:52:57Z</wsu:Created><wsu:Expires>2026-08-14T07:57:57Z</wsu:Expires></wsu:Timestamp><wssc:DerivedKeyToken wsu:Id=""SignKey"" Algorithm=""urn:liveid:SP800108_CTR_HMAC_SHA256_DOUBLEDERIVED""><wsse:SecurityTokenReference><wsse:Reference URI=""kG8NQJ7dNxewV6EvfObC0EJO1yY=""></wsse:Reference></wsse:SecurityTokenReference><wssc:Nonce>*</wssc:Nonce></wssc:DerivedKeyToken><wssc:DerivedKeyToken wsu:Id=""EncKey"" Algorithm=""urn:liveid:SP800108_CTR_HMAC_SHA256_DOUBLEDERIVED""><wsse:SecurityTokenReference><wsse:Reference URI=""kG8NQJ7dNxewV6EvfObC0EJO1yY=""></wsse:Reference></wsse:SecurityTokenReference><wssc:Nonce>*</wssc:Nonce></wssc:DerivedKeyToken><Signature xmlns=""http://www.w3.org/2000/09/xmldsig#""><SignedInfo><CanonicalizationMethod Algorithm=""http://www.w3.org/2001/10/xml-exc-c14n#""></CanonicalizationMethod><SignatureMethod Algorithm=""http://www.w3.org/2001/04/xmldsig-more#hmac-sha256""></SignatureMethod><Reference URI=""#EncPsf""><Transforms><Transform Algorithm=""http://www.w3.org/2001/10/xml-exc-c14n#""></Transform></Transforms><DigestMethod Algorithm=""http://www.w3.org/2001/04/xmlenc#sha256""></DigestMethod><DigestValue>*</DigestValue></Reference><Reference URI=""#Body""><Transforms><Transform Algorithm=""http://www.w3.org/2001/10/xml-exc-c14n#""></Transform></Transforms><DigestMethod Algorithm=""http://www.w3.org/2001/04/xmlenc#sha256""></DigestMethod><DigestValue>*</DigestValue></Reference><Reference URI=""#To""><Transforms><Transform Algorithm=""http://www.w3.org/2001/10/xml-exc-c14n#""></Transform></Transforms><DigestMethod Algorithm=""http://www.w3.org/2001/04/xmlenc#sha256""></DigestMethod><DigestValue>*</DigestValue></Reference><Reference URI=""#Action""><Transforms><Transform Algorithm=""http://www.w3.org/2001/10/xml-exc-c14n#""></Transform></Transforms><DigestMethod Algorithm=""http://www.w3.org/2001/04/xmlenc#sha256""></DigestMethod><DigestValue>*</DigestValue></Reference><Reference URI=""#TS""><Transforms><Transform Algorithm=""http://www.w3.org/2001/10/xml-exc-c14n#""></Transform></Transforms><DigestMethod Algorithm=""http://www.w3.org/2001/04/xmlenc#sha256""></DigestMethod><DigestValue>*</DigestValue></Reference></SignedInfo><SignatureValue>*</SignatureValue><KeyInfo><wsse:SecurityTokenReference><wsse:Reference URI=""#SignKey""></wsse:Reference></wsse:SecurityTokenReference></KeyInfo></Signature><e:ReferenceList xmlns:e=""http://www.w3.org/2001/04/xmlenc#""><e:DataReference URI=""#RSTR""/><e:DataReference URI=""#EncPsf""/></e:ReferenceList></wsse:Security><psf:EncryptedPP><EncryptedData xmlns=""http://www.w3.org/2001/04/xmlenc#"" Id=""EncPsf"" Type=""http://www.w3.org/2001/04/xmlenc#Element""><EncryptionMethod Algorithm=""http://www.w3.org/2001/04/xmlenc#aes256-cbc""></EncryptionMethod><KeyInfo xmlns=""http://www.w3.org/2000/09/xmldsig#""><wsse:SecurityTokenReference><wsse:Reference URI=""#EncKey""></wsse:Reference></wsse:SecurityTokenReference></KeyInfo><CipherData><CipherValue>*</CipherValue></CipherData></EncryptedData></psf:EncryptedPP></S:Header><S:Body wsu:Id=""Body""><EncryptedData xmlns=""http://www.w3.org/2001/04/xmlenc#"" Id=""RSTR"" Type=""http://www.w3.org/2001/04/xmlenc#Element""><EncryptionMethod Algorithm=""http://www.w3.org/2001/04/xmlenc#aes256-cbc""></EncryptionMethod><KeyInfo xmlns=""http://www.w3.org/2000/09/xmldsig#""><wsse:SecurityTokenReference><wsse:Reference URI=""#EncKey""></wsse:Reference></wsse:SecurityTokenReference></KeyInfo><CipherData><CipherValue>*</CipherValue></CipherData></EncryptedData></S:Body></S:Envelope>"
"14-08-2026 13:22:56","6115","Information","Microsoft-Windows-LiveId","## SOAP Request: <s:Envelope><s:Header><wsa:Action s:mustUnderstand=""1"">*</wsa:Action><wsa:To s:mustUnderstand=""1"">*</wsa:To><wsa:MessageID>*</wsa:MessageID><ps:AuthInfo Id=""PPAuthInfo""><ps:HostingApp>{12E984BD-5803-4D78-9EFB-BED7B9212C26}</ps:HostingApp><ps:BinaryVersion>55</ps:BinaryVersion><ps:UIVersion>1</ps:UIVersion><ps:InlineUX>TokenBroker</ps:InlineUX><ps:Cookies></ps:Cookies><ps:RequestParams>AQAAAAIAAABsYwQAAAAxMDMz</ps:RequestParams><ps:WindowsClientString>iVzGU/dyae9bMPpavLb310Ogu6n9/IR8NBZolBsTgbk=</ps:WindowsClientString><ps:LicenseSignatureKeyVersion>*</ps:LicenseSignatureKeyVersion><ps:ClientCapabilities>1</ps:ClientCapabilities></ps:AuthInfo><wsse:Security><EncryptedData xmlns=""http://www.w3.org/2001/04/xmlenc#"" Id=""devicesoftware"" Type=""http://www.w3.org/2001/04/xmlenc#Element""><EncryptionMethod Algorithm=""http://www.w3.org/2001/04/xmlenc#tripledes-cbc""></EncryptionMethod><ds:KeyInfo><ds:KeyName>http://Passport.NET/STS</ds:KeyName></ds:KeyInfo><CipherData><CipherValue>*</CipherValue></CipherData></EncryptedData><wssc:DerivedKeyToken wsu:Id=""SignKey"" Algorithm=""urn:liveid:SP800108_CTR_HMAC_SHA256_DOUBLEDERIVED""><wsse:RequestedTokenReference><wsse:KeyIdentifier ValueType=""http://docs.oasis-open.org/wss/2004/XX/oasis-2004XX-wss-saml-token-profile-1.0#SAMLAssertionID""/><wsse:Reference URI=""""/></wsse:RequestedTokenReference><wssc:Nonce>*</wssc:Nonce></wssc:DerivedKeyToken><wsu:Timestamp wsu:Id=""Timestamp""><wsu:Created>2026-08-14T07:52:55Z</wsu:Created><wsu:Expires>2026-08-14T07:57:55Z</wsu:Expires></wsu:Timestamp><Signature xmlns=""http://www.w3.org/2000/09/xmldsig#""><SignedInfo><CanonicalizationMethod Algorithm=""http://www.w3.org/2001/10/xml-exc-c14n#""></CanonicalizationMethod><SignatureMethod Algorithm=""http://www.w3.org/2001/04/xmldsig-more#hmac-sha256""></SignatureMethod><Reference URI=""#RST0""><Transforms><Transform Algorithm=""http://www.w3.org/2001/10/xml-exc-c14n#""></Transform></Transforms><DigestMethod Algorithm=""http://www.w3.org/2001/04/xmlenc#sha256""></DigestMethod><DigestValue>*</DigestValue></Reference><Reference URI=""#Timestamp""><Transforms><Transform Algorithm=""http://www.w3.org/2001/10/xml-exc-c14n#""></Transform></Transforms><DigestMethod Algorithm=""http://www.w3.org/2001/04/xmlenc#sha256""></DigestMethod><DigestValue>*</DigestValue></Reference><Reference URI=""#PPAuthInfo""><Transforms><Transform Algorithm=""http://www.w3.org/2001/10/xml-exc-c14n#""></Transform></Transforms><DigestMethod Algorithm=""http://www.w3.org/2001/04/xmlenc#sha256""></DigestMethod><DigestValue>*</DigestValue></Reference></SignedInfo><SignatureValue>*</SignatureValue><KeyInfo><wsse:SecurityTokenReference><wsse:Reference URI=""#SignKey""/></wsse:SecurityTokenReference></KeyInfo></Signature></wsse:Security></s:Header><s:Body><wst:RequestSecurityToken Id=""RST0""><wst:RequestType>http://schemas.xmlsoap.org/ws/2005/02/trust/Issue</wst:RequestType><wsp:AppliesTo><wsa:EndpointReference><wsa:Address>activity.windows.com</wsa:Address></wsa:EndpointReference></wsp:AppliesTo><wsp:PolicyReference URI=""MBI_SSL""></wsp:PolicyReference></wst:RequestSecurityToken></s:Body></s:Envelope>"
"14-08-2026 13:22:46","6117","Information","Microsoft-Windows-LiveId","Acquired Service token.
ResourceURI: https://ads.arcct.msn.com
Created: 2026-08-14T13:22:46.000Z
Expires: 2026-08-15T13:22:46.000Z
TokenType: urn:passport:compact
AuthRequired: The operation completed successfully.
RequestStatus: The operation completed successfully.
HasFlowUrl: false
HasAuthUrl: false
HasEndAuthUrl: false"
"14-08-2026 13:22:46","6116","Information","Microsoft-Windows-LiveId","## SOAP Response: <S:Envelope><S:Header><wsa:Action wsu:Id=""Action"" S:mustUnderstand=""1"">*</wsa:Action><wsa:To wsu:Id=""To"" S:mustUnderstand=""1"">*</wsa:To><wsse:Security><wsu:Timestamp wsu:Id=""TS""><wsu:Created>2026-08-14T07:52:46Z</wsu:Created><wsu:Expires>2026-08-14T07:57:46Z</wsu:Expires></wsu:Timestamp><wssc:DerivedKeyToken wsu:Id=""SignKey"" Algorithm=""urn:liveid:SP800108_CTR_HMAC_SHA256_DOUBLEDERIVED""><wsse:SecurityTokenReference><wsse:Reference URI=""kG8NQJ7dNxewV6EvfObC0EJO1yY=""></wsse:Reference></wsse:SecurityTokenReference><wssc:Nonce>*</wssc:Nonce></wssc:DerivedKeyToken><wssc:DerivedKeyToken wsu:Id=""EncKey"" Algorithm=""urn:liveid:SP800108_CTR_HMAC_SHA256_DOUBLEDERIVED""><wsse:SecurityTokenReference><wsse:Reference URI=""kG8NQJ7dNxewV6EvfObC0EJO1yY=""></wsse:Reference></wsse:SecurityTokenReference><wssc:Nonce>*</wssc:Nonce></wssc:DerivedKeyToken><Signature xmlns=""http://www.w3.org/2000/09/xmldsig#""><SignedInfo><CanonicalizationMethod Algorithm=""http://www.w3.org/2001/10/xml-exc-c14n#""></CanonicalizationMethod><SignatureMethod Algorithm=""http://www.w3.org/2001/04/xmldsig-more#hmac-sha256""></SignatureMethod><Reference URI=""#EncPsf""><Transforms><Transform Algorithm=""http://www.w3.org/2001/10/xml-exc-c14n#""></Transform></Transforms><DigestMethod Algorithm=""http://www.w3.org/2001/04/xmlenc#sha256""></DigestMethod><DigestValue>*</DigestValue></Reference><Reference URI=""#Body""><Transforms><Transform Algorithm=""http://www.w3.org/2001/10/xml-exc-c14n#""></Transform></Transforms><DigestMethod Algorithm=""http://www.w3.org/2001/04/xmlenc#sha256""></DigestMethod><DigestValue>*</DigestValue></Reference><Reference URI=""#To""><Transforms><Transform Algorithm=""http://www.w3.org/2001/10/xml-exc-c14n#""></Transform></Transforms><DigestMethod Algorithm=""http://www.w3.org/2001/04/xmlenc#sha256""></DigestMethod><DigestValue>*</DigestValue></Reference><Reference URI=""#Action""><Transforms><Transform Algorithm=""http://www.w3.org/2001/10/xml-exc-c14n#""></Transform></Transforms><DigestMethod Algorithm=""http://www.w3.org/2001/04/xmlenc#sha256""></DigestMethod><DigestValue>*</DigestValue></Reference><Reference URI=""#TS""><Transforms><Transform Algorithm=""http://www.w3.org/2001/10/xml-exc-c14n#""></Transform></Transforms><DigestMethod Algorithm=""http://www.w3.org/2001/04/xmlenc#sha256""></DigestMethod><DigestValue>*</DigestValue></Reference></SignedInfo><SignatureValue>*</SignatureValue><KeyInfo><wsse:SecurityTokenReference><wsse:Reference URI=""#SignKey""></wsse:Reference></wsse:SecurityTokenReference></KeyInfo></Signature><e:ReferenceList xmlns:e=""http://www.w3.org/2001/04/xmlenc#""><e:DataReference URI=""#RSTR""/><e:DataReference URI=""#EncPsf""/></e:ReferenceList></wsse:Security><psf:EncryptedPP><EncryptedData xmlns=""http://www.w3.org/2001/04/xmlenc#"" Id=""EncPsf"" Type=""http://www.w3.org/2001/04/xmlenc#Element""><EncryptionMethod Algorithm=""http://www.w3.org/2001/04/xmlenc#aes256-cbc""></EncryptionMethod><KeyInfo xmlns=""http://www.w3.org/2000/09/xmldsig#""><wsse:SecurityTokenReference><wsse:Reference URI=""#EncKey""></wsse:Reference></wsse:SecurityTokenReference></KeyInfo><CipherData><CipherValue>*</CipherValue></CipherData></EncryptedData></psf:EncryptedPP></S:Header><S:Body wsu:Id=""Body""><EncryptedData xmlns=""http://www.w3.org/2001/04/xmlenc#"" Id=""RSTR"" Type=""http://www.w3.org/2001/04/xmlenc#Element""><EncryptionMethod Algorithm=""http://www.w3.org/2001/04/xmlenc#aes256-cbc""></EncryptionMethod><KeyInfo xmlns=""http://www.w3.org/2000/09/xmldsig#""><wsse:SecurityTokenReference><wsse:Reference URI=""#EncKey""></wsse:Reference></wsse:SecurityTokenReference></KeyInfo><CipherData><CipherValue>*</CipherValue></CipherData></EncryptedData></S:Body></S:Envelope>"
"14-08-2026 13:22:46","6117","Information","Microsoft-Windows-LiveId","Acquired Service token.
ResourceURI: https://ads.arcct.msn.com
Created: 2026-08-14T13:22:46.000Z
Expires: 2026-08-15T13:22:46.000Z
TokenType: urn:passport:compact
AuthRequired: The operation completed successfully.
RequestStatus: The operation completed successfully.
HasFlowUrl: false
HasAuthUrl: false
HasEndAuthUrl: false"
"14-08-2026 13:22:46","6116","Information","Microsoft-Windows-LiveId","## SOAP Response: <S:Envelope><S:Header><wsa:Action wsu:Id=""Action"" S:mustUnderstand=""1"">*</wsa:Action><wsa:To wsu:Id=""To"" S:mustUnderstand=""1"">*</wsa:To><wsse:Security><wsu:Timestamp wsu:Id=""TS""><wsu:Created>2026-08-14T07:52:46Z</wsu:Created><wsu:Expires>2026-08-14T07:57:46Z</wsu:Expires></wsu:Timestamp><wssc:DerivedKeyToken wsu:Id=""SignKey"" Algorithm=""urn:liveid:SP800108_CTR_HMAC_SHA256_DOUBLEDERIVED""><wsse:SecurityTokenReference><wsse:Reference URI=""kG8NQJ7dNxewV6EvfObC0EJO1yY=""></wsse:Reference></wsse:SecurityTokenReference><wssc:Nonce>*</wssc:Nonce></wssc:DerivedKeyToken><wssc:DerivedKeyToken wsu:Id=""EncKey"" Algorithm=""urn:liveid:SP800108_CTR_HMAC_SHA256_DOUBLEDERIVED""><wsse:SecurityTokenReference><wsse:Reference URI=""kG8NQJ7dNxewV6EvfObC0EJO1yY=""></wsse:Reference></wsse:SecurityTokenReference><wssc:Nonce>*</wssc:Nonce></wssc:DerivedKeyToken><Signature xmlns=""http://www.w3.org/2000/09/xmldsig#""><SignedInfo><CanonicalizationMethod Algorithm=""http://www.w3.org/2001/10/xml-exc-c14n#""></CanonicalizationMethod><SignatureMethod Algorithm=""http://www.w3.org/2001/04/xmldsig-more#hmac-sha256""></SignatureMethod><Reference URI=""#EncPsf""><Transforms><Transform Algorithm=""http://www.w3.org/2001/10/xml-exc-c14n#""></Transform></Transforms><DigestMethod Algorithm=""http://www.w3.org/2001/04/xmlenc#sha256""></DigestMethod><DigestValue>*</DigestValue></Reference><Reference URI=""#Body""><Transforms><Transform Algorithm=""http://www.w3.org/2001/10/xml-exc-c14n#""></Transform></Transforms><DigestMethod Algorithm=""http://www.w3.org/2001/04/xmlenc#sha256""></DigestMethod><DigestValue>*</DigestValue></Reference><Reference URI=""#To""><Transforms><Transform Algorithm=""http://www.w3.org/2001/10/xml-exc-c14n#""></Transform></Transforms><DigestMethod Algorithm=""http://www.w3.org/2001/04/xmlenc#sha256""></DigestMethod><DigestValue>*</DigestValue></Reference><Reference URI=""#Action""><Transforms><Transform Algorithm=""http://www.w3.org/2001/10/xml-exc-c14n#""></Transform></Transforms><DigestMethod Algorithm=""http://www.w3.org/2001/04/xmlenc#sha256""></DigestMethod><DigestValue>*</DigestValue></Reference><Reference URI=""#TS""><Transforms><Transform Algorithm=""http://www.w3.org/2001/10/xml-exc-c14n#""></Transform></Transforms><DigestMethod Algorithm=""http://www.w3.org/2001/04/xmlenc#sha256""></DigestMethod><DigestValue>*</DigestValue></Reference></SignedInfo><SignatureValue>*</SignatureValue><KeyInfo><wsse:SecurityTokenReference><wsse:Reference URI=""#SignKey""></wsse:Reference></wsse:SecurityTokenReference></KeyInfo></Signature><e:ReferenceList xmlns:e=""http://www.w3.org/2001/04/xmlenc#""><e:DataReference URI=""#RSTR""/><e:DataReference URI=""#EncPsf""/></e:ReferenceList></wsse:Security><psf:EncryptedPP><EncryptedData xmlns=""http://www.w3.org/2001/04/xmlenc#"" Id=""EncPsf"" Type=""http://www.w3.org/2001/04/xmlenc#Element""><EncryptionMethod Algorithm=""http://www.w3.org/2001/04/xmlenc#aes256-cbc""></EncryptionMethod><KeyInfo xmlns=""http://www.w3.org/2000/09/xmldsig#""><wsse:SecurityTokenReference><wsse:Reference URI=""#EncKey""></wsse:Reference></wsse:SecurityTokenReference></KeyInfo><CipherData><CipherValue>*</CipherValue></CipherData></EncryptedData></psf:EncryptedPP></S:Header><S:Body wsu:Id=""Body""><EncryptedData xmlns=""http://www.w3.org/2001/04/xmlenc#"" Id=""RSTR"" Type=""http://www.w3.org/2001/04/xmlenc#Element""><EncryptionMethod Algorithm=""http://www.w3.org/2001/04/xmlenc#aes256-cbc""></EncryptionMethod><KeyInfo xmlns=""http://www.w3.org/2000/09/xmldsig#""><wsse:SecurityTokenReference><wsse:Reference URI=""#EncKey""></wsse:Reference></wsse:SecurityTokenReference></KeyInfo><CipherData><CipherValue>*</CipherValue></CipherData></EncryptedData></S:Body></S:Envelope>"
"14-08-2026 13:22:46","6117","Information","Microsoft-Windows-LiveId","Acquired Service token.
ResourceURI: dds.microsoft.com
Created: 2026-08-14T13:22:46.000Z
Expires: 2026-08-15T13:22:46.000Z
TokenType: urn:passport:delegationcompact
AuthRequired: The operation completed successfully.
RequestStatus: The operation completed successfully.
HasFlowUrl: false
HasAuthUrl: false
HasEndAuthUrl: false"
"14-08-2026 13:22:46","6116","Information","Microsoft-Windows-LiveId","## SOAP Response: <S:Envelope><S:Header><wsa:Action wsu:Id=""Action"" S:mustUnderstand=""1"">*</wsa:Action><wsa:To wsu:Id=""To"" S:mustUnderstand=""1"">*</wsa:To><wsse:Security><wsu:Timestamp wsu:Id=""TS""><wsu:Created>2026-08-14T07:52:46Z</wsu:Created><wsu:Expires>2026-08-14T07:57:46Z</wsu:Expires></wsu:Timestamp><wssc:DerivedKeyToken wsu:Id=""SignKey"" Algorithm=""urn:liveid:SP800108_CTR_HMAC_SHA256_DOUBLEDERIVED""><wsse:SecurityTokenReference><wsse:Reference URI=""kG8NQJ7dNxewV6EvfObC0EJO1yY=""></wsse:Reference></wsse:SecurityTokenReference><wssc:Nonce>*</wssc:Nonce></wssc:DerivedKeyToken><wssc:DerivedKeyToken wsu:Id=""EncKey"" Algorithm=""urn:liveid:SP800108_CTR_HMAC_SHA256_DOUBLEDERIVED""><wsse:SecurityTokenReference><wsse:Reference URI=""kG8NQJ7dNxewV6EvfObC0EJO1yY=""></wsse:Reference></wsse:SecurityTokenReference><wssc:Nonce>*</wssc:Nonce></wssc:DerivedKeyToken><Signature xmlns=""http://www.w3.org/2000/09/xmldsig#""><SignedInfo><CanonicalizationMethod Algorithm=""http://www.w3.org/2001/10/xml-exc-c14n#""></CanonicalizationMethod><SignatureMethod Algorithm=""http://www.w3.org/2001/04/xmldsig-more#hmac-sha256""></SignatureMethod><Reference URI=""#EncPsf""><Transforms><Transform Algorithm=""http://www.w3.org/2001/10/xml-exc-c14n#""></Transform></Transforms><DigestMethod Algorithm=""http://www.w3.org/2001/04/xmlenc#sha256""></DigestMethod><DigestValue>*</DigestValue></Reference><Reference URI=""#Body""><Transforms><Transform Algorithm=""http://www.w3.org/2001/10/xml-exc-c14n#""></Transform></Transforms><DigestMethod Algorithm=""http://www.w3.org/2001/04/xmlenc#sha256""></DigestMethod><DigestValue>*</DigestValue></Reference><Reference URI=""#To""><Transforms><Transform Algorithm=""http://www.w3.org/2001/10/xml-exc-c14n#""></Transform></Transforms><DigestMethod Algorithm=""http://www.w3.org/2001/04/xmlenc#sha256""></DigestMethod><DigestValue>*</DigestValue></Reference><Reference URI=""#Action""><Transforms><Transform Algorithm=""http://www.w3.org/2001/10/xml-exc-c14n#""></Transform></Transforms><DigestMethod Algorithm=""http://www.w3.org/2001/04/xmlenc#sha256""></DigestMethod><DigestValue>*</DigestValue></Reference><Reference URI=""#TS""><Transforms><Transform Algorithm=""http://www.w3.org/2001/10/xml-exc-c14n#""></Transform></Transforms><DigestMethod Algorithm=""http://www.w3.org/2001/04/xmlenc#sha256""></DigestMethod><DigestValue>*</DigestValue></Reference></SignedInfo><SignatureValue>*</SignatureValue><KeyInfo><wsse:SecurityTokenReference><wsse:Reference URI=""#SignKey""></wsse:Reference></wsse:SecurityTokenReference></KeyInfo></Signature><e:ReferenceList xmlns:e=""http://www.w3.org/2001/04/xmlenc#""><e:DataReference URI=""#RSTR""/><e:DataReference URI=""#EncPsf""/></e:ReferenceList></wsse:Security><psf:EncryptedPP><EncryptedData xmlns=""http://www.w3.org/2001/04/xmlenc#"" Id=""EncPsf"" Type=""http://www.w3.org/2001/04/xmlenc#Element""><EncryptionMethod Algorithm=""http://www.w3.org/2001/04/xmlenc#aes256-cbc""></EncryptionMethod><KeyInfo xmlns=""http://www.w3.org/2000/09/xmldsig#""><wsse:SecurityTokenReference><wsse:Reference URI=""#EncKey""></wsse:Reference></wsse:SecurityTokenReference></KeyInfo><CipherData><CipherValue>*</CipherValue></CipherData></EncryptedData></psf:EncryptedPP></S:Header><S:Body wsu:Id=""Body""><EncryptedData xmlns=""http://www.w3.org/2001/04/xmlenc#"" Id=""RSTR"" Type=""http://www.w3.org/2001/04/xmlenc#Element""><EncryptionMethod Algorithm=""http://www.w3.org/2001/04/xmlenc#aes256-cbc""></EncryptionMethod><KeyInfo xmlns=""http://www.w3.org/2000/09/xmldsig#""><wsse:SecurityTokenReference><wsse:Reference URI=""#EncKey""></wsse:Reference></wsse:SecurityTokenReference></KeyInfo><CipherData><CipherValue>*</CipherValue></CipherData></EncryptedData></S:Body></S:Envelope>"
"14-08-2026 13:22:46","6115","Information","Microsoft-Windows-LiveId","## SOAP Request: <s:Envelope><s:Header><wsa:Action s:mustUnderstand=""1"">*</wsa:Action><wsa:To s:mustUnderstand=""1"">*</wsa:To><wsa:MessageID>*</wsa:MessageID><ps:AuthInfo Id=""PPAuthInfo""><ps:HostingApp>{4B0964E4-58F1-47F4-A552-E2E1FC56DCD7}</ps:HostingApp><ps:BinaryVersion>55</ps:BinaryVersion><ps:UIVersion>1</ps:UIVersion><ps:InlineUX>TokenBroker</ps:InlineUX><ps:Cookies></ps:Cookies><ps:RequestParams>AQAAAAIAAABsYwQAAAAxMDMz</ps:RequestParams><ps:WindowsClientString>iVzGU/dyae9bMPpavLb310Ogu6n9/IR8NBZolBsTgbk=</ps:WindowsClientString><ps:LicenseSignatureKeyVersion>*</ps:LicenseSignatureKeyVersion><ps:ClientCapabilities>1</ps:ClientCapabilities></ps:AuthInfo><wsse:Security><EncryptedData xmlns=""http://www.w3.org/2001/04/xmlenc#"" Id=""devicesoftware"" Type=""http://www.w3.org/2001/04/xmlenc#Element""><EncryptionMethod Algorithm=""http://www.w3.org/2001/04/xmlenc#tripledes-cbc""></EncryptionMethod><ds:KeyInfo><ds:KeyName>http://Passport.NET/STS</ds:KeyName></ds:KeyInfo><CipherData><CipherValue>*</CipherValue></CipherData></EncryptedData><wssc:DerivedKeyToken wsu:Id=""SignKey"" Algorithm=""urn:liveid:SP800108_CTR_HMAC_SHA256_DOUBLEDERIVED""><wsse:RequestedTokenReference><wsse:KeyIdentifier ValueType=""http://docs.oasis-open.org/wss/2004/XX/oasis-2004XX-wss-saml-token-profile-1.0#SAMLAssertionID""/><wsse:Reference URI=""""/></wsse:RequestedTokenReference><wssc:Nonce>*</wssc:Nonce></wssc:DerivedKeyToken><wsu:Timestamp wsu:Id=""Timestamp""><wsu:Created>2026-08-14T07:52:45Z</wsu:Created><wsu:Expires>2026-08-14T07:57:45Z</wsu:Expires></wsu:Timestamp><Signature xmlns=""http://www.w3.org/2000/09/xmldsig#""><SignedInfo><CanonicalizationMethod Algorithm=""http://www.w3.org/2001/10/xml-exc-c14n#""></CanonicalizationMethod><SignatureMethod Algorithm=""http://www.w3.org/2001/04/xmldsig-more#hmac-sha256""></SignatureMethod><Reference URI=""#RST0""><Transforms><Transform Algorithm=""http://www.w3.org/2001/10/xml-exc-c14n#""></Transform></Transforms><DigestMethod Algorithm=""http://www.w3.org/2001/04/xmlenc#sha256""></DigestMethod><DigestValue>*</DigestValue></Reference><Reference URI=""#Timestamp""><Transforms><Transform Algorithm=""http://www.w3.org/2001/10/xml-exc-c14n#""></Transform></Transforms><DigestMethod Algorithm=""http://www.w3.org/2001/04/xmlenc#sha256""></DigestMethod><DigestValue>*</DigestValue></Reference><Reference URI=""#PPAuthInfo""><Transforms><Transform Algorithm=""http://www.w3.org/2001/10/xml-exc-c14n#""></Transform></Transforms><DigestMethod Algorithm=""http://www.w3.org/2001/04/xmlenc#sha256""></DigestMethod><DigestValue>*</DigestValue></Reference></SignedInfo><SignatureValue>*</SignatureValue><KeyInfo><wsse:SecurityTokenReference><wsse:Reference URI=""#SignKey""/></wsse:SecurityTokenReference></KeyInfo></Signature></wsse:Security></s:Header><s:Body><wst:RequestSecurityToken Id=""RST0""><wst:RequestType>http://schemas.xmlsoap.org/ws/2005/02/trust/Issue</wst:RequestType><wsp:AppliesTo><wsa:EndpointReference><wsa:Address>https://ads.arcct.msn.com</wsa:Address></wsa:EndpointReference></wsp:AppliesTo><wsp:PolicyReference URI=""MBI_SSL""></wsp:PolicyReference></wst:RequestSecurityToken></s:Body></s:Envelope>"
"14-08-2026 13:22:46","6115","Information","Microsoft-Windows-LiveId","## SOAP Request: <s:Envelope><s:Header><wsa:Action s:mustUnderstand=""1"">*</wsa:Action><wsa:To s:mustUnderstand=""1"">*</wsa:To><wsa:MessageID>*</wsa:MessageID><ps:AuthInfo Id=""PPAuthInfo""><ps:HostingApp>{4B0964E4-58F1-47F4-A552-E2E1FC56DCD7}</ps:HostingApp><ps:BinaryVersion>55</ps:BinaryVersion><ps:UIVersion>1</ps:UIVersion><ps:InlineUX>TokenBroker</ps:InlineUX><ps:Cookies></ps:Cookies><ps:RequestParams>AQAAAAIAAABsYwQAAAAxMDMz</ps:RequestParams><ps:WindowsClientString>iVzGU/dyae9bMPpavLb310Ogu6n9/IR8NBZolBsTgbk=</ps:WindowsClientString><ps:LicenseSignatureKeyVersion>*</ps:LicenseSignatureKeyVersion><ps:ClientCapabilities>1</ps:ClientCapabilities></ps:AuthInfo><wsse:Security><EncryptedData xmlns=""http://www.w3.org/2001/04/xmlenc#"" Id=""devicesoftware"" Type=""http://www.w3.org/2001/04/xmlenc#Element""><EncryptionMethod Algorithm=""http://www.w3.org/2001/04/xmlenc#tripledes-cbc""></EncryptionMethod><ds:KeyInfo><ds:KeyName>http://Passport.NET/STS</ds:KeyName></ds:KeyInfo><CipherData><CipherValue>*</CipherValue></CipherData></EncryptedData><wssc:DerivedKeyToken wsu:Id=""SignKey"" Algorithm=""urn:liveid:SP800108_CTR_HMAC_SHA256_DOUBLEDERIVED""><wsse:RequestedTokenReference><wsse:KeyIdentifier ValueType=""http://docs.oasis-open.org/wss/2004/XX/oasis-2004XX-wss-saml-token-profile-1.0#SAMLAssertionID""/><wsse:Reference URI=""""/></wsse:RequestedTokenReference><wssc:Nonce>*</wssc:Nonce></wssc:DerivedKeyToken><wsu:Timestamp wsu:Id=""Timestamp""><wsu:Created>2026-08-14T07:52:45Z</wsu:Created><wsu:Expires>2026-08-14T07:57:45Z</wsu:Expires></wsu:Timestamp><Signature xmlns=""http://www.w3.org/2000/09/xmldsig#""><SignedInfo><CanonicalizationMethod Algorithm=""http://www.w3.org/2001/10/xml-exc-c14n#""></CanonicalizationMethod><SignatureMethod Algorithm=""http://www.w3.org/2001/04/xmldsig-more#hmac-sha256""></SignatureMethod><Reference URI=""#RST0""><Transforms><Transform Algorithm=""http://www.w3.org/2001/10/xml-exc-c14n#""></Transform></Transforms><DigestMethod Algorithm=""http://www.w3.org/2001/04/xmlenc#sha256""></DigestMethod><DigestValue>*</DigestValue></Reference><Reference URI=""#Timestamp""><Transforms><Transform Algorithm=""http://www.w3.org/2001/10/xml-exc-c14n#""></Transform></Transforms><DigestMethod Algorithm=""http://www.w3.org/2001/04/xmlenc#sha256""></DigestMethod><DigestValue>*</DigestValue></Reference><Reference URI=""#PPAuthInfo""><Transforms><Transform Algorithm=""http://www.w3.org/2001/10/xml-exc-c14n#""></Transform></Transforms><DigestMethod Algorithm=""http://www.w3.org/2001/04/xmlenc#sha256""></DigestMethod><DigestValue>*</DigestValue></Reference></SignedInfo><SignatureValue>*</SignatureValue><KeyInfo><wsse:SecurityTokenReference><wsse:Reference URI=""#SignKey""/></wsse:SecurityTokenReference></KeyInfo></Signature></wsse:Security></s:Header><s:Body><wst:RequestSecurityToken Id=""RST0""><wst:RequestType>http://schemas.xmlsoap.org/ws/2005/02/trust/Issue</wst:RequestType><wsp:AppliesTo><wsa:EndpointReference><wsa:Address>https://ads.arcct.msn.com</wsa:Address></wsa:EndpointReference></wsp:AppliesTo><wsp:PolicyReference URI=""MBI_SSL""></wsp:PolicyReference></wst:RequestSecurityToken></s:Body></s:Envelope>"
"14-08-2026 13:22:46","6115","Information","Microsoft-Windows-LiveId","## SOAP Request: <s:Envelope><s:Header><wsa:Action s:mustUnderstand=""1"">*</wsa:Action><wsa:To s:mustUnderstand=""1"">*</wsa:To><wsa:MessageID>*</wsa:MessageID><ps:AuthInfo Id=""PPAuthInfo""><ps:HostingApp>{12E984BD-5803-4D78-9EFB-BED7B9212C26}</ps:HostingApp><ps:BinaryVersion>55</ps:BinaryVersion><ps:UIVersion>1</ps:UIVersion><ps:InlineUX>TokenBroker</ps:InlineUX><ps:Cookies></ps:Cookies><ps:RequestParams>AQAAAAIAAABsYwQAAAAxMDMz</ps:RequestParams><ps:WindowsClientString>iVzGU/dyae9bMPpavLb310Ogu6n9/IR8NBZolBsTgbk=</ps:WindowsClientString><ps:LicenseSignatureKeyVersion>*</ps:LicenseSignatureKeyVersion><ps:ClientCapabilities>1</ps:ClientCapabilities></ps:AuthInfo><wsse:Security><EncryptedData xmlns=""http://www.w3.org/2001/04/xmlenc#"" Id=""devicesoftware"" Type=""http://www.w3.org/2001/04/xmlenc#Element""><EncryptionMethod Algorithm=""http://www.w3.org/2001/04/xmlenc#tripledes-cbc""></EncryptionMethod><ds:KeyInfo><ds:KeyName>http://Passport.NET/STS</ds:KeyName></ds:KeyInfo><CipherData><CipherValue>*</CipherValue></CipherData></EncryptedData><wssc:DerivedKeyToken wsu:Id=""SignKey"" Algorithm=""urn:liveid:SP800108_CTR_HMAC_SHA256_DOUBLEDERIVED""><wsse:RequestedTokenReference><wsse:KeyIdentifier ValueType=""http://docs.oasis-open.org/wss/2004/XX/oasis-2004XX-wss-saml-token-profile-1.0#SAMLAssertionID""/><wsse:Reference URI=""""/></wsse:RequestedTokenReference><wssc:Nonce>*</wssc:Nonce></wssc:DerivedKeyToken><wsu:Timestamp wsu:Id=""Timestamp""><wsu:Created>2026-08-14T07:52:44Z</wsu:Created><wsu:Expires>2026-08-14T07:57:44Z</wsu:Expires></wsu:Timestamp><Signature xmlns=""http://www.w3.org/2000/09/xmldsig#""><SignedInfo><CanonicalizationMethod Algorithm=""http://www.w3.org/2001/10/xml-exc-c14n#""></CanonicalizationMethod><SignatureMethod Algorithm=""http://www.w3.org/2001/04/xmldsig-more#hmac-sha256""></SignatureMethod><Reference URI=""#RST0""><Transforms><Transform Algorithm=""http://www.w3.org/2001/10/xml-exc-c14n#""></Transform></Transforms><DigestMethod Algorithm=""http://www.w3.org/2001/04/xmlenc#sha256""></DigestMethod><DigestValue>*</DigestValue></Reference><Reference URI=""#Timestamp""><Transforms><Transform Algorithm=""http://www.w3.org/2001/10/xml-exc-c14n#""></Transform></Transforms><DigestMethod Algorithm=""http://www.w3.org/2001/04/xmlenc#sha256""></DigestMethod><DigestValue>*</DigestValue></Reference><Reference URI=""#PPAuthInfo""><Transforms><Transform Algorithm=""http://www.w3.org/2001/10/xml-exc-c14n#""></Transform></Transforms><DigestMethod Algorithm=""http://www.w3.org/2001/04/xmlenc#sha256""></DigestMethod><DigestValue>*</DigestValue></Reference></SignedInfo><SignatureValue>*</SignatureValue><KeyInfo><wsse:SecurityTokenReference><wsse:Reference URI=""#SignKey""/></wsse:SecurityTokenReference></KeyInfo></Signature></wsse:Security></s:Header><s:Body><wst:RequestSecurityToken Id=""RST0""><wst:RequestType>http://schemas.xmlsoap.org/ws/2005/02/trust/Issue</wst:RequestType><wsp:AppliesTo><wsa:EndpointReference><wsa:Address>dds.microsoft.com</wsa:Address></wsa:EndpointReference></wsp:AppliesTo><wsp:PolicyReference URI=""MBI_SSL""></wsp:PolicyReference></wst:RequestSecurityToken></s:Body></s:Envelope>"
"14-08-2026 13:22:43","6117","Information","Microsoft-Windows-LiveId","Acquired Service token.
ResourceURI: https://login.microsoft.com
Created: 2026-08-14T13:22:42.000Z
Expires: 2026-08-15T13:22:42.000Z
TokenType: urn:passport:compact
AuthRequired: The operation completed successfully.
RequestStatus: The operation completed successfully.
HasFlowUrl: false
HasAuthUrl: false
HasEndAuthUrl: false"
"14-08-2026 13:22:43","6116","Information","Microsoft-Windows-LiveId","## SOAP Response: <S:Envelope><S:Header><wsa:Action wsu:Id=""Action"" S:mustUnderstand=""1"">*</wsa:Action><wsa:To wsu:Id=""To"" S:mustUnderstand=""1"">*</wsa:To><wsse:Security><wsu:Timestamp wsu:Id=""TS""><wsu:Created>2026-08-14T07:52:42Z</wsu:Created><wsu:Expires>2026-08-14T07:57:42Z</wsu:Expires></wsu:Timestamp><wssc:DerivedKeyToken wsu:Id=""SignKey"" Algorithm=""urn:liveid:SP800108_CTR_HMAC_SHA256_DOUBLEDERIVED""><wsse:SecurityTokenReference><wsse:Reference URI=""kG8NQJ7dNxewV6EvfObC0EJO1yY=""></wsse:Reference></wsse:SecurityTokenReference><wssc:Nonce>*</wssc:Nonce></wssc:DerivedKeyToken><wssc:DerivedKeyToken wsu:Id=""EncKey"" Algorithm=""urn:liveid:SP800108_CTR_HMAC_SHA256_DOUBLEDERIVED""><wsse:SecurityTokenReference><wsse:Reference URI=""kG8NQJ7dNxewV6EvfObC0EJO1yY=""></wsse:Reference></wsse:SecurityTokenReference><wssc:Nonce>*</wssc:Nonce></wssc:DerivedKeyToken><Signature xmlns=""http://www.w3.org/2000/09/xmldsig#""><SignedInfo><CanonicalizationMethod Algorithm=""http://www.w3.org/2001/10/xml-exc-c14n#""></CanonicalizationMethod><SignatureMethod Algorithm=""http://www.w3.org/2001/04/xmldsig-more#hmac-sha256""></SignatureMethod><Reference URI=""#EncPsf""><Transforms><Transform Algorithm=""http://www.w3.org/2001/10/xml-exc-c14n#""></Transform></Transforms><DigestMethod Algorithm=""http://www.w3.org/2001/04/xmlenc#sha256""></DigestMethod><DigestValue>*</DigestValue></Reference><Reference URI=""#Body""><Transforms><Transform Algorithm=""http://www.w3.org/2001/10/xml-exc-c14n#""></Transform></Transforms><DigestMethod Algorithm=""http://www.w3.org/2001/04/xmlenc#sha256""></DigestMethod><DigestValue>*</DigestValue></Reference><Reference URI=""#To""><Transforms><Transform Algorithm=""http://www.w3.org/2001/10/xml-exc-c14n#""></Transform></Transforms><DigestMethod Algorithm=""http://www.w3.org/2001/04/xmlenc#sha256""></DigestMethod><DigestValue>*</DigestValue></Reference><Reference URI=""#Action""><Transforms><Transform Algorithm=""http://www.w3.org/2001/10/xml-exc-c14n#""></Transform></Transforms><DigestMethod Algorithm=""http://www.w3.org/2001/04/xmlenc#sha256""></DigestMethod><DigestValue>*</DigestValue></Reference><Reference URI=""#TS""><Transforms><Transform Algorithm=""http://www.w3.org/2001/10/xml-exc-c14n#""></Transform></Transforms><DigestMethod Algorithm=""http://www.w3.org/2001/04/xmlenc#sha256""></DigestMethod><DigestValue>*</DigestValue></Reference></SignedInfo><SignatureValue>*</SignatureValue><KeyInfo><wsse:SecurityTokenReference><wsse:Reference URI=""#SignKey""></wsse:Reference></wsse:SecurityTokenReference></KeyInfo></Signature><e:ReferenceList xmlns:e=""http://www.w3.org/2001/04/xmlenc#""><e:DataReference URI=""#RSTR""/><e:DataReference URI=""#EncPsf""/></e:ReferenceList></wsse:Security><psf:EncryptedPP><EncryptedData xmlns=""http://www.w3.org/2001/04/xmlenc#"" Id=""EncPsf"" Type=""http://www.w3.org/2001/04/xmlenc#Element""><EncryptionMethod Algorithm=""http://www.w3.org/2001/04/xmlenc#aes256-cbc""></EncryptionMethod><KeyInfo xmlns=""http://www.w3.org/2000/09/xmldsig#""><wsse:SecurityTokenReference><wsse:Reference URI=""#EncKey""></wsse:Reference></wsse:SecurityTokenReference></KeyInfo><CipherData><CipherValue>*</CipherValue></CipherData></EncryptedData></psf:EncryptedPP></S:Header><S:Body wsu:Id=""Body""><EncryptedData xmlns=""http://www.w3.org/2001/04/xmlenc#"" Id=""RSTR"" Type=""http://www.w3.org/2001/04/xmlenc#Element""><EncryptionMethod Algorithm=""http://www.w3.org/2001/04/xmlenc#aes256-cbc""></EncryptionMethod><KeyInfo xmlns=""http://www.w3.org/2000/09/xmldsig#""><wsse:SecurityTokenReference><wsse:Reference URI=""#EncKey""></wsse:Reference></wsse:SecurityTokenReference></KeyInfo><CipherData><CipherValue>*</CipherValue></CipherData></EncryptedData></S:Body></S:Envelope>"
"14-08-2026 13:22:42","6117","Information","Microsoft-Windows-LiveId","Acquired Service token.
ResourceURI: https://login.microsoft.com
Created: 2026-08-14T13:22:42.000Z
Expires: 2026-08-15T13:22:42.000Z
TokenType: urn:passport:compact
AuthRequired: The operation completed successfully.
RequestStatus: The operation completed successfully.
HasFlowUrl: false
HasAuthUrl: false
HasEndAuthUrl: false"
"14-08-2026 13:22:42","6116","Information","Microsoft-Windows-LiveId","## SOAP Response: <S:Envelope><S:Header><wsa:Action wsu:Id=""Action"" S:mustUnderstand=""1"">*</wsa:Action><wsa:To wsu:Id=""To"" S:mustUnderstand=""1"">*</wsa:To><wsse:Security><wsu:Timestamp wsu:Id=""TS""><wsu:Created>2026-08-14T07:52:42Z</wsu:Created><wsu:Expires>2026-08-14T07:57:42Z</wsu:Expires></wsu:Timestamp><wssc:DerivedKeyToken wsu:Id=""SignKey"" Algorithm=""urn:liveid:SP800108_CTR_HMAC_SHA256_DOUBLEDERIVED""><wsse:SecurityTokenReference><wsse:Reference URI=""kG8NQJ7dNxewV6EvfObC0EJO1yY=""></wsse:Reference></wsse:SecurityTokenReference><wssc:Nonce>*</wssc:Nonce></wssc:DerivedKeyToken><wssc:DerivedKeyToken wsu:Id=""EncKey"" Algorithm=""urn:liveid:SP800108_CTR_HMAC_SHA256_DOUBLEDERIVED""><wsse:SecurityTokenReference><wsse:Reference URI=""kG8NQJ7dNxewV6EvfObC0EJO1yY=""></wsse:Reference></wsse:SecurityTokenReference><wssc:Nonce>*</wssc:Nonce></wssc:DerivedKeyToken><Signature xmlns=""http://www.w3.org/2000/09/xmldsig#""><SignedInfo><CanonicalizationMethod Algorithm=""http://www.w3.org/2001/10/xml-exc-c14n#""></CanonicalizationMethod><SignatureMethod Algorithm=""http://www.w3.org/2001/04/xmldsig-more#hmac-sha256""></SignatureMethod><Reference URI=""#EncPsf""><Transforms><Transform Algorithm=""http://www.w3.org/2001/10/xml-exc-c14n#""></Transform></Transforms><DigestMethod Algorithm=""http://www.w3.org/2001/04/xmlenc#sha256""></DigestMethod><DigestValue>*</DigestValue></Reference><Reference URI=""#Body""><Transforms><Transform Algorithm=""http://www.w3.org/2001/10/xml-exc-c14n#""></Transform></Transforms><DigestMethod Algorithm=""http://www.w3.org/2001/04/xmlenc#sha256""></DigestMethod><DigestValue>*</DigestValue></Reference><Reference URI=""#To""><Transforms><Transform Algorithm=""http://www.w3.org/2001/10/xml-exc-c14n#""></Transform></Transforms><DigestMethod Algorithm=""http://www.w3.org/2001/04/xmlenc#sha256""></DigestMethod><DigestValue>*</DigestValue></Reference><Reference URI=""#Action""><Transforms><Transform Algorithm=""http://www.w3.org/2001/10/xml-exc-c14n#""></Transform></Transforms><DigestMethod Algorithm=""http://www.w3.org/2001/04/xmlenc#sha256""></DigestMethod><DigestValue>*</DigestValue></Reference><Reference URI=""#TS""><Transforms><Transform Algorithm=""http://www.w3.org/2001/10/xml-exc-c14n#""></Transform></Transforms><DigestMethod Algorithm=""http://www.w3.org/2001/04/xmlenc#sha256""></DigestMethod><DigestValue>*</DigestValue></Reference></SignedInfo><SignatureValue>*</SignatureValue><KeyInfo><wsse:SecurityTokenReference><wsse:Reference URI=""#SignKey""></wsse:Reference></wsse:SecurityTokenReference></KeyInfo></Signature><e:ReferenceList xmlns:e=""http://www.w3.org/2001/04/xmlenc#""><e:DataReference URI=""#RSTR""/><e:DataReference URI=""#EncPsf""/></e:ReferenceList></wsse:Security><psf:EncryptedPP><EncryptedData xmlns=""http://www.w3.org/2001/04/xmlenc#"" Id=""EncPsf"" Type=""http://www.w3.org/2001/04/xmlenc#Element""><EncryptionMethod Algorithm=""http://www.w3.org/2001/04/xmlenc#aes256-cbc""></EncryptionMethod><KeyInfo xmlns=""http://www.w3.org/2000/09/xmldsig#""><wsse:SecurityTokenReference><wsse:Reference URI=""#EncKey""></wsse:Reference></wsse:SecurityTokenReference></KeyInfo><CipherData><CipherValue>*</CipherValue></CipherData></EncryptedData></psf:EncryptedPP></S:Header><S:Body wsu:Id=""Body""><EncryptedData xmlns=""http://www.w3.org/2001/04/xmlenc#"" Id=""RSTR"" Type=""http://www.w3.org/2001/04/xmlenc#Element""><EncryptionMethod Algorithm=""http://www.w3.org/2001/04/xmlenc#aes256-cbc""></EncryptionMethod><KeyInfo xmlns=""http://www.w3.org/2000/09/xmldsig#""><wsse:SecurityTokenReference><wsse:Reference URI=""#EncKey""></wsse:Reference></wsse:SecurityTokenReference></KeyInfo><CipherData><CipherValue>*</CipherValue></CipherData></EncryptedData></S:Body></S:Envelope>"
"14-08-2026 13:22:42","6115","Information","Microsoft-Windows-LiveId","## SOAP Request: <s:Envelope><s:Header><wsa:Action s:mustUnderstand=""1"">*</wsa:Action><wsa:To s:mustUnderstand=""1"">*</wsa:To><wsa:MessageID>*</wsa:MessageID><ps:AuthInfo Id=""PPAuthInfo""><ps:HostingApp>{12E984BD-5803-4D78-9EFB-BED7B9212C26}</ps:HostingApp><ps:BinaryVersion>55</ps:BinaryVersion><ps:UIVersion>1</ps:UIVersion><ps:InlineUX>TokenBroker</ps:InlineUX><ps:Cookies></ps:Cookies><ps:RequestParams>AQAAAAIAAABsYwQAAAAxMDMz</ps:RequestParams><ps:WindowsClientString>iVzGU/dyae9bMPpavLb310Ogu6n9/IR8NBZolBsTgbk=</ps:WindowsClientString><ps:LicenseSignatureKeyVersion>*</ps:LicenseSignatureKeyVersion><ps:ClientCapabilities>1</ps:ClientCapabilities></ps:AuthInfo><wsse:Security><EncryptedData xmlns=""http://www.w3.org/2001/04/xmlenc#"" Id=""devicesoftware"" Type=""http://www.w3.org/2001/04/xmlenc#Element""><EncryptionMethod Algorithm=""http://www.w3.org/2001/04/xmlenc#tripledes-cbc""></EncryptionMethod><ds:KeyInfo><ds:KeyName>http://Passport.NET/STS</ds:KeyName></ds:KeyInfo><CipherData><CipherValue>*</CipherValue></CipherData></EncryptedData><wssc:DerivedKeyToken wsu:Id=""SignKey"" Algorithm=""urn:liveid:SP800108_CTR_HMAC_SHA256_DOUBLEDERIVED""><wsse:RequestedTokenReference><wsse:KeyIdentifier ValueType=""http://docs.oasis-open.org/wss/2004/XX/oasis-2004XX-wss-saml-token-profile-1.0#SAMLAssertionID""/><wsse:Reference URI=""""/></wsse:RequestedTokenReference><wssc:Nonce>*</wssc:Nonce></wssc:DerivedKeyToken><wsu:Timestamp wsu:Id=""Timestamp""><wsu:Created>2026-08-14T07:52:41Z</wsu:Created><wsu:Expires>2026-08-14T07:57:41Z</wsu:Expires></wsu:Timestamp><Signature xmlns=""http://www.w3.org/2000/09/xmldsig#""><SignedInfo><CanonicalizationMethod Algorithm=""http://www.w3.org/2001/10/xml-exc-c14n#""></CanonicalizationMethod><SignatureMethod Algorithm=""http://www.w3.org/2001/04/xmldsig-more#hmac-sha256""></SignatureMethod><Reference URI=""#RST0""><Transforms><Transform Algorithm=""http://www.w3.org/2001/10/xml-exc-c14n#""></Transform></Transforms><DigestMethod Algorithm=""http://www.w3.org/2001/04/xmlenc#sha256""></DigestMethod><DigestValue>*</DigestValue></Reference><Reference URI=""#Timestamp""><Transforms><Transform Algorithm=""http://www.w3.org/2001/10/xml-exc-c14n#""></Transform></Transforms><DigestMethod Algorithm=""http://www.w3.org/2001/04/xmlenc#sha256""></DigestMethod><DigestValue>*</DigestValue></Reference><Reference URI=""#PPAuthInfo""><Transforms><Transform Algorithm=""http://www.w3.org/2001/10/xml-exc-c14n#""></Transform></Transforms><DigestMethod Algorithm=""http://www.w3.org/2001/04/xmlenc#sha256""></DigestMethod><DigestValue>*</DigestValue></Reference></SignedInfo><SignatureValue>*</SignatureValue><KeyInfo><wsse:SecurityTokenReference><wsse:Reference URI=""#SignKey""/></wsse:SecurityTokenReference></KeyInfo></Signature></wsse:Security></s:Header><s:Body><wst:RequestSecurityToken Id=""RST0""><wst:RequestType>http://schemas.xmlsoap.org/ws/2005/02/trust/Issue</wst:RequestType><wsp:AppliesTo><wsa:EndpointReference><wsa:Address>https://login.microsoft.com</wsa:Address></wsa:EndpointReference></wsp:AppliesTo><wsp:PolicyReference URI=""MBI_SSL""></wsp:PolicyReference></wst:RequestSecurityToken></s:Body></s:Envelope>"
"14-08-2026 13:22:42","6117","Information","Microsoft-Windows-LiveId","Acquired Service token.
ResourceURI: settings-win.data.microsoft.com
Created: 2026-08-14T13:22:41.000Z
Expires: 2026-08-15T13:22:41.000Z
TokenType: urn:passport:delegationcompact
AuthRequired: The operation completed successfully.
RequestStatus: The operation completed successfully.
HasFlowUrl: false
HasAuthUrl: false
HasEndAuthUrl: false"
"14-08-2026 13:22:42","6116","Information","Microsoft-Windows-LiveId","## SOAP Response: <S:Envelope><S:Header><wsa:Action wsu:Id=""Action"" S:mustUnderstand=""1"">*</wsa:Action><wsa:To wsu:Id=""To"" S:mustUnderstand=""1"">*</wsa:To><wsse:Security><wsu:Timestamp wsu:Id=""TS""><wsu:Created>2026-08-14T07:52:41Z</wsu:Created><wsu:Expires>2026-08-14T07:57:41Z</wsu:Expires></wsu:Timestamp><wssc:DerivedKeyToken wsu:Id=""SignKey"" Algorithm=""urn:liveid:SP800108_CTR_HMAC_SHA256_DOUBLEDERIVED""><wsse:SecurityTokenReference><wsse:Reference URI=""PSR+Zqbu59EX99gvfWs2c+xrSFs=""></wsse:Reference></wsse:SecurityTokenReference><wssc:Nonce>*</wssc:Nonce></wssc:DerivedKeyToken><wssc:DerivedKeyToken wsu:Id=""EncKey"" Algorithm=""urn:liveid:SP800108_CTR_HMAC_SHA256_DOUBLEDERIVED""><wsse:SecurityTokenReference><wsse:Reference URI=""PSR+Zqbu59EX99gvfWs2c+xrSFs=""></wsse:Reference></wsse:SecurityTokenReference><wssc:Nonce>*</wssc:Nonce></wssc:DerivedKeyToken><Signature xmlns=""http://www.w3.org/2000/09/xmldsig#""><SignedInfo><CanonicalizationMethod Algorithm=""http://www.w3.org/2001/10/xml-exc-c14n#""></CanonicalizationMethod><SignatureMethod Algorithm=""http://www.w3.org/2001/04/xmldsig-more#hmac-sha256""></SignatureMethod><Reference URI=""#EncPsf""><Transforms><Transform Algorithm=""http://www.w3.org/2001/10/xml-exc-c14n#""></Transform></Transforms><DigestMethod Algorithm=""http://www.w3.org/2001/04/xmlenc#sha256""></DigestMethod><DigestValue>*</DigestValue></Reference><Reference URI=""#Body""><Transforms><Transform Algorithm=""http://www.w3.org/2001/10/xml-exc-c14n#""></Transform></Transforms><DigestMethod Algorithm=""http://www.w3.org/2001/04/xmlenc#sha256""></DigestMethod><DigestValue>*</DigestValue></Reference><Reference URI=""#To""><Transforms><Transform Algorithm=""http://www.w3.org/2001/10/xml-exc-c14n#""></Transform></Transforms><DigestMethod Algorithm=""http://www.w3.org/2001/04/xmlenc#sha256""></DigestMethod><DigestValue>*</DigestValue></Reference><Reference URI=""#Action""><Transforms><Transform Algorithm=""http://www.w3.org/2001/10/xml-exc-c14n#""></Transform></Transforms><DigestMethod Algorithm=""http://www.w3.org/2001/04/xmlenc#sha256""></DigestMethod><DigestValue>*</DigestValue></Reference><Reference URI=""#TS""><Transforms><Transform Algorithm=""http://www.w3.org/2001/10/xml-exc-c14n#""></Transform></Transforms><DigestMethod Algorithm=""http://www.w3.org/2001/04/xmlenc#sha256""></DigestMethod><DigestValue>*</DigestValue></Reference></SignedInfo><SignatureValue>*</SignatureValue><KeyInfo><wsse:SecurityTokenReference><wsse:Reference URI=""#SignKey""></wsse:Reference></wsse:SecurityTokenReference></KeyInfo></Signature><e:ReferenceList xmlns:e=""http://www.w3.org/2001/04/xmlenc#""><e:DataReference URI=""#RSTR""/><e:DataReference URI=""#EncPsf""/></e:ReferenceList></wsse:Security><psf:EncryptedPP><EncryptedData xmlns=""http://www.w3.org/2001/04/xmlenc#"" Id=""EncPsf"" Type=""http://www.w3.org/2001/04/xmlenc#Element""><EncryptionMethod Algorithm=""http://www.w3.org/2001/04/xmlenc#aes256-cbc""></EncryptionMethod><KeyInfo xmlns=""http://www.w3.org/2000/09/xmldsig#""><wsse:SecurityTokenReference><wsse:Reference URI=""#EncKey""></wsse:Reference></wsse:SecurityTokenReference></KeyInfo><CipherData><CipherValue>*</CipherValue></CipherData></EncryptedData></psf:EncryptedPP></S:Header><S:Body wsu:Id=""Body""><EncryptedData xmlns=""http://www.w3.org/2001/04/xmlenc#"" Id=""RSTR"" Type=""http://www.w3.org/2001/04/xmlenc#Element""><EncryptionMethod Algorithm=""http://www.w3.org/2001/04/xmlenc#aes256-cbc""></EncryptionMethod><KeyInfo xmlns=""http://www.w3.org/2000/09/xmldsig#""><wsse:SecurityTokenReference><wsse:Reference URI=""#EncKey""></wsse:Reference></wsse:SecurityTokenReference></KeyInfo><CipherData><CipherValue>*</CipherValue></CipherData></EncryptedData></S:Body></S:Envelope>"
"14-08-2026 13:22:41","6115","Information","Microsoft-Windows-LiveId","## SOAP Request: <s:Envelope><s:Header><wsa:Action s:mustUnderstand=""1"">*</wsa:Action><wsa:To s:mustUnderstand=""1"">*</wsa:To><wsa:MessageID>*</wsa:MessageID><ps:AuthInfo Id=""PPAuthInfo""><ps:HostingApp>{12E984BD-5803-4D78-9EFB-BED7B9212C26}</ps:HostingApp><ps:BinaryVersion>55</ps:BinaryVersion><ps:UIVersion>1</ps:UIVersion><ps:InlineUX>TokenBroker</ps:InlineUX><ps:Cookies></ps:Cookies><ps:RequestParams>AQAAAAIAAABsYwQAAAAxMDMz</ps:RequestParams><ps:WindowsClientString>iVzGU/dyae9bMPpavLb310Ogu6n9/IR8NBZolBsTgbk=</ps:WindowsClientString><ps:LicenseSignatureKeyVersion>*</ps:LicenseSignatureKeyVersion><ps:ClientCapabilities>1</ps:ClientCapabilities></ps:AuthInfo><wsse:Security><EncryptedData xmlns=""http://www.w3.org/2001/04/xmlenc#"" Id=""devicesoftware"" Type=""http://www.w3.org/2001/04/xmlenc#Element""><EncryptionMethod Algorithm=""http://www.w3.org/2001/04/xmlenc#tripledes-cbc""></EncryptionMethod><ds:KeyInfo><ds:KeyName>http://Passport.NET/STS</ds:KeyName></ds:KeyInfo><CipherData><CipherValue>*</CipherValue></CipherData></EncryptedData><wssc:DerivedKeyToken wsu:Id=""SignKey"" Algorithm=""urn:liveid:SP800108_CTR_HMAC_SHA256_DOUBLEDERIVED""><wsse:RequestedTokenReference><wsse:KeyIdentifier ValueType=""http://docs.oasis-open.org/wss/2004/XX/oasis-2004XX-wss-saml-token-profile-1.0#SAMLAssertionID""/><wsse:Reference URI=""""/></wsse:RequestedTokenReference><wssc:Nonce>*</wssc:Nonce></wssc:DerivedKeyToken><wsu:Timestamp wsu:Id=""Timestamp""><wsu:Created>2026-08-14T07:52:40Z</wsu:Created><wsu:Expires>2026-08-14T07:57:40Z</wsu:Expires></wsu:Timestamp><Signature xmlns=""http://www.w3.org/2000/09/xmldsig#""><SignedInfo><CanonicalizationMethod Algorithm=""http://www.w3.org/2001/10/xml-exc-c14n#""></CanonicalizationMethod><SignatureMethod Algorithm=""http://www.w3.org/2001/04/xmldsig-more#hmac-sha256""></SignatureMethod><Reference URI=""#RST0""><Transforms><Transform Algorithm=""http://www.w3.org/2001/10/xml-exc-c14n#""></Transform></Transforms><DigestMethod Algorithm=""http://www.w3.org/2001/04/xmlenc#sha256""></DigestMethod><DigestValue>*</DigestValue></Reference><Reference URI=""#Timestamp""><Transforms><Transform Algorithm=""http://www.w3.org/2001/10/xml-exc-c14n#""></Transform></Transforms><DigestMethod Algorithm=""http://www.w3.org/2001/04/xmlenc#sha256""></DigestMethod><DigestValue>*</DigestValue></Reference><Reference URI=""#PPAuthInfo""><Transforms><Transform Algorithm=""http://www.w3.org/2001/10/xml-exc-c14n#""></Transform></Transforms><DigestMethod Algorithm=""http://www.w3.org/2001/04/xmlenc#sha256""></DigestMethod><DigestValue>*</DigestValue></Reference></SignedInfo><SignatureValue>*</SignatureValue><KeyInfo><wsse:SecurityTokenReference><wsse:Reference URI=""#SignKey""/></wsse:SecurityTokenReference></KeyInfo></Signature></wsse:Security></s:Header><s:Body><wst:RequestSecurityToken Id=""RST0""><wst:RequestType>http://schemas.xmlsoap.org/ws/2005/02/trust/Issue</wst:RequestType><wsp:AppliesTo><wsa:EndpointReference><wsa:Address>https://login.microsoft.com</wsa:Address></wsa:EndpointReference></wsp:AppliesTo><wsp:PolicyReference URI=""MBI_SSL""></wsp:PolicyReference></wst:RequestSecurityToken></s:Body></s:Envelope>"
