"12-07-2026 18:32:33","216","Information","Microsoft-Windows-AppReadiness","Activity for 'S-1-12-1-2357405129-1281513531-255772574-1816207334' has been suspended and will resume at ‎2026‎-‎07‎-‎12T18:33:03.536000000Z."
"12-07-2026 18:32:33","240","Information","Microsoft-Windows-AppReadiness","Task 'ART:UserLogon' is added for S-1-12-1-2357405129-1281513531-255772574-1816207334, tasks: 2"
"12-07-2026 18:32:33","240","Information","Microsoft-Windows-AppReadiness","Task 'install::MicrosoftWindows.CrossDevice_cw5n1h2txyewy' is added for S-1-12-1-2357405129-1281513531-255772574-1816207334, tasks: 1"
"12-07-2026 18:32:33","238","Information","Microsoft-Windows-AppReadiness","OnDemandRegisterWaitForCompletion returns 0x0."
"12-07-2026 18:32:33","236","Information","Microsoft-Windows-AppReadiness","OnDemandRegisterAsync returns 0x0."
"12-07-2026 18:32:33","232","Information","Microsoft-Windows-AppReadiness","FWOpenPolicyStore returns 0x0."
"12-07-2026 18:32:32","231","Information","Microsoft-Windows-AppReadiness","FWOpenPolicyStore starts."
"12-07-2026 18:32:32","209","Information","Microsoft-Windows-AppReadiness","For 'S-1-12-1-2357405129-1281513531-255772574-1816207334' has changed mode from 'AfterLogon' to 'BeforeLogon'"
"12-07-2026 18:32:32","100","Information","Microsoft-Windows-AppReadiness","App Readiness service has started."
"08-07-2026 12:26:14","101","Information","Microsoft-Windows-AppReadiness","App Readiness service has stopped."
"08-07-2026 12:26:14","209","Information","Microsoft-Windows-AppReadiness","For 'S-1-5-18' has changed mode from 'AfterLogon' to 'LoggingOff'"
"08-07-2026 12:26:14","209","Information","Microsoft-Windows-AppReadiness","For 'S-1-12-1-2357405129-1281513531-255772574-1816207334' has changed mode from 'AfterLogon' to 'LoggingOff'"
"08-07-2026 12:23:52","213","Information","Microsoft-Windows-AppReadiness","'Microsoft.OneDriveSync_8wekyb3d8bbwe' install succeeded for S-1-12-1-2357405129-1281513531-255772574-1816207334. (0.0262359 seconds)"
"08-07-2026 12:23:52","241","Information","Microsoft-Windows-AppReadiness","Task 'install::Microsoft.OneDriveSync_8wekyb3d8bbwe' is removed for S-1-12-1-2357405129-1281513531-255772574-1816207334, tasks: 0"
"08-07-2026 12:23:52","211","Information","Microsoft-Windows-AppReadiness","App Readiness service has completed tasks for S-1-5-18."
"08-07-2026 12:23:52","220","Information","Microsoft-Windows-AppReadiness","'packageChanges-2' succeeded for S-1-5-18. (0.0010625 seconds)"
"08-07-2026 12:23:52","241","Information","Microsoft-Windows-AppReadiness","Task 'packageChanges-2' is removed for S-1-5-18, tasks: 0"
"08-07-2026 12:23:52","240","Information","Microsoft-Windows-AppReadiness","Task 'install::Microsoft.OneDriveSync_8wekyb3d8bbwe' is added for S-1-12-1-2357405129-1281513531-255772574-1816207334, tasks: 1"
"08-07-2026 12:23:51","238","Information","Microsoft-Windows-AppReadiness","OnDemandRegisterWaitForCompletion returns 0x0."
"08-07-2026 12:23:51","236","Information","Microsoft-Windows-AppReadiness","OnDemandRegisterAsync returns 0x0."
"08-07-2026 12:23:51","109","Information","Microsoft-Windows-AppReadiness","App Readiness service has been notified of new apps. (Source: DISM, Error: The operation completed successfully.)"
"08-07-2026 12:23:51","240","Information","Microsoft-Windows-AppReadiness","Task 'packageChanges-2' is added for S-1-5-18, tasks: 1"
"08-07-2026 12:23:51","211","Information","Microsoft-Windows-AppReadiness","App Readiness service has completed tasks for S-1-12-1-2357405129-1281513531-255772574-1816207334."
"08-07-2026 12:23:51","213","Information","Microsoft-Windows-AppReadiness","'Microsoft.OneDriveSync_8wekyb3d8bbwe' install succeeded for S-1-12-1-2357405129-1281513531-255772574-1816207334. (3.1694294 seconds)"
"08-07-2026 12:23:51","241","Information","Microsoft-Windows-AppReadiness","Task 'install::Microsoft.OneDriveSync_8wekyb3d8bbwe' is removed for S-1-12-1-2357405129-1281513531-255772574-1816207334, tasks: 0"
"08-07-2026 12:23:48","213","Information","Microsoft-Windows-AppReadiness","'Microsoft.CompanyPortal_8wekyb3d8bbwe' install succeeded for S-1-12-1-2357405129-1281513531-255772574-1816207334. (2.3715233 seconds)"
"08-07-2026 12:23:48","241","Information","Microsoft-Windows-AppReadiness","Task 'install::Microsoft.CompanyPortal_8wekyb3d8bbwe' is removed for S-1-12-1-2357405129-1281513531-255772574-1816207334, tasks: 1"
"08-07-2026 12:23:46","214","Error","Microsoft-Windows-AppReadiness","'MicrosoftWindows.CrossDevice_cw5n1h2txyewy' install failed for S-1-12-1-2357405129-1281513531-255772574-1816207334. Error: 'The package could not be installed because resources it modifies are currently in use.' (1.7306992 seconds)"
"08-07-2026 12:23:46","241","Information","Microsoft-Windows-AppReadiness","Task 'install::MicrosoftWindows.CrossDevice_cw5n1h2txyewy' is removed for S-1-12-1-2357405129-1281513531-255772574-1816207334, tasks: 2"
"08-07-2026 12:23:46","218","Information","Microsoft-Windows-AppReadiness","'MicrosoftWindows.CrossDevice_cw5n1h2txyewy' install failed for S-1-12-1-2357405129-1281513531-255772574-1816207334 and will be attempted after ‎2026‎-‎07‎-‎08T06:58:46.135605300Z."
"08-07-2026 12:23:46","10","Error","Microsoft-Windows-AppReadiness","The Appx operation 'RegisterPackageAsync' on 'MicrosoftWindows.CrossDevice_1.26052.99.0_neutral_~_cw5n1h2txyewy' failed for user 'S-1-12-1-2357405129-1281513531-255772574-1816207334' - error 0x80073D02: Unable to install because the following apps need to be closed MicrosoftWindows.CrossDevice_1.26042.110.0_x64__cw5n1h2txyewy.. (Error: The package could not be installed because resources it modifies are currently in use.)"
"08-07-2026 12:23:44","240","Information","Microsoft-Windows-AppReadiness","Task 'install::MicrosoftWindows.CrossDevice_cw5n1h2txyewy' is added for S-1-12-1-2357405129-1281513531-255772574-1816207334, tasks: 3"
"08-07-2026 12:23:44","240","Information","Microsoft-Windows-AppReadiness","Task 'install::Microsoft.CompanyPortal_8wekyb3d8bbwe' is added for S-1-12-1-2357405129-1281513531-255772574-1816207334, tasks: 2"
"08-07-2026 12:23:44","240","Information","Microsoft-Windows-AppReadiness","Task 'install::Microsoft.OneDriveSync_8wekyb3d8bbwe' is added for S-1-12-1-2357405129-1281513531-255772574-1816207334, tasks: 1"
"08-07-2026 12:23:44","238","Information","Microsoft-Windows-AppReadiness","OnDemandRegisterWaitForCompletion returns 0x0."
"08-07-2026 12:23:44","236","Information","Microsoft-Windows-AppReadiness","OnDemandRegisterAsync returns 0x0."
"08-07-2026 12:23:44","211","Information","Microsoft-Windows-AppReadiness","App Readiness service has completed tasks for S-1-5-18."
"08-07-2026 12:23:44","220","Information","Microsoft-Windows-AppReadiness","'packageChanges-1' succeeded for S-1-5-18. (0.0086647 seconds)"
"08-07-2026 12:23:44","241","Information","Microsoft-Windows-AppReadiness","Task 'packageChanges-1' is removed for S-1-5-18, tasks: 0"
"08-07-2026 12:23:44","109","Information","Microsoft-Windows-AppReadiness","App Readiness service has been notified of new apps. (Source: DISM, Error: The operation completed successfully.)"
"08-07-2026 12:23:44","240","Information","Microsoft-Windows-AppReadiness","Task 'packageChanges-1' is added for S-1-5-18, tasks: 1"
"08-07-2026 12:23:44","100","Information","Microsoft-Windows-AppReadiness","App Readiness service has started."
"07-07-2026 09:33:24","101","Information","Microsoft-Windows-AppReadiness","App Readiness service has stopped."
"07-07-2026 09:33:24","209","Information","Microsoft-Windows-AppReadiness","For 'S-1-5-18' has changed mode from 'AfterLogon' to 'LoggingOff'"
"07-07-2026 09:33:24","209","Information","Microsoft-Windows-AppReadiness","For 'S-1-12-1-2357405129-1281513531-255772574-1816207334' has changed mode from 'AfterLogon' to 'LoggingOff'"
"07-07-2026 09:30:55","211","Information","Microsoft-Windows-AppReadiness","App Readiness service has completed tasks for S-1-12-1-2357405129-1281513531-255772574-1816207334."
"07-07-2026 09:30:55","213","Information","Microsoft-Windows-AppReadiness","'Microsoft.OneDriveSync_8wekyb3d8bbwe' install succeeded for S-1-12-1-2357405129-1281513531-255772574-1816207334. (0.9254103 seconds)"
"07-07-2026 09:30:55","241","Information","Microsoft-Windows-AppReadiness","Task 'install::Microsoft.OneDriveSync_8wekyb3d8bbwe' is removed for S-1-12-1-2357405129-1281513531-255772574-1816207334, tasks: 0"
"07-07-2026 09:30:54","240","Information","Microsoft-Windows-AppReadiness","Task 'install::Microsoft.OneDriveSync_8wekyb3d8bbwe' is added for S-1-12-1-2357405129-1281513531-255772574-1816207334, tasks: 1"
"07-07-2026 09:30:54","238","Information","Microsoft-Windows-AppReadiness","OnDemandRegisterWaitForCompletion returns 0x0."
"07-07-2026 09:30:54","236","Information","Microsoft-Windows-AppReadiness","OnDemandRegisterAsync returns 0x0."
"07-07-2026 09:30:54","211","Information","Microsoft-Windows-AppReadiness","App Readiness service has completed tasks for S-1-5-18."
"07-07-2026 09:30:54","220","Information","Microsoft-Windows-AppReadiness","'packageChanges-1' succeeded for S-1-5-18. (0 seconds)"
"07-07-2026 09:30:54","241","Information","Microsoft-Windows-AppReadiness","Task 'packageChanges-1' is removed for S-1-5-18, tasks: 0"
"07-07-2026 09:30:54","109","Information","Microsoft-Windows-AppReadiness","App Readiness service has been notified of new apps. (Source: DISM, Error: The operation completed successfully.)"
"07-07-2026 09:30:54","240","Information","Microsoft-Windows-AppReadiness","Task 'packageChanges-1' is added for S-1-5-18, tasks: 1"
"07-07-2026 09:30:54","100","Information","Microsoft-Windows-AppReadiness","App Readiness service has started."
"04-07-2026 14:15:43","101","Information","Microsoft-Windows-AppReadiness","App Readiness service has stopped."
"04-07-2026 14:15:43","209","Information","Microsoft-Windows-AppReadiness","For 'S-1-5-18' has changed mode from 'AfterLogon' to 'LoggingOff'"
"04-07-2026 14:15:43","209","Information","Microsoft-Windows-AppReadiness","For 'S-1-12-1-2357405129-1281513531-255772574-1816207334' has changed mode from 'AfterLogon' to 'LoggingOff'"
"04-07-2026 14:15:38","211","Information","Microsoft-Windows-AppReadiness","App Readiness service has completed tasks for S-1-12-1-2357405129-1281513531-255772574-1816207334."
"04-07-2026 14:15:38","213","Information","Microsoft-Windows-AppReadiness","'Microsoft.OneDriveSync_8wekyb3d8bbwe' install succeeded for S-1-12-1-2357405129-1281513531-255772574-1816207334. (0.0793554 seconds)"
"04-07-2026 14:15:38","241","Information","Microsoft-Windows-AppReadiness","Task 'install::Microsoft.OneDriveSync_8wekyb3d8bbwe' is removed for S-1-12-1-2357405129-1281513531-255772574-1816207334, tasks: 0"
"04-07-2026 14:15:37","240","Information","Microsoft-Windows-AppReadiness","Task 'install::Microsoft.OneDriveSync_8wekyb3d8bbwe' is added for S-1-12-1-2357405129-1281513531-255772574-1816207334, tasks: 1"
"04-07-2026 14:15:37","238","Information","Microsoft-Windows-AppReadiness","OnDemandRegisterWaitForCompletion returns 0x0."
"04-07-2026 14:15:37","236","Information","Microsoft-Windows-AppReadiness","OnDemandRegisterAsync returns 0x0."
"04-07-2026 14:15:37","211","Information","Microsoft-Windows-AppReadiness","App Readiness service has completed tasks for S-1-5-18."
"04-07-2026 14:15:37","220","Information","Microsoft-Windows-AppReadiness","'packageChanges-1' succeeded for S-1-5-18. (0.2528385 seconds)"
"04-07-2026 14:15:37","241","Information","Microsoft-Windows-AppReadiness","Task 'packageChanges-1' is removed for S-1-5-18, tasks: 0"
"04-07-2026 14:15:37","109","Information","Microsoft-Windows-AppReadiness","App Readiness service has been notified of new apps. (Source: DISM, Error: The operation completed successfully.)"
"04-07-2026 14:15:37","240","Information","Microsoft-Windows-AppReadiness","Task 'packageChanges-1' is added for S-1-5-18, tasks: 1"
"04-07-2026 14:14:08","220","Information","Microsoft-Windows-AppReadiness","'ART:OemFirstRun' succeeded for S-1-12-1-2357405129-1281513531-255772574-1816207334. (0.0020158 seconds)"
"04-07-2026 14:14:08","241","Information","Microsoft-Windows-AppReadiness","Task 'ART:OemFirstRun' is removed for S-1-12-1-2357405129-1281513531-255772574-1816207334, tasks: 0"
"04-07-2026 14:14:08","211","Information","Microsoft-Windows-AppReadiness","App Readiness service has completed tasks for S-1-12-1-2357405129-1281513531-255772574-1816207334."
"04-07-2026 14:14:08","213","Information","Microsoft-Windows-AppReadiness","'MSTeams_8wekyb3d8bbwe' install succeeded for S-1-12-1-2357405129-1281513531-255772574-1816207334. (21.5435982 seconds)"
"04-07-2026 14:14:08","241","Information","Microsoft-Windows-AppReadiness","Task 'install::MSTeams_8wekyb3d8bbwe' is removed for S-1-12-1-2357405129-1281513531-255772574-1816207334, tasks: 1"
"04-07-2026 14:13:27","234","Information","Microsoft-Windows-AppReadiness","FWClosePolicyStore returns 0x0."
"04-07-2026 14:13:26","209","Information","Microsoft-Windows-AppReadiness","For 'S-1-12-1-2357405129-1281513531-255772574-1816207334' has changed mode from 'FirstLogon' to 'AfterLogon'"
"04-07-2026 14:13:26","209","Information","Microsoft-Windows-AppReadiness","For 'S-1-12-1-2357405129-1281513531-255772574-1816207334' has changed mode from 'BeforeLogon' to 'FirstLogon'"
"04-07-2026 14:13:26","240","Information","Microsoft-Windows-AppReadiness","Task 'ART:OemFirstRun' is added for S-1-12-1-2357405129-1281513531-255772574-1816207334, tasks: 2"
"04-07-2026 14:13:16","220","Information","Microsoft-Windows-AppReadiness","'ART:UserLogon' succeeded for S-1-12-1-2357405129-1281513531-255772574-1816207334. (1.7095881 seconds)"
"04-07-2026 14:13:16","241","Information","Microsoft-Windows-AppReadiness","Task 'ART:UserLogon' is removed for S-1-12-1-2357405129-1281513531-255772574-1816207334, tasks: 1"
"04-07-2026 14:13:16","216","Information","Microsoft-Windows-AppReadiness","Activity for 'S-1-12-1-2357405129-1281513531-255772574-1816207334' has been suspended and will resume at ‎2026‎-‎07‎-‎04T14:13:46.510000000Z."
"04-07-2026 14:13:14","240","Information","Microsoft-Windows-AppReadiness","Task 'ART:UserLogon' is added for S-1-12-1-2357405129-1281513531-255772574-1816207334, tasks: 2"
"04-07-2026 14:13:14","210","Information","Microsoft-Windows-AppReadiness","App Readiness service has found new tasks for S-1-12-1-2357405129-1281513531-255772574-1816207334."
"04-07-2026 14:13:14","240","Information","Microsoft-Windows-AppReadiness","Task 'install::MSTeams_8wekyb3d8bbwe' is added for S-1-12-1-2357405129-1281513531-255772574-1816207334, tasks: 1"
"04-07-2026 14:13:14","238","Information","Microsoft-Windows-AppReadiness","OnDemandRegisterWaitForCompletion returns 0x0."
"04-07-2026 14:13:14","236","Information","Microsoft-Windows-AppReadiness","OnDemandRegisterAsync returns 0x0."
"04-07-2026 14:13:14","232","Information","Microsoft-Windows-AppReadiness","FWOpenPolicyStore returns 0x0."
"04-07-2026 14:13:13","231","Information","Microsoft-Windows-AppReadiness","FWOpenPolicyStore starts."
"04-07-2026 14:13:13","209","Information","Microsoft-Windows-AppReadiness","For 'S-1-12-1-2357405129-1281513531-255772574-1816207334' has changed mode from 'AfterLogon' to 'BeforeLogon'"
"04-07-2026 14:13:13","100","Information","Microsoft-Windows-AppReadiness","App Readiness service has started."
"03-07-2026 11:24:58","101","Information","Microsoft-Windows-AppReadiness","App Readiness service has stopped."
"03-07-2026 11:24:58","209","Information","Microsoft-Windows-AppReadiness","For 'S-1-5-18' has changed mode from 'AfterLogon' to 'LoggingOff'"
"03-07-2026 11:24:58","209","Information","Microsoft-Windows-AppReadiness","For 'S-1-12-1-2357405129-1281513531-255772574-1816207334' has changed mode from 'AfterLogon' to 'LoggingOff'"
"03-07-2026 11:23:49","211","Information","Microsoft-Windows-AppReadiness","App Readiness service has completed tasks for S-1-12-1-2357405129-1281513531-255772574-1816207334."
"03-07-2026 11:23:49","213","Information","Microsoft-Windows-AppReadiness","'Microsoft.OneDriveSync_8wekyb3d8bbwe' install succeeded for S-1-12-1-2357405129-1281513531-255772574-1816207334. (0.0121043 seconds)"
"03-07-2026 11:23:49","241","Information","Microsoft-Windows-AppReadiness","Task 'install::Microsoft.OneDriveSync_8wekyb3d8bbwe' is removed for S-1-12-1-2357405129-1281513531-255772574-1816207334, tasks: 0"
"03-07-2026 11:23:49","211","Information","Microsoft-Windows-AppReadiness","App Readiness service has completed tasks for S-1-5-18."
"03-07-2026 11:23:49","220","Information","Microsoft-Windows-AppReadiness","'packageChanges-1' succeeded for S-1-5-18. (0.0060227 seconds)"
"03-07-2026 11:23:49","241","Information","Microsoft-Windows-AppReadiness","Task 'packageChanges-1' is removed for S-1-5-18, tasks: 0"
"03-07-2026 11:23:49","240","Information","Microsoft-Windows-AppReadiness","Task 'install::Microsoft.OneDriveSync_8wekyb3d8bbwe' is added for S-1-12-1-2357405129-1281513531-255772574-1816207334, tasks: 1"
"03-07-2026 11:23:49","238","Information","Microsoft-Windows-AppReadiness","OnDemandRegisterWaitForCompletion returns 0x0."
"03-07-2026 11:23:49","236","Information","Microsoft-Windows-AppReadiness","OnDemandRegisterAsync returns 0x0."
"03-07-2026 11:23:48","109","Information","Microsoft-Windows-AppReadiness","App Readiness service has been notified of new apps. (Source: DISM, Error: The operation completed successfully.)"
"03-07-2026 11:23:48","240","Information","Microsoft-Windows-AppReadiness","Task 'packageChanges-1' is added for S-1-5-18, tasks: 1"
"03-07-2026 11:23:18","220","Information","Microsoft-Windows-AppReadiness","'ART:OemFirstRun' succeeded for S-1-12-1-2357405129-1281513531-255772574-1816207334. (0.0020106 seconds)"
"03-07-2026 11:23:18","241","Information","Microsoft-Windows-AppReadiness","Task 'ART:OemFirstRun' is removed for S-1-12-1-2357405129-1281513531-255772574-1816207334, tasks: 0"
"03-07-2026 11:23:18","211","Information","Microsoft-Windows-AppReadiness","App Readiness service has completed tasks for S-1-12-1-2357405129-1281513531-255772574-1816207334."
"03-07-2026 11:23:18","213","Information","Microsoft-Windows-AppReadiness","'Microsoft.MicrosoftOfficeHub_8wekyb3d8bbwe' install succeeded for S-1-12-1-2357405129-1281513531-255772574-1816207334. (18.5061139 seconds)"
"03-07-2026 11:23:18","241","Information","Microsoft-Windows-AppReadiness","Task 'install::Microsoft.MicrosoftOfficeHub_8wekyb3d8bbwe' is removed for S-1-12-1-2357405129-1281513531-255772574-1816207334, tasks: 1"
"03-07-2026 11:22:34","234","Information","Microsoft-Windows-AppReadiness","FWClosePolicyStore returns 0x0."
"03-07-2026 11:22:34","209","Information","Microsoft-Windows-AppReadiness","For 'S-1-12-1-2357405129-1281513531-255772574-1816207334' has changed mode from 'FirstLogon' to 'AfterLogon'"
"03-07-2026 11:22:34","209","Information","Microsoft-Windows-AppReadiness","For 'S-1-12-1-2357405129-1281513531-255772574-1816207334' has changed mode from 'BeforeLogon' to 'FirstLogon'"
"03-07-2026 11:22:34","240","Information","Microsoft-Windows-AppReadiness","Task 'ART:OemFirstRun' is added for S-1-12-1-2357405129-1281513531-255772574-1816207334, tasks: 2"
"03-07-2026 11:22:29","220","Information","Microsoft-Windows-AppReadiness","'ART:UserLogon' succeeded for S-1-12-1-2357405129-1281513531-255772574-1816207334. (0.0070043 seconds)"
"03-07-2026 11:22:29","241","Information","Microsoft-Windows-AppReadiness","Task 'ART:UserLogon' is removed for S-1-12-1-2357405129-1281513531-255772574-1816207334, tasks: 1"
"03-07-2026 11:22:29","216","Information","Microsoft-Windows-AppReadiness","Activity for 'S-1-12-1-2357405129-1281513531-255772574-1816207334' has been suspended and will resume at ‎2026‎-‎07‎-‎03T11:22:59.760000000Z."
"03-07-2026 11:22:29","240","Information","Microsoft-Windows-AppReadiness","Task 'ART:UserLogon' is added for S-1-12-1-2357405129-1281513531-255772574-1816207334, tasks: 2"
"03-07-2026 11:22:29","210","Information","Microsoft-Windows-AppReadiness","App Readiness service has found new tasks for S-1-12-1-2357405129-1281513531-255772574-1816207334."
"03-07-2026 11:22:29","240","Information","Microsoft-Windows-AppReadiness","Task 'install::Microsoft.MicrosoftOfficeHub_8wekyb3d8bbwe' is added for S-1-12-1-2357405129-1281513531-255772574-1816207334, tasks: 1"
"03-07-2026 11:22:29","238","Information","Microsoft-Windows-AppReadiness","OnDemandRegisterWaitForCompletion returns 0x0."
"03-07-2026 11:22:28","236","Information","Microsoft-Windows-AppReadiness","OnDemandRegisterAsync returns 0x0."
"03-07-2026 11:22:28","232","Information","Microsoft-Windows-AppReadiness","FWOpenPolicyStore returns 0x0."
"03-07-2026 11:22:28","231","Information","Microsoft-Windows-AppReadiness","FWOpenPolicyStore starts."
"03-07-2026 11:22:28","209","Information","Microsoft-Windows-AppReadiness","For 'S-1-12-1-2357405129-1281513531-255772574-1816207334' has changed mode from 'AfterLogon' to 'BeforeLogon'"
"03-07-2026 11:22:28","100","Information","Microsoft-Windows-AppReadiness","App Readiness service has started."
"01-07-2026 14:05:09","101","Information","Microsoft-Windows-AppReadiness","App Readiness service has stopped."
"01-07-2026 14:05:09","209","Information","Microsoft-Windows-AppReadiness","For 'S-1-5-18' has changed mode from 'AfterLogon' to 'LoggingOff'"
"01-07-2026 14:05:09","209","Information","Microsoft-Windows-AppReadiness","For 'S-1-12-1-2357405129-1281513531-255772574-1816207334' has changed mode from 'AfterLogon' to 'LoggingOff'"
"01-07-2026 14:02:48","211","Information","Microsoft-Windows-AppReadiness","App Readiness service has completed tasks for S-1-12-1-2357405129-1281513531-255772574-1816207334."
"01-07-2026 14:02:48","213","Information","Microsoft-Windows-AppReadiness","'Microsoft.OneDriveSync_8wekyb3d8bbwe' install succeeded for S-1-12-1-2357405129-1281513531-255772574-1816207334. (0.0163264 seconds)"
"01-07-2026 14:02:48","241","Information","Microsoft-Windows-AppReadiness","Task 'install::Microsoft.OneDriveSync_8wekyb3d8bbwe' is removed for S-1-12-1-2357405129-1281513531-255772574-1816207334, tasks: 0"
"01-07-2026 14:02:48","211","Information","Microsoft-Windows-AppReadiness","App Readiness service has completed tasks for S-1-5-18."
"01-07-2026 14:02:48","220","Information","Microsoft-Windows-AppReadiness","'packageChanges-2' succeeded for S-1-5-18. (0.0110682 seconds)"
"01-07-2026 14:02:48","241","Information","Microsoft-Windows-AppReadiness","Task 'packageChanges-2' is removed for S-1-5-18, tasks: 0"
"01-07-2026 14:02:48","240","Information","Microsoft-Windows-AppReadiness","Task 'install::Microsoft.OneDriveSync_8wekyb3d8bbwe' is added for S-1-12-1-2357405129-1281513531-255772574-1816207334, tasks: 1"
"01-07-2026 14:02:48","238","Information","Microsoft-Windows-AppReadiness","OnDemandRegisterWaitForCompletion returns 0x0."
"01-07-2026 14:02:48","236","Information","Microsoft-Windows-AppReadiness","OnDemandRegisterAsync returns 0x0."
"01-07-2026 14:02:48","109","Information","Microsoft-Windows-AppReadiness","App Readiness service has been notified of new apps. (Source: DISM, Error: The operation completed successfully.)"
"01-07-2026 14:02:48","240","Information","Microsoft-Windows-AppReadiness","Task 'packageChanges-2' is added for S-1-5-18, tasks: 1"
"01-07-2026 14:02:40","211","Information","Microsoft-Windows-AppReadiness","App Readiness service has completed tasks for S-1-12-1-2357405129-1281513531-255772574-1816207334."
"01-07-2026 14:02:40","213","Information","Microsoft-Windows-AppReadiness","'Microsoft.OneDriveSync_8wekyb3d8bbwe' install succeeded for S-1-12-1-2357405129-1281513531-255772574-1816207334. (0.7170948 seconds)"
"01-07-2026 14:02:40","241","Information","Microsoft-Windows-AppReadiness","Task 'install::Microsoft.OneDriveSync_8wekyb3d8bbwe' is removed for S-1-12-1-2357405129-1281513531-255772574-1816207334, tasks: 0"
"01-07-2026 14:02:40","211","Information","Microsoft-Windows-AppReadiness","App Readiness service has completed tasks for S-1-5-18."
"01-07-2026 14:02:40","220","Information","Microsoft-Windows-AppReadiness","'packageChanges-1' succeeded for S-1-5-18. (0.0184907 seconds)"
"01-07-2026 14:02:40","241","Information","Microsoft-Windows-AppReadiness","Task 'packageChanges-1' is removed for S-1-5-18, tasks: 0"
"01-07-2026 14:02:40","240","Information","Microsoft-Windows-AppReadiness","Task 'install::Microsoft.OneDriveSync_8wekyb3d8bbwe' is added for S-1-12-1-2357405129-1281513531-255772574-1816207334, tasks: 1"
"01-07-2026 14:02:40","238","Information","Microsoft-Windows-AppReadiness","OnDemandRegisterWaitForCompletion returns 0x0."
"01-07-2026 14:02:40","236","Information","Microsoft-Windows-AppReadiness","OnDemandRegisterAsync returns 0x0."
"01-07-2026 14:02:39","109","Information","Microsoft-Windows-AppReadiness","App Readiness service has been notified of new apps. (Source: DISM, Error: The operation completed successfully.)"
"01-07-2026 14:02:39","240","Information","Microsoft-Windows-AppReadiness","Task 'packageChanges-1' is added for S-1-5-18, tasks: 1"
"01-07-2026 14:02:39","100","Information","Microsoft-Windows-AppReadiness","App Readiness service has started."
"01-07-2026 10:14:21","101","Information","Microsoft-Windows-AppReadiness","App Readiness service has stopped."
"01-07-2026 10:14:21","209","Information","Microsoft-Windows-AppReadiness","For 'S-1-5-18' has changed mode from 'AfterLogon' to 'LoggingOff'"
"01-07-2026 10:14:21","209","Information","Microsoft-Windows-AppReadiness","For 'S-1-12-1-2357405129-1281513531-255772574-1816207334' has changed mode from 'AfterLogon' to 'LoggingOff'"
"01-07-2026 10:11:51","211","Information","Microsoft-Windows-AppReadiness","App Readiness service has completed tasks for S-1-12-1-2357405129-1281513531-255772574-1816207334."
"01-07-2026 10:11:51","213","Information","Microsoft-Windows-AppReadiness","'Microsoft.OneDriveSync_8wekyb3d8bbwe' install succeeded for S-1-12-1-2357405129-1281513531-255772574-1816207334. (0.0475798 seconds)"
"01-07-2026 10:11:51","241","Information","Microsoft-Windows-AppReadiness","Task 'install::Microsoft.OneDriveSync_8wekyb3d8bbwe' is removed for S-1-12-1-2357405129-1281513531-255772574-1816207334, tasks: 0"
"01-07-2026 10:11:51","240","Information","Microsoft-Windows-AppReadiness","Task 'install::Microsoft.OneDriveSync_8wekyb3d8bbwe' is added for S-1-12-1-2357405129-1281513531-255772574-1816207334, tasks: 1"
"01-07-2026 10:11:51","238","Information","Microsoft-Windows-AppReadiness","OnDemandRegisterWaitForCompletion returns 0x0."
"01-07-2026 10:11:51","236","Information","Microsoft-Windows-AppReadiness","OnDemandRegisterAsync returns 0x0."
"01-07-2026 10:11:51","211","Information","Microsoft-Windows-AppReadiness","App Readiness service has completed tasks for S-1-5-18."
"01-07-2026 10:11:51","220","Information","Microsoft-Windows-AppReadiness","'packageChanges-1' succeeded for S-1-5-18. (0 seconds)"
"01-07-2026 10:11:51","241","Information","Microsoft-Windows-AppReadiness","Task 'packageChanges-1' is removed for S-1-5-18, tasks: 0"
"01-07-2026 10:11:51","109","Information","Microsoft-Windows-AppReadiness","App Readiness service has been notified of new apps. (Source: DISM, Error: The operation completed successfully.)"
"01-07-2026 10:11:51","240","Information","Microsoft-Windows-AppReadiness","Task 'packageChanges-1' is added for S-1-5-18, tasks: 1"
"01-07-2026 10:11:51","100","Information","Microsoft-Windows-AppReadiness","App Readiness service has started."
"29-06-2026 10:28:02","101","Information","Microsoft-Windows-AppReadiness","App Readiness service has stopped."
"29-06-2026 10:28:02","209","Information","Microsoft-Windows-AppReadiness","For 'S-1-5-18' has changed mode from 'AfterLogon' to 'LoggingOff'"
"29-06-2026 10:28:02","209","Information","Microsoft-Windows-AppReadiness","For 'S-1-12-1-2357405129-1281513531-255772574-1816207334' has changed mode from 'AfterLogon' to 'LoggingOff'"
"29-06-2026 10:25:32","211","Information","Microsoft-Windows-AppReadiness","App Readiness service has completed tasks for S-1-12-1-2357405129-1281513531-255772574-1816207334."
"29-06-2026 10:25:32","213","Information","Microsoft-Windows-AppReadiness","'Microsoft.OneDriveSync_8wekyb3d8bbwe' install succeeded for S-1-12-1-2357405129-1281513531-255772574-1816207334. (0.0553105 seconds)"
"29-06-2026 10:25:32","241","Information","Microsoft-Windows-AppReadiness","Task 'install::Microsoft.OneDriveSync_8wekyb3d8bbwe' is removed for S-1-12-1-2357405129-1281513531-255772574-1816207334, tasks: 0"
"29-06-2026 10:25:32","211","Information","Microsoft-Windows-AppReadiness","App Readiness service has completed tasks for S-1-5-18."
"29-06-2026 10:25:32","220","Information","Microsoft-Windows-AppReadiness","'packageChanges-1' succeeded for S-1-5-18. (0.0218691 seconds)"
"29-06-2026 10:25:32","241","Information","Microsoft-Windows-AppReadiness","Task 'packageChanges-1' is removed for S-1-5-18, tasks: 0"
"29-06-2026 10:25:32","240","Information","Microsoft-Windows-AppReadiness","Task 'install::Microsoft.OneDriveSync_8wekyb3d8bbwe' is added for S-1-12-1-2357405129-1281513531-255772574-1816207334, tasks: 1"
"29-06-2026 10:25:32","238","Information","Microsoft-Windows-AppReadiness","OnDemandRegisterWaitForCompletion returns 0x0."
"29-06-2026 10:25:32","236","Information","Microsoft-Windows-AppReadiness","OnDemandRegisterAsync returns 0x0."
"29-06-2026 10:25:32","109","Information","Microsoft-Windows-AppReadiness","App Readiness service has been notified of new apps. (Source: DISM, Error: The operation completed successfully.)"
"29-06-2026 10:25:32","240","Information","Microsoft-Windows-AppReadiness","Task 'packageChanges-1' is added for S-1-5-18, tasks: 1"
"29-06-2026 10:25:32","100","Information","Microsoft-Windows-AppReadiness","App Readiness service has started."
"29-06-2026 09:05:20","101","Information","Microsoft-Windows-AppReadiness","App Readiness service has stopped."
"29-06-2026 09:05:20","209","Information","Microsoft-Windows-AppReadiness","For 'S-1-5-18' has changed mode from 'AfterLogon' to 'LoggingOff'"
"29-06-2026 09:05:20","209","Information","Microsoft-Windows-AppReadiness","For 'S-1-12-1-2357405129-1281513531-255772574-1816207334' has changed mode from 'AfterLogon' to 'LoggingOff'"
"29-06-2026 09:04:07","211","Information","Microsoft-Windows-AppReadiness","App Readiness service has completed tasks for S-1-12-1-2357405129-1281513531-255772574-1816207334."
"29-06-2026 09:04:07","213","Information","Microsoft-Windows-AppReadiness","'Microsoft.OneDriveSync_8wekyb3d8bbwe' install succeeded for S-1-12-1-2357405129-1281513531-255772574-1816207334. (0.0264644 seconds)"
"29-06-2026 09:04:07","241","Information","Microsoft-Windows-AppReadiness","Task 'install::Microsoft.OneDriveSync_8wekyb3d8bbwe' is removed for S-1-12-1-2357405129-1281513531-255772574-1816207334, tasks: 0"
"29-06-2026 09:04:07","240","Information","Microsoft-Windows-AppReadiness","Task 'install::Microsoft.OneDriveSync_8wekyb3d8bbwe' is added for S-1-12-1-2357405129-1281513531-255772574-1816207334, tasks: 1"
"29-06-2026 09:04:07","238","Information","Microsoft-Windows-AppReadiness","OnDemandRegisterWaitForCompletion returns 0x0."
"29-06-2026 09:04:06","236","Information","Microsoft-Windows-AppReadiness","OnDemandRegisterAsync returns 0x0."
"29-06-2026 09:04:06","211","Information","Microsoft-Windows-AppReadiness","App Readiness service has completed tasks for S-1-5-18."
"29-06-2026 09:04:06","220","Information","Microsoft-Windows-AppReadiness","'packageChanges-1' succeeded for S-1-5-18. (0.0037826 seconds)"
"29-06-2026 09:04:06","241","Information","Microsoft-Windows-AppReadiness","Task 'packageChanges-1' is removed for S-1-5-18, tasks: 0"
"29-06-2026 09:04:06","109","Information","Microsoft-Windows-AppReadiness","App Readiness service has been notified of new apps. (Source: DISM, Error: The operation completed successfully.)"
"29-06-2026 09:04:06","240","Information","Microsoft-Windows-AppReadiness","Task 'packageChanges-1' is added for S-1-5-18, tasks: 1"
"29-06-2026 09:03:25","220","Information","Microsoft-Windows-AppReadiness","'ART:OemFirstRun' succeeded for S-1-12-1-2357405129-1281513531-255772574-1816207334. (0.0036625 seconds)"
"29-06-2026 09:03:25","241","Information","Microsoft-Windows-AppReadiness","Task 'ART:OemFirstRun' is removed for S-1-12-1-2357405129-1281513531-255772574-1816207334, tasks: 0"
"29-06-2026 09:03:25","211","Information","Microsoft-Windows-AppReadiness","App Readiness service has completed tasks for S-1-12-1-2357405129-1281513531-255772574-1816207334."
"29-06-2026 09:03:25","213","Information","Microsoft-Windows-AppReadiness","'AppUp.IntelArcSoftware_8j3eq9eme6ctt' install succeeded for S-1-12-1-2357405129-1281513531-255772574-1816207334. (2.0917054 seconds)"
"29-06-2026 09:03:25","241","Information","Microsoft-Windows-AppReadiness","Task 'install::AppUp.IntelArcSoftware_8j3eq9eme6ctt' is removed for S-1-12-1-2357405129-1281513531-255772574-1816207334, tasks: 1"
"29-06-2026 09:03:23","213","Information","Microsoft-Windows-AppReadiness","'Microsoft.MicrosoftOfficeHub_8wekyb3d8bbwe' install succeeded for S-1-12-1-2357405129-1281513531-255772574-1816207334. (2.2109157 seconds)"
"29-06-2026 09:03:23","241","Information","Microsoft-Windows-AppReadiness","Task 'install::Microsoft.MicrosoftOfficeHub_8wekyb3d8bbwe' is removed for S-1-12-1-2357405129-1281513531-255772574-1816207334, tasks: 2"
"29-06-2026 09:02:53","234","Information","Microsoft-Windows-AppReadiness","FWClosePolicyStore returns 0x0."
"29-06-2026 09:02:53","209","Information","Microsoft-Windows-AppReadiness","For 'S-1-12-1-2357405129-1281513531-255772574-1816207334' has changed mode from 'FirstLogon' to 'AfterLogon'"
"29-06-2026 09:02:53","209","Information","Microsoft-Windows-AppReadiness","For 'S-1-12-1-2357405129-1281513531-255772574-1816207334' has changed mode from 'BeforeLogon' to 'FirstLogon'"
"29-06-2026 09:02:53","240","Information","Microsoft-Windows-AppReadiness","Task 'ART:OemFirstRun' is added for S-1-12-1-2357405129-1281513531-255772574-1816207334, tasks: 3"
"29-06-2026 09:02:50","220","Information","Microsoft-Windows-AppReadiness","'ART:UserLogon' succeeded for S-1-12-1-2357405129-1281513531-255772574-1816207334. (0.0017489 seconds)"
"29-06-2026 09:02:50","241","Information","Microsoft-Windows-AppReadiness","Task 'ART:UserLogon' is removed for S-1-12-1-2357405129-1281513531-255772574-1816207334, tasks: 2"
"29-06-2026 09:02:50","216","Information","Microsoft-Windows-AppReadiness","Activity for 'S-1-12-1-2357405129-1281513531-255772574-1816207334' has been suspended and will resume at ‎2026‎-‎06‎-‎29T09:03:20.856000000Z."
"29-06-2026 09:02:50","240","Information","Microsoft-Windows-AppReadiness","Task 'ART:UserLogon' is added for S-1-12-1-2357405129-1281513531-255772574-1816207334, tasks: 3"
"29-06-2026 09:02:50","210","Information","Microsoft-Windows-AppReadiness","App Readiness service has found new tasks for S-1-12-1-2357405129-1281513531-255772574-1816207334."
"29-06-2026 09:02:50","240","Information","Microsoft-Windows-AppReadiness","Task 'install::Microsoft.MicrosoftOfficeHub_8wekyb3d8bbwe' is added for S-1-12-1-2357405129-1281513531-255772574-1816207334, tasks: 2"
"29-06-2026 09:02:50","240","Information","Microsoft-Windows-AppReadiness","Task 'install::AppUp.IntelArcSoftware_8j3eq9eme6ctt' is added for S-1-12-1-2357405129-1281513531-255772574-1816207334, tasks: 1"
"29-06-2026 09:02:50","238","Information","Microsoft-Windows-AppReadiness","OnDemandRegisterWaitForCompletion returns 0x0."
"29-06-2026 09:02:50","236","Information","Microsoft-Windows-AppReadiness","OnDemandRegisterAsync returns 0x0."
"29-06-2026 09:02:50","232","Information","Microsoft-Windows-AppReadiness","FWOpenPolicyStore returns 0x0."
"29-06-2026 09:02:50","231","Information","Microsoft-Windows-AppReadiness","FWOpenPolicyStore starts."
"29-06-2026 09:02:50","209","Information","Microsoft-Windows-AppReadiness","For 'S-1-12-1-2357405129-1281513531-255772574-1816207334' has changed mode from 'AfterLogon' to 'BeforeLogon'"
"29-06-2026 09:02:50","100","Information","Microsoft-Windows-AppReadiness","App Readiness service has started."
"25-06-2026 09:40:56","101","Information","Microsoft-Windows-AppReadiness","App Readiness service has stopped."
"25-06-2026 09:40:56","209","Information","Microsoft-Windows-AppReadiness","For 'S-1-5-18' has changed mode from 'AfterLogon' to 'LoggingOff'"
"25-06-2026 09:40:56","209","Information","Microsoft-Windows-AppReadiness","For 'S-1-12-1-2357405129-1281513531-255772574-1816207334' has changed mode from 'AfterLogon' to 'LoggingOff'"
"25-06-2026 09:40:08","211","Information","Microsoft-Windows-AppReadiness","App Readiness service has completed tasks for S-1-12-1-2357405129-1281513531-255772574-1816207334."
"25-06-2026 09:40:08","213","Information","Microsoft-Windows-AppReadiness","'Microsoft.OneDriveSync_8wekyb3d8bbwe' install succeeded for S-1-12-1-2357405129-1281513531-255772574-1816207334. (0.0159258 seconds)"
"25-06-2026 09:40:08","241","Information","Microsoft-Windows-AppReadiness","Task 'install::Microsoft.OneDriveSync_8wekyb3d8bbwe' is removed for S-1-12-1-2357405129-1281513531-255772574-1816207334, tasks: 0"
"25-06-2026 09:40:08","211","Information","Microsoft-Windows-AppReadiness","App Readiness service has completed tasks for S-1-5-18."
"25-06-2026 09:40:08","220","Information","Microsoft-Windows-AppReadiness","'packageChanges-1' succeeded for S-1-5-18. (0.0019994 seconds)"
"25-06-2026 09:40:08","241","Information","Microsoft-Windows-AppReadiness","Task 'packageChanges-1' is removed for S-1-5-18, tasks: 0"
"25-06-2026 09:40:08","240","Information","Microsoft-Windows-AppReadiness","Task 'install::Microsoft.OneDriveSync_8wekyb3d8bbwe' is added for S-1-12-1-2357405129-1281513531-255772574-1816207334, tasks: 1"
"25-06-2026 09:40:08","238","Information","Microsoft-Windows-AppReadiness","OnDemandRegisterWaitForCompletion returns 0x0."
"25-06-2026 09:40:08","236","Information","Microsoft-Windows-AppReadiness","OnDemandRegisterAsync returns 0x0."
"25-06-2026 09:40:08","109","Information","Microsoft-Windows-AppReadiness","App Readiness service has been notified of new apps. (Source: DISM, Error: The operation completed successfully.)"
"25-06-2026 09:40:08","240","Information","Microsoft-Windows-AppReadiness","Task 'packageChanges-1' is added for S-1-5-18, tasks: 1"
"25-06-2026 09:39:14","220","Information","Microsoft-Windows-AppReadiness","'ART:OemFirstRun' succeeded for S-1-12-1-2357405129-1281513531-255772574-1816207334. (0.0121855 seconds)"
"25-06-2026 09:39:14","241","Information","Microsoft-Windows-AppReadiness","Task 'ART:OemFirstRun' is removed for S-1-12-1-2357405129-1281513531-255772574-1816207334, tasks: 0"
"25-06-2026 09:39:14","211","Information","Microsoft-Windows-AppReadiness","App Readiness service has completed tasks for S-1-12-1-2357405129-1281513531-255772574-1816207334."
"25-06-2026 09:39:14","213","Information","Microsoft-Windows-AppReadiness","'Microsoft.MicrosoftOfficeHub_8wekyb3d8bbwe' install succeeded for S-1-12-1-2357405129-1281513531-255772574-1816207334. (17.3883736 seconds)"
"25-06-2026 09:39:14","241","Information","Microsoft-Windows-AppReadiness","Task 'install::Microsoft.MicrosoftOfficeHub_8wekyb3d8bbwe' is removed for S-1-12-1-2357405129-1281513531-255772574-1816207334, tasks: 1"
"25-06-2026 09:38:32","234","Information","Microsoft-Windows-AppReadiness","FWClosePolicyStore returns 0x0."
"25-06-2026 09:38:32","209","Information","Microsoft-Windows-AppReadiness","For 'S-1-12-1-2357405129-1281513531-255772574-1816207334' has changed mode from 'FirstLogon' to 'AfterLogon'"
"25-06-2026 09:38:32","209","Information","Microsoft-Windows-AppReadiness","For 'S-1-12-1-2357405129-1281513531-255772574-1816207334' has changed mode from 'BeforeLogon' to 'FirstLogon'"
"25-06-2026 09:38:32","240","Information","Microsoft-Windows-AppReadiness","Task 'ART:OemFirstRun' is added for S-1-12-1-2357405129-1281513531-255772574-1816207334, tasks: 2"
"25-06-2026 09:38:27","220","Information","Microsoft-Windows-AppReadiness","'ART:UserLogon' succeeded for S-1-12-1-2357405129-1281513531-255772574-1816207334. (0.0086469 seconds)"
"25-06-2026 09:38:27","241","Information","Microsoft-Windows-AppReadiness","Task 'ART:UserLogon' is removed for S-1-12-1-2357405129-1281513531-255772574-1816207334, tasks: 1"
"25-06-2026 09:38:27","216","Information","Microsoft-Windows-AppReadiness","Activity for 'S-1-12-1-2357405129-1281513531-255772574-1816207334' has been suspended and will resume at ‎2026‎-‎06‎-‎25T09:38:57.347000000Z."
"25-06-2026 09:38:27","240","Information","Microsoft-Windows-AppReadiness","Task 'ART:UserLogon' is added for S-1-12-1-2357405129-1281513531-255772574-1816207334, tasks: 2"
"25-06-2026 09:38:27","210","Information","Microsoft-Windows-AppReadiness","App Readiness service has found new tasks for S-1-12-1-2357405129-1281513531-255772574-1816207334."
"25-06-2026 09:38:27","240","Information","Microsoft-Windows-AppReadiness","Task 'install::Microsoft.MicrosoftOfficeHub_8wekyb3d8bbwe' is added for S-1-12-1-2357405129-1281513531-255772574-1816207334, tasks: 1"
"25-06-2026 09:38:27","238","Information","Microsoft-Windows-AppReadiness","OnDemandRegisterWaitForCompletion returns 0x0."
"25-06-2026 09:38:26","236","Information","Microsoft-Windows-AppReadiness","OnDemandRegisterAsync returns 0x0."
"25-06-2026 09:38:26","232","Information","Microsoft-Windows-AppReadiness","FWOpenPolicyStore returns 0x0."
"25-06-2026 09:38:26","231","Information","Microsoft-Windows-AppReadiness","FWOpenPolicyStore starts."
"25-06-2026 09:38:26","209","Information","Microsoft-Windows-AppReadiness","For 'S-1-12-1-2357405129-1281513531-255772574-1816207334' has changed mode from 'AfterLogon' to 'BeforeLogon'"
"25-06-2026 09:38:26","100","Information","Microsoft-Windows-AppReadiness","App Readiness service has started."
"24-06-2026 12:43:47","101","Information","Microsoft-Windows-AppReadiness","App Readiness service has stopped."
"24-06-2026 12:43:47","209","Information","Microsoft-Windows-AppReadiness","For 'S-1-5-18' has changed mode from 'AfterLogon' to 'LoggingOff'"
"24-06-2026 12:43:47","209","Information","Microsoft-Windows-AppReadiness","For 'S-1-12-1-2357405129-1281513531-255772574-1816207334' has changed mode from 'AfterLogon' to 'LoggingOff'"
"24-06-2026 12:41:32","211","Information","Microsoft-Windows-AppReadiness","App Readiness service has completed tasks for S-1-12-1-2357405129-1281513531-255772574-1816207334."
"24-06-2026 12:41:32","213","Information","Microsoft-Windows-AppReadiness","'Microsoft.OneDriveSync_8wekyb3d8bbwe' install succeeded for S-1-12-1-2357405129-1281513531-255772574-1816207334. (0.276063 seconds)"
"24-06-2026 12:41:32","241","Information","Microsoft-Windows-AppReadiness","Task 'install::Microsoft.OneDriveSync_8wekyb3d8bbwe' is removed for S-1-12-1-2357405129-1281513531-255772574-1816207334, tasks: 0"
"24-06-2026 12:41:32","211","Information","Microsoft-Windows-AppReadiness","App Readiness service has completed tasks for S-1-5-18."
"24-06-2026 12:41:32","220","Information","Microsoft-Windows-AppReadiness","'packageChanges-2' succeeded for S-1-5-18. (0.0110925 seconds)"
"24-06-2026 12:41:32","241","Information","Microsoft-Windows-AppReadiness","Task 'packageChanges-2' is removed for S-1-5-18, tasks: 0"
"24-06-2026 12:41:32","240","Information","Microsoft-Windows-AppReadiness","Task 'install::Microsoft.OneDriveSync_8wekyb3d8bbwe' is added for S-1-12-1-2357405129-1281513531-255772574-1816207334, tasks: 1"
"24-06-2026 12:41:32","238","Information","Microsoft-Windows-AppReadiness","OnDemandRegisterWaitForCompletion returns 0x0."
"24-06-2026 12:41:32","236","Information","Microsoft-Windows-AppReadiness","OnDemandRegisterAsync returns 0x0."
"24-06-2026 12:41:32","109","Information","Microsoft-Windows-AppReadiness","App Readiness service has been notified of new apps. (Source: DISM, Error: The operation completed successfully.)"
"24-06-2026 12:41:32","240","Information","Microsoft-Windows-AppReadiness","Task 'packageChanges-2' is added for S-1-5-18, tasks: 1"
"24-06-2026 12:41:19","211","Information","Microsoft-Windows-AppReadiness","App Readiness service has completed tasks for S-1-12-1-2357405129-1281513531-255772574-1816207334."
"24-06-2026 12:41:19","213","Information","Microsoft-Windows-AppReadiness","'Microsoft.OneDriveSync_8wekyb3d8bbwe' install succeeded for S-1-12-1-2357405129-1281513531-255772574-1816207334. (1.5637314 seconds)"
"24-06-2026 12:41:19","241","Information","Microsoft-Windows-AppReadiness","Task 'install::Microsoft.OneDriveSync_8wekyb3d8bbwe' is removed for S-1-12-1-2357405129-1281513531-255772574-1816207334, tasks: 0"
"24-06-2026 12:41:17","211","Information","Microsoft-Windows-AppReadiness","App Readiness service has completed tasks for S-1-5-18."
"24-06-2026 12:41:17","220","Information","Microsoft-Windows-AppReadiness","'packageChanges-1' succeeded for S-1-5-18. (0.0233752 seconds)"
"24-06-2026 12:41:17","241","Information","Microsoft-Windows-AppReadiness","Task 'packageChanges-1' is removed for S-1-5-18, tasks: 0"
"24-06-2026 12:41:17","240","Information","Microsoft-Windows-AppReadiness","Task 'install::Microsoft.OneDriveSync_8wekyb3d8bbwe' is added for S-1-12-1-2357405129-1281513531-255772574-1816207334, tasks: 1"
"24-06-2026 12:41:17","238","Information","Microsoft-Windows-AppReadiness","OnDemandRegisterWaitForCompletion returns 0x0."
"24-06-2026 12:41:17","236","Information","Microsoft-Windows-AppReadiness","OnDemandRegisterAsync returns 0x0."
"24-06-2026 12:41:17","109","Information","Microsoft-Windows-AppReadiness","App Readiness service has been notified of new apps. (Source: DISM, Error: The operation completed successfully.)"
"24-06-2026 12:41:17","240","Information","Microsoft-Windows-AppReadiness","Task 'packageChanges-1' is added for S-1-5-18, tasks: 1"
"24-06-2026 12:41:17","100","Information","Microsoft-Windows-AppReadiness","App Readiness service has started."
"23-06-2026 09:02:21","101","Information","Microsoft-Windows-AppReadiness","App Readiness service has stopped."
"23-06-2026 09:02:21","209","Information","Microsoft-Windows-AppReadiness","For 'S-1-5-18' has changed mode from 'AfterLogon' to 'LoggingOff'"
"23-06-2026 09:02:21","209","Information","Microsoft-Windows-AppReadiness","For 'S-1-12-1-2357405129-1281513531-255772574-1816207334' has changed mode from 'AfterLogon' to 'LoggingOff'"
"23-06-2026 09:01:34","211","Information","Microsoft-Windows-AppReadiness","App Readiness service has completed tasks for S-1-12-1-2357405129-1281513531-255772574-1816207334."
"23-06-2026 09:01:34","213","Information","Microsoft-Windows-AppReadiness","'Microsoft.OneDriveSync_8wekyb3d8bbwe' install succeeded for S-1-12-1-2357405129-1281513531-255772574-1816207334. (7.8408737 seconds)"
"23-06-2026 09:01:34","241","Information","Microsoft-Windows-AppReadiness","Task 'install::Microsoft.OneDriveSync_8wekyb3d8bbwe' is removed for S-1-12-1-2357405129-1281513531-255772574-1816207334, tasks: 0"
"23-06-2026 09:01:27","211","Information","Microsoft-Windows-AppReadiness","App Readiness service has completed tasks for S-1-5-18."
"23-06-2026 09:01:27","220","Information","Microsoft-Windows-AppReadiness","'packageChanges-1' succeeded for S-1-5-18. (0.0560164 seconds)"
"23-06-2026 09:01:27","241","Information","Microsoft-Windows-AppReadiness","Task 'packageChanges-1' is removed for S-1-5-18, tasks: 0"
"23-06-2026 09:01:27","240","Information","Microsoft-Windows-AppReadiness","Task 'install::Microsoft.OneDriveSync_8wekyb3d8bbwe' is added for S-1-12-1-2357405129-1281513531-255772574-1816207334, tasks: 1"
"23-06-2026 09:01:27","238","Information","Microsoft-Windows-AppReadiness","OnDemandRegisterWaitForCompletion returns 0x0."
"23-06-2026 09:01:26","236","Information","Microsoft-Windows-AppReadiness","OnDemandRegisterAsync returns 0x0."
"23-06-2026 09:01:26","109","Information","Microsoft-Windows-AppReadiness","App Readiness service has been notified of new apps. (Source: DISM, Error: The operation completed successfully.)"
"23-06-2026 09:01:26","240","Information","Microsoft-Windows-AppReadiness","Task 'packageChanges-1' is added for S-1-5-18, tasks: 1"
"23-06-2026 09:00:30","220","Information","Microsoft-Windows-AppReadiness","'ART:OemFirstRun' succeeded for S-1-12-1-2357405129-1281513531-255772574-1816207334. (0 seconds)"
"23-06-2026 09:00:30","241","Information","Microsoft-Windows-AppReadiness","Task 'ART:OemFirstRun' is removed for S-1-12-1-2357405129-1281513531-255772574-1816207334, tasks: 0"
"23-06-2026 09:00:30","211","Information","Microsoft-Windows-AppReadiness","App Readiness service has completed tasks for S-1-12-1-2357405129-1281513531-255772574-1816207334."
"23-06-2026 09:00:30","213","Information","Microsoft-Windows-AppReadiness","'Microsoft.MicrosoftOfficeHub_8wekyb3d8bbwe' install succeeded for S-1-12-1-2357405129-1281513531-255772574-1816207334. (7.2401001 seconds)"
"23-06-2026 09:00:30","241","Information","Microsoft-Windows-AppReadiness","Task 'install::Microsoft.MicrosoftOfficeHub_8wekyb3d8bbwe' is removed for S-1-12-1-2357405129-1281513531-255772574-1816207334, tasks: 1"
"23-06-2026 08:59:59","234","Information","Microsoft-Windows-AppReadiness","FWClosePolicyStore returns 0x0."
"23-06-2026 08:59:59","209","Information","Microsoft-Windows-AppReadiness","For 'S-1-12-1-2357405129-1281513531-255772574-1816207334' has changed mode from 'FirstLogon' to 'AfterLogon'"
"23-06-2026 08:59:59","209","Information","Microsoft-Windows-AppReadiness","For 'S-1-12-1-2357405129-1281513531-255772574-1816207334' has changed mode from 'BeforeLogon' to 'FirstLogon'"
"23-06-2026 08:59:59","240","Information","Microsoft-Windows-AppReadiness","Task 'ART:OemFirstRun' is added for S-1-12-1-2357405129-1281513531-255772574-1816207334, tasks: 2"
"23-06-2026 08:59:53","220","Information","Microsoft-Windows-AppReadiness","'ART:UserLogon' succeeded for S-1-12-1-2357405129-1281513531-255772574-1816207334. (0.0092391 seconds)"
