"18-08-2026 10:29:08","1225","Verbose","Microsoft-Windows-PushNotifications-Platform","WNP Transport Layer received command: GET, Trid: 6, Namespace: WNS, CV: yvuJhjqrh0+jpRfU.6.0 containing 353 bytes of payload: 0x436F6E746578743A20323732333466393036666534356633320D0A4D532D43563A207976754A686A717268302B6A705266552E362E300D0A0D0A3C6368616E6E656C2D726573706F6E73653E3C69643E313B333933383039393136333337353639363732353C2F69643E3C6578703E323032362D30392D31375430343A35393A30385A3C2F6578703E3C75726C3E68747470733A2F2F776E73322D6C6E32702E6E6F746966792E77696E646F77732E636F6D2F3F746F6B656E3D417759414141426A734E6975675A6E754B6C484E4A4B767778394D79333147717556393661537230343946324C3777494F37316A4B55436D5555517750477A4C4C6430496547526B3971696E70464A6A5358515264414766762532666E4E684D567836663245253266386D6A706B7131433034426A696E3678594D43324D464238763038306351617943492533643C2F75726C3E3C2F6368616E6E656C2D726573706F6E73653E. IsLongRunning: Data Connection."
"18-08-2026 10:29:08","1268","Verbose","Microsoft-Windows-PushNotifications-Platform","WNP Transport Layer received command: GET, Trid: 5, Namespace: WNS, CV: yvuJhjqrh0+jpRfU.5.0 containing 358 bytes of payload only. However, full payload including header is: 0x474554203520574E53003335380D0A436F6E746578743A20353866316532343563393761633337370D0A4D532D43563A207976754A686A717268302B6A705266552E352E300D0A0D0A3C6368616E6E656C2D726573706F6E73653E3C69643E313B31323631383730333935353032393033393634343C2F69643E3C6578703E323032362D30392D31375430343A35393A30385A3C2F6578703E3C75726C3E68747470733A2F2F776E73322D6C6E32702E6E6F746966792E77696E646F77732E636F6D2F3F746F6B656E3D41775941414144707774627861516D696A635A5738394867687858516A515474475925326275376B2532665A51516F7A53344E7559367176324C54553856766468706B736C78467159437641766D52727643794951456156345A5A583879466732796625326667344147364B6B6A674C742532627244634E7A4D474D445155675A414477443053346641457977764D2533643C2F75726C3E3C2F6368. IsLongRunning: Data Connection."
"18-08-2026 10:29:08","1225","Verbose","Microsoft-Windows-PushNotifications-Platform","WNP Transport Layer received command: GET, Trid: 5, Namespace: WNS, CV: yvuJhjqrh0+jpRfU.5.0 containing 358 bytes of payload: 0x436F6E746578743A20353866316532343563393761633337370D0A4D532D43563A207976754A686A717268302B6A705266552E352E300D0A0D0A3C6368616E6E656C2D726573706F6E73653E3C69643E313B31323631383730333935353032393033393634343C2F69643E3C6578703E323032362D30392D31375430343A35393A30385A3C2F6578703E3C75726C3E68747470733A2F2F776E73322D6C6E32702E6E6F746966792E77696E646F77732E636F6D2F3F746F6B656E3D41775941414144707774627861516D696A635A5738394867687858516A515474475925326275376B2532665A51516F7A53344E7559367176324C54553856766468706B736C78467159437641766D52727643794951456156345A5A583879466732796625326667344147364B6B6A674C742532627244634E7A4D474D445155675A414477443053346641457977764D2533643C2F75726C3E3C2F6368616E6E656C2D726573706F6E73653E. IsLongRunning: Data Connection."
"18-08-2026 10:29:08","1268","Verbose","Microsoft-Windows-PushNotifications-Platform","WNP Transport Layer received command: PUT, Trid: 4, Namespace: WNS, CV: yvuJhjqrh0+jpRfU.4.0 containing 58 bytes of payload only. However, full payload including header is: 0x505554203420574E530035380D0A436F6E746578743A20643330616163383339373534343935620D0A4D532D43563A207976754A686A71726830. IsLongRunning: Data Connection."
"18-08-2026 10:29:08","1225","Verbose","Microsoft-Windows-PushNotifications-Platform","WNP Transport Layer received command: PUT, Trid: 4, Namespace: WNS, CV: yvuJhjqrh0+jpRfU.4.0 containing 58 bytes of payload: 0x436F6E746578743A20643330616163383339373534343935620D0A4D532D43563A207976754A686A717268302B6A705266552E342E300D0A0D0A. IsLongRunning: Data Connection."
"18-08-2026 10:29:07","1267","Verbose","Microsoft-Windows-PushNotifications-Platform","WNP Transport Layer sent command: GET, Trid: 6, Namespace: WNS\CHANNEL 0, CV: yvuJhjqrh0+jpRfU.6 containing 233 bytes of payload only. However, full payload including header is: 0x474554203620574E535C4348414E4E454C2030203230380D0A4D532D43563A207976754A686A717268302B6A705266552E360D0A436F6E746578743A20323732333466393036666534356633320D0A0D0A3C6368616E6E656C3E3C69643E313B333933383039393136333337353639363732353C2F69643E3C6170706B65793E6D6963726F736F6674636F72706F726174696F6E69692E77696E646F777373746F7265776E732E776E736D6D70635F3877656B7962336438626277653C2F6170706B65793E3C70726F706572746965733E303C2F70726F706572746965733E3C2F6368616E6E656C3E. IsLongRunning: Data Connection."
"18-08-2026 10:29:07","1223","Verbose","Microsoft-Windows-PushNotifications-Platform","WNP Transport Layer sent command: GET, Trid: 6, Namespace: WNS\CHANNEL 0, CV: yvuJhjqrh0+jpRfU.6 containing 181 bytes of payload: 0x436F6E746578743A20323732333466393036666534356633320D0A0D0A3C6368616E6E656C3E3C69643E313B333933383039393136333337353639363732353C2F69643E3C6170706B65793E6D6963726F736F6674636F72706F726174696F6E69692E77696E646F777373746F7265776E732E776E736D6D70635F3877656B7962336438626277653C2F6170706B65793E3C70726F706572746965733E303C2F70726F706572746965733E3C2F6368616E6E656C3E. IsLongRunning: Data Connection."
"18-08-2026 10:29:07","1267","Verbose","Microsoft-Windows-PushNotifications-Platform","WNP Transport Layer sent command: GET, Trid: 5, Namespace: WNS\CHANNEL 0, CV: yvuJhjqrh0+jpRfU.5 containing 218 bytes of payload only. However, full payload including header is: 0x474554203520574E535C4348414E4E454C2030203139330D0A4D532D43563A207976754A686A717268302B6A705266552E350D0A436F6E746578743A20353866316532343563393761633337370D0A0D0A3C6368616E6E656C3E3C69643E313B31323631383730333935353032393033393634343C2F69643E3C6170706B65793E313534393477696E646F777373746F7265776E732E776E73696E74756E655F736B637076647438746E7973653C2F6170706B65793E3C70726F706572746965733E303C2F70726F706572746965733E3C2F6368616E6E656C3E. IsLongRunning: Data Connection."
"18-08-2026 10:29:07","1005","Information","Microsoft-Windows-PushNotifications-Platform","The Connection Provider status changed to Connected."
"18-08-2026 10:29:07","1223","Verbose","Microsoft-Windows-PushNotifications-Platform","WNP Transport Layer sent command: GET, Trid: 5, Namespace: WNS\CHANNEL 0, CV: yvuJhjqrh0+jpRfU.5 containing 166 bytes of payload: 0x436F6E746578743A20353866316532343563393761633337370D0A0D0A3C6368616E6E656C3E3C69643E313B31323631383730333935353032393033393634343C2F69643E3C6170706B65793E313534393477696E646F777373746F7265776E732E776E73696E74756E655F736B637076647438746E7973653C2F6170706B65793E3C70726F706572746965733E303C2F70726F706572746965733E3C2F6368616E6E656C3E. IsLongRunning: Data Connection."
"18-08-2026 10:29:07","1005","Information","Microsoft-Windows-PushNotifications-Platform","The Connection Provider status changed to Connected."
"18-08-2026 10:29:07","1005","Information","Microsoft-Windows-PushNotifications-Platform","The Connection Provider status changed to Connected."
"18-08-2026 10:29:07","1267","Verbose","Microsoft-Windows-PushNotifications-Platform","WNP Transport Layer sent command: PUT, Trid: 4, Namespace: WNS\CHALLENGE 0, CV: yvuJhjqrh0+jpRfU.4 containing 190 bytes of payload only. However, full payload including header is: 0x505554203420574E535C4348414C4C454E47452030203136330D0A4D532D43563A207976754A686A717268302B6A705266552E340D0A436F6E746578743A20643330616163383339373534343935620D0A0D0A3C6368616C6C656E67653E3C61707049643E50524F443031323050572143435639403C2F61707049643E3C726573706F6E73653E61323734383161386130366634643066393930623762313436646330313861373C2F726573706F6E73653E3C2F6368616C6C656E67653E. IsLongRunning: Data Connection."
"18-08-2026 10:29:07","1223","Verbose","Microsoft-Windows-PushNotifications-Platform","WNP Transport Layer sent command: PUT, Trid: 4, Namespace: WNS\CHALLENGE 0, CV: yvuJhjqrh0+jpRfU.4 containing 136 bytes of payload: 0x436F6E746578743A20643330616163383339373534343935620D0A0D0A3C6368616C6C656E67653E3C61707049643E50524F443031323050572143435639403C2F61707049643E3C726573706F6E73653E61323734383161386130366634643066393930623762313436646330313861373C2F726573706F6E73653E3C2F6368616C6C656E67653E. IsLongRunning: Data Connection."
"18-08-2026 10:29:07","1005","Information","Microsoft-Windows-PushNotifications-Platform","The Connection Provider status changed to Connected."
"18-08-2026 10:29:07","1264","Information","Microsoft-Windows-PushNotifications-Platform","Adding new user to the Windows Push Notification Service completed. 001880174DE6F7FE [DeviceId] 0 [UserId] 0x0 [ErrorCode]."
"18-08-2026 10:29:07","1268","Verbose","Microsoft-Windows-PushNotifications-Platform","WNP Transport Layer received command: BND, Trid: 3, Namespace: CON, CV: yvuJhjqrh0+jpRfU.3.0 containing 134 bytes of payload only. However, full payload including header is: 0x424E44203320434F4E003133340D0A436F6E746578743A20386663386337356562323031306663360D0A4D532D43563A207976754A686A717268302B6A705266552E332E300D0A0D0A3C776E732D726573706F6E73653E3C7665723E313C2F7665723E3C6E6F6E63653E31313332393139363735323135383732373933393C2F6E6F6E63653E. IsLongRunning: Data Connection."
"18-08-2026 10:29:07","1225","Verbose","Microsoft-Windows-PushNotifications-Platform","WNP Transport Layer received command: BND, Trid: 3, Namespace: CON, CV: yvuJhjqrh0+jpRfU.3.0 containing 134 bytes of payload: 0x436F6E746578743A20386663386337356562323031306663360D0A4D532D43563A207976754A686A717268302B6A705266552E332E300D0A0D0A3C776E732D726573706F6E73653E3C7665723E313C2F7665723E3C6E6F6E63653E31313332393139363735323135383732373933393C2F6E6F6E63653E3C2F776E732D726573706F6E73653E. IsLongRunning: Data Connection."
"18-08-2026 10:29:07","1268","Verbose","Microsoft-Windows-PushNotifications-Platform","WNP Transport Layer received command: ATH, Trid: 2, Namespace: CON, CV: yvuJhjqrh0+jpRfU.2.0 containing 58 bytes of payload only. However, full payload including header is: 0x415448203220434F4E0035380D0A436F6E746578743A20386663386337356562323031306663360D0A4D532D43563A207976754A686A71726830. IsLongRunning: Data Connection."
"18-08-2026 10:29:07","1225","Verbose","Microsoft-Windows-PushNotifications-Platform","WNP Transport Layer received command: ATH, Trid: 2, Namespace: CON, CV: yvuJhjqrh0+jpRfU.2.0 containing 58 bytes of payload: 0x436F6E746578743A20386663386337356562323031306663360D0A4D532D43563A207976754A686A717268302B6A705266552E322E300D0A0D0A. IsLongRunning: Data Connection."
"18-08-2026 10:29:07","1268","Verbose","Microsoft-Windows-PushNotifications-Platform","WNP Transport Layer received command: CNT, Trid: 1, Namespace: CON, CV: yvuJhjqrh0+jpRfU.1.0 containing 237 bytes of payload only. However, full payload including header is: 0x434E54203120434F4E003233370D0A436F6E746578743A20386663386337356562323031306663360D0A4D532D43563A207976754A686A717268302B6A705266552E312E300D0A0D0A3C636F6E6E6563742D726573706F6E73653E3C7665723E313C2F7665723E3C73657373696F6E3E3C69643E4D7470312E3339392F3131373534393038332E36656465323536362D653238622D323631342D336637372D6663633935623862643461643C2F69643E3C74696D656F75743E323030303C2F74696D656F75743E3C2F73657373696F6E3E3C716F73746573743E66616C73653C2F716F73746573743E3C2F636F. IsLongRunning: Data Connection."
"18-08-2026 10:29:07","1225","Verbose","Microsoft-Windows-PushNotifications-Platform","WNP Transport Layer received command: CNT, Trid: 1, Namespace: CON, CV: yvuJhjqrh0+jpRfU.1.0 containing 237 bytes of payload: 0x436F6E746578743A20386663386337356562323031306663360D0A4D532D43563A207976754A686A717268302B6A705266552E312E300D0A0D0A3C636F6E6E6563742D726573706F6E73653E3C7665723E313C2F7665723E3C73657373696F6E3E3C69643E4D7470312E3339392F3131373534393038332E36656465323536362D653238622D323631342D336637372D6663633935623862643461643C2F69643E3C74696D656F75743E323030303C2F74696D656F75743E3C2F73657373696F6E3E3C716F73746573743E66616C73653C2F716F73746573743E3C2F636F6E6E6563742D726573706F6E73653E. IsLongRunning: Data Connection."
"18-08-2026 10:29:07","42","Information","Microsoft-Windows-PushNotifications-Platform","Cloud Notifications must be enabled in GP and MDM to receive push notifications. GroupPolicyValue: true, MDMPolicyValue: true."
"18-08-2026 10:29:07","42","Information","Microsoft-Windows-PushNotifications-Platform","Cloud Notifications must be enabled in GP and MDM to receive push notifications. GroupPolicyValue: true, MDMPolicyValue: true."
"18-08-2026 10:29:07","1267","Verbose","Microsoft-Windows-PushNotifications-Platform","WNP Transport Layer sent command: BND, Trid: 3, Namespace: CON\WNS 0, CV: yvuJhjqrh0+jpRfU.3 containing 233 bytes of payload only. However, full payload including header is: 0x424E44203320434F4E5C574E532030203231320D0A4D532D43563A207976754A686A717268302B6A705266552E330D0A436F6E746578743A20386663386337356562323031306663360D0A0D0A3C776E733E3C7665723E313C2F7665723E3C636C69656E743E3C6E616D653E57504E3C2F6E616D653E3C7665723E312E303C2F7665723E3C2F636C69656E743E3C6F7074696F6E733E3C7077726D6F6465206D6F64653D2230223E3C2F7077726D6F64653E3C2F6F7074696F6E733E3C6C6173744D736749643E363434336438383934666563393937333C2F6C6173744D736749643E3C2F776E733E. IsLongRunning: Data Connection."
"18-08-2026 10:29:07","1223","Verbose","Microsoft-Windows-PushNotifications-Platform","WNP Transport Layer sent command: BND, Trid: 3, Namespace: CON\WNS 0, CV: yvuJhjqrh0+jpRfU.3 containing 185 bytes of payload: 0x436F6E746578743A20386663386337356562323031306663360D0A0D0A3C776E733E3C7665723E313C2F7665723E3C636C69656E743E3C6E616D653E57504E3C2F6E616D653E3C7665723E312E303C2F7665723E3C2F636C69656E743E3C6F7074696F6E733E3C7077726D6F6465206D6F64653D2230223E3C2F7077726D6F64653E3C2F6F7074696F6E733E3C6C6173744D736749643E363434336438383934666563393937333C2F6C6173744D736749643E3C2F776E733E. IsLongRunning: Data Connection."
"18-08-2026 10:29:07","1267","Verbose","Microsoft-Windows-PushNotifications-Platform","WNP Transport Layer sent command: ATH, Trid: 2, Namespace: CON\DEVICE, CV: yvuJhjqrh0+jpRfU.2 containing 1384 bytes of payload only. However, full payload including header is: 0x415448203220434F4E5C44455649434520313336310D0A4D532D43563A207976754A686A717268302B6A705266552E320D0A436F6E746578743A20386663386337356562323031306663360D0A0D0A3C6465766963653E3C636F6D706163742D7469636B65743E743D45774359412B704942414155316244476664617A69446658706A4E354E36635968543177626D5141415148745A546578654276376D6C717774457A35302B5A324A753849476649695A6171456A4936795257476C544E475930512B32373538426D317A546374744B71653262565954626A436F68484A48634E6976302B4D3739504E35763949384753726D4A626C584D4F4F4E722F6F784C49672F56517575634F72763666786B6F552F67593543654A4A7251615246674949756A3945664E32374E6634457464357932596B7678595A7243787A6B7A424B576950627A4934426B4A453754654D694B3752353835347041666E6B743077365461584761686A30322F334174783163646B794853706664425152694676477A494E744A7767312F765473354F776B344844435574565353647155554C536352627142534144593034324B595076774A684977347054676849704E6538666C496648656F673954756D507A32766F374F6D4734477849674D304E575A73464A4E31425534665A55515A674141454A684D64416A634C31667576583149752F4C3033567467416E63377273477054575175727258336C6B5051323649443654444C4F42524F3068356E5A724171336A62597772306E39504B6937466F2F6E30352F794E4B6E742B365066787537492F4F39516F564B4C472B48366375686D46753134744F454B4B4F796951622B42597957736F634249766E43357962474670454E55497A444B6343596A3278702B70614A31423937305869664848756D636779643768353876515A4836575336787674727955753732707861654176364169786D307A55616571394158733332662F7861704C475948694F36564349464A67566E7A5973676F66704B2F61532F4A43595A523276427461615A7658586163613571576E5A36474F6D4B696452374E634776782B3737694C4F3467666146516C73314C516A684A4F72482F56336B476D49393274666C464748342F4D652F4C5072314E453366766554754C574D6E473733755973516C39515473303178737458434537325234634B433369622B784732494F6F737077703837303075584D6938716E446A42645852564454594C432F4A3655306E4B4F2B71716A734E544C6E4D4A517A3536706E66525A414F4959714C654F39716E77357862386E4D313466667061496A61627277702F4F577A6178794E742B4234417745616C707A4F71655A55537162674C4F69664637786975632B56474D51325833772F6D4646765537553847562F6D65304874623053424E774C71744B632F616A715A63346D73746C745068683279427534317442636E7247334A4A796B5379774E6B527A677A535A6D76536949577573663652376931616837316258544F6133654A516A6863534E69427675666C4E664C3764683938374C716E48303648454177785754477A59597855754F7A7A4333344E52727631326C783754363643345172513547726D7A58526B71454E342B6553343945684C685743767375446B6F6F4B3243334976625355706765435645413567764B4A4532502F435031596455736669374275524C694D794A69616D74376E765A764B593575456543784D75766B45794D30417A30765242316653423635316474485268386D476D6233726A39684B48736338494E7844304445485A50766C697A5A2B624D2B4435726B77493D3C2F636F6D706163742D7469636B65743E3C69643E303031383830313734444536463746453C2F69643E3C2F6465766963653E. IsLongRunning: Data Connection."
"18-08-2026 10:29:07","1223","Verbose","Microsoft-Windows-PushNotifications-Platform","WNP Transport Layer sent command: ATH, Trid: 2, Namespace: CON\DEVICE, CV: yvuJhjqrh0+jpRfU.2 containing 1334 bytes of payload: 0x436F6E746578743A20386663386337356562323031306663360D0A0D0A3C6465766963653E3C636F6D706163742D7469636B65743E743D45774359412B704942414155316244476664617A69446658706A4E354E36635968543177626D5141415148745A546578654276376D6C717774457A35302B5A324A753849476649695A6171456A4936795257476C544E475930512B32373538426D317A546374744B71653262565954626A436F68484A48634E6976302B4D3739504E35763949384753726D4A626C584D4F4F4E722F6F784C49672F56517575634F72763666786B6F552F67593543654A4A7251615246674949756A3945664E32374E6634457464357932596B7678595A7243787A6B7A424B576950627A4934426B4A453754654D694B3752353835347041666E6B743077365461584761686A30322F334174783163646B794853706664425152694676477A494E744A7767312F765473354F776B344844435574565353647155554C536352627142534144593034324B595076774A684977347054676849704E6538666C496648656F673954756D507A32766F374F6D4734477849674D304E575A73464A4E31425534665A55515A674141454A684D64416A634C31667576583149752F4C3033567467416E63377273477054575175727258336C6B5051323649443654444C4F42524F3068356E5A724171336A62597772306E39504B6937466F2F6E30352F794E4B6E742B365066787537492F4F39516F564B4C472B48366375686D46753134744F454B4B4F796951622B42597957736F634249766E43357962474670454E55497A444B6343596A3278702B70614A31423937305869664848756D636779643768353876515A4836575336787674727955753732707861654176364169786D307A55616571394158733332662F7861704C475948694F36564349464A67566E7A5973676F66704B2F61532F4A43595A523276427461615A7658586163613571576E5A36474F6D4B696452374E634776782B3737694C4F3467666146516C73314C516A684A4F72482F56336B476D49393274666C464748342F4D652F4C5072314E453366766554754C574D6E473733755973516C39515473303178737458434537325234634B433369622B784732494F6F737077703837303075584D6938716E446A42645852564454594C432F4A3655306E4B4F2B71716A734E544C6E4D4A517A3536706E66525A414F4959714C654F39716E77357862386E4D313466667061496A61627277702F4F577A6178794E742B4234417745616C707A4F71655A55537162674C4F69664637786975632B56474D51325833772F6D4646765537553847562F6D65304874623053424E774C71744B632F616A715A63346D73746C745068683279427534317442636E7247334A4A796B5379774E6B527A677A535A6D76536949577573663652376931616837316258544F6133654A516A6863534E69427675666C4E664C3764683938374C716E48303648454177785754477A59597855754F7A7A4333344E52727631326C783754363643345172513547726D7A58526B71454E342B6553343945684C685743767375446B6F6F4B3243334976625355706765435645413567764B4A4532502F435031596455736669374275524C694D794A69616D74376E765A764B593575456543784D75766B45794D30417A30765242316653423635316474485268386D476D6233726A39684B48736338494E7844304445485A50766C697A5A2B624D2B4435726B77493D3C2F636F6D706163742D7469636B65743E3C69643E303031383830313734444536463746453C2F69643E3C2F6465766963653E. IsLongRunning: Data Connection."
"18-08-2026 10:29:07","1267","Verbose","Microsoft-Windows-PushNotifications-Platform","WNP Transport Layer sent command: CNT, Trid: 1, Namespace: CON, CV: yvuJhjqrh0+jpRfU.1 containing 363 bytes of payload only. However, full payload including header is: 0x434E54203120434F4E203334380D0A4D532D43563A207976754A686A717268302B6A705266552E310D0A436F6E746578743A20386663386337356562323031306663360D0A0D0A3C636F6E6E6563743E3C7665723E323C2F7665723E3C6167656E743E3C6F733E57696E646F77733C2F6F733E3C6F735665723E31302E302E302E302E32363130302E383839333C2F6F735665723E3C70726F633E7836343C2F70726F633E3C6C6369643E656E2D494E3C2F6C6369643E3C67656F49643E3131333C2F67656F49643E3C616F61633E313C2F616F61633E3C646576696365547970653E323C2F646576696365547970653E3C6465766963654E616D653E303031383830313734444536463746453C2F6465766963654E616D653E3C666F6C6C6F7752657472793E747275653C2F666F6C6C6F7752657472793E3C2F6167656E743E3C6E6574776F726B3E3C776966693E3C2F776966693E3C2F6E6574776F726B3E3C2F636F6E6E6563743E. IsLongRunning: Data Connection."
"18-08-2026 10:29:07","1223","Verbose","Microsoft-Windows-PushNotifications-Platform","WNP Transport Layer sent command: CNT, Trid: 1, Namespace: CON, CV: yvuJhjqrh0+jpRfU.1 containing 321 bytes of payload: 0x436F6E746578743A20386663386337356562323031306663360D0A0D0A3C636F6E6E6563743E3C7665723E323C2F7665723E3C6167656E743E3C6F733E57696E646F77733C2F6F733E3C6F735665723E31302E302E302E302E32363130302E383839333C2F6F735665723E3C70726F633E7836343C2F70726F633E3C6C6369643E656E2D494E3C2F6C6369643E3C67656F49643E3131333C2F67656F49643E3C616F61633E313C2F616F61633E3C646576696365547970653E323C2F646576696365547970653E3C6465766963654E616D653E303031383830313734444536463746453C2F6465766963654E616D653E3C666F6C6C6F7752657472793E747275653C2F666F6C6C6F7752657472793E3C2F6167656E743E3C6E6574776F726B3E3C776966693E3C2F776966693E3C2F6E6574776F726B3E3C2F636F6E6E6563743E. IsLongRunning: Data Connection."
"18-08-2026 10:29:07","1113","Information","Microsoft-Windows-PushNotifications-Platform","Device Compact Ticket request completed with Device Id 001880174DE6F7FE for the Data Connection."
"18-08-2026 10:29:07","1218","Information","Microsoft-Windows-PushNotifications-Platform","WNP Transport Layer TLS negotiation completed for the Data Connection with code The operation completed successfully.."
"18-08-2026 10:29:07","1257","Information","Microsoft-Windows-PushNotifications-Platform","WNP Transport Layer for Data Connection called InitializeSecurityContext and got return code 0x0."
"18-08-2026 10:29:07","1257","Information","Microsoft-Windows-PushNotifications-Platform","WNP Transport Layer for Data Connection called InitializeSecurityContext and got return code 0x90312."
"18-08-2026 10:29:07","1257","Information","Microsoft-Windows-PushNotifications-Platform","WNP Transport Layer for Data Connection called InitializeSecurityContext and got return code 0x80090318."
"18-08-2026 10:29:07","1257","Information","Microsoft-Windows-PushNotifications-Platform","WNP Transport Layer for Data Connection called InitializeSecurityContext and got return code 0x90312."
"18-08-2026 10:29:07","1217","Information","Microsoft-Windows-PushNotifications-Platform","WNP Transport Layer TLS negotiation initiated for the Data Connection."
"18-08-2026 10:29:07","1212","Information","Microsoft-Windows-PushNotifications-Platform","WNP Transport Layer initial server connection completed to server client.wns.windows.com on port 443 for the Data Connection."
"18-08-2026 10:29:07","1211","Information","Microsoft-Windows-PushNotifications-Platform","WNP Transport Layer initial server connection initiated to server client.wns.windows.com on port 443 for the Data Connection."
"18-08-2026 10:29:07","1208","Information","Microsoft-Windows-PushNotifications-Platform","WNP Transport Layer resolving DNS completed for the Data Connection with code The operation completed successfully.."
"18-08-2026 10:29:06","1207","Information","Microsoft-Windows-PushNotifications-Platform","WNP Transport Layer resolving DNS initiated for host client.wns.windows.com for the Data Connection."
"18-08-2026 10:29:06","1254","Information","Microsoft-Windows-PushNotifications-Platform","WNP Transport Layer for Data Connection detected preferred interface change. Old index 0, old address family 0. New index 12, new address family 2, NDIS_PHYSICAL_MEDIUM 9."
"18-08-2026 10:29:06","1113","Information","Microsoft-Windows-PushNotifications-Platform","Device Compact Ticket request completed with Device Id 001880174DE6F7FE for the Data Connection."
"18-08-2026 10:29:06","1022","Information","Microsoft-Windows-PushNotifications-Platform","ConnectWork is requesting ConnectionManager to connect."
"18-08-2026 10:29:06","1025","Information","Microsoft-Windows-PushNotifications-Platform","A Power event was fired: OpportunisticConnectedStandbyStateChange [PowerEventType] false [Enabled]."
"18-08-2026 10:29:06","1025","Information","Microsoft-Windows-PushNotifications-Platform","A Power event was fired: MonitorSettingChange [PowerEventType] true [Enabled]."
"18-08-2026 10:29:06","1025","Information","Microsoft-Windows-PushNotifications-Platform","A Power event was fired: ACPowerChange [PowerEventType] true [Enabled]."
"18-08-2026 10:29:06","1025","Information","Microsoft-Windows-PushNotifications-Platform","A Power event was fired: BatterySaverStateChange [PowerEventType] false [Enabled]."
"18-08-2026 10:29:06","37","Information","Microsoft-Windows-PushNotifications-Platform","The Windows Push Notification Platform is required to connect on startup, ValidChannelsExist : true."
"18-08-2026 10:29:06","42","Information","Microsoft-Windows-PushNotifications-Platform","Cloud Notifications must be enabled in GP and MDM to receive push notifications. GroupPolicyValue: true, MDMPolicyValue: true."
"18-08-2026 10:28:22","1024","Information","Microsoft-Windows-PushNotifications-Platform","Internet connection status changed to false, submitting pending workitems: count = 1."
"18-08-2026 10:28:21","1240","Information","Microsoft-Windows-PushNotifications-Platform","WNP Keep Alive Detector stopping KA measurement"
"18-08-2026 10:28:21","1024","Information","Microsoft-Windows-PushNotifications-Platform","Internet connection status changed to false, submitting pending workitems: count = 1."
"18-08-2026 10:28:21","1023","Information","Microsoft-Windows-PushNotifications-Platform","No internet connection available, ConnectWork is queued for next network status change."
"18-08-2026 10:28:21","37","Information","Microsoft-Windows-PushNotifications-Platform","The Windows Push Notification Platform is required to connect on startup, ValidChannelsExist : true."
"18-08-2026 10:28:21","1005","Information","Microsoft-Windows-PushNotifications-Platform","The Connection Provider status changed to Disconnected."
"18-08-2026 10:28:21","42","Information","Microsoft-Windows-PushNotifications-Platform","Cloud Notifications must be enabled in GP and MDM to receive push notifications. GroupPolicyValue: true, MDMPolicyValue: true."
"18-08-2026 10:28:21","1246","Warning","Microsoft-Windows-PushNotifications-Platform","WNP Transport Layer was disconnected from the Windows Push Notification Service due to a loss of network connectivity."
"18-08-2026 10:28:21","1254","Information","Microsoft-Windows-PushNotifications-Platform","WNP Transport Layer for Data Connection detected preferred interface change. Old index 12, old address family 2. New index 0, new address family 0, NDIS_PHYSICAL_MEDIUM 0."
"18-08-2026 10:28:03","1265","Information","Microsoft-Windows-PushNotifications-Platform","Removing existing user from the Windows Push Notification Service completed. 001880174DE6F7FE [DeviceId] 17056889 [UserId] 0x0 [ErrorCode]."
"18-08-2026 10:28:03","1268","Verbose","Microsoft-Windows-PushNotifications-Platform","WNP Transport Layer received command: UBD, Trid: 9, Namespace: CON, CV: tpwPHNzy5U6hBWwt.9.0 containing 82 bytes of payload only. However, full payload including header is: 0x554244203920434F4E0038320D0A436F6E746578743A20616134343063313364343030633237610D0A4D532D43563A2074707750484E7A7935553668425777742E392E300D0A0D0A48656B587A726A625845. IsLongRunning: Data Connection."
"18-08-2026 10:28:03","1225","Verbose","Microsoft-Windows-PushNotifications-Platform","WNP Transport Layer received command: UBD, Trid: 9, Namespace: CON, CV: tpwPHNzy5U6hBWwt.9.0 containing 82 bytes of payload: 0x436F6E746578743A20616134343063313364343030633237610D0A4D532D43563A2074707750484E7A7935553668425777742E392E300D0A0D0A48656B587A726A625845324465413357384E46335A672E30. IsLongRunning: Data Connection."
"18-08-2026 10:28:03","1267","Verbose","Microsoft-Windows-PushNotifications-Platform","WNP Transport Layer sent command: UBD, Trid: 9, Namespace: CON\WNS 1044479, CV: tpwPHNzy5U6hBWwt.9 containing 82 bytes of payload only. However, full payload including header is: 0x554244203920434F4E5C574E5320313034343437392035360D0A4D532D43563A2074707750484E7A7935553668425777742E390D0A436F6E746578743A20616134343063313364343030633237610D0A0D0A. IsLongRunning: Data Connection."
"18-08-2026 10:28:03","1223","Verbose","Microsoft-Windows-PushNotifications-Platform","WNP Transport Layer sent command: UBD, Trid: 9, Namespace: CON\WNS 1044479, CV: tpwPHNzy5U6hBWwt.9 containing 29 bytes of payload: 0x436F6E746578743A20616134343063313364343030633237610D0A0D0A. IsLongRunning: Data Connection."
"18-08-2026 10:28:03","1262","Information","Microsoft-Windows-PushNotifications-Platform","Removing existing user from the Windows Push Notification Service. 001880174DE6F7FE [DeviceId] 17056889 [UserId] 2 [UserType]."
"18-08-2026 10:28:03","3049","Information","Microsoft-Windows-PushNotifications-Platform","Endpoint 0x0 is being cleanedup"
"18-08-2026 10:27:30","3053","Information","Microsoft-Windows-PushNotifications-Platform","badge with notification tracking id 8051 is being delivered to Microsoft.Todos_8wekyb3d8bbwe!App."
"18-08-2026 10:27:30","2418","Information","Microsoft-Windows-PushNotifications-Platform","A local notification was submitted to threadpool: Microsoft.Todos_8wekyb3d8bbwe!App [AppUserModelId] badge [NotificationType] 8051 [NotificationTrackingId] Local [NotificationSource]."
"18-08-2026 10:27:30","2416","Information","Microsoft-Windows-PushNotifications-Platform","A local notification was received from Microsoft.Todos_8wekyb3d8bbwe!App [AppUserModelId] with a 0 [NotificationId] through an application endpoint."
"18-08-2026 10:27:30","2418","Information","Microsoft-Windows-PushNotifications-Platform","A local notification was submitted to threadpool: Microsoft.Todos_8wekyb3d8bbwe!App [AppUserModelId] tile [NotificationType] 8050 [NotificationTrackingId] Local [NotificationSource]."
"18-08-2026 10:27:30","2416","Information","Microsoft-Windows-PushNotifications-Platform","A local notification was received from Microsoft.Todos_8wekyb3d8bbwe!App [AppUserModelId] with a 0 [NotificationId] through an application endpoint."
"18-08-2026 10:27:20","1268","Verbose","Microsoft-Windows-PushNotifications-Platform","WNP Transport Layer received command: PNG, Trid: 8, Namespace: CON, CV: tpwPHNzy5U6hBWwt.8.0 containing 125 bytes of payload only. However, full payload including header is: 0x504E47203820434F4E003132350D0A4D532D43563A2074707750484E7A7935553668425777742E382E300D0A0D0A3C70696E672D726573706F6E73653E3C776169743E34373C2F776169743E3C636F6E6E656374696F6E2D7374617475733E436F6E6E65637465643C2F636F6E6E656374696F6E2D7374617475733E3C. IsLongRunning: Data Connection."
"18-08-2026 10:27:20","1225","Verbose","Microsoft-Windows-PushNotifications-Platform","WNP Transport Layer received command: PNG, Trid: 8, Namespace: CON, CV: tpwPHNzy5U6hBWwt.8.0 containing 125 bytes of payload: 0x4D532D43563A2074707750484E7A7935553668425777742E382E300D0A0D0A3C70696E672D726573706F6E73653E3C776169743E34373C2F776169743E3C636F6E6E656374696F6E2D7374617475733E436F6E6E65637465643C2F636F6E6E656374696F6E2D7374617475733E3C2F70696E672D726573706F6E73653E. IsLongRunning: Data Connection."
"18-08-2026 10:27:20","1267","Verbose","Microsoft-Windows-PushNotifications-Platform","WNP Transport Layer sent command: PNG, Trid: 8, Namespace: CON, CV: tpwPHNzy5U6hBWwt.8 containing 70 bytes of payload only. However, full payload including header is: 0x504E47203820434F4E2035360D0A4D532D43563A2074707750484E7A7935553668425777742E380D0A436F6E746578743A20316439383939386432663562313839310D0A0D0A. IsLongRunning: Data Connection."
"18-08-2026 10:27:20","1223","Verbose","Microsoft-Windows-PushNotifications-Platform","WNP Transport Layer sent command: PNG, Trid: 8, Namespace: CON, CV: tpwPHNzy5U6hBWwt.8 containing 29 bytes of payload: 0x436F6E746578743A20316439383939386432663562313839310D0A0D0A. IsLongRunning: Data Connection."
"18-08-2026 10:27:07","42","Information","Microsoft-Windows-PushNotifications-Platform","Cloud Notifications must be enabled in GP and MDM to receive push notifications. GroupPolicyValue: true, MDMPolicyValue: true."
"18-08-2026 10:26:53","42","Information","Microsoft-Windows-PushNotifications-Platform","Cloud Notifications must be enabled in GP and MDM to receive push notifications. GroupPolicyValue: true, MDMPolicyValue: true."
"18-08-2026 10:24:14","3053","Information","Microsoft-Windows-PushNotifications-Platform","badge with notification tracking id 8049 is being delivered to Microsoft.Todos_8wekyb3d8bbwe!App."
"18-08-2026 10:24:14","2418","Information","Microsoft-Windows-PushNotifications-Platform","A local notification was submitted to threadpool: Microsoft.Todos_8wekyb3d8bbwe!App [AppUserModelId] badge [NotificationType] 8049 [NotificationTrackingId] Local [NotificationSource]."
"18-08-2026 10:24:14","2416","Information","Microsoft-Windows-PushNotifications-Platform","A local notification was received from Microsoft.Todos_8wekyb3d8bbwe!App [AppUserModelId] with a 0 [NotificationId] through an application endpoint."
"18-08-2026 10:24:14","2418","Information","Microsoft-Windows-PushNotifications-Platform","A local notification was submitted to threadpool: Microsoft.Todos_8wekyb3d8bbwe!App [AppUserModelId] tile [NotificationType] 8048 [NotificationTrackingId] Local [NotificationSource]."
"18-08-2026 10:24:14","2416","Information","Microsoft-Windows-PushNotifications-Platform","A local notification was received from Microsoft.Todos_8wekyb3d8bbwe!App [AppUserModelId] with a 0 [NotificationId] through an application endpoint."
"18-08-2026 10:18:51","42","Information","Microsoft-Windows-PushNotifications-Platform","Cloud Notifications must be enabled in GP and MDM to receive push notifications. GroupPolicyValue: true, MDMPolicyValue: true."
"18-08-2026 10:18:46","42","Information","Microsoft-Windows-PushNotifications-Platform","Cloud Notifications must be enabled in GP and MDM to receive push notifications. GroupPolicyValue: true, MDMPolicyValue: true."
"18-08-2026 10:14:59","3049","Information","Microsoft-Windows-PushNotifications-Platform","Endpoint 0x0 is being cleanedup"
"18-08-2026 10:14:59","3153","Information","Microsoft-Windows-PushNotifications-Platform","Toast with notification tracking id 8047 is delivered to Microsoft.Office.OUTLOOK.EXE.15 on session 1."
"18-08-2026 10:14:59","3052","Information","Microsoft-Windows-PushNotifications-Platform","Toast with notification tracking id 8047 is being delivered to Microsoft.Office.OUTLOOK.EXE.15 on session 1."
"18-08-2026 10:14:59","2418","Information","Microsoft-Windows-PushNotifications-Platform","A local notification was submitted to threadpool: Microsoft.Office.OUTLOOK.EXE.15 [AppUserModelId] toast [NotificationType] 8047 [NotificationTrackingId] Local [NotificationSource]."
"18-08-2026 10:14:59","2416","Information","Microsoft-Windows-PushNotifications-Platform","A local notification was received from Microsoft.Office.OUTLOOK.EXE.15 [AppUserModelId] with a 0 [NotificationId] through an application endpoint."
"18-08-2026 10:09:05","1025","Information","Microsoft-Windows-PushNotifications-Platform","A Power event was fired: MonitorSettingChange [PowerEventType] true [Enabled]."
"18-08-2026 10:09:05","1025","Information","Microsoft-Windows-PushNotifications-Platform","A Power event was fired: MonitorSettingChange [PowerEventType] true [Enabled]."
"18-08-2026 10:09:02","42","Information","Microsoft-Windows-PushNotifications-Platform","Cloud Notifications must be enabled in GP and MDM to receive push notifications. GroupPolicyValue: true, MDMPolicyValue: true."
"18-08-2026 10:01:24","3053","Information","Microsoft-Windows-PushNotifications-Platform","badge with notification tracking id 8046 is being delivered to Microsoft.Todos_8wekyb3d8bbwe!App."
"18-08-2026 10:01:24","2418","Information","Microsoft-Windows-PushNotifications-Platform","A local notification was submitted to threadpool: Microsoft.Todos_8wekyb3d8bbwe!App [AppUserModelId] badge [NotificationType] 8046 [NotificationTrackingId] Local [NotificationSource]."
"18-08-2026 10:01:24","2416","Information","Microsoft-Windows-PushNotifications-Platform","A local notification was received from Microsoft.Todos_8wekyb3d8bbwe!App [AppUserModelId] with a 0 [NotificationId] through an application endpoint."
"18-08-2026 10:01:24","2418","Information","Microsoft-Windows-PushNotifications-Platform","A local notification was submitted to threadpool: Microsoft.Todos_8wekyb3d8bbwe!App [AppUserModelId] tile [NotificationType] 8045 [NotificationTrackingId] Local [NotificationSource]."
"18-08-2026 10:01:24","2416","Information","Microsoft-Windows-PushNotifications-Platform","A local notification was received from Microsoft.Todos_8wekyb3d8bbwe!App [AppUserModelId] with a 0 [NotificationId] through an application endpoint."
"18-08-2026 10:01:20","1268","Verbose","Microsoft-Windows-PushNotifications-Platform","WNP Transport Layer received command: PNG, Trid: 7, Namespace: CON, CV: tpwPHNzy5U6hBWwt.7.0 containing 125 bytes of payload only. However, full payload including header is: 0x504E47203720434F4E003132350D0A4D532D43563A2074707750484E7A7935553668425777742E372E300D0A0D0A3C70696E672D726573706F6E73653E3C776169743E34363C2F776169743E3C636F6E6E656374696F6E2D7374617475733E436F6E6E65637465643C2F636F6E6E656374696F6E2D7374617475733E3C. IsLongRunning: Data Connection."
"18-08-2026 10:01:20","1225","Verbose","Microsoft-Windows-PushNotifications-Platform","WNP Transport Layer received command: PNG, Trid: 7, Namespace: CON, CV: tpwPHNzy5U6hBWwt.7.0 containing 125 bytes of payload: 0x4D532D43563A2074707750484E7A7935553668425777742E372E300D0A0D0A3C70696E672D726573706F6E73653E3C776169743E34363C2F776169743E3C636F6E6E656374696F6E2D7374617475733E436F6E6E65637465643C2F636F6E6E656374696F6E2D7374617475733E3C2F70696E672D726573706F6E73653E. IsLongRunning: Data Connection."
"18-08-2026 10:01:20","1267","Verbose","Microsoft-Windows-PushNotifications-Platform","WNP Transport Layer sent command: PNG, Trid: 7, Namespace: CON, CV: tpwPHNzy5U6hBWwt.7 containing 70 bytes of payload only. However, full payload including header is: 0x504E47203720434F4E2035360D0A4D532D43563A2074707750484E7A7935553668425777742E370D0A436F6E746578743A20623439386635643063323763633663330D0A0D0A. IsLongRunning: Data Connection."
"18-08-2026 10:01:20","1223","Verbose","Microsoft-Windows-PushNotifications-Platform","WNP Transport Layer sent command: PNG, Trid: 7, Namespace: CON, CV: tpwPHNzy5U6hBWwt.7 containing 29 bytes of payload: 0x436F6E746578743A20623439386635643063323763633663330D0A0D0A. IsLongRunning: Data Connection."
"18-08-2026 09:59:06","2414","Information","Microsoft-Windows-PushNotifications-Platform","An application resgistration was updated with the following parameters: Microsoft.WindowsStore_22607.1401.3.0_x64__8wekyb3d8bbwe [PackageFullName] Microsoft.WindowsStore_8wekyb3d8bbwe!StoreCLI [AppUserModelId] 0x4007F00 [Settings] 268435456 [AppType] The operation completed successfully. [ErrorCode]."
"18-08-2026 09:59:06","2414","Information","Microsoft-Windows-PushNotifications-Platform","An application resgistration was updated with the following parameters: Microsoft.WindowsStore_22607.1401.3.0_x64__8wekyb3d8bbwe [PackageFullName] Microsoft.WindowsStore_8wekyb3d8bbwe!StoreDesktopExtension [AppUserModelId] 0x4007F00 [Settings] 268435456 [AppType] The operation completed successfully. [ErrorCode]."
"18-08-2026 09:59:06","2414","Information","Microsoft-Windows-PushNotifications-Platform","An application resgistration was updated with the following parameters: Microsoft.WindowsStore_22607.1401.3.0_x64__8wekyb3d8bbwe [PackageFullName] Microsoft.WindowsStore_8wekyb3d8bbwe!App [AppUserModelId] 0x4007F00 [Settings] 268435456 [AppType] The operation completed successfully. [ErrorCode]."
"18-08-2026 09:50:55","42","Information","Microsoft-Windows-PushNotifications-Platform","Cloud Notifications must be enabled in GP and MDM to receive push notifications. GroupPolicyValue: true, MDMPolicyValue: true."
"18-08-2026 09:50:55","3053","Information","Microsoft-Windows-PushNotifications-Platform","badge with notification tracking id 8044 is being delivered to Microsoft.Todos_8wekyb3d8bbwe!App."
"18-08-2026 09:50:55","2418","Information","Microsoft-Windows-PushNotifications-Platform","A local notification was submitted to threadpool: Microsoft.Todos_8wekyb3d8bbwe!App [AppUserModelId] badge [NotificationType] 8044 [NotificationTrackingId] Local [NotificationSource]."
"18-08-2026 09:50:55","2416","Information","Microsoft-Windows-PushNotifications-Platform","A local notification was received from Microsoft.Todos_8wekyb3d8bbwe!App [AppUserModelId] with a 0 [NotificationId] through an application endpoint."
"18-08-2026 09:50:55","2418","Information","Microsoft-Windows-PushNotifications-Platform","A local notification was submitted to threadpool: Microsoft.Todos_8wekyb3d8bbwe!App [AppUserModelId] tile [NotificationType] 8043 [NotificationTrackingId] Local [NotificationSource]."
"18-08-2026 09:50:55","2416","Information","Microsoft-Windows-PushNotifications-Platform","A local notification was received from Microsoft.Todos_8wekyb3d8bbwe!App [AppUserModelId] with a 0 [NotificationId] through an application endpoint."
"18-08-2026 09:46:01","42","Information","Microsoft-Windows-PushNotifications-Platform","Cloud Notifications must be enabled in GP and MDM to receive push notifications. GroupPolicyValue: true, MDMPolicyValue: true."
"18-08-2026 09:44:56","3049","Information","Microsoft-Windows-PushNotifications-Platform","Endpoint 0x0 is being cleanedup"
"18-08-2026 09:43:42","1025","Information","Microsoft-Windows-PushNotifications-Platform","A Power event was fired: MonitorSettingChange [PowerEventType] false [Enabled]."
"18-08-2026 09:43:42","1025","Information","Microsoft-Windows-PushNotifications-Platform","A Power event was fired: MonitorSettingChange [PowerEventType] false [Enabled]."
"18-08-2026 09:43:02","3049","Information","Microsoft-Windows-PushNotifications-Platform","Endpoint 0x0 is being cleanedup"
"18-08-2026 09:42:55","2003","Information","Microsoft-Windows-PushNotifications-Platform","The channel table has updated a channel mapping: 1;5271028920161047401 [ChannelId] Microsoft.Windows.PushToInstall [AppUserModelId] The operation completed successfully. [ErrorCode]."
"18-08-2026 09:42:55","1268","Verbose","Microsoft-Windows-PushNotifications-Platform","WNP Transport Layer received command: GET, Trid: 6, Namespace: WNS, CV: tpwPHNzy5U6hBWwt.6.0 containing 354 bytes of payload only. However, full payload including header is: 0x474554203620574E53003335340D0A436F6E746578743A206438326361633138373933386436390D0A4D532D43563A2074707750484E7A7935553668425777742E362E300D0A0D0A3C6368616E6E656C2D726573706F6E73653E3C69643E313B353237313032383932303136313034373430313C2F69643E3C6578703E323032362D30392D31375430343A31323A35355A3C2F6578703E3C75726C3E68747470733A2F2F776E73322D706E31702E6E6F746966792E77696E646F77732E636F6D2F3F746F6B656E3D417759414141435874596263326B6151253266753143464376476A50755031253266694232556E4C4A7655596563386F70745549697730516D6E6C574E656776776B507854364C4E5A503553436C533061656D52347941577174634F78336E6D5333505A313231344F376B75454A71585439537030334739454832595A4C705425326641526849634B644C34302533643C2F75726C3E3C2F6368. IsLongRunning: Data Connection."
"18-08-2026 09:42:55","1225","Verbose","Microsoft-Windows-PushNotifications-Platform","WNP Transport Layer received command: GET, Trid: 6, Namespace: WNS, CV: tpwPHNzy5U6hBWwt.6.0 containing 354 bytes of payload: 0x436F6E746578743A206438326361633138373933386436390D0A4D532D43563A2074707750484E7A7935553668425777742E362E300D0A0D0A3C6368616E6E656C2D726573706F6E73653E3C69643E313B353237313032383932303136313034373430313C2F69643E3C6578703E323032362D30392D31375430343A31323A35355A3C2F6578703E3C75726C3E68747470733A2F2F776E73322D706E31702E6E6F746966792E77696E646F77732E636F6D2F3F746F6B656E3D417759414141435874596263326B6151253266753143464376476A50755031253266694232556E4C4A7655596563386F70745549697730516D6E6C574E656776776B507854364C4E5A503553436C533061656D52347941577174634F78336E6D5333505A313231344F376B75454A71585439537030334739454832595A4C705425326641526849634B644C34302533643C2F75726C3E3C2F6368616E6E656C2D726573706F6E73653E. IsLongRunning: Data Connection."
"18-08-2026 09:42:55","1267","Verbose","Microsoft-Windows-PushNotifications-Platform","WNP Transport Layer sent command: GET, Trid: 6, Namespace: WNS\CHANNEL 0, CV: tpwPHNzy5U6hBWwt.6 containing 217 bytes of payload only. However, full payload including header is: 0x474554203620574E535C4348414E4E454C2030203139320D0A4D532D43563A2074707750484E7A7935553668425777742E360D0A436F6E746578743A206438326361633138373933386436390D0A0D0A3C6368616E6E656C3E3C69643E313B353237313032383932303136313034373430313C2F69643E3C6170706B65793E6D6963726F736F66742E77696E646F77732E70757368746F696E7374616C6C5F6377356E3168327478796577793C2F6170706B65793E3C70726F706572746965733E303C2F70726F706572746965733E3C2F6368616E6E656C3E. IsLongRunning: Data Connection."
"18-08-2026 09:42:55","1223","Verbose","Microsoft-Windows-PushNotifications-Platform","WNP Transport Layer sent command: GET, Trid: 6, Namespace: WNS\CHANNEL 0, CV: tpwPHNzy5U6hBWwt.6 containing 165 bytes of payload: 0x436F6E746578743A206438326361633138373933386436390D0A0D0A3C6368616E6E656C3E3C69643E313B353237313032383932303136313034373430313C2F69643E3C6170706B65793E6D6963726F736F66742E77696E646F77732E70757368746F696E7374616C6C5F6377356E3168327478796577793C2F6170706B65793E3C70726F706572746965733E303C2F70726F706572746965733E3C2F6368616E6E656C3E. IsLongRunning: Data Connection."
"18-08-2026 09:42:55","1005","Information","Microsoft-Windows-PushNotifications-Platform","The Connection Provider status changed to Connected."
"18-08-2026 09:42:55","42","Information","Microsoft-Windows-PushNotifications-Platform","Cloud Notifications must be enabled in GP and MDM to receive push notifications. GroupPolicyValue: true, MDMPolicyValue: true."
"18-08-2026 09:42:54","42","Information","Microsoft-Windows-PushNotifications-Platform","Cloud Notifications must be enabled in GP and MDM to receive push notifications. GroupPolicyValue: true, MDMPolicyValue: true."
"18-08-2026 09:42:49","1024","Information","Microsoft-Windows-PushNotifications-Platform","Internet connection status changed to true, submitting pending workitems: count = 0."
"18-08-2026 09:42:49","1024","Information","Microsoft-Windows-PushNotifications-Platform","Internet connection status changed to true, submitting pending workitems: count = 0."
"18-08-2026 09:42:46","42","Information","Microsoft-Windows-PushNotifications-Platform","Cloud Notifications must be enabled in GP and MDM to receive push notifications. GroupPolicyValue: true, MDMPolicyValue: true."
"18-08-2026 09:42:38","1024","Information","Microsoft-Windows-PushNotifications-Platform","Internet connection status changed to true, submitting pending workitems: count = 0."
"18-08-2026 09:42:38","1024","Information","Microsoft-Windows-PushNotifications-Platform","Internet connection status changed to true, submitting pending workitems: count = 0."
"18-08-2026 09:41:15","1024","Information","Microsoft-Windows-PushNotifications-Platform","Internet connection status changed to true, submitting pending workitems: count = 0."
"18-08-2026 09:41:15","1024","Information","Microsoft-Windows-PushNotifications-Platform","Internet connection status changed to true, submitting pending workitems: count = 0."
"18-08-2026 09:41:14","1005","Information","Microsoft-Windows-PushNotifications-Platform","The Connection Provider status changed to Connected."
"18-08-2026 09:41:14","1264","Information","Microsoft-Windows-PushNotifications-Platform","Adding new user to the Windows Push Notification Service completed. 001880174DE6F7FE [DeviceId] 17056889 [UserId] 0x0 [ErrorCode]."
"18-08-2026 09:41:14","1268","Verbose","Microsoft-Windows-PushNotifications-Platform","WNP Transport Layer received command: BND, Trid: 5, Namespace: CON, CV: tpwPHNzy5U6hBWwt.5.0 containing 134 bytes of payload only. However, full payload including header is: 0x424E44203520434F4E003133340D0A436F6E746578743A20336433626264623139653066343839390D0A4D532D43563A2074707750484E7A7935553668425777742E352E300D0A0D0A3C776E732D726573706F6E73653E3C7665723E313C2F7665723E3C6E6F6E63653E37383633303430323237383939303930333533343C2F6E6F6E63653E. IsLongRunning: Data Connection."
"18-08-2026 09:41:14","1225","Verbose","Microsoft-Windows-PushNotifications-Platform","WNP Transport Layer received command: BND, Trid: 5, Namespace: CON, CV: tpwPHNzy5U6hBWwt.5.0 containing 134 bytes of payload: 0x436F6E746578743A20336433626264623139653066343839390D0A4D532D43563A2074707750484E7A7935553668425777742E352E300D0A0D0A3C776E732D726573706F6E73653E3C7665723E313C2F7665723E3C6E6F6E63653E37383633303430323237383939303930333533343C2F6E6F6E63653E3C2F776E732D726573706F6E73653E. IsLongRunning: Data Connection."
"18-08-2026 09:41:14","1268","Verbose","Microsoft-Windows-PushNotifications-Platform","WNP Transport Layer received command: PUT, Trid: 4, Namespace: WNS, CV: tpwPHNzy5U6hBWwt.4.0 containing 58 bytes of payload only. However, full payload including header is: 0x505554203420574E530035380D0A436F6E746578743A20336337363033323165336531386333310D0A4D532D43563A2074707750484E7A793555. IsLongRunning: Data Connection."
