"18-08-2026 14:31:50","1","Error","Microsoft-Windows-Crypto-NCrypt","Cryptographic Operation failed.

 Cryptographic Parameters:
 	OperationType:	16
 	Provider Name:	Microsoft Software Key Storage Provider
 	Key Name:	NULL
 	Key Type:	
 	Algorithm Name:	
 
Failure Information:
 	Return Code:	0x80090029"
"18-08-2026 14:31:50","1","Error","Microsoft-Windows-Crypto-NCrypt","Cryptographic Operation failed.

 Cryptographic Parameters:
 	OperationType:	16
 	Provider Name:	Microsoft Software Key Storage Provider
 	Key Name:	NULL
 	Key Type:	
 	Algorithm Name:	
 
Failure Information:
 	Return Code:	0x80090029"
"18-08-2026 14:31:50","1","Error","Microsoft-Windows-Crypto-NCrypt","Cryptographic Operation failed.

 Cryptographic Parameters:
 	OperationType:	16
 	Provider Name:	Microsoft Software Key Storage Provider
 	Key Name:	NULL
 	Key Type:	
 	Algorithm Name:	
 
Failure Information:
 	Return Code:	0x80090029"
"18-08-2026 14:31:50","1","Error","Microsoft-Windows-Crypto-NCrypt","Cryptographic Operation failed.

 Cryptographic Parameters:
 	OperationType:	17
 	Provider Name:	Microsoft Software Key Storage Provider
 	Key Name:	NULL
 	Key Type:	
 	Algorithm Name:	
 
Failure Information:
 	Return Code:	0x80090029"
"18-08-2026 14:31:49","1","Error","Microsoft-Windows-Crypto-NCrypt","Cryptographic Operation failed.

 Cryptographic Parameters:
 	OperationType:	16
 	Provider Name:	Microsoft Platform Crypto Provider
 	Key Name:	NULL
 	Key Type:	
 	Algorithm Name:	
 
Failure Information:
 	Return Code:	0x80090029"
"18-08-2026 14:31:49","1","Error","Microsoft-Windows-Crypto-NCrypt","Cryptographic Operation failed.

 Cryptographic Parameters:
 	OperationType:	16
 	Provider Name:	Microsoft Platform Crypto Provider
 	Key Name:	NULL
 	Key Type:	
 	Algorithm Name:	
 
Failure Information:
 	Return Code:	0x80090029"
"18-08-2026 14:31:49","1","Error","Microsoft-Windows-Crypto-NCrypt","Cryptographic Operation failed.

 Cryptographic Parameters:
 	OperationType:	16
 	Provider Name:	Microsoft Platform Crypto Provider
 	Key Name:	NULL
 	Key Type:	
 	Algorithm Name:	
 
Failure Information:
 	Return Code:	0x80090029"
"18-08-2026 14:31:49","1","Error","Microsoft-Windows-Crypto-NCrypt","Cryptographic Operation failed.

 Cryptographic Parameters:
 	OperationType:	16
 	Provider Name:	Microsoft Software Key Storage Provider
 	Key Name:	NULL
 	Key Type:	
 	Algorithm Name:	
 
Failure Information:
 	Return Code:	0x80090029"
"18-08-2026 14:31:49","1","Error","Microsoft-Windows-Crypto-NCrypt","Cryptographic Operation failed.

 Cryptographic Parameters:
 	OperationType:	16
 	Provider Name:	Microsoft Software Key Storage Provider
 	Key Name:	NULL
 	Key Type:	
 	Algorithm Name:	
 
Failure Information:
 	Return Code:	0x80090029"
"18-08-2026 14:31:49","1","Error","Microsoft-Windows-Crypto-NCrypt","Cryptographic Operation failed.

 Cryptographic Parameters:
 	OperationType:	16
 	Provider Name:	Microsoft Software Key Storage Provider
 	Key Name:	NULL
 	Key Type:	
 	Algorithm Name:	
 
Failure Information:
 	Return Code:	0x80090029"
"18-08-2026 14:31:49","1","Error","Microsoft-Windows-Crypto-NCrypt","Cryptographic Operation failed.

 Cryptographic Parameters:
 	OperationType:	16
 	Provider Name:	Microsoft Software Key Storage Provider
 	Key Name:	NULL
 	Key Type:	
 	Algorithm Name:	
 
Failure Information:
 	Return Code:	0x80090029"
"18-08-2026 14:31:49","1","Error","Microsoft-Windows-Crypto-NCrypt","Cryptographic Operation failed.

 Cryptographic Parameters:
 	OperationType:	16
 	Provider Name:	Microsoft Software Key Storage Provider
 	Key Name:	NULL
 	Key Type:	
 	Algorithm Name:	
 
Failure Information:
 	Return Code:	0x80090029"
"18-08-2026 14:31:49","1","Error","Microsoft-Windows-Crypto-NCrypt","Cryptographic Operation failed.

 Cryptographic Parameters:
 	OperationType:	16
 	Provider Name:	Microsoft Software Key Storage Provider
 	Key Name:	NULL
 	Key Type:	
 	Algorithm Name:	
 
Failure Information:
 	Return Code:	0x80090029"
"18-08-2026 14:31:49","1","Error","Microsoft-Windows-Crypto-NCrypt","Cryptographic Operation failed.

 Cryptographic Parameters:
 	OperationType:	16
 	Provider Name:	Microsoft Software Key Storage Provider
 	Key Name:	NULL
 	Key Type:	
 	Algorithm Name:	
 
Failure Information:
 	Return Code:	0x80090029"
"18-08-2026 14:31:49","1","Error","Microsoft-Windows-Crypto-NCrypt","Cryptographic Operation failed.

 Cryptographic Parameters:
 	OperationType:	16
 	Provider Name:	Microsoft Software Key Storage Provider
 	Key Name:	NULL
 	Key Type:	
 	Algorithm Name:	
 
Failure Information:
 	Return Code:	0x80090029"
"18-08-2026 14:31:49","1","Error","Microsoft-Windows-Crypto-NCrypt","Cryptographic Operation failed.

 Cryptographic Parameters:
 	OperationType:	16
 	Provider Name:	Microsoft Software Key Storage Provider
 	Key Name:	NULL
 	Key Type:	
 	Algorithm Name:	
 
Failure Information:
 	Return Code:	0x80090029"
"18-08-2026 14:31:49","1","Error","Microsoft-Windows-Crypto-NCrypt","Cryptographic Operation failed.

 Cryptographic Parameters:
 	OperationType:	16
 	Provider Name:	Microsoft Software Key Storage Provider
 	Key Name:	NULL
 	Key Type:	
 	Algorithm Name:	
 
Failure Information:
 	Return Code:	0x80090029"
"18-08-2026 14:31:49","1","Error","Microsoft-Windows-Crypto-NCrypt","Cryptographic Operation failed.

 Cryptographic Parameters:
 	OperationType:	16
 	Provider Name:	Microsoft Software Key Storage Provider
 	Key Name:	NULL
 	Key Type:	
 	Algorithm Name:	
 
Failure Information:
 	Return Code:	0x80090029"
"18-08-2026 14:31:49","1","Error","Microsoft-Windows-Crypto-NCrypt","Cryptographic Operation failed.

 Cryptographic Parameters:
 	OperationType:	16
 	Provider Name:	Microsoft Software Key Storage Provider
 	Key Name:	NULL
 	Key Type:	
 	Algorithm Name:	
 
Failure Information:
 	Return Code:	0x80090029"
"18-08-2026 14:31:49","1","Error","Microsoft-Windows-Crypto-NCrypt","Cryptographic Operation failed.

 Cryptographic Parameters:
 	OperationType:	17
 	Provider Name:	Microsoft Software Key Storage Provider
 	Key Name:	NULL
 	Key Type:	
 	Algorithm Name:	
 
Failure Information:
 	Return Code:	0x80090029"
"18-08-2026 14:31:49","1","Error","Microsoft-Windows-Crypto-NCrypt","Cryptographic Operation failed.

 Cryptographic Parameters:
 	OperationType:	16
 	Provider Name:	Microsoft Platform Crypto Provider
 	Key Name:	WindowsAIK_ECC_TPM_ECC_NIST_P256
 	Key Type:	
 	Algorithm Name:	
 
Failure Information:
 	Return Code:	0x80090011"
"18-08-2026 14:31:49","1","Error","Microsoft-Windows-Crypto-NCrypt","Cryptographic Operation failed.

 Cryptographic Parameters:
 	OperationType:	16
 	Provider Name:	Microsoft Platform Crypto Provider
 	Key Name:	WindowsAIK_ECC_TPM_ECC_NIST_P256
 	Key Type:	
 	Algorithm Name:	
 
Failure Information:
 	Return Code:	0x80090011"
"18-08-2026 14:31:49","1","Error","Microsoft-Windows-Crypto-NCrypt","Cryptographic Operation failed.

 Cryptographic Parameters:
 	OperationType:	16
 	Provider Name:	Microsoft Platform Crypto Provider
 	Key Name:	WindowsAIK_ECC_TPM_ECC_NIST_P256
 	Key Type:	
 	Algorithm Name:	
 
Failure Information:
 	Return Code:	0x80090011"
"18-08-2026 14:31:49","1","Error","Microsoft-Windows-Crypto-NCrypt","Cryptographic Operation failed.

 Cryptographic Parameters:
 	OperationType:	16
 	Provider Name:	Microsoft Platform Crypto Provider
 	Key Name:	NULL
 	Key Type:	
 	Algorithm Name:	
 
Failure Information:
 	Return Code:	0x80090029"
"18-08-2026 14:31:49","1","Error","Microsoft-Windows-Crypto-NCrypt","Cryptographic Operation failed.

 Cryptographic Parameters:
 	OperationType:	16
 	Provider Name:	Microsoft Platform Crypto Provider
 	Key Name:	NULL
 	Key Type:	
 	Algorithm Name:	
 
Failure Information:
 	Return Code:	0x80090029"
"18-08-2026 14:31:49","1","Error","Microsoft-Windows-Crypto-NCrypt","Cryptographic Operation failed.

 Cryptographic Parameters:
 	OperationType:	16
 	Provider Name:	Microsoft Platform Crypto Provider
 	Key Name:	NULL
 	Key Type:	
 	Algorithm Name:	
 
Failure Information:
 	Return Code:	0x80090029"
"18-08-2026 14:31:49","1","Error","Microsoft-Windows-Crypto-NCrypt","Cryptographic Operation failed.

 Cryptographic Parameters:
 	OperationType:	16
 	Provider Name:	Microsoft Platform Crypto Provider
 	Key Name:	WindowsAIK_ECC_TPM_ECC_NIST_P256
 	Key Type:	
 	Algorithm Name:	
 
Failure Information:
 	Return Code:	0x80090011"
"18-08-2026 14:31:48","11","Verbose","Microsoft-Windows-Crypto-NCrypt","Delete key succeeded.

 Provider Name:	Microsoft Software Key Storage Provider
 Flags:		0x40
 DeletionType: 		0x0
 Key Name:	SCEPProtocolKey-82cd6002-d0b6-42e2-92de-fd474820a6cb
 Key File Name:	8ffc3028c8a33db6b668c86dee8103e6_871e017e-bcbc-4dc7-98b5-1cc935df09e8
 ProcessName:	C:\Windows\System32\taskhostw.exe
 ProcessId:	0x2F74
 ServerThreadId:	0x5E0
 UserId:	S-1-5-18
 ServiceTag:	
 Return Code:	0x0"
"18-08-2026 14:31:48","1","Error","Microsoft-Windows-Crypto-NCrypt","Cryptographic Operation failed.

 Cryptographic Parameters:
 	OperationType:	16
 	Provider Name:	Microsoft Software Key Storage Provider
 	Key Name:	NULL
 	Key Type:	
 	Algorithm Name:	
 
Failure Information:
 	Return Code:	0x80090029"
"18-08-2026 14:31:48","1","Error","Microsoft-Windows-Crypto-NCrypt","Cryptographic Operation failed.

 Cryptographic Parameters:
 	OperationType:	16
 	Provider Name:	Microsoft Software Key Storage Provider
 	Key Name:	NULL
 	Key Type:	
 	Algorithm Name:	
 
Failure Information:
 	Return Code:	0x80090029"
"18-08-2026 14:31:48","1","Error","Microsoft-Windows-Crypto-NCrypt","Cryptographic Operation failed.

 Cryptographic Parameters:
 	OperationType:	16
 	Provider Name:	Microsoft Software Key Storage Provider
 	Key Name:	NULL
 	Key Type:	
 	Algorithm Name:	
 
Failure Information:
 	Return Code:	0x80090029"
"18-08-2026 14:31:48","1","Error","Microsoft-Windows-Crypto-NCrypt","Cryptographic Operation failed.

 Cryptographic Parameters:
 	OperationType:	16
 	Provider Name:	Microsoft Software Key Storage Provider
 	Key Name:	NULL
 	Key Type:	
 	Algorithm Name:	
 
Failure Information:
 	Return Code:	0x80090029"
"18-08-2026 14:31:48","1","Error","Microsoft-Windows-Crypto-NCrypt","Cryptographic Operation failed.

 Cryptographic Parameters:
 	OperationType:	16
 	Provider Name:	Microsoft Software Key Storage Provider
 	Key Name:	NULL
 	Key Type:	
 	Algorithm Name:	
 
Failure Information:
 	Return Code:	0x80090029"
"18-08-2026 14:31:48","1","Error","Microsoft-Windows-Crypto-NCrypt","Cryptographic Operation failed.

 Cryptographic Parameters:
 	OperationType:	16
 	Provider Name:	Microsoft Software Key Storage Provider
 	Key Name:	NULL
 	Key Type:	
 	Algorithm Name:	
 
Failure Information:
 	Return Code:	0x80090029"
"18-08-2026 14:31:48","1","Error","Microsoft-Windows-Crypto-NCrypt","Cryptographic Operation failed.

 Cryptographic Parameters:
 	OperationType:	16
 	Provider Name:	Microsoft Software Key Storage Provider
 	Key Name:	NULL
 	Key Type:	
 	Algorithm Name:	
 
Failure Information:
 	Return Code:	0x80090029"
"18-08-2026 14:31:48","1","Error","Microsoft-Windows-Crypto-NCrypt","Cryptographic Operation failed.

 Cryptographic Parameters:
 	OperationType:	16
 	Provider Name:	Microsoft Software Key Storage Provider
 	Key Name:	NULL
 	Key Type:	
 	Algorithm Name:	
 
Failure Information:
 	Return Code:	0x80090029"
"18-08-2026 14:31:48","1","Error","Microsoft-Windows-Crypto-NCrypt","Cryptographic Operation failed.

 Cryptographic Parameters:
 	OperationType:	16
 	Provider Name:	Microsoft Software Key Storage Provider
 	Key Name:	NULL
 	Key Type:	
 	Algorithm Name:	
 
Failure Information:
 	Return Code:	0x80090029"
"18-08-2026 14:31:48","1","Error","Microsoft-Windows-Crypto-NCrypt","Cryptographic Operation failed.

 Cryptographic Parameters:
 	OperationType:	16
 	Provider Name:	Microsoft Software Key Storage Provider
 	Key Name:	NULL
 	Key Type:	
 	Algorithm Name:	
 
Failure Information:
 	Return Code:	0x80090029"
"18-08-2026 14:31:48","1","Error","Microsoft-Windows-Crypto-NCrypt","Cryptographic Operation failed.

 Cryptographic Parameters:
 	OperationType:	16
 	Provider Name:	Microsoft Software Key Storage Provider
 	Key Name:	NULL
 	Key Type:	
 	Algorithm Name:	
 
Failure Information:
 	Return Code:	0x80090029"
"18-08-2026 14:31:48","1","Error","Microsoft-Windows-Crypto-NCrypt","Cryptographic Operation failed.

 Cryptographic Parameters:
 	OperationType:	16
 	Provider Name:	Microsoft Software Key Storage Provider
 	Key Name:	NULL
 	Key Type:	
 	Algorithm Name:	
 
Failure Information:
 	Return Code:	0x80090029"
"18-08-2026 14:31:48","1","Error","Microsoft-Windows-Crypto-NCrypt","Cryptographic Operation failed.

 Cryptographic Parameters:
 	OperationType:	17
 	Provider Name:	Microsoft Software Key Storage Provider
 	Key Name:	NULL
 	Key Type:	
 	Algorithm Name:	
 
Failure Information:
 	Return Code:	0x80090029"
"18-08-2026 14:31:48","1","Error","Microsoft-Windows-Crypto-NCrypt","Cryptographic Operation failed.

 Cryptographic Parameters:
 	OperationType:	16
 	Provider Name:	Microsoft Software Key Storage Provider
 	Key Name:	NULL
 	Key Type:	
 	Algorithm Name:	
 
Failure Information:
 	Return Code:	0x80090029"
"18-08-2026 14:31:48","1","Error","Microsoft-Windows-Crypto-NCrypt","Cryptographic Operation failed.

 Cryptographic Parameters:
 	OperationType:	16
 	Provider Name:	Microsoft Software Key Storage Provider
 	Key Name:	NULL
 	Key Type:	
 	Algorithm Name:	
 
Failure Information:
 	Return Code:	0x80090029"
"18-08-2026 14:31:48","1","Error","Microsoft-Windows-Crypto-NCrypt","Cryptographic Operation failed.

 Cryptographic Parameters:
 	OperationType:	16
 	Provider Name:	Microsoft Software Key Storage Provider
 	Key Name:	NULL
 	Key Type:	
 	Algorithm Name:	
 
Failure Information:
 	Return Code:	0x80090029"
"18-08-2026 14:31:48","1","Error","Microsoft-Windows-Crypto-NCrypt","Cryptographic Operation failed.

 Cryptographic Parameters:
 	OperationType:	16
 	Provider Name:	Microsoft Software Key Storage Provider
 	Key Name:	NULL
 	Key Type:	
 	Algorithm Name:	
 
Failure Information:
 	Return Code:	0x80090029"
"18-08-2026 14:31:48","1","Error","Microsoft-Windows-Crypto-NCrypt","Cryptographic Operation failed.

 Cryptographic Parameters:
 	OperationType:	16
 	Provider Name:	Microsoft Software Key Storage Provider
 	Key Name:	NULL
 	Key Type:	
 	Algorithm Name:	
 
Failure Information:
 	Return Code:	0x80090029"
"18-08-2026 14:31:48","1","Error","Microsoft-Windows-Crypto-NCrypt","Cryptographic Operation failed.

 Cryptographic Parameters:
 	OperationType:	16
 	Provider Name:	Microsoft Software Key Storage Provider
 	Key Name:	NULL
 	Key Type:	
 	Algorithm Name:	
 
Failure Information:
 	Return Code:	0x80090029"
"18-08-2026 14:31:48","1","Error","Microsoft-Windows-Crypto-NCrypt","Cryptographic Operation failed.

 Cryptographic Parameters:
 	OperationType:	16
 	Provider Name:	Microsoft Software Key Storage Provider
 	Key Name:	NULL
 	Key Type:	
 	Algorithm Name:	
 
Failure Information:
 	Return Code:	0x80090029"
"18-08-2026 14:31:48","1","Error","Microsoft-Windows-Crypto-NCrypt","Cryptographic Operation failed.

 Cryptographic Parameters:
 	OperationType:	16
 	Provider Name:	Microsoft Software Key Storage Provider
 	Key Name:	NULL
 	Key Type:	
 	Algorithm Name:	
 
Failure Information:
 	Return Code:	0x80090029"
"18-08-2026 14:31:48","1","Error","Microsoft-Windows-Crypto-NCrypt","Cryptographic Operation failed.

 Cryptographic Parameters:
 	OperationType:	16
 	Provider Name:	Microsoft Software Key Storage Provider
 	Key Name:	NULL
 	Key Type:	
 	Algorithm Name:	
 
Failure Information:
 	Return Code:	0x80090029"
"18-08-2026 14:31:48","1","Error","Microsoft-Windows-Crypto-NCrypt","Cryptographic Operation failed.

 Cryptographic Parameters:
 	OperationType:	16
 	Provider Name:	Microsoft Software Key Storage Provider
 	Key Name:	NULL
 	Key Type:	
 	Algorithm Name:	
 
Failure Information:
 	Return Code:	0x80090029"
"18-08-2026 14:31:48","1","Error","Microsoft-Windows-Crypto-NCrypt","Cryptographic Operation failed.

 Cryptographic Parameters:
 	OperationType:	16
 	Provider Name:	Microsoft Software Key Storage Provider
 	Key Name:	NULL
 	Key Type:	
 	Algorithm Name:	
 
Failure Information:
 	Return Code:	0x80090029"
"18-08-2026 14:31:48","1","Error","Microsoft-Windows-Crypto-NCrypt","Cryptographic Operation failed.

 Cryptographic Parameters:
 	OperationType:	16
 	Provider Name:	Microsoft Software Key Storage Provider
 	Key Name:	NULL
 	Key Type:	
 	Algorithm Name:	
 
Failure Information:
 	Return Code:	0x80090029"
"18-08-2026 14:31:48","1","Error","Microsoft-Windows-Crypto-NCrypt","Cryptographic Operation failed.

 Cryptographic Parameters:
 	OperationType:	17
 	Provider Name:	Microsoft Software Key Storage Provider
 	Key Name:	NULL
 	Key Type:	
 	Algorithm Name:	
 
Failure Information:
 	Return Code:	0x80090029"
"18-08-2026 14:31:46","1","Error","Microsoft-Windows-Crypto-NCrypt","Cryptographic Operation failed.

 Cryptographic Parameters:
 	OperationType:	16
 	Provider Name:	Microsoft Software Key Storage Provider
 	Key Name:	SCEPProtocolKey-82cd6002-d0b6-42e2-92de-fd474820a6cb
 	Key Type:	
 	Algorithm Name:	
 
Failure Information:
 	Return Code:	0x80090011"
"18-08-2026 14:31:46","1","Error","Microsoft-Windows-Crypto-NCrypt","Cryptographic Operation failed.

 Cryptographic Parameters:
 	OperationType:	16
 	Provider Name:	Microsoft Platform Crypto Provider
 	Key Name:	NULL
 	Key Type:	
 	Algorithm Name:	
 
Failure Information:
 	Return Code:	0x80090029"
"18-08-2026 14:31:46","1","Error","Microsoft-Windows-Crypto-NCrypt","Cryptographic Operation failed.

 Cryptographic Parameters:
 	OperationType:	16
 	Provider Name:	Microsoft Platform Crypto Provider
 	Key Name:	NULL
 	Key Type:	
 	Algorithm Name:	
 
Failure Information:
 	Return Code:	0x80090029"
"18-08-2026 14:31:46","1","Error","Microsoft-Windows-Crypto-NCrypt","Cryptographic Operation failed.

 Cryptographic Parameters:
 	OperationType:	16
 	Provider Name:	Microsoft Platform Crypto Provider
 	Key Name:	NULL
 	Key Type:	
 	Algorithm Name:	
 
Failure Information:
 	Return Code:	0x80090029"
"18-08-2026 14:31:46","1","Error","Microsoft-Windows-Crypto-NCrypt","Cryptographic Operation failed.

 Cryptographic Parameters:
 	OperationType:	16
 	Provider Name:	Microsoft Software Key Storage Provider
 	Key Name:	NULL
 	Key Type:	
 	Algorithm Name:	
 
Failure Information:
 	Return Code:	0x80090029"
"18-08-2026 14:31:46","1","Error","Microsoft-Windows-Crypto-NCrypt","Cryptographic Operation failed.

 Cryptographic Parameters:
 	OperationType:	16
 	Provider Name:	Microsoft Software Key Storage Provider
 	Key Name:	NULL
 	Key Type:	
 	Algorithm Name:	
 
Failure Information:
 	Return Code:	0x80090029"
"18-08-2026 14:31:46","1","Error","Microsoft-Windows-Crypto-NCrypt","Cryptographic Operation failed.

 Cryptographic Parameters:
 	OperationType:	16
 	Provider Name:	Microsoft Software Key Storage Provider
 	Key Name:	NULL
 	Key Type:	
 	Algorithm Name:	
 
Failure Information:
 	Return Code:	0x80090029"
"18-08-2026 14:31:46","1","Error","Microsoft-Windows-Crypto-NCrypt","Cryptographic Operation failed.

 Cryptographic Parameters:
 	OperationType:	16
 	Provider Name:	Microsoft Software Key Storage Provider
 	Key Name:	NULL
 	Key Type:	
 	Algorithm Name:	
 
Failure Information:
 	Return Code:	0x80090029"
"18-08-2026 14:31:46","1","Error","Microsoft-Windows-Crypto-NCrypt","Cryptographic Operation failed.

 Cryptographic Parameters:
 	OperationType:	16
 	Provider Name:	Microsoft Software Key Storage Provider
 	Key Name:	NULL
 	Key Type:	
 	Algorithm Name:	
 
Failure Information:
 	Return Code:	0x80090029"
"18-08-2026 14:31:46","1","Error","Microsoft-Windows-Crypto-NCrypt","Cryptographic Operation failed.

 Cryptographic Parameters:
 	OperationType:	16
 	Provider Name:	Microsoft Software Key Storage Provider
 	Key Name:	NULL
 	Key Type:	
 	Algorithm Name:	
 
Failure Information:
 	Return Code:	0x80090029"
"18-08-2026 14:31:46","1","Error","Microsoft-Windows-Crypto-NCrypt","Cryptographic Operation failed.

 Cryptographic Parameters:
 	OperationType:	16
 	Provider Name:	Microsoft Software Key Storage Provider
 	Key Name:	NULL
 	Key Type:	
 	Algorithm Name:	
 
Failure Information:
 	Return Code:	0x80090029"
"18-08-2026 14:31:46","1","Error","Microsoft-Windows-Crypto-NCrypt","Cryptographic Operation failed.

 Cryptographic Parameters:
 	OperationType:	16
 	Provider Name:	Microsoft Software Key Storage Provider
 	Key Name:	NULL
 	Key Type:	
 	Algorithm Name:	
 
Failure Information:
 	Return Code:	0x80090029"
"18-08-2026 14:31:46","1","Error","Microsoft-Windows-Crypto-NCrypt","Cryptographic Operation failed.

 Cryptographic Parameters:
 	OperationType:	16
 	Provider Name:	Microsoft Software Key Storage Provider
 	Key Name:	NULL
 	Key Type:	
 	Algorithm Name:	
 
Failure Information:
 	Return Code:	0x80090029"
"18-08-2026 14:31:46","1","Error","Microsoft-Windows-Crypto-NCrypt","Cryptographic Operation failed.

 Cryptographic Parameters:
 	OperationType:	16
 	Provider Name:	Microsoft Software Key Storage Provider
 	Key Name:	NULL
 	Key Type:	
 	Algorithm Name:	
 
Failure Information:
 	Return Code:	0x80090029"
"18-08-2026 14:31:46","1","Error","Microsoft-Windows-Crypto-NCrypt","Cryptographic Operation failed.

 Cryptographic Parameters:
 	OperationType:	16
 	Provider Name:	Microsoft Software Key Storage Provider
 	Key Name:	NULL
 	Key Type:	
 	Algorithm Name:	
 
Failure Information:
 	Return Code:	0x80090029"
"18-08-2026 14:31:46","1","Error","Microsoft-Windows-Crypto-NCrypt","Cryptographic Operation failed.

 Cryptographic Parameters:
 	OperationType:	16
 	Provider Name:	Microsoft Software Key Storage Provider
 	Key Name:	NULL
 	Key Type:	
 	Algorithm Name:	
 
Failure Information:
 	Return Code:	0x80090029"
"18-08-2026 14:31:46","1","Error","Microsoft-Windows-Crypto-NCrypt","Cryptographic Operation failed.

 Cryptographic Parameters:
 	OperationType:	17
 	Provider Name:	Microsoft Software Key Storage Provider
 	Key Name:	NULL
 	Key Type:	
 	Algorithm Name:	
 
Failure Information:
 	Return Code:	0x80090029"
"18-08-2026 14:31:46","1","Error","Microsoft-Windows-Crypto-NCrypt","Cryptographic Operation failed.

 Cryptographic Parameters:
 	OperationType:	16
 	Provider Name:	Microsoft Software Key Storage Provider
 	Key Name:	SCEPProtocolKey-82cd6002-d0b6-42e2-92de-fd474820a6cb
 	Key Type:	
 	Algorithm Name:	
 
Failure Information:
 	Return Code:	0x80090011"
"18-08-2026 14:31:46","1","Error","Microsoft-Windows-Crypto-NCrypt","Cryptographic Operation failed.

 Cryptographic Parameters:
 	OperationType:	16
 	Provider Name:	Microsoft Software Key Storage Provider
 	Key Name:	SCEPProtocolKey-82cd6002-d0b6-42e2-92de-fd474820a6cb
 	Key Type:	
 	Algorithm Name:	
 
Failure Information:
 	Return Code:	0x80090011"
"18-08-2026 14:31:46","1","Error","Microsoft-Windows-Crypto-NCrypt","Cryptographic Operation failed.

 Cryptographic Parameters:
 	OperationType:	16
 	Provider Name:	Microsoft Software Key Storage Provider
 	Key Name:	SCEPProtocolKey-82cd6002-d0b6-42e2-92de-fd474820a6cb
 	Key Type:	
 	Algorithm Name:	
 
Failure Information:
 	Return Code:	0x80090029"
"18-08-2026 14:31:46","1","Error","Microsoft-Windows-Crypto-NCrypt","Cryptographic Operation failed.

 Cryptographic Parameters:
 	OperationType:	16
 	Provider Name:	Microsoft Software Key Storage Provider
 	Key Name:	SCEPProtocolKey-82cd6002-d0b6-42e2-92de-fd474820a6cb
 	Key Type:	
 	Algorithm Name:	
 
Failure Information:
 	Return Code:	0x80090011"
"18-08-2026 14:31:46","9","Verbose","Microsoft-Windows-Crypto-NCrypt","Key write succeeded.

 Provider Name:	Microsoft Software Key Storage Provider
 ModificationType: 		0x1
 Flags:		0x0
 Key Name:	SCEPProtocolKey-82cd6002-d0b6-42e2-92de-fd474820a6cb
 Key File Name:	8ffc3028c8a33db6b668c86dee8103e6_871e017e-bcbc-4dc7-98b5-1cc935df09e8
 ProcessName:	C:\Windows\System32\taskhostw.exe
 ProcessId:	0x2F74
 ServerThreadId:	0x5E0
 UserId:	S-1-5-18
 ServiceTag:	
 Return Code:	0x0"
"18-08-2026 14:31:46","2","Error","Microsoft-Windows-Crypto-NCrypt","Open Provider operation failed.

 Cryptographic Parameters:
 	Provider Name:	Microsoft Pluton Cryptographic Provider
 Failure Information:
 	Return Code:	taskhostw.exe"
"18-08-2026 14:31:46","1","Error","Microsoft-Windows-Crypto-NCrypt","Cryptographic Operation failed.

 Cryptographic Parameters:
 	OperationType:	16
 	Provider Name:	Microsoft Platform Crypto Provider
 	Key Name:	NULL
 	Key Type:	
 	Algorithm Name:	
 
Failure Information:
 	Return Code:	0x80090029"
"18-08-2026 14:31:46","1","Error","Microsoft-Windows-Crypto-NCrypt","Cryptographic Operation failed.

 Cryptographic Parameters:
 	OperationType:	16
 	Provider Name:	Microsoft Platform Crypto Provider
 	Key Name:	NULL
 	Key Type:	
 	Algorithm Name:	
 
Failure Information:
 	Return Code:	0x80090029"
"18-08-2026 14:31:46","1","Error","Microsoft-Windows-Crypto-NCrypt","Cryptographic Operation failed.

 Cryptographic Parameters:
 	OperationType:	16
 	Provider Name:	Microsoft Platform Crypto Provider
 	Key Name:	NULL
 	Key Type:	
 	Algorithm Name:	
 
Failure Information:
 	Return Code:	0x80090029"
"18-08-2026 14:31:46","1","Error","Microsoft-Windows-Crypto-NCrypt","Cryptographic Operation failed.

 Cryptographic Parameters:
 	OperationType:	16
 	Provider Name:	Microsoft Software Key Storage Provider
 	Key Name:	NULL
 	Key Type:	
 	Algorithm Name:	
 
Failure Information:
 	Return Code:	0x80090029"
"18-08-2026 14:31:46","1","Error","Microsoft-Windows-Crypto-NCrypt","Cryptographic Operation failed.

 Cryptographic Parameters:
 	OperationType:	16
 	Provider Name:	Microsoft Software Key Storage Provider
 	Key Name:	NULL
 	Key Type:	
 	Algorithm Name:	
 
Failure Information:
 	Return Code:	0x80090029"
"18-08-2026 14:31:46","1","Error","Microsoft-Windows-Crypto-NCrypt","Cryptographic Operation failed.

 Cryptographic Parameters:
 	OperationType:	16
 	Provider Name:	Microsoft Software Key Storage Provider
 	Key Name:	NULL
 	Key Type:	
 	Algorithm Name:	
 
Failure Information:
 	Return Code:	0x80090029"
"18-08-2026 14:31:46","1","Error","Microsoft-Windows-Crypto-NCrypt","Cryptographic Operation failed.

 Cryptographic Parameters:
 	OperationType:	16
 	Provider Name:	Microsoft Software Key Storage Provider
 	Key Name:	NULL
 	Key Type:	
 	Algorithm Name:	
 
Failure Information:
 	Return Code:	0x80090029"
"18-08-2026 14:31:46","1","Error","Microsoft-Windows-Crypto-NCrypt","Cryptographic Operation failed.

 Cryptographic Parameters:
 	OperationType:	16
 	Provider Name:	Microsoft Software Key Storage Provider
 	Key Name:	NULL
 	Key Type:	
 	Algorithm Name:	
 
Failure Information:
 	Return Code:	0x80090029"
"18-08-2026 14:31:46","1","Error","Microsoft-Windows-Crypto-NCrypt","Cryptographic Operation failed.

 Cryptographic Parameters:
 	OperationType:	16
 	Provider Name:	Microsoft Software Key Storage Provider
 	Key Name:	NULL
 	Key Type:	
 	Algorithm Name:	
 
Failure Information:
 	Return Code:	0x80090029"
"18-08-2026 14:31:46","1","Error","Microsoft-Windows-Crypto-NCrypt","Cryptographic Operation failed.

 Cryptographic Parameters:
 	OperationType:	16
 	Provider Name:	Microsoft Software Key Storage Provider
 	Key Name:	NULL
 	Key Type:	
 	Algorithm Name:	
 
Failure Information:
 	Return Code:	0x80090029"
"18-08-2026 14:31:46","1","Error","Microsoft-Windows-Crypto-NCrypt","Cryptographic Operation failed.

 Cryptographic Parameters:
 	OperationType:	16
 	Provider Name:	Microsoft Software Key Storage Provider
 	Key Name:	NULL
 	Key Type:	
 	Algorithm Name:	
 
Failure Information:
 	Return Code:	0x80090029"
"18-08-2026 14:31:46","1","Error","Microsoft-Windows-Crypto-NCrypt","Cryptographic Operation failed.

 Cryptographic Parameters:
 	OperationType:	16
 	Provider Name:	Microsoft Software Key Storage Provider
 	Key Name:	NULL
 	Key Type:	
 	Algorithm Name:	
 
Failure Information:
 	Return Code:	0x80090029"
"18-08-2026 14:31:46","1","Error","Microsoft-Windows-Crypto-NCrypt","Cryptographic Operation failed.

 Cryptographic Parameters:
 	OperationType:	16
 	Provider Name:	Microsoft Software Key Storage Provider
 	Key Name:	NULL
 	Key Type:	
 	Algorithm Name:	
 
Failure Information:
 	Return Code:	0x80090029"
"18-08-2026 14:31:46","1","Error","Microsoft-Windows-Crypto-NCrypt","Cryptographic Operation failed.

 Cryptographic Parameters:
 	OperationType:	16
 	Provider Name:	Microsoft Software Key Storage Provider
 	Key Name:	NULL
 	Key Type:	
 	Algorithm Name:	
 
Failure Information:
 	Return Code:	0x80090029"
"18-08-2026 14:31:46","1","Error","Microsoft-Windows-Crypto-NCrypt","Cryptographic Operation failed.

 Cryptographic Parameters:
 	OperationType:	16
 	Provider Name:	Microsoft Software Key Storage Provider
 	Key Name:	NULL
 	Key Type:	
 	Algorithm Name:	
 
Failure Information:
 	Return Code:	0x80090029"
"18-08-2026 14:31:46","1","Error","Microsoft-Windows-Crypto-NCrypt","Cryptographic Operation failed.

 Cryptographic Parameters:
 	OperationType:	17
 	Provider Name:	Microsoft Software Key Storage Provider
 	Key Name:	NULL
 	Key Type:	
 	Algorithm Name:	
 
Failure Information:
 	Return Code:	0x80090029"
"18-08-2026 14:31:43","1","Error","Microsoft-Windows-Crypto-NCrypt","Cryptographic Operation failed.

 Cryptographic Parameters:
 	OperationType:	KEY FINALIZE
 	Provider Name:	Microsoft Platform Crypto Provider
 	Key Name:	NULL
 	Key Type:	
 	Algorithm Name:	
 
Failure Information:
 	Return Code:	0x80280400"
"18-08-2026 14:31:42","11","Verbose","Microsoft-Windows-Crypto-NCrypt","Delete key succeeded.

 Provider Name:	Microsoft Software Key Storage Provider
 Flags:		0x40
 DeletionType: 		0x0
 Key Name:	ChromeMetricsTestKey
 Key File Name:	1e313dfb17707690d41bc1ce552b952a_871e017e-bcbc-4dc7-98b5-1cc935df09e8_da5fd6b349700aefcb92feb194b1222f
 ProcessName:	C:\Program Files (x86)\Microsoft\EdgeWebView\Application\151.0.4129.86\msedgewebview2.exe
 ProcessId:	0x3F64
 ServerThreadId:	0x7E4
 UserId:	S-1-12-1-2357405129-1281513531-255772574-1816207334
 ServiceTag:	
 Return Code:	0x0"
"18-08-2026 14:31:42","9","Verbose","Microsoft-Windows-Crypto-NCrypt","Key write succeeded.

 Provider Name:	Microsoft Software Key Storage Provider
 ModificationType: 		0x1
 Flags:		0x1
 Key Name:	ChromeMetricsTestKey
 Key File Name:	1e313dfb17707690d41bc1ce552b952a_871e017e-bcbc-4dc7-98b5-1cc935df09e8_da5fd6b349700aefcb92feb194b1222f
 ProcessName:	C:\Program Files (x86)\Microsoft\EdgeWebView\Application\151.0.4129.86\msedgewebview2.exe
 ProcessId:	0x3F64
 ServerThreadId:	0x7E4
 UserId:	S-1-12-1-2357405129-1281513531-255772574-1816207334
 ServiceTag:	
 Return Code:	0x0"
"18-08-2026 14:31:42","15","Information","Microsoft-Windows-Crypto-NCrypt","New client uses VBS Key Isolation
Name: msedgewebview2.exe
Binding status: 0x0 (The operation completed successfully.)
Client instance binding attempts: 1
"
"18-08-2026 14:31:34","1","Error","Microsoft-Windows-Crypto-NCrypt","Cryptographic Operation failed.

 Cryptographic Parameters:
 	OperationType:	16
 	Provider Name:	Microsoft Platform Crypto Provider
 	Key Name:	NULL
 	Key Type:	
 	Algorithm Name:	
 
Failure Information:
 	Return Code:	0x80090029"
"18-08-2026 14:31:34","1","Error","Microsoft-Windows-Crypto-NCrypt","Cryptographic Operation failed.

 Cryptographic Parameters:
 	OperationType:	16
 	Provider Name:	Microsoft Platform Crypto Provider
 	Key Name:	NULL
 	Key Type:	
 	Algorithm Name:	
 
Failure Information:
 	Return Code:	0x80090029"
"18-08-2026 14:31:34","1","Error","Microsoft-Windows-Crypto-NCrypt","Cryptographic Operation failed.

 Cryptographic Parameters:
 	OperationType:	16
 	Provider Name:	Microsoft Platform Crypto Provider
 	Key Name:	NULL
 	Key Type:	
 	Algorithm Name:	
 
Failure Information:
 	Return Code:	0x80090029"
"18-08-2026 14:31:34","1","Error","Microsoft-Windows-Crypto-NCrypt","Cryptographic Operation failed.

 Cryptographic Parameters:
 	OperationType:	16
 	Provider Name:	Microsoft Software Key Storage Provider
 	Key Name:	NULL
 	Key Type:	
 	Algorithm Name:	
 
Failure Information:
 	Return Code:	0x80090029"
"18-08-2026 14:31:34","1","Error","Microsoft-Windows-Crypto-NCrypt","Cryptographic Operation failed.

 Cryptographic Parameters:
 	OperationType:	16
 	Provider Name:	Microsoft Software Key Storage Provider
 	Key Name:	NULL
 	Key Type:	
 	Algorithm Name:	
 
Failure Information:
 	Return Code:	0x80090029"
"18-08-2026 14:31:34","1","Error","Microsoft-Windows-Crypto-NCrypt","Cryptographic Operation failed.

 Cryptographic Parameters:
 	OperationType:	16
 	Provider Name:	Microsoft Software Key Storage Provider
 	Key Name:	NULL
 	Key Type:	
 	Algorithm Name:	
 
Failure Information:
 	Return Code:	0x80090029"
"18-08-2026 14:31:34","1","Error","Microsoft-Windows-Crypto-NCrypt","Cryptographic Operation failed.

 Cryptographic Parameters:
 	OperationType:	16
 	Provider Name:	Microsoft Software Key Storage Provider
 	Key Name:	NULL
 	Key Type:	
 	Algorithm Name:	
 
Failure Information:
 	Return Code:	0x80090029"
"18-08-2026 14:31:34","1","Error","Microsoft-Windows-Crypto-NCrypt","Cryptographic Operation failed.

 Cryptographic Parameters:
 	OperationType:	16
 	Provider Name:	Microsoft Software Key Storage Provider
 	Key Name:	NULL
 	Key Type:	
 	Algorithm Name:	
 
Failure Information:
 	Return Code:	0x80090029"
"18-08-2026 14:31:34","1","Error","Microsoft-Windows-Crypto-NCrypt","Cryptographic Operation failed.

 Cryptographic Parameters:
 	OperationType:	16
 	Provider Name:	Microsoft Software Key Storage Provider
 	Key Name:	NULL
 	Key Type:	
 	Algorithm Name:	
 
Failure Information:
 	Return Code:	0x80090029"
"18-08-2026 14:31:34","1","Error","Microsoft-Windows-Crypto-NCrypt","Cryptographic Operation failed.

 Cryptographic Parameters:
 	OperationType:	16
 	Provider Name:	Microsoft Software Key Storage Provider
 	Key Name:	NULL
 	Key Type:	
 	Algorithm Name:	
 
Failure Information:
 	Return Code:	0x80090029"
"18-08-2026 14:31:34","1","Error","Microsoft-Windows-Crypto-NCrypt","Cryptographic Operation failed.

 Cryptographic Parameters:
 	OperationType:	16
 	Provider Name:	Microsoft Software Key Storage Provider
 	Key Name:	NULL
 	Key Type:	
 	Algorithm Name:	
 
Failure Information:
 	Return Code:	0x80090029"
"18-08-2026 14:31:34","1","Error","Microsoft-Windows-Crypto-NCrypt","Cryptographic Operation failed.

 Cryptographic Parameters:
 	OperationType:	16
 	Provider Name:	Microsoft Software Key Storage Provider
 	Key Name:	NULL
 	Key Type:	
 	Algorithm Name:	
 
Failure Information:
 	Return Code:	0x80090029"
"18-08-2026 14:31:34","1","Error","Microsoft-Windows-Crypto-NCrypt","Cryptographic Operation failed.

 Cryptographic Parameters:
 	OperationType:	16
 	Provider Name:	Microsoft Software Key Storage Provider
 	Key Name:	NULL
 	Key Type:	
 	Algorithm Name:	
 
Failure Information:
 	Return Code:	0x80090029"
"18-08-2026 14:31:34","1","Error","Microsoft-Windows-Crypto-NCrypt","Cryptographic Operation failed.

 Cryptographic Parameters:
 	OperationType:	16
 	Provider Name:	Microsoft Software Key Storage Provider
 	Key Name:	NULL
 	Key Type:	
 	Algorithm Name:	
 
Failure Information:
 	Return Code:	0x80090029"
"18-08-2026 14:31:34","1","Error","Microsoft-Windows-Crypto-NCrypt","Cryptographic Operation failed.

 Cryptographic Parameters:
 	OperationType:	16
 	Provider Name:	Microsoft Software Key Storage Provider
 	Key Name:	NULL
 	Key Type:	
 	Algorithm Name:	
 
Failure Information:
 	Return Code:	0x80090029"
"18-08-2026 14:31:34","1","Error","Microsoft-Windows-Crypto-NCrypt","Cryptographic Operation failed.

 Cryptographic Parameters:
 	OperationType:	17
 	Provider Name:	Microsoft Software Key Storage Provider
 	Key Name:	NULL
 	Key Type:	
 	Algorithm Name:	
 
Failure Information:
 	Return Code:	0x80090029"
"18-08-2026 14:31:27","1","Error","Microsoft-Windows-Crypto-NCrypt","Cryptographic Operation failed.

 Cryptographic Parameters:
 	OperationType:	16
 	Provider Name:	Microsoft Platform Crypto Provider
 	Key Name:	Windows AIK
 	Key Type:	
 	Algorithm Name:	
 
Failure Information:
 	Return Code:	0x80090011"
"18-08-2026 14:31:27","1","Error","Microsoft-Windows-Crypto-NCrypt","Cryptographic Operation failed.

 Cryptographic Parameters:
 	OperationType:	16
 	Provider Name:	Microsoft Platform Crypto Provider
 	Key Name:	Windows AIK
 	Key Type:	
 	Algorithm Name:	
 
Failure Information:
 	Return Code:	0x80090011"
"18-08-2026 14:31:27","1","Error","Microsoft-Windows-Crypto-NCrypt","Cryptographic Operation failed.

 Cryptographic Parameters:
 	OperationType:	16
 	Provider Name:	Microsoft Platform Crypto Provider
 	Key Name:	Windows AIK
 	Key Type:	
 	Algorithm Name:	
 
Failure Information:
 	Return Code:	0x80090029"
"18-08-2026 14:31:23","1","Error","Microsoft-Windows-Crypto-NCrypt","Cryptographic Operation failed.

 Cryptographic Parameters:
 	OperationType:	16
 	Provider Name:	Microsoft Platform Crypto Provider
 	Key Name:	NULL
 	Key Type:	
 	Algorithm Name:	
 
Failure Information:
 	Return Code:	0x80090029"
"18-08-2026 14:31:22","1","Error","Microsoft-Windows-Crypto-NCrypt","Cryptographic Operation failed.

 Cryptographic Parameters:
 	OperationType:	16
 	Provider Name:	Microsoft Platform Crypto Provider
 	Key Name:	NULL
 	Key Type:	
 	Algorithm Name:	
 
Failure Information:
 	Return Code:	0x80090029"
"18-08-2026 14:31:22","1","Error","Microsoft-Windows-Crypto-NCrypt","Cryptographic Operation failed.

 Cryptographic Parameters:
 	OperationType:	16
 	Provider Name:	Microsoft Platform Crypto Provider
 	Key Name:	NULL
 	Key Type:	
 	Algorithm Name:	
 
Failure Information:
 	Return Code:	0x80090029"
"18-08-2026 14:31:20","1","Error","Microsoft-Windows-Crypto-NCrypt","Cryptographic Operation failed.

 Cryptographic Parameters:
 	OperationType:	16
 	Provider Name:	Microsoft Platform Crypto Provider
 	Key Name:	WindowsAIK_ECC_TPM_ECC_NIST_P256
 	Key Type:	
 	Algorithm Name:	
 
Failure Information:
 	Return Code:	0x80090011"
"18-08-2026 14:31:13","1","Error","Microsoft-Windows-Crypto-NCrypt","Cryptographic Operation failed.

 Cryptographic Parameters:
 	OperationType:	16
 	Provider Name:	Microsoft Platform Crypto Provider
 	Key Name:	KeyG-6ff0d65a-137b-ddbc-8984-a20f29715b51
 	Key Type:	
 	Algorithm Name:	
 
Failure Information:
 	Return Code:	0x80090029"
"18-08-2026 14:31:13","1","Error","Microsoft-Windows-Crypto-NCrypt","Cryptographic Operation failed.

 Cryptographic Parameters:
 	OperationType:	16
 	Provider Name:	Microsoft Platform Crypto Provider
 	Key Name:	AIK-1714379f-acea-1f19-27c7-f010a7d73755
 	Key Type:	
 	Algorithm Name:	
 
Failure Information:
 	Return Code:	0x80090029"
"18-08-2026 14:31:13","1","Error","Microsoft-Windows-Crypto-NCrypt","Cryptographic Operation failed.

 Cryptographic Parameters:
 	OperationType:	16
 	Provider Name:	Microsoft Platform Crypto Provider
 	Key Name:	SK-ae2e9598-9f41-136b-1ad7-0dcd39b9aab4
 	Key Type:	
 	Algorithm Name:	
 
Failure Information:
 	Return Code:	0x80090029"
"18-08-2026 14:31:13","1","Error","Microsoft-Windows-Crypto-NCrypt","Cryptographic Operation failed.

 Cryptographic Parameters:
 	OperationType:	16
 	Provider Name:	Microsoft Platform Crypto Provider
 	Key Name:	SK-32e71225-1ff0-a219-9a24-01fc89b72c32
 	Key Type:	
 	Algorithm Name:	
 
Failure Information:
 	Return Code:	0x80090029"
"18-08-2026 14:31:13","1","Error","Microsoft-Windows-Crypto-NCrypt","Cryptographic Operation failed.

 Cryptographic Parameters:
 	OperationType:	16
 	Provider Name:	Microsoft Platform Crypto Provider
 	Key Name:	AIK-38bdd432-9fcc-9c37-3494-02c97d365990
 	Key Type:	
 	Algorithm Name:	
 
Failure Information:
 	Return Code:	0x80090029"
"18-08-2026 14:31:13","1","Error","Microsoft-Windows-Crypto-NCrypt","Cryptographic Operation failed.

 Cryptographic Parameters:
 	OperationType:	16
 	Provider Name:	Microsoft Platform Crypto Provider
 	Key Name:	SK-89be5bc4-4805-873e-0687-9e942f0d33d7
 	Key Type:	
 	Algorithm Name:	
 
Failure Information:
 	Return Code:	0x80090029"
"18-08-2026 14:31:13","1","Error","Microsoft-Windows-Crypto-NCrypt","Cryptographic Operation failed.

 Cryptographic Parameters:
 	OperationType:	16
 	Provider Name:	Microsoft Platform Crypto Provider
 	Key Name:	WindowsAIK_ECC_TPM_ECC_NIST_P256
 	Key Type:	
 	Algorithm Name:	
 
Failure Information:
 	Return Code:	0x80090011"
"18-08-2026 14:31:13","1","Error","Microsoft-Windows-Crypto-NCrypt","Cryptographic Operation failed.

 Cryptographic Parameters:
 	OperationType:	16
 	Provider Name:	Microsoft Platform Crypto Provider
 	Key Name:	Windows Synthetic AIK
 	Key Type:	
 	Algorithm Name:	
 
Failure Information:
 	Return Code:	0x80090011"
"18-08-2026 14:30:58","9","Verbose","Microsoft-Windows-Crypto-NCrypt","Key write succeeded.

 Provider Name:	Microsoft Software Key Storage Provider
 ModificationType: 		0x1
 Flags:		0x0
 Key Name:	Microsoft SQL Server$BARTENDER$FallBackCertCng
 Key File Name:	c287b78626f4e1c90aace827bced9c3b_871e017e-bcbc-4dc7-98b5-1cc935df09e8
 ProcessName:	C:\Program Files\Microsoft SQL Server\MSSQL15.BARTENDER\MSSQL\Binn\sqlservr.exe
 ProcessId:	0x12DC
 ServerThreadId:	0x7DC
 UserId:	S-1-5-18
 ServiceTag:	MSSQL$BARTENDER
 Return Code:	0x0"
"18-08-2026 14:30:56","1","Error","Microsoft-Windows-Crypto-NCrypt","Cryptographic Operation failed.

 Cryptographic Parameters:
 	OperationType:	16
 	Provider Name:	Microsoft Platform Crypto Provider
 	Key Name:	WindowsAIK_ECC_TPM_ECC_NIST_P256
 	Key Type:	
 	Algorithm Name:	
 
Failure Information:
 	Return Code:	0x80090011"
"18-08-2026 14:30:56","1","Error","Microsoft-Windows-Crypto-NCrypt","Cryptographic Operation failed.

 Cryptographic Parameters:
 	OperationType:	16
 	Provider Name:	Microsoft Platform Crypto Provider
 	Key Name:	Windows Synthetic AIK
 	Key Type:	
 	Algorithm Name:	
 
Failure Information:
 	Return Code:	0x80090011"
"18-08-2026 14:20:04","11","Verbose","Microsoft-Windows-Crypto-NCrypt","Delete key succeeded.

 Provider Name:	Microsoft Software Key Storage Provider
 Flags:		0x40
 DeletionType: 		0x0
 Key Name:	ChromeMetricsTestKey
 Key File Name:	1e313dfb17707690d41bc1ce552b952a_871e017e-bcbc-4dc7-98b5-1cc935df09e8
 ProcessName:	C:\Program Files (x86)\Microsoft\Edge\Application\msedge.exe
 ProcessId:	0x578C
 ServerThreadId:	0x7610
 UserId:	S-1-12-1-2357405129-1281513531-255772574-1816207334
 ServiceTag:	
 Return Code:	0x0"
"18-08-2026 14:20:04","9","Verbose","Microsoft-Windows-Crypto-NCrypt","Key write succeeded.

 Provider Name:	Microsoft Software Key Storage Provider
 ModificationType: 		0x1
 Flags:		0x1
 Key Name:	ChromeMetricsTestKey
 Key File Name:	1e313dfb17707690d41bc1ce552b952a_871e017e-bcbc-4dc7-98b5-1cc935df09e8
 ProcessName:	C:\Program Files (x86)\Microsoft\Edge\Application\msedge.exe
 ProcessId:	0x578C
 ServerThreadId:	0x7610
 UserId:	S-1-12-1-2357405129-1281513531-255772574-1816207334
 ServiceTag:	
 Return Code:	0x0"
"18-08-2026 14:20:04","15","Information","Microsoft-Windows-Crypto-NCrypt","New client uses VBS Key Isolation
Name: msedge.exe
Binding status: 0x0 (The operation completed successfully.)
Client instance binding attempts: 1
"
"18-08-2026 13:17:12","3","Error","Microsoft-Windows-Crypto-NCrypt","Open Key operation failed.

 Cryptographic Parameters:
 	Provider Name:	Microsoft Software Key Storage Provider
 	Key Name:	TB_0_office.com
 Failure Information:
 	Return Code:	0x80090016"
"18-08-2026 13:17:11","3","Error","Microsoft-Windows-Crypto-NCrypt","Open Key operation failed.

 Cryptographic Parameters:
 	Provider Name:	Microsoft Software Key Storage Provider
 	Key Name:	TB_0_office.com
 Failure Information:
 	Return Code:	0x80090016"
"18-08-2026 12:04:48","11","Verbose","Microsoft-Windows-Crypto-NCrypt","Delete key succeeded.

 Provider Name:	Microsoft Software Key Storage Provider
 Flags:		0x40
 DeletionType: 		0x0
 Key Name:	ChromeMetricsTestKey
 Key File Name:	1e313dfb17707690d41bc1ce552b952a_871e017e-bcbc-4dc7-98b5-1cc935df09e8
 ProcessName:	C:\Program Files (x86)\Microsoft\EdgeWebView\Application\151.0.4129.86\msedgewebview2.exe
 ProcessId:	0x4E0C
 ServerThreadId:	0x4134
 UserId:	S-1-12-1-2357405129-1281513531-255772574-1816207334
 ServiceTag:	
 Return Code:	0x0"
"18-08-2026 12:04:48","9","Verbose","Microsoft-Windows-Crypto-NCrypt","Key write succeeded.

 Provider Name:	Microsoft Software Key Storage Provider
 ModificationType: 		0x1
 Flags:		0x1
 Key Name:	ChromeMetricsTestKey
 Key File Name:	1e313dfb17707690d41bc1ce552b952a_871e017e-bcbc-4dc7-98b5-1cc935df09e8
 ProcessName:	C:\Program Files (x86)\Microsoft\EdgeWebView\Application\151.0.4129.86\msedgewebview2.exe
 ProcessId:	0x4E0C
 ServerThreadId:	0x4134
 UserId:	S-1-12-1-2357405129-1281513531-255772574-1816207334
 ServiceTag:	
 Return Code:	0x0"
"18-08-2026 12:04:48","15","Information","Microsoft-Windows-Crypto-NCrypt","New client uses VBS Key Isolation
Name: msedgewebview2.exe
Binding status: 0x0 (The operation completed successfully.)
Client instance binding attempts: 1
"
"18-08-2026 10:42:30","11","Verbose","Microsoft-Windows-Crypto-NCrypt","Delete key succeeded.

 Provider Name:	Microsoft Software Key Storage Provider
 Flags:		0x40
 DeletionType: 		0x0
 Key Name:	ChromeMetricsTestKey
 Key File Name:	1e313dfb17707690d41bc1ce552b952a_871e017e-bcbc-4dc7-98b5-1cc935df09e8
 ProcessName:	C:\Program Files (x86)\Microsoft\EdgeWebView\Application\151.0.4129.86\msedgewebview2.exe
 ProcessId:	0x554
 ServerThreadId:	0x3730
 UserId:	S-1-12-1-2357405129-1281513531-255772574-1816207334
 ServiceTag:	
 Return Code:	0x0"
"18-08-2026 10:42:30","9","Verbose","Microsoft-Windows-Crypto-NCrypt","Key write succeeded.

 Provider Name:	Microsoft Software Key Storage Provider
 ModificationType: 		0x1
 Flags:		0x1
 Key Name:	ChromeMetricsTestKey
 Key File Name:	1e313dfb17707690d41bc1ce552b952a_871e017e-bcbc-4dc7-98b5-1cc935df09e8
 ProcessName:	C:\Program Files (x86)\Microsoft\EdgeWebView\Application\151.0.4129.86\msedgewebview2.exe
 ProcessId:	0x554
 ServerThreadId:	0x3730
 UserId:	S-1-12-1-2357405129-1281513531-255772574-1816207334
 ServiceTag:	
 Return Code:	0x0"
"18-08-2026 10:42:30","15","Information","Microsoft-Windows-Crypto-NCrypt","New client uses VBS Key Isolation
Name: msedgewebview2.exe
Binding status: 0x0 (The operation completed successfully.)
Client instance binding attempts: 1
"
"18-08-2026 10:39:22","11","Verbose","Microsoft-Windows-Crypto-NCrypt","Delete key succeeded.

 Provider Name:	Microsoft Software Key Storage Provider
 Flags:		0x40
 DeletionType: 		0x0
 Key Name:	ChromeMetricsTestKey
 Key File Name:	1e313dfb17707690d41bc1ce552b952a_871e017e-bcbc-4dc7-98b5-1cc935df09e8
 ProcessName:	C:\Program Files\Google\Chrome\Application\chrome.exe
 ProcessId:	0x1D28
 ServerThreadId:	0x64C
 UserId:	S-1-12-1-2357405129-1281513531-255772574-1816207334
 ServiceTag:	
 Return Code:	0x0"
"18-08-2026 10:39:22","9","Verbose","Microsoft-Windows-Crypto-NCrypt","Key write succeeded.

 Provider Name:	Microsoft Software Key Storage Provider
 ModificationType: 		0x1
 Flags:		0x1
 Key Name:	ChromeMetricsTestKey
 Key File Name:	1e313dfb17707690d41bc1ce552b952a_871e017e-bcbc-4dc7-98b5-1cc935df09e8
 ProcessName:	C:\Program Files\Google\Chrome\Application\chrome.exe
 ProcessId:	0x1D28
 ServerThreadId:	0x5784
 UserId:	S-1-12-1-2357405129-1281513531-255772574-1816207334
 ServiceTag:	
 Return Code:	0x0"
"18-08-2026 10:39:22","15","Information","Microsoft-Windows-Crypto-NCrypt","New client uses VBS Key Isolation
Name: chrome.exe
Binding status: 0x0 (The operation completed successfully.)
Client instance binding attempts: 1
"
"18-08-2026 10:38:30","11","Verbose","Microsoft-Windows-Crypto-NCrypt","Delete key succeeded.

 Provider Name:	Microsoft Software Key Storage Provider
 Flags:		0x40
 DeletionType: 		0x0
 Key Name:	ChromeMetricsTestKey
 Key File Name:	1e313dfb17707690d41bc1ce552b952a_871e017e-bcbc-4dc7-98b5-1cc935df09e8
 ProcessName:	C:\Program Files (x86)\Microsoft\Edge\Application\msedge.exe
 ProcessId:	0x44C4
 ServerThreadId:	0x620
 UserId:	S-1-12-1-2357405129-1281513531-255772574-1816207334
 ServiceTag:	
 Return Code:	0x0"
"18-08-2026 10:38:30","9","Verbose","Microsoft-Windows-Crypto-NCrypt","Key write succeeded.

 Provider Name:	Microsoft Software Key Storage Provider
 ModificationType: 		0x1
 Flags:		0x1
 Key Name:	ChromeMetricsTestKey
 Key File Name:	1e313dfb17707690d41bc1ce552b952a_871e017e-bcbc-4dc7-98b5-1cc935df09e8
 ProcessName:	C:\Program Files (x86)\Microsoft\Edge\Application\msedge.exe
 ProcessId:	0x44C4
 ServerThreadId:	0x620
 UserId:	S-1-12-1-2357405129-1281513531-255772574-1816207334
 ServiceTag:	
 Return Code:	0x0"
"18-08-2026 10:38:30","15","Information","Microsoft-Windows-Crypto-NCrypt","New client uses VBS Key Isolation
Name: msedge.exe
Binding status: 0x0 (The operation completed successfully.)
Client instance binding attempts: 1
"
"18-08-2026 10:34:43","11","Verbose","Microsoft-Windows-Crypto-NCrypt","Delete key succeeded.

 Provider Name:	Microsoft Software Key Storage Provider
 Flags:		0x40
 DeletionType: 		0x0
 Key Name:	ChromeMetricsTestKey
 Key File Name:	1e313dfb17707690d41bc1ce552b952a_871e017e-bcbc-4dc7-98b5-1cc935df09e8
 ProcessName:	C:\Program Files\Google\Chrome\Application\chrome.exe
 ProcessId:	0x5658
 ServerThreadId:	0x4F54
 UserId:	S-1-12-1-2357405129-1281513531-255772574-1816207334
 ServiceTag:	
 Return Code:	0x0"
"18-08-2026 10:34:43","9","Verbose","Microsoft-Windows-Crypto-NCrypt","Key write succeeded.

 Provider Name:	Microsoft Software Key Storage Provider
 ModificationType: 		0x1
 Flags:		0x1
 Key Name:	ChromeMetricsTestKey
 Key File Name:	1e313dfb17707690d41bc1ce552b952a_871e017e-bcbc-4dc7-98b5-1cc935df09e8
 ProcessName:	C:\Program Files\Google\Chrome\Application\chrome.exe
 ProcessId:	0x5658
 ServerThreadId:	0x4F54
 UserId:	S-1-12-1-2357405129-1281513531-255772574-1816207334
 ServiceTag:	
 Return Code:	0x0"
"18-08-2026 10:34:43","15","Information","Microsoft-Windows-Crypto-NCrypt","New client uses VBS Key Isolation
Name: chrome.exe
Binding status: 0x0 (The operation completed successfully.)
Client instance binding attempts: 1
"
