"TimeCreated","Id","LevelDisplayName","ProviderName","Message"
"18-08-2026 10:46:01","420","Information","Microsoft-Windows-Kernel-PnP","Device ROOT\DELLUTILS\0000 was deleted.

Class GUID: {e0def58b-33e8-4ff0-a75d-f20e1f68e5d7}"
"18-08-2026 10:45:51","410","Information","Microsoft-Windows-Kernel-PnP","Device ROOT\DELLUTILS\0000 was started.

Driver Name: oem571.inf
Class GUID: {e0def58b-33e8-4ff0-a75d-f20e1f68e5d7}
Service: DBUtilDrv2
Lower Filters: 
Upper Filters: "
"18-08-2026 10:45:51","400","Information","Microsoft-Windows-Kernel-PnP","Device ROOT\DELLUTILS\0000 was configured.

Driver Name: oem571.inf
Driver Package ID: dbutildrv2.inf_amd64_a0b1fbed976d2b5b
Class GUID: {e0def58b-33e8-4ff0-a75d-f20e1f68e5d7}
Driver Date: 10/28/2025
Driver Version: 2.7.4.0
Driver Provider: Dell Technologies
Driver Section: DBUtilDrv2_Device.NT
Driver Rank: 0xFF0000
Matching Device ID: ROOT\DBUtilDrv2
Outranked Drivers: 
Device Updated: true
Parent Device: HTREE\ROOT\0"
"18-08-2026 10:45:25","410","Information","Microsoft-Windows-Kernel-PnP","Device PCI\VEN_8086&DEV_7D1D&SUBSYS_0CE81028&REV_05\3&11583659&0&58 was started.

Driver Name: oem570.inf
Class GUID: {f01a9d53-3ff6-48d2-9f97-c8a7004be10c}
Service: npu
Lower Filters: 
Upper Filters: "
"18-08-2026 10:45:24","400","Information","Microsoft-Windows-Kernel-PnP","Device PCI\VEN_8086&DEV_7D1D&SUBSYS_0CE81028&REV_05\3&11583659&0&58 was configured.

Driver Name: oem542.inf
Driver Package ID: npu_extension.inf_amd64_b03f832265ebd3fa
Class GUID: {e2f84ce7-8efa-411c-aa69-97454ca4cb57}
Driver Date: 04/28/2026
Driver Version: 32.0.100.4778
Driver Provider: Intel Corporation
Driver Section: NPU_7D1D_w11_Extension_Install
Driver Rank: 0xFF0001
Matching Device ID: PCI\VEN_8086&DEV_7D1D&SUBSYS_0CE81028
Outranked Drivers: 
Device Updated: true
Parent Device: ACPI\PNP0A08\0"
"18-08-2026 10:45:24","400","Information","Microsoft-Windows-Kernel-PnP","Device PCI\VEN_8086&DEV_7D1D&SUBSYS_0CE81028&REV_05\3&11583659&0&58 was configured.

Driver Name: oem439.inf
Driver Package ID: npu_extension.inf_amd64_94e59c10d33bc0d0
Class GUID: {e2f84ce7-8efa-411c-aa69-97454ca4cb57}
Driver Date: 02/06/2025
Driver Version: 32.0.100.3717
Driver Provider: Intel Corporation
Driver Section: NPU_7D1D_w11_Extension_Install
Driver Rank: 0xFF0001
Matching Device ID: PCI\VEN_8086&DEV_7D1D&SUBSYS_0CE81028
Outranked Drivers: 
Device Updated: true
Parent Device: ACPI\PNP0A08\0"
"18-08-2026 10:45:24","400","Information","Microsoft-Windows-Kernel-PnP","Device PCI\VEN_8086&DEV_7D1D&SUBSYS_0CE81028&REV_05\3&11583659&0&58 was configured.

Driver Name: oem570.inf
Driver Package ID: npu.inf_amd64_0754c063a02f24ab
Class GUID: {f01a9d53-3ff6-48d2-9f97-c8a7004be10c}
Driver Date: 04/28/2026
Driver Version: 32.0.100.4778
Driver Provider: Intel Corporation
Driver Section: NPU2_7_w11_26100_DS
Driver Rank: 0xFE2001
Matching Device ID: PCI\VEN_8086&DEV_7D1D
Outranked Drivers: oem55.inf:PCI\VEN_8086&DEV_7D1D:00FF2001 oem108.inf:PCI\VEN_8086&DEV_7D1D:00FF2001 oem156.inf:PCI\VEN_8086&DEV_7D1D:00FF2001 oem392.inf:PCI\VEN_8086&DEV_7D1D:00FF2001 oem483.inf:PCI\VEN_8086&DEV_7D1D:00FF2001 oem530.inf:PCI\VEN_8086&DEV_7D1D:00FE2001
Device Updated: true
Parent Device: ACPI\PNP0A08\0"
"18-08-2026 10:44:23","410","Information","Microsoft-Windows-Kernel-PnP","Device PCI\VEN_8086&DEV_57A0&SUBSYS_0CE81028&REV_00\3&11583659&0&FE was started.

Driver Name: oem568.inf
Class GUID: {4d36e972-e325-11ce-bfc1-08002be10318}
Service: e1dnexpress
Lower Filters: 
Upper Filters: "
"18-08-2026 10:44:19","400","Information","Microsoft-Windows-Kernel-PnP","Device PCI\VEN_8086&DEV_57A0&SUBSYS_0CE81028&REV_00\3&11583659&0&FE was configured.

Driver Name: oem131.inf
Driver Package ID: e1d_ext.inf_amd64_53bd5c3c8be4cc0b
Class GUID: {e2f84ce7-8efa-411c-aa69-97454ca4cb57}
Driver Date: 01/29/2026
Driver Version: 1.0.0.5
Driver Provider: OEM
Driver Section: HWIDInstall.10.0
Driver Rank: 0xFF2001
Matching Device ID: PCI\VEN_8086&DEV_57A0
Outranked Drivers: 
Device Updated: true
Parent Device: ACPI\PNP0A08\0"
"18-08-2026 10:44:19","400","Information","Microsoft-Windows-Kernel-PnP","Device PCI\VEN_8086&DEV_57A0&SUBSYS_0CE81028&REV_00\3&11583659&0&FE was configured.

Driver Name: oem568.inf
Driver Package ID: e1dn.inf_amd64_c2862558bc95981c
Class GUID: {4d36e972-e325-11ce-bfc1-08002be10318}
Driver Date: 02/05/2026
Driver Version: 20.0.3.28
Driver Provider: Intel
Driver Section: I219.10.0...22000
Driver Rank: 0xFF2001
Matching Device ID: PCI\VEN_8086&DEV_57A0
Outranked Drivers: oem17.inf:PCI\VEN_8086&DEV_57A0:00FF2001 oem42.inf:PCI\VEN_8086&DEV_57A0:00FF2001 oem255.inf:PCI\VEN_8086&DEV_57A0:00FF2001 oem331.inf:PCI\VEN_8086&DEV_57A0:00FF2001 oem395.inf:PCI\VEN_8086&DEV_57A0:00FF2001 oem450.inf:PCI\VEN_8086&DEV_57A0:00FF2001 oem480.inf:PCI\VEN_8086&DEV_57A0:00FF2001 oem481.inf:PCI\VEN_8086&DEV_57A0:00FF2001
Device Updated: true
Parent Device: ACPI\PNP0A08\0"
"18-08-2026 10:43:58","410","Information","Microsoft-Windows-Kernel-PnP","Device SWD\DRIVERENUM\OEM_WMI_component&4&22da4739&0 was started.

Driver Name: oem567.inf
Class GUID: {5c4c3332-344d-483c-8739-259e934c9cc8}
Service: 
Lower Filters: 
Upper Filters: "
"18-08-2026 10:43:58","400","Information","Microsoft-Windows-Kernel-PnP","Device SWD\DRIVERENUM\OEM_WMI_component&4&22da4739&0 was configured.

Driver Name: oem567.inf
Driver Package ID: mewmiprov.inf_amd64_92a56761ef7ba712
Class GUID: {5c4c3332-344d-483c-8739-259e934c9cc8}
Driver Date: 11/13/2025
Driver Version: 2546.9.2.0
Driver Provider: Intel
Driver Section: MEWMIProvInstallSection
Driver Rank: 0xFF0000
Matching Device ID: SWC\06657A6D-FE0F-4C90-8DDA-A1501C74CE4B
Outranked Drivers: oem13.inf:SWC\06657A6D-FE0F-4C90-8DDA-A1501C74CE4B:00FF0000 oem309.inf:SWC\06657A6D-FE0F-4C90-8DDA-A1501C74CE4B:00FF0000 oem436.inf:SWC\06657A6D-FE0F-4C90-8DDA-A1501C74CE4B:00FF0000 oem471.inf:SWC\06657A6D-FE0F-4C90-8DDA-A1501C74CE4B:00FF0000 c_swcomponent.inf:SWC\Generic:00FF3000 c_swdevice.inf:SWD\GenericRaw:00FF3001
Device Updated: true
Parent Device: PCI\VEN_8086&DEV_7770&SUBSYS_0CE81028&REV_00\3&11583659&0&B0"
"18-08-2026 10:43:51","410","Information","Microsoft-Windows-Kernel-PnP","Device SWD\DRIVERENUM\{babe2782-eb1b-46a7-871a-f043d3200542}#WiMan_Component&4&22da4739&0 was started.

Driver Name: oem566.inf
Class GUID: {5c4c3332-344d-483c-8739-259e934c9cc8}
Service: WiManHio
Lower Filters: 
Upper Filters: "
"18-08-2026 10:43:51","400","Information","Microsoft-Windows-Kernel-PnP","Device SWD\DRIVERENUM\{babe2782-eb1b-46a7-871a-f043d3200542}#WiMan_Component&4&22da4739&0 was configured.

Driver Name: oem566.inf
Driver Package ID: wiman.inf_amd64_1bb2c76cfbc82913
Class GUID: {5c4c3332-344d-483c-8739-259e934c9cc8}
Driver Date: 02/11/2026
Driver Version: 267.102.85.0
Driver Provider: Intel
Driver Section: WiMan_HECI_IO_MTL_M_Device.NT
Driver Rank: 0xFF0000
Matching Device ID: SWC\E4B9BAF3-7014-4E93-BE10-2922B68D1F40
Outranked Drivers: oem219.inf:SWC\E4B9BAF3-7014-4E93-BE10-2922B68D1F40:00FF0000 oem283.inf:SWC\E4B9BAF3-7014-4E93-BE10-2922B68D1F40:00FF0000 oem433.inf:SWC\E4B9BAF3-7014-4E93-BE10-2922B68D1F40:00FF0000 oem449.inf:SWC\E4B9BAF3-7014-4E93-BE10-2922B68D1F40:00FF0000 c_swcomponent.inf:SWC\Generic:00FF3000 c_swdevice.inf:SWD\GenericRaw:00FF3001
Device Updated: true
Parent Device: PCI\VEN_8086&DEV_7770&SUBSYS_0CE81028&REV_00\3&11583659&0&B0"
"18-08-2026 10:43:03","410","Information","Microsoft-Windows-Kernel-PnP","Device PCI\VEN_8086&DEV_7770&SUBSYS_0CE81028&REV_00\3&11583659&0&B0 was started.

Driver Name: oem561.inf
Class GUID: {4d36e97d-e325-11ce-bfc1-08002be10318}
Service: MEIx64
Lower Filters: 
Upper Filters: "
"18-08-2026 10:43:03","410","Information","Microsoft-Windows-Kernel-PnP","Device PCI\VEN_8086&DEV_7D0D&SUBSYS_0CE81028&REV_01\3&11583659&0&50 was started.

Driver Name: oem559.inf
Class GUID: {4d36e97d-e325-11ce-bfc1-08002be10318}
Service: IntcPMT
Lower Filters: 
Upper Filters: "
"18-08-2026 10:43:03","400","Information","Microsoft-Windows-Kernel-PnP","Device PCI\VEN_8086&DEV_7770&SUBSYS_0CE81028&REV_00\3&11583659&0&B0 was configured.

Driver Name: oem535.inf
Driver Package ID: wiman_wlan_extension.inf_amd64_0725f77e4ab8e3be
Class GUID: {e2f84ce7-8efa-411c-aa69-97454ca4cb57}
Driver Date: 02/11/2026
Driver Version: 267.102.85.0
Driver Provider: Intel
Driver Section: WiManWlanExtInstallSection_HECI_IO_MTL_M.NT
Driver Rank: 0xFF2001
Matching Device ID: PCI\VEN_8086&DEV_7770
Outranked Drivers: 
Device Updated: true
Parent Device: ACPI\PNP0A08\0"
"18-08-2026 10:43:03","400","Information","Microsoft-Windows-Kernel-PnP","Device PCI\VEN_8086&DEV_7770&SUBSYS_0CE81028&REV_00\3&11583659&0&B0 was configured.

Driver Name: oem561.inf
Driver Package ID: heci.inf_amd64_2cf34ae32801c8e6
Class GUID: {4d36e97d-e325-11ce-bfc1-08002be10318}
Driver Date: 01/13/2026
Driver Version: 2603.9.4.0
Driver Provider: Intel
Driver Section: TEE_DDI_x64
Driver Rank: 0xFF2001
Matching Device ID: PCI\VEN_8086&DEV_7770
Outranked Drivers: oem65.inf:PCI\VEN_8086&DEV_7770:00FF2001 oem107.inf:PCI\VEN_8086&DEV_7770:00FF2001 oem162.inf:PCI\VEN_8086&DEV_7770:00FF2001 oem227.inf:PCI\VEN_8086&DEV_7770:00FF2001 oem319.inf:PCI\VEN_8086&DEV_7770:00FF2001
Device Updated: true
Parent Device: ACPI\PNP0A08\0"
"18-08-2026 10:42:35","400","Information","Microsoft-Windows-Kernel-PnP","Device PCI\VEN_8086&DEV_7D0D&SUBSYS_0CE81028&REV_01\3&11583659&0&50 was configured.

Driver Name: oem538.inf
Driver Package ID: pmtprovider_ext.inf_amd64_b2d2696e722bfc78
Class GUID: {e2f84ce7-8efa-411c-aa69-97454ca4cb57}
Driver Date: 03/12/2026
Driver Version: 3.4.1007.0
Driver Provider: Intel
Driver Section: IpfEfPmtProviderInstall.NTamd64
Driver Rank: 0xFF2001
Matching Device ID: PCI\VEN_8086&DEV_7D0D
Outranked Drivers: 
Device Updated: true
Parent Device: ACPI\PNP0A08\0"
"18-08-2026 10:42:35","400","Information","Microsoft-Windows-Kernel-PnP","Device PCI\VEN_8086&DEV_7D0D&SUBSYS_0CE81028&REV_01\3&11583659&0&50 was configured.

Driver Name: oem559.inf
Driver Package ID: intcpmt.inf_amd64_253b08e8cf330776
Class GUID: {4d36e97d-e325-11ce-bfc1-08002be10318}
Driver Date: 02/16/2026
Driver Version: 3.2.0.22
Driver Provider: Intel(R) Platform Monitoring Technology (PMT) Device
Driver Section: CPUPMT_Device
Driver Rank: 0xFF2001
Matching Device ID: PCI\VEN_8086&DEV_7D0D
Outranked Drivers: oem308.inf:PCI\VEN_8086&DEV_7D0D:00FF2001
Device Updated: true
Parent Device: ACPI\PNP0A08\0"
"18-08-2026 10:42:21","400","Information","Microsoft-Windows-Kernel-PnP","Device SWC\VID8086_PPM_Provisioning_B0650_1.0\00 was configured.

Driver Name: oem390.inf
Driver Package ID: ipfppm_sw.inf_amd64_020076bc4ee508ce
Class GUID: {5c4c3332-344d-483c-8739-259e934c9cc8}
Driver Date: 07/15/2025
Driver Version: 1.0.0.158
Driver Provider: Intel
Driver Section: IpfPpmInstall_Win11_24h2_ARL_H_U.NTamd64
Driver Rank: 0xFF0000
Matching Device ID: SWC\VID8086_PPM_Provisioning_B0650_1.0
Outranked Drivers: oem454.inf:SWC\VID8086_PPM_Provisioning_B0650_1.0:00FF0000
Device Updated: true
Parent Device: PCI\VEN_8086&DEV_7D03&SUBSYS_0CE81028&REV_05\3&11583659&0&20"
"18-08-2026 10:42:18","400","Information","Microsoft-Windows-Kernel-PnP","Device SWC\VID8086_PPM_Provisioning_B0650_1.0\00 was configured.

Driver Name: oem454.inf
Driver Package ID: ipfppm_sw.inf_amd64_ce63fd8b6da3decd
Class GUID: {5c4c3332-344d-483c-8739-259e934c9cc8}
Driver Date: 11/07/2024
Driver Version: 1.0.0.49
Driver Provider: Intel
Driver Section: IpfPpmInstall_Win11_24h2_ARL_ALL.NTamd64
Driver Rank: 0xFF0000
Matching Device ID: SWC\VID8086_PPM_Provisioning_B0650_1.0
Outranked Drivers: oem390.inf:SWC\VID8086_PPM_Provisioning_B0650_1.0:00FF0000
Device Updated: true
Parent Device: PCI\VEN_8086&DEV_7D03&SUBSYS_0CE81028&REV_05\3&11583659&0&20"
"18-08-2026 10:42:17","410","Information","Microsoft-Windows-Kernel-PnP","Device SWD\DRIVERENUM\{03849b83-de07-4366-addd-7b5dbb16ecfc}#IpfEfProviderComponent&4&23556e4&0 was started.

Driver Name: oem557.inf
Class GUID: {5c4c3332-344d-483c-8739-259e934c9cc8}
Service: PRI-Driver
Lower Filters: 
Upper Filters: "
"18-08-2026 10:42:17","410","Information","Microsoft-Windows-Kernel-PnP","Device SWD\DRIVERENUM\{f7bc2682-70eb-4557-b9e0-86b069b3709c}#IpfEfProviderComponent&5&2c393730&0 was started.

Driver Name: oem555.inf
Class GUID: {5c4c3332-344d-483c-8739-259e934c9cc8}
Service: PRI-Driver
Lower Filters: 
Upper Filters: "
"18-08-2026 10:42:17","410","Information","Microsoft-Windows-Kernel-PnP","Device SWD\DRIVERENUM\{d10bfa0c-8cb5-4674-8428-3633604b8c33}#IpfEfProviderComponent&5&2c393730&0 was started.

Driver Name: oem554.inf
Class GUID: {5c4c3332-344d-483c-8739-259e934c9cc8}
Service: PRI-Driver
Lower Filters: 
Upper Filters: "
"18-08-2026 10:42:16","410","Information","Microsoft-Windows-Kernel-PnP","Device SWD\DRIVERENUM\{943855cc-edb2-421e-bf96-9d11d12e7430}#IpfEfPMTProviderComponent&4&22e119fc&0 was started.

Driver Name: oem556.inf
Class GUID: {5c4c3332-344d-483c-8739-259e934c9cc8}
Service: IntelTACD
Lower Filters: 
Upper Filters: "
"18-08-2026 10:41:57","410","Information","Microsoft-Windows-Kernel-PnP","Device SWD\DRIVERENUM\{f2d8c2cd-6407-49ee-8bd1-7213a57b87f6}#IpfEfProviderComponent&5&2c393730&0 was started.

Driver Name: oem558.inf
Class GUID: {5c4c3332-344d-483c-8739-259e934c9cc8}
Service: 
Lower Filters: 
Upper Filters: "
"18-08-2026 10:41:57","400","Information","Microsoft-Windows-Kernel-PnP","Device SWD\DRIVERENUM\{f2d8c2cd-6407-49ee-8bd1-7213a57b87f6}#IpfEfProviderComponent&5&2c393730&0 was configured.

Driver Name: oem558.inf
Driver Package ID: systemconfigprovider_sw.inf_amd64_7aef4a585b44ad8a
Class GUID: {5c4c3332-344d-483c-8739-259e934c9cc8}
Driver Date: 03/12/2026
Driver Version: 3.4.1007.0
Driver Provider: Intel
Driver Section: IpfEfProviderInstall.NTamd64
Driver Rank: 0xFF0000
Matching Device ID: SWC\VID8086_IPFEF_SYSCONFIG_PROVIDER_1.0
Outranked Drivers: oem228.inf:SWC\VID8086_IPFEF_SYSCONFIG_PROVIDER_1.0:00FF0000 oem511.inf:SWC\VID8086_IPFEF_SYSCONFIG_PROVIDER_1.0:00FF0000 c_swcomponent.inf:SWC\Generic:00FF3000 c_swdevice.inf:SWD\GenericRaw:00FF3001
Device Updated: true
Parent Device: SWD\DRIVERENUM\IpfEfExtComponent&4&23556e4&0"
"18-08-2026 10:41:54","400","Information","Microsoft-Windows-Kernel-PnP","Device SWD\DRIVERENUM\{03849b83-de07-4366-addd-7b5dbb16ecfc}#IpfEfProviderComponent&4&23556e4&0 was configured.

Driver Name: oem557.inf
Driver Package ID: socthermalprovider_sw.inf_amd64_f44c5c7460ea805a
Class GUID: {5c4c3332-344d-483c-8739-259e934c9cc8}
Driver Date: 03/12/2026
Driver Version: 3.4.1007.0
Driver Provider: Intel
Driver Section: IpfEfProviderInstall.NTamd64
Driver Rank: 0xFF0000
Matching Device ID: SWC\VID8086_IPFEF_SOCTHERMAL_PROVIDER_1.0
Outranked Drivers: oem50.inf:SWC\VID8086_IPFEF_SOCTHERMAL_PROVIDER_1.0:00FF0000 oem510.inf:SWC\VID8086_IPFEF_SOCTHERMAL_PROVIDER_1.0:00FF0000 c_swcomponent.inf:SWC\Generic:00FF3000 c_swdevice.inf:SWD\GenericRaw:00FF3001
Device Updated: true
Parent Device: PCI\VEN_8086&DEV_7D03&SUBSYS_0CE81028&REV_05\3&11583659&0&20"
"18-08-2026 10:41:51","400","Information","Microsoft-Windows-Kernel-PnP","Device SWD\DRIVERENUM\{943855cc-edb2-421e-bf96-9d11d12e7430}#IpfEfPMTProviderComponent&4&22e119fc&0 was configured.

Driver Name: oem556.inf
Driver Package ID: pmtprovider_sw.inf_amd64_a6a0998f3daf97f3
Class GUID: {5c4c3332-344d-483c-8739-259e934c9cc8}
Driver Date: 03/12/2026
Driver Version: 3.4.1007.0
Driver Provider: Intel
Driver Section: IpfEfProviderInstall.NTamd64
Driver Rank: 0xFF0000
Matching Device ID: SWC\VID8086_IPFEF_PMT_PROVIDER_1.0
Outranked Drivers: oem104.inf:SWC\VID8086_IPFEF_PMT_PROVIDER_1.0:00FF0000 oem509.inf:SWC\VID8086_IPFEF_PMT_PROVIDER_1.0:00FF0000 c_swcomponent.inf:SWC\Generic:00FF3000 c_swdevice.inf:SWD\GenericRaw:00FF3001
Device Updated: true
Parent Device: PCI\VEN_8086&DEV_7D0D&SUBSYS_0CE81028&REV_01\3&11583659&0&50"
"18-08-2026 10:41:33","400","Information","Microsoft-Windows-Kernel-PnP","Device SWD\DRIVERENUM\{f7bc2682-70eb-4557-b9e0-86b069b3709c}#IpfEfProviderComponent&5&2c393730&0 was configured.

Driver Name: oem555.inf
Driver Package ID: perfmonprovider_sw.inf_amd64_25466395ebd453ae
Class GUID: {5c4c3332-344d-483c-8739-259e934c9cc8}
Driver Date: 03/12/2026
Driver Version: 3.4.1007.0
Driver Provider: Intel
Driver Section: IpfEfProviderInstall.NTamd64
Driver Rank: 0xFF0000
Matching Device ID: SWC\VID8086_IPFEF_PERFMON_PROVIDER_1.0
Outranked Drivers: oem440.inf:SWC\VID8086_IPFEF_PERFMON_PROVIDER_1.0:00FF0000 oem508.inf:SWC\VID8086_IPFEF_PERFMON_PROVIDER_1.0:00FF0000 c_swcomponent.inf:SWC\Generic:00FF3000 c_swdevice.inf:SWD\GenericRaw:00FF3001
Device Updated: true
Parent Device: SWD\DRIVERENUM\IpfEfExtComponent&4&23556e4&0"
"18-08-2026 10:41:29","400","Information","Microsoft-Windows-Kernel-PnP","Device SWD\DRIVERENUM\{d10bfa0c-8cb5-4674-8428-3633604b8c33}#IpfEfProviderComponent&5&2c393730&0 was configured.

Driver Name: oem554.inf
Driver Package ID: pcdtelemetryprovider_sw.inf_amd64_38de36dde4246502
Class GUID: {5c4c3332-344d-483c-8739-259e934c9cc8}
Driver Date: 03/12/2026
Driver Version: 3.4.1007.0
Driver Provider: Intel
Driver Section: IpfEfProviderInstall.NTamd64
Driver Rank: 0xFF0000
Matching Device ID: SWC\VID8086_IPFEF_PCDTELEMETRY_PROVIDER_1.0
Outranked Drivers: oem507.inf:SWC\VID8086_IPFEF_PCDTELEMETRY_PROVIDER_1.0:00FF0000 c_swcomponent.inf:SWC\Generic:00FF3000 c_swdevice.inf:SWD\GenericRaw:00FF3001
Device Updated: true
Parent Device: SWD\DRIVERENUM\IpfEfExtComponent&4&23556e4&0"
"18-08-2026 10:41:26","410","Information","Microsoft-Windows-Kernel-PnP","Device SWD\DRIVERENUM\{322d459e-4d85-49b2-a700-b7df5808268c}#IpfEfProviderComponent&5&2c393730&0 was started.

Driver Name: oem553.inf
Class GUID: {5c4c3332-344d-483c-8739-259e934c9cc8}
Service: 
Lower Filters: 
Upper Filters: "
"18-08-2026 10:41:26","400","Information","Microsoft-Windows-Kernel-PnP","Device SWD\DRIVERENUM\{322d459e-4d85-49b2-a700-b7df5808268c}#IpfEfProviderComponent&5&2c393730&0 was configured.

Driver Name: oem553.inf
Driver Package ID: modsprovider_sw.inf_amd64_47ccf6a8e16f0665
Class GUID: {5c4c3332-344d-483c-8739-259e934c9cc8}
Driver Date: 03/12/2026
Driver Version: 3.4.1007.0
Driver Provider: Intel
Driver Section: IpfEfProviderInstall.NTamd64
Driver Rank: 0xFF0000
Matching Device ID: SWC\VID8086_IPEF_MODERN_STANDBY_PROVIDER_1.0
Outranked Drivers: oem186.inf:SWC\VID8086_IPEF_MODERN_STANDBY_PROVIDER_1.0:00FF0000 oem506.inf:SWC\VID8086_IPEF_MODERN_STANDBY_PROVIDER_1.0:00FF0000 c_swcomponent.inf:SWC\Generic:00FF3000 c_swdevice.inf:SWD\GenericRaw:00FF3001
Device Updated: true
Parent Device: SWD\DRIVERENUM\IpfEfExtComponent&4&23556e4&0"
"18-08-2026 10:41:20","410","Information","Microsoft-Windows-Kernel-PnP","Device SWD\DRIVERENUM\IpfEfExtComponent&4&23556e4&0 was started.

Driver Name: oem550.inf
Class GUID: {4d36e97d-e325-11ce-bfc1-08002be10318}
Service: 
Lower Filters: 
Upper Filters: "
"18-08-2026 10:40:26","400","Information","Microsoft-Windows-Kernel-PnP","Device SWD\DRIVERENUM\IpfEfExtComponent&4&23556e4&0 was configured.

Driver Name: oem540.inf
Driver Package ID: modsprovider_ext.inf_amd64_93a509c7f48afa89
Class GUID: {e2f84ce7-8efa-411c-aa69-97454ca4cb57}
Driver Date: 03/12/2026
Driver Version: 3.4.1007.0
Driver Provider: Intel
Driver Section: IpfEfProviderInstall.NTamd64
Driver Rank: 0xFF0000
Matching Device ID: SWC\VID8086_IPFEF_1.0
Outranked Drivers: 
Device Updated: true
Parent Device: PCI\VEN_8086&DEV_7D03&SUBSYS_0CE81028&REV_05\3&11583659&0&20"
"18-08-2026 10:40:26","400","Information","Microsoft-Windows-Kernel-PnP","Device SWD\DRIVERENUM\IpfEfExtComponent&4&23556e4&0 was configured.

Driver Name: oem537.inf
Driver Package ID: perfmonprovider_ext.inf_amd64_229f9e750b3d815b
Class GUID: {e2f84ce7-8efa-411c-aa69-97454ca4cb57}
Driver Date: 03/12/2026
Driver Version: 3.4.1007.0
Driver Provider: Intel
Driver Section: IpfEfProviderInstall.NTamd64
Driver Rank: 0xFF0000
Matching Device ID: SWC\VID8086_IPFEF_1.0
Outranked Drivers: 
Device Updated: true
Parent Device: PCI\VEN_8086&DEV_7D03&SUBSYS_0CE81028&REV_05\3&11583659&0&20"
"18-08-2026 10:40:26","400","Information","Microsoft-Windows-Kernel-PnP","Device SWD\DRIVERENUM\IpfEfExtComponent&4&23556e4&0 was configured.

Driver Name: oem536.inf
Driver Package ID: systemconfigprovider_ext.inf_amd64_2370b64c582c057e
Class GUID: {e2f84ce7-8efa-411c-aa69-97454ca4cb57}
Driver Date: 03/12/2026
Driver Version: 3.4.1007.0
Driver Provider: Intel
Driver Section: IpfEfProviderInstall.NTamd64
Driver Rank: 0xFF0000
Matching Device ID: SWC\VID8086_IPFEF_1.0
Outranked Drivers: 
Device Updated: true
Parent Device: PCI\VEN_8086&DEV_7D03&SUBSYS_0CE81028&REV_05\3&11583659&0&20"
"18-08-2026 10:40:26","400","Information","Microsoft-Windows-Kernel-PnP","Device SWD\DRIVERENUM\IpfEfExtComponent&4&23556e4&0 was configured.

Driver Name: oem494.inf
Driver Package ID: pcdtelemetryprovider_ext.inf_amd64_0e67c963f1432d75
Class GUID: {e2f84ce7-8efa-411c-aa69-97454ca4cb57}
Driver Date: 10/28/2025
Driver Version: 1.2.1001.0
Driver Provider: Intel
Driver Section: IpfEfProviderInstall.NTamd64
Driver Rank: 0xFF0000
Matching Device ID: SWC\VID8086_IPFEF_1.0
Outranked Drivers: 
Device Updated: true
Parent Device: PCI\VEN_8086&DEV_7D03&SUBSYS_0CE81028&REV_05\3&11583659&0&20"
"18-08-2026 10:40:26","400","Information","Microsoft-Windows-Kernel-PnP","Device SWD\DRIVERENUM\IpfEfExtComponent&4&23556e4&0 was configured.

Driver Name: oem488.inf
Driver Package ID: igcl_ipf_provider_ext.inf_amd64_3d8f0106e17ff721
Class GUID: {e2f84ce7-8efa-411c-aa69-97454ca4cb57}
Driver Date: 08/05/2025
Driver Version: 16.1.0.257
Driver Provider: Intel
Driver Section: IpfEfProviderInstall.NTamd64
Driver Rank: 0xFF0000
Matching Device ID: SWC\VID8086_IPFEF_1.0
Outranked Drivers: 
Device Updated: true
Parent Device: PCI\VEN_8086&DEV_7D03&SUBSYS_0CE81028&REV_05\3&11583659&0&20"
"18-08-2026 10:40:26","400","Information","Microsoft-Windows-Kernel-PnP","Device SWD\DRIVERENUM\IpfEfExtComponent&4&23556e4&0 was configured.

Driver Name: oem550.inf
Driver Package ID: ipf_cpu.inf_amd64_67eebeb56ed505a2
Class GUID: {4d36e97d-e325-11ce-bfc1-08002be10318}
Driver Date: 05/01/2026
Driver Version: 2.3.20304.7
Driver Provider: Intel
Driver Section: IpfEfInstall.NTamd64
Driver Rank: 0xFF0000
Matching Device ID: SWC\VID8086_IPFEF_1.0
Outranked Drivers: oem144.inf:SWC\VID8086_IPFEF_1.0:00FF0000 oem451.inf:SWC\VID8086_IPFEF_1.0:00FF0000 oem503.inf:SWC\VID8086_IPFEF_1.0:00FF0000 c_swcomponent.inf:SWC\Generic:00FF3000 c_swdevice.inf:SWD\GenericRaw:00FF3001
Device Updated: true
Parent Device: PCI\VEN_8086&DEV_7D03&SUBSYS_0CE81028&REV_05\3&11583659&0&20"
"18-08-2026 10:40:20","410","Information","Microsoft-Windows-Kernel-PnP","Device PCI\VEN_8086&DEV_7D03&SUBSYS_0CE81028&REV_05\3&11583659&0&20 was started.

Driver Name: oem550.inf
Class GUID: {4d36e97d-e325-11ce-bfc1-08002be10318}
Service: ipf_cpu
Lower Filters: 
Upper Filters: WUDFRd"
"18-08-2026 10:40:16","400","Information","Microsoft-Windows-Kernel-PnP","Device PCI\VEN_8086&DEV_7D03&SUBSYS_0CE81028&REV_05\3&11583659&0&20 was configured.

Driver Name: oem541.inf
Driver Package ID: dtt_ext.inf_amd64_63f21041234bd155
Class GUID: {e2f84ce7-8efa-411c-aa69-97454ca4cb57}
Driver Date: 05/01/2026
Driver Version: 9.1.10010.2297
Driver Provider: Intel
Driver Section: DttExtInstall.NTamd64
Driver Rank: 0xFF2001
Matching Device ID: PCI\VEN_8086&DEV_7D03
Outranked Drivers: 
Device Updated: true
Parent Device: ACPI\PNP0A08\0"
"18-08-2026 10:40:16","400","Information","Microsoft-Windows-Kernel-PnP","Device PCI\VEN_8086&DEV_7D03&SUBSYS_0CE81028&REV_05\3&11583659&0&20 was configured.

Driver Name: oem539.inf
Driver Package ID: socthermalprovider_ext.inf_amd64_132ee8dbe6b96e3c
Class GUID: {e2f84ce7-8efa-411c-aa69-97454ca4cb57}
Driver Date: 03/12/2026
Driver Version: 3.4.1007.0
Driver Provider: Intel
Driver Section: IpfEfSOCThermalProviderInstall.NTamd64
Driver Rank: 0xFF2001
Matching Device ID: PCI\VEN_8086&DEV_7D03
Outranked Drivers: 
Device Updated: true
Parent Device: ACPI\PNP0A08\0"
"18-08-2026 10:40:16","400","Information","Microsoft-Windows-Kernel-PnP","Device PCI\VEN_8086&DEV_7D03&SUBSYS_0CE81028&REV_05\3&11583659&0&20 was configured.

Driver Name: oem550.inf
Driver Package ID: ipf_cpu.inf_amd64_67eebeb56ed505a2
Class GUID: {4d36e97d-e325-11ce-bfc1-08002be10318}
Driver Date: 05/01/2026
Driver Version: 2.3.20304.7
Driver Provider: Intel
Driver Section: IpfInstall_EF.NTamd64
Driver Rank: 0xFF2001
Matching Device ID: PCI\VEN_8086&DEV_7D03
Outranked Drivers: oem144.inf:PCI\VEN_8086&DEV_7D03:00FF2001 oem451.inf:PCI\VEN_8086&DEV_7D03:00FF2001 oem503.inf:PCI\VEN_8086&DEV_7D03:00FF2001
Device Updated: true
Parent Device: ACPI\PNP0A08\0"
"18-08-2026 10:40:07","410","Information","Microsoft-Windows-Kernel-PnP","Device ACPI\INTC1042\IETM was started.

Driver Name: oem549.inf
Class GUID: {4d36e97d-e325-11ce-bfc1-08002be10318}
Service: ipf_acpi
Lower Filters: 
Upper Filters: "
"18-08-2026 10:40:07","400","Information","Microsoft-Windows-Kernel-PnP","Device ACPI\INTC1042\IETM was configured.

Driver Name: oem549.inf
Driver Package ID: ipf_acpi.inf_amd64_8ffec8091f41a746
Class GUID: {4d36e97d-e325-11ce-bfc1-08002be10318}
Driver Date: 05/01/2026
Driver Version: 2.3.20304.7
Driver Provider: Intel
Driver Section: IpfAcpi.NTamd64
Driver Rank: 0xFF0001
Matching Device ID: ACPI\INTC1042
Outranked Drivers: oem266.inf:ACPI\INTC1042:00FF0001 oem312.inf:ACPI\INTC1042:00FF0001 oem502.inf:ACPI\INTC1042:00FF0001
Device Updated: true
Parent Device: ACPI_HAL\PNP0C08\0"
"18-08-2026 10:40:05","410","Information","Microsoft-Windows-Kernel-PnP","Device ACPI\INTC1064\TPCH was started.

Driver Name: oem549.inf
Class GUID: {4d36e97d-e325-11ce-bfc1-08002be10318}
Service: ipf_acpi
Lower Filters: 
Upper Filters: "
"18-08-2026 10:40:05","400","Information","Microsoft-Windows-Kernel-PnP","Device ACPI\INTC1064\TPCH was configured.

Driver Name: oem549.inf
Driver Package ID: ipf_acpi.inf_amd64_8ffec8091f41a746
Class GUID: {4d36e97d-e325-11ce-bfc1-08002be10318}
Driver Date: 05/01/2026
Driver Version: 2.3.20304.7
Driver Provider: Intel
Driver Section: IpfAcpi.NTamd64
Driver Rank: 0xFF0001
Matching Device ID: ACPI\INTC1064
Outranked Drivers: oem266.inf:ACPI\INTC1064:00FF0001 oem312.inf:ACPI\INTC1064:00FF0001 oem502.inf:ACPI\INTC1064:00FF0001
Device Updated: true
Parent Device: ACPI\INTC1042\IETM"
"18-08-2026 10:40:02","410","Information","Microsoft-Windows-Kernel-PnP","Device ACPI\INTC1062\SEN6 was started.

Driver Name: oem549.inf
Class GUID: {4d36e97d-e325-11ce-bfc1-08002be10318}
Service: ipf_acpi
Lower Filters: 
Upper Filters: "
"18-08-2026 10:40:02","400","Information","Microsoft-Windows-Kernel-PnP","Device ACPI\INTC1062\SEN6 was configured.

Driver Name: oem549.inf
Driver Package ID: ipf_acpi.inf_amd64_8ffec8091f41a746
Class GUID: {4d36e97d-e325-11ce-bfc1-08002be10318}
Driver Date: 05/01/2026
Driver Version: 2.3.20304.7
Driver Provider: Intel
Driver Section: IpfAcpi.NTamd64
Driver Rank: 0xFF0001
Matching Device ID: ACPI\INTC1062
Outranked Drivers: oem266.inf:ACPI\INTC1062:00FF0001 oem312.inf:ACPI\INTC1062:00FF0001 oem502.inf:ACPI\INTC1062:00FF0001
Device Updated: true
Parent Device: ACPI\INTC1042\IETM"
"18-08-2026 10:40:00","410","Information","Microsoft-Windows-Kernel-PnP","Device ACPI\INTC1062\SEN5 was started.

Driver Name: oem549.inf
Class GUID: {4d36e97d-e325-11ce-bfc1-08002be10318}
Service: ipf_acpi
Lower Filters: 
Upper Filters: "
"18-08-2026 10:40:00","400","Information","Microsoft-Windows-Kernel-PnP","Device ACPI\INTC1062\SEN5 was configured.

Driver Name: oem549.inf
Driver Package ID: ipf_acpi.inf_amd64_8ffec8091f41a746
Class GUID: {4d36e97d-e325-11ce-bfc1-08002be10318}
Driver Date: 05/01/2026
Driver Version: 2.3.20304.7
Driver Provider: Intel
Driver Section: IpfAcpi.NTamd64
Driver Rank: 0xFF0001
Matching Device ID: ACPI\INTC1062
Outranked Drivers: oem266.inf:ACPI\INTC1062:00FF0001 oem312.inf:ACPI\INTC1062:00FF0001 oem502.inf:ACPI\INTC1062:00FF0001
Device Updated: true
Parent Device: ACPI\INTC1042\IETM"
"18-08-2026 10:39:58","410","Information","Microsoft-Windows-Kernel-PnP","Device ACPI\INTC1062\SEN4 was started.

Driver Name: oem549.inf
Class GUID: {4d36e97d-e325-11ce-bfc1-08002be10318}
Service: ipf_acpi
Lower Filters: 
Upper Filters: "
"18-08-2026 10:39:58","400","Information","Microsoft-Windows-Kernel-PnP","Device ACPI\INTC1062\SEN4 was configured.

Driver Name: oem549.inf
Driver Package ID: ipf_acpi.inf_amd64_8ffec8091f41a746
Class GUID: {4d36e97d-e325-11ce-bfc1-08002be10318}
Driver Date: 05/01/2026
Driver Version: 2.3.20304.7
Driver Provider: Intel
Driver Section: IpfAcpi.NTamd64
Driver Rank: 0xFF0001
Matching Device ID: ACPI\INTC1062
Outranked Drivers: oem266.inf:ACPI\INTC1062:00FF0001 oem312.inf:ACPI\INTC1062:00FF0001 oem502.inf:ACPI\INTC1062:00FF0001
Device Updated: true
Parent Device: ACPI\INTC1042\IETM"
"18-08-2026 10:39:56","410","Information","Microsoft-Windows-Kernel-PnP","Device ACPI\INTC1062\SEN3 was started.

Driver Name: oem549.inf
Class GUID: {4d36e97d-e325-11ce-bfc1-08002be10318}
Service: ipf_acpi
Lower Filters: 
Upper Filters: "
"18-08-2026 10:39:56","400","Information","Microsoft-Windows-Kernel-PnP","Device ACPI\INTC1062\SEN3 was configured.

Driver Name: oem549.inf
Driver Package ID: ipf_acpi.inf_amd64_8ffec8091f41a746
Class GUID: {4d36e97d-e325-11ce-bfc1-08002be10318}
Driver Date: 05/01/2026
Driver Version: 2.3.20304.7
Driver Provider: Intel
Driver Section: IpfAcpi.NTamd64
Driver Rank: 0xFF0001
Matching Device ID: ACPI\INTC1062
Outranked Drivers: oem266.inf:ACPI\INTC1062:00FF0001 oem312.inf:ACPI\INTC1062:00FF0001 oem502.inf:ACPI\INTC1062:00FF0001
Device Updated: true
Parent Device: ACPI\INTC1042\IETM"
"18-08-2026 10:39:54","410","Information","Microsoft-Windows-Kernel-PnP","Device ACPI\INTC1062\SEN2 was started.

Driver Name: oem549.inf
Class GUID: {4d36e97d-e325-11ce-bfc1-08002be10318}
Service: ipf_acpi
Lower Filters: 
Upper Filters: "
"18-08-2026 10:39:54","400","Information","Microsoft-Windows-Kernel-PnP","Device ACPI\INTC1062\SEN2 was configured.

Driver Name: oem549.inf
Driver Package ID: ipf_acpi.inf_amd64_8ffec8091f41a746
Class GUID: {4d36e97d-e325-11ce-bfc1-08002be10318}
Driver Date: 05/01/2026
Driver Version: 2.3.20304.7
Driver Provider: Intel
Driver Section: IpfAcpi.NTamd64
Driver Rank: 0xFF0001
Matching Device ID: ACPI\INTC1062
Outranked Drivers: oem266.inf:ACPI\INTC1062:00FF0001 oem312.inf:ACPI\INTC1062:00FF0001 oem502.inf:ACPI\INTC1062:00FF0001
Device Updated: true
Parent Device: ACPI\INTC1042\IETM"
"18-08-2026 10:39:51","400","Information","Microsoft-Windows-Kernel-PnP","Device ACPI\INTC1062\SEN1 was configured.

Driver Name: oem549.inf
Driver Package ID: ipf_acpi.inf_amd64_8ffec8091f41a746
Class GUID: {4d36e97d-e325-11ce-bfc1-08002be10318}
Driver Date: 05/01/2026
Driver Version: 2.3.20304.7
Driver Provider: Intel
Driver Section: IpfAcpi.NTamd64
Driver Rank: 0xFF0001
Matching Device ID: ACPI\INTC1062
Outranked Drivers: oem266.inf:ACPI\INTC1062:00FF0001 oem312.inf:ACPI\INTC1062:00FF0001 oem502.inf:ACPI\INTC1062:00FF0001
Device Updated: true
Parent Device: ACPI\INTC1042\IETM"
"18-08-2026 10:39:37","410","Information","Microsoft-Windows-Kernel-PnP","Device SWD\DRIVERENUM\{bc7814a1-a80e-44b3-87c6-652eac676387}#DttExtComponent&4&23556e4&0 was started.

Driver Name: oem548.inf
Class GUID: {5c4c3332-344d-483c-8739-259e934c9cc8}
Service: WUDFRd
Lower Filters: 
Upper Filters: "
"18-08-2026 10:39:35","400","Information","Microsoft-Windows-Kernel-PnP","Device SWD\DRIVERENUM\{bc7814a1-a80e-44b3-87c6-652eac676387}#DttExtComponent&4&23556e4&0 was configured.

Driver Name: oem548.inf
Driver Package ID: dtt_sw.inf_amd64_e5ce4162c0997999
Class GUID: {5c4c3332-344d-483c-8739-259e934c9cc8}
Driver Date: 05/01/2026
Driver Version: 9.1.10010.2297
Driver Provider: Intel
Driver Section: DttInstall_Win11_22621.NTamd64
Driver Rank: 0xFF0000
Matching Device ID: SWC\VID8086_DTT_1.0
Outranked Drivers: oem142.inf:SWC\VID8086_DTT_1.0:00FF0000 oem499.inf:SWC\VID8086_DTT_1.0:00FF0000 c_swcomponent.inf:SWC\Generic:00FF3000 c_swdevice.inf:SWD\GenericRaw:00FF3001
Device Updated: true
Parent Device: PCI\VEN_8086&DEV_7D03&SUBSYS_0CE81028&REV_05\3&11583659&0&20"
"17-08-2026 10:04:50","410","Information","Microsoft-Windows-Kernel-PnP","Device SWD\PRINTENUM\{C0C55ADB-1C01-4B51-B1D1-090920F616EA} was started.

Driver Name: printqueue.inf
Class GUID: {1ed2bbf9-11f0-4084-b21f-ad83a8e6dcdc}
Service: 
Lower Filters: 
Upper Filters: "
"17-08-2026 10:04:50","400","Information","Microsoft-Windows-Kernel-PnP","Device SWD\PRINTENUM\{C0C55ADB-1C01-4B51-B1D1-090920F616EA} was configured.

Driver Name: printqueue.inf
Driver Package ID: printqueue.inf_amd64_044b5f13f940e7c8
Class GUID: {1ed2bbf9-11f0-4084-b21f-ad83a8e6dcdc}
Driver Date: 06/21/2006
Driver Version: 10.0.26100.1
Driver Provider: Microsoft
Driver Section: NO_DRV_LOCAL
Driver Rank: 0x1
Matching Device ID: PRINTENUM\LocalPrintQueue
Outranked Drivers: oem455.inf:{3ee39114-30b4-45a4-a109-19d4a40fcc22}:00FF0002 c_swdevice.inf:SWD\GenericRaw:00FF3001
Device Updated: false
Parent Device: SWD\PRINTENUM\PrintQueues"
"17-08-2026 10:04:49","420","Information","Microsoft-Windows-Kernel-PnP","Device SWD\PRINTENUM\{4FEAB96C-5CB8-4997-9C41-B605A445B317} was deleted.

Class GUID: {1ed2bbf9-11f0-4084-b21f-ad83a8e6dcdc}"
"17-08-2026 09:48:43","410","Information","Microsoft-Windows-Kernel-PnP","Device STORAGE\VolumeSnapshot\HarddiskVolumeSnapshot2 was started.

Driver Name: volsnap.inf
Class GUID: {533c5b84-ec70-11d2-9505-00c04f79deaf}
Service: 
Lower Filters: 
Upper Filters: "
"17-08-2026 09:48:43","400","Information","Microsoft-Windows-Kernel-PnP","Device STORAGE\VolumeSnapshot\HarddiskVolumeSnapshot2 was configured.

Driver Name: volsnap.inf
Driver Package ID: volsnap.inf_amd64_da435361dee3ff66
Class GUID: {533c5b84-ec70-11d2-9505-00c04f79deaf}
Driver Date: 06/21/2006
Driver Version: 10.0.26100.1
Driver Provider: Microsoft
Driver Section: volume_snapshot_install.NTamd64
Driver Rank: 0xFF0000
Matching Device ID: STORAGE\VolumeSnapshot
Outranked Drivers: 
Device Updated: false
Parent Device: STORAGE\Volume\{31506422-56d6-11f1-a26a-806e6f6e6963}#0000000065D00000"
"11-08-2026 06:06:51","410","Information","Microsoft-Windows-Kernel-PnP","Device SWD\DRIVERENUM\{2a02c5ed-9266-49c8-b117-74932a533d19}#VEN_8086_DEV_7D1D_component&4&2f9b0937&0 was started.

Driver Name: oem545.inf
Class GUID: {5c4c3332-344d-483c-8739-259e934c9cc8}
Service: 
Lower Filters: 
Upper Filters: "
"11-08-2026 06:06:51","400","Information","Microsoft-Windows-Kernel-PnP","Device SWD\DRIVERENUM\{2a02c5ed-9266-49c8-b117-74932a533d19}#VEN_8086_DEV_7D1D_component&4&2f9b0937&0 was configured.

Driver Name: oem545.inf
Driver Package ID: microsofteffectpack.inf_amd64_4f22aaca51870ff8
Class GUID: {5c4c3332-344d-483c-8739-259e934c9cc8}
Driver Date: 06/22/2026
Driver Version: 1.0.50.0
Driver Provider: Microsoft Corporation
Driver Section: MicrosoftEffectPack_Install.NT
Driver Rank: 0xFF0000
Matching Device ID: SWC\MEP_VEN_8086_DEV_7D1D
Outranked Drivers: oem28.inf:SWC\MEP_VEN_8086_DEV_7D1D:00FF0000 c_swcomponent.inf:SWC\Generic:00FF3000 c_swdevice.inf:SWD\GenericRaw:00FF3001
Device Updated: true
Parent Device: PCI\VEN_8086&DEV_7D1D&SUBSYS_0CE81028&REV_05\3&11583659&0&58"
"11-08-2026 06:06:51","410","Information","Microsoft-Windows-Kernel-PnP","Device SWD\DRIVERENUM\{6078d5d4-3bb5-44a2-a245-49e7f2abbfaa}#VEN_8086_DEV_7D1D_component&4&2f9b0937&0 was started.

Driver Name: oem545.inf
Class GUID: {5c4c3332-344d-483c-8739-259e934c9cc8}
Service: 
Lower Filters: 
Upper Filters: "
"11-08-2026 06:06:51","400","Information","Microsoft-Windows-Kernel-PnP","Device SWD\DRIVERENUM\{6078d5d4-3bb5-44a2-a245-49e7f2abbfaa}#VEN_8086_DEV_7D1D_component&4&2f9b0937&0 was configured.

Driver Name: oem545.inf
Driver Package ID: microsofteffectpack.inf_amd64_4f22aaca51870ff8
Class GUID: {5c4c3332-344d-483c-8739-259e934c9cc8}
Driver Date: 06/22/2026
Driver Version: 1.0.50.0
Driver Provider: Microsoft Corporation
Driver Section: MicrosoftEffectPack_Install.NT
Driver Rank: 0xFF0000
Matching Device ID: SWC\MEP_VEN_8086_DEV_7D1D
Outranked Drivers: oem28.inf:SWC\MEP_VEN_8086_DEV_7D1D:00FF0000 c_swcomponent.inf:SWC\Generic:00FF3000 c_swdevice.inf:SWD\GenericRaw:00FF3001
Device Updated: true
Parent Device: PCI\VEN_8086&DEV_7D1D&SUBSYS_0CE81028&REV_05\3&11583659&0&58"
"11-08-2026 06:06:48","410","Information","Microsoft-Windows-Kernel-PnP","Device SWD\DRIVERENUM\mep_camera_component&5&2817325f&0 was started.

Driver Name: oem544.inf
Class GUID: {5c4c3332-344d-483c-8739-259e934c9cc8}
Service: UmPass
Lower Filters: 
Upper Filters: "
"11-08-2026 06:06:48","400","Information","Microsoft-Windows-Kernel-PnP","Device SWD\DRIVERENUM\mep_camera_component&5&2817325f&0 was configured.

Driver Name: oem544.inf
Driver Package ID: mep_camera_component.inf_amd64_ddf29e466e521e3a
Class GUID: {5c4c3332-344d-483c-8739-259e934c9cc8}
Driver Date: 06/22/2026
Driver Version: 1.0.50.0
Driver Provider: Microsoft Corporation
Driver Section: CameraEffectsComponent_Install
Driver Rank: 0xFF0000
Matching Device ID: SWC\MEP_CAM&VEN_8086_DEV_7D1D_V1
Outranked Drivers: oem291.inf:SWC\MEP_CAM&VEN_8086_DEV_7D1D_V1:00FF0000 c_swcomponent.inf:SWC\Generic:00FF3000 c_swdevice.inf:SWD\GenericRaw:00FF3001
Device Updated: true
Parent Device: SWD\DRIVERENUM\{6078d5d4-3bb5-44a2-a245-49e7f2abbfaa}#VEN_8086_DEV_7D1D_component&4&2f9b0937&0"
"11-08-2026 06:06:48","410","Information","Microsoft-Windows-Kernel-PnP","Device SWD\DRIVERENUM\mep_camera_component&5&3166e962&0 was started.

Driver Name: oem544.inf
Class GUID: {5c4c3332-344d-483c-8739-259e934c9cc8}
Service: UmPass
Lower Filters: 
Upper Filters: "
"11-08-2026 06:06:48","400","Information","Microsoft-Windows-Kernel-PnP","Device SWD\DRIVERENUM\mep_camera_component&5&3166e962&0 was configured.

Driver Name: oem544.inf
Driver Package ID: mep_camera_component.inf_amd64_ddf29e466e521e3a
Class GUID: {5c4c3332-344d-483c-8739-259e934c9cc8}
Driver Date: 06/22/2026
Driver Version: 1.0.50.0
Driver Provider: Microsoft Corporation
Driver Section: CameraEffectsComponent_Install
Driver Rank: 0xFF0000
Matching Device ID: SWC\MEP_CAM&VEN_8086_DEV_7D1D_V1
Outranked Drivers: oem291.inf:SWC\MEP_CAM&VEN_8086_DEV_7D1D_V1:00FF0000 c_swcomponent.inf:SWC\Generic:00FF3000 c_swdevice.inf:SWD\GenericRaw:00FF3001
Device Updated: true
Parent Device: SWD\DRIVERENUM\{2a02c5ed-9266-49c8-b117-74932a533d19}#VEN_8086_DEV_7D1D_component&4&2f9b0937&0"
"10-08-2026 12:02:38","410","Information","Microsoft-Windows-Kernel-PnP","Device STORAGE\VolumeSnapshot\HarddiskVolumeSnapshot1 was started.

Driver Name: volsnap.inf
Class GUID: {533c5b84-ec70-11d2-9505-00c04f79deaf}
Service: 
Lower Filters: 
Upper Filters: "
"10-08-2026 12:02:38","400","Information","Microsoft-Windows-Kernel-PnP","Device STORAGE\VolumeSnapshot\HarddiskVolumeSnapshot1 was configured.

Driver Name: volsnap.inf
Driver Package ID: volsnap.inf_amd64_da435361dee3ff66
Class GUID: {533c5b84-ec70-11d2-9505-00c04f79deaf}
Driver Date: 06/21/2006
Driver Version: 10.0.26100.1
Driver Provider: Microsoft
Driver Section: volume_snapshot_install.NTamd64
Driver Rank: 0xFF0000
Matching Device ID: STORAGE\VolumeSnapshot
Outranked Drivers: 
Device Updated: false
Parent Device: STORAGE\Volume\{31506422-56d6-11f1-a26a-806e6f6e6963}#0000000065D00000"
"10-08-2026 09:55:57","410","Information","Microsoft-Windows-Kernel-PnP","Device USB\VID_1915&PID_0101\5&2dc84fba&0&6 was started.

Driver Name: oem543.inf
Class GUID: {88bae032-5a81-49f0-bc3d-a4ff138216d6}
Service: WINUSB
Lower Filters: 
Upper Filters: "
"10-08-2026 09:55:57","400","Information","Microsoft-Windows-Kernel-PnP","Device USB\VID_1915&PID_0101\5&2dc84fba&0&6 was configured.

Driver Name: oem543.inf
Driver Package ID: winusbdevice.inf_amd64_b58fe3317a75766d
Class GUID: {88bae032-5a81-49f0-bc3d-a4ff138216d6}
Driver Date: 08/01/2024
Driver Version: 6.1.7600.16385
Driver Provider: Primax Electronics Ltd
Driver Section: USB_Install
Driver Rank: 0xFF0001
Matching Device ID: USB\VID_1915&PID_0101
Outranked Drivers: 
Device Updated: false
Parent Device: USB\ROOT_HUB30\4&2169287b&0&0"
"10-08-2026 09:55:51","400","Information","Microsoft-Windows-Kernel-PnP","Device USB\VID_1915&PID_0101\5&2dc84fba&0&6 was configured.

Driver Name: null
Driver Package ID: null
Class GUID: {00000000-0000-0000-0000-000000000000}
Driver Date: 
Driver Version: 
Driver Provider: 
Driver Section: 
Driver Rank: 0x0
Matching Device ID: 
Outranked Drivers: 
Device Updated: false
Parent Device: USB\ROOT_HUB30\4&2169287b&0&0"
"10-08-2026 09:49:29","410","Information","Microsoft-Windows-Kernel-PnP","Device ROOT\DELLINSTRUMENTATION\0000 was started.

Driver Name: oem46.inf
Class GUID: {e1c7dabe-63de-4630-a4de-a4adc0503be3}
Service: DellInstrumentation
Lower Filters: 
Upper Filters: "
"10-08-2026 09:49:29","400","Information","Microsoft-Windows-Kernel-PnP","Device ROOT\DELLINSTRUMENTATION\0000 was configured.

Driver Name: oem46.inf
Driver Package ID: dellinstrumentation.inf_amd64_b559b6b296055b4b
Class GUID: {e1c7dabe-63de-4630-a4de-a4adc0503be3}
Driver Date: 09/05/2025
Driver Version: 2.9.2.0
Driver Provider: Dell Technologies
Driver Section: DellInstrumentation_Device.NT
Driver Rank: 0xFF0000
Matching Device ID: Root\DellInsDrv
Outranked Drivers: oem482.inf:Root\DellInsDrv:00FF0000
Device Updated: true
Parent Device: HTREE\ROOT\0"
"10-08-2026 09:49:19","420","Information","Microsoft-Windows-Kernel-PnP","Device ROOT\DELLINSTRUMENTATION\0000 was deleted.

Class GUID: {e1c7dabe-63de-4630-a4de-a4adc0503be3}"
"10-08-2026 09:48:49","410","Information","Microsoft-Windows-Kernel-PnP","Device ROOT\DELLINSTRUMENTATION\0000 was started.

Driver Name: oem46.inf
Class GUID: {e1c7dabe-63de-4630-a4de-a4adc0503be3}
Service: DellInstrumentation
Lower Filters: 
Upper Filters: "
"10-08-2026 09:48:49","400","Information","Microsoft-Windows-Kernel-PnP","Device ROOT\DELLINSTRUMENTATION\0000 was configured.

Driver Name: oem46.inf
Driver Package ID: dellinstrumentation.inf_amd64_b559b6b296055b4b
Class GUID: {e1c7dabe-63de-4630-a4de-a4adc0503be3}
Driver Date: 09/05/2025
Driver Version: 2.9.2.0
Driver Provider: Dell Technologies
Driver Section: DellInstrumentation_Device.NT
Driver Rank: 0xFF0000
Matching Device ID: Root\DellInsDrv
Outranked Drivers: oem482.inf:Root\DellInsDrv:00FF0000
Device Updated: true
Parent Device: HTREE\ROOT\0"
"10-08-2026 09:48:47","420","Information","Microsoft-Windows-Kernel-PnP","Device ROOT\DELLINSTRUMENTATION\0000 was deleted.

Class GUID: {e1c7dabe-63de-4630-a4de-a4adc0503be3}"
"06-08-2026 14:29:27","410","Information","Microsoft-Windows-Kernel-PnP","Device SWD\DRIVERENUM\DPMAutoInstallDriver_Device_component&8&14a6b64a&0 was started.

Driver Name: oem425.inf
Class GUID: {5c4c3332-344d-483c-8739-259e934c9cc8}
Service: 
Lower Filters: 
Upper Filters: "
"06-08-2026 14:29:27","400","Information","Microsoft-Windows-Kernel-PnP","Device SWD\DRIVERENUM\DPMAutoInstallDriver_Device_component&8&14a6b64a&0 was configured.

Driver Name: oem425.inf
Driver Package ID: ddpmsoftwareinstall_component.inf_amd64_3d39f607b80ee919
Class GUID: {5c4c3332-344d-483c-8739-259e934c9cc8}
Driver Date: 03/03/2025
Driver Version: 1.0.0.8
Driver Provider: Dell Technologies Inc.
Driver Section: DDPMSoftwareInstall_Device_component.NTamd64
Driver Rank: 0xFF0000
Matching Device ID: SWC\DELL_DDPM0001
Outranked Drivers: c_swcomponent.inf:SWC\Generic:00FF3000 c_swdevice.inf:SWD\GenericRaw:00FF3001
Device Updated: false
Parent Device: HID\VID_413C&PID_4503&MI_02&Col02\7&29e6d75c&0&0001"
"06-08-2026 14:29:27","410","Information","Microsoft-Windows-Kernel-PnP","Device HID\VID_413C&PID_4503&MI_02&Col02\7&29e6d75c&0&0001 was started.

Driver Name: oem135.inf
Class GUID: {745a17a0-74d3-11d0-b6fe-00a0c90f57da}
Service: 
Lower Filters: 
Upper Filters: "
"06-08-2026 14:29:27","400","Information","Microsoft-Windows-Kernel-PnP","Device HID\VID_413C&PID_4503&MI_02&Col02\7&29e6d75c&0&0001 was configured.

Driver Name: oem135.inf
Driver Package ID: dpmautoinstalldriver.inf_amd64_412d7d28a0358c95
Class GUID: {745a17a0-74d3-11d0-b6fe-00a0c90f57da}
Driver Date: 12/03/2025
Driver Version: 2.2.0.0
Driver Provider: Dell Inc.
Driver Section: DPMAutoInstallDriver_Device.NT
Driver Rank: 0xFF0001
Matching Device ID: HID\VID_413C&PID_4503&MI_02&Col02
Outranked Drivers: oem68.inf:HID\VID_413C&PID_4503&MI_02&Col02:00FF0001 input.inf:HID_DEVICE_UPR:FF00-FFFF:00FF1004 input.inf:HID_DEVICE:00FF1005
Device Updated: false
Parent Device: USB\VID_413C&PID_4503&MI_02\6&386bff60&0&0002"
"06-08-2026 14:29:27","410","Information","Microsoft-Windows-Kernel-PnP","Device HID\VID_413C&PID_4503&MI_01&Col01\7&3b0c56d4&0&0000 was started.

Driver Name: msmouse.inf
Class GUID: {4d36e96f-e325-11ce-bfc1-08002be10318}
Service: mouhid
Lower Filters: 
Upper Filters: "
"06-08-2026 14:29:27","410","Information","Microsoft-Windows-Kernel-PnP","Device HID\VID_413C&PID_4503&MI_00\7&17351912&0&0000 was started.

Driver Name: keyboard.inf
Class GUID: {4d36e96b-e325-11ce-bfc1-08002be10318}
Service: kbdhid
Lower Filters: 
Upper Filters: "
"06-08-2026 14:29:27","410","Information","Microsoft-Windows-Kernel-PnP","Device HID\VID_413C&PID_4503&MI_02&Col01\7&29e6d75c&0&0000 was started.

Driver Name: input.inf
Class GUID: {745a17a0-74d3-11d0-b6fe-00a0c90f57da}
Service: 
Lower Filters: 
Upper Filters: "
"06-08-2026 14:29:27","410","Information","Microsoft-Windows-Kernel-PnP","Device HID\VID_413C&PID_4503&MI_01&Col03\7&3b0c56d4&0&0002 was started.

Driver Name: input.inf
Class GUID: {745a17a0-74d3-11d0-b6fe-00a0c90f57da}
Service: 
Lower Filters: 
Upper Filters: "
"06-08-2026 14:29:27","410","Information","Microsoft-Windows-Kernel-PnP","Device HID\VID_413C&PID_4503&MI_01&Col02\7&3b0c56d4&0&0001 was started.

Driver Name: hidserv.inf
Class GUID: {745a17a0-74d3-11d0-b6fe-00a0c90f57da}
Service: 
Lower Filters: 
Upper Filters: "
"06-08-2026 14:29:27","430","Information","Microsoft-Windows-Kernel-PnP","Device HID\VID_413C&PID_4503&MI_02&Col02\7&29e6d75c&0&0001 requires further installation."
"06-08-2026 14:29:27","400","Information","Microsoft-Windows-Kernel-PnP","Device HID\VID_413C&PID_4503&MI_02&Col01\7&29e6d75c&0&0000 was configured.

Driver Name: input.inf
Driver Package ID: input.inf_amd64_a22d0c7b993d162a
Class GUID: {745a17a0-74d3-11d0-b6fe-00a0c90f57da}
Driver Date: 06/21/2006
Driver Version: 10.0.26100.8875
Driver Provider: Microsoft
Driver Section: HID_Raw_Inst.NT
Driver Rank: 0xFF1004
Matching Device ID: HID_DEVICE_UPR:FF00-FFFF
Outranked Drivers: input.inf:HID_DEVICE:00FF1005
Device Updated: false
Parent Device: USB\VID_413C&PID_4503&MI_02\6&386bff60&0&0002"
"06-08-2026 14:29:27","410","Information","Microsoft-Windows-Kernel-PnP","Device USB\VID_413C&PID_4503&MI_02\6&386bff60&0&0002 was started.

Driver Name: input.inf
Class GUID: {745a17a0-74d3-11d0-b6fe-00a0c90f57da}
Service: HidUsb
Lower Filters: 
Upper Filters: "
"06-08-2026 14:29:27","400","Information","Microsoft-Windows-Kernel-PnP","Device HID\VID_413C&PID_4503&MI_01&Col03\7&3b0c56d4&0&0002 was configured.

Driver Name: input.inf
Driver Package ID: input.inf_amd64_a22d0c7b993d162a
Class GUID: {745a17a0-74d3-11d0-b6fe-00a0c90f57da}
Driver Date: 06/21/2006
Driver Version: 10.0.26100.8875
Driver Provider: Microsoft
Driver Section: HID_Raw_Inst.NT
Driver Rank: 0xFF1004
Matching Device ID: HID_DEVICE_UP:0001_U:0080
Outranked Drivers: input.inf:HID_DEVICE:00FF1005
Device Updated: false
Parent Device: USB\VID_413C&PID_4503&MI_01\6&386bff60&0&0001"
"06-08-2026 14:29:27","400","Information","Microsoft-Windows-Kernel-PnP","Device HID\VID_413C&PID_4503&MI_01&Col02\7&3b0c56d4&0&0001 was configured.

Driver Name: hidserv.inf
Driver Package ID: hidserv.inf_amd64_3111b4bfb553788d
Class GUID: {745a17a0-74d3-11d0-b6fe-00a0c90f57da}
Driver Date: 06/21/2006
Driver Version: 10.0.26100.1
Driver Provider: Microsoft
Driver Section: HIDSystemConsumerDevice
Driver Rank: 0xFF0004
Matching Device ID: HID_DEVICE_UP:000C_U:0001
Outranked Drivers: input.inf:HID_DEVICE:00FF1005
Device Updated: false
Parent Device: USB\VID_413C&PID_4503&MI_01\6&386bff60&0&0001"
"06-08-2026 14:29:27","400","Information","Microsoft-Windows-Kernel-PnP","Device HID\VID_413C&PID_4503&MI_01&Col01\7&3b0c56d4&0&0000 was configured.

Driver Name: msmouse.inf
Driver Package ID: msmouse.inf_amd64_097bbd709f0c4972
Class GUID: {4d36e96f-e325-11ce-bfc1-08002be10318}
Driver Date: 06/21/2006
Driver Version: 10.0.26100.1150
Driver Provider: Microsoft
Driver Section: HID_Mouse_Inst.NT
Driver Rank: 0xFF1003
Matching Device ID: HID_DEVICE_SYSTEM_MOUSE
Outranked Drivers: input.inf:HID_DEVICE:00FF1005
Device Updated: false
Parent Device: USB\VID_413C&PID_4503&MI_01\6&386bff60&0&0001"
"06-08-2026 14:29:27","410","Information","Microsoft-Windows-Kernel-PnP","Device USB\VID_413C&PID_4503&MI_01\6&386bff60&0&0001 was started.

Driver Name: input.inf
Class GUID: {745a17a0-74d3-11d0-b6fe-00a0c90f57da}
Service: HidUsb
Lower Filters: 
Upper Filters: "
"06-08-2026 14:29:27","400","Information","Microsoft-Windows-Kernel-PnP","Device HID\VID_413C&PID_4503&MI_00\7&17351912&0&0000 was configured.

Driver Name: keyboard.inf
Driver Package ID: keyboard.inf_amd64_b080cf0dd47fca65
Class GUID: {4d36e96b-e325-11ce-bfc1-08002be10318}
Driver Date: 06/21/2006
Driver Version: 10.0.26100.8521
Driver Provider: Microsoft
Driver Section: HID_Keyboard_Inst.NT
Driver Rank: 0xFF1003
Matching Device ID: HID_DEVICE_SYSTEM_KEYBOARD
Outranked Drivers: input.inf:HID_DEVICE:00FF1005
Device Updated: false
Parent Device: USB\VID_413C&PID_4503&MI_00\6&386bff60&0&0000"
"06-08-2026 14:29:27","410","Information","Microsoft-Windows-Kernel-PnP","Device USB\VID_413C&PID_4503&MI_00\6&386bff60&0&0000 was started.

Driver Name: input.inf
Class GUID: {745a17a0-74d3-11d0-b6fe-00a0c90f57da}
Service: HidUsb
Lower Filters: 
Upper Filters: "
