"10-08-2026 09:39:22","3","Information","Microsoft-Windows-Bits-Client","The BITS service created a new job.
Transfer job: Dell_Asimov.E422669DD99F344CC9E7665BBC190CECFBB49DE2
Job ID: {081f2274-aa91-478f-a583-220b7f6ebf89}
Owner: NT AUTHORITY\SYSTEM
Process Path: C:\Program Files (x86)\Dell\UpdateService\ServiceShell.exe
Process ID: 4944"
"10-08-2026 09:38:51","4","Information","Microsoft-Windows-Bits-Client","The transfer job is complete.
User: NT AUTHORITY\SYSTEM
Transfer job: Dell_Asimov.93A0E973920C8E49C27A8FDC8F10A534A5BC78C6
Job ID: {6a9d5076-3f3f-49cb-86d1-6d5efe1dd7e6}
Owner: NT AUTHORITY\SYSTEM
File count: 1"
"10-08-2026 09:38:51","60","Information","Microsoft-Windows-Bits-Client","BITS stopped transferring the Dell_Asimov.93A0E973920C8E49C27A8FDC8F10A534A5BC78C6 transfer job that is associated with the https://downloads.dell.com/FOLDER14874608M/1/Dell_Pro_Laptops_0CE8.cab URL. The status code is 0x0."
"10-08-2026 09:38:51","59","Information","Microsoft-Windows-Bits-Client","BITS started the Dell_Asimov.93A0E973920C8E49C27A8FDC8F10A534A5BC78C6 transfer job that is associated with the https://downloads.dell.com/FOLDER14874608M/1/Dell_Pro_Laptops_0CE8.cab URL."
"10-08-2026 09:38:50","16403","Information","Microsoft-Windows-Bits-Client",
"10-08-2026 09:38:50","3","Information","Microsoft-Windows-Bits-Client","The BITS service created a new job.
Transfer job: Dell_Asimov.93A0E973920C8E49C27A8FDC8F10A534A5BC78C6
Job ID: {6a9d5076-3f3f-49cb-86d1-6d5efe1dd7e6}
Owner: NT AUTHORITY\SYSTEM
Process Path: C:\Program Files (x86)\Dell\UpdateService\ServiceShell.exe
Process ID: 4944"
"10-08-2026 09:38:49","4","Information","Microsoft-Windows-Bits-Client","The transfer job is complete.
User: NT AUTHORITY\SYSTEM
Transfer job: Dell_Asimov.61300EBB06DFB7DE924CE829DD1DD2852A14AB06
Job ID: {9c9b9100-c260-429f-9b05-92737573a855}
Owner: NT AUTHORITY\SYSTEM
File count: 1"
"10-08-2026 09:38:49","60","Information","Microsoft-Windows-Bits-Client","BITS stopped transferring the Dell_Asimov.61300EBB06DFB7DE924CE829DD1DD2852A14AB06 transfer job that is associated with the https://downloads.dell.com/catalog/CatalogIndexPC.cab URL. The status code is 0x0."
"10-08-2026 09:38:48","59","Information","Microsoft-Windows-Bits-Client","BITS started the Dell_Asimov.61300EBB06DFB7DE924CE829DD1DD2852A14AB06 transfer job that is associated with the https://downloads.dell.com/catalog/CatalogIndexPC.cab URL."
"10-08-2026 09:38:48","310","Warning","Microsoft-Windows-Bits-Client","The initialization of the peer helper modules failed with the following error:  0x80070032."
"10-08-2026 09:38:47","16403","Information","Microsoft-Windows-Bits-Client",
"10-08-2026 09:38:47","3","Information","Microsoft-Windows-Bits-Client","The BITS service created a new job.
Transfer job: Dell_Asimov.61300EBB06DFB7DE924CE829DD1DD2852A14AB06
Job ID: {9c9b9100-c260-429f-9b05-92737573a855}
Owner: NT AUTHORITY\SYSTEM
Process Path: C:\Program Files (x86)\Dell\UpdateService\ServiceShell.exe
Process ID: 4944"
"10-08-2026 09:36:28","306","Verbose","Microsoft-Windows-Bits-Client","The BITS service loaded the job list from disk."
"07-08-2026 17:20:33","4","Information","Microsoft-Windows-Bits-Client","The transfer job is complete.
User: NT AUTHORITY\SYSTEM
Transfer job: UpdateDescriptionXml
Job ID: {3c6fe6b4-33a0-4be8-b436-6b2ce94c6491}
Owner: NT AUTHORITY\SYSTEM
File count: 1"
"07-08-2026 17:20:33","60","Information","Microsoft-Windows-Bits-Client","BITS stopped transferring the UpdateDescriptionXml transfer job that is associated with the https://g.live.com/1rewlive5skydrive/ODSUProductionV2 URL. The status code is 0x0."
"07-08-2026 17:20:33","59","Information","Microsoft-Windows-Bits-Client","BITS started the UpdateDescriptionXml transfer job that is associated with the https://g.live.com/1rewlive5skydrive/ODSUProductionV2 URL."
"07-08-2026 17:20:32","16403","Information","Microsoft-Windows-Bits-Client",
"07-08-2026 17:20:32","3","Information","Microsoft-Windows-Bits-Client","The BITS service created a new job.
Transfer job: UpdateDescriptionXml
Job ID: {3c6fe6b4-33a0-4be8-b436-6b2ce94c6491}
Owner: NT AUTHORITY\SYSTEM
Process Path: C:\Program Files\Microsoft OneDrive\OneDriveStandaloneUpdater.exe
Process ID: 13016"
"07-08-2026 17:20:32","4","Information","Microsoft-Windows-Bits-Client","The transfer job is complete.
User: NT AUTHORITY\SYSTEM
Transfer job: PreSignInSettingsConfigJSON
Job ID: {fd1d18b1-8318-4867-b789-4047becafc10}
Owner: NT AUTHORITY\SYSTEM
File count: 1"
"07-08-2026 17:20:32","60","Information","Microsoft-Windows-Bits-Client","BITS stopped transferring the PreSignInSettingsConfigJSON transfer job that is associated with the https://g.live.com/odclientsettings/ProdV2 URL. The status code is 0x0."
"07-08-2026 17:20:31","59","Information","Microsoft-Windows-Bits-Client","BITS started the PreSignInSettingsConfigJSON transfer job that is associated with the https://g.live.com/odclientsettings/ProdV2 URL."
"07-08-2026 17:20:31","16403","Information","Microsoft-Windows-Bits-Client",
"07-08-2026 17:20:31","3","Information","Microsoft-Windows-Bits-Client","The BITS service created a new job.
Transfer job: PreSignInSettingsConfigJSON
Job ID: {fd1d18b1-8318-4867-b789-4047becafc10}
Owner: NT AUTHORITY\SYSTEM
Process Path: C:\Program Files\Microsoft OneDrive\OneDriveStandaloneUpdater.exe
Process ID: 13016"
"07-08-2026 16:54:47","4","Information","Microsoft-Windows-Bits-Client","The transfer job is complete.
User: NT AUTHORITY\SYSTEM
Transfer job: Dell_Asimov.E422669DD99F344CC9E7665BBC190CECFBB49DE2
Job ID: {18612037-a7fb-4898-8346-8450ce491843}
Owner: NT AUTHORITY\SYSTEM
File count: 1"
"07-08-2026 16:54:47","60","Information","Microsoft-Windows-Bits-Client","BITS stopped transferring the Dell_Asimov.E422669DD99F344CC9E7665BBC190CECFBB49DE2 transfer job that is associated with the https://dellupdater.dell.com/non_du/ClientService/Catalog/Platform/PrecedenceCatalog.cab URL. The status code is 0x0."
"07-08-2026 16:54:47","59","Information","Microsoft-Windows-Bits-Client","BITS started the Dell_Asimov.E422669DD99F344CC9E7665BBC190CECFBB49DE2 transfer job that is associated with the https://dellupdater.dell.com/non_du/ClientService/Catalog/Platform/PrecedenceCatalog.cab URL."
"07-08-2026 16:54:47","16403","Information","Microsoft-Windows-Bits-Client",
"07-08-2026 16:54:47","3","Information","Microsoft-Windows-Bits-Client","The BITS service created a new job.
Transfer job: Dell_Asimov.E422669DD99F344CC9E7665BBC190CECFBB49DE2
Job ID: {18612037-a7fb-4898-8346-8450ce491843}
Owner: NT AUTHORITY\SYSTEM
Process Path: C:\Program Files (x86)\Dell\UpdateService\ServiceShell.exe
Process ID: 6392"
"07-08-2026 16:54:11","4","Information","Microsoft-Windows-Bits-Client","The transfer job is complete.
User: NT AUTHORITY\SYSTEM
Transfer job: Dell_Asimov.9950724ADD0159EA819FB647232E02B7DA993667
Job ID: {9d97a642-1ed2-48a8-998b-220681962add}
Owner: NT AUTHORITY\SYSTEM
File count: 1"
"07-08-2026 16:54:11","60","Information","Microsoft-Windows-Bits-Client","BITS stopped transferring the Dell_Asimov.9950724ADD0159EA819FB647232E02B7DA993667 transfer job that is associated with the https://downloads.dell.com/FOLDER14857946M/1/Dell_Pro_Laptops_0CE8.cab URL. The status code is 0x0."
"07-08-2026 16:54:11","59","Information","Microsoft-Windows-Bits-Client","BITS started the Dell_Asimov.9950724ADD0159EA819FB647232E02B7DA993667 transfer job that is associated with the https://downloads.dell.com/FOLDER14857946M/1/Dell_Pro_Laptops_0CE8.cab URL."
"07-08-2026 16:54:11","16403","Information","Microsoft-Windows-Bits-Client",
"07-08-2026 16:54:11","3","Information","Microsoft-Windows-Bits-Client","The BITS service created a new job.
Transfer job: Dell_Asimov.9950724ADD0159EA819FB647232E02B7DA993667
Job ID: {9d97a642-1ed2-48a8-998b-220681962add}
Owner: NT AUTHORITY\SYSTEM
Process Path: C:\Program Files (x86)\Dell\UpdateService\ServiceShell.exe
Process ID: 6392"
"07-08-2026 16:54:10","4","Information","Microsoft-Windows-Bits-Client","The transfer job is complete.
User: NT AUTHORITY\SYSTEM
Transfer job: Dell_Asimov.61300EBB06DFB7DE924CE829DD1DD2852A14AB06
Job ID: {21ce9930-7d00-480e-a79d-ad947304b27e}
Owner: NT AUTHORITY\SYSTEM
File count: 1"
"07-08-2026 16:54:10","60","Information","Microsoft-Windows-Bits-Client","BITS stopped transferring the Dell_Asimov.61300EBB06DFB7DE924CE829DD1DD2852A14AB06 transfer job that is associated with the https://downloads.dell.com/catalog/CatalogIndexPC.cab URL. The status code is 0x0."
"07-08-2026 16:54:09","59","Information","Microsoft-Windows-Bits-Client","BITS started the Dell_Asimov.61300EBB06DFB7DE924CE829DD1DD2852A14AB06 transfer job that is associated with the https://downloads.dell.com/catalog/CatalogIndexPC.cab URL."
"07-08-2026 16:54:09","16403","Information","Microsoft-Windows-Bits-Client",
"07-08-2026 16:54:09","3","Information","Microsoft-Windows-Bits-Client","The BITS service created a new job.
Transfer job: Dell_Asimov.61300EBB06DFB7DE924CE829DD1DD2852A14AB06
Job ID: {21ce9930-7d00-480e-a79d-ad947304b27e}
Owner: NT AUTHORITY\SYSTEM
Process Path: C:\Program Files (x86)\Dell\UpdateService\ServiceShell.exe
Process ID: 6392"
"07-08-2026 16:40:40","4","Information","Microsoft-Windows-Bits-Client","The transfer job is complete.
User: ENTERPRISE\arjo5004
Transfer job: PreSignInSettingsConfigJSON
Job ID: {d699a6ba-3bb0-4dd6-bed5-a2e66417fe39}
Owner: ENTERPRISE\arjo5004
File count: 1"
"07-08-2026 16:40:40","60","Information","Microsoft-Windows-Bits-Client","BITS stopped transferring the PreSignInSettingsConfigJSON transfer job that is associated with the https://g.live.com/odclientsettings/ProdV2 URL. The status code is 0x0."
"07-08-2026 16:40:40","59","Information","Microsoft-Windows-Bits-Client","BITS started the PreSignInSettingsConfigJSON transfer job that is associated with the https://g.live.com/odclientsettings/ProdV2 URL."
"07-08-2026 16:40:39","16403","Information","Microsoft-Windows-Bits-Client",
"07-08-2026 16:40:39","3","Information","Microsoft-Windows-Bits-Client","The BITS service created a new job.
Transfer job: PreSignInSettingsConfigJSON
Job ID: {d699a6ba-3bb0-4dd6-bed5-a2e66417fe39}
Owner: ENTERPRISE\arjo5004
Process Path: C:\Program Files\Microsoft OneDrive\OneDriveStandaloneUpdater.exe
Process ID: 25888"
"07-08-2026 15:52:17","4","Information","Microsoft-Windows-Bits-Client","The transfer job is complete.
User: NT AUTHORITY\SYSTEM
Transfer job: Dell_Asimov.E422669DD99F344CC9E7665BBC190CECFBB49DE2
Job ID: {1404e6c8-6da2-4f79-bcc4-3041b57b5f22}
Owner: NT AUTHORITY\SYSTEM
File count: 1"
"07-08-2026 15:52:17","60","Information","Microsoft-Windows-Bits-Client","BITS stopped transferring the Dell_Asimov.E422669DD99F344CC9E7665BBC190CECFBB49DE2 transfer job that is associated with the https://dellupdater.dell.com/non_du/ClientService/Catalog/Platform/PrecedenceCatalog.cab URL. The status code is 0x0."
"07-08-2026 15:52:17","59","Information","Microsoft-Windows-Bits-Client","BITS started the Dell_Asimov.E422669DD99F344CC9E7665BBC190CECFBB49DE2 transfer job that is associated with the https://dellupdater.dell.com/non_du/ClientService/Catalog/Platform/PrecedenceCatalog.cab URL."
"07-08-2026 15:52:17","16403","Information","Microsoft-Windows-Bits-Client",
"07-08-2026 15:52:17","3","Information","Microsoft-Windows-Bits-Client","The BITS service created a new job.
Transfer job: Dell_Asimov.E422669DD99F344CC9E7665BBC190CECFBB49DE2
Job ID: {1404e6c8-6da2-4f79-bcc4-3041b57b5f22}
Owner: NT AUTHORITY\SYSTEM
Process Path: C:\Program Files (x86)\Dell\UpdateService\ServiceShell.exe
Process ID: 6392"
"07-08-2026 15:51:41","4","Information","Microsoft-Windows-Bits-Client","The transfer job is complete.
User: NT AUTHORITY\SYSTEM
Transfer job: Dell_Asimov.9950724ADD0159EA819FB647232E02B7DA993667
Job ID: {ab321a42-28c8-453d-80b8-3657ac560daf}
Owner: NT AUTHORITY\SYSTEM
File count: 1"
"07-08-2026 15:51:41","60","Information","Microsoft-Windows-Bits-Client","BITS stopped transferring the Dell_Asimov.9950724ADD0159EA819FB647232E02B7DA993667 transfer job that is associated with the https://downloads.dell.com/FOLDER14857946M/1/Dell_Pro_Laptops_0CE8.cab URL. The status code is 0x0."
"07-08-2026 15:51:41","59","Information","Microsoft-Windows-Bits-Client","BITS started the Dell_Asimov.9950724ADD0159EA819FB647232E02B7DA993667 transfer job that is associated with the https://downloads.dell.com/FOLDER14857946M/1/Dell_Pro_Laptops_0CE8.cab URL."
"07-08-2026 15:51:41","16403","Information","Microsoft-Windows-Bits-Client",
"07-08-2026 15:51:41","3","Information","Microsoft-Windows-Bits-Client","The BITS service created a new job.
Transfer job: Dell_Asimov.9950724ADD0159EA819FB647232E02B7DA993667
Job ID: {ab321a42-28c8-453d-80b8-3657ac560daf}
Owner: NT AUTHORITY\SYSTEM
Process Path: C:\Program Files (x86)\Dell\UpdateService\ServiceShell.exe
Process ID: 6392"
"07-08-2026 15:51:39","4","Information","Microsoft-Windows-Bits-Client","The transfer job is complete.
User: NT AUTHORITY\SYSTEM
Transfer job: Dell_Asimov.61300EBB06DFB7DE924CE829DD1DD2852A14AB06
Job ID: {f4c61053-bc17-4601-bd01-38c2d2ccde4d}
Owner: NT AUTHORITY\SYSTEM
File count: 1"
"07-08-2026 15:51:39","60","Information","Microsoft-Windows-Bits-Client","BITS stopped transferring the Dell_Asimov.61300EBB06DFB7DE924CE829DD1DD2852A14AB06 transfer job that is associated with the https://downloads.dell.com/catalog/CatalogIndexPC.cab URL. The status code is 0x0."
"07-08-2026 15:51:39","59","Information","Microsoft-Windows-Bits-Client","BITS started the Dell_Asimov.61300EBB06DFB7DE924CE829DD1DD2852A14AB06 transfer job that is associated with the https://downloads.dell.com/catalog/CatalogIndexPC.cab URL."
"07-08-2026 15:51:39","16403","Information","Microsoft-Windows-Bits-Client",
"07-08-2026 15:51:39","3","Information","Microsoft-Windows-Bits-Client","The BITS service created a new job.
Transfer job: Dell_Asimov.61300EBB06DFB7DE924CE829DD1DD2852A14AB06
Job ID: {f4c61053-bc17-4601-bd01-38c2d2ccde4d}
Owner: NT AUTHORITY\SYSTEM
Process Path: C:\Program Files (x86)\Dell\UpdateService\ServiceShell.exe
Process ID: 6392"
"07-08-2026 15:40:51","4","Information","Microsoft-Windows-Bits-Client","The transfer job is complete.
User: ENTERPRISE\arjo5004
Transfer job: NucleusUpdateRingConfigJSON
Job ID: {8010549c-dab6-4400-a99a-cd64044ba5c9}
Owner: ENTERPRISE\arjo5004
File count: 1"
"07-08-2026 15:40:51","60","Information","Microsoft-Windows-Bits-Client","BITS stopped transferring the NucleusUpdateRingConfigJSON transfer job that is associated with the https://g.live.com/odclientsettings/ProdV2?OneDriveUpdate=1f74c135b217b3698d9a6e2dfedf URL. The status code is 0x0."
"07-08-2026 15:40:51","59","Information","Microsoft-Windows-Bits-Client","BITS started the NucleusUpdateRingConfigJSON transfer job that is associated with the https://g.live.com/odclientsettings/ProdV2?OneDriveUpdate=1f74c135b217b3698d9a6e2dfedf URL."
"07-08-2026 15:40:51","16403","Information","Microsoft-Windows-Bits-Client",
"07-08-2026 15:40:51","3","Information","Microsoft-Windows-Bits-Client","The BITS service created a new job.
Transfer job: NucleusUpdateRingConfigJSON
Job ID: {8010549c-dab6-4400-a99a-cd64044ba5c9}
Owner: ENTERPRISE\arjo5004
Process Path: C:\Program Files\Microsoft OneDrive\26.134.0713.0004\OneDrive.Sync.Service.exe
Process ID: 31324"
"07-08-2026 15:40:45","4","Information","Microsoft-Windows-Bits-Client","The transfer job is complete.
User: ENTERPRISE\arjo5004
Transfer job: UpdateXml
Job ID: {29189233-1ac9-497f-86aa-8f7355314e23}
Owner: ENTERPRISE\arjo5004
File count: 1"
"07-08-2026 15:40:45","60","Information","Microsoft-Windows-Bits-Client","BITS stopped transferring the UpdateXml transfer job that is associated with the https://g.live.com/1rewlive5skydrive/OneDriveProductionV2?OneDriveUpdate=5caa17554525b1aaf0d778f8ee1 URL. The status code is 0x0."
"07-08-2026 15:40:45","59","Information","Microsoft-Windows-Bits-Client","BITS started the UpdateXml transfer job that is associated with the https://g.live.com/1rewlive5skydrive/OneDriveProductionV2?OneDriveUpdate=5caa17554525b1aaf0d778f8ee1 URL."
"07-08-2026 15:40:44","16403","Information","Microsoft-Windows-Bits-Client",
"07-08-2026 15:40:44","3","Information","Microsoft-Windows-Bits-Client","The BITS service created a new job.
Transfer job: UpdateXml
Job ID: {29189233-1ac9-497f-86aa-8f7355314e23}
Owner: ENTERPRISE\arjo5004
Process Path: C:\Program Files\Microsoft OneDrive\OneDrive.exe
Process ID: 13028"
"07-08-2026 14:16:44","4","Information","Microsoft-Windows-Bits-Client","The transfer job is complete.
User: ENTERPRISE\arjo5004
Transfer job: Chrome Component Updater
Job ID: {0388b7d3-131f-45ca-b4ca-4927d531dcd1}
Owner: ENTERPRISE\arjo5004
File count: 1"
"07-08-2026 14:16:40","60","Information","Microsoft-Windows-Bits-Client","BITS stopped transferring the Chrome Component Updater transfer job that is associated with the http://edgedl.me.gvt1.com/edgedl/diffgen-puffin/hfnkpimlhhgieaddgfemjhofmfblmnib/c39d11c9e87902c2af8bfad8444a9b6328a606d91210839867ee46902112383d URL. The status code is 0x0."
"07-08-2026 14:16:40","59","Information","Microsoft-Windows-Bits-Client","BITS started the Chrome Component Updater transfer job that is associated with the http://edgedl.me.gvt1.com/edgedl/diffgen-puffin/hfnkpimlhhgieaddgfemjhofmfblmnib/c39d11c9e87902c2af8bfad8444a9b6328a606d91210839867ee46902112383d URL."
"07-08-2026 14:16:40","16403","Information","Microsoft-Windows-Bits-Client",
"07-08-2026 14:16:40","3","Information","Microsoft-Windows-Bits-Client","The BITS service created a new job.
Transfer job: Chrome Component Updater
Job ID: {0388b7d3-131f-45ca-b4ca-4927d531dcd1}
Owner: ENTERPRISE\arjo5004
Process Path: C:\Program Files\Google\Chrome\Application\chrome.exe
Process ID: 26420"
"07-08-2026 14:16:39","4","Information","Microsoft-Windows-Bits-Client","The transfer job is complete.
User: ENTERPRISE\arjo5004
Transfer job: Chrome Component Updater
Job ID: {917a6f8f-9401-4617-b5d3-c4c8053ead3e}
Owner: ENTERPRISE\arjo5004
File count: 1"
"07-08-2026 14:16:35","60","Information","Microsoft-Windows-Bits-Client","BITS stopped transferring the Chrome Component Updater transfer job that is associated with the http://edgedl.me.gvt1.com/edgedl/diffgen-puffin/lmelglejhemejginpboagddgdfbepgmp/c9997260996a556ab4ceb08ae2a4989ae1dd79b4cdb685bec1d246ff59dd2253 URL. The status code is 0x0."
"07-08-2026 14:16:35","59","Information","Microsoft-Windows-Bits-Client","BITS started the Chrome Component Updater transfer job that is associated with the http://edgedl.me.gvt1.com/edgedl/diffgen-puffin/lmelglejhemejginpboagddgdfbepgmp/c9997260996a556ab4ceb08ae2a4989ae1dd79b4cdb685bec1d246ff59dd2253 URL."
"07-08-2026 14:16:35","16403","Information","Microsoft-Windows-Bits-Client",
"07-08-2026 14:16:35","3","Information","Microsoft-Windows-Bits-Client","The BITS service created a new job.
Transfer job: Chrome Component Updater
Job ID: {917a6f8f-9401-4617-b5d3-c4c8053ead3e}
Owner: ENTERPRISE\arjo5004
Process Path: C:\Program Files\Google\Chrome\Application\chrome.exe
Process ID: 26420"
"07-08-2026 12:33:31","4","Information","Microsoft-Windows-Bits-Client","The transfer job is complete.
User: NT AUTHORITY\SYSTEM
Transfer job: Microsoft Office Click-to-Run
Job ID: {144a7513-b7b5-4824-b465-69b8374f37d9}
Owner: NT AUTHORITY\SYSTEM
File count: 1"
"07-08-2026 12:33:31","60","Information","Microsoft-Windows-Bits-Client","BITS stopped transferring the Microsoft Office Click-to-Run transfer job that is associated with the http://f.c2r.ts.cdn.office.net/pr/55336b82-a18d-4dd6-b5f6-9e5095c314a6/Office/Data/v64_16.0.20131.20152.cab URL. The status code is 0x0."
"07-08-2026 12:33:30","59","Information","Microsoft-Windows-Bits-Client","BITS started the Microsoft Office Click-to-Run transfer job that is associated with the http://f.c2r.ts.cdn.office.net/pr/55336b82-a18d-4dd6-b5f6-9e5095c314a6/Office/Data/v64_16.0.20131.20152.cab URL."
"07-08-2026 12:33:30","16403","Information","Microsoft-Windows-Bits-Client",
"07-08-2026 12:33:30","3","Information","Microsoft-Windows-Bits-Client","The BITS service created a new job.
Transfer job: Microsoft Office Click-to-Run
Job ID: {144a7513-b7b5-4824-b465-69b8374f37d9}
Owner: NT AUTHORITY\SYSTEM
Process Path: C:\Program Files\Common Files\microsoft shared\ClickToRun\OfficeClickToRun.exe
Process ID: 4716"
"07-08-2026 12:33:30","4","Information","Microsoft-Windows-Bits-Client","The transfer job is complete.
User: NT AUTHORITY\SYSTEM
Transfer job: Microsoft Office Click-to-Run
Job ID: {e34dce40-d3b9-492e-adaf-4e4230da65c2}
Owner: NT AUTHORITY\SYSTEM
File count: 1"
"07-08-2026 12:33:30","60","Information","Microsoft-Windows-Bits-Client","BITS stopped transferring the Microsoft Office Click-to-Run transfer job that is associated with the http://f.c2r.ts.cdn.office.net/pr/55336b82-a18d-4dd6-b5f6-9e5095c314a6/Office/Data/v64_16.0.20131.20152.cab URL. The status code is 0x0."
"07-08-2026 12:33:30","59","Information","Microsoft-Windows-Bits-Client","BITS started the Microsoft Office Click-to-Run transfer job that is associated with the http://f.c2r.ts.cdn.office.net/pr/55336b82-a18d-4dd6-b5f6-9e5095c314a6/Office/Data/v64_16.0.20131.20152.cab URL."
"07-08-2026 12:33:30","16403","Information","Microsoft-Windows-Bits-Client",
"07-08-2026 12:33:30","3","Information","Microsoft-Windows-Bits-Client","The BITS service created a new job.
Transfer job: Microsoft Office Click-to-Run
Job ID: {e34dce40-d3b9-492e-adaf-4e4230da65c2}
Owner: NT AUTHORITY\SYSTEM
Process Path: C:\Program Files\Common Files\microsoft shared\ClickToRun\OfficeClickToRun.exe
Process ID: 4716"
"07-08-2026 09:41:32","4","Information","Microsoft-Windows-Bits-Client","The transfer job is complete.
User: ENTERPRISE\arjo5004
Transfer job: PreSignInSettingsConfigJSON
Job ID: {278df6eb-c8b5-4c03-9db3-cb7bd5b32179}
Owner: ENTERPRISE\arjo5004
File count: 1"
"07-08-2026 09:41:32","60","Information","Microsoft-Windows-Bits-Client","BITS stopped transferring the PreSignInSettingsConfigJSON transfer job that is associated with the https://g.live.com/odclientsettings/ProdV2?OneDriveUpdate=b05a4cdf7a62bda25449ed3c2d6a URL. The status code is 0x0."
"07-08-2026 09:41:31","59","Information","Microsoft-Windows-Bits-Client","BITS started the PreSignInSettingsConfigJSON transfer job that is associated with the https://g.live.com/odclientsettings/ProdV2?OneDriveUpdate=b05a4cdf7a62bda25449ed3c2d6a URL."
"07-08-2026 09:41:31","16403","Information","Microsoft-Windows-Bits-Client",
"07-08-2026 09:41:31","3","Information","Microsoft-Windows-Bits-Client","The BITS service created a new job.
Transfer job: PreSignInSettingsConfigJSON
Job ID: {278df6eb-c8b5-4c03-9db3-cb7bd5b32179}
Owner: ENTERPRISE\arjo5004
Process Path: C:\Program Files\Microsoft OneDrive\OneDrive.exe
Process ID: 13028"
"07-08-2026 09:17:33","4","Information","Microsoft-Windows-Bits-Client","The transfer job is complete.
User: ENTERPRISE\arjo5004
Transfer job: Chrome Component Updater
Job ID: {656305d6-e7d0-455b-aa37-bf736d14aebe}
Owner: ENTERPRISE\arjo5004
File count: 1"
"07-08-2026 09:17:31","60","Information","Microsoft-Windows-Bits-Client","BITS stopped transferring the Chrome Component Updater transfer job that is associated with the http://edgedl.me.gvt1.com/edgedl/diffgen-puffin/bjbcblmdcnggnibecjikpoljcgkbgphl/5487c012567dafd0c783aea41053aebc11834ef7af994b12d7f73c0a459716fe URL. The status code is 0x0."
"07-08-2026 09:17:30","59","Information","Microsoft-Windows-Bits-Client","BITS started the Chrome Component Updater transfer job that is associated with the http://edgedl.me.gvt1.com/edgedl/diffgen-puffin/bjbcblmdcnggnibecjikpoljcgkbgphl/5487c012567dafd0c783aea41053aebc11834ef7af994b12d7f73c0a459716fe URL."
"07-08-2026 09:17:29","16403","Information","Microsoft-Windows-Bits-Client",
"07-08-2026 09:17:29","3","Information","Microsoft-Windows-Bits-Client","The BITS service created a new job.
Transfer job: Chrome Component Updater
Job ID: {656305d6-e7d0-455b-aa37-bf736d14aebe}
Owner: ENTERPRISE\arjo5004
Process Path: C:\Program Files\Google\Chrome\Application\chrome.exe
Process ID: 26420"
"07-08-2026 09:16:58","4","Information","Microsoft-Windows-Bits-Client","The transfer job is complete.
User: ENTERPRISE\arjo5004
Transfer job: Chrome Component Updater
Job ID: {50887711-09ef-4eb8-9b4c-adca15df53ea}
Owner: ENTERPRISE\arjo5004
File count: 1"
"07-08-2026 09:16:58","60","Information","Microsoft-Windows-Bits-Client","BITS stopped transferring the Chrome Component Updater transfer job that is associated with the http://edgedl.me.gvt1.com/edgedl/diffgen-puffin/hfnkpimlhhgieaddgfemjhofmfblmnib/03fb7c5478bbbf1f1aaee485e55091c7c1fe9ebf7b09745baf3b7a5d6aee93a0 URL. The status code is 0x0."
"07-08-2026 09:16:55","59","Information","Microsoft-Windows-Bits-Client","BITS started the Chrome Component Updater transfer job that is associated with the http://edgedl.me.gvt1.com/edgedl/diffgen-puffin/hfnkpimlhhgieaddgfemjhofmfblmnib/03fb7c5478bbbf1f1aaee485e55091c7c1fe9ebf7b09745baf3b7a5d6aee93a0 URL."
"07-08-2026 09:16:49","16403","Information","Microsoft-Windows-Bits-Client",
"07-08-2026 09:16:47","3","Information","Microsoft-Windows-Bits-Client","The BITS service created a new job.
Transfer job: Chrome Component Updater
Job ID: {50887711-09ef-4eb8-9b4c-adca15df53ea}
Owner: ENTERPRISE\arjo5004
Process Path: C:\Program Files\Google\Chrome\Application\chrome.exe
Process ID: 26420"
"06-08-2026 19:01:48","4","Information","Microsoft-Windows-Bits-Client","The transfer job is complete.
User: ENTERPRISE\arjo5004
Transfer job: Chrome Component Updater
Job ID: {cbd25863-bf07-4722-8344-4c125d4f94c1}
Owner: ENTERPRISE\arjo5004
File count: 1"
"06-08-2026 19:01:44","60","Information","Microsoft-Windows-Bits-Client","BITS stopped transferring the Chrome Component Updater transfer job that is associated with the http://edgedl.me.gvt1.com/edgedl/diffgen-puffin/ggkkehgbnfjpeggfpleeakpidbkibbmn/630b246882f0eedda272282708304c107cc5e5072bae4377cbb7e25942579d2e URL. The status code is 0x0."
"06-08-2026 19:01:44","59","Information","Microsoft-Windows-Bits-Client","BITS started the Chrome Component Updater transfer job that is associated with the http://edgedl.me.gvt1.com/edgedl/diffgen-puffin/ggkkehgbnfjpeggfpleeakpidbkibbmn/630b246882f0eedda272282708304c107cc5e5072bae4377cbb7e25942579d2e URL."
"06-08-2026 19:01:44","16403","Information","Microsoft-Windows-Bits-Client",
"06-08-2026 19:01:44","3","Information","Microsoft-Windows-Bits-Client","The BITS service created a new job.
Transfer job: Chrome Component Updater
Job ID: {cbd25863-bf07-4722-8344-4c125d4f94c1}
Owner: ENTERPRISE\arjo5004
Process Path: C:\Program Files\Google\Chrome\Application\chrome.exe
Process ID: 26420"
"06-08-2026 19:01:43","4","Information","Microsoft-Windows-Bits-Client","The transfer job is complete.
User: ENTERPRISE\arjo5004
Transfer job: Chrome Component Updater
Job ID: {3ebc9aac-d398-4a56-a400-bc190294ee69}
Owner: ENTERPRISE\arjo5004
File count: 1"
"06-08-2026 19:01:39","60","Information","Microsoft-Windows-Bits-Client","BITS stopped transferring the Chrome Component Updater transfer job that is associated with the http://edgedl.me.gvt1.com/edgedl/diffgen-puffin/efniojlnjndmcbiieegkicadnoecjjef/2c14cb711edb43a52d86edea769eaf597f47a8a5e36b8ad6a09cc9da2fcb6d5d URL. The status code is 0x0."
"06-08-2026 19:01:39","59","Information","Microsoft-Windows-Bits-Client","BITS started the Chrome Component Updater transfer job that is associated with the http://edgedl.me.gvt1.com/edgedl/diffgen-puffin/efniojlnjndmcbiieegkicadnoecjjef/2c14cb711edb43a52d86edea769eaf597f47a8a5e36b8ad6a09cc9da2fcb6d5d URL."
"06-08-2026 19:01:39","16403","Information","Microsoft-Windows-Bits-Client",
"06-08-2026 19:01:39","3","Information","Microsoft-Windows-Bits-Client","The BITS service created a new job.
Transfer job: Chrome Component Updater
Job ID: {3ebc9aac-d398-4a56-a400-bc190294ee69}
Owner: ENTERPRISE\arjo5004
Process Path: C:\Program Files\Google\Chrome\Application\chrome.exe
Process ID: 26420"
"06-08-2026 19:01:38","4","Information","Microsoft-Windows-Bits-Client","The transfer job is complete.
User: ENTERPRISE\arjo5004
Transfer job: Chrome Component Updater
Job ID: {820503c0-7f26-450d-bad1-dc0c10039f3d}
Owner: ENTERPRISE\arjo5004
File count: 1"
"06-08-2026 19:01:34","60","Information","Microsoft-Windows-Bits-Client","BITS stopped transferring the Chrome Component Updater transfer job that is associated with the http://edgedl.me.gvt1.com/edgedl/diffgen-puffin/hfnkpimlhhgieaddgfemjhofmfblmnib/b5a7171ca012ee449a432b3ca3ec5d693c826e8ba568154a6eacb08aebf65fe8 URL. The status code is 0x0."
"06-08-2026 19:01:34","59","Information","Microsoft-Windows-Bits-Client","BITS started the Chrome Component Updater transfer job that is associated with the http://edgedl.me.gvt1.com/edgedl/diffgen-puffin/hfnkpimlhhgieaddgfemjhofmfblmnib/b5a7171ca012ee449a432b3ca3ec5d693c826e8ba568154a6eacb08aebf65fe8 URL."
"06-08-2026 19:01:34","16403","Information","Microsoft-Windows-Bits-Client",
"06-08-2026 19:01:34","3","Information","Microsoft-Windows-Bits-Client","The BITS service created a new job.
Transfer job: Chrome Component Updater
Job ID: {820503c0-7f26-450d-bad1-dc0c10039f3d}
Owner: ENTERPRISE\arjo5004
Process Path: C:\Program Files\Google\Chrome\Application\chrome.exe
Process ID: 26420"
"06-08-2026 19:01:33","4","Information","Microsoft-Windows-Bits-Client","The transfer job is complete.
User: ENTERPRISE\arjo5004
Transfer job: Chrome Component Updater
Job ID: {9724c211-d3ae-4afc-93f4-fe6730873f3a}
Owner: ENTERPRISE\arjo5004
File count: 1"
"06-08-2026 19:01:30","60","Information","Microsoft-Windows-Bits-Client","BITS stopped transferring the Chrome Component Updater transfer job that is associated with the http://edgedl.me.gvt1.com/edgedl/diffgen-puffin/lmelglejhemejginpboagddgdfbepgmp/457ea27c23dc8f3bc6ac4e792d944ec2f324eb311cf01718f855b9bf1529a594 URL. The status code is 0x0."
"06-08-2026 19:01:21","59","Information","Microsoft-Windows-Bits-Client","BITS started the Chrome Component Updater transfer job that is associated with the http://edgedl.me.gvt1.com/edgedl/diffgen-puffin/lmelglejhemejginpboagddgdfbepgmp/457ea27c23dc8f3bc6ac4e792d944ec2f324eb311cf01718f855b9bf1529a594 URL."
"06-08-2026 19:01:21","16403","Information","Microsoft-Windows-Bits-Client",
"06-08-2026 19:01:21","3","Information","Microsoft-Windows-Bits-Client","The BITS service created a new job.
Transfer job: Chrome Component Updater
Job ID: {9724c211-d3ae-4afc-93f4-fe6730873f3a}
Owner: ENTERPRISE\arjo5004
Process Path: C:\Program Files\Google\Chrome\Application\chrome.exe
Process ID: 26420"
"06-08-2026 18:23:18","4","Information","Microsoft-Windows-Bits-Client","The transfer job is complete.
User: ENTERPRISE\arjo5004
Transfer job: Edge Component Updater
Job ID: {5883bb73-3dbf-490e-8df7-b92699e968f1}
Owner: ENTERPRISE\arjo5004
File count: 1"
"06-08-2026 18:23:18","60","Information","Microsoft-Windows-Bits-Client","BITS stopped transferring the Edge Component Updater transfer job that is associated with the http://msedge.b.tlu.dl.delivery.mp.microsoft.com/filestreamingservice/files/452f5e72-0df9-46f9-8da7-f051c4a51f09?P1=1786453360&P2=404&P3=2&P4=iIdvSTRcQURQTFr5V4rKfoPjRorZk8iWu9EWEh2xTZHeUyCJttHyJRiPEdge Component UpdaterbODG4ug2zFCuWEQ6o89sePAahByvkA{5883bb73-3dbf-490e-8df7-b92699e968f1}d{5883bb73-3dbf-490e-8df7-b92699e968f1}d URL. The status code is 0x0."
"06-08-2026 18:22:35","59","Information","Microsoft-Windows-Bits-Client","BITS started the Edge Component Updater transfer job that is associated with the http://msedge.b.tlu.dl.delivery.mp.microsoft.com/filestreamingservice/files/452f5e72-0df9-46f9-8da7-f051c4a51f09?P1=1786453360&P2=404&P3=2&P4=iIdvSTRcQURQTFr5V4rKfoPjRorZk8iWu9EWEh2xTZHeUyCJttHyJRiPEdge Component UpdaterbODG4ug2zFCuWEQ6o89sePAahByvkA{5883bb73-3dbf-490e-8df7-b92699e968f1}d{5883bb73-3dbf-490e-8df7-b92699e968f1}d URL."
"06-08-2026 18:22:34","16403","Information","Microsoft-Windows-Bits-Client",
"06-08-2026 18:22:34","3","Information","Microsoft-Windows-Bits-Client","The BITS service created a new job.
Transfer job: Edge Component Updater
Job ID: {5883bb73-3dbf-490e-8df7-b92699e968f1}
Owner: ENTERPRISE\arjo5004
Process Path: C:\Program Files (x86)\Microsoft\EdgeWebView\Application\151.0.4129.59\msedgewebview2.exe
Process ID: 34292"
"06-08-2026 18:22:05","4","Information","Microsoft-Windows-Bits-Client","The transfer job is complete.
User: ENTERPRISE\arjo5004
Transfer job: Edge Component Updater
Job ID: {b2a2b3c2-ea15-43c2-97aa-c383de810202}
Owner: ENTERPRISE\arjo5004
File count: 1"
"06-08-2026 18:22:02","60","Information","Microsoft-Windows-Bits-Client","BITS stopped transferring the Edge Component Updater transfer job that is associated with the http://msedge.b.tlu.dl.delivery.mp.microsoft.com/filestreamingservice/files/375ef5f2-c232-4849-a78c-249a2ab12ab0?P1=1786387583&P2=404&P3=2&P4=UrhZ0xcuys2nh07CRPyj7O8slod7HXo2PZiCaCN9SD5pFMQnbbmOdZK2819s6Edge Component UpdaterbOBPLtWI1hRAdyCyVyJuxptYg{b2a2b3c2-ea15-43c2-97aa-c383de810202}d{b2a2b3c2-ea15-43c2-97aa-c383de810202}d URL. The status code is 0x0."
"06-08-2026 18:22:01","59","Information","Microsoft-Windows-Bits-Client","BITS started the Edge Component Updater transfer job that is associated with the http://msedge.b.tlu.dl.delivery.mp.microsoft.com/filestreamingservice/files/375ef5f2-c232-4849-a78c-249a2ab12ab0?P1=1786387583&P2=404&P3=2&P4=UrhZ0xcuys2nh07CRPyj7O8slod7HXo2PZiCaCN9SD5pFMQnbbmOdZK2819s6Edge Component UpdaterbOBPLtWI1hRAdyCyVyJuxptYg{b2a2b3c2-ea15-43c2-97aa-c383de810202}d{b2a2b3c2-ea15-43c2-97aa-c383de810202}d URL."
"06-08-2026 18:22:01","16403","Information","Microsoft-Windows-Bits-Client",
"06-08-2026 18:22:01","3","Information","Microsoft-Windows-Bits-Client","The BITS service created a new job.
Transfer job: Edge Component Updater
Job ID: {b2a2b3c2-ea15-43c2-97aa-c383de810202}
Owner: ENTERPRISE\arjo5004
Process Path: C:\Program Files (x86)\Microsoft\EdgeWebView\Application\151.0.4129.59\msedgewebview2.exe
Process ID: 34292"
"06-08-2026 18:21:36","4","Information","Microsoft-Windows-Bits-Client","The transfer job is complete.
User: ENTERPRISE\arjo5004
Transfer job: Edge Component Updater
Job ID: {8ce14590-c0dd-479e-8e3a-2b185cef7912}
Owner: ENTERPRISE\arjo5004
File count: 1"
"06-08-2026 18:21:33","60","Information","Microsoft-Windows-Bits-Client","BITS stopped transferring the Edge Component Updater transfer job that is associated with the http://msedge.b.tlu.dl.delivery.mp.microsoft.com/filestreamingservice/files/fef489f0-c0aa-4886-ba2b-137e93d55624?P1=1786395118&P2=404&P3=2&P4=ewkMzx51zMIZ5TENJ3CkWfc5AVyQEdge Component UpdaterfOzNFKNFp0sFgEdge Component UpdaterfMGNT50437XThUasbUIXgvkbGKEdge Component UpdaterfiEdge Component UpdaterbzOycJP4gPqyxZRsw{8ce14590-c0dd-479e-8e3a-2b185cef7912}d{8ce14590-c0dd-479e-8e3a-2b185cef7912}d URL. The status code is 0x0."
"06-08-2026 18:21:12","59","Information","Microsoft-Windows-Bits-Client","BITS started the Edge Component Updater transfer job that is associated with the http://msedge.b.tlu.dl.delivery.mp.microsoft.com/filestreamingservice/files/fef489f0-c0aa-4886-ba2b-137e93d55624?P1=1786395118&P2=404&P3=2&P4=ewkMzx51zMIZ5TENJ3CkWfc5AVyQEdge Component UpdaterfOzNFKNFp0sFgEdge Component UpdaterfMGNT50437XThUasbUIXgvkbGKEdge Component UpdaterfiEdge Component UpdaterbzOycJP4gPqyxZRsw{8ce14590-c0dd-479e-8e3a-2b185cef7912}d{8ce14590-c0dd-479e-8e3a-2b185cef7912}d URL."
"06-08-2026 18:21:12","16403","Information","Microsoft-Windows-Bits-Client",
"06-08-2026 18:21:12","3","Information","Microsoft-Windows-Bits-Client","The BITS service created a new job.
Transfer job: Edge Component Updater
Job ID: {8ce14590-c0dd-479e-8e3a-2b185cef7912}
Owner: ENTERPRISE\arjo5004
Process Path: C:\Program Files (x86)\Microsoft\EdgeWebView\Application\151.0.4129.59\msedgewebview2.exe
Process ID: 34292"
"06-08-2026 16:40:40","4","Information","Microsoft-Windows-Bits-Client","The transfer job is complete.
User: ENTERPRISE\arjo5004
Transfer job: PreSignInSettingsConfigJSON
Job ID: {96fe2103-abb5-4630-8e49-32dfadc14341}
Owner: ENTERPRISE\arjo5004
File count: 1"
"06-08-2026 16:40:40","60","Information","Microsoft-Windows-Bits-Client","BITS stopped transferring the PreSignInSettingsConfigJSON transfer job that is associated with the https://g.live.com/odclientsettings/ProdV2 URL. The status code is 0x0."
"06-08-2026 16:40:40","59","Information","Microsoft-Windows-Bits-Client","BITS started the PreSignInSettingsConfigJSON transfer job that is associated with the https://g.live.com/odclientsettings/ProdV2 URL."
"06-08-2026 16:40:39","16403","Information","Microsoft-Windows-Bits-Client",
"06-08-2026 16:40:39","3","Information","Microsoft-Windows-Bits-Client","The BITS service created a new job.
Transfer job: PreSignInSettingsConfigJSON
Job ID: {96fe2103-abb5-4630-8e49-32dfadc14341}
Owner: ENTERPRISE\arjo5004
Process Path: C:\Program Files\Microsoft OneDrive\OneDriveStandaloneUpdater.exe
Process ID: 11144"
"06-08-2026 15:40:51","4","Information","Microsoft-Windows-Bits-Client","The transfer job is complete.
User: ENTERPRISE\arjo5004
Transfer job: NucleusUpdateRingConfigJSON
Job ID: {6eff4541-6b3f-4696-91a7-37076a71c59f}
Owner: ENTERPRISE\arjo5004
File count: 1"
"06-08-2026 15:40:51","60","Information","Microsoft-Windows-Bits-Client","BITS stopped transferring the NucleusUpdateRingConfigJSON transfer job that is associated with the https://g.live.com/odclientsettings/ProdV2?OneDriveUpdate=afd07185445fb8bc41624654f16c URL. The status code is 0x0."
"06-08-2026 15:40:51","59","Information","Microsoft-Windows-Bits-Client","BITS started the NucleusUpdateRingConfigJSON transfer job that is associated with the https://g.live.com/odclientsettings/ProdV2?OneDriveUpdate=afd07185445fb8bc41624654f16c URL."
"06-08-2026 15:40:50","16403","Information","Microsoft-Windows-Bits-Client",
"06-08-2026 15:40:50","3","Information","Microsoft-Windows-Bits-Client","The BITS service created a new job.
Transfer job: NucleusUpdateRingConfigJSON
Job ID: {6eff4541-6b3f-4696-91a7-37076a71c59f}
Owner: ENTERPRISE\arjo5004
Process Path: C:\Program Files\Microsoft OneDrive\26.134.0713.0004\OneDrive.Sync.Service.exe
Process ID: 31324"
"06-08-2026 15:40:44","4","Information","Microsoft-Windows-Bits-Client","The transfer job is complete.
User: ENTERPRISE\arjo5004
Transfer job: UpdateXml
Job ID: {3fb8ec59-a2fc-48d6-828f-19b3db5d741a}
Owner: ENTERPRISE\arjo5004
File count: 1"
"06-08-2026 15:40:44","60","Information","Microsoft-Windows-Bits-Client","BITS stopped transferring the UpdateXml transfer job that is associated with the https://g.live.com/1rewlive5skydrive/OneDriveProductionV2?OneDriveUpdate=260f50fe5542aa426e6ecdb61eb URL. The status code is 0x0."
"06-08-2026 15:40:44","59","Information","Microsoft-Windows-Bits-Client","BITS started the UpdateXml transfer job that is associated with the https://g.live.com/1rewlive5skydrive/OneDriveProductionV2?OneDriveUpdate=260f50fe5542aa426e6ecdb61eb URL."
"06-08-2026 15:40:44","16403","Information","Microsoft-Windows-Bits-Client",
"06-08-2026 15:40:44","3","Information","Microsoft-Windows-Bits-Client","The BITS service created a new job.
Transfer job: UpdateXml
Job ID: {3fb8ec59-a2fc-48d6-828f-19b3db5d741a}
Owner: ENTERPRISE\arjo5004
Process Path: C:\Program Files\Microsoft OneDrive\OneDrive.exe
Process ID: 13028"
"06-08-2026 15:40:14","4","Information","Microsoft-Windows-Bits-Client","The transfer job is complete.
User: NT AUTHORITY\SYSTEM
Transfer job: PreSignInSettingsConfigJSON
Job ID: {930a3742-64c3-4e28-ba12-24138c196243}
Owner: NT AUTHORITY\SYSTEM
File count: 1"
"06-08-2026 15:40:14","60","Information","Microsoft-Windows-Bits-Client","BITS stopped transferring the PreSignInSettingsConfigJSON transfer job that is associated with the https://g.live.com/odclientsettings/ProdV2 URL. The status code is 0x0."
"06-08-2026 15:40:14","59","Information","Microsoft-Windows-Bits-Client","BITS started the PreSignInSettingsConfigJSON transfer job that is associated with the https://g.live.com/odclientsettings/ProdV2 URL."
"06-08-2026 15:40:14","16403","Information","Microsoft-Windows-Bits-Client",
"06-08-2026 15:40:14","3","Information","Microsoft-Windows-Bits-Client","The BITS service created a new job.
Transfer job: PreSignInSettingsConfigJSON
Job ID: {930a3742-64c3-4e28-ba12-24138c196243}
Owner: NT AUTHORITY\SYSTEM
Process Path: C:\Program Files\Microsoft OneDrive\Update\OneDriveSetup.exe
Process ID: 3816"
"06-08-2026 15:40:09","4","Information","Microsoft-Windows-Bits-Client","The transfer job is complete.
User: NT AUTHORITY\SYSTEM
Transfer job: UpdateBinary
Job ID: {2c17889e-7d0e-4aa3-a679-3bd3862d020d}
Owner: NT AUTHORITY\SYSTEM
File count: 1"
"06-08-2026 15:40:09","60","Information","Microsoft-Windows-Bits-Client","BITS stopped transferring the UpdateBinary transfer job that is associated with the https://oneclient.sfx.ms/Win/Installers/26.134.0713.0004/amd64/OneDriveSetup.exe URL. The status code is 0x0."
"06-08-2026 15:39:54","59","Information","Microsoft-Windows-Bits-Client","BITS started the UpdateBinary transfer job that is associated with the https://oneclient.sfx.ms/Win/Installers/26.134.0713.0004/amd64/OneDriveSetup.exe URL."
"06-08-2026 15:39:54","16403","Information","Microsoft-Windows-Bits-Client",
"06-08-2026 15:39:54","3","Information","Microsoft-Windows-Bits-Client","The BITS service created a new job.
Transfer job: UpdateBinary
Job ID: {2c17889e-7d0e-4aa3-a679-3bd3862d020d}
Owner: NT AUTHORITY\SYSTEM
Process Path: C:\Program Files\Microsoft OneDrive\26.134.0713.0003\OneDriveUpdaterService.exe
Process ID: 32172"
"06-08-2026 15:39:54","4","Information","Microsoft-Windows-Bits-Client","The transfer job is complete.
User: NT AUTHORITY\SYSTEM
Transfer job: UpdateXml
Job ID: {db71f891-a264-4089-82ad-7ea3275d6c69}
Owner: NT AUTHORITY\SYSTEM
File count: 1"
"06-08-2026 15:39:54","60","Information","Microsoft-Windows-Bits-Client","BITS stopped transferring the UpdateXml transfer job that is associated with the https://g.live.com/1rewlive5skydrive/OneDriveProductionV2?OneDriveUpdate=f0d1da70b8d883cd76db72380dc URL. The status code is 0x0."
"06-08-2026 15:39:53","59","Information","Microsoft-Windows-Bits-Client","BITS started the UpdateXml transfer job that is associated with the https://g.live.com/1rewlive5skydrive/OneDriveProductionV2?OneDriveUpdate=f0d1da70b8d883cd76db72380dc URL."
"06-08-2026 15:39:53","16403","Information","Microsoft-Windows-Bits-Client",
"06-08-2026 15:39:53","3","Information","Microsoft-Windows-Bits-Client","The BITS service created a new job.
Transfer job: UpdateXml
Job ID: {db71f891-a264-4089-82ad-7ea3275d6c69}
Owner: NT AUTHORITY\SYSTEM
Process Path: C:\Program Files\Microsoft OneDrive\26.134.0713.0003\OneDriveUpdaterService.exe
Process ID: 32172"
"06-08-2026 15:39:53","4","Information","Microsoft-Windows-Bits-Client","The transfer job is complete.
User: NT AUTHORITY\SYSTEM
Transfer job: PreSignInSettingsConfigJSON
Job ID: {3887c9da-6fd4-4578-9393-40acef0ce24a}
Owner: NT AUTHORITY\SYSTEM
File count: 1"
"06-08-2026 15:39:53","60","Information","Microsoft-Windows-Bits-Client","BITS stopped transferring the PreSignInSettingsConfigJSON transfer job that is associated with the https://g.live.com/odclientsettings/ProdV2 URL. The status code is 0x0."
"06-08-2026 15:39:52","59","Information","Microsoft-Windows-Bits-Client","BITS started the PreSignInSettingsConfigJSON transfer job that is associated with the https://g.live.com/odclientsettings/ProdV2 URL."
"06-08-2026 15:39:52","16403","Information","Microsoft-Windows-Bits-Client",
"06-08-2026 15:39:52","3","Information","Microsoft-Windows-Bits-Client","The BITS service created a new job.
Transfer job: PreSignInSettingsConfigJSON
Job ID: {3887c9da-6fd4-4578-9393-40acef0ce24a}
Owner: NT AUTHORITY\SYSTEM
Process Path: C:\Program Files\Microsoft OneDrive\26.134.0713.0003\OneDriveUpdaterService.exe
Process ID: 32172"
"06-08-2026 13:31:58","4","Information","Microsoft-Windows-Bits-Client","The transfer job is complete.
User: NT AUTHORITY\SYSTEM
Transfer job: UpdateDescriptionXml
Job ID: {0169c8d1-3a38-4ba0-8782-286931e28fc4}
Owner: NT AUTHORITY\SYSTEM
File count: 1"
"06-08-2026 13:31:58","60","Information","Microsoft-Windows-Bits-Client","BITS stopped transferring the UpdateDescriptionXml transfer job that is associated with the https://g.live.com/1rewlive5skydrive/ODSUProductionV2 URL. The status code is 0x0."
"06-08-2026 13:31:57","59","Information","Microsoft-Windows-Bits-Client","BITS started the UpdateDescriptionXml transfer job that is associated with the https://g.live.com/1rewlive5skydrive/ODSUProductionV2 URL."
"06-08-2026 13:31:57","16403","Information","Microsoft-Windows-Bits-Client",
"06-08-2026 13:31:57","3","Information","Microsoft-Windows-Bits-Client","The BITS service created a new job.
Transfer job: UpdateDescriptionXml
Job ID: {0169c8d1-3a38-4ba0-8782-286931e28fc4}
Owner: NT AUTHORITY\SYSTEM
Process Path: C:\Program Files\Microsoft OneDrive\OneDriveStandaloneUpdater.exe
Process ID: 36444"
"06-08-2026 13:31:57","4","Information","Microsoft-Windows-Bits-Client","The transfer job is complete.
User: NT AUTHORITY\SYSTEM
Transfer job: PreSignInSettingsConfigJSON
Job ID: {65b4237a-c191-4bb7-96d2-95379fc6d5e3}
Owner: NT AUTHORITY\SYSTEM
File count: 1"
"06-08-2026 13:31:57","60","Information","Microsoft-Windows-Bits-Client","BITS stopped transferring the PreSignInSettingsConfigJSON transfer job that is associated with the https://g.live.com/odclientsettings/ProdV2 URL. The status code is 0x0."
"06-08-2026 13:31:57","59","Information","Microsoft-Windows-Bits-Client","BITS started the PreSignInSettingsConfigJSON transfer job that is associated with the https://g.live.com/odclientsettings/ProdV2 URL."
"06-08-2026 13:31:56","16403","Information","Microsoft-Windows-Bits-Client",
"06-08-2026 13:31:56","3","Information","Microsoft-Windows-Bits-Client","The BITS service created a new job.
Transfer job: PreSignInSettingsConfigJSON
Job ID: {65b4237a-c191-4bb7-96d2-95379fc6d5e3}
Owner: NT AUTHORITY\SYSTEM
Process Path: C:\Program Files\Microsoft OneDrive\OneDriveStandaloneUpdater.exe
Process ID: 36444"
"06-08-2026 13:31:56","5","Information","Microsoft-Windows-Bits-Client","Job cancelled. User: NT AUTHORITY\SYSTEM, job: PreSignInSettingsConfigJSON, jobID: {a41c3d5b-6f44-49bc-b79d-bb080098612d}, owner: NT AUTHORITY\SYSTEM, filecount: 1"
"06-08-2026 12:55:44","4","Information","Microsoft-Windows-Bits-Client","The transfer job is complete.
User: ENTERPRISE\arjo5004
Transfer job: PreSignInSettingsConfigJSON
Job ID: {14e9e8e3-9b4c-48ad-a9ec-88270a35d56c}
Owner: ENTERPRISE\arjo5004
File count: 1"
"06-08-2026 12:55:44","60","Information","Microsoft-Windows-Bits-Client","BITS stopped transferring the PreSignInSettingsConfigJSON transfer job that is associated with the https://g.live.com/odclientsettings/ProdV2 URL. The status code is 0x0."
"06-08-2026 12:55:43","59","Information","Microsoft-Windows-Bits-Client","BITS started the PreSignInSettingsConfigJSON transfer job that is associated with the https://g.live.com/odclientsettings/ProdV2 URL."
"06-08-2026 12:55:43","16403","Information","Microsoft-Windows-Bits-Client",
"06-08-2026 12:55:43","3","Information","Microsoft-Windows-Bits-Client","The BITS service created a new job.
Transfer job: PreSignInSettingsConfigJSON
Job ID: {14e9e8e3-9b4c-48ad-a9ec-88270a35d56c}
Owner: ENTERPRISE\arjo5004
Process Path: C:\Program Files\Microsoft OneDrive\OneDriveStandaloneUpdater.exe
Process ID: 36532"
"06-08-2026 12:31:36","4","Information","Microsoft-Windows-Bits-Client","The transfer job is complete.
User: NT AUTHORITY\SYSTEM
Transfer job: Microsoft Office Click-to-Run
Job ID: {f1b36d8f-3cba-4d86-824d-69545a6608bb}
Owner: NT AUTHORITY\SYSTEM
File count: 1"
"06-08-2026 12:31:36","60","Information","Microsoft-Windows-Bits-Client","BITS stopped transferring the Microsoft Office Click-to-Run transfer job that is associated with the http://f.c2r.ts.cdn.office.net/pr/55336b82-a18d-4dd6-b5f6-9e5095c314a6/Office/Data/v64_16.0.20131.20152.cab URL. The status code is 0x0."
"06-08-2026 12:31:35","59","Information","Microsoft-Windows-Bits-Client","BITS started the Microsoft Office Click-to-Run transfer job that is associated with the http://f.c2r.ts.cdn.office.net/pr/55336b82-a18d-4dd6-b5f6-9e5095c314a6/Office/Data/v64_16.0.20131.20152.cab URL."
"06-08-2026 12:31:35","16403","Information","Microsoft-Windows-Bits-Client",
"06-08-2026 12:31:35","3","Information","Microsoft-Windows-Bits-Client","The BITS service created a new job.
Transfer job: Microsoft Office Click-to-Run
Job ID: {f1b36d8f-3cba-4d86-824d-69545a6608bb}
Owner: NT AUTHORITY\SYSTEM
Process Path: C:\Program Files\Common Files\microsoft shared\ClickToRun\OfficeClickToRun.exe
Process ID: 4716"
"06-08-2026 12:31:35","4","Information","Microsoft-Windows-Bits-Client","The transfer job is complete.
User: NT AUTHORITY\SYSTEM
Transfer job: Microsoft Office Click-to-Run
Job ID: {2729fa24-46fb-4a2e-a28c-69b2f44747d2}
Owner: NT AUTHORITY\SYSTEM
File count: 1"
"06-08-2026 12:31:35","60","Information","Microsoft-Windows-Bits-Client","BITS stopped transferring the Microsoft Office Click-to-Run transfer job that is associated with the http://f.c2r.ts.cdn.office.net/pr/55336b82-a18d-4dd6-b5f6-9e5095c314a6/Office/Data/v64_16.0.20131.20152.cab URL. The status code is 0x0."
"06-08-2026 12:31:35","59","Information","Microsoft-Windows-Bits-Client","BITS started the Microsoft Office Click-to-Run transfer job that is associated with the http://f.c2r.ts.cdn.office.net/pr/55336b82-a18d-4dd6-b5f6-9e5095c314a6/Office/Data/v64_16.0.20131.20152.cab URL."
"06-08-2026 12:31:34","16403","Information","Microsoft-Windows-Bits-Client",
"06-08-2026 12:31:34","3","Information","Microsoft-Windows-Bits-Client","The BITS service created a new job.
Transfer job: Microsoft Office Click-to-Run
Job ID: {2729fa24-46fb-4a2e-a28c-69b2f44747d2}
Owner: NT AUTHORITY\SYSTEM
Process Path: C:\Program Files\Common Files\microsoft shared\ClickToRun\OfficeClickToRun.exe
Process ID: 4716"
