"23-05-2026 11:10:43","698","Error","Microsoft-Windows-AppXDeployment-Server","Deployment PreRegisterPackage operation with target volume C: on Package Microsoft.Office.ActionsServer_16.0.19929.20172_neutral__8wekyb3d8bbwe from:   failed with error 0x80070032. See http://go.microsoft.com/fwlink/?LinkId=235160 for help diagnosing app deployment issues."
"23-05-2026 11:10:42","698","Error","Microsoft-Windows-AppXDeployment-Server","Deployment PreRegisterPackage operation with target volume C: on Package aimgr_0.20.47.0_x64__8wekyb3d8bbwe from:   failed with error 0x80070032. See http://go.microsoft.com/fwlink/?LinkId=235160 for help diagnosing app deployment issues."
"23-05-2026 11:10:41","698","Error","Microsoft-Windows-AppXDeployment-Server","Deployment PreRegisterPackage operation with target volume C: on Package AdobeAcrobatReaderCoreApp_26.0.0.1_x64__pc75e8sa7ep4e from:   failed with error 0x80070032. See http://go.microsoft.com/fwlink/?LinkId=235160 for help diagnosing app deployment issues."
"23-05-2026 11:05:27","698","Error","Microsoft-Windows-AppXDeployment-Server","Deployment Remove operation with target volume C: on Package AppUp.IntelManagementandSecurityStatus_2537.8.7.0_neutral_~_8j3eq9eme6ctt from:   failed with error 0x80073CF1. See http://go.microsoft.com/fwlink/?LinkId=235160 for help diagnosing app deployment issues."
"23-05-2026 11:05:26","698","Error","Microsoft-Windows-AppXDeployment-Server","Deployment PreRegisterPackage operation with target volume C: on Package Microsoft.VisualStudioCode_1.0.116.0_neutral__8wekyb3d8bbwe from:   failed with error 0x80070032. See http://go.microsoft.com/fwlink/?LinkId=235160 for help diagnosing app deployment issues."
"23-05-2026 11:05:25","698","Error","Microsoft-Windows-AppXDeployment-Server","Deployment PreRegisterPackage operation with target volume C: on Package Microsoft.OneDriveSync_26078.426.2.0_neutral__8wekyb3d8bbwe from:   failed with error 0x80070032. See http://go.microsoft.com/fwlink/?LinkId=235160 for help diagnosing app deployment issues."
"23-05-2026 11:05:25","698","Error","Microsoft-Windows-AppXDeployment-Server","Deployment PreRegisterPackage operation with target volume C: on Package Microsoft.OfficePushNotificationUtility_16.0.19929.20172_neutral__8wekyb3d8bbwe from:   failed with error 0x80070032. See http://go.microsoft.com/fwlink/?LinkId=235160 for help diagnosing app deployment issues."
"23-05-2026 11:05:25","698","Error","Microsoft-Windows-AppXDeployment-Server","Deployment PreRegisterPackage operation with target volume C: on Package Microsoft.Office.ActionsServer_16.0.19929.20172_neutral__8wekyb3d8bbwe from:   failed with error 0x80070032. See http://go.microsoft.com/fwlink/?LinkId=235160 for help diagnosing app deployment issues."
"23-05-2026 11:05:25","698","Error","Microsoft-Windows-AppXDeployment-Server","Deployment PreRegisterPackage operation with target volume C: on Package aimgr_0.20.47.0_x64__8wekyb3d8bbwe from:   failed with error 0x80070032. See http://go.microsoft.com/fwlink/?LinkId=235160 for help diagnosing app deployment issues."
"23-05-2026 11:05:25","698","Error","Microsoft-Windows-AppXDeployment-Server","Deployment PreRegisterPackage operation with target volume C: on Package AdobeAcrobatReaderCoreApp_26.0.0.1_x64__pc75e8sa7ep4e from:   failed with error 0x80070032. See http://go.microsoft.com/fwlink/?LinkId=235160 for help diagnosing app deployment issues."
"23-05-2026 23:08:53","698","Error","Microsoft-Windows-AppXDeployment-Server","Deployment PreRegisterPackage operation with target volume C: on Package microsoft.visualstudiocode_1.0.116.0_neutral__8wekyb3d8bbwe from:   failed with error 0x80070032. See http://go.microsoft.com/fwlink/?LinkId=235160 for help diagnosing app deployment issues."
"23-05-2026 23:08:53","698","Error","Microsoft-Windows-AppXDeployment-Server","Deployment PreRegisterPackage operation with target volume C: on Package microsoft.onedrivesync_26078.426.2.0_neutral__8wekyb3d8bbwe from:   failed with error 0x80070032. See http://go.microsoft.com/fwlink/?LinkId=235160 for help diagnosing app deployment issues."
"23-05-2026 23:08:53","698","Error","Microsoft-Windows-AppXDeployment-Server","Deployment PreRegisterPackage operation with target volume C: on Package microsoft.officepushnotificationutility_16.0.19929.20172_neutral__8wekyb3d8bbwe from:   failed with error 0x80070032. See http://go.microsoft.com/fwlink/?LinkId=235160 for help diagnosing app deployment issues."
"23-05-2026 23:08:53","698","Error","Microsoft-Windows-AppXDeployment-Server","Deployment PreRegisterPackage operation with target volume C: on Package microsoft.office.actionsserver_16.0.19929.20172_neutral__8wekyb3d8bbwe from:   failed with error 0x80070032. See http://go.microsoft.com/fwlink/?LinkId=235160 for help diagnosing app deployment issues."
"23-05-2026 23:08:53","698","Error","Microsoft-Windows-AppXDeployment-Server","Deployment PreRegisterPackage operation with target volume C: on Package aimgr_0.20.47.0_x64__8wekyb3d8bbwe from:   failed with error 0x80070032. See http://go.microsoft.com/fwlink/?LinkId=235160 for help diagnosing app deployment issues."
"23-05-2026 23:08:53","698","Error","Microsoft-Windows-AppXDeployment-Server","Deployment PreRegisterPackage operation with target volume C: on Package adobeacrobatreadercoreapp_26.0.0.1_x64__pc75e8sa7ep4e from:   failed with error 0x80070032. See http://go.microsoft.com/fwlink/?LinkId=235160 for help diagnosing app deployment issues."
"23-05-2026 23:08:53","698","Error","Microsoft-Windows-AppXDeployment-Server","Deployment PreRegisterPackage operation with target volume C: on Package microsoft.visualstudiocode_1.0.116.0_neutral__8wekyb3d8bbwe from:   failed with error 0x80070032. See http://go.microsoft.com/fwlink/?LinkId=235160 for help diagnosing app deployment issues."
"23-05-2026 23:08:53","698","Error","Microsoft-Windows-AppXDeployment-Server","Deployment PreRegisterPackage operation with target volume C: on Package microsoft.onedrivesync_26078.426.2.0_neutral__8wekyb3d8bbwe from:   failed with error 0x80070032. See http://go.microsoft.com/fwlink/?LinkId=235160 for help diagnosing app deployment issues."
"23-05-2026 23:08:52","698","Error","Microsoft-Windows-AppXDeployment-Server","Deployment PreRegisterPackage operation with target volume C: on Package microsoft.officepushnotificationutility_16.0.19929.20172_neutral__8wekyb3d8bbwe from:   failed with error 0x80070032. See http://go.microsoft.com/fwlink/?LinkId=235160 for help diagnosing app deployment issues."
"23-05-2026 23:08:52","698","Error","Microsoft-Windows-AppXDeployment-Server","Deployment PreRegisterPackage operation with target volume C: on Package microsoft.office.actionsserver_16.0.19929.20172_neutral__8wekyb3d8bbwe from:   failed with error 0x80070032. See http://go.microsoft.com/fwlink/?LinkId=235160 for help diagnosing app deployment issues."
"23-05-2026 23:08:52","698","Error","Microsoft-Windows-AppXDeployment-Server","Deployment PreRegisterPackage operation with target volume C: on Package aimgr_0.20.47.0_x64__8wekyb3d8bbwe from:   failed with error 0x80070032. See http://go.microsoft.com/fwlink/?LinkId=235160 for help diagnosing app deployment issues."
"23-05-2026 23:08:52","698","Error","Microsoft-Windows-AppXDeployment-Server","Deployment PreRegisterPackage operation with target volume C: on Package adobeacrobatreadercoreapp_26.0.0.1_x64__pc75e8sa7ep4e from:   failed with error 0x80070032. See http://go.microsoft.com/fwlink/?LinkId=235160 for help diagnosing app deployment issues."
"23-05-2026 23:07:08","698","Error","Microsoft-Windows-AppXDeployment-Server","Deployment PreRegisterPackage operation with target volume C: on Package microsoft.visualstudiocode_1.0.116.0_neutral__8wekyb3d8bbwe from:   failed with error 0x80070032. See http://go.microsoft.com/fwlink/?LinkId=235160 for help diagnosing app deployment issues."
"23-05-2026 23:06:55","698","Error","Microsoft-Windows-AppXDeployment-Server","Deployment PreRegisterPackage operation with target volume C: on Package microsoft.onedrivesync_26078.426.2.0_neutral__8wekyb3d8bbwe from:   failed with error 0x80070032. See http://go.microsoft.com/fwlink/?LinkId=235160 for help diagnosing app deployment issues."
"23-05-2026 23:06:55","698","Error","Microsoft-Windows-AppXDeployment-Server","Deployment PreRegisterPackage operation with target volume C: on Package microsoft.officepushnotificationutility_16.0.19929.20172_neutral__8wekyb3d8bbwe from:   failed with error 0x80070032. See http://go.microsoft.com/fwlink/?LinkId=235160 for help diagnosing app deployment issues."
"23-05-2026 23:06:55","698","Error","Microsoft-Windows-AppXDeployment-Server","Deployment PreRegisterPackage operation with target volume C: on Package microsoft.office.actionsserver_16.0.19929.20172_neutral__8wekyb3d8bbwe from:   failed with error 0x80070032. See http://go.microsoft.com/fwlink/?LinkId=235160 for help diagnosing app deployment issues."
"23-05-2026 23:06:47","698","Error","Microsoft-Windows-AppXDeployment-Server","Deployment PreRegisterPackage operation with target volume C: on Package aimgr_0.20.47.0_x64__8wekyb3d8bbwe from:   failed with error 0x80070032. See http://go.microsoft.com/fwlink/?LinkId=235160 for help diagnosing app deployment issues."
"23-05-2026 23:06:47","698","Error","Microsoft-Windows-AppXDeployment-Server","Deployment PreRegisterPackage operation with target volume C: on Package adobeacrobatreadercoreapp_26.0.0.1_x64__pc75e8sa7ep4e from:   failed with error 0x80070032. See http://go.microsoft.com/fwlink/?LinkId=235160 for help diagnosing app deployment issues."
