"18-08-2026 14:31:24","62443","Information","Microsoft-Windows-Shell-Core","AppDefault Info: SetDefault-Info: Association=.avci, ProgId=AppX9rkaq77s0jzh1tyccadx9ghba15r6t3h, U=S-1-12-1-2357405129-1281513531-255772574-1816207334, T=2026:08:02:18:09:01, H=iq60kCNCoZI="
"18-08-2026 14:31:24","62443","Information","Microsoft-Windows-Shell-Core","AppDefault Info: SetDefault: Association=.avci, ProgId=AppX9rkaq77s0jzh1tyccadx9ghba15r6t3h"
"18-08-2026 14:31:24","62443","Information","Microsoft-Windows-Shell-Core","AppDefault Info: SetDefault-Info: Association=.au, ProgId=WMP11.AssocFile.AU, U=S-1-12-1-2357405129-1281513531-255772574-1816207334, T=2026:08:02:18:09:01, H=afSx2cwLvsI="
"18-08-2026 14:31:24","62443","Information","Microsoft-Windows-Shell-Core","AppDefault Info: SetDefault: Association=.au, ProgId=WMP11.AssocFile.AU"
"18-08-2026 14:31:24","62443","Information","Microsoft-Windows-Shell-Core","AppDefault Info: SetDefault-Info: Association=.asx, ProgId=WMP11.AssocFile.ASX, U=S-1-12-1-2357405129-1281513531-255772574-1816207334, T=2026:08:02:18:09:01, H=sPxWgufedeU="
"18-08-2026 14:31:24","62443","Information","Microsoft-Windows-Shell-Core","AppDefault Info: SetDefault: Association=.asx, ProgId=WMP11.AssocFile.ASX"
"18-08-2026 14:31:24","62443","Information","Microsoft-Windows-Shell-Core","AppDefault Info: SetDefault-Info: Association=.asf, ProgId=WMP11.AssocFile.ASF, U=S-1-12-1-2357405129-1281513531-255772574-1816207334, T=2026:08:02:18:09:01, H=3IJv7+0jJ30="
"18-08-2026 14:31:24","62443","Information","Microsoft-Windows-Shell-Core","AppDefault Info: SetDefault: Association=.asf, ProgId=WMP11.AssocFile.ASF"
"18-08-2026 14:31:24","62443","Information","Microsoft-Windows-Shell-Core","AppDefault Info: SetDefault-Info: Association=.arw, ProgId=AppX43hnxtbyyps62jhe9sqpdzxn1790zetc, U=S-1-12-1-2357405129-1281513531-255772574-1816207334, T=2026:08:02:18:09:01, H=PUoAKXmLhvo="
"18-08-2026 14:31:24","62443","Information","Microsoft-Windows-Shell-Core","AppDefault Info: SetDefault: Association=.arw, ProgId=AppX43hnxtbyyps62jhe9sqpdzxn1790zetc"
"18-08-2026 14:31:24","62443","Information","Microsoft-Windows-Shell-Core","AppDefault Info: SetDefault-Info: Association=.ari, ProgId=AppX9rkaq77s0jzh1tyccadx9ghba15r6t3h, U=S-1-12-1-2357405129-1281513531-255772574-1816207334, T=2026:08:02:18:09:01, H=S6R3K+n+bug="
"18-08-2026 14:31:24","62443","Information","Microsoft-Windows-Shell-Core","AppDefault Info: SetDefault: Association=.ari, ProgId=AppX9rkaq77s0jzh1tyccadx9ghba15r6t3h"
"18-08-2026 14:31:24","62443","Information","Microsoft-Windows-Shell-Core","AppDefault Info: SetDefault-Info: Association=.aiff, ProgId=WMP11.AssocFile.AIFF, U=S-1-12-1-2357405129-1281513531-255772574-1816207334, T=2026:08:02:18:09:01, H=mpVMNHzl1kY="
"18-08-2026 14:31:24","62443","Information","Microsoft-Windows-Shell-Core","AppDefault Info: SetDefault: Association=.aiff, ProgId=WMP11.AssocFile.AIFF"
"18-08-2026 14:31:24","62443","Information","Microsoft-Windows-Shell-Core","AppDefault Info: SetDefault-Info: Association=.aifc, ProgId=WMP11.AssocFile.AIFF, U=S-1-12-1-2357405129-1281513531-255772574-1816207334, T=2026:08:02:18:09:01, H=+B85mW15vtQ="
"18-08-2026 14:31:24","62443","Information","Microsoft-Windows-Shell-Core","AppDefault Info: SetDefault: Association=.aifc, ProgId=WMP11.AssocFile.AIFF"
"18-08-2026 14:31:23","62443","Information","Microsoft-Windows-Shell-Core","AppDefault Info: SetDefault-Info: Association=.aif, ProgId=WMP11.AssocFile.AIFF, U=S-1-12-1-2357405129-1281513531-255772574-1816207334, T=2026:08:02:18:09:01, H=OStUkeTTM7A="
"18-08-2026 14:31:23","62443","Information","Microsoft-Windows-Shell-Core","AppDefault Info: SetDefault: Association=.aif, ProgId=WMP11.AssocFile.AIFF"
"18-08-2026 14:31:23","62443","Information","Microsoft-Windows-Shell-Core","AppDefault Info: SetDefault-Info: Association=.adts, ProgId=WMP11.AssocFile.ADTS, U=S-1-12-1-2357405129-1281513531-255772574-1816207334, T=2026:08:02:18:09:01, H=stf05j8VEQM="
"18-08-2026 14:31:23","62443","Information","Microsoft-Windows-Shell-Core","AppDefault Info: SetDefault: Association=.adts, ProgId=WMP11.AssocFile.ADTS"
"18-08-2026 14:31:23","62443","Information","Microsoft-Windows-Shell-Core","AppDefault Info: SetDefault-Info: Association=.aac, ProgId=WMP11.AssocFile.ADTS, U=S-1-12-1-2357405129-1281513531-255772574-1816207334, T=2026:08:02:18:09:01, H=s3lxen7xnmU="
"18-08-2026 14:31:23","62443","Information","Microsoft-Windows-Shell-Core","AppDefault Info: SetDefault: Association=.aac, ProgId=WMP11.AssocFile.ADTS"
"18-08-2026 14:31:23","62443","Information","Microsoft-Windows-Shell-Core","AppDefault Info: SetDefault-Info: Association=.3gpp, ProgId=WMP11.AssocFile.3GP, U=S-1-12-1-2357405129-1281513531-255772574-1816207334, T=2026:08:02:18:09:01, H=wSzhW8Urois="
"18-08-2026 14:31:23","62443","Information","Microsoft-Windows-Shell-Core","AppDefault Info: SetDefault: Association=.3gpp, ProgId=WMP11.AssocFile.3GP"
"18-08-2026 14:31:23","62443","Information","Microsoft-Windows-Shell-Core","AppDefault Info: SetDefault-Info: Association=.3gp2, ProgId=WMP11.AssocFile.3G2, U=S-1-12-1-2357405129-1281513531-255772574-1816207334, T=2026:08:02:18:09:01, H=0I46auw7XTg="
"18-08-2026 14:31:23","62443","Information","Microsoft-Windows-Shell-Core","AppDefault Info: SetDefault: Association=.3gp2, ProgId=WMP11.AssocFile.3G2"
"18-08-2026 14:31:23","62443","Information","Microsoft-Windows-Shell-Core","AppDefault Info: SetDefault-Info: Association=.3gp, ProgId=WMP11.AssocFile.3GP, U=S-1-12-1-2357405129-1281513531-255772574-1816207334, T=2026:08:02:18:09:01, H=AHgeTX9wfx8="
"18-08-2026 14:31:23","62443","Information","Microsoft-Windows-Shell-Core","AppDefault Info: SetDefault: Association=.3gp, ProgId=WMP11.AssocFile.3GP"
"18-08-2026 14:31:23","62443","Information","Microsoft-Windows-Shell-Core","AppDefault Info: SetDefault-Info: Association=.3g2, ProgId=WMP11.AssocFile.3G2, U=S-1-12-1-2357405129-1281513531-255772574-1816207334, T=2026:08:02:18:09:01, H=Ew75hnIfsgA="
"18-08-2026 14:31:23","62443","Information","Microsoft-Windows-Shell-Core","AppDefault Info: SetDefault: Association=.3g2, ProgId=WMP11.AssocFile.3G2"
"18-08-2026 14:31:23","62443","Information","Microsoft-Windows-Shell-Core","AppDefault Info: SetDefault-Info: Association=.3fr, ProgId=AppX9rkaq77s0jzh1tyccadx9ghba15r6t3h, U=S-1-12-1-2357405129-1281513531-255772574-1816207334, T=2026:08:02:18:09:01, H=NCl5JnnKKu4="
"18-08-2026 14:31:23","62443","Information","Microsoft-Windows-Shell-Core","AppDefault Info: SetDefault: Association=.3fr, ProgId=AppX9rkaq77s0jzh1tyccadx9ghba15r6t3h"
"18-08-2026 14:31:23","62443","Information","Microsoft-Windows-Shell-Core","AppDefault Info: AppDefaults-Logon-UserProfileLoaded"
"18-08-2026 14:31:23","62443","Information","Microsoft-Windows-Shell-Core","AppDefault Info: File Association hash version is still the same"
"18-08-2026 10:44:38","62443","Information","Microsoft-Windows-Shell-Core","AppDefault Info: Querying default browser info"
"18-08-2026 10:29:46","62443","Information","Microsoft-Windows-Shell-Core","AppDefault Info: SetDefault-Info: Association=read, ProgId=MSEdgeHTM, U=S-1-12-1-2357405129-1281513531-255772574-1816207334, T=2026:05:06:23:05:35, H=/E7tvyIAW3Y="
"18-08-2026 10:29:46","62443","Information","Microsoft-Windows-Shell-Core","AppDefault Info: SetDefault: Association=read, ProgId=MSEdgeHTM"
"18-08-2026 10:29:46","62443","Information","Microsoft-Windows-Shell-Core","AppDefault Info: SetDefault-Info: Association=onenote, ProgId=OneNote.URL.16, U=S-1-12-1-2357405129-1281513531-255772574-1816207334, T=2026:05:06:23:05:35, H=OvOwCi/9gU8="
"18-08-2026 10:29:46","62443","Information","Microsoft-Windows-Shell-Core","AppDefault Info: SetDefault: Association=onenote, ProgId=OneNote.URL.16"
"18-08-2026 10:29:46","62443","Information","Microsoft-Windows-Shell-Core","AppDefault Info: SetDefault-Info: Association=ms-xbl-3d8b930f, ProgId=MSEdgeHTM, U=S-1-12-1-2357405129-1281513531-255772574-1816207334, T=2026:05:06:23:05:35, H=hBzMZybqKJg="
"18-08-2026 10:29:46","62443","Information","Microsoft-Windows-Shell-Core","AppDefault Info: SetDefault: Association=ms-xbl-3d8b930f, ProgId=MSEdgeHTM"
"18-08-2026 10:29:46","62443","Information","Microsoft-Windows-Shell-Core","AppDefault Info: SetDefault-Info: Association=ms-screenclip, ProgId=AppXfeq5vwnakrw6cy02kzhq8ekhhsremh62, U=S-1-12-1-2357405129-1281513531-255772574-1816207334, T=2026:05:06:23:05:35, H=GvkzRuC3cfc="
"18-08-2026 10:29:46","62443","Information","Microsoft-Windows-Shell-Core","AppDefault Info: SetDefault: Association=ms-screenclip, ProgId=AppXfeq5vwnakrw6cy02kzhq8ekhhsremh62"
"18-08-2026 10:29:46","62443","Information","Microsoft-Windows-Shell-Core","AppDefault Info: SetDefault-Info: Association=ms-outlook, ProgId=AppX1scw7cgxcz9hmq03sd8qajzg3s9t7901, U=S-1-12-1-2357405129-1281513531-255772574-1816207334, T=2026:05:06:23:05:35, H=5toUzjAjhgY="
"18-08-2026 10:29:46","62443","Information","Microsoft-Windows-Shell-Core","AppDefault Info: SetDefault: Association=ms-outlook, ProgId=AppX1scw7cgxcz9hmq03sd8qajzg3s9t7901"
"18-08-2026 10:29:46","62443","Information","Microsoft-Windows-Shell-Core","AppDefault Info: SetDefault-Info: Association=microsoft-edge-holographic, ProgId=MSEdgeHTM, U=S-1-12-1-2357405129-1281513531-255772574-1816207334, T=2026:05:06:23:05:35, H=GD7d0P9BheI="
"18-08-2026 10:29:46","62443","Information","Microsoft-Windows-Shell-Core","AppDefault Info: SetDefault: Association=microsoft-edge-holographic, ProgId=MSEdgeHTM"
"18-08-2026 10:29:46","62443","Information","Microsoft-Windows-Shell-Core","AppDefault Info: SetDefault-Info: Association=microsoft-edge, ProgId=MSEdgeHTM, U=S-1-12-1-2357405129-1281513531-255772574-1816207334, T=2026:05:06:23:05:35, H=hyJViDe+P4I="
"18-08-2026 10:29:46","62443","Information","Microsoft-Windows-Shell-Core","AppDefault Info: SetDefault: Association=microsoft-edge, ProgId=MSEdgeHTM"
"18-08-2026 10:29:46","62443","Information","Microsoft-Windows-Shell-Core","AppDefault Info: SetDefault-Info: Association=mailto, ProgId=Outlook.URL.mailto.15, U=S-1-12-1-2357405129-1281513531-255772574-1816207334, T=2026:05:06:23:05:35, H=6qYi6E04sH4="
"18-08-2026 10:29:46","62443","Information","Microsoft-Windows-Shell-Core","AppDefault Info: SetDefault: Association=mailto, ProgId=Outlook.URL.mailto.15"
"18-08-2026 10:29:46","62443","Information","Microsoft-Windows-Shell-Core","AppDefault Info: SetDefault-Info: Association=https, ProgId=MSEdgeHTM, U=S-1-12-1-2357405129-1281513531-255772574-1816207334, T=2026:08:01:10:04:11, H=jZzaW5oJEOI="
"18-08-2026 10:29:46","62443","Information","Microsoft-Windows-Shell-Core","AppDefault Info: SetDefault: Association=https, ProgId=MSEdgeHTM"
"18-08-2026 10:29:46","62443","Information","Microsoft-Windows-Shell-Core","AppDefault Info: SetDefault-Info: Association=http, ProgId=MSEdgeHTM, U=S-1-12-1-2357405129-1281513531-255772574-1816207334, T=2026:08:01:10:04:11, H=egiKsR34MeQ="
"18-08-2026 10:29:46","62443","Information","Microsoft-Windows-Shell-Core","AppDefault Info: SetDefault: Association=http, ProgId=MSEdgeHTM"
"18-08-2026 10:29:46","62443","Information","Microsoft-Windows-Shell-Core","AppDefault Info: SetDefault-Info: Association=ftp, ProgId=MSEdgeHTM, U=S-1-12-1-2357405129-1281513531-255772574-1816207334, T=2026:05:06:23:05:35, H=0FMJNG4rgbk="
"18-08-2026 10:29:46","62443","Information","Microsoft-Windows-Shell-Core","AppDefault Info: SetDefault: Association=ftp, ProgId=MSEdgeHTM"
"18-08-2026 10:29:46","62443","Information","Microsoft-Windows-Shell-Core","AppDefault Info: SetDefault-Info: Association=.xml, ProgId=MSEdgeHTM, U=S-1-12-1-2357405129-1281513531-255772574-1816207334, T=2026:08:02:18:04:59, H=57CKMbLnQ2k="
"18-08-2026 10:29:46","62443","Information","Microsoft-Windows-Shell-Core","AppDefault Info: SetDefault: Association=.xml, ProgId=MSEdgeHTM"
"18-08-2026 10:29:46","62443","Information","Microsoft-Windows-Shell-Core","AppDefault Info: SetDefault-Info: Association=.xhtml, ProgId=MSEdgeHTM, U=S-1-12-1-2357405129-1281513531-255772574-1816207334, T=2026:08:02:18:04:59, H=KaFMSILbvOg="
"18-08-2026 10:29:46","62443","Information","Microsoft-Windows-Shell-Core","AppDefault Info: SetDefault: Association=.xhtml, ProgId=MSEdgeHTM"
"18-08-2026 10:29:46","62443","Information","Microsoft-Windows-Shell-Core","AppDefault Info: SetDefault-Info: Association=.xht, ProgId=MSEdgeHTM, U=S-1-12-1-2357405129-1281513531-255772574-1816207334, T=2026:08:02:18:04:59, H=qThQcqsREVo="
"18-08-2026 10:29:46","62443","Information","Microsoft-Windows-Shell-Core","AppDefault Info: SetDefault: Association=.xht, ProgId=MSEdgeHTM"
"18-08-2026 10:29:46","62443","Information","Microsoft-Windows-Shell-Core","AppDefault Info: SetDefault-Info: Association=.wvx, ProgId=WMP11.AssocFile.WVX, U=S-1-12-1-2357405129-1281513531-255772574-1816207334, T=2026:08:02:18:04:59, H=BeGjkxwlans="
"18-08-2026 10:29:46","62443","Information","Microsoft-Windows-Shell-Core","AppDefault Info: SetDefault: Association=.wvx, ProgId=WMP11.AssocFile.WVX"
"18-08-2026 10:29:46","62443","Information","Microsoft-Windows-Shell-Core","AppDefault Info: SetDefault-Info: Association=.WPL, ProgId=WMP11.AssocFile.WPL, U=S-1-12-1-2357405129-1281513531-255772574-1816207334, T=2026:08:02:18:04:59, H=IbiqcmXZ5TA="
"18-08-2026 10:29:46","62443","Information","Microsoft-Windows-Shell-Core","AppDefault Info: SetDefault: Association=.WPL, ProgId=WMP11.AssocFile.WPL"
"18-08-2026 10:29:46","62443","Information","Microsoft-Windows-Shell-Core","AppDefault Info: SetDefault-Info: Association=.wmx, ProgId=WMP11.AssocFile.ASX, U=S-1-12-1-2357405129-1281513531-255772574-1816207334, T=2026:08:02:18:04:59, H=cFUJphKgXRk="
"18-08-2026 10:29:46","62443","Information","Microsoft-Windows-Shell-Core","AppDefault Info: SetDefault: Association=.wmx, ProgId=WMP11.AssocFile.ASX"
"18-08-2026 10:29:46","62443","Information","Microsoft-Windows-Shell-Core","AppDefault Info: SetDefault-Info: Association=.wmv, ProgId=WMP11.AssocFile.WMV, U=S-1-12-1-2357405129-1281513531-255772574-1816207334, T=2026:08:02:18:04:59, H=RKQwrxRlfaI="
"18-08-2026 10:29:46","62443","Information","Microsoft-Windows-Shell-Core","AppDefault Info: SetDefault: Association=.wmv, ProgId=WMP11.AssocFile.WMV"
"18-08-2026 10:29:46","62443","Information","Microsoft-Windows-Shell-Core","AppDefault Info: SetDefault-Info: Association=.wmf, ProgId=AppXcesbfs704v2mjbts9dkr42s9vmrhxbkj, U=S-1-12-1-2357405129-1281513531-255772574-1816207334, T=2026:08:02:18:04:59, H=HObkpoNs7rQ="
"18-08-2026 10:29:46","62443","Information","Microsoft-Windows-Shell-Core","AppDefault Info: SetDefault: Association=.wmf, ProgId=AppXcesbfs704v2mjbts9dkr42s9vmrhxbkj"
"18-08-2026 10:29:46","62443","Information","Microsoft-Windows-Shell-Core","AppDefault Info: SetDefault-Info: Association=.wma, ProgId=WMP11.AssocFile.WMA, U=S-1-12-1-2357405129-1281513531-255772574-1816207334, T=2026:08:02:18:04:59, H=J9PVNhj9D9Q="
"18-08-2026 10:29:46","62443","Information","Microsoft-Windows-Shell-Core","AppDefault Info: SetDefault: Association=.wma, ProgId=WMP11.AssocFile.WMA"
"18-08-2026 10:29:45","62443","Information","Microsoft-Windows-Shell-Core","AppDefault Info: SetDefault-Info: Association=.wm, ProgId=WMP11.AssocFile.ASF, U=S-1-12-1-2357405129-1281513531-255772574-1816207334, T=2026:08:02:18:04:59, H=iAtocAnyQ7E="
"18-08-2026 10:29:45","62443","Information","Microsoft-Windows-Shell-Core","AppDefault Info: SetDefault: Association=.wm, ProgId=WMP11.AssocFile.ASF"
"18-08-2026 10:29:45","62443","Information","Microsoft-Windows-Shell-Core","AppDefault Info: SetDefault-Info: Association=.webp, ProgId=AppX43hnxtbyyps62jhe9sqpdzxn1790zetc, U=S-1-12-1-2357405129-1281513531-255772574-1816207334, T=2026:08:02:18:04:59, H=wURSP1t0qTA="
"18-08-2026 10:29:45","62443","Information","Microsoft-Windows-Shell-Core","AppDefault Info: SetDefault: Association=.webp, ProgId=AppX43hnxtbyyps62jhe9sqpdzxn1790zetc"
"18-08-2026 10:29:45","62443","Information","Microsoft-Windows-Shell-Core","AppDefault Info: SetDefault-Info: Association=.wdp, ProgId=AppX43hnxtbyyps62jhe9sqpdzxn1790zetc, U=S-1-12-1-2357405129-1281513531-255772574-1816207334, T=2026:08:02:18:04:59, H=2m1yrkWuhOQ="
"18-08-2026 10:29:45","62443","Information","Microsoft-Windows-Shell-Core","AppDefault Info: SetDefault: Association=.wdp, ProgId=AppX43hnxtbyyps62jhe9sqpdzxn1790zetc"
"18-08-2026 10:29:45","62443","Information","Microsoft-Windows-Shell-Core","AppDefault Info: SetDefault-Info: Association=.wax, ProgId=WMP11.AssocFile.WAX, U=S-1-12-1-2357405129-1281513531-255772574-1816207334, T=2026:08:02:18:04:59, H=IhE555mRoaY="
"18-08-2026 10:29:45","62443","Information","Microsoft-Windows-Shell-Core","AppDefault Info: SetDefault: Association=.wax, ProgId=WMP11.AssocFile.WAX"
"18-08-2026 10:29:45","62443","Information","Microsoft-Windows-Shell-Core","AppDefault Info: SetDefault-Info: Association=.wav, ProgId=WMP11.AssocFile.WAV, U=S-1-12-1-2357405129-1281513531-255772574-1816207334, T=2026:08:02:18:04:59, H=utcDJxFcXCU="
"18-08-2026 10:29:45","62443","Information","Microsoft-Windows-Shell-Core","AppDefault Info: SetDefault: Association=.wav, ProgId=WMP11.AssocFile.WAV"
"18-08-2026 10:29:45","62443","Information","Microsoft-Windows-Shell-Core","AppDefault Info: SetDefault-Info: Association=.vcf, ProgId=AppXpb1vntage8kvnwpyg40aqz34j851h4p1, U=S-1-12-1-2357405129-1281513531-255772574-1816207334, T=2026:08:02:18:04:59, H=HVylzLzDgzc="
"18-08-2026 10:29:45","62443","Information","Microsoft-Windows-Shell-Core","AppDefault Info: SetDefault: Association=.vcf, ProgId=AppXpb1vntage8kvnwpyg40aqz34j851h4p1"
"18-08-2026 10:29:45","62443","Information","Microsoft-Windows-Shell-Core","AppDefault Info: SetDefault-Info: Association=.url, ProgId=IE.AssocFile.URL, U=S-1-12-1-2357405129-1281513531-255772574-1816207334, T=2026:08:02:18:04:59, H=RJyDpaz1Xmw="
"18-08-2026 10:29:45","62443","Information","Microsoft-Windows-Shell-Core","AppDefault Info: SetDefault: Association=.url, ProgId=IE.AssocFile.URL"
"18-08-2026 10:29:45","62443","Information","Microsoft-Windows-Shell-Core","AppDefault Info: SetDefault-Info: Association=.TTS, ProgId=WMP11.AssocFile.TTS, U=S-1-12-1-2357405129-1281513531-255772574-1816207334, T=2026:08:02:18:04:59, H=KoBtaBbshcg="
"18-08-2026 10:29:45","62443","Information","Microsoft-Windows-Shell-Core","AppDefault Info: SetDefault: Association=.TTS, ProgId=WMP11.AssocFile.TTS"
"18-08-2026 10:29:45","62443","Information","Microsoft-Windows-Shell-Core","AppDefault Info: SetDefault-Info: Association=.TS, ProgId=WMP11.AssocFile.TTS, U=S-1-12-1-2357405129-1281513531-255772574-1816207334, T=2026:08:02:18:04:59, H=5IXJUNyQ2Dc="
"18-08-2026 10:29:45","62443","Information","Microsoft-Windows-Shell-Core","AppDefault Info: SetDefault: Association=.TS, ProgId=WMP11.AssocFile.TTS"
"18-08-2026 10:29:45","62443","Information","Microsoft-Windows-Shell-Core","AppDefault Info: SetDefault-Info: Association=.tiff, ProgId=PhotoViewer.FileAssoc.Tiff, U=S-1-12-1-2357405129-1281513531-255772574-1816207334, T=2026:08:02:18:04:59, H=FeqdDevFbno="
"18-08-2026 10:29:45","62443","Information","Microsoft-Windows-Shell-Core","AppDefault Info: SetDefault: Association=.tiff, ProgId=PhotoViewer.FileAssoc.Tiff"
"18-08-2026 10:29:45","62443","Information","Microsoft-Windows-Shell-Core","AppDefault Info: SetDefault-Info: Association=.tif, ProgId=PhotoViewer.FileAssoc.Tiff, U=S-1-12-1-2357405129-1281513531-255772574-1816207334, T=2026:08:02:18:04:59, H=azItf8CBBx0="
"18-08-2026 10:29:45","62443","Information","Microsoft-Windows-Shell-Core","AppDefault Info: SetDefault: Association=.tif, ProgId=PhotoViewer.FileAssoc.Tiff"
"18-08-2026 10:29:45","62443","Information","Microsoft-Windows-Shell-Core","AppDefault Info: SetDefault-Info: Association=.thumb, ProgId=AppX43hnxtbyyps62jhe9sqpdzxn1790zetc, U=S-1-12-1-2357405129-1281513531-255772574-1816207334, T=2026:08:02:18:04:59, H=NDVB8H4FUa0="
"18-08-2026 10:29:45","62443","Information","Microsoft-Windows-Shell-Core","AppDefault Info: SetDefault: Association=.thumb, ProgId=AppX43hnxtbyyps62jhe9sqpdzxn1790zetc"
"18-08-2026 10:29:45","62443","Information","Microsoft-Windows-Shell-Core","AppDefault Info: SetDefault-Info: Association=.svg, ProgId=MSEdgeHTM, U=S-1-12-1-2357405129-1281513531-255772574-1816207334, T=2026:08:02:18:04:59, H=SlzMXmdSk+I="
"18-08-2026 10:29:45","62443","Information","Microsoft-Windows-Shell-Core","AppDefault Info: SetDefault: Association=.svg, ProgId=MSEdgeHTM"
"18-08-2026 10:29:45","62443","Information","Microsoft-Windows-Shell-Core","AppDefault Info: SetDefault-Info: Association=.srw, ProgId=AppX43hnxtbyyps62jhe9sqpdzxn1790zetc, U=S-1-12-1-2357405129-1281513531-255772574-1816207334, T=2026:08:02:18:04:59, H=JwmqCPrwW9o="
"18-08-2026 10:29:45","62443","Information","Microsoft-Windows-Shell-Core","AppDefault Info: SetDefault: Association=.srw, ProgId=AppX43hnxtbyyps62jhe9sqpdzxn1790zetc"
"18-08-2026 10:29:45","62443","Information","Microsoft-Windows-Shell-Core","AppDefault Info: SetDefault-Info: Association=.srf, ProgId=AppX9rkaq77s0jzh1tyccadx9ghba15r6t3h, U=S-1-12-1-2357405129-1281513531-255772574-1816207334, T=2026:08:02:18:04:59, H=+pG7mB8S0lo="
"18-08-2026 10:29:45","62443","Information","Microsoft-Windows-Shell-Core","AppDefault Info: SetDefault: Association=.srf, ProgId=AppX9rkaq77s0jzh1tyccadx9ghba15r6t3h"
"18-08-2026 10:29:45","62443","Information","Microsoft-Windows-Shell-Core","AppDefault Info: SetDefault-Info: Association=.sr2, ProgId=AppX43hnxtbyyps62jhe9sqpdzxn1790zetc, U=S-1-12-1-2357405129-1281513531-255772574-1816207334, T=2026:08:02:18:04:59, H=X5dnDy6UdRM="
"18-08-2026 10:29:45","62443","Information","Microsoft-Windows-Shell-Core","AppDefault Info: SetDefault: Association=.sr2, ProgId=AppX43hnxtbyyps62jhe9sqpdzxn1790zetc"
"18-08-2026 10:29:45","62443","Information","Microsoft-Windows-Shell-Core","AppDefault Info: SetDefault-Info: Association=.snd, ProgId=WMP11.AssocFile.AU, U=S-1-12-1-2357405129-1281513531-255772574-1816207334, T=2026:08:02:18:04:59, H=HDNuZloCTTc="
"18-08-2026 10:29:45","62443","Information","Microsoft-Windows-Shell-Core","AppDefault Info: SetDefault: Association=.snd, ProgId=WMP11.AssocFile.AU"
"18-08-2026 10:29:44","62443","Information","Microsoft-Windows-Shell-Core","AppDefault Info: SetDefault-Info: Association=.rwl, ProgId=AppX43hnxtbyyps62jhe9sqpdzxn1790zetc, U=S-1-12-1-2357405129-1281513531-255772574-1816207334, T=2026:08:02:18:04:59, H=P+IzIMnLSeM="
"18-08-2026 10:29:44","62443","Information","Microsoft-Windows-Shell-Core","AppDefault Info: SetDefault: Association=.rwl, ProgId=AppX43hnxtbyyps62jhe9sqpdzxn1790zetc"
"18-08-2026 10:29:44","62443","Information","Microsoft-Windows-Shell-Core","AppDefault Info: SetDefault-Info: Association=.rw2, ProgId=AppX43hnxtbyyps62jhe9sqpdzxn1790zetc, U=S-1-12-1-2357405129-1281513531-255772574-1816207334, T=2026:08:02:18:04:59, H=NbXJGd4QwAs="
"18-08-2026 10:29:44","62443","Information","Microsoft-Windows-Shell-Core","AppDefault Info: SetDefault: Association=.rw2, ProgId=AppX43hnxtbyyps62jhe9sqpdzxn1790zetc"
"18-08-2026 10:29:44","62443","Information","Microsoft-Windows-Shell-Core","AppDefault Info: SetDefault-Info: Association=.rmi, ProgId=WMP11.AssocFile.MIDI, U=S-1-12-1-2357405129-1281513531-255772574-1816207334, T=2026:08:02:18:04:59, H=mykinNL8L/w="
"18-08-2026 10:29:44","62443","Information","Microsoft-Windows-Shell-Core","AppDefault Info: SetDefault: Association=.rmi, ProgId=WMP11.AssocFile.MIDI"
"18-08-2026 10:29:44","62443","Information","Microsoft-Windows-Shell-Core","AppDefault Info: SetDefault-Info: Association=.rle, ProgId=AppXcesbfs704v2mjbts9dkr42s9vmrhxbkj, U=S-1-12-1-2357405129-1281513531-255772574-1816207334, T=2026:08:02:18:04:59, H=jQ0xEHMMAkI="
"18-08-2026 10:29:44","62443","Information","Microsoft-Windows-Shell-Core","AppDefault Info: SetDefault: Association=.rle, ProgId=AppXcesbfs704v2mjbts9dkr42s9vmrhxbkj"
"18-08-2026 10:29:44","62443","Information","Microsoft-Windows-Shell-Core","AppDefault Info: SetDefault-Info: Association=.raw, ProgId=AppX43hnxtbyyps62jhe9sqpdzxn1790zetc, U=S-1-12-1-2357405129-1281513531-255772574-1816207334, T=2026:08:02:18:04:59, H=riLkCsc3FRU="
"18-08-2026 10:29:44","62443","Information","Microsoft-Windows-Shell-Core","AppDefault Info: SetDefault: Association=.raw, ProgId=AppX43hnxtbyyps62jhe9sqpdzxn1790zetc"
"18-08-2026 10:29:44","62443","Information","Microsoft-Windows-Shell-Core","AppDefault Info: SetDefault-Info: Association=.raf, ProgId=AppX43hnxtbyyps62jhe9sqpdzxn1790zetc, U=S-1-12-1-2357405129-1281513531-255772574-1816207334, T=2026:08:02:18:04:59, H=IGGWmrPTSQ0="
"18-08-2026 10:29:44","62443","Information","Microsoft-Windows-Shell-Core","AppDefault Info: SetDefault: Association=.raf, ProgId=AppX43hnxtbyyps62jhe9sqpdzxn1790zetc"
"18-08-2026 10:29:44","62443","Information","Microsoft-Windows-Shell-Core","AppDefault Info: SetDefault-Info: Association=.psm1, ProgId=AppX1b0e9ytcwx0wcmvkdey0h6af04t1ta3z, U=S-1-12-1-2357405129-1281513531-255772574-1816207334, T=2026:08:02:18:04:59, H=iCUT47v9+Ao="
"18-08-2026 10:29:44","62443","Information","Microsoft-Windows-Shell-Core","AppDefault Info: SetDefault: Association=.psm1, ProgId=AppX1b0e9ytcwx0wcmvkdey0h6af04t1ta3z"
"18-08-2026 10:29:44","62443","Information","Microsoft-Windows-Shell-Core","AppDefault Info: SetDefault-Info: Association=.psd1, ProgId=AppXc9vj55m1n3559gcjff0scsqeket80zp7, U=S-1-12-1-2357405129-1281513531-255772574-1816207334, T=2026:08:02:18:04:59, H=L0Y3rIpPCbc="
"18-08-2026 10:29:44","62443","Information","Microsoft-Windows-Shell-Core","AppDefault Info: SetDefault: Association=.psd1, ProgId=AppXc9vj55m1n3559gcjff0scsqeket80zp7"
"18-08-2026 10:29:44","62443","Information","Microsoft-Windows-Shell-Core","AppDefault Info: SetDefault-Info: Association=.ps1, ProgId=AppXxf01pj590w7z9mxmyv3nx0a9ewj3e51g, U=S-1-12-1-2357405129-1281513531-255772574-1816207334, T=2026:08:02:18:04:59, H=obAW5OnC7uU="
"18-08-2026 10:29:44","62443","Information","Microsoft-Windows-Shell-Core","AppDefault Info: SetDefault: Association=.ps1, ProgId=AppXxf01pj590w7z9mxmyv3nx0a9ewj3e51g"
"18-08-2026 10:29:44","62443","Information","Microsoft-Windows-Shell-Core","AppDefault Info: SetDefault-Info: Association=.png, ProgId=AppX43hnxtbyyps62jhe9sqpdzxn1790zetc, U=S-1-12-1-2357405129-1281513531-255772574-1816207334, T=2026:08:02:18:04:59, H=bQ7TJT7VRLo="
"18-08-2026 10:29:44","62443","Information","Microsoft-Windows-Shell-Core","AppDefault Info: SetDefault: Association=.png, ProgId=AppX43hnxtbyyps62jhe9sqpdzxn1790zetc"
"18-08-2026 10:29:44","62443","Information","Microsoft-Windows-Shell-Core","AppDefault Info: SetDefault-Info: Association=.pef, ProgId=AppX43hnxtbyyps62jhe9sqpdzxn1790zetc, U=S-1-12-1-2357405129-1281513531-255772574-1816207334, T=2026:08:02:18:04:59, H=txpsJpVl4jE="
"18-08-2026 10:29:44","62443","Information","Microsoft-Windows-Shell-Core","AppDefault Info: SetDefault: Association=.pef, ProgId=AppX43hnxtbyyps62jhe9sqpdzxn1790zetc"
"18-08-2026 10:29:44","62443","Information","Microsoft-Windows-Shell-Core","AppDefault Info: SetDefault-Info: Association=.pdf, ProgId=Acrobat.Document.DC, U=S-1-12-1-2357405129-1281513531-255772574-1816207334, T=2026:08:02:18:04:59, H=HuU1iIyF/0o="
"18-08-2026 10:29:44","62443","Information","Microsoft-Windows-Shell-Core","AppDefault Info: SetDefault: Association=.pdf, ProgId=Acrobat.Document.DC"
"18-08-2026 10:29:44","62443","Information","Microsoft-Windows-Shell-Core","AppDefault Info: SetDefault-Info: Association=.ori, ProgId=AppX9rkaq77s0jzh1tyccadx9ghba15r6t3h, U=S-1-12-1-2357405129-1281513531-255772574-1816207334, T=2026:08:02:18:04:59, H=mFkMnLHt3lA="
"18-08-2026 10:29:44","62443","Information","Microsoft-Windows-Shell-Core","AppDefault Info: SetDefault: Association=.ori, ProgId=AppX9rkaq77s0jzh1tyccadx9ghba15r6t3h"
"18-08-2026 10:29:44","62443","Information","Microsoft-Windows-Shell-Core","AppDefault Info: SetDefault-Info: Association=.orf, ProgId=AppX43hnxtbyyps62jhe9sqpdzxn1790zetc, U=S-1-12-1-2357405129-1281513531-255772574-1816207334, T=2026:08:02:18:04:59, H=diLFZGzdCtQ="
"18-08-2026 10:29:44","62443","Information","Microsoft-Windows-Shell-Core","AppDefault Info: SetDefault: Association=.orf, ProgId=AppX43hnxtbyyps62jhe9sqpdzxn1790zetc"
"18-08-2026 10:29:44","62443","Information","Microsoft-Windows-Shell-Core","AppDefault Info: SetDefault-Info: Association=.nrw, ProgId=AppX43hnxtbyyps62jhe9sqpdzxn1790zetc, U=S-1-12-1-2357405129-1281513531-255772574-1816207334, T=2026:08:02:18:04:59, H=EsnZbYnORhM="
"18-08-2026 10:29:44","62443","Information","Microsoft-Windows-Shell-Core","AppDefault Info: SetDefault: Association=.nrw, ProgId=AppX43hnxtbyyps62jhe9sqpdzxn1790zetc"
"18-08-2026 10:29:44","62443","Information","Microsoft-Windows-Shell-Core","AppDefault Info: SetDefault-Info: Association=.nef, ProgId=AppX43hnxtbyyps62jhe9sqpdzxn1790zetc, U=S-1-12-1-2357405129-1281513531-255772574-1816207334, T=2026:08:02:18:04:59, H=mzsekH8ew80="
"18-08-2026 10:29:44","62443","Information","Microsoft-Windows-Shell-Core","AppDefault Info: SetDefault: Association=.nef, ProgId=AppX43hnxtbyyps62jhe9sqpdzxn1790zetc"
"18-08-2026 10:29:44","62443","Information","Microsoft-Windows-Shell-Core","AppDefault Info: SetDefault-Info: Association=.mts, ProgId=WMP11.AssocFile.M2TS, U=S-1-12-1-2357405129-1281513531-255772574-1816207334, T=2026:08:02:18:04:59, H=AyNmL/z2ynI="
"18-08-2026 10:29:44","62443","Information","Microsoft-Windows-Shell-Core","AppDefault Info: SetDefault: Association=.mts, ProgId=WMP11.AssocFile.M2TS"
"18-08-2026 10:29:43","62443","Information","Microsoft-Windows-Shell-Core","AppDefault Info: SetDefault-Info: Association=.mrw, ProgId=AppX43hnxtbyyps62jhe9sqpdzxn1790zetc, U=S-1-12-1-2357405129-1281513531-255772574-1816207334, T=2026:08:02:18:04:59, H=AfF6xQtm/SM="
"18-08-2026 10:29:43","62443","Information","Microsoft-Windows-Shell-Core","AppDefault Info: SetDefault: Association=.mrw, ProgId=AppX43hnxtbyyps62jhe9sqpdzxn1790zetc"
"18-08-2026 10:29:43","62443","Information","Microsoft-Windows-Shell-Core","AppDefault Info: SetDefault-Info: Association=.mpv2, ProgId=WMP11.AssocFile.MPEG, U=S-1-12-1-2357405129-1281513531-255772574-1816207334, T=2026:08:02:18:04:59, H=ZBy6CZLIWxk="
"18-08-2026 10:29:43","62443","Information","Microsoft-Windows-Shell-Core","AppDefault Info: SetDefault: Association=.mpv2, ProgId=WMP11.AssocFile.MPEG"
"18-08-2026 10:29:43","62443","Information","Microsoft-Windows-Shell-Core","AppDefault Info: SetDefault-Info: Association=.mpg, ProgId=WMP11.AssocFile.MPEG, U=S-1-12-1-2357405129-1281513531-255772574-1816207334, T=2026:08:02:18:04:59, H=yO+vj+R0w4A="
"18-08-2026 10:29:43","62443","Information","Microsoft-Windows-Shell-Core","AppDefault Info: SetDefault: Association=.mpg, ProgId=WMP11.AssocFile.MPEG"
"18-08-2026 10:29:43","62443","Information","Microsoft-Windows-Shell-Core","AppDefault Info: SetDefault-Info: Association=.mpeg, ProgId=WMP11.AssocFile.MPEG, U=S-1-12-1-2357405129-1281513531-255772574-1816207334, T=2026:08:02:18:04:59, H=Fl9K3QFaY+s="
"18-08-2026 10:29:43","62443","Information","Microsoft-Windows-Shell-Core","AppDefault Info: SetDefault: Association=.mpeg, ProgId=WMP11.AssocFile.MPEG"
"18-08-2026 10:29:43","62443","Information","Microsoft-Windows-Shell-Core","AppDefault Info: SetDefault-Info: Association=.MPE, ProgId=WMP11.AssocFile.MPEG, U=S-1-12-1-2357405129-1281513531-255772574-1816207334, T=2026:08:02:18:04:59, H=iVa67tLECX0="
"18-08-2026 10:29:43","62443","Information","Microsoft-Windows-Shell-Core","AppDefault Info: SetDefault: Association=.MPE, ProgId=WMP11.AssocFile.MPEG"
"18-08-2026 10:29:43","62443","Information","Microsoft-Windows-Shell-Core","AppDefault Info: SetDefault-Info: Association=.mpa, ProgId=WMP11.AssocFile.MPEG, U=S-1-12-1-2357405129-1281513531-255772574-1816207334, T=2026:08:02:18:04:59, H=SVYPN7o9OVU="
"18-08-2026 10:29:43","62443","Information","Microsoft-Windows-Shell-Core","AppDefault Info: SetDefault: Association=.mpa, ProgId=WMP11.AssocFile.MPEG"
"18-08-2026 10:29:43","62443","Information","Microsoft-Windows-Shell-Core","AppDefault Info: SetDefault-Info: Association=.mp4v, ProgId=WMP11.AssocFile.MP4, U=S-1-12-1-2357405129-1281513531-255772574-1816207334, T=2026:08:02:18:04:59, H=t4U/DsU8wTY="
"18-08-2026 10:29:43","62443","Information","Microsoft-Windows-Shell-Core","AppDefault Info: SetDefault: Association=.mp4v, ProgId=WMP11.AssocFile.MP4"
"18-08-2026 10:29:43","62443","Information","Microsoft-Windows-Shell-Core","AppDefault Info: SetDefault-Info: Association=.mp4, ProgId=WMP11.AssocFile.MP4, U=S-1-12-1-2357405129-1281513531-255772574-1816207334, T=2026:08:02:18:04:59, H=oyiNlAVO0SM="
"18-08-2026 10:29:43","62443","Information","Microsoft-Windows-Shell-Core","AppDefault Info: SetDefault: Association=.mp4, ProgId=WMP11.AssocFile.MP4"
"18-08-2026 10:29:43","62443","Information","Microsoft-Windows-Shell-Core","AppDefault Info: SetDefault-Info: Association=.mp3, ProgId=WMP11.AssocFile.MP3, U=S-1-12-1-2357405129-1281513531-255772574-1816207334, T=2026:08:02:18:04:59, H=ApqnbqpkP90="
"18-08-2026 10:29:43","62443","Information","Microsoft-Windows-Shell-Core","AppDefault Info: SetDefault: Association=.mp3, ProgId=WMP11.AssocFile.MP3"
"18-08-2026 10:29:43","62443","Information","Microsoft-Windows-Shell-Core","AppDefault Info: SetDefault-Info: Association=.mp2v, ProgId=WMP11.AssocFile.MPEG, U=S-1-12-1-2357405129-1281513531-255772574-1816207334, T=2026:08:02:18:04:59, H=rAAVkhRBMxA="
"18-08-2026 10:29:43","62443","Information","Microsoft-Windows-Shell-Core","AppDefault Info: SetDefault: Association=.mp2v, ProgId=WMP11.AssocFile.MPEG"
"18-08-2026 10:29:43","62443","Information","Microsoft-Windows-Shell-Core","AppDefault Info: SetDefault-Info: Association=.MP2, ProgId=WMP11.AssocFile.MP3, U=S-1-12-1-2357405129-1281513531-255772574-1816207334, T=2026:08:02:18:04:59, H=6fSQMCzjAWA="
"18-08-2026 10:29:43","62443","Information","Microsoft-Windows-Shell-Core","AppDefault Info: SetDefault: Association=.MP2, ProgId=WMP11.AssocFile.MP3"
"18-08-2026 10:29:43","62443","Information","Microsoft-Windows-Shell-Core","AppDefault Info: SetDefault-Info: Association=.mov, ProgId=WMP11.AssocFile.MOV, U=S-1-12-1-2357405129-1281513531-255772574-1816207334, T=2026:08:02:18:04:59, H=J5USFgbpytE="
"18-08-2026 10:29:43","62443","Information","Microsoft-Windows-Shell-Core","AppDefault Info: SetDefault: Association=.mov, ProgId=WMP11.AssocFile.MOV"
"18-08-2026 10:29:43","62443","Information","Microsoft-Windows-Shell-Core","AppDefault Info: SetDefault-Info: Association=.mos, ProgId=AppX9rkaq77s0jzh1tyccadx9ghba15r6t3h, U=S-1-12-1-2357405129-1281513531-255772574-1816207334, T=2026:08:02:18:04:59, H=yk8mk7tbDSc="
"18-08-2026 10:29:43","62443","Information","Microsoft-Windows-Shell-Core","AppDefault Info: SetDefault: Association=.mos, ProgId=AppX9rkaq77s0jzh1tyccadx9ghba15r6t3h"
"18-08-2026 10:29:43","62443","Information","Microsoft-Windows-Shell-Core","AppDefault Info: SetDefault-Info: Association=.mkv, ProgId=WMP11.AssocFile.MKV, U=S-1-12-1-2357405129-1281513531-255772574-1816207334, T=2026:08:02:18:04:59, H=68zcX/drljI="
"18-08-2026 10:29:43","62443","Information","Microsoft-Windows-Shell-Core","AppDefault Info: SetDefault: Association=.mkv, ProgId=WMP11.AssocFile.MKV"
"18-08-2026 10:29:43","62443","Information","Microsoft-Windows-Shell-Core","AppDefault Info: SetDefault-Info: Association=.mka, ProgId=WMP11.AssocFile.MKA, U=S-1-12-1-2357405129-1281513531-255772574-1816207334, T=2026:08:02:18:04:59, H=XTj8nvthEZU="
"18-08-2026 10:29:43","62443","Information","Microsoft-Windows-Shell-Core","AppDefault Info: SetDefault: Association=.mka, ProgId=WMP11.AssocFile.MKA"
"18-08-2026 10:29:43","62443","Information","Microsoft-Windows-Shell-Core","AppDefault Info: SetDefault-Info: Association=.mk3d, ProgId=WMP11.AssocFile.MK3D, U=S-1-12-1-2357405129-1281513531-255772574-1816207334, T=2026:08:02:18:04:59, H=i78+IdCNbBY="
"18-08-2026 10:29:43","62443","Information","Microsoft-Windows-Shell-Core","AppDefault Info: SetDefault: Association=.mk3d, ProgId=WMP11.AssocFile.MK3D"
"18-08-2026 10:29:43","62443","Information","Microsoft-Windows-Shell-Core","AppDefault Info: SetDefault-Info: Association=.midi, ProgId=WMP11.AssocFile.MIDI, U=S-1-12-1-2357405129-1281513531-255772574-1816207334, T=2026:08:02:18:04:59, H=e+rOWwqHtXQ="
"18-08-2026 10:29:43","62443","Information","Microsoft-Windows-Shell-Core","AppDefault Info: SetDefault: Association=.midi, ProgId=WMP11.AssocFile.MIDI"
"18-08-2026 10:29:43","62443","Information","Microsoft-Windows-Shell-Core","AppDefault Info: SetDefault-Info: Association=.mid, ProgId=WMP11.AssocFile.MIDI, U=S-1-12-1-2357405129-1281513531-255772574-1816207334, T=2026:08:02:18:04:59, H=ehHudWvulAA="
"18-08-2026 10:29:43","62443","Information","Microsoft-Windows-Shell-Core","AppDefault Info: SetDefault: Association=.mid, ProgId=WMP11.AssocFile.MIDI"
"18-08-2026 10:29:42","62443","Information","Microsoft-Windows-Shell-Core","AppDefault Info: SetDefault-Info: Association=.mhtml, ProgId=MSEdgeHTM, U=S-1-12-1-2357405129-1281513531-255772574-1816207334, T=2026:08:02:18:04:59, H=HHGpU7VJLmA="
"18-08-2026 10:29:42","62443","Information","Microsoft-Windows-Shell-Core","AppDefault Info: SetDefault: Association=.mhtml, ProgId=MSEdgeHTM"
"18-08-2026 10:29:42","62443","Information","Microsoft-Windows-Shell-Core","AppDefault Info: SetDefault-Info: Association=.mht, ProgId=MSEdgeHTM, U=S-1-12-1-2357405129-1281513531-255772574-1816207334, T=2026:08:02:18:04:59, H=67/BDj25g8g="
"18-08-2026 10:29:42","62443","Information","Microsoft-Windows-Shell-Core","AppDefault Info: SetDefault: Association=.mht, ProgId=MSEdgeHTM"
"18-08-2026 10:29:42","62443","Information","Microsoft-Windows-Shell-Core","AppDefault Info: SetDefault-Info: Association=.mef, ProgId=AppX9rkaq77s0jzh1tyccadx9ghba15r6t3h, U=S-1-12-1-2357405129-1281513531-255772574-1816207334, T=2026:08:02:18:04:59, H=AmRt/hRi8Tk="
"18-08-2026 10:29:42","62443","Information","Microsoft-Windows-Shell-Core","AppDefault Info: SetDefault: Association=.mef, ProgId=AppX9rkaq77s0jzh1tyccadx9ghba15r6t3h"
"18-08-2026 10:29:42","62443","Information","Microsoft-Windows-Shell-Core","AppDefault Info: SetDefault-Info: Association=.m4v, ProgId=WMP11.AssocFile.MP4, U=S-1-12-1-2357405129-1281513531-255772574-1816207334, T=2026:08:02:18:04:59, H=ubB0kwGClEM="
"18-08-2026 10:29:42","62443","Information","Microsoft-Windows-Shell-Core","AppDefault Info: SetDefault: Association=.m4v, ProgId=WMP11.AssocFile.MP4"
"18-08-2026 10:29:42","62443","Information","Microsoft-Windows-Shell-Core","AppDefault Info: SetDefault-Info: Association=.m4a, ProgId=WMP11.AssocFile.M4A, U=S-1-12-1-2357405129-1281513531-255772574-1816207334, T=2026:08:02:18:04:59, H=oMMm+P+CvM4="
"18-08-2026 10:29:42","62443","Information","Microsoft-Windows-Shell-Core","AppDefault Info: SetDefault: Association=.m4a, ProgId=WMP11.AssocFile.M4A"
"18-08-2026 10:29:42","62443","Information","Microsoft-Windows-Shell-Core","AppDefault Info: SetDefault-Info: Association=.m3u, ProgId=WMP11.AssocFile.m3u, U=S-1-12-1-2357405129-1281513531-255772574-1816207334, T=2026:08:02:18:04:59, H=0gNnMHoQl1o="
"18-08-2026 10:29:42","62443","Information","Microsoft-Windows-Shell-Core","AppDefault Info: SetDefault: Association=.m3u, ProgId=WMP11.AssocFile.m3u"
"18-08-2026 10:29:42","62443","Information","Microsoft-Windows-Shell-Core","AppDefault Info: SetDefault-Info: Association=.m2ts, ProgId=WMP11.AssocFile.M2TS, U=S-1-12-1-2357405129-1281513531-255772574-1816207334, T=2026:08:02:18:04:59, H=qCmLJJ4qXas="
"18-08-2026 10:29:42","62443","Information","Microsoft-Windows-Shell-Core","AppDefault Info: SetDefault: Association=.m2ts, ProgId=WMP11.AssocFile.M2TS"
"18-08-2026 10:29:42","62443","Information","Microsoft-Windows-Shell-Core","AppDefault Info: SetDefault-Info: Association=.m2t, ProgId=WMP11.AssocFile.M2TS, U=S-1-12-1-2357405129-1281513531-255772574-1816207334, T=2026:08:02:18:04:59, H=+IesEfJHQZE="
"18-08-2026 10:29:42","62443","Information","Microsoft-Windows-Shell-Core","AppDefault Info: SetDefault: Association=.m2t, ProgId=WMP11.AssocFile.M2TS"
"18-08-2026 10:29:42","62443","Information","Microsoft-Windows-Shell-Core","AppDefault Info: SetDefault-Info: Association=.m1v, ProgId=WMP11.AssocFile.MPEG, U=S-1-12-1-2357405129-1281513531-255772574-1816207334, T=2026:08:02:18:04:59, H=pCfxD2LLYro="
"18-08-2026 10:29:42","62443","Information","Microsoft-Windows-Shell-Core","AppDefault Info: SetDefault: Association=.m1v, ProgId=WMP11.AssocFile.MPEG"
"18-08-2026 10:29:42","62443","Information","Microsoft-Windows-Shell-Core","AppDefault Info: SetDefault-Info: Association=.kdc, ProgId=AppX43hnxtbyyps62jhe9sqpdzxn1790zetc, U=S-1-12-1-2357405129-1281513531-255772574-1816207334, T=2026:08:02:18:04:59, H=AV/QfZodQw4="
"18-08-2026 10:29:42","62443","Information","Microsoft-Windows-Shell-Core","AppDefault Info: SetDefault: Association=.kdc, ProgId=AppX43hnxtbyyps62jhe9sqpdzxn1790zetc"
"18-08-2026 10:29:42","62443","Information","Microsoft-Windows-Shell-Core","AppDefault Info: SetDefault-Info: Association=.k25, ProgId=AppX9rkaq77s0jzh1tyccadx9ghba15r6t3h, U=S-1-12-1-2357405129-1281513531-255772574-1816207334, T=2026:08:02:18:04:59, H=oNSFFNpS+Bg="
"18-08-2026 10:29:42","62443","Information","Microsoft-Windows-Shell-Core","AppDefault Info: SetDefault: Association=.k25, ProgId=AppX9rkaq77s0jzh1tyccadx9ghba15r6t3h"
"18-08-2026 10:29:42","62443","Information","Microsoft-Windows-Shell-Core","AppDefault Info: SetDefault-Info: Association=.jxr, ProgId=AppX43hnxtbyyps62jhe9sqpdzxn1790zetc, U=S-1-12-1-2357405129-1281513531-255772574-1816207334, T=2026:08:02:18:04:59, H=u1pN34hnfQ8="
"18-08-2026 10:29:42","62443","Information","Microsoft-Windows-Shell-Core","AppDefault Info: SetDefault: Association=.jxr, ProgId=AppX43hnxtbyyps62jhe9sqpdzxn1790zetc"
"18-08-2026 10:29:42","62443","Information","Microsoft-Windows-Shell-Core","AppDefault Info: SetDefault-Info: Association=.js, ProgId=AppXkv2jqn1pq8ajm0p5dhgqde7aafykkrrn, U=S-1-12-1-2357405129-1281513531-255772574-1816207334, T=2026:08:02:18:04:59, H=jqU0/5C3vbg="
"18-08-2026 10:29:42","62443","Information","Microsoft-Windows-Shell-Core","AppDefault Info: SetDefault: Association=.js, ProgId=AppXkv2jqn1pq8ajm0p5dhgqde7aafykkrrn"
"18-08-2026 10:29:42","62443","Information","Microsoft-Windows-Shell-Core","AppDefault Info: SetDefault-Info: Association=.jpg, ProgId=AppX43hnxtbyyps62jhe9sqpdzxn1790zetc, U=S-1-12-1-2357405129-1281513531-255772574-1816207334, T=2026:08:02:18:04:59, H=6/zdzW/Cncs="
"18-08-2026 10:29:42","62443","Information","Microsoft-Windows-Shell-Core","AppDefault Info: SetDefault: Association=.jpg, ProgId=AppX43hnxtbyyps62jhe9sqpdzxn1790zetc"
"18-08-2026 10:29:42","62443","Information","Microsoft-Windows-Shell-Core","AppDefault Info: SetDefault-Info: Association=.jpeg, ProgId=AppX43hnxtbyyps62jhe9sqpdzxn1790zetc, U=S-1-12-1-2357405129-1281513531-255772574-1816207334, T=2026:08:02:18:04:59, H=6zXsg3xhCFY="
"18-08-2026 10:29:42","62443","Information","Microsoft-Windows-Shell-Core","AppDefault Info: SetDefault: Association=.jpeg, ProgId=AppX43hnxtbyyps62jhe9sqpdzxn1790zetc"
"18-08-2026 10:29:42","62443","Information","Microsoft-Windows-Shell-Core","AppDefault Info: SetDefault-Info: Association=.jpe, ProgId=AppX43hnxtbyyps62jhe9sqpdzxn1790zetc, U=S-1-12-1-2357405129-1281513531-255772574-1816207334, T=2026:08:02:18:04:59, H=vpUEVrnYObI="
"18-08-2026 10:29:42","62443","Information","Microsoft-Windows-Shell-Core","AppDefault Info: SetDefault: Association=.jpe, ProgId=AppX43hnxtbyyps62jhe9sqpdzxn1790zetc"
"18-08-2026 10:29:42","62443","Information","Microsoft-Windows-Shell-Core","AppDefault Info: SetDefault-Info: Association=.jfif, ProgId=AppX43hnxtbyyps62jhe9sqpdzxn1790zetc, U=S-1-12-1-2357405129-1281513531-255772574-1816207334, T=2026:08:02:18:04:59, H=9bXetXfd75s="
"18-08-2026 10:29:42","62443","Information","Microsoft-Windows-Shell-Core","AppDefault Info: SetDefault: Association=.jfif, ProgId=AppX43hnxtbyyps62jhe9sqpdzxn1790zetc"
"18-08-2026 10:29:41","62443","Information","Microsoft-Windows-Shell-Core","AppDefault Info: SetDefault-Info: Association=.iiq, ProgId=AppX9rkaq77s0jzh1tyccadx9ghba15r6t3h, U=S-1-12-1-2357405129-1281513531-255772574-1816207334, T=2026:08:02:18:04:59, H=xEhIkgWF6Gc="
"18-08-2026 10:29:41","62443","Information","Microsoft-Windows-Shell-Core","AppDefault Info: SetDefault: Association=.iiq, ProgId=AppX9rkaq77s0jzh1tyccadx9ghba15r6t3h"
"18-08-2026 10:29:41","62443","Information","Microsoft-Windows-Shell-Core","AppDefault Info: SetDefault-Info: Association=.ics, ProgId=AppX18q1gk8kdws5gt2g5c62cxc6qydq7tsw, U=S-1-12-1-2357405129-1281513531-255772574-1816207334, T=2026:08:02:18:04:59, H=Ax936fMeiVM="
"18-08-2026 10:29:41","62443","Information","Microsoft-Windows-Shell-Core","AppDefault Info: SetDefault: Association=.ics, ProgId=AppX18q1gk8kdws5gt2g5c62cxc6qydq7tsw"
"18-08-2026 10:29:41","62443","Information","Microsoft-Windows-Shell-Core","AppDefault Info: SetDefault-Info: Association=.ico, ProgId=AppX43hnxtbyyps62jhe9sqpdzxn1790zetc, U=S-1-12-1-2357405129-1281513531-255772574-1816207334, T=2026:08:02:18:04:59, H=8hGbKvOrEm0="
"18-08-2026 10:29:41","62443","Information","Microsoft-Windows-Shell-Core","AppDefault Info: SetDefault: Association=.ico, ProgId=AppX43hnxtbyyps62jhe9sqpdzxn1790zetc"
"18-08-2026 10:29:41","62443","Information","Microsoft-Windows-Shell-Core","AppDefault Info: SetDefault-Info: Association=.html, ProgId=MSEdgeHTM, U=S-1-12-1-2357405129-1281513531-255772574-1816207334, T=2026:08:02:18:04:59, H=rjGS/Xx3nf0="
"18-08-2026 10:29:41","62443","Information","Microsoft-Windows-Shell-Core","AppDefault Info: SetDefault: Association=.html, ProgId=MSEdgeHTM"
"18-08-2026 10:29:41","62443","Information","Microsoft-Windows-Shell-Core","AppDefault Info: SetDefault-Info: Association=.htm, ProgId=MSEdgeHTM, U=S-1-12-1-2357405129-1281513531-255772574-1816207334, T=2026:08:02:18:04:59, H=9A6FFRQhyuk="
"18-08-2026 10:29:41","62443","Information","Microsoft-Windows-Shell-Core","AppDefault Info: SetDefault: Association=.htm, ProgId=MSEdgeHTM"
"18-08-2026 10:29:41","62443","Information","Microsoft-Windows-Shell-Core","AppDefault Info: SetDefault-Info: Association=.hta, ProgId=AppXkv2jqn1pq8ajm0p5dhgqde7aafykkrrn, U=S-1-12-1-2357405129-1281513531-255772574-1816207334, T=2026:08:02:18:04:59, H=NYph613ppOs="
"18-08-2026 10:29:41","62443","Information","Microsoft-Windows-Shell-Core","AppDefault Info: SetDefault: Association=.hta, ProgId=AppXkv2jqn1pq8ajm0p5dhgqde7aafykkrrn"
"18-08-2026 10:29:41","62443","Information","Microsoft-Windows-Shell-Core","AppDefault Info: SetDefault-Info: Association=.hif, ProgId=AppX43hnxtbyyps62jhe9sqpdzxn1790zetc, U=S-1-12-1-2357405129-1281513531-255772574-1816207334, T=2026:08:02:18:04:59, H=xYhMDGLp+PI="
"18-08-2026 10:29:41","62443","Information","Microsoft-Windows-Shell-Core","AppDefault Info: SetDefault: Association=.hif, ProgId=AppX43hnxtbyyps62jhe9sqpdzxn1790zetc"
"18-08-2026 10:29:41","62443","Information","Microsoft-Windows-Shell-Core","AppDefault Info: SetDefault-Info: Association=.heif, ProgId=AppX43hnxtbyyps62jhe9sqpdzxn1790zetc, U=S-1-12-1-2357405129-1281513531-255772574-1816207334, T=2026:08:02:18:04:59, H=W9FUPv9Bmjo="
"18-08-2026 10:29:41","62443","Information","Microsoft-Windows-Shell-Core","AppDefault Info: SetDefault: Association=.heif, ProgId=AppX43hnxtbyyps62jhe9sqpdzxn1790zetc"
"18-08-2026 10:29:41","62443","Information","Microsoft-Windows-Shell-Core","AppDefault Info: SetDefault-Info: Association=.heic, ProgId=AppX43hnxtbyyps62jhe9sqpdzxn1790zetc, U=S-1-12-1-2357405129-1281513531-255772574-1816207334, T=2026:08:02:18:04:59, H=ZG76/R3uNT4="
"18-08-2026 10:29:41","62443","Information","Microsoft-Windows-Shell-Core","AppDefault Info: SetDefault: Association=.heic, ProgId=AppX43hnxtbyyps62jhe9sqpdzxn1790zetc"
"18-08-2026 10:29:41","62443","Information","Microsoft-Windows-Shell-Core","AppDefault Info: SetDefault-Info: Association=.gif, ProgId=AppX43hnxtbyyps62jhe9sqpdzxn1790zetc, U=S-1-12-1-2357405129-1281513531-255772574-1816207334, T=2026:08:02:18:04:59, H=AcbAacWk12k="
"18-08-2026 10:29:41","62443","Information","Microsoft-Windows-Shell-Core","AppDefault Info: SetDefault: Association=.gif, ProgId=AppX43hnxtbyyps62jhe9sqpdzxn1790zetc"
"18-08-2026 10:29:41","62443","Information","Microsoft-Windows-Shell-Core","AppDefault Info: SetDefault-Info: Association=.flac, ProgId=WMP11.AssocFile.FLAC, U=S-1-12-1-2357405129-1281513531-255772574-1816207334, T=2026:08:02:18:04:59, H=xrgq6V+IlNs="
"18-08-2026 10:29:41","62443","Information","Microsoft-Windows-Shell-Core","AppDefault Info: SetDefault: Association=.flac, ProgId=WMP11.AssocFile.FLAC"
"18-08-2026 10:29:41","62443","Information","Microsoft-Windows-Shell-Core","AppDefault Info: SetDefault-Info: Association=.fff, ProgId=AppX9rkaq77s0jzh1tyccadx9ghba15r6t3h, U=S-1-12-1-2357405129-1281513531-255772574-1816207334, T=2026:08:02:18:04:59, H=gAbWK1kK2QE="
"18-08-2026 10:29:41","62443","Information","Microsoft-Windows-Shell-Core","AppDefault Info: SetDefault: Association=.fff, ProgId=AppX9rkaq77s0jzh1tyccadx9ghba15r6t3h"
"18-08-2026 10:29:41","62443","Information","Microsoft-Windows-Shell-Core","AppDefault Info: SetDefault-Info: Association=.erf, ProgId=AppX43hnxtbyyps62jhe9sqpdzxn1790zetc, U=S-1-12-1-2357405129-1281513531-255772574-1816207334, T=2026:08:02:18:04:59, H=wHE2auqeA2U="
"18-08-2026 10:29:41","62443","Information","Microsoft-Windows-Shell-Core","AppDefault Info: SetDefault: Association=.erf, ProgId=AppX43hnxtbyyps62jhe9sqpdzxn1790zetc"
"18-08-2026 10:29:41","62443","Information","Microsoft-Windows-Shell-Core","AppDefault Info: SetDefault-Info: Association=.emf, ProgId=AppXcesbfs704v2mjbts9dkr42s9vmrhxbkj, U=S-1-12-1-2357405129-1281513531-255772574-1816207334, T=2026:08:02:18:04:59, H=nX7mj4i1RSY="
"18-08-2026 10:29:41","62443","Information","Microsoft-Windows-Shell-Core","AppDefault Info: SetDefault: Association=.emf, ProgId=AppXcesbfs704v2mjbts9dkr42s9vmrhxbkj"
