"18-08-2026 10:43:11","2416","Information","Microsoft-Windows-PushNotifications-Platform","A local notification was received from Microsoft.Todos_8wekyb3d8bbwe!App [AppUserModelId] with a 0 [NotificationId] through an application endpoint."
"18-08-2026 10:43:11","2418","Information","Microsoft-Windows-PushNotifications-Platform","A local notification was submitted to threadpool: Microsoft.Todos_8wekyb3d8bbwe!App [AppUserModelId] tile [NotificationType] 8065 [NotificationTrackingId] Local [NotificationSource]."
"18-08-2026 10:43:11","2416","Information","Microsoft-Windows-PushNotifications-Platform","A local notification was received from Microsoft.Todos_8wekyb3d8bbwe!App [AppUserModelId] with a 0 [NotificationId] through an application endpoint."
"18-08-2026 10:40:21","42","Information","Microsoft-Windows-PushNotifications-Platform","Cloud Notifications must be enabled in GP and MDM to receive push notifications. GroupPolicyValue: true, MDMPolicyValue: true."
"18-08-2026 10:40:13","3049","Information","Microsoft-Windows-PushNotifications-Platform","Endpoint 0x0 is being cleanedup"
"18-08-2026 10:40:13","3049","Information","Microsoft-Windows-PushNotifications-Platform","Endpoint 0x0 is being cleanedup"
"18-08-2026 10:39:47","3055","Information","Microsoft-Windows-PushNotifications-Platform","Some toast notifications have been cleared - informed session 1."
"18-08-2026 10:39:45","3049","Information","Microsoft-Windows-PushNotifications-Platform","Endpoint 0x0 is being cleanedup"
"18-08-2026 10:39:43","3049","Information","Microsoft-Windows-PushNotifications-Platform","Endpoint 0x0 is being cleanedup"
"18-08-2026 10:39:43","3153","Information","Microsoft-Windows-PushNotifications-Platform","Toast with notification tracking id 8064 is delivered to Microsoft.Office.OUTLOOK.EXE.15 on session 1."
"18-08-2026 10:39:43","3052","Information","Microsoft-Windows-PushNotifications-Platform","Toast with notification tracking id 8064 is being delivered to Microsoft.Office.OUTLOOK.EXE.15 on session 1."
"18-08-2026 10:39:43","2418","Information","Microsoft-Windows-PushNotifications-Platform","A local notification was submitted to threadpool: Microsoft.Office.OUTLOOK.EXE.15 [AppUserModelId] toast [NotificationType] 8064 [NotificationTrackingId] Local [NotificationSource]."
"18-08-2026 10:39:43","2416","Information","Microsoft-Windows-PushNotifications-Platform","A local notification was received from Microsoft.Office.OUTLOOK.EXE.15 [AppUserModelId] with a 0 [NotificationId] through an application endpoint."
"18-08-2026 10:39:16","42","Information","Microsoft-Windows-PushNotifications-Platform","Cloud Notifications must be enabled in GP and MDM to receive push notifications. GroupPolicyValue: true, MDMPolicyValue: true."
"18-08-2026 10:38:19","42","Information","Microsoft-Windows-PushNotifications-Platform","Cloud Notifications must be enabled in GP and MDM to receive push notifications. GroupPolicyValue: true, MDMPolicyValue: true."
"18-08-2026 10:36:25","3055","Information","Microsoft-Windows-PushNotifications-Platform","Some toast notifications have been cleared - informed session 1."
"18-08-2026 10:36:22","3049","Information","Microsoft-Windows-PushNotifications-Platform","Endpoint 0x0 is being cleanedup"
"18-08-2026 10:36:22","3049","Information","Microsoft-Windows-PushNotifications-Platform","Endpoint 0x0 is being cleanedup"
"18-08-2026 10:36:22","3153","Information","Microsoft-Windows-PushNotifications-Platform","Toast with notification tracking id 8063 is delivered to DellInc.DellCommandUpdate_htrsf667h5kn2!xC127EC8377A94AB49B6B084C44082B2Fx on session 1."
"18-08-2026 10:36:22","3052","Information","Microsoft-Windows-PushNotifications-Platform","Toast with notification tracking id 8063 is being delivered to DellInc.DellCommandUpdate_htrsf667h5kn2!xC127EC8377A94AB49B6B084C44082B2Fx on session 1."
"18-08-2026 10:36:22","2418","Information","Microsoft-Windows-PushNotifications-Platform","A local notification was submitted to threadpool: DellInc.DellCommandUpdate_htrsf667h5kn2!xC127EC8377A94AB49B6B084C44082B2Fx [AppUserModelId] toast [NotificationType] 8063 [NotificationTrackingId] Local [NotificationSource]."
"18-08-2026 10:36:22","2416","Information","Microsoft-Windows-PushNotifications-Platform","A local notification was received from DellInc.DellCommandUpdate_htrsf667h5kn2!xC127EC8377A94AB49B6B084C44082B2Fx [AppUserModelId] with a 0 [NotificationId] through an application endpoint."
"18-08-2026 10:35:19","3053","Information","Microsoft-Windows-PushNotifications-Platform","badge with notification tracking id 8062 is being delivered to Microsoft.Todos_8wekyb3d8bbwe!App."
"18-08-2026 10:35:19","2418","Information","Microsoft-Windows-PushNotifications-Platform","A local notification was submitted to threadpool: Microsoft.Todos_8wekyb3d8bbwe!App [AppUserModelId] badge [NotificationType] 8062 [NotificationTrackingId] Local [NotificationSource]."
"18-08-2026 10:35:19","2416","Information","Microsoft-Windows-PushNotifications-Platform","A local notification was received from Microsoft.Todos_8wekyb3d8bbwe!App [AppUserModelId] with a 0 [NotificationId] through an application endpoint."
"18-08-2026 10:35:19","2418","Information","Microsoft-Windows-PushNotifications-Platform","A local notification was submitted to threadpool: Microsoft.Todos_8wekyb3d8bbwe!App [AppUserModelId] tile [NotificationType] 8061 [NotificationTrackingId] Local [NotificationSource]."
"18-08-2026 10:35:19","2416","Information","Microsoft-Windows-PushNotifications-Platform","A local notification was received from Microsoft.Todos_8wekyb3d8bbwe!App [AppUserModelId] with a 0 [NotificationId] through an application endpoint."
"18-08-2026 10:34:42","42","Information","Microsoft-Windows-PushNotifications-Platform","Cloud Notifications must be enabled in GP and MDM to receive push notifications. GroupPolicyValue: true, MDMPolicyValue: true."
"18-08-2026 10:34:15","1005","Information","Microsoft-Windows-PushNotifications-Platform","The Connection Provider status changed to Connected."
"18-08-2026 10:34:15","1264","Information","Microsoft-Windows-PushNotifications-Platform","Adding new user to the Windows Push Notification Service completed. 001880174DE6F7FE [DeviceId] 17056889 [UserId] 0x0 [ErrorCode]."
"18-08-2026 10:34:15","1268","Verbose","Microsoft-Windows-PushNotifications-Platform","WNP Transport Layer received command: BND, Trid: 5, Namespace: CON, CV: ZrgWRluAhkWGlBog.5.0 containing 134 bytes of payload only. However, full payload including header is: 0x424E44203520434F4E003133340D0A436F6E746578743A20633235643965653165623536343061390D0A4D532D43563A205A726757526C7541686B57476C426F672E352E300D0A0D0A3C776E732D726573706F6E73653E3C7665723E313C2F7665723E3C6E6F6E63653E31363236343139303136313539373336373831323C2F6E6F6E63653E. IsLongRunning: Data Connection."
"18-08-2026 10:34:15","1225","Verbose","Microsoft-Windows-PushNotifications-Platform","WNP Transport Layer received command: BND, Trid: 5, Namespace: CON, CV: ZrgWRluAhkWGlBog.5.0 containing 134 bytes of payload: 0x436F6E746578743A20633235643965653165623536343061390D0A4D532D43563A205A726757526C7541686B57476C426F672E352E300D0A0D0A3C776E732D726573706F6E73653E3C7665723E313C2F7665723E3C6E6F6E63653E31363236343139303136313539373336373831323C2F6E6F6E63653E3C2F776E732D726573706F6E73653E. IsLongRunning: Data Connection."
"18-08-2026 10:34:15","1268","Verbose","Microsoft-Windows-PushNotifications-Platform","WNP Transport Layer received command: PUT, Trid: 4, Namespace: WNS, CV: ZrgWRluAhkWGlBog.4.0 containing 58 bytes of payload only. However, full payload including header is: 0x505554203420574E530035380D0A436F6E746578743A20323366366636386130326638393835650D0A4D532D43563A205A726757526C7541686B. IsLongRunning: Data Connection."
"18-08-2026 10:34:15","1225","Verbose","Microsoft-Windows-PushNotifications-Platform","WNP Transport Layer received command: PUT, Trid: 4, Namespace: WNS, CV: ZrgWRluAhkWGlBog.4.0 containing 58 bytes of payload: 0x436F6E746578743A20323366366636386130326638393835650D0A4D532D43563A205A726757526C7541686B57476C426F672E342E300D0A0D0A. IsLongRunning: Data Connection."
"18-08-2026 10:34:15","1267","Verbose","Microsoft-Windows-PushNotifications-Platform","WNP Transport Layer sent command: BND, Trid: 5, Namespace: CON\WNS 1044479, CV: ZrgWRluAhkWGlBog.5 containing 239 bytes of payload only. However, full payload including header is: 0x424E44203520434F4E5C574E532031303434343739203231320D0A4D532D43563A205A726757526C7541686B57476C426F672E350D0A436F6E746578743A20633235643965653165623536343061390D0A0D0A3C776E733E3C7665723E313C2F7665723E3C636C69656E743E3C6E616D653E57504E3C2F6E616D653E3C7665723E312E303C2F7665723E3C2F636C69656E743E3C6F7074696F6E733E3C7077726D6F6465206D6F64653D2230223E3C2F7077726D6F64653E3C2F6F7074696F6E733E3C6C6173744D736749643E333734373866363634373365393164373C2F6C6173744D736749643E3C2F776E733E. IsLongRunning: Data Connection."
"18-08-2026 10:34:15","1223","Verbose","Microsoft-Windows-PushNotifications-Platform","WNP Transport Layer sent command: BND, Trid: 5, Namespace: CON\WNS 1044479, CV: ZrgWRluAhkWGlBog.5 containing 185 bytes of payload: 0x436F6E746578743A20633235643965653165623536343061390D0A0D0A3C776E733E3C7665723E313C2F7665723E3C636C69656E743E3C6E616D653E57504E3C2F6E616D653E3C7665723E312E303C2F7665723E3C2F636C69656E743E3C6F7074696F6E733E3C7077726D6F6465206D6F64653D2230223E3C2F7077726D6F64653E3C2F6F7074696F6E733E3C6C6173744D736749643E333734373866363634373365393164373C2F6C6173744D736749643E3C2F776E733E. IsLongRunning: Data Connection."
"18-08-2026 10:34:15","1267","Verbose","Microsoft-Windows-PushNotifications-Platform","WNP Transport Layer sent command: PUT, Trid: 4, Namespace: WNS\CHALLENGE 0, CV: ZrgWRluAhkWGlBog.4 containing 190 bytes of payload only. However, full payload including header is: 0x505554203420574E535C4348414C4C454E47452030203136330D0A4D532D43563A205A726757526C7541686B57476C426F672E340D0A436F6E746578743A20323366366636386130326638393835650D0A0D0A3C6368616C6C656E67653E3C61707049643E50524F443031323050572143435639403C2F61707049643E3C726573706F6E73653E35396163383563643963373330303139373262303037616665383635393465363C2F726573706F6E73653E3C2F6368616C6C656E67653E. IsLongRunning: Data Connection."
"18-08-2026 10:34:15","1223","Verbose","Microsoft-Windows-PushNotifications-Platform","WNP Transport Layer sent command: PUT, Trid: 4, Namespace: WNS\CHALLENGE 0, CV: ZrgWRluAhkWGlBog.4 containing 136 bytes of payload: 0x436F6E746578743A20323366366636386130326638393835650D0A0D0A3C6368616C6C656E67653E3C61707049643E50524F443031323050572143435639403C2F61707049643E3C726573706F6E73653E35396163383563643963373330303139373262303037616665383635393465363C2F726573706F6E73653E3C2F6368616C6C656E67653E. IsLongRunning: Data Connection."
"18-08-2026 10:34:15","1005","Information","Microsoft-Windows-PushNotifications-Platform","The Connection Provider status changed to Connected."
"18-08-2026 10:34:15","1264","Information","Microsoft-Windows-PushNotifications-Platform","Adding new user to the Windows Push Notification Service completed. 001880174DE6F7FE [DeviceId] 0 [UserId] 0x0 [ErrorCode]."
"18-08-2026 10:34:15","1268","Verbose","Microsoft-Windows-PushNotifications-Platform","WNP Transport Layer received command: BND, Trid: 3, Namespace: CON, CV: ZrgWRluAhkWGlBog.3.0 containing 134 bytes of payload only. However, full payload including header is: 0x424E44203320434F4E003133340D0A436F6E746578743A20356132343836656131356165656237390D0A4D532D43563A205A726757526C7541686B57476C426F672E332E300D0A0D0A3C776E732D726573706F6E73653E3C7665723E313C2F7665723E3C6E6F6E63653E31353433383037393534313532393233343537303C2F6E6F6E63653E. IsLongRunning: Data Connection."
"18-08-2026 10:34:15","1225","Verbose","Microsoft-Windows-PushNotifications-Platform","WNP Transport Layer received command: BND, Trid: 3, Namespace: CON, CV: ZrgWRluAhkWGlBog.3.0 containing 134 bytes of payload: 0x436F6E746578743A20356132343836656131356165656237390D0A4D532D43563A205A726757526C7541686B57476C426F672E332E300D0A0D0A3C776E732D726573706F6E73653E3C7665723E313C2F7665723E3C6E6F6E63653E31353433383037393534313532393233343537303C2F6E6F6E63653E3C2F776E732D726573706F6E73653E. IsLongRunning: Data Connection."
"18-08-2026 10:34:15","1268","Verbose","Microsoft-Windows-PushNotifications-Platform","WNP Transport Layer received command: ATH, Trid: 2, Namespace: CON, CV: ZrgWRluAhkWGlBog.2.0 containing 58 bytes of payload only. However, full payload including header is: 0x415448203220434F4E0035380D0A436F6E746578743A20356132343836656131356165656237390D0A4D532D43563A205A726757526C7541686B. IsLongRunning: Data Connection."
"18-08-2026 10:34:15","1225","Verbose","Microsoft-Windows-PushNotifications-Platform","WNP Transport Layer received command: ATH, Trid: 2, Namespace: CON, CV: ZrgWRluAhkWGlBog.2.0 containing 58 bytes of payload: 0x436F6E746578743A20356132343836656131356165656237390D0A4D532D43563A205A726757526C7541686B57476C426F672E322E300D0A0D0A. IsLongRunning: Data Connection."
"18-08-2026 10:34:15","1268","Verbose","Microsoft-Windows-PushNotifications-Platform","WNP Transport Layer received command: CNT, Trid: 1, Namespace: CON, CV: ZrgWRluAhkWGlBog.1.0 containing 236 bytes of payload only. However, full payload including header is: 0x434E54203120434F4E003233360D0A436F6E746578743A20356132343836656131356165656237390D0A4D532D43563A205A726757526C7541686B57476C426F672E312E300D0A0D0A3C636F6E6E6563742D726573706F6E73653E3C7665723E313C2F7665723E3C73657373696F6E3E3C69643E4D7470312E3338332F36373133343731392E39303562633738382D303165302D633531302D363637312D3132393837386631623131333C2F69643E3C74696D656F75743E323030303C2F74696D656F75743E3C2F73657373696F6E3E3C716F73746573743E66616C73653C2F716F73746573743E3C2F636F. IsLongRunning: Data Connection."
"18-08-2026 10:34:15","1225","Verbose","Microsoft-Windows-PushNotifications-Platform","WNP Transport Layer received command: CNT, Trid: 1, Namespace: CON, CV: ZrgWRluAhkWGlBog.1.0 containing 236 bytes of payload: 0x436F6E746578743A20356132343836656131356165656237390D0A4D532D43563A205A726757526C7541686B57476C426F672E312E300D0A0D0A3C636F6E6E6563742D726573706F6E73653E3C7665723E313C2F7665723E3C73657373696F6E3E3C69643E4D7470312E3338332F36373133343731392E39303562633738382D303165302D633531302D363637312D3132393837386631623131333C2F69643E3C74696D656F75743E323030303C2F74696D656F75743E3C2F73657373696F6E3E3C716F73746573743E66616C73653C2F716F73746573743E3C2F636F6E6E6563742D726573706F6E73653E. IsLongRunning: Data Connection."
"18-08-2026 10:34:15","1267","Verbose","Microsoft-Windows-PushNotifications-Platform","WNP Transport Layer sent command: BND, Trid: 3, Namespace: CON\WNS 0, CV: ZrgWRluAhkWGlBog.3 containing 233 bytes of payload only. However, full payload including header is: 0x424E44203320434F4E5C574E532030203231320D0A4D532D43563A205A726757526C7541686B57476C426F672E330D0A436F6E746578743A20356132343836656131356165656237390D0A0D0A3C776E733E3C7665723E313C2F7665723E3C636C69656E743E3C6E616D653E57504E3C2F6E616D653E3C7665723E312E303C2F7665723E3C2F636C69656E743E3C6F7074696F6E733E3C7077726D6F6465206D6F64653D2230223E3C2F7077726D6F64653E3C2F6F7074696F6E733E3C6C6173744D736749643E363434336438383934666563393937333C2F6C6173744D736749643E3C2F776E733E. IsLongRunning: Data Connection."
"18-08-2026 10:34:15","1223","Verbose","Microsoft-Windows-PushNotifications-Platform","WNP Transport Layer sent command: BND, Trid: 3, Namespace: CON\WNS 0, CV: ZrgWRluAhkWGlBog.3 containing 185 bytes of payload: 0x436F6E746578743A20356132343836656131356165656237390D0A0D0A3C776E733E3C7665723E313C2F7665723E3C636C69656E743E3C6E616D653E57504E3C2F6E616D653E3C7665723E312E303C2F7665723E3C2F636C69656E743E3C6F7074696F6E733E3C7077726D6F6465206D6F64653D2230223E3C2F7077726D6F64653E3C2F6F7074696F6E733E3C6C6173744D736749643E363434336438383934666563393937333C2F6C6173744D736749643E3C2F776E733E. IsLongRunning: Data Connection."
"18-08-2026 10:34:15","1267","Verbose","Microsoft-Windows-PushNotifications-Platform","WNP Transport Layer sent command: ATH, Trid: 2, Namespace: CON\DEVICE, CV: ZrgWRluAhkWGlBog.2 containing 1384 bytes of payload only. However, full payload including header is: 0x415448203220434F4E5C44455649434520313336310D0A4D532D43563A205A726757526C7541686B57476C426F672E320D0A436F6E746578743A20356132343836656131356165656237390D0A0D0A3C6465766963653E3C636F6D706163742D7469636B65743E743D45774359412B704942414155316244476664617A69446658706A4E354E36635968543177626D5141415148745A546578654276376D6C717774457A35302B5A324A753849476649695A6171456A4936795257476C544E475930512B32373538426D317A546374744B71653262565954626A436F68484A48634E6976302B4D3739504E35763949384753726D4A626C584D4F4F4E722F6F784C49672F56517575634F72763666786B6F552F67593543654A4A7251615246674949756A3945664E32374E6634457464357932596B7678595A7243787A6B7A424B576950627A4934426B4A453754654D694B3752353835347041666E6B743077365461584761686A30322F334174783163646B794853706664425152694676477A494E744A7767312F765473354F776B344844435574565353647155554C536352627142534144593034324B595076774A684977347054676849704E6538666C496648656F673954756D507A32766F374F6D4734477849674D304E575A73464A4E31425534665A55515A674141454A684D64416A634C31667576583149752F4C3033567467416E63377273477054575175727258336C6B5051323649443654444C4F42524F3068356E5A724171336A62597772306E39504B6937466F2F6E30352F794E4B6E742B365066787537492F4F39516F564B4C472B48366375686D46753134744F454B4B4F796951622B42597957736F634249766E43357962474670454E55497A444B6343596A3278702B70614A31423937305869664848756D636779643768353876515A4836575336787674727955753732707861654176364169786D307A55616571394158733332662F7861704C475948694F36564349464A67566E7A5973676F66704B2F61532F4A43595A523276427461615A7658586163613571576E5A36474F6D4B696452374E634776782B3737694C4F3467666146516C73314C516A684A4F72482F56336B476D49393274666C464748342F4D652F4C5072314E453366766554754C574D6E473733755973516C39515473303178737458434537325234634B433369622B784732494F6F737077703837303075584D6938716E446A42645852564454594C432F4A3655306E4B4F2B71716A734E544C6E4D4A517A3536706E66525A414F4959714C654F39716E77357862386E4D313466667061496A61627277702F4F577A6178794E742B4234417745616C707A4F71655A55537162674C4F69664637786975632B56474D51325833772F6D4646765537553847562F6D65304874623053424E774C71744B632F616A715A63346D73746C745068683279427534317442636E7247334A4A796B5379774E6B527A677A535A6D76536949577573663652376931616837316258544F6133654A516A6863534E69427675666C4E664C3764683938374C716E48303648454177785754477A59597855754F7A7A4333344E52727631326C783754363643345172513547726D7A58526B71454E342B6553343945684C685743767375446B6F6F4B3243334976625355706765435645413567764B4A4532502F435031596455736669374275524C694D794A69616D74376E765A764B593575456543784D75766B45794D30417A30765242316653423635316474485268386D476D6233726A39684B48736338494E7844304445485A50766C697A5A2B624D2B4435726B77493D3C2F636F6D706163742D7469636B65743E3C69643E303031383830313734444536463746453C2F69643E3C2F6465766963653E. IsLongRunning: Data Connection."
"18-08-2026 10:34:15","1223","Verbose","Microsoft-Windows-PushNotifications-Platform","WNP Transport Layer sent command: ATH, Trid: 2, Namespace: CON\DEVICE, CV: ZrgWRluAhkWGlBog.2 containing 1334 bytes of payload: 0x436F6E746578743A20356132343836656131356165656237390D0A0D0A3C6465766963653E3C636F6D706163742D7469636B65743E743D45774359412B704942414155316244476664617A69446658706A4E354E36635968543177626D5141415148745A546578654276376D6C717774457A35302B5A324A753849476649695A6171456A4936795257476C544E475930512B32373538426D317A546374744B71653262565954626A436F68484A48634E6976302B4D3739504E35763949384753726D4A626C584D4F4F4E722F6F784C49672F56517575634F72763666786B6F552F67593543654A4A7251615246674949756A3945664E32374E6634457464357932596B7678595A7243787A6B7A424B576950627A4934426B4A453754654D694B3752353835347041666E6B743077365461584761686A30322F334174783163646B794853706664425152694676477A494E744A7767312F765473354F776B344844435574565353647155554C536352627142534144593034324B595076774A684977347054676849704E6538666C496648656F673954756D507A32766F374F6D4734477849674D304E575A73464A4E31425534665A55515A674141454A684D64416A634C31667576583149752F4C3033567467416E63377273477054575175727258336C6B5051323649443654444C4F42524F3068356E5A724171336A62597772306E39504B6937466F2F6E30352F794E4B6E742B365066787537492F4F39516F564B4C472B48366375686D46753134744F454B4B4F796951622B42597957736F634249766E43357962474670454E55497A444B6343596A3278702B70614A31423937305869664848756D636779643768353876515A4836575336787674727955753732707861654176364169786D307A55616571394158733332662F7861704C475948694F36564349464A67566E7A5973676F66704B2F61532F4A43595A523276427461615A7658586163613571576E5A36474F6D4B696452374E634776782B3737694C4F3467666146516C73314C516A684A4F72482F56336B476D49393274666C464748342F4D652F4C5072314E453366766554754C574D6E473733755973516C39515473303178737458434537325234634B433369622B784732494F6F737077703837303075584D6938716E446A42645852564454594C432F4A3655306E4B4F2B71716A734E544C6E4D4A517A3536706E66525A414F4959714C654F39716E77357862386E4D313466667061496A61627277702F4F577A6178794E742B4234417745616C707A4F71655A55537162674C4F69664637786975632B56474D51325833772F6D4646765537553847562F6D65304874623053424E774C71744B632F616A715A63346D73746C745068683279427534317442636E7247334A4A796B5379774E6B527A677A535A6D76536949577573663652376931616837316258544F6133654A516A6863534E69427675666C4E664C3764683938374C716E48303648454177785754477A59597855754F7A7A4333344E52727631326C783754363643345172513547726D7A58526B71454E342B6553343945684C685743767375446B6F6F4B3243334976625355706765435645413567764B4A4532502F435031596455736669374275524C694D794A69616D74376E765A764B593575456543784D75766B45794D30417A30765242316653423635316474485268386D476D6233726A39684B48736338494E7844304445485A50766C697A5A2B624D2B4435726B77493D3C2F636F6D706163742D7469636B65743E3C69643E303031383830313734444536463746453C2F69643E3C2F6465766963653E. IsLongRunning: Data Connection."
"18-08-2026 10:34:15","1267","Verbose","Microsoft-Windows-PushNotifications-Platform","WNP Transport Layer sent command: CNT, Trid: 1, Namespace: CON, CV: ZrgWRluAhkWGlBog.1 containing 363 bytes of payload only. However, full payload including header is: 0x434E54203120434F4E203334380D0A4D532D43563A205A726757526C7541686B57476C426F672E310D0A436F6E746578743A20356132343836656131356165656237390D0A0D0A3C636F6E6E6563743E3C7665723E323C2F7665723E3C6167656E743E3C6F733E57696E646F77733C2F6F733E3C6F735665723E31302E302E302E302E32363130302E383839333C2F6F735665723E3C70726F633E7836343C2F70726F633E3C6C6369643E656E2D494E3C2F6C6369643E3C67656F49643E3131333C2F67656F49643E3C616F61633E313C2F616F61633E3C646576696365547970653E323C2F646576696365547970653E3C6465766963654E616D653E303031383830313734444536463746453C2F6465766963654E616D653E3C666F6C6C6F7752657472793E747275653C2F666F6C6C6F7752657472793E3C2F6167656E743E3C6E6574776F726B3E3C776966693E3C2F776966693E3C2F6E6574776F726B3E3C2F636F6E6E6563743E. IsLongRunning: Data Connection."
"18-08-2026 10:34:15","1223","Verbose","Microsoft-Windows-PushNotifications-Platform","WNP Transport Layer sent command: CNT, Trid: 1, Namespace: CON, CV: ZrgWRluAhkWGlBog.1 containing 321 bytes of payload: 0x436F6E746578743A20356132343836656131356165656237390D0A0D0A3C636F6E6E6563743E3C7665723E323C2F7665723E3C6167656E743E3C6F733E57696E646F77733C2F6F733E3C6F735665723E31302E302E302E302E32363130302E383839333C2F6F735665723E3C70726F633E7836343C2F70726F633E3C6C6369643E656E2D494E3C2F6C6369643E3C67656F49643E3131333C2F67656F49643E3C616F61633E313C2F616F61633E3C646576696365547970653E323C2F646576696365547970653E3C6465766963654E616D653E303031383830313734444536463746453C2F6465766963654E616D653E3C666F6C6C6F7752657472793E747275653C2F666F6C6C6F7752657472793E3C2F6167656E743E3C6E6574776F726B3E3C776966693E3C2F776966693E3C2F6E6574776F726B3E3C2F636F6E6E6563743E. IsLongRunning: Data Connection."
"18-08-2026 10:34:15","1113","Information","Microsoft-Windows-PushNotifications-Platform","Device Compact Ticket request completed with Device Id 001880174DE6F7FE for the Data Connection."
"18-08-2026 10:34:15","1218","Information","Microsoft-Windows-PushNotifications-Platform","WNP Transport Layer TLS negotiation completed for the Data Connection with code The operation completed successfully.."
"18-08-2026 10:34:15","1257","Information","Microsoft-Windows-PushNotifications-Platform","WNP Transport Layer for Data Connection called InitializeSecurityContext and got return code 0x0."
"18-08-2026 10:34:15","1257","Information","Microsoft-Windows-PushNotifications-Platform","WNP Transport Layer for Data Connection called InitializeSecurityContext and got return code 0x90312."
"18-08-2026 10:34:14","1257","Information","Microsoft-Windows-PushNotifications-Platform","WNP Transport Layer for Data Connection called InitializeSecurityContext and got return code 0x80090318."
"18-08-2026 10:34:14","1257","Information","Microsoft-Windows-PushNotifications-Platform","WNP Transport Layer for Data Connection called InitializeSecurityContext and got return code 0x90312."
"18-08-2026 10:34:14","1217","Information","Microsoft-Windows-PushNotifications-Platform","WNP Transport Layer TLS negotiation initiated for the Data Connection."
"18-08-2026 10:34:14","1212","Information","Microsoft-Windows-PushNotifications-Platform","WNP Transport Layer initial server connection completed to server client.wns.windows.com on port 443 for the Data Connection."
"18-08-2026 10:34:14","1211","Information","Microsoft-Windows-PushNotifications-Platform","WNP Transport Layer initial server connection initiated to server client.wns.windows.com on port 443 for the Data Connection."
"18-08-2026 10:34:14","1208","Information","Microsoft-Windows-PushNotifications-Platform","WNP Transport Layer resolving DNS completed for the Data Connection with code The operation completed successfully.."
"18-08-2026 10:34:14","1207","Information","Microsoft-Windows-PushNotifications-Platform","WNP Transport Layer resolving DNS initiated for host client.wns.windows.com for the Data Connection."
"18-08-2026 10:34:14","1117","Information","Microsoft-Windows-PushNotifications-Platform","Windows Push Notification Service was disconnected due to error: 0x80072745 and will now enter reconnect mode."
"18-08-2026 10:34:14","1258","Information","Microsoft-Windows-PushNotifications-Platform","WNP Transport Layer for Data Connection received asynchronous connection error 10053."
"18-08-2026 10:33:56","3055","Information","Microsoft-Windows-PushNotifications-Platform","Some toast notifications have been cleared - informed session 1."
"18-08-2026 10:33:54","3049","Information","Microsoft-Windows-PushNotifications-Platform","Endpoint 0x0 is being cleanedup"
"18-08-2026 10:33:54","3055","Information","Microsoft-Windows-PushNotifications-Platform","Some toast notifications have been cleared - informed session 1."
"18-08-2026 10:33:53","3049","Information","Microsoft-Windows-PushNotifications-Platform","Endpoint 0x0 is being cleanedup"
"18-08-2026 10:33:53","3153","Information","Microsoft-Windows-PushNotifications-Platform","Toast with notification tracking id 8060 is delivered to NotifyIconGeneratedAumid_14939065856424083584 on session 1."
"18-08-2026 10:33:53","3052","Information","Microsoft-Windows-PushNotifications-Platform","Toast with notification tracking id 8060 is being delivered to NotifyIconGeneratedAumid_14939065856424083584 on session 1."
"18-08-2026 10:33:53","2418","Information","Microsoft-Windows-PushNotifications-Platform","A local notification was submitted to threadpool: NotifyIconGeneratedAumid_14939065856424083584 [AppUserModelId] toast [NotificationType] 8060 [NotificationTrackingId] Local [NotificationSource]."
"18-08-2026 10:33:53","2416","Information","Microsoft-Windows-PushNotifications-Platform","A local notification was received from NotifyIconGeneratedAumid_14939065856424083584 [AppUserModelId] with a 0 [NotificationId] through an application endpoint."
"18-08-2026 10:33:52","3049","Information","Microsoft-Windows-PushNotifications-Platform","Endpoint 0x0 is being cleanedup"
"18-08-2026 10:33:51","3049","Information","Microsoft-Windows-PushNotifications-Platform","Endpoint 0x0 is being cleanedup"
"18-08-2026 10:33:51","3153","Information","Microsoft-Windows-PushNotifications-Platform","Toast with notification tracking id 8059 is delivered to DellInc.DellCommandUpdate_htrsf667h5kn2!xC127EC8377A94AB49B6B084C44082B2Fx on session 1."
"18-08-2026 10:33:51","3052","Information","Microsoft-Windows-PushNotifications-Platform","Toast with notification tracking id 8059 is being delivered to DellInc.DellCommandUpdate_htrsf667h5kn2!xC127EC8377A94AB49B6B084C44082B2Fx on session 1."
"18-08-2026 10:33:51","2418","Information","Microsoft-Windows-PushNotifications-Platform","A local notification was submitted to threadpool: DellInc.DellCommandUpdate_htrsf667h5kn2!xC127EC8377A94AB49B6B084C44082B2Fx [AppUserModelId] toast [NotificationType] 8059 [NotificationTrackingId] Local [NotificationSource]."
"18-08-2026 10:33:51","2416","Information","Microsoft-Windows-PushNotifications-Platform","A local notification was received from DellInc.DellCommandUpdate_htrsf667h5kn2!xC127EC8377A94AB49B6B084C44082B2Fx [AppUserModelId] with a 0 [NotificationId] through an application endpoint."
"18-08-2026 10:33:43","3053","Information","Microsoft-Windows-PushNotifications-Platform","badge with notification tracking id 8058 is being delivered to MSTeams_8wekyb3d8bbwe!MSTeams."
"18-08-2026 10:33:43","2418","Information","Microsoft-Windows-PushNotifications-Platform","A local notification was submitted to threadpool: MSTeams_8wekyb3d8bbwe!MSTeams [AppUserModelId] badge [NotificationType] 8058 [NotificationTrackingId] Local [NotificationSource]."
"18-08-2026 10:33:43","2416","Information","Microsoft-Windows-PushNotifications-Platform","A local notification was received from MSTeams_8wekyb3d8bbwe!MSTeams [AppUserModelId] with a 0 [NotificationId] through an application endpoint."
"18-08-2026 10:33:43","3053","Information","Microsoft-Windows-PushNotifications-Platform","badge with notification tracking id 8057 is being delivered to MSTeams_8wekyb3d8bbwe!MSTeams."
"18-08-2026 10:33:43","2418","Information","Microsoft-Windows-PushNotifications-Platform","A local notification was submitted to threadpool: MSTeams_8wekyb3d8bbwe!MSTeams [AppUserModelId] badge [NotificationType] 8057 [NotificationTrackingId] Local [NotificationSource]."
"18-08-2026 10:33:43","2416","Information","Microsoft-Windows-PushNotifications-Platform","A local notification was received from MSTeams_8wekyb3d8bbwe!MSTeams [AppUserModelId] with a 0 [NotificationId] through an application endpoint."
"18-08-2026 10:33:43","3053","Information","Microsoft-Windows-PushNotifications-Platform","badge with notification tracking id 8056 is being delivered to MSTeams_8wekyb3d8bbwe!MSTeams."
"18-08-2026 10:33:43","2418","Information","Microsoft-Windows-PushNotifications-Platform","A local notification was submitted to threadpool: MSTeams_8wekyb3d8bbwe!MSTeams [AppUserModelId] badge [NotificationType] 8056 [NotificationTrackingId] Local [NotificationSource]."
"18-08-2026 10:33:43","3053","Information","Microsoft-Windows-PushNotifications-Platform","badge with notification tracking id 8055 is being delivered to MSTeams_8wekyb3d8bbwe!MSTeams."
"18-08-2026 10:33:43","2416","Information","Microsoft-Windows-PushNotifications-Platform","A local notification was received from MSTeams_8wekyb3d8bbwe!MSTeams [AppUserModelId] with a 0 [NotificationId] through an application endpoint."
"18-08-2026 10:33:43","2418","Information","Microsoft-Windows-PushNotifications-Platform","A local notification was submitted to threadpool: MSTeams_8wekyb3d8bbwe!MSTeams [AppUserModelId] badge [NotificationType] 8055 [NotificationTrackingId] Local [NotificationSource]."
"18-08-2026 10:33:43","2416","Information","Microsoft-Windows-PushNotifications-Platform","A local notification was received from MSTeams_8wekyb3d8bbwe!MSTeams [AppUserModelId] with a 0 [NotificationId] through an application endpoint."
"18-08-2026 10:32:36","42","Information","Microsoft-Windows-PushNotifications-Platform","Cloud Notifications must be enabled in GP and MDM to receive push notifications. GroupPolicyValue: true, MDMPolicyValue: true."
"18-08-2026 10:32:08","3049","Information","Microsoft-Windows-PushNotifications-Platform","Endpoint 0x0 is being cleanedup"
"18-08-2026 10:32:08","3049","Information","Microsoft-Windows-PushNotifications-Platform","Endpoint 0x0 is being cleanedup"
"18-08-2026 10:32:08","3153","Information","Microsoft-Windows-PushNotifications-Platform","Toast with notification tracking id 8054 is delivered to Microsoft.SkyDrive.Desktop on session 1."
"18-08-2026 10:32:08","3052","Information","Microsoft-Windows-PushNotifications-Platform","Toast with notification tracking id 8054 is being delivered to Microsoft.SkyDrive.Desktop on session 1."
"18-08-2026 10:32:08","2418","Information","Microsoft-Windows-PushNotifications-Platform","A local notification was submitted to threadpool: Microsoft.SkyDrive.Desktop [AppUserModelId] toast [NotificationType] 8054 [NotificationTrackingId] Local [NotificationSource]."
"18-08-2026 10:32:08","2416","Information","Microsoft-Windows-PushNotifications-Platform","A local notification was received from Microsoft.SkyDrive.Desktop [AppUserModelId] with a 0 [NotificationId] through an application endpoint."
"18-08-2026 10:32:08","3055","Information","Microsoft-Windows-PushNotifications-Platform","Some toast notifications have been cleared - informed session 1."
"18-08-2026 10:31:41","3049","Information","Microsoft-Windows-PushNotifications-Platform","Endpoint 0x0 is being cleanedup"
"18-08-2026 10:31:40","3049","Information","Microsoft-Windows-PushNotifications-Platform","Endpoint 0x0 is being cleanedup"
"18-08-2026 10:31:40","3153","Information","Microsoft-Windows-PushNotifications-Platform","Toast with notification tracking id 8053 is delivered to Microsoft.SkyDrive.Desktop on session 1."
"18-08-2026 10:31:40","3052","Information","Microsoft-Windows-PushNotifications-Platform","Toast with notification tracking id 8053 is being delivered to Microsoft.SkyDrive.Desktop on session 1."
"18-08-2026 10:31:40","2418","Information","Microsoft-Windows-PushNotifications-Platform","A local notification was submitted to threadpool: Microsoft.SkyDrive.Desktop [AppUserModelId] toast [NotificationType] 8053 [NotificationTrackingId] Local [NotificationSource]."
"18-08-2026 10:31:40","2416","Information","Microsoft-Windows-PushNotifications-Platform","A local notification was received from Microsoft.SkyDrive.Desktop [AppUserModelId] with a 0 [NotificationId] through an application endpoint."
"18-08-2026 10:31:33","2413","Information","Microsoft-Windows-PushNotifications-Platform","An application was registered with the following parameters: Microsoft.SkyDrive.Desktop [PackageFullName] Microsoft.SkyDrive.Desktop [AppUserModelId] 0xD00 [Settings] 536870912 [AppType] The operation completed successfully. [ErrorCode]."
"18-08-2026 10:31:33","3056","Information","Microsoft-Windows-PushNotifications-Platform","Badge Notification are being cleared for Microsoft.SkyDrive.Desktop - informed session 2."
"18-08-2026 10:31:33","2415","Information","Microsoft-Windows-PushNotifications-Platform","An application was unregistered with the following parameters: Microsoft.SkyDrive.Desktop [AppUserModelId] The operation completed successfully. [ErrorCode]"
"18-08-2026 10:30:25","2413","Information","Microsoft-Windows-PushNotifications-Platform","An application was registered with the following parameters: MicrosoftWindows.CrossDevice_1.26071.84.0_x64__cw5n1h2txyewy [PackageFullName] MicrosoftWindows.CrossDevice_cw5n1h2txyewy!ShareUXHostApp [AppUserModelId] 0x4007F00 [Settings] 268435456 [AppType] The operation completed successfully. [ErrorCode]."
"18-08-2026 10:30:25","2413","Information","Microsoft-Windows-PushNotifications-Platform","An application was registered with the following parameters: MicrosoftWindows.CrossDevice_1.26071.84.0_x64__cw5n1h2txyewy [PackageFullName] MicrosoftWindows.CrossDevice_cw5n1h2txyewy!FilesUXHostApp [AppUserModelId] 0x4007F00 [Settings] 268435456 [AppType] The operation completed successfully. [ErrorCode]."
"18-08-2026 10:30:25","2413","Information","Microsoft-Windows-PushNotifications-Platform","An application was registered with the following parameters: MicrosoftWindows.CrossDevice_1.26071.84.0_x64__cw5n1h2txyewy [PackageFullName] MicrosoftWindows.CrossDevice_cw5n1h2txyewy!StreamingUXHostApp [AppUserModelId] 0x4007F00 [Settings] 268435456 [AppType] The operation completed successfully. [ErrorCode]."
"18-08-2026 10:30:25","2413","Information","Microsoft-Windows-PushNotifications-Platform","An application was registered with the following parameters: MicrosoftWindows.CrossDevice_1.26071.84.0_x64__cw5n1h2txyewy [PackageFullName] MicrosoftWindows.CrossDevice_cw5n1h2txyewy!SettingsUXHostApp [AppUserModelId] 0x4007F00 [Settings] 268435456 [AppType] The operation completed successfully. [ErrorCode]."
"18-08-2026 10:30:25","2413","Information","Microsoft-Windows-PushNotifications-Platform","An application was registered with the following parameters: MicrosoftWindows.CrossDevice_1.26071.84.0_x64__cw5n1h2txyewy [PackageFullName] MicrosoftWindows.CrossDevice_cw5n1h2txyewy!App [AppUserModelId] 0x4007F00 [Settings] 268435456 [AppType] The operation completed successfully. [ErrorCode]."
"18-08-2026 10:30:19","2413","Information","Microsoft-Windows-PushNotifications-Platform","An application was registered with the following parameters: AppUp.IntelArcSoftware_26.26.2459.0_x64__8j3eq9eme6ctt [PackageFullName] AppUp.IntelArcSoftware_8j3eq9eme6ctt!INTELGRAPHICSSOFTWARE [AppUserModelId] 0x4007F00 [Settings] 268435456 [AppType] The operation completed successfully. [ErrorCode]."
"18-08-2026 10:30:15","2413","Information","Microsoft-Windows-PushNotifications-Platform","An application was registered with the following parameters: MSTeams_26198.304.4946.9672_x64__8wekyb3d8bbwe [PackageFullName] MSTeams_8wekyb3d8bbwe!msteamsautostarter [AppUserModelId] 0x4007F00 [Settings] 268435456 [AppType] The operation completed successfully. [ErrorCode]."
"18-08-2026 10:30:15","2413","Information","Microsoft-Windows-PushNotifications-Platform","An application was registered with the following parameters: MSTeams_26198.304.4946.9672_x64__8wekyb3d8bbwe [PackageFullName] MSTeams_8wekyb3d8bbwe!MSTeams.Update [AppUserModelId] 0x4007F00 [Settings] 268435456 [AppType] The operation completed successfully. [ErrorCode]."
"18-08-2026 10:30:15","2413","Information","Microsoft-Windows-PushNotifications-Platform","An application was registered with the following parameters: MSTeams_26198.304.4946.9672_x64__8wekyb3d8bbwe [PackageFullName] MSTeams_8wekyb3d8bbwe!MSTeams [AppUserModelId] 0x4007F00 [Settings] 268435456 [AppType] The operation completed successfully. [ErrorCode]."
"18-08-2026 10:30:15","2413","Information","Microsoft-Windows-PushNotifications-Platform","An application was registered with the following parameters: MSTeams_26198.304.4946.9672_x64__8wekyb3d8bbwe [PackageFullName] MSTeams_8wekyb3d8bbwe!MSTeamsRemoteModuleContainer [AppUserModelId] 0x4007F00 [Settings] 268435456 [AppType] The operation completed successfully. [ErrorCode]."
"18-08-2026 10:30:13","2413","Information","Microsoft-Windows-PushNotifications-Platform","An application was registered with the following parameters: Microsoft.ScreenSketch_11.2602.49.0_x64__8wekyb3d8bbwe [PackageFullName] Microsoft.ScreenSketch_8wekyb3d8bbwe!App [AppUserModelId] 0x4007F00 [Settings] 268435456 [AppType] The operation completed successfully. [ErrorCode]."
"18-08-2026 10:30:08","42","Information","Microsoft-Windows-PushNotifications-Platform","Cloud Notifications must be enabled in GP and MDM to receive push notifications. GroupPolicyValue: true, MDMPolicyValue: true."
"18-08-2026 10:30:07","1239","Information","Microsoft-Windows-PushNotifications-Platform","WNP Keep Alive Detector starting KA measurement with value: 1560 seconds; type: Converged; Min Limit: 60 seconds"
"18-08-2026 10:30:04","2413","Information","Microsoft-Windows-PushNotifications-Platform","An application was registered with the following parameters: Microsoft.WindowsNotepad_11.2606.15.0_x64__8wekyb3d8bbwe [PackageFullName] Microsoft.WindowsNotepad_8wekyb3d8bbwe!App [AppUserModelId] 0x4007F00 [Settings] 268435456 [AppType] The operation completed successfully. [ErrorCode]."
"18-08-2026 10:29:52","3049","Information","Microsoft-Windows-PushNotifications-Platform","Endpoint 0x0 is being cleanedup"
"18-08-2026 10:29:50","3153","Information","Microsoft-Windows-PushNotifications-Platform","Toast with notification tracking id 8052 is delivered to windows.immersivecontrolpanel_cw5n1h2txyewy!microsoft.windows.immersivecontrolpanel on session 1."
"18-08-2026 10:29:50","3052","Information","Microsoft-Windows-PushNotifications-Platform","Toast with notification tracking id 8052 is being delivered to windows.immersivecontrolpanel_cw5n1h2txyewy!microsoft.windows.immersivecontrolpanel on session 1."
"18-08-2026 10:29:50","2418","Information","Microsoft-Windows-PushNotifications-Platform","A local notification was submitted to threadpool: windows.immersivecontrolpanel_cw5n1h2txyewy!microsoft.windows.immersivecontrolpanel [AppUserModelId] toast [NotificationType] 8052 [NotificationTrackingId] Local [NotificationSource]."
"18-08-2026 10:29:50","2416","Information","Microsoft-Windows-PushNotifications-Platform","A local notification was received from windows.immersivecontrolpanel_cw5n1h2txyewy!microsoft.windows.immersivecontrolpanel [AppUserModelId] with a 0 [NotificationId] through an application endpoint."
"18-08-2026 10:29:46","3001","Information","Microsoft-Windows-PushNotifications-Platform","Tile session creation is finished for C:\Windows\explorer.exe from endpoint 0x0 with result The operation completed successfully., and 2 is assigned as session id. Queued Closes = 0, Queued Cleanups = 0"
"18-08-2026 10:29:46","3000","Information","Microsoft-Windows-PushNotifications-Platform","Tile session creation is requested for C:\Windows\explorer.exe endpoint 0x0."
"18-08-2026 10:29:45","42","Information","Microsoft-Windows-PushNotifications-Platform","Cloud Notifications must be enabled in GP and MDM to receive push notifications. GroupPolicyValue: true, MDMPolicyValue: true."
"18-08-2026 10:29:45","2413","Information","Microsoft-Windows-PushNotifications-Platform","An application was registered with the following parameters: System [PackageFullName] Windows.SystemToast.WindowsTip [AppUserModelId] 0x24FF [Settings] 1073741824 [AppType] The operation completed successfully. [ErrorCode]."
"18-08-2026 10:29:40","2413","Information","Microsoft-Windows-PushNotifications-Platform","An application was registered with the following parameters: windows.immersivecontrolpanel_cw5n1h2txyewy [PackageFullName] windows.immersivecontrolpanel_cw5n1h2txyewy!microsoft.windows.immersivecontrolpanel [AppUserModelId] 0x600 [Settings] 268435456 [AppType] The operation completed successfully. [ErrorCode]."
"18-08-2026 10:29:39","3049","Information","Microsoft-Windows-PushNotifications-Platform","Endpoint 0x0 is being cleanedup"
"18-08-2026 10:29:38","1005","Information","Microsoft-Windows-PushNotifications-Platform","The Connection Provider status changed to Connected."
"18-08-2026 10:29:38","1264","Information","Microsoft-Windows-PushNotifications-Platform","Adding new user to the Windows Push Notification Service completed. 001880174DE6F7FE [DeviceId] 17056889 [UserId] 0x0 [ErrorCode]."
"18-08-2026 10:29:38","1268","Verbose","Microsoft-Windows-PushNotifications-Platform","WNP Transport Layer received command: BND, Trid: 7, Namespace: CON, CV: yvuJhjqrh0+jpRfU.7.0 containing 134 bytes of payload only. However, full payload including header is: 0x424E44203720434F4E003133340D0A436F6E746578743A20623761326333343136656530373034390D0A4D532D43563A207976754A686A717268302B6A705266552E372E300D0A0D0A3C776E732D726573706F6E73653E3C7665723E313C2F7665723E3C6E6F6E63653E31303932373035323037353535393234373338323C2F6E6F6E63653E. IsLongRunning: Data Connection."
"18-08-2026 10:29:38","1225","Verbose","Microsoft-Windows-PushNotifications-Platform","WNP Transport Layer received command: BND, Trid: 7, Namespace: CON, CV: yvuJhjqrh0+jpRfU.7.0 containing 134 bytes of payload: 0x436F6E746578743A20623761326333343136656530373034390D0A4D532D43563A207976754A686A717268302B6A705266552E372E300D0A0D0A3C776E732D726573706F6E73653E3C7665723E313C2F7665723E3C6E6F6E63653E31303932373035323037353535393234373338323C2F6E6F6E63653E3C2F776E732D726573706F6E73653E. IsLongRunning: Data Connection."
"18-08-2026 10:29:38","3049","Information","Microsoft-Windows-PushNotifications-Platform","Endpoint 0x0 is being cleanedup"
"18-08-2026 10:29:38","3007","Information","Microsoft-Windows-PushNotifications-Platform","Toast session creation is finished for C:\Windows\System32\svchost.exe from endpoint 0x0 with result The operation completed successfully., and 1 is assigned as session id."
"18-08-2026 10:29:38","3006","Information","Microsoft-Windows-PushNotifications-Platform","Toast session creation is requested for C:\Windows\System32\svchost.exe from endpoint 0x0."
"18-08-2026 10:29:38","1267","Verbose","Microsoft-Windows-PushNotifications-Platform","WNP Transport Layer sent command: BND, Trid: 7, Namespace: CON\WNS 1044479, CV: yvuJhjqrh0+jpRfU.7 containing 239 bytes of payload only. However, full payload including header is: 0x424E44203720434F4E5C574E532031303434343739203231320D0A4D532D43563A207976754A686A717268302B6A705266552E370D0A436F6E746578743A20623761326333343136656530373034390D0A0D0A3C776E733E3C7665723E313C2F7665723E3C636C69656E743E3C6E616D653E57504E3C2F6E616D653E3C7665723E312E303C2F7665723E3C2F636C69656E743E3C6F7074696F6E733E3C7077726D6F6465206D6F64653D2230223E3C2F7077726D6F64653E3C2F6F7074696F6E733E3C6C6173744D736749643E333734373866363634373365393164373C2F6C6173744D736749643E3C2F776E733E. IsLongRunning: Data Connection."
"18-08-2026 10:29:38","1223","Verbose","Microsoft-Windows-PushNotifications-Platform","WNP Transport Layer sent command: BND, Trid: 7, Namespace: CON\WNS 1044479, CV: yvuJhjqrh0+jpRfU.7 containing 185 bytes of payload: 0x436F6E746578743A20623761326333343136656530373034390D0A0D0A3C776E733E3C7665723E313C2F7665723E3C636C69656E743E3C6E616D653E57504E3C2F6E616D653E3C7665723E312E303C2F7665723E3C2F636C69656E743E3C6F7074696F6E733E3C7077726D6F6465206D6F64653D2230223E3C2F7077726D6F64653E3C2F6F7074696F6E733E3C6C6173744D736749643E333734373866363634373365393164373C2F6C6173744D736749643E3C2F776E733E. IsLongRunning: Data Connection."
"18-08-2026 10:29:38","1261","Information","Microsoft-Windows-PushNotifications-Platform","Adding new user to the Windows Push Notification Service. 001880174DE6F7FE [DeviceId] 17056889 [UserId] 2 [UserType]."
"18-08-2026 10:29:38","1022","Information","Microsoft-Windows-PushNotifications-Platform","ConnectWork is requesting ConnectionManager to connect."
"18-08-2026 10:29:38","1025","Information","Microsoft-Windows-PushNotifications-Platform","A Power event was fired: OpportunisticConnectedStandbyStateChange [PowerEventType] false [Enabled]."
"18-08-2026 10:29:38","1025","Information","Microsoft-Windows-PushNotifications-Platform","A Power event was fired: MonitorSettingChange [PowerEventType] true [Enabled]."
"18-08-2026 10:29:38","1025","Information","Microsoft-Windows-PushNotifications-Platform","A Power event was fired: ACPowerChange [PowerEventType] true [Enabled]."
"18-08-2026 10:29:38","1025","Information","Microsoft-Windows-PushNotifications-Platform","A Power event was fired: BatterySaverStateChange [PowerEventType] false [Enabled]."
"18-08-2026 10:29:38","37","Information","Microsoft-Windows-PushNotifications-Platform","The Windows Push Notification Platform is required to connect on startup, ValidChannelsExist : true."
"18-08-2026 10:29:38","42","Information","Microsoft-Windows-PushNotifications-Platform","Cloud Notifications must be enabled in GP and MDM to receive push notifications. GroupPolicyValue: true, MDMPolicyValue: true."
"18-08-2026 10:29:15","42","Information","Microsoft-Windows-PushNotifications-Platform","Cloud Notifications must be enabled in GP and MDM to receive push notifications. GroupPolicyValue: true, MDMPolicyValue: true."
"18-08-2026 10:29:08","2003","Information","Microsoft-Windows-PushNotifications-Platform","The channel table has updated a channel mapping: 1;3938099163375696725 [ChannelId] WindowsMMPCPush [AppUserModelId] The operation completed successfully. [ErrorCode]."
"18-08-2026 10:29:08","2003","Information","Microsoft-Windows-PushNotifications-Platform","The channel table has updated a channel mapping: 1;12618703955029039644 [ChannelId] WindowsMDMPush [AppUserModelId] The operation completed successfully. [ErrorCode]."
"18-08-2026 10:29:08","1268","Verbose","Microsoft-Windows-PushNotifications-Platform","WNP Transport Layer received command: GET, Trid: 6, Namespace: WNS, CV: yvuJhjqrh0+jpRfU.6.0 containing 353 bytes of payload only. However, full payload including header is: 0x474554203620574E53003335330D0A436F6E746578743A20323732333466393036666534356633320D0A4D532D43563A207976754A686A717268302B6A705266552E362E300D0A0D0A3C6368616E6E656C2D726573706F6E73653E3C69643E313B333933383039393136333337353639363732353C2F69643E3C6578703E323032362D30392D31375430343A35393A30385A3C2F6578703E3C75726C3E68747470733A2F2F776E73322D6C6E32702E6E6F746966792E77696E646F77732E636F6D2F3F746F6B656E3D417759414141426A734E6975675A6E754B6C484E4A4B767778394D79333147717556393661537230343946324C3777494F37316A4B55436D5555517750477A4C4C6430496547526B3971696E70464A6A5358515264414766762532666E4E684D567836663245253266386D6A706B7131433034426A696E3678594D43324D464238763038306351617943492533643C2F75726C3E3C2F6368. IsLongRunning: Data Connection."
