"20-07-2026 18:58:51","10022","Information","Microsoft-Windows-LAPS","The current LAPS policy is configured as follows:
 
 Policy source: CSP
 Backup directory: Azure Active Directory
 Local administrator account name: NIQAdmin
 Password age in days: 30
 Password complexity: 4
 Password length: 15
 Post authentication grace period (hours): 24
 Post authentication actions: 0x3
 Automatic account management enabled: 1
 Automatic account management: Target: CustomAdminAccount
 Automatic account management: Name or name prefix: NIQAdmin
 Automatic account management: Account enabled: 1
 Automatic account management: Randomize name: 0
 
 See https://go.microsoft.com/fwlink/?linkid=2220550 for more information."
"20-07-2026 18:58:50","10003","Information","Microsoft-Windows-LAPS","LAPS policy processing is now starting.
 
 See https://go.microsoft.com/fwlink/?linkid=2220550 for more information."
"20-07-2026 17:58:50","10004","Information","Microsoft-Windows-LAPS","LAPS policy processing succeeded.
 
 See https://go.microsoft.com/fwlink/?linkid=2220550 for more information."
"20-07-2026 17:58:50","10016","Information","Microsoft-Windows-LAPS","The managed account password does not need to be updated at this time.
 
 See https://go.microsoft.com/fwlink/?linkid=2220550 for more information."
"20-07-2026 17:58:50","10052","Information","Microsoft-Windows-LAPS","LAPS is processing the current policy per normal background scheduling.
 
 See https://go.microsoft.com/fwlink/?linkid=2220550 for more information."
"20-07-2026 17:58:50","10010","Information","Microsoft-Windows-LAPS","LAPS is configured to backup passwords to Azure Active Directory.
 
 See https://go.microsoft.com/fwlink/?linkid=2220550 for more information."
"20-07-2026 17:58:50","10022","Information","Microsoft-Windows-LAPS","The current LAPS policy is configured as follows:
 
 Policy source: CSP
 Backup directory: Azure Active Directory
 Local administrator account name: NIQAdmin
 Password age in days: 30
 Password complexity: 4
 Password length: 15
 Post authentication grace period (hours): 24
 Post authentication actions: 0x3
 Automatic account management enabled: 1
 Automatic account management: Target: CustomAdminAccount
 Automatic account management: Name or name prefix: NIQAdmin
 Automatic account management: Account enabled: 1
 Automatic account management: Randomize name: 0
 
 See https://go.microsoft.com/fwlink/?linkid=2220550 for more information."
"20-07-2026 17:58:50","10003","Information","Microsoft-Windows-LAPS","LAPS policy processing is now starting.
 
 See https://go.microsoft.com/fwlink/?linkid=2220550 for more information."
"20-07-2026 16:58:50","10004","Information","Microsoft-Windows-LAPS","LAPS policy processing succeeded.
 
 See https://go.microsoft.com/fwlink/?linkid=2220550 for more information."
"20-07-2026 16:58:50","10016","Information","Microsoft-Windows-LAPS","The managed account password does not need to be updated at this time.
 
 See https://go.microsoft.com/fwlink/?linkid=2220550 for more information."
"20-07-2026 16:58:50","10052","Information","Microsoft-Windows-LAPS","LAPS is processing the current policy per normal background scheduling.
 
 See https://go.microsoft.com/fwlink/?linkid=2220550 for more information."
"20-07-2026 16:58:50","10010","Information","Microsoft-Windows-LAPS","LAPS is configured to backup passwords to Azure Active Directory.
 
 See https://go.microsoft.com/fwlink/?linkid=2220550 for more information."
"20-07-2026 16:58:50","10022","Information","Microsoft-Windows-LAPS","The current LAPS policy is configured as follows:
 
 Policy source: CSP
 Backup directory: Azure Active Directory
 Local administrator account name: NIQAdmin
 Password age in days: 30
 Password complexity: 4
 Password length: 15
 Post authentication grace period (hours): 24
 Post authentication actions: 0x3
 Automatic account management enabled: 1
 Automatic account management: Target: CustomAdminAccount
 Automatic account management: Name or name prefix: NIQAdmin
 Automatic account management: Account enabled: 1
 Automatic account management: Randomize name: 0
 
 See https://go.microsoft.com/fwlink/?linkid=2220550 for more information."
"20-07-2026 16:58:50","10003","Information","Microsoft-Windows-LAPS","LAPS policy processing is now starting.
 
 See https://go.microsoft.com/fwlink/?linkid=2220550 for more information."
"20-07-2026 15:58:50","10004","Information","Microsoft-Windows-LAPS","LAPS policy processing succeeded.
 
 See https://go.microsoft.com/fwlink/?linkid=2220550 for more information."
"20-07-2026 15:58:50","10016","Information","Microsoft-Windows-LAPS","The managed account password does not need to be updated at this time.
 
 See https://go.microsoft.com/fwlink/?linkid=2220550 for more information."
"20-07-2026 15:58:50","10052","Information","Microsoft-Windows-LAPS","LAPS is processing the current policy per normal background scheduling.
 
 See https://go.microsoft.com/fwlink/?linkid=2220550 for more information."
"20-07-2026 15:58:50","10010","Information","Microsoft-Windows-LAPS","LAPS is configured to backup passwords to Azure Active Directory.
 
 See https://go.microsoft.com/fwlink/?linkid=2220550 for more information."
"20-07-2026 15:58:50","10022","Information","Microsoft-Windows-LAPS","The current LAPS policy is configured as follows:
 
 Policy source: CSP
 Backup directory: Azure Active Directory
 Local administrator account name: NIQAdmin
 Password age in days: 30
 Password complexity: 4
 Password length: 15
 Post authentication grace period (hours): 24
 Post authentication actions: 0x3
 Automatic account management enabled: 1
 Automatic account management: Target: CustomAdminAccount
 Automatic account management: Name or name prefix: NIQAdmin
 Automatic account management: Account enabled: 1
 Automatic account management: Randomize name: 0
 
 See https://go.microsoft.com/fwlink/?linkid=2220550 for more information."
"20-07-2026 15:58:50","10003","Information","Microsoft-Windows-LAPS","LAPS policy processing is now starting.
 
 See https://go.microsoft.com/fwlink/?linkid=2220550 for more information."
"20-07-2026 14:58:50","10004","Information","Microsoft-Windows-LAPS","LAPS policy processing succeeded.
 
 See https://go.microsoft.com/fwlink/?linkid=2220550 for more information."
"20-07-2026 14:58:50","10016","Information","Microsoft-Windows-LAPS","The managed account password does not need to be updated at this time.
 
 See https://go.microsoft.com/fwlink/?linkid=2220550 for more information."
"20-07-2026 14:58:50","10052","Information","Microsoft-Windows-LAPS","LAPS is processing the current policy per normal background scheduling.
 
 See https://go.microsoft.com/fwlink/?linkid=2220550 for more information."
"20-07-2026 14:58:50","10010","Information","Microsoft-Windows-LAPS","LAPS is configured to backup passwords to Azure Active Directory.
 
 See https://go.microsoft.com/fwlink/?linkid=2220550 for more information."
"20-07-2026 14:58:50","10022","Information","Microsoft-Windows-LAPS","The current LAPS policy is configured as follows:
 
 Policy source: CSP
 Backup directory: Azure Active Directory
 Local administrator account name: NIQAdmin
 Password age in days: 30
 Password complexity: 4
 Password length: 15
 Post authentication grace period (hours): 24
 Post authentication actions: 0x3
 Automatic account management enabled: 1
 Automatic account management: Target: CustomAdminAccount
 Automatic account management: Name or name prefix: NIQAdmin
 Automatic account management: Account enabled: 1
 Automatic account management: Randomize name: 0
 
 See https://go.microsoft.com/fwlink/?linkid=2220550 for more information."
"20-07-2026 14:58:50","10003","Information","Microsoft-Windows-LAPS","LAPS policy processing is now starting.
 
 See https://go.microsoft.com/fwlink/?linkid=2220550 for more information."
"20-07-2026 13:58:50","10004","Information","Microsoft-Windows-LAPS","LAPS policy processing succeeded.
 
 See https://go.microsoft.com/fwlink/?linkid=2220550 for more information."
"20-07-2026 13:58:50","10016","Information","Microsoft-Windows-LAPS","The managed account password does not need to be updated at this time.
 
 See https://go.microsoft.com/fwlink/?linkid=2220550 for more information."
"20-07-2026 13:58:50","10052","Information","Microsoft-Windows-LAPS","LAPS is processing the current policy per normal background scheduling.
 
 See https://go.microsoft.com/fwlink/?linkid=2220550 for more information."
"20-07-2026 13:58:50","10010","Information","Microsoft-Windows-LAPS","LAPS is configured to backup passwords to Azure Active Directory.
 
 See https://go.microsoft.com/fwlink/?linkid=2220550 for more information."
"20-07-2026 13:58:50","10022","Information","Microsoft-Windows-LAPS","The current LAPS policy is configured as follows:
 
 Policy source: CSP
 Backup directory: Azure Active Directory
 Local administrator account name: NIQAdmin
 Password age in days: 30
 Password complexity: 4
 Password length: 15
 Post authentication grace period (hours): 24
 Post authentication actions: 0x3
 Automatic account management enabled: 1
 Automatic account management: Target: CustomAdminAccount
 Automatic account management: Name or name prefix: NIQAdmin
 Automatic account management: Account enabled: 1
 Automatic account management: Randomize name: 0
 
 See https://go.microsoft.com/fwlink/?linkid=2220550 for more information."
"20-07-2026 13:58:50","10003","Information","Microsoft-Windows-LAPS","LAPS policy processing is now starting.
 
 See https://go.microsoft.com/fwlink/?linkid=2220550 for more information."
"20-07-2026 12:58:50","10004","Information","Microsoft-Windows-LAPS","LAPS policy processing succeeded.
 
 See https://go.microsoft.com/fwlink/?linkid=2220550 for more information."
"20-07-2026 12:58:50","10016","Information","Microsoft-Windows-LAPS","The managed account password does not need to be updated at this time.
 
 See https://go.microsoft.com/fwlink/?linkid=2220550 for more information."
"20-07-2026 12:58:50","10052","Information","Microsoft-Windows-LAPS","LAPS is processing the current policy per normal background scheduling.
 
 See https://go.microsoft.com/fwlink/?linkid=2220550 for more information."
"20-07-2026 12:58:50","10010","Information","Microsoft-Windows-LAPS","LAPS is configured to backup passwords to Azure Active Directory.
 
 See https://go.microsoft.com/fwlink/?linkid=2220550 for more information."
"20-07-2026 12:58:50","10022","Information","Microsoft-Windows-LAPS","The current LAPS policy is configured as follows:
 
 Policy source: CSP
 Backup directory: Azure Active Directory
 Local administrator account name: NIQAdmin
 Password age in days: 30
 Password complexity: 4
 Password length: 15
 Post authentication grace period (hours): 24
 Post authentication actions: 0x3
 Automatic account management enabled: 1
 Automatic account management: Target: CustomAdminAccount
 Automatic account management: Name or name prefix: NIQAdmin
 Automatic account management: Account enabled: 1
 Automatic account management: Randomize name: 0
 
 See https://go.microsoft.com/fwlink/?linkid=2220550 for more information."
"20-07-2026 12:58:50","10003","Information","Microsoft-Windows-LAPS","LAPS policy processing is now starting.
 
 See https://go.microsoft.com/fwlink/?linkid=2220550 for more information."
"20-07-2026 11:58:50","10004","Information","Microsoft-Windows-LAPS","LAPS policy processing succeeded.
 
 See https://go.microsoft.com/fwlink/?linkid=2220550 for more information."
"20-07-2026 11:58:50","10016","Information","Microsoft-Windows-LAPS","The managed account password does not need to be updated at this time.
 
 See https://go.microsoft.com/fwlink/?linkid=2220550 for more information."
"20-07-2026 11:58:50","10052","Information","Microsoft-Windows-LAPS","LAPS is processing the current policy per normal background scheduling.
 
 See https://go.microsoft.com/fwlink/?linkid=2220550 for more information."
"20-07-2026 11:58:50","10010","Information","Microsoft-Windows-LAPS","LAPS is configured to backup passwords to Azure Active Directory.
 
 See https://go.microsoft.com/fwlink/?linkid=2220550 for more information."
"20-07-2026 11:58:50","10022","Information","Microsoft-Windows-LAPS","The current LAPS policy is configured as follows:
 
 Policy source: CSP
 Backup directory: Azure Active Directory
 Local administrator account name: NIQAdmin
 Password age in days: 30
 Password complexity: 4
 Password length: 15
 Post authentication grace period (hours): 24
 Post authentication actions: 0x3
 Automatic account management enabled: 1
 Automatic account management: Target: CustomAdminAccount
 Automatic account management: Name or name prefix: NIQAdmin
 Automatic account management: Account enabled: 1
 Automatic account management: Randomize name: 0
 
 See https://go.microsoft.com/fwlink/?linkid=2220550 for more information."
"20-07-2026 11:58:50","10003","Information","Microsoft-Windows-LAPS","LAPS policy processing is now starting.
 
 See https://go.microsoft.com/fwlink/?linkid=2220550 for more information."
"20-07-2026 10:58:50","10004","Information","Microsoft-Windows-LAPS","LAPS policy processing succeeded.
 
 See https://go.microsoft.com/fwlink/?linkid=2220550 for more information."
"20-07-2026 10:58:50","10020","Information","Microsoft-Windows-LAPS","LAPS successfully updated the local admin account with the new password.
 
 Account name: NIQAdmin
 Account RID: 0x3EA
 
 See https://go.microsoft.com/fwlink/?linkid=2220550 for more information."
"20-07-2026 10:58:50","10029","Information","Microsoft-Windows-LAPS","LAPS successfully updated Azure Active Directory with the new password.
 
 See https://go.microsoft.com/fwlink/?linkid=2220550 for more information."
"20-07-2026 10:58:48","10030","Information","Microsoft-Windows-LAPS","LAPS is sending a message to the following endpoint.
 
 https://enterpriseregistration.windows.net/manage/6ac7a1f4-5fb1-4153-bb4f-12d2020a1f7d/lapsdevicepasswordupdate/b0a5bc0f-7566-4771-a98b-e1b6a6bd0645?api-version=1.0&client-request-id={2C1037FC-8A78-4D05-81D3-1C14446B13AD}&return-client-request-id={2C1037FC-8A78-4D05-81D3-1C14446B13AD}
 
 See https://go.microsoft.com/fwlink/?linkid=2220550 for more information."
"20-07-2026 10:58:47","10015","Information","Microsoft-Windows-LAPS","The managed account password needs to be updated due to one or more reasons (0x1):
 
 The current password has expired

 
 See https://go.microsoft.com/fwlink/?linkid=2220550 for more information."
"20-07-2026 10:58:47","10052","Information","Microsoft-Windows-LAPS","LAPS is processing the current policy per normal background scheduling.
 
 See https://go.microsoft.com/fwlink/?linkid=2220550 for more information."
"20-07-2026 10:58:47","10010","Information","Microsoft-Windows-LAPS","LAPS is configured to backup passwords to Azure Active Directory.
 
 See https://go.microsoft.com/fwlink/?linkid=2220550 for more information."
"20-07-2026 10:58:47","10022","Information","Microsoft-Windows-LAPS","The current LAPS policy is configured as follows:
 
 Policy source: CSP
 Backup directory: Azure Active Directory
 Local administrator account name: NIQAdmin
 Password age in days: 30
 Password complexity: 4
 Password length: 15
 Post authentication grace period (hours): 24
 Post authentication actions: 0x3
 Automatic account management enabled: 1
 Automatic account management: Target: CustomAdminAccount
 Automatic account management: Name or name prefix: NIQAdmin
 Automatic account management: Account enabled: 1
 Automatic account management: Randomize name: 0
 
 See https://go.microsoft.com/fwlink/?linkid=2220550 for more information."
"20-07-2026 10:58:47","10003","Information","Microsoft-Windows-LAPS","LAPS policy processing is now starting.
 
 See https://go.microsoft.com/fwlink/?linkid=2220550 for more information."
"20-07-2026 09:58:47","10005","Information","Microsoft-Windows-LAPS","LAPS policy processing failed with the error code below.
 
 Error code: 0x800704CF
 
 See https://go.microsoft.com/fwlink/?linkid=2220550 for more information."
"20-07-2026 09:58:47","10026","Error","Microsoft-Windows-LAPS","LAPS was unable to authenticate to Azure using the device identity.
 
 Error code: 0x800704CF
 
 See https://go.microsoft.com/fwlink/?linkid=2220550 for more information."
"20-07-2026 09:58:47","10032","Error","Microsoft-Windows-LAPS","LAPS was unable to authenticate to Azure using the device identity.
 
 Web status: 0x5(ProviderError)
 Error code: 0x800704CF
 Hresult: 0x800704CF
 Error msg: AAD WAM extension error
 
 See https://go.microsoft.com/fwlink/?linkid=2220550 for more information."
"20-07-2026 09:58:47","10015","Information","Microsoft-Windows-LAPS","The managed account password needs to be updated due to one or more reasons (0x1):
 
 The current password has expired

 
 See https://go.microsoft.com/fwlink/?linkid=2220550 for more information."
"20-07-2026 09:58:46","10052","Information","Microsoft-Windows-LAPS","LAPS is processing the current policy per normal background scheduling.
 
 See https://go.microsoft.com/fwlink/?linkid=2220550 for more information."
"20-07-2026 09:58:46","10010","Information","Microsoft-Windows-LAPS","LAPS is configured to backup passwords to Azure Active Directory.
 
 See https://go.microsoft.com/fwlink/?linkid=2220550 for more information."
"20-07-2026 09:58:46","10022","Information","Microsoft-Windows-LAPS","The current LAPS policy is configured as follows:
 
 Policy source: CSP
 Backup directory: Azure Active Directory
 Local administrator account name: NIQAdmin
 Password age in days: 30
 Password complexity: 4
 Password length: 15
 Post authentication grace period (hours): 24
 Post authentication actions: 0x3
 Automatic account management enabled: 1
 Automatic account management: Target: CustomAdminAccount
 Automatic account management: Name or name prefix: NIQAdmin
 Automatic account management: Account enabled: 1
 Automatic account management: Randomize name: 0
 
 See https://go.microsoft.com/fwlink/?linkid=2220550 for more information."
"20-07-2026 09:58:46","10003","Information","Microsoft-Windows-LAPS","LAPS policy processing is now starting.
 
 See https://go.microsoft.com/fwlink/?linkid=2220550 for more information."
"16-07-2026 03:02:44","10004","Information","Microsoft-Windows-LAPS","LAPS policy processing succeeded.
 
 See https://go.microsoft.com/fwlink/?linkid=2220550 for more information."
"16-07-2026 03:02:44","10016","Information","Microsoft-Windows-LAPS","The managed account password does not need to be updated at this time.
 
 See https://go.microsoft.com/fwlink/?linkid=2220550 for more information."
"16-07-2026 03:02:44","10052","Information","Microsoft-Windows-LAPS","LAPS is processing the current policy per normal background scheduling.
 
 See https://go.microsoft.com/fwlink/?linkid=2220550 for more information."
"16-07-2026 03:02:44","10010","Information","Microsoft-Windows-LAPS","LAPS is configured to backup passwords to Azure Active Directory.
 
 See https://go.microsoft.com/fwlink/?linkid=2220550 for more information."
"16-07-2026 03:02:44","10022","Information","Microsoft-Windows-LAPS","The current LAPS policy is configured as follows:
 
 Policy source: CSP
 Backup directory: Azure Active Directory
 Local administrator account name: NIQAdmin
 Password age in days: 30
 Password complexity: 4
 Password length: 15
 Post authentication grace period (hours): 24
 Post authentication actions: 0x3
 Automatic account management enabled: 1
 Automatic account management: Target: CustomAdminAccount
 Automatic account management: Name or name prefix: NIQAdmin
 Automatic account management: Account enabled: 1
 Automatic account management: Randomize name: 0
 
 See https://go.microsoft.com/fwlink/?linkid=2220550 for more information."
"16-07-2026 03:02:44","10003","Information","Microsoft-Windows-LAPS","LAPS policy processing is now starting.
 
 See https://go.microsoft.com/fwlink/?linkid=2220550 for more information."
"15-07-2026 18:21:21","10004","Information","Microsoft-Windows-LAPS","LAPS policy processing succeeded.
 
 See https://go.microsoft.com/fwlink/?linkid=2220550 for more information."
"15-07-2026 18:21:21","10016","Information","Microsoft-Windows-LAPS","The managed account password does not need to be updated at this time.
 
 See https://go.microsoft.com/fwlink/?linkid=2220550 for more information."
"15-07-2026 18:21:21","10052","Information","Microsoft-Windows-LAPS","LAPS is processing the current policy per normal background scheduling.
 
 See https://go.microsoft.com/fwlink/?linkid=2220550 for more information."
"15-07-2026 18:21:21","10010","Information","Microsoft-Windows-LAPS","LAPS is configured to backup passwords to Azure Active Directory.
 
 See https://go.microsoft.com/fwlink/?linkid=2220550 for more information."
"15-07-2026 18:21:21","10022","Information","Microsoft-Windows-LAPS","The current LAPS policy is configured as follows:
 
 Policy source: CSP
 Backup directory: Azure Active Directory
 Local administrator account name: NIQAdmin
 Password age in days: 30
 Password complexity: 4
 Password length: 15
 Post authentication grace period (hours): 24
 Post authentication actions: 0x3
 Automatic account management enabled: 1
 Automatic account management: Target: CustomAdminAccount
 Automatic account management: Name or name prefix: NIQAdmin
 Automatic account management: Account enabled: 1
 Automatic account management: Randomize name: 0
 
 See https://go.microsoft.com/fwlink/?linkid=2220550 for more information."
"15-07-2026 18:21:17","10003","Information","Microsoft-Windows-LAPS","LAPS policy processing is now starting.
 
 See https://go.microsoft.com/fwlink/?linkid=2220550 for more information."
"15-07-2026 17:15:50","10004","Information","Microsoft-Windows-LAPS","LAPS policy processing succeeded.
 
 See https://go.microsoft.com/fwlink/?linkid=2220550 for more information."
"15-07-2026 17:15:50","10016","Information","Microsoft-Windows-LAPS","The managed account password does not need to be updated at this time.
 
 See https://go.microsoft.com/fwlink/?linkid=2220550 for more information."
"15-07-2026 17:15:50","10052","Information","Microsoft-Windows-LAPS","LAPS is processing the current policy per normal background scheduling.
 
 See https://go.microsoft.com/fwlink/?linkid=2220550 for more information."
"15-07-2026 17:15:50","10010","Information","Microsoft-Windows-LAPS","LAPS is configured to backup passwords to Azure Active Directory.
 
 See https://go.microsoft.com/fwlink/?linkid=2220550 for more information."
"15-07-2026 17:15:50","10022","Information","Microsoft-Windows-LAPS","The current LAPS policy is configured as follows:
 
 Policy source: CSP
 Backup directory: Azure Active Directory
 Local administrator account name: NIQAdmin
 Password age in days: 30
 Password complexity: 4
 Password length: 15
 Post authentication grace period (hours): 24
 Post authentication actions: 0x3
 Automatic account management enabled: 1
 Automatic account management: Target: CustomAdminAccount
 Automatic account management: Name or name prefix: NIQAdmin
 Automatic account management: Account enabled: 1
 Automatic account management: Randomize name: 0
 
 See https://go.microsoft.com/fwlink/?linkid=2220550 for more information."
"15-07-2026 17:15:50","10003","Information","Microsoft-Windows-LAPS","LAPS policy processing is now starting.
 
 See https://go.microsoft.com/fwlink/?linkid=2220550 for more information."
"15-07-2026 16:15:50","10004","Information","Microsoft-Windows-LAPS","LAPS policy processing succeeded.
 
 See https://go.microsoft.com/fwlink/?linkid=2220550 for more information."
"15-07-2026 16:15:50","10016","Information","Microsoft-Windows-LAPS","The managed account password does not need to be updated at this time.
 
 See https://go.microsoft.com/fwlink/?linkid=2220550 for more information."
"15-07-2026 16:15:50","10052","Information","Microsoft-Windows-LAPS","LAPS is processing the current policy per normal background scheduling.
 
 See https://go.microsoft.com/fwlink/?linkid=2220550 for more information."
"15-07-2026 16:15:50","10010","Information","Microsoft-Windows-LAPS","LAPS is configured to backup passwords to Azure Active Directory.
 
 See https://go.microsoft.com/fwlink/?linkid=2220550 for more information."
"15-07-2026 16:15:50","10022","Information","Microsoft-Windows-LAPS","The current LAPS policy is configured as follows:
 
 Policy source: CSP
 Backup directory: Azure Active Directory
 Local administrator account name: NIQAdmin
 Password age in days: 30
 Password complexity: 4
 Password length: 15
 Post authentication grace period (hours): 24
 Post authentication actions: 0x3
 Automatic account management enabled: 1
 Automatic account management: Target: CustomAdminAccount
 Automatic account management: Name or name prefix: NIQAdmin
 Automatic account management: Account enabled: 1
 Automatic account management: Randomize name: 0
 
 See https://go.microsoft.com/fwlink/?linkid=2220550 for more information."
"15-07-2026 16:15:50","10003","Information","Microsoft-Windows-LAPS","LAPS policy processing is now starting.
 
 See https://go.microsoft.com/fwlink/?linkid=2220550 for more information."
"15-07-2026 15:15:50","10004","Information","Microsoft-Windows-LAPS","LAPS policy processing succeeded.
 
 See https://go.microsoft.com/fwlink/?linkid=2220550 for more information."
"15-07-2026 15:15:50","10016","Information","Microsoft-Windows-LAPS","The managed account password does not need to be updated at this time.
 
 See https://go.microsoft.com/fwlink/?linkid=2220550 for more information."
"15-07-2026 15:15:50","10052","Information","Microsoft-Windows-LAPS","LAPS is processing the current policy per normal background scheduling.
 
 See https://go.microsoft.com/fwlink/?linkid=2220550 for more information."
"15-07-2026 15:15:50","10010","Information","Microsoft-Windows-LAPS","LAPS is configured to backup passwords to Azure Active Directory.
 
 See https://go.microsoft.com/fwlink/?linkid=2220550 for more information."
"15-07-2026 15:15:50","10022","Information","Microsoft-Windows-LAPS","The current LAPS policy is configured as follows:
 
 Policy source: CSP
 Backup directory: Azure Active Directory
 Local administrator account name: NIQAdmin
 Password age in days: 30
 Password complexity: 4
 Password length: 15
 Post authentication grace period (hours): 24
 Post authentication actions: 0x3
 Automatic account management enabled: 1
 Automatic account management: Target: CustomAdminAccount
 Automatic account management: Name or name prefix: NIQAdmin
 Automatic account management: Account enabled: 1
 Automatic account management: Randomize name: 0
 
 See https://go.microsoft.com/fwlink/?linkid=2220550 for more information."
"15-07-2026 15:15:50","10003","Information","Microsoft-Windows-LAPS","LAPS policy processing is now starting.
 
 See https://go.microsoft.com/fwlink/?linkid=2220550 for more information."
"15-07-2026 14:15:50","10004","Information","Microsoft-Windows-LAPS","LAPS policy processing succeeded.
 
 See https://go.microsoft.com/fwlink/?linkid=2220550 for more information."
"15-07-2026 14:15:50","10016","Information","Microsoft-Windows-LAPS","The managed account password does not need to be updated at this time.
 
 See https://go.microsoft.com/fwlink/?linkid=2220550 for more information."
"15-07-2026 14:15:50","10052","Information","Microsoft-Windows-LAPS","LAPS is processing the current policy per normal background scheduling.
 
 See https://go.microsoft.com/fwlink/?linkid=2220550 for more information."
"15-07-2026 14:15:50","10010","Information","Microsoft-Windows-LAPS","LAPS is configured to backup passwords to Azure Active Directory.
 
 See https://go.microsoft.com/fwlink/?linkid=2220550 for more information."
"15-07-2026 14:15:50","10022","Information","Microsoft-Windows-LAPS","The current LAPS policy is configured as follows:
 
 Policy source: CSP
 Backup directory: Azure Active Directory
 Local administrator account name: NIQAdmin
 Password age in days: 30
 Password complexity: 4
 Password length: 15
 Post authentication grace period (hours): 24
 Post authentication actions: 0x3
 Automatic account management enabled: 1
 Automatic account management: Target: CustomAdminAccount
 Automatic account management: Name or name prefix: NIQAdmin
 Automatic account management: Account enabled: 1
 Automatic account management: Randomize name: 0
 
 See https://go.microsoft.com/fwlink/?linkid=2220550 for more information."
"15-07-2026 14:15:50","10003","Information","Microsoft-Windows-LAPS","LAPS policy processing is now starting.
 
 See https://go.microsoft.com/fwlink/?linkid=2220550 for more information."
"15-07-2026 13:15:50","10004","Information","Microsoft-Windows-LAPS","LAPS policy processing succeeded.
 
 See https://go.microsoft.com/fwlink/?linkid=2220550 for more information."
"15-07-2026 13:15:50","10016","Information","Microsoft-Windows-LAPS","The managed account password does not need to be updated at this time.
 
 See https://go.microsoft.com/fwlink/?linkid=2220550 for more information."
"15-07-2026 13:15:50","10052","Information","Microsoft-Windows-LAPS","LAPS is processing the current policy per normal background scheduling.
 
 See https://go.microsoft.com/fwlink/?linkid=2220550 for more information."
"15-07-2026 13:15:50","10010","Information","Microsoft-Windows-LAPS","LAPS is configured to backup passwords to Azure Active Directory.
 
 See https://go.microsoft.com/fwlink/?linkid=2220550 for more information."
"15-07-2026 13:15:50","10022","Information","Microsoft-Windows-LAPS","The current LAPS policy is configured as follows:
 
 Policy source: CSP
 Backup directory: Azure Active Directory
 Local administrator account name: NIQAdmin
 Password age in days: 30
 Password complexity: 4
 Password length: 15
 Post authentication grace period (hours): 24
 Post authentication actions: 0x3
 Automatic account management enabled: 1
 Automatic account management: Target: CustomAdminAccount
 Automatic account management: Name or name prefix: NIQAdmin
 Automatic account management: Account enabled: 1
 Automatic account management: Randomize name: 0
 
 See https://go.microsoft.com/fwlink/?linkid=2220550 for more information."
"15-07-2026 13:15:50","10003","Information","Microsoft-Windows-LAPS","LAPS policy processing is now starting.
 
 See https://go.microsoft.com/fwlink/?linkid=2220550 for more information."
"15-07-2026 12:15:50","10004","Information","Microsoft-Windows-LAPS","LAPS policy processing succeeded.
 
 See https://go.microsoft.com/fwlink/?linkid=2220550 for more information."
"15-07-2026 12:15:50","10016","Information","Microsoft-Windows-LAPS","The managed account password does not need to be updated at this time.
 
 See https://go.microsoft.com/fwlink/?linkid=2220550 for more information."
"15-07-2026 12:15:50","10052","Information","Microsoft-Windows-LAPS","LAPS is processing the current policy per normal background scheduling.
 
 See https://go.microsoft.com/fwlink/?linkid=2220550 for more information."
"15-07-2026 12:15:50","10010","Information","Microsoft-Windows-LAPS","LAPS is configured to backup passwords to Azure Active Directory.
 
 See https://go.microsoft.com/fwlink/?linkid=2220550 for more information."
"15-07-2026 12:15:50","10022","Information","Microsoft-Windows-LAPS","The current LAPS policy is configured as follows:
 
 Policy source: CSP
 Backup directory: Azure Active Directory
 Local administrator account name: NIQAdmin
 Password age in days: 30
 Password complexity: 4
 Password length: 15
 Post authentication grace period (hours): 24
 Post authentication actions: 0x3
 Automatic account management enabled: 1
 Automatic account management: Target: CustomAdminAccount
 Automatic account management: Name or name prefix: NIQAdmin
 Automatic account management: Account enabled: 1
 Automatic account management: Randomize name: 0
 
 See https://go.microsoft.com/fwlink/?linkid=2220550 for more information."
"15-07-2026 12:15:50","10003","Information","Microsoft-Windows-LAPS","LAPS policy processing is now starting.
 
 See https://go.microsoft.com/fwlink/?linkid=2220550 for more information."
"15-07-2026 11:15:50","10004","Information","Microsoft-Windows-LAPS","LAPS policy processing succeeded.
 
 See https://go.microsoft.com/fwlink/?linkid=2220550 for more information."
"15-07-2026 11:15:50","10016","Information","Microsoft-Windows-LAPS","The managed account password does not need to be updated at this time.
 
 See https://go.microsoft.com/fwlink/?linkid=2220550 for more information."
"15-07-2026 11:15:50","10052","Information","Microsoft-Windows-LAPS","LAPS is processing the current policy per normal background scheduling.
 
 See https://go.microsoft.com/fwlink/?linkid=2220550 for more information."
"15-07-2026 11:15:50","10010","Information","Microsoft-Windows-LAPS","LAPS is configured to backup passwords to Azure Active Directory.
 
 See https://go.microsoft.com/fwlink/?linkid=2220550 for more information."
"15-07-2026 11:15:50","10022","Information","Microsoft-Windows-LAPS","The current LAPS policy is configured as follows:
 
 Policy source: CSP
 Backup directory: Azure Active Directory
 Local administrator account name: NIQAdmin
 Password age in days: 30
 Password complexity: 4
 Password length: 15
 Post authentication grace period (hours): 24
 Post authentication actions: 0x3
 Automatic account management enabled: 1
 Automatic account management: Target: CustomAdminAccount
 Automatic account management: Name or name prefix: NIQAdmin
 Automatic account management: Account enabled: 1
 Automatic account management: Randomize name: 0
 
 See https://go.microsoft.com/fwlink/?linkid=2220550 for more information."
"15-07-2026 11:15:50","10003","Information","Microsoft-Windows-LAPS","LAPS policy processing is now starting.
 
 See https://go.microsoft.com/fwlink/?linkid=2220550 for more information."
"15-07-2026 10:15:50","10004","Information","Microsoft-Windows-LAPS","LAPS policy processing succeeded.
 
 See https://go.microsoft.com/fwlink/?linkid=2220550 for more information."
"15-07-2026 10:15:50","10016","Information","Microsoft-Windows-LAPS","The managed account password does not need to be updated at this time.
 
 See https://go.microsoft.com/fwlink/?linkid=2220550 for more information."
"15-07-2026 10:15:50","10052","Information","Microsoft-Windows-LAPS","LAPS is processing the current policy per normal background scheduling.
 
 See https://go.microsoft.com/fwlink/?linkid=2220550 for more information."
"15-07-2026 10:15:50","10010","Information","Microsoft-Windows-LAPS","LAPS is configured to backup passwords to Azure Active Directory.
 
 See https://go.microsoft.com/fwlink/?linkid=2220550 for more information."
"15-07-2026 10:15:50","10022","Information","Microsoft-Windows-LAPS","The current LAPS policy is configured as follows:
 
 Policy source: CSP
 Backup directory: Azure Active Directory
 Local administrator account name: NIQAdmin
 Password age in days: 30
 Password complexity: 4
 Password length: 15
 Post authentication grace period (hours): 24
 Post authentication actions: 0x3
 Automatic account management enabled: 1
 Automatic account management: Target: CustomAdminAccount
 Automatic account management: Name or name prefix: NIQAdmin
 Automatic account management: Account enabled: 1
 Automatic account management: Randomize name: 0
 
 See https://go.microsoft.com/fwlink/?linkid=2220550 for more information."
"15-07-2026 10:15:50","10003","Information","Microsoft-Windows-LAPS","LAPS policy processing is now starting.
 
 See https://go.microsoft.com/fwlink/?linkid=2220550 for more information."
"15-07-2026 09:15:50","10004","Information","Microsoft-Windows-LAPS","LAPS policy processing succeeded.
 
 See https://go.microsoft.com/fwlink/?linkid=2220550 for more information."
"15-07-2026 09:15:50","10016","Information","Microsoft-Windows-LAPS","The managed account password does not need to be updated at this time.
 
 See https://go.microsoft.com/fwlink/?linkid=2220550 for more information."
"15-07-2026 09:15:50","10052","Information","Microsoft-Windows-LAPS","LAPS is processing the current policy per normal background scheduling.
 
 See https://go.microsoft.com/fwlink/?linkid=2220550 for more information."
"15-07-2026 09:15:50","10010","Information","Microsoft-Windows-LAPS","LAPS is configured to backup passwords to Azure Active Directory.
 
 See https://go.microsoft.com/fwlink/?linkid=2220550 for more information."
"15-07-2026 09:15:50","10022","Information","Microsoft-Windows-LAPS","The current LAPS policy is configured as follows:
 
 Policy source: CSP
 Backup directory: Azure Active Directory
 Local administrator account name: NIQAdmin
 Password age in days: 30
 Password complexity: 4
 Password length: 15
 Post authentication grace period (hours): 24
 Post authentication actions: 0x3
 Automatic account management enabled: 1
 Automatic account management: Target: CustomAdminAccount
 Automatic account management: Name or name prefix: NIQAdmin
 Automatic account management: Account enabled: 1
 Automatic account management: Randomize name: 0
 
 See https://go.microsoft.com/fwlink/?linkid=2220550 for more information."
"15-07-2026 09:15:50","10003","Information","Microsoft-Windows-LAPS","LAPS policy processing is now starting.
 
 See https://go.microsoft.com/fwlink/?linkid=2220550 for more information."
"15-07-2026 06:19:00","10004","Information","Microsoft-Windows-LAPS","LAPS policy processing succeeded.
 
 See https://go.microsoft.com/fwlink/?linkid=2220550 for more information."
"15-07-2026 06:19:00","10016","Information","Microsoft-Windows-LAPS","The managed account password does not need to be updated at this time.
 
 See https://go.microsoft.com/fwlink/?linkid=2220550 for more information."
"15-07-2026 06:19:00","10052","Information","Microsoft-Windows-LAPS","LAPS is processing the current policy per normal background scheduling.
 
 See https://go.microsoft.com/fwlink/?linkid=2220550 for more information."
"15-07-2026 06:19:00","10010","Information","Microsoft-Windows-LAPS","LAPS is configured to backup passwords to Azure Active Directory.
 
 See https://go.microsoft.com/fwlink/?linkid=2220550 for more information."
"15-07-2026 06:19:00","10022","Information","Microsoft-Windows-LAPS","The current LAPS policy is configured as follows:
 
 Policy source: CSP
 Backup directory: Azure Active Directory
 Local administrator account name: NIQAdmin
 Password age in days: 30
 Password complexity: 4
 Password length: 15
 Post authentication grace period (hours): 24
 Post authentication actions: 0x3
 Automatic account management enabled: 1
 Automatic account management: Target: CustomAdminAccount
 Automatic account management: Name or name prefix: NIQAdmin
 Automatic account management: Account enabled: 1
 Automatic account management: Randomize name: 0
 
 See https://go.microsoft.com/fwlink/?linkid=2220550 for more information."
"15-07-2026 06:19:00","10003","Information","Microsoft-Windows-LAPS","LAPS policy processing is now starting.
 
 See https://go.microsoft.com/fwlink/?linkid=2220550 for more information."
"14-07-2026 20:42:06","10004","Information","Microsoft-Windows-LAPS","LAPS policy processing succeeded.
 
 See https://go.microsoft.com/fwlink/?linkid=2220550 for more information."
"14-07-2026 20:42:06","10016","Information","Microsoft-Windows-LAPS","The managed account password does not need to be updated at this time.
 
 See https://go.microsoft.com/fwlink/?linkid=2220550 for more information."
"14-07-2026 20:42:06","10052","Information","Microsoft-Windows-LAPS","LAPS is processing the current policy per normal background scheduling.
 
 See https://go.microsoft.com/fwlink/?linkid=2220550 for more information."
"14-07-2026 20:42:06","10010","Information","Microsoft-Windows-LAPS","LAPS is configured to backup passwords to Azure Active Directory.
 
 See https://go.microsoft.com/fwlink/?linkid=2220550 for more information."
"14-07-2026 20:42:06","10022","Information","Microsoft-Windows-LAPS","The current LAPS policy is configured as follows:
 
 Policy source: CSP
 Backup directory: Azure Active Directory
 Local administrator account name: NIQAdmin
 Password age in days: 30
 Password complexity: 4
 Password length: 15
 Post authentication grace period (hours): 24
 Post authentication actions: 0x3
 Automatic account management enabled: 1
 Automatic account management: Target: CustomAdminAccount
 Automatic account management: Name or name prefix: NIQAdmin
 Automatic account management: Account enabled: 1
 Automatic account management: Randomize name: 0
 
 See https://go.microsoft.com/fwlink/?linkid=2220550 for more information."
"14-07-2026 20:42:06","10003","Information","Microsoft-Windows-LAPS","LAPS policy processing is now starting.
 
 See https://go.microsoft.com/fwlink/?linkid=2220550 for more information."
"14-07-2026 19:36:46","10004","Information","Microsoft-Windows-LAPS","LAPS policy processing succeeded.
 
 See https://go.microsoft.com/fwlink/?linkid=2220550 for more information."
"14-07-2026 19:36:46","10016","Information","Microsoft-Windows-LAPS","The managed account password does not need to be updated at this time.
 
 See https://go.microsoft.com/fwlink/?linkid=2220550 for more information."
"14-07-2026 19:36:46","10052","Information","Microsoft-Windows-LAPS","LAPS is processing the current policy per normal background scheduling.
 
 See https://go.microsoft.com/fwlink/?linkid=2220550 for more information."
"14-07-2026 19:36:46","10010","Information","Microsoft-Windows-LAPS","LAPS is configured to backup passwords to Azure Active Directory.
 
 See https://go.microsoft.com/fwlink/?linkid=2220550 for more information."
"14-07-2026 19:36:46","10022","Information","Microsoft-Windows-LAPS","The current LAPS policy is configured as follows:
 
 Policy source: CSP
 Backup directory: Azure Active Directory
 Local administrator account name: NIQAdmin
 Password age in days: 30
 Password complexity: 4
 Password length: 15
 Post authentication grace period (hours): 24
 Post authentication actions: 0x3
 Automatic account management enabled: 1
 Automatic account management: Target: CustomAdminAccount
 Automatic account management: Name or name prefix: NIQAdmin
 Automatic account management: Account enabled: 1
 Automatic account management: Randomize name: 0
 
 See https://go.microsoft.com/fwlink/?linkid=2220550 for more information."
"14-07-2026 19:36:46","10003","Information","Microsoft-Windows-LAPS","LAPS policy processing is now starting.
 
 See https://go.microsoft.com/fwlink/?linkid=2220550 for more information."
"14-07-2026 18:36:46","10004","Information","Microsoft-Windows-LAPS","LAPS policy processing succeeded.
 
 See https://go.microsoft.com/fwlink/?linkid=2220550 for more information."
"14-07-2026 18:36:46","10016","Information","Microsoft-Windows-LAPS","The managed account password does not need to be updated at this time.
 
 See https://go.microsoft.com/fwlink/?linkid=2220550 for more information."
"14-07-2026 18:36:46","10052","Information","Microsoft-Windows-LAPS","LAPS is processing the current policy per normal background scheduling.
 
 See https://go.microsoft.com/fwlink/?linkid=2220550 for more information."
"14-07-2026 18:36:46","10010","Information","Microsoft-Windows-LAPS","LAPS is configured to backup passwords to Azure Active Directory.
 
 See https://go.microsoft.com/fwlink/?linkid=2220550 for more information."
"14-07-2026 18:36:46","10022","Information","Microsoft-Windows-LAPS","The current LAPS policy is configured as follows:
 
 Policy source: CSP
 Backup directory: Azure Active Directory
 Local administrator account name: NIQAdmin
 Password age in days: 30
 Password complexity: 4
 Password length: 15
 Post authentication grace period (hours): 24
 Post authentication actions: 0x3
 Automatic account management enabled: 1
 Automatic account management: Target: CustomAdminAccount
 Automatic account management: Name or name prefix: NIQAdmin
 Automatic account management: Account enabled: 1
 Automatic account management: Randomize name: 0
 
 See https://go.microsoft.com/fwlink/?linkid=2220550 for more information."
"14-07-2026 18:36:46","10003","Information","Microsoft-Windows-LAPS","LAPS policy processing is now starting.
 
 See https://go.microsoft.com/fwlink/?linkid=2220550 for more information."
"14-07-2026 17:36:46","10004","Information","Microsoft-Windows-LAPS","LAPS policy processing succeeded.
 
 See https://go.microsoft.com/fwlink/?linkid=2220550 for more information."
"14-07-2026 17:36:46","10016","Information","Microsoft-Windows-LAPS","The managed account password does not need to be updated at this time.
 
 See https://go.microsoft.com/fwlink/?linkid=2220550 for more information."
"14-07-2026 17:36:46","10052","Information","Microsoft-Windows-LAPS","LAPS is processing the current policy per normal background scheduling.
 
 See https://go.microsoft.com/fwlink/?linkid=2220550 for more information."
"14-07-2026 17:36:46","10010","Information","Microsoft-Windows-LAPS","LAPS is configured to backup passwords to Azure Active Directory.
 
 See https://go.microsoft.com/fwlink/?linkid=2220550 for more information."
"14-07-2026 17:36:46","10022","Information","Microsoft-Windows-LAPS","The current LAPS policy is configured as follows:
 
 Policy source: CSP
 Backup directory: Azure Active Directory
 Local administrator account name: NIQAdmin
 Password age in days: 30
 Password complexity: 4
 Password length: 15
 Post authentication grace period (hours): 24
 Post authentication actions: 0x3
 Automatic account management enabled: 1
 Automatic account management: Target: CustomAdminAccount
 Automatic account management: Name or name prefix: NIQAdmin
 Automatic account management: Account enabled: 1
 Automatic account management: Randomize name: 0
 
 See https://go.microsoft.com/fwlink/?linkid=2220550 for more information."
"14-07-2026 17:36:46","10003","Information","Microsoft-Windows-LAPS","LAPS policy processing is now starting.
 
 See https://go.microsoft.com/fwlink/?linkid=2220550 for more information."
"14-07-2026 16:36:46","10004","Information","Microsoft-Windows-LAPS","LAPS policy processing succeeded.
 
 See https://go.microsoft.com/fwlink/?linkid=2220550 for more information."
"14-07-2026 16:36:46","10016","Information","Microsoft-Windows-LAPS","The managed account password does not need to be updated at this time.
 
 See https://go.microsoft.com/fwlink/?linkid=2220550 for more information."
"14-07-2026 16:36:46","10052","Information","Microsoft-Windows-LAPS","LAPS is processing the current policy per normal background scheduling.
 
 See https://go.microsoft.com/fwlink/?linkid=2220550 for more information."
"14-07-2026 16:36:46","10010","Information","Microsoft-Windows-LAPS","LAPS is configured to backup passwords to Azure Active Directory.
 
 See https://go.microsoft.com/fwlink/?linkid=2220550 for more information."
"14-07-2026 16:36:46","10022","Information","Microsoft-Windows-LAPS","The current LAPS policy is configured as follows:
 
 Policy source: CSP
 Backup directory: Azure Active Directory
 Local administrator account name: NIQAdmin
 Password age in days: 30
 Password complexity: 4
 Password length: 15
 Post authentication grace period (hours): 24
 Post authentication actions: 0x3
 Automatic account management enabled: 1
 Automatic account management: Target: CustomAdminAccount
 Automatic account management: Name or name prefix: NIQAdmin
 Automatic account management: Account enabled: 1
 Automatic account management: Randomize name: 0
 
 See https://go.microsoft.com/fwlink/?linkid=2220550 for more information."
"14-07-2026 16:36:46","10003","Information","Microsoft-Windows-LAPS","LAPS policy processing is now starting.
 
 See https://go.microsoft.com/fwlink/?linkid=2220550 for more information."
"14-07-2026 15:36:46","10004","Information","Microsoft-Windows-LAPS","LAPS policy processing succeeded.
 
 See https://go.microsoft.com/fwlink/?linkid=2220550 for more information."
"14-07-2026 15:36:46","10016","Information","Microsoft-Windows-LAPS","The managed account password does not need to be updated at this time.
 
 See https://go.microsoft.com/fwlink/?linkid=2220550 for more information."
"14-07-2026 15:36:46","10052","Information","Microsoft-Windows-LAPS","LAPS is processing the current policy per normal background scheduling.
 
 See https://go.microsoft.com/fwlink/?linkid=2220550 for more information."
"14-07-2026 15:36:46","10010","Information","Microsoft-Windows-LAPS","LAPS is configured to backup passwords to Azure Active Directory.
 
 See https://go.microsoft.com/fwlink/?linkid=2220550 for more information."
"14-07-2026 15:36:46","10022","Information","Microsoft-Windows-LAPS","The current LAPS policy is configured as follows:
 
 Policy source: CSP
 Backup directory: Azure Active Directory
 Local administrator account name: NIQAdmin
 Password age in days: 30
 Password complexity: 4
 Password length: 15
 Post authentication grace period (hours): 24
 Post authentication actions: 0x3
 Automatic account management enabled: 1
 Automatic account management: Target: CustomAdminAccount
 Automatic account management: Name or name prefix: NIQAdmin
 Automatic account management: Account enabled: 1
 Automatic account management: Randomize name: 0
 
 See https://go.microsoft.com/fwlink/?linkid=2220550 for more information."
"14-07-2026 15:36:46","10003","Information","Microsoft-Windows-LAPS","LAPS policy processing is now starting.
 
 See https://go.microsoft.com/fwlink/?linkid=2220550 for more information."
"14-07-2026 14:36:46","10004","Information","Microsoft-Windows-LAPS","LAPS policy processing succeeded.
 
 See https://go.microsoft.com/fwlink/?linkid=2220550 for more information."
"14-07-2026 14:36:46","10016","Information","Microsoft-Windows-LAPS","The managed account password does not need to be updated at this time.
 
 See https://go.microsoft.com/fwlink/?linkid=2220550 for more information."
