"18-08-2026 10:29:41","62443","Information","Microsoft-Windows-Shell-Core","AppDefault Info: SetDefault-Info: Association=.eip, ProgId=AppX9rkaq77s0jzh1tyccadx9ghba15r6t3h, U=S-1-12-1-2357405129-1281513531-255772574-1816207334, T=2026:08:02:18:04:59, H=icBAq8PkkwM="
"18-08-2026 10:29:41","62443","Information","Microsoft-Windows-Shell-Core","AppDefault Info: SetDefault: Association=.eip, ProgId=AppX9rkaq77s0jzh1tyccadx9ghba15r6t3h"
"18-08-2026 10:29:41","62443","Information","Microsoft-Windows-Shell-Core","AppDefault Info: SetDefault-Info: Association=.drf, ProgId=AppX9rkaq77s0jzh1tyccadx9ghba15r6t3h, U=S-1-12-1-2357405129-1281513531-255772574-1816207334, T=2026:08:02:18:04:59, H=B+IqzvsBBnE="
"18-08-2026 10:29:41","62443","Information","Microsoft-Windows-Shell-Core","AppDefault Info: SetDefault: Association=.drf, ProgId=AppX9rkaq77s0jzh1tyccadx9ghba15r6t3h"
"18-08-2026 10:29:41","62443","Information","Microsoft-Windows-Shell-Core","AppDefault Info: SetDefault-Info: Association=.dng, ProgId=AppXvvwq6wxamf7qhxd0vn6wm1wwehyxrdd6, U=S-1-12-1-2357405129-1281513531-255772574-1816207334, T=2026:08:02:18:04:59, H=cSunc3sMN7M="
"18-08-2026 10:29:41","62443","Information","Microsoft-Windows-Shell-Core","AppDefault Info: SetDefault: Association=.dng, ProgId=AppXvvwq6wxamf7qhxd0vn6wm1wwehyxrdd6"
"18-08-2026 10:29:41","62443","Information","Microsoft-Windows-Shell-Core","AppDefault Info: SetDefault-Info: Association=.dib, ProgId=AppX43hnxtbyyps62jhe9sqpdzxn1790zetc, U=S-1-12-1-2357405129-1281513531-255772574-1816207334, T=2026:08:02:18:04:59, H=4LdH7zkfORo="
"18-08-2026 10:29:41","62443","Information","Microsoft-Windows-Shell-Core","AppDefault Info: SetDefault: Association=.dib, ProgId=AppX43hnxtbyyps62jhe9sqpdzxn1790zetc"
"18-08-2026 10:29:40","62443","Information","Microsoft-Windows-Shell-Core","AppDefault Info: SetDefault-Info: Association=.dcs, ProgId=AppX9rkaq77s0jzh1tyccadx9ghba15r6t3h, U=S-1-12-1-2357405129-1281513531-255772574-1816207334, T=2026:08:02:18:04:59, H=KTd8wdfOGlY="
"18-08-2026 10:29:40","62443","Information","Microsoft-Windows-Shell-Core","AppDefault Info: SetDefault: Association=.dcs, ProgId=AppX9rkaq77s0jzh1tyccadx9ghba15r6t3h"
"18-08-2026 10:29:40","62443","Information","Microsoft-Windows-Shell-Core","AppDefault Info: SetDefault-Info: Association=.dcr, ProgId=AppX9rkaq77s0jzh1tyccadx9ghba15r6t3h, U=S-1-12-1-2357405129-1281513531-255772574-1816207334, T=2026:08:02:18:04:59, H=i9YnaJL4OiQ="
"18-08-2026 10:29:40","62443","Information","Microsoft-Windows-Shell-Core","AppDefault Info: SetDefault: Association=.dcr, ProgId=AppX9rkaq77s0jzh1tyccadx9ghba15r6t3h"
"18-08-2026 10:29:40","62443","Information","Microsoft-Windows-Shell-Core","AppDefault Info: SetDefault-Info: Association=.crw, ProgId=AppX43hnxtbyyps62jhe9sqpdzxn1790zetc, U=S-1-12-1-2357405129-1281513531-255772574-1816207334, T=2026:08:02:18:04:59, H=r19D95pA6cg="
"18-08-2026 10:29:40","62443","Information","Microsoft-Windows-Shell-Core","AppDefault Info: SetDefault: Association=.crw, ProgId=AppX43hnxtbyyps62jhe9sqpdzxn1790zetc"
"18-08-2026 10:29:40","62443","Information","Microsoft-Windows-Shell-Core","AppDefault Info: SetDefault-Info: Association=.cr3, ProgId=AppX9rkaq77s0jzh1tyccadx9ghba15r6t3h, U=S-1-12-1-2357405129-1281513531-255772574-1816207334, T=2026:08:02:18:04:59, H=IzbGqULysRw="
"18-08-2026 10:29:40","62443","Information","Microsoft-Windows-Shell-Core","AppDefault Info: SetDefault: Association=.cr3, ProgId=AppX9rkaq77s0jzh1tyccadx9ghba15r6t3h"
"18-08-2026 10:29:40","62443","Information","Microsoft-Windows-Shell-Core","AppDefault Info: SetDefault-Info: Association=.cr2, ProgId=AppX43hnxtbyyps62jhe9sqpdzxn1790zetc, U=S-1-12-1-2357405129-1281513531-255772574-1816207334, T=2026:08:02:18:04:59, H=zf1QZkHS/RQ="
"18-08-2026 10:29:40","62443","Information","Microsoft-Windows-Shell-Core","AppDefault Info: SetDefault: Association=.cr2, ProgId=AppX43hnxtbyyps62jhe9sqpdzxn1790zetc"
"18-08-2026 10:29:40","62443","Information","Microsoft-Windows-Shell-Core","AppDefault Info: SetDefault-Info: Association=.cda, ProgId=WMP11.AssocFile.CDA, U=S-1-12-1-2357405129-1281513531-255772574-1816207334, T=2026:08:02:18:04:59, H=zFDeQzUMMbU="
"18-08-2026 10:29:40","62443","Information","Microsoft-Windows-Shell-Core","AppDefault Info: SetDefault: Association=.cda, ProgId=WMP11.AssocFile.CDA"
"18-08-2026 10:29:40","62443","Information","Microsoft-Windows-Shell-Core","AppDefault Info: SetDefault-Info: Association=.cap, ProgId=AppX9rkaq77s0jzh1tyccadx9ghba15r6t3h, U=S-1-12-1-2357405129-1281513531-255772574-1816207334, T=2026:08:02:18:04:59, H=MAaxtj2EMMs="
"18-08-2026 10:29:40","62443","Information","Microsoft-Windows-Shell-Core","AppDefault Info: SetDefault: Association=.cap, ProgId=AppX9rkaq77s0jzh1tyccadx9ghba15r6t3h"
"18-08-2026 10:29:40","62443","Information","Microsoft-Windows-Shell-Core","AppDefault Info: SetDefault-Info: Association=.cab, ProgId=CABFolder, U=S-1-12-1-2357405129-1281513531-255772574-1816207334, T=2026:08:02:18:04:59, H=YqQ2ipYeon0="
"18-08-2026 10:29:40","62443","Information","Microsoft-Windows-Shell-Core","AppDefault Info: SetDefault: Association=.cab, ProgId=CABFolder"
"18-08-2026 10:29:40","62443","Information","Microsoft-Windows-Shell-Core","AppDefault Info: SetDefault-Info: Association=.bmp, ProgId=AppX43hnxtbyyps62jhe9sqpdzxn1790zetc, U=S-1-12-1-2357405129-1281513531-255772574-1816207334, T=2026:08:02:18:04:59, H=Ui3Lh0Ij8ik="
"18-08-2026 10:29:40","62443","Information","Microsoft-Windows-Shell-Core","AppDefault Info: SetDefault: Association=.bmp, ProgId=AppX43hnxtbyyps62jhe9sqpdzxn1790zetc"
"18-08-2026 10:29:40","62443","Information","Microsoft-Windows-Shell-Core","AppDefault Info: SetDefault-Info: Association=.bay, ProgId=AppX9rkaq77s0jzh1tyccadx9ghba15r6t3h, U=S-1-12-1-2357405129-1281513531-255772574-1816207334, T=2026:08:02:18:04:59, H=hgQ/qYkd9lk="
"18-08-2026 10:29:40","62443","Information","Microsoft-Windows-Shell-Core","AppDefault Info: SetDefault: Association=.bay, ProgId=AppX9rkaq77s0jzh1tyccadx9ghba15r6t3h"
"18-08-2026 10:29:40","62443","Information","Microsoft-Windows-Shell-Core","AppDefault Info: SetDefault-Info: Association=.avif, ProgId=AppX43hnxtbyyps62jhe9sqpdzxn1790zetc, U=S-1-12-1-2357405129-1281513531-255772574-1816207334, T=2026:08:02:18:04:59, H=Cn9+050R0jI="
"18-08-2026 10:29:40","62443","Information","Microsoft-Windows-Shell-Core","AppDefault Info: SetDefault: Association=.avif, ProgId=AppX43hnxtbyyps62jhe9sqpdzxn1790zetc"
"18-08-2026 10:29:40","62443","Information","Microsoft-Windows-Shell-Core","AppDefault Info: SetDefault-Info: Association=.avi, ProgId=WMP11.AssocFile.AVI, U=S-1-12-1-2357405129-1281513531-255772574-1816207334, T=2026:08:02:18:04:59, H=8lwLwM4MNMg="
"18-08-2026 10:29:40","62443","Information","Microsoft-Windows-Shell-Core","AppDefault Info: SetDefault: Association=.avi, ProgId=WMP11.AssocFile.AVI"
"18-08-2026 10:29:40","62443","Information","Microsoft-Windows-Shell-Core","AppDefault Info: SetDefault-Info: Association=.avci, ProgId=AppX9rkaq77s0jzh1tyccadx9ghba15r6t3h, U=S-1-12-1-2357405129-1281513531-255772574-1816207334, T=2026:08:02:18:04:59, H=mVyN9glpc4g="
"18-08-2026 10:29:40","62443","Information","Microsoft-Windows-Shell-Core","AppDefault Info: SetDefault: Association=.avci, ProgId=AppX9rkaq77s0jzh1tyccadx9ghba15r6t3h"
"18-08-2026 10:29:40","62443","Information","Microsoft-Windows-Shell-Core","AppDefault Info: SetDefault-Info: Association=.au, ProgId=WMP11.AssocFile.AU, U=S-1-12-1-2357405129-1281513531-255772574-1816207334, T=2026:08:02:18:04:59, H=Bb6mjwKRy5Q="
"18-08-2026 10:29:40","62443","Information","Microsoft-Windows-Shell-Core","AppDefault Info: SetDefault: Association=.au, ProgId=WMP11.AssocFile.AU"
"18-08-2026 10:29:40","62443","Information","Microsoft-Windows-Shell-Core","AppDefault Info: SetDefault-Info: Association=.asx, ProgId=WMP11.AssocFile.ASX, U=S-1-12-1-2357405129-1281513531-255772574-1816207334, T=2026:08:02:18:04:59, H=pPn53k9UTMk="
"18-08-2026 10:29:40","62443","Information","Microsoft-Windows-Shell-Core","AppDefault Info: SetDefault: Association=.asx, ProgId=WMP11.AssocFile.ASX"
"18-08-2026 10:29:40","62443","Information","Microsoft-Windows-Shell-Core","AppDefault Info: SetDefault-Info: Association=.asf, ProgId=WMP11.AssocFile.ASF, U=S-1-12-1-2357405129-1281513531-255772574-1816207334, T=2026:08:02:18:04:59, H=USk0n1z326I="
"18-08-2026 10:29:40","62443","Information","Microsoft-Windows-Shell-Core","AppDefault Info: SetDefault: Association=.asf, ProgId=WMP11.AssocFile.ASF"
"18-08-2026 10:29:40","62443","Information","Microsoft-Windows-Shell-Core","AppDefault Info: SetDefault-Info: Association=.arw, ProgId=AppX43hnxtbyyps62jhe9sqpdzxn1790zetc, U=S-1-12-1-2357405129-1281513531-255772574-1816207334, T=2026:08:02:18:04:59, H=w7GIfENos2s="
"18-08-2026 10:29:40","62443","Information","Microsoft-Windows-Shell-Core","AppDefault Info: SetDefault: Association=.arw, ProgId=AppX43hnxtbyyps62jhe9sqpdzxn1790zetc"
"18-08-2026 10:29:40","62443","Information","Microsoft-Windows-Shell-Core","AppDefault Info: SetDefault-Info: Association=.ari, ProgId=AppX9rkaq77s0jzh1tyccadx9ghba15r6t3h, U=S-1-12-1-2357405129-1281513531-255772574-1816207334, T=2026:08:02:18:04:59, H=suOLKUKg43A="
"18-08-2026 10:29:40","62443","Information","Microsoft-Windows-Shell-Core","AppDefault Info: SetDefault: Association=.ari, ProgId=AppX9rkaq77s0jzh1tyccadx9ghba15r6t3h"
"18-08-2026 10:29:39","62443","Information","Microsoft-Windows-Shell-Core","AppDefault Info: SetDefault-Info: Association=.aiff, ProgId=WMP11.AssocFile.AIFF, U=S-1-12-1-2357405129-1281513531-255772574-1816207334, T=2026:08:02:18:04:59, H=6yoeTqnjecU="
"18-08-2026 10:29:39","62443","Information","Microsoft-Windows-Shell-Core","AppDefault Info: SetDefault: Association=.aiff, ProgId=WMP11.AssocFile.AIFF"
"18-08-2026 10:29:39","62443","Information","Microsoft-Windows-Shell-Core","AppDefault Info: SetDefault-Info: Association=.aifc, ProgId=WMP11.AssocFile.AIFF, U=S-1-12-1-2357405129-1281513531-255772574-1816207334, T=2026:08:02:18:04:59, H=/hwy6F7s7tA="
"18-08-2026 10:29:39","62443","Information","Microsoft-Windows-Shell-Core","AppDefault Info: SetDefault: Association=.aifc, ProgId=WMP11.AssocFile.AIFF"
"18-08-2026 10:29:39","62443","Information","Microsoft-Windows-Shell-Core","AppDefault Info: SetDefault-Info: Association=.aif, ProgId=WMP11.AssocFile.AIFF, U=S-1-12-1-2357405129-1281513531-255772574-1816207334, T=2026:08:02:18:04:59, H=ksktHk4RbVc="
"18-08-2026 10:29:39","62443","Information","Microsoft-Windows-Shell-Core","AppDefault Info: SetDefault: Association=.aif, ProgId=WMP11.AssocFile.AIFF"
"18-08-2026 10:29:39","62443","Information","Microsoft-Windows-Shell-Core","AppDefault Info: SetDefault-Info: Association=.adts, ProgId=WMP11.AssocFile.ADTS, U=S-1-12-1-2357405129-1281513531-255772574-1816207334, T=2026:08:02:18:04:59, H=0UUfBd1D3Kk="
"18-08-2026 10:29:39","62443","Information","Microsoft-Windows-Shell-Core","AppDefault Info: SetDefault: Association=.adts, ProgId=WMP11.AssocFile.ADTS"
"18-08-2026 10:29:39","62443","Information","Microsoft-Windows-Shell-Core","AppDefault Info: SetDefault-Info: Association=.aac, ProgId=WMP11.AssocFile.ADTS, U=S-1-12-1-2357405129-1281513531-255772574-1816207334, T=2026:08:02:18:04:59, H=Pa8KCrDOFhA="
"18-08-2026 10:29:39","62443","Information","Microsoft-Windows-Shell-Core","AppDefault Info: SetDefault: Association=.aac, ProgId=WMP11.AssocFile.ADTS"
"18-08-2026 10:29:39","62443","Information","Microsoft-Windows-Shell-Core","AppDefault Info: SetDefault-Info: Association=.3gpp, ProgId=WMP11.AssocFile.3GP, U=S-1-12-1-2357405129-1281513531-255772574-1816207334, T=2026:08:02:18:04:59, H=YdYC5kBIDbM="
"18-08-2026 10:29:39","62443","Information","Microsoft-Windows-Shell-Core","AppDefault Info: SetDefault: Association=.3gpp, ProgId=WMP11.AssocFile.3GP"
"18-08-2026 10:29:39","62443","Information","Microsoft-Windows-Shell-Core","AppDefault Info: SetDefault-Info: Association=.3gp2, ProgId=WMP11.AssocFile.3G2, U=S-1-12-1-2357405129-1281513531-255772574-1816207334, T=2026:08:02:18:04:59, H=xtG2OHB/7fY="
"18-08-2026 10:29:39","62443","Information","Microsoft-Windows-Shell-Core","AppDefault Info: SetDefault: Association=.3gp2, ProgId=WMP11.AssocFile.3G2"
"18-08-2026 10:29:39","62443","Information","Microsoft-Windows-Shell-Core","AppDefault Info: SetDefault-Info: Association=.3gp, ProgId=WMP11.AssocFile.3GP, U=S-1-12-1-2357405129-1281513531-255772574-1816207334, T=2026:08:02:18:04:59, H=bVjdses/csU="
"18-08-2026 10:29:39","62443","Information","Microsoft-Windows-Shell-Core","AppDefault Info: SetDefault: Association=.3gp, ProgId=WMP11.AssocFile.3GP"
"18-08-2026 10:29:39","62443","Information","Microsoft-Windows-Shell-Core","AppDefault Info: SetDefault-Info: Association=.3g2, ProgId=WMP11.AssocFile.3G2, U=S-1-12-1-2357405129-1281513531-255772574-1816207334, T=2026:08:02:18:04:59, H=8R6rRpDpwHo="
"18-08-2026 10:29:39","62443","Information","Microsoft-Windows-Shell-Core","AppDefault Info: SetDefault: Association=.3g2, ProgId=WMP11.AssocFile.3G2"
"18-08-2026 10:29:39","62443","Information","Microsoft-Windows-Shell-Core","AppDefault Info: SetDefault-Info: Association=.3fr, ProgId=AppX9rkaq77s0jzh1tyccadx9ghba15r6t3h, U=S-1-12-1-2357405129-1281513531-255772574-1816207334, T=2026:08:02:18:04:59, H=V1WfA2ZZDBY="
"18-08-2026 10:29:39","62443","Information","Microsoft-Windows-Shell-Core","AppDefault Info: SetDefault: Association=.3fr, ProgId=AppX9rkaq77s0jzh1tyccadx9ghba15r6t3h"
"18-08-2026 10:29:39","62443","Information","Microsoft-Windows-Shell-Core","AppDefault Info: AppDefaults-Logon-UserProfileLoaded"
"18-08-2026 10:29:39","62443","Information","Microsoft-Windows-Shell-Core","AppDefault Info: File Association hash version is still the same"
"11-08-2026 12:22:09","62443","Information","Microsoft-Windows-Shell-Core","AppDefault Info: Querying default browser info"
"11-08-2026 12:07:13","62443","Information","Microsoft-Windows-Shell-Core","AppDefault Info: SetDefault-Info: Association=read, ProgId=MSEdgeHTM, U=S-1-12-1-2357405129-1281513531-255772574-1816207334, T=2026:05:06:23:05:35, H=/E7tvyIAW3Y="
"11-08-2026 12:07:13","62443","Information","Microsoft-Windows-Shell-Core","AppDefault Info: SetDefault: Association=read, ProgId=MSEdgeHTM"
"11-08-2026 12:07:13","62443","Information","Microsoft-Windows-Shell-Core","AppDefault Info: SetDefault-Info: Association=onenote, ProgId=OneNote.URL.16, U=S-1-12-1-2357405129-1281513531-255772574-1816207334, T=2026:05:06:23:05:35, H=OvOwCi/9gU8="
"11-08-2026 12:07:13","62443","Information","Microsoft-Windows-Shell-Core","AppDefault Info: SetDefault: Association=onenote, ProgId=OneNote.URL.16"
"11-08-2026 12:07:13","62443","Information","Microsoft-Windows-Shell-Core","AppDefault Info: SetDefault-Info: Association=ms-xbl-3d8b930f, ProgId=MSEdgeHTM, U=S-1-12-1-2357405129-1281513531-255772574-1816207334, T=2026:05:06:23:05:35, H=hBzMZybqKJg="
"11-08-2026 12:07:13","62443","Information","Microsoft-Windows-Shell-Core","AppDefault Info: SetDefault: Association=ms-xbl-3d8b930f, ProgId=MSEdgeHTM"
"11-08-2026 12:07:13","62443","Information","Microsoft-Windows-Shell-Core","AppDefault Info: SetDefault-Info: Association=ms-screenclip, ProgId=AppXfeq5vwnakrw6cy02kzhq8ekhhsremh62, U=S-1-12-1-2357405129-1281513531-255772574-1816207334, T=2026:05:06:23:05:35, H=GvkzRuC3cfc="
"11-08-2026 12:07:13","62443","Information","Microsoft-Windows-Shell-Core","AppDefault Info: SetDefault: Association=ms-screenclip, ProgId=AppXfeq5vwnakrw6cy02kzhq8ekhhsremh62"
"11-08-2026 12:07:13","62443","Information","Microsoft-Windows-Shell-Core","AppDefault Info: SetDefault-Info: Association=ms-outlook, ProgId=AppX1scw7cgxcz9hmq03sd8qajzg3s9t7901, U=S-1-12-1-2357405129-1281513531-255772574-1816207334, T=2026:05:06:23:05:35, H=5toUzjAjhgY="
"11-08-2026 12:07:13","62443","Information","Microsoft-Windows-Shell-Core","AppDefault Info: SetDefault: Association=ms-outlook, ProgId=AppX1scw7cgxcz9hmq03sd8qajzg3s9t7901"
"11-08-2026 12:07:13","62443","Information","Microsoft-Windows-Shell-Core","AppDefault Info: SetDefault-Info: Association=microsoft-edge-holographic, ProgId=MSEdgeHTM, U=S-1-12-1-2357405129-1281513531-255772574-1816207334, T=2026:05:06:23:05:35, H=GD7d0P9BheI="
"11-08-2026 12:07:13","62443","Information","Microsoft-Windows-Shell-Core","AppDefault Info: SetDefault: Association=microsoft-edge-holographic, ProgId=MSEdgeHTM"
"11-08-2026 12:07:13","62443","Information","Microsoft-Windows-Shell-Core","AppDefault Info: SetDefault-Info: Association=microsoft-edge, ProgId=MSEdgeHTM, U=S-1-12-1-2357405129-1281513531-255772574-1816207334, T=2026:05:06:23:05:35, H=hyJViDe+P4I="
"11-08-2026 12:07:13","62443","Information","Microsoft-Windows-Shell-Core","AppDefault Info: SetDefault: Association=microsoft-edge, ProgId=MSEdgeHTM"
"11-08-2026 12:07:13","62443","Information","Microsoft-Windows-Shell-Core","AppDefault Info: SetDefault-Info: Association=mailto, ProgId=Outlook.URL.mailto.15, U=S-1-12-1-2357405129-1281513531-255772574-1816207334, T=2026:05:06:23:05:35, H=6qYi6E04sH4="
"11-08-2026 12:07:13","62443","Information","Microsoft-Windows-Shell-Core","AppDefault Info: SetDefault: Association=mailto, ProgId=Outlook.URL.mailto.15"
"11-08-2026 12:07:13","62443","Information","Microsoft-Windows-Shell-Core","AppDefault Info: SetDefault-Info: Association=https, ProgId=MSEdgeHTM, U=S-1-12-1-2357405129-1281513531-255772574-1816207334, T=2026:08:01:10:04:11, H=jZzaW5oJEOI="
"11-08-2026 12:07:13","62443","Information","Microsoft-Windows-Shell-Core","AppDefault Info: SetDefault: Association=https, ProgId=MSEdgeHTM"
"11-08-2026 12:07:13","62443","Information","Microsoft-Windows-Shell-Core","AppDefault Info: SetDefault-Info: Association=http, ProgId=MSEdgeHTM, U=S-1-12-1-2357405129-1281513531-255772574-1816207334, T=2026:08:01:10:04:11, H=egiKsR34MeQ="
"11-08-2026 12:07:13","62443","Information","Microsoft-Windows-Shell-Core","AppDefault Info: SetDefault: Association=http, ProgId=MSEdgeHTM"
"11-08-2026 12:07:13","62443","Information","Microsoft-Windows-Shell-Core","AppDefault Info: SetDefault-Info: Association=ftp, ProgId=MSEdgeHTM, U=S-1-12-1-2357405129-1281513531-255772574-1816207334, T=2026:05:06:23:05:35, H=0FMJNG4rgbk="
"11-08-2026 12:07:13","62443","Information","Microsoft-Windows-Shell-Core","AppDefault Info: SetDefault: Association=ftp, ProgId=MSEdgeHTM"
"11-08-2026 12:07:13","62443","Information","Microsoft-Windows-Shell-Core","AppDefault Info: SetDefault-Info: Association=.xml, ProgId=MSEdgeHTM, U=S-1-12-1-2357405129-1281513531-255772574-1816207334, T=2026:08:02:11:06:37, H=OsRdmAJ2RVo="
"11-08-2026 12:07:13","62443","Information","Microsoft-Windows-Shell-Core","AppDefault Info: SetDefault: Association=.xml, ProgId=MSEdgeHTM"
"11-08-2026 12:07:12","62443","Information","Microsoft-Windows-Shell-Core","AppDefault Info: SetDefault-Info: Association=.xhtml, ProgId=MSEdgeHTM, U=S-1-12-1-2357405129-1281513531-255772574-1816207334, T=2026:08:02:11:06:37, H=5hQmiQZHY8k="
"11-08-2026 12:07:12","62443","Information","Microsoft-Windows-Shell-Core","AppDefault Info: SetDefault: Association=.xhtml, ProgId=MSEdgeHTM"
"11-08-2026 12:07:12","62443","Information","Microsoft-Windows-Shell-Core","AppDefault Info: SetDefault-Info: Association=.xht, ProgId=MSEdgeHTM, U=S-1-12-1-2357405129-1281513531-255772574-1816207334, T=2026:08:02:11:06:37, H=8L+dG+jDdlg="
"11-08-2026 12:07:12","62443","Information","Microsoft-Windows-Shell-Core","AppDefault Info: SetDefault: Association=.xht, ProgId=MSEdgeHTM"
"11-08-2026 12:07:12","62443","Information","Microsoft-Windows-Shell-Core","AppDefault Info: SetDefault-Info: Association=.wvx, ProgId=WMP11.AssocFile.WVX, U=S-1-12-1-2357405129-1281513531-255772574-1816207334, T=2026:08:02:11:06:37, H=XrVCeTNXe40="
"11-08-2026 12:07:12","62443","Information","Microsoft-Windows-Shell-Core","AppDefault Info: SetDefault: Association=.wvx, ProgId=WMP11.AssocFile.WVX"
"11-08-2026 12:07:12","62443","Information","Microsoft-Windows-Shell-Core","AppDefault Info: SetDefault-Info: Association=.WPL, ProgId=WMP11.AssocFile.WPL, U=S-1-12-1-2357405129-1281513531-255772574-1816207334, T=2026:08:02:11:06:37, H=I3zTLd/QiHQ="
"11-08-2026 12:07:12","62443","Information","Microsoft-Windows-Shell-Core","AppDefault Info: SetDefault: Association=.WPL, ProgId=WMP11.AssocFile.WPL"
"11-08-2026 12:07:12","62443","Information","Microsoft-Windows-Shell-Core","AppDefault Info: SetDefault-Info: Association=.wmx, ProgId=WMP11.AssocFile.ASX, U=S-1-12-1-2357405129-1281513531-255772574-1816207334, T=2026:08:02:11:06:37, H=jS6HYhQB+qM="
"11-08-2026 12:07:12","62443","Information","Microsoft-Windows-Shell-Core","AppDefault Info: SetDefault: Association=.wmx, ProgId=WMP11.AssocFile.ASX"
"11-08-2026 12:07:12","62443","Information","Microsoft-Windows-Shell-Core","AppDefault Info: SetDefault-Info: Association=.wmv, ProgId=WMP11.AssocFile.WMV, U=S-1-12-1-2357405129-1281513531-255772574-1816207334, T=2026:08:02:11:06:37, H=BrjJeXCtWzg="
"11-08-2026 12:07:12","62443","Information","Microsoft-Windows-Shell-Core","AppDefault Info: SetDefault: Association=.wmv, ProgId=WMP11.AssocFile.WMV"
"11-08-2026 12:07:12","62443","Information","Microsoft-Windows-Shell-Core","AppDefault Info: SetDefault-Info: Association=.wmf, ProgId=AppXcesbfs704v2mjbts9dkr42s9vmrhxbkj, U=S-1-12-1-2357405129-1281513531-255772574-1816207334, T=2026:08:02:11:06:37, H=wQviWULrIyA="
"11-08-2026 12:07:12","62443","Information","Microsoft-Windows-Shell-Core","AppDefault Info: SetDefault: Association=.wmf, ProgId=AppXcesbfs704v2mjbts9dkr42s9vmrhxbkj"
"11-08-2026 12:07:12","62443","Information","Microsoft-Windows-Shell-Core","AppDefault Info: SetDefault-Info: Association=.wma, ProgId=WMP11.AssocFile.WMA, U=S-1-12-1-2357405129-1281513531-255772574-1816207334, T=2026:08:02:11:06:37, H=6+HHYNYm5DQ="
"11-08-2026 12:07:12","62443","Information","Microsoft-Windows-Shell-Core","AppDefault Info: SetDefault: Association=.wma, ProgId=WMP11.AssocFile.WMA"
"11-08-2026 12:07:12","62443","Information","Microsoft-Windows-Shell-Core","AppDefault Info: SetDefault-Info: Association=.wm, ProgId=WMP11.AssocFile.ASF, U=S-1-12-1-2357405129-1281513531-255772574-1816207334, T=2026:08:02:11:06:37, H=t8vZkC7e0Qo="
"11-08-2026 12:07:12","62443","Information","Microsoft-Windows-Shell-Core","AppDefault Info: SetDefault: Association=.wm, ProgId=WMP11.AssocFile.ASF"
"11-08-2026 12:07:12","62443","Information","Microsoft-Windows-Shell-Core","AppDefault Info: SetDefault-Info: Association=.webp, ProgId=AppX43hnxtbyyps62jhe9sqpdzxn1790zetc, U=S-1-12-1-2357405129-1281513531-255772574-1816207334, T=2026:08:02:11:06:37, H=AJG1PB1dpgM="
"11-08-2026 12:07:12","62443","Information","Microsoft-Windows-Shell-Core","AppDefault Info: SetDefault: Association=.webp, ProgId=AppX43hnxtbyyps62jhe9sqpdzxn1790zetc"
"11-08-2026 12:07:12","62443","Information","Microsoft-Windows-Shell-Core","AppDefault Info: SetDefault-Info: Association=.wdp, ProgId=AppX43hnxtbyyps62jhe9sqpdzxn1790zetc, U=S-1-12-1-2357405129-1281513531-255772574-1816207334, T=2026:08:02:11:06:37, H=iulNAoEIO6A="
"11-08-2026 12:07:12","62443","Information","Microsoft-Windows-Shell-Core","AppDefault Info: SetDefault: Association=.wdp, ProgId=AppX43hnxtbyyps62jhe9sqpdzxn1790zetc"
"11-08-2026 12:07:12","62443","Information","Microsoft-Windows-Shell-Core","AppDefault Info: SetDefault-Info: Association=.wax, ProgId=WMP11.AssocFile.WAX, U=S-1-12-1-2357405129-1281513531-255772574-1816207334, T=2026:08:02:11:06:37, H=I8JzvbJb/i4="
"11-08-2026 12:07:12","62443","Information","Microsoft-Windows-Shell-Core","AppDefault Info: SetDefault: Association=.wax, ProgId=WMP11.AssocFile.WAX"
"11-08-2026 12:07:12","62443","Information","Microsoft-Windows-Shell-Core","AppDefault Info: SetDefault-Info: Association=.wav, ProgId=WMP11.AssocFile.WAV, U=S-1-12-1-2357405129-1281513531-255772574-1816207334, T=2026:08:02:11:06:37, H=PDsj8JQoJxU="
"11-08-2026 12:07:12","62443","Information","Microsoft-Windows-Shell-Core","AppDefault Info: SetDefault: Association=.wav, ProgId=WMP11.AssocFile.WAV"
"11-08-2026 12:07:12","62443","Information","Microsoft-Windows-Shell-Core","AppDefault Info: SetDefault-Info: Association=.vcf, ProgId=AppXpb1vntage8kvnwpyg40aqz34j851h4p1, U=S-1-12-1-2357405129-1281513531-255772574-1816207334, T=2026:08:02:11:06:37, H=M3dBb6zZGnw="
"11-08-2026 12:07:12","62443","Information","Microsoft-Windows-Shell-Core","AppDefault Info: SetDefault: Association=.vcf, ProgId=AppXpb1vntage8kvnwpyg40aqz34j851h4p1"
"11-08-2026 12:07:12","62443","Information","Microsoft-Windows-Shell-Core","AppDefault Info: SetDefault-Info: Association=.url, ProgId=IE.AssocFile.URL, U=S-1-12-1-2357405129-1281513531-255772574-1816207334, T=2026:08:02:11:06:37, H=HLIFo4EQUNc="
"11-08-2026 12:07:12","62443","Information","Microsoft-Windows-Shell-Core","AppDefault Info: SetDefault: Association=.url, ProgId=IE.AssocFile.URL"
"11-08-2026 12:07:12","62443","Information","Microsoft-Windows-Shell-Core","AppDefault Info: SetDefault-Info: Association=.TTS, ProgId=WMP11.AssocFile.TTS, U=S-1-12-1-2357405129-1281513531-255772574-1816207334, T=2026:08:02:11:06:37, H=0NS06zofodY="
"11-08-2026 12:07:12","62443","Information","Microsoft-Windows-Shell-Core","AppDefault Info: SetDefault: Association=.TTS, ProgId=WMP11.AssocFile.TTS"
"11-08-2026 12:07:12","62443","Information","Microsoft-Windows-Shell-Core","AppDefault Info: SetDefault-Info: Association=.TS, ProgId=WMP11.AssocFile.TTS, U=S-1-12-1-2357405129-1281513531-255772574-1816207334, T=2026:08:02:11:06:37, H=ooJtEWIoIfw="
"11-08-2026 12:07:12","62443","Information","Microsoft-Windows-Shell-Core","AppDefault Info: SetDefault: Association=.TS, ProgId=WMP11.AssocFile.TTS"
"11-08-2026 12:07:12","62443","Information","Microsoft-Windows-Shell-Core","AppDefault Info: SetDefault-Info: Association=.tiff, ProgId=PhotoViewer.FileAssoc.Tiff, U=S-1-12-1-2357405129-1281513531-255772574-1816207334, T=2026:08:02:11:06:37, H=sAGOIxDzMj4="
"11-08-2026 12:07:12","62443","Information","Microsoft-Windows-Shell-Core","AppDefault Info: SetDefault: Association=.tiff, ProgId=PhotoViewer.FileAssoc.Tiff"
"11-08-2026 12:07:12","62443","Information","Microsoft-Windows-Shell-Core","AppDefault Info: SetDefault-Info: Association=.tif, ProgId=PhotoViewer.FileAssoc.Tiff, U=S-1-12-1-2357405129-1281513531-255772574-1816207334, T=2026:08:02:11:06:37, H=IC8I5PTRHIY="
"11-08-2026 12:07:12","62443","Information","Microsoft-Windows-Shell-Core","AppDefault Info: SetDefault: Association=.tif, ProgId=PhotoViewer.FileAssoc.Tiff"
"11-08-2026 12:07:12","62443","Information","Microsoft-Windows-Shell-Core","AppDefault Info: SetDefault-Info: Association=.thumb, ProgId=AppX43hnxtbyyps62jhe9sqpdzxn1790zetc, U=S-1-12-1-2357405129-1281513531-255772574-1816207334, T=2026:08:02:11:06:37, H=M0Qz7MkAvc4="
"11-08-2026 12:07:12","62443","Information","Microsoft-Windows-Shell-Core","AppDefault Info: SetDefault: Association=.thumb, ProgId=AppX43hnxtbyyps62jhe9sqpdzxn1790zetc"
"11-08-2026 12:07:12","62443","Information","Microsoft-Windows-Shell-Core","AppDefault Info: SetDefault-Info: Association=.svg, ProgId=MSEdgeHTM, U=S-1-12-1-2357405129-1281513531-255772574-1816207334, T=2026:08:02:11:06:37, H=UZQNaaY0GIo="
"11-08-2026 12:07:12","62443","Information","Microsoft-Windows-Shell-Core","AppDefault Info: SetDefault: Association=.svg, ProgId=MSEdgeHTM"
"11-08-2026 12:07:12","62443","Information","Microsoft-Windows-Shell-Core","AppDefault Info: SetDefault-Info: Association=.srw, ProgId=AppX43hnxtbyyps62jhe9sqpdzxn1790zetc, U=S-1-12-1-2357405129-1281513531-255772574-1816207334, T=2026:08:02:11:06:37, H=RlxhY9PtSYk="
"11-08-2026 12:07:12","62443","Information","Microsoft-Windows-Shell-Core","AppDefault Info: SetDefault: Association=.srw, ProgId=AppX43hnxtbyyps62jhe9sqpdzxn1790zetc"
"11-08-2026 12:07:12","62443","Information","Microsoft-Windows-Shell-Core","AppDefault Info: SetDefault-Info: Association=.srf, ProgId=AppX9rkaq77s0jzh1tyccadx9ghba15r6t3h, U=S-1-12-1-2357405129-1281513531-255772574-1816207334, T=2026:08:02:11:06:37, H=dclilhN0GSY="
"11-08-2026 12:07:12","62443","Information","Microsoft-Windows-Shell-Core","AppDefault Info: SetDefault: Association=.srf, ProgId=AppX9rkaq77s0jzh1tyccadx9ghba15r6t3h"
"11-08-2026 12:07:12","62443","Information","Microsoft-Windows-Shell-Core","AppDefault Info: SetDefault-Info: Association=.sr2, ProgId=AppX43hnxtbyyps62jhe9sqpdzxn1790zetc, U=S-1-12-1-2357405129-1281513531-255772574-1816207334, T=2026:08:02:11:06:37, H=runTYRF6suQ="
"11-08-2026 12:07:12","62443","Information","Microsoft-Windows-Shell-Core","AppDefault Info: SetDefault: Association=.sr2, ProgId=AppX43hnxtbyyps62jhe9sqpdzxn1790zetc"
"11-08-2026 12:07:12","62443","Information","Microsoft-Windows-Shell-Core","AppDefault Info: SetDefault-Info: Association=.snd, ProgId=WMP11.AssocFile.AU, U=S-1-12-1-2357405129-1281513531-255772574-1816207334, T=2026:08:02:11:06:37, H=bDCmVaTPC60="
"11-08-2026 12:07:12","62443","Information","Microsoft-Windows-Shell-Core","AppDefault Info: SetDefault: Association=.snd, ProgId=WMP11.AssocFile.AU"
"11-08-2026 12:07:12","62443","Information","Microsoft-Windows-Shell-Core","AppDefault Info: SetDefault-Info: Association=.rwl, ProgId=AppX43hnxtbyyps62jhe9sqpdzxn1790zetc, U=S-1-12-1-2357405129-1281513531-255772574-1816207334, T=2026:08:02:11:06:37, H=eO73pMEoFMc="
"11-08-2026 12:07:12","62443","Information","Microsoft-Windows-Shell-Core","AppDefault Info: SetDefault: Association=.rwl, ProgId=AppX43hnxtbyyps62jhe9sqpdzxn1790zetc"
"11-08-2026 12:07:12","62443","Information","Microsoft-Windows-Shell-Core","AppDefault Info: SetDefault-Info: Association=.rw2, ProgId=AppX43hnxtbyyps62jhe9sqpdzxn1790zetc, U=S-1-12-1-2357405129-1281513531-255772574-1816207334, T=2026:08:02:11:06:37, H=J5B+RgFsjug="
"11-08-2026 12:07:12","62443","Information","Microsoft-Windows-Shell-Core","AppDefault Info: SetDefault: Association=.rw2, ProgId=AppX43hnxtbyyps62jhe9sqpdzxn1790zetc"
"11-08-2026 12:07:12","62443","Information","Microsoft-Windows-Shell-Core","AppDefault Info: SetDefault-Info: Association=.rmi, ProgId=WMP11.AssocFile.MIDI, U=S-1-12-1-2357405129-1281513531-255772574-1816207334, T=2026:08:02:11:06:37, H=vcJPy7OY+nA="
"11-08-2026 12:07:12","62443","Information","Microsoft-Windows-Shell-Core","AppDefault Info: SetDefault: Association=.rmi, ProgId=WMP11.AssocFile.MIDI"
"11-08-2026 12:07:12","62443","Information","Microsoft-Windows-Shell-Core","AppDefault Info: SetDefault-Info: Association=.rle, ProgId=AppXcesbfs704v2mjbts9dkr42s9vmrhxbkj, U=S-1-12-1-2357405129-1281513531-255772574-1816207334, T=2026:08:02:11:06:37, H=YPcJWSPfKjU="
"11-08-2026 12:07:12","62443","Information","Microsoft-Windows-Shell-Core","AppDefault Info: SetDefault: Association=.rle, ProgId=AppXcesbfs704v2mjbts9dkr42s9vmrhxbkj"
"11-08-2026 12:07:12","62443","Information","Microsoft-Windows-Shell-Core","AppDefault Info: SetDefault-Info: Association=.raw, ProgId=AppX43hnxtbyyps62jhe9sqpdzxn1790zetc, U=S-1-12-1-2357405129-1281513531-255772574-1816207334, T=2026:08:02:11:06:37, H=T4V1swLln/g="
"11-08-2026 12:07:12","62443","Information","Microsoft-Windows-Shell-Core","AppDefault Info: SetDefault: Association=.raw, ProgId=AppX43hnxtbyyps62jhe9sqpdzxn1790zetc"
"11-08-2026 12:07:12","62443","Information","Microsoft-Windows-Shell-Core","AppDefault Info: SetDefault-Info: Association=.raf, ProgId=AppX43hnxtbyyps62jhe9sqpdzxn1790zetc, U=S-1-12-1-2357405129-1281513531-255772574-1816207334, T=2026:08:02:11:06:37, H=noJLlCzFGMU="
"11-08-2026 12:07:12","62443","Information","Microsoft-Windows-Shell-Core","AppDefault Info: SetDefault: Association=.raf, ProgId=AppX43hnxtbyyps62jhe9sqpdzxn1790zetc"
"11-08-2026 12:07:12","62443","Information","Microsoft-Windows-Shell-Core","AppDefault Info: SetDefault-Info: Association=.psm1, ProgId=AppX1b0e9ytcwx0wcmvkdey0h6af04t1ta3z, U=S-1-12-1-2357405129-1281513531-255772574-1816207334, T=2026:08:02:11:06:37, H=S1WobTEUYOU="
"11-08-2026 12:07:12","62443","Information","Microsoft-Windows-Shell-Core","AppDefault Info: SetDefault: Association=.psm1, ProgId=AppX1b0e9ytcwx0wcmvkdey0h6af04t1ta3z"
"11-08-2026 12:07:12","62443","Information","Microsoft-Windows-Shell-Core","AppDefault Info: SetDefault-Info: Association=.psd1, ProgId=AppXc9vj55m1n3559gcjff0scsqeket80zp7, U=S-1-12-1-2357405129-1281513531-255772574-1816207334, T=2026:08:02:11:06:37, H=ArOZZ8UusSE="
"11-08-2026 12:07:12","62443","Information","Microsoft-Windows-Shell-Core","AppDefault Info: SetDefault: Association=.psd1, ProgId=AppXc9vj55m1n3559gcjff0scsqeket80zp7"
"11-08-2026 12:07:12","62443","Information","Microsoft-Windows-Shell-Core","AppDefault Info: SetDefault-Info: Association=.ps1, ProgId=AppXxf01pj590w7z9mxmyv3nx0a9ewj3e51g, U=S-1-12-1-2357405129-1281513531-255772574-1816207334, T=2026:08:02:11:06:37, H=V6cIvw9GpNQ="
"11-08-2026 12:07:12","62443","Information","Microsoft-Windows-Shell-Core","AppDefault Info: SetDefault: Association=.ps1, ProgId=AppXxf01pj590w7z9mxmyv3nx0a9ewj3e51g"
"11-08-2026 12:07:12","62443","Information","Microsoft-Windows-Shell-Core","AppDefault Info: SetDefault-Info: Association=.png, ProgId=AppX43hnxtbyyps62jhe9sqpdzxn1790zetc, U=S-1-12-1-2357405129-1281513531-255772574-1816207334, T=2026:08:02:11:06:37, H=/3lT01neIOQ="
"11-08-2026 12:07:12","62443","Information","Microsoft-Windows-Shell-Core","AppDefault Info: SetDefault: Association=.png, ProgId=AppX43hnxtbyyps62jhe9sqpdzxn1790zetc"
"11-08-2026 12:07:12","62443","Information","Microsoft-Windows-Shell-Core","AppDefault Info: SetDefault-Info: Association=.pef, ProgId=AppX43hnxtbyyps62jhe9sqpdzxn1790zetc, U=S-1-12-1-2357405129-1281513531-255772574-1816207334, T=2026:08:02:11:06:37, H=f9/CuekR8/Y="
"11-08-2026 12:07:12","62443","Information","Microsoft-Windows-Shell-Core","AppDefault Info: SetDefault: Association=.pef, ProgId=AppX43hnxtbyyps62jhe9sqpdzxn1790zetc"
"11-08-2026 12:07:12","62443","Information","Microsoft-Windows-Shell-Core","AppDefault Info: SetDefault-Info: Association=.pdf, ProgId=Acrobat.Document.DC, U=S-1-12-1-2357405129-1281513531-255772574-1816207334, T=2026:08:02:11:06:37, H=63YnXw+aPws="
"11-08-2026 12:07:12","62443","Information","Microsoft-Windows-Shell-Core","AppDefault Info: SetDefault: Association=.pdf, ProgId=Acrobat.Document.DC"
"11-08-2026 12:07:12","62443","Information","Microsoft-Windows-Shell-Core","AppDefault Info: SetDefault-Info: Association=.ori, ProgId=AppX9rkaq77s0jzh1tyccadx9ghba15r6t3h, U=S-1-12-1-2357405129-1281513531-255772574-1816207334, T=2026:08:02:11:06:37, H=g8CQdek/rK0="
"11-08-2026 12:07:12","62443","Information","Microsoft-Windows-Shell-Core","AppDefault Info: SetDefault: Association=.ori, ProgId=AppX9rkaq77s0jzh1tyccadx9ghba15r6t3h"
"11-08-2026 12:07:12","62443","Information","Microsoft-Windows-Shell-Core","AppDefault Info: SetDefault-Info: Association=.orf, ProgId=AppX43hnxtbyyps62jhe9sqpdzxn1790zetc, U=S-1-12-1-2357405129-1281513531-255772574-1816207334, T=2026:08:02:11:06:37, H=QF6fmGhrW7g="
"11-08-2026 12:07:12","62443","Information","Microsoft-Windows-Shell-Core","AppDefault Info: SetDefault: Association=.orf, ProgId=AppX43hnxtbyyps62jhe9sqpdzxn1790zetc"
"11-08-2026 12:07:12","62443","Information","Microsoft-Windows-Shell-Core","AppDefault Info: SetDefault-Info: Association=.nrw, ProgId=AppX43hnxtbyyps62jhe9sqpdzxn1790zetc, U=S-1-12-1-2357405129-1281513531-255772574-1816207334, T=2026:08:02:11:06:37, H=PwhnG/BHKGs="
"11-08-2026 12:07:12","62443","Information","Microsoft-Windows-Shell-Core","AppDefault Info: SetDefault: Association=.nrw, ProgId=AppX43hnxtbyyps62jhe9sqpdzxn1790zetc"
"11-08-2026 12:07:12","62443","Information","Microsoft-Windows-Shell-Core","AppDefault Info: SetDefault-Info: Association=.nef, ProgId=AppX43hnxtbyyps62jhe9sqpdzxn1790zetc, U=S-1-12-1-2357405129-1281513531-255772574-1816207334, T=2026:08:02:11:06:37, H=6fnXTZdhRck="
"11-08-2026 12:07:12","62443","Information","Microsoft-Windows-Shell-Core","AppDefault Info: SetDefault: Association=.nef, ProgId=AppX43hnxtbyyps62jhe9sqpdzxn1790zetc"
"11-08-2026 12:07:12","62443","Information","Microsoft-Windows-Shell-Core","AppDefault Info: SetDefault-Info: Association=.mts, ProgId=WMP11.AssocFile.M2TS, U=S-1-12-1-2357405129-1281513531-255772574-1816207334, T=2026:08:02:11:06:37, H=MSaVLYtZAcw="
"11-08-2026 12:07:12","62443","Information","Microsoft-Windows-Shell-Core","AppDefault Info: SetDefault: Association=.mts, ProgId=WMP11.AssocFile.M2TS"
"11-08-2026 12:07:12","62443","Information","Microsoft-Windows-Shell-Core","AppDefault Info: SetDefault-Info: Association=.mrw, ProgId=AppX43hnxtbyyps62jhe9sqpdzxn1790zetc, U=S-1-12-1-2357405129-1281513531-255772574-1816207334, T=2026:08:02:11:06:37, H=0+XzcOBmz+0="
"11-08-2026 12:07:12","62443","Information","Microsoft-Windows-Shell-Core","AppDefault Info: SetDefault: Association=.mrw, ProgId=AppX43hnxtbyyps62jhe9sqpdzxn1790zetc"
"11-08-2026 12:07:12","62443","Information","Microsoft-Windows-Shell-Core","AppDefault Info: SetDefault-Info: Association=.mpv2, ProgId=WMP11.AssocFile.MPEG, U=S-1-12-1-2357405129-1281513531-255772574-1816207334, T=2026:08:02:11:06:37, H=De4LE+fizFY="
"11-08-2026 12:07:12","62443","Information","Microsoft-Windows-Shell-Core","AppDefault Info: SetDefault: Association=.mpv2, ProgId=WMP11.AssocFile.MPEG"
"11-08-2026 12:07:11","62443","Information","Microsoft-Windows-Shell-Core","AppDefault Info: SetDefault-Info: Association=.mpg, ProgId=WMP11.AssocFile.MPEG, U=S-1-12-1-2357405129-1281513531-255772574-1816207334, T=2026:08:02:11:06:37, H=wjPSViQH8PQ="
"11-08-2026 12:07:11","62443","Information","Microsoft-Windows-Shell-Core","AppDefault Info: SetDefault: Association=.mpg, ProgId=WMP11.AssocFile.MPEG"
"11-08-2026 12:07:11","62443","Information","Microsoft-Windows-Shell-Core","AppDefault Info: SetDefault-Info: Association=.mpeg, ProgId=WMP11.AssocFile.MPEG, U=S-1-12-1-2357405129-1281513531-255772574-1816207334, T=2026:08:02:11:06:37, H=x8lGgfu5iac="
"11-08-2026 12:07:11","62443","Information","Microsoft-Windows-Shell-Core","AppDefault Info: SetDefault: Association=.mpeg, ProgId=WMP11.AssocFile.MPEG"
"11-08-2026 12:07:11","62443","Information","Microsoft-Windows-Shell-Core","AppDefault Info: SetDefault-Info: Association=.MPE, ProgId=WMP11.AssocFile.MPEG, U=S-1-12-1-2357405129-1281513531-255772574-1816207334, T=2026:08:02:11:06:37, H=cVzt3Ri0NOc="
"11-08-2026 12:07:11","62443","Information","Microsoft-Windows-Shell-Core","AppDefault Info: SetDefault: Association=.MPE, ProgId=WMP11.AssocFile.MPEG"
"11-08-2026 12:07:11","62443","Information","Microsoft-Windows-Shell-Core","AppDefault Info: SetDefault-Info: Association=.mpa, ProgId=WMP11.AssocFile.MPEG, U=S-1-12-1-2357405129-1281513531-255772574-1816207334, T=2026:08:02:11:06:37, H=LmFwyhmpzME="
"11-08-2026 12:07:11","62443","Information","Microsoft-Windows-Shell-Core","AppDefault Info: SetDefault: Association=.mpa, ProgId=WMP11.AssocFile.MPEG"
"11-08-2026 12:07:11","62443","Information","Microsoft-Windows-Shell-Core","AppDefault Info: SetDefault-Info: Association=.mp4v, ProgId=WMP11.AssocFile.MP4, U=S-1-12-1-2357405129-1281513531-255772574-1816207334, T=2026:08:02:11:06:37, H=yL47AR4vv34="
"11-08-2026 12:07:11","62443","Information","Microsoft-Windows-Shell-Core","AppDefault Info: SetDefault: Association=.mp4v, ProgId=WMP11.AssocFile.MP4"
"11-08-2026 12:07:11","62443","Information","Microsoft-Windows-Shell-Core","AppDefault Info: SetDefault-Info: Association=.mp4, ProgId=WMP11.AssocFile.MP4, U=S-1-12-1-2357405129-1281513531-255772574-1816207334, T=2026:08:02:11:06:37, H=OjZyK1hejew="
"11-08-2026 12:07:11","62443","Information","Microsoft-Windows-Shell-Core","AppDefault Info: SetDefault: Association=.mp4, ProgId=WMP11.AssocFile.MP4"
"11-08-2026 12:07:11","62443","Information","Microsoft-Windows-Shell-Core","AppDefault Info: SetDefault-Info: Association=.mp3, ProgId=WMP11.AssocFile.MP3, U=S-1-12-1-2357405129-1281513531-255772574-1816207334, T=2026:08:02:11:06:37, H=FoMj8Rj0F7s="
"11-08-2026 12:07:11","62443","Information","Microsoft-Windows-Shell-Core","AppDefault Info: SetDefault: Association=.mp3, ProgId=WMP11.AssocFile.MP3"
"11-08-2026 12:07:11","62443","Information","Microsoft-Windows-Shell-Core","AppDefault Info: SetDefault-Info: Association=.mp2v, ProgId=WMP11.AssocFile.MPEG, U=S-1-12-1-2357405129-1281513531-255772574-1816207334, T=2026:08:02:11:06:37, H=tKDALJOG12s="
"11-08-2026 12:07:11","62443","Information","Microsoft-Windows-Shell-Core","AppDefault Info: SetDefault: Association=.mp2v, ProgId=WMP11.AssocFile.MPEG"
"11-08-2026 12:07:11","62443","Information","Microsoft-Windows-Shell-Core","AppDefault Info: SetDefault-Info: Association=.MP2, ProgId=WMP11.AssocFile.MP3, U=S-1-12-1-2357405129-1281513531-255772574-1816207334, T=2026:08:02:11:06:37, H=kccwSamQABM="
"11-08-2026 12:07:11","62443","Information","Microsoft-Windows-Shell-Core","AppDefault Info: SetDefault: Association=.MP2, ProgId=WMP11.AssocFile.MP3"
"11-08-2026 12:07:11","62443","Information","Microsoft-Windows-Shell-Core","AppDefault Info: SetDefault-Info: Association=.mov, ProgId=WMP11.AssocFile.MOV, U=S-1-12-1-2357405129-1281513531-255772574-1816207334, T=2026:08:02:11:06:37, H=8XMRU4Q+QKs="
"11-08-2026 12:07:11","62443","Information","Microsoft-Windows-Shell-Core","AppDefault Info: SetDefault: Association=.mov, ProgId=WMP11.AssocFile.MOV"
"11-08-2026 12:07:11","62443","Information","Microsoft-Windows-Shell-Core","AppDefault Info: SetDefault-Info: Association=.mos, ProgId=AppX9rkaq77s0jzh1tyccadx9ghba15r6t3h, U=S-1-12-1-2357405129-1281513531-255772574-1816207334, T=2026:08:02:11:06:37, H=mqaNHboLpKQ="
"11-08-2026 12:07:11","62443","Information","Microsoft-Windows-Shell-Core","AppDefault Info: SetDefault: Association=.mos, ProgId=AppX9rkaq77s0jzh1tyccadx9ghba15r6t3h"
"11-08-2026 12:07:11","62443","Information","Microsoft-Windows-Shell-Core","AppDefault Info: SetDefault-Info: Association=.mkv, ProgId=WMP11.AssocFile.MKV, U=S-1-12-1-2357405129-1281513531-255772574-1816207334, T=2026:08:02:11:06:37, H=JVxpMgL2QTM="
"11-08-2026 12:07:11","62443","Information","Microsoft-Windows-Shell-Core","AppDefault Info: SetDefault: Association=.mkv, ProgId=WMP11.AssocFile.MKV"
"11-08-2026 12:07:11","62443","Information","Microsoft-Windows-Shell-Core","AppDefault Info: SetDefault-Info: Association=.mka, ProgId=WMP11.AssocFile.MKA, U=S-1-12-1-2357405129-1281513531-255772574-1816207334, T=2026:08:02:11:06:37, H=75VQpzoRm00="
"11-08-2026 12:07:11","62443","Information","Microsoft-Windows-Shell-Core","AppDefault Info: SetDefault: Association=.mka, ProgId=WMP11.AssocFile.MKA"
"11-08-2026 12:07:11","62443","Information","Microsoft-Windows-Shell-Core","AppDefault Info: SetDefault-Info: Association=.mk3d, ProgId=WMP11.AssocFile.MK3D, U=S-1-12-1-2357405129-1281513531-255772574-1816207334, T=2026:08:02:11:06:37, H=MS9mT9YC8qY="
"11-08-2026 12:07:11","62443","Information","Microsoft-Windows-Shell-Core","AppDefault Info: SetDefault: Association=.mk3d, ProgId=WMP11.AssocFile.MK3D"
"11-08-2026 12:07:11","62443","Information","Microsoft-Windows-Shell-Core","AppDefault Info: SetDefault-Info: Association=.midi, ProgId=WMP11.AssocFile.MIDI, U=S-1-12-1-2357405129-1281513531-255772574-1816207334, T=2026:08:02:11:06:37, H=D1stdGU1u6k="
"11-08-2026 12:07:11","62443","Information","Microsoft-Windows-Shell-Core","AppDefault Info: SetDefault: Association=.midi, ProgId=WMP11.AssocFile.MIDI"
"11-08-2026 12:07:11","62443","Information","Microsoft-Windows-Shell-Core","AppDefault Info: SetDefault-Info: Association=.mid, ProgId=WMP11.AssocFile.MIDI, U=S-1-12-1-2357405129-1281513531-255772574-1816207334, T=2026:08:02:11:06:37, H=0C+uS/j4RLM="
"11-08-2026 12:07:11","62443","Information","Microsoft-Windows-Shell-Core","AppDefault Info: SetDefault: Association=.mid, ProgId=WMP11.AssocFile.MIDI"
"11-08-2026 12:07:11","62443","Information","Microsoft-Windows-Shell-Core","AppDefault Info: SetDefault-Info: Association=.mhtml, ProgId=MSEdgeHTM, U=S-1-12-1-2357405129-1281513531-255772574-1816207334, T=2026:08:02:11:06:37, H=O+3VKcMoJEU="
"11-08-2026 12:07:11","62443","Information","Microsoft-Windows-Shell-Core","AppDefault Info: SetDefault: Association=.mhtml, ProgId=MSEdgeHTM"
"11-08-2026 12:07:11","62443","Information","Microsoft-Windows-Shell-Core","AppDefault Info: SetDefault-Info: Association=.mht, ProgId=MSEdgeHTM, U=S-1-12-1-2357405129-1281513531-255772574-1816207334, T=2026:08:02:11:06:37, H=u/bFerXs5Jo="
"11-08-2026 12:07:11","62443","Information","Microsoft-Windows-Shell-Core","AppDefault Info: SetDefault: Association=.mht, ProgId=MSEdgeHTM"
"11-08-2026 12:07:11","62443","Information","Microsoft-Windows-Shell-Core","AppDefault Info: SetDefault-Info: Association=.mef, ProgId=AppX9rkaq77s0jzh1tyccadx9ghba15r6t3h, U=S-1-12-1-2357405129-1281513531-255772574-1816207334, T=2026:08:02:11:06:37, H=DsrEywPxV4M="
"11-08-2026 12:07:11","62443","Information","Microsoft-Windows-Shell-Core","AppDefault Info: SetDefault: Association=.mef, ProgId=AppX9rkaq77s0jzh1tyccadx9ghba15r6t3h"
"11-08-2026 12:07:11","62443","Information","Microsoft-Windows-Shell-Core","AppDefault Info: SetDefault-Info: Association=.m4v, ProgId=WMP11.AssocFile.MP4, U=S-1-12-1-2357405129-1281513531-255772574-1816207334, T=2026:08:02:11:06:37, H=o2SqUC9+0Xo="
"11-08-2026 12:07:11","62443","Information","Microsoft-Windows-Shell-Core","AppDefault Info: SetDefault: Association=.m4v, ProgId=WMP11.AssocFile.MP4"
"11-08-2026 12:07:11","62443","Information","Microsoft-Windows-Shell-Core","AppDefault Info: SetDefault-Info: Association=.m4a, ProgId=WMP11.AssocFile.M4A, U=S-1-12-1-2357405129-1281513531-255772574-1816207334, T=2026:08:02:11:06:37, H=Et9Ewl8TVDs="
"11-08-2026 12:07:11","62443","Information","Microsoft-Windows-Shell-Core","AppDefault Info: SetDefault: Association=.m4a, ProgId=WMP11.AssocFile.M4A"
"11-08-2026 12:07:11","62443","Information","Microsoft-Windows-Shell-Core","AppDefault Info: SetDefault-Info: Association=.m3u, ProgId=WMP11.AssocFile.m3u, U=S-1-12-1-2357405129-1281513531-255772574-1816207334, T=2026:08:02:11:06:37, H=m/O8LX9mZ/I="
"11-08-2026 12:07:11","62443","Information","Microsoft-Windows-Shell-Core","AppDefault Info: SetDefault: Association=.m3u, ProgId=WMP11.AssocFile.m3u"
"11-08-2026 12:07:11","62443","Information","Microsoft-Windows-Shell-Core","AppDefault Info: SetDefault-Info: Association=.m2ts, ProgId=WMP11.AssocFile.M2TS, U=S-1-12-1-2357405129-1281513531-255772574-1816207334, T=2026:08:02:11:06:37, H=ELE2j4TqFhg="
"11-08-2026 12:07:11","62443","Information","Microsoft-Windows-Shell-Core","AppDefault Info: SetDefault: Association=.m2ts, ProgId=WMP11.AssocFile.M2TS"
"11-08-2026 12:07:11","62443","Information","Microsoft-Windows-Shell-Core","AppDefault Info: SetDefault-Info: Association=.m2t, ProgId=WMP11.AssocFile.M2TS, U=S-1-12-1-2357405129-1281513531-255772574-1816207334, T=2026:08:02:11:06:37, H=lAD540xHQUA="
"11-08-2026 12:07:11","62443","Information","Microsoft-Windows-Shell-Core","AppDefault Info: SetDefault: Association=.m2t, ProgId=WMP11.AssocFile.M2TS"
"11-08-2026 12:07:11","62443","Information","Microsoft-Windows-Shell-Core","AppDefault Info: SetDefault-Info: Association=.m1v, ProgId=WMP11.AssocFile.MPEG, U=S-1-12-1-2357405129-1281513531-255772574-1816207334, T=2026:08:02:11:06:37, H=myzbbVvuuI4="
"11-08-2026 12:07:11","62443","Information","Microsoft-Windows-Shell-Core","AppDefault Info: SetDefault: Association=.m1v, ProgId=WMP11.AssocFile.MPEG"
"11-08-2026 12:07:11","62443","Information","Microsoft-Windows-Shell-Core","AppDefault Info: SetDefault-Info: Association=.kdc, ProgId=AppX43hnxtbyyps62jhe9sqpdzxn1790zetc, U=S-1-12-1-2357405129-1281513531-255772574-1816207334, T=2026:08:02:11:06:37, H=d78Zv2mM5AM="
"11-08-2026 12:07:11","62443","Information","Microsoft-Windows-Shell-Core","AppDefault Info: SetDefault: Association=.kdc, ProgId=AppX43hnxtbyyps62jhe9sqpdzxn1790zetc"
"11-08-2026 12:07:11","62443","Information","Microsoft-Windows-Shell-Core","AppDefault Info: SetDefault-Info: Association=.k25, ProgId=AppX9rkaq77s0jzh1tyccadx9ghba15r6t3h, U=S-1-12-1-2357405129-1281513531-255772574-1816207334, T=2026:08:02:11:06:37, H=elqhVahVb0Q="
"11-08-2026 12:07:11","62443","Information","Microsoft-Windows-Shell-Core","AppDefault Info: SetDefault: Association=.k25, ProgId=AppX9rkaq77s0jzh1tyccadx9ghba15r6t3h"
"11-08-2026 12:07:11","62443","Information","Microsoft-Windows-Shell-Core","AppDefault Info: SetDefault-Info: Association=.jxr, ProgId=AppX43hnxtbyyps62jhe9sqpdzxn1790zetc, U=S-1-12-1-2357405129-1281513531-255772574-1816207334, T=2026:08:02:11:06:37, H=h5XO9h65GI0="
"11-08-2026 12:07:11","62443","Information","Microsoft-Windows-Shell-Core","AppDefault Info: SetDefault: Association=.jxr, ProgId=AppX43hnxtbyyps62jhe9sqpdzxn1790zetc"
"11-08-2026 12:07:11","62443","Information","Microsoft-Windows-Shell-Core","AppDefault Info: SetDefault-Info: Association=.js, ProgId=AppXkv2jqn1pq8ajm0p5dhgqde7aafykkrrn, U=S-1-12-1-2357405129-1281513531-255772574-1816207334, T=2026:08:02:11:06:37, H=z1vvvvehm/I="
"11-08-2026 12:07:11","62443","Information","Microsoft-Windows-Shell-Core","AppDefault Info: SetDefault: Association=.js, ProgId=AppXkv2jqn1pq8ajm0p5dhgqde7aafykkrrn"
"11-08-2026 12:07:11","62443","Information","Microsoft-Windows-Shell-Core","AppDefault Info: SetDefault-Info: Association=.jpg, ProgId=AppX43hnxtbyyps62jhe9sqpdzxn1790zetc, U=S-1-12-1-2357405129-1281513531-255772574-1816207334, T=2026:08:02:11:06:37, H=mnrrSKJrDZo="
"11-08-2026 12:07:11","62443","Information","Microsoft-Windows-Shell-Core","AppDefault Info: SetDefault: Association=.jpg, ProgId=AppX43hnxtbyyps62jhe9sqpdzxn1790zetc"
"11-08-2026 12:07:11","62443","Information","Microsoft-Windows-Shell-Core","AppDefault Info: SetDefault-Info: Association=.jpeg, ProgId=AppX43hnxtbyyps62jhe9sqpdzxn1790zetc, U=S-1-12-1-2357405129-1281513531-255772574-1816207334, T=2026:08:02:11:06:37, H=x87gQkfMNNs="
"11-08-2026 12:07:11","62443","Information","Microsoft-Windows-Shell-Core","AppDefault Info: SetDefault: Association=.jpeg, ProgId=AppX43hnxtbyyps62jhe9sqpdzxn1790zetc"
