"13-08-2026 16:23:22","102","Information","Microsoft-Windows-Kernel-Cache","Global Periodic Cache Information:

                       Period Duration (microseconds): 3644141777
                       Number of NUMA Nodes: 97556
                       Event Samples: 44
                       Total Number of Mapped VACBs: 801813
                       Total Partition Samples: 44
                       Total Volume Samples: 176
                       Total Pages Yet to Write: 20681
                       Total Dirty Pages: 18906
                       Total Available Pages: 20872580
                       Total Physical Pages: 178294512
                       Total Number of Worker Threads: 704
                       Total Number of Active Worker Threads: 0
                       Total Average Available Pages: 109977930
                       Total Average Dirty Pages: 19380
                       CopyRead Calls: 8131678
                       AsyncCopyRead Calls: 2995
                       CopyWriteCalls: 950174
                       SetValidData Calls: 21959
                       FlushCache Calls: 97556"
"13-08-2026 15:22:38","105","Information","Microsoft-Windows-Kernel-Cache","Volume Periodic Cache Write Latency Information:

                       Device GUID: {00000000-0000-0000-0000-000000000000}
                       Period Duration (microseconds): 3644137933

                       Latency Bucket Values:  [256us, 1ms, 4ms, 16ms, 64ms, 128ms, 256ms, 2000ms, 6000ms, 10000ms, 20000ms, 20000+ms]

                       Synchronous Write IO Counts: [0, 0, 0, 0, 0, 0, 0, 0, 0, 0, 0, 0]
                       Synchronous Write IO Total Latencies (us): [0, 0, 0, 0, 0, 0, 0, 0, 0, 0, 0, 0]
                       Synchronous Write Non-Blocking IO Counts: [0, 0, 0, 0, 0, 0, 0, 0, 0, 0, 0, 0]
                       Synchronous Write Non-Blocking IO Total Latencies (us): [0, 0, 0, 0, 0, 0, 0, 0, 0, 0, 0, 0]"
"13-08-2026 15:22:38","104","Information","Microsoft-Windows-Kernel-Cache","Volume Periodic Cache Read Latency Information:

                       Device GUID: {00000000-0000-0000-0000-000000000000}
                       Period Duration (microseconds): 3644137933

                       Latency Bucket Values:  [256us, 1ms, 4ms, 16ms, 64ms, 128ms, 256ms, 2000ms, 6000ms, 10000ms, 20000ms, 20000+ms]

                       Synchronous Read IO Counts: [4, 0, 0, 0, 0, 0, 0, 0, 0, 0, 0, 0]
                       Synchronous Read IO Total Latencies (us): [156, 0, 0, 0, 0, 0, 0, 0, 0, 0, 0, 0]
                       Synchronous Read Non-Blocking IO Counts: [0, 0, 0, 0, 0, 0, 0, 0, 0, 0, 0, 0]
                       Synchronous Read Non-Blocking IO Total Latencies (us): [0, 0, 0, 0, 0, 0, 0, 0, 0, 0, 0, 0]
                       Asynchronous Read IO Counts: [0, 0, 0, 0, 0, 0, 0, 0, 0, 0, 0, 0]
                       Asynchronous Read IO Total Latencies (us): [0, 0, 0, 0, 0, 0, 0, 0, 0, 0, 0, 0]"
"13-08-2026 15:22:38","103","Information","Microsoft-Windows-Kernel-Cache","Volume Periodic Cache Information:

                       Device GUID: {00000000-0000-0000-0000-000000000000}
                       Period Duration (microseconds): 3644137933
                       Total Dirty Pages: 0
                       Maximum Dirty Pages: 0
                       Total Dirty Page Threshold: 0
                       Top Dirty Page Threshold: 0
                       Bottom Dirty Page Threshold: 0
                       Dirty Page Samples: 0
                       Total Lazy Writer Calls: 0
                       Total Lazy Writer Latency: 0
                       Total Lazy Writer Pages Flushed: 0
                       Lazy Writer Average Pages Per Second: 0
                       Total Pages Queued to Disk: 0
                       Maximum Pages Queued to Disk: 0
                       Pages Queued to Disk Samples: 0
                       Total Metadata Pages Queued to Disk: 0
                       Maximum Metadata Pages Queued to Disk: 0
                       Metadata Pages Queued to Disk Samples: 0
                       Read Total Bytes: 1048576
                       Read Paged-In Total Bytes: 524288
                       Read-Ahead Total Bytes: 0
                       Cache Hit Ratio (%): 50
                       Total Writes: 0
                       Total Hard-Throttle Writes: 0
                       Total Soft-Throttle Writes: 0
                       Total Synchronous Read IO Count: 4
                       Total Synchronous Non-Blocking Read IO Count: 0
                       Total Failed Synchronous Non-Blocking Read IO Count: 0
                       Synchronous Read IO Maximum Latency (us): 111
                       Synchronous Read IO Non-Blocking Maximum Latency (us): 0
                       Total Synchronous Write IO Count: 0
                       Total Synchronous Non-Blocking Write IO Count: 0
                       Total Failed Synchronous Non-Blocking Write IO Count: 0
                       Synchronous Write IO Maximum Latency (us): 0
                       Synchronous Write IO Non-Blockinig Maximum Latency (us): 0
                       Total Asynchronous Read IO Count: 0
                       Asynchronous Read IO Maximum Latency (us): 0"
"13-08-2026 15:22:38","105","Information","Microsoft-Windows-Kernel-Cache","Volume Periodic Cache Write Latency Information:

                       Device GUID: {c5c572ba-c5d0-47f6-864e-13eb05e6d46c}
                       Period Duration (microseconds): 3644137933

                       Latency Bucket Values:  [256us, 1ms, 4ms, 16ms, 64ms, 128ms, 256ms, 2000ms, 6000ms, 10000ms, 20000ms, 20000+ms]

                       Synchronous Write IO Counts: [1167211, 2071, 711, 227, 44, 6, 1, 0, 0, 0, 0, 0]
                       Synchronous Write IO Total Latencies (us): [1060844, 1154788, 1376557, 1274786, 1243183, 484482, 185800, 0, 0, 0, 0, 0]
                       Synchronous Write Non-Blocking IO Counts: [12416, 0, 0, 0, 0, 0, 0, 0, 0, 0, 0, 0]
                       Synchronous Write Non-Blocking IO Total Latencies (us): [0, 0, 0, 0, 0, 0, 0, 0, 0, 0, 0, 0]"
"13-08-2026 15:22:38","104","Information","Microsoft-Windows-Kernel-Cache","Volume Periodic Cache Read Latency Information:

                       Device GUID: {c5c572ba-c5d0-47f6-864e-13eb05e6d46c}
                       Period Duration (microseconds): 3644137933

                       Latency Bucket Values:  [256us, 1ms, 4ms, 16ms, 64ms, 128ms, 256ms, 2000ms, 6000ms, 10000ms, 20000ms, 20000+ms]

                       Synchronous Read IO Counts: [11307122, 28706, 4754, 292, 64, 3, 0, 0, 0, 0, 0, 0]
                       Synchronous Read IO Total Latencies (us): [18095030, 11250928, 7134920, 1677694, 1835598, 203128, 0, 0, 0, 0, 0, 0]
                       Synchronous Read Non-Blocking IO Counts: [39400, 0, 0, 0, 0, 0, 0, 0, 0, 0, 0, 0]
                       Synchronous Read Non-Blocking IO Total Latencies (us): [0, 0, 0, 0, 0, 0, 0, 0, 0, 0, 0, 0]
                       Asynchronous Read IO Counts: [2018, 2111, 492, 89, 3, 0, 0, 0, 0, 0, 0, 0]
                       Asynchronous Read IO Total Latencies (us): [350008, 1088021, 945060, 573322, 57117, 0, 0, 0, 0, 0, 0, 0]"
"13-08-2026 15:22:38","103","Information","Microsoft-Windows-Kernel-Cache","Volume Periodic Cache Information:

                       Device GUID: {c5c572ba-c5d0-47f6-864e-13eb05e6d46c}
                       Period Duration (microseconds): 3644137933
                       Total Dirty Pages: 1040890007
                       Maximum Dirty Pages: 28329
                       Total Dirty Page Threshold: 45579347408
                       Top Dirty Page Threshold: 506518
                       Bottom Dirty Page Threshold: 506518
                       Dirty Page Samples: 984229
                       Total Lazy Writer Calls: 21571
                       Total Lazy Writer Latency: 36167017
                       Total Lazy Writer Pages Flushed: 285287
                       Lazy Writer Average Pages Per Second: 3177
                       Total Pages Queued to Disk: 36949026
                       Maximum Pages Queued to Disk: 4764
                       Pages Queued to Disk Samples: 117704
                       Total Metadata Pages Queued to Disk: 30765137
                       Maximum Metadata Pages Queued to Disk: 3741
                       Metadata Pages Queued to Disk Samples: 117695
                       Read Total Bytes: 1696798847810
                       Read Paged-In Total Bytes: 19380984904
                       Read-Ahead Total Bytes: 0
                       Cache Hit Ratio (%): 98
                       Total Writes: 1186318
                       Total Hard-Throttle Writes: 0
                       Total Soft-Throttle Writes: 0
                       Total Synchronous Read IO Count: 11341106
                       Total Synchronous Non-Blocking Read IO Count: 39400
                       Total Failed Synchronous Non-Blocking Read IO Count: 4713
                       Synchronous Read IO Maximum Latency (us): 72048
                       Synchronous Read IO Non-Blocking Maximum Latency (us): 0
                       Total Synchronous Write IO Count: 1170277
                       Total Synchronous Non-Blocking Write IO Count: 12416
                       Total Failed Synchronous Non-Blocking Write IO Count: 97
                       Synchronous Write IO Maximum Latency (us): 185800
                       Synchronous Write IO Non-Blockinig Maximum Latency (us): 0
                       Total Asynchronous Read IO Count: 4712
                       Asynchronous Read IO Maximum Latency (us): 22781"
"13-08-2026 15:22:38","102","Information","Microsoft-Windows-Kernel-Cache","Global Periodic Cache Information:

                       Period Duration (microseconds): 3644137933
                       Number of NUMA Nodes: 120732
                       Event Samples: 43
                       Total Number of Mapped VACBs: 491218
                       Total Partition Samples: 43
                       Total Volume Samples: 172
                       Total Pages Yet to Write: 32463
                       Total Dirty Pages: 26628
                       Total Available Pages: 22323631
                       Total Physical Pages: 174242364
                       Total Number of Worker Threads: 688
                       Total Number of Active Worker Threads: 0
                       Total Average Available Pages: 112350077
                       Total Average Dirty Pages: 31531
                       CopyRead Calls: 11386906
                       AsyncCopyRead Calls: 4713
                       CopyWriteCalls: 1194254
                       SetValidData Calls: 25182
                       FlushCache Calls: 120732"
"13-08-2026 14:21:54","105","Information","Microsoft-Windows-Kernel-Cache","Volume Periodic Cache Write Latency Information:

                       Device GUID: {f06ef650-de5a-4a43-abb8-73f2ff6a56fd}
                       Period Duration (microseconds): 3644145811

                       Latency Bucket Values:  [256us, 1ms, 4ms, 16ms, 64ms, 128ms, 256ms, 2000ms, 6000ms, 10000ms, 20000ms, 20000+ms]

                       Synchronous Write IO Counts: [0, 0, 0, 0, 0, 0, 0, 0, 0, 0, 0, 0]
                       Synchronous Write IO Total Latencies (us): [0, 0, 0, 0, 0, 0, 0, 0, 0, 0, 0, 0]
                       Synchronous Write Non-Blocking IO Counts: [0, 0, 0, 0, 0, 0, 0, 0, 0, 0, 0, 0]
                       Synchronous Write Non-Blocking IO Total Latencies (us): [0, 0, 0, 0, 0, 0, 0, 0, 0, 0, 0, 0]"
"13-08-2026 14:21:54","104","Information","Microsoft-Windows-Kernel-Cache","Volume Periodic Cache Read Latency Information:

                       Device GUID: {f06ef650-de5a-4a43-abb8-73f2ff6a56fd}
                       Period Duration (microseconds): 3644145811

                       Latency Bucket Values:  [256us, 1ms, 4ms, 16ms, 64ms, 128ms, 256ms, 2000ms, 6000ms, 10000ms, 20000ms, 20000+ms]

                       Synchronous Read IO Counts: [1475, 56, 10, 1, 0, 0, 0, 0, 0, 0, 0, 0]
                       Synchronous Read IO Total Latencies (us): [5141, 21652, 15093, 4049, 0, 0, 0, 0, 0, 0, 0, 0]
                       Synchronous Read Non-Blocking IO Counts: [0, 0, 0, 0, 0, 0, 0, 0, 0, 0, 0, 0]
                       Synchronous Read Non-Blocking IO Total Latencies (us): [0, 0, 0, 0, 0, 0, 0, 0, 0, 0, 0, 0]
                       Asynchronous Read IO Counts: [0, 0, 0, 0, 0, 0, 0, 0, 0, 0, 0, 0]
                       Asynchronous Read IO Total Latencies (us): [0, 0, 0, 0, 0, 0, 0, 0, 0, 0, 0, 0]"
"13-08-2026 14:21:54","103","Information","Microsoft-Windows-Kernel-Cache","Volume Periodic Cache Information:

                       Device GUID: {f06ef650-de5a-4a43-abb8-73f2ff6a56fd}
                       Period Duration (microseconds): 3644145811
                       Total Dirty Pages: 0
                       Maximum Dirty Pages: 0
                       Total Dirty Page Threshold: 0
                       Top Dirty Page Threshold: 0
                       Bottom Dirty Page Threshold: 0
                       Dirty Page Samples: 0
                       Total Lazy Writer Calls: 0
                       Total Lazy Writer Latency: 0
                       Total Lazy Writer Pages Flushed: 0
                       Lazy Writer Average Pages Per Second: 0
                       Total Pages Queued to Disk: 0
                       Maximum Pages Queued to Disk: 0
                       Pages Queued to Disk Samples: 70
                       Total Metadata Pages Queued to Disk: 0
                       Maximum Metadata Pages Queued to Disk: 0
                       Metadata Pages Queued to Disk Samples: 70
                       Read Total Bytes: 435843072
                       Read Paged-In Total Bytes: 15835136
                       Read-Ahead Total Bytes: 0
                       Cache Hit Ratio (%): 96
                       Total Writes: 0
                       Total Hard-Throttle Writes: 0
                       Total Soft-Throttle Writes: 0
                       Total Synchronous Read IO Count: 1542
                       Total Synchronous Non-Blocking Read IO Count: 0
                       Total Failed Synchronous Non-Blocking Read IO Count: 0
                       Synchronous Read IO Maximum Latency (us): 4049
                       Synchronous Read IO Non-Blocking Maximum Latency (us): 0
                       Total Synchronous Write IO Count: 0
                       Total Synchronous Non-Blocking Write IO Count: 0
                       Total Failed Synchronous Non-Blocking Write IO Count: 0
                       Synchronous Write IO Maximum Latency (us): 0
                       Synchronous Write IO Non-Blockinig Maximum Latency (us): 0
                       Total Asynchronous Read IO Count: 0
                       Asynchronous Read IO Maximum Latency (us): 0"
"13-08-2026 14:21:54","105","Information","Microsoft-Windows-Kernel-Cache","Volume Periodic Cache Write Latency Information:

                       Device GUID: {00000000-0000-0000-0000-000000000000}
                       Period Duration (microseconds): 3644145811

                       Latency Bucket Values:  [256us, 1ms, 4ms, 16ms, 64ms, 128ms, 256ms, 2000ms, 6000ms, 10000ms, 20000ms, 20000+ms]

                       Synchronous Write IO Counts: [0, 0, 0, 0, 0, 0, 0, 0, 0, 0, 0, 0]
                       Synchronous Write IO Total Latencies (us): [0, 0, 0, 0, 0, 0, 0, 0, 0, 0, 0, 0]
                       Synchronous Write Non-Blocking IO Counts: [0, 0, 0, 0, 0, 0, 0, 0, 0, 0, 0, 0]
                       Synchronous Write Non-Blocking IO Total Latencies (us): [0, 0, 0, 0, 0, 0, 0, 0, 0, 0, 0, 0]"
"13-08-2026 14:21:54","104","Information","Microsoft-Windows-Kernel-Cache","Volume Periodic Cache Read Latency Information:

                       Device GUID: {00000000-0000-0000-0000-000000000000}
                       Period Duration (microseconds): 3644145811

                       Latency Bucket Values:  [256us, 1ms, 4ms, 16ms, 64ms, 128ms, 256ms, 2000ms, 6000ms, 10000ms, 20000ms, 20000+ms]

                       Synchronous Read IO Counts: [6, 0, 0, 0, 0, 0, 0, 0, 0, 0, 0, 0]
                       Synchronous Read IO Total Latencies (us): [435, 0, 0, 0, 0, 0, 0, 0, 0, 0, 0, 0]
                       Synchronous Read Non-Blocking IO Counts: [0, 0, 0, 0, 0, 0, 0, 0, 0, 0, 0, 0]
                       Synchronous Read Non-Blocking IO Total Latencies (us): [0, 0, 0, 0, 0, 0, 0, 0, 0, 0, 0, 0]
                       Asynchronous Read IO Counts: [0, 0, 0, 0, 0, 0, 0, 0, 0, 0, 0, 0]
                       Asynchronous Read IO Total Latencies (us): [0, 0, 0, 0, 0, 0, 0, 0, 0, 0, 0, 0]"
"13-08-2026 14:21:54","103","Information","Microsoft-Windows-Kernel-Cache","Volume Periodic Cache Information:

                       Device GUID: {00000000-0000-0000-0000-000000000000}
                       Period Duration (microseconds): 3644145811
                       Total Dirty Pages: 0
                       Maximum Dirty Pages: 0
                       Total Dirty Page Threshold: 0
                       Top Dirty Page Threshold: 0
                       Bottom Dirty Page Threshold: 0
                       Dirty Page Samples: 0
                       Total Lazy Writer Calls: 0
                       Total Lazy Writer Latency: 0
                       Total Lazy Writer Pages Flushed: 0
                       Lazy Writer Average Pages Per Second: 0
                       Total Pages Queued to Disk: 0
                       Maximum Pages Queued to Disk: 0
                       Pages Queued to Disk Samples: 0
                       Total Metadata Pages Queued to Disk: 0
                       Maximum Metadata Pages Queued to Disk: 0
                       Metadata Pages Queued to Disk Samples: 0
                       Read Total Bytes: 1572864
                       Read Paged-In Total Bytes: 786432
                       Read-Ahead Total Bytes: 0
                       Cache Hit Ratio (%): 50
                       Total Writes: 0
                       Total Hard-Throttle Writes: 0
                       Total Soft-Throttle Writes: 0
                       Total Synchronous Read IO Count: 6
                       Total Synchronous Non-Blocking Read IO Count: 0
                       Total Failed Synchronous Non-Blocking Read IO Count: 0
                       Synchronous Read IO Maximum Latency (us): 205
                       Synchronous Read IO Non-Blocking Maximum Latency (us): 0
                       Total Synchronous Write IO Count: 0
                       Total Synchronous Non-Blocking Write IO Count: 0
                       Total Failed Synchronous Non-Blocking Write IO Count: 0
                       Synchronous Write IO Maximum Latency (us): 0
                       Synchronous Write IO Non-Blockinig Maximum Latency (us): 0
                       Total Asynchronous Read IO Count: 0
                       Asynchronous Read IO Maximum Latency (us): 0"
"13-08-2026 14:21:54","105","Information","Microsoft-Windows-Kernel-Cache","Volume Periodic Cache Write Latency Information:

                       Device GUID: {c5c572ba-c5d0-47f6-864e-13eb05e6d46c}
                       Period Duration (microseconds): 3644145811

                       Latency Bucket Values:  [256us, 1ms, 4ms, 16ms, 64ms, 128ms, 256ms, 2000ms, 6000ms, 10000ms, 20000ms, 20000+ms]

                       Synchronous Write IO Counts: [559717, 1641, 1051, 276, 87, 4, 2, 2, 0, 0, 0, 0]
                       Synchronous Write IO Total Latencies (us): [906348, 841795, 1775238, 1686237, 2327109, 271042, 422760, 670009, 0, 0, 0, 0]
                       Synchronous Write Non-Blocking IO Counts: [12652, 0, 0, 0, 0, 0, 0, 0, 0, 0, 0, 0]
                       Synchronous Write Non-Blocking IO Total Latencies (us): [0, 0, 0, 0, 0, 0, 0, 0, 0, 0, 0, 0]"
"13-08-2026 14:21:54","104","Information","Microsoft-Windows-Kernel-Cache","Volume Periodic Cache Read Latency Information:

                       Device GUID: {c5c572ba-c5d0-47f6-864e-13eb05e6d46c}
                       Period Duration (microseconds): 3644145811

                       Latency Bucket Values:  [256us, 1ms, 4ms, 16ms, 64ms, 128ms, 256ms, 2000ms, 6000ms, 10000ms, 20000ms, 20000+ms]

                       Synchronous Read IO Counts: [3418679, 11438, 1210, 278, 88, 17, 0, 3, 0, 0, 0, 0]
                       Synchronous Read IO Total Latencies (us): [13286578, 4386159, 1940076, 1675595, 2676947, 1300949, 0, 1481745, 0, 0, 0, 0]
                       Synchronous Read Non-Blocking IO Counts: [39643, 0, 0, 0, 0, 0, 0, 0, 0, 0, 0, 0]
                       Synchronous Read Non-Blocking IO Total Latencies (us): [0, 0, 0, 0, 0, 0, 0, 0, 0, 0, 0, 0]
                       Asynchronous Read IO Counts: [867, 828, 193, 76, 64, 5, 0, 0, 0, 0, 0, 0]
                       Asynchronous Read IO Total Latencies (us): [162540, 354650, 409708, 498485, 2497600, 430558, 0, 0, 0, 0, 0, 0]"
"13-08-2026 14:21:54","103","Information","Microsoft-Windows-Kernel-Cache","Volume Periodic Cache Information:

                       Device GUID: {c5c572ba-c5d0-47f6-864e-13eb05e6d46c}
                       Period Duration (microseconds): 3644145811
                       Total Dirty Pages: 3845861253
                       Maximum Dirty Pages: 28342
                       Total Dirty Page Threshold: 22194775715
                       Top Dirty Page Threshold: 506518
                       Bottom Dirty Page Threshold: 506518
                       Dirty Page Samples: 524897
                       Total Lazy Writer Calls: 21310
                       Total Lazy Writer Latency: 40166372
                       Total Lazy Writer Pages Flushed: 588058
                       Lazy Writer Average Pages Per Second: 10271
                       Total Pages Queued to Disk: 13819489
                       Maximum Pages Queued to Disk: 6867
                       Pages Queued to Disk Samples: 111306
                       Total Metadata Pages Queued to Disk: 4454510
                       Maximum Metadata Pages Queued to Disk: 1509
                       Metadata Pages Queued to Disk Samples: 111315
                       Read Total Bytes: 535336730733
                       Read Paged-In Total Bytes: 13070334183
                       Read-Ahead Total Bytes: 1048576
                       Cache Hit Ratio (%): 97
                       Total Writes: 604559
                       Total Hard-Throttle Writes: 0
                       Total Soft-Throttle Writes: 0
                       Total Synchronous Read IO Count: 3431741
                       Total Synchronous Non-Blocking Read IO Count: 39643
                       Total Failed Synchronous Non-Blocking Read IO Count: 2035
                       Synchronous Read IO Maximum Latency (us): 547958
                       Synchronous Read IO Non-Blocking Maximum Latency (us): 0
                       Total Synchronous Write IO Count: 562782
                       Total Synchronous Non-Blocking Write IO Count: 12652
                       Total Failed Synchronous Non-Blocking Write IO Count: 83
                       Synchronous Write IO Maximum Latency (us): 356852
                       Synchronous Write IO Non-Blockinig Maximum Latency (us): 0
                       Total Asynchronous Read IO Count: 2033
                       Asynchronous Read IO Maximum Latency (us): 101098"
"13-08-2026 14:21:54","102","Information","Microsoft-Windows-Kernel-Cache","Global Periodic Cache Information:

                       Period Duration (microseconds): 3644145811
                       Number of NUMA Nodes: 120002
                       Event Samples: 46
                       Total Number of Mapped VACBs: 536624
                       Total Partition Samples: 46
                       Total Volume Samples: 184
                       Total Pages Yet to Write: 24911
                       Total Dirty Pages: 20900
                       Total Available Pages: 27198219
                       Total Physical Pages: 186398808
                       Total Number of Worker Threads: 736
                       Total Number of Active Worker Threads: 0
                       Total Average Available Pages: 124795950
                       Total Average Dirty Pages: 20946
                       CopyRead Calls: 3475961
                       AsyncCopyRead Calls: 2035
                       CopyWriteCalls: 579817
                       SetValidData Calls: 24953
                       FlushCache Calls: 120002"
"13-08-2026 13:21:09","105","Information","Microsoft-Windows-Kernel-Cache","Volume Periodic Cache Write Latency Information:

                       Device GUID: {f06ef650-de5a-4a43-abb8-73f2ff6a56fd}
                       Period Duration (microseconds): 3644136931

                       Latency Bucket Values:  [256us, 1ms, 4ms, 16ms, 64ms, 128ms, 256ms, 2000ms, 6000ms, 10000ms, 20000ms, 20000+ms]

                       Synchronous Write IO Counts: [6, 5, 0, 0, 1, 0, 0, 0, 0, 0, 0, 0]
                       Synchronous Write IO Total Latencies (us): [1103, 1668, 0, 0, 36180, 0, 0, 0, 0, 0, 0, 0]
                       Synchronous Write Non-Blocking IO Counts: [3, 0, 0, 0, 0, 0, 0, 0, 0, 0, 0, 0]
                       Synchronous Write Non-Blocking IO Total Latencies (us): [0, 0, 0, 0, 0, 0, 0, 0, 0, 0, 0, 0]"
"13-08-2026 13:21:09","104","Information","Microsoft-Windows-Kernel-Cache","Volume Periodic Cache Read Latency Information:

                       Device GUID: {f06ef650-de5a-4a43-abb8-73f2ff6a56fd}
                       Period Duration (microseconds): 3644136931

                       Latency Bucket Values:  [256us, 1ms, 4ms, 16ms, 64ms, 128ms, 256ms, 2000ms, 6000ms, 10000ms, 20000ms, 20000+ms]

                       Synchronous Read IO Counts: [0, 0, 0, 0, 0, 0, 0, 0, 0, 0, 0, 0]
                       Synchronous Read IO Total Latencies (us): [0, 0, 0, 0, 0, 0, 0, 0, 0, 0, 0, 0]
                       Synchronous Read Non-Blocking IO Counts: [0, 0, 0, 0, 0, 0, 0, 0, 0, 0, 0, 0]
                       Synchronous Read Non-Blocking IO Total Latencies (us): [0, 0, 0, 0, 0, 0, 0, 0, 0, 0, 0, 0]
                       Asynchronous Read IO Counts: [0, 0, 0, 0, 0, 0, 0, 0, 0, 0, 0, 0]
                       Asynchronous Read IO Total Latencies (us): [0, 0, 0, 0, 0, 0, 0, 0, 0, 0, 0, 0]"
"13-08-2026 13:21:09","103","Information","Microsoft-Windows-Kernel-Cache","Volume Periodic Cache Information:

                       Device GUID: {f06ef650-de5a-4a43-abb8-73f2ff6a56fd}
                       Period Duration (microseconds): 3644136931
                       Total Dirty Pages: 144
                       Maximum Dirty Pages: 12
                       Total Dirty Page Threshold: 675840
                       Top Dirty Page Threshold: 506518
                       Bottom Dirty Page Threshold: 506518
                       Dirty Page Samples: 66
                       Total Lazy Writer Calls: 0
                       Total Lazy Writer Latency: 0
                       Total Lazy Writer Pages Flushed: 0
                       Lazy Writer Average Pages Per Second: 0
                       Total Pages Queued to Disk: 2
                       Maximum Pages Queued to Disk: 1
                       Pages Queued to Disk Samples: 4
                       Total Metadata Pages Queued to Disk: 0
                       Maximum Metadata Pages Queued to Disk: 0
                       Metadata Pages Queued to Disk Samples: 4
                       Read Total Bytes: 0
                       Read Paged-In Total Bytes: 0
                       Read-Ahead Total Bytes: 0
                       Cache Hit Ratio (%): 0
                       Total Writes: 27
                       Total Hard-Throttle Writes: 0
                       Total Soft-Throttle Writes: 0
                       Total Synchronous Read IO Count: 0
                       Total Synchronous Non-Blocking Read IO Count: 0
                       Total Failed Synchronous Non-Blocking Read IO Count: 0
                       Synchronous Read IO Maximum Latency (us): 0
                       Synchronous Read IO Non-Blocking Maximum Latency (us): 0
                       Total Synchronous Write IO Count: 12
                       Total Synchronous Non-Blocking Write IO Count: 3
                       Total Failed Synchronous Non-Blocking Write IO Count: 0
                       Synchronous Write IO Maximum Latency (us): 36180
                       Synchronous Write IO Non-Blockinig Maximum Latency (us): 0
                       Total Asynchronous Read IO Count: 0
                       Asynchronous Read IO Maximum Latency (us): 0"
"13-08-2026 13:21:09","105","Information","Microsoft-Windows-Kernel-Cache","Volume Periodic Cache Write Latency Information:

                       Device GUID: {00000000-0000-0000-0000-000000000000}
                       Period Duration (microseconds): 3644136931

                       Latency Bucket Values:  [256us, 1ms, 4ms, 16ms, 64ms, 128ms, 256ms, 2000ms, 6000ms, 10000ms, 20000ms, 20000+ms]

                       Synchronous Write IO Counts: [0, 0, 0, 0, 0, 0, 0, 0, 0, 0, 0, 0]
                       Synchronous Write IO Total Latencies (us): [0, 0, 0, 0, 0, 0, 0, 0, 0, 0, 0, 0]
                       Synchronous Write Non-Blocking IO Counts: [0, 0, 0, 0, 0, 0, 0, 0, 0, 0, 0, 0]
                       Synchronous Write Non-Blocking IO Total Latencies (us): [0, 0, 0, 0, 0, 0, 0, 0, 0, 0, 0, 0]"
"13-08-2026 13:21:09","104","Information","Microsoft-Windows-Kernel-Cache","Volume Periodic Cache Read Latency Information:

                       Device GUID: {00000000-0000-0000-0000-000000000000}
                       Period Duration (microseconds): 3644136931

                       Latency Bucket Values:  [256us, 1ms, 4ms, 16ms, 64ms, 128ms, 256ms, 2000ms, 6000ms, 10000ms, 20000ms, 20000+ms]

                       Synchronous Read IO Counts: [8, 0, 0, 0, 0, 0, 0, 0, 0, 0, 0, 0]
                       Synchronous Read IO Total Latencies (us): [398, 0, 0, 0, 0, 0, 0, 0, 0, 0, 0, 0]
                       Synchronous Read Non-Blocking IO Counts: [0, 0, 0, 0, 0, 0, 0, 0, 0, 0, 0, 0]
                       Synchronous Read Non-Blocking IO Total Latencies (us): [0, 0, 0, 0, 0, 0, 0, 0, 0, 0, 0, 0]
                       Asynchronous Read IO Counts: [0, 0, 0, 0, 0, 0, 0, 0, 0, 0, 0, 0]
                       Asynchronous Read IO Total Latencies (us): [0, 0, 0, 0, 0, 0, 0, 0, 0, 0, 0, 0]"
"13-08-2026 13:21:09","103","Information","Microsoft-Windows-Kernel-Cache","Volume Periodic Cache Information:

                       Device GUID: {00000000-0000-0000-0000-000000000000}
                       Period Duration (microseconds): 3644136931
                       Total Dirty Pages: 0
                       Maximum Dirty Pages: 0
                       Total Dirty Page Threshold: 0
                       Top Dirty Page Threshold: 0
                       Bottom Dirty Page Threshold: 0
                       Dirty Page Samples: 0
                       Total Lazy Writer Calls: 0
                       Total Lazy Writer Latency: 0
                       Total Lazy Writer Pages Flushed: 0
                       Lazy Writer Average Pages Per Second: 0
                       Total Pages Queued to Disk: 0
                       Maximum Pages Queued to Disk: 0
                       Pages Queued to Disk Samples: 0
                       Total Metadata Pages Queued to Disk: 0
                       Maximum Metadata Pages Queued to Disk: 0
                       Metadata Pages Queued to Disk Samples: 0
                       Read Total Bytes: 2097152
                       Read Paged-In Total Bytes: 1048576
                       Read-Ahead Total Bytes: 0
                       Cache Hit Ratio (%): 50
                       Total Writes: 0
                       Total Hard-Throttle Writes: 0
                       Total Soft-Throttle Writes: 0
                       Total Synchronous Read IO Count: 8
                       Total Synchronous Non-Blocking Read IO Count: 0
                       Total Failed Synchronous Non-Blocking Read IO Count: 0
                       Synchronous Read IO Maximum Latency (us): 132
                       Synchronous Read IO Non-Blocking Maximum Latency (us): 0
                       Total Synchronous Write IO Count: 0
                       Total Synchronous Non-Blocking Write IO Count: 0
                       Total Failed Synchronous Non-Blocking Write IO Count: 0
                       Synchronous Write IO Maximum Latency (us): 0
                       Synchronous Write IO Non-Blockinig Maximum Latency (us): 0
                       Total Asynchronous Read IO Count: 0
                       Asynchronous Read IO Maximum Latency (us): 0"
"13-08-2026 13:21:09","105","Information","Microsoft-Windows-Kernel-Cache","Volume Periodic Cache Write Latency Information:

                       Device GUID: {c5c572ba-c5d0-47f6-864e-13eb05e6d46c}
                       Period Duration (microseconds): 3644136931

                       Latency Bucket Values:  [256us, 1ms, 4ms, 16ms, 64ms, 128ms, 256ms, 2000ms, 6000ms, 10000ms, 20000ms, 20000+ms]

                       Synchronous Write IO Counts: [2249036, 2175, 706, 274, 31, 1, 0, 0, 0, 0, 0, 0]
                       Synchronous Write IO Total Latencies (us): [1051106, 1162079, 1353150, 1420780, 778511, 88855, 0, 0, 0, 0, 0, 0]
                       Synchronous Write Non-Blocking IO Counts: [15343, 0, 0, 0, 0, 0, 0, 0, 0, 0, 0, 0]
                       Synchronous Write Non-Blocking IO Total Latencies (us): [0, 0, 0, 0, 0, 0, 0, 0, 0, 0, 0, 0]"
"13-08-2026 13:21:09","104","Information","Microsoft-Windows-Kernel-Cache","Volume Periodic Cache Read Latency Information:

                       Device GUID: {c5c572ba-c5d0-47f6-864e-13eb05e6d46c}
                       Period Duration (microseconds): 3644136931

                       Latency Bucket Values:  [256us, 1ms, 4ms, 16ms, 64ms, 128ms, 256ms, 2000ms, 6000ms, 10000ms, 20000ms, 20000+ms]

                       Synchronous Read IO Counts: [19188608, 60340, 10950, 1378, 87, 3, 0, 0, 0, 0, 0, 0]
                       Synchronous Read IO Total Latencies (us): [13597874, 24438518, 15452080, 7055600, 2413469, 211763, 0, 0, 0, 0, 0, 0]
                       Synchronous Read Non-Blocking IO Counts: [34568, 0, 0, 0, 0, 0, 0, 0, 0, 0, 0, 0]
                       Synchronous Read Non-Blocking IO Total Latencies (us): [0, 0, 0, 0, 0, 0, 0, 0, 0, 0, 0, 0]
                       Asynchronous Read IO Counts: [1527, 784, 136, 35, 3, 0, 0, 0, 0, 0, 0, 0]
                       Asynchronous Read IO Total Latencies (us): [249122, 328369, 254070, 161222, 101559, 0, 0, 0, 0, 0, 0, 0]"
"13-08-2026 13:21:09","103","Information","Microsoft-Windows-Kernel-Cache","Volume Periodic Cache Information:

                       Device GUID: {c5c572ba-c5d0-47f6-864e-13eb05e6d46c}
                       Period Duration (microseconds): 3644136931
                       Total Dirty Pages: 1219780581
                       Maximum Dirty Pages: 18982
                       Total Dirty Page Threshold: 78469150501
                       Top Dirty Page Threshold: 506518
                       Bottom Dirty Page Threshold: 506518
                       Dirty Page Samples: 1498768
                       Total Lazy Writer Calls: 19556
                       Total Lazy Writer Latency: 36595840
                       Total Lazy Writer Pages Flushed: 347189
                       Lazy Writer Average Pages Per Second: 4633
                       Total Pages Queued to Disk: 9606757
                       Maximum Pages Queued to Disk: 4590
                       Pages Queued to Disk Samples: 99191
                       Total Metadata Pages Queued to Disk: 1552620
                       Maximum Metadata Pages Queued to Disk: 428
                       Metadata Pages Queued to Disk Samples: 99193
                       Read Total Bytes: 2558057018678
                       Read Paged-In Total Bytes: 20640451211
                       Read-Ahead Total Bytes: 0
                       Cache Hit Ratio (%): 99
                       Total Writes: 2277480
                       Total Hard-Throttle Writes: 0
                       Total Soft-Throttle Writes: 0
                       Total Synchronous Read IO Count: 19261608
                       Total Synchronous Non-Blocking Read IO Count: 34568
                       Total Failed Synchronous Non-Blocking Read IO Count: 2485
                       Synchronous Read IO Maximum Latency (us): 71041
                       Synchronous Read IO Non-Blocking Maximum Latency (us): 0
                       Total Synchronous Write IO Count: 2252228
                       Total Synchronous Non-Blocking Write IO Count: 15343
                       Total Failed Synchronous Non-Blocking Write IO Count: 532
                       Synchronous Write IO Maximum Latency (us): 88855
                       Synchronous Write IO Non-Blockinig Maximum Latency (us): 0
                       Total Asynchronous Read IO Count: 2484
                       Asynchronous Read IO Maximum Latency (us): 60196"
"13-08-2026 13:21:09","102","Information","Microsoft-Windows-Kernel-Cache","Global Periodic Cache Information:

                       Period Duration (microseconds): 3644136931
                       Number of NUMA Nodes: 106735
                       Event Samples: 47
                       Total Number of Mapped VACBs: 469887
                       Total Partition Samples: 47
                       Total Volume Samples: 188
                       Total Pages Yet to Write: 25181
                       Total Dirty Pages: 34969
                       Total Available Pages: 27902007
                       Total Physical Pages: 190450956
                       Total Number of Worker Threads: 752
                       Total Number of Active Worker Threads: 0
                       Total Average Available Pages: 131893974
                       Total Average Dirty Pages: 29260
                       CopyRead Calls: 19300588
                       AsyncCopyRead Calls: 2485
                       CopyWriteCalls: 2277919
                       SetValidData Calls: 23877
                       FlushCache Calls: 106735"
"13-08-2026 12:20:25","105","Information","Microsoft-Windows-Kernel-Cache","Volume Periodic Cache Write Latency Information:

                       Device GUID: {f06ef650-de5a-4a43-abb8-73f2ff6a56fd}
                       Period Duration (microseconds): 3644146434

                       Latency Bucket Values:  [256us, 1ms, 4ms, 16ms, 64ms, 128ms, 256ms, 2000ms, 6000ms, 10000ms, 20000ms, 20000+ms]

                       Synchronous Write IO Counts: [3, 1, 0, 0, 6, 0, 0, 1, 0, 0, 0, 0]
                       Synchronous Write IO Total Latencies (us): [625, 550, 0, 0, 185327, 0, 0, 265160, 0, 0, 0, 0]
                       Synchronous Write Non-Blocking IO Counts: [2, 0, 0, 0, 0, 0, 0, 0, 0, 0, 0, 0]
                       Synchronous Write Non-Blocking IO Total Latencies (us): [0, 0, 0, 0, 0, 0, 0, 0, 0, 0, 0, 0]"
"13-08-2026 12:20:25","104","Information","Microsoft-Windows-Kernel-Cache","Volume Periodic Cache Read Latency Information:

                       Device GUID: {f06ef650-de5a-4a43-abb8-73f2ff6a56fd}
                       Period Duration (microseconds): 3644146434

                       Latency Bucket Values:  [256us, 1ms, 4ms, 16ms, 64ms, 128ms, 256ms, 2000ms, 6000ms, 10000ms, 20000ms, 20000+ms]

                       Synchronous Read IO Counts: [0, 0, 0, 0, 0, 0, 0, 0, 0, 0, 0, 0]
                       Synchronous Read IO Total Latencies (us): [0, 0, 0, 0, 0, 0, 0, 0, 0, 0, 0, 0]
                       Synchronous Read Non-Blocking IO Counts: [0, 0, 0, 0, 0, 0, 0, 0, 0, 0, 0, 0]
                       Synchronous Read Non-Blocking IO Total Latencies (us): [0, 0, 0, 0, 0, 0, 0, 0, 0, 0, 0, 0]
                       Asynchronous Read IO Counts: [0, 0, 0, 0, 0, 0, 0, 0, 0, 0, 0, 0]
                       Asynchronous Read IO Total Latencies (us): [0, 0, 0, 0, 0, 0, 0, 0, 0, 0, 0, 0]"
"13-08-2026 12:20:25","103","Information","Microsoft-Windows-Kernel-Cache","Volume Periodic Cache Information:

                       Device GUID: {f06ef650-de5a-4a43-abb8-73f2ff6a56fd}
                       Period Duration (microseconds): 3644146434
                       Total Dirty Pages: 88
                       Maximum Dirty Pages: 12
                       Total Dirty Page Threshold: 512000
                       Top Dirty Page Threshold: 506518
                       Bottom Dirty Page Threshold: 506518
                       Dirty Page Samples: 50
                       Total Lazy Writer Calls: 0
                       Total Lazy Writer Latency: 0
                       Total Lazy Writer Pages Flushed: 0
                       Lazy Writer Average Pages Per Second: 0
                       Total Pages Queued to Disk: 1
                       Maximum Pages Queued to Disk: 1
                       Pages Queued to Disk Samples: 2
                       Total Metadata Pages Queued to Disk: 0
                       Maximum Metadata Pages Queued to Disk: 0
                       Metadata Pages Queued to Disk Samples: 2
                       Read Total Bytes: 0
                       Read Paged-In Total Bytes: 0
                       Read-Ahead Total Bytes: 0
                       Cache Hit Ratio (%): 0
                       Total Writes: 24
                       Total Hard-Throttle Writes: 0
                       Total Soft-Throttle Writes: 0
                       Total Synchronous Read IO Count: 0
                       Total Synchronous Non-Blocking Read IO Count: 0
                       Total Failed Synchronous Non-Blocking Read IO Count: 0
                       Synchronous Read IO Maximum Latency (us): 0
                       Synchronous Read IO Non-Blocking Maximum Latency (us): 0
                       Total Synchronous Write IO Count: 11
                       Total Synchronous Non-Blocking Write IO Count: 2
                       Total Failed Synchronous Non-Blocking Write IO Count: 0
                       Synchronous Write IO Maximum Latency (us): 265160
                       Synchronous Write IO Non-Blockinig Maximum Latency (us): 0
                       Total Asynchronous Read IO Count: 0
                       Asynchronous Read IO Maximum Latency (us): 0"
"13-08-2026 12:20:25","105","Information","Microsoft-Windows-Kernel-Cache","Volume Periodic Cache Write Latency Information:

                       Device GUID: {00000000-0000-0000-0000-000000000000}
                       Period Duration (microseconds): 3644146434

                       Latency Bucket Values:  [256us, 1ms, 4ms, 16ms, 64ms, 128ms, 256ms, 2000ms, 6000ms, 10000ms, 20000ms, 20000+ms]

                       Synchronous Write IO Counts: [0, 0, 0, 0, 0, 0, 0, 0, 0, 0, 0, 0]
                       Synchronous Write IO Total Latencies (us): [0, 0, 0, 0, 0, 0, 0, 0, 0, 0, 0, 0]
                       Synchronous Write Non-Blocking IO Counts: [0, 0, 0, 0, 0, 0, 0, 0, 0, 0, 0, 0]
                       Synchronous Write Non-Blocking IO Total Latencies (us): [0, 0, 0, 0, 0, 0, 0, 0, 0, 0, 0, 0]"
"13-08-2026 12:20:25","104","Information","Microsoft-Windows-Kernel-Cache","Volume Periodic Cache Read Latency Information:

                       Device GUID: {00000000-0000-0000-0000-000000000000}
                       Period Duration (microseconds): 3644146434

                       Latency Bucket Values:  [256us, 1ms, 4ms, 16ms, 64ms, 128ms, 256ms, 2000ms, 6000ms, 10000ms, 20000ms, 20000+ms]

                       Synchronous Read IO Counts: [21, 3, 0, 0, 0, 0, 0, 0, 0, 0, 0, 0]
                       Synchronous Read IO Total Latencies (us): [853, 824, 0, 0, 0, 0, 0, 0, 0, 0, 0, 0]
                       Synchronous Read Non-Blocking IO Counts: [0, 0, 0, 0, 0, 0, 0, 0, 0, 0, 0, 0]
                       Synchronous Read Non-Blocking IO Total Latencies (us): [0, 0, 0, 0, 0, 0, 0, 0, 0, 0, 0, 0]
                       Asynchronous Read IO Counts: [0, 0, 0, 0, 0, 0, 0, 0, 0, 0, 0, 0]
                       Asynchronous Read IO Total Latencies (us): [0, 0, 0, 0, 0, 0, 0, 0, 0, 0, 0, 0]"
"13-08-2026 12:20:25","103","Information","Microsoft-Windows-Kernel-Cache","Volume Periodic Cache Information:

                       Device GUID: {00000000-0000-0000-0000-000000000000}
                       Period Duration (microseconds): 3644146434
                       Total Dirty Pages: 0
                       Maximum Dirty Pages: 0
                       Total Dirty Page Threshold: 0
                       Top Dirty Page Threshold: 0
                       Bottom Dirty Page Threshold: 0
                       Dirty Page Samples: 0
                       Total Lazy Writer Calls: 0
                       Total Lazy Writer Latency: 0
                       Total Lazy Writer Pages Flushed: 0
                       Lazy Writer Average Pages Per Second: 0
                       Total Pages Queued to Disk: 0
                       Maximum Pages Queued to Disk: 0
                       Pages Queued to Disk Samples: 0
                       Total Metadata Pages Queued to Disk: 0
                       Maximum Metadata Pages Queued to Disk: 0
                       Metadata Pages Queued to Disk Samples: 0
                       Read Total Bytes: 6284800
                       Read Paged-In Total Bytes: 2359296
                       Read-Ahead Total Bytes: 0
                       Cache Hit Ratio (%): 62
                       Total Writes: 0
                       Total Hard-Throttle Writes: 0
                       Total Soft-Throttle Writes: 0
                       Total Synchronous Read IO Count: 24
                       Total Synchronous Non-Blocking Read IO Count: 0
                       Total Failed Synchronous Non-Blocking Read IO Count: 0
                       Synchronous Read IO Maximum Latency (us): 278
                       Synchronous Read IO Non-Blocking Maximum Latency (us): 0
                       Total Synchronous Write IO Count: 0
                       Total Synchronous Non-Blocking Write IO Count: 0
                       Total Failed Synchronous Non-Blocking Write IO Count: 0
                       Synchronous Write IO Maximum Latency (us): 0
                       Synchronous Write IO Non-Blockinig Maximum Latency (us): 0
                       Total Asynchronous Read IO Count: 0
                       Asynchronous Read IO Maximum Latency (us): 0"
"13-08-2026 12:20:25","105","Information","Microsoft-Windows-Kernel-Cache","Volume Periodic Cache Write Latency Information:

                       Device GUID: {c5c572ba-c5d0-47f6-864e-13eb05e6d46c}
                       Period Duration (microseconds): 3644146434

                       Latency Bucket Values:  [256us, 1ms, 4ms, 16ms, 64ms, 128ms, 256ms, 2000ms, 6000ms, 10000ms, 20000ms, 20000+ms]

                       Synchronous Write IO Counts: [4482508, 3344, 669, 319, 105, 27, 1, 1, 0, 0, 0, 0]
                       Synchronous Write IO Total Latencies (us): [1462471, 1507621, 1277043, 1958787, 3306404, 2344201, 165565, 1288595, 0, 0, 0, 0]
                       Synchronous Write Non-Blocking IO Counts: [10318, 0, 0, 0, 0, 0, 0, 0, 0, 0, 0, 0]
                       Synchronous Write Non-Blocking IO Total Latencies (us): [0, 0, 0, 0, 0, 0, 0, 0, 0, 0, 0, 0]"
"13-08-2026 12:20:25","104","Information","Microsoft-Windows-Kernel-Cache","Volume Periodic Cache Read Latency Information:

                       Device GUID: {c5c572ba-c5d0-47f6-864e-13eb05e6d46c}
                       Period Duration (microseconds): 3644146434

                       Latency Bucket Values:  [256us, 1ms, 4ms, 16ms, 64ms, 128ms, 256ms, 2000ms, 6000ms, 10000ms, 20000ms, 20000+ms]

                       Synchronous Read IO Counts: [23341768, 24140, 3514, 839, 261, 97, 13, 2, 0, 0, 0, 0]
                       Synchronous Read IO Total Latencies (us): [19047071, 9082981, 5582947, 5586992, 9080449, 8428366, 2212821, 1075008, 0, 0, 0, 0]
                       Synchronous Read Non-Blocking IO Counts: [38501, 0, 0, 0, 0, 0, 0, 0, 0, 0, 0, 0]
                       Synchronous Read Non-Blocking IO Total Latencies (us): [0, 0, 0, 0, 0, 0, 0, 0, 0, 0, 0, 0]
                       Asynchronous Read IO Counts: [2387, 2199, 541, 59, 8, 2, 0, 0, 0, 0, 0, 0]
                       Asynchronous Read IO Total Latencies (us): [430896, 972433, 927675, 297465, 278003, 152156, 0, 0, 0, 0, 0, 0]"
