"04-08-2026 09:13:20","105","Information","Microsoft-Windows-Diagnosis-DPS","Diagnostic module {45de1ea9-10bc-4f96-9b21-4b6b83dbf476} (%windir%\system32\radardt.dll) started troubleshooting scenario {180b3a99-8c39-4f12-b631-2031998efe45}, instance {4fa9b28f-984c-462a-9b94-1acfeff4c527}, original activity ID {00000000-0000-0000-0000-000000000000}."
"04-08-2026 09:13:20","100","Information","Microsoft-Windows-Diagnosis-DPS","Diagnostic module {45de1ea9-10bc-4f96-9b21-4b6b83dbf476} (%windir%\system32\radardt.dll) detected a problem for scenario {180b3a99-8c39-4f12-b631-2031998efe45}, instance {4fa9b28f-984c-462a-9b94-1acfeff4c527}, original activity ID {00000000-0000-0000-0000-000000000000}."
"03-08-2026 09:51:07","105","Information","Microsoft-Windows-Diagnosis-DPS","Diagnostic module {45de1ea9-10bc-4f96-9b21-4b6b83dbf476} (%windir%\system32\radardt.dll) started troubleshooting scenario {180b3a99-8c39-4f12-b631-2031998efe45}, instance {8390bbea-dccb-4289-96c2-1f0f5cdf3db5}, original activity ID {00000000-0000-0000-0000-000000000000}."
"03-08-2026 09:51:07","100","Information","Microsoft-Windows-Diagnosis-DPS","Diagnostic module {45de1ea9-10bc-4f96-9b21-4b6b83dbf476} (%windir%\system32\radardt.dll) detected a problem for scenario {180b3a99-8c39-4f12-b631-2031998efe45}, instance {8390bbea-dccb-4289-96c2-1f0f5cdf3db5}, original activity ID {00000000-0000-0000-0000-000000000000}."
"03-08-2026 09:28:05","120","Information","Microsoft-Windows-Diagnosis-DPS","Diagnostic module {b171ab1c-60e9-4301-a338-beab1c70b3e9} (%SystemRoot%\system32\diagperf.dll) finished troubleshooting scenario {3a5d4378-9d2f-4393-b1e5-34f5fa9a1140}, instance {e3c43b7a-a638-493b-afb3-f4841d515241}, original activity ID {32e07446-f733-4f8c-afdd-1835d1a35962}.  It set resolution {b171ab1c-60e9-4301-a338-beab1c70b3e9} for user S-1-1-0 in session 0 with expiration date ‎2026‎-‎11‎-‎01T03:58:05.568578900Z.  The resolution was queued to start later."
"03-08-2026 09:28:05","105","Information","Microsoft-Windows-Diagnosis-DPS","Diagnostic module {b171ab1c-60e9-4301-a338-beab1c70b3e9} (%SystemRoot%\system32\diagperf.dll) started troubleshooting scenario {3a5d4378-9d2f-4393-b1e5-34f5fa9a1140}, instance {e3c43b7a-a638-493b-afb3-f4841d515241}, original activity ID {32e07446-f733-4f8c-afdd-1835d1a35962}."
"03-08-2026 09:28:05","100","Information","Microsoft-Windows-Diagnosis-DPS","Diagnostic module {b171ab1c-60e9-4301-a338-beab1c70b3e9} (%SystemRoot%\system32\diagperf.dll) detected a problem for scenario {3a5d4378-9d2f-4393-b1e5-34f5fa9a1140}, instance {e3c43b7a-a638-493b-afb3-f4841d515241}, original activity ID {32e07446-f733-4f8c-afdd-1835d1a35962}."
"03-08-2026 09:28:04","110","Information","Microsoft-Windows-Diagnosis-DPS","Diagnostic module {c8544339-5be9-4f25-862e-485f1b1a6935} (%SystemRoot%\system32\diagperf.dll) finished troubleshooting scenario {86432a0b-3c7d-4ddf-a89c-172faa90485d}, instance {32e07446-f733-4f8c-afdd-1835d1a35962}, original activity ID {86432a0b-3c7d-4ddf-a89c-172faa90485d}.  No resolution was set by the diagnostic module."
"03-08-2026 09:27:52","105","Information","Microsoft-Windows-Diagnosis-DPS","Diagnostic module {c8544339-5be9-4f25-862e-485f1b1a6935} (%SystemRoot%\system32\diagperf.dll) started troubleshooting scenario {86432a0b-3c7d-4ddf-a89c-172faa90485d}, instance {32e07446-f733-4f8c-afdd-1835d1a35962}, original activity ID {86432a0b-3c7d-4ddf-a89c-172faa90485d}."
"03-08-2026 09:27:52","100","Information","Microsoft-Windows-Diagnosis-DPS","Diagnostic module {c8544339-5be9-4f25-862e-485f1b1a6935} (%SystemRoot%\system32\diagperf.dll) detected a problem for scenario {86432a0b-3c7d-4ddf-a89c-172faa90485d}, instance {32e07446-f733-4f8c-afdd-1835d1a35962}, original activity ID {86432a0b-3c7d-4ddf-a89c-172faa90485d}."
"31-07-2026 12:19:38","130","Information","Microsoft-Windows-Diagnosis-DPS","Diagnostic module {5ee64afb-398d-4edb-af71-3b830219abf7} (%windir%\system32\radarrs.dll) finished resolving scenario {180b3a99-8c39-4f12-b631-2031998efe45}, instance {3ba6cb6c-bc41-41df-b7cc-c5a9430f8245}, original activity ID {00000000-0000-0000-0000-000000000000}."
"31-07-2026 12:19:35","125","Information","Microsoft-Windows-Diagnosis-DPS","Diagnostic module {5ee64afb-398d-4edb-af71-3b830219abf7} (%windir%\system32\radarrs.dll) started resolving scenario {180b3a99-8c39-4f12-b631-2031998efe45}, instance {3ba6cb6c-bc41-41df-b7cc-c5a9430f8245}, original activity ID {00000000-0000-0000-0000-000000000000}."
"31-07-2026 12:19:35","115","Information","Microsoft-Windows-Diagnosis-DPS","Diagnostic module {45de1ea9-10bc-4f96-9b21-4b6b83dbf476} (%windir%\system32\radardt.dll) finished troubleshooting scenario {180b3a99-8c39-4f12-b631-2031998efe45}, instance {3ba6cb6c-bc41-41df-b7cc-c5a9430f8245}, original activity ID {00000000-0000-0000-0000-000000000000}.  It set resolution {5ee64afb-398d-4edb-af71-3b830219abf7} for user S-1-12-1-2357405129-1281513531-255772574-1816207334 in session 1 with expiration date ‎1601‎-‎01‎-‎01T00:00:00.000000000Z.  The resolution will be started immediately."
"31-07-2026 12:19:35","105","Information","Microsoft-Windows-Diagnosis-DPS","Diagnostic module {45de1ea9-10bc-4f96-9b21-4b6b83dbf476} (%windir%\system32\radardt.dll) started troubleshooting scenario {180b3a99-8c39-4f12-b631-2031998efe45}, instance {3ba6cb6c-bc41-41df-b7cc-c5a9430f8245}, original activity ID {00000000-0000-0000-0000-000000000000}."
"31-07-2026 12:19:35","100","Information","Microsoft-Windows-Diagnosis-DPS","Diagnostic module {45de1ea9-10bc-4f96-9b21-4b6b83dbf476} (%windir%\system32\radardt.dll) detected a problem for scenario {180b3a99-8c39-4f12-b631-2031998efe45}, instance {3ba6cb6c-bc41-41df-b7cc-c5a9430f8245}, original activity ID {00000000-0000-0000-0000-000000000000}."
"31-07-2026 09:46:55","110","Information","Microsoft-Windows-Diagnosis-DPS","Diagnostic module {c8544339-5be9-4f25-862e-485f1b1a6935} (%SystemRoot%\system32\diagperf.dll) finished troubleshooting scenario {86432a0b-3c7d-4ddf-a89c-172faa90485d}, instance {b5224737-9c0a-413d-8b8d-8e2d93d8d9a0}, original activity ID {86432a0b-3c7d-4ddf-a89c-172faa90485d}.  No resolution was set by the diagnostic module."
"31-07-2026 09:46:42","105","Information","Microsoft-Windows-Diagnosis-DPS","Diagnostic module {c8544339-5be9-4f25-862e-485f1b1a6935} (%SystemRoot%\system32\diagperf.dll) started troubleshooting scenario {86432a0b-3c7d-4ddf-a89c-172faa90485d}, instance {b5224737-9c0a-413d-8b8d-8e2d93d8d9a0}, original activity ID {86432a0b-3c7d-4ddf-a89c-172faa90485d}."
"31-07-2026 09:46:42","100","Information","Microsoft-Windows-Diagnosis-DPS","Diagnostic module {c8544339-5be9-4f25-862e-485f1b1a6935} (%SystemRoot%\system32\diagperf.dll) detected a problem for scenario {86432a0b-3c7d-4ddf-a89c-172faa90485d}, instance {b5224737-9c0a-413d-8b8d-8e2d93d8d9a0}, original activity ID {86432a0b-3c7d-4ddf-a89c-172faa90485d}."
"31-07-2026 09:44:24","105","Information","Microsoft-Windows-Diagnosis-DPS","Diagnostic module {15fba3b8-a37a-4f91-bdba-fbb98fe804bf} (%SystemRoot%\system32\diagperf.dll) started troubleshooting scenario {2698178d-fdad-40ae-9d3c-1371703adc5b}, instance {b6631e2a-305d-4856-a537-18302e693da6}, original activity ID {2698178d-fdad-40ae-9d3c-1371703adc5b}."
"31-07-2026 09:44:24","100","Information","Microsoft-Windows-Diagnosis-DPS","Diagnostic module {15fba3b8-a37a-4f91-bdba-fbb98fe804bf} (%SystemRoot%\system32\diagperf.dll) detected a problem for scenario {2698178d-fdad-40ae-9d3c-1371703adc5b}, instance {b6631e2a-305d-4856-a537-18302e693da6}, original activity ID {2698178d-fdad-40ae-9d3c-1371703adc5b}."
"31-07-2026 09:38:59","105","Information","Microsoft-Windows-Diagnosis-DPS","Diagnostic module {45de1ea9-10bc-4f96-9b21-4b6b83dbf476} (%windir%\system32\radardt.dll) started troubleshooting scenario {180b3a99-8c39-4f12-b631-2031998efe45}, instance {06cc07a5-02d2-43d7-bd08-a57206f221c5}, original activity ID {00000000-0000-0000-0000-000000000000}."
"31-07-2026 09:38:59","100","Information","Microsoft-Windows-Diagnosis-DPS","Diagnostic module {45de1ea9-10bc-4f96-9b21-4b6b83dbf476} (%windir%\system32\radardt.dll) detected a problem for scenario {180b3a99-8c39-4f12-b631-2031998efe45}, instance {06cc07a5-02d2-43d7-bd08-a57206f221c5}, original activity ID {00000000-0000-0000-0000-000000000000}."
"31-07-2026 09:33:59","105","Information","Microsoft-Windows-Diagnosis-DPS","Diagnostic module {45de1ea9-10bc-4f96-9b21-4b6b83dbf476} (%windir%\system32\radardt.dll) started troubleshooting scenario {180b3a99-8c39-4f12-b631-2031998efe45}, instance {f63df69b-9803-46ae-a9b7-78bf7c6f82f2}, original activity ID {00000000-0000-0000-0000-000000000000}."
"31-07-2026 09:33:59","100","Information","Microsoft-Windows-Diagnosis-DPS","Diagnostic module {45de1ea9-10bc-4f96-9b21-4b6b83dbf476} (%windir%\system32\radardt.dll) detected a problem for scenario {180b3a99-8c39-4f12-b631-2031998efe45}, instance {f63df69b-9803-46ae-a9b7-78bf7c6f82f2}, original activity ID {00000000-0000-0000-0000-000000000000}."
"30-07-2026 19:46:42","105","Information","Microsoft-Windows-Diagnosis-DPS","Diagnostic module {45de1ea9-10bc-4f96-9b21-4b6b83dbf476} (%windir%\system32\radardt.dll) started troubleshooting scenario {180b3a99-8c39-4f12-b631-2031998efe45}, instance {9deac0b3-6703-493c-899e-1f92f07e9569}, original activity ID {00000000-0000-0000-0000-000000000000}."
"30-07-2026 19:46:42","100","Information","Microsoft-Windows-Diagnosis-DPS","Diagnostic module {45de1ea9-10bc-4f96-9b21-4b6b83dbf476} (%windir%\system32\radardt.dll) detected a problem for scenario {180b3a99-8c39-4f12-b631-2031998efe45}, instance {9deac0b3-6703-493c-899e-1f92f07e9569}, original activity ID {00000000-0000-0000-0000-000000000000}."
"30-07-2026 19:41:42","105","Information","Microsoft-Windows-Diagnosis-DPS","Diagnostic module {45de1ea9-10bc-4f96-9b21-4b6b83dbf476} (%windir%\system32\radardt.dll) started troubleshooting scenario {180b3a99-8c39-4f12-b631-2031998efe45}, instance {902f88a2-2e93-43f2-926c-0edacda525be}, original activity ID {00000000-0000-0000-0000-000000000000}."
"30-07-2026 19:41:42","100","Information","Microsoft-Windows-Diagnosis-DPS","Diagnostic module {45de1ea9-10bc-4f96-9b21-4b6b83dbf476} (%windir%\system32\radardt.dll) detected a problem for scenario {180b3a99-8c39-4f12-b631-2031998efe45}, instance {902f88a2-2e93-43f2-926c-0edacda525be}, original activity ID {00000000-0000-0000-0000-000000000000}."
"30-07-2026 19:36:42","105","Information","Microsoft-Windows-Diagnosis-DPS","Diagnostic module {45de1ea9-10bc-4f96-9b21-4b6b83dbf476} (%windir%\system32\radardt.dll) started troubleshooting scenario {180b3a99-8c39-4f12-b631-2031998efe45}, instance {17c5e286-ffcb-493d-85a7-c9cbf1ec3e67}, original activity ID {00000000-0000-0000-0000-000000000000}."
"30-07-2026 19:36:42","100","Information","Microsoft-Windows-Diagnosis-DPS","Diagnostic module {45de1ea9-10bc-4f96-9b21-4b6b83dbf476} (%windir%\system32\radardt.dll) detected a problem for scenario {180b3a99-8c39-4f12-b631-2031998efe45}, instance {17c5e286-ffcb-493d-85a7-c9cbf1ec3e67}, original activity ID {00000000-0000-0000-0000-000000000000}."
"30-07-2026 19:31:42","105","Information","Microsoft-Windows-Diagnosis-DPS","Diagnostic module {45de1ea9-10bc-4f96-9b21-4b6b83dbf476} (%windir%\system32\radardt.dll) started troubleshooting scenario {180b3a99-8c39-4f12-b631-2031998efe45}, instance {6f9b5fdd-1507-40be-a5b8-cd54a803fc9d}, original activity ID {00000000-0000-0000-0000-000000000000}."
"30-07-2026 19:31:42","100","Information","Microsoft-Windows-Diagnosis-DPS","Diagnostic module {45de1ea9-10bc-4f96-9b21-4b6b83dbf476} (%windir%\system32\radardt.dll) detected a problem for scenario {180b3a99-8c39-4f12-b631-2031998efe45}, instance {6f9b5fdd-1507-40be-a5b8-cd54a803fc9d}, original activity ID {00000000-0000-0000-0000-000000000000}."
"30-07-2026 19:26:42","105","Information","Microsoft-Windows-Diagnosis-DPS","Diagnostic module {45de1ea9-10bc-4f96-9b21-4b6b83dbf476} (%windir%\system32\radardt.dll) started troubleshooting scenario {180b3a99-8c39-4f12-b631-2031998efe45}, instance {7ba8d0e0-3995-4449-830c-f2bc615b7df2}, original activity ID {00000000-0000-0000-0000-000000000000}."
"30-07-2026 19:26:42","100","Information","Microsoft-Windows-Diagnosis-DPS","Diagnostic module {45de1ea9-10bc-4f96-9b21-4b6b83dbf476} (%windir%\system32\radardt.dll) detected a problem for scenario {180b3a99-8c39-4f12-b631-2031998efe45}, instance {7ba8d0e0-3995-4449-830c-f2bc615b7df2}, original activity ID {00000000-0000-0000-0000-000000000000}."
"30-07-2026 19:21:42","105","Information","Microsoft-Windows-Diagnosis-DPS","Diagnostic module {45de1ea9-10bc-4f96-9b21-4b6b83dbf476} (%windir%\system32\radardt.dll) started troubleshooting scenario {180b3a99-8c39-4f12-b631-2031998efe45}, instance {91b541d8-7353-463b-bd5c-6d38807fc063}, original activity ID {00000000-0000-0000-0000-000000000000}."
"30-07-2026 19:21:42","100","Information","Microsoft-Windows-Diagnosis-DPS","Diagnostic module {45de1ea9-10bc-4f96-9b21-4b6b83dbf476} (%windir%\system32\radardt.dll) detected a problem for scenario {180b3a99-8c39-4f12-b631-2031998efe45}, instance {91b541d8-7353-463b-bd5c-6d38807fc063}, original activity ID {00000000-0000-0000-0000-000000000000}."
"30-07-2026 19:16:42","105","Information","Microsoft-Windows-Diagnosis-DPS","Diagnostic module {45de1ea9-10bc-4f96-9b21-4b6b83dbf476} (%windir%\system32\radardt.dll) started troubleshooting scenario {180b3a99-8c39-4f12-b631-2031998efe45}, instance {ad553696-1413-41d3-ac01-b46f70f6cfdd}, original activity ID {00000000-0000-0000-0000-000000000000}."
"30-07-2026 19:16:42","100","Information","Microsoft-Windows-Diagnosis-DPS","Diagnostic module {45de1ea9-10bc-4f96-9b21-4b6b83dbf476} (%windir%\system32\radardt.dll) detected a problem for scenario {180b3a99-8c39-4f12-b631-2031998efe45}, instance {ad553696-1413-41d3-ac01-b46f70f6cfdd}, original activity ID {00000000-0000-0000-0000-000000000000}."
"30-07-2026 19:11:42","105","Information","Microsoft-Windows-Diagnosis-DPS","Diagnostic module {45de1ea9-10bc-4f96-9b21-4b6b83dbf476} (%windir%\system32\radardt.dll) started troubleshooting scenario {180b3a99-8c39-4f12-b631-2031998efe45}, instance {b250278a-5efd-46fa-9142-7176d6884311}, original activity ID {00000000-0000-0000-0000-000000000000}."
"30-07-2026 19:11:42","100","Information","Microsoft-Windows-Diagnosis-DPS","Diagnostic module {45de1ea9-10bc-4f96-9b21-4b6b83dbf476} (%windir%\system32\radardt.dll) detected a problem for scenario {180b3a99-8c39-4f12-b631-2031998efe45}, instance {b250278a-5efd-46fa-9142-7176d6884311}, original activity ID {00000000-0000-0000-0000-000000000000}."
"30-07-2026 19:06:42","105","Information","Microsoft-Windows-Diagnosis-DPS","Diagnostic module {45de1ea9-10bc-4f96-9b21-4b6b83dbf476} (%windir%\system32\radardt.dll) started troubleshooting scenario {180b3a99-8c39-4f12-b631-2031998efe45}, instance {0d822507-3312-4a8e-8b9a-79138c6ca50c}, original activity ID {00000000-0000-0000-0000-000000000000}."
"30-07-2026 19:06:42","100","Information","Microsoft-Windows-Diagnosis-DPS","Diagnostic module {45de1ea9-10bc-4f96-9b21-4b6b83dbf476} (%windir%\system32\radardt.dll) detected a problem for scenario {180b3a99-8c39-4f12-b631-2031998efe45}, instance {0d822507-3312-4a8e-8b9a-79138c6ca50c}, original activity ID {00000000-0000-0000-0000-000000000000}."
"30-07-2026 19:01:42","105","Information","Microsoft-Windows-Diagnosis-DPS","Diagnostic module {45de1ea9-10bc-4f96-9b21-4b6b83dbf476} (%windir%\system32\radardt.dll) started troubleshooting scenario {180b3a99-8c39-4f12-b631-2031998efe45}, instance {594bbc4d-7528-4b4f-96f3-c9a95900d07a}, original activity ID {00000000-0000-0000-0000-000000000000}."
"30-07-2026 19:01:42","100","Information","Microsoft-Windows-Diagnosis-DPS","Diagnostic module {45de1ea9-10bc-4f96-9b21-4b6b83dbf476} (%windir%\system32\radardt.dll) detected a problem for scenario {180b3a99-8c39-4f12-b631-2031998efe45}, instance {594bbc4d-7528-4b4f-96f3-c9a95900d07a}, original activity ID {00000000-0000-0000-0000-000000000000}."
"30-07-2026 18:56:42","105","Information","Microsoft-Windows-Diagnosis-DPS","Diagnostic module {45de1ea9-10bc-4f96-9b21-4b6b83dbf476} (%windir%\system32\radardt.dll) started troubleshooting scenario {180b3a99-8c39-4f12-b631-2031998efe45}, instance {8b494e65-ddf1-4d2d-92ab-9ee322e4668f}, original activity ID {00000000-0000-0000-0000-000000000000}."
"30-07-2026 18:56:42","100","Information","Microsoft-Windows-Diagnosis-DPS","Diagnostic module {45de1ea9-10bc-4f96-9b21-4b6b83dbf476} (%windir%\system32\radardt.dll) detected a problem for scenario {180b3a99-8c39-4f12-b631-2031998efe45}, instance {8b494e65-ddf1-4d2d-92ab-9ee322e4668f}, original activity ID {00000000-0000-0000-0000-000000000000}."
"30-07-2026 18:51:42","105","Information","Microsoft-Windows-Diagnosis-DPS","Diagnostic module {45de1ea9-10bc-4f96-9b21-4b6b83dbf476} (%windir%\system32\radardt.dll) started troubleshooting scenario {180b3a99-8c39-4f12-b631-2031998efe45}, instance {a6330751-65de-4875-84ab-84bcbd2d8883}, original activity ID {00000000-0000-0000-0000-000000000000}."
"30-07-2026 18:51:42","100","Information","Microsoft-Windows-Diagnosis-DPS","Diagnostic module {45de1ea9-10bc-4f96-9b21-4b6b83dbf476} (%windir%\system32\radardt.dll) detected a problem for scenario {180b3a99-8c39-4f12-b631-2031998efe45}, instance {a6330751-65de-4875-84ab-84bcbd2d8883}, original activity ID {00000000-0000-0000-0000-000000000000}."
"30-07-2026 18:42:20","105","Information","Microsoft-Windows-Diagnosis-DPS","Diagnostic module {45de1ea9-10bc-4f96-9b21-4b6b83dbf476} (%windir%\system32\radardt.dll) started troubleshooting scenario {180b3a99-8c39-4f12-b631-2031998efe45}, instance {82e9617c-8d05-4dbb-a662-66cdf36675b7}, original activity ID {00000000-0000-0000-0000-000000000000}."
"30-07-2026 18:42:20","100","Information","Microsoft-Windows-Diagnosis-DPS","Diagnostic module {45de1ea9-10bc-4f96-9b21-4b6b83dbf476} (%windir%\system32\radardt.dll) detected a problem for scenario {180b3a99-8c39-4f12-b631-2031998efe45}, instance {82e9617c-8d05-4dbb-a662-66cdf36675b7}, original activity ID {00000000-0000-0000-0000-000000000000}."
"30-07-2026 18:37:20","105","Information","Microsoft-Windows-Diagnosis-DPS","Diagnostic module {45de1ea9-10bc-4f96-9b21-4b6b83dbf476} (%windir%\system32\radardt.dll) started troubleshooting scenario {180b3a99-8c39-4f12-b631-2031998efe45}, instance {6e24c75d-25ec-4d17-80e1-8ff0c190e035}, original activity ID {00000000-0000-0000-0000-000000000000}."
"30-07-2026 18:37:20","100","Information","Microsoft-Windows-Diagnosis-DPS","Diagnostic module {45de1ea9-10bc-4f96-9b21-4b6b83dbf476} (%windir%\system32\radardt.dll) detected a problem for scenario {180b3a99-8c39-4f12-b631-2031998efe45}, instance {6e24c75d-25ec-4d17-80e1-8ff0c190e035}, original activity ID {00000000-0000-0000-0000-000000000000}."
"30-07-2026 18:32:20","105","Information","Microsoft-Windows-Diagnosis-DPS","Diagnostic module {45de1ea9-10bc-4f96-9b21-4b6b83dbf476} (%windir%\system32\radardt.dll) started troubleshooting scenario {180b3a99-8c39-4f12-b631-2031998efe45}, instance {08b4587c-f5d4-4a68-9b89-1730c673be5a}, original activity ID {00000000-0000-0000-0000-000000000000}."
"30-07-2026 18:32:20","100","Information","Microsoft-Windows-Diagnosis-DPS","Diagnostic module {45de1ea9-10bc-4f96-9b21-4b6b83dbf476} (%windir%\system32\radardt.dll) detected a problem for scenario {180b3a99-8c39-4f12-b631-2031998efe45}, instance {08b4587c-f5d4-4a68-9b89-1730c673be5a}, original activity ID {00000000-0000-0000-0000-000000000000}."
"30-07-2026 18:27:20","105","Information","Microsoft-Windows-Diagnosis-DPS","Diagnostic module {45de1ea9-10bc-4f96-9b21-4b6b83dbf476} (%windir%\system32\radardt.dll) started troubleshooting scenario {180b3a99-8c39-4f12-b631-2031998efe45}, instance {38b62495-df53-49d2-abe1-45db8e6b3b0d}, original activity ID {00000000-0000-0000-0000-000000000000}."
"30-07-2026 18:27:20","100","Information","Microsoft-Windows-Diagnosis-DPS","Diagnostic module {45de1ea9-10bc-4f96-9b21-4b6b83dbf476} (%windir%\system32\radardt.dll) detected a problem for scenario {180b3a99-8c39-4f12-b631-2031998efe45}, instance {38b62495-df53-49d2-abe1-45db8e6b3b0d}, original activity ID {00000000-0000-0000-0000-000000000000}."
"30-07-2026 18:22:20","105","Information","Microsoft-Windows-Diagnosis-DPS","Diagnostic module {45de1ea9-10bc-4f96-9b21-4b6b83dbf476} (%windir%\system32\radardt.dll) started troubleshooting scenario {180b3a99-8c39-4f12-b631-2031998efe45}, instance {05ee1273-5927-4c85-9eee-b08b8baec0bd}, original activity ID {00000000-0000-0000-0000-000000000000}."
"30-07-2026 18:22:20","100","Information","Microsoft-Windows-Diagnosis-DPS","Diagnostic module {45de1ea9-10bc-4f96-9b21-4b6b83dbf476} (%windir%\system32\radardt.dll) detected a problem for scenario {180b3a99-8c39-4f12-b631-2031998efe45}, instance {05ee1273-5927-4c85-9eee-b08b8baec0bd}, original activity ID {00000000-0000-0000-0000-000000000000}."
"30-07-2026 18:12:27","105","Information","Microsoft-Windows-Diagnosis-DPS","Diagnostic module {45de1ea9-10bc-4f96-9b21-4b6b83dbf476} (%windir%\system32\radardt.dll) started troubleshooting scenario {180b3a99-8c39-4f12-b631-2031998efe45}, instance {62f657ac-de51-43b1-9cd9-3b218cdaa82e}, original activity ID {00000000-0000-0000-0000-000000000000}."
"30-07-2026 18:12:27","100","Information","Microsoft-Windows-Diagnosis-DPS","Diagnostic module {45de1ea9-10bc-4f96-9b21-4b6b83dbf476} (%windir%\system32\radardt.dll) detected a problem for scenario {180b3a99-8c39-4f12-b631-2031998efe45}, instance {62f657ac-de51-43b1-9cd9-3b218cdaa82e}, original activity ID {00000000-0000-0000-0000-000000000000}."
"30-07-2026 18:07:27","105","Information","Microsoft-Windows-Diagnosis-DPS","Diagnostic module {45de1ea9-10bc-4f96-9b21-4b6b83dbf476} (%windir%\system32\radardt.dll) started troubleshooting scenario {180b3a99-8c39-4f12-b631-2031998efe45}, instance {d616b3e0-6609-40a2-aaf0-910aec89e398}, original activity ID {00000000-0000-0000-0000-000000000000}."
"30-07-2026 18:07:27","100","Information","Microsoft-Windows-Diagnosis-DPS","Diagnostic module {45de1ea9-10bc-4f96-9b21-4b6b83dbf476} (%windir%\system32\radardt.dll) detected a problem for scenario {180b3a99-8c39-4f12-b631-2031998efe45}, instance {d616b3e0-6609-40a2-aaf0-910aec89e398}, original activity ID {00000000-0000-0000-0000-000000000000}."
"30-07-2026 18:02:27","105","Information","Microsoft-Windows-Diagnosis-DPS","Diagnostic module {45de1ea9-10bc-4f96-9b21-4b6b83dbf476} (%windir%\system32\radardt.dll) started troubleshooting scenario {180b3a99-8c39-4f12-b631-2031998efe45}, instance {21c90a59-9e91-457c-acd9-5c1fe76470c3}, original activity ID {00000000-0000-0000-0000-000000000000}."
"30-07-2026 18:02:27","100","Information","Microsoft-Windows-Diagnosis-DPS","Diagnostic module {45de1ea9-10bc-4f96-9b21-4b6b83dbf476} (%windir%\system32\radardt.dll) detected a problem for scenario {180b3a99-8c39-4f12-b631-2031998efe45}, instance {21c90a59-9e91-457c-acd9-5c1fe76470c3}, original activity ID {00000000-0000-0000-0000-000000000000}."
"30-07-2026 17:57:27","105","Information","Microsoft-Windows-Diagnosis-DPS","Diagnostic module {45de1ea9-10bc-4f96-9b21-4b6b83dbf476} (%windir%\system32\radardt.dll) started troubleshooting scenario {180b3a99-8c39-4f12-b631-2031998efe45}, instance {9659da74-9b2f-4540-9932-7b2a18349600}, original activity ID {00000000-0000-0000-0000-000000000000}."
"30-07-2026 17:57:27","100","Information","Microsoft-Windows-Diagnosis-DPS","Diagnostic module {45de1ea9-10bc-4f96-9b21-4b6b83dbf476} (%windir%\system32\radardt.dll) detected a problem for scenario {180b3a99-8c39-4f12-b631-2031998efe45}, instance {9659da74-9b2f-4540-9932-7b2a18349600}, original activity ID {00000000-0000-0000-0000-000000000000}."
"30-07-2026 17:52:27","105","Information","Microsoft-Windows-Diagnosis-DPS","Diagnostic module {45de1ea9-10bc-4f96-9b21-4b6b83dbf476} (%windir%\system32\radardt.dll) started troubleshooting scenario {180b3a99-8c39-4f12-b631-2031998efe45}, instance {685f60eb-2c3d-4c71-98f5-81b57dd809cc}, original activity ID {00000000-0000-0000-0000-000000000000}."
"30-07-2026 17:52:27","100","Information","Microsoft-Windows-Diagnosis-DPS","Diagnostic module {45de1ea9-10bc-4f96-9b21-4b6b83dbf476} (%windir%\system32\radardt.dll) detected a problem for scenario {180b3a99-8c39-4f12-b631-2031998efe45}, instance {685f60eb-2c3d-4c71-98f5-81b57dd809cc}, original activity ID {00000000-0000-0000-0000-000000000000}."
"30-07-2026 17:47:27","105","Information","Microsoft-Windows-Diagnosis-DPS","Diagnostic module {45de1ea9-10bc-4f96-9b21-4b6b83dbf476} (%windir%\system32\radardt.dll) started troubleshooting scenario {180b3a99-8c39-4f12-b631-2031998efe45}, instance {abf9237c-82e5-419a-a7c5-f36ae91232fc}, original activity ID {00000000-0000-0000-0000-000000000000}."
"30-07-2026 17:47:27","100","Information","Microsoft-Windows-Diagnosis-DPS","Diagnostic module {45de1ea9-10bc-4f96-9b21-4b6b83dbf476} (%windir%\system32\radardt.dll) detected a problem for scenario {180b3a99-8c39-4f12-b631-2031998efe45}, instance {abf9237c-82e5-419a-a7c5-f36ae91232fc}, original activity ID {00000000-0000-0000-0000-000000000000}."
"30-07-2026 17:42:27","105","Information","Microsoft-Windows-Diagnosis-DPS","Diagnostic module {45de1ea9-10bc-4f96-9b21-4b6b83dbf476} (%windir%\system32\radardt.dll) started troubleshooting scenario {180b3a99-8c39-4f12-b631-2031998efe45}, instance {a35b5584-e9a1-4acc-b4c5-88c72317cc36}, original activity ID {00000000-0000-0000-0000-000000000000}."
"30-07-2026 17:42:27","100","Information","Microsoft-Windows-Diagnosis-DPS","Diagnostic module {45de1ea9-10bc-4f96-9b21-4b6b83dbf476} (%windir%\system32\radardt.dll) detected a problem for scenario {180b3a99-8c39-4f12-b631-2031998efe45}, instance {a35b5584-e9a1-4acc-b4c5-88c72317cc36}, original activity ID {00000000-0000-0000-0000-000000000000}."
"30-07-2026 17:37:27","105","Information","Microsoft-Windows-Diagnosis-DPS","Diagnostic module {45de1ea9-10bc-4f96-9b21-4b6b83dbf476} (%windir%\system32\radardt.dll) started troubleshooting scenario {180b3a99-8c39-4f12-b631-2031998efe45}, instance {069eca72-b5fb-404e-9677-56d4886a8582}, original activity ID {00000000-0000-0000-0000-000000000000}."
"30-07-2026 17:37:27","100","Information","Microsoft-Windows-Diagnosis-DPS","Diagnostic module {45de1ea9-10bc-4f96-9b21-4b6b83dbf476} (%windir%\system32\radardt.dll) detected a problem for scenario {180b3a99-8c39-4f12-b631-2031998efe45}, instance {069eca72-b5fb-404e-9677-56d4886a8582}, original activity ID {00000000-0000-0000-0000-000000000000}."
"30-07-2026 17:32:27","105","Information","Microsoft-Windows-Diagnosis-DPS","Diagnostic module {45de1ea9-10bc-4f96-9b21-4b6b83dbf476} (%windir%\system32\radardt.dll) started troubleshooting scenario {180b3a99-8c39-4f12-b631-2031998efe45}, instance {ffb0e29e-56ab-4361-8f39-f6737c2d4647}, original activity ID {00000000-0000-0000-0000-000000000000}."
"30-07-2026 17:32:27","100","Information","Microsoft-Windows-Diagnosis-DPS","Diagnostic module {45de1ea9-10bc-4f96-9b21-4b6b83dbf476} (%windir%\system32\radardt.dll) detected a problem for scenario {180b3a99-8c39-4f12-b631-2031998efe45}, instance {ffb0e29e-56ab-4361-8f39-f6737c2d4647}, original activity ID {00000000-0000-0000-0000-000000000000}."
"30-07-2026 17:27:27","105","Information","Microsoft-Windows-Diagnosis-DPS","Diagnostic module {45de1ea9-10bc-4f96-9b21-4b6b83dbf476} (%windir%\system32\radardt.dll) started troubleshooting scenario {180b3a99-8c39-4f12-b631-2031998efe45}, instance {14efd3c2-60c4-4381-a522-5dbf9e0bc3ce}, original activity ID {00000000-0000-0000-0000-000000000000}."
"30-07-2026 17:27:27","100","Information","Microsoft-Windows-Diagnosis-DPS","Diagnostic module {45de1ea9-10bc-4f96-9b21-4b6b83dbf476} (%windir%\system32\radardt.dll) detected a problem for scenario {180b3a99-8c39-4f12-b631-2031998efe45}, instance {14efd3c2-60c4-4381-a522-5dbf9e0bc3ce}, original activity ID {00000000-0000-0000-0000-000000000000}."
"30-07-2026 17:22:27","105","Information","Microsoft-Windows-Diagnosis-DPS","Diagnostic module {45de1ea9-10bc-4f96-9b21-4b6b83dbf476} (%windir%\system32\radardt.dll) started troubleshooting scenario {180b3a99-8c39-4f12-b631-2031998efe45}, instance {e0684fe9-99e0-4da4-bac1-530cdd47ecb5}, original activity ID {00000000-0000-0000-0000-000000000000}."
"30-07-2026 17:22:27","100","Information","Microsoft-Windows-Diagnosis-DPS","Diagnostic module {45de1ea9-10bc-4f96-9b21-4b6b83dbf476} (%windir%\system32\radardt.dll) detected a problem for scenario {180b3a99-8c39-4f12-b631-2031998efe45}, instance {e0684fe9-99e0-4da4-bac1-530cdd47ecb5}, original activity ID {00000000-0000-0000-0000-000000000000}."
"30-07-2026 17:17:27","105","Information","Microsoft-Windows-Diagnosis-DPS","Diagnostic module {45de1ea9-10bc-4f96-9b21-4b6b83dbf476} (%windir%\system32\radardt.dll) started troubleshooting scenario {180b3a99-8c39-4f12-b631-2031998efe45}, instance {3583ca2a-c0d4-4a9f-9d6b-a6a67c306829}, original activity ID {00000000-0000-0000-0000-000000000000}."
"30-07-2026 17:17:27","100","Information","Microsoft-Windows-Diagnosis-DPS","Diagnostic module {45de1ea9-10bc-4f96-9b21-4b6b83dbf476} (%windir%\system32\radardt.dll) detected a problem for scenario {180b3a99-8c39-4f12-b631-2031998efe45}, instance {3583ca2a-c0d4-4a9f-9d6b-a6a67c306829}, original activity ID {00000000-0000-0000-0000-000000000000}."
"30-07-2026 17:12:27","105","Information","Microsoft-Windows-Diagnosis-DPS","Diagnostic module {45de1ea9-10bc-4f96-9b21-4b6b83dbf476} (%windir%\system32\radardt.dll) started troubleshooting scenario {180b3a99-8c39-4f12-b631-2031998efe45}, instance {ee61ff98-78ce-42f0-b9b1-61ade84cf8ec}, original activity ID {00000000-0000-0000-0000-000000000000}."
"30-07-2026 17:12:27","100","Information","Microsoft-Windows-Diagnosis-DPS","Diagnostic module {45de1ea9-10bc-4f96-9b21-4b6b83dbf476} (%windir%\system32\radardt.dll) detected a problem for scenario {180b3a99-8c39-4f12-b631-2031998efe45}, instance {ee61ff98-78ce-42f0-b9b1-61ade84cf8ec}, original activity ID {00000000-0000-0000-0000-000000000000}."
"30-07-2026 17:07:27","105","Information","Microsoft-Windows-Diagnosis-DPS","Diagnostic module {45de1ea9-10bc-4f96-9b21-4b6b83dbf476} (%windir%\system32\radardt.dll) started troubleshooting scenario {180b3a99-8c39-4f12-b631-2031998efe45}, instance {18ad573c-114c-43f0-9fb9-44a097f5a1c5}, original activity ID {00000000-0000-0000-0000-000000000000}."
"30-07-2026 17:07:27","100","Information","Microsoft-Windows-Diagnosis-DPS","Diagnostic module {45de1ea9-10bc-4f96-9b21-4b6b83dbf476} (%windir%\system32\radardt.dll) detected a problem for scenario {180b3a99-8c39-4f12-b631-2031998efe45}, instance {18ad573c-114c-43f0-9fb9-44a097f5a1c5}, original activity ID {00000000-0000-0000-0000-000000000000}."
"30-07-2026 17:02:27","105","Information","Microsoft-Windows-Diagnosis-DPS","Diagnostic module {45de1ea9-10bc-4f96-9b21-4b6b83dbf476} (%windir%\system32\radardt.dll) started troubleshooting scenario {180b3a99-8c39-4f12-b631-2031998efe45}, instance {a5047cb2-cf3c-4ae6-94cc-e3b8f009a82a}, original activity ID {00000000-0000-0000-0000-000000000000}."
"30-07-2026 17:02:27","100","Information","Microsoft-Windows-Diagnosis-DPS","Diagnostic module {45de1ea9-10bc-4f96-9b21-4b6b83dbf476} (%windir%\system32\radardt.dll) detected a problem for scenario {180b3a99-8c39-4f12-b631-2031998efe45}, instance {a5047cb2-cf3c-4ae6-94cc-e3b8f009a82a}, original activity ID {00000000-0000-0000-0000-000000000000}."
"30-07-2026 16:57:27","105","Information","Microsoft-Windows-Diagnosis-DPS","Diagnostic module {45de1ea9-10bc-4f96-9b21-4b6b83dbf476} (%windir%\system32\radardt.dll) started troubleshooting scenario {180b3a99-8c39-4f12-b631-2031998efe45}, instance {4de86df9-4631-47a2-959d-811f53ddbf8d}, original activity ID {00000000-0000-0000-0000-000000000000}."
"30-07-2026 16:57:27","100","Information","Microsoft-Windows-Diagnosis-DPS","Diagnostic module {45de1ea9-10bc-4f96-9b21-4b6b83dbf476} (%windir%\system32\radardt.dll) detected a problem for scenario {180b3a99-8c39-4f12-b631-2031998efe45}, instance {4de86df9-4631-47a2-959d-811f53ddbf8d}, original activity ID {00000000-0000-0000-0000-000000000000}."
"30-07-2026 16:52:27","105","Information","Microsoft-Windows-Diagnosis-DPS","Diagnostic module {45de1ea9-10bc-4f96-9b21-4b6b83dbf476} (%windir%\system32\radardt.dll) started troubleshooting scenario {180b3a99-8c39-4f12-b631-2031998efe45}, instance {8551bc24-b84f-426b-af39-76c56e18be41}, original activity ID {00000000-0000-0000-0000-000000000000}."
"30-07-2026 16:52:27","100","Information","Microsoft-Windows-Diagnosis-DPS","Diagnostic module {45de1ea9-10bc-4f96-9b21-4b6b83dbf476} (%windir%\system32\radardt.dll) detected a problem for scenario {180b3a99-8c39-4f12-b631-2031998efe45}, instance {8551bc24-b84f-426b-af39-76c56e18be41}, original activity ID {00000000-0000-0000-0000-000000000000}."
"30-07-2026 16:47:26","105","Information","Microsoft-Windows-Diagnosis-DPS","Diagnostic module {45de1ea9-10bc-4f96-9b21-4b6b83dbf476} (%windir%\system32\radardt.dll) started troubleshooting scenario {180b3a99-8c39-4f12-b631-2031998efe45}, instance {9a99ac89-ed9d-4cee-b365-ce00c8d16f63}, original activity ID {00000000-0000-0000-0000-000000000000}."
"30-07-2026 16:47:26","100","Information","Microsoft-Windows-Diagnosis-DPS","Diagnostic module {45de1ea9-10bc-4f96-9b21-4b6b83dbf476} (%windir%\system32\radardt.dll) detected a problem for scenario {180b3a99-8c39-4f12-b631-2031998efe45}, instance {9a99ac89-ed9d-4cee-b365-ce00c8d16f63}, original activity ID {00000000-0000-0000-0000-000000000000}."
"30-07-2026 16:42:26","105","Information","Microsoft-Windows-Diagnosis-DPS","Diagnostic module {45de1ea9-10bc-4f96-9b21-4b6b83dbf476} (%windir%\system32\radardt.dll) started troubleshooting scenario {180b3a99-8c39-4f12-b631-2031998efe45}, instance {7cfdf14d-7ab0-42b7-977b-964aeeca87ae}, original activity ID {00000000-0000-0000-0000-000000000000}."
"30-07-2026 16:42:26","100","Information","Microsoft-Windows-Diagnosis-DPS","Diagnostic module {45de1ea9-10bc-4f96-9b21-4b6b83dbf476} (%windir%\system32\radardt.dll) detected a problem for scenario {180b3a99-8c39-4f12-b631-2031998efe45}, instance {7cfdf14d-7ab0-42b7-977b-964aeeca87ae}, original activity ID {00000000-0000-0000-0000-000000000000}."
"30-07-2026 16:37:26","105","Information","Microsoft-Windows-Diagnosis-DPS","Diagnostic module {45de1ea9-10bc-4f96-9b21-4b6b83dbf476} (%windir%\system32\radardt.dll) started troubleshooting scenario {180b3a99-8c39-4f12-b631-2031998efe45}, instance {074c587d-dc00-4b97-b3fb-87fe82e3082f}, original activity ID {00000000-0000-0000-0000-000000000000}."
"30-07-2026 16:37:26","100","Information","Microsoft-Windows-Diagnosis-DPS","Diagnostic module {45de1ea9-10bc-4f96-9b21-4b6b83dbf476} (%windir%\system32\radardt.dll) detected a problem for scenario {180b3a99-8c39-4f12-b631-2031998efe45}, instance {074c587d-dc00-4b97-b3fb-87fe82e3082f}, original activity ID {00000000-0000-0000-0000-000000000000}."
"30-07-2026 16:32:26","105","Information","Microsoft-Windows-Diagnosis-DPS","Diagnostic module {45de1ea9-10bc-4f96-9b21-4b6b83dbf476} (%windir%\system32\radardt.dll) started troubleshooting scenario {180b3a99-8c39-4f12-b631-2031998efe45}, instance {03304b2b-9589-45db-b083-0aebfb23a8d8}, original activity ID {00000000-0000-0000-0000-000000000000}."
"30-07-2026 16:32:26","100","Information","Microsoft-Windows-Diagnosis-DPS","Diagnostic module {45de1ea9-10bc-4f96-9b21-4b6b83dbf476} (%windir%\system32\radardt.dll) detected a problem for scenario {180b3a99-8c39-4f12-b631-2031998efe45}, instance {03304b2b-9589-45db-b083-0aebfb23a8d8}, original activity ID {00000000-0000-0000-0000-000000000000}."
"30-07-2026 16:27:26","105","Information","Microsoft-Windows-Diagnosis-DPS","Diagnostic module {45de1ea9-10bc-4f96-9b21-4b6b83dbf476} (%windir%\system32\radardt.dll) started troubleshooting scenario {180b3a99-8c39-4f12-b631-2031998efe45}, instance {90bfcc54-dc6b-4501-b366-f4c125f0baa4}, original activity ID {00000000-0000-0000-0000-000000000000}."
"30-07-2026 16:27:26","100","Information","Microsoft-Windows-Diagnosis-DPS","Diagnostic module {45de1ea9-10bc-4f96-9b21-4b6b83dbf476} (%windir%\system32\radardt.dll) detected a problem for scenario {180b3a99-8c39-4f12-b631-2031998efe45}, instance {90bfcc54-dc6b-4501-b366-f4c125f0baa4}, original activity ID {00000000-0000-0000-0000-000000000000}."
"30-07-2026 16:22:26","105","Information","Microsoft-Windows-Diagnosis-DPS","Diagnostic module {45de1ea9-10bc-4f96-9b21-4b6b83dbf476} (%windir%\system32\radardt.dll) started troubleshooting scenario {180b3a99-8c39-4f12-b631-2031998efe45}, instance {ea4f0e44-29ba-47d7-9dfc-68b3c87f232a}, original activity ID {00000000-0000-0000-0000-000000000000}."
"30-07-2026 16:22:26","100","Information","Microsoft-Windows-Diagnosis-DPS","Diagnostic module {45de1ea9-10bc-4f96-9b21-4b6b83dbf476} (%windir%\system32\radardt.dll) detected a problem for scenario {180b3a99-8c39-4f12-b631-2031998efe45}, instance {ea4f0e44-29ba-47d7-9dfc-68b3c87f232a}, original activity ID {00000000-0000-0000-0000-000000000000}."
"30-07-2026 16:17:26","105","Information","Microsoft-Windows-Diagnosis-DPS","Diagnostic module {45de1ea9-10bc-4f96-9b21-4b6b83dbf476} (%windir%\system32\radardt.dll) started troubleshooting scenario {180b3a99-8c39-4f12-b631-2031998efe45}, instance {f8037a81-160c-4a70-8e62-e1831465905e}, original activity ID {00000000-0000-0000-0000-000000000000}."
"30-07-2026 16:17:26","100","Information","Microsoft-Windows-Diagnosis-DPS","Diagnostic module {45de1ea9-10bc-4f96-9b21-4b6b83dbf476} (%windir%\system32\radardt.dll) detected a problem for scenario {180b3a99-8c39-4f12-b631-2031998efe45}, instance {f8037a81-160c-4a70-8e62-e1831465905e}, original activity ID {00000000-0000-0000-0000-000000000000}."
"30-07-2026 16:12:26","105","Information","Microsoft-Windows-Diagnosis-DPS","Diagnostic module {45de1ea9-10bc-4f96-9b21-4b6b83dbf476} (%windir%\system32\radardt.dll) started troubleshooting scenario {180b3a99-8c39-4f12-b631-2031998efe45}, instance {b0fb902d-2583-4f27-aa37-c2aab8634c16}, original activity ID {00000000-0000-0000-0000-000000000000}."
"30-07-2026 16:12:26","100","Information","Microsoft-Windows-Diagnosis-DPS","Diagnostic module {45de1ea9-10bc-4f96-9b21-4b6b83dbf476} (%windir%\system32\radardt.dll) detected a problem for scenario {180b3a99-8c39-4f12-b631-2031998efe45}, instance {b0fb902d-2583-4f27-aa37-c2aab8634c16}, original activity ID {00000000-0000-0000-0000-000000000000}."
"30-07-2026 16:07:26","105","Information","Microsoft-Windows-Diagnosis-DPS","Diagnostic module {45de1ea9-10bc-4f96-9b21-4b6b83dbf476} (%windir%\system32\radardt.dll) started troubleshooting scenario {180b3a99-8c39-4f12-b631-2031998efe45}, instance {c3416fe4-4152-4a2d-a878-e9c58b1e226b}, original activity ID {00000000-0000-0000-0000-000000000000}."
"30-07-2026 16:07:26","100","Information","Microsoft-Windows-Diagnosis-DPS","Diagnostic module {45de1ea9-10bc-4f96-9b21-4b6b83dbf476} (%windir%\system32\radardt.dll) detected a problem for scenario {180b3a99-8c39-4f12-b631-2031998efe45}, instance {c3416fe4-4152-4a2d-a878-e9c58b1e226b}, original activity ID {00000000-0000-0000-0000-000000000000}."
"30-07-2026 16:02:26","105","Information","Microsoft-Windows-Diagnosis-DPS","Diagnostic module {45de1ea9-10bc-4f96-9b21-4b6b83dbf476} (%windir%\system32\radardt.dll) started troubleshooting scenario {180b3a99-8c39-4f12-b631-2031998efe45}, instance {53ac4bdf-367e-4d3d-80ec-c3f678a8db71}, original activity ID {00000000-0000-0000-0000-000000000000}."
"30-07-2026 16:02:26","100","Information","Microsoft-Windows-Diagnosis-DPS","Diagnostic module {45de1ea9-10bc-4f96-9b21-4b6b83dbf476} (%windir%\system32\radardt.dll) detected a problem for scenario {180b3a99-8c39-4f12-b631-2031998efe45}, instance {53ac4bdf-367e-4d3d-80ec-c3f678a8db71}, original activity ID {00000000-0000-0000-0000-000000000000}."
"30-07-2026 15:57:26","105","Information","Microsoft-Windows-Diagnosis-DPS","Diagnostic module {45de1ea9-10bc-4f96-9b21-4b6b83dbf476} (%windir%\system32\radardt.dll) started troubleshooting scenario {180b3a99-8c39-4f12-b631-2031998efe45}, instance {aad3695f-124a-4392-b790-1f7d21f0399f}, original activity ID {00000000-0000-0000-0000-000000000000}."
"30-07-2026 15:57:26","100","Information","Microsoft-Windows-Diagnosis-DPS","Diagnostic module {45de1ea9-10bc-4f96-9b21-4b6b83dbf476} (%windir%\system32\radardt.dll) detected a problem for scenario {180b3a99-8c39-4f12-b631-2031998efe45}, instance {aad3695f-124a-4392-b790-1f7d21f0399f}, original activity ID {00000000-0000-0000-0000-000000000000}."
"30-07-2026 15:52:26","105","Information","Microsoft-Windows-Diagnosis-DPS","Diagnostic module {45de1ea9-10bc-4f96-9b21-4b6b83dbf476} (%windir%\system32\radardt.dll) started troubleshooting scenario {180b3a99-8c39-4f12-b631-2031998efe45}, instance {9c633b6a-abd1-422f-9695-78cd5ccc4225}, original activity ID {00000000-0000-0000-0000-000000000000}."
"30-07-2026 15:52:26","100","Information","Microsoft-Windows-Diagnosis-DPS","Diagnostic module {45de1ea9-10bc-4f96-9b21-4b6b83dbf476} (%windir%\system32\radardt.dll) detected a problem for scenario {180b3a99-8c39-4f12-b631-2031998efe45}, instance {9c633b6a-abd1-422f-9695-78cd5ccc4225}, original activity ID {00000000-0000-0000-0000-000000000000}."
"30-07-2026 15:47:26","105","Information","Microsoft-Windows-Diagnosis-DPS","Diagnostic module {45de1ea9-10bc-4f96-9b21-4b6b83dbf476} (%windir%\system32\radardt.dll) started troubleshooting scenario {180b3a99-8c39-4f12-b631-2031998efe45}, instance {2576cd68-cd87-4aed-b26d-0fc6bf97763d}, original activity ID {00000000-0000-0000-0000-000000000000}."
"30-07-2026 15:47:26","100","Information","Microsoft-Windows-Diagnosis-DPS","Diagnostic module {45de1ea9-10bc-4f96-9b21-4b6b83dbf476} (%windir%\system32\radardt.dll) detected a problem for scenario {180b3a99-8c39-4f12-b631-2031998efe45}, instance {2576cd68-cd87-4aed-b26d-0fc6bf97763d}, original activity ID {00000000-0000-0000-0000-000000000000}."
"30-07-2026 15:42:26","105","Information","Microsoft-Windows-Diagnosis-DPS","Diagnostic module {45de1ea9-10bc-4f96-9b21-4b6b83dbf476} (%windir%\system32\radardt.dll) started troubleshooting scenario {180b3a99-8c39-4f12-b631-2031998efe45}, instance {d35126cc-e392-42b6-b160-d4e3e04dc5cf}, original activity ID {00000000-0000-0000-0000-000000000000}."
"30-07-2026 15:42:26","100","Information","Microsoft-Windows-Diagnosis-DPS","Diagnostic module {45de1ea9-10bc-4f96-9b21-4b6b83dbf476} (%windir%\system32\radardt.dll) detected a problem for scenario {180b3a99-8c39-4f12-b631-2031998efe45}, instance {d35126cc-e392-42b6-b160-d4e3e04dc5cf}, original activity ID {00000000-0000-0000-0000-000000000000}."
"30-07-2026 15:37:26","105","Information","Microsoft-Windows-Diagnosis-DPS","Diagnostic module {45de1ea9-10bc-4f96-9b21-4b6b83dbf476} (%windir%\system32\radardt.dll) started troubleshooting scenario {180b3a99-8c39-4f12-b631-2031998efe45}, instance {cd9dd00d-8098-46fd-b679-7decafa9477c}, original activity ID {00000000-0000-0000-0000-000000000000}."
"30-07-2026 15:37:26","100","Information","Microsoft-Windows-Diagnosis-DPS","Diagnostic module {45de1ea9-10bc-4f96-9b21-4b6b83dbf476} (%windir%\system32\radardt.dll) detected a problem for scenario {180b3a99-8c39-4f12-b631-2031998efe45}, instance {cd9dd00d-8098-46fd-b679-7decafa9477c}, original activity ID {00000000-0000-0000-0000-000000000000}."
"30-07-2026 15:32:26","105","Information","Microsoft-Windows-Diagnosis-DPS","Diagnostic module {45de1ea9-10bc-4f96-9b21-4b6b83dbf476} (%windir%\system32\radardt.dll) started troubleshooting scenario {180b3a99-8c39-4f12-b631-2031998efe45}, instance {7eebbb58-72e1-4e0d-9402-de4dac69ae02}, original activity ID {00000000-0000-0000-0000-000000000000}."
"30-07-2026 15:32:26","100","Information","Microsoft-Windows-Diagnosis-DPS","Diagnostic module {45de1ea9-10bc-4f96-9b21-4b6b83dbf476} (%windir%\system32\radardt.dll) detected a problem for scenario {180b3a99-8c39-4f12-b631-2031998efe45}, instance {7eebbb58-72e1-4e0d-9402-de4dac69ae02}, original activity ID {00000000-0000-0000-0000-000000000000}."
"30-07-2026 15:27:26","105","Information","Microsoft-Windows-Diagnosis-DPS","Diagnostic module {45de1ea9-10bc-4f96-9b21-4b6b83dbf476} (%windir%\system32\radardt.dll) started troubleshooting scenario {180b3a99-8c39-4f12-b631-2031998efe45}, instance {89af976c-b818-414d-be19-0d2a409e0f87}, original activity ID {00000000-0000-0000-0000-000000000000}."
"30-07-2026 15:27:26","100","Information","Microsoft-Windows-Diagnosis-DPS","Diagnostic module {45de1ea9-10bc-4f96-9b21-4b6b83dbf476} (%windir%\system32\radardt.dll) detected a problem for scenario {180b3a99-8c39-4f12-b631-2031998efe45}, instance {89af976c-b818-414d-be19-0d2a409e0f87}, original activity ID {00000000-0000-0000-0000-000000000000}."
"30-07-2026 15:22:26","105","Information","Microsoft-Windows-Diagnosis-DPS","Diagnostic module {45de1ea9-10bc-4f96-9b21-4b6b83dbf476} (%windir%\system32\radardt.dll) started troubleshooting scenario {180b3a99-8c39-4f12-b631-2031998efe45}, instance {56ecf7f8-56ce-4687-9f04-f42a69b0233e}, original activity ID {00000000-0000-0000-0000-000000000000}."
"30-07-2026 15:22:26","100","Information","Microsoft-Windows-Diagnosis-DPS","Diagnostic module {45de1ea9-10bc-4f96-9b21-4b6b83dbf476} (%windir%\system32\radardt.dll) detected a problem for scenario {180b3a99-8c39-4f12-b631-2031998efe45}, instance {56ecf7f8-56ce-4687-9f04-f42a69b0233e}, original activity ID {00000000-0000-0000-0000-000000000000}."
"30-07-2026 15:17:26","105","Information","Microsoft-Windows-Diagnosis-DPS","Diagnostic module {45de1ea9-10bc-4f96-9b21-4b6b83dbf476} (%windir%\system32\radardt.dll) started troubleshooting scenario {180b3a99-8c39-4f12-b631-2031998efe45}, instance {97f2cf93-d8a9-46ca-ada7-3536da247a3e}, original activity ID {00000000-0000-0000-0000-000000000000}."
"30-07-2026 15:17:26","100","Information","Microsoft-Windows-Diagnosis-DPS","Diagnostic module {45de1ea9-10bc-4f96-9b21-4b6b83dbf476} (%windir%\system32\radardt.dll) detected a problem for scenario {180b3a99-8c39-4f12-b631-2031998efe45}, instance {97f2cf93-d8a9-46ca-ada7-3536da247a3e}, original activity ID {00000000-0000-0000-0000-000000000000}."
"30-07-2026 15:12:26","105","Information","Microsoft-Windows-Diagnosis-DPS","Diagnostic module {45de1ea9-10bc-4f96-9b21-4b6b83dbf476} (%windir%\system32\radardt.dll) started troubleshooting scenario {180b3a99-8c39-4f12-b631-2031998efe45}, instance {f3f44e1c-bf45-480e-9ece-bef8a4648bf4}, original activity ID {00000000-0000-0000-0000-000000000000}."
"30-07-2026 15:12:26","100","Information","Microsoft-Windows-Diagnosis-DPS","Diagnostic module {45de1ea9-10bc-4f96-9b21-4b6b83dbf476} (%windir%\system32\radardt.dll) detected a problem for scenario {180b3a99-8c39-4f12-b631-2031998efe45}, instance {f3f44e1c-bf45-480e-9ece-bef8a4648bf4}, original activity ID {00000000-0000-0000-0000-000000000000}."
"30-07-2026 15:07:26","105","Information","Microsoft-Windows-Diagnosis-DPS","Diagnostic module {45de1ea9-10bc-4f96-9b21-4b6b83dbf476} (%windir%\system32\radardt.dll) started troubleshooting scenario {180b3a99-8c39-4f12-b631-2031998efe45}, instance {8832b01c-abc0-4565-b86b-d226a02e70cb}, original activity ID {00000000-0000-0000-0000-000000000000}."
"30-07-2026 15:07:26","100","Information","Microsoft-Windows-Diagnosis-DPS","Diagnostic module {45de1ea9-10bc-4f96-9b21-4b6b83dbf476} (%windir%\system32\radardt.dll) detected a problem for scenario {180b3a99-8c39-4f12-b631-2031998efe45}, instance {8832b01c-abc0-4565-b86b-d226a02e70cb}, original activity ID {00000000-0000-0000-0000-000000000000}."
"30-07-2026 15:02:26","105","Information","Microsoft-Windows-Diagnosis-DPS","Diagnostic module {45de1ea9-10bc-4f96-9b21-4b6b83dbf476} (%windir%\system32\radardt.dll) started troubleshooting scenario {180b3a99-8c39-4f12-b631-2031998efe45}, instance {605deeb2-711d-49b9-831d-0974491c1738}, original activity ID {00000000-0000-0000-0000-000000000000}."
"30-07-2026 15:02:26","100","Information","Microsoft-Windows-Diagnosis-DPS","Diagnostic module {45de1ea9-10bc-4f96-9b21-4b6b83dbf476} (%windir%\system32\radardt.dll) detected a problem for scenario {180b3a99-8c39-4f12-b631-2031998efe45}, instance {605deeb2-711d-49b9-831d-0974491c1738}, original activity ID {00000000-0000-0000-0000-000000000000}."
"30-07-2026 14:57:26","105","Information","Microsoft-Windows-Diagnosis-DPS","Diagnostic module {45de1ea9-10bc-4f96-9b21-4b6b83dbf476} (%windir%\system32\radardt.dll) started troubleshooting scenario {180b3a99-8c39-4f12-b631-2031998efe45}, instance {ce1c03b0-9a91-4aca-8ad7-128f197ce62c}, original activity ID {00000000-0000-0000-0000-000000000000}."
"30-07-2026 14:57:26","100","Information","Microsoft-Windows-Diagnosis-DPS","Diagnostic module {45de1ea9-10bc-4f96-9b21-4b6b83dbf476} (%windir%\system32\radardt.dll) detected a problem for scenario {180b3a99-8c39-4f12-b631-2031998efe45}, instance {ce1c03b0-9a91-4aca-8ad7-128f197ce62c}, original activity ID {00000000-0000-0000-0000-000000000000}."
"30-07-2026 14:52:26","105","Information","Microsoft-Windows-Diagnosis-DPS","Diagnostic module {45de1ea9-10bc-4f96-9b21-4b6b83dbf476} (%windir%\system32\radardt.dll) started troubleshooting scenario {180b3a99-8c39-4f12-b631-2031998efe45}, instance {2ba631a0-912b-4bbb-afbd-c9b80a69195e}, original activity ID {00000000-0000-0000-0000-000000000000}."
"30-07-2026 14:52:26","100","Information","Microsoft-Windows-Diagnosis-DPS","Diagnostic module {45de1ea9-10bc-4f96-9b21-4b6b83dbf476} (%windir%\system32\radardt.dll) detected a problem for scenario {180b3a99-8c39-4f12-b631-2031998efe45}, instance {2ba631a0-912b-4bbb-afbd-c9b80a69195e}, original activity ID {00000000-0000-0000-0000-000000000000}."
"30-07-2026 13:03:33","105","Information","Microsoft-Windows-Diagnosis-DPS","Diagnostic module {45de1ea9-10bc-4f96-9b21-4b6b83dbf476} (%windir%\system32\radardt.dll) started troubleshooting scenario {180b3a99-8c39-4f12-b631-2031998efe45}, instance {970c1c04-a05c-407f-8636-9d6b58895659}, original activity ID {00000000-0000-0000-0000-000000000000}."
