"04-08-2026 18:47:07","2010","Information","Microsoft-Windows-Windows Defender","Microsoft Defender Antivirus used cloud protection to get additional security intelligence.
 	Current security intelligence Version: 1.455.499.0
 	Security intelligence Type: 
 	User: \
 	Current Engine Version: 1.1.26060.3008
 	Cloud protection intelligence Type: Security intelligence update
 	Persistence Path: C:\ProgramData\Microsoft\Windows Defender\Scans\RtSigs\data\76119b37f9ceed7bdfefad5ee16e07d49bef445e
 	Cloud protection intelligence Version: 0.0.0.0
 	Cloud protection intelligence Compilation Timestamp: 04-08-2026 13:17:06
 	Persistence Limit Type: Duration
 	Persistence Limit: 432000000"
"04-08-2026 18:33:01","5007","Information","Microsoft-Windows-Windows Defender","Microsoft Defender Antivirus Configuration has changed. If this is an unexpected event you should review the settings as this may be the result of malware.
 	Old value: HKLM\SOFTWARE\Microsoft\Windows Defender\UX Configuration\ToastOrSsoTrigger = 0x1
 	New value: HKLM\SOFTWARE\Microsoft\Windows Defender\UX Configuration\ToastOrSsoTrigger = 0x0"
"04-08-2026 18:33:01","5007","Information","Microsoft-Windows-Windows Defender","Microsoft Defender Antivirus Configuration has changed. If this is an unexpected event you should review the settings as this may be the result of malware.
 	Old value: HKLM\SOFTWARE\Microsoft\Windows Defender\UX Configuration\ToastOrSsoTrigger = 0x1
 	New value: HKLM\SOFTWARE\Microsoft\Windows Defender\UX Configuration\ToastOrSsoTrigger = 0x0"
"04-08-2026 18:16:57","2010","Information","Microsoft-Windows-Windows Defender","Microsoft Defender Antivirus used cloud protection to get additional security intelligence.
 	Current security intelligence Version: 1.455.499.0
 	Security intelligence Type: 
 	User: \
 	Current Engine Version: 1.1.26060.3008
 	Cloud protection intelligence Type: Security intelligence update
 	Persistence Path: C:\ProgramData\Microsoft\Windows Defender\Scans\RtSigs\data\a6d0e4a7b28fbcafc739ad307516a10cd0040aa6
 	Cloud protection intelligence Version: 0.0.0.0
 	Cloud protection intelligence Compilation Timestamp: 04-08-2026 12:46:56
 	Persistence Limit Type: Duration
 	Persistence Limit: 72000000"
"04-08-2026 18:16:57","2010","Information","Microsoft-Windows-Windows Defender","Microsoft Defender Antivirus used cloud protection to get additional security intelligence.
 	Current security intelligence Version: 1.455.499.0
 	Security intelligence Type: 
 	User: \
 	Current Engine Version: 1.1.26060.3008
 	Cloud protection intelligence Type: Security intelligence update
 	Persistence Path: C:\ProgramData\Microsoft\Windows Defender\Scans\RtSigs\data\0acc4f9ace5b9851b4e61daf459b5aa447eb348e
 	Cloud protection intelligence Version: 0.0.0.0
 	Cloud protection intelligence Compilation Timestamp: 04-08-2026 12:46:56
 	Persistence Limit Type: Duration
 	Persistence Limit: 432000000"
"04-08-2026 18:16:57","2010","Information","Microsoft-Windows-Windows Defender","Microsoft Defender Antivirus used cloud protection to get additional security intelligence.
 	Current security intelligence Version: 1.455.499.0
 	Security intelligence Type: 
 	User: \
 	Current Engine Version: 1.1.26060.3008
 	Cloud protection intelligence Type: Security intelligence update
 	Persistence Path: C:\ProgramData\Microsoft\Windows Defender\Scans\RtSigs\data\4521b50df5de2a99c0cbebd6c156512c60eb700a
 	Cloud protection intelligence Version: 0.0.0.0
 	Cloud protection intelligence Compilation Timestamp: 04-08-2026 12:46:56
 	Persistence Limit Type: Duration
 	Persistence Limit: 432000000"
"04-08-2026 18:16:57","2010","Information","Microsoft-Windows-Windows Defender","Microsoft Defender Antivirus used cloud protection to get additional security intelligence.
 	Current security intelligence Version: 1.455.499.0
 	Security intelligence Type: 
 	User: \
 	Current Engine Version: 1.1.26060.3008
 	Cloud protection intelligence Type: Security intelligence update
 	Persistence Path: C:\ProgramData\Microsoft\Windows Defender\Scans\RtSigs\data\81983e175b8b05c0e74e4c925935da70cf44588e
 	Cloud protection intelligence Version: 0.0.0.0
 	Cloud protection intelligence Compilation Timestamp: 04-08-2026 12:46:56
 	Persistence Limit Type: Duration
 	Persistence Limit: 432000000"
"04-08-2026 18:09:39","1151","Information","Microsoft-Windows-Windows Defender","Endpoint Protection client health report (time in UTC):
 	Platform version: 4.18.26060.3008
 	Engine version: 1.1.26060.3008
 	Network Realtime Inspection engine version: 1.1.26060.3008
 	Antivirus security intelligence version: 1.455.499.0
 	Antispyware security intelligence version: 1.455.499.0
 	Network Realtime Inspection security intelligence version: 1.455.499.0
 	RTP state: Enabled
 	OA state: Enabled
 	IOAV state: Enabled
 	BM state: Enabled
 	Antivirus security intelligence age: 0
 	Antispyware security intelligence age: 0
 	Last quick scan age: 0
 	Last full scan age: 4294967295
 	Antivirus security intelligence creation time: 2026-08-04T01:04:19Z
 	Antispyware security intelligence creation time: 2026-08-04T01:04:19Z
 	Last quick scan start time: 2026-08-04T09:53:25Z
 	Last quick scan end time: 2026-08-04T10:01:11Z
 	Last quick scan source: 2
 	Last full scan start time: 1601-01-01T00:00:00Z
 	Last full scan end time: 1601-01-01T00:00:00Z
 	Last full scan source: 0
 	Product status: 0x00080000
"
"04-08-2026 18:09:39","1150","Information","Microsoft-Windows-Windows Defender","Endpoint Protection client is up and running in a healthy state.
 	Platform version: 4.18.26060.3008
 	Engine version: 1.1.26060.3008
 	Security intelligence version: 1.455.499.0
"
"04-08-2026 18:01:52","2010","Information","Microsoft-Windows-Windows Defender","Microsoft Defender Antivirus used cloud protection to get additional security intelligence.
 	Current security intelligence Version: 1.455.499.0
 	Security intelligence Type: 
 	User: \
 	Current Engine Version: 1.1.26060.3008
 	Cloud protection intelligence Type: Security intelligence update
 	Persistence Path: C:\ProgramData\Microsoft\Windows Defender\Scans\RtSigs\data\1dd4e2b7a184457a0859faf20c179ce86dead4f9
 	Cloud protection intelligence Version: 0.0.0.0
 	Cloud protection intelligence Compilation Timestamp: 04-08-2026 12:31:51
 	Persistence Limit Type: Duration
 	Persistence Limit: 432000000"
"04-08-2026 18:01:52","2010","Information","Microsoft-Windows-Windows Defender","Microsoft Defender Antivirus used cloud protection to get additional security intelligence.
 	Current security intelligence Version: 1.455.499.0
 	Security intelligence Type: 
 	User: \
 	Current Engine Version: 1.1.26060.3008
 	Cloud protection intelligence Type: Security intelligence update
 	Persistence Path: C:\ProgramData\Microsoft\Windows Defender\Scans\RtSigs\data\0113367204d10ecc5bdb678e59e156c43947e8ce
 	Cloud protection intelligence Version: 0.0.0.0
 	Cloud protection intelligence Compilation Timestamp: 04-08-2026 12:31:51
 	Persistence Limit Type: Duration
 	Persistence Limit: 432000000"
"04-08-2026 18:01:52","2010","Information","Microsoft-Windows-Windows Defender","Microsoft Defender Antivirus used cloud protection to get additional security intelligence.
 	Current security intelligence Version: 1.455.499.0
 	Security intelligence Type: 
 	User: \
 	Current Engine Version: 1.1.26060.3008
 	Cloud protection intelligence Type: Security intelligence update
 	Persistence Path: C:\ProgramData\Microsoft\Windows Defender\Scans\RtSigs\data\ae983c616e3f199e43d74518040ca514b4a8da2a
 	Cloud protection intelligence Version: 0.0.0.0
 	Cloud protection intelligence Compilation Timestamp: 04-08-2026 12:31:51
 	Persistence Limit Type: Duration
 	Persistence Limit: 432000000"
"04-08-2026 17:51:53","5007","Information","Microsoft-Windows-Windows Defender","Microsoft Defender Antivirus Configuration has changed. If this is an unexpected event you should review the settings as this may be the result of malware.
 	Old value: HKLM\SOFTWARE\Microsoft\Windows Defender\UX Configuration\ToastOrSsoTrigger = 0x0
 	New value: HKLM\SOFTWARE\Microsoft\Windows Defender\UX Configuration\ToastOrSsoTrigger = 0x1"
"04-08-2026 17:51:53","5007","Information","Microsoft-Windows-Windows Defender","Microsoft Defender Antivirus Configuration has changed. If this is an unexpected event you should review the settings as this may be the result of malware.
 	Old value: HKLM\SOFTWARE\Microsoft\Windows Defender\UX Configuration\ToastOrSsoTrigger = 0x0
 	New value: HKLM\SOFTWARE\Microsoft\Windows Defender\UX Configuration\ToastOrSsoTrigger = 0x1"
"04-08-2026 17:46:47","2010","Information","Microsoft-Windows-Windows Defender","Microsoft Defender Antivirus used cloud protection to get additional security intelligence.
 	Current security intelligence Version: 1.455.499.0
 	Security intelligence Type: 
 	User: \
 	Current Engine Version: 1.1.26060.3008
 	Cloud protection intelligence Type: Security intelligence update
 	Persistence Path: C:\ProgramData\Microsoft\Windows Defender\Scans\RtSigs\data\57e2d8e0f599724d3835acf3e388f7e6b5502b30
 	Cloud protection intelligence Version: 0.0.0.0
 	Cloud protection intelligence Compilation Timestamp: 04-08-2026 12:16:46
 	Persistence Limit Type: Duration
 	Persistence Limit: 432000000"
"04-08-2026 17:46:47","2010","Information","Microsoft-Windows-Windows Defender","Microsoft Defender Antivirus used cloud protection to get additional security intelligence.
 	Current security intelligence Version: 1.455.499.0
 	Security intelligence Type: 
 	User: \
 	Current Engine Version: 1.1.26060.3008
 	Cloud protection intelligence Type: Security intelligence update
 	Persistence Path: C:\ProgramData\Microsoft\Windows Defender\Scans\RtSigs\data\c48bc5491a3fcd06659c7c767127de31b88b9bfb
 	Cloud protection intelligence Version: 0.0.0.0
 	Cloud protection intelligence Compilation Timestamp: 04-08-2026 12:16:46
 	Persistence Limit Type: Duration
 	Persistence Limit: 432000000"
"04-08-2026 17:46:47","2010","Information","Microsoft-Windows-Windows Defender","Microsoft Defender Antivirus used cloud protection to get additional security intelligence.
 	Current security intelligence Version: 1.455.499.0
 	Security intelligence Type: 
 	User: \
 	Current Engine Version: 1.1.26060.3008
 	Cloud protection intelligence Type: Security intelligence update
 	Persistence Path: C:\ProgramData\Microsoft\Windows Defender\Scans\RtSigs\data\c0e51ac1260f3164b886dcd0eccb20e6862be67e
 	Cloud protection intelligence Version: 0.0.0.0
 	Cloud protection intelligence Compilation Timestamp: 04-08-2026 12:16:46
 	Persistence Limit Type: Duration
 	Persistence Limit: 432000000"
"04-08-2026 17:27:45","5007","Information","Microsoft-Windows-Windows Defender","Microsoft Defender Antivirus Configuration has changed. If this is an unexpected event you should review the settings as this may be the result of malware.
 	Old value: HKLM\SOFTWARE\Microsoft\Windows Defender\UX Configuration\ToastOrSsoTrigger = 0x1
 	New value: HKLM\SOFTWARE\Microsoft\Windows Defender\UX Configuration\ToastOrSsoTrigger = 0x0"
"04-08-2026 17:27:45","5007","Information","Microsoft-Windows-Windows Defender","Microsoft Defender Antivirus Configuration has changed. If this is an unexpected event you should review the settings as this may be the result of malware.
 	Old value: HKLM\SOFTWARE\Microsoft\Windows Defender\UX Configuration\ToastOrSsoTrigger = 0x1
 	New value: HKLM\SOFTWARE\Microsoft\Windows Defender\UX Configuration\ToastOrSsoTrigger = 0x0"
"04-08-2026 17:16:37","2010","Information","Microsoft-Windows-Windows Defender","Microsoft Defender Antivirus used cloud protection to get additional security intelligence.
 	Current security intelligence Version: 1.455.499.0
 	Security intelligence Type: 
 	User: \
 	Current Engine Version: 1.1.26060.3008
 	Cloud protection intelligence Type: Security intelligence update
 	Persistence Path: C:\ProgramData\Microsoft\Windows Defender\Scans\RtSigs\data\4b6825b20eccb77a199ff41459ea375ae007a5e9
 	Cloud protection intelligence Version: 0.0.0.0
 	Cloud protection intelligence Compilation Timestamp: 04-08-2026 11:46:36
 	Persistence Limit Type: Duration
 	Persistence Limit: 72000000"
"04-08-2026 17:16:37","2010","Information","Microsoft-Windows-Windows Defender","Microsoft Defender Antivirus used cloud protection to get additional security intelligence.
 	Current security intelligence Version: 1.455.499.0
 	Security intelligence Type: 
 	User: \
 	Current Engine Version: 1.1.26060.3008
 	Cloud protection intelligence Type: Security intelligence update
 	Persistence Path: C:\ProgramData\Microsoft\Windows Defender\Scans\RtSigs\data\4d0438aa2b7d9af2b8f9d94c2df7b9524793a881
 	Cloud protection intelligence Version: 0.0.0.0
 	Cloud protection intelligence Compilation Timestamp: 04-08-2026 11:46:36
 	Persistence Limit Type: Duration
 	Persistence Limit: 432000000"
"04-08-2026 17:09:39","1151","Information","Microsoft-Windows-Windows Defender","Endpoint Protection client health report (time in UTC):
 	Platform version: 4.18.26060.3008
 	Engine version: 1.1.26060.3008
 	Network Realtime Inspection engine version: 1.1.26060.3008
 	Antivirus security intelligence version: 1.455.499.0
 	Antispyware security intelligence version: 1.455.499.0
 	Network Realtime Inspection security intelligence version: 1.455.499.0
 	RTP state: Enabled
 	OA state: Enabled
 	IOAV state: Enabled
 	BM state: Enabled
 	Antivirus security intelligence age: 0
 	Antispyware security intelligence age: 0
 	Last quick scan age: 0
 	Last full scan age: 4294967295
 	Antivirus security intelligence creation time: 2026-08-04T01:04:19Z
 	Antispyware security intelligence creation time: 2026-08-04T01:04:19Z
 	Last quick scan start time: 2026-08-04T09:53:25Z
 	Last quick scan end time: 2026-08-04T10:01:11Z
 	Last quick scan source: 2
 	Last full scan start time: 1601-01-01T00:00:00Z
 	Last full scan end time: 1601-01-01T00:00:00Z
 	Last full scan source: 0
 	Product status: 0x00080000
"
"04-08-2026 17:09:39","1150","Information","Microsoft-Windows-Windows Defender","Endpoint Protection client is up and running in a healthy state.
 	Platform version: 4.18.26060.3008
 	Engine version: 1.1.26060.3008
 	Security intelligence version: 1.455.499.0
"
"04-08-2026 17:08:29","5007","Information","Microsoft-Windows-Windows Defender","Microsoft Defender Antivirus Configuration has changed. If this is an unexpected event you should review the settings as this may be the result of malware.
 	Old value: HKLM\SOFTWARE\Microsoft\Windows Defender\UX Configuration\ToastOrSsoTrigger = 0x0
 	New value: HKLM\SOFTWARE\Microsoft\Windows Defender\UX Configuration\ToastOrSsoTrigger = 0x1"
"04-08-2026 17:08:29","5007","Information","Microsoft-Windows-Windows Defender","Microsoft Defender Antivirus Configuration has changed. If this is an unexpected event you should review the settings as this may be the result of malware.
 	Old value: HKLM\SOFTWARE\Microsoft\Windows Defender\UX Configuration\ToastOrSsoTrigger = 0x0
 	New value: HKLM\SOFTWARE\Microsoft\Windows Defender\UX Configuration\ToastOrSsoTrigger = 0x1"
"04-08-2026 17:01:31","2010","Information","Microsoft-Windows-Windows Defender","Microsoft Defender Antivirus used cloud protection to get additional security intelligence.
 	Current security intelligence Version: 1.455.499.0
 	Security intelligence Type: 
 	User: \
 	Current Engine Version: 1.1.26060.3008
 	Cloud protection intelligence Type: Security intelligence update
 	Persistence Path: C:\ProgramData\Microsoft\Windows Defender\Scans\RtSigs\data\22d336eb35807ae5d608d26bd447524c49a47393
 	Cloud protection intelligence Version: 0.0.0.0
 	Cloud protection intelligence Compilation Timestamp: 04-08-2026 11:31:30
 	Persistence Limit Type: Duration
 	Persistence Limit: 432000000"
"04-08-2026 17:01:30","2010","Information","Microsoft-Windows-Windows Defender","Microsoft Defender Antivirus used cloud protection to get additional security intelligence.
 	Current security intelligence Version: 1.455.499.0
 	Security intelligence Type: 
 	User: \
 	Current Engine Version: 1.1.26060.3008
 	Cloud protection intelligence Type: Security intelligence update
 	Persistence Path: C:\ProgramData\Microsoft\Windows Defender\Scans\RtSigs\data\cec01cc9025088cb08a699cb2df633272efed40a
 	Cloud protection intelligence Version: 0.0.0.0
 	Cloud protection intelligence Compilation Timestamp: 04-08-2026 11:31:29
 	Persistence Limit Type: Duration
 	Persistence Limit: 50065408"
"04-08-2026 16:48:19","5007","Information","Microsoft-Windows-Windows Defender","Microsoft Defender Antivirus Configuration has changed. If this is an unexpected event you should review the settings as this may be the result of malware.
 	Old value: HKLM\SOFTWARE\Microsoft\Windows Defender\UX Configuration\ToastOrSsoTrigger = 0x1
 	New value: HKLM\SOFTWARE\Microsoft\Windows Defender\UX Configuration\ToastOrSsoTrigger = 0x0"
"04-08-2026 16:48:19","5007","Information","Microsoft-Windows-Windows Defender","Microsoft Defender Antivirus Configuration has changed. If this is an unexpected event you should review the settings as this may be the result of malware.
 	Old value: HKLM\SOFTWARE\Microsoft\Windows Defender\UX Configuration\ToastOrSsoTrigger = 0x1
 	New value: HKLM\SOFTWARE\Microsoft\Windows Defender\UX Configuration\ToastOrSsoTrigger = 0x0"
"04-08-2026 16:22:36","2010","Information","Microsoft-Windows-Windows Defender","Microsoft Defender Antivirus used cloud protection to get additional security intelligence.
 	Current security intelligence Version: 1.455.499.0
 	Security intelligence Type: 
 	User: \
 	Current Engine Version: 1.1.26060.3008
 	Cloud protection intelligence Type: Security intelligence update
 	Persistence Path: C:\ProgramData\Microsoft\Windows Defender\Scans\RtSigs\data\ff0a05b28cf5ef1a5d34e0844355eb46548d9268
 	Cloud protection intelligence Version: 0.0.0.0
 	Cloud protection intelligence Compilation Timestamp: 04-08-2026 10:52:35
 	Persistence Limit Type: Duration
 	Persistence Limit: 50065408"
"04-08-2026 16:21:50","2010","Information","Microsoft-Windows-Windows Defender","Microsoft Defender Antivirus used cloud protection to get additional security intelligence.
 	Current security intelligence Version: 1.455.499.0
 	Security intelligence Type: 
 	User: \
 	Current Engine Version: 1.1.26060.3008
 	Cloud protection intelligence Type: Security intelligence update
 	Persistence Path: C:\ProgramData\Microsoft\Windows Defender\Scans\RtSigs\data\6768f2c2fcd2eef05865c95cb1673b0285257521
 	Cloud protection intelligence Version: 0.0.0.0
 	Cloud protection intelligence Compilation Timestamp: 04-08-2026 10:51:49
 	Persistence Limit Type: Duration
 	Persistence Limit: 50065408"
"04-08-2026 16:19:59","5007","Information","Microsoft-Windows-Windows Defender","Microsoft Defender Antivirus Configuration has changed. If this is an unexpected event you should review the settings as this may be the result of malware.
 	Old value: HKLM\SOFTWARE\Microsoft\Windows Defender\DLP Configs\Tag\Tag = 0x8
 	New value: HKLM\SOFTWARE\Microsoft\Windows Defender\DLP Configs\Tag\Tag = 0x9"
"04-08-2026 16:19:59","5007","Information","Microsoft-Windows-Windows Defender","Microsoft Defender Antivirus Configuration has changed. If this is an unexpected event you should review the settings as this may be the result of malware.
 	Old value: HKLM\SOFTWARE\Microsoft\Windows Defender\DLP Configs\Tag\Tag = 0x8
 	New value: HKLM\SOFTWARE\Microsoft\Windows Defender\DLP Configs\Tag\Tag = 0x9"
"04-08-2026 16:19:59","5007","Information","Microsoft-Windows-Windows Defender","Microsoft Defender Antivirus Configuration has changed. If this is an unexpected event you should review the settings as this may be the result of malware.
 	Old value: HKLM\SOFTWARE\Microsoft\Windows Defender\CoreService\WdConfigHash = 0x3AB0431E
 	New value: HKLM\SOFTWARE\Microsoft\Windows Defender\CoreService\WdConfigHash = 0xE72B47E"
"04-08-2026 16:19:59","5007","Information","Microsoft-Windows-Windows Defender","Microsoft Defender Antivirus Configuration has changed. If this is an unexpected event you should review the settings as this may be the result of malware.
 	Old value: HKLM\SOFTWARE\Microsoft\Windows Defender\CoreService\WdConfigHash = 0x3AB0431E
 	New value: HKLM\SOFTWARE\Microsoft\Windows Defender\CoreService\WdConfigHash = 0xE72B47E"
"04-08-2026 16:19:59","2000","Information","Microsoft-Windows-Windows Defender","Microsoft Defender Antivirus security intelligence version updated.
 	Current security intelligence Version: 1.455.499.0
 	Previous security intelligence Version: 1.455.498.0
 	Security intelligence Type: AntiSpyware
 	Update Type: Delta
 	User: NT AUTHORITY\SYSTEM
 	Current Engine Version: 1.1.26060.3008
 	Previous Engine Version: 1.1.26060.3008"
"04-08-2026 16:19:59","2000","Information","Microsoft-Windows-Windows Defender","Microsoft Defender Antivirus security intelligence version updated.
 	Current security intelligence Version: 1.455.499.0
 	Previous security intelligence Version: 1.455.498.0
 	Security intelligence Type: AntiVirus
 	Update Type: Delta
 	User: NT AUTHORITY\SYSTEM
 	Current Engine Version: 1.1.26060.3008
 	Previous Engine Version: 1.1.26060.3008"
"04-08-2026 16:16:17","2010","Information","Microsoft-Windows-Windows Defender","Microsoft Defender Antivirus used cloud protection to get additional security intelligence.
 	Current security intelligence Version: 1.455.498.0
 	Security intelligence Type: 
 	User: \
 	Current Engine Version: 1.1.26060.3008
 	Cloud protection intelligence Type: Security intelligence update
 	Persistence Path: C:\ProgramData\Microsoft\Windows Defender\Scans\RtSigs\data\007c07edb2fd488e96a5997e5905765cf2ab8b09
 	Cloud protection intelligence Version: 0.0.0.0
 	Cloud protection intelligence Compilation Timestamp: 04-08-2026 10:46:16
 	Persistence Limit Type: Duration
 	Persistence Limit: 72000000"
"04-08-2026 16:16:17","2010","Information","Microsoft-Windows-Windows Defender","Microsoft Defender Antivirus used cloud protection to get additional security intelligence.
 	Current security intelligence Version: 1.455.498.0
 	Security intelligence Type: 
 	User: \
 	Current Engine Version: 1.1.26060.3008
 	Cloud protection intelligence Type: Security intelligence update
 	Persistence Path: C:\ProgramData\Microsoft\Windows Defender\Scans\RtSigs\data\359f27e1f6fb206a006ac7eaa2005c1e4d5247e6
 	Cloud protection intelligence Version: 0.0.0.0
 	Cloud protection intelligence Compilation Timestamp: 04-08-2026 10:46:16
 	Persistence Limit Type: Duration
 	Persistence Limit: 432000000"
"04-08-2026 16:16:17","2010","Information","Microsoft-Windows-Windows Defender","Microsoft Defender Antivirus used cloud protection to get additional security intelligence.
 	Current security intelligence Version: 1.455.498.0
 	Security intelligence Type: 
 	User: \
 	Current Engine Version: 1.1.26060.3008
 	Cloud protection intelligence Type: Security intelligence update
 	Persistence Path: C:\ProgramData\Microsoft\Windows Defender\Scans\RtSigs\data\8942d59e32a3b5deb8ee2e4f62af5c207262941e
 	Cloud protection intelligence Version: 0.0.0.0
 	Cloud protection intelligence Compilation Timestamp: 04-08-2026 10:46:16
 	Persistence Limit Type: Duration
 	Persistence Limit: 432000000"
"04-08-2026 16:16:17","2010","Information","Microsoft-Windows-Windows Defender","Microsoft Defender Antivirus used cloud protection to get additional security intelligence.
 	Current security intelligence Version: 1.455.498.0
 	Security intelligence Type: 
 	User: \
 	Current Engine Version: 1.1.26060.3008
 	Cloud protection intelligence Type: Security intelligence update
 	Persistence Path: C:\ProgramData\Microsoft\Windows Defender\Scans\RtSigs\data\32c7b53905ca239ec46c4b830ca45729f18a33f1
 	Cloud protection intelligence Version: 0.0.0.0
 	Cloud protection intelligence Compilation Timestamp: 04-08-2026 10:46:16
 	Persistence Limit Type: Duration
 	Persistence Limit: 432000000"
"04-08-2026 16:09:39","1151","Information","Microsoft-Windows-Windows Defender","Endpoint Protection client health report (time in UTC):
 	Platform version: 4.18.26060.3008
 	Engine version: 1.1.26060.3008
 	Network Realtime Inspection engine version: 1.1.26060.3008
 	Antivirus security intelligence version: 1.455.498.0
 	Antispyware security intelligence version: 1.455.498.0
 	Network Realtime Inspection security intelligence version: 1.455.498.0
 	RTP state: Enabled
 	OA state: Enabled
 	IOAV state: Enabled
 	BM state: Enabled
 	Antivirus security intelligence age: 0
 	Antispyware security intelligence age: 0
 	Last quick scan age: 0
 	Last full scan age: 4294967295
 	Antivirus security intelligence creation time: 2026-08-03T23:33:44Z
 	Antispyware security intelligence creation time: 2026-08-03T23:33:44Z
 	Last quick scan start time: 2026-08-04T09:53:25Z
 	Last quick scan end time: 2026-08-04T10:01:11Z
 	Last quick scan source: 2
 	Last full scan start time: 1601-01-01T00:00:00Z
 	Last full scan end time: 1601-01-01T00:00:00Z
 	Last full scan source: 0
 	Product status: 0x00080000
"
"04-08-2026 16:09:39","1150","Information","Microsoft-Windows-Windows Defender","Endpoint Protection client is up and running in a healthy state.
 	Platform version: 4.18.26060.3008
 	Engine version: 1.1.26060.3008
 	Security intelligence version: 1.455.498.0
"
"04-08-2026 16:01:12","2010","Information","Microsoft-Windows-Windows Defender","Microsoft Defender Antivirus used cloud protection to get additional security intelligence.
 	Current security intelligence Version: 1.455.498.0
 	Security intelligence Type: 
 	User: \
 	Current Engine Version: 1.1.26060.3008
 	Cloud protection intelligence Type: Security intelligence update
 	Persistence Path: C:\ProgramData\Microsoft\Windows Defender\Scans\RtSigs\data\9bcacb4514ef234315ed1a4fbf0100a99e5b2180
 	Cloud protection intelligence Version: 0.0.0.0
 	Cloud protection intelligence Compilation Timestamp: 04-08-2026 10:31:11
 	Persistence Limit Type: Duration
 	Persistence Limit: 432000000"
"04-08-2026 15:31:11","1001","Information","Microsoft-Windows-Windows Defender","Microsoft Defender Antivirus scan has finished.
 	Scan ID: {0E62B3DA-32BC-4D59-99B6-FF72B8656740}
 	Scan Type: Antimalware
 	Scan Parameters: Quick Scan
 	User: NT AUTHORITY\NETWORK SERVICE
 	Scan Time: 0:07:45"
"04-08-2026 15:31:02","2010","Information","Microsoft-Windows-Windows Defender","Microsoft Defender Antivirus used cloud protection to get additional security intelligence.
 	Current security intelligence Version: 1.455.498.0
 	Security intelligence Type: 
 	User: \
 	Current Engine Version: 1.1.26060.3008
 	Cloud protection intelligence Type: Security intelligence update
 	Persistence Path: C:\ProgramData\Microsoft\Windows Defender\Scans\RtSigs\data\0686470e9655c2d9f2caadf6a762e25b61513d4e
 	Cloud protection intelligence Version: 0.0.0.0
 	Cloud protection intelligence Compilation Timestamp: 04-08-2026 10:01:01
 	Persistence Limit Type: Duration
 	Persistence Limit: 432000000"
"04-08-2026 15:26:27","5007","Information","Microsoft-Windows-Windows Defender","Microsoft Defender Antivirus Configuration has changed. If this is an unexpected event you should review the settings as this may be the result of malware.
 	Old value: HKLM\SOFTWARE\Microsoft\Windows Defender\UX Configuration\ToastOrSsoTrigger = 0x0
 	New value: HKLM\SOFTWARE\Microsoft\Windows Defender\UX Configuration\ToastOrSsoTrigger = 0x1"
"04-08-2026 15:26:27","5007","Information","Microsoft-Windows-Windows Defender","Microsoft Defender Antivirus Configuration has changed. If this is an unexpected event you should review the settings as this may be the result of malware.
 	Old value: HKLM\SOFTWARE\Microsoft\Windows Defender\UX Configuration\ToastOrSsoTrigger = 0x0
 	New value: HKLM\SOFTWARE\Microsoft\Windows Defender\UX Configuration\ToastOrSsoTrigger = 0x1"
"04-08-2026 15:23:25","1000","Information","Microsoft-Windows-Windows Defender","Microsoft Defender Antivirus scan has started.
 	Scan ID: {0E62B3DA-32BC-4D59-99B6-FF72B8656740}
 	Scan Type: Antimalware
 	Scan Parameters: Quick Scan
 	Scan Resources: 
  	User: NT AUTHORITY\NETWORK SERVICE
 	Scan Trigger: Scheduled daily
 	Scan Only If Idle: Enabled
 	Low CPU Priority for Scans: Disabled
 	Thread Priority: 7"
"04-08-2026 15:15:57","2010","Information","Microsoft-Windows-Windows Defender","Microsoft Defender Antivirus used cloud protection to get additional security intelligence.
 	Current security intelligence Version: 1.455.498.0
 	Security intelligence Type: 
 	User: \
 	Current Engine Version: 1.1.26060.3008
 	Cloud protection intelligence Type: Security intelligence update
 	Persistence Path: C:\ProgramData\Microsoft\Windows Defender\Scans\RtSigs\data\898957e85039e769ee719162c013e0b446739070
 	Cloud protection intelligence Version: 0.0.0.0
 	Cloud protection intelligence Compilation Timestamp: 04-08-2026 09:45:56
 	Persistence Limit Type: Duration
 	Persistence Limit: 72000000"
"04-08-2026 15:15:57","2010","Information","Microsoft-Windows-Windows Defender","Microsoft Defender Antivirus used cloud protection to get additional security intelligence.
 	Current security intelligence Version: 1.455.498.0
 	Security intelligence Type: 
 	User: \
 	Current Engine Version: 1.1.26060.3008
 	Cloud protection intelligence Type: Security intelligence update
 	Persistence Path: C:\ProgramData\Microsoft\Windows Defender\Scans\RtSigs\data\4f1215b4f6230799bb1669c13256c6ef0e909f26
 	Cloud protection intelligence Version: 0.0.0.0
 	Cloud protection intelligence Compilation Timestamp: 04-08-2026 09:45:56
 	Persistence Limit Type: Duration
 	Persistence Limit: 432000000"
"04-08-2026 15:15:57","2010","Information","Microsoft-Windows-Windows Defender","Microsoft Defender Antivirus used cloud protection to get additional security intelligence.
 	Current security intelligence Version: 1.455.498.0
 	Security intelligence Type: 
 	User: \
 	Current Engine Version: 1.1.26060.3008
 	Cloud protection intelligence Type: Security intelligence update
 	Persistence Path: C:\ProgramData\Microsoft\Windows Defender\Scans\RtSigs\data\700e81899932d4aae3064bac7f292e1f0ad36783
 	Cloud protection intelligence Version: 0.0.0.0
 	Cloud protection intelligence Compilation Timestamp: 04-08-2026 09:45:56
 	Persistence Limit Type: Duration
 	Persistence Limit: 432000000"
"04-08-2026 15:15:57","2010","Information","Microsoft-Windows-Windows Defender","Microsoft Defender Antivirus used cloud protection to get additional security intelligence.
 	Current security intelligence Version: 1.455.498.0
 	Security intelligence Type: 
 	User: \
 	Current Engine Version: 1.1.26060.3008
 	Cloud protection intelligence Type: Security intelligence update
 	Persistence Path: C:\ProgramData\Microsoft\Windows Defender\Scans\RtSigs\data\ff7c0c7d3110cdb7dcb0c92c81f886dd7b68c903
 	Cloud protection intelligence Version: 0.0.0.0
 	Cloud protection intelligence Compilation Timestamp: 04-08-2026 09:45:56
 	Persistence Limit Type: Duration
 	Persistence Limit: 432000000"
"04-08-2026 15:09:39","1151","Information","Microsoft-Windows-Windows Defender","Endpoint Protection client health report (time in UTC):
 	Platform version: 4.18.26060.3008
 	Engine version: 1.1.26060.3008
 	Network Realtime Inspection engine version: 1.1.26060.3008
 	Antivirus security intelligence version: 1.455.498.0
 	Antispyware security intelligence version: 1.455.498.0
 	Network Realtime Inspection security intelligence version: 1.455.498.0
 	RTP state: Enabled
 	OA state: Enabled
 	IOAV state: Enabled
 	BM state: Enabled
 	Antivirus security intelligence age: 0
 	Antispyware security intelligence age: 0
 	Last quick scan age: 1
 	Last full scan age: 4294967295
 	Antivirus security intelligence creation time: 2026-08-03T23:33:44Z
 	Antispyware security intelligence creation time: 2026-08-03T23:33:44Z
 	Last quick scan start time: 2026-08-03T09:36:17Z
 	Last quick scan end time: 2026-08-03T09:48:33Z
 	Last quick scan source: 2
 	Last full scan start time: 1601-01-01T00:00:00Z
 	Last full scan end time: 1601-01-01T00:00:00Z
 	Last full scan source: 0
 	Product status: 0x00080000
"
"04-08-2026 15:09:39","1150","Information","Microsoft-Windows-Windows Defender","Endpoint Protection client is up and running in a healthy state.
 	Platform version: 4.18.26060.3008
 	Engine version: 1.1.26060.3008
 	Security intelligence version: 1.455.498.0
"
"04-08-2026 15:00:52","2010","Information","Microsoft-Windows-Windows Defender","Microsoft Defender Antivirus used cloud protection to get additional security intelligence.
 	Current security intelligence Version: 1.455.498.0
 	Security intelligence Type: 
 	User: \
 	Current Engine Version: 1.1.26060.3008
 	Cloud protection intelligence Type: Security intelligence update
 	Persistence Path: C:\ProgramData\Microsoft\Windows Defender\Scans\RtSigs\data\8bc29618f211356651cf26408faec63f6033ea1b
 	Cloud protection intelligence Version: 0.0.0.0
 	Cloud protection intelligence Compilation Timestamp: 04-08-2026 09:30:51
 	Persistence Limit Type: Duration
 	Persistence Limit: 432000000"
"04-08-2026 15:00:52","2010","Information","Microsoft-Windows-Windows Defender","Microsoft Defender Antivirus used cloud protection to get additional security intelligence.
 	Current security intelligence Version: 1.455.498.0
 	Security intelligence Type: 
 	User: \
 	Current Engine Version: 1.1.26060.3008
 	Cloud protection intelligence Type: Security intelligence update
 	Persistence Path: C:\ProgramData\Microsoft\Windows Defender\Scans\RtSigs\data\2421627f852d0c21a667161c0187afe62ced922f
 	Cloud protection intelligence Version: 0.0.0.0
 	Cloud protection intelligence Compilation Timestamp: 04-08-2026 09:30:51
 	Persistence Limit Type: Duration
 	Persistence Limit: 432000000"
"04-08-2026 15:00:52","2010","Information","Microsoft-Windows-Windows Defender","Microsoft Defender Antivirus used cloud protection to get additional security intelligence.
 	Current security intelligence Version: 1.455.498.0
 	Security intelligence Type: 
 	User: \
 	Current Engine Version: 1.1.26060.3008
 	Cloud protection intelligence Type: Security intelligence update
 	Persistence Path: C:\ProgramData\Microsoft\Windows Defender\Scans\RtSigs\data\f26c54f0abe182846018f826389f2d14cdeaa3e2
 	Cloud protection intelligence Version: 0.0.0.0
 	Cloud protection intelligence Compilation Timestamp: 04-08-2026 09:30:51
 	Persistence Limit Type: Duration
 	Persistence Limit: 432000000"
"04-08-2026 14:30:41","2010","Information","Microsoft-Windows-Windows Defender","Microsoft Defender Antivirus used cloud protection to get additional security intelligence.
 	Current security intelligence Version: 1.455.498.0
 	Security intelligence Type: 
 	User: \
 	Current Engine Version: 1.1.26060.3008
 	Cloud protection intelligence Type: Security intelligence update
 	Persistence Path: C:\ProgramData\Microsoft\Windows Defender\Scans\RtSigs\data\54c515776489c5da409497a74aa6107ad1c1ee54
 	Cloud protection intelligence Version: 0.0.0.0
 	Cloud protection intelligence Compilation Timestamp: 04-08-2026 09:00:41
 	Persistence Limit Type: Duration
 	Persistence Limit: 72000000"
"04-08-2026 14:30:41","2010","Information","Microsoft-Windows-Windows Defender","Microsoft Defender Antivirus used cloud protection to get additional security intelligence.
 	Current security intelligence Version: 1.455.498.0
 	Security intelligence Type: 
 	User: \
 	Current Engine Version: 1.1.26060.3008
 	Cloud protection intelligence Type: Security intelligence update
 	Persistence Path: C:\ProgramData\Microsoft\Windows Defender\Scans\RtSigs\data\5be8bd9fb89a7931463ab08d01cd12654f846de3
 	Cloud protection intelligence Version: 0.0.0.0
 	Cloud protection intelligence Compilation Timestamp: 04-08-2026 09:00:41
 	Persistence Limit Type: Duration
 	Persistence Limit: 432000000"
"04-08-2026 14:20:07","5007","Information","Microsoft-Windows-Windows Defender","Microsoft Defender Antivirus Configuration has changed. If this is an unexpected event you should review the settings as this may be the result of malware.
 	Old value: HKLM\SOFTWARE\Microsoft\Windows Defender\DLP Configs\Tag\Tag = 0x7
 	New value: HKLM\SOFTWARE\Microsoft\Windows Defender\DLP Configs\Tag\Tag = 0x8"
"04-08-2026 14:20:07","5007","Information","Microsoft-Windows-Windows Defender","Microsoft Defender Antivirus Configuration has changed. If this is an unexpected event you should review the settings as this may be the result of malware.
 	Old value: HKLM\SOFTWARE\Microsoft\Windows Defender\CoreService\WdConfigHash = 0xC99A3A7F
 	New value: HKLM\SOFTWARE\Microsoft\Windows Defender\CoreService\WdConfigHash = 0x3AB0431E"
"04-08-2026 14:20:07","5007","Information","Microsoft-Windows-Windows Defender","Microsoft Defender Antivirus Configuration has changed. If this is an unexpected event you should review the settings as this may be the result of malware.
 	Old value: HKLM\SOFTWARE\Microsoft\Windows Defender\DLP Configs\Tag\Tag = 0x7
 	New value: HKLM\SOFTWARE\Microsoft\Windows Defender\DLP Configs\Tag\Tag = 0x8"
"04-08-2026 14:20:07","5007","Information","Microsoft-Windows-Windows Defender","Microsoft Defender Antivirus Configuration has changed. If this is an unexpected event you should review the settings as this may be the result of malware.
 	Old value: HKLM\SOFTWARE\Microsoft\Windows Defender\CoreService\WdConfigHash = 0xC99A3A7F
 	New value: HKLM\SOFTWARE\Microsoft\Windows Defender\CoreService\WdConfigHash = 0x3AB0431E"
"04-08-2026 14:20:07","2000","Information","Microsoft-Windows-Windows Defender","Microsoft Defender Antivirus security intelligence version updated.
 	Current security intelligence Version: 1.455.498.0
 	Previous security intelligence Version: 1.455.497.0
 	Security intelligence Type: AntiSpyware
 	Update Type: Delta
 	User: NT AUTHORITY\SYSTEM
 	Current Engine Version: 1.1.26060.3008
 	Previous Engine Version: 1.1.26060.3008"
"04-08-2026 14:20:07","2000","Information","Microsoft-Windows-Windows Defender","Microsoft Defender Antivirus security intelligence version updated.
 	Current security intelligence Version: 1.455.498.0
 	Previous security intelligence Version: 1.455.497.0
 	Security intelligence Type: AntiVirus
 	Update Type: Delta
 	User: NT AUTHORITY\SYSTEM
 	Current Engine Version: 1.1.26060.3008
 	Previous Engine Version: 1.1.26060.3008"
"04-08-2026 14:15:37","2010","Information","Microsoft-Windows-Windows Defender","Microsoft Defender Antivirus used cloud protection to get additional security intelligence.
 	Current security intelligence Version: 1.455.497.0
 	Security intelligence Type: 
 	User: \
 	Current Engine Version: 1.1.26060.3008
 	Cloud protection intelligence Type: Security intelligence update
 	Persistence Path: C:\ProgramData\Microsoft\Windows Defender\Scans\RtSigs\data\2339bace6c5fb0c3e2cfdfba78904cb0174f6ea5
 	Cloud protection intelligence Version: 0.0.0.0
 	Cloud protection intelligence Compilation Timestamp: 04-08-2026 08:45:36
 	Persistence Limit Type: Duration
 	Persistence Limit: 432000000"
"04-08-2026 14:11:07","5007","Information","Microsoft-Windows-Windows Defender","Microsoft Defender Antivirus Configuration has changed. If this is an unexpected event you should review the settings as this may be the result of malware.
 	Old value: HKLM\SOFTWARE\Microsoft\Windows Defender\UX Configuration\ToastOrSsoTrigger = 0x1
 	New value: HKLM\SOFTWARE\Microsoft\Windows Defender\UX Configuration\ToastOrSsoTrigger = 0x0"
"04-08-2026 14:11:07","5007","Information","Microsoft-Windows-Windows Defender","Microsoft Defender Antivirus Configuration has changed. If this is an unexpected event you should review the settings as this may be the result of malware.
 	Old value: HKLM\SOFTWARE\Microsoft\Windows Defender\UX Configuration\ToastOrSsoTrigger = 0x1
 	New value: HKLM\SOFTWARE\Microsoft\Windows Defender\UX Configuration\ToastOrSsoTrigger = 0x0"
"04-08-2026 14:09:39","1151","Information","Microsoft-Windows-Windows Defender","Endpoint Protection client health report (time in UTC):
 	Platform version: 4.18.26060.3008
 	Engine version: 1.1.26060.3008
 	Network Realtime Inspection engine version: 1.1.26060.3008
 	Antivirus security intelligence version: 1.455.497.0
 	Antispyware security intelligence version: 1.455.497.0
 	Network Realtime Inspection security intelligence version: 1.455.497.0
 	RTP state: Enabled
 	OA state: Enabled
 	IOAV state: Enabled
 	BM state: Enabled
 	Antivirus security intelligence age: 0
 	Antispyware security intelligence age: 0
 	Last quick scan age: 0
 	Last full scan age: 4294967295
 	Antivirus security intelligence creation time: 2026-08-03T21:50:50Z
 	Antispyware security intelligence creation time: 2026-08-03T21:50:50Z
 	Last quick scan start time: 2026-08-03T09:36:17Z
 	Last quick scan end time: 2026-08-03T09:48:33Z
 	Last quick scan source: 2
 	Last full scan start time: 1601-01-01T00:00:00Z
 	Last full scan end time: 1601-01-01T00:00:00Z
 	Last full scan source: 0
 	Product status: 0x00080000
"
"04-08-2026 14:09:39","1150","Information","Microsoft-Windows-Windows Defender","Endpoint Protection client is up and running in a healthy state.
 	Platform version: 4.18.26060.3008
 	Engine version: 1.1.26060.3008
 	Security intelligence version: 1.455.497.0
"
"04-08-2026 14:00:32","2010","Information","Microsoft-Windows-Windows Defender","Microsoft Defender Antivirus used cloud protection to get additional security intelligence.
 	Current security intelligence Version: 1.455.497.0
 	Security intelligence Type: 
 	User: \
 	Current Engine Version: 1.1.26060.3008
 	Cloud protection intelligence Type: Security intelligence update
 	Persistence Path: C:\ProgramData\Microsoft\Windows Defender\Scans\RtSigs\data\1c81862f8b4c70787aad9fbbf9b21da52398dc21
 	Cloud protection intelligence Version: 0.0.0.0
 	Cloud protection intelligence Compilation Timestamp: 04-08-2026 08:30:31
 	Persistence Limit Type: Duration
 	Persistence Limit: 432000000"
"04-08-2026 13:33:54","1013","Information","Microsoft-Windows-Windows Defender","Microsoft Defender Antivirus has removed history of malware and other potentially unwanted software.
 	Time: 2026-07-20T08:03:53Z
 	User: NT AUTHORITY\SYSTEM
"
"04-08-2026 13:30:22","2010","Information","Microsoft-Windows-Windows Defender","Microsoft Defender Antivirus used cloud protection to get additional security intelligence.
 	Current security intelligence Version: 1.455.497.0
 	Security intelligence Type: 
 	User: \
 	Current Engine Version: 1.1.26060.3008
 	Cloud protection intelligence Type: Security intelligence update
 	Persistence Path: C:\ProgramData\Microsoft\Windows Defender\Scans\RtSigs\data\b838473d2c74c726ef79213c7d1639334b4f53b1
 	Cloud protection intelligence Version: 0.0.0.0
 	Cloud protection intelligence Compilation Timestamp: 04-08-2026 08:00:20
 	Persistence Limit Type: Duration
 	Persistence Limit: 72000000"
"04-08-2026 13:30:22","2010","Information","Microsoft-Windows-Windows Defender","Microsoft Defender Antivirus used cloud protection to get additional security intelligence.
 	Current security intelligence Version: 1.455.497.0
 	Security intelligence Type: 
 	User: \
 	Current Engine Version: 1.1.26060.3008
 	Cloud protection intelligence Type: Security intelligence update
 	Persistence Path: C:\ProgramData\Microsoft\Windows Defender\Scans\RtSigs\data\d05f354bf3a09aeecc48ed246beefd86f331b4db
 	Cloud protection intelligence Version: 0.0.0.0
 	Cloud protection intelligence Compilation Timestamp: 04-08-2026 08:00:20
 	Persistence Limit Type: Duration
 	Persistence Limit: 432000000"
"04-08-2026 13:30:22","2010","Information","Microsoft-Windows-Windows Defender","Microsoft Defender Antivirus used cloud protection to get additional security intelligence.
 	Current security intelligence Version: 1.455.497.0
 	Security intelligence Type: 
 	User: \
 	Current Engine Version: 1.1.26060.3008
 	Cloud protection intelligence Type: Security intelligence update
 	Persistence Path: C:\ProgramData\Microsoft\Windows Defender\Scans\RtSigs\data\4e9f2bb1c4a8e33c3fac34167809debed282b335
 	Cloud protection intelligence Version: 0.0.0.0
 	Cloud protection intelligence Compilation Timestamp: 04-08-2026 08:00:20
 	Persistence Limit Type: Duration
 	Persistence Limit: 432000000"
"04-08-2026 13:30:22","2010","Information","Microsoft-Windows-Windows Defender","Microsoft Defender Antivirus used cloud protection to get additional security intelligence.
 	Current security intelligence Version: 1.455.497.0
 	Security intelligence Type: 
 	User: \
 	Current Engine Version: 1.1.26060.3008
 	Cloud protection intelligence Type: Security intelligence update
 	Persistence Path: C:\ProgramData\Microsoft\Windows Defender\Scans\RtSigs\data\ef82b1c0ca7d237797334e20e8296b067dcf3b4f
 	Cloud protection intelligence Version: 0.0.0.0
 	Cloud protection intelligence Compilation Timestamp: 04-08-2026 08:00:20
 	Persistence Limit Type: Duration
 	Persistence Limit: 432000000"
"04-08-2026 13:15:17","2010","Information","Microsoft-Windows-Windows Defender","Microsoft Defender Antivirus used cloud protection to get additional security intelligence.
 	Current security intelligence Version: 1.455.497.0
 	Security intelligence Type: 
 	User: \
 	Current Engine Version: 1.1.26060.3008
 	Cloud protection intelligence Type: Security intelligence update
 	Persistence Path: C:\ProgramData\Microsoft\Windows Defender\Scans\RtSigs\data\3fbd73cb4c48cd53a4b8e13fa81c4d47ad956df0
 	Cloud protection intelligence Version: 0.0.0.0
 	Cloud protection intelligence Compilation Timestamp: 04-08-2026 07:45:16
 	Persistence Limit Type: Duration
 	Persistence Limit: 72000000"
"04-08-2026 13:15:17","2010","Information","Microsoft-Windows-Windows Defender","Microsoft Defender Antivirus used cloud protection to get additional security intelligence.
 	Current security intelligence Version: 1.455.497.0
 	Security intelligence Type: 
 	User: \
 	Current Engine Version: 1.1.26060.3008
 	Cloud protection intelligence Type: Security intelligence update
 	Persistence Path: C:\ProgramData\Microsoft\Windows Defender\Scans\RtSigs\data\7c12820b65d0e5531b7187904d226497b184eec1
 	Cloud protection intelligence Version: 0.0.0.0
 	Cloud protection intelligence Compilation Timestamp: 04-08-2026 07:45:16
 	Persistence Limit Type: Duration
 	Persistence Limit: 432000000"
"04-08-2026 13:15:17","2010","Information","Microsoft-Windows-Windows Defender","Microsoft Defender Antivirus used cloud protection to get additional security intelligence.
 	Current security intelligence Version: 1.455.497.0
 	Security intelligence Type: 
 	User: \
 	Current Engine Version: 1.1.26060.3008
 	Cloud protection intelligence Type: Security intelligence update
 	Persistence Path: C:\ProgramData\Microsoft\Windows Defender\Scans\RtSigs\data\4e33d54f6a1a0b7e4fd1c232a3751d891d288905
 	Cloud protection intelligence Version: 0.0.0.0
 	Cloud protection intelligence Compilation Timestamp: 04-08-2026 07:45:16
 	Persistence Limit Type: Duration
 	Persistence Limit: 432000000"
"04-08-2026 13:15:17","2010","Information","Microsoft-Windows-Windows Defender","Microsoft Defender Antivirus used cloud protection to get additional security intelligence.
 	Current security intelligence Version: 1.455.497.0
 	Security intelligence Type: 
 	User: \
 	Current Engine Version: 1.1.26060.3008
 	Cloud protection intelligence Type: Security intelligence update
 	Persistence Path: C:\ProgramData\Microsoft\Windows Defender\Scans\RtSigs\data\5be00b0603ff72b1204398226e6506935397287a
 	Cloud protection intelligence Version: 0.0.0.0
 	Cloud protection intelligence Compilation Timestamp: 04-08-2026 07:45:16
 	Persistence Limit Type: Duration
 	Persistence Limit: 432000000"
"04-08-2026 13:09:39","1151","Information","Microsoft-Windows-Windows Defender","Endpoint Protection client health report (time in UTC):
 	Platform version: 4.18.26060.3008
 	Engine version: 1.1.26060.3008
 	Network Realtime Inspection engine version: 1.1.26060.3008
 	Antivirus security intelligence version: 1.455.497.0
 	Antispyware security intelligence version: 1.455.497.0
 	Network Realtime Inspection security intelligence version: 1.455.497.0
 	RTP state: Enabled
 	OA state: Enabled
 	IOAV state: Enabled
 	BM state: Enabled
 	Antivirus security intelligence age: 0
 	Antispyware security intelligence age: 0
 	Last quick scan age: 0
 	Last full scan age: 4294967295
 	Antivirus security intelligence creation time: 2026-08-03T21:50:50Z
 	Antispyware security intelligence creation time: 2026-08-03T21:50:50Z
 	Last quick scan start time: 2026-08-03T09:36:17Z
 	Last quick scan end time: 2026-08-03T09:48:33Z
 	Last quick scan source: 2
 	Last full scan start time: 1601-01-01T00:00:00Z
 	Last full scan end time: 1601-01-01T00:00:00Z
 	Last full scan source: 0
 	Product status: 0x00080000
"
"04-08-2026 13:09:39","1150","Information","Microsoft-Windows-Windows Defender","Endpoint Protection client is up and running in a healthy state.
 	Platform version: 4.18.26060.3008
 	Engine version: 1.1.26060.3008
 	Security intelligence version: 1.455.497.0
"
"04-08-2026 13:00:12","2010","Information","Microsoft-Windows-Windows Defender","Microsoft Defender Antivirus used cloud protection to get additional security intelligence.
 	Current security intelligence Version: 1.455.497.0
 	Security intelligence Type: 
 	User: \
 	Current Engine Version: 1.1.26060.3008
 	Cloud protection intelligence Type: Security intelligence update
 	Persistence Path: C:\ProgramData\Microsoft\Windows Defender\Scans\RtSigs\data\8c7c7883bc2a7d35fb376bd15d1f01a73a7139d9
 	Cloud protection intelligence Version: 0.0.0.0
 	Cloud protection intelligence Compilation Timestamp: 04-08-2026 07:30:11
 	Persistence Limit Type: Duration
 	Persistence Limit: 432000000"
