"17-08-2026 09:42:42","4","Information","Microsoft-Windows-Bits-Client","The transfer job is complete.
User: NT AUTHORITY\SYSTEM
Transfer job: Microsoft Office Click-to-Run
Job ID: {f3580369-cadb-44e2-9139-f2933da10e1f}
Owner: NT AUTHORITY\SYSTEM
File count: 1"
"17-08-2026 09:42:42","60","Information","Microsoft-Windows-Bits-Client","BITS stopped transferring the Microsoft Office Click-to-Run transfer job that is associated with the http://f.c2r.ts.cdn.office.net/pr/55336b82-a18d-4dd6-b5f6-9e5095c314a6/Office/Data/v64_16.0.20228.20188.cab URL. The status code is 0x0."
"17-08-2026 09:42:42","59","Information","Microsoft-Windows-Bits-Client","BITS started the Microsoft Office Click-to-Run transfer job that is associated with the http://f.c2r.ts.cdn.office.net/pr/55336b82-a18d-4dd6-b5f6-9e5095c314a6/Office/Data/v64_16.0.20228.20188.cab URL."
"17-08-2026 09:42:42","16403","Information","Microsoft-Windows-Bits-Client",
"17-08-2026 09:42:42","3","Information","Microsoft-Windows-Bits-Client","The BITS service created a new job.
Transfer job: Microsoft Office Click-to-Run
Job ID: {f3580369-cadb-44e2-9139-f2933da10e1f}
Owner: NT AUTHORITY\SYSTEM
Process Path: C:\Program Files\Common Files\microsoft shared\ClickToRun\OfficeClickToRun.exe
Process ID: 4784"
"17-08-2026 09:42:42","4","Information","Microsoft-Windows-Bits-Client","The transfer job is complete.
User: NT AUTHORITY\SYSTEM
Transfer job: UpdateDescriptionXml
Job ID: {87138fc0-f44c-4371-9f8e-40704d4f8b6e}
Owner: NT AUTHORITY\SYSTEM
File count: 1"
"17-08-2026 09:42:42","60","Information","Microsoft-Windows-Bits-Client","BITS stopped transferring the UpdateDescriptionXml transfer job that is associated with the https://g.live.com/1rewlive5skydrive/ODSUProductionV2 URL. The status code is 0x0."
"17-08-2026 09:42:41","59","Information","Microsoft-Windows-Bits-Client","BITS started the UpdateDescriptionXml transfer job that is associated with the https://g.live.com/1rewlive5skydrive/ODSUProductionV2 URL."
"17-08-2026 09:42:41","16403","Information","Microsoft-Windows-Bits-Client",
"17-08-2026 09:42:41","3","Information","Microsoft-Windows-Bits-Client","The BITS service created a new job.
Transfer job: UpdateDescriptionXml
Job ID: {87138fc0-f44c-4371-9f8e-40704d4f8b6e}
Owner: NT AUTHORITY\SYSTEM
Process Path: C:\Program Files\Microsoft OneDrive\OneDriveStandaloneUpdater.exe
Process ID: 316"
"17-08-2026 09:42:40","4","Information","Microsoft-Windows-Bits-Client","The transfer job is complete.
User: NT AUTHORITY\SYSTEM
Transfer job: PreSignInSettingsConfigJSON
Job ID: {66e0607d-2571-4feb-a6ab-f2c05536586c}
Owner: NT AUTHORITY\SYSTEM
File count: 1"
"17-08-2026 09:42:40","60","Information","Microsoft-Windows-Bits-Client","BITS stopped transferring the PreSignInSettingsConfigJSON transfer job that is associated with the https://g.live.com/odclientsettings/ProdV2 URL. The status code is 0x0."
"17-08-2026 09:42:40","4","Information","Microsoft-Windows-Bits-Client","The transfer job is complete.
User: ENTERPRISE\arjo5004
Transfer job: PreSignInSettingsConfigJSON
Job ID: {5bbde9bf-290c-49ba-ab86-02095d989b4f}
Owner: ENTERPRISE\arjo5004
File count: 1"
"17-08-2026 09:42:40","60","Information","Microsoft-Windows-Bits-Client","BITS stopped transferring the PreSignInSettingsConfigJSON transfer job that is associated with the https://g.live.com/odclientsettings/ProdV2 URL. The status code is 0x0."
"17-08-2026 09:42:40","59","Information","Microsoft-Windows-Bits-Client","BITS started the PreSignInSettingsConfigJSON transfer job that is associated with the https://g.live.com/odclientsettings/ProdV2 URL."
"17-08-2026 09:42:40","59","Information","Microsoft-Windows-Bits-Client","BITS started the PreSignInSettingsConfigJSON transfer job that is associated with the https://g.live.com/odclientsettings/ProdV2 URL."
"17-08-2026 09:42:40","310","Warning","Microsoft-Windows-Bits-Client","The initialization of the peer helper modules failed with the following error:  0x80070032."
"17-08-2026 09:42:39","16403","Information","Microsoft-Windows-Bits-Client",
"17-08-2026 09:42:39","16403","Information","Microsoft-Windows-Bits-Client",
"17-08-2026 09:42:39","3","Information","Microsoft-Windows-Bits-Client","The BITS service created a new job.
Transfer job: PreSignInSettingsConfigJSON
Job ID: {66e0607d-2571-4feb-a6ab-f2c05536586c}
Owner: NT AUTHORITY\SYSTEM
Process Path: C:\Program Files\Microsoft OneDrive\OneDriveStandaloneUpdater.exe
Process ID: 316"
"17-08-2026 09:42:39","3","Information","Microsoft-Windows-Bits-Client","The BITS service created a new job.
Transfer job: PreSignInSettingsConfigJSON
Job ID: {5bbde9bf-290c-49ba-ab86-02095d989b4f}
Owner: ENTERPRISE\arjo5004
Process Path: C:\Program Files\Microsoft OneDrive\OneDriveStandaloneUpdater.exe
Process ID: 36536"
"17-08-2026 09:42:35","306","Verbose","Microsoft-Windows-Bits-Client","The BITS service loaded the job list from disk."
"17-08-2026 09:39:24","306","Verbose","Microsoft-Windows-Bits-Client","The BITS service loaded the job list from disk."
"17-08-2026 09:36:49","4","Information","Microsoft-Windows-Bits-Client","The transfer job is complete.
User: ENTERPRISE\arjo5004
Transfer job: UpdateXml
Job ID: {aa7f5ed4-587d-4052-8851-1343a6214d62}
Owner: ENTERPRISE\arjo5004
File count: 1"
"17-08-2026 09:36:49","60","Information","Microsoft-Windows-Bits-Client","BITS stopped transferring the UpdateXml transfer job that is associated with the https://g.live.com/1rewlive5skydrive/OneDriveProductionV2?OneDriveUpdate=3246755da9f884dd1abbeda1e4f URL. The status code is 0x0."
"17-08-2026 09:36:49","4","Information","Microsoft-Windows-Bits-Client","The transfer job is complete.
User: ENTERPRISE\arjo5004
Transfer job: NucleusUpdateRingConfigJSON
Job ID: {b5e63b59-369b-4450-8011-e736cfeff26e}
Owner: ENTERPRISE\arjo5004
File count: 1"
"17-08-2026 09:36:49","60","Information","Microsoft-Windows-Bits-Client","BITS stopped transferring the NucleusUpdateRingConfigJSON transfer job that is associated with the https://g.live.com/odclientsettings/ProdV2?OneDriveUpdate=a009a5d4f0e6a5ffec90a8be44d URL. The status code is 0x0."
"17-08-2026 09:36:49","4","Information","Microsoft-Windows-Bits-Client","The transfer job is complete.
User: ENTERPRISE\arjo5004
Transfer job: PreSignInSettingsConfigJSON
Job ID: {24ff5720-1796-494e-8c33-8422cb24e31c}
Owner: ENTERPRISE\arjo5004
File count: 1"
"17-08-2026 09:36:49","60","Information","Microsoft-Windows-Bits-Client","BITS stopped transferring the PreSignInSettingsConfigJSON transfer job that is associated with the https://g.live.com/odclientsettings/ProdV2?OneDriveUpdate=fdc348c404481a4bcf1b2584ddb URL. The status code is 0x0."
"17-08-2026 09:36:49","59","Information","Microsoft-Windows-Bits-Client","BITS started the UpdateXml transfer job that is associated with the https://g.live.com/1rewlive5skydrive/OneDriveProductionV2?OneDriveUpdate=3246755da9f884dd1abbeda1e4f URL."
"17-08-2026 09:36:49","59","Information","Microsoft-Windows-Bits-Client","BITS started the NucleusUpdateRingConfigJSON transfer job that is associated with the https://g.live.com/odclientsettings/ProdV2?OneDriveUpdate=a009a5d4f0e6a5ffec90a8be44d URL."
"17-08-2026 09:36:49","59","Information","Microsoft-Windows-Bits-Client","BITS started the PreSignInSettingsConfigJSON transfer job that is associated with the https://g.live.com/odclientsettings/ProdV2?OneDriveUpdate=fdc348c404481a4bcf1b2584ddb URL."
"17-08-2026 09:36:49","310","Warning","Microsoft-Windows-Bits-Client","The initialization of the peer helper modules failed with the following error:  0x80070032."
"17-08-2026 09:36:45","16403","Information","Microsoft-Windows-Bits-Client",
"17-08-2026 09:36:45","16403","Information","Microsoft-Windows-Bits-Client",
"17-08-2026 09:36:44","3","Information","Microsoft-Windows-Bits-Client","The BITS service created a new job.
Transfer job: PreSignInSettingsConfigJSON
Job ID: {24ff5720-1796-494e-8c33-8422cb24e31c}
Owner: ENTERPRISE\arjo5004
Process Path: C:\Program Files\Microsoft OneDrive\OneDrive.exe
Process ID: 8024"
"17-08-2026 09:36:44","16403","Information","Microsoft-Windows-Bits-Client",
"17-08-2026 09:36:44","3","Information","Microsoft-Windows-Bits-Client","The BITS service created a new job.
Transfer job: UpdateXml
Job ID: {aa7f5ed4-587d-4052-8851-1343a6214d62}
Owner: ENTERPRISE\arjo5004
Process Path: C:\Program Files\Microsoft OneDrive\OneDrive.exe
Process ID: 8024"
"17-08-2026 09:36:44","3","Information","Microsoft-Windows-Bits-Client","The BITS service created a new job.
Transfer job: NucleusUpdateRingConfigJSON
Job ID: {b5e63b59-369b-4450-8011-e736cfeff26e}
Owner: ENTERPRISE\arjo5004
Process Path: C:\Program Files\Microsoft OneDrive\26.139.0720.0007\OneDrive.Sync.Service.exe
Process ID: 18024"
"17-08-2026 09:36:38","306","Verbose","Microsoft-Windows-Bits-Client","The BITS service loaded the job list from disk."
"14-08-2026 18:55:24","306","Verbose","Microsoft-Windows-Bits-Client","The BITS service loaded the job list from disk."
"14-08-2026 16:05:20","4","Information","Microsoft-Windows-Bits-Client","The transfer job is complete.
User: NT AUTHORITY\SYSTEM
Transfer job: UpdateDescriptionXml
Job ID: {e454b1d7-10c1-4e79-8a49-2645fbb3ce7f}
Owner: NT AUTHORITY\SYSTEM
File count: 1"
"14-08-2026 16:05:20","60","Information","Microsoft-Windows-Bits-Client","BITS stopped transferring the UpdateDescriptionXml transfer job that is associated with the https://g.live.com/1rewlive5skydrive/ODSUProductionV2 URL. The status code is 0x0."
"14-08-2026 16:05:20","59","Information","Microsoft-Windows-Bits-Client","BITS started the UpdateDescriptionXml transfer job that is associated with the https://g.live.com/1rewlive5skydrive/ODSUProductionV2 URL."
"14-08-2026 16:05:20","16403","Information","Microsoft-Windows-Bits-Client",
"14-08-2026 16:05:20","3","Information","Microsoft-Windows-Bits-Client","The BITS service created a new job.
Transfer job: UpdateDescriptionXml
Job ID: {e454b1d7-10c1-4e79-8a49-2645fbb3ce7f}
Owner: NT AUTHORITY\SYSTEM
Process Path: C:\Program Files\Microsoft OneDrive\OneDriveStandaloneUpdater.exe
Process ID: 35892"
"14-08-2026 16:05:19","4","Information","Microsoft-Windows-Bits-Client","The transfer job is complete.
User: NT AUTHORITY\SYSTEM
Transfer job: PreSignInSettingsConfigJSON
Job ID: {957b31f7-244c-4817-bf8b-a245550f71f9}
Owner: NT AUTHORITY\SYSTEM
File count: 1"
"14-08-2026 16:05:19","60","Information","Microsoft-Windows-Bits-Client","BITS stopped transferring the PreSignInSettingsConfigJSON transfer job that is associated with the https://g.live.com/odclientsettings/ProdV2 URL. The status code is 0x0."
"14-08-2026 16:05:19","59","Information","Microsoft-Windows-Bits-Client","BITS started the PreSignInSettingsConfigJSON transfer job that is associated with the https://g.live.com/odclientsettings/ProdV2 URL."
"14-08-2026 16:05:19","310","Warning","Microsoft-Windows-Bits-Client","The initialization of the peer helper modules failed with the following error:  0x80070032."
"14-08-2026 16:05:18","16403","Information","Microsoft-Windows-Bits-Client",
"14-08-2026 16:05:18","3","Information","Microsoft-Windows-Bits-Client","The BITS service created a new job.
Transfer job: PreSignInSettingsConfigJSON
Job ID: {957b31f7-244c-4817-bf8b-a245550f71f9}
Owner: NT AUTHORITY\SYSTEM
Process Path: C:\Program Files\Microsoft OneDrive\OneDriveStandaloneUpdater.exe
Process ID: 35892"
"14-08-2026 16:05:14","306","Verbose","Microsoft-Windows-Bits-Client","The BITS service loaded the job list from disk."
"14-08-2026 14:52:49","4","Information","Microsoft-Windows-Bits-Client","The transfer job is complete.
User: ENTERPRISE\arjo5004
Transfer job: PreSignInSettingsConfigJSON
Job ID: {6c69fad8-06f0-4d26-aabd-009c47df9d07}
Owner: ENTERPRISE\arjo5004
File count: 1"
"14-08-2026 14:52:49","60","Information","Microsoft-Windows-Bits-Client","BITS stopped transferring the PreSignInSettingsConfigJSON transfer job that is associated with the https://g.live.com/odclientsettings/ProdV2 URL. The status code is 0x0."
"14-08-2026 14:52:48","59","Information","Microsoft-Windows-Bits-Client","BITS started the PreSignInSettingsConfigJSON transfer job that is associated with the https://g.live.com/odclientsettings/ProdV2 URL."
"14-08-2026 14:52:48","310","Warning","Microsoft-Windows-Bits-Client","The initialization of the peer helper modules failed with the following error:  0x80070032."
"14-08-2026 14:52:48","16403","Information","Microsoft-Windows-Bits-Client",
"14-08-2026 14:52:48","3","Information","Microsoft-Windows-Bits-Client","The BITS service created a new job.
Transfer job: PreSignInSettingsConfigJSON
Job ID: {6c69fad8-06f0-4d26-aabd-009c47df9d07}
Owner: ENTERPRISE\arjo5004
Process Path: C:\Program Files\Microsoft OneDrive\OneDriveStandaloneUpdater.exe
Process ID: 7988"
"14-08-2026 14:52:44","306","Verbose","Microsoft-Windows-Bits-Client","The BITS service loaded the job list from disk."
"14-08-2026 14:23:20","4","Information","Microsoft-Windows-Bits-Client","The transfer job is complete.
User: ENTERPRISE\arjo5004
Transfer job: Microsoft Outlook Offline Address Book f6f4885c16aaa24380920210d426fdcc
Job ID: {3a363ae8-ab01-4ade-a442-a9423a81dd63}
Owner: ENTERPRISE\arjo5004
File count: 3"
"14-08-2026 14:23:19","60","Information","Microsoft-Windows-Bits-Client","BITS stopped transferring the Microsoft Outlook Offline Address Book f6f4885c16aaa24380920210d426fdcc transfer job that is associated with the https://outlook.office365.com/OWS/BETA/OAB/a9053b48-6105-4f36-b0f9-85fa6e19d837/ad404fb7-55ce-4457-96ad-a4d6639a1303-binpatch-6815.lzx URL. The status code is 0x0."
"14-08-2026 14:23:18","59","Information","Microsoft-Windows-Bits-Client","BITS started the Microsoft Outlook Offline Address Book f6f4885c16aaa24380920210d426fdcc transfer job that is associated with the https://outlook.office365.com/OWS/BETA/OAB/a9053b48-6105-4f36-b0f9-85fa6e19d837/ad404fb7-55ce-4457-96ad-a4d6639a1303-binpatch-6815.lzx URL."
"14-08-2026 14:23:18","60","Information","Microsoft-Windows-Bits-Client","BITS stopped transferring the Microsoft Outlook Offline Address Book f6f4885c16aaa24380920210d426fdcc transfer job that is associated with the https://outlook.office365.com/OWS/BETA/OAB/a9053b48-6105-4f36-b0f9-85fa6e19d837/ad404fb7-55ce-4457-96ad-a4d6639a1303-binpatch-6814.lzx URL. The status code is 0x0."
"14-08-2026 14:23:18","59","Information","Microsoft-Windows-Bits-Client","BITS started the Microsoft Outlook Offline Address Book f6f4885c16aaa24380920210d426fdcc transfer job that is associated with the https://outlook.office365.com/OWS/BETA/OAB/a9053b48-6105-4f36-b0f9-85fa6e19d837/ad404fb7-55ce-4457-96ad-a4d6639a1303-binpatch-6814.lzx URL."
"14-08-2026 14:23:18","60","Information","Microsoft-Windows-Bits-Client","BITS stopped transferring the Microsoft Outlook Offline Address Book f6f4885c16aaa24380920210d426fdcc transfer job that is associated with the https://outlook.office365.com/OWS/BETA/OAB/a9053b48-6105-4f36-b0f9-85fa6e19d837/ad404fb7-55ce-4457-96ad-a4d6639a1303-binpatch-6813.lzx URL. The status code is 0x0."
"14-08-2026 14:23:17","59","Information","Microsoft-Windows-Bits-Client","BITS started the Microsoft Outlook Offline Address Book f6f4885c16aaa24380920210d426fdcc transfer job that is associated with the https://outlook.office365.com/OWS/BETA/OAB/a9053b48-6105-4f36-b0f9-85fa6e19d837/ad404fb7-55ce-4457-96ad-a4d6639a1303-binpatch-6813.lzx URL."
"14-08-2026 14:23:14","61","Warning","Microsoft-Windows-Bits-Client","BITS stopped transferring the Microsoft Outlook Offline Address Book f6f4885c16aaa24380920210d426fdcc transfer job that is associated with the https://outlook.office365.com/OWS/BETA/OAB/a9053b48-6105-4f36-b0f9-85fa6e19d837/ad404fb7-55ce-4457-96ad-a4d6639a1303-binpatch-6813.lzx URL. The status code is 0x80190191."
"14-08-2026 14:23:14","204","Error","Microsoft-Windows-Bits-Client","The BITS service provided job credentials in response to the UNIDENTIFIED authentication challenge from the outlook.office365.com server for the Microsoft Outlook Offline Address Book f6f4885c16aaa24380920210d426fdcc transfer job that is associated with the following URL: /OWS/BETA/OAB/a9053b48-6105-4f36-b0f9-85fa6e19d837/ad404fb7-55ce-4457-96ad-a4d6639a1303-binpatch-6813.lzx.
 The credentials for the S-1-12-1-2357405129-1281513531-255772574-1816207334 user were rejected."
"14-08-2026 14:23:14","16403","Information","Microsoft-Windows-Bits-Client",
"14-08-2026 14:23:14","16403","Information","Microsoft-Windows-Bits-Client",
"14-08-2026 14:23:14","16403","Information","Microsoft-Windows-Bits-Client",
"14-08-2026 14:23:14","3","Information","Microsoft-Windows-Bits-Client","The BITS service created a new job.
Transfer job: Microsoft Outlook Offline Address Book f6f4885c16aaa24380920210d426fdcc
Job ID: {3a363ae8-ab01-4ade-a442-a9423a81dd63}
Owner: ENTERPRISE\arjo5004
Process Path: C:\Program Files\Microsoft Office\root\Office16\OUTLOOK.EXE
Process ID: 12576"
"14-08-2026 14:23:10","4","Information","Microsoft-Windows-Bits-Client","The transfer job is complete.
User: ENTERPRISE\arjo5004
Transfer job: Microsoft Outlook Offline Address Book f6f4885c16aaa24380920210d426fdcc
Job ID: {0a45e968-50d7-455d-8c06-0d3f894fd94f}
Owner: ENTERPRISE\arjo5004
File count: 1"
"14-08-2026 14:23:09","60","Information","Microsoft-Windows-Bits-Client","BITS stopped transferring the Microsoft Outlook Offline Address Book f6f4885c16aaa24380920210d426fdcc transfer job that is associated with the https://outlook.office365.com/OWS/BETA/OAB/a9053b48-6105-4f36-b0f9-85fa6e19d837/Templates/lng0409-1.lzx URL. The status code is 0x0."
"14-08-2026 14:23:09","59","Information","Microsoft-Windows-Bits-Client","BITS started the Microsoft Outlook Offline Address Book f6f4885c16aaa24380920210d426fdcc transfer job that is associated with the https://outlook.office365.com/OWS/BETA/OAB/a9053b48-6105-4f36-b0f9-85fa6e19d837/Templates/lng0409-1.lzx URL."
"14-08-2026 14:23:06","61","Warning","Microsoft-Windows-Bits-Client","BITS stopped transferring the Microsoft Outlook Offline Address Book f6f4885c16aaa24380920210d426fdcc transfer job that is associated with the https://outlook.office365.com/OWS/BETA/OAB/a9053b48-6105-4f36-b0f9-85fa6e19d837/Templates/lng0409-1.lzx URL. The status code is 0x80190191."
"14-08-2026 14:23:06","204","Error","Microsoft-Windows-Bits-Client","The BITS service provided job credentials in response to the UNIDENTIFIED authentication challenge from the outlook.office365.com server for the Microsoft Outlook Offline Address Book f6f4885c16aaa24380920210d426fdcc transfer job that is associated with the following URL: /OWS/BETA/OAB/a9053b48-6105-4f36-b0f9-85fa6e19d837/Templates/lng0409-1.lzx.
 The credentials for the S-1-12-1-2357405129-1281513531-255772574-1816207334 user were rejected."
"14-08-2026 14:23:06","16403","Information","Microsoft-Windows-Bits-Client",
"14-08-2026 14:23:06","3","Information","Microsoft-Windows-Bits-Client","The BITS service created a new job.
Transfer job: Microsoft Outlook Offline Address Book f6f4885c16aaa24380920210d426fdcc
Job ID: {0a45e968-50d7-455d-8c06-0d3f894fd94f}
Owner: ENTERPRISE\arjo5004
Process Path: C:\Program Files\Microsoft Office\root\Office16\OUTLOOK.EXE
Process ID: 12576"
"14-08-2026 14:23:04","4","Information","Microsoft-Windows-Bits-Client","The transfer job is complete.
User: ENTERPRISE\arjo5004
Transfer job: Microsoft Outlook Offline Address Book f6f4885c16aaa24380920210d426fdcc
Job ID: {d0ca5815-04d1-4e70-8f19-cac83e8981df}
Owner: ENTERPRISE\arjo5004
File count: 1"
"14-08-2026 14:23:04","60","Information","Microsoft-Windows-Bits-Client","BITS stopped transferring the Microsoft Outlook Offline Address Book f6f4885c16aaa24380920210d426fdcc transfer job that is associated with the https://outlook.office365.com/OWS/BETA/OAB/a9053b48-6105-4f36-b0f9-85fa6e19d837/oab.xml URL. The status code is 0x0."
"14-08-2026 14:22:36","59","Information","Microsoft-Windows-Bits-Client","BITS started the Microsoft Outlook Offline Address Book f6f4885c16aaa24380920210d426fdcc transfer job that is associated with the https://outlook.office365.com/OWS/BETA/OAB/a9053b48-6105-4f36-b0f9-85fa6e19d837/oab.xml URL."
"14-08-2026 14:22:36","310","Warning","Microsoft-Windows-Bits-Client","The initialization of the peer helper modules failed with the following error:  0x80070032."
"14-08-2026 14:22:35","61","Warning","Microsoft-Windows-Bits-Client","BITS stopped transferring the Microsoft Outlook Offline Address Book f6f4885c16aaa24380920210d426fdcc transfer job that is associated with the https://outlook.office365.com/OWS/BETA/OAB/a9053b48-6105-4f36-b0f9-85fa6e19d837/oab.xml URL. The status code is 0x80190191."
"14-08-2026 14:22:35","204","Error","Microsoft-Windows-Bits-Client","The BITS service provided job credentials in response to the UNIDENTIFIED authentication challenge from the outlook.office365.com server for the Microsoft Outlook Offline Address Book f6f4885c16aaa24380920210d426fdcc transfer job that is associated with the following URL: /OWS/BETA/OAB/a9053b48-6105-4f36-b0f9-85fa6e19d837/oab.xml.
 The credentials for the S-1-12-1-2357405129-1281513531-255772574-1816207334 user were rejected."
"14-08-2026 14:22:34","16403","Information","Microsoft-Windows-Bits-Client",
"14-08-2026 14:22:34","3","Information","Microsoft-Windows-Bits-Client","The BITS service created a new job.
Transfer job: Microsoft Outlook Offline Address Book f6f4885c16aaa24380920210d426fdcc
Job ID: {d0ca5815-04d1-4e70-8f19-cac83e8981df}
Owner: ENTERPRISE\arjo5004
Process Path: C:\Program Files\Microsoft Office\root\Office16\OUTLOOK.EXE
Process ID: 12576"
"14-08-2026 14:22:30","306","Verbose","Microsoft-Windows-Bits-Client","The BITS service loaded the job list from disk."
"14-08-2026 13:52:57","4","Information","Microsoft-Windows-Bits-Client","The transfer job is complete.
User: ENTERPRISE\arjo5004
Transfer job: UpdateXml
Job ID: {a352c2d8-3e08-4e81-aa98-cf8396f7018d}
Owner: ENTERPRISE\arjo5004
File count: 1"
"14-08-2026 13:52:57","60","Information","Microsoft-Windows-Bits-Client","BITS stopped transferring the UpdateXml transfer job that is associated with the https://g.live.com/1rewlive5skydrive/OneDriveProductionV2?OneDriveUpdate=dc105aa49cb9c49e47076aa29b0 URL. The status code is 0x0."
"14-08-2026 13:52:57","4","Information","Microsoft-Windows-Bits-Client","The transfer job is complete.
User: ENTERPRISE\arjo5004
Transfer job: NucleusUpdateRingConfigJSON
Job ID: {1f799517-bba7-447f-b8cf-77c22242c5c3}
Owner: ENTERPRISE\arjo5004
File count: 1"
"14-08-2026 13:52:57","60","Information","Microsoft-Windows-Bits-Client","BITS stopped transferring the NucleusUpdateRingConfigJSON transfer job that is associated with the https://g.live.com/odclientsettings/ProdV2?OneDriveUpdate=b3289352f5278a7213f93b679a73 URL. The status code is 0x0."
"14-08-2026 13:52:57","59","Information","Microsoft-Windows-Bits-Client","BITS started the UpdateXml transfer job that is associated with the https://g.live.com/1rewlive5skydrive/OneDriveProductionV2?OneDriveUpdate=dc105aa49cb9c49e47076aa29b0 URL."
"14-08-2026 13:52:57","59","Information","Microsoft-Windows-Bits-Client","BITS started the NucleusUpdateRingConfigJSON transfer job that is associated with the https://g.live.com/odclientsettings/ProdV2?OneDriveUpdate=b3289352f5278a7213f93b679a73 URL."
"14-08-2026 13:52:57","310","Warning","Microsoft-Windows-Bits-Client","The initialization of the peer helper modules failed with the following error:  0x80070032."
"14-08-2026 13:52:57","16403","Information","Microsoft-Windows-Bits-Client",
"14-08-2026 13:52:57","16403","Information","Microsoft-Windows-Bits-Client",
"14-08-2026 13:52:57","3","Information","Microsoft-Windows-Bits-Client","The BITS service created a new job.
Transfer job: NucleusUpdateRingConfigJSON
Job ID: {1f799517-bba7-447f-b8cf-77c22242c5c3}
Owner: ENTERPRISE\arjo5004
Process Path: C:\Program Files\Microsoft OneDrive\26.139.0720.0007\OneDrive.Sync.Service.exe
Process ID: 18024"
"14-08-2026 13:52:57","3","Information","Microsoft-Windows-Bits-Client","The BITS service created a new job.
Transfer job: UpdateXml
Job ID: {a352c2d8-3e08-4e81-aa98-cf8396f7018d}
Owner: ENTERPRISE\arjo5004
Process Path: C:\Program Files\Microsoft OneDrive\OneDrive.exe
Process ID: 8024"
"14-08-2026 13:52:52","306","Verbose","Microsoft-Windows-Bits-Client","The BITS service loaded the job list from disk."
"14-08-2026 13:34:54","4","Information","Microsoft-Windows-Bits-Client","The transfer job is complete.
User: ENTERPRISE\arjo5004
Transfer job: Edge Component Updater
Job ID: {b0b1c6d2-b3d4-40a4-852d-0fbaa81800ac}
Owner: ENTERPRISE\arjo5004
File count: 1"
"14-08-2026 13:34:51","60","Information","Microsoft-Windows-Bits-Client","BITS stopped transferring the Edge Component Updater transfer job that is associated with the http://msedge.b.tlu.dl.delivery.mp.microsoft.com/filestreamingservice/files/88f69cfd-d436-4b7e-b3da-939766801830?P1=1787231832&P2=404&P3=2&P4=ItJNSudWLyOWmvcEdge Component UpdaterblZO87brl4JEdge Component Updaterfe0P23LijLp2HmbEdge Component UpdaterbcyrEkkLNqs5uOLVrP433m9tMEdge Component Updaterfe9aDw8HknuyjudephCg{b0b1c6d2-b3d4-40a4-852d-0fbaa81800ac}d{b0b1c6d2-b3d4-40a4-852d-0fbaa81800ac}d URL. The status code is 0x0."
"14-08-2026 13:34:38","59","Information","Microsoft-Windows-Bits-Client","BITS started the Edge Component Updater transfer job that is associated with the http://msedge.b.tlu.dl.delivery.mp.microsoft.com/filestreamingservice/files/88f69cfd-d436-4b7e-b3da-939766801830?P1=1787231832&P2=404&P3=2&P4=ItJNSudWLyOWmvcEdge Component UpdaterblZO87brl4JEdge Component Updaterfe0P23LijLp2HmbEdge Component UpdaterbcyrEkkLNqs5uOLVrP433m9tMEdge Component Updaterfe9aDw8HknuyjudephCg{b0b1c6d2-b3d4-40a4-852d-0fbaa81800ac}d{b0b1c6d2-b3d4-40a4-852d-0fbaa81800ac}d URL."
"14-08-2026 13:34:38","310","Warning","Microsoft-Windows-Bits-Client","The initialization of the peer helper modules failed with the following error:  0x80070032."
"14-08-2026 13:34:38","16403","Information","Microsoft-Windows-Bits-Client",
"14-08-2026 13:34:38","3","Information","Microsoft-Windows-Bits-Client","The BITS service created a new job.
Transfer job: Edge Component Updater
Job ID: {b0b1c6d2-b3d4-40a4-852d-0fbaa81800ac}
Owner: ENTERPRISE\arjo5004
Process Path: C:\Program Files (x86)\Microsoft\Edge\Application\msedge.exe
Process ID: 16976"
"14-08-2026 13:34:38","5","Information","Microsoft-Windows-Bits-Client","Job cancelled. User: ENTERPRISE\arjo5004, job: Edge Component Updater, jobID: {5a2c8bbb-a67a-49a4-8794-2b042c3a171a}, owner: ENTERPRISE\arjo5004, filecount: 1"
"14-08-2026 13:34:38","5","Information","Microsoft-Windows-Bits-Client","Job cancelled. User: ENTERPRISE\arjo5004, job: Edge Component Updater, jobID: {a21ef4a1-da98-4c91-bd0e-cddfb7530749}, owner: ENTERPRISE\arjo5004, filecount: 1"
"14-08-2026 13:34:34","306","Verbose","Microsoft-Windows-Bits-Client","The BITS service loaded the job list from disk."
"14-08-2026 13:28:34","4","Information","Microsoft-Windows-Bits-Client","The transfer job is complete.
User: NT AUTHORITY\SYSTEM
Transfer job: Microsoft Office Click-to-Run
Job ID: {3aa3be0f-a182-4470-a848-e529120ea23e}
Owner: NT AUTHORITY\SYSTEM
File count: 1"
"14-08-2026 13:28:34","60","Information","Microsoft-Windows-Bits-Client","BITS stopped transferring the Microsoft Office Click-to-Run transfer job that is associated with the http://f.c2r.ts.cdn.office.net/pr/55336b82-a18d-4dd6-b5f6-9e5095c314a6/Office/Data/v64_16.0.20131.20152.cab URL. The status code is 0x0."
"14-08-2026 13:28:34","59","Information","Microsoft-Windows-Bits-Client","BITS started the Microsoft Office Click-to-Run transfer job that is associated with the http://f.c2r.ts.cdn.office.net/pr/55336b82-a18d-4dd6-b5f6-9e5095c314a6/Office/Data/v64_16.0.20131.20152.cab URL."
"14-08-2026 13:28:34","16403","Information","Microsoft-Windows-Bits-Client",
"14-08-2026 13:28:34","3","Information","Microsoft-Windows-Bits-Client","The BITS service created a new job.
Transfer job: Microsoft Office Click-to-Run
Job ID: {3aa3be0f-a182-4470-a848-e529120ea23e}
Owner: NT AUTHORITY\SYSTEM
Process Path: C:\Program Files\Common Files\microsoft shared\ClickToRun\OfficeClickToRun.exe
Process ID: 4784"
"14-08-2026 13:28:34","4","Information","Microsoft-Windows-Bits-Client","The transfer job is complete.
User: NT AUTHORITY\SYSTEM
Transfer job: Microsoft Office Click-to-Run
Job ID: {51f321a4-8f58-4910-b274-90a9d9671006}
Owner: NT AUTHORITY\SYSTEM
File count: 1"
"14-08-2026 13:28:34","60","Information","Microsoft-Windows-Bits-Client","BITS stopped transferring the Microsoft Office Click-to-Run transfer job that is associated with the http://f.c2r.ts.cdn.office.net/pr/55336b82-a18d-4dd6-b5f6-9e5095c314a6/Office/Data/v64_16.0.20131.20152.cab URL. The status code is 0x0."
"14-08-2026 13:28:34","59","Information","Microsoft-Windows-Bits-Client","BITS started the Microsoft Office Click-to-Run transfer job that is associated with the http://f.c2r.ts.cdn.office.net/pr/55336b82-a18d-4dd6-b5f6-9e5095c314a6/Office/Data/v64_16.0.20131.20152.cab URL."
"14-08-2026 13:28:34","310","Warning","Microsoft-Windows-Bits-Client","The initialization of the peer helper modules failed with the following error:  0x80070032."
"14-08-2026 13:28:34","16403","Information","Microsoft-Windows-Bits-Client",
"14-08-2026 13:28:34","3","Information","Microsoft-Windows-Bits-Client","The BITS service created a new job.
Transfer job: Microsoft Office Click-to-Run
Job ID: {51f321a4-8f58-4910-b274-90a9d9671006}
Owner: NT AUTHORITY\SYSTEM
Process Path: C:\Program Files\Common Files\microsoft shared\ClickToRun\OfficeClickToRun.exe
Process ID: 4784"
"14-08-2026 13:28:30","306","Verbose","Microsoft-Windows-Bits-Client","The BITS service loaded the job list from disk."
"14-08-2026 13:22:42","4","Information","Microsoft-Windows-Bits-Client","The transfer job is complete.
User: ENTERPRISE\arjo5004
Transfer job: PreSignInSettingsConfigJSON
Job ID: {68501ee4-abf4-44e6-80cb-d4fbcabe53e1}
Owner: ENTERPRISE\arjo5004
File count: 1"
"14-08-2026 13:22:42","60","Information","Microsoft-Windows-Bits-Client","BITS stopped transferring the PreSignInSettingsConfigJSON transfer job that is associated with the https://g.live.com/odclientsettings/ProdV2?OneDriveUpdate=2e3372d3f3be8155ea92d39c749f URL. The status code is 0x0."
"14-08-2026 13:22:41","59","Information","Microsoft-Windows-Bits-Client","BITS started the PreSignInSettingsConfigJSON transfer job that is associated with the https://g.live.com/odclientsettings/ProdV2?OneDriveUpdate=2e3372d3f3be8155ea92d39c749f URL."
"14-08-2026 13:22:41","310","Warning","Microsoft-Windows-Bits-Client","The initialization of the peer helper modules failed with the following error:  0x80070032."
"14-08-2026 13:22:38","16403","Information","Microsoft-Windows-Bits-Client",
"14-08-2026 13:22:38","3","Information","Microsoft-Windows-Bits-Client","The BITS service created a new job.
Transfer job: PreSignInSettingsConfigJSON
Job ID: {68501ee4-abf4-44e6-80cb-d4fbcabe53e1}
Owner: ENTERPRISE\arjo5004
Process Path: C:\Program Files\Microsoft OneDrive\OneDrive.exe
Process ID: 8024"
"14-08-2026 13:22:32","306","Verbose","Microsoft-Windows-Bits-Client","The BITS service loaded the job list from disk."
"14-08-2026 13:22:31","313","Warning","Microsoft-Windows-Bits-Client","The Network List Manager Cost Interface is reporting no network connectivity. BITS will try to retrieve the network state again at a later time."
"13-08-2026 15:33:13","306","Verbose","Microsoft-Windows-Bits-Client","The BITS service loaded the job list from disk."
"13-08-2026 15:08:55","4","Information","Microsoft-Windows-Bits-Client","The transfer job is complete.
User: ENTERPRISE\arjo5004
Transfer job: Chrome Component Updater
Job ID: {86d60c68-2e68-45ad-a29f-a9b462a28024}
Owner: ENTERPRISE\arjo5004
File count: 1"
"13-08-2026 15:08:51","60","Information","Microsoft-Windows-Bits-Client","BITS stopped transferring the Chrome Component Updater transfer job that is associated with the http://edgedl.me.gvt1.com/edgedl/diffgen-puffin/hfnkpimlhhgieaddgfemjhofmfblmnib/3ec62649db8b1433d67a45f558aa09d996ade21fc14ae912f69b39781b0e159d URL. The status code is 0x0."
"13-08-2026 15:08:43","59","Information","Microsoft-Windows-Bits-Client","BITS started the Chrome Component Updater transfer job that is associated with the http://edgedl.me.gvt1.com/edgedl/diffgen-puffin/hfnkpimlhhgieaddgfemjhofmfblmnib/3ec62649db8b1433d67a45f558aa09d996ade21fc14ae912f69b39781b0e159d URL."
"13-08-2026 15:08:43","310","Warning","Microsoft-Windows-Bits-Client","The initialization of the peer helper modules failed with the following error:  0x80070032."
"13-08-2026 15:08:43","16403","Information","Microsoft-Windows-Bits-Client",
"13-08-2026 15:08:43","3","Information","Microsoft-Windows-Bits-Client","The BITS service created a new job.
Transfer job: Chrome Component Updater
Job ID: {86d60c68-2e68-45ad-a29f-a9b462a28024}
Owner: ENTERPRISE\arjo5004
Process Path: C:\Program Files\Google\Chrome\Application\chrome.exe
Process ID: 5900"
"13-08-2026 15:08:39","306","Verbose","Microsoft-Windows-Bits-Client","The BITS service loaded the job list from disk."
"13-08-2026 14:52:49","4","Information","Microsoft-Windows-Bits-Client","The transfer job is complete.
User: ENTERPRISE\arjo5004
Transfer job: PreSignInSettingsConfigJSON
Job ID: {4431c76c-c46b-4860-8d13-9a2e825b0dde}
Owner: ENTERPRISE\arjo5004
File count: 1"
"13-08-2026 14:52:49","60","Information","Microsoft-Windows-Bits-Client","BITS stopped transferring the PreSignInSettingsConfigJSON transfer job that is associated with the https://g.live.com/odclientsettings/ProdV2 URL. The status code is 0x0."
"13-08-2026 14:52:48","59","Information","Microsoft-Windows-Bits-Client","BITS started the PreSignInSettingsConfigJSON transfer job that is associated with the https://g.live.com/odclientsettings/ProdV2 URL."
"13-08-2026 14:52:48","310","Warning","Microsoft-Windows-Bits-Client","The initialization of the peer helper modules failed with the following error:  0x80070032."
"13-08-2026 14:52:48","16403","Information","Microsoft-Windows-Bits-Client",
"13-08-2026 14:52:48","3","Information","Microsoft-Windows-Bits-Client","The BITS service created a new job.
Transfer job: PreSignInSettingsConfigJSON
Job ID: {4431c76c-c46b-4860-8d13-9a2e825b0dde}
Owner: ENTERPRISE\arjo5004
Process Path: C:\Program Files\Microsoft OneDrive\OneDriveStandaloneUpdater.exe
Process ID: 4008"
"13-08-2026 14:52:44","306","Verbose","Microsoft-Windows-Bits-Client","The BITS service loaded the job list from disk."
"13-08-2026 13:52:55","4","Information","Microsoft-Windows-Bits-Client","The transfer job is complete.
User: ENTERPRISE\arjo5004
Transfer job: NucleusUpdateRingConfigJSON
Job ID: {1f000e67-648c-42b5-9c44-64df69776dfe}
Owner: ENTERPRISE\arjo5004
File count: 1"
"13-08-2026 13:52:55","60","Information","Microsoft-Windows-Bits-Client","BITS stopped transferring the NucleusUpdateRingConfigJSON transfer job that is associated with the https://g.live.com/odclientsettings/ProdV2?OneDriveUpdate=24f652f3899abe63747c5b95edf URL. The status code is 0x0."
"13-08-2026 13:52:54","59","Information","Microsoft-Windows-Bits-Client","BITS started the NucleusUpdateRingConfigJSON transfer job that is associated with the https://g.live.com/odclientsettings/ProdV2?OneDriveUpdate=24f652f3899abe63747c5b95edf URL."
"13-08-2026 13:52:54","16403","Information","Microsoft-Windows-Bits-Client",
"13-08-2026 13:52:54","3","Information","Microsoft-Windows-Bits-Client","The BITS service created a new job.
Transfer job: NucleusUpdateRingConfigJSON
Job ID: {1f000e67-648c-42b5-9c44-64df69776dfe}
Owner: ENTERPRISE\arjo5004
Process Path: C:\Program Files\Microsoft OneDrive\26.139.0720.0007\OneDrive.Sync.Service.exe
Process ID: 18024"
"13-08-2026 13:52:52","4","Information","Microsoft-Windows-Bits-Client","The transfer job is complete.
User: ENTERPRISE\arjo5004
Transfer job: UpdateXml
Job ID: {779389f1-2138-4f71-a1c3-c124347abf7e}
Owner: ENTERPRISE\arjo5004
File count: 1"
"13-08-2026 13:52:52","60","Information","Microsoft-Windows-Bits-Client","BITS stopped transferring the UpdateXml transfer job that is associated with the https://g.live.com/1rewlive5skydrive/OneDriveProductionV2?OneDriveUpdate=63401b048624ade8182ddd156ff URL. The status code is 0x0."
"13-08-2026 13:52:52","59","Information","Microsoft-Windows-Bits-Client","BITS started the UpdateXml transfer job that is associated with the https://g.live.com/1rewlive5skydrive/OneDriveProductionV2?OneDriveUpdate=63401b048624ade8182ddd156ff URL."
"13-08-2026 13:52:52","310","Warning","Microsoft-Windows-Bits-Client","The initialization of the peer helper modules failed with the following error:  0x80070032."
"13-08-2026 13:52:52","16403","Information","Microsoft-Windows-Bits-Client",
"13-08-2026 13:52:52","3","Information","Microsoft-Windows-Bits-Client","The BITS service created a new job.
Transfer job: UpdateXml
Job ID: {779389f1-2138-4f71-a1c3-c124347abf7e}
Owner: ENTERPRISE\arjo5004
Process Path: C:\Program Files\Microsoft OneDrive\OneDrive.exe
Process ID: 8024"
"13-08-2026 13:52:47","306","Verbose","Microsoft-Windows-Bits-Client","The BITS service loaded the job list from disk."
"13-08-2026 10:46:36","4","Information","Microsoft-Windows-Bits-Client","The transfer job is complete.
User: NT AUTHORITY\SYSTEM
Transfer job: Microsoft Office Click-to-Run
Job ID: {cadb8067-8e78-4795-8cfb-69c33513f9c3}
Owner: NT AUTHORITY\SYSTEM
File count: 1"
"13-08-2026 10:46:36","60","Information","Microsoft-Windows-Bits-Client","BITS stopped transferring the Microsoft Office Click-to-Run transfer job that is associated with the http://f.c2r.ts.cdn.office.net/pr/55336b82-a18d-4dd6-b5f6-9e5095c314a6/Office/Data/v64_16.0.20131.20152.cab URL. The status code is 0x0."
"13-08-2026 10:46:36","59","Information","Microsoft-Windows-Bits-Client","BITS started the Microsoft Office Click-to-Run transfer job that is associated with the http://f.c2r.ts.cdn.office.net/pr/55336b82-a18d-4dd6-b5f6-9e5095c314a6/Office/Data/v64_16.0.20131.20152.cab URL."
"13-08-2026 10:46:36","16403","Information","Microsoft-Windows-Bits-Client",
"13-08-2026 10:46:36","3","Information","Microsoft-Windows-Bits-Client","The BITS service created a new job.
Transfer job: Microsoft Office Click-to-Run
Job ID: {cadb8067-8e78-4795-8cfb-69c33513f9c3}
Owner: NT AUTHORITY\SYSTEM
Process Path: C:\Program Files\Common Files\microsoft shared\ClickToRun\OfficeClickToRun.exe
Process ID: 4784"
"13-08-2026 10:46:36","4","Information","Microsoft-Windows-Bits-Client","The transfer job is complete.
User: NT AUTHORITY\SYSTEM
Transfer job: Microsoft Office Click-to-Run
Job ID: {0ade7555-49a5-4910-aef7-8dd2ff3211a2}
Owner: NT AUTHORITY\SYSTEM
File count: 1"
"13-08-2026 10:46:36","60","Information","Microsoft-Windows-Bits-Client","BITS stopped transferring the Microsoft Office Click-to-Run transfer job that is associated with the http://f.c2r.ts.cdn.office.net/pr/55336b82-a18d-4dd6-b5f6-9e5095c314a6/Office/Data/v64_16.0.20131.20152.cab URL. The status code is 0x0."
"13-08-2026 10:46:36","59","Information","Microsoft-Windows-Bits-Client","BITS started the Microsoft Office Click-to-Run transfer job that is associated with the http://f.c2r.ts.cdn.office.net/pr/55336b82-a18d-4dd6-b5f6-9e5095c314a6/Office/Data/v64_16.0.20131.20152.cab URL."
"13-08-2026 10:46:36","310","Warning","Microsoft-Windows-Bits-Client","The initialization of the peer helper modules failed with the following error:  0x80070032."
"13-08-2026 10:46:36","16403","Information","Microsoft-Windows-Bits-Client",
"13-08-2026 10:46:36","3","Information","Microsoft-Windows-Bits-Client","The BITS service created a new job.
Transfer job: Microsoft Office Click-to-Run
Job ID: {0ade7555-49a5-4910-aef7-8dd2ff3211a2}
Owner: NT AUTHORITY\SYSTEM
Process Path: C:\Program Files\Common Files\microsoft shared\ClickToRun\OfficeClickToRun.exe
Process ID: 4784"
"13-08-2026 10:46:31","306","Verbose","Microsoft-Windows-Bits-Client","The BITS service loaded the job list from disk."
"13-08-2026 10:09:33","4","Information","Microsoft-Windows-Bits-Client","The transfer job is complete.
User: ENTERPRISE\arjo5004
Transfer job: Chrome Component Updater
Job ID: {de81303a-7133-43a7-b93a-2d0e8890acc3}
Owner: ENTERPRISE\arjo5004
File count: 1"
"13-08-2026 10:09:30","60","Information","Microsoft-Windows-Bits-Client","BITS stopped transferring the Chrome Component Updater transfer job that is associated with the http://edgedl.me.gvt1.com/edgedl/diffgen-puffin/ggkkehgbnfjpeggfpleeakpidbkibbmn/37e5b4eb518f0c0b20bdeee96c61851f899b9ac2b995d36a3644323e52c52e42 URL. The status code is 0x0."
"13-08-2026 10:09:29","59","Information","Microsoft-Windows-Bits-Client","BITS started the Chrome Component Updater transfer job that is associated with the http://edgedl.me.gvt1.com/edgedl/diffgen-puffin/ggkkehgbnfjpeggfpleeakpidbkibbmn/37e5b4eb518f0c0b20bdeee96c61851f899b9ac2b995d36a3644323e52c52e42 URL."
"13-08-2026 10:09:29","16403","Information","Microsoft-Windows-Bits-Client",
"13-08-2026 10:09:29","3","Information","Microsoft-Windows-Bits-Client","The BITS service created a new job.
Transfer job: Chrome Component Updater
Job ID: {de81303a-7133-43a7-b93a-2d0e8890acc3}
Owner: ENTERPRISE\arjo5004
Process Path: C:\Program Files\Google\Chrome\Application\chrome.exe
Process ID: 5900"
"13-08-2026 10:09:29","4","Information","Microsoft-Windows-Bits-Client","The transfer job is complete.
User: ENTERPRISE\arjo5004
Transfer job: Chrome Component Updater
Job ID: {2acc4cc1-76b9-4f9a-af7f-7b6b0a16fe6d}
Owner: ENTERPRISE\arjo5004
File count: 1"
"13-08-2026 10:09:25","60","Information","Microsoft-Windows-Bits-Client","BITS stopped transferring the Chrome Component Updater transfer job that is associated with the http://edgedl.me.gvt1.com/edgedl/diffgen-puffin/efniojlnjndmcbiieegkicadnoecjjef/a833803fa8bd4229e04d4a959b17ebe0895b2b061615aa7142c129599d5ae72b URL. The status code is 0x0."
"13-08-2026 10:09:25","59","Information","Microsoft-Windows-Bits-Client","BITS started the Chrome Component Updater transfer job that is associated with the http://edgedl.me.gvt1.com/edgedl/diffgen-puffin/efniojlnjndmcbiieegkicadnoecjjef/a833803fa8bd4229e04d4a959b17ebe0895b2b061615aa7142c129599d5ae72b URL."
"13-08-2026 10:09:25","16403","Information","Microsoft-Windows-Bits-Client",
"13-08-2026 10:09:25","3","Information","Microsoft-Windows-Bits-Client","The BITS service created a new job.
Transfer job: Chrome Component Updater
Job ID: {2acc4cc1-76b9-4f9a-af7f-7b6b0a16fe6d}
Owner: ENTERPRISE\arjo5004
Process Path: C:\Program Files\Google\Chrome\Application\chrome.exe
Process ID: 5900"
"13-08-2026 10:09:07","4","Information","Microsoft-Windows-Bits-Client","The transfer job is complete.
User: ENTERPRISE\arjo5004
Transfer job: Chrome Component Updater
Job ID: {0a10ec65-ae49-41a0-bb4f-282bee6b3d1b}
Owner: ENTERPRISE\arjo5004
File count: 1"
"13-08-2026 10:09:06","60","Information","Microsoft-Windows-Bits-Client","BITS stopped transferring the Chrome Component Updater transfer job that is associated with the http://edgedl.me.gvt1.com/edgedl/diffgen-puffin/hfnkpimlhhgieaddgfemjhofmfblmnib/a4d894395709a57f27173779e2e3e83c6ce92fd5a2ab87adc8090f43fe63a04b URL. The status code is 0x0."
"13-08-2026 10:09:03","59","Information","Microsoft-Windows-Bits-Client","BITS started the Chrome Component Updater transfer job that is associated with the http://edgedl.me.gvt1.com/edgedl/diffgen-puffin/hfnkpimlhhgieaddgfemjhofmfblmnib/a4d894395709a57f27173779e2e3e83c6ce92fd5a2ab87adc8090f43fe63a04b URL."
"13-08-2026 10:09:03","16403","Information","Microsoft-Windows-Bits-Client",
"13-08-2026 10:09:03","3","Information","Microsoft-Windows-Bits-Client","The BITS service created a new job.
Transfer job: Chrome Component Updater
Job ID: {0a10ec65-ae49-41a0-bb4f-282bee6b3d1b}
Owner: ENTERPRISE\arjo5004
Process Path: C:\Program Files\Google\Chrome\Application\chrome.exe
Process ID: 5900"
"13-08-2026 10:08:50","4","Information","Microsoft-Windows-Bits-Client","The transfer job is complete.
User: ENTERPRISE\arjo5004
Transfer job: Chrome Component Updater
Job ID: {59000942-45cf-4793-9b33-8b41a912aa28}
Owner: ENTERPRISE\arjo5004
File count: 1"
"13-08-2026 10:08:48","60","Information","Microsoft-Windows-Bits-Client","BITS stopped transferring the Chrome Component Updater transfer job that is associated with the http://edgedl.me.gvt1.com/edgedl/diffgen-puffin/lmelglejhemejginpboagddgdfbepgmp/3bf17bbcbc525dc124057c2be881b57e7985cb7156b08e6b3ec1ab92cabee98b URL. The status code is 0x0."
"13-08-2026 10:08:42","59","Information","Microsoft-Windows-Bits-Client","BITS started the Chrome Component Updater transfer job that is associated with the http://edgedl.me.gvt1.com/edgedl/diffgen-puffin/lmelglejhemejginpboagddgdfbepgmp/3bf17bbcbc525dc124057c2be881b57e7985cb7156b08e6b3ec1ab92cabee98b URL."
"13-08-2026 10:08:42","310","Warning","Microsoft-Windows-Bits-Client","The initialization of the peer helper modules failed with the following error:  0x80070032."
"13-08-2026 10:08:42","16403","Information","Microsoft-Windows-Bits-Client",
"13-08-2026 10:08:42","3","Information","Microsoft-Windows-Bits-Client","The BITS service created a new job.
Transfer job: Chrome Component Updater
Job ID: {59000942-45cf-4793-9b33-8b41a912aa28}
Owner: ENTERPRISE\arjo5004
Process Path: C:\Program Files\Google\Chrome\Application\chrome.exe
Process ID: 5900"
"13-08-2026 10:08:38","306","Verbose","Microsoft-Windows-Bits-Client","The BITS service loaded the job list from disk."
"13-08-2026 09:46:48","4","Information","Microsoft-Windows-Bits-Client","The transfer job is complete.
User: ENTERPRISE\arjo5004
Transfer job: PreSignInSettingsConfigJSON
Job ID: {9e7148d7-e5cc-48c6-9a92-84bf24a71875}
Owner: ENTERPRISE\arjo5004
File count: 1"
"13-08-2026 09:46:48","60","Information","Microsoft-Windows-Bits-Client","BITS stopped transferring the PreSignInSettingsConfigJSON transfer job that is associated with the https://g.live.com/odclientsettings/ProdV2?OneDriveUpdate=92aa25463d26ab179392271e68d7 URL. The status code is 0x0."
"13-08-2026 09:46:48","59","Information","Microsoft-Windows-Bits-Client","BITS started the PreSignInSettingsConfigJSON transfer job that is associated with the https://g.live.com/odclientsettings/ProdV2?OneDriveUpdate=92aa25463d26ab179392271e68d7 URL."
"13-08-2026 09:46:48","310","Warning","Microsoft-Windows-Bits-Client","The initialization of the peer helper modules failed with the following error:  0x80070032."
"13-08-2026 09:46:48","16403","Information","Microsoft-Windows-Bits-Client",
"13-08-2026 09:46:48","3","Information","Microsoft-Windows-Bits-Client","The BITS service created a new job.
Transfer job: PreSignInSettingsConfigJSON
Job ID: {9e7148d7-e5cc-48c6-9a92-84bf24a71875}
Owner: ENTERPRISE\arjo5004
Process Path: C:\Program Files\Microsoft OneDrive\OneDrive.exe
Process ID: 8024"
"13-08-2026 09:46:43","306","Verbose","Microsoft-Windows-Bits-Client","The BITS service loaded the job list from disk."
"12-08-2026 19:23:54","4","Information","Microsoft-Windows-Bits-Client","The transfer job is complete.
User: ENTERPRISE\arjo5004
Transfer job: Edge Component Updater
Job ID: {d5db9e2b-bc36-4b84-9964-6eecd485a9b4}
Owner: ENTERPRISE\arjo5004
File count: 1"
"12-08-2026 19:23:54","60","Information","Microsoft-Windows-Bits-Client","BITS stopped transferring the Edge Component Updater transfer job that is associated with the http://msedge.b.tlu.dl.delivery.mp.microsoft.com/filestreamingservice/files/e1cd15bb-fc09-4817-9e9c-655d39dea798?P1=1787130006&P2=404&P3=2&P4=KMyNtPVKonXm1QfSqpV5ox3b6U2MEdge Component UpdaterfvHP8nEqqaGuETiT3CkEdge Component UpdaterfJc76wGKbl4Z65ap1H1xvtY4ZdMKNWumnIkda9Q{d5db9e2b-bc36-4b84-9964-6eecd485a9b4}d{d5db9e2b-bc36-4b84-9964-6eecd485a9b4}d URL. The status code is 0x0."
"12-08-2026 19:23:38","59","Information","Microsoft-Windows-Bits-Client","BITS started the Edge Component Updater transfer job that is associated with the http://msedge.b.tlu.dl.delivery.mp.microsoft.com/filestreamingservice/files/e1cd15bb-fc09-4817-9e9c-655d39dea798?P1=1787130006&P2=404&P3=2&P4=KMyNtPVKonXm1QfSqpV5ox3b6U2MEdge Component UpdaterfvHP8nEqqaGuETiT3CkEdge Component UpdaterfJc76wGKbl4Z65ap1H1xvtY4ZdMKNWumnIkda9Q{d5db9e2b-bc36-4b84-9964-6eecd485a9b4}d{d5db9e2b-bc36-4b84-9964-6eecd485a9b4}d URL."
"12-08-2026 19:23:38","310","Warning","Microsoft-Windows-Bits-Client","The initialization of the peer helper modules failed with the following error:  0x80070032."
"12-08-2026 19:23:38","16403","Information","Microsoft-Windows-Bits-Client",
"12-08-2026 19:23:38","3","Information","Microsoft-Windows-Bits-Client","The BITS service created a new job.
Transfer job: Edge Component Updater
Job ID: {d5db9e2b-bc36-4b84-9964-6eecd485a9b4}
Owner: ENTERPRISE\arjo5004
Process Path: C:\Program Files (x86)\Microsoft\Edge\Application\msedge.exe
Process ID: 6064"
"12-08-2026 19:23:33","306","Verbose","Microsoft-Windows-Bits-Client","The BITS service loaded the job list from disk."
"12-08-2026 14:52:49","4","Information","Microsoft-Windows-Bits-Client","The transfer job is complete.
User: ENTERPRISE\arjo5004
Transfer job: PreSignInSettingsConfigJSON
Job ID: {7bdc6cbc-b25f-425c-8eba-ca3fbc7ea8a3}
Owner: ENTERPRISE\arjo5004
File count: 1"
"12-08-2026 14:52:49","60","Information","Microsoft-Windows-Bits-Client","BITS stopped transferring the PreSignInSettingsConfigJSON transfer job that is associated with the https://g.live.com/odclientsettings/ProdV2 URL. The status code is 0x0."
"12-08-2026 14:52:49","59","Information","Microsoft-Windows-Bits-Client","BITS started the PreSignInSettingsConfigJSON transfer job that is associated with the https://g.live.com/odclientsettings/ProdV2 URL."
"12-08-2026 14:52:49","310","Warning","Microsoft-Windows-Bits-Client","The initialization of the peer helper modules failed with the following error:  0x80070032."
"12-08-2026 14:52:48","16403","Information","Microsoft-Windows-Bits-Client",
