"19-08-2026 13:32:05","40961","Information","Microsoft-Windows-PowerShell","PowerShell console is starting up"
"19-08-2026 13:31:48","4104","Warning","Microsoft-Windows-PowerShell","Creating Scriptblock text (1 of 1):
cls

function Compress-Output($json) {
    $bytes = [System.Text.Encoding]::UTF8.GetBytes($json)

    $outputStream = New-Object System.IO.MemoryStream
    try {
        $gzipStream = New-Object System.IO.Compression.GZipStream -ArgumentList $outputStream, ([IO.Compression.CompressionMode]::Compress)
        try {
            $gzipStream.Write($bytes, 0, $bytes.Length)
        } finally {
            $gzipStream.Dispose()
        }
        
        $compressedBytes = $outputStream.ToArray()
    } finally {
        $outputStream.Dispose()
    }

    return [Convert]::ToBase64String($compressedBytes)
}

try {
    # Get dsregcmd.exe status with error handling
    $deviceID = ""Unknown""
    $domainJoined = ""Unknown""

    try {
        $dsregcmdStatus = cmd /c 'C:\Windows\System32\dsregcmd.exe /status' 2>&1

        if ($?) {
            foreach ($item in $dsregcmdStatus) {
                if ($item -match ""DeviceId\s+:\s+([a-fA-F0-9-]+)"") {
                    $deviceID = $matches[1]
                }
                if ($item -match ""DomainJoined\s+:\s+(Yes|No)"") {
                    $domainJoined = $matches[1]
                }
            }
        }
    } catch {
        Write-Host ""WARNING: Failed to retrieve dsregcmd.exe status""
    }

    # Get Serial Number using Get-CimInstance (better than Get-WmiObject)
    try {
        $serialNumber = (Get-CimInstance Win32_BIOS).SerialNumber
    } catch {
        $serialNumber = ""Unknown""
    }

    # Get Office Update Channel safely
    $channel = ""Unknown""
    $regPath = ""HKLM:\SOFTWARE\Microsoft\Office\ClickToRun\Configuration""

    if (Test-Path $regPath) {
        try {
            $channel = (Get-ItemProperty -Path $regPath).UpdateChannel
        } catch {
            $channel = ""Unknown""
        }
    }

    # Get Local Admins (Ensuring at least one record is returned)
    $r = @()
    try {
        $AdminSid = New-Object System.Security.Principal.SecurityIdentifier(""S-1-5-32-544"")
        $group = $AdminSid.Translate([System.Security.Principal.NTAccount]).Value.Split(""\"")[1]

        $AdminsGroup = [ADSI]""WinNT://$env:COMPUTERNAME/$($group),group""
        $members = $AdminsGroup.psbase.Invoke(""Members"")

        foreach ($member in $members) {
            $memberObj = [ADSI]$member
            $r += [PSCustomObject]@{     
                Path       = $memberObj.Path.Split(""/"")[-1]
                Parent     = $memberObj.Parent.Split(""/"")[-1]
                ObjectType = $($memberObj.psbase.SchemaClassName)
            }
        }
    } catch {
        Write-Host ""WARNING: Failed to retrieve local admins""
    }

    # Ensure at least one record exists
    if ($r.Count -eq 0) {
        $r += [PSCustomObject]@{
            Path       = ""No local admins""
            Parent     = ""N/A""
            ObjectType = ""N/A""
        }
    }

    # Add additional properties
    $r | Add-Member -MemberType NoteProperty -Name device -Value $env:COMPUTERNAME -Force
    $r | Add-Member -MemberType NoteProperty -Name deviceID -Value $deviceID -Force
    $r | Add-Member -MemberType NoteProperty -Name domainJoined -Value $domainJoined -Force
    $r | Add-Member -MemberType NoteProperty -Name serialNumber -Value $serialNumber -Force
    $r | Add-Member -MemberType NoteProperty -Name updateChannel -Value $channel -Force

    # Compress output
    $compressed_results = Compress-Output -json $($r | ConvertTo-Json -Compress)

    if ($compressed_results.length -gt 2048) {
        Write-Host ""ERROR: $($env:COMPUTERNAME) : Output too large, too many local admins to audit""
        exit 1
    } else {
        Write-Host $compressed_results
        exit 0
    }

} catch {
    Write-Host ""ERROR: $($env:COMPUTERNAME) : $($_.Exception.Message)""
    exit 1
}


ScriptBlock ID: 708dafca-4ad6-49e3-be7b-37ef21940ad0
Path: C:\Windows\IMECache\HealthScripts\10d917e8-579e-4f56-ab5d-e77db99875d2_8\detect.ps1"
"19-08-2026 13:31:46","40962","Information","Microsoft-Windows-PowerShell","PowerShell console is ready for user input"
"19-08-2026 13:31:46","53504","Information","Microsoft-Windows-PowerShell","Windows PowerShell has started an IPC listening thread on process: 4920 in AppDomain: DefaultAppDomain."
"19-08-2026 13:31:46","40961","Information","Microsoft-Windows-PowerShell","PowerShell console is starting up"
"19-08-2026 13:31:36","40962","Information","Microsoft-Windows-PowerShell","PowerShell console is ready for user input"
"19-08-2026 13:31:36","53504","Information","Microsoft-Windows-PowerShell","Windows PowerShell has started an IPC listening thread on process: 24860 in AppDomain: DefaultAppDomain."
"19-08-2026 13:31:36","40961","Information","Microsoft-Windows-PowerShell","PowerShell console is starting up"
"19-08-2026 13:31:25","40962","Information","Microsoft-Windows-PowerShell","PowerShell console is ready for user input"
"19-08-2026 13:31:25","53504","Information","Microsoft-Windows-PowerShell","Windows PowerShell has started an IPC listening thread on process: 27952 in AppDomain: DefaultAppDomain."
"19-08-2026 13:31:25","40961","Information","Microsoft-Windows-PowerShell","PowerShell console is starting up"
"19-08-2026 13:31:15","4100","Warning","Microsoft-Windows-PowerShell","Error Message = System error.


Context:
        Severity = Warning
        Host Name = ConsoleHost
        Host Version = 5.1.26100.8875
        Host ID = a3674efd-f001-43ac-9c39-f9762fc7c16c
        Host Application = C:\Windows\System32\WindowsPowerShell\v1.0\powershell.exe -NoProfile -executionPolicy bypass -file C:\Windows\IMECache\HealthScripts\1c5957f5-525d-431c-b320-885d2d850289_2\detect.ps1
        Engine Version = 5.1.26100.8875
        Runspace ID = f0ee15bb-7349-4cec-85a9-4620a257881e
        Pipeline ID = 1
        Command Name = 
        Command Type = 
        Script Name = 
        Command Path = 
        Sequence Number = 73
        User = WORKGROUP\SYSTEM
        Connected User = 
        Shell ID = Microsoft.PowerShell


User Data:

"
"19-08-2026 13:31:14","40962","Information","Microsoft-Windows-PowerShell","PowerShell console is ready for user input"
"19-08-2026 13:31:14","53504","Information","Microsoft-Windows-PowerShell","Windows PowerShell has started an IPC listening thread on process: 7808 in AppDomain: DefaultAppDomain."
"19-08-2026 13:31:14","40961","Information","Microsoft-Windows-PowerShell","PowerShell console is starting up"
"19-08-2026 13:31:03","4100","Warning","Microsoft-Windows-PowerShell","Error Message = Property LogSuccessfulConnections	 does not exist at path HKEY_LOCAL_MACHINE\SOFTWARE\Policies\Microsoft\WindowsFirewall\DomainProfile\Logging.
Fully Qualified Error ID = Argument,Microsoft.PowerShell.Commands.GetItemPropertyValueCommand


Context:
        Severity = Warning
        Host Name = ConsoleHost
        Host Version = 5.1.26100.8875
        Host ID = 976d0051-86f0-46b4-b3b5-849b29e26be8
        Host Application = C:\Windows\System32\WindowsPowerShell\v1.0\powershell.exe -NoProfile -executionPolicy bypass -file C:\Windows\IMECache\HealthScripts\0128c484-8e92-4fd7-a778-6006fc88033b_3\detect.ps1
        Engine Version = 5.1.26100.8875
        Runspace ID = a6af78f2-0e44-43de-b5da-b762fc486adb
        Pipeline ID = 1
        Command Name = Get-ItemPropertyValue
        Command Type = Cmdlet
        Script Name = C:\Windows\IMECache\HealthScripts\0128c484-8e92-4fd7-a778-6006fc88033b_3\detect.ps1
        Command Path = 
        Sequence Number = 90
        User = WORKGROUP\SYSTEM
        Connected User = 
        Shell ID = Microsoft.PowerShell


User Data:

"
"19-08-2026 13:31:03","4102","Warning","Microsoft-Windows-PowerShell","Error Message = Property LogSuccessfulConnections	 does not exist at path HKEY_LOCAL_MACHINE\SOFTWARE\Policies\Microsoft\WindowsFirewall\DomainProfile\Logging.
Fully Qualified Error ID = System.Management.Automation.PSArgumentException

Provider name = Registry


Context:
        Severity = Warning
        Host Name = ConsoleHost
        Host Version = 5.1.26100.8875
        Host ID = 976d0051-86f0-46b4-b3b5-849b29e26be8
        Host Application = C:\Windows\System32\WindowsPowerShell\v1.0\powershell.exe -NoProfile -executionPolicy bypass -file C:\Windows\IMECache\HealthScripts\0128c484-8e92-4fd7-a778-6006fc88033b_3\detect.ps1
        Engine Version = 5.1.26100.8875
        Runspace ID = a6af78f2-0e44-43de-b5da-b762fc486adb
        Pipeline ID = 1
        Command Name = 
        Command Type = 
        Script Name = 
        Command Path = 
        Sequence Number = 89
        User = WORKGROUP\SYSTEM
        Connected User = 
        Shell ID = Microsoft.PowerShell


User Data:

"
"19-08-2026 13:31:03","40962","Information","Microsoft-Windows-PowerShell","PowerShell console is ready for user input"
"19-08-2026 13:31:03","53504","Information","Microsoft-Windows-PowerShell","Windows PowerShell has started an IPC listening thread on process: 21984 in AppDomain: DefaultAppDomain."
"19-08-2026 13:31:03","40961","Information","Microsoft-Windows-PowerShell","PowerShell console is starting up"
"19-08-2026 13:30:57","4104","Warning","Microsoft-Windows-PowerShell","Creating Scriptblock text (1 of 1):
if((Test-Path -LiteralPath ""HKLM:\SYSTEM\CurrentControlSet\Control\Lsa"") -ne $true) {  New-Item ""HKLM:\SYSTEM\CurrentControlSet\Control\Lsa"" -force -ea SilentlyContinue };
if((Test-Path -LiteralPath ""HKLM:\SYSTEM\CurrentControlSet\Services\LanmanServer\Parameters"") -ne $true) {  New-Item ""HKLM:\SYSTEM\CurrentControlSet\Services\LanmanServer\Parameters"" -force -ea SilentlyContinue };
if((Test-Path -LiteralPath ""HKLM:\SOFTWARE\Microsoft\Windows\CurrentVersion\Policies\System\Kerberos\Parameters"") -ne $true) {  New-Item ""HKLM:\SOFTWARE\Microsoft\Windows\CurrentVersion\Policies\System\Kerberos\Parameters"" -force -ea SilentlyContinue };
if((Test-Path -LiteralPath ""HKLM:\SYSTEM\CurrentControlSet\Services\SharedAccess"") -ne $true) {  New-Item ""HKLM:\SYSTEM\CurrentControlSet\Services\SharedAccess"" -force -ea SilentlyContinue };
if((Test-Path -LiteralPath ""HKLM:\SYSTEM\CurrentControlSet\Services\RpcLocator"") -ne $true) {  New-Item ""HKLM:\SYSTEM\CurrentControlSet\Services\RpcLocator"" -force -ea SilentlyContinue };
if((Test-Path -LiteralPath ""HKLM:\SYSTEM\CurrentControlSet\Services\SSDPSRV"") -ne $true) {  New-Item ""HKLM:\SYSTEM\CurrentControlSet\Services\SSDPSRV"" -force -ea SilentlyContinue };
if((Test-Path -LiteralPath ""HKLM:\SYSTEM\CurrentControlSet\Services\upnphost"") -ne $true) {  New-Item ""HKLM:\SYSTEM\CurrentControlSet\Services\upnphost"" -force -ea SilentlyContinue };
if((Test-Path -LiteralPath ""HKLM:\SYSTEM\CurrentControlSet\Services\WMPNetworkSvc"") -ne $true) {  New-Item ""HKLM:\SYSTEM\CurrentControlSet\Services\WMPNetworkSvc"" -force -ea SilentlyContinue };
if((Test-Path -LiteralPath ""HKLM:\SYSTEM\CurrentControlSet\Services\icssvc"") -ne $true) {  New-Item ""HKLM:\SYSTEM\CurrentControlSet\Services\icssvc"" -force -ea SilentlyContinue };
if((Test-Path -LiteralPath ""HKLM:\SOFTWARE\Policies\Microsoft\WindowsFirewall\DomainProfile\Logging"") -ne $true) {  New-Item ""HKLM:\SOFTWARE\Policies\Microsoft\WindowsFirewall\DomainProfile\Logging"" -force -ea SilentlyContinue };
if((Test-Path -LiteralPath ""HKLM:\SOFTWARE\Policies\Microsoft\WindowsFirewall\PrivateProfile\Logging"") -ne $true) {  New-Item ""HKLM:\SOFTWARE\Policies\Microsoft\WindowsFirewall\PrivateProfile\Logging"" -force -ea SilentlyContinue };
if((Test-Path -LiteralPath ""HKLM:\SOFTWARE\Policies\Microsoft\WindowsFirewall\PublicProfile\Logging"") -ne $true) {  New-Item ""HKLM:\SOFTWARE\Policies\Microsoft\WindowsFirewall\PublicProfile\Logging"" -force -ea SilentlyContinue };
if((Test-Path -LiteralPath ""HKLM:\SOFTWARE\Policies\Microsoft\InputPersonalization"") -ne $true) {  New-Item ""HKLM:\SOFTWARE\Policies\Microsoft\InputPersonalization"" -force -ea SilentlyContinue };
if((Test-Path -LiteralPath ""HKLM:\SYSTEM\CurrentControlSet\Services\NetBT\Parameters"") -ne $true) {  New-Item ""HKLM:\SYSTEM\CurrentControlSet\Services\NetBT\Parameters"" -force -ea SilentlyContinue };
if((Test-Path -LiteralPath ""HKLM:\SOFTWARE\Microsoft\WcmSvc\wifinetworkmanager\config"") -ne $true) {  New-Item ""HKLM:\SOFTWARE\Microsoft\WcmSvc\wifinetworkmanager\config"" -force -ea SilentlyContinue };
if((Test-Path -LiteralPath ""HKLM:\SOFTWARE\Policies\Microsoft\FVE"") -ne $true) {  New-Item ""HKLM:\SOFTWARE\Policies\Microsoft\FVE"" -force -ea SilentlyContinue };
if((Test-Path -LiteralPath ""HKLM:\SOFTWARE\Policies\Microsoft\Windows\PreviewBuilds"") -ne $true) {  New-Item ""HKLM:\SOFTWARE\Policies\Microsoft\Windows\PreviewBuilds"" -force -ea SilentlyContinue };
if((Test-Path -LiteralPath ""HKLM:\SOFTWARE\Policies\Microsoft\MicrosoftEdge\Security"") -ne $true) {  New-Item ""HKLM:\SOFTWARE\Policies\Microsoft\MicrosoftEdge\Security"" -force -ea SilentlyContinue };
if((Test-Path -LiteralPath ""HKLM:\SOFTWARE\Policies\Microsoft\Windows Defender\Windows Defender Exploit Guard\Network Protection"") -ne $true) {  New-Item ""HKLM:\SOFTWARE\Policies\Microsoft\Windows Defender\Windows Defender Exploit Guard\Network Protection"" -force -ea SilentlyContinue };
if((Test-Path -LiteralPath ""HKLM:\SOFTWARE\Policies\Microsoft\Windows\GameDVR"") -ne $true) {  New-Item ""HKLM:\SOFTWARE\Policies\Microsoft\Windows\GameDVR"" -force -ea SilentlyContinue };
if((Test-Path -LiteralPath ""HKLM:\SOFTWARE\Policies\Microsoft\Windows Defender Security Center\App and Browser protection"") -ne $true) {  New-Item ""HKLM:\SOFTWARE\Policies\Microsoft\Windows Defender Security Center\App and Browser protection"" -force -ea SilentlyContinue };
New-ItemProperty -LiteralPath 'HKLM:\SYSTEM\CurrentControlSet\Control\Lsa' -Name 'CENoApplyLegacyAuditPolicy' -Value 1 -PropertyType DWord -Force -ea SilentlyContinue;
New-ItemProperty -LiteralPath 'HKLM:\SYSTEM\CurrentControlSet\Control\Lsa' -Name 'LSAAnonymousNameLookup' -Value 1 -PropertyType DWord -Force -ea SilentlyContinue;
New-ItemProperty -LiteralPath 'HKLM:\SYSTEM\CurrentControlSet\Services\LanmanServer\Parameters' -Name 'SMBServerNameHardeningLevel' -Value 1 -PropertyType DWord -Force -ea SilentlyContinue;
New-ItemProperty -LiteralPath 'HKLM:\SOFTWARE\Microsoft\Windows\CurrentVersion\Policies\System\Kerberos\Parameters' -Name 'SupportedEncryptionTypes' -Value 2147483640 -PropertyType DWord -Force -ea SilentlyContinue;
New-ItemProperty -LiteralPath 'HKLM:\SYSTEM\CurrentControlSet\Services\SharedAccess' -Name 'Start' -Value 4 -PropertyType DWord -Force -ea SilentlyContinue;
New-ItemProperty -LiteralPath 'HKLM:\SYSTEM\CurrentControlSet\Services\RpcLocator' -Name 'Start' -Value 4 -PropertyType DWord -Force -ea SilentlyContinue;
New-ItemProperty -LiteralPath 'HKLM:\SYSTEM\CurrentControlSet\Services\SSDPSRV' -Name 'Start' -Value 4 -PropertyType DWord -Force -ea SilentlyContinue;
New-ItemProperty -LiteralPath 'HKLM:\SYSTEM\CurrentControlSet\Services\upnphost' -Name 'Start' -Value 4 -PropertyType DWord -Force -ea SilentlyContinue;
New-ItemProperty -LiteralPath 'HKLM:\SYSTEM\CurrentControlSet\Services\WMPNetworkSvc' -Name 'Start' -Value 4 -PropertyType DWord -Force -ea SilentlyContinue;
New-ItemProperty -LiteralPath 'HKLM:\SYSTEM\CurrentControlSet\Services\icssvc' -Name 'Start' -Value 4 -PropertyType DWord -Force -ea SilentlyContinue;
New-ItemProperty -LiteralPath 'HKLM:\SOFTWARE\Policies\Microsoft\WindowsFirewall\DomainProfile\Logging' -Name 'LogFilePath' -Value '%SystemRoot%\System32\logfiles\firewall\domainfw.log' -PropertyType String -Force -ea SilentlyContinue;
New-ItemProperty -LiteralPath 'HKLM:\SOFTWARE\Policies\Microsoft\WindowsFirewall\DomainProfile\Logging' -Name 'LogFileSize' -Value 16384 -PropertyType DWord -Force -ea SilentlyContinue;
New-ItemProperty -LiteralPath 'HKLM:\SOFTWARE\Policies\Microsoft\WindowsFirewall\DomainProfile\Logging' -Name 'LogDroppedPackets' -Value 1 -PropertyType DWord -Force -ea SilentlyContinue;
New-ItemProperty -LiteralPath 'HKLM:\SOFTWARE\Policies\Microsoft\WindowsFirewall\DomainProfile\Logging' -Name 'LogSuccessfulConnections' -Value 1 -PropertyType DWord -Force -ea SilentlyContinue;
New-ItemProperty -LiteralPath 'HKLM:\SOFTWARE\Policies\Microsoft\WindowsFirewall\PrivateProfile\Logging' -Name 'LogFilePath' -Value '%SystemRoot%\System32\logfiles\firewall\privatefw.log' -PropertyType String -Force -ea SilentlyContinue;
New-ItemProperty -LiteralPath 'HKLM:\SOFTWARE\Policies\Microsoft\WindowsFirewall\PrivateProfile\Logging' -Name 'LogFileSize' -Value 16384 -PropertyType DWord -Force -ea SilentlyContinue;
New-ItemProperty -LiteralPath 'HKLM:\SOFTWARE\Policies\Microsoft\WindowsFirewall\PrivateProfile\Logging' -Name 'LogDroppedPackets' -Value 1 -PropertyType DWord -Force -ea SilentlyContinue;
New-ItemProperty -LiteralPath 'HKLM:\SOFTWARE\Policies\Microsoft\WindowsFirewall\PrivateProfile\Logging' -Name 'LogSuccessfulConnections' -Value 1 -PropertyType DWord -Force -ea SilentlyContinue;
New-ItemProperty -LiteralPath 'HKLM:\SOFTWARE\Policies\Microsoft\WindowsFirewall\PublicProfile\Logging' -Name 'LogFilePath' -Value '%SystemRoot%\System32\logfiles\firewall\publicfw.log' -PropertyType String -Force -ea SilentlyContinue;
New-ItemProperty -LiteralPath 'HKLM:\SOFTWARE\Policies\Microsoft\WindowsFirewall\PublicProfile\Logging' -Name 'LogFileSize' -Value 16384 -PropertyType DWord -Force -ea SilentlyContinue;
New-ItemProperty -LiteralPath 'HKLM:\SOFTWARE\Policies\Microsoft\WindowsFirewall\PublicProfile\Logging' -Name 'LogDroppedPackets' -Value 1 -PropertyType DWord -Force -ea SilentlyContinue;
New-ItemProperty -LiteralPath 'HKLM:\SOFTWARE\Policies\Microsoft\WindowsFirewall\PublicProfile\Logging' -Name 'LogSuccessfulConnections' -Value 1 -PropertyType DWord -Force -ea SilentlyContinue;
New-ItemProperty -LiteralPath 'HKLM:\SOFTWARE\Policies\Microsoft\InputPersonalization' -Name 'AllowInputPersonalization' -Value 0 -PropertyType DWord -Force -ea SilentlyContinue;
New-ItemProperty -LiteralPath 'HKLM:\SYSTEM\CurrentControlSet\Services\NetBT\Parameters' -Name 'NodeType' -Value 2 -PropertyType DWord -Force -ea SilentlyContinue;
New-ItemProperty -LiteralPath 'HKLM:\SOFTWARE\Microsoft\WcmSvc\wifinetworkmanager\config' -Name 'AutoConnectAllowedOEM' -Value 0 -PropertyType DWord -Force -ea SilentlyContinue;
New-ItemProperty -LiteralPath 'HKLM:\SOFTWARE\Policies\Microsoft\FVE' -Name 'FDVDiscoveryVolumeType' -Value '<none>' -PropertyType String -Force -ea SilentlyContinue;
New-ItemProperty -LiteralPath 'HKLM:\SOFTWARE\Policies\Microsoft\FVE' -Name 'FDVHardwareEncryption' -Value 1 -PropertyType DWord -Force -ea SilentlyContinue;
New-ItemProperty -LiteralPath 'HKLM:\SOFTWARE\Policies\Microsoft\FVE' -Name 'FDVAllowSoftwareEncryptionFailover' -Value 1 -PropertyType DWord -Force -ea SilentlyContinue;
New-ItemProperty -LiteralPath 'HKLM:\SOFTWARE\Policies\Microsoft\FVE' -Name 'FDVRestrictHardwareEncryptionAlgorithms' -Value 0 -PropertyType DWord -Force -ea SilentlyContinue;
New-ItemProperty -LiteralPath 'HKLM:\SOFTWARE\Policies\Microsoft\FVE' -Name 'FDVAllowedHardwareEncryptionAlgorithms' -Value '2.16.840.1.101.3.4.1.2;2.16.840.1.101.3.4.1.42' -PropertyType ExpandString -Force -ea SilentlyContinue;
New-ItemProperty -LiteralPath 'HKLM:\SOFTWARE\Policies\Microsoft\FVE' -Name 'FDVPassphrase' -Value 0 -PropertyType DWord -Force -ea SilentlyContinue;
New-ItemProperty -LiteralPath 'HKLM:\SOFTWARE\Policies\Microsoft\FVE' -Name 'FDVAllowUserCert' -Value 1 -PropertyType DWord -Force -ea SilentlyContinue;
New-ItemProperty -LiteralPath 'HKLM:\SOFTWARE\Policies\Microsoft\FVE' -Name 'FDVEnforceUserCert' -Value 1 -PropertyType DWord -Force -ea SilentlyContinue;
New-ItemProperty -LiteralPath 'HKLM:\SOFTWARE\Policies\Microsoft\FVE' -Name 'OSAllowSecureBootForIntegrity' -Value 1 -PropertyType DWord -Force -ea SilentlyContinue;
New-ItemProperty -LiteralPath 'HKLM:\SOFTWARE\Policies\Microsoft\FVE' -Name 'OSHardwareEncryption' -Value 1 -PropertyType DWord -Force -ea SilentlyContinue;
New-ItemProperty -LiteralPath 'HKLM:\SOFTWARE\Policies\Microsoft\FVE' -Name 'OSAllowSoftwareEncryptionFailover' -Value 1 -PropertyType DWord -Force -ea SilentlyContinue;
New-ItemProperty -LiteralPath 'HKLM:\SOFTWARE\Policies\Microsoft\FVE' -Name 'OSRestrictHardwareEncryptionAlgorithms' -Value 0 -PropertyType DWord -Force -ea SilentlyContinue;
New-ItemProperty -LiteralPath 'HKLM:\SOFTWARE\Policies\Microsoft\FVE' -Name 'OSAllowedHardwareEncryptionAlgorithms' -Value '2.16.840.1.101.3.4.1.2;2.16.840.1.101.3.4.1.42' -PropertyType ExpandString -Force -ea SilentlyContinue;
New-ItemProperty -LiteralPath 'HKLM:\SOFTWARE\Policies\Microsoft\FVE' -Name 'OSPassphrase' -Value 0 -PropertyType DWord -Force -ea SilentlyContinue;
New-ItemProperty -LiteralPath 'HKLM:\SOFTWARE\Policies\Microsoft\FVE' -Name 'RDVDiscoveryVolumeType' -Value '<none>' -PropertyType String -Force -ea SilentlyContinue;
New-ItemProperty -LiteralPath 'HKLM:\SOFTWARE\Policies\Microsoft\FVE' -Name 'RDVManageDRA' -Value '1' -PropertyType DWord -Force -ea SilentlyContinue;
New-ItemProperty -LiteralPath 'HKLM:\SOFTWARE\Policies\Microsoft\FVE' -Name 'RDVActiveDirectoryBackup' -Value '0' -PropertyType DWord -Force -ea SilentlyContinue;
New-ItemProperty -LiteralPath 'HKLM:\SOFTWARE\Policies\Microsoft\FVE' -Name 'RDVRequireActiveDirectoryBackup' -Value '0' -PropertyType DWord -Force -ea SilentlyContinue;
New-ItemProperty -LiteralPath 'HKLM:\SOFTWARE\Policies\Microsoft\FVE' -Name 'RDVAllowSoftwareEncryptionFailover' -Value '1' -PropertyType DWord -Force -ea SilentlyContinue;
New-ItemProperty -LiteralPath 'HKLM:\SOFTWARE\Policies\Microsoft\FVE' -Name 'RDVRestrictHardwareEncryptionAlgorithms' -Value '0' -PropertyType DWord -Force -ea SilentlyContinue;
New-ItemProperty -LiteralPath 'HKLM:\SOFTWARE\Policies\Microsoft\FVE' -Name 'RDVAllowUserCert' -Value '1' -PropertyType DWord -Force -ea SilentlyContinue;
New-ItemProperty -LiteralPath 'HKLM:\SOFTWARE\Policies\Microsoft\Windows\PreviewBuilds' -Name 'AllowBuildPreview' -Value 0 -PropertyType DWord -Force -ea SilentlyContinue;
New-ItemProperty -LiteralPath 'HKLM:\SOFTWARE\Policies\Microsoft\MicrosoftEdge\Security' -Name 'FlashClickToRunMode' -Value 1 -PropertyType DWord -Force -ea SilentlyContinue;
New-ItemProperty -LiteralPath 'HKLM:\SOFTWARE\Policies\Microsoft\Windows Defender\Windows Defender Exploit Guard\Network Protection' -Name 'EnableNetworkProtection' -Value 1 -PropertyType DWord -Force -ea SilentlyContinue;
New-ItemProperty -LiteralPath 'HKLM:\SOFTWARE\Policies\Microsoft\Windows\GameDVR' -Name 'AllowGameDVR' -Value 0 -PropertyType DWord -Force -ea SilentlyContinue;
New-ItemProperty -LiteralPath 'HKLM:\SOFTWARE\Policies\Microsoft\Windows Defender Security Center\App and Browser protection' -Name 'DisallowExploitProtectionOverride' -Value 1 -PropertyType DWord -Force -ea SilentlyContinue;


ScriptBlock ID: e936cdc7-568a-4423-aa1b-f3e1beec648b
Path: C:\Windows\IMECache\HealthScripts\0128c484-8e92-4fd7-a778-6006fc88033b_3\remediate.ps1"
"19-08-2026 13:30:57","40962","Information","Microsoft-Windows-PowerShell","PowerShell console is ready for user input"
"19-08-2026 13:30:57","53504","Information","Microsoft-Windows-PowerShell","Windows PowerShell has started an IPC listening thread on process: 28836 in AppDomain: DefaultAppDomain."
"19-08-2026 13:30:57","40961","Information","Microsoft-Windows-PowerShell","PowerShell console is starting up"
"19-08-2026 13:30:52","4100","Warning","Microsoft-Windows-PowerShell","Error Message = Property LogSuccessfulConnections	 does not exist at path HKEY_LOCAL_MACHINE\SOFTWARE\Policies\Microsoft\WindowsFirewall\DomainProfile\Logging.
Fully Qualified Error ID = Argument,Microsoft.PowerShell.Commands.GetItemPropertyValueCommand


Context:
        Severity = Warning
        Host Name = ConsoleHost
        Host Version = 5.1.26100.8875
        Host ID = 8ce1ace3-b714-43b5-87de-be18828bc921
        Host Application = C:\Windows\System32\WindowsPowerShell\v1.0\powershell.exe -NoProfile -executionPolicy bypass -file C:\Windows\IMECache\HealthScripts\0128c484-8e92-4fd7-a778-6006fc88033b_3\detect.ps1
        Engine Version = 5.1.26100.8875
        Runspace ID = 44ea52b6-2b18-4387-8de8-91447959d23d
        Pipeline ID = 1
        Command Name = Get-ItemPropertyValue
        Command Type = Cmdlet
        Script Name = C:\Windows\IMECache\HealthScripts\0128c484-8e92-4fd7-a778-6006fc88033b_3\detect.ps1
        Command Path = 
        Sequence Number = 90
        User = WORKGROUP\SYSTEM
        Connected User = 
        Shell ID = Microsoft.PowerShell


User Data:

"
"19-08-2026 13:30:52","4102","Warning","Microsoft-Windows-PowerShell","Error Message = Property LogSuccessfulConnections	 does not exist at path HKEY_LOCAL_MACHINE\SOFTWARE\Policies\Microsoft\WindowsFirewall\DomainProfile\Logging.
Fully Qualified Error ID = System.Management.Automation.PSArgumentException

Provider name = Registry


Context:
        Severity = Warning
        Host Name = ConsoleHost
        Host Version = 5.1.26100.8875
        Host ID = 8ce1ace3-b714-43b5-87de-be18828bc921
        Host Application = C:\Windows\System32\WindowsPowerShell\v1.0\powershell.exe -NoProfile -executionPolicy bypass -file C:\Windows\IMECache\HealthScripts\0128c484-8e92-4fd7-a778-6006fc88033b_3\detect.ps1
        Engine Version = 5.1.26100.8875
        Runspace ID = 44ea52b6-2b18-4387-8de8-91447959d23d
        Pipeline ID = 1
        Command Name = 
        Command Type = 
        Script Name = 
        Command Path = 
        Sequence Number = 89
        User = WORKGROUP\SYSTEM
        Connected User = 
        Shell ID = Microsoft.PowerShell


User Data:

"
"19-08-2026 13:30:52","40962","Information","Microsoft-Windows-PowerShell","PowerShell console is ready for user input"
"19-08-2026 13:30:51","53504","Information","Microsoft-Windows-PowerShell","Windows PowerShell has started an IPC listening thread on process: 18896 in AppDomain: DefaultAppDomain."
"19-08-2026 13:30:51","40961","Information","Microsoft-Windows-PowerShell","PowerShell console is starting up"
"19-08-2026 13:30:41","40962","Information","Microsoft-Windows-PowerShell","PowerShell console is ready for user input"
"19-08-2026 13:30:41","53504","Information","Microsoft-Windows-PowerShell","Windows PowerShell has started an IPC listening thread on process: 5132 in AppDomain: DefaultAppDomain."
"19-08-2026 13:30:41","40961","Information","Microsoft-Windows-PowerShell","PowerShell console is starting up"
"19-08-2026 13:30:21","4104","Warning","Microsoft-Windows-PowerShell","Creating Scriptblock text (6 of 6):
{
          $__cmdletization_methodParameter = [Microsoft.PowerShell.Cmdletization.MethodParameter]@{Name = 'TaskName'; ParameterType = 'System.String'; Bindings = 'In'; Value = $__cmdletization_defaultValue; IsValuePresent = $__cmdletization_defaultValueIsPresent}
        }
        $__cmdletization_methodParameters.Add($__cmdletization_methodParameter)

      $__cmdletization_returnValue = [Microsoft.PowerShell.Cmdletization.MethodParameter]@{ Name = 'ReturnValue'; ParameterType = 'System.Int32'; Bindings = 'Error'; Value = $null; IsValuePresent = $false }
      $__cmdletization_methodInvocationInfo = [Microsoft.PowerShell.Cmdletization.MethodInvocationInfo]::new('UnregisterByName', $__cmdletization_methodParameters, $__cmdletization_returnValue)
      $__cmdletization_objectModelWrapper.ProcessRecord($__cmdletization_methodInvocationInfo)
        }
        { @('Object') -contains $_ } {
        [object]$__cmdletization_defaultValue = $null
        [object]$__cmdletization_defaultValueIsPresent = $false
        if ($PSBoundParameters.ContainsKey('InputObject')) {
          [object]$__cmdletization_value = ${InputObject}
          $__cmdletization_methodParameter = [Microsoft.PowerShell.Cmdletization.MethodParameter]@{Name = 'InputObject'; ParameterType = 'Microsoft.Management.Infrastructure.CimInstance'; Bindings = 'In'; Value = $__cmdletization_value; IsValuePresent = $true}
        } else {
          $__cmdletization_methodParameter = [Microsoft.PowerShell.Cmdletization.MethodParameter]@{Name = 'InputObject'; ParameterType = 'Microsoft.Management.Infrastructure.CimInstance'; Bindings = 'In'; Value = $__cmdletization_defaultValue; IsValuePresent = $__cmdletization_defaultValueIsPresent}
        }
        $__cmdletization_methodParameter.ParameterTypeName = 'Microsoft.Management.Infrastructure.CimInstance#MSFT_ClusteredScheduledTask'
        $__cmdletization_methodParameters.Add($__cmdletization_methodParameter)

      $__cmdletization_returnValue = [Microsoft.PowerShell.Cmdletization.MethodParameter]@{ Name = 'ReturnValue'; ParameterType = 'System.Int32'; Bindings = 'Error'; Value = $null; IsValuePresent = $false }
      $__cmdletization_methodInvocationInfo = [Microsoft.PowerShell.Cmdletization.MethodInvocationInfo]::new('UnregisterByObject', $__cmdletization_methodParameters, $__cmdletization_returnValue)
      $__cmdletization_objectModelWrapper.ProcessRecord($__cmdletization_methodInvocationInfo)
        }
    }

            }
        }
        catch
        {
            $__cmdletization_exceptionHasBeenThrown = $true
            throw
        }
    }
        

    End {
        try
        {
            if (-not $__cmdletization_exceptionHasBeenThrown)
            {
                $__cmdletization_objectModelWrapper.EndProcessing()
            }
        }
        catch
        {
            throw
        }
    }

    # .EXTERNALHELP PS_ClusteredScheduledTask_v1.0.cdxml-Help.xml
}
Microsoft.PowerShell.Core\Export-ModuleMember -Function 'Unregister-ClusteredScheduledTask' -Alias '*'
        


ScriptBlock ID: da41ffd5-f886-438f-85b3-225b59f17ff2
Path: "
"19-08-2026 13:30:21","4104","Warning","Microsoft-Windows-PowerShell","Creating Scriptblock text (5 of 6):
_cmdletization_defaultValue; IsValuePresent = $__cmdletization_defaultValueIsPresent}
        }
        $__cmdletization_methodParameters.Add($__cmdletization_methodParameter)

        [object]$__cmdletization_defaultValue = $null
        [object]$__cmdletization_defaultValueIsPresent = $false
        if ($PSBoundParameters.ContainsKey('Trigger')) {
          [object]$__cmdletization_value = ${Trigger}
          $__cmdletization_methodParameter = [Microsoft.PowerShell.Cmdletization.MethodParameter]@{Name = 'Trigger'; ParameterType = 'Microsoft.Management.Infrastructure.CimInstance[]'; Bindings = 'In'; Value = $__cmdletization_value; IsValuePresent = $true}
        } else {
          $__cmdletization_methodParameter = [Microsoft.PowerShell.Cmdletization.MethodParameter]@{Name = 'Trigger'; ParameterType = 'Microsoft.Management.Infrastructure.CimInstance[]'; Bindings = 'In'; Value = $__cmdletization_defaultValue; IsValuePresent = $__cmdletization_defaultValueIsPresent}
        }
        $__cmdletization_methodParameter.ParameterTypeName = 'Microsoft.Management.Infrastructure.CimInstance#MSFT_TaskTrigger'
        $__cmdletization_methodParameters.Add($__cmdletization_methodParameter)

        [object]$__cmdletization_defaultValue = $null
        [object]$__cmdletization_defaultValueIsPresent = $false
        if ($PSBoundParameters.ContainsKey('Description')) {
          [object]$__cmdletization_value = ${Description}
          $__cmdletization_methodParameter = [Microsoft.PowerShell.Cmdletization.MethodParameter]@{Name = 'Description'; ParameterType = 'System.String'; Bindings = 'In'; Value = $__cmdletization_value; IsValuePresent = $true}
        } else {
          $__cmdletization_methodParameter = [Microsoft.PowerShell.Cmdletization.MethodParameter]@{Name = 'Description'; ParameterType = 'System.String'; Bindings = 'In'; Value = $__cmdletization_defaultValue; IsValuePresent = $__cmdletization_defaultValueIsPresent}
        }
        $__cmdletization_methodParameters.Add($__cmdletization_methodParameter)

        [object]$__cmdletization_defaultValue = $null
        [object]$__cmdletization_defaultValueIsPresent = $false
          $__cmdletization_methodParameter = [Microsoft.PowerShell.Cmdletization.MethodParameter]@{Name = 'CmdletOutput'; ParameterType = 'Microsoft.Management.Infrastructure.CimInstance'; Bindings = 'Out'; Value = $__cmdletization_defaultValue; IsValuePresent = $__cmdletization_defaultValueIsPresent}
        $__cmdletization_methodParameter.ParameterTypeName = 'Microsoft.Management.Infrastructure.CimInstance#MSFT_ClusteredScheduledTask'
        $__cmdletization_methodParameters.Add($__cmdletization_methodParameter)

      $__cmdletization_returnValue = [Microsoft.PowerShell.Cmdletization.MethodParameter]@{ Name = 'ReturnValue'; ParameterType = 'System.Int32'; Bindings = 'Error'; Value = $null; IsValuePresent = $false }
      $__cmdletization_methodInvocationInfo = [Microsoft.PowerShell.Cmdletization.MethodInvocationInfo]::new('SetByParams', $__cmdletization_methodParameters, $__cmdletization_returnValue)
      $__cmdletization_objectModelWrapper.ProcessRecord($__cmdletization_methodInvocationInfo)
        }
        { @('Xml') -contains $_ } {
        [object]$__cmdletization_defaultValue = $null
        [object]$__cmdletization_defaultValueIsPresent = $false
        if ($PSBoundParameters.ContainsKey('Xml')) {
          [object]$__cmdletization_value = ${Xml}
          $__cmdletization_methodParameter = [Microsoft.PowerShell.Cmdletization.MethodParameter]@{Name = 'Xml'; ParameterType = 'System.String'; Bindings = 'In'; Value = $__cmdletization_value; IsValuePresent = $true}
        } else {
          $__cmdletization_methodParameter = [Microsoft.PowerShell.Cmdletization.MethodParameter]@{Name = 'Xml'; ParameterType = 'System.String'; Bindings = 'In'; Value = $__cmdletization_defaultValue; IsValuePresent = $__cmdletization_defaultValueIsPresent}
        }
        $__cmdletization_methodParameters.Add($__cmdletization_methodParameter)

        [object]$__cmdletization_defaultValue = $null
        [object]$__cmdletization_defaultValueIsPresent = $false
        if ($PSBoundParameters.ContainsKey('Cluster')) {
          [object]$__cmdletization_value = ${Cluster}
          $__cmdletization_methodParameter = [Microsoft.PowerShell.Cmdletization.MethodParameter]@{Name = 'Cluster'; ParameterType = 'System.String'; Bindings = 'In'; Value = $__cmdletization_value; IsValuePresent = $true}
        } else {
          $__cmdletization_methodParameter = [Microsoft.PowerShell.Cmdletization.MethodParameter]@{Name = 'Cluster'; ParameterType = 'System.String'; Bindings = 'In'; Value = $__cmdletization_defaultValue; IsValuePresent = $__cmdletization_defaultValueIsPresent}
        }
        $__cmdletization_methodParameters.Add($__cmdletization_methodParameter)

        [object]$__cmdletization_defaultValue = $null
        [object]$__cmdletization_defaultValueIsPresent = $false
        if ($PSBoundParameters.ContainsKey('TaskName')) {
          [object]$__cmdletization_value = ${TaskName}
          $__cmdletization_methodParameter = [Microsoft.PowerShell.Cmdletization.MethodParameter]@{Name = 'TaskName'; ParameterType = 'System.String'; Bindings = 'In'; Value = $__cmdletization_value; IsValuePresent = $true}
        } else {
          $__cmdletization_methodParameter = [Microsoft.PowerShell.Cmdletization.MethodParameter]@{Name = 'TaskName'; ParameterType = 'System.String'; Bindings = 'In'; Value = $__cmdletization_defaultValue; IsValuePresent = $__cmdletization_defaultValueIsPresent}
        }
        $__cmdletization_methodParameters.Add($__cmdletization_methodParameter)

        [object]$__cmdletization_defaultValue = $null
        [object]$__cmdletization_defaultValueIsPresent = $false
          $__cmdletization_methodParameter = [Microsoft.PowerShell.Cmdletization.MethodParameter]@{Name = 'CmdletOutput'; ParameterType = 'Microsoft.Management.Infrastructure.CimInstance'; Bindings = 'Out'; Value = $__cmdletization_defaultValue; IsValuePresent = $__cmdletization_defaultValueIsPresent}
        $__cmdletization_methodParameter.ParameterTypeName = 'Microsoft.Management.Infrastructure.CimInstance#MSFT_ClusteredScheduledTask'
        $__cmdletization_methodParameters.Add($__cmdletization_methodParameter)

      $__cmdletization_returnValue = [Microsoft.PowerShell.Cmdletization.MethodParameter]@{ Name = 'ReturnValue'; ParameterType = 'System.Int32'; Bindings = 'Error'; Value = $null; IsValuePresent = $false }
      $__cmdletization_methodInvocationInfo = [Microsoft.PowerShell.Cmdletization.MethodInvocationInfo]::new('SetByXml', $__cmdletization_methodParameters, $__cmdletization_returnValue)
      $__cmdletization_objectModelWrapper.ProcessRecord($__cmdletization_methodInvocationInfo)
        }
    }

            }
        }
        catch
        {
            $__cmdletization_exceptionHasBeenThrown = $true
            throw
        }
    }
        

    End {
        try
        {
            if (-not $__cmdletization_exceptionHasBeenThrown)
            {
                $__cmdletization_objectModelWrapper.EndProcessing()
            }
        }
        catch
        {
            throw
        }
    }

    # .EXTERNALHELP PS_ClusteredScheduledTask_v1.0.cdxml-Help.xml
}
Microsoft.PowerShell.Core\Export-ModuleMember -Function 'Set-ClusteredScheduledTask' -Alias '*'
        

function Unregister-ClusteredScheduledTask
{
    [CmdletBinding(PositionalBinding=$false)]
    
    
    param(
    
    [Parameter(ParameterSetName='Name', Position=1)]
    [ValidateNotNull()]
    [ValidateNotNullOrEmpty()]
    [string]
    ${Cluster},

    [Parameter(ParameterSetName='Name', Mandatory=$true, Position=0)]
    [ValidateNotNull()]
    [ValidateNotNullOrEmpty()]
    [string]
    ${TaskName},

    [Parameter(ParameterSetName='Object', Position=0, ValueFromPipeline=$true)]
    [PSTypeName('Microsoft.Management.Infrastructure.CimInstance#MSFT_ClusteredScheduledTask')]
    [ValidateNotNull()]
    [ValidateNotNullOrEmpty()]
    [ciminstance]
    ${InputObject},

    [Parameter(ParameterSetName='Name')]
    [Parameter(ParameterSetName='Object')]
    [Alias('Session')]
    [ValidateNotNullOrEmpty()]
    [CimSession[]]
    ${CimSession},

    [Parameter(ParameterSetName='Name')]
    [Parameter(ParameterSetName='Object')]
    [int]
    ${ThrottleLimit},

    [Parameter(ParameterSetName='Name')]
    [Parameter(ParameterSetName='Object')]
    [switch]
    ${AsJob})

    DynamicParam {
        try 
        {
            if (-not $__cmdletization_exceptionHasBeenThrown)
            {
                $__cmdletization_objectModelWrapper = $script:ObjectModelWrapper::new()
                $__cmdletization_objectModelWrapper.Initialize($PSCmdlet, $script:ClassName, $script:ClassVersion, $script:ModuleVersion, $script:PrivateData)

                if ($__cmdletization_objectModelWrapper -is [System.Management.Automation.IDynamicParameters])
                {
                    ([System.Management.Automation.IDynamicParameters]$__cmdletization_objectModelWrapper).GetDynamicParameters()
                }
            }
        }
        catch
        {
            $__cmdletization_exceptionHasBeenThrown = $true
            throw
        }
    }

    Begin {
        $__cmdletization_exceptionHasBeenThrown = $false
        try 
        {
            __cmdletization_BindCommonParameters $__cmdletization_objectModelWrapper $PSBoundParameters
            $__cmdletization_objectModelWrapper.BeginProcessing()
        }
        catch
        {
            $__cmdletization_exceptionHasBeenThrown = $true
            throw
        }
    }
        

    Process {
        try 
        {
            if (-not $__cmdletization_exceptionHasBeenThrown)
            {
      $__cmdletization_methodParameters = [System.Collections.Generic.List[Microsoft.PowerShell.Cmdletization.MethodParameter]]::new()

      switch -exact ($PSCmdlet.ParameterSetName) { 
        { @('Name') -contains $_ } {
        [object]$__cmdletization_defaultValue = $null
        [object]$__cmdletization_defaultValueIsPresent = $false
        if ($PSBoundParameters.ContainsKey('Cluster')) {
          [object]$__cmdletization_value = ${Cluster}
          $__cmdletization_methodParameter = [Microsoft.PowerShell.Cmdletization.MethodParameter]@{Name = 'Cluster'; ParameterType = 'System.String'; Bindings = 'In'; Value = $__cmdletization_value; IsValuePresent = $true}
        } else {
          $__cmdletization_methodParameter = [Microsoft.PowerShell.Cmdletization.MethodParameter]@{Name = 'Cluster'; ParameterType = 'System.String'; Bindings = 'In'; Value = $__cmdletization_defaultValue; IsValuePresent = $__cmdletization_defaultValueIsPresent}
        }
        $__cmdletization_methodParameters.Add($__cmdletization_methodParameter)

        [object]$__cmdletization_defaultValue = $null
        [object]$__cmdletization_defaultValueIsPresent = $false
        if ($PSBoundParameters.ContainsKey('TaskName')) {
          [object]$__cmdletization_value = ${TaskName}
          $__cmdletization_methodParameter = [Microsoft.PowerShell.Cmdletization.MethodParameter]@{Name = 'TaskName'; ParameterType = 'System.String'; Bindings = 'In'; Value = $__cmdletization_value; IsValuePresent = $true}
        } else 

ScriptBlock ID: da41ffd5-f886-438f-85b3-225b59f17ff2
Path: "
