"23-06-2026 08:59:53","241","Information","Microsoft-Windows-AppReadiness","Task 'ART:UserLogon' is removed for S-1-12-1-2357405129-1281513531-255772574-1816207334, tasks: 1"
"23-06-2026 08:59:53","216","Information","Microsoft-Windows-AppReadiness","Activity for 'S-1-12-1-2357405129-1281513531-255772574-1816207334' has been suspended and will resume at ‎2026‎-‎06‎-‎23T09:00:23.474000000Z."
"23-06-2026 08:59:53","240","Information","Microsoft-Windows-AppReadiness","Task 'ART:UserLogon' is added for S-1-12-1-2357405129-1281513531-255772574-1816207334, tasks: 2"
"23-06-2026 08:59:53","210","Information","Microsoft-Windows-AppReadiness","App Readiness service has found new tasks for S-1-12-1-2357405129-1281513531-255772574-1816207334."
"23-06-2026 08:59:53","240","Information","Microsoft-Windows-AppReadiness","Task 'install::Microsoft.MicrosoftOfficeHub_8wekyb3d8bbwe' is added for S-1-12-1-2357405129-1281513531-255772574-1816207334, tasks: 1"
"23-06-2026 08:59:53","238","Information","Microsoft-Windows-AppReadiness","OnDemandRegisterWaitForCompletion returns 0x0."
"23-06-2026 08:59:51","236","Information","Microsoft-Windows-AppReadiness","OnDemandRegisterAsync returns 0x0."
"23-06-2026 08:59:51","232","Information","Microsoft-Windows-AppReadiness","FWOpenPolicyStore returns 0x0."
"23-06-2026 08:59:51","231","Information","Microsoft-Windows-AppReadiness","FWOpenPolicyStore starts."
"23-06-2026 08:59:51","209","Information","Microsoft-Windows-AppReadiness","For 'S-1-12-1-2357405129-1281513531-255772574-1816207334' has changed mode from 'AfterLogon' to 'BeforeLogon'"
"23-06-2026 08:59:51","100","Information","Microsoft-Windows-AppReadiness","App Readiness service has started."
"19-06-2026 09:04:05","101","Information","Microsoft-Windows-AppReadiness","App Readiness service has stopped."
"19-06-2026 09:04:05","209","Information","Microsoft-Windows-AppReadiness","For 'S-1-5-18' has changed mode from 'AfterLogon' to 'LoggingOff'"
"19-06-2026 09:04:05","209","Information","Microsoft-Windows-AppReadiness","For 'S-1-12-1-2357405129-1281513531-255772574-1816207334' has changed mode from 'AfterLogon' to 'LoggingOff'"
"19-06-2026 09:01:35","211","Information","Microsoft-Windows-AppReadiness","App Readiness service has completed tasks for S-1-12-1-2357405129-1281513531-255772574-1816207334."
"19-06-2026 09:01:35","213","Information","Microsoft-Windows-AppReadiness","'Microsoft.OneDriveSync_8wekyb3d8bbwe' install succeeded for S-1-12-1-2357405129-1281513531-255772574-1816207334. (0.0289658 seconds)"
"19-06-2026 09:01:35","241","Information","Microsoft-Windows-AppReadiness","Task 'install::Microsoft.OneDriveSync_8wekyb3d8bbwe' is removed for S-1-12-1-2357405129-1281513531-255772574-1816207334, tasks: 0"
"19-06-2026 09:01:35","240","Information","Microsoft-Windows-AppReadiness","Task 'install::Microsoft.OneDriveSync_8wekyb3d8bbwe' is added for S-1-12-1-2357405129-1281513531-255772574-1816207334, tasks: 1"
"19-06-2026 09:01:35","238","Information","Microsoft-Windows-AppReadiness","OnDemandRegisterWaitForCompletion returns 0x0."
"19-06-2026 09:01:35","236","Information","Microsoft-Windows-AppReadiness","OnDemandRegisterAsync returns 0x0."
"19-06-2026 09:01:35","211","Information","Microsoft-Windows-AppReadiness","App Readiness service has completed tasks for S-1-5-18."
"19-06-2026 09:01:35","220","Information","Microsoft-Windows-AppReadiness","'packageChanges-1' succeeded for S-1-5-18. (0.0132916 seconds)"
"19-06-2026 09:01:35","241","Information","Microsoft-Windows-AppReadiness","Task 'packageChanges-1' is removed for S-1-5-18, tasks: 0"
"19-06-2026 09:01:35","109","Information","Microsoft-Windows-AppReadiness","App Readiness service has been notified of new apps. (Source: DISM, Error: The operation completed successfully.)"
"19-06-2026 09:01:35","240","Information","Microsoft-Windows-AppReadiness","Task 'packageChanges-1' is added for S-1-5-18, tasks: 1"
"19-06-2026 09:01:35","100","Information","Microsoft-Windows-AppReadiness","App Readiness service has started."
"18-06-2026 09:09:31","101","Information","Microsoft-Windows-AppReadiness","App Readiness service has stopped."
"18-06-2026 09:09:31","209","Information","Microsoft-Windows-AppReadiness","For 'S-1-5-18' has changed mode from 'AfterLogon' to 'LoggingOff'"
"18-06-2026 09:09:31","209","Information","Microsoft-Windows-AppReadiness","For 'S-1-12-1-2357405129-1281513531-255772574-1816207334' has changed mode from 'AfterLogon' to 'LoggingOff'"
"18-06-2026 09:09:10","211","Information","Microsoft-Windows-AppReadiness","App Readiness service has completed tasks for S-1-12-1-2357405129-1281513531-255772574-1816207334."
"18-06-2026 09:09:10","213","Information","Microsoft-Windows-AppReadiness","'Microsoft.OneDriveSync_8wekyb3d8bbwe' install succeeded for S-1-12-1-2357405129-1281513531-255772574-1816207334. (0.0090145 seconds)"
"18-06-2026 09:09:10","241","Information","Microsoft-Windows-AppReadiness","Task 'install::Microsoft.OneDriveSync_8wekyb3d8bbwe' is removed for S-1-12-1-2357405129-1281513531-255772574-1816207334, tasks: 0"
"18-06-2026 09:09:10","213","Information","Microsoft-Windows-AppReadiness","'MicrosoftWindows.CrossDevice_cw5n1h2txyewy' install succeeded for S-1-12-1-2357405129-1281513531-255772574-1816207334. (0.1620469 seconds)"
"18-06-2026 09:09:10","241","Information","Microsoft-Windows-AppReadiness","Task 'install::MicrosoftWindows.CrossDevice_cw5n1h2txyewy' is removed for S-1-12-1-2357405129-1281513531-255772574-1816207334, tasks: 1"
"18-06-2026 09:09:10","211","Information","Microsoft-Windows-AppReadiness","App Readiness service has completed tasks for S-1-5-18."
"18-06-2026 09:09:10","220","Information","Microsoft-Windows-AppReadiness","'packageChanges-1' succeeded for S-1-5-18. (0.0039992 seconds)"
"18-06-2026 09:09:10","241","Information","Microsoft-Windows-AppReadiness","Task 'packageChanges-1' is removed for S-1-5-18, tasks: 0"
"18-06-2026 09:09:10","240","Information","Microsoft-Windows-AppReadiness","Task 'install::MicrosoftWindows.CrossDevice_cw5n1h2txyewy' is added for S-1-12-1-2357405129-1281513531-255772574-1816207334, tasks: 2"
"18-06-2026 09:09:10","240","Information","Microsoft-Windows-AppReadiness","Task 'install::Microsoft.OneDriveSync_8wekyb3d8bbwe' is added for S-1-12-1-2357405129-1281513531-255772574-1816207334, tasks: 1"
"18-06-2026 09:09:10","238","Information","Microsoft-Windows-AppReadiness","OnDemandRegisterWaitForCompletion returns 0x0."
"18-06-2026 09:09:10","236","Information","Microsoft-Windows-AppReadiness","OnDemandRegisterAsync returns 0x0."
"18-06-2026 09:09:10","109","Information","Microsoft-Windows-AppReadiness","App Readiness service has been notified of new apps. (Source: DISM, Error: The operation completed successfully.)"
"18-06-2026 09:09:10","240","Information","Microsoft-Windows-AppReadiness","Task 'packageChanges-1' is added for S-1-5-18, tasks: 1"
"18-06-2026 09:07:41","220","Information","Microsoft-Windows-AppReadiness","'ART:OemFirstRun' succeeded for S-1-12-1-2357405129-1281513531-255772574-1816207334. (0.0023211 seconds)"
"18-06-2026 09:07:41","241","Information","Microsoft-Windows-AppReadiness","Task 'ART:OemFirstRun' is removed for S-1-12-1-2357405129-1281513531-255772574-1816207334, tasks: 0"
"18-06-2026 09:07:41","211","Information","Microsoft-Windows-AppReadiness","App Readiness service has completed tasks for S-1-12-1-2357405129-1281513531-255772574-1816207334."
"18-06-2026 09:07:41","213","Information","Microsoft-Windows-AppReadiness","'MicrosoftWindows.CrossDevice_cw5n1h2txyewy' install succeeded for S-1-12-1-2357405129-1281513531-255772574-1816207334. (0.2070256 seconds)"
"18-06-2026 09:07:41","241","Information","Microsoft-Windows-AppReadiness","Task 'install::MicrosoftWindows.CrossDevice_cw5n1h2txyewy' is removed for S-1-12-1-2357405129-1281513531-255772574-1816207334, tasks: 1"
"18-06-2026 09:07:14","234","Information","Microsoft-Windows-AppReadiness","FWClosePolicyStore returns 0x0."
"18-06-2026 09:07:14","209","Information","Microsoft-Windows-AppReadiness","For 'S-1-12-1-2357405129-1281513531-255772574-1816207334' has changed mode from 'FirstLogon' to 'AfterLogon'"
"18-06-2026 09:07:14","209","Information","Microsoft-Windows-AppReadiness","For 'S-1-12-1-2357405129-1281513531-255772574-1816207334' has changed mode from 'BeforeLogon' to 'FirstLogon'"
"18-06-2026 09:07:14","240","Information","Microsoft-Windows-AppReadiness","Task 'ART:OemFirstRun' is added for S-1-12-1-2357405129-1281513531-255772574-1816207334, tasks: 2"
"18-06-2026 09:07:10","220","Information","Microsoft-Windows-AppReadiness","'ART:UserLogon' succeeded for S-1-12-1-2357405129-1281513531-255772574-1816207334. (2.6469358 seconds)"
"18-06-2026 09:07:10","213","Information","Microsoft-Windows-AppReadiness","'MicrosoftWindows.60719898.InpApp_cw5n1h2txyewy' uninstall succeeded for S-1-12-1-2357405129-1281513531-255772574-1816207334. (1.1582476 seconds)"
"18-06-2026 09:07:10","241","Information","Microsoft-Windows-AppReadiness","Task 'ART:UserLogon' is removed for S-1-12-1-2357405129-1281513531-255772574-1816207334, tasks: 1"
"18-06-2026 09:07:10","241","Information","Microsoft-Windows-AppReadiness","Task 'remove::MicrosoftWindows.60719898.InpApp_cw5n1h2txyewy' is removed for S-1-12-1-2357405129-1281513531-255772574-1816207334, tasks: 2"
"18-06-2026 09:07:10","216","Information","Microsoft-Windows-AppReadiness","Activity for 'S-1-12-1-2357405129-1281513531-255772574-1816207334' has been suspended and will resume at ‎2026‎-‎06‎-‎18T09:07:40.736000000Z."
"18-06-2026 09:07:10","213","Information","Microsoft-Windows-AppReadiness","'MicrosoftWindows.60719896.Speion_cw5n1h2txyewy' uninstall succeeded for S-1-12-1-2357405129-1281513531-255772574-1816207334. (0.7020742 seconds)"
"18-06-2026 09:07:10","241","Information","Microsoft-Windows-AppReadiness","Task 'remove::MicrosoftWindows.60719896.Speion_cw5n1h2txyewy' is removed for S-1-12-1-2357405129-1281513531-255772574-1816207334, tasks: 3"
"18-06-2026 09:07:09","213","Information","Microsoft-Windows-AppReadiness","'MicrosoftWindows.60719890.Voiess_cw5n1h2txyewy' uninstall succeeded for S-1-12-1-2357405129-1281513531-255772574-1816207334. (1.4618582 seconds)"
"18-06-2026 09:07:09","241","Information","Microsoft-Windows-AppReadiness","Task 'remove::MicrosoftWindows.60719890.Voiess_cw5n1h2txyewy' is removed for S-1-12-1-2357405129-1281513531-255772574-1816207334, tasks: 4"
"18-06-2026 09:07:09","213","Information","Microsoft-Windows-AppReadiness","'MicrosoftWindows.60719895.Livtop_cw5n1h2txyewy' uninstall succeeded for S-1-12-1-2357405129-1281513531-255772574-1816207334. (1.2207566 seconds)"
"18-06-2026 09:07:09","241","Information","Microsoft-Windows-AppReadiness","Task 'remove::MicrosoftWindows.60719895.Livtop_cw5n1h2txyewy' is removed for S-1-12-1-2357405129-1281513531-255772574-1816207334, tasks: 5"
"18-06-2026 09:07:08","240","Information","Microsoft-Windows-AppReadiness","Task 'ART:UserLogon' is added for S-1-12-1-2357405129-1281513531-255772574-1816207334, tasks: 6"
"18-06-2026 09:07:08","332","Information","Microsoft-Windows-AppReadiness","Task 'windows.preInstalledConfigTask' is performed from ARS for OneTimeRegistration on package MicrosoftWindows.Client.OOBE_1000.26100.45.0_x64__cw5n1h2txyewy"
"18-06-2026 09:07:08","240","Information","Microsoft-Windows-AppReadiness","Task 'remove::MicrosoftWindows.60719898.InpApp_cw5n1h2txyewy' is added for S-1-12-1-2357405129-1281513531-255772574-1816207334, tasks: 5"
"18-06-2026 09:07:08","240","Information","Microsoft-Windows-AppReadiness","Task 'remove::MicrosoftWindows.60719896.Speion_cw5n1h2txyewy' is added for S-1-12-1-2357405129-1281513531-255772574-1816207334, tasks: 4"
"18-06-2026 09:07:08","240","Information","Microsoft-Windows-AppReadiness","Task 'remove::MicrosoftWindows.60719895.Livtop_cw5n1h2txyewy' is added for S-1-12-1-2357405129-1281513531-255772574-1816207334, tasks: 3"
"18-06-2026 09:07:08","240","Information","Microsoft-Windows-AppReadiness","Task 'remove::MicrosoftWindows.60719890.Voiess_cw5n1h2txyewy' is added for S-1-12-1-2357405129-1281513531-255772574-1816207334, tasks: 2"
"18-06-2026 09:07:08","240","Information","Microsoft-Windows-AppReadiness","Task 'install::MicrosoftWindows.CrossDevice_cw5n1h2txyewy' is added for S-1-12-1-2357405129-1281513531-255772574-1816207334, tasks: 1"
"18-06-2026 09:07:08","332","Information","Microsoft-Windows-AppReadiness","Task 'windows.preInstalledConfigTask' is performed from ARS for OneTimeRegistration on package Microsoft.LockApp_10.0.26100.8655_neutral__cw5n1h2txyewy"
"18-06-2026 09:07:08","332","Information","Microsoft-Windows-AppReadiness","Task 'windows.preInstalledConfigTask' is performed from ARS for OneTimeRegistration on package MicrosoftWindows.Client.CBS_1000.26100.315.0_x64__cw5n1h2txyewy"
"18-06-2026 09:07:08","332","Information","Microsoft-Windows-AppReadiness","Task 'windows.preInstalledConfigTask' is performed from ARS for OneTimeRegistration on package MicrosoftWindows.Client.CBS_1000.26100.315.0_x64__cw5n1h2txyewy"
"18-06-2026 09:07:08","332","Information","Microsoft-Windows-AppReadiness","Task 'windows.preInstalledConfigTask' is performed from ARS for OneTimeRegistration on package MicrosoftWindows.Client.CBS_1000.26100.315.0_x64__cw5n1h2txyewy"
"18-06-2026 09:07:07","332","Information","Microsoft-Windows-AppReadiness","Task 'windows.preInstalledConfigTask' is performed from ARS for OneTimeRegistration on package MicrosoftWindows.Client.CBS_1000.26100.315.0_x64__cw5n1h2txyewy"
"18-06-2026 09:07:07","332","Information","Microsoft-Windows-AppReadiness","Task 'windows.preInstalledConfigTask' is performed from ARS for OneTimeRegistration on package MicrosoftWindows.Client.CBS_1000.26100.315.0_x64__cw5n1h2txyewy"
"18-06-2026 09:07:07","332","Information","Microsoft-Windows-AppReadiness","Task 'windows.preInstalledConfigTask' is performed from ARS for OneTimeRegistration on package MicrosoftWindows.Client.CBS_1000.26100.315.0_x64__cw5n1h2txyewy"
"18-06-2026 09:07:07","332","Information","Microsoft-Windows-AppReadiness","Task 'windows.preInstalledConfigTask' is performed from ARS for OneTimeRegistration on package MicrosoftWindows.Client.CBS_1000.26100.315.0_x64__cw5n1h2txyewy"
"18-06-2026 09:07:07","238","Information","Microsoft-Windows-AppReadiness","OnDemandRegisterWaitForCompletion returns 0x0."
"18-06-2026 09:07:06","236","Information","Microsoft-Windows-AppReadiness","OnDemandRegisterAsync returns 0x0."
"18-06-2026 09:07:01","232","Information","Microsoft-Windows-AppReadiness","FWOpenPolicyStore returns 0x0."
"18-06-2026 09:07:01","231","Information","Microsoft-Windows-AppReadiness","FWOpenPolicyStore starts."
"18-06-2026 09:07:01","209","Information","Microsoft-Windows-AppReadiness","For 'S-1-12-1-2357405129-1281513531-255772574-1816207334' has changed mode from 'AfterLogon' to 'BeforeLogon'"
"18-06-2026 09:07:01","100","Information","Microsoft-Windows-AppReadiness","App Readiness service has started."
"17-06-2026 19:15:35","101","Information","Microsoft-Windows-AppReadiness","App Readiness service has stopped."
"17-06-2026 19:15:35","209","Information","Microsoft-Windows-AppReadiness","For 'S-1-5-18' has changed mode from 'AfterLogon' to 'LoggingOff'"
"17-06-2026 19:14:33","211","Information","Microsoft-Windows-AppReadiness","App Readiness service has completed tasks for S-1-5-18."
"17-06-2026 19:14:33","220","Information","Microsoft-Windows-AppReadiness","'packageChanges-1' succeeded for S-1-5-18. (0.0072855 seconds)"
"17-06-2026 19:14:33","241","Information","Microsoft-Windows-AppReadiness","Task 'packageChanges-1' is removed for S-1-5-18, tasks: 0"
"17-06-2026 19:14:33","109","Information","Microsoft-Windows-AppReadiness","App Readiness service has been notified of new apps. (Source: CBS, Error: The operation completed successfully.)"
"17-06-2026 19:14:33","240","Information","Microsoft-Windows-AppReadiness","Task 'packageChanges-1' is added for S-1-5-18, tasks: 1"
"17-06-2026 19:14:33","100","Information","Microsoft-Windows-AppReadiness","App Readiness service has started."
"17-06-2026 15:43:01","101","Information","Microsoft-Windows-AppReadiness","App Readiness service has stopped."
"17-06-2026 15:43:01","209","Information","Microsoft-Windows-AppReadiness","For 'S-1-5-18' has changed mode from 'AfterLogon' to 'LoggingOff'"
"17-06-2026 15:43:01","209","Information","Microsoft-Windows-AppReadiness","For 'S-1-12-1-2357405129-1281513531-255772574-1816207334' has changed mode from 'AfterLogon' to 'LoggingOff'"
"17-06-2026 15:40:40","213","Information","Microsoft-Windows-AppReadiness","'Microsoft.OneDriveSync_8wekyb3d8bbwe' install succeeded for S-1-12-1-2357405129-1281513531-255772574-1816207334. (0.0241674 seconds)"
"17-06-2026 15:40:40","241","Information","Microsoft-Windows-AppReadiness","Task 'install::Microsoft.OneDriveSync_8wekyb3d8bbwe' is removed for S-1-12-1-2357405129-1281513531-255772574-1816207334, tasks: 0"
"17-06-2026 15:40:40","211","Information","Microsoft-Windows-AppReadiness","App Readiness service has completed tasks for S-1-5-18."
"17-06-2026 15:40:40","220","Information","Microsoft-Windows-AppReadiness","'packageChanges-2' succeeded for S-1-5-18. (0 seconds)"
"17-06-2026 15:40:40","241","Information","Microsoft-Windows-AppReadiness","Task 'packageChanges-2' is removed for S-1-5-18, tasks: 0"
"17-06-2026 15:40:40","240","Information","Microsoft-Windows-AppReadiness","Task 'install::Microsoft.OneDriveSync_8wekyb3d8bbwe' is added for S-1-12-1-2357405129-1281513531-255772574-1816207334, tasks: 1"
"17-06-2026 15:40:40","238","Information","Microsoft-Windows-AppReadiness","OnDemandRegisterWaitForCompletion returns 0x0."
"17-06-2026 15:40:40","236","Information","Microsoft-Windows-AppReadiness","OnDemandRegisterAsync returns 0x0."
"17-06-2026 15:40:39","109","Information","Microsoft-Windows-AppReadiness","App Readiness service has been notified of new apps. (Source: DISM, Error: The operation completed successfully.)"
"17-06-2026 15:40:39","240","Information","Microsoft-Windows-AppReadiness","Task 'packageChanges-2' is added for S-1-5-18, tasks: 1"
"17-06-2026 15:40:33","211","Information","Microsoft-Windows-AppReadiness","App Readiness service has completed tasks for S-1-12-1-2357405129-1281513531-255772574-1816207334."
"17-06-2026 15:40:33","213","Information","Microsoft-Windows-AppReadiness","'Microsoft.OneDriveSync_8wekyb3d8bbwe' install succeeded for S-1-12-1-2357405129-1281513531-255772574-1816207334. (1.1999244 seconds)"
"17-06-2026 15:40:33","241","Information","Microsoft-Windows-AppReadiness","Task 'install::Microsoft.OneDriveSync_8wekyb3d8bbwe' is removed for S-1-12-1-2357405129-1281513531-255772574-1816207334, tasks: 0"
"17-06-2026 15:40:31","214","Error","Microsoft-Windows-AppReadiness","'MicrosoftWindows.CrossDevice_cw5n1h2txyewy' install failed for S-1-12-1-2357405129-1281513531-255772574-1816207334. Error: 'The package could not be installed because resources it modifies are currently in use.' (0.3171543 seconds)"
"17-06-2026 15:40:31","241","Information","Microsoft-Windows-AppReadiness","Task 'install::MicrosoftWindows.CrossDevice_cw5n1h2txyewy' is removed for S-1-12-1-2357405129-1281513531-255772574-1816207334, tasks: 1"
"17-06-2026 15:40:31","218","Information","Microsoft-Windows-AppReadiness","'MicrosoftWindows.CrossDevice_cw5n1h2txyewy' install failed for S-1-12-1-2357405129-1281513531-255772574-1816207334 and will be attempted after ‎2026‎-‎06‎-‎17T10:15:31.966725600Z."
"17-06-2026 15:40:31","10","Error","Microsoft-Windows-AppReadiness","The Appx operation 'RegisterPackageAsync' on 'MicrosoftWindows.CrossDevice_1.26042.110.0_neutral_~_cw5n1h2txyewy' failed for user 'S-1-12-1-2357405129-1281513531-255772574-1816207334' - error 0x80073D02: Unable to install because the following apps need to be closed MicrosoftWindows.CrossDevice_1.26032.83.0_x64__cw5n1h2txyewy.. (Error: The package could not be installed because resources it modifies are currently in use.)"
"17-06-2026 15:40:31","211","Information","Microsoft-Windows-AppReadiness","App Readiness service has completed tasks for S-1-5-18."
"17-06-2026 15:40:31","220","Information","Microsoft-Windows-AppReadiness","'packageChanges-1' succeeded for S-1-5-18. (0.0170915 seconds)"
"17-06-2026 15:40:31","241","Information","Microsoft-Windows-AppReadiness","Task 'packageChanges-1' is removed for S-1-5-18, tasks: 0"
"17-06-2026 15:40:31","240","Information","Microsoft-Windows-AppReadiness","Task 'install::MicrosoftWindows.CrossDevice_cw5n1h2txyewy' is added for S-1-12-1-2357405129-1281513531-255772574-1816207334, tasks: 2"
"17-06-2026 15:40:31","240","Information","Microsoft-Windows-AppReadiness","Task 'install::Microsoft.OneDriveSync_8wekyb3d8bbwe' is added for S-1-12-1-2357405129-1281513531-255772574-1816207334, tasks: 1"
"17-06-2026 15:40:31","238","Information","Microsoft-Windows-AppReadiness","OnDemandRegisterWaitForCompletion returns 0x0."
"17-06-2026 15:40:31","236","Information","Microsoft-Windows-AppReadiness","OnDemandRegisterAsync returns 0x0."
"17-06-2026 15:40:31","109","Information","Microsoft-Windows-AppReadiness","App Readiness service has been notified of new apps. (Source: DISM, Error: The operation completed successfully.)"
"17-06-2026 15:40:31","240","Information","Microsoft-Windows-AppReadiness","Task 'packageChanges-1' is added for S-1-5-18, tasks: 1"
"17-06-2026 15:40:31","100","Information","Microsoft-Windows-AppReadiness","App Readiness service has started."
"16-06-2026 10:02:18","101","Information","Microsoft-Windows-AppReadiness","App Readiness service has stopped."
"16-06-2026 10:02:18","209","Information","Microsoft-Windows-AppReadiness","For 'S-1-5-18' has changed mode from 'AfterLogon' to 'LoggingOff'"
"16-06-2026 10:02:18","209","Information","Microsoft-Windows-AppReadiness","For 'S-1-12-1-2357405129-1281513531-255772574-1816207334' has changed mode from 'AfterLogon' to 'LoggingOff'"
"16-06-2026 10:00:46","211","Information","Microsoft-Windows-AppReadiness","App Readiness service has completed tasks for S-1-12-1-2357405129-1281513531-255772574-1816207334."
"16-06-2026 10:00:46","213","Information","Microsoft-Windows-AppReadiness","'Microsoft.MicrosoftOfficeHub_8wekyb3d8bbwe' install succeeded for S-1-12-1-2357405129-1281513531-255772574-1816207334. (0.1256418 seconds)"
"16-06-2026 10:00:46","241","Information","Microsoft-Windows-AppReadiness","Task 'install::Microsoft.MicrosoftOfficeHub_8wekyb3d8bbwe' is removed for S-1-12-1-2357405129-1281513531-255772574-1816207334, tasks: 0"
"16-06-2026 10:00:46","213","Information","Microsoft-Windows-AppReadiness","'Microsoft.OneDriveSync_8wekyb3d8bbwe' install succeeded for S-1-12-1-2357405129-1281513531-255772574-1816207334. (0.0163594 seconds)"
"16-06-2026 10:00:46","241","Information","Microsoft-Windows-AppReadiness","Task 'install::Microsoft.OneDriveSync_8wekyb3d8bbwe' is removed for S-1-12-1-2357405129-1281513531-255772574-1816207334, tasks: 1"
"16-06-2026 10:00:46","240","Information","Microsoft-Windows-AppReadiness","Task 'install::Microsoft.OneDriveSync_8wekyb3d8bbwe' is added for S-1-12-1-2357405129-1281513531-255772574-1816207334, tasks: 2"
"16-06-2026 10:00:46","240","Information","Microsoft-Windows-AppReadiness","Task 'install::Microsoft.MicrosoftOfficeHub_8wekyb3d8bbwe' is added for S-1-12-1-2357405129-1281513531-255772574-1816207334, tasks: 1"
"16-06-2026 10:00:46","238","Information","Microsoft-Windows-AppReadiness","OnDemandRegisterWaitForCompletion returns 0x0."
"16-06-2026 10:00:46","236","Information","Microsoft-Windows-AppReadiness","OnDemandRegisterAsync returns 0x0."
"16-06-2026 10:00:45","211","Information","Microsoft-Windows-AppReadiness","App Readiness service has completed tasks for S-1-5-18."
"16-06-2026 10:00:45","220","Information","Microsoft-Windows-AppReadiness","'packageChanges-1' succeeded for S-1-5-18. (0.0159964 seconds)"
"16-06-2026 10:00:45","241","Information","Microsoft-Windows-AppReadiness","Task 'packageChanges-1' is removed for S-1-5-18, tasks: 0"
"16-06-2026 10:00:45","109","Information","Microsoft-Windows-AppReadiness","App Readiness service has been notified of new apps. (Source: DISM, Error: The operation completed successfully.)"
"16-06-2026 10:00:45","240","Information","Microsoft-Windows-AppReadiness","Task 'packageChanges-1' is added for S-1-5-18, tasks: 1"
"16-06-2026 10:00:22","220","Information","Microsoft-Windows-AppReadiness","'ART:OemFirstRun' succeeded for S-1-12-1-2357405129-1281513531-255772574-1816207334. (0 seconds)"
"16-06-2026 10:00:22","241","Information","Microsoft-Windows-AppReadiness","Task 'ART:OemFirstRun' is removed for S-1-12-1-2357405129-1281513531-255772574-1816207334, tasks: 0"
"16-06-2026 10:00:22","211","Information","Microsoft-Windows-AppReadiness","App Readiness service has completed tasks for S-1-12-1-2357405129-1281513531-255772574-1816207334."
"16-06-2026 10:00:22","213","Information","Microsoft-Windows-AppReadiness","'Microsoft.MicrosoftOfficeHub_8wekyb3d8bbwe' install succeeded for S-1-12-1-2357405129-1281513531-255772574-1816207334. (1.7091507 seconds)"
"16-06-2026 10:00:22","241","Information","Microsoft-Windows-AppReadiness","Task 'install::Microsoft.MicrosoftOfficeHub_8wekyb3d8bbwe' is removed for S-1-12-1-2357405129-1281513531-255772574-1816207334, tasks: 1"
"16-06-2026 09:59:55","234","Information","Microsoft-Windows-AppReadiness","FWClosePolicyStore returns 0x0."
"16-06-2026 09:59:55","209","Information","Microsoft-Windows-AppReadiness","For 'S-1-12-1-2357405129-1281513531-255772574-1816207334' has changed mode from 'FirstLogon' to 'AfterLogon'"
"16-06-2026 09:59:55","209","Information","Microsoft-Windows-AppReadiness","For 'S-1-12-1-2357405129-1281513531-255772574-1816207334' has changed mode from 'BeforeLogon' to 'FirstLogon'"
"16-06-2026 09:59:55","240","Information","Microsoft-Windows-AppReadiness","Task 'ART:OemFirstRun' is added for S-1-12-1-2357405129-1281513531-255772574-1816207334, tasks: 2"
"16-06-2026 09:59:50","220","Information","Microsoft-Windows-AppReadiness","'ART:UserLogon' succeeded for S-1-12-1-2357405129-1281513531-255772574-1816207334. (0.0040284 seconds)"
"16-06-2026 09:59:50","241","Information","Microsoft-Windows-AppReadiness","Task 'ART:UserLogon' is removed for S-1-12-1-2357405129-1281513531-255772574-1816207334, tasks: 1"
"16-06-2026 09:59:50","216","Information","Microsoft-Windows-AppReadiness","Activity for 'S-1-12-1-2357405129-1281513531-255772574-1816207334' has been suspended and will resume at ‎2026‎-‎06‎-‎16T10:00:20.466000000Z."
"16-06-2026 09:59:50","240","Information","Microsoft-Windows-AppReadiness","Task 'ART:UserLogon' is added for S-1-12-1-2357405129-1281513531-255772574-1816207334, tasks: 2"
"16-06-2026 09:59:50","210","Information","Microsoft-Windows-AppReadiness","App Readiness service has found new tasks for S-1-12-1-2357405129-1281513531-255772574-1816207334."
"16-06-2026 09:59:50","240","Information","Microsoft-Windows-AppReadiness","Task 'install::Microsoft.MicrosoftOfficeHub_8wekyb3d8bbwe' is added for S-1-12-1-2357405129-1281513531-255772574-1816207334, tasks: 1"
"16-06-2026 09:59:50","238","Information","Microsoft-Windows-AppReadiness","OnDemandRegisterWaitForCompletion returns 0x0."
"16-06-2026 09:59:50","236","Information","Microsoft-Windows-AppReadiness","OnDemandRegisterAsync returns 0x0."
"16-06-2026 09:59:48","232","Information","Microsoft-Windows-AppReadiness","FWOpenPolicyStore returns 0x0."
"16-06-2026 09:59:48","231","Information","Microsoft-Windows-AppReadiness","FWOpenPolicyStore starts."
"16-06-2026 09:59:48","209","Information","Microsoft-Windows-AppReadiness","For 'S-1-12-1-2357405129-1281513531-255772574-1816207334' has changed mode from 'AfterLogon' to 'BeforeLogon'"
"16-06-2026 09:59:48","100","Information","Microsoft-Windows-AppReadiness","App Readiness service has started."
"15-06-2026 11:32:05","101","Information","Microsoft-Windows-AppReadiness","App Readiness service has stopped."
"15-06-2026 11:32:05","209","Information","Microsoft-Windows-AppReadiness","For 'S-1-5-18' has changed mode from 'AfterLogon' to 'LoggingOff'"
"15-06-2026 11:32:05","209","Information","Microsoft-Windows-AppReadiness","For 'S-1-12-1-2357405129-1281513531-255772574-1816207334' has changed mode from 'AfterLogon' to 'LoggingOff'"
"15-06-2026 11:29:42","211","Information","Microsoft-Windows-AppReadiness","App Readiness service has completed tasks for S-1-12-1-2357405129-1281513531-255772574-1816207334."
"15-06-2026 11:29:42","213","Information","Microsoft-Windows-AppReadiness","'Microsoft.OfficePushNotificationUtility_8wekyb3d8bbwe' install succeeded for S-1-12-1-2357405129-1281513531-255772574-1816207334. (1.8146453 seconds)"
"15-06-2026 11:29:42","241","Information","Microsoft-Windows-AppReadiness","Task 'install::Microsoft.OfficePushNotificationUtility_8wekyb3d8bbwe' is removed for S-1-12-1-2357405129-1281513531-255772574-1816207334, tasks: 0"
"15-06-2026 11:29:40","213","Information","Microsoft-Windows-AppReadiness","'aimgr_8wekyb3d8bbwe' install succeeded for S-1-12-1-2357405129-1281513531-255772574-1816207334. (0.0145571 seconds)"
"15-06-2026 11:29:40","241","Information","Microsoft-Windows-AppReadiness","Task 'install::aimgr_8wekyb3d8bbwe' is removed for S-1-12-1-2357405129-1281513531-255772574-1816207334, tasks: 1"
"15-06-2026 11:29:40","213","Information","Microsoft-Windows-AppReadiness","'Microsoft.Office.ActionsServer_8wekyb3d8bbwe' install succeeded for S-1-12-1-2357405129-1281513531-255772574-1816207334. (2.1461106 seconds)"
"15-06-2026 11:29:40","241","Information","Microsoft-Windows-AppReadiness","Task 'install::Microsoft.Office.ActionsServer_8wekyb3d8bbwe' is removed for S-1-12-1-2357405129-1281513531-255772574-1816207334, tasks: 2"
"15-06-2026 11:29:38","214","Error","Microsoft-Windows-AppReadiness","'Microsoft.MicrosoftOfficeHub_8wekyb3d8bbwe' install failed for S-1-12-1-2357405129-1281513531-255772574-1816207334. Error: 'The package could not be installed because resources it modifies are currently in use.' (0.9096787 seconds)"
"15-06-2026 11:29:38","241","Information","Microsoft-Windows-AppReadiness","Task 'install::Microsoft.MicrosoftOfficeHub_8wekyb3d8bbwe' is removed for S-1-12-1-2357405129-1281513531-255772574-1816207334, tasks: 3"
"15-06-2026 11:29:38","218","Information","Microsoft-Windows-AppReadiness","'Microsoft.MicrosoftOfficeHub_8wekyb3d8bbwe' install failed for S-1-12-1-2357405129-1281513531-255772574-1816207334 and will be attempted after ‎2026‎-‎06‎-‎15T06:04:38.686208500Z."
"15-06-2026 11:29:38","240","Information","Microsoft-Windows-AppReadiness","Task 'install::Microsoft.Office.ActionsServer_8wekyb3d8bbwe' is added for S-1-12-1-2357405129-1281513531-255772574-1816207334, tasks: 4"
"15-06-2026 11:29:38","240","Information","Microsoft-Windows-AppReadiness","Task 'install::aimgr_8wekyb3d8bbwe' is added for S-1-12-1-2357405129-1281513531-255772574-1816207334, tasks: 3"
"15-06-2026 11:29:38","238","Information","Microsoft-Windows-AppReadiness","OnDemandRegisterWaitForCompletion returns 0x0."
"15-06-2026 11:29:38","236","Information","Microsoft-Windows-AppReadiness","OnDemandRegisterAsync returns 0x0."
"15-06-2026 11:29:37","10","Error","Microsoft-Windows-AppReadiness","The Appx operation 'RegisterPackageAsync' on 'Microsoft.MicrosoftOfficeHub_2026.609.2034.0_neutral_~_8wekyb3d8bbwe' failed for user 'S-1-12-1-2357405129-1281513531-255772574-1816207334' - error 0x80073D02: Unable to install because the following apps need to be closed Microsoft.MicrosoftOfficeHub_19.2606.38031.0_x64__8wekyb3d8bbwe.. (Error: The package could not be installed because resources it modifies are currently in use.)"
"15-06-2026 11:29:37","211","Information","Microsoft-Windows-AppReadiness","App Readiness service has completed tasks for S-1-5-18."
"15-06-2026 11:29:37","220","Information","Microsoft-Windows-AppReadiness","'packageChanges-3' succeeded for S-1-5-18. (0.0027713 seconds)"
"15-06-2026 11:29:37","241","Information","Microsoft-Windows-AppReadiness","Task 'packageChanges-3' is removed for S-1-5-18, tasks: 0"
"15-06-2026 11:29:37","109","Information","Microsoft-Windows-AppReadiness","App Readiness service has been notified of new apps. (Source: DISM, Error: The operation completed successfully.)"
"15-06-2026 11:29:37","240","Information","Microsoft-Windows-AppReadiness","Task 'packageChanges-3' is added for S-1-5-18, tasks: 1"
"15-06-2026 11:29:37","211","Information","Microsoft-Windows-AppReadiness","App Readiness service has completed tasks for S-1-5-18."
"15-06-2026 11:29:37","220","Information","Microsoft-Windows-AppReadiness","'packageChanges-2' succeeded for S-1-5-18. (0.0036526 seconds)"
"15-06-2026 11:29:37","241","Information","Microsoft-Windows-AppReadiness","Task 'packageChanges-2' is removed for S-1-5-18, tasks: 0"
"15-06-2026 11:29:37","240","Information","Microsoft-Windows-AppReadiness","Task 'install::Microsoft.MicrosoftOfficeHub_8wekyb3d8bbwe' is added for S-1-12-1-2357405129-1281513531-255772574-1816207334, tasks: 2"
"15-06-2026 11:29:37","240","Information","Microsoft-Windows-AppReadiness","Task 'install::Microsoft.OfficePushNotificationUtility_8wekyb3d8bbwe' is added for S-1-12-1-2357405129-1281513531-255772574-1816207334, tasks: 1"
"15-06-2026 11:29:36","238","Information","Microsoft-Windows-AppReadiness","OnDemandRegisterWaitForCompletion returns 0x0."
"15-06-2026 11:29:36","109","Information","Microsoft-Windows-AppReadiness","App Readiness service has been notified of new apps. (Source: DISM, Error: The operation completed successfully.)"
"15-06-2026 11:29:36","240","Information","Microsoft-Windows-AppReadiness","Task 'packageChanges-2' is added for S-1-5-18, tasks: 1"
"15-06-2026 11:29:36","236","Information","Microsoft-Windows-AppReadiness","OnDemandRegisterAsync returns 0x0."
"15-06-2026 11:29:35","211","Information","Microsoft-Windows-AppReadiness","App Readiness service has completed tasks for S-1-5-18."
"15-06-2026 11:29:35","220","Information","Microsoft-Windows-AppReadiness","'packageChanges-1' succeeded for S-1-5-18. (0.0249086 seconds)"
"15-06-2026 11:29:35","241","Information","Microsoft-Windows-AppReadiness","Task 'packageChanges-1' is removed for S-1-5-18, tasks: 0"
"15-06-2026 11:29:35","109","Information","Microsoft-Windows-AppReadiness","App Readiness service has been notified of new apps. (Source: DISM, Error: The operation completed successfully.)"
"15-06-2026 11:29:35","240","Information","Microsoft-Windows-AppReadiness","Task 'packageChanges-1' is added for S-1-5-18, tasks: 1"
"15-06-2026 11:29:35","100","Information","Microsoft-Windows-AppReadiness","App Readiness service has started."
"12-06-2026 09:57:46","101","Information","Microsoft-Windows-AppReadiness","App Readiness service has stopped."
"12-06-2026 09:57:46","209","Information","Microsoft-Windows-AppReadiness","For 'S-1-5-18' has changed mode from 'AfterLogon' to 'LoggingOff'"
"12-06-2026 09:57:46","209","Information","Microsoft-Windows-AppReadiness","For 'S-1-12-1-2357405129-1281513531-255772574-1816207334' has changed mode from 'AfterLogon' to 'LoggingOff'"
"12-06-2026 09:55:40","211","Information","Microsoft-Windows-AppReadiness","App Readiness service has completed tasks for S-1-12-1-2357405129-1281513531-255772574-1816207334."
"12-06-2026 09:55:40","213","Information","Microsoft-Windows-AppReadiness","'Microsoft.OneDriveSync_8wekyb3d8bbwe' install succeeded for S-1-12-1-2357405129-1281513531-255772574-1816207334. (0.0105439 seconds)"
"12-06-2026 09:55:40","241","Information","Microsoft-Windows-AppReadiness","Task 'install::Microsoft.OneDriveSync_8wekyb3d8bbwe' is removed for S-1-12-1-2357405129-1281513531-255772574-1816207334, tasks: 0"
"12-06-2026 09:55:40","211","Information","Microsoft-Windows-AppReadiness","App Readiness service has completed tasks for S-1-5-18."
"12-06-2026 09:55:40","220","Information","Microsoft-Windows-AppReadiness","'packageChanges-1' succeeded for S-1-5-18. (0.0020115 seconds)"
"12-06-2026 09:55:40","241","Information","Microsoft-Windows-AppReadiness","Task 'packageChanges-1' is removed for S-1-5-18, tasks: 0"
"12-06-2026 09:55:40","240","Information","Microsoft-Windows-AppReadiness","Task 'install::Microsoft.OneDriveSync_8wekyb3d8bbwe' is added for S-1-12-1-2357405129-1281513531-255772574-1816207334, tasks: 1"
"12-06-2026 09:55:40","238","Information","Microsoft-Windows-AppReadiness","OnDemandRegisterWaitForCompletion returns 0x0."
"12-06-2026 09:55:40","236","Information","Microsoft-Windows-AppReadiness","OnDemandRegisterAsync returns 0x0."
"12-06-2026 09:55:39","109","Information","Microsoft-Windows-AppReadiness","App Readiness service has been notified of new apps. (Source: DISM, Error: The operation completed successfully.)"
"12-06-2026 09:55:39","240","Information","Microsoft-Windows-AppReadiness","Task 'packageChanges-1' is added for S-1-5-18, tasks: 1"
"12-06-2026 09:55:33","220","Information","Microsoft-Windows-AppReadiness","'ART:OemFirstRun' succeeded for S-1-12-1-2357405129-1281513531-255772574-1816207334. (0.0080514 seconds)"
"12-06-2026 09:55:33","241","Information","Microsoft-Windows-AppReadiness","Task 'ART:OemFirstRun' is removed for S-1-12-1-2357405129-1281513531-255772574-1816207334, tasks: 0"
"12-06-2026 09:55:33","211","Information","Microsoft-Windows-AppReadiness","App Readiness service has completed tasks for S-1-12-1-2357405129-1281513531-255772574-1816207334."
"12-06-2026 09:55:33","213","Information","Microsoft-Windows-AppReadiness","'Microsoft.MicrosoftOfficeHub_8wekyb3d8bbwe' install succeeded for S-1-12-1-2357405129-1281513531-255772574-1816207334. (0.1024036 seconds)"
"12-06-2026 09:55:33","241","Information","Microsoft-Windows-AppReadiness","Task 'install::Microsoft.MicrosoftOfficeHub_8wekyb3d8bbwe' is removed for S-1-12-1-2357405129-1281513531-255772574-1816207334, tasks: 1"
"12-06-2026 09:55:08","234","Information","Microsoft-Windows-AppReadiness","FWClosePolicyStore returns 0x0."
"12-06-2026 09:55:08","209","Information","Microsoft-Windows-AppReadiness","For 'S-1-12-1-2357405129-1281513531-255772574-1816207334' has changed mode from 'FirstLogon' to 'AfterLogon'"
"12-06-2026 09:55:08","209","Information","Microsoft-Windows-AppReadiness","For 'S-1-12-1-2357405129-1281513531-255772574-1816207334' has changed mode from 'BeforeLogon' to 'FirstLogon'"
"12-06-2026 09:55:08","240","Information","Microsoft-Windows-AppReadiness","Task 'ART:OemFirstRun' is added for S-1-12-1-2357405129-1281513531-255772574-1816207334, tasks: 2"
"12-06-2026 09:55:03","220","Information","Microsoft-Windows-AppReadiness","'ART:UserLogon' succeeded for S-1-12-1-2357405129-1281513531-255772574-1816207334. (0.0060407 seconds)"
"12-06-2026 09:55:03","241","Information","Microsoft-Windows-AppReadiness","Task 'ART:UserLogon' is removed for S-1-12-1-2357405129-1281513531-255772574-1816207334, tasks: 1"
"12-06-2026 09:55:03","216","Information","Microsoft-Windows-AppReadiness","Activity for 'S-1-12-1-2357405129-1281513531-255772574-1816207334' has been suspended and will resume at ‎2026‎-‎06‎-‎12T09:55:33.716000000Z."
"12-06-2026 09:55:03","240","Information","Microsoft-Windows-AppReadiness","Task 'ART:UserLogon' is added for S-1-12-1-2357405129-1281513531-255772574-1816207334, tasks: 2"
"12-06-2026 09:55:03","240","Information","Microsoft-Windows-AppReadiness","Task 'install::Microsoft.MicrosoftOfficeHub_8wekyb3d8bbwe' is added for S-1-12-1-2357405129-1281513531-255772574-1816207334, tasks: 1"
"12-06-2026 09:55:03","238","Information","Microsoft-Windows-AppReadiness","OnDemandRegisterWaitForCompletion returns 0x0."
"12-06-2026 09:55:03","236","Information","Microsoft-Windows-AppReadiness","OnDemandRegisterAsync returns 0x0."
"12-06-2026 09:55:02","232","Information","Microsoft-Windows-AppReadiness","FWOpenPolicyStore returns 0x0."
"12-06-2026 09:55:02","231","Information","Microsoft-Windows-AppReadiness","FWOpenPolicyStore starts."
"12-06-2026 09:55:02","209","Information","Microsoft-Windows-AppReadiness","For 'S-1-12-1-2357405129-1281513531-255772574-1816207334' has changed mode from 'AfterLogon' to 'BeforeLogon'"
"12-06-2026 09:55:02","100","Information","Microsoft-Windows-AppReadiness","App Readiness service has started."
"11-06-2026 08:52:18","101","Information","Microsoft-Windows-AppReadiness","App Readiness service has stopped."
"11-06-2026 08:52:18","209","Information","Microsoft-Windows-AppReadiness","For 'S-1-5-18' has changed mode from 'AfterLogon' to 'LoggingOff'"
"11-06-2026 08:52:18","209","Information","Microsoft-Windows-AppReadiness","For 'S-1-12-1-2357405129-1281513531-255772574-1816207334' has changed mode from 'AfterLogon' to 'LoggingOff'"
"11-06-2026 08:49:56","213","Information","Microsoft-Windows-AppReadiness","'Microsoft.OneDriveSync_8wekyb3d8bbwe' install succeeded for S-1-12-1-2357405129-1281513531-255772574-1816207334. (0.9277671 seconds)"
"11-06-2026 08:49:56","241","Information","Microsoft-Windows-AppReadiness","Task 'install::Microsoft.OneDriveSync_8wekyb3d8bbwe' is removed for S-1-12-1-2357405129-1281513531-255772574-1816207334, tasks: 0"
"11-06-2026 08:49:55","213","Information","Microsoft-Windows-AppReadiness","'MSTeams_8wekyb3d8bbwe' install succeeded for S-1-12-1-2357405129-1281513531-255772574-1816207334. (0.0450099 seconds)"
"11-06-2026 08:49:55","241","Information","Microsoft-Windows-AppReadiness","Task 'install::MSTeams_8wekyb3d8bbwe' is removed for S-1-12-1-2357405129-1281513531-255772574-1816207334, tasks: 1"
"11-06-2026 08:49:55","211","Information","Microsoft-Windows-AppReadiness","App Readiness service has completed tasks for S-1-5-18."
"11-06-2026 08:49:55","220","Information","Microsoft-Windows-AppReadiness","'packageChanges-2' succeeded for S-1-5-18. (0 seconds)"
"11-06-2026 08:49:55","241","Information","Microsoft-Windows-AppReadiness","Task 'packageChanges-2' is removed for S-1-5-18, tasks: 0"
"11-06-2026 08:49:55","213","Information","Microsoft-Windows-AppReadiness","'MicrosoftWindows.CrossDevice_cw5n1h2txyewy' install succeeded for S-1-12-1-2357405129-1281513531-255772574-1816207334. (5.7609859 seconds)"
"11-06-2026 08:49:55","241","Information","Microsoft-Windows-AppReadiness","Task 'install::MicrosoftWindows.CrossDevice_cw5n1h2txyewy' is removed for S-1-12-1-2357405129-1281513531-255772574-1816207334, tasks: 2"
"11-06-2026 08:49:55","238","Information","Microsoft-Windows-AppReadiness","OnDemandRegisterWaitForCompletion returns 0x0."
"11-06-2026 08:49:55","236","Information","Microsoft-Windows-AppReadiness","OnDemandRegisterAsync returns 0x0."
"11-06-2026 08:49:54","109","Information","Microsoft-Windows-AppReadiness","App Readiness service has been notified of new apps. (Source: DISM, Error: The operation completed successfully.)"
"11-06-2026 08:49:54","240","Information","Microsoft-Windows-AppReadiness","Task 'packageChanges-2' is added for S-1-5-18, tasks: 1"
"11-06-2026 08:49:49","214","Error","Microsoft-Windows-AppReadiness","'Microsoft.MicrosoftOfficeHub_8wekyb3d8bbwe' install failed for S-1-12-1-2357405129-1281513531-255772574-1816207334. Error: 'The package could not be installed because resources it modifies are currently in use.' (0.6366056 seconds)"
"11-06-2026 08:49:49","241","Information","Microsoft-Windows-AppReadiness","Task 'install::Microsoft.MicrosoftOfficeHub_8wekyb3d8bbwe' is removed for S-1-12-1-2357405129-1281513531-255772574-1816207334, tasks: 3"
"11-06-2026 08:49:49","218","Information","Microsoft-Windows-AppReadiness","'Microsoft.MicrosoftOfficeHub_8wekyb3d8bbwe' install failed for S-1-12-1-2357405129-1281513531-255772574-1816207334 and will be attempted after ‎2026‎-‎06‎-‎11T03:24:49.847273800Z."
"11-06-2026 08:49:49","10","Error","Microsoft-Windows-AppReadiness","The Appx operation 'RegisterPackageAsync' on 'Microsoft.MicrosoftOfficeHub_2026.608.1023.0_neutral_~_8wekyb3d8bbwe' failed for user 'S-1-12-1-2357405129-1281513531-255772574-1816207334' - error 0x80073D02: Unable to install because the following apps need to be closed Microsoft.MicrosoftOfficeHub_19.2605.59121.0_x64__8wekyb3d8bbwe.. (Error: The package could not be installed because resources it modifies are currently in use.)"
"11-06-2026 08:49:49","240","Information","Microsoft-Windows-AppReadiness","Task 'install::Microsoft.MicrosoftOfficeHub_8wekyb3d8bbwe' is added for S-1-12-1-2357405129-1281513531-255772574-1816207334, tasks: 4"
"11-06-2026 08:49:49","240","Information","Microsoft-Windows-AppReadiness","Task 'install::MicrosoftWindows.CrossDevice_cw5n1h2txyewy' is added for S-1-12-1-2357405129-1281513531-255772574-1816207334, tasks: 3"
"11-06-2026 08:49:49","240","Information","Microsoft-Windows-AppReadiness","Task 'install::MSTeams_8wekyb3d8bbwe' is added for S-1-12-1-2357405129-1281513531-255772574-1816207334, tasks: 2"
"11-06-2026 08:49:49","240","Information","Microsoft-Windows-AppReadiness","Task 'install::Microsoft.OneDriveSync_8wekyb3d8bbwe' is added for S-1-12-1-2357405129-1281513531-255772574-1816207334, tasks: 1"
"11-06-2026 08:49:49","238","Information","Microsoft-Windows-AppReadiness","OnDemandRegisterWaitForCompletion returns 0x0."
"11-06-2026 08:49:48","236","Information","Microsoft-Windows-AppReadiness","OnDemandRegisterAsync returns 0x0."
"11-06-2026 08:49:48","211","Information","Microsoft-Windows-AppReadiness","App Readiness service has completed tasks for S-1-5-18."
"11-06-2026 08:49:48","220","Information","Microsoft-Windows-AppReadiness","'packageChanges-1' succeeded for S-1-5-18. (0.0093782 seconds)"
"11-06-2026 08:49:48","241","Information","Microsoft-Windows-AppReadiness","Task 'packageChanges-1' is removed for S-1-5-18, tasks: 0"
"11-06-2026 08:49:48","109","Information","Microsoft-Windows-AppReadiness","App Readiness service has been notified of new apps. (Source: DISM, Error: The operation completed successfully.)"
"11-06-2026 08:49:48","240","Information","Microsoft-Windows-AppReadiness","Task 'packageChanges-1' is added for S-1-5-18, tasks: 1"
"11-06-2026 08:49:48","100","Information","Microsoft-Windows-AppReadiness","App Readiness service has started."
"10-06-2026 10:57:53","101","Information","Microsoft-Windows-AppReadiness","App Readiness service has stopped."
"10-06-2026 10:57:53","209","Information","Microsoft-Windows-AppReadiness","For 'S-1-5-18' has changed mode from 'AfterLogon' to 'LoggingOff'"
"10-06-2026 10:57:53","209","Information","Microsoft-Windows-AppReadiness","For 'S-1-12-1-2357405129-1281513531-255772574-1816207334' has changed mode from 'AfterLogon' to 'LoggingOff'"
"10-06-2026 10:55:25","211","Information","Microsoft-Windows-AppReadiness","App Readiness service has completed tasks for S-1-12-1-2357405129-1281513531-255772574-1816207334."
"10-06-2026 10:55:25","213","Information","Microsoft-Windows-AppReadiness","'MicrosoftCorporationII.WinAppRuntime.Main.1.8_8wekyb3d8bbwe' install succeeded for S-1-12-1-2357405129-1281513531-255772574-1816207334. (1.2399304 seconds)"
"10-06-2026 10:55:25","241","Information","Microsoft-Windows-AppReadiness","Task 'install::MicrosoftCorporationII.WinAppRuntime.Main.1.8_8wekyb3d8bbwe' is removed for S-1-12-1-2357405129-1281513531-255772574-1816207334, tasks: 0"
"10-06-2026 10:55:23","214","Error","Microsoft-Windows-AppReadiness","'MSTeams_8wekyb3d8bbwe' install failed for S-1-12-1-2357405129-1281513531-255772574-1816207334. Error: 'The package could not be installed because resources it modifies are currently in use.' (0.1940595 seconds)"
"10-06-2026 10:55:23","241","Information","Microsoft-Windows-AppReadiness","Task 'install::MSTeams_8wekyb3d8bbwe' is removed for S-1-12-1-2357405129-1281513531-255772574-1816207334, tasks: 1"
"10-06-2026 10:55:23","218","Information","Microsoft-Windows-AppReadiness","'MSTeams_8wekyb3d8bbwe' install failed for S-1-12-1-2357405129-1281513531-255772574-1816207334 and will be attempted after ‎2026‎-‎06‎-‎10T05:30:23.995698500Z."
"10-06-2026 10:55:23","10","Error","Microsoft-Windows-AppReadiness","The Appx operation 'RegisterPackageAsync' on 'MSTeams_26134.1702.4747.7366_x64__8wekyb3d8bbwe' failed for user 'S-1-12-1-2357405129-1281513531-255772574-1816207334' - error 0x80073D02: Unable to install because the following apps need to be closed MSTeams_26106.1911.4707.3286_x64__8wekyb3d8bbwe.. (Error: The package could not be installed because resources it modifies are currently in use.)"
"10-06-2026 10:55:23","240","Information","Microsoft-Windows-AppReadiness","Task 'install::MSTeams_8wekyb3d8bbwe' is added for S-1-12-1-2357405129-1281513531-255772574-1816207334, tasks: 2"
"10-06-2026 10:55:23","240","Information","Microsoft-Windows-AppReadiness","Task 'install::MicrosoftCorporationII.WinAppRuntime.Main.1.8_8wekyb3d8bbwe' is added for S-1-12-1-2357405129-1281513531-255772574-1816207334, tasks: 1"
"10-06-2026 10:55:23","238","Information","Microsoft-Windows-AppReadiness","OnDemandRegisterWaitForCompletion returns 0x0."
"10-06-2026 10:55:23","236","Information","Microsoft-Windows-AppReadiness","OnDemandRegisterAsync returns 0x0."
"10-06-2026 10:55:23","211","Information","Microsoft-Windows-AppReadiness","App Readiness service has completed tasks for S-1-5-18."
"10-06-2026 10:55:23","220","Information","Microsoft-Windows-AppReadiness","'packageChanges-1' succeeded for S-1-5-18. (0.0113037 seconds)"
"10-06-2026 10:55:23","241","Information","Microsoft-Windows-AppReadiness","Task 'packageChanges-1' is removed for S-1-5-18, tasks: 0"
"10-06-2026 10:55:23","109","Information","Microsoft-Windows-AppReadiness","App Readiness service has been notified of new apps. (Source: DISM, Error: The operation completed successfully.)"
"10-06-2026 10:55:23","240","Information","Microsoft-Windows-AppReadiness","Task 'packageChanges-1' is added for S-1-5-18, tasks: 1"
"10-06-2026 10:55:23","100","Information","Microsoft-Windows-AppReadiness","App Readiness service has started."
"08-06-2026 19:21:02","101","Information","Microsoft-Windows-AppReadiness","App Readiness service has stopped."
"08-06-2026 19:21:02","209","Information","Microsoft-Windows-AppReadiness","For 'S-1-5-18' has changed mode from 'AfterLogon' to 'LoggingOff'"
