"TimeCreated","Id","LevelDisplayName","ProviderName","Message"
"18-08-2026 15:05:40","3089","Information","Microsoft-Windows-CodeIntegrity","Signature information for another event. Match using the Correlation Id."
"18-08-2026 15:05:40","3002","Error","Microsoft-Windows-CodeIntegrity","Code Integrity is unable to verify the image integrity of the file \Device\HarddiskVolume3\Windows\System32\fcon.dll because the set of per-page image hashes could not be found on the system."
"18-08-2026 15:05:40","3089","Information","Microsoft-Windows-CodeIntegrity","Signature information for another event. Match using the Correlation Id."
"18-08-2026 15:05:40","3002","Error","Microsoft-Windows-CodeIntegrity","Code Integrity is unable to verify the image integrity of the file \Device\HarddiskVolume3\Windows\System32\fcon.dll because the set of per-page image hashes could not be found on the system."
"18-08-2026 15:05:39","3089","Information","Microsoft-Windows-CodeIntegrity","Signature information for another event. Match using the Correlation Id."
"18-08-2026 15:05:39","3002","Error","Microsoft-Windows-CodeIntegrity","Code Integrity is unable to verify the image integrity of the file \Device\HarddiskVolume3\Windows\System32\fcon.dll because the set of per-page image hashes could not be found on the system."
"18-08-2026 15:05:39","3089","Information","Microsoft-Windows-CodeIntegrity","Signature information for another event. Match using the Correlation Id."
"18-08-2026 15:05:39","3002","Error","Microsoft-Windows-CodeIntegrity","Code Integrity is unable to verify the image integrity of the file \Device\HarddiskVolume3\Windows\System32\fcon.dll because the set of per-page image hashes could not be found on the system."
"18-08-2026 15:05:39","3089","Information","Microsoft-Windows-CodeIntegrity","Signature information for another event. Match using the Correlation Id."
"18-08-2026 15:05:39","3002","Error","Microsoft-Windows-CodeIntegrity","Code Integrity is unable to verify the image integrity of the file \Device\HarddiskVolume3\Windows\System32\fcon.dll because the set of per-page image hashes could not be found on the system."
"18-08-2026 14:30:42","3116","Information","Microsoft-Windows-CodeIntegrity","Signature information for Code Integrity policy ID {d2bda982-ccf6-4344-ac5b-0b44427b6816}."
"18-08-2026 14:30:42","3099","Information","Microsoft-Windows-CodeIntegrity","Refreshed and activated Code Integrity policy {d2bda982-ccf6-4344-ac5b-0b44427b6816} Microsoft Windows Driver Policy. id 10.0.29520.0. Status 0x0"
"18-08-2026 14:30:42","3116","Information","Microsoft-Windows-CodeIntegrity","Signature information for Code Integrity policy ID {a072029f-588b-4b5e-b7f9-05aad67df687}."
"18-08-2026 14:30:42","3099","Information","Microsoft-Windows-CodeIntegrity","Refreshed and activated Code Integrity policy {a072029f-588b-4b5e-b7f9-05aad67df687} Microsoft Windows Virtualization Based Security Policy. id 10.0.29605.0. Status 0x0"
"18-08-2026 14:30:42","3116","Information","Microsoft-Windows-CodeIntegrity","Signature information for Code Integrity policy ID {784c4414-79f4-4c32-a6a5-f0fb42a51d0d}."
"18-08-2026 14:30:42","3099","Information","Microsoft-Windows-CodeIntegrity","Refreshed and activated Code Integrity policy {784c4414-79f4-4c32-a6a5-f0fb42a51d0d} Microsoft Windows Cross Certificates for Code Integrity Exceptions Audit Policy. id 10.29611.0.0. Status 0x0"
"18-08-2026 14:30:42","3116","Information","Microsoft-Windows-CodeIntegrity","Signature information for Code Integrity policy ID {60fd87f8-4593-44a0-91b0-2e0da022f248}."
"18-08-2026 14:30:42","3099","Information","Microsoft-Windows-CodeIntegrity","Refreshed and activated Code Integrity policy {60fd87f8-4593-44a0-91b0-2e0da022f248} Microsoft Windows Endpoint Security Policy. id 10.0.29526.0. Status 0x0"
"18-08-2026 14:30:42","3084","Information","Microsoft-Windows-CodeIntegrity","Code Integrity will enable WHQL driver enforcement for this boot session.  Settings 0x0. Exemption 1."
"18-08-2026 14:12:00","3089","Information","Microsoft-Windows-CodeIntegrity","Signature information for another event. Match using the Correlation Id."
"18-08-2026 14:12:00","3002","Error","Microsoft-Windows-CodeIntegrity","Code Integrity is unable to verify the image integrity of the file \Device\HarddiskVolume3\Windows\System32\fcon.dll because the set of per-page image hashes could not be found on the system."
"18-08-2026 14:12:00","3089","Information","Microsoft-Windows-CodeIntegrity","Signature information for another event. Match using the Correlation Id."
"18-08-2026 14:12:00","3002","Error","Microsoft-Windows-CodeIntegrity","Code Integrity is unable to verify the image integrity of the file \Device\HarddiskVolume3\Windows\System32\fcon.dll because the set of per-page image hashes could not be found on the system."
"18-08-2026 14:12:00","3089","Information","Microsoft-Windows-CodeIntegrity","Signature information for another event. Match using the Correlation Id."
"18-08-2026 14:12:00","3002","Error","Microsoft-Windows-CodeIntegrity","Code Integrity is unable to verify the image integrity of the file \Device\HarddiskVolume3\Windows\System32\fcon.dll because the set of per-page image hashes could not be found on the system."
"18-08-2026 14:12:00","3089","Information","Microsoft-Windows-CodeIntegrity","Signature information for another event. Match using the Correlation Id."
"18-08-2026 14:12:00","3002","Error","Microsoft-Windows-CodeIntegrity","Code Integrity is unable to verify the image integrity of the file \Device\HarddiskVolume3\Windows\System32\fcon.dll because the set of per-page image hashes could not be found on the system."
"18-08-2026 14:11:59","3089","Information","Microsoft-Windows-CodeIntegrity","Signature information for another event. Match using the Correlation Id."
"18-08-2026 14:11:59","3002","Error","Microsoft-Windows-CodeIntegrity","Code Integrity is unable to verify the image integrity of the file \Device\HarddiskVolume3\Windows\System32\fcon.dll because the set of per-page image hashes could not be found on the system."
"18-08-2026 10:28:45","3116","Information","Microsoft-Windows-CodeIntegrity","Signature information for Code Integrity policy ID {d2bda982-ccf6-4344-ac5b-0b44427b6816}."
"18-08-2026 10:28:45","3099","Information","Microsoft-Windows-CodeIntegrity","Refreshed and activated Code Integrity policy {d2bda982-ccf6-4344-ac5b-0b44427b6816} Microsoft Windows Driver Policy. id 10.0.29520.0. Status 0x0"
"18-08-2026 10:28:45","3116","Information","Microsoft-Windows-CodeIntegrity","Signature information for Code Integrity policy ID {a072029f-588b-4b5e-b7f9-05aad67df687}."
"18-08-2026 10:28:45","3099","Information","Microsoft-Windows-CodeIntegrity","Refreshed and activated Code Integrity policy {a072029f-588b-4b5e-b7f9-05aad67df687} Microsoft Windows Virtualization Based Security Policy. id 10.0.29605.0. Status 0x0"
"18-08-2026 10:28:45","3116","Information","Microsoft-Windows-CodeIntegrity","Signature information for Code Integrity policy ID {784c4414-79f4-4c32-a6a5-f0fb42a51d0d}."
"18-08-2026 10:28:45","3099","Information","Microsoft-Windows-CodeIntegrity","Refreshed and activated Code Integrity policy {784c4414-79f4-4c32-a6a5-f0fb42a51d0d} Microsoft Windows Cross Certificates for Code Integrity Exceptions Audit Policy. id 10.29611.0.0. Status 0x0"
"18-08-2026 10:28:45","3116","Information","Microsoft-Windows-CodeIntegrity","Signature information for Code Integrity policy ID {60fd87f8-4593-44a0-91b0-2e0da022f248}."
"18-08-2026 10:28:45","3099","Information","Microsoft-Windows-CodeIntegrity","Refreshed and activated Code Integrity policy {60fd87f8-4593-44a0-91b0-2e0da022f248} Microsoft Windows Endpoint Security Policy. id 10.0.29526.0. Status 0x0"
"18-08-2026 10:28:45","3084","Information","Microsoft-Windows-CodeIntegrity","Code Integrity will enable WHQL driver enforcement for this boot session.  Settings 0x0. Exemption 1."
"11-08-2026 12:14:55","3010","Warning","Microsoft-Windows-CodeIntegrity","Code Integrity was unable to load the Microsoft-Windows-msmq-powershell-Opt-WOW64-Package~31bf3856ad364e35~amd64~~10.0.26100.8246.cat catalog. Status 0xC0000034."
"11-08-2026 12:02:21","3116","Information","Microsoft-Windows-CodeIntegrity","Signature information for Code Integrity policy ID {d2bda982-ccf6-4344-ac5b-0b44427b6816}."
"11-08-2026 12:02:21","3099","Information","Microsoft-Windows-CodeIntegrity","Refreshed and activated Code Integrity policy {d2bda982-ccf6-4344-ac5b-0b44427b6816} Microsoft Windows Driver Policy. id 10.0.29520.0. Status 0x0"
"11-08-2026 12:02:21","3116","Information","Microsoft-Windows-CodeIntegrity","Signature information for Code Integrity policy ID {a072029f-588b-4b5e-b7f9-05aad67df687}."
"11-08-2026 12:02:21","3099","Information","Microsoft-Windows-CodeIntegrity","Refreshed and activated Code Integrity policy {a072029f-588b-4b5e-b7f9-05aad67df687} Microsoft Windows Virtualization Based Security Policy. id 10.0.29605.0. Status 0x0"
"11-08-2026 12:02:21","3116","Information","Microsoft-Windows-CodeIntegrity","Signature information for Code Integrity policy ID {784c4414-79f4-4c32-a6a5-f0fb42a51d0d}."
"11-08-2026 12:02:21","3099","Information","Microsoft-Windows-CodeIntegrity","Refreshed and activated Code Integrity policy {784c4414-79f4-4c32-a6a5-f0fb42a51d0d} Microsoft Windows Cross Certificates for Code Integrity Exceptions Audit Policy. id 10.29611.0.0. Status 0x0"
"11-08-2026 12:02:21","3116","Information","Microsoft-Windows-CodeIntegrity","Signature information for Code Integrity policy ID {60fd87f8-4593-44a0-91b0-2e0da022f248}."
"11-08-2026 12:02:21","3099","Information","Microsoft-Windows-CodeIntegrity","Refreshed and activated Code Integrity policy {60fd87f8-4593-44a0-91b0-2e0da022f248} Microsoft Windows Endpoint Security Policy. id 10.0.29526.0. Status 0x0"
"11-08-2026 12:02:21","3084","Information","Microsoft-Windows-CodeIntegrity","Code Integrity will enable WHQL driver enforcement for this boot session.  Settings 0x0. Exemption 1."
"10-08-2026 09:35:52","3116","Information","Microsoft-Windows-CodeIntegrity","Signature information for Code Integrity policy ID {d2bda982-ccf6-4344-ac5b-0b44427b6816}."
"10-08-2026 09:35:52","3099","Information","Microsoft-Windows-CodeIntegrity","Refreshed and activated Code Integrity policy {d2bda982-ccf6-4344-ac5b-0b44427b6816} Microsoft Windows Driver Policy. id 10.0.29520.0. Status 0x0"
"10-08-2026 09:35:52","3116","Information","Microsoft-Windows-CodeIntegrity","Signature information for Code Integrity policy ID {a072029f-588b-4b5e-b7f9-05aad67df687}."
"10-08-2026 09:35:52","3099","Information","Microsoft-Windows-CodeIntegrity","Refreshed and activated Code Integrity policy {a072029f-588b-4b5e-b7f9-05aad67df687} Microsoft Windows Virtualization Based Security Policy. id 10.0.29605.0. Status 0x0"
"10-08-2026 09:35:52","3116","Information","Microsoft-Windows-CodeIntegrity","Signature information for Code Integrity policy ID {784c4414-79f4-4c32-a6a5-f0fb42a51d0d}."
"10-08-2026 09:35:52","3099","Information","Microsoft-Windows-CodeIntegrity","Refreshed and activated Code Integrity policy {784c4414-79f4-4c32-a6a5-f0fb42a51d0d} Microsoft Windows Cross Certificates for Code Integrity Exceptions Audit Policy. id 10.29611.0.0. Status 0x0"
"10-08-2026 09:35:52","3116","Information","Microsoft-Windows-CodeIntegrity","Signature information for Code Integrity policy ID {60fd87f8-4593-44a0-91b0-2e0da022f248}."
"10-08-2026 09:35:52","3099","Information","Microsoft-Windows-CodeIntegrity","Refreshed and activated Code Integrity policy {60fd87f8-4593-44a0-91b0-2e0da022f248} Microsoft Windows Endpoint Security Policy. id 10.0.29526.0. Status 0x0"
"10-08-2026 09:35:52","3084","Information","Microsoft-Windows-CodeIntegrity","Code Integrity will enable WHQL driver enforcement for this boot session.  Settings 0x0. Exemption 1."
"03-08-2026 09:25:54","3116","Information","Microsoft-Windows-CodeIntegrity","Signature information for Code Integrity policy ID {d2bda982-ccf6-4344-ac5b-0b44427b6816}."
"03-08-2026 09:25:54","3099","Information","Microsoft-Windows-CodeIntegrity","Refreshed and activated Code Integrity policy {d2bda982-ccf6-4344-ac5b-0b44427b6816} Microsoft Windows Driver Policy. id 10.0.29520.0. Status 0x0"
"03-08-2026 09:25:54","3116","Information","Microsoft-Windows-CodeIntegrity","Signature information for Code Integrity policy ID {a072029f-588b-4b5e-b7f9-05aad67df687}."
"03-08-2026 09:25:54","3099","Information","Microsoft-Windows-CodeIntegrity","Refreshed and activated Code Integrity policy {a072029f-588b-4b5e-b7f9-05aad67df687} Microsoft Windows Virtualization Based Security Policy. id 10.0.29605.0. Status 0x0"
"03-08-2026 09:25:54","3116","Information","Microsoft-Windows-CodeIntegrity","Signature information for Code Integrity policy ID {784c4414-79f4-4c32-a6a5-f0fb42a51d0d}."
"03-08-2026 09:25:54","3099","Information","Microsoft-Windows-CodeIntegrity","Refreshed and activated Code Integrity policy {784c4414-79f4-4c32-a6a5-f0fb42a51d0d} Microsoft Windows Cross Certificates for Code Integrity Exceptions Audit Policy. id 10.29611.0.0. Status 0x0"
"03-08-2026 09:25:54","3116","Information","Microsoft-Windows-CodeIntegrity","Signature information for Code Integrity policy ID {60fd87f8-4593-44a0-91b0-2e0da022f248}."
"03-08-2026 09:25:54","3099","Information","Microsoft-Windows-CodeIntegrity","Refreshed and activated Code Integrity policy {60fd87f8-4593-44a0-91b0-2e0da022f248} Microsoft Windows Endpoint Security Policy. id 10.0.29526.0. Status 0x0"
"03-08-2026 09:25:54","3084","Information","Microsoft-Windows-CodeIntegrity","Code Integrity will enable WHQL driver enforcement for this boot session.  Settings 0x0. Exemption 1."
"31-07-2026 09:44:10","3116","Information","Microsoft-Windows-CodeIntegrity","Signature information for Code Integrity policy ID {d2bda982-ccf6-4344-ac5b-0b44427b6816}."
"31-07-2026 09:44:10","3099","Information","Microsoft-Windows-CodeIntegrity","Refreshed and activated Code Integrity policy {d2bda982-ccf6-4344-ac5b-0b44427b6816} Microsoft Windows Driver Policy. id 10.0.29520.0. Status 0x0"
"31-07-2026 09:44:10","3116","Information","Microsoft-Windows-CodeIntegrity","Signature information for Code Integrity policy ID {a072029f-588b-4b5e-b7f9-05aad67df687}."
"31-07-2026 09:44:10","3099","Information","Microsoft-Windows-CodeIntegrity","Refreshed and activated Code Integrity policy {a072029f-588b-4b5e-b7f9-05aad67df687} Microsoft Windows Virtualization Based Security Policy. id 10.0.29605.0. Status 0x0"
"31-07-2026 09:44:10","3116","Information","Microsoft-Windows-CodeIntegrity","Signature information for Code Integrity policy ID {784c4414-79f4-4c32-a6a5-f0fb42a51d0d}."
"31-07-2026 09:44:10","3099","Information","Microsoft-Windows-CodeIntegrity","Refreshed and activated Code Integrity policy {784c4414-79f4-4c32-a6a5-f0fb42a51d0d} Microsoft Windows Cross Certificates for Code Integrity Exceptions Audit Policy. id 10.29611.0.0. Status 0x0"
"31-07-2026 09:44:10","3116","Information","Microsoft-Windows-CodeIntegrity","Signature information for Code Integrity policy ID {60fd87f8-4593-44a0-91b0-2e0da022f248}."
"31-07-2026 09:44:10","3099","Information","Microsoft-Windows-CodeIntegrity","Refreshed and activated Code Integrity policy {60fd87f8-4593-44a0-91b0-2e0da022f248} Microsoft Windows Endpoint Security Policy. id 10.0.29526.0. Status 0x0"
"31-07-2026 09:44:10","3084","Information","Microsoft-Windows-CodeIntegrity","Code Integrity will enable WHQL driver enforcement for this boot session.  Settings 0x0. Exemption 1."
"28-07-2026 04:09:50","3010","Warning","Microsoft-Windows-CodeIntegrity","Code Integrity was unable to load the Microsoft-Office-ClickToRun-5A4E8FC4-7138-4AD3-9A52-12BA728B4170-stream.x64.x-none.dat.cat catalog. Status 0xC0000034."
"27-07-2026 11:49:07","3116","Information","Microsoft-Windows-CodeIntegrity","Signature information for Code Integrity policy ID {d2bda982-ccf6-4344-ac5b-0b44427b6816}."
"27-07-2026 11:49:07","3099","Information","Microsoft-Windows-CodeIntegrity","Refreshed and activated Code Integrity policy {d2bda982-ccf6-4344-ac5b-0b44427b6816} Microsoft Windows Driver Policy. id 10.0.29520.0. Status 0x0"
"27-07-2026 11:49:07","3116","Information","Microsoft-Windows-CodeIntegrity","Signature information for Code Integrity policy ID {a072029f-588b-4b5e-b7f9-05aad67df687}."
"27-07-2026 11:49:07","3099","Information","Microsoft-Windows-CodeIntegrity","Refreshed and activated Code Integrity policy {a072029f-588b-4b5e-b7f9-05aad67df687} Microsoft Windows Virtualization Based Security Policy. id 10.0.29605.0. Status 0x0"
"27-07-2026 11:49:07","3116","Information","Microsoft-Windows-CodeIntegrity","Signature information for Code Integrity policy ID {784c4414-79f4-4c32-a6a5-f0fb42a51d0d}."
"27-07-2026 11:49:07","3099","Information","Microsoft-Windows-CodeIntegrity","Refreshed and activated Code Integrity policy {784c4414-79f4-4c32-a6a5-f0fb42a51d0d} Microsoft Windows Cross Certificates for Code Integrity Exceptions Audit Policy. id 10.29611.0.0. Status 0x0"
"27-07-2026 11:49:07","3116","Information","Microsoft-Windows-CodeIntegrity","Signature information for Code Integrity policy ID {60fd87f8-4593-44a0-91b0-2e0da022f248}."
"27-07-2026 11:49:07","3099","Information","Microsoft-Windows-CodeIntegrity","Refreshed and activated Code Integrity policy {60fd87f8-4593-44a0-91b0-2e0da022f248} Microsoft Windows Endpoint Security Policy. id 10.0.29526.0. Status 0x0"
"27-07-2026 11:49:07","3084","Information","Microsoft-Windows-CodeIntegrity","Code Integrity will enable WHQL driver enforcement for this boot session.  Settings 0x0. Exemption 1."
"27-07-2026 09:36:58","3116","Information","Microsoft-Windows-CodeIntegrity","Signature information for Code Integrity policy ID {d2bda982-ccf6-4344-ac5b-0b44427b6816}."
"27-07-2026 09:36:58","3099","Information","Microsoft-Windows-CodeIntegrity","Refreshed and activated Code Integrity policy {d2bda982-ccf6-4344-ac5b-0b44427b6816} Microsoft Windows Driver Policy. id 10.0.29520.0. Status 0x0"
"27-07-2026 09:36:58","3116","Information","Microsoft-Windows-CodeIntegrity","Signature information for Code Integrity policy ID {a072029f-588b-4b5e-b7f9-05aad67df687}."
"27-07-2026 09:36:58","3099","Information","Microsoft-Windows-CodeIntegrity","Refreshed and activated Code Integrity policy {a072029f-588b-4b5e-b7f9-05aad67df687} Microsoft Windows Virtualization Based Security Policy. id 10.0.29605.0. Status 0x0"
"27-07-2026 09:36:58","3116","Information","Microsoft-Windows-CodeIntegrity","Signature information for Code Integrity policy ID {784c4414-79f4-4c32-a6a5-f0fb42a51d0d}."
"27-07-2026 09:36:58","3099","Information","Microsoft-Windows-CodeIntegrity","Refreshed and activated Code Integrity policy {784c4414-79f4-4c32-a6a5-f0fb42a51d0d} Microsoft Windows Cross Certificates for Code Integrity Exceptions Audit Policy. id 10.29611.0.0. Status 0x0"
"27-07-2026 09:36:58","3116","Information","Microsoft-Windows-CodeIntegrity","Signature information for Code Integrity policy ID {60fd87f8-4593-44a0-91b0-2e0da022f248}."
"27-07-2026 09:36:58","3099","Information","Microsoft-Windows-CodeIntegrity","Refreshed and activated Code Integrity policy {60fd87f8-4593-44a0-91b0-2e0da022f248} Microsoft Windows Endpoint Security Policy. id 10.0.29526.0. Status 0x0"
"27-07-2026 09:36:58","3084","Information","Microsoft-Windows-CodeIntegrity","Code Integrity will enable WHQL driver enforcement for this boot session.  Settings 0x0. Exemption 1."
"27-07-2026 09:35:11","3102","Information","Microsoft-Windows-CodeIntegrity","Code Integrity policy refresh finished for 4 policies."
"27-07-2026 09:35:11","3096","Information","Microsoft-Windows-CodeIntegrity","No change in active Code Integrity policy {d2bda982-ccf6-4344-ac5b-0b44427b6816} Microsoft Windows Driver Policy after refresh. id 10.0.29520.0. Status 0x0"
"27-07-2026 09:35:11","3096","Information","Microsoft-Windows-CodeIntegrity","No change in active Code Integrity policy {a072029f-588b-4b5e-b7f9-05aad67df687} Microsoft Windows Virtualization Based Security Policy after refresh. id 10.0.29605.0. Status 0x0"
"27-07-2026 09:35:11","3096","Information","Microsoft-Windows-CodeIntegrity","No change in active Code Integrity policy {784c4414-79f4-4c32-a6a5-f0fb42a51d0d} Microsoft Windows Cross Certificates for Code Integrity Exceptions Audit Policy after refresh. id 10.29611.0.0. Status 0x0"
"27-07-2026 09:35:11","3096","Information","Microsoft-Windows-CodeIntegrity","No change in active Code Integrity policy {60fd87f8-4593-44a0-91b0-2e0da022f248} Microsoft Windows Endpoint Security Policy after refresh. id 10.0.29526.0. Status 0x0"
"27-07-2026 09:35:11","3103","Information","Microsoft-Windows-CodeIntegrity","Ignoring refresh for Code Integrity policy ID {1939ed82-bfd5-4d32-b58e-d31d3c49715a}. Status 0x0."
"27-07-2026 09:35:11","3105","Information","Microsoft-Windows-CodeIntegrity","Trying to refresh Code Integrity policy with policy ID {1939ed82-bfd5-4d32-b58e-d31d3c49715a}."
"27-07-2026 09:35:11","3105","Information","Microsoft-Windows-CodeIntegrity","Trying to refresh Code Integrity policy with policy ID {1678656c-05ef-481f-bc5b-ebd8c991502d}."
"27-07-2026 09:35:11","3103","Information","Microsoft-Windows-CodeIntegrity","Ignoring refresh for Code Integrity policy ID {0939ed82-bfd5-4d32-b58e-d31d3c49715a}. Status 0x0."
"27-07-2026 09:35:11","3105","Information","Microsoft-Windows-CodeIntegrity","Trying to refresh Code Integrity policy with policy ID {0939ed82-bfd5-4d32-b58e-d31d3c49715a}."
"27-07-2026 09:35:11","3103","Information","Microsoft-Windows-CodeIntegrity","Ignoring refresh for Code Integrity policy ID {cdd5cb55-db68-4d71-aa38-3df2b6473a52}. Status 0xC0E90002."
"27-07-2026 09:35:11","3105","Information","Microsoft-Windows-CodeIntegrity","Trying to refresh Code Integrity policy with policy ID {cdd5cb55-db68-4d71-aa38-3df2b6473a52}."
"27-07-2026 09:35:11","3105","Information","Microsoft-Windows-CodeIntegrity","Trying to refresh Code Integrity policy with policy ID {5dac656c-21ad-4a02-ab49-649917162e70}."
"27-07-2026 09:35:11","3105","Information","Microsoft-Windows-CodeIntegrity","Trying to refresh Code Integrity policy with policy ID {2678656c-05ef-481f-bc5b-ebd8c991502d}."
"27-07-2026 09:35:11","3105","Information","Microsoft-Windows-CodeIntegrity","Trying to refresh Code Integrity policy with policy ID {a072029f-588b-4b5e-b7f9-05aad67df687}."
"27-07-2026 09:35:11","3103","Information","Microsoft-Windows-CodeIntegrity","Ignoring refresh for Code Integrity policy ID {5951a96a-e0b5-4d3d-8fb8-3e5b61030784}. Status 0x0."
"27-07-2026 09:35:11","3105","Information","Microsoft-Windows-CodeIntegrity","Trying to refresh Code Integrity policy with policy ID {5951a96a-e0b5-4d3d-8fb8-3e5b61030784}."
"27-07-2026 09:35:11","3105","Information","Microsoft-Windows-CodeIntegrity","Trying to refresh Code Integrity policy with policy ID {1283ac0f-fff1-49ae-ada1-8a933130cad6}."
"27-07-2026 09:35:11","3105","Information","Microsoft-Windows-CodeIntegrity","Trying to refresh Code Integrity policy with policy ID {5951a96a-e0b5-4d3d-8fb8-3e5b61030784}."
"27-07-2026 09:35:11","3105","Information","Microsoft-Windows-CodeIntegrity","Trying to refresh Code Integrity policy with policy ID {0283ac0f-fff1-49ae-ada1-8a933130cad6}."
"27-07-2026 09:35:11","3105","Information","Microsoft-Windows-CodeIntegrity","Trying to refresh Code Integrity policy with policy ID {784c4414-79f4-4c32-a6a5-f0fb42a51d0d}."
"27-07-2026 09:35:11","3105","Information","Microsoft-Windows-CodeIntegrity","Trying to refresh Code Integrity policy with policy ID {82443e1e-8a39-4b4a-96a8-f40ddc00b9f3}."
"27-07-2026 09:35:11","3105","Information","Microsoft-Windows-CodeIntegrity","Trying to refresh Code Integrity policy with policy ID {60fd87f8-4593-44a0-91b0-2e0da022f248}."
"27-07-2026 09:35:11","3101","Information","Microsoft-Windows-CodeIntegrity","Code Integrity policy refresh started for 4 policies."
"27-07-2026 09:34:10","3116","Information","Microsoft-Windows-CodeIntegrity","Signature information for Code Integrity policy ID {d2bda982-ccf6-4344-ac5b-0b44427b6816}."
"27-07-2026 09:34:10","3099","Information","Microsoft-Windows-CodeIntegrity","Refreshed and activated Code Integrity policy {d2bda982-ccf6-4344-ac5b-0b44427b6816} Microsoft Windows Driver Policy. id 10.0.29520.0. Status 0x0"
"27-07-2026 09:34:10","3116","Information","Microsoft-Windows-CodeIntegrity","Signature information for Code Integrity policy ID {a072029f-588b-4b5e-b7f9-05aad67df687}."
"27-07-2026 09:34:10","3099","Information","Microsoft-Windows-CodeIntegrity","Refreshed and activated Code Integrity policy {a072029f-588b-4b5e-b7f9-05aad67df687} Microsoft Windows Virtualization Based Security Policy. id 10.0.29605.0. Status 0x0"
"27-07-2026 09:34:10","3116","Information","Microsoft-Windows-CodeIntegrity","Signature information for Code Integrity policy ID {784c4414-79f4-4c32-a6a5-f0fb42a51d0d}."
"27-07-2026 09:34:10","3099","Information","Microsoft-Windows-CodeIntegrity","Refreshed and activated Code Integrity policy {784c4414-79f4-4c32-a6a5-f0fb42a51d0d} Microsoft Windows Cross Certificates for Code Integrity Exceptions Audit Policy. id 10.29611.0.0. Status 0x0"
"27-07-2026 09:34:10","3116","Information","Microsoft-Windows-CodeIntegrity","Signature information for Code Integrity policy ID {60fd87f8-4593-44a0-91b0-2e0da022f248}."
"27-07-2026 09:34:10","3099","Information","Microsoft-Windows-CodeIntegrity","Refreshed and activated Code Integrity policy {60fd87f8-4593-44a0-91b0-2e0da022f248} Microsoft Windows Endpoint Security Policy. id 10.0.29526.0. Status 0x0"
"27-07-2026 09:34:10","3084","Information","Microsoft-Windows-CodeIntegrity","Code Integrity will enable WHQL driver enforcement for this boot session.  Settings 0x0. Exemption 1."
"21-07-2026 08:44:07","3116","Information","Microsoft-Windows-CodeIntegrity","Signature information for Code Integrity policy ID {d2bda982-ccf6-4344-ac5b-0b44427b6816}."
"21-07-2026 08:44:07","3099","Information","Microsoft-Windows-CodeIntegrity","Refreshed and activated Code Integrity policy {d2bda982-ccf6-4344-ac5b-0b44427b6816} Microsoft Windows Driver Policy. id 10.0.29520.0. Status 0x0"
"21-07-2026 08:44:07","3116","Information","Microsoft-Windows-CodeIntegrity","Signature information for Code Integrity policy ID {a072029f-588b-4b5e-b7f9-05aad67df687}."
"21-07-2026 08:44:07","3099","Information","Microsoft-Windows-CodeIntegrity","Refreshed and activated Code Integrity policy {a072029f-588b-4b5e-b7f9-05aad67df687} Microsoft Windows Virtualization Based Security Policy. id 10.0.29540.0. Status 0x0"
"21-07-2026 08:44:07","3116","Information","Microsoft-Windows-CodeIntegrity","Signature information for Code Integrity policy ID {784c4414-79f4-4c32-a6a5-f0fb42a51d0d}."
"21-07-2026 08:44:07","3099","Information","Microsoft-Windows-CodeIntegrity","Refreshed and activated Code Integrity policy {784c4414-79f4-4c32-a6a5-f0fb42a51d0d} Microsoft Windows Cross Certificates for Code Integrity Exceptions Audit Policy. id 10.29600.0.0. Status 0x0"
"21-07-2026 08:44:07","3116","Information","Microsoft-Windows-CodeIntegrity","Signature information for Code Integrity policy ID {60fd87f8-4593-44a0-91b0-2e0da022f248}."
"21-07-2026 08:44:07","3099","Information","Microsoft-Windows-CodeIntegrity","Refreshed and activated Code Integrity policy {60fd87f8-4593-44a0-91b0-2e0da022f248} Microsoft Windows Endpoint Security Policy. id 10.0.29526.0. Status 0x0"
"21-07-2026 08:44:07","3084","Information","Microsoft-Windows-CodeIntegrity","Code Integrity will enable WHQL driver enforcement for this boot session.  Settings 0x0. Exemption 1."
"12-07-2026 18:31:47","3116","Information","Microsoft-Windows-CodeIntegrity","Signature information for Code Integrity policy ID {d2bda982-ccf6-4344-ac5b-0b44427b6816}."
"12-07-2026 18:31:47","3099","Information","Microsoft-Windows-CodeIntegrity","Refreshed and activated Code Integrity policy {d2bda982-ccf6-4344-ac5b-0b44427b6816} Microsoft Windows Driver Policy. id 10.0.29520.0. Status 0x0"
"12-07-2026 18:31:47","3116","Information","Microsoft-Windows-CodeIntegrity","Signature information for Code Integrity policy ID {a072029f-588b-4b5e-b7f9-05aad67df687}."
"12-07-2026 18:31:47","3099","Information","Microsoft-Windows-CodeIntegrity","Refreshed and activated Code Integrity policy {a072029f-588b-4b5e-b7f9-05aad67df687} Microsoft Windows Virtualization Based Security Policy. id 10.0.29540.0. Status 0x0"
"12-07-2026 18:31:47","3116","Information","Microsoft-Windows-CodeIntegrity","Signature information for Code Integrity policy ID {784c4414-79f4-4c32-a6a5-f0fb42a51d0d}."
"12-07-2026 18:31:47","3099","Information","Microsoft-Windows-CodeIntegrity","Refreshed and activated Code Integrity policy {784c4414-79f4-4c32-a6a5-f0fb42a51d0d} Microsoft Windows Cross Certificates for Code Integrity Exceptions Audit Policy. id 10.29600.0.0. Status 0x0"
"12-07-2026 18:31:47","3116","Information","Microsoft-Windows-CodeIntegrity","Signature information for Code Integrity policy ID {60fd87f8-4593-44a0-91b0-2e0da022f248}."
"12-07-2026 18:31:47","3099","Information","Microsoft-Windows-CodeIntegrity","Refreshed and activated Code Integrity policy {60fd87f8-4593-44a0-91b0-2e0da022f248} Microsoft Windows Endpoint Security Policy. id 10.0.29526.0. Status 0x0"
"12-07-2026 18:31:47","3084","Information","Microsoft-Windows-CodeIntegrity","Code Integrity will enable WHQL driver enforcement for this boot session.  Settings 0x0. Exemption 1."
"07-07-2026 09:28:10","3116","Information","Microsoft-Windows-CodeIntegrity","Signature information for Code Integrity policy ID {d2bda982-ccf6-4344-ac5b-0b44427b6816}."
"07-07-2026 09:28:10","3099","Information","Microsoft-Windows-CodeIntegrity","Refreshed and activated Code Integrity policy {d2bda982-ccf6-4344-ac5b-0b44427b6816} Microsoft Windows Driver Policy. id 10.0.29520.0. Status 0x0"
"07-07-2026 09:28:10","3116","Information","Microsoft-Windows-CodeIntegrity","Signature information for Code Integrity policy ID {a072029f-588b-4b5e-b7f9-05aad67df687}."
"07-07-2026 09:28:10","3099","Information","Microsoft-Windows-CodeIntegrity","Refreshed and activated Code Integrity policy {a072029f-588b-4b5e-b7f9-05aad67df687} Microsoft Windows Virtualization Based Security Policy. id 10.0.29540.0. Status 0x0"
"07-07-2026 09:28:10","3116","Information","Microsoft-Windows-CodeIntegrity","Signature information for Code Integrity policy ID {784c4414-79f4-4c32-a6a5-f0fb42a51d0d}."
"07-07-2026 09:28:10","3099","Information","Microsoft-Windows-CodeIntegrity","Refreshed and activated Code Integrity policy {784c4414-79f4-4c32-a6a5-f0fb42a51d0d} Microsoft Windows Cross Certificates for Code Integrity Exceptions Audit Policy. id 10.29600.0.0. Status 0x0"
"07-07-2026 09:28:10","3116","Information","Microsoft-Windows-CodeIntegrity","Signature information for Code Integrity policy ID {60fd87f8-4593-44a0-91b0-2e0da022f248}."
"07-07-2026 09:28:10","3099","Information","Microsoft-Windows-CodeIntegrity","Refreshed and activated Code Integrity policy {60fd87f8-4593-44a0-91b0-2e0da022f248} Microsoft Windows Endpoint Security Policy. id 10.0.29526.0. Status 0x0"
"07-07-2026 09:28:10","3084","Information","Microsoft-Windows-CodeIntegrity","Code Integrity will enable WHQL driver enforcement for this boot session.  Settings 0x0. Exemption 1."
"04-07-2026 14:12:31","3116","Information","Microsoft-Windows-CodeIntegrity","Signature information for Code Integrity policy ID {d2bda982-ccf6-4344-ac5b-0b44427b6816}."
"04-07-2026 14:12:31","3099","Information","Microsoft-Windows-CodeIntegrity","Refreshed and activated Code Integrity policy {d2bda982-ccf6-4344-ac5b-0b44427b6816} Microsoft Windows Driver Policy. id 10.0.29520.0. Status 0x0"
"04-07-2026 14:12:31","3116","Information","Microsoft-Windows-CodeIntegrity","Signature information for Code Integrity policy ID {a072029f-588b-4b5e-b7f9-05aad67df687}."
"04-07-2026 14:12:31","3099","Information","Microsoft-Windows-CodeIntegrity","Refreshed and activated Code Integrity policy {a072029f-588b-4b5e-b7f9-05aad67df687} Microsoft Windows Virtualization Based Security Policy. id 10.0.29540.0. Status 0x0"
"04-07-2026 14:12:31","3116","Information","Microsoft-Windows-CodeIntegrity","Signature information for Code Integrity policy ID {784c4414-79f4-4c32-a6a5-f0fb42a51d0d}."
"04-07-2026 14:12:31","3099","Information","Microsoft-Windows-CodeIntegrity","Refreshed and activated Code Integrity policy {784c4414-79f4-4c32-a6a5-f0fb42a51d0d} Microsoft Windows Cross Certificates for Code Integrity Exceptions Audit Policy. id 10.29600.0.0. Status 0x0"
"04-07-2026 14:12:31","3116","Information","Microsoft-Windows-CodeIntegrity","Signature information for Code Integrity policy ID {60fd87f8-4593-44a0-91b0-2e0da022f248}."
"04-07-2026 14:12:31","3099","Information","Microsoft-Windows-CodeIntegrity","Refreshed and activated Code Integrity policy {60fd87f8-4593-44a0-91b0-2e0da022f248} Microsoft Windows Endpoint Security Policy. id 10.0.29526.0. Status 0x0"
"04-07-2026 14:12:31","3084","Information","Microsoft-Windows-CodeIntegrity","Code Integrity will enable WHQL driver enforcement for this boot session.  Settings 0x0. Exemption 1."
"03-07-2026 11:20:11","3116","Information","Microsoft-Windows-CodeIntegrity","Signature information for Code Integrity policy ID {d2bda982-ccf6-4344-ac5b-0b44427b6816}."
"03-07-2026 11:20:11","3099","Information","Microsoft-Windows-CodeIntegrity","Refreshed and activated Code Integrity policy {d2bda982-ccf6-4344-ac5b-0b44427b6816} Microsoft Windows Driver Policy. id 10.0.29520.0. Status 0x0"
"03-07-2026 11:20:11","3116","Information","Microsoft-Windows-CodeIntegrity","Signature information for Code Integrity policy ID {a072029f-588b-4b5e-b7f9-05aad67df687}."
"03-07-2026 11:20:11","3099","Information","Microsoft-Windows-CodeIntegrity","Refreshed and activated Code Integrity policy {a072029f-588b-4b5e-b7f9-05aad67df687} Microsoft Windows Virtualization Based Security Policy. id 10.0.29540.0. Status 0x0"
"03-07-2026 11:20:11","3116","Information","Microsoft-Windows-CodeIntegrity","Signature information for Code Integrity policy ID {784c4414-79f4-4c32-a6a5-f0fb42a51d0d}."
"03-07-2026 11:20:11","3099","Information","Microsoft-Windows-CodeIntegrity","Refreshed and activated Code Integrity policy {784c4414-79f4-4c32-a6a5-f0fb42a51d0d} Microsoft Windows Cross Certificates for Code Integrity Exceptions Audit Policy. id 10.29600.0.0. Status 0x0"
"03-07-2026 11:20:11","3116","Information","Microsoft-Windows-CodeIntegrity","Signature information for Code Integrity policy ID {60fd87f8-4593-44a0-91b0-2e0da022f248}."
"03-07-2026 11:20:11","3099","Information","Microsoft-Windows-CodeIntegrity","Refreshed and activated Code Integrity policy {60fd87f8-4593-44a0-91b0-2e0da022f248} Microsoft Windows Endpoint Security Policy. id 10.0.29526.0. Status 0x0"
"03-07-2026 11:20:11","3084","Information","Microsoft-Windows-CodeIntegrity","Code Integrity will enable WHQL driver enforcement for this boot session.  Settings 0x0. Exemption 1."
"01-07-2026 10:08:07","3116","Information","Microsoft-Windows-CodeIntegrity","Signature information for Code Integrity policy ID {d2bda982-ccf6-4344-ac5b-0b44427b6816}."
"01-07-2026 10:08:07","3099","Information","Microsoft-Windows-CodeIntegrity","Refreshed and activated Code Integrity policy {d2bda982-ccf6-4344-ac5b-0b44427b6816} Microsoft Windows Driver Policy. id 10.0.29520.0. Status 0x0"
"01-07-2026 10:08:07","3116","Information","Microsoft-Windows-CodeIntegrity","Signature information for Code Integrity policy ID {a072029f-588b-4b5e-b7f9-05aad67df687}."
"01-07-2026 10:08:07","3099","Information","Microsoft-Windows-CodeIntegrity","Refreshed and activated Code Integrity policy {a072029f-588b-4b5e-b7f9-05aad67df687} Microsoft Windows Virtualization Based Security Policy. id 10.0.29540.0. Status 0x0"
"01-07-2026 10:08:07","3116","Information","Microsoft-Windows-CodeIntegrity","Signature information for Code Integrity policy ID {784c4414-79f4-4c32-a6a5-f0fb42a51d0d}."
"01-07-2026 10:08:07","3099","Information","Microsoft-Windows-CodeIntegrity","Refreshed and activated Code Integrity policy {784c4414-79f4-4c32-a6a5-f0fb42a51d0d} Microsoft Windows Cross Certificates for Code Integrity Exceptions Audit Policy. id 10.29600.0.0. Status 0x0"
"01-07-2026 10:08:07","3116","Information","Microsoft-Windows-CodeIntegrity","Signature information for Code Integrity policy ID {60fd87f8-4593-44a0-91b0-2e0da022f248}."
"01-07-2026 10:08:07","3099","Information","Microsoft-Windows-CodeIntegrity","Refreshed and activated Code Integrity policy {60fd87f8-4593-44a0-91b0-2e0da022f248} Microsoft Windows Endpoint Security Policy. id 10.0.29526.0. Status 0x0"
"01-07-2026 10:08:07","3084","Information","Microsoft-Windows-CodeIntegrity","Code Integrity will enable WHQL driver enforcement for this boot session.  Settings 0x0. Exemption 1."
"29-06-2026 10:24:07","3116","Information","Microsoft-Windows-CodeIntegrity","Signature information for Code Integrity policy ID {d2bda982-ccf6-4344-ac5b-0b44427b6816}."
"29-06-2026 10:24:07","3099","Information","Microsoft-Windows-CodeIntegrity","Refreshed and activated Code Integrity policy {d2bda982-ccf6-4344-ac5b-0b44427b6816} Microsoft Windows Driver Policy. id 10.0.29520.0. Status 0x0"
"29-06-2026 10:24:07","3116","Information","Microsoft-Windows-CodeIntegrity","Signature information for Code Integrity policy ID {a072029f-588b-4b5e-b7f9-05aad67df687}."
"29-06-2026 10:24:07","3099","Information","Microsoft-Windows-CodeIntegrity","Refreshed and activated Code Integrity policy {a072029f-588b-4b5e-b7f9-05aad67df687} Microsoft Windows Virtualization Based Security Policy. id 10.0.29540.0. Status 0x0"
"29-06-2026 10:24:07","3116","Information","Microsoft-Windows-CodeIntegrity","Signature information for Code Integrity policy ID {784c4414-79f4-4c32-a6a5-f0fb42a51d0d}."
"29-06-2026 10:24:07","3099","Information","Microsoft-Windows-CodeIntegrity","Refreshed and activated Code Integrity policy {784c4414-79f4-4c32-a6a5-f0fb42a51d0d} Microsoft Windows Cross Certificates for Code Integrity Exceptions Audit Policy. id 10.29600.0.0. Status 0x0"
"29-06-2026 10:24:07","3116","Information","Microsoft-Windows-CodeIntegrity","Signature information for Code Integrity policy ID {60fd87f8-4593-44a0-91b0-2e0da022f248}."
"29-06-2026 10:24:07","3099","Information","Microsoft-Windows-CodeIntegrity","Refreshed and activated Code Integrity policy {60fd87f8-4593-44a0-91b0-2e0da022f248} Microsoft Windows Endpoint Security Policy. id 10.0.29526.0. Status 0x0"
"29-06-2026 10:24:07","3084","Information","Microsoft-Windows-CodeIntegrity","Code Integrity will enable WHQL driver enforcement for this boot session.  Settings 0x0. Exemption 1."
"29-06-2026 09:02:18","3116","Information","Microsoft-Windows-CodeIntegrity","Signature information for Code Integrity policy ID {d2bda982-ccf6-4344-ac5b-0b44427b6816}."
"29-06-2026 09:02:18","3099","Information","Microsoft-Windows-CodeIntegrity","Refreshed and activated Code Integrity policy {d2bda982-ccf6-4344-ac5b-0b44427b6816} Microsoft Windows Driver Policy. id 10.0.29520.0. Status 0x0"
"29-06-2026 09:02:18","3116","Information","Microsoft-Windows-CodeIntegrity","Signature information for Code Integrity policy ID {a072029f-588b-4b5e-b7f9-05aad67df687}."
"29-06-2026 09:02:18","3099","Information","Microsoft-Windows-CodeIntegrity","Refreshed and activated Code Integrity policy {a072029f-588b-4b5e-b7f9-05aad67df687} Microsoft Windows Virtualization Based Security Policy. id 10.0.29540.0. Status 0x0"
"29-06-2026 09:02:18","3116","Information","Microsoft-Windows-CodeIntegrity","Signature information for Code Integrity policy ID {784c4414-79f4-4c32-a6a5-f0fb42a51d0d}."
"29-06-2026 09:02:18","3099","Information","Microsoft-Windows-CodeIntegrity","Refreshed and activated Code Integrity policy {784c4414-79f4-4c32-a6a5-f0fb42a51d0d} Microsoft Windows Cross Certificates for Code Integrity Exceptions Audit Policy. id 10.29600.0.0. Status 0x0"
"29-06-2026 09:02:18","3116","Information","Microsoft-Windows-CodeIntegrity","Signature information for Code Integrity policy ID {60fd87f8-4593-44a0-91b0-2e0da022f248}."
"29-06-2026 09:02:18","3099","Information","Microsoft-Windows-CodeIntegrity","Refreshed and activated Code Integrity policy {60fd87f8-4593-44a0-91b0-2e0da022f248} Microsoft Windows Endpoint Security Policy. id 10.0.29526.0. Status 0x0"
"29-06-2026 09:02:18","3084","Information","Microsoft-Windows-CodeIntegrity","Code Integrity will enable WHQL driver enforcement for this boot session.  Settings 0x0. Exemption 1."
"25-06-2026 09:35:50","3116","Information","Microsoft-Windows-CodeIntegrity","Signature information for Code Integrity policy ID {d2bda982-ccf6-4344-ac5b-0b44427b6816}."
"25-06-2026 09:35:50","3099","Information","Microsoft-Windows-CodeIntegrity","Refreshed and activated Code Integrity policy {d2bda982-ccf6-4344-ac5b-0b44427b6816} Microsoft Windows Driver Policy. id 10.0.29520.0. Status 0x0"
"25-06-2026 09:35:50","3116","Information","Microsoft-Windows-CodeIntegrity","Signature information for Code Integrity policy ID {a072029f-588b-4b5e-b7f9-05aad67df687}."
"25-06-2026 09:35:50","3099","Information","Microsoft-Windows-CodeIntegrity","Refreshed and activated Code Integrity policy {a072029f-588b-4b5e-b7f9-05aad67df687} Microsoft Windows Virtualization Based Security Policy. id 10.0.29540.0. Status 0x0"
"25-06-2026 09:35:50","3116","Information","Microsoft-Windows-CodeIntegrity","Signature information for Code Integrity policy ID {784c4414-79f4-4c32-a6a5-f0fb42a51d0d}."
"25-06-2026 09:35:50","3099","Information","Microsoft-Windows-CodeIntegrity","Refreshed and activated Code Integrity policy {784c4414-79f4-4c32-a6a5-f0fb42a51d0d} Microsoft Windows Cross Certificates for Code Integrity Exceptions Audit Policy. id 10.29600.0.0. Status 0x0"
"25-06-2026 09:35:50","3116","Information","Microsoft-Windows-CodeIntegrity","Signature information for Code Integrity policy ID {60fd87f8-4593-44a0-91b0-2e0da022f248}."
"25-06-2026 09:35:50","3099","Information","Microsoft-Windows-CodeIntegrity","Refreshed and activated Code Integrity policy {60fd87f8-4593-44a0-91b0-2e0da022f248} Microsoft Windows Endpoint Security Policy. id 10.0.29526.0. Status 0x0"
"25-06-2026 09:35:50","3084","Information","Microsoft-Windows-CodeIntegrity","Code Integrity will enable WHQL driver enforcement for this boot session.  Settings 0x0. Exemption 1."
"18-06-2026 09:05:25","3116","Information","Microsoft-Windows-CodeIntegrity","Signature information for Code Integrity policy ID {d2bda982-ccf6-4344-ac5b-0b44427b6816}."
"18-06-2026 09:05:25","3099","Information","Microsoft-Windows-CodeIntegrity","Refreshed and activated Code Integrity policy {d2bda982-ccf6-4344-ac5b-0b44427b6816} Microsoft Windows Driver Policy. id 10.0.29520.0. Status 0x0"
"18-06-2026 09:05:25","3116","Information","Microsoft-Windows-CodeIntegrity","Signature information for Code Integrity policy ID {a072029f-588b-4b5e-b7f9-05aad67df687}."
"18-06-2026 09:05:25","3099","Information","Microsoft-Windows-CodeIntegrity","Refreshed and activated Code Integrity policy {a072029f-588b-4b5e-b7f9-05aad67df687} Microsoft Windows Virtualization Based Security Policy. id 10.0.29540.0. Status 0x0"
"18-06-2026 09:05:25","3116","Information","Microsoft-Windows-CodeIntegrity","Signature information for Code Integrity policy ID {784c4414-79f4-4c32-a6a5-f0fb42a51d0d}."
"18-06-2026 09:05:25","3099","Information","Microsoft-Windows-CodeIntegrity","Refreshed and activated Code Integrity policy {784c4414-79f4-4c32-a6a5-f0fb42a51d0d} Microsoft Windows Cross Certificates for Code Integrity Exceptions Audit Policy. id 10.29600.0.0. Status 0x0"
"18-06-2026 09:05:25","3116","Information","Microsoft-Windows-CodeIntegrity","Signature information for Code Integrity policy ID {60fd87f8-4593-44a0-91b0-2e0da022f248}."
"18-06-2026 09:05:25","3099","Information","Microsoft-Windows-CodeIntegrity","Refreshed and activated Code Integrity policy {60fd87f8-4593-44a0-91b0-2e0da022f248} Microsoft Windows Endpoint Security Policy. id 10.0.29526.0. Status 0x0"
"18-06-2026 09:05:25","3084","Information","Microsoft-Windows-CodeIntegrity","Code Integrity will enable WHQL driver enforcement for this boot session.  Settings 0x0. Exemption 1."
"17-06-2026 19:18:00","3116","Information","Microsoft-Windows-CodeIntegrity","Signature information for Code Integrity policy ID {d2bda982-ccf6-4344-ac5b-0b44427b6816}."
"17-06-2026 19:18:00","3099","Information","Microsoft-Windows-CodeIntegrity","Refreshed and activated Code Integrity policy {d2bda982-ccf6-4344-ac5b-0b44427b6816} Microsoft Windows Driver Policy. id 10.0.29520.0. Status 0x0"
"17-06-2026 19:18:00","3116","Information","Microsoft-Windows-CodeIntegrity","Signature information for Code Integrity policy ID {a072029f-588b-4b5e-b7f9-05aad67df687}."
"17-06-2026 19:18:00","3099","Information","Microsoft-Windows-CodeIntegrity","Refreshed and activated Code Integrity policy {a072029f-588b-4b5e-b7f9-05aad67df687} Microsoft Windows Virtualization Based Security Policy. id 10.0.29540.0. Status 0x0"
"17-06-2026 19:18:00","3116","Information","Microsoft-Windows-CodeIntegrity","Signature information for Code Integrity policy ID {784c4414-79f4-4c32-a6a5-f0fb42a51d0d}."
"17-06-2026 19:18:00","3099","Information","Microsoft-Windows-CodeIntegrity","Refreshed and activated Code Integrity policy {784c4414-79f4-4c32-a6a5-f0fb42a51d0d} Microsoft Windows Cross Certificates for Code Integrity Exceptions Audit Policy. id 10.29600.0.0. Status 0x0"
"17-06-2026 19:18:00","3116","Information","Microsoft-Windows-CodeIntegrity","Signature information for Code Integrity policy ID {60fd87f8-4593-44a0-91b0-2e0da022f248}."
"17-06-2026 19:18:00","3099","Information","Microsoft-Windows-CodeIntegrity","Refreshed and activated Code Integrity policy {60fd87f8-4593-44a0-91b0-2e0da022f248} Microsoft Windows Endpoint Security Policy. id 10.0.29526.0. Status 0x0"
"17-06-2026 19:18:00","3084","Information","Microsoft-Windows-CodeIntegrity","Code Integrity will enable WHQL driver enforcement for this boot session.  Settings 0x0. Exemption 1."
"17-06-2026 19:16:32","3116","Information","Microsoft-Windows-CodeIntegrity","Signature information for Code Integrity policy ID {d2bda982-ccf6-4344-ac5b-0b44427b6816}."
"17-06-2026 19:16:32","3099","Information","Microsoft-Windows-CodeIntegrity","Refreshed and activated Code Integrity policy {d2bda982-ccf6-4344-ac5b-0b44427b6816} Microsoft Windows Driver Policy. id 10.0.29520.0. Status 0x0"
"17-06-2026 19:16:32","3116","Information","Microsoft-Windows-CodeIntegrity","Signature information for Code Integrity policy ID {a072029f-588b-4b5e-b7f9-05aad67df687}."
"17-06-2026 19:16:32","3099","Information","Microsoft-Windows-CodeIntegrity","Refreshed and activated Code Integrity policy {a072029f-588b-4b5e-b7f9-05aad67df687} Microsoft Windows Virtualization Based Security Policy. id 10.0.29540.0. Status 0x0"
"17-06-2026 19:16:32","3116","Information","Microsoft-Windows-CodeIntegrity","Signature information for Code Integrity policy ID {784c4414-79f4-4c32-a6a5-f0fb42a51d0d}."
"17-06-2026 19:16:32","3099","Information","Microsoft-Windows-CodeIntegrity","Refreshed and activated Code Integrity policy {784c4414-79f4-4c32-a6a5-f0fb42a51d0d} Microsoft Windows Cross Certificates for Code Integrity Exceptions Audit Policy. id 10.29600.0.0. Status 0x0"
"17-06-2026 19:16:32","3116","Information","Microsoft-Windows-CodeIntegrity","Signature information for Code Integrity policy ID {60fd87f8-4593-44a0-91b0-2e0da022f248}."
"17-06-2026 19:16:32","3099","Information","Microsoft-Windows-CodeIntegrity","Refreshed and activated Code Integrity policy {60fd87f8-4593-44a0-91b0-2e0da022f248} Microsoft Windows Endpoint Security Policy. id 10.0.29526.0. Status 0x0"
"17-06-2026 19:16:32","3084","Information","Microsoft-Windows-CodeIntegrity","Code Integrity will enable WHQL driver enforcement for this boot session.  Settings 0x0. Exemption 1."
"17-06-2026 19:13:24","3116","Information","Microsoft-Windows-CodeIntegrity","Signature information for Code Integrity policy ID {d2bda982-ccf6-4344-ac5b-0b44427b6816}."
"17-06-2026 19:13:24","3099","Information","Microsoft-Windows-CodeIntegrity","Refreshed and activated Code Integrity policy {d2bda982-ccf6-4344-ac5b-0b44427b6816} Microsoft Windows Driver Policy. id 10.0.29520.0. Status 0x0"
"17-06-2026 19:13:24","3116","Information","Microsoft-Windows-CodeIntegrity","Signature information for Code Integrity policy ID {a072029f-588b-4b5e-b7f9-05aad67df687}."
"17-06-2026 19:13:24","3099","Information","Microsoft-Windows-CodeIntegrity","Refreshed and activated Code Integrity policy {a072029f-588b-4b5e-b7f9-05aad67df687} Microsoft Windows Virtualization Based Security Policy. id 10.0.29540.0. Status 0x0"
"17-06-2026 19:13:24","3116","Information","Microsoft-Windows-CodeIntegrity","Signature information for Code Integrity policy ID {784c4414-79f4-4c32-a6a5-f0fb42a51d0d}."
"17-06-2026 19:13:24","3099","Information","Microsoft-Windows-CodeIntegrity","Refreshed and activated Code Integrity policy {784c4414-79f4-4c32-a6a5-f0fb42a51d0d} Microsoft Windows Cross Certificates for Code Integrity Exceptions Audit Policy. id 10.29600.0.0. Status 0x0"
"17-06-2026 19:13:24","3116","Information","Microsoft-Windows-CodeIntegrity","Signature information for Code Integrity policy ID {60fd87f8-4593-44a0-91b0-2e0da022f248}."
"17-06-2026 19:13:24","3099","Information","Microsoft-Windows-CodeIntegrity","Refreshed and activated Code Integrity policy {60fd87f8-4593-44a0-91b0-2e0da022f248} Microsoft Windows Endpoint Security Policy. id 10.0.29526.0. Status 0x0"
"17-06-2026 19:13:24","3084","Information","Microsoft-Windows-CodeIntegrity","Code Integrity will enable WHQL driver enforcement for this boot session.  Settings 0x0. Exemption 1."
"16-06-2026 09:59:12","3116","Information","Microsoft-Windows-CodeIntegrity","Signature information for Code Integrity policy ID {d2bda982-ccf6-4344-ac5b-0b44427b6816}."
