"09-06-2026 16:35:18","4000","Information","Microsoft-Windows-SMBServer","The SMB client connection to the share was established.

Share name: C$
Client name: \\[::1]
Client address: [::1]:51611
Session ID: 0x300000000009
Tree ID: 0x5
Transport type: Wsk
Signing used: true
Encryption used: false
Compression activated: false"
"09-06-2026 16:35:18","4000","Information","Microsoft-Windows-SMBServer","The SMB client connection to the share was established.

Share name: IPC$
Client name: \\[::1]
Client address: [::1]:51611
Session ID: 0x300000000009
Tree ID: 0x1
Transport type: Wsk
Signing used: true
Encryption used: false
Compression activated: false"
"09-06-2026 14:17:05","4000","Information","Microsoft-Windows-SMBServer","The SMB client connection to the share was established.

Share name: C$
Client name: \\[::1]
Client address: [::1]:56858
Session ID: 0x300000000005
Tree ID: 0x5
Transport type: Wsk
Signing used: true
Encryption used: false
Compression activated: false"
"09-06-2026 14:17:05","4000","Information","Microsoft-Windows-SMBServer","The SMB client connection to the share was established.

Share name: IPC$
Client name: \\[::1]
Client address: [::1]:56858
Session ID: 0x300000000005
Tree ID: 0x1
Transport type: Wsk
Signing used: true
Encryption used: false
Compression activated: false"
"08-06-2026 14:44:35","4000","Information","Microsoft-Windows-SMBServer","The SMB client connection to the share was established.

Share name: C$
Client name: \\[::1]
Client address: [::1]:49677
Session ID: 0x2C0000000001
Tree ID: 0x5
Transport type: Wsk
Signing used: true
Encryption used: false
Compression activated: false"
"08-06-2026 14:44:35","4000","Information","Microsoft-Windows-SMBServer","The SMB client connection to the share was established.

Share name: IPC$
Client name: \\[::1]
Client address: [::1]:49677
Session ID: 0x2C0000000001
Tree ID: 0x1
Transport type: Wsk
Signing used: true
Encryption used: false
Compression activated: false"
"05-06-2026 17:04:28","4000","Information","Microsoft-Windows-SMBServer","The SMB client connection to the share was established.

Share name: C$
Client name: \\[::1]
Client address: [::1]:50731
Session ID: 0x280000000041
Tree ID: 0x5
Transport type: Wsk
Signing used: true
Encryption used: false
Compression activated: false"
"05-06-2026 17:04:28","4000","Information","Microsoft-Windows-SMBServer","The SMB client connection to the share was established.

Share name: IPC$
Client name: \\[::1]
Client address: [::1]:50731
Session ID: 0x280000000041
Tree ID: 0x1
Transport type: Wsk
Signing used: true
Encryption used: false
Compression activated: false"
"05-06-2026 15:20:51","4000","Information","Microsoft-Windows-SMBServer","The SMB client connection to the share was established.

Share name: C$
Client name: \\[::1]
Client address: [::1]:56791
Session ID: 0x28000000003D
Tree ID: 0x1
Transport type: Wsk
Signing used: true
Encryption used: false
Compression activated: false"
"05-06-2026 15:20:36","4000","Information","Microsoft-Windows-SMBServer","The SMB client connection to the share was established.

Share name: C$
Client name: \\[::1]
Client address: [::1]:50100
Session ID: 0x280000000039
Tree ID: 0x5
Transport type: Wsk
Signing used: true
Encryption used: false
Compression activated: false"
"05-06-2026 15:20:36","4000","Information","Microsoft-Windows-SMBServer","The SMB client connection to the share was established.

Share name: IPC$
Client name: \\[::1]
Client address: [::1]:50100
Session ID: 0x280000000039
Tree ID: 0x1
Transport type: Wsk
Signing used: true
Encryption used: false
Compression activated: false"
"05-06-2026 14:12:43","4000","Information","Microsoft-Windows-SMBServer","The SMB client connection to the share was established.

Share name: C$
Client name: \\[::1]
Client address: [::1]:54824
Session ID: 0x280000000035
Tree ID: 0x5
Transport type: Wsk
Signing used: true
Encryption used: false
Compression activated: false"
"05-06-2026 14:12:43","4000","Information","Microsoft-Windows-SMBServer","The SMB client connection to the share was established.

Share name: IPC$
Client name: \\[::1]
Client address: [::1]:54824
Session ID: 0x280000000035
Tree ID: 0x1
Transport type: Wsk
Signing used: true
Encryption used: false
Compression activated: false"
"05-06-2026 14:05:58","4000","Information","Microsoft-Windows-SMBServer","The SMB client connection to the share was established.

Share name: C$
Client name: \\[::1]
Client address: [::1]:59926
Session ID: 0x280000000031
Tree ID: 0x1
Transport type: Wsk
Signing used: true
Encryption used: false
Compression activated: false"
"05-06-2026 13:56:39","4000","Information","Microsoft-Windows-SMBServer","The SMB client connection to the share was established.

Share name: C$
Client name: \\[::1]
Client address: [::1]:53564
Session ID: 0x28000000002D
Tree ID: 0x5
Transport type: Wsk
Signing used: true
Encryption used: false
Compression activated: false"
"05-06-2026 13:56:39","4000","Information","Microsoft-Windows-SMBServer","The SMB client connection to the share was established.

Share name: IPC$
Client name: \\[::1]
Client address: [::1]:53564
Session ID: 0x28000000002D
Tree ID: 0x1
Transport type: Wsk
Signing used: true
Encryption used: false
Compression activated: false"
"05-06-2026 13:12:51","4000","Information","Microsoft-Windows-SMBServer","The SMB client connection to the share was established.

Share name: C$
Client name: \\[::1]
Client address: [::1]:50025
Session ID: 0x280000000029
Tree ID: 0x1
Transport type: Wsk
Signing used: true
Encryption used: false
Compression activated: false"
"05-06-2026 13:11:56","4000","Information","Microsoft-Windows-SMBServer","The SMB client connection to the share was established.

Share name: C$
Client name: \\[::1]
Client address: [::1]:54903
Session ID: 0x280000000025
Tree ID: 0x1
Transport type: Wsk
Signing used: true
Encryption used: false
Compression activated: false"
"05-06-2026 13:08:50","4000","Information","Microsoft-Windows-SMBServer","The SMB client connection to the share was established.

Share name: C$
Client name: \\[::1]
Client address: [::1]:55268
Session ID: 0x280000000021
Tree ID: 0x1
Transport type: Wsk
Signing used: true
Encryption used: false
Compression activated: false"
"05-06-2026 13:06:19","4000","Information","Microsoft-Windows-SMBServer","The SMB client connection to the share was established.

Share name: C$
Client name: \\[::1]
Client address: [::1]:63702
Session ID: 0x28000000001D
Tree ID: 0x5
Transport type: Wsk
Signing used: true
Encryption used: false
Compression activated: false"
"05-06-2026 13:06:19","4000","Information","Microsoft-Windows-SMBServer","The SMB client connection to the share was established.

Share name: IPC$
Client name: \\[::1]
Client address: [::1]:63702
Session ID: 0x28000000001D
Tree ID: 0x1
Transport type: Wsk
Signing used: true
Encryption used: false
Compression activated: false"
"04-06-2026 19:39:35","4000","Information","Microsoft-Windows-SMBServer","The SMB client connection to the share was established.

Share name: C$
Client name: \\[::1]
Client address: [::1]:49215
Session ID: 0x280000000019
Tree ID: 0x5
Transport type: Wsk
Signing used: true
Encryption used: false
Compression activated: false"
"04-06-2026 19:39:35","4000","Information","Microsoft-Windows-SMBServer","The SMB client connection to the share was established.

Share name: IPC$
Client name: \\[::1]
Client address: [::1]:49215
Session ID: 0x280000000019
Tree ID: 0x1
Transport type: Wsk
Signing used: true
Encryption used: false
Compression activated: false"
"04-06-2026 17:18:08","4000","Information","Microsoft-Windows-SMBServer","The SMB client connection to the share was established.

Share name: C$
Client name: \\[::1]
Client address: [::1]:56341
Session ID: 0x280000000015
Tree ID: 0x5
Transport type: Wsk
Signing used: true
Encryption used: false
Compression activated: false"
"04-06-2026 17:18:08","4000","Information","Microsoft-Windows-SMBServer","The SMB client connection to the share was established.

Share name: IPC$
Client name: \\[::1]
Client address: [::1]:56341
Session ID: 0x280000000015
Tree ID: 0x1
Transport type: Wsk
Signing used: true
Encryption used: false
Compression activated: false"
"04-06-2026 11:39:39","4000","Information","Microsoft-Windows-SMBServer","The SMB client connection to the share was established.

Share name: C$
Client name: \\[::1]
Client address: [::1]:50134
Session ID: 0x280000000011
Tree ID: 0x5
Transport type: Wsk
Signing used: true
Encryption used: false
Compression activated: false"
"04-06-2026 11:39:39","4000","Information","Microsoft-Windows-SMBServer","The SMB client connection to the share was established.

Share name: IPC$
Client name: \\[::1]
Client address: [::1]:50134
Session ID: 0x280000000011
Tree ID: 0x1
Transport type: Wsk
Signing used: true
Encryption used: false
Compression activated: false"
"04-06-2026 09:16:03","4000","Information","Microsoft-Windows-SMBServer","The SMB client connection to the share was established.

Share name: C$
Client name: \\[::1]
Client address: [::1]:56206
Session ID: 0x28000000000D
Tree ID: 0x1
Transport type: Wsk
Signing used: true
Encryption used: false
Compression activated: false"
"04-06-2026 09:12:24","4000","Information","Microsoft-Windows-SMBServer","The SMB client connection to the share was established.

Share name: C$
Client name: \\[::1]
Client address: [::1]:63715
Session ID: 0x280000000009
Tree ID: 0x5
Transport type: Wsk
Signing used: true
Encryption used: false
Compression activated: false"
"04-06-2026 09:12:24","4000","Information","Microsoft-Windows-SMBServer","The SMB client connection to the share was established.

Share name: IPC$
Client name: \\[::1]
Client address: [::1]:63715
Session ID: 0x280000000009
Tree ID: 0x1
Transport type: Wsk
Signing used: true
Encryption used: false
Compression activated: false"
"03-06-2026 11:10:44","4000","Information","Microsoft-Windows-SMBServer","The SMB client connection to the share was established.

Share name: C$
Client name: \\[::1]
Client address: [::1]:62777
Session ID: 0x280000000005
Tree ID: 0x1
Transport type: Wsk
Signing used: true
Encryption used: false
Compression activated: false"
"03-06-2026 11:03:48","4000","Information","Microsoft-Windows-SMBServer","The SMB client connection to the share was established.

Share name: C$
Client name: \\[::1]
Client address: [::1]:56824
Session ID: 0x280000000001
Tree ID: 0x5
Transport type: Wsk
Signing used: true
Encryption used: false
Compression activated: false"
"03-06-2026 11:03:48","4000","Information","Microsoft-Windows-SMBServer","The SMB client connection to the share was established.

Share name: IPC$
Client name: \\[::1]
Client address: [::1]:56824
Session ID: 0x280000000001
Tree ID: 0x1
Transport type: Wsk
Signing used: true
Encryption used: false
Compression activated: false"
"02-06-2026 11:28:27","4000","Information","Microsoft-Windows-SMBServer","The SMB client connection to the share was established.

Share name: C$
Client name: \\[::1]
Client address: [::1]:57345
Session ID: 0x200000000001
Tree ID: 0x5
Transport type: Wsk
Signing used: true
Encryption used: false
Compression activated: false"
"02-06-2026 11:28:27","4000","Information","Microsoft-Windows-SMBServer","The SMB client connection to the share was established.

Share name: IPC$
Client name: \\[::1]
Client address: [::1]:57345
Session ID: 0x200000000001
Tree ID: 0x1
Transport type: Wsk
Signing used: true
Encryption used: false
Compression activated: false"
"31-05-2026 18:20:06","4000","Information","Microsoft-Windows-SMBServer","The SMB client connection to the share was established.

Share name: C$
Client name: \\[::1]
Client address: [::1]:51089
Session ID: 0x180000000025
Tree ID: 0x5
Transport type: Wsk
Signing used: true
Encryption used: false
Compression activated: false"
"31-05-2026 18:20:06","4000","Information","Microsoft-Windows-SMBServer","The SMB client connection to the share was established.

Share name: IPC$
Client name: \\[::1]
Client address: [::1]:51089
Session ID: 0x180000000025
Tree ID: 0x1
Transport type: Wsk
Signing used: true
Encryption used: false
Compression activated: false"
"31-05-2026 12:26:47","4000","Information","Microsoft-Windows-SMBServer","The SMB client connection to the share was established.

Share name: C$
Client name: \\[::1]
Client address: [::1]:65069
Session ID: 0x180000000021
Tree ID: 0x1
Transport type: Wsk
Signing used: true
Encryption used: false
Compression activated: false"
"31-05-2026 12:25:00","4000","Information","Microsoft-Windows-SMBServer","The SMB client connection to the share was established.

Share name: C$
Client name: \\[::1]
Client address: [::1]:64834
Session ID: 0x18000000001D
Tree ID: 0x5
Transport type: Wsk
Signing used: true
Encryption used: false
Compression activated: false"
"31-05-2026 12:25:00","4000","Information","Microsoft-Windows-SMBServer","The SMB client connection to the share was established.

Share name: IPC$
Client name: \\[::1]
Client address: [::1]:64834
Session ID: 0x18000000001D
Tree ID: 0x1
Transport type: Wsk
Signing used: true
Encryption used: false
Compression activated: false"
"31-05-2026 11:49:01","4000","Information","Microsoft-Windows-SMBServer","The SMB client connection to the share was established.

Share name: C$
Client name: \\[::1]
Client address: [::1]:54039
Session ID: 0x180000000019
Tree ID: 0x5
Transport type: Wsk
Signing used: true
Encryption used: false
Compression activated: false"
"31-05-2026 11:49:01","4000","Information","Microsoft-Windows-SMBServer","The SMB client connection to the share was established.

Share name: IPC$
Client name: \\[::1]
Client address: [::1]:54039
Session ID: 0x180000000019
Tree ID: 0x1
Transport type: Wsk
Signing used: true
Encryption used: false
Compression activated: false"
"28-05-2026 16:40:05","4000","Information","Microsoft-Windows-SMBServer","The SMB client connection to the share was established.

Share name: C$
Client name: \\[::1]
Client address: [::1]:49686
Session ID: 0x180000000015
Tree ID: 0x5
Transport type: Wsk
Signing used: true
Encryption used: false
Compression activated: false"
"28-05-2026 16:40:05","4000","Information","Microsoft-Windows-SMBServer","The SMB client connection to the share was established.

Share name: IPC$
Client name: \\[::1]
Client address: [::1]:49686
Session ID: 0x180000000015
Tree ID: 0x1
Transport type: Wsk
Signing used: true
Encryption used: false
Compression activated: false"
"28-05-2026 15:21:03","4000","Information","Microsoft-Windows-SMBServer","The SMB client connection to the share was established.

Share name: C$
Client name: \\[::1]
Client address: [::1]:60981
Session ID: 0x180000000011
Tree ID: 0x1
Transport type: Wsk
Signing used: true
Encryption used: false
Compression activated: false"
"28-05-2026 15:20:01","4000","Information","Microsoft-Windows-SMBServer","The SMB client connection to the share was established.

Share name: C$
Client name: \\[::1]
Client address: [::1]:51311
Session ID: 0x18000000000D
Tree ID: 0x1
Transport type: Wsk
Signing used: true
Encryption used: false
Compression activated: false"
"28-05-2026 15:18:25","4000","Information","Microsoft-Windows-SMBServer","The SMB client connection to the share was established.

Share name: C$
Client name: \\[::1]
Client address: [::1]:56196
Session ID: 0x180000000009
Tree ID: 0x1
Transport type: Wsk
Signing used: true
Encryption used: false
Compression activated: false"
"28-05-2026 15:18:02","4000","Information","Microsoft-Windows-SMBServer","The SMB client connection to the share was established.

Share name: C$
Client name: \\[::1]
Client address: [::1]:56148
Session ID: 0x180000000005
Tree ID: 0x5
Transport type: Wsk
Signing used: true
Encryption used: false
Compression activated: false"
"28-05-2026 15:18:02","4000","Information","Microsoft-Windows-SMBServer","The SMB client connection to the share was established.

Share name: IPC$
Client name: \\[::1]
Client address: [::1]:56148
Session ID: 0x180000000005
Tree ID: 0x1
Transport type: Wsk
Signing used: true
Encryption used: false
Compression activated: false"
"28-05-2026 10:53:03","4000","Information","Microsoft-Windows-SMBServer","The SMB client connection to the share was established.

Share name: C$
Client name: \\[::1]
Client address: [::1]:61686
Session ID: 0x180000000001
Tree ID: 0x5
Transport type: Wsk
Signing used: true
Encryption used: false
Compression activated: false"
"28-05-2026 10:53:03","4000","Information","Microsoft-Windows-SMBServer","The SMB client connection to the share was established.

Share name: IPC$
Client name: \\[::1]
Client address: [::1]:61686
Session ID: 0x180000000001
Tree ID: 0x1
Transport type: Wsk
Signing used: true
Encryption used: false
Compression activated: false"
"27-05-2026 17:11:25","4000","Information","Microsoft-Windows-SMBServer","The SMB client connection to the share was established.

Share name: C$
Client name: \\[::1]
Client address: [::1]:51839
Session ID: 0x140000000011
Tree ID: 0x5
Transport type: Wsk
Signing used: true
Encryption used: false
Compression activated: false"
"27-05-2026 17:11:25","4000","Information","Microsoft-Windows-SMBServer","The SMB client connection to the share was established.

Share name: IPC$
Client name: \\[::1]
Client address: [::1]:51839
Session ID: 0x140000000011
Tree ID: 0x1
Transport type: Wsk
Signing used: true
Encryption used: false
Compression activated: false"
"27-05-2026 14:59:53","4000","Information","Microsoft-Windows-SMBServer","The SMB client connection to the share was established.

Share name: C$
Client name: \\[::1]
Client address: [::1]:63863
Session ID: 0x14000000000D
Tree ID: 0x5
Transport type: Wsk
Signing used: true
Encryption used: false
Compression activated: false"
"27-05-2026 14:59:53","4000","Information","Microsoft-Windows-SMBServer","The SMB client connection to the share was established.

Share name: IPC$
Client name: \\[::1]
Client address: [::1]:63863
Session ID: 0x14000000000D
Tree ID: 0x1
Transport type: Wsk
Signing used: true
Encryption used: false
Compression activated: false"
"27-05-2026 12:05:53","4000","Information","Microsoft-Windows-SMBServer","The SMB client connection to the share was established.

Share name: C$
Client name: \\[::1]
Client address: [::1]:52937
Session ID: 0x140000000009
Tree ID: 0x5
Transport type: Wsk
Signing used: true
Encryption used: false
Compression activated: false"
"27-05-2026 12:05:53","4000","Information","Microsoft-Windows-SMBServer","The SMB client connection to the share was established.

Share name: IPC$
Client name: \\[::1]
Client address: [::1]:52937
Session ID: 0x140000000009
Tree ID: 0x1
Transport type: Wsk
Signing used: true
Encryption used: false
Compression activated: false"
"26-05-2026 16:32:06","4000","Information","Microsoft-Windows-SMBServer","The SMB client connection to the share was established.

Share name: C$
Client name: \\[::1]
Client address: [::1]:57665
Session ID: 0x140000000005
Tree ID: 0x5
Transport type: Wsk
Signing used: true
Encryption used: false
Compression activated: false"
"26-05-2026 16:32:06","4000","Information","Microsoft-Windows-SMBServer","The SMB client connection to the share was established.

Share name: IPC$
Client name: \\[::1]
Client address: [::1]:57665
Session ID: 0x140000000005
Tree ID: 0x1
Transport type: Wsk
Signing used: true
Encryption used: false
Compression activated: false"
"25-05-2026 16:51:08","4000","Information","Microsoft-Windows-SMBServer","The SMB client connection to the share was established.

Share name: C$
Client name: \\[::1]
Client address: [::1]:61661
Session ID: 0x140000000001
Tree ID: 0x5
Transport type: Wsk
Signing used: true
Encryption used: false
Compression activated: false"
"25-05-2026 16:51:08","4000","Information","Microsoft-Windows-SMBServer","The SMB client connection to the share was established.

Share name: IPC$
Client name: \\[::1]
Client address: [::1]:61661
Session ID: 0x140000000001
Tree ID: 0x1
Transport type: Wsk
Signing used: true
Encryption used: false
Compression activated: false"
"25-05-2026 16:37:34","1022","Information","Microsoft-Windows-SMBServer","File and printer sharing firewall rule enabled.

Guidance:

You should expect this event when Windows Firewall is configured to enable the File and Printer Sharing rule, which allows inbound SMB traffic. This event occurs on a computer that has custom shares configured."
