"17-08-2026 09:36:42","1040","Information","Microsoft-Windows-SMBServer","Received Mib notification type MibAddInstance for interface 2"
"17-08-2026 09:36:41","1034","Information","Microsoft-Windows-SMBServer","Send RDMA Endpoint notification failure - DadState is different from IpDadStatePreferred for interface 7. Current DadState: 1."
"17-08-2026 09:36:41","1040","Information","Microsoft-Windows-SMBServer","Received Mib notification type MibAddInstance for interface 7"
"17-08-2026 09:36:41","1034","Information","Microsoft-Windows-SMBServer","Send RDMA Endpoint notification failure - DadState is different from IpDadStatePreferred for interface 12. Current DadState: 1."
"17-08-2026 09:36:41","1040","Information","Microsoft-Windows-SMBServer","Received Mib notification type MibAddInstance for interface 12"
"17-08-2026 09:36:39","1034","Information","Microsoft-Windows-SMBServer","Send RDMA Endpoint notification failure - DadState is different from IpDadStatePreferred for interface 18. Current DadState: 3."
"17-08-2026 09:36:39","1040","Information","Microsoft-Windows-SMBServer","Received Mib notification type MibAddInstance for interface 18"
"17-08-2026 09:36:35","1034","Information","Microsoft-Windows-SMBServer","Send RDMA Endpoint notification failure - DadState is different from IpDadStatePreferred for interface 2. Current DadState: 3."
"17-08-2026 09:36:35","1040","Information","Microsoft-Windows-SMBServer","Received Mib notification type MibAddInstance for interface 2"
"17-08-2026 09:36:35","1034","Information","Microsoft-Windows-SMBServer","Send RDMA Endpoint notification failure - DadState is different from IpDadStatePreferred for interface 7. Current DadState: 3."
"17-08-2026 09:36:35","1040","Information","Microsoft-Windows-SMBServer","Received Mib notification type MibAddInstance for interface 7"
"17-08-2026 09:36:35","1011","Information","Microsoft-Windows-SMBServer","Endpoint removed.

Name: 
Domain Name: 
Transport Name: \Device\NetBT_Tcpip_{556D9BDF-D387-4AB9-BE4C-A7E220FAF218}

Guidance:

You should expect this event when the server stops listening on an interface, such as during shutdown or when disabling a network adaptor. No user action is required."
"17-08-2026 09:36:35","1034","Information","Microsoft-Windows-SMBServer","Send RDMA Endpoint notification failure - Error updating transport list for device \Device\RdmaSmbIpv4_10.243.80.167. Object Name not found.."
"17-08-2026 09:36:35","1033","Information","Microsoft-Windows-SMBServer","Sent RDMA disabled event to LanmanServer for interface \Device\RdmaSmbIpv4_10.243.80.167."
"17-08-2026 09:36:35","1040","Information","Microsoft-Windows-SMBServer","Received Mib notification type MibDeleteInstance for interface 12"
"17-08-2026 09:36:35","1034","Information","Microsoft-Windows-SMBServer","Send RDMA Endpoint notification failure - Error getting unicast ip address entry for interface 12. The object was not found."
"17-08-2026 09:36:35","1040","Information","Microsoft-Windows-SMBServer","Received Mib notification type MibParameterNotification for interface 12"
"15-08-2026 05:11:47","1034","Information","Microsoft-Windows-SMBServer","Send RDMA Endpoint notification failure - Error updating transport list for device \Device\RdmaSmbIpv6_fe80::f182:c255:d23c:6188. Object Name not found.."
"15-08-2026 05:11:47","1033","Information","Microsoft-Windows-SMBServer","Sent RDMA disabled event to LanmanServer for interface \Device\RdmaSmbIpv6_fe80::f182:c255:d23c:6188."
"15-08-2026 05:11:47","1040","Information","Microsoft-Windows-SMBServer","Received Mib notification type MibDeleteInstance for interface 2"
"15-08-2026 05:11:47","1034","Information","Microsoft-Windows-SMBServer","Send RDMA Endpoint notification failure - Error updating transport list for device \Device\RdmaSmbIpv4_169.254.199.145. Object Name not found.."
"15-08-2026 05:11:47","1033","Information","Microsoft-Windows-SMBServer","Sent RDMA disabled event to LanmanServer for interface \Device\RdmaSmbIpv4_169.254.199.145."
"15-08-2026 05:11:47","1040","Information","Microsoft-Windows-SMBServer","Received Mib notification type MibDeleteInstance for interface 2"
"15-08-2026 05:11:47","1034","Information","Microsoft-Windows-SMBServer","Send RDMA Endpoint notification failure - Error updating transport list for device \Device\RdmaSmbIpv4_169.254.228.76. Object Name not found.."
"15-08-2026 05:11:47","1033","Information","Microsoft-Windows-SMBServer","Sent RDMA disabled event to LanmanServer for interface \Device\RdmaSmbIpv4_169.254.228.76."
"15-08-2026 05:11:47","1040","Information","Microsoft-Windows-SMBServer","Received Mib notification type MibDeleteInstance for interface 6"
"15-08-2026 05:11:47","1034","Information","Microsoft-Windows-SMBServer","Send RDMA Endpoint notification failure - Error updating transport list for device \Device\RdmaSmbIpv6_fe80::d6b8:fc88:a362:3737. Object Name not found.."
"15-08-2026 05:11:47","1033","Information","Microsoft-Windows-SMBServer","Sent RDMA disabled event to LanmanServer for interface \Device\RdmaSmbIpv6_fe80::d6b8:fc88:a362:3737."
"15-08-2026 05:11:47","1040","Information","Microsoft-Windows-SMBServer","Received Mib notification type MibDeleteInstance for interface 6"
"15-08-2026 05:11:46","1034","Information","Microsoft-Windows-SMBServer","Send RDMA Endpoint notification failure - Error updating transport list for device \Device\RdmaSmbIpv6_fe80::96b5:2380:ef58:27cb. Object Name not found.."
"15-08-2026 05:11:46","1033","Information","Microsoft-Windows-SMBServer","Sent RDMA disabled event to LanmanServer for interface \Device\RdmaSmbIpv6_fe80::96b5:2380:ef58:27cb."
"15-08-2026 05:11:46","1040","Information","Microsoft-Windows-SMBServer","Received Mib notification type MibDeleteInstance for interface 7"
"15-08-2026 05:11:46","1034","Information","Microsoft-Windows-SMBServer","Send RDMA Endpoint notification failure - Error updating transport list for device \Device\RdmaSmbIpv4_169.254.241.136. Object Name not found.."
"15-08-2026 05:11:46","1033","Information","Microsoft-Windows-SMBServer","Sent RDMA disabled event to LanmanServer for interface \Device\RdmaSmbIpv4_169.254.241.136."
"15-08-2026 05:11:46","1040","Information","Microsoft-Windows-SMBServer","Received Mib notification type MibDeleteInstance for interface 7"
"15-08-2026 05:11:35","1040","Information","Microsoft-Windows-SMBServer","Received Mib notification type MibParameterNotification for interface 12"
"15-08-2026 05:11:32","1010","Information","Microsoft-Windows-SMBServer","Endpoint added.

Name: LIND55MBVC4     
Domain Name: WORKGROUP
Transport Name: \Device\NetBT_Tcpip_{556D9BDF-D387-4AB9-BE4C-A7E220FAF218}
Transport Flags: 0x1

Guidance:

You should expect this event when the server starts listening on an interface, such as during system restart or when enabling a network adaptor. No user action is required."
"15-08-2026 05:11:32","1040","Information","Microsoft-Windows-SMBServer","Received Mib notification type MibAddInstance for interface 12"
"15-08-2026 05:11:29","1034","Information","Microsoft-Windows-SMBServer","Send RDMA Endpoint notification failure - Error updating transport list for device \Device\RdmaSmbIpv4_10.243.80.167. Object Name not found.."
"15-08-2026 05:11:29","1033","Information","Microsoft-Windows-SMBServer","Sent RDMA disabled event to LanmanServer for interface \Device\RdmaSmbIpv4_10.243.80.167."
"15-08-2026 05:11:29","1040","Information","Microsoft-Windows-SMBServer","Received Mib notification type MibDeleteInstance for interface 12"
"15-08-2026 05:11:29","1034","Information","Microsoft-Windows-SMBServer","Send RDMA Endpoint notification failure - Error getting unicast ip address entry for interface 12. The object was not found."
"15-08-2026 05:11:29","1040","Information","Microsoft-Windows-SMBServer","Received Mib notification type MibParameterNotification for interface 12"
"14-08-2026 20:08:45","1011","Information","Microsoft-Windows-SMBServer","Endpoint removed.

Name: 
Domain Name: 
Transport Name: \Device\NetBT_Tcpip_{556D9BDF-D387-4AB9-BE4C-A7E220FAF218}

Guidance:

You should expect this event when the server stops listening on an interface, such as during shutdown or when disabling a network adaptor. No user action is required."
"14-08-2026 20:08:45","1034","Information","Microsoft-Windows-SMBServer","Send RDMA Endpoint notification failure - Error updating transport list for device \Device\RdmaSmbIpv4_10.243.80.167. Object Name not found.."
"14-08-2026 20:08:45","1033","Information","Microsoft-Windows-SMBServer","Sent RDMA disabled event to LanmanServer for interface \Device\RdmaSmbIpv4_10.243.80.167."
"14-08-2026 20:08:45","1040","Information","Microsoft-Windows-SMBServer","Received Mib notification type MibParameterNotification for interface 12"
"14-08-2026 19:42:50","1034","Information","Microsoft-Windows-SMBServer","Send RDMA Endpoint notification failure - Error updating transport list for device \Device\RdmaSmbIpv6_fe80::a6d1:dfb3:7876:aaf0. Object Name not found.."
"14-08-2026 19:42:50","1033","Information","Microsoft-Windows-SMBServer","Sent RDMA disabled event to LanmanServer for interface \Device\RdmaSmbIpv6_fe80::a6d1:dfb3:7876:aaf0."
"14-08-2026 19:42:50","1040","Information","Microsoft-Windows-SMBServer","Received Mib notification type MibDeleteInstance for interface 18"
"14-08-2026 19:42:50","1034","Information","Microsoft-Windows-SMBServer","Send RDMA Endpoint notification failure - Error updating transport list for device \Device\RdmaSmbIpv4_169.254.147.155. Object Name not found.."
"14-08-2026 19:42:50","1033","Information","Microsoft-Windows-SMBServer","Sent RDMA disabled event to LanmanServer for interface \Device\RdmaSmbIpv4_169.254.147.155."
"14-08-2026 19:42:50","1040","Information","Microsoft-Windows-SMBServer","Received Mib notification type MibDeleteInstance for interface 18"
"14-08-2026 13:24:26","1034","Information","Microsoft-Windows-SMBServer","Send RDMA Endpoint notification failure - DadState is different from IpDadStatePreferred for interface 6. Current DadState: 1."
"14-08-2026 13:24:26","1040","Information","Microsoft-Windows-SMBServer","Received Mib notification type MibAddInstance for interface 6"
"14-08-2026 13:24:20","1034","Information","Microsoft-Windows-SMBServer","Send RDMA Endpoint notification failure - DadState is different from IpDadStatePreferred for interface 6. Current DadState: 3."
"14-08-2026 13:24:20","1040","Information","Microsoft-Windows-SMBServer","Received Mib notification type MibAddInstance for interface 6"
"14-08-2026 13:22:40","1034","Information","Microsoft-Windows-SMBServer","Send RDMA Endpoint notification failure - DadState is different from IpDadStatePreferred for interface 18. Current DadState: 1."
"14-08-2026 13:22:40","1040","Information","Microsoft-Windows-SMBServer","Received Mib notification type MibAddInstance for interface 18"
"14-08-2026 13:22:39","1040","Information","Microsoft-Windows-SMBServer","Received Mib notification type MibParameterNotification for interface 12"
"14-08-2026 13:22:38","1034","Information","Microsoft-Windows-SMBServer","Send RDMA Endpoint notification failure - DadState is different from IpDadStatePreferred for interface 2. Current DadState: 1."
"14-08-2026 13:22:38","1040","Information","Microsoft-Windows-SMBServer","Received Mib notification type MibAddInstance for interface 2"
"14-08-2026 13:22:36","1010","Information","Microsoft-Windows-SMBServer","Endpoint added.

Name: LIND55MBVC4     
Domain Name: WORKGROUP
Transport Name: \Device\NetBT_Tcpip_{556D9BDF-D387-4AB9-BE4C-A7E220FAF218}
Transport Flags: 0x1

Guidance:

You should expect this event when the server starts listening on an interface, such as during system restart or when enabling a network adaptor. No user action is required."
"14-08-2026 13:22:36","1040","Information","Microsoft-Windows-SMBServer","Received Mib notification type MibAddInstance for interface 12"
"14-08-2026 13:22:36","1034","Information","Microsoft-Windows-SMBServer","Send RDMA Endpoint notification failure - Error updating transport list for device \Device\RdmaSmbIpv4_192.168.0.106. Object Name not found.."
"14-08-2026 13:22:36","1033","Information","Microsoft-Windows-SMBServer","Sent RDMA disabled event to LanmanServer for interface \Device\RdmaSmbIpv4_192.168.0.106."
"14-08-2026 13:22:36","1040","Information","Microsoft-Windows-SMBServer","Received Mib notification type MibDeleteInstance for interface 12"
"14-08-2026 13:22:34","1034","Information","Microsoft-Windows-SMBServer","Send RDMA Endpoint notification failure - DadState is different from IpDadStatePreferred for interface 18. Current DadState: 3."
"14-08-2026 13:22:34","1040","Information","Microsoft-Windows-SMBServer","Received Mib notification type MibAddInstance for interface 18"
"14-08-2026 13:22:33","1034","Information","Microsoft-Windows-SMBServer","Send RDMA Endpoint notification failure - DadState is different from IpDadStatePreferred for interface 7. Current DadState: 1."
"14-08-2026 13:22:33","1040","Information","Microsoft-Windows-SMBServer","Received Mib notification type MibAddInstance for interface 7"
"14-08-2026 13:22:32","1034","Information","Microsoft-Windows-SMBServer","Send RDMA Endpoint notification failure - DadState is different from IpDadStatePreferred for interface 2. Current DadState: 3."
"14-08-2026 13:22:32","1040","Information","Microsoft-Windows-SMBServer","Received Mib notification type MibAddInstance for interface 2"
"14-08-2026 13:22:29","1011","Information","Microsoft-Windows-SMBServer","Endpoint removed.

Name: 
Domain Name: 
Transport Name: \Device\NetBT_Tcpip_{556D9BDF-D387-4AB9-BE4C-A7E220FAF218}

Guidance:

You should expect this event when the server stops listening on an interface, such as during shutdown or when disabling a network adaptor. No user action is required."
"14-08-2026 13:22:28","1034","Information","Microsoft-Windows-SMBServer","Send RDMA Endpoint notification failure - Error updating transport list for device \Device\RdmaSmbIpv4_192.168.0.106. Object Name not found.."
"14-08-2026 13:22:28","1033","Information","Microsoft-Windows-SMBServer","Sent RDMA disabled event to LanmanServer for interface \Device\RdmaSmbIpv4_192.168.0.106."
"14-08-2026 13:22:28","1040","Information","Microsoft-Windows-SMBServer","Received Mib notification type MibParameterNotification for interface 12"
"14-08-2026 13:22:27","1034","Information","Microsoft-Windows-SMBServer","Send RDMA Endpoint notification failure - DadState is different from IpDadStatePreferred for interface 7. Current DadState: 3."
"14-08-2026 13:22:27","1040","Information","Microsoft-Windows-SMBServer","Received Mib notification type MibAddInstance for interface 7"
"14-08-2026 04:14:40","1034","Information","Microsoft-Windows-SMBServer","Send RDMA Endpoint notification failure - Error updating transport list for device \Device\RdmaSmbIpv6_fe80::f182:c255:d23c:6188. Object Name not found.."
"14-08-2026 04:14:40","1033","Information","Microsoft-Windows-SMBServer","Sent RDMA disabled event to LanmanServer for interface \Device\RdmaSmbIpv6_fe80::f182:c255:d23c:6188."
"14-08-2026 04:14:40","1040","Information","Microsoft-Windows-SMBServer","Received Mib notification type MibDeleteInstance for interface 2"
"14-08-2026 04:14:40","1034","Information","Microsoft-Windows-SMBServer","Send RDMA Endpoint notification failure - Error updating transport list for device \Device\RdmaSmbIpv4_169.254.199.145. Object Name not found.."
"14-08-2026 04:14:40","1033","Information","Microsoft-Windows-SMBServer","Sent RDMA disabled event to LanmanServer for interface \Device\RdmaSmbIpv4_169.254.199.145."
"14-08-2026 04:14:40","1040","Information","Microsoft-Windows-SMBServer","Received Mib notification type MibDeleteInstance for interface 2"
"14-08-2026 04:14:40","1034","Information","Microsoft-Windows-SMBServer","Send RDMA Endpoint notification failure - Error updating transport list for device \Device\RdmaSmbIpv6_fe80::d6b8:fc88:a362:3737. Object Name not found.."
"14-08-2026 04:14:40","1033","Information","Microsoft-Windows-SMBServer","Sent RDMA disabled event to LanmanServer for interface \Device\RdmaSmbIpv6_fe80::d6b8:fc88:a362:3737."
"14-08-2026 04:14:40","1040","Information","Microsoft-Windows-SMBServer","Received Mib notification type MibDeleteInstance for interface 6"
"14-08-2026 04:14:40","1034","Information","Microsoft-Windows-SMBServer","Send RDMA Endpoint notification failure - Error updating transport list for device \Device\RdmaSmbIpv4_169.254.228.76. Object Name not found.."
"14-08-2026 04:14:40","1033","Information","Microsoft-Windows-SMBServer","Sent RDMA disabled event to LanmanServer for interface \Device\RdmaSmbIpv4_169.254.228.76."
"14-08-2026 04:14:40","1040","Information","Microsoft-Windows-SMBServer","Received Mib notification type MibDeleteInstance for interface 6"
"14-08-2026 04:14:39","1034","Information","Microsoft-Windows-SMBServer","Send RDMA Endpoint notification failure - Error updating transport list for device \Device\RdmaSmbIpv6_fe80::96b5:2380:ef58:27cb. Object Name not found.."
"14-08-2026 04:14:39","1033","Information","Microsoft-Windows-SMBServer","Sent RDMA disabled event to LanmanServer for interface \Device\RdmaSmbIpv6_fe80::96b5:2380:ef58:27cb."
"14-08-2026 04:14:39","1040","Information","Microsoft-Windows-SMBServer","Received Mib notification type MibDeleteInstance for interface 7"
"14-08-2026 04:14:39","1034","Information","Microsoft-Windows-SMBServer","Send RDMA Endpoint notification failure - Error updating transport list for device \Device\RdmaSmbIpv4_169.254.241.136. Object Name not found.."
"14-08-2026 04:14:39","1033","Information","Microsoft-Windows-SMBServer","Sent RDMA disabled event to LanmanServer for interface \Device\RdmaSmbIpv4_169.254.241.136."
"14-08-2026 04:14:39","1040","Information","Microsoft-Windows-SMBServer","Received Mib notification type MibDeleteInstance for interface 7"
"14-08-2026 04:14:23","1040","Information","Microsoft-Windows-SMBServer","Received Mib notification type MibParameterNotification for interface 12"
"14-08-2026 04:14:20","1010","Information","Microsoft-Windows-SMBServer","Endpoint added.

Name: LIND55MBVC4     
Domain Name: WORKGROUP
Transport Name: \Device\NetBT_Tcpip_{556D9BDF-D387-4AB9-BE4C-A7E220FAF218}
Transport Flags: 0x1

Guidance:

You should expect this event when the server starts listening on an interface, such as during system restart or when enabling a network adaptor. No user action is required."
"14-08-2026 04:14:20","1040","Information","Microsoft-Windows-SMBServer","Received Mib notification type MibAddInstance for interface 12"
"14-08-2026 04:14:19","1034","Information","Microsoft-Windows-SMBServer","Send RDMA Endpoint notification failure - Error updating transport list for device \Device\RdmaSmbIpv4_10.243.80.70. Object Name not found.."
"14-08-2026 04:14:19","1033","Information","Microsoft-Windows-SMBServer","Sent RDMA disabled event to LanmanServer for interface \Device\RdmaSmbIpv4_10.243.80.70."
"14-08-2026 04:14:19","1040","Information","Microsoft-Windows-SMBServer","Received Mib notification type MibDeleteInstance for interface 12"
"13-08-2026 18:44:22","1011","Information","Microsoft-Windows-SMBServer","Endpoint removed.

Name: 
Domain Name: 
Transport Name: \Device\NetBT_Tcpip_{556D9BDF-D387-4AB9-BE4C-A7E220FAF218}

Guidance:

You should expect this event when the server stops listening on an interface, such as during shutdown or when disabling a network adaptor. No user action is required."
"13-08-2026 18:44:22","1034","Information","Microsoft-Windows-SMBServer","Send RDMA Endpoint notification failure - Error updating transport list for device \Device\RdmaSmbIpv4_10.243.80.70. Object Name not found.."
"13-08-2026 18:44:22","1033","Information","Microsoft-Windows-SMBServer","Sent RDMA disabled event to LanmanServer for interface \Device\RdmaSmbIpv4_10.243.80.70."
"13-08-2026 18:44:22","1040","Information","Microsoft-Windows-SMBServer","Received Mib notification type MibParameterNotification for interface 12"
"13-08-2026 18:43:33","1040","Information","Microsoft-Windows-SMBServer","Received Mib notification type MibParameterNotification for interface 12"
"13-08-2026 18:43:28","1040","Information","Microsoft-Windows-SMBServer","Received Mib notification type MibParameterNotification for interface 12"
"13-08-2026 18:36:54","1034","Information","Microsoft-Windows-SMBServer","Send RDMA Endpoint notification failure - Error updating transport list for device \Device\RdmaSmbIpv6_fe80::a6d1:dfb3:7876:aaf0. Object Name not found.."
"13-08-2026 18:36:54","1033","Information","Microsoft-Windows-SMBServer","Sent RDMA disabled event to LanmanServer for interface \Device\RdmaSmbIpv6_fe80::a6d1:dfb3:7876:aaf0."
"13-08-2026 18:36:54","1040","Information","Microsoft-Windows-SMBServer","Received Mib notification type MibDeleteInstance for interface 18"
"13-08-2026 18:36:54","1034","Information","Microsoft-Windows-SMBServer","Send RDMA Endpoint notification failure - Error updating transport list for device \Device\RdmaSmbIpv4_169.254.147.155. Object Name not found.."
"13-08-2026 18:36:54","1033","Information","Microsoft-Windows-SMBServer","Sent RDMA disabled event to LanmanServer for interface \Device\RdmaSmbIpv4_169.254.147.155."
"13-08-2026 18:36:54","1040","Information","Microsoft-Windows-SMBServer","Received Mib notification type MibDeleteInstance for interface 18"
"13-08-2026 12:29:33","1034","Information","Microsoft-Windows-SMBServer","Send RDMA Endpoint notification failure - DadState is different from IpDadStatePreferred for interface 18. Current DadState: 1."
"13-08-2026 12:29:33","1040","Information","Microsoft-Windows-SMBServer","Received Mib notification type MibAddInstance for interface 18"
"13-08-2026 12:29:27","1034","Information","Microsoft-Windows-SMBServer","Send RDMA Endpoint notification failure - DadState is different from IpDadStatePreferred for interface 18. Current DadState: 3."
"13-08-2026 12:29:27","1040","Information","Microsoft-Windows-SMBServer","Received Mib notification type MibAddInstance for interface 18"
"13-08-2026 12:29:24","1040","Information","Microsoft-Windows-SMBServer","Received Mib notification type MibParameterNotification for interface 12"
"13-08-2026 12:29:14","1040","Information","Microsoft-Windows-SMBServer","Received Mib notification type MibParameterNotification for interface 12"
"13-08-2026 12:29:05","1040","Information","Microsoft-Windows-SMBServer","Received Mib notification type MibParameterNotification for interface 12"
"13-08-2026 12:29:00","1040","Information","Microsoft-Windows-SMBServer","Received Mib notification type MibParameterNotification for interface 12"
"13-08-2026 12:28:57","1010","Information","Microsoft-Windows-SMBServer","Endpoint added.

Name: LIND55MBVC4     
Domain Name: WORKGROUP
Transport Name: \Device\NetBT_Tcpip_{556D9BDF-D387-4AB9-BE4C-A7E220FAF218}
Transport Flags: 0x1

Guidance:

You should expect this event when the server starts listening on an interface, such as during system restart or when enabling a network adaptor. No user action is required."
"13-08-2026 12:28:57","1040","Information","Microsoft-Windows-SMBServer","Received Mib notification type MibAddInstance for interface 12"
"13-08-2026 12:28:57","1034","Information","Microsoft-Windows-SMBServer","Send RDMA Endpoint notification failure - Error updating transport list for device \Device\RdmaSmbIpv4_10.243.73.6. Object Name not found.."
"13-08-2026 12:28:57","1033","Information","Microsoft-Windows-SMBServer","Sent RDMA disabled event to LanmanServer for interface \Device\RdmaSmbIpv4_10.243.73.6."
"13-08-2026 12:28:57","1040","Information","Microsoft-Windows-SMBServer","Received Mib notification type MibDeleteInstance for interface 12"
"13-08-2026 12:28:40","1011","Information","Microsoft-Windows-SMBServer","Endpoint removed.

Name: 
Domain Name: 
Transport Name: \Device\NetBT_Tcpip_{556D9BDF-D387-4AB9-BE4C-A7E220FAF218}

Guidance:

You should expect this event when the server stops listening on an interface, such as during shutdown or when disabling a network adaptor. No user action is required."
"13-08-2026 12:28:40","1034","Information","Microsoft-Windows-SMBServer","Send RDMA Endpoint notification failure - Error updating transport list for device \Device\RdmaSmbIpv4_10.243.73.6. Object Name not found.."
"13-08-2026 12:28:40","1033","Information","Microsoft-Windows-SMBServer","Sent RDMA disabled event to LanmanServer for interface \Device\RdmaSmbIpv4_10.243.73.6."
"13-08-2026 12:28:40","1040","Information","Microsoft-Windows-SMBServer","Received Mib notification type MibParameterNotification for interface 12"
"13-08-2026 12:28:23","1040","Information","Microsoft-Windows-SMBServer","Received Mib notification type MibParameterNotification for interface 12"
"13-08-2026 12:22:53","1040","Information","Microsoft-Windows-SMBServer","Received Mib notification type MibParameterNotification for interface 12"
"13-08-2026 11:59:32","1040","Information","Microsoft-Windows-SMBServer","Received Mib notification type MibParameterNotification for interface 12"
"13-08-2026 11:58:18","1040","Information","Microsoft-Windows-SMBServer","Received Mib notification type MibParameterNotification for interface 12"
"13-08-2026 11:58:12","1010","Information","Microsoft-Windows-SMBServer","Endpoint added.

Name: LIND55MBVC4     
Domain Name: WORKGROUP
Transport Name: \Device\NetBT_Tcpip_{556D9BDF-D387-4AB9-BE4C-A7E220FAF218}
Transport Flags: 0x1

Guidance:

You should expect this event when the server starts listening on an interface, such as during system restart or when enabling a network adaptor. No user action is required."
"13-08-2026 11:58:12","1040","Information","Microsoft-Windows-SMBServer","Received Mib notification type MibAddInstance for interface 12"
"13-08-2026 11:58:10","1034","Information","Microsoft-Windows-SMBServer","Send RDMA Endpoint notification failure - Error updating transport list for device \Device\RdmaSmbIpv4_10.243.80.70. Object Name not found.."
"13-08-2026 11:58:10","1033","Information","Microsoft-Windows-SMBServer","Sent RDMA disabled event to LanmanServer for interface \Device\RdmaSmbIpv4_10.243.80.70."
"13-08-2026 11:58:10","1040","Information","Microsoft-Windows-SMBServer","Received Mib notification type MibDeleteInstance for interface 12"
"13-08-2026 11:57:51","1011","Information","Microsoft-Windows-SMBServer","Endpoint removed.

Name: 
Domain Name: 
Transport Name: \Device\NetBT_Tcpip_{556D9BDF-D387-4AB9-BE4C-A7E220FAF218}

Guidance:

You should expect this event when the server stops listening on an interface, such as during shutdown or when disabling a network adaptor. No user action is required."
"13-08-2026 11:57:51","1034","Information","Microsoft-Windows-SMBServer","Send RDMA Endpoint notification failure - Error updating transport list for device \Device\RdmaSmbIpv4_10.243.80.70. Object Name not found.."
"13-08-2026 11:57:51","1033","Information","Microsoft-Windows-SMBServer","Sent RDMA disabled event to LanmanServer for interface \Device\RdmaSmbIpv4_10.243.80.70."
"13-08-2026 11:57:51","1040","Information","Microsoft-Windows-SMBServer","Received Mib notification type MibParameterNotification for interface 12"
"13-08-2026 11:57:38","1040","Information","Microsoft-Windows-SMBServer","Received Mib notification type MibParameterNotification for interface 12"
"13-08-2026 11:56:19","1040","Information","Microsoft-Windows-SMBServer","Received Mib notification type MibParameterNotification for interface 12"
"13-08-2026 11:56:09","1034","Information","Microsoft-Windows-SMBServer","Send RDMA Endpoint notification failure - Error updating transport list for device \Device\RdmaSmbIpv4_169.254.147.155. Object Name not found.."
"13-08-2026 11:56:09","1033","Information","Microsoft-Windows-SMBServer","Sent RDMA disabled event to LanmanServer for interface \Device\RdmaSmbIpv4_169.254.147.155."
"13-08-2026 11:56:09","1040","Information","Microsoft-Windows-SMBServer","Received Mib notification type MibDeleteInstance for interface 18"
"13-08-2026 11:56:09","1034","Information","Microsoft-Windows-SMBServer","Send RDMA Endpoint notification failure - Error updating transport list for device \Device\RdmaSmbIpv6_fe80::a6d1:dfb3:7876:aaf0. Object Name not found.."
"13-08-2026 11:56:09","1033","Information","Microsoft-Windows-SMBServer","Sent RDMA disabled event to LanmanServer for interface \Device\RdmaSmbIpv6_fe80::a6d1:dfb3:7876:aaf0."
"13-08-2026 11:56:09","1040","Information","Microsoft-Windows-SMBServer","Received Mib notification type MibDeleteInstance for interface 18"
"13-08-2026 09:15:46","1034","Information","Microsoft-Windows-SMBServer","Send RDMA Endpoint notification failure - DadState is different from IpDadStatePreferred for interface 6. Current DadState: 1."
"13-08-2026 09:15:46","1040","Information","Microsoft-Windows-SMBServer","Received Mib notification type MibAddInstance for interface 6"
"13-08-2026 09:15:40","1034","Information","Microsoft-Windows-SMBServer","Send RDMA Endpoint notification failure - DadState is different from IpDadStatePreferred for interface 6. Current DadState: 3."
"13-08-2026 09:15:40","1040","Information","Microsoft-Windows-SMBServer","Received Mib notification type MibAddInstance for interface 6"
"13-08-2026 09:14:01","1034","Information","Microsoft-Windows-SMBServer","Send RDMA Endpoint notification failure - DadState is different from IpDadStatePreferred for interface 2. Current DadState: 1."
"13-08-2026 09:14:01","1040","Information","Microsoft-Windows-SMBServer","Received Mib notification type MibAddInstance for interface 2"
"13-08-2026 09:13:59","1040","Information","Microsoft-Windows-SMBServer","Received Mib notification type MibParameterNotification for interface 12"
"13-08-2026 09:13:57","1034","Information","Microsoft-Windows-SMBServer","Send RDMA Endpoint notification failure - DadState is different from IpDadStatePreferred for interface 18. Current DadState: 1."
"13-08-2026 09:13:57","1040","Information","Microsoft-Windows-SMBServer","Received Mib notification type MibAddInstance for interface 18"
"13-08-2026 09:13:55","1010","Information","Microsoft-Windows-SMBServer","Endpoint added.

Name: LIND55MBVC4     
Domain Name: WORKGROUP
Transport Name: \Device\NetBT_Tcpip_{556D9BDF-D387-4AB9-BE4C-A7E220FAF218}
Transport Flags: 0x1

Guidance:

You should expect this event when the server starts listening on an interface, such as during system restart or when enabling a network adaptor. No user action is required."
"13-08-2026 09:13:55","1040","Information","Microsoft-Windows-SMBServer","Received Mib notification type MibAddInstance for interface 12"
"13-08-2026 09:13:54","1034","Information","Microsoft-Windows-SMBServer","Send RDMA Endpoint notification failure - DadState is different from IpDadStatePreferred for interface 2. Current DadState: 3."
"13-08-2026 09:13:54","1040","Information","Microsoft-Windows-SMBServer","Received Mib notification type MibAddInstance for interface 2"
"13-08-2026 09:13:51","1034","Information","Microsoft-Windows-SMBServer","Send RDMA Endpoint notification failure - DadState is different from IpDadStatePreferred for interface 18. Current DadState: 3."
"13-08-2026 09:13:51","1040","Information","Microsoft-Windows-SMBServer","Received Mib notification type MibAddInstance for interface 18"
"13-08-2026 09:13:50","1011","Information","Microsoft-Windows-SMBServer","Endpoint removed.

Name: 
Domain Name: 
Transport Name: \Device\NetBT_Tcpip_{556D9BDF-D387-4AB9-BE4C-A7E220FAF218}

Guidance:

You should expect this event when the server stops listening on an interface, such as during shutdown or when disabling a network adaptor. No user action is required."
"13-08-2026 09:13:50","1034","Information","Microsoft-Windows-SMBServer","Send RDMA Endpoint notification failure - Error updating transport list for device \Device\RdmaSmbIpv4_10.243.80.70. Object Name not found.."
"13-08-2026 09:13:50","1033","Information","Microsoft-Windows-SMBServer","Sent RDMA disabled event to LanmanServer for interface \Device\RdmaSmbIpv4_10.243.80.70."
"13-08-2026 09:13:50","1040","Information","Microsoft-Windows-SMBServer","Received Mib notification type MibDeleteInstance for interface 12"
"13-08-2026 09:13:49","1034","Information","Microsoft-Windows-SMBServer","Send RDMA Endpoint notification failure - Error updating transport list for device \Device\RdmaSmbIpv6_fe80::f182:c255:d23c:6188. Object Name not found.."
"13-08-2026 09:13:49","1033","Information","Microsoft-Windows-SMBServer","Sent RDMA disabled event to LanmanServer for interface \Device\RdmaSmbIpv6_fe80::f182:c255:d23c:6188."
"13-08-2026 09:13:49","1040","Information","Microsoft-Windows-SMBServer","Received Mib notification type MibDeleteInstance for interface 2"
"13-08-2026 09:13:49","1034","Information","Microsoft-Windows-SMBServer","Send RDMA Endpoint notification failure - Error updating transport list for device \Device\RdmaSmbIpv4_169.254.199.145. Object Name not found.."
"13-08-2026 09:13:49","1033","Information","Microsoft-Windows-SMBServer","Sent RDMA disabled event to LanmanServer for interface \Device\RdmaSmbIpv4_169.254.199.145."
"13-08-2026 09:13:49","1040","Information","Microsoft-Windows-SMBServer","Received Mib notification type MibDeleteInstance for interface 2"
"13-08-2026 09:13:41","1034","Information","Microsoft-Windows-SMBServer","Send RDMA Endpoint notification failure - DadState is different from IpDadStatePreferred for interface 2. Current DadState: 1."
"13-08-2026 09:13:41","1040","Information","Microsoft-Windows-SMBServer","Received Mib notification type MibAddInstance for interface 2"
"13-08-2026 09:13:40","1040","Information","Microsoft-Windows-SMBServer","Received Mib notification type MibParameterNotification for interface 12"
"13-08-2026 09:13:39","1034","Information","Microsoft-Windows-SMBServer","Send RDMA Endpoint notification failure - DadState is different from IpDadStatePreferred for interface 7. Current DadState: 1."
"13-08-2026 09:13:39","1040","Information","Microsoft-Windows-SMBServer","Received Mib notification type MibAddInstance for interface 7"
"13-08-2026 09:13:34","1034","Information","Microsoft-Windows-SMBServer","Send RDMA Endpoint notification failure - DadState is different from IpDadStatePreferred for interface 2. Current DadState: 3."
"13-08-2026 09:13:34","1040","Information","Microsoft-Windows-SMBServer","Received Mib notification type MibAddInstance for interface 2"
"13-08-2026 09:13:33","1034","Information","Microsoft-Windows-SMBServer","Send RDMA Endpoint notification failure - DadState is different from IpDadStatePreferred for interface 7. Current DadState: 3."
"13-08-2026 09:13:33","1040","Information","Microsoft-Windows-SMBServer","Received Mib notification type MibAddInstance for interface 7"
"13-08-2026 05:30:23","1010","Information","Microsoft-Windows-SMBServer","Endpoint added.

Name: LIND55MBVC4     
Domain Name: WORKGROUP
Transport Name: \Device\NetBT_Tcpip_{556D9BDF-D387-4AB9-BE4C-A7E220FAF218}
Transport Flags: 0x1

Guidance:

You should expect this event when the server starts listening on an interface, such as during system restart or when enabling a network adaptor. No user action is required."
"13-08-2026 05:30:23","1040","Information","Microsoft-Windows-SMBServer","Received Mib notification type MibParameterNotification for interface 12"
"13-08-2026 05:30:23","1034","Information","Microsoft-Windows-SMBServer","Send RDMA Endpoint notification failure - Error updating transport list for device \Device\RdmaSmbIpv4_169.254.199.145. Object Name not found.."
"13-08-2026 05:30:23","1033","Information","Microsoft-Windows-SMBServer","Sent RDMA disabled event to LanmanServer for interface \Device\RdmaSmbIpv4_169.254.199.145."
"13-08-2026 05:30:23","1040","Information","Microsoft-Windows-SMBServer","Received Mib notification type MibDeleteInstance for interface 2"
"13-08-2026 05:30:23","1034","Information","Microsoft-Windows-SMBServer","Send RDMA Endpoint notification failure - Error updating transport list for device \Device\RdmaSmbIpv6_fe80::f182:c255:d23c:6188. Object Name not found.."
"13-08-2026 05:30:23","1033","Information","Microsoft-Windows-SMBServer","Sent RDMA disabled event to LanmanServer for interface \Device\RdmaSmbIpv6_fe80::f182:c255:d23c:6188."
"13-08-2026 05:30:23","1040","Information","Microsoft-Windows-SMBServer","Received Mib notification type MibDeleteInstance for interface 2"
"13-08-2026 05:30:23","1034","Information","Microsoft-Windows-SMBServer","Send RDMA Endpoint notification failure - Error updating transport list for device \Device\RdmaSmbIpv6_fe80::d6b8:fc88:a362:3737. Object Name not found.."
"13-08-2026 05:30:23","1033","Information","Microsoft-Windows-SMBServer","Sent RDMA disabled event to LanmanServer for interface \Device\RdmaSmbIpv6_fe80::d6b8:fc88:a362:3737."
"13-08-2026 05:30:23","1040","Information","Microsoft-Windows-SMBServer","Received Mib notification type MibDeleteInstance for interface 6"
"13-08-2026 05:30:23","1034","Information","Microsoft-Windows-SMBServer","Send RDMA Endpoint notification failure - Error updating transport list for device \Device\RdmaSmbIpv4_169.254.228.76. Object Name not found.."
"13-08-2026 05:30:23","1033","Information","Microsoft-Windows-SMBServer","Sent RDMA disabled event to LanmanServer for interface \Device\RdmaSmbIpv4_169.254.228.76."
"13-08-2026 05:30:23","1040","Information","Microsoft-Windows-SMBServer","Received Mib notification type MibDeleteInstance for interface 6"
"13-08-2026 05:30:22","1034","Information","Microsoft-Windows-SMBServer","Send RDMA Endpoint notification failure - Error updating transport list for device \Device\RdmaSmbIpv6_fe80::96b5:2380:ef58:27cb. Object Name not found.."
"13-08-2026 05:30:22","1033","Information","Microsoft-Windows-SMBServer","Sent RDMA disabled event to LanmanServer for interface \Device\RdmaSmbIpv6_fe80::96b5:2380:ef58:27cb."
"13-08-2026 05:30:22","1040","Information","Microsoft-Windows-SMBServer","Received Mib notification type MibDeleteInstance for interface 7"
"13-08-2026 05:30:22","1034","Information","Microsoft-Windows-SMBServer","Send RDMA Endpoint notification failure - Error updating transport list for device \Device\RdmaSmbIpv4_169.254.241.136. Object Name not found.."
"13-08-2026 05:30:22","1033","Information","Microsoft-Windows-SMBServer","Sent RDMA disabled event to LanmanServer for interface \Device\RdmaSmbIpv4_169.254.241.136."
"13-08-2026 05:30:22","1040","Information","Microsoft-Windows-SMBServer","Received Mib notification type MibDeleteInstance for interface 7"
"12-08-2026 21:16:17","1011","Information","Microsoft-Windows-SMBServer","Endpoint removed.

Name: 
Domain Name: 
Transport Name: \Device\NetBT_Tcpip_{556D9BDF-D387-4AB9-BE4C-A7E220FAF218}

Guidance:

You should expect this event when the server stops listening on an interface, such as during shutdown or when disabling a network adaptor. No user action is required."
"12-08-2026 21:16:17","1034","Information","Microsoft-Windows-SMBServer","Send RDMA Endpoint notification failure - Error updating transport list for device \Device\RdmaSmbIpv4_10.243.80.70. Object Name not found.."
"12-08-2026 21:16:17","1033","Information","Microsoft-Windows-SMBServer","Sent RDMA disabled event to LanmanServer for interface \Device\RdmaSmbIpv4_10.243.80.70."
"12-08-2026 21:16:17","1040","Information","Microsoft-Windows-SMBServer","Received Mib notification type MibParameterNotification for interface 12"
"12-08-2026 18:56:03","1034","Information","Microsoft-Windows-SMBServer","Send RDMA Endpoint notification failure - Error updating transport list for device \Device\RdmaSmbIpv6_fe80::a6d1:dfb3:7876:aaf0. Object Name not found.."
"12-08-2026 18:56:03","1033","Information","Microsoft-Windows-SMBServer","Sent RDMA disabled event to LanmanServer for interface \Device\RdmaSmbIpv6_fe80::a6d1:dfb3:7876:aaf0."
"12-08-2026 18:56:03","1040","Information","Microsoft-Windows-SMBServer","Received Mib notification type MibDeleteInstance for interface 18"
"12-08-2026 18:56:03","1034","Information","Microsoft-Windows-SMBServer","Send RDMA Endpoint notification failure - Error updating transport list for device \Device\RdmaSmbIpv4_169.254.147.155. Object Name not found.."
"12-08-2026 18:56:03","1033","Information","Microsoft-Windows-SMBServer","Sent RDMA disabled event to LanmanServer for interface \Device\RdmaSmbIpv4_169.254.147.155."
"12-08-2026 18:56:03","1040","Information","Microsoft-Windows-SMBServer","Received Mib notification type MibDeleteInstance for interface 18"
"12-08-2026 18:40:26","1034","Information","Microsoft-Windows-SMBServer","Send RDMA Endpoint notification failure - DadState is different from IpDadStatePreferred for interface 18. Current DadState: 1."
"12-08-2026 18:40:26","1040","Information","Microsoft-Windows-SMBServer","Received Mib notification type MibAddInstance for interface 18"
"12-08-2026 18:40:19","1034","Information","Microsoft-Windows-SMBServer","Send RDMA Endpoint notification failure - DadState is different from IpDadStatePreferred for interface 18. Current DadState: 3."
"12-08-2026 18:40:19","1040","Information","Microsoft-Windows-SMBServer","Received Mib notification type MibAddInstance for interface 18"
"12-08-2026 18:38:39","1034","Information","Microsoft-Windows-SMBServer","Send RDMA Endpoint notification failure - Error updating transport list for device \Device\RdmaSmbIpv6_fe80::a6d1:dfb3:7876:aaf0. Object Name not found.."
"12-08-2026 18:38:39","1033","Information","Microsoft-Windows-SMBServer","Sent RDMA disabled event to LanmanServer for interface \Device\RdmaSmbIpv6_fe80::a6d1:dfb3:7876:aaf0."
"12-08-2026 18:38:39","1040","Information","Microsoft-Windows-SMBServer","Received Mib notification type MibDeleteInstance for interface 18"
"12-08-2026 18:38:39","1034","Information","Microsoft-Windows-SMBServer","Send RDMA Endpoint notification failure - Error updating transport list for device \Device\RdmaSmbIpv4_169.254.147.155. Object Name not found.."
"12-08-2026 18:38:39","1033","Information","Microsoft-Windows-SMBServer","Sent RDMA disabled event to LanmanServer for interface \Device\RdmaSmbIpv4_169.254.147.155."
"12-08-2026 18:38:39","1040","Information","Microsoft-Windows-SMBServer","Received Mib notification type MibDeleteInstance for interface 18"
"12-08-2026 18:35:20","1034","Information","Microsoft-Windows-SMBServer","Send RDMA Endpoint notification failure - DadState is different from IpDadStatePreferred for interface 18. Current DadState: 1."
"12-08-2026 18:35:20","1040","Information","Microsoft-Windows-SMBServer","Received Mib notification type MibAddInstance for interface 18"
"12-08-2026 18:35:14","1034","Information","Microsoft-Windows-SMBServer","Send RDMA Endpoint notification failure - DadState is different from IpDadStatePreferred for interface 18. Current DadState: 3."
"12-08-2026 18:35:14","1040","Information","Microsoft-Windows-SMBServer","Received Mib notification type MibAddInstance for interface 18"
"12-08-2026 13:33:25","1040","Information","Microsoft-Windows-SMBServer","Received Mib notification type MibParameterNotification for interface 12"
"12-08-2026 12:10:07","1040","Information","Microsoft-Windows-SMBServer","Received Mib notification type MibParameterNotification for interface 12"
"12-08-2026 09:22:44","1034","Information","Microsoft-Windows-SMBServer","Send RDMA Endpoint notification failure - Error updating transport list for device \Device\RdmaSmbIpv6_fe80::a6d1:dfb3:7876:aaf0. Object Name not found.."
"12-08-2026 09:22:44","1033","Information","Microsoft-Windows-SMBServer","Sent RDMA disabled event to LanmanServer for interface \Device\RdmaSmbIpv6_fe80::a6d1:dfb3:7876:aaf0."
"12-08-2026 09:22:44","1040","Information","Microsoft-Windows-SMBServer","Received Mib notification type MibDeleteInstance for interface 18"
"12-08-2026 09:22:44","1034","Information","Microsoft-Windows-SMBServer","Send RDMA Endpoint notification failure - Error updating transport list for device \Device\RdmaSmbIpv4_169.254.147.155. Object Name not found.."
"12-08-2026 09:22:44","1033","Information","Microsoft-Windows-SMBServer","Sent RDMA disabled event to LanmanServer for interface \Device\RdmaSmbIpv4_169.254.147.155."
"12-08-2026 09:22:44","1040","Information","Microsoft-Windows-SMBServer","Received Mib notification type MibDeleteInstance for interface 18"
"11-08-2026 17:34:25","1034","Information","Microsoft-Windows-SMBServer","Send RDMA Endpoint notification failure - DadState is different from IpDadStatePreferred for interface 18. Current DadState: 1."
"11-08-2026 17:34:25","1040","Information","Microsoft-Windows-SMBServer","Received Mib notification type MibAddInstance for interface 18"
"11-08-2026 17:34:18","1034","Information","Microsoft-Windows-SMBServer","Send RDMA Endpoint notification failure - DadState is different from IpDadStatePreferred for interface 18. Current DadState: 3."
"11-08-2026 17:34:18","1040","Information","Microsoft-Windows-SMBServer","Received Mib notification type MibAddInstance for interface 18"
"11-08-2026 17:34:06","1034","Information","Microsoft-Windows-SMBServer","Send RDMA Endpoint notification failure - Error updating transport list for device \Device\RdmaSmbIpv6_fe80::a6d1:dfb3:7876:aaf0. Object Name not found.."
"11-08-2026 17:34:06","1033","Information","Microsoft-Windows-SMBServer","Sent RDMA disabled event to LanmanServer for interface \Device\RdmaSmbIpv6_fe80::a6d1:dfb3:7876:aaf0."
"11-08-2026 17:34:06","1040","Information","Microsoft-Windows-SMBServer","Received Mib notification type MibDeleteInstance for interface 18"
"11-08-2026 17:34:06","1034","Information","Microsoft-Windows-SMBServer","Send RDMA Endpoint notification failure - Error updating transport list for device \Device\RdmaSmbIpv4_169.254.147.155. Object Name not found.."
"11-08-2026 17:34:06","1033","Information","Microsoft-Windows-SMBServer","Sent RDMA disabled event to LanmanServer for interface \Device\RdmaSmbIpv4_169.254.147.155."
"11-08-2026 17:34:06","1040","Information","Microsoft-Windows-SMBServer","Received Mib notification type MibDeleteInstance for interface 18"
"11-08-2026 16:57:30","1034","Information","Microsoft-Windows-SMBServer","Send RDMA Endpoint notification failure - DadState is different from IpDadStatePreferred for interface 18. Current DadState: 1."
"11-08-2026 16:57:30","1040","Information","Microsoft-Windows-SMBServer","Received Mib notification type MibAddInstance for interface 18"
"11-08-2026 16:57:23","1034","Information","Microsoft-Windows-SMBServer","Send RDMA Endpoint notification failure - DadState is different from IpDadStatePreferred for interface 18. Current DadState: 3."
"11-08-2026 16:57:23","1040","Information","Microsoft-Windows-SMBServer","Received Mib notification type MibAddInstance for interface 18"
"11-08-2026 15:27:37","1040","Information","Microsoft-Windows-SMBServer","Received Mib notification type MibParameterNotification for interface 12"
"11-08-2026 12:18:50","1040","Information","Microsoft-Windows-SMBServer","Received Mib notification type MibParameterNotification for interface 12"
"11-08-2026 12:10:06","1010","Information","Microsoft-Windows-SMBServer","Endpoint added.

Name: LIND55MBVC4     
Domain Name: WORKGROUP
Transport Name: \Device\NetBT_Tcpip_{556D9BDF-D387-4AB9-BE4C-A7E220FAF218}
Transport Flags: 0x1

Guidance:

You should expect this event when the server starts listening on an interface, such as during system restart or when enabling a network adaptor. No user action is required."
"11-08-2026 12:10:06","1040","Information","Microsoft-Windows-SMBServer","Received Mib notification type MibParameterNotification for interface 12"
"11-08-2026 12:09:27","1011","Information","Microsoft-Windows-SMBServer","Endpoint removed.

Name: 
Domain Name: 
Transport Name: \Device\NetBT_Tcpip_{556D9BDF-D387-4AB9-BE4C-A7E220FAF218}

Guidance:

You should expect this event when the server stops listening on an interface, such as during shutdown or when disabling a network adaptor. No user action is required."
"11-08-2026 12:09:27","1034","Information","Microsoft-Windows-SMBServer","Send RDMA Endpoint notification failure - Error updating transport list for device \Device\RdmaSmbIpv4_10.243.80.70. Object Name not found.."
"11-08-2026 12:09:27","1033","Information","Microsoft-Windows-SMBServer","Sent RDMA disabled event to LanmanServer for interface \Device\RdmaSmbIpv4_10.243.80.70."
"11-08-2026 12:09:27","1040","Information","Microsoft-Windows-SMBServer","Received Mib notification type MibParameterNotification for interface 12"
"11-08-2026 12:06:50","1040","Information","Microsoft-Windows-SMBServer","Received Mib notification type MibParameterNotification for interface 12"
"11-08-2026 12:04:33","1034","Information","Microsoft-Windows-SMBServer","Send RDMA Endpoint notification failure - DadState is different from IpDadStatePreferred for interface 6. Current DadState: 1."
"11-08-2026 12:04:33","1040","Information","Microsoft-Windows-SMBServer","Received Mib notification type MibAddInstance for interface 6"
"11-08-2026 12:04:27","1034","Information","Microsoft-Windows-SMBServer","Send RDMA Endpoint notification failure - DadState is different from IpDadStatePreferred for interface 6. Current DadState: 3."
"11-08-2026 12:04:27","1040","Information","Microsoft-Windows-SMBServer","Received Mib notification type MibAddInstance for interface 6"
"11-08-2026 12:02:48","1034","Information","Microsoft-Windows-SMBServer","Send RDMA Endpoint notification failure - DadState is different from IpDadStatePreferred for interface 2. Current DadState: 1."
"11-08-2026 12:02:48","1040","Information","Microsoft-Windows-SMBServer","Received Mib notification type MibAddInstance for interface 2"
"11-08-2026 12:02:46","1040","Information","Microsoft-Windows-SMBServer","Received Mib notification type MibParameterNotification for interface 12"
