"29-06-2026 09:58:24","263","Information","Microsoft-Windows-Time-Service","W32time Service configuration parameters have been updated. This may impact the fine-grained time synchronization accuracy.
Updated Configuration:
EventLogFlags: 2 (Local)
AnnounceFlags: 10 (Local)
TimeJumpAuditOffset: 28800 (Local)
MinPollInterval: 10 (Local)
MaxPollInterval: 15 (Local)
MaxNegPhaseCorrection: 54000 (Local)
MaxPosPhaseCorrection: 54000 (Local)
MaxAllowedPhaseOffset: 1 (Local)

FrequencyCorrectRate: 4 (Local)
PollAdjustFactor: 5 (Local)
LargePhaseOffset: 50000000 (Local)
SpikeWatchPeriod: 900 (Local)
LocalClockDispersion: 10 (Local)
HoldPeriod: 5 (Local)
PhaseCorrectRate: 1 (Local)
UpdateInterval: 360000 (Local)

FileLogName:  (Local)
FileLogEntries:  (Local)
FileLogSize: 0 (Local)
FileLogFlags: 0 (Undefined or not used)

UtilizeSslTimeData: 1 (Local)

[Leap Seconds]
Enabled: 1 (Local)
Total Leap Seconds (after June 2018): 0 (Local)
Current UTC offset: 0 (Local)

Updated Time Providers:
NtpClient (Local)
DllName: C:\Windows\system32\w32time.dll (Local)
Enabled: 1 (Local)
InputProvider: 1 (Local)
CrossSiteSyncFlags: 0 (Undefined or not used)
AllowNonstandardModeCombinations: 1 (Local)
ResolvePeerBackoffMinutes: 15 (Local)
ResolvePeerBackoffMaxTimes: 7 (Local)
CompatibilityFlags: 2147483648 (Local)
EventLogFlags: 1 (Local)
LargeSampleSkew: 3 (Local)
SpecialPollInterval: 16384 (Local)
Type: NTP (Local)
NtpServer: time.windows.com,0x9 (Local)

NtpServer (Local)
DllName: C:\Windows\system32\w32time.dll (Local)
Enabled: 0 (Local)
InputProvider: 0 (Local)


System Tick Count: 3368546
For more information, see https://go.microsoft.com/fwlink/?linkid=845961."
"29-06-2026 09:58:24","272","Information","Microsoft-Windows-Time-Service","Leap second configuration:
Enabled: 1 (Local)
Count: 0 (Local)
Current Offset from UTC(Seconds): 0 (Local)
Runtime state consistent with settings: 1
Newest Leap Seconds List (Local):

System Tick Count: 3368546.

For more information, see https://go.microsoft.com/fwlink/?linkid=845961."
"29-06-2026 09:47:22","266","Information","Microsoft-Windows-Time-Service","W32time Service received notification to rediscover its time sources and/or resynchronize time. Reason Code:1 System Tick Count: 2706546
Reason code description:
0 : An explicit time resynchronization request from an administrator
1 : Power state changes on this machine
2 : Changes to the network interface or to the network topology
3 : State changes within W32time that require time synchronization
The actions that follow this notifcation may impact fine-grained time synchronization accuracy.For more information, see https://go.microsoft.com/fwlink/?linkid=845961."
"29-06-2026 09:41:20","263","Information","Microsoft-Windows-Time-Service","W32time Service configuration parameters have been updated. This may impact the fine-grained time synchronization accuracy.
Updated Configuration:
EventLogFlags: 2 (Local)
AnnounceFlags: 10 (Local)
TimeJumpAuditOffset: 28800 (Local)
MinPollInterval: 10 (Local)
MaxPollInterval: 15 (Local)
MaxNegPhaseCorrection: 54000 (Local)
MaxPosPhaseCorrection: 54000 (Local)
MaxAllowedPhaseOffset: 1 (Local)

FrequencyCorrectRate: 4 (Local)
PollAdjustFactor: 5 (Local)
LargePhaseOffset: 50000000 (Local)
SpikeWatchPeriod: 900 (Local)
LocalClockDispersion: 10 (Local)
HoldPeriod: 5 (Local)
PhaseCorrectRate: 1 (Local)
UpdateInterval: 360000 (Local)

FileLogName:  (Local)
FileLogEntries:  (Local)
FileLogSize: 0 (Local)
FileLogFlags: 0 (Undefined or not used)

UtilizeSslTimeData: 1 (Local)

[Leap Seconds]
Enabled: 1 (Local)
Total Leap Seconds (after June 2018): 0 (Local)
Current UTC offset: 0 (Local)

Updated Time Providers:
NtpClient (Local)
DllName: C:\Windows\system32\w32time.dll (Local)
Enabled: 1 (Local)
InputProvider: 1 (Local)
CrossSiteSyncFlags: 0 (Undefined or not used)
AllowNonstandardModeCombinations: 1 (Local)
ResolvePeerBackoffMinutes: 15 (Local)
ResolvePeerBackoffMaxTimes: 7 (Local)
CompatibilityFlags: 2147483648 (Local)
EventLogFlags: 1 (Local)
LargeSampleSkew: 3 (Local)
SpecialPollInterval: 16384 (Local)
Type: NTP (Local)
NtpServer: time.windows.com,0x9 (Local)

NtpServer (Local)
DllName: C:\Windows\system32\w32time.dll (Local)
Enabled: 0 (Local)
InputProvider: 0 (Local)


System Tick Count: 2344531
For more information, see https://go.microsoft.com/fwlink/?linkid=845961."
"29-06-2026 09:41:20","272","Information","Microsoft-Windows-Time-Service","Leap second configuration:
Enabled: 1 (Local)
Count: 0 (Local)
Current Offset from UTC(Seconds): 0 (Local)
Runtime state consistent with settings: 1
Newest Leap Seconds List (Local):

System Tick Count: 2344531.

For more information, see https://go.microsoft.com/fwlink/?linkid=845961."
"29-06-2026 09:41:20","260","Information","Microsoft-Windows-Time-Service","W32time Service periodic configuration and status message
Configuration:
EventLogFlags: 2 (Local)
AnnounceFlags: 10 (Local)
TimeJumpAuditOffset: 28800 (Local)
MinPollInterval: 10 (Local)
MaxPollInterval: 15 (Local)
MaxNegPhaseCorrection: 54000 (Local)
MaxPosPhaseCorrection: 54000 (Local)
MaxAllowedPhaseOffset: 1 (Local)

FrequencyCorrectRate: 4 (Local)
PollAdjustFactor: 5 (Local)
LargePhaseOffset: 50000000 (Local)
SpikeWatchPeriod: 900 (Local)
LocalClockDispersion: 10 (Local)
HoldPeriod: 5 (Local)
PhaseCorrectRate: 1 (Local)
UpdateInterval: 360000 (Local)

FileLogName:  (Local)
FileLogEntries:  (Local)
FileLogSize: 0 (Local)
FileLogFlags: 0 (Undefined or not used)

UtilizeSslTimeData: 1 (Local)

[Leap Seconds]
Enabled: 1 (Local)
Total Leap Seconds (after June 2018): 0 (Local)
Current UTC offset: 0 (Local)

Time Providers:
NtpClient (Local)
DllName: C:\Windows\system32\w32time.dll (Local)
Enabled: 1 (Local)
InputProvider: 1 (Local)
CrossSiteSyncFlags: 0 (Undefined or not used)
AllowNonstandardModeCombinations: 1 (Local)
ResolvePeerBackoffMinutes: 15 (Local)
ResolvePeerBackoffMaxTimes: 7 (Local)
CompatibilityFlags: 2147483648 (Local)
EventLogFlags: 1 (Local)
LargeSampleSkew: 3 (Local)
SpecialPollInterval: 16384 (Local)
Type: NTP (Local)
NtpServer: time.windows.com,0x9 (Local)

NtpServer (Local)
DllName: C:\Windows\system32\w32time.dll (Local)
Enabled: 0 (Local)
InputProvider: 0 (Local)



Current Status:
Leap Indicator: 3
Stratum: 0
Precision: -23
RootDelay: 0.0000000s
RootDispersion: 0.0000000s
ReferenceId: 0x00000000
Last Successful Sync Time: 1601-01-01T00:00:00.0Z (UTC)
Source: Local CMOS Clock
Poll Interval: 10
Phase Offset: 0.0000000s
Clock Rate: 156250
State Machine: 0
Time Source Flags: 0
Server Role: 0
Last Sync Error: 1
Time Since Last Good Sync: 1040.0222288s
System Tick Count: 2344531
For more information, see https://go.microsoft.com/fwlink/?linkid=845961."
"29-06-2026 09:41:20","259","Information","Microsoft-Windows-Time-Service","NTP Client provider periodic status:
Ntp Client is receiving time data from the following NTP Servers: ;  and the chosen reference time server is . System Tick Count 2344531. IFTSTMP:1.
For more information, see https://go.microsoft.com/fwlink/?linkid=845961."
"29-06-2026 09:24:00","264","Information","Microsoft-Windows-Time-Service","NTP Client observed a change peer reachability. Ntp Client is now receiving time data from the following NTP Servers: time.windows.com,0x9 (ntp.m|0x9|0.0.0.0:123->40.81.94.65:123);. System Tick Count: 1304546.
For more information, see https://go.microsoft.com/fwlink/?linkid=845961."
"29-06-2026 09:24:00","257","Information","Microsoft-Windows-Time-Service","W32time service has started at 2026-06-29T03:54:00.700Z (UTC), System Tick Count 1304468.
Configuration:
EventLogFlags: 2 (Local)
AnnounceFlags: 10 (Local)
TimeJumpAuditOffset: 28800 (Local)
MinPollInterval: 10 (Local)
MaxPollInterval: 15 (Local)
MaxNegPhaseCorrection: 54000 (Local)
MaxPosPhaseCorrection: 54000 (Local)
MaxAllowedPhaseOffset: 1 (Local)

FrequencyCorrectRate: 4 (Local)
PollAdjustFactor: 5 (Local)
LargePhaseOffset: 50000000 (Local)
SpikeWatchPeriod: 900 (Local)
LocalClockDispersion: 10 (Local)
HoldPeriod: 5 (Local)
PhaseCorrectRate: 1 (Local)
UpdateInterval: 360000 (Local)

FileLogName:  (Local)
FileLogEntries:  (Local)
FileLogSize: 0 (Local)
FileLogFlags: 0 (Undefined or not used)

UtilizeSslTimeData: 1 (Local)

[Leap Seconds]
Enabled: 1 (Local)
Total Leap Seconds (after June 2018): 0 (Local)
Current UTC offset: 0 (Local)

Time Providers:
NtpClient (Local)
DllName: C:\Windows\system32\w32time.dll (Local)
Enabled: 1 (Local)
InputProvider: 1 (Local)
CrossSiteSyncFlags: 0 (Undefined or not used)
AllowNonstandardModeCombinations: 1 (Local)
ResolvePeerBackoffMinutes: 15 (Local)
ResolvePeerBackoffMaxTimes: 7 (Local)
CompatibilityFlags: 2147483648 (Local)
EventLogFlags: 1 (Local)
LargeSampleSkew: 3 (Local)
SpecialPollInterval: 16384 (Local)
Type: NTP (Local)
NtpServer: time.windows.com,0x9 (Local)

NtpServer (Local)
DllName: C:\Windows\system32\w32time.dll (Local)
Enabled: 0 (Local)
InputProvider: 0 (Local)


Clock Rate:156250
For more information, see https://go.microsoft.com/fwlink/?linkid=845961."
"29-06-2026 09:24:00","272","Information","Microsoft-Windows-Time-Service","Leap second configuration:
Enabled: 1 (Local)
Count: 0 (Local)
Current Offset from UTC(Seconds): 0 (Local)
Runtime state consistent with settings: 1
Newest Leap Seconds List (Local):

System Tick Count: 1304468.

For more information, see https://go.microsoft.com/fwlink/?linkid=845961."
"26-06-2026 14:29:54","258","Information","Microsoft-Windows-Time-Service","W32time service is stopping at 2026-06-26T08:59:54.505Z (UTC), System Tick Count 104046312 with return code: 0x00000000: Success.
For more information, see https://go.microsoft.com/fwlink/?linkid=845961."
"26-06-2026 14:29:54","261","Information","Microsoft-Windows-Time-Service","W32time service has set the system time to 2026-06-26T08:59:54.500Z(UTC). Previous system time was 2026-06-26T08:59:54.499Z(UTC). System Tick Count: 104046296
For more information, see https://go.microsoft.com/fwlink/?linkid=845961."
"26-06-2026 14:29:54","265","Information","Microsoft-Windows-Time-Service","The time service is now synchronizing the system time with the reference time source time.windows.com,0x9 (ntp.m|0x9|0.0.0.0:123->40.81.94.65:123) with reference id 0x28515E41. Current local stratum number is 5, System Tick Count: 104046296.
For more information, see https://go.microsoft.com/fwlink/?linkid=845961."
"26-06-2026 14:29:54","264","Information","Microsoft-Windows-Time-Service","NTP Client observed a change peer reachability. Ntp Client is now receiving time data from the following NTP Servers: time.windows.com,0x9 (ntp.m|0x9|0.0.0.0:123->40.81.94.65:123);. System Tick Count: 104046281.
For more information, see https://go.microsoft.com/fwlink/?linkid=845961."
"26-06-2026 12:00:04","266","Information","Microsoft-Windows-Time-Service","W32time Service received notification to rediscover its time sources and/or resynchronize time. Reason Code:3 System Tick Count: 95056343
Reason code description:
0 : An explicit time resynchronization request from an administrator
1 : Power state changes on this machine
2 : Changes to the network interface or to the network topology
3 : State changes within W32time that require time synchronization
The actions that follow this notifcation may impact fine-grained time synchronization accuracy.For more information, see https://go.microsoft.com/fwlink/?linkid=845961."
"26-06-2026 11:52:54","266","Information","Microsoft-Windows-Time-Service","W32time Service received notification to rediscover its time sources and/or resynchronize time. Reason Code:1 System Tick Count: 94626625
Reason code description:
0 : An explicit time resynchronization request from an administrator
1 : Power state changes on this machine
2 : Changes to the network interface or to the network topology
3 : State changes within W32time that require time synchronization
The actions that follow this notifcation may impact fine-grained time synchronization accuracy.For more information, see https://go.microsoft.com/fwlink/?linkid=845961."
"26-06-2026 11:05:22","263","Information","Microsoft-Windows-Time-Service","W32time Service configuration parameters have been updated. This may impact the fine-grained time synchronization accuracy.
Updated Configuration:
EventLogFlags: 2 (Local)
AnnounceFlags: 10 (Local)
TimeJumpAuditOffset: 28800 (Local)
MinPollInterval: 10 (Local)
MaxPollInterval: 15 (Local)
MaxNegPhaseCorrection: 54000 (Local)
MaxPosPhaseCorrection: 54000 (Local)
MaxAllowedPhaseOffset: 1 (Local)

FrequencyCorrectRate: 4 (Local)
PollAdjustFactor: 5 (Local)
LargePhaseOffset: 50000000 (Local)
SpikeWatchPeriod: 900 (Local)
LocalClockDispersion: 10 (Local)
HoldPeriod: 5 (Local)
PhaseCorrectRate: 1 (Local)
UpdateInterval: 360000 (Local)

FileLogName:  (Local)
FileLogEntries:  (Local)
FileLogSize: 0 (Local)
FileLogFlags: 0 (Undefined or not used)

UtilizeSslTimeData: 1 (Local)

[Leap Seconds]
Enabled: 1 (Local)
Total Leap Seconds (after June 2018): 0 (Local)
Current UTC offset: 0 (Local)

Updated Time Providers:
NtpClient (Local)
DllName: C:\Windows\system32\w32time.dll (Local)
Enabled: 1 (Local)
InputProvider: 1 (Local)
CrossSiteSyncFlags: 0 (Undefined or not used)
AllowNonstandardModeCombinations: 1 (Local)
ResolvePeerBackoffMinutes: 15 (Local)
ResolvePeerBackoffMaxTimes: 7 (Local)
CompatibilityFlags: 2147483648 (Local)
EventLogFlags: 1 (Local)
LargeSampleSkew: 3 (Local)
SpecialPollInterval: 16384 (Local)
Type: NTP (Local)
NtpServer: time.windows.com,0x9 (Local)

NtpServer (Local)
DllName: C:\Windows\system32\w32time.dll (Local)
Enabled: 0 (Local)
InputProvider: 0 (Local)


System Tick Count: 91774265
For more information, see https://go.microsoft.com/fwlink/?linkid=845961."
"26-06-2026 11:05:22","272","Information","Microsoft-Windows-Time-Service","Leap second configuration:
Enabled: 1 (Local)
Count: 0 (Local)
Current Offset from UTC(Seconds): 0 (Local)
Runtime state consistent with settings: 1
Newest Leap Seconds List (Local):

System Tick Count: 91774265.

For more information, see https://go.microsoft.com/fwlink/?linkid=845961."
"26-06-2026 10:48:18","263","Information","Microsoft-Windows-Time-Service","W32time Service configuration parameters have been updated. This may impact the fine-grained time synchronization accuracy.
Updated Configuration:
EventLogFlags: 2 (Local)
AnnounceFlags: 10 (Local)
TimeJumpAuditOffset: 28800 (Local)
MinPollInterval: 10 (Local)
MaxPollInterval: 15 (Local)
MaxNegPhaseCorrection: 54000 (Local)
MaxPosPhaseCorrection: 54000 (Local)
MaxAllowedPhaseOffset: 1 (Local)

FrequencyCorrectRate: 4 (Local)
PollAdjustFactor: 5 (Local)
LargePhaseOffset: 50000000 (Local)
SpikeWatchPeriod: 900 (Local)
LocalClockDispersion: 10 (Local)
HoldPeriod: 5 (Local)
PhaseCorrectRate: 1 (Local)
UpdateInterval: 360000 (Local)

FileLogName:  (Local)
FileLogEntries:  (Local)
FileLogSize: 0 (Local)
FileLogFlags: 0 (Undefined or not used)

UtilizeSslTimeData: 1 (Local)

[Leap Seconds]
Enabled: 1 (Local)
Total Leap Seconds (after June 2018): 0 (Local)
Current UTC offset: 0 (Local)

Updated Time Providers:
NtpClient (Local)
DllName: C:\Windows\system32\w32time.dll (Local)
Enabled: 1 (Local)
InputProvider: 1 (Local)
CrossSiteSyncFlags: 0 (Undefined or not used)
AllowNonstandardModeCombinations: 1 (Local)
ResolvePeerBackoffMinutes: 15 (Local)
ResolvePeerBackoffMaxTimes: 7 (Local)
CompatibilityFlags: 2147483648 (Local)
EventLogFlags: 1 (Local)
LargeSampleSkew: 3 (Local)
SpecialPollInterval: 16384 (Local)
Type: NTP (Local)
NtpServer: time.windows.com,0x9 (Local)

NtpServer (Local)
DllName: C:\Windows\system32\w32time.dll (Local)
Enabled: 0 (Local)
InputProvider: 0 (Local)


System Tick Count: 90750250
For more information, see https://go.microsoft.com/fwlink/?linkid=845961."
"26-06-2026 10:48:18","272","Information","Microsoft-Windows-Time-Service","Leap second configuration:
Enabled: 1 (Local)
Count: 0 (Local)
Current Offset from UTC(Seconds): 0 (Local)
Runtime state consistent with settings: 1
Newest Leap Seconds List (Local):

System Tick Count: 90750250.

For more information, see https://go.microsoft.com/fwlink/?linkid=845961."
"26-06-2026 10:31:14","263","Information","Microsoft-Windows-Time-Service","W32time Service configuration parameters have been updated. This may impact the fine-grained time synchronization accuracy.
Updated Configuration:
EventLogFlags: 2 (Local)
AnnounceFlags: 10 (Local)
TimeJumpAuditOffset: 28800 (Local)
MinPollInterval: 10 (Local)
MaxPollInterval: 15 (Local)
MaxNegPhaseCorrection: 54000 (Local)
MaxPosPhaseCorrection: 54000 (Local)
MaxAllowedPhaseOffset: 1 (Local)

FrequencyCorrectRate: 4 (Local)
PollAdjustFactor: 5 (Local)
LargePhaseOffset: 50000000 (Local)
SpikeWatchPeriod: 900 (Local)
LocalClockDispersion: 10 (Local)
HoldPeriod: 5 (Local)
PhaseCorrectRate: 1 (Local)
UpdateInterval: 360000 (Local)

FileLogName:  (Local)
FileLogEntries:  (Local)
FileLogSize: 0 (Local)
FileLogFlags: 0 (Undefined or not used)

UtilizeSslTimeData: 1 (Local)

[Leap Seconds]
Enabled: 1 (Local)
Total Leap Seconds (after June 2018): 0 (Local)
Current UTC offset: 0 (Local)

Updated Time Providers:
NtpClient (Local)
DllName: C:\Windows\system32\w32time.dll (Local)
Enabled: 1 (Local)
InputProvider: 1 (Local)
CrossSiteSyncFlags: 0 (Undefined or not used)
AllowNonstandardModeCombinations: 1 (Local)
ResolvePeerBackoffMinutes: 15 (Local)
ResolvePeerBackoffMaxTimes: 7 (Local)
CompatibilityFlags: 2147483648 (Local)
EventLogFlags: 1 (Local)
LargeSampleSkew: 3 (Local)
SpecialPollInterval: 16384 (Local)
Type: NTP (Local)
NtpServer: time.windows.com,0x9 (Local)

NtpServer (Local)
DllName: C:\Windows\system32\w32time.dll (Local)
Enabled: 0 (Local)
InputProvider: 0 (Local)


System Tick Count: 89726234
For more information, see https://go.microsoft.com/fwlink/?linkid=845961."
"26-06-2026 10:31:14","272","Information","Microsoft-Windows-Time-Service","Leap second configuration:
Enabled: 1 (Local)
Count: 0 (Local)
Current Offset from UTC(Seconds): 0 (Local)
Runtime state consistent with settings: 1
Newest Leap Seconds List (Local):

System Tick Count: 89726234.

For more information, see https://go.microsoft.com/fwlink/?linkid=845961."
"26-06-2026 10:14:10","263","Information","Microsoft-Windows-Time-Service","W32time Service configuration parameters have been updated. This may impact the fine-grained time synchronization accuracy.
Updated Configuration:
EventLogFlags: 2 (Local)
AnnounceFlags: 10 (Local)
TimeJumpAuditOffset: 28800 (Local)
MinPollInterval: 10 (Local)
MaxPollInterval: 15 (Local)
MaxNegPhaseCorrection: 54000 (Local)
MaxPosPhaseCorrection: 54000 (Local)
MaxAllowedPhaseOffset: 1 (Local)

FrequencyCorrectRate: 4 (Local)
PollAdjustFactor: 5 (Local)
LargePhaseOffset: 50000000 (Local)
SpikeWatchPeriod: 900 (Local)
LocalClockDispersion: 10 (Local)
HoldPeriod: 5 (Local)
PhaseCorrectRate: 1 (Local)
UpdateInterval: 360000 (Local)

FileLogName:  (Local)
FileLogEntries:  (Local)
FileLogSize: 0 (Local)
FileLogFlags: 0 (Undefined or not used)

UtilizeSslTimeData: 1 (Local)

[Leap Seconds]
Enabled: 1 (Local)
Total Leap Seconds (after June 2018): 0 (Local)
Current UTC offset: 0 (Local)

Updated Time Providers:
NtpClient (Local)
DllName: C:\Windows\system32\w32time.dll (Local)
Enabled: 1 (Local)
InputProvider: 1 (Local)
CrossSiteSyncFlags: 0 (Undefined or not used)
AllowNonstandardModeCombinations: 1 (Local)
ResolvePeerBackoffMinutes: 15 (Local)
ResolvePeerBackoffMaxTimes: 7 (Local)
CompatibilityFlags: 2147483648 (Local)
EventLogFlags: 1 (Local)
LargeSampleSkew: 3 (Local)
SpecialPollInterval: 16384 (Local)
Type: NTP (Local)
NtpServer: time.windows.com,0x9 (Local)

NtpServer (Local)
DllName: C:\Windows\system32\w32time.dll (Local)
Enabled: 0 (Local)
InputProvider: 0 (Local)


System Tick Count: 88702218
For more information, see https://go.microsoft.com/fwlink/?linkid=845961."
"26-06-2026 10:14:10","272","Information","Microsoft-Windows-Time-Service","Leap second configuration:
Enabled: 1 (Local)
Count: 0 (Local)
Current Offset from UTC(Seconds): 0 (Local)
Runtime state consistent with settings: 1
Newest Leap Seconds List (Local):

System Tick Count: 88702203.

For more information, see https://go.microsoft.com/fwlink/?linkid=845961."
"26-06-2026 10:14:10","260","Information","Microsoft-Windows-Time-Service","W32time Service periodic configuration and status message
Configuration:
EventLogFlags: 2 (Local)
AnnounceFlags: 10 (Local)
TimeJumpAuditOffset: 28800 (Local)
MinPollInterval: 10 (Local)
MaxPollInterval: 15 (Local)
MaxNegPhaseCorrection: 54000 (Local)
MaxPosPhaseCorrection: 54000 (Local)
MaxAllowedPhaseOffset: 1 (Local)

FrequencyCorrectRate: 4 (Local)
PollAdjustFactor: 5 (Local)
LargePhaseOffset: 50000000 (Local)
SpikeWatchPeriod: 900 (Local)
LocalClockDispersion: 10 (Local)
HoldPeriod: 5 (Local)
PhaseCorrectRate: 1 (Local)
UpdateInterval: 360000 (Local)

FileLogName:  (Local)
FileLogEntries:  (Local)
FileLogSize: 0 (Local)
FileLogFlags: 0 (Undefined or not used)

UtilizeSslTimeData: 1 (Local)

[Leap Seconds]
Enabled: 1 (Local)
Total Leap Seconds (after June 2018): 0 (Local)
Current UTC offset: 0 (Local)

Time Providers:
NtpClient (Local)
DllName: C:\Windows\system32\w32time.dll (Local)
Enabled: 1 (Local)
InputProvider: 1 (Local)
CrossSiteSyncFlags: 0 (Undefined or not used)
AllowNonstandardModeCombinations: 1 (Local)
ResolvePeerBackoffMinutes: 15 (Local)
ResolvePeerBackoffMaxTimes: 7 (Local)
CompatibilityFlags: 2147483648 (Local)
EventLogFlags: 1 (Local)
LargeSampleSkew: 3 (Local)
SpecialPollInterval: 16384 (Local)
Type: NTP (Local)
NtpServer: time.windows.com,0x9 (Local)

NtpServer (Local)
DllName: C:\Windows\system32\w32time.dll (Local)
Enabled: 0 (Local)
InputProvider: 0 (Local)



Current Status:
Leap Indicator: 3
Stratum: 0
Precision: -23
RootDelay: 0.0000000s
RootDispersion: 0.0000000s
ReferenceId: 0x00000000
Last Successful Sync Time: 1601-01-01T00:00:00.0Z (UTC)
Source: Local CMOS Clock
Poll Interval: 10
Phase Offset: 0.0000000s
Clock Rate: 156250
State Machine: 0
Time Source Flags: 0
Server Role: 0
Last Sync Error: 1
Time Since Last Good Sync: 1040.0139772s
System Tick Count: 88702203
For more information, see https://go.microsoft.com/fwlink/?linkid=845961."
"26-06-2026 10:14:10","259","Information","Microsoft-Windows-Time-Service","NTP Client provider periodic status:
Ntp Client is receiving time data from the following NTP Servers: ;  and the chosen reference time server is . System Tick Count 88702203. IFTSTMP:1.
For more information, see https://go.microsoft.com/fwlink/?linkid=845961."
"26-06-2026 09:56:50","264","Information","Microsoft-Windows-Time-Service","NTP Client observed a change peer reachability. Ntp Client is now receiving time data from the following NTP Servers: time.windows.com,0x9 (ntp.m|0x9|0.0.0.0:123->40.81.94.65:123);. System Tick Count: 87662234.
For more information, see https://go.microsoft.com/fwlink/?linkid=845961."
"26-06-2026 09:56:50","257","Information","Microsoft-Windows-Time-Service","W32time service has started at 2026-06-26T04:26:50.394Z (UTC), System Tick Count 87662140.
Configuration:
EventLogFlags: 2 (Local)
AnnounceFlags: 10 (Local)
TimeJumpAuditOffset: 28800 (Local)
MinPollInterval: 10 (Local)
MaxPollInterval: 15 (Local)
MaxNegPhaseCorrection: 54000 (Local)
MaxPosPhaseCorrection: 54000 (Local)
MaxAllowedPhaseOffset: 1 (Local)

FrequencyCorrectRate: 4 (Local)
PollAdjustFactor: 5 (Local)
LargePhaseOffset: 50000000 (Local)
SpikeWatchPeriod: 900 (Local)
LocalClockDispersion: 10 (Local)
HoldPeriod: 5 (Local)
PhaseCorrectRate: 1 (Local)
UpdateInterval: 360000 (Local)

FileLogName:  (Local)
FileLogEntries:  (Local)
FileLogSize: 0 (Local)
FileLogFlags: 0 (Undefined or not used)

UtilizeSslTimeData: 1 (Local)

[Leap Seconds]
Enabled: 1 (Local)
Total Leap Seconds (after June 2018): 0 (Local)
Current UTC offset: 0 (Local)

Time Providers:
NtpClient (Local)
DllName: C:\Windows\system32\w32time.dll (Local)
Enabled: 1 (Local)
InputProvider: 1 (Local)
CrossSiteSyncFlags: 0 (Undefined or not used)
AllowNonstandardModeCombinations: 1 (Local)
ResolvePeerBackoffMinutes: 15 (Local)
ResolvePeerBackoffMaxTimes: 7 (Local)
CompatibilityFlags: 2147483648 (Local)
EventLogFlags: 1 (Local)
LargeSampleSkew: 3 (Local)
SpecialPollInterval: 16384 (Local)
Type: NTP (Local)
NtpServer: time.windows.com,0x9 (Local)

NtpServer (Local)
DllName: C:\Windows\system32\w32time.dll (Local)
Enabled: 0 (Local)
InputProvider: 0 (Local)


Clock Rate:156250
For more information, see https://go.microsoft.com/fwlink/?linkid=845961."
"26-06-2026 09:56:50","272","Information","Microsoft-Windows-Time-Service","Leap second configuration:
Enabled: 1 (Local)
Count: 0 (Local)
Current Offset from UTC(Seconds): 0 (Local)
Runtime state consistent with settings: 1
Newest Leap Seconds List (Local):

System Tick Count: 87662140.

For more information, see https://go.microsoft.com/fwlink/?linkid=845961."
"25-06-2026 15:00:36","258","Information","Microsoft-Windows-Time-Service","W32time service is stopping at 2026-06-25T09:30:36.923Z (UTC), System Tick Count 19488718 with return code: 0x00000000: Success.
For more information, see https://go.microsoft.com/fwlink/?linkid=845961."
"25-06-2026 15:00:36","261","Information","Microsoft-Windows-Time-Service","W32time service has set the system time to 2026-06-25T09:30:36.914Z(UTC). Previous system time was 2026-06-25T09:30:36.911Z(UTC). System Tick Count: 19488718
For more information, see https://go.microsoft.com/fwlink/?linkid=845961."
"25-06-2026 15:00:36","265","Information","Microsoft-Windows-Time-Service","The time service is now synchronizing the system time with the reference time source time.windows.com,0x9 (ntp.m|0x9|0.0.0.0:123->40.81.94.65:123) with reference id 0x28515E41. Current local stratum number is 5, System Tick Count: 19488718.
For more information, see https://go.microsoft.com/fwlink/?linkid=845961."
"25-06-2026 15:00:36","264","Information","Microsoft-Windows-Time-Service","NTP Client observed a change peer reachability. Ntp Client is now receiving time data from the following NTP Servers: time.windows.com,0x9 (ntp.m|0x9|0.0.0.0:123->40.81.94.65:123);. System Tick Count: 19488687.
For more information, see https://go.microsoft.com/fwlink/?linkid=845961."
"25-06-2026 11:36:04","263","Information","Microsoft-Windows-Time-Service","W32time Service configuration parameters have been updated. This may impact the fine-grained time synchronization accuracy.
Updated Configuration:
EventLogFlags: 2 (Local)
AnnounceFlags: 10 (Local)
TimeJumpAuditOffset: 28800 (Local)
MinPollInterval: 10 (Local)
MaxPollInterval: 15 (Local)
MaxNegPhaseCorrection: 54000 (Local)
MaxPosPhaseCorrection: 54000 (Local)
MaxAllowedPhaseOffset: 1 (Local)

FrequencyCorrectRate: 4 (Local)
PollAdjustFactor: 5 (Local)
LargePhaseOffset: 50000000 (Local)
SpikeWatchPeriod: 900 (Local)
LocalClockDispersion: 10 (Local)
HoldPeriod: 5 (Local)
PhaseCorrectRate: 1 (Local)
UpdateInterval: 360000 (Local)

FileLogName:  (Local)
FileLogEntries:  (Local)
FileLogSize: 0 (Local)
FileLogFlags: 0 (Undefined or not used)

UtilizeSslTimeData: 1 (Local)

[Leap Seconds]
Enabled: 1 (Local)
Total Leap Seconds (after June 2018): 0 (Local)
Current UTC offset: 0 (Local)

Updated Time Providers:
NtpClient (Local)
DllName: C:\Windows\system32\w32time.dll (Local)
Enabled: 1 (Local)
InputProvider: 1 (Local)
CrossSiteSyncFlags: 0 (Undefined or not used)
AllowNonstandardModeCombinations: 1 (Local)
ResolvePeerBackoffMinutes: 15 (Local)
ResolvePeerBackoffMaxTimes: 7 (Local)
CompatibilityFlags: 2147483648 (Local)
EventLogFlags: 1 (Local)
LargeSampleSkew: 3 (Local)
SpecialPollInterval: 16384 (Local)
Type: NTP (Local)
NtpServer: time.windows.com,0x9 (Local)

NtpServer (Local)
DllName: C:\Windows\system32\w32time.dll (Local)
Enabled: 0 (Local)
InputProvider: 0 (Local)


System Tick Count: 7216671
For more information, see https://go.microsoft.com/fwlink/?linkid=845961."
"25-06-2026 11:36:04","272","Information","Microsoft-Windows-Time-Service","Leap second configuration:
Enabled: 1 (Local)
Count: 0 (Local)
Current Offset from UTC(Seconds): 0 (Local)
Runtime state consistent with settings: 1
Newest Leap Seconds List (Local):

System Tick Count: 7216671.

For more information, see https://go.microsoft.com/fwlink/?linkid=845961."
"25-06-2026 11:19:00","263","Information","Microsoft-Windows-Time-Service","W32time Service configuration parameters have been updated. This may impact the fine-grained time synchronization accuracy.
Updated Configuration:
EventLogFlags: 2 (Local)
AnnounceFlags: 10 (Local)
TimeJumpAuditOffset: 28800 (Local)
MinPollInterval: 10 (Local)
MaxPollInterval: 15 (Local)
MaxNegPhaseCorrection: 54000 (Local)
MaxPosPhaseCorrection: 54000 (Local)
MaxAllowedPhaseOffset: 1 (Local)

FrequencyCorrectRate: 4 (Local)
PollAdjustFactor: 5 (Local)
LargePhaseOffset: 50000000 (Local)
SpikeWatchPeriod: 900 (Local)
LocalClockDispersion: 10 (Local)
HoldPeriod: 5 (Local)
PhaseCorrectRate: 1 (Local)
UpdateInterval: 360000 (Local)

FileLogName:  (Local)
FileLogEntries:  (Local)
FileLogSize: 0 (Local)
FileLogFlags: 0 (Undefined or not used)

UtilizeSslTimeData: 1 (Local)

[Leap Seconds]
Enabled: 1 (Local)
Total Leap Seconds (after June 2018): 0 (Local)
Current UTC offset: 0 (Local)

Updated Time Providers:
NtpClient (Local)
DllName: C:\Windows\system32\w32time.dll (Local)
Enabled: 1 (Local)
InputProvider: 1 (Local)
CrossSiteSyncFlags: 0 (Undefined or not used)
AllowNonstandardModeCombinations: 1 (Local)
ResolvePeerBackoffMinutes: 15 (Local)
ResolvePeerBackoffMaxTimes: 7 (Local)
CompatibilityFlags: 2147483648 (Local)
EventLogFlags: 1 (Local)
LargeSampleSkew: 3 (Local)
SpecialPollInterval: 16384 (Local)
Type: NTP (Local)
NtpServer: time.windows.com,0x9 (Local)

NtpServer (Local)
DllName: C:\Windows\system32\w32time.dll (Local)
Enabled: 0 (Local)
InputProvider: 0 (Local)


System Tick Count: 6192671
For more information, see https://go.microsoft.com/fwlink/?linkid=845961."
"25-06-2026 11:19:00","272","Information","Microsoft-Windows-Time-Service","Leap second configuration:
Enabled: 1 (Local)
Count: 0 (Local)
Current Offset from UTC(Seconds): 0 (Local)
Runtime state consistent with settings: 1
Newest Leap Seconds List (Local):

System Tick Count: 6192656.

For more information, see https://go.microsoft.com/fwlink/?linkid=845961."
"25-06-2026 11:01:56","263","Information","Microsoft-Windows-Time-Service","W32time Service configuration parameters have been updated. This may impact the fine-grained time synchronization accuracy.
Updated Configuration:
EventLogFlags: 2 (Local)
AnnounceFlags: 10 (Local)
TimeJumpAuditOffset: 28800 (Local)
MinPollInterval: 10 (Local)
MaxPollInterval: 15 (Local)
MaxNegPhaseCorrection: 54000 (Local)
MaxPosPhaseCorrection: 54000 (Local)
MaxAllowedPhaseOffset: 1 (Local)

FrequencyCorrectRate: 4 (Local)
PollAdjustFactor: 5 (Local)
LargePhaseOffset: 50000000 (Local)
SpikeWatchPeriod: 900 (Local)
LocalClockDispersion: 10 (Local)
HoldPeriod: 5 (Local)
PhaseCorrectRate: 1 (Local)
UpdateInterval: 360000 (Local)

FileLogName:  (Local)
FileLogEntries:  (Local)
FileLogSize: 0 (Local)
FileLogFlags: 0 (Undefined or not used)

UtilizeSslTimeData: 1 (Local)

[Leap Seconds]
Enabled: 1 (Local)
Total Leap Seconds (after June 2018): 0 (Local)
Current UTC offset: 0 (Local)

Updated Time Providers:
NtpClient (Local)
DllName: C:\Windows\system32\w32time.dll (Local)
Enabled: 1 (Local)
InputProvider: 1 (Local)
CrossSiteSyncFlags: 0 (Undefined or not used)
AllowNonstandardModeCombinations: 1 (Local)
ResolvePeerBackoffMinutes: 15 (Local)
ResolvePeerBackoffMaxTimes: 7 (Local)
CompatibilityFlags: 2147483648 (Local)
EventLogFlags: 1 (Local)
LargeSampleSkew: 3 (Local)
SpecialPollInterval: 16384 (Local)
Type: NTP (Local)
NtpServer: time.windows.com,0x9 (Local)

NtpServer (Local)
DllName: C:\Windows\system32\w32time.dll (Local)
Enabled: 0 (Local)
InputProvider: 0 (Local)


System Tick Count: 5168656
For more information, see https://go.microsoft.com/fwlink/?linkid=845961."
"25-06-2026 11:01:56","272","Information","Microsoft-Windows-Time-Service","Leap second configuration:
Enabled: 1 (Local)
Count: 0 (Local)
Current Offset from UTC(Seconds): 0 (Local)
Runtime state consistent with settings: 1
Newest Leap Seconds List (Local):

System Tick Count: 5168656.

For more information, see https://go.microsoft.com/fwlink/?linkid=845961."
"25-06-2026 10:44:52","263","Information","Microsoft-Windows-Time-Service","W32time Service configuration parameters have been updated. This may impact the fine-grained time synchronization accuracy.
Updated Configuration:
EventLogFlags: 2 (Local)
AnnounceFlags: 10 (Local)
TimeJumpAuditOffset: 28800 (Local)
MinPollInterval: 10 (Local)
MaxPollInterval: 15 (Local)
MaxNegPhaseCorrection: 54000 (Local)
MaxPosPhaseCorrection: 54000 (Local)
MaxAllowedPhaseOffset: 1 (Local)

FrequencyCorrectRate: 4 (Local)
PollAdjustFactor: 5 (Local)
LargePhaseOffset: 50000000 (Local)
SpikeWatchPeriod: 900 (Local)
LocalClockDispersion: 10 (Local)
HoldPeriod: 5 (Local)
PhaseCorrectRate: 1 (Local)
UpdateInterval: 360000 (Local)

FileLogName:  (Local)
FileLogEntries:  (Local)
FileLogSize: 0 (Local)
FileLogFlags: 0 (Undefined or not used)

UtilizeSslTimeData: 1 (Local)

[Leap Seconds]
Enabled: 1 (Local)
Total Leap Seconds (after June 2018): 0 (Local)
Current UTC offset: 0 (Local)

Updated Time Providers:
NtpClient (Local)
DllName: C:\Windows\system32\w32time.dll (Local)
Enabled: 1 (Local)
InputProvider: 1 (Local)
CrossSiteSyncFlags: 0 (Undefined or not used)
AllowNonstandardModeCombinations: 1 (Local)
ResolvePeerBackoffMinutes: 15 (Local)
ResolvePeerBackoffMaxTimes: 7 (Local)
CompatibilityFlags: 2147483648 (Local)
EventLogFlags: 1 (Local)
LargeSampleSkew: 3 (Local)
SpecialPollInterval: 16384 (Local)
Type: NTP (Local)
NtpServer: time.windows.com,0x9 (Local)

NtpServer (Local)
DllName: C:\Windows\system32\w32time.dll (Local)
Enabled: 0 (Local)
InputProvider: 0 (Local)


System Tick Count: 4144656
For more information, see https://go.microsoft.com/fwlink/?linkid=845961."
"25-06-2026 10:44:52","272","Information","Microsoft-Windows-Time-Service","Leap second configuration:
Enabled: 1 (Local)
Count: 0 (Local)
Current Offset from UTC(Seconds): 0 (Local)
Runtime state consistent with settings: 1
Newest Leap Seconds List (Local):

System Tick Count: 4144640.

For more information, see https://go.microsoft.com/fwlink/?linkid=845961."
"25-06-2026 10:44:52","260","Information","Microsoft-Windows-Time-Service","W32time Service periodic configuration and status message
Configuration:
EventLogFlags: 2 (Local)
AnnounceFlags: 10 (Local)
TimeJumpAuditOffset: 28800 (Local)
MinPollInterval: 10 (Local)
MaxPollInterval: 15 (Local)
MaxNegPhaseCorrection: 54000 (Local)
MaxPosPhaseCorrection: 54000 (Local)
MaxAllowedPhaseOffset: 1 (Local)

FrequencyCorrectRate: 4 (Local)
PollAdjustFactor: 5 (Local)
LargePhaseOffset: 50000000 (Local)
SpikeWatchPeriod: 900 (Local)
LocalClockDispersion: 10 (Local)
HoldPeriod: 5 (Local)
PhaseCorrectRate: 1 (Local)
UpdateInterval: 360000 (Local)

FileLogName:  (Local)
FileLogEntries:  (Local)
FileLogSize: 0 (Local)
FileLogFlags: 0 (Undefined or not used)

UtilizeSslTimeData: 1 (Local)

[Leap Seconds]
Enabled: 1 (Local)
Total Leap Seconds (after June 2018): 0 (Local)
Current UTC offset: 0 (Local)

Time Providers:
NtpClient (Local)
DllName: C:\Windows\system32\w32time.dll (Local)
Enabled: 1 (Local)
InputProvider: 1 (Local)
CrossSiteSyncFlags: 0 (Undefined or not used)
AllowNonstandardModeCombinations: 1 (Local)
ResolvePeerBackoffMinutes: 15 (Local)
ResolvePeerBackoffMaxTimes: 7 (Local)
CompatibilityFlags: 2147483648 (Local)
EventLogFlags: 1 (Local)
LargeSampleSkew: 3 (Local)
SpecialPollInterval: 16384 (Local)
Type: NTP (Local)
NtpServer: time.windows.com,0x9 (Local)

NtpServer (Local)
DllName: C:\Windows\system32\w32time.dll (Local)
Enabled: 0 (Local)
InputProvider: 0 (Local)



Current Status:
Leap Indicator: 3
Stratum: 0
Precision: -23
RootDelay: 0.0000000s
RootDispersion: 0.0000000s
ReferenceId: 0x00000000
Last Successful Sync Time: 1601-01-01T00:00:00.0Z (UTC)
Source: Local CMOS Clock
Poll Interval: 10
Phase Offset: 0.0000000s
Clock Rate: 156250
State Machine: 0
Time Source Flags: 0
Server Role: 0
Last Sync Error: 1
Time Since Last Good Sync: 1040.0207759s
System Tick Count: 4144640
For more information, see https://go.microsoft.com/fwlink/?linkid=845961."
"25-06-2026 10:44:52","259","Information","Microsoft-Windows-Time-Service","NTP Client provider periodic status:
Ntp Client is receiving time data from the following NTP Servers: ;  and the chosen reference time server is . System Tick Count 4144640. IFTSTMP:1.
For more information, see https://go.microsoft.com/fwlink/?linkid=845961."
"25-06-2026 10:27:32","264","Information","Microsoft-Windows-Time-Service","NTP Client observed a change peer reachability. Ntp Client is now receiving time data from the following NTP Servers: time.windows.com,0x9 (ntp.m|0x9|0.0.0.0:123->40.81.94.65:123);. System Tick Count: 3104671.
For more information, see https://go.microsoft.com/fwlink/?linkid=845961."
"25-06-2026 10:27:32","257","Information","Microsoft-Windows-Time-Service","W32time service has started at 2026-06-25T04:57:32.817Z (UTC), System Tick Count 3104593.
Configuration:
EventLogFlags: 2 (Local)
AnnounceFlags: 10 (Local)
TimeJumpAuditOffset: 28800 (Local)
MinPollInterval: 10 (Local)
MaxPollInterval: 15 (Local)
MaxNegPhaseCorrection: 54000 (Local)
MaxPosPhaseCorrection: 54000 (Local)
MaxAllowedPhaseOffset: 1 (Local)

FrequencyCorrectRate: 4 (Local)
PollAdjustFactor: 5 (Local)
LargePhaseOffset: 50000000 (Local)
SpikeWatchPeriod: 900 (Local)
LocalClockDispersion: 10 (Local)
HoldPeriod: 5 (Local)
PhaseCorrectRate: 1 (Local)
UpdateInterval: 360000 (Local)

FileLogName:  (Local)
FileLogEntries:  (Local)
FileLogSize: 0 (Local)
FileLogFlags: 0 (Undefined or not used)

UtilizeSslTimeData: 1 (Local)

[Leap Seconds]
Enabled: 1 (Local)
Total Leap Seconds (after June 2018): 0 (Local)
Current UTC offset: 0 (Local)

Time Providers:
NtpClient (Local)
DllName: C:\Windows\system32\w32time.dll (Local)
Enabled: 1 (Local)
InputProvider: 1 (Local)
CrossSiteSyncFlags: 0 (Undefined or not used)
AllowNonstandardModeCombinations: 1 (Local)
ResolvePeerBackoffMinutes: 15 (Local)
ResolvePeerBackoffMaxTimes: 7 (Local)
CompatibilityFlags: 2147483648 (Local)
EventLogFlags: 1 (Local)
LargeSampleSkew: 3 (Local)
SpecialPollInterval: 16384 (Local)
Type: NTP (Local)
NtpServer: time.windows.com,0x9 (Local)

NtpServer (Local)
DllName: C:\Windows\system32\w32time.dll (Local)
Enabled: 0 (Local)
InputProvider: 0 (Local)


Clock Rate:156250
For more information, see https://go.microsoft.com/fwlink/?linkid=845961."
"25-06-2026 10:27:32","272","Information","Microsoft-Windows-Time-Service","Leap second configuration:
Enabled: 1 (Local)
Count: 0 (Local)
Current Offset from UTC(Seconds): 0 (Local)
Runtime state consistent with settings: 1
Newest Leap Seconds List (Local):

System Tick Count: 3104593.

For more information, see https://go.microsoft.com/fwlink/?linkid=845961."
"24-06-2026 18:05:34","258","Information","Microsoft-Windows-Time-Service","W32time service is stopping at 2026-06-24T12:35:34.88Z (UTC), System Tick Count 550809875 with return code: 0x00000000: Success.
For more information, see https://go.microsoft.com/fwlink/?linkid=845961."
"24-06-2026 18:05:34","261","Information","Microsoft-Windows-Time-Service","W32time service has set the system time to 2026-06-24T12:35:34.71Z(UTC). Previous system time was 2026-06-24T12:35:34.70Z(UTC). System Tick Count: 550809859
For more information, see https://go.microsoft.com/fwlink/?linkid=845961."
"24-06-2026 18:05:34","265","Information","Microsoft-Windows-Time-Service","The time service is now synchronizing the system time with the reference time source time.windows.com,0x9 (ntp.m|0x9|0.0.0.0:123->40.81.94.65:123) with reference id 0x28515E41. Current local stratum number is 5, System Tick Count: 550809859.
For more information, see https://go.microsoft.com/fwlink/?linkid=845961."
"24-06-2026 18:05:34","264","Information","Microsoft-Windows-Time-Service","NTP Client observed a change peer reachability. Ntp Client is now receiving time data from the following NTP Servers: time.windows.com,0x9 (ntp.m|0x9|0.0.0.0:123->40.81.94.65:123);. System Tick Count: 550809843.
For more information, see https://go.microsoft.com/fwlink/?linkid=845961."
"24-06-2026 15:49:55","266","Information","Microsoft-Windows-Time-Service","W32time Service received notification to rediscover its time sources and/or resynchronize time. Reason Code:3 System Tick Count: 542671328
Reason code description:
0 : An explicit time resynchronization request from an administrator
1 : Power state changes on this machine
2 : Changes to the network interface or to the network topology
3 : State changes within W32time that require time synchronization
The actions that follow this notifcation may impact fine-grained time synchronization accuracy.For more information, see https://go.microsoft.com/fwlink/?linkid=845961."
"24-06-2026 15:48:04","266","Information","Microsoft-Windows-Time-Service","W32time Service received notification to rediscover its time sources and/or resynchronize time. Reason Code:2 System Tick Count: 542560265
Reason code description:
0 : An explicit time resynchronization request from an administrator
1 : Power state changes on this machine
2 : Changes to the network interface or to the network topology
3 : State changes within W32time that require time synchronization
The actions that follow this notifcation may impact fine-grained time synchronization accuracy.For more information, see https://go.microsoft.com/fwlink/?linkid=845961."
"24-06-2026 15:16:22","266","Information","Microsoft-Windows-Time-Service","W32time Service received notification to rediscover its time sources and/or resynchronize time. Reason Code:1 System Tick Count: 540658656
Reason code description:
0 : An explicit time resynchronization request from an administrator
1 : Power state changes on this machine
2 : Changes to the network interface or to the network topology
3 : State changes within W32time that require time synchronization
The actions that follow this notifcation may impact fine-grained time synchronization accuracy.For more information, see https://go.microsoft.com/fwlink/?linkid=845961."
"24-06-2026 15:16:22","263","Information","Microsoft-Windows-Time-Service","W32time Service configuration parameters have been updated. This may impact the fine-grained time synchronization accuracy.
Updated Configuration:
EventLogFlags: 2 (Local)
AnnounceFlags: 10 (Local)
TimeJumpAuditOffset: 28800 (Local)
MinPollInterval: 10 (Local)
MaxPollInterval: 15 (Local)
MaxNegPhaseCorrection: 54000 (Local)
MaxPosPhaseCorrection: 54000 (Local)
MaxAllowedPhaseOffset: 1 (Local)

FrequencyCorrectRate: 4 (Local)
PollAdjustFactor: 5 (Local)
LargePhaseOffset: 50000000 (Local)
SpikeWatchPeriod: 900 (Local)
LocalClockDispersion: 10 (Local)
HoldPeriod: 5 (Local)
PhaseCorrectRate: 1 (Local)
UpdateInterval: 360000 (Local)

FileLogName:  (Local)
FileLogEntries:  (Local)
FileLogSize: 0 (Local)
FileLogFlags: 0 (Undefined or not used)

UtilizeSslTimeData: 1 (Local)

[Leap Seconds]
Enabled: 1 (Local)
Total Leap Seconds (after June 2018): 0 (Local)
Current UTC offset: 0 (Local)

Updated Time Providers:
NtpClient (Local)
DllName: C:\Windows\system32\w32time.dll (Local)
Enabled: 1 (Local)
InputProvider: 1 (Local)
CrossSiteSyncFlags: 0 (Undefined or not used)
AllowNonstandardModeCombinations: 1 (Local)
ResolvePeerBackoffMinutes: 15 (Local)
ResolvePeerBackoffMaxTimes: 7 (Local)
CompatibilityFlags: 2147483648 (Local)
EventLogFlags: 1 (Local)
LargeSampleSkew: 3 (Local)
SpecialPollInterval: 16384 (Local)
Type: NTP (Local)
NtpServer: time.windows.com,0x9 (Local)

NtpServer (Local)
DllName: C:\Windows\system32\w32time.dll (Local)
Enabled: 0 (Local)
InputProvider: 0 (Local)


System Tick Count: 540658531
For more information, see https://go.microsoft.com/fwlink/?linkid=845961."
"24-06-2026 15:16:22","272","Information","Microsoft-Windows-Time-Service","Leap second configuration:
Enabled: 1 (Local)
Count: 0 (Local)
Current Offset from UTC(Seconds): 0 (Local)
Runtime state consistent with settings: 1
Newest Leap Seconds List (Local):

System Tick Count: 540658531.

For more information, see https://go.microsoft.com/fwlink/?linkid=845961."
"24-06-2026 15:07:21","266","Information","Microsoft-Windows-Time-Service","W32time Service received notification to rediscover its time sources and/or resynchronize time. Reason Code:2 System Tick Count: 540117515
Reason code description:
0 : An explicit time resynchronization request from an administrator
1 : Power state changes on this machine
2 : Changes to the network interface or to the network topology
3 : State changes within W32time that require time synchronization
The actions that follow this notifcation may impact fine-grained time synchronization accuracy.For more information, see https://go.microsoft.com/fwlink/?linkid=845961."
"24-06-2026 14:23:57","263","Information","Microsoft-Windows-Time-Service","W32time Service configuration parameters have been updated. This may impact the fine-grained time synchronization accuracy.
Updated Configuration:
EventLogFlags: 2 (Local)
AnnounceFlags: 10 (Local)
TimeJumpAuditOffset: 28800 (Local)
MinPollInterval: 10 (Local)
MaxPollInterval: 15 (Local)
MaxNegPhaseCorrection: 54000 (Local)
MaxPosPhaseCorrection: 54000 (Local)
MaxAllowedPhaseOffset: 1 (Local)

FrequencyCorrectRate: 4 (Local)
PollAdjustFactor: 5 (Local)
LargePhaseOffset: 50000000 (Local)
SpikeWatchPeriod: 900 (Local)
LocalClockDispersion: 10 (Local)
HoldPeriod: 5 (Local)
PhaseCorrectRate: 1 (Local)
UpdateInterval: 360000 (Local)

FileLogName:  (Local)
FileLogEntries:  (Local)
FileLogSize: 0 (Local)
FileLogFlags: 0 (Undefined or not used)

UtilizeSslTimeData: 1 (Local)

[Leap Seconds]
Enabled: 1 (Local)
Total Leap Seconds (after June 2018): 0 (Local)
Current UTC offset: 0 (Local)

Updated Time Providers:
NtpClient (Local)
DllName: C:\Windows\system32\w32time.dll (Local)
Enabled: 1 (Local)
InputProvider: 1 (Local)
CrossSiteSyncFlags: 0 (Undefined or not used)
AllowNonstandardModeCombinations: 1 (Local)
ResolvePeerBackoffMinutes: 15 (Local)
ResolvePeerBackoffMaxTimes: 7 (Local)
CompatibilityFlags: 2147483648 (Local)
EventLogFlags: 1 (Local)
LargeSampleSkew: 3 (Local)
SpecialPollInterval: 16384 (Local)
Type: NTP (Local)
NtpServer: time.windows.com,0x9 (Local)

NtpServer (Local)
DllName: C:\Windows\system32\w32time.dll (Local)
Enabled: 0 (Local)
InputProvider: 0 (Local)


System Tick Count: 537513687
For more information, see https://go.microsoft.com/fwlink/?linkid=845961."
"24-06-2026 14:23:57","272","Information","Microsoft-Windows-Time-Service","Leap second configuration:
Enabled: 1 (Local)
Count: 0 (Local)
Current Offset from UTC(Seconds): 0 (Local)
Runtime state consistent with settings: 1
Newest Leap Seconds List (Local):

System Tick Count: 537513671.

For more information, see https://go.microsoft.com/fwlink/?linkid=845961."
"24-06-2026 14:23:27","266","Information","Microsoft-Windows-Time-Service","W32time Service received notification to rediscover its time sources and/or resynchronize time. Reason Code:2 System Tick Count: 537483562
Reason code description:
0 : An explicit time resynchronization request from an administrator
1 : Power state changes on this machine
2 : Changes to the network interface or to the network topology
3 : State changes within W32time that require time synchronization
The actions that follow this notifcation may impact fine-grained time synchronization accuracy.For more information, see https://go.microsoft.com/fwlink/?linkid=845961."
"24-06-2026 14:21:11","266","Information","Microsoft-Windows-Time-Service","W32time Service received notification to rediscover its time sources and/or resynchronize time. Reason Code:2 System Tick Count: 537347703
Reason code description:
0 : An explicit time resynchronization request from an administrator
1 : Power state changes on this machine
2 : Changes to the network interface or to the network topology
3 : State changes within W32time that require time synchronization
The actions that follow this notifcation may impact fine-grained time synchronization accuracy.For more information, see https://go.microsoft.com/fwlink/?linkid=845961."
"24-06-2026 14:06:53","263","Information","Microsoft-Windows-Time-Service","W32time Service configuration parameters have been updated. This may impact the fine-grained time synchronization accuracy.
Updated Configuration:
EventLogFlags: 2 (Local)
AnnounceFlags: 10 (Local)
TimeJumpAuditOffset: 28800 (Local)
MinPollInterval: 10 (Local)
MaxPollInterval: 15 (Local)
MaxNegPhaseCorrection: 54000 (Local)
MaxPosPhaseCorrection: 54000 (Local)
MaxAllowedPhaseOffset: 1 (Local)

FrequencyCorrectRate: 4 (Local)
PollAdjustFactor: 5 (Local)
LargePhaseOffset: 50000000 (Local)
SpikeWatchPeriod: 900 (Local)
LocalClockDispersion: 10 (Local)
HoldPeriod: 5 (Local)
PhaseCorrectRate: 1 (Local)
UpdateInterval: 360000 (Local)

FileLogName:  (Local)
FileLogEntries:  (Local)
FileLogSize: 0 (Local)
FileLogFlags: 0 (Undefined or not used)

UtilizeSslTimeData: 1 (Local)

[Leap Seconds]
Enabled: 1 (Local)
Total Leap Seconds (after June 2018): 0 (Local)
Current UTC offset: 0 (Local)

Updated Time Providers:
NtpClient (Local)
DllName: C:\Windows\system32\w32time.dll (Local)
Enabled: 1 (Local)
InputProvider: 1 (Local)
CrossSiteSyncFlags: 0 (Undefined or not used)
AllowNonstandardModeCombinations: 1 (Local)
ResolvePeerBackoffMinutes: 15 (Local)
ResolvePeerBackoffMaxTimes: 7 (Local)
CompatibilityFlags: 2147483648 (Local)
EventLogFlags: 1 (Local)
LargeSampleSkew: 3 (Local)
SpecialPollInterval: 16384 (Local)
Type: NTP (Local)
NtpServer: time.windows.com,0x9 (Local)

NtpServer (Local)
DllName: C:\Windows\system32\w32time.dll (Local)
Enabled: 0 (Local)
InputProvider: 0 (Local)


System Tick Count: 536489671
For more information, see https://go.microsoft.com/fwlink/?linkid=845961."
