"18-08-2026 09:45:44","6115","Information","Microsoft-Windows-LiveId","## SOAP Request: <s:Envelope><s:Header><wsa:Action s:mustUnderstand=""1"">*</wsa:Action><wsa:To s:mustUnderstand=""1"">*</wsa:To><wsa:MessageID>*</wsa:MessageID><ps:AuthInfo Id=""PPAuthInfo""><ps:HostingApp>{28520974-CE92-4F36-A219-3F255AF7E61E}</ps:HostingApp><ps:BinaryVersion>55</ps:BinaryVersion><ps:UIVersion>1</ps:UIVersion><ps:InlineUX>TokenBroker</ps:InlineUX><ps:Cookies></ps:Cookies><ps:RequestParams>AQAAAAIAAABsYwQAAAAxMDMz</ps:RequestParams><ps:WindowsClientString>iVzGU/dyae9bMPpavLb310Ogu6n9/IR8NBZolBsTgbk=</ps:WindowsClientString><ps:LicenseSignatureKeyVersion>*</ps:LicenseSignatureKeyVersion><ps:ClientCapabilities>1</ps:ClientCapabilities></ps:AuthInfo><wsse:Security><EncryptedData xmlns=""http://www.w3.org/2001/04/xmlenc#"" Id=""devicesoftware"" Type=""http://www.w3.org/2001/04/xmlenc#Element""><EncryptionMethod Algorithm=""http://www.w3.org/2001/04/xmlenc#tripledes-cbc""></EncryptionMethod><ds:KeyInfo><ds:KeyName>http://Passport.NET/STS</ds:KeyName></ds:KeyInfo><CipherData><CipherValue>*</CipherValue></CipherData></EncryptedData><wssc:DerivedKeyToken wsu:Id=""SignKey"" Algorithm=""urn:liveid:SP800108_CTR_HMAC_SHA256_DOUBLEDERIVED""><wsse:RequestedTokenReference><wsse:KeyIdentifier ValueType=""http://docs.oasis-open.org/wss/2004/XX/oasis-2004XX-wss-saml-token-profile-1.0#SAMLAssertionID""/><wsse:Reference URI=""""/></wsse:RequestedTokenReference><wssc:Nonce>*</wssc:Nonce></wssc:DerivedKeyToken><wsu:Timestamp wsu:Id=""Timestamp""><wsu:Created>2026-08-18T04:15:43Z</wsu:Created><wsu:Expires>2026-08-18T04:20:43Z</wsu:Expires></wsu:Timestamp><Signature xmlns=""http://www.w3.org/2000/09/xmldsig#""><SignedInfo><CanonicalizationMethod Algorithm=""http://www.w3.org/2001/10/xml-exc-c14n#""></CanonicalizationMethod><SignatureMethod Algorithm=""http://www.w3.org/2001/04/xmldsig-more#hmac-sha256""></SignatureMethod><Reference URI=""#RST0""><Transforms><Transform Algorithm=""http://www.w3.org/2001/10/xml-exc-c14n#""></Transform></Transforms><DigestMethod Algorithm=""http://www.w3.org/2001/04/xmlenc#sha256""></DigestMethod><DigestValue>*</DigestValue></Reference><Reference URI=""#Timestamp""><Transforms><Transform Algorithm=""http://www.w3.org/2001/10/xml-exc-c14n#""></Transform></Transforms><DigestMethod Algorithm=""http://www.w3.org/2001/04/xmlenc#sha256""></DigestMethod><DigestValue>*</DigestValue></Reference><Reference URI=""#PPAuthInfo""><Transforms><Transform Algorithm=""http://www.w3.org/2001/10/xml-exc-c14n#""></Transform></Transforms><DigestMethod Algorithm=""http://www.w3.org/2001/04/xmlenc#sha256""></DigestMethod><DigestValue>*</DigestValue></Reference></SignedInfo><SignatureValue>*</SignatureValue><KeyInfo><wsse:SecurityTokenReference><wsse:Reference URI=""#SignKey""/></wsse:SecurityTokenReference></KeyInfo></Signature></wsse:Security></s:Header><s:Body><wst:RequestSecurityToken Id=""RST0""><wst:RequestType>http://schemas.xmlsoap.org/ws/2005/02/trust/Issue</wst:RequestType><wsp:AppliesTo><wsa:EndpointReference><wsa:Address>dcat.update.microsoft.com</wsa:Address></wsa:EndpointReference></wsp:AppliesTo><wsp:PolicyReference URI=""MBI_SSL""></wsp:PolicyReference></wst:RequestSecurityToken></s:Body></s:Envelope>"
"18-08-2026 09:44:58","6117","Information","Microsoft-Windows-LiveId","Acquired Service token.
ResourceURI: https://ztd.dds.microsoft.com
Created: 2026-08-18T09:44:58.000Z
Expires: 2026-08-19T09:44:58.000Z
TokenType: urn:passport:delegationcompact
AuthRequired: The operation completed successfully.
RequestStatus: The operation completed successfully.
HasFlowUrl: false
HasAuthUrl: false
HasEndAuthUrl: false"
"18-08-2026 09:44:58","6116","Information","Microsoft-Windows-LiveId","## SOAP Response: <S:Envelope><S:Header><wsa:Action wsu:Id=""Action"" S:mustUnderstand=""1"">*</wsa:Action><wsa:To wsu:Id=""To"" S:mustUnderstand=""1"">*</wsa:To><wsse:Security><wsu:Timestamp wsu:Id=""TS""><wsu:Created>2026-08-18T04:14:58Z</wsu:Created><wsu:Expires>2026-08-18T04:19:58Z</wsu:Expires></wsu:Timestamp><wssc:DerivedKeyToken wsu:Id=""SignKey"" Algorithm=""urn:liveid:SP800108_CTR_HMAC_SHA256_DOUBLEDERIVED""><wsse:SecurityTokenReference><wsse:Reference URI=""PSR+Zqbu59EX99gvfWs2c+xrSFs=""></wsse:Reference></wsse:SecurityTokenReference><wssc:Nonce>*</wssc:Nonce></wssc:DerivedKeyToken><wssc:DerivedKeyToken wsu:Id=""EncKey"" Algorithm=""urn:liveid:SP800108_CTR_HMAC_SHA256_DOUBLEDERIVED""><wsse:SecurityTokenReference><wsse:Reference URI=""PSR+Zqbu59EX99gvfWs2c+xrSFs=""></wsse:Reference></wsse:SecurityTokenReference><wssc:Nonce>*</wssc:Nonce></wssc:DerivedKeyToken><Signature xmlns=""http://www.w3.org/2000/09/xmldsig#""><SignedInfo><CanonicalizationMethod Algorithm=""http://www.w3.org/2001/10/xml-exc-c14n#""></CanonicalizationMethod><SignatureMethod Algorithm=""http://www.w3.org/2001/04/xmldsig-more#hmac-sha256""></SignatureMethod><Reference URI=""#EncPsf""><Transforms><Transform Algorithm=""http://www.w3.org/2001/10/xml-exc-c14n#""></Transform></Transforms><DigestMethod Algorithm=""http://www.w3.org/2001/04/xmlenc#sha256""></DigestMethod><DigestValue>*</DigestValue></Reference><Reference URI=""#Body""><Transforms><Transform Algorithm=""http://www.w3.org/2001/10/xml-exc-c14n#""></Transform></Transforms><DigestMethod Algorithm=""http://www.w3.org/2001/04/xmlenc#sha256""></DigestMethod><DigestValue>*</DigestValue></Reference><Reference URI=""#To""><Transforms><Transform Algorithm=""http://www.w3.org/2001/10/xml-exc-c14n#""></Transform></Transforms><DigestMethod Algorithm=""http://www.w3.org/2001/04/xmlenc#sha256""></DigestMethod><DigestValue>*</DigestValue></Reference><Reference URI=""#Action""><Transforms><Transform Algorithm=""http://www.w3.org/2001/10/xml-exc-c14n#""></Transform></Transforms><DigestMethod Algorithm=""http://www.w3.org/2001/04/xmlenc#sha256""></DigestMethod><DigestValue>*</DigestValue></Reference><Reference URI=""#TS""><Transforms><Transform Algorithm=""http://www.w3.org/2001/10/xml-exc-c14n#""></Transform></Transforms><DigestMethod Algorithm=""http://www.w3.org/2001/04/xmlenc#sha256""></DigestMethod><DigestValue>*</DigestValue></Reference></SignedInfo><SignatureValue>*</SignatureValue><KeyInfo><wsse:SecurityTokenReference><wsse:Reference URI=""#SignKey""></wsse:Reference></wsse:SecurityTokenReference></KeyInfo></Signature><e:ReferenceList xmlns:e=""http://www.w3.org/2001/04/xmlenc#""><e:DataReference URI=""#RSTR""/><e:DataReference URI=""#EncPsf""/></e:ReferenceList></wsse:Security><psf:EncryptedPP><EncryptedData xmlns=""http://www.w3.org/2001/04/xmlenc#"" Id=""EncPsf"" Type=""http://www.w3.org/2001/04/xmlenc#Element""><EncryptionMethod Algorithm=""http://www.w3.org/2001/04/xmlenc#aes256-cbc""></EncryptionMethod><KeyInfo xmlns=""http://www.w3.org/2000/09/xmldsig#""><wsse:SecurityTokenReference><wsse:Reference URI=""#EncKey""></wsse:Reference></wsse:SecurityTokenReference></KeyInfo><CipherData><CipherValue>*</CipherValue></CipherData></EncryptedData></psf:EncryptedPP></S:Header><S:Body wsu:Id=""Body""><EncryptedData xmlns=""http://www.w3.org/2001/04/xmlenc#"" Id=""RSTR"" Type=""http://www.w3.org/2001/04/xmlenc#Element""><EncryptionMethod Algorithm=""http://www.w3.org/2001/04/xmlenc#aes256-cbc""></EncryptionMethod><KeyInfo xmlns=""http://www.w3.org/2000/09/xmldsig#""><wsse:SecurityTokenReference><wsse:Reference URI=""#EncKey""></wsse:Reference></wsse:SecurityTokenReference></KeyInfo><CipherData><CipherValue>*</CipherValue></CipherData></EncryptedData></S:Body></S:Envelope>"
"18-08-2026 09:44:57","6115","Information","Microsoft-Windows-LiveId","## SOAP Request: <s:Envelope><s:Header><wsa:Action s:mustUnderstand=""1"">*</wsa:Action><wsa:To s:mustUnderstand=""1"">*</wsa:To><wsa:MessageID>*</wsa:MessageID><ps:AuthInfo Id=""PPAuthInfo""><ps:HostingApp>{8A6E5826-EA01-989D-989D-158EE04D1518}</ps:HostingApp><ps:BinaryVersion>55</ps:BinaryVersion><ps:UIVersion>1</ps:UIVersion><ps:InlineUX>TokenBroker</ps:InlineUX><ps:IsAdmin>1</ps:IsAdmin><ps:Cookies></ps:Cookies><ps:RequestParams>AQAAAAIAAABsYwQAAAAxMDMz</ps:RequestParams><ps:WindowsClientString>iVzGU/dyae9bMPpavLb310Ogu6n9/IR8NBZolBsTgbk=</ps:WindowsClientString><ps:LicenseSignatureKeyVersion>*</ps:LicenseSignatureKeyVersion><ps:ClientCapabilities>1</ps:ClientCapabilities></ps:AuthInfo><wsse:Security><EncryptedData xmlns=""http://www.w3.org/2001/04/xmlenc#"" Id=""devicesoftware"" Type=""http://www.w3.org/2001/04/xmlenc#Element""><EncryptionMethod Algorithm=""http://www.w3.org/2001/04/xmlenc#tripledes-cbc""></EncryptionMethod><ds:KeyInfo><ds:KeyName>http://Passport.NET/STS</ds:KeyName></ds:KeyInfo><CipherData><CipherValue>*</CipherValue></CipherData></EncryptedData><wssc:DerivedKeyToken wsu:Id=""SignKey"" Algorithm=""urn:liveid:SP800108_CTR_HMAC_SHA256_DOUBLEDERIVED""><wsse:RequestedTokenReference><wsse:KeyIdentifier ValueType=""http://docs.oasis-open.org/wss/2004/XX/oasis-2004XX-wss-saml-token-profile-1.0#SAMLAssertionID""/><wsse:Reference URI=""""/></wsse:RequestedTokenReference><wssc:Nonce>*</wssc:Nonce></wssc:DerivedKeyToken><wsu:Timestamp wsu:Id=""Timestamp""><wsu:Created>2026-08-18T04:14:56Z</wsu:Created><wsu:Expires>2026-08-18T04:19:56Z</wsu:Expires></wsu:Timestamp><Signature xmlns=""http://www.w3.org/2000/09/xmldsig#""><SignedInfo><CanonicalizationMethod Algorithm=""http://www.w3.org/2001/10/xml-exc-c14n#""></CanonicalizationMethod><SignatureMethod Algorithm=""http://www.w3.org/2001/04/xmldsig-more#hmac-sha256""></SignatureMethod><Reference URI=""#RST0""><Transforms><Transform Algorithm=""http://www.w3.org/2001/10/xml-exc-c14n#""></Transform></Transforms><DigestMethod Algorithm=""http://www.w3.org/2001/04/xmlenc#sha256""></DigestMethod><DigestValue>*</DigestValue></Reference><Reference URI=""#Timestamp""><Transforms><Transform Algorithm=""http://www.w3.org/2001/10/xml-exc-c14n#""></Transform></Transforms><DigestMethod Algorithm=""http://www.w3.org/2001/04/xmlenc#sha256""></DigestMethod><DigestValue>*</DigestValue></Reference><Reference URI=""#PPAuthInfo""><Transforms><Transform Algorithm=""http://www.w3.org/2001/10/xml-exc-c14n#""></Transform></Transforms><DigestMethod Algorithm=""http://www.w3.org/2001/04/xmlenc#sha256""></DigestMethod><DigestValue>*</DigestValue></Reference></SignedInfo><SignatureValue>*</SignatureValue><KeyInfo><wsse:SecurityTokenReference><wsse:Reference URI=""#SignKey""/></wsse:SecurityTokenReference></KeyInfo></Signature></wsse:Security></s:Header><s:Body><wst:RequestSecurityToken Id=""RST0""><wst:RequestType>http://schemas.xmlsoap.org/ws/2005/02/trust/Issue</wst:RequestType><wsp:AppliesTo><wsa:EndpointReference><wsa:Address>https://ztd.dds.microsoft.com</wsa:Address></wsa:EndpointReference></wsp:AppliesTo><wsp:PolicyReference URI=""MBI_SSL""></wsp:PolicyReference></wst:RequestSecurityToken></s:Body></s:Envelope>"
"18-08-2026 09:42:56","6117","Information","Microsoft-Windows-LiveId","Acquired Service token.
ResourceURI: www.microsoft.com
Created: 2026-08-18T09:42:56.000Z
Expires: 2026-08-19T09:42:56.000Z
TokenType: urn:passport:compact
AuthRequired: The operation completed successfully.
RequestStatus: The operation completed successfully.
HasFlowUrl: false
HasAuthUrl: false
HasEndAuthUrl: false"
"18-08-2026 09:42:56","6116","Information","Microsoft-Windows-LiveId","## SOAP Response: <S:Envelope><S:Header><wsa:Action wsu:Id=""Action"" S:mustUnderstand=""1"">*</wsa:Action><wsa:To wsu:Id=""To"" S:mustUnderstand=""1"">*</wsa:To><wsse:Security><wsu:Timestamp wsu:Id=""TS""><wsu:Created>2026-08-18T04:12:56Z</wsu:Created><wsu:Expires>2026-08-18T04:17:56Z</wsu:Expires></wsu:Timestamp><wssc:DerivedKeyToken wsu:Id=""SignKey"" Algorithm=""urn:liveid:SP800108_CTR_HMAC_SHA256_DOUBLEDERIVED""><wsse:SecurityTokenReference><wsse:Reference URI=""PSR+Zqbu59EX99gvfWs2c+xrSFs=""></wsse:Reference></wsse:SecurityTokenReference><wssc:Nonce>*</wssc:Nonce></wssc:DerivedKeyToken><wssc:DerivedKeyToken wsu:Id=""EncKey"" Algorithm=""urn:liveid:SP800108_CTR_HMAC_SHA256_DOUBLEDERIVED""><wsse:SecurityTokenReference><wsse:Reference URI=""PSR+Zqbu59EX99gvfWs2c+xrSFs=""></wsse:Reference></wsse:SecurityTokenReference><wssc:Nonce>*</wssc:Nonce></wssc:DerivedKeyToken><Signature xmlns=""http://www.w3.org/2000/09/xmldsig#""><SignedInfo><CanonicalizationMethod Algorithm=""http://www.w3.org/2001/10/xml-exc-c14n#""></CanonicalizationMethod><SignatureMethod Algorithm=""http://www.w3.org/2001/04/xmldsig-more#hmac-sha256""></SignatureMethod><Reference URI=""#EncPsf""><Transforms><Transform Algorithm=""http://www.w3.org/2001/10/xml-exc-c14n#""></Transform></Transforms><DigestMethod Algorithm=""http://www.w3.org/2001/04/xmlenc#sha256""></DigestMethod><DigestValue>*</DigestValue></Reference><Reference URI=""#Body""><Transforms><Transform Algorithm=""http://www.w3.org/2001/10/xml-exc-c14n#""></Transform></Transforms><DigestMethod Algorithm=""http://www.w3.org/2001/04/xmlenc#sha256""></DigestMethod><DigestValue>*</DigestValue></Reference><Reference URI=""#To""><Transforms><Transform Algorithm=""http://www.w3.org/2001/10/xml-exc-c14n#""></Transform></Transforms><DigestMethod Algorithm=""http://www.w3.org/2001/04/xmlenc#sha256""></DigestMethod><DigestValue>*</DigestValue></Reference><Reference URI=""#Action""><Transforms><Transform Algorithm=""http://www.w3.org/2001/10/xml-exc-c14n#""></Transform></Transforms><DigestMethod Algorithm=""http://www.w3.org/2001/04/xmlenc#sha256""></DigestMethod><DigestValue>*</DigestValue></Reference><Reference URI=""#TS""><Transforms><Transform Algorithm=""http://www.w3.org/2001/10/xml-exc-c14n#""></Transform></Transforms><DigestMethod Algorithm=""http://www.w3.org/2001/04/xmlenc#sha256""></DigestMethod><DigestValue>*</DigestValue></Reference></SignedInfo><SignatureValue>*</SignatureValue><KeyInfo><wsse:SecurityTokenReference><wsse:Reference URI=""#SignKey""></wsse:Reference></wsse:SecurityTokenReference></KeyInfo></Signature><e:ReferenceList xmlns:e=""http://www.w3.org/2001/04/xmlenc#""><e:DataReference URI=""#RSTR""/><e:DataReference URI=""#EncPsf""/></e:ReferenceList></wsse:Security><psf:EncryptedPP><EncryptedData xmlns=""http://www.w3.org/2001/04/xmlenc#"" Id=""EncPsf"" Type=""http://www.w3.org/2001/04/xmlenc#Element""><EncryptionMethod Algorithm=""http://www.w3.org/2001/04/xmlenc#aes256-cbc""></EncryptionMethod><KeyInfo xmlns=""http://www.w3.org/2000/09/xmldsig#""><wsse:SecurityTokenReference><wsse:Reference URI=""#EncKey""></wsse:Reference></wsse:SecurityTokenReference></KeyInfo><CipherData><CipherValue>*</CipherValue></CipherData></EncryptedData></psf:EncryptedPP></S:Header><S:Body wsu:Id=""Body""><EncryptedData xmlns=""http://www.w3.org/2001/04/xmlenc#"" Id=""RSTR"" Type=""http://www.w3.org/2001/04/xmlenc#Element""><EncryptionMethod Algorithm=""http://www.w3.org/2001/04/xmlenc#aes256-cbc""></EncryptionMethod><KeyInfo xmlns=""http://www.w3.org/2000/09/xmldsig#""><wsse:SecurityTokenReference><wsse:Reference URI=""#EncKey""></wsse:Reference></wsse:SecurityTokenReference></KeyInfo><CipherData><CipherValue>*</CipherValue></CipherData></EncryptedData></S:Body></S:Envelope>"
"18-08-2026 09:42:55","6115","Information","Microsoft-Windows-LiveId","## SOAP Request: <s:Envelope><s:Header><wsa:Action s:mustUnderstand=""1"">*</wsa:Action><wsa:To s:mustUnderstand=""1"">*</wsa:To><wsa:MessageID>*</wsa:MessageID><ps:AuthInfo Id=""PPAuthInfo""><ps:HostingApp>{CA4948B9-35E5-4977-A64A-5C71AA2A26CB}</ps:HostingApp><ps:BinaryVersion>55</ps:BinaryVersion><ps:UIVersion>1</ps:UIVersion><ps:InlineUX>TokenBroker</ps:InlineUX><ps:IsAdmin>1</ps:IsAdmin><ps:Cookies></ps:Cookies><ps:RequestParams>AQAAAAIAAABsYwQAAAAxMDMz</ps:RequestParams><ps:WindowsClientString>iVzGU/dyae9bMPpavLb310Ogu6n9/IR8NBZolBsTgbk=</ps:WindowsClientString><ps:LicenseSignatureKeyVersion>*</ps:LicenseSignatureKeyVersion><ps:ClientCapabilities>1</ps:ClientCapabilities></ps:AuthInfo><wsse:Security><EncryptedData xmlns=""http://www.w3.org/2001/04/xmlenc#"" Id=""devicesoftware"" Type=""http://www.w3.org/2001/04/xmlenc#Element""><EncryptionMethod Algorithm=""http://www.w3.org/2001/04/xmlenc#tripledes-cbc""></EncryptionMethod><ds:KeyInfo><ds:KeyName>http://Passport.NET/STS</ds:KeyName></ds:KeyInfo><CipherData><CipherValue>*</CipherValue></CipherData></EncryptedData><wssc:DerivedKeyToken wsu:Id=""SignKey"" Algorithm=""urn:liveid:SP800108_CTR_HMAC_SHA256_DOUBLEDERIVED""><wsse:RequestedTokenReference><wsse:KeyIdentifier ValueType=""http://docs.oasis-open.org/wss/2004/XX/oasis-2004XX-wss-saml-token-profile-1.0#SAMLAssertionID""/><wsse:Reference URI=""""/></wsse:RequestedTokenReference><wssc:Nonce>*</wssc:Nonce></wssc:DerivedKeyToken><wsu:Timestamp wsu:Id=""Timestamp""><wsu:Created>2026-08-18T04:12:54Z</wsu:Created><wsu:Expires>2026-08-18T04:17:54Z</wsu:Expires></wsu:Timestamp><Signature xmlns=""http://www.w3.org/2000/09/xmldsig#""><SignedInfo><CanonicalizationMethod Algorithm=""http://www.w3.org/2001/10/xml-exc-c14n#""></CanonicalizationMethod><SignatureMethod Algorithm=""http://www.w3.org/2001/04/xmldsig-more#hmac-sha256""></SignatureMethod><Reference URI=""#RST0""><Transforms><Transform Algorithm=""http://www.w3.org/2001/10/xml-exc-c14n#""></Transform></Transforms><DigestMethod Algorithm=""http://www.w3.org/2001/04/xmlenc#sha256""></DigestMethod><DigestValue>*</DigestValue></Reference><Reference URI=""#Timestamp""><Transforms><Transform Algorithm=""http://www.w3.org/2001/10/xml-exc-c14n#""></Transform></Transforms><DigestMethod Algorithm=""http://www.w3.org/2001/04/xmlenc#sha256""></DigestMethod><DigestValue>*</DigestValue></Reference><Reference URI=""#PPAuthInfo""><Transforms><Transform Algorithm=""http://www.w3.org/2001/10/xml-exc-c14n#""></Transform></Transforms><DigestMethod Algorithm=""http://www.w3.org/2001/04/xmlenc#sha256""></DigestMethod><DigestValue>*</DigestValue></Reference></SignedInfo><SignatureValue>*</SignatureValue><KeyInfo><wsse:SecurityTokenReference><wsse:Reference URI=""#SignKey""/></wsse:SecurityTokenReference></KeyInfo></Signature></wsse:Security></s:Header><s:Body><wst:RequestSecurityToken Id=""RST0""><wst:RequestType>http://schemas.xmlsoap.org/ws/2005/02/trust/Issue</wst:RequestType><wsp:AppliesTo><wsa:EndpointReference><wsa:Address>www.microsoft.com</wsa:Address></wsa:EndpointReference></wsp:AppliesTo><wsp:PolicyReference URI=""mbi_ssl""></wsp:PolicyReference></wst:RequestSecurityToken></s:Body></s:Envelope>"
"18-08-2026 09:41:12","6117","Information","Microsoft-Windows-LiveId","Acquired Service token.
ResourceURI: wns.windows.com
Created: 2026-08-18T09:41:12.000Z
Expires: 2026-08-19T09:41:12.000Z
TokenType: urn:passport:compact
AuthRequired: The operation completed successfully.
RequestStatus: The operation completed successfully.
HasFlowUrl: false
HasAuthUrl: false
HasEndAuthUrl: false"
"18-08-2026 09:41:12","6116","Information","Microsoft-Windows-LiveId","## SOAP Response: <S:Envelope><S:Header><wsa:Action wsu:Id=""Action"" S:mustUnderstand=""1"">*</wsa:Action><wsa:To wsu:Id=""To"" S:mustUnderstand=""1"">*</wsa:To><wsse:Security><wsu:Timestamp wsu:Id=""TS""><wsu:Created>2026-08-18T04:11:12Z</wsu:Created><wsu:Expires>2026-08-18T04:16:12Z</wsu:Expires></wsu:Timestamp><wssc:DerivedKeyToken wsu:Id=""SignKey"" Algorithm=""urn:liveid:SP800108_CTR_HMAC_SHA256_DOUBLEDERIVED""><wsse:SecurityTokenReference><wsse:Reference URI=""PSR+Zqbu59EX99gvfWs2c+xrSFs=""></wsse:Reference></wsse:SecurityTokenReference><wssc:Nonce>*</wssc:Nonce></wssc:DerivedKeyToken><wssc:DerivedKeyToken wsu:Id=""EncKey"" Algorithm=""urn:liveid:SP800108_CTR_HMAC_SHA256_DOUBLEDERIVED""><wsse:SecurityTokenReference><wsse:Reference URI=""PSR+Zqbu59EX99gvfWs2c+xrSFs=""></wsse:Reference></wsse:SecurityTokenReference><wssc:Nonce>*</wssc:Nonce></wssc:DerivedKeyToken><Signature xmlns=""http://www.w3.org/2000/09/xmldsig#""><SignedInfo><CanonicalizationMethod Algorithm=""http://www.w3.org/2001/10/xml-exc-c14n#""></CanonicalizationMethod><SignatureMethod Algorithm=""http://www.w3.org/2001/04/xmldsig-more#hmac-sha256""></SignatureMethod><Reference URI=""#EncPsf""><Transforms><Transform Algorithm=""http://www.w3.org/2001/10/xml-exc-c14n#""></Transform></Transforms><DigestMethod Algorithm=""http://www.w3.org/2001/04/xmlenc#sha256""></DigestMethod><DigestValue>*</DigestValue></Reference><Reference URI=""#Body""><Transforms><Transform Algorithm=""http://www.w3.org/2001/10/xml-exc-c14n#""></Transform></Transforms><DigestMethod Algorithm=""http://www.w3.org/2001/04/xmlenc#sha256""></DigestMethod><DigestValue>*</DigestValue></Reference><Reference URI=""#To""><Transforms><Transform Algorithm=""http://www.w3.org/2001/10/xml-exc-c14n#""></Transform></Transforms><DigestMethod Algorithm=""http://www.w3.org/2001/04/xmlenc#sha256""></DigestMethod><DigestValue>*</DigestValue></Reference><Reference URI=""#Action""><Transforms><Transform Algorithm=""http://www.w3.org/2001/10/xml-exc-c14n#""></Transform></Transforms><DigestMethod Algorithm=""http://www.w3.org/2001/04/xmlenc#sha256""></DigestMethod><DigestValue>*</DigestValue></Reference><Reference URI=""#TS""><Transforms><Transform Algorithm=""http://www.w3.org/2001/10/xml-exc-c14n#""></Transform></Transforms><DigestMethod Algorithm=""http://www.w3.org/2001/04/xmlenc#sha256""></DigestMethod><DigestValue>*</DigestValue></Reference></SignedInfo><SignatureValue>*</SignatureValue><KeyInfo><wsse:SecurityTokenReference><wsse:Reference URI=""#SignKey""></wsse:Reference></wsse:SecurityTokenReference></KeyInfo></Signature><e:ReferenceList xmlns:e=""http://www.w3.org/2001/04/xmlenc#""><e:DataReference URI=""#RSTR""/><e:DataReference URI=""#EncPsf""/></e:ReferenceList></wsse:Security><psf:EncryptedPP><EncryptedData xmlns=""http://www.w3.org/2001/04/xmlenc#"" Id=""EncPsf"" Type=""http://www.w3.org/2001/04/xmlenc#Element""><EncryptionMethod Algorithm=""http://www.w3.org/2001/04/xmlenc#aes256-cbc""></EncryptionMethod><KeyInfo xmlns=""http://www.w3.org/2000/09/xmldsig#""><wsse:SecurityTokenReference><wsse:Reference URI=""#EncKey""></wsse:Reference></wsse:SecurityTokenReference></KeyInfo><CipherData><CipherValue>*</CipherValue></CipherData></EncryptedData></psf:EncryptedPP></S:Header><S:Body wsu:Id=""Body""><EncryptedData xmlns=""http://www.w3.org/2001/04/xmlenc#"" Id=""RSTR"" Type=""http://www.w3.org/2001/04/xmlenc#Element""><EncryptionMethod Algorithm=""http://www.w3.org/2001/04/xmlenc#aes256-cbc""></EncryptionMethod><KeyInfo xmlns=""http://www.w3.org/2000/09/xmldsig#""><wsse:SecurityTokenReference><wsse:Reference URI=""#EncKey""></wsse:Reference></wsse:SecurityTokenReference></KeyInfo><CipherData><CipherValue>*</CipherValue></CipherData></EncryptedData></S:Body></S:Envelope>"
"18-08-2026 09:41:12","6115","Information","Microsoft-Windows-LiveId","## SOAP Request: <s:Envelope><s:Header><wsa:Action s:mustUnderstand=""1"">*</wsa:Action><wsa:To s:mustUnderstand=""1"">*</wsa:To><wsa:MessageID>*</wsa:MessageID><ps:AuthInfo Id=""PPAuthInfo""><ps:HostingApp>{D80D1001-5B38-49E9-9D34-EC9B84779189}</ps:HostingApp><ps:BinaryVersion>55</ps:BinaryVersion><ps:UIVersion>1</ps:UIVersion><ps:InlineUX>TokenBroker</ps:InlineUX><ps:IsAdmin>1</ps:IsAdmin><ps:Cookies></ps:Cookies><ps:RequestParams>AQAAAAIAAABsYwQAAAAxMDMz</ps:RequestParams><ps:WindowsClientString>iVzGU/dyae9bMPpavLb310Ogu6n9/IR8NBZolBsTgbk=</ps:WindowsClientString><ps:LicenseSignatureKeyVersion>*</ps:LicenseSignatureKeyVersion><ps:ClientCapabilities>1</ps:ClientCapabilities></ps:AuthInfo><wsse:Security><EncryptedData xmlns=""http://www.w3.org/2001/04/xmlenc#"" Id=""devicesoftware"" Type=""http://www.w3.org/2001/04/xmlenc#Element""><EncryptionMethod Algorithm=""http://www.w3.org/2001/04/xmlenc#tripledes-cbc""></EncryptionMethod><ds:KeyInfo><ds:KeyName>http://Passport.NET/STS</ds:KeyName></ds:KeyInfo><CipherData><CipherValue>*</CipherValue></CipherData></EncryptedData><wssc:DerivedKeyToken wsu:Id=""SignKey"" Algorithm=""urn:liveid:SP800108_CTR_HMAC_SHA256_DOUBLEDERIVED""><wsse:RequestedTokenReference><wsse:KeyIdentifier ValueType=""http://docs.oasis-open.org/wss/2004/XX/oasis-2004XX-wss-saml-token-profile-1.0#SAMLAssertionID""/><wsse:Reference URI=""""/></wsse:RequestedTokenReference><wssc:Nonce>*</wssc:Nonce></wssc:DerivedKeyToken><wsu:Timestamp wsu:Id=""Timestamp""><wsu:Created>2026-08-18T04:11:11Z</wsu:Created><wsu:Expires>2026-08-18T04:16:11Z</wsu:Expires></wsu:Timestamp><Signature xmlns=""http://www.w3.org/2000/09/xmldsig#""><SignedInfo><CanonicalizationMethod Algorithm=""http://www.w3.org/2001/10/xml-exc-c14n#""></CanonicalizationMethod><SignatureMethod Algorithm=""http://www.w3.org/2001/04/xmldsig-more#hmac-sha256""></SignatureMethod><Reference URI=""#RST0""><Transforms><Transform Algorithm=""http://www.w3.org/2001/10/xml-exc-c14n#""></Transform></Transforms><DigestMethod Algorithm=""http://www.w3.org/2001/04/xmlenc#sha256""></DigestMethod><DigestValue>*</DigestValue></Reference><Reference URI=""#Timestamp""><Transforms><Transform Algorithm=""http://www.w3.org/2001/10/xml-exc-c14n#""></Transform></Transforms><DigestMethod Algorithm=""http://www.w3.org/2001/04/xmlenc#sha256""></DigestMethod><DigestValue>*</DigestValue></Reference><Reference URI=""#PPAuthInfo""><Transforms><Transform Algorithm=""http://www.w3.org/2001/10/xml-exc-c14n#""></Transform></Transforms><DigestMethod Algorithm=""http://www.w3.org/2001/04/xmlenc#sha256""></DigestMethod><DigestValue>*</DigestValue></Reference></SignedInfo><SignatureValue>*</SignatureValue><KeyInfo><wsse:SecurityTokenReference><wsse:Reference URI=""#SignKey""/></wsse:SecurityTokenReference></KeyInfo></Signature></wsse:Security></s:Header><s:Body><wst:RequestSecurityToken Id=""RST0""><wst:RequestType>http://schemas.xmlsoap.org/ws/2005/02/trust/Issue</wst:RequestType><wsp:AppliesTo><wsa:EndpointReference><wsa:Address>wns.windows.com</wsa:Address></wsa:EndpointReference></wsp:AppliesTo><wsp:PolicyReference URI=""MBI_SSL""></wsp:PolicyReference></wst:RequestSecurityToken></s:Body></s:Envelope>"
"18-08-2026 09:41:09","6117","Information","Microsoft-Windows-LiveId","Acquired Service token.
ResourceURI: settings-win.data.microsoft.com
Created: 2026-08-18T09:41:09.000Z
Expires: 2026-08-19T09:41:09.000Z
TokenType: urn:passport:delegationcompact
AuthRequired: The operation completed successfully.
RequestStatus: The operation completed successfully.
HasFlowUrl: false
HasAuthUrl: false
HasEndAuthUrl: false"
"18-08-2026 09:41:09","6116","Information","Microsoft-Windows-LiveId","## SOAP Response: <S:Envelope><S:Header><wsa:Action wsu:Id=""Action"" S:mustUnderstand=""1"">*</wsa:Action><wsa:To wsu:Id=""To"" S:mustUnderstand=""1"">*</wsa:To><wsse:Security><wsu:Timestamp wsu:Id=""TS""><wsu:Created>2026-08-18T04:11:09Z</wsu:Created><wsu:Expires>2026-08-18T04:16:09Z</wsu:Expires></wsu:Timestamp><wssc:DerivedKeyToken wsu:Id=""SignKey"" Algorithm=""urn:liveid:SP800108_CTR_HMAC_SHA256_DOUBLEDERIVED""><wsse:SecurityTokenReference><wsse:Reference URI=""PSR+Zqbu59EX99gvfWs2c+xrSFs=""></wsse:Reference></wsse:SecurityTokenReference><wssc:Nonce>*</wssc:Nonce></wssc:DerivedKeyToken><wssc:DerivedKeyToken wsu:Id=""EncKey"" Algorithm=""urn:liveid:SP800108_CTR_HMAC_SHA256_DOUBLEDERIVED""><wsse:SecurityTokenReference><wsse:Reference URI=""PSR+Zqbu59EX99gvfWs2c+xrSFs=""></wsse:Reference></wsse:SecurityTokenReference><wssc:Nonce>*</wssc:Nonce></wssc:DerivedKeyToken><Signature xmlns=""http://www.w3.org/2000/09/xmldsig#""><SignedInfo><CanonicalizationMethod Algorithm=""http://www.w3.org/2001/10/xml-exc-c14n#""></CanonicalizationMethod><SignatureMethod Algorithm=""http://www.w3.org/2001/04/xmldsig-more#hmac-sha256""></SignatureMethod><Reference URI=""#EncPsf""><Transforms><Transform Algorithm=""http://www.w3.org/2001/10/xml-exc-c14n#""></Transform></Transforms><DigestMethod Algorithm=""http://www.w3.org/2001/04/xmlenc#sha256""></DigestMethod><DigestValue>*</DigestValue></Reference><Reference URI=""#Body""><Transforms><Transform Algorithm=""http://www.w3.org/2001/10/xml-exc-c14n#""></Transform></Transforms><DigestMethod Algorithm=""http://www.w3.org/2001/04/xmlenc#sha256""></DigestMethod><DigestValue>*</DigestValue></Reference><Reference URI=""#To""><Transforms><Transform Algorithm=""http://www.w3.org/2001/10/xml-exc-c14n#""></Transform></Transforms><DigestMethod Algorithm=""http://www.w3.org/2001/04/xmlenc#sha256""></DigestMethod><DigestValue>*</DigestValue></Reference><Reference URI=""#Action""><Transforms><Transform Algorithm=""http://www.w3.org/2001/10/xml-exc-c14n#""></Transform></Transforms><DigestMethod Algorithm=""http://www.w3.org/2001/04/xmlenc#sha256""></DigestMethod><DigestValue>*</DigestValue></Reference><Reference URI=""#TS""><Transforms><Transform Algorithm=""http://www.w3.org/2001/10/xml-exc-c14n#""></Transform></Transforms><DigestMethod Algorithm=""http://www.w3.org/2001/04/xmlenc#sha256""></DigestMethod><DigestValue>*</DigestValue></Reference></SignedInfo><SignatureValue>*</SignatureValue><KeyInfo><wsse:SecurityTokenReference><wsse:Reference URI=""#SignKey""></wsse:Reference></wsse:SecurityTokenReference></KeyInfo></Signature><e:ReferenceList xmlns:e=""http://www.w3.org/2001/04/xmlenc#""><e:DataReference URI=""#RSTR""/><e:DataReference URI=""#EncPsf""/></e:ReferenceList></wsse:Security><psf:EncryptedPP><EncryptedData xmlns=""http://www.w3.org/2001/04/xmlenc#"" Id=""EncPsf"" Type=""http://www.w3.org/2001/04/xmlenc#Element""><EncryptionMethod Algorithm=""http://www.w3.org/2001/04/xmlenc#aes256-cbc""></EncryptionMethod><KeyInfo xmlns=""http://www.w3.org/2000/09/xmldsig#""><wsse:SecurityTokenReference><wsse:Reference URI=""#EncKey""></wsse:Reference></wsse:SecurityTokenReference></KeyInfo><CipherData><CipherValue>*</CipherValue></CipherData></EncryptedData></psf:EncryptedPP></S:Header><S:Body wsu:Id=""Body""><EncryptedData xmlns=""http://www.w3.org/2001/04/xmlenc#"" Id=""RSTR"" Type=""http://www.w3.org/2001/04/xmlenc#Element""><EncryptionMethod Algorithm=""http://www.w3.org/2001/04/xmlenc#aes256-cbc""></EncryptionMethod><KeyInfo xmlns=""http://www.w3.org/2000/09/xmldsig#""><wsse:SecurityTokenReference><wsse:Reference URI=""#EncKey""></wsse:Reference></wsse:SecurityTokenReference></KeyInfo><CipherData><CipherValue>*</CipherValue></CipherData></EncryptedData></S:Body></S:Envelope>"
"18-08-2026 09:41:09","6115","Information","Microsoft-Windows-LiveId","## SOAP Request: <s:Envelope><s:Header><wsa:Action s:mustUnderstand=""1"">*</wsa:Action><wsa:To s:mustUnderstand=""1"">*</wsa:To><wsa:MessageID>*</wsa:MessageID><ps:AuthInfo Id=""PPAuthInfo""><ps:HostingApp>{0CB4A94A-6E8C-477B-88C8-A3799FC97414}</ps:HostingApp><ps:BinaryVersion>55</ps:BinaryVersion><ps:UIVersion>1</ps:UIVersion><ps:InlineUX>TokenBroker</ps:InlineUX><ps:IsAdmin>1</ps:IsAdmin><ps:Cookies></ps:Cookies><ps:RequestParams>AQAAAAIAAABsYwQAAAAxMDMz</ps:RequestParams><ps:WindowsClientString>iVzGU/dyae9bMPpavLb310Ogu6n9/IR8NBZolBsTgbk=</ps:WindowsClientString><ps:LicenseSignatureKeyVersion>*</ps:LicenseSignatureKeyVersion><ps:ClientCapabilities>1</ps:ClientCapabilities></ps:AuthInfo><wsse:Security><EncryptedData xmlns=""http://www.w3.org/2001/04/xmlenc#"" Id=""devicesoftware"" Type=""http://www.w3.org/2001/04/xmlenc#Element""><EncryptionMethod Algorithm=""http://www.w3.org/2001/04/xmlenc#tripledes-cbc""></EncryptionMethod><ds:KeyInfo><ds:KeyName>http://Passport.NET/STS</ds:KeyName></ds:KeyInfo><CipherData><CipherValue>*</CipherValue></CipherData></EncryptedData><wssc:DerivedKeyToken wsu:Id=""SignKey"" Algorithm=""urn:liveid:SP800108_CTR_HMAC_SHA256_DOUBLEDERIVED""><wsse:RequestedTokenReference><wsse:KeyIdentifier ValueType=""http://docs.oasis-open.org/wss/2004/XX/oasis-2004XX-wss-saml-token-profile-1.0#SAMLAssertionID""/><wsse:Reference URI=""""/></wsse:RequestedTokenReference><wssc:Nonce>*</wssc:Nonce></wssc:DerivedKeyToken><wsu:Timestamp wsu:Id=""Timestamp""><wsu:Created>2026-08-18T04:11:07Z</wsu:Created><wsu:Expires>2026-08-18T04:16:07Z</wsu:Expires></wsu:Timestamp><Signature xmlns=""http://www.w3.org/2000/09/xmldsig#""><SignedInfo><CanonicalizationMethod Algorithm=""http://www.w3.org/2001/10/xml-exc-c14n#""></CanonicalizationMethod><SignatureMethod Algorithm=""http://www.w3.org/2001/04/xmldsig-more#hmac-sha256""></SignatureMethod><Reference URI=""#RST0""><Transforms><Transform Algorithm=""http://www.w3.org/2001/10/xml-exc-c14n#""></Transform></Transforms><DigestMethod Algorithm=""http://www.w3.org/2001/04/xmlenc#sha256""></DigestMethod><DigestValue>*</DigestValue></Reference><Reference URI=""#Timestamp""><Transforms><Transform Algorithm=""http://www.w3.org/2001/10/xml-exc-c14n#""></Transform></Transforms><DigestMethod Algorithm=""http://www.w3.org/2001/04/xmlenc#sha256""></DigestMethod><DigestValue>*</DigestValue></Reference><Reference URI=""#PPAuthInfo""><Transforms><Transform Algorithm=""http://www.w3.org/2001/10/xml-exc-c14n#""></Transform></Transforms><DigestMethod Algorithm=""http://www.w3.org/2001/04/xmlenc#sha256""></DigestMethod><DigestValue>*</DigestValue></Reference></SignedInfo><SignatureValue>*</SignatureValue><KeyInfo><wsse:SecurityTokenReference><wsse:Reference URI=""#SignKey""/></wsse:SecurityTokenReference></KeyInfo></Signature></wsse:Security></s:Header><s:Body><wst:RequestSecurityToken Id=""RST0""><wst:RequestType>http://schemas.xmlsoap.org/ws/2005/02/trust/Issue</wst:RequestType><wsp:AppliesTo><wsa:EndpointReference><wsa:Address>settings-win.data.microsoft.com</wsa:Address></wsa:EndpointReference></wsp:AppliesTo><wsp:PolicyReference URI=""MBI_SSL""></wsp:PolicyReference></wst:RequestSecurityToken></s:Body></s:Envelope>"
"18-08-2026 09:41:06","6117","Information","Microsoft-Windows-LiveId","Acquired Service token.
ResourceURI: activity.windows.com
Created: 2026-08-18T09:41:05.000Z
Expires: 2026-08-19T09:41:05.000Z
TokenType: urn:passport:compact
AuthRequired: The operation completed successfully.
RequestStatus: The operation completed successfully.
HasFlowUrl: false
HasAuthUrl: false
HasEndAuthUrl: false"
"18-08-2026 09:41:06","6116","Information","Microsoft-Windows-LiveId","## SOAP Response: <S:Envelope><S:Header><wsa:Action wsu:Id=""Action"" S:mustUnderstand=""1"">*</wsa:Action><wsa:To wsu:Id=""To"" S:mustUnderstand=""1"">*</wsa:To><wsse:Security><wsu:Timestamp wsu:Id=""TS""><wsu:Created>2026-08-18T04:11:05Z</wsu:Created><wsu:Expires>2026-08-18T04:16:05Z</wsu:Expires></wsu:Timestamp><wssc:DerivedKeyToken wsu:Id=""SignKey"" Algorithm=""urn:liveid:SP800108_CTR_HMAC_SHA256_DOUBLEDERIVED""><wsse:SecurityTokenReference><wsse:Reference URI=""kG8NQJ7dNxewV6EvfObC0EJO1yY=""></wsse:Reference></wsse:SecurityTokenReference><wssc:Nonce>*</wssc:Nonce></wssc:DerivedKeyToken><wssc:DerivedKeyToken wsu:Id=""EncKey"" Algorithm=""urn:liveid:SP800108_CTR_HMAC_SHA256_DOUBLEDERIVED""><wsse:SecurityTokenReference><wsse:Reference URI=""kG8NQJ7dNxewV6EvfObC0EJO1yY=""></wsse:Reference></wsse:SecurityTokenReference><wssc:Nonce>*</wssc:Nonce></wssc:DerivedKeyToken><Signature xmlns=""http://www.w3.org/2000/09/xmldsig#""><SignedInfo><CanonicalizationMethod Algorithm=""http://www.w3.org/2001/10/xml-exc-c14n#""></CanonicalizationMethod><SignatureMethod Algorithm=""http://www.w3.org/2001/04/xmldsig-more#hmac-sha256""></SignatureMethod><Reference URI=""#EncPsf""><Transforms><Transform Algorithm=""http://www.w3.org/2001/10/xml-exc-c14n#""></Transform></Transforms><DigestMethod Algorithm=""http://www.w3.org/2001/04/xmlenc#sha256""></DigestMethod><DigestValue>*</DigestValue></Reference><Reference URI=""#Body""><Transforms><Transform Algorithm=""http://www.w3.org/2001/10/xml-exc-c14n#""></Transform></Transforms><DigestMethod Algorithm=""http://www.w3.org/2001/04/xmlenc#sha256""></DigestMethod><DigestValue>*</DigestValue></Reference><Reference URI=""#To""><Transforms><Transform Algorithm=""http://www.w3.org/2001/10/xml-exc-c14n#""></Transform></Transforms><DigestMethod Algorithm=""http://www.w3.org/2001/04/xmlenc#sha256""></DigestMethod><DigestValue>*</DigestValue></Reference><Reference URI=""#Action""><Transforms><Transform Algorithm=""http://www.w3.org/2001/10/xml-exc-c14n#""></Transform></Transforms><DigestMethod Algorithm=""http://www.w3.org/2001/04/xmlenc#sha256""></DigestMethod><DigestValue>*</DigestValue></Reference><Reference URI=""#TS""><Transforms><Transform Algorithm=""http://www.w3.org/2001/10/xml-exc-c14n#""></Transform></Transforms><DigestMethod Algorithm=""http://www.w3.org/2001/04/xmlenc#sha256""></DigestMethod><DigestValue>*</DigestValue></Reference></SignedInfo><SignatureValue>*</SignatureValue><KeyInfo><wsse:SecurityTokenReference><wsse:Reference URI=""#SignKey""></wsse:Reference></wsse:SecurityTokenReference></KeyInfo></Signature><e:ReferenceList xmlns:e=""http://www.w3.org/2001/04/xmlenc#""><e:DataReference URI=""#RSTR""/><e:DataReference URI=""#EncPsf""/></e:ReferenceList></wsse:Security><psf:EncryptedPP><EncryptedData xmlns=""http://www.w3.org/2001/04/xmlenc#"" Id=""EncPsf"" Type=""http://www.w3.org/2001/04/xmlenc#Element""><EncryptionMethod Algorithm=""http://www.w3.org/2001/04/xmlenc#aes256-cbc""></EncryptionMethod><KeyInfo xmlns=""http://www.w3.org/2000/09/xmldsig#""><wsse:SecurityTokenReference><wsse:Reference URI=""#EncKey""></wsse:Reference></wsse:SecurityTokenReference></KeyInfo><CipherData><CipherValue>*</CipherValue></CipherData></EncryptedData></psf:EncryptedPP></S:Header><S:Body wsu:Id=""Body""><EncryptedData xmlns=""http://www.w3.org/2001/04/xmlenc#"" Id=""RSTR"" Type=""http://www.w3.org/2001/04/xmlenc#Element""><EncryptionMethod Algorithm=""http://www.w3.org/2001/04/xmlenc#aes256-cbc""></EncryptionMethod><KeyInfo xmlns=""http://www.w3.org/2000/09/xmldsig#""><wsse:SecurityTokenReference><wsse:Reference URI=""#EncKey""></wsse:Reference></wsse:SecurityTokenReference></KeyInfo><CipherData><CipherValue>*</CipherValue></CipherData></EncryptedData></S:Body></S:Envelope>"
"18-08-2026 09:41:05","6115","Information","Microsoft-Windows-LiveId","## SOAP Request: <s:Envelope><s:Header><wsa:Action s:mustUnderstand=""1"">*</wsa:Action><wsa:To s:mustUnderstand=""1"">*</wsa:To><wsa:MessageID>*</wsa:MessageID><ps:AuthInfo Id=""PPAuthInfo""><ps:HostingApp>{12E984BD-5803-4D78-9EFB-BED7B9212C26}</ps:HostingApp><ps:BinaryVersion>55</ps:BinaryVersion><ps:UIVersion>1</ps:UIVersion><ps:InlineUX>TokenBroker</ps:InlineUX><ps:Cookies></ps:Cookies><ps:RequestParams>AQAAAAIAAABsYwQAAAAxMDMz</ps:RequestParams><ps:WindowsClientString>iVzGU/dyae9bMPpavLb310Ogu6n9/IR8NBZolBsTgbk=</ps:WindowsClientString><ps:LicenseSignatureKeyVersion>*</ps:LicenseSignatureKeyVersion><ps:ClientCapabilities>1</ps:ClientCapabilities></ps:AuthInfo><wsse:Security><EncryptedData xmlns=""http://www.w3.org/2001/04/xmlenc#"" Id=""devicesoftware"" Type=""http://www.w3.org/2001/04/xmlenc#Element""><EncryptionMethod Algorithm=""http://www.w3.org/2001/04/xmlenc#tripledes-cbc""></EncryptionMethod><ds:KeyInfo><ds:KeyName>http://Passport.NET/STS</ds:KeyName></ds:KeyInfo><CipherData><CipherValue>*</CipherValue></CipherData></EncryptedData><wssc:DerivedKeyToken wsu:Id=""SignKey"" Algorithm=""urn:liveid:SP800108_CTR_HMAC_SHA256_DOUBLEDERIVED""><wsse:RequestedTokenReference><wsse:KeyIdentifier ValueType=""http://docs.oasis-open.org/wss/2004/XX/oasis-2004XX-wss-saml-token-profile-1.0#SAMLAssertionID""/><wsse:Reference URI=""""/></wsse:RequestedTokenReference><wssc:Nonce>*</wssc:Nonce></wssc:DerivedKeyToken><wsu:Timestamp wsu:Id=""Timestamp""><wsu:Created>2026-08-18T04:11:04Z</wsu:Created><wsu:Expires>2026-08-18T04:16:04Z</wsu:Expires></wsu:Timestamp><Signature xmlns=""http://www.w3.org/2000/09/xmldsig#""><SignedInfo><CanonicalizationMethod Algorithm=""http://www.w3.org/2001/10/xml-exc-c14n#""></CanonicalizationMethod><SignatureMethod Algorithm=""http://www.w3.org/2001/04/xmldsig-more#hmac-sha256""></SignatureMethod><Reference URI=""#RST0""><Transforms><Transform Algorithm=""http://www.w3.org/2001/10/xml-exc-c14n#""></Transform></Transforms><DigestMethod Algorithm=""http://www.w3.org/2001/04/xmlenc#sha256""></DigestMethod><DigestValue>*</DigestValue></Reference><Reference URI=""#Timestamp""><Transforms><Transform Algorithm=""http://www.w3.org/2001/10/xml-exc-c14n#""></Transform></Transforms><DigestMethod Algorithm=""http://www.w3.org/2001/04/xmlenc#sha256""></DigestMethod><DigestValue>*</DigestValue></Reference><Reference URI=""#PPAuthInfo""><Transforms><Transform Algorithm=""http://www.w3.org/2001/10/xml-exc-c14n#""></Transform></Transforms><DigestMethod Algorithm=""http://www.w3.org/2001/04/xmlenc#sha256""></DigestMethod><DigestValue>*</DigestValue></Reference></SignedInfo><SignatureValue>*</SignatureValue><KeyInfo><wsse:SecurityTokenReference><wsse:Reference URI=""#SignKey""/></wsse:SecurityTokenReference></KeyInfo></Signature></wsse:Security></s:Header><s:Body><wst:RequestSecurityToken Id=""RST0""><wst:RequestType>http://schemas.xmlsoap.org/ws/2005/02/trust/Issue</wst:RequestType><wsp:AppliesTo><wsa:EndpointReference><wsa:Address>activity.windows.com</wsa:Address></wsa:EndpointReference></wsp:AppliesTo><wsp:PolicyReference URI=""MBI_SSL""></wsp:PolicyReference></wst:RequestSecurityToken></s:Body></s:Envelope>"
"18-08-2026 09:41:05","6117","Information","Microsoft-Windows-LiveId","Acquired Service token.
ResourceURI: https://ads.arcct.msn.com
Created: 2026-08-18T09:41:04.000Z
Expires: 2026-08-19T09:41:04.000Z
TokenType: urn:passport:compact
AuthRequired: The operation completed successfully.
RequestStatus: The operation completed successfully.
HasFlowUrl: false
HasAuthUrl: false
HasEndAuthUrl: false"
"18-08-2026 09:41:05","6116","Information","Microsoft-Windows-LiveId","## SOAP Response: <S:Envelope><S:Header><wsa:Action wsu:Id=""Action"" S:mustUnderstand=""1"">*</wsa:Action><wsa:To wsu:Id=""To"" S:mustUnderstand=""1"">*</wsa:To><wsse:Security><wsu:Timestamp wsu:Id=""TS""><wsu:Created>2026-08-18T04:11:04Z</wsu:Created><wsu:Expires>2026-08-18T04:16:04Z</wsu:Expires></wsu:Timestamp><wssc:DerivedKeyToken wsu:Id=""SignKey"" Algorithm=""urn:liveid:SP800108_CTR_HMAC_SHA256_DOUBLEDERIVED""><wsse:SecurityTokenReference><wsse:Reference URI=""kG8NQJ7dNxewV6EvfObC0EJO1yY=""></wsse:Reference></wsse:SecurityTokenReference><wssc:Nonce>*</wssc:Nonce></wssc:DerivedKeyToken><wssc:DerivedKeyToken wsu:Id=""EncKey"" Algorithm=""urn:liveid:SP800108_CTR_HMAC_SHA256_DOUBLEDERIVED""><wsse:SecurityTokenReference><wsse:Reference URI=""kG8NQJ7dNxewV6EvfObC0EJO1yY=""></wsse:Reference></wsse:SecurityTokenReference><wssc:Nonce>*</wssc:Nonce></wssc:DerivedKeyToken><Signature xmlns=""http://www.w3.org/2000/09/xmldsig#""><SignedInfo><CanonicalizationMethod Algorithm=""http://www.w3.org/2001/10/xml-exc-c14n#""></CanonicalizationMethod><SignatureMethod Algorithm=""http://www.w3.org/2001/04/xmldsig-more#hmac-sha256""></SignatureMethod><Reference URI=""#EncPsf""><Transforms><Transform Algorithm=""http://www.w3.org/2001/10/xml-exc-c14n#""></Transform></Transforms><DigestMethod Algorithm=""http://www.w3.org/2001/04/xmlenc#sha256""></DigestMethod><DigestValue>*</DigestValue></Reference><Reference URI=""#Body""><Transforms><Transform Algorithm=""http://www.w3.org/2001/10/xml-exc-c14n#""></Transform></Transforms><DigestMethod Algorithm=""http://www.w3.org/2001/04/xmlenc#sha256""></DigestMethod><DigestValue>*</DigestValue></Reference><Reference URI=""#To""><Transforms><Transform Algorithm=""http://www.w3.org/2001/10/xml-exc-c14n#""></Transform></Transforms><DigestMethod Algorithm=""http://www.w3.org/2001/04/xmlenc#sha256""></DigestMethod><DigestValue>*</DigestValue></Reference><Reference URI=""#Action""><Transforms><Transform Algorithm=""http://www.w3.org/2001/10/xml-exc-c14n#""></Transform></Transforms><DigestMethod Algorithm=""http://www.w3.org/2001/04/xmlenc#sha256""></DigestMethod><DigestValue>*</DigestValue></Reference><Reference URI=""#TS""><Transforms><Transform Algorithm=""http://www.w3.org/2001/10/xml-exc-c14n#""></Transform></Transforms><DigestMethod Algorithm=""http://www.w3.org/2001/04/xmlenc#sha256""></DigestMethod><DigestValue>*</DigestValue></Reference></SignedInfo><SignatureValue>*</SignatureValue><KeyInfo><wsse:SecurityTokenReference><wsse:Reference URI=""#SignKey""></wsse:Reference></wsse:SecurityTokenReference></KeyInfo></Signature><e:ReferenceList xmlns:e=""http://www.w3.org/2001/04/xmlenc#""><e:DataReference URI=""#RSTR""/><e:DataReference URI=""#EncPsf""/></e:ReferenceList></wsse:Security><psf:EncryptedPP><EncryptedData xmlns=""http://www.w3.org/2001/04/xmlenc#"" Id=""EncPsf"" Type=""http://www.w3.org/2001/04/xmlenc#Element""><EncryptionMethod Algorithm=""http://www.w3.org/2001/04/xmlenc#aes256-cbc""></EncryptionMethod><KeyInfo xmlns=""http://www.w3.org/2000/09/xmldsig#""><wsse:SecurityTokenReference><wsse:Reference URI=""#EncKey""></wsse:Reference></wsse:SecurityTokenReference></KeyInfo><CipherData><CipherValue>*</CipherValue></CipherData></EncryptedData></psf:EncryptedPP></S:Header><S:Body wsu:Id=""Body""><EncryptedData xmlns=""http://www.w3.org/2001/04/xmlenc#"" Id=""RSTR"" Type=""http://www.w3.org/2001/04/xmlenc#Element""><EncryptionMethod Algorithm=""http://www.w3.org/2001/04/xmlenc#aes256-cbc""></EncryptionMethod><KeyInfo xmlns=""http://www.w3.org/2000/09/xmldsig#""><wsse:SecurityTokenReference><wsse:Reference URI=""#EncKey""></wsse:Reference></wsse:SecurityTokenReference></KeyInfo><CipherData><CipherValue>*</CipherValue></CipherData></EncryptedData></S:Body></S:Envelope>"
"18-08-2026 09:41:05","6117","Information","Microsoft-Windows-LiveId","Acquired Service token.
ResourceURI: https://ads.arcct.msn.com
Created: 2026-08-18T09:41:04.000Z
Expires: 2026-08-19T09:41:04.000Z
TokenType: urn:passport:compact
AuthRequired: The operation completed successfully.
RequestStatus: The operation completed successfully.
HasFlowUrl: false
HasAuthUrl: false
HasEndAuthUrl: false"
"18-08-2026 09:41:05","6116","Information","Microsoft-Windows-LiveId","## SOAP Response: <S:Envelope><S:Header><wsa:Action wsu:Id=""Action"" S:mustUnderstand=""1"">*</wsa:Action><wsa:To wsu:Id=""To"" S:mustUnderstand=""1"">*</wsa:To><wsse:Security><wsu:Timestamp wsu:Id=""TS""><wsu:Created>2026-08-18T04:11:04Z</wsu:Created><wsu:Expires>2026-08-18T04:16:04Z</wsu:Expires></wsu:Timestamp><wssc:DerivedKeyToken wsu:Id=""SignKey"" Algorithm=""urn:liveid:SP800108_CTR_HMAC_SHA256_DOUBLEDERIVED""><wsse:SecurityTokenReference><wsse:Reference URI=""kG8NQJ7dNxewV6EvfObC0EJO1yY=""></wsse:Reference></wsse:SecurityTokenReference><wssc:Nonce>*</wssc:Nonce></wssc:DerivedKeyToken><wssc:DerivedKeyToken wsu:Id=""EncKey"" Algorithm=""urn:liveid:SP800108_CTR_HMAC_SHA256_DOUBLEDERIVED""><wsse:SecurityTokenReference><wsse:Reference URI=""kG8NQJ7dNxewV6EvfObC0EJO1yY=""></wsse:Reference></wsse:SecurityTokenReference><wssc:Nonce>*</wssc:Nonce></wssc:DerivedKeyToken><Signature xmlns=""http://www.w3.org/2000/09/xmldsig#""><SignedInfo><CanonicalizationMethod Algorithm=""http://www.w3.org/2001/10/xml-exc-c14n#""></CanonicalizationMethod><SignatureMethod Algorithm=""http://www.w3.org/2001/04/xmldsig-more#hmac-sha256""></SignatureMethod><Reference URI=""#EncPsf""><Transforms><Transform Algorithm=""http://www.w3.org/2001/10/xml-exc-c14n#""></Transform></Transforms><DigestMethod Algorithm=""http://www.w3.org/2001/04/xmlenc#sha256""></DigestMethod><DigestValue>*</DigestValue></Reference><Reference URI=""#Body""><Transforms><Transform Algorithm=""http://www.w3.org/2001/10/xml-exc-c14n#""></Transform></Transforms><DigestMethod Algorithm=""http://www.w3.org/2001/04/xmlenc#sha256""></DigestMethod><DigestValue>*</DigestValue></Reference><Reference URI=""#To""><Transforms><Transform Algorithm=""http://www.w3.org/2001/10/xml-exc-c14n#""></Transform></Transforms><DigestMethod Algorithm=""http://www.w3.org/2001/04/xmlenc#sha256""></DigestMethod><DigestValue>*</DigestValue></Reference><Reference URI=""#Action""><Transforms><Transform Algorithm=""http://www.w3.org/2001/10/xml-exc-c14n#""></Transform></Transforms><DigestMethod Algorithm=""http://www.w3.org/2001/04/xmlenc#sha256""></DigestMethod><DigestValue>*</DigestValue></Reference><Reference URI=""#TS""><Transforms><Transform Algorithm=""http://www.w3.org/2001/10/xml-exc-c14n#""></Transform></Transforms><DigestMethod Algorithm=""http://www.w3.org/2001/04/xmlenc#sha256""></DigestMethod><DigestValue>*</DigestValue></Reference></SignedInfo><SignatureValue>*</SignatureValue><KeyInfo><wsse:SecurityTokenReference><wsse:Reference URI=""#SignKey""></wsse:Reference></wsse:SecurityTokenReference></KeyInfo></Signature><e:ReferenceList xmlns:e=""http://www.w3.org/2001/04/xmlenc#""><e:DataReference URI=""#RSTR""/><e:DataReference URI=""#EncPsf""/></e:ReferenceList></wsse:Security><psf:EncryptedPP><EncryptedData xmlns=""http://www.w3.org/2001/04/xmlenc#"" Id=""EncPsf"" Type=""http://www.w3.org/2001/04/xmlenc#Element""><EncryptionMethod Algorithm=""http://www.w3.org/2001/04/xmlenc#aes256-cbc""></EncryptionMethod><KeyInfo xmlns=""http://www.w3.org/2000/09/xmldsig#""><wsse:SecurityTokenReference><wsse:Reference URI=""#EncKey""></wsse:Reference></wsse:SecurityTokenReference></KeyInfo><CipherData><CipherValue>*</CipherValue></CipherData></EncryptedData></psf:EncryptedPP></S:Header><S:Body wsu:Id=""Body""><EncryptedData xmlns=""http://www.w3.org/2001/04/xmlenc#"" Id=""RSTR"" Type=""http://www.w3.org/2001/04/xmlenc#Element""><EncryptionMethod Algorithm=""http://www.w3.org/2001/04/xmlenc#aes256-cbc""></EncryptionMethod><KeyInfo xmlns=""http://www.w3.org/2000/09/xmldsig#""><wsse:SecurityTokenReference><wsse:Reference URI=""#EncKey""></wsse:Reference></wsse:SecurityTokenReference></KeyInfo><CipherData><CipherValue>*</CipherValue></CipherData></EncryptedData></S:Body></S:Envelope>"
"18-08-2026 09:41:04","6117","Information","Microsoft-Windows-LiveId","Acquired Service token.
ResourceURI: https://ads.arcct.msn.com
Created: 2026-08-18T09:41:04.000Z
Expires: 2026-08-19T09:41:04.000Z
TokenType: urn:passport:compact
AuthRequired: The operation completed successfully.
RequestStatus: The operation completed successfully.
HasFlowUrl: false
HasAuthUrl: false
HasEndAuthUrl: false"
