"04-08-2026 09:14:01","94","Information","Microsoft-Windows-SENSE","Windows Defender Advanced Threat Protection Classification Engine executable has started"
"04-08-2026 09:14:00","95","Information","Microsoft-Windows-SENSE","Windows Defender Advanced Threat Protection Classification Engine executable has ended"
"04-08-2026 09:13:59","130","Information","Microsoft-Windows-SENSE","Received DLP policy type: dlpsensitiveinfotypesconfiguration. Policy Hash: 639213730911762301-64d76c22e601e6d031878232f5e7c989115ffe2f, Timestamp: 1720468089"
"04-08-2026 09:13:59","131","Information","Microsoft-Windows-SENSE","Completed processing DLP policy type: dlppolicyconfiguration. Policy Hash: 639213603909127071-450df30793eba59f44b0e24d6be0b5508432200b, Timestamp: 18446744072993212523"
"04-08-2026 09:13:59","130","Information","Microsoft-Windows-SENSE","Received DLP policy type: dlppolicyconfiguration. Policy Hash: 639213603909127071-450df30793eba59f44b0e24d6be0b5508432200b, Timestamp: 18446744072993212523"
"04-08-2026 09:11:42","1841","Verbose","Microsoft-Windows-SENSE","CSP: Get AadDeviceId complete. Value: (b0a5bc0f-7566-4771-a98b-e1b6a6bd0645), IsDefault: (false)."
"04-08-2026 09:11:42","1806","Verbose","Microsoft-Windows-SENSE","CSP: Get Onboarding State value complete. Result: (1), IsDefault: (false)."
"04-08-2026 09:11:42","1805","Verbose","Microsoft-Windows-SENSE","CSP: Get Sense Is Running value complete. Result: (0x1)."
"04-08-2026 09:11:42","1809","Verbose","Microsoft-Windows-SENSE","CSP: Get Sample Sharing value complete. Result: (1), IsDefault: (true)."
"04-08-2026 09:11:42","1807","Verbose","Microsoft-Windows-SENSE","CSP: Get Onboarding value complete. Onboarding Blob Hash: (0x9DF75D74030C7DBF), IsDefault: (false), Onboarding State: (0x1), Onboarding State IsDefault: (false)"
"04-08-2026 09:11:42","1832","Verbose","Microsoft-Windows-SENSE","CSP: Get Device Tagging Group complete. Value: (Workstations), IsDefault: (false)."
"04-08-2026 09:11:33","1841","Verbose","Microsoft-Windows-SENSE","CSP: Get AadDeviceId complete. Value: (b0a5bc0f-7566-4771-a98b-e1b6a6bd0645), IsDefault: (false)."
"04-08-2026 09:11:33","1806","Verbose","Microsoft-Windows-SENSE","CSP: Get Onboarding State value complete. Result: (1), IsDefault: (false)."
"04-08-2026 09:11:33","1805","Verbose","Microsoft-Windows-SENSE","CSP: Get Sense Is Running value complete. Result: (0x1)."
"04-08-2026 09:11:31","1809","Verbose","Microsoft-Windows-SENSE","CSP: Get Sample Sharing value complete. Result: (1), IsDefault: (true)."
"04-08-2026 09:11:31","1807","Verbose","Microsoft-Windows-SENSE","CSP: Get Onboarding value complete. Onboarding Blob Hash: (0x9DF75D74030C7DBF), IsDefault: (false), Onboarding State: (0x1), Onboarding State IsDefault: (false)"
"04-08-2026 09:11:30","1832","Verbose","Microsoft-Windows-SENSE","CSP: Get Device Tagging Group complete. Value: (Workstations), IsDefault: (false)."
"04-08-2026 09:11:05","1841","Verbose","Microsoft-Windows-SENSE","CSP: Get AadDeviceId complete. Value: (b0a5bc0f-7566-4771-a98b-e1b6a6bd0645), IsDefault: (false)."
"04-08-2026 09:11:05","1806","Verbose","Microsoft-Windows-SENSE","CSP: Get Onboarding State value complete. Result: (1), IsDefault: (false)."
"04-08-2026 09:11:05","1805","Verbose","Microsoft-Windows-SENSE","CSP: Get Sense Is Running value complete. Result: (0x1)."
"04-08-2026 09:11:05","1809","Verbose","Microsoft-Windows-SENSE","CSP: Get Sample Sharing value complete. Result: (1), IsDefault: (true)."
"04-08-2026 09:11:05","1807","Verbose","Microsoft-Windows-SENSE","CSP: Get Onboarding value complete. Onboarding Blob Hash: (0x9DF75D74030C7DBF), IsDefault: (false), Onboarding State: (0x1), Onboarding State IsDefault: (false)"
"04-08-2026 09:11:05","1832","Verbose","Microsoft-Windows-SENSE","CSP: Get Device Tagging Group complete. Value: (Workstations), IsDefault: (false)."
"04-08-2026 09:10:56","1841","Verbose","Microsoft-Windows-SENSE","CSP: Get AadDeviceId complete. Value: (b0a5bc0f-7566-4771-a98b-e1b6a6bd0645), IsDefault: (false)."
"04-08-2026 09:10:56","1806","Verbose","Microsoft-Windows-SENSE","CSP: Get Onboarding State value complete. Result: (1), IsDefault: (false)."
"04-08-2026 09:10:56","1805","Verbose","Microsoft-Windows-SENSE","CSP: Get Sense Is Running value complete. Result: (0x1)."
"04-08-2026 09:10:54","1809","Verbose","Microsoft-Windows-SENSE","CSP: Get Sample Sharing value complete. Result: (1), IsDefault: (true)."
"04-08-2026 09:10:54","1807","Verbose","Microsoft-Windows-SENSE","CSP: Get Onboarding value complete. Onboarding Blob Hash: (0x9DF75D74030C7DBF), IsDefault: (false), Onboarding State: (0x1), Onboarding State IsDefault: (false)"
"04-08-2026 09:10:54","1832","Verbose","Microsoft-Windows-SENSE","CSP: Get Device Tagging Group complete. Value: (Workstations), IsDefault: (false)."
"04-08-2026 09:10:34","1841","Verbose","Microsoft-Windows-SENSE","CSP: Get AadDeviceId complete. Value: (b0a5bc0f-7566-4771-a98b-e1b6a6bd0645), IsDefault: (false)."
"04-08-2026 09:10:34","1806","Verbose","Microsoft-Windows-SENSE","CSP: Get Onboarding State value complete. Result: (1), IsDefault: (false)."
"04-08-2026 09:10:34","1805","Verbose","Microsoft-Windows-SENSE","CSP: Get Sense Is Running value complete. Result: (0x1)."
"04-08-2026 09:10:34","1809","Verbose","Microsoft-Windows-SENSE","CSP: Get Sample Sharing value complete. Result: (1), IsDefault: (true)."
"04-08-2026 09:10:34","1807","Verbose","Microsoft-Windows-SENSE","CSP: Get Onboarding value complete. Onboarding Blob Hash: (0x9DF75D74030C7DBF), IsDefault: (false), Onboarding State: (0x1), Onboarding State IsDefault: (false)"
"04-08-2026 09:10:34","1832","Verbose","Microsoft-Windows-SENSE","CSP: Get Device Tagging Group complete. Value: (Workstations), IsDefault: (false)."
"04-08-2026 09:10:25","1841","Verbose","Microsoft-Windows-SENSE","CSP: Get AadDeviceId complete. Value: (b0a5bc0f-7566-4771-a98b-e1b6a6bd0645), IsDefault: (false)."
"04-08-2026 09:10:25","1806","Verbose","Microsoft-Windows-SENSE","CSP: Get Onboarding State value complete. Result: (1), IsDefault: (false)."
"04-08-2026 09:10:25","1805","Verbose","Microsoft-Windows-SENSE","CSP: Get Sense Is Running value complete. Result: (0x1)."
"04-08-2026 09:10:24","1809","Verbose","Microsoft-Windows-SENSE","CSP: Get Sample Sharing value complete. Result: (1), IsDefault: (true)."
"04-08-2026 09:10:24","1807","Verbose","Microsoft-Windows-SENSE","CSP: Get Onboarding value complete. Onboarding Blob Hash: (0x9DF75D74030C7DBF), IsDefault: (false), Onboarding State: (0x1), Onboarding State IsDefault: (false)"
"04-08-2026 09:10:23","1832","Verbose","Microsoft-Windows-SENSE","CSP: Get Device Tagging Group complete. Value: (Workstations), IsDefault: (false)."
"04-08-2026 09:09:57","1841","Verbose","Microsoft-Windows-SENSE","CSP: Get AadDeviceId complete. Value: (b0a5bc0f-7566-4771-a98b-e1b6a6bd0645), IsDefault: (false)."
"04-08-2026 09:09:57","1806","Verbose","Microsoft-Windows-SENSE","CSP: Get Onboarding State value complete. Result: (1), IsDefault: (false)."
"04-08-2026 09:09:57","1805","Verbose","Microsoft-Windows-SENSE","CSP: Get Sense Is Running value complete. Result: (0x1)."
"04-08-2026 09:09:57","1809","Verbose","Microsoft-Windows-SENSE","CSP: Get Sample Sharing value complete. Result: (1), IsDefault: (true)."
"04-08-2026 09:09:57","1807","Verbose","Microsoft-Windows-SENSE","CSP: Get Onboarding value complete. Onboarding Blob Hash: (0x9DF75D74030C7DBF), IsDefault: (false), Onboarding State: (0x1), Onboarding State IsDefault: (false)"
"04-08-2026 09:09:57","1832","Verbose","Microsoft-Windows-SENSE","CSP: Get Device Tagging Group complete. Value: (Workstations), IsDefault: (false)."
"04-08-2026 09:09:47","1841","Verbose","Microsoft-Windows-SENSE","CSP: Get AadDeviceId complete. Value: (b0a5bc0f-7566-4771-a98b-e1b6a6bd0645), IsDefault: (false)."
"04-08-2026 09:09:47","1806","Verbose","Microsoft-Windows-SENSE","CSP: Get Onboarding State value complete. Result: (1), IsDefault: (false)."
"04-08-2026 09:09:47","1805","Verbose","Microsoft-Windows-SENSE","CSP: Get Sense Is Running value complete. Result: (0x1)."
"04-08-2026 09:09:46","1809","Verbose","Microsoft-Windows-SENSE","CSP: Get Sample Sharing value complete. Result: (1), IsDefault: (true)."
"04-08-2026 09:09:46","1807","Verbose","Microsoft-Windows-SENSE","CSP: Get Onboarding value complete. Onboarding Blob Hash: (0x9DF75D74030C7DBF), IsDefault: (false), Onboarding State: (0x1), Onboarding State IsDefault: (false)"
"04-08-2026 09:09:45","1832","Verbose","Microsoft-Windows-SENSE","CSP: Get Device Tagging Group complete. Value: (Workstations), IsDefault: (false)."
"04-08-2026 09:09:03","102","Information","Microsoft-Windows-SENSE","Windows Defender Advanced Threat Protection Network Detection and Response executable has started"
"04-08-2026 09:09:02","103","Information","Microsoft-Windows-SENSE","Windows Defender Advanced Threat Protection Network Detection and Response executable has ended"
"04-08-2026 09:09:00","102","Information","Microsoft-Windows-SENSE","Windows Defender Advanced Threat Protection Network Detection and Response executable has started"
"04-08-2026 09:08:58","419","Information","Microsoft-Windows-SENSE","Windows Defender Advanced Threat Protection service authentication request signing completed successfully."
"04-08-2026 09:08:58","419","Information","Microsoft-Windows-SENSE","Windows Defender Advanced Threat Protection service authentication request signing completed successfully."
"04-08-2026 09:08:58","412","Information","Microsoft-Windows-SENSE","Cyber telemetry upload been resumed for Windows Defender Advanced Threat Protection service due to newly refreshed token."
"04-08-2026 09:08:57","103","Information","Microsoft-Windows-SENSE","Windows Defender Advanced Threat Protection Network Detection and Response executable has ended"
"04-08-2026 09:08:57","419","Information","Microsoft-Windows-SENSE","Windows Defender Advanced Threat Protection service authentication request signing completed successfully."
"04-08-2026 09:08:57","41","Information","Microsoft-Windows-SENSE","Battery state is identified as normal. Windows Defender Advanced Threat Protection will contact the server every 300 seconds. AC state: true, battery saver mode : false, battery low state: false, battery critical state: false"
"04-08-2026 03:10:50","102","Information","Microsoft-Windows-SENSE","Windows Defender Advanced Threat Protection Network Detection and Response executable has started"
"04-08-2026 03:10:47","39","Information","Microsoft-Windows-SENSE","Network connection is identified as normal. Windows Defender Advanced Threat Protection will contact the server every 300 seconds. Metered connection: false, internet available: true, free network available: true, proxy is defined by GP: false."
"04-08-2026 03:10:46","38","Information","Microsoft-Windows-SENSE","Network connection is identified as low. Windows Defender Advanced Threat Protection will contact the server every 300 seconds. Metered connection: false, internet available: false, free network available: false, proxy is defined by GP: false."
"04-08-2026 03:10:43","41","Information","Microsoft-Windows-SENSE","Battery state is identified as normal. Windows Defender Advanced Threat Protection will contact the server every 300 seconds. AC state: false, battery saver mode : false, battery low state: false, battery critical state: false"
"03-08-2026 19:03:15","41","Information","Microsoft-Windows-SENSE","Battery state is identified as normal. Windows Defender Advanced Threat Protection will contact the server every 300 seconds. AC state: false, battery saver mode : false, battery low state: false, battery critical state: false"
"03-08-2026 19:03:12","405","Error","Microsoft-Windows-SENSE","Failed to communicate with authentication service. ValidateToken request failed, hresult: 0x8000FFFF,  HTTP error code: 12007 ."
"03-08-2026 19:03:10","419","Information","Microsoft-Windows-SENSE","Windows Defender Advanced Threat Protection service authentication request signing completed successfully."
"03-08-2026 19:03:10","41","Information","Microsoft-Windows-SENSE","Battery state is identified as normal. Windows Defender Advanced Threat Protection will contact the server every 300 seconds. AC state: false, battery saver mode : false, battery low state: false, battery critical state: false"
"03-08-2026 19:03:10","41","Information","Microsoft-Windows-SENSE","Battery state is identified as normal. Windows Defender Advanced Threat Protection will contact the server every 300 seconds. AC state: false, battery saver mode : false, battery low state: false, battery critical state: false"
"03-08-2026 18:25:04","101","Error","Microsoft-Windows-SENSE","Windows Defender Advanced Threat Protection Network Detection and Response executable failed to start. Failure code: 0x80004002"
"03-08-2026 18:25:04","103","Information","Microsoft-Windows-SENSE","Windows Defender Advanced Threat Protection Network Detection and Response executable has ended"
"03-08-2026 18:25:04","38","Information","Microsoft-Windows-SENSE","Network connection is identified as low. Windows Defender Advanced Threat Protection will contact the server every 900 seconds. Metered connection: false, internet available: false, free network available: false, proxy is defined by GP: false."
"03-08-2026 18:24:57","411","Information","Microsoft-Windows-SENSE","Cyber telemetry upload has been suspended for Windows Defender Advanced Threat Protection service due to invalid/expired token."
"03-08-2026 18:24:57","40","Information","Microsoft-Windows-SENSE","Battery state is identified as low. Windows Defender Advanced Threat Protection will contact the server every 900 seconds. AC state: false, battery saver mode : true, battery low state: false, battery critical state: false"
"03-08-2026 18:24:57","40","Information","Microsoft-Windows-SENSE","Battery state is identified as low. Windows Defender Advanced Threat Protection will contact the server every 900 seconds. AC state: false, battery saver mode : true, battery low state: false, battery critical state: false"
"03-08-2026 18:24:53","412","Information","Microsoft-Windows-SENSE","Cyber telemetry upload been resumed for Windows Defender Advanced Threat Protection service due to newly refreshed token."
"03-08-2026 18:24:52","419","Information","Microsoft-Windows-SENSE","Windows Defender Advanced Threat Protection service authentication request signing completed successfully."
"03-08-2026 18:24:52","41","Information","Microsoft-Windows-SENSE","Battery state is identified as normal. Windows Defender Advanced Threat Protection will contact the server every 300 seconds. AC state: false, battery saver mode : false, battery low state: false, battery critical state: false"
"03-08-2026 18:24:52","40","Information","Microsoft-Windows-SENSE","Battery state is identified as low. Windows Defender Advanced Threat Protection will contact the server every 900 seconds. AC state: false, battery saver mode : true, battery low state: false, battery critical state: false"
