"19-08-2026 09:56:40","1225","Verbose","Microsoft-Windows-PushNotifications-Platform","WNP Transport Layer received command: NFY, Trid: 0, Namespace: WNS\NOTIF, CV: tSlLAcY31UyJf8lhvTPvIw.1.1 containing 734 bytes of payload: 0x54696D653A20323032362D30382D31385432313A30363A30355A0D0A4368616E6E656C3A20313B343335343733303338343335313534303739320D0A547970653A20776E732F7261770D0A4D73672D49643A20343536354334413930464230443139380D0A4D6972726F72696E673A20416C6C6F7765640D0A54544C3A203537383336340D0A5072696F726974793A20310D0A4361636865643A20547275650D0A41636B3A20747275650D0A4D532D43563A2074536C4C416359333155794A66386C687654507649772E312E310D0A0D0A7B224E6F74696669636174696F6E496E74656E74223A322C224E6F74696669636174696F6E4944223A2231663766663438662D336332632D343163632D386537302D363639386136303738623239222C2256657273696F6E223A312C22417267756D656E7473223A7B224E6F74696669636174696F6E4964223A2231663766663438662D336332632D343163632D386537302D363639386136303738623239222C224465766963654964223A2234366233306566662D623538632D346363612D616334302D636238653334366463393237222C22436F7272656C6174696F6E4964223A2265373838373439332D333437302D343966312D613431352D633636323834393631383739222C2245666665637469766547726F75704964223A2236326261633335632D313932342D343766312D383337632D623131313765333462326330222C22506F6C6963794964223A2231303938663336342D623764632D346239362D383331392D623934393664353162376134222C22506F6C69637954797065223A223235222C22506F6C69637953756254797065223A223230222C22506F6C696379496E74656E74223A2231222C22506F6C696379536F75726365223A2245474154222C22506F6C6963794368616E676554696D65223A22323032362D30382D31385432303A35393A35372E323435333435395A222C224D65737361676556657262223A22507574227D7D. IsLongRunning: Data Connection."
"19-08-2026 09:56:39","1005","Information","Microsoft-Windows-PushNotifications-Platform","The Connection Provider status changed to Connected."
"19-08-2026 09:56:39","1264","Information","Microsoft-Windows-PushNotifications-Platform","Adding new user to the Windows Push Notification Service completed. 001880174DE6F7FE [DeviceId] 17056889 [UserId] 0x0 [ErrorCode]."
"19-08-2026 09:56:39","1268","Verbose","Microsoft-Windows-PushNotifications-Platform","WNP Transport Layer received command: BND, Trid: 5, Namespace: CON, CV: x5qXwlm09EK4++Ki.5.0 containing 134 bytes of payload only. However, full payload including header is: 0x424E44203520434F4E003133340D0A436F6E746578743A20613166383239373461616431646238620D0A4D532D43563A2078357158776C6D3039454B342B2B4B692E352E300D0A0D0A3C776E732D726573706F6E73653E3C7665723E313C2F7665723E3C6E6F6E63653E31333131373134313337343434353338353239313C2F6E6F6E63653E. IsLongRunning: Data Connection."
"19-08-2026 09:56:39","1225","Verbose","Microsoft-Windows-PushNotifications-Platform","WNP Transport Layer received command: BND, Trid: 5, Namespace: CON, CV: x5qXwlm09EK4++Ki.5.0 containing 134 bytes of payload: 0x436F6E746578743A20613166383239373461616431646238620D0A4D532D43563A2078357158776C6D3039454B342B2B4B692E352E300D0A0D0A3C776E732D726573706F6E73653E3C7665723E313C2F7665723E3C6E6F6E63653E31333131373134313337343434353338353239313C2F6E6F6E63653E3C2F776E732D726573706F6E73653E. IsLongRunning: Data Connection."
"19-08-2026 09:56:39","1005","Information","Microsoft-Windows-PushNotifications-Platform","The Connection Provider status changed to Connected."
"19-08-2026 09:56:39","1267","Verbose","Microsoft-Windows-PushNotifications-Platform","WNP Transport Layer sent command: BND, Trid: 5, Namespace: CON\WNS 1044479, CV: x5qXwlm09EK4++Ki.5 containing 239 bytes of payload only. However, full payload including header is: 0x424E44203520434F4E5C574E532031303434343739203231320D0A4D532D43563A2078357158776C6D3039454B342B2B4B692E350D0A436F6E746578743A20613166383239373461616431646238620D0A0D0A3C776E733E3C7665723E313C2F7665723E3C636C69656E743E3C6E616D653E57504E3C2F6E616D653E3C7665723E312E303C2F7665723E3C2F636C69656E743E3C6F7074696F6E733E3C7077726D6F6465206D6F64653D2231223E3C2F7077726D6F64653E3C2F6F7074696F6E733E3C6C6173744D736749643E333734373866363634373365393164373C2F6C6173744D736749643E3C2F776E733E. IsLongRunning: Data Connection."
"19-08-2026 09:56:39","1223","Verbose","Microsoft-Windows-PushNotifications-Platform","WNP Transport Layer sent command: BND, Trid: 5, Namespace: CON\WNS 1044479, CV: x5qXwlm09EK4++Ki.5 containing 185 bytes of payload: 0x436F6E746578743A20613166383239373461616431646238620D0A0D0A3C776E733E3C7665723E313C2F7665723E3C636C69656E743E3C6E616D653E57504E3C2F6E616D653E3C7665723E312E303C2F7665723E3C2F636C69656E743E3C6F7074696F6E733E3C7077726D6F6465206D6F64653D2231223E3C2F7077726D6F64653E3C2F6F7074696F6E733E3C6C6173744D736749643E333734373866363634373365393164373C2F6C6173744D736749643E3C2F776E733E. IsLongRunning: Data Connection."
"19-08-2026 09:56:39","1268","Verbose","Microsoft-Windows-PushNotifications-Platform","WNP Transport Layer received command: PUT, Trid: 4, Namespace: WNS, CV: x5qXwlm09EK4++Ki.4.0 containing 58 bytes of payload only. However, full payload including header is: 0x505554203420574E530035380D0A436F6E746578743A20336434323862383532633330626164650D0A4D532D43563A2078357158776C6D303945. IsLongRunning: Data Connection."
"19-08-2026 09:56:39","1225","Verbose","Microsoft-Windows-PushNotifications-Platform","WNP Transport Layer received command: PUT, Trid: 4, Namespace: WNS, CV: x5qXwlm09EK4++Ki.4.0 containing 58 bytes of payload: 0x436F6E746578743A20336434323862383532633330626164650D0A4D532D43563A2078357158776C6D3039454B342B2B4B692E342E300D0A0D0A. IsLongRunning: Data Connection."
"19-08-2026 09:56:39","1005","Information","Microsoft-Windows-PushNotifications-Platform","The Connection Provider status changed to Connected."
"19-08-2026 09:56:39","1267","Verbose","Microsoft-Windows-PushNotifications-Platform","WNP Transport Layer sent command: PUT, Trid: 4, Namespace: WNS\CHALLENGE 0, CV: x5qXwlm09EK4++Ki.4 containing 190 bytes of payload only. However, full payload including header is: 0x505554203420574E535C4348414C4C454E47452030203136330D0A4D532D43563A2078357158776C6D3039454B342B2B4B692E340D0A436F6E746578743A20336434323862383532633330626164650D0A0D0A3C6368616C6C656E67653E3C61707049643E50524F443031323050572143435639403C2F61707049643E3C726573706F6E73653E64623666633337316539316332653637343462626332623934366231366132623C2F726573706F6E73653E3C2F6368616C6C656E67653E. IsLongRunning: Data Connection."
"19-08-2026 09:56:39","1223","Verbose","Microsoft-Windows-PushNotifications-Platform","WNP Transport Layer sent command: PUT, Trid: 4, Namespace: WNS\CHALLENGE 0, CV: x5qXwlm09EK4++Ki.4 containing 136 bytes of payload: 0x436F6E746578743A20336434323862383532633330626164650D0A0D0A3C6368616C6C656E67653E3C61707049643E50524F443031323050572143435639403C2F61707049643E3C726573706F6E73653E64623666633337316539316332653637343462626332623934366231366132623C2F726573706F6E73653E3C2F6368616C6C656E67653E. IsLongRunning: Data Connection."
"19-08-2026 09:56:39","1005","Information","Microsoft-Windows-PushNotifications-Platform","The Connection Provider status changed to Connected."
"19-08-2026 09:56:39","1264","Information","Microsoft-Windows-PushNotifications-Platform","Adding new user to the Windows Push Notification Service completed. 001880174DE6F7FE [DeviceId] 0 [UserId] 0x0 [ErrorCode]."
"19-08-2026 09:56:39","1268","Verbose","Microsoft-Windows-PushNotifications-Platform","WNP Transport Layer received command: BND, Trid: 3, Namespace: CON, CV: x5qXwlm09EK4++Ki.3.0 containing 134 bytes of payload only. However, full payload including header is: 0x424E44203320434F4E003133340D0A436F6E746578743A20393563333365653466346432356133390D0A4D532D43563A2078357158776C6D3039454B342B2B4B692E332E300D0A0D0A3C776E732D726573706F6E73653E3C7665723E313C2F7665723E3C6E6F6E63653E31323134313533333630343334303037323434323C2F6E6F6E63653E. IsLongRunning: Data Connection."
"19-08-2026 09:56:39","1225","Verbose","Microsoft-Windows-PushNotifications-Platform","WNP Transport Layer received command: BND, Trid: 3, Namespace: CON, CV: x5qXwlm09EK4++Ki.3.0 containing 134 bytes of payload: 0x436F6E746578743A20393563333365653466346432356133390D0A4D532D43563A2078357158776C6D3039454B342B2B4B692E332E300D0A0D0A3C776E732D726573706F6E73653E3C7665723E313C2F7665723E3C6E6F6E63653E31323134313533333630343334303037323434323C2F6E6F6E63653E3C2F776E732D726573706F6E73653E. IsLongRunning: Data Connection."
"19-08-2026 09:56:39","1268","Verbose","Microsoft-Windows-PushNotifications-Platform","WNP Transport Layer received command: ATH, Trid: 2, Namespace: CON, CV: x5qXwlm09EK4++Ki.2.0 containing 58 bytes of payload only. However, full payload including header is: 0x415448203220434F4E0035380D0A436F6E746578743A20393563333365653466346432356133390D0A4D532D43563A2078357158776C6D303945. IsLongRunning: Data Connection."
"19-08-2026 09:56:39","1225","Verbose","Microsoft-Windows-PushNotifications-Platform","WNP Transport Layer received command: ATH, Trid: 2, Namespace: CON, CV: x5qXwlm09EK4++Ki.2.0 containing 58 bytes of payload: 0x436F6E746578743A20393563333365653466346432356133390D0A4D532D43563A2078357158776C6D3039454B342B2B4B692E322E300D0A0D0A. IsLongRunning: Data Connection."
"19-08-2026 09:56:39","1268","Verbose","Microsoft-Windows-PushNotifications-Platform","WNP Transport Layer received command: CNT, Trid: 1, Namespace: CON, CV: x5qXwlm09EK4++Ki.1.0 containing 236 bytes of payload only. However, full payload including header is: 0x434E54203120434F4E003233360D0A436F6E746578743A20393563333365653466346432356133390D0A4D532D43563A2078357158776C6D3039454B342B2B4B692E312E300D0A0D0A3C636F6E6E6563742D726573706F6E73653E3C7665723E313C2F7665723E3C73657373696F6E3E3C69643E4D7470312E3232302F31363834353637382E65353034386134322D306566652D653366652D663761322D3463386363356563373864303C2F69643E3C74696D656F75743E323030303C2F74696D656F75743E3C2F73657373696F6E3E3C716F73746573743E66616C73653C2F716F73746573743E3C2F636F. IsLongRunning: Data Connection."
"19-08-2026 09:56:39","1225","Verbose","Microsoft-Windows-PushNotifications-Platform","WNP Transport Layer received command: CNT, Trid: 1, Namespace: CON, CV: x5qXwlm09EK4++Ki.1.0 containing 236 bytes of payload: 0x436F6E746578743A20393563333365653466346432356133390D0A4D532D43563A2078357158776C6D3039454B342B2B4B692E312E300D0A0D0A3C636F6E6E6563742D726573706F6E73653E3C7665723E313C2F7665723E3C73657373696F6E3E3C69643E4D7470312E3232302F31363834353637382E65353034386134322D306566652D653366652D663761322D3463386363356563373864303C2F69643E3C74696D656F75743E323030303C2F74696D656F75743E3C2F73657373696F6E3E3C716F73746573743E66616C73653C2F716F73746573743E3C2F636F6E6E6563742D726573706F6E73653E. IsLongRunning: Data Connection."
"19-08-2026 09:56:39","1267","Verbose","Microsoft-Windows-PushNotifications-Platform","WNP Transport Layer sent command: BND, Trid: 3, Namespace: CON\WNS 0, CV: x5qXwlm09EK4++Ki.3 containing 233 bytes of payload only. However, full payload including header is: 0x424E44203320434F4E5C574E532030203231320D0A4D532D43563A2078357158776C6D3039454B342B2B4B692E330D0A436F6E746578743A20393563333365653466346432356133390D0A0D0A3C776E733E3C7665723E313C2F7665723E3C636C69656E743E3C6E616D653E57504E3C2F6E616D653E3C7665723E312E303C2F7665723E3C2F636C69656E743E3C6F7074696F6E733E3C7077726D6F6465206D6F64653D2231223E3C2F7077726D6F64653E3C2F6F7074696F6E733E3C6C6173744D736749643E373233313265336632643439356336633C2F6C6173744D736749643E3C2F776E733E. IsLongRunning: Data Connection."
"19-08-2026 09:56:39","1223","Verbose","Microsoft-Windows-PushNotifications-Platform","WNP Transport Layer sent command: BND, Trid: 3, Namespace: CON\WNS 0, CV: x5qXwlm09EK4++Ki.3 containing 185 bytes of payload: 0x436F6E746578743A20393563333365653466346432356133390D0A0D0A3C776E733E3C7665723E313C2F7665723E3C636C69656E743E3C6E616D653E57504E3C2F6E616D653E3C7665723E312E303C2F7665723E3C2F636C69656E743E3C6F7074696F6E733E3C7077726D6F6465206D6F64653D2231223E3C2F7077726D6F64653E3C2F6F7074696F6E733E3C6C6173744D736749643E373233313265336632643439356336633C2F6C6173744D736749643E3C2F776E733E. IsLongRunning: Data Connection."
"19-08-2026 09:56:39","1267","Verbose","Microsoft-Windows-PushNotifications-Platform","WNP Transport Layer sent command: ATH, Trid: 2, Namespace: CON\DEVICE, CV: x5qXwlm09EK4++Ki.2 containing 1384 bytes of payload only. However, full payload including header is: 0x415448203220434F4E5C44455649434520313336310D0A4D532D43563A2078357158776C6D3039454B342B2B4B692E320D0A436F6E746578743A20393563333365653466346432356133390D0A0D0A3C6465766963653E3C636F6D706163742D7469636B65743E743D45774359412B704942414155316244476664617A69446658706A4E354E36635968543177626D51414163386373546D2F6F3659795734343876332B54434F6133392B6672537976535576703359713365504B48324F46416F6E7164537A447941445A414D582F4F7A504B36486558683930364E414576472F512F4F6B3059544B6A2B7734636267714A554B7465616666692B65723738616971417130553951645852586947426E593955497943494452436835676D5836557A48714C37776D4D6B423835486142683962714F677A334D446B307839425A6363794A73494C6B366A676470536C74564B6D4F5777514C6E36704B68324E64734B695746656256674A554D7971675A79314E4A2B4E4B4556705359505A5278516C70574174576E6F6671725330754D3244334235424C714F456D41432B684D6177446C6D6A2B6A6F54507A474452644C7A5149706E4E57336E6B33615243646E7344565A776F48715559754166526A414A7174525A396C49744D514B54684E6E367353664E5563515A674141454D2F3338614F666A4B552F56455442465875646A4C4E67416F73462F682B756A46763373664F4F66437670675945452F36706971736C39366758536E55354E6B4C4745636C6555306F4E4A7076656E644750726A7136734474716A4858526D5532597537564C4A416C3377586B57654E484E6D46347A533357517468452F2B5171722B4438694A6D6135316C6F395131766E53622F517033456346326E71676B7353314436774D2B6349654D396646664C4171556A4473374459336F55686E734D387138344F33596A544A6E4B71746734397078427357666C634D6C65747768306E6A7374466E6441536E544C47665A3163615A6D346B567A4A725A676A56437A7554412F717A773946475975694B6D73793667632B766B36693364376F6B6E726E7A444C6D74413373614B4F386D634E5A3845446F455A5130342B72796C564279574639456C6749696A424A714958764D66797A2F69306437386276317A547065633653306A5374667279426E317543313355326937736E65555059714D343970786851635575734C74354F724D512F337167704673746139316A616748375A71395A76715358752B36596F44366A304C344667774C646E446B663374656E667A3769454358774342723178314169565A6B674A54716B63416B2F5379554C3846724C3356535576427853746F4876744436616C67396B74756252444E367277306E6872756E6A626A3258646449725045554C36735954363545486C6D586D634241576D737547375444345350663734643263585A51742B4F555054324C49417A78705758436D61664469394F333233773045656C466F64736D74767A796E514F617648516E614B42324A4F4F4D64676171655659714B4763617A547855634853566B725179597257346845356A5A33636E6B702B623070557A2B344F6A627154364130755464642F7550424C693462437A715A795759756759394A69496D787441446C4F682B612F586571705341346849786E54534A6B4B49393441457655424B49464877464164705A332B6E32627A6269646A384F48516578334458784655786A2B726F79364D445155572B634B456178724B312B44696753566A6D2F6274714C5A53696355566A4879434F644A68416D69334242783630444A6E4F545464636B67493D3C2F636F6D706163742D7469636B65743E3C69643E303031383830313734444536463746453C2F69643E3C2F6465766963653E. IsLongRunning: Data Connection."
"19-08-2026 09:56:39","1223","Verbose","Microsoft-Windows-PushNotifications-Platform","WNP Transport Layer sent command: ATH, Trid: 2, Namespace: CON\DEVICE, CV: x5qXwlm09EK4++Ki.2 containing 1334 bytes of payload: 0x436F6E746578743A20393563333365653466346432356133390D0A0D0A3C6465766963653E3C636F6D706163742D7469636B65743E743D45774359412B704942414155316244476664617A69446658706A4E354E36635968543177626D51414163386373546D2F6F3659795734343876332B54434F6133392B6672537976535576703359713365504B48324F46416F6E7164537A447941445A414D582F4F7A504B36486558683930364E414576472F512F4F6B3059544B6A2B7734636267714A554B7465616666692B65723738616971417130553951645852586947426E593955497943494452436835676D5836557A48714C37776D4D6B423835486142683962714F677A334D446B307839425A6363794A73494C6B366A676470536C74564B6D4F5777514C6E36704B68324E64734B695746656256674A554D7971675A79314E4A2B4E4B4556705359505A5278516C70574174576E6F6671725330754D3244334235424C714F456D41432B684D6177446C6D6A2B6A6F54507A474452644C7A5149706E4E57336E6B33615243646E7344565A776F48715559754166526A414A7174525A396C49744D514B54684E6E367353664E5563515A674141454D2F3338614F666A4B552F56455442465875646A4C4E67416F73462F682B756A46763373664F4F66437670675945452F36706971736C39366758536E55354E6B4C4745636C6555306F4E4A7076656E644750726A7136734474716A4858526D5532597537564C4A416C3377586B57654E484E6D46347A533357517468452F2B5171722B4438694A6D6135316C6F395131766E53622F517033456346326E71676B7353314436774D2B6349654D396646664C4171556A4473374459336F55686E734D387138344F33596A544A6E4B71746734397078427357666C634D6C65747768306E6A7374466E6441536E544C47665A3163615A6D346B567A4A725A676A56437A7554412F717A773946475975694B6D73793667632B766B36693364376F6B6E726E7A444C6D74413373614B4F386D634E5A3845446F455A5130342B72796C564279574639456C6749696A424A714958764D66797A2F69306437386276317A547065633653306A5374667279426E317543313355326937736E65555059714D343970786851635575734C74354F724D512F337167704673746139316A616748375A71395A76715358752B36596F44366A304C344667774C646E446B663374656E667A3769454358774342723178314169565A6B674A54716B63416B2F5379554C3846724C3356535576427853746F4876744436616C67396B74756252444E367277306E6872756E6A626A3258646449725045554C36735954363545486C6D586D634241576D737547375444345350663734643263585A51742B4F555054324C49417A78705758436D61664469394F333233773045656C466F64736D74767A796E514F617648516E614B42324A4F4F4D64676171655659714B4763617A547855634853566B725179597257346845356A5A33636E6B702B623070557A2B344F6A627154364130755464642F7550424C693462437A715A795759756759394A69496D787441446C4F682B612F586571705341346849786E54534A6B4B49393441457655424B49464877464164705A332B6E32627A6269646A384F48516578334458784655786A2B726F79364D445155572B634B456178724B312B44696753566A6D2F6274714C5A53696355566A4879434F644A68416D69334242783630444A6E4F545464636B67493D3C2F636F6D706163742D7469636B65743E3C69643E303031383830313734444536463746453C2F69643E3C2F6465766963653E. IsLongRunning: Data Connection."
"19-08-2026 09:56:39","1267","Verbose","Microsoft-Windows-PushNotifications-Platform","WNP Transport Layer sent command: CNT, Trid: 1, Namespace: CON, CV: x5qXwlm09EK4++Ki.1 containing 363 bytes of payload only. However, full payload including header is: 0x434E54203120434F4E203334380D0A4D532D43563A2078357158776C6D3039454B342B2B4B692E310D0A436F6E746578743A20393563333365653466346432356133390D0A0D0A3C636F6E6E6563743E3C7665723E323C2F7665723E3C6167656E743E3C6F733E57696E646F77733C2F6F733E3C6F735665723E31302E302E302E302E32363130302E383839333C2F6F735665723E3C70726F633E7836343C2F70726F633E3C6C6369643E656E2D494E3C2F6C6369643E3C67656F49643E3131333C2F67656F49643E3C616F61633E313C2F616F61633E3C646576696365547970653E323C2F646576696365547970653E3C6465766963654E616D653E303031383830313734444536463746453C2F6465766963654E616D653E3C666F6C6C6F7752657472793E747275653C2F666F6C6C6F7752657472793E3C2F6167656E743E3C6E6574776F726B3E3C776966693E3C2F776966693E3C2F6E6574776F726B3E3C2F636F6E6E6563743E. IsLongRunning: Data Connection."
"19-08-2026 09:56:39","1223","Verbose","Microsoft-Windows-PushNotifications-Platform","WNP Transport Layer sent command: CNT, Trid: 1, Namespace: CON, CV: x5qXwlm09EK4++Ki.1 containing 321 bytes of payload: 0x436F6E746578743A20393563333365653466346432356133390D0A0D0A3C636F6E6E6563743E3C7665723E323C2F7665723E3C6167656E743E3C6F733E57696E646F77733C2F6F733E3C6F735665723E31302E302E302E302E32363130302E383839333C2F6F735665723E3C70726F633E7836343C2F70726F633E3C6C6369643E656E2D494E3C2F6C6369643E3C67656F49643E3131333C2F67656F49643E3C616F61633E313C2F616F61633E3C646576696365547970653E323C2F646576696365547970653E3C6465766963654E616D653E303031383830313734444536463746453C2F6465766963654E616D653E3C666F6C6C6F7752657472793E747275653C2F666F6C6C6F7752657472793E3C2F6167656E743E3C6E6574776F726B3E3C776966693E3C2F776966693E3C2F6E6574776F726B3E3C2F636F6E6E6563743E. IsLongRunning: Data Connection."
"19-08-2026 09:56:39","1113","Information","Microsoft-Windows-PushNotifications-Platform","Device Compact Ticket request completed with Device Id 001880174DE6F7FE for the Data Connection."
"19-08-2026 09:56:39","1218","Information","Microsoft-Windows-PushNotifications-Platform","WNP Transport Layer TLS negotiation completed for the Data Connection with code The operation completed successfully.."
"19-08-2026 09:56:39","1257","Information","Microsoft-Windows-PushNotifications-Platform","WNP Transport Layer for Data Connection called InitializeSecurityContext and got return code 0x0."
"19-08-2026 09:56:39","1024","Information","Microsoft-Windows-PushNotifications-Platform","Internet connection status changed to true, submitting pending workitems: count = 0."
"19-08-2026 09:56:39","1257","Information","Microsoft-Windows-PushNotifications-Platform","WNP Transport Layer for Data Connection called InitializeSecurityContext and got return code 0x90312."
"19-08-2026 09:56:39","1257","Information","Microsoft-Windows-PushNotifications-Platform","WNP Transport Layer for Data Connection called InitializeSecurityContext and got return code 0x80090318."
"19-08-2026 09:56:39","1024","Information","Microsoft-Windows-PushNotifications-Platform","Internet connection status changed to true, submitting pending workitems: count = 0."
"19-08-2026 09:56:39","1257","Information","Microsoft-Windows-PushNotifications-Platform","WNP Transport Layer for Data Connection called InitializeSecurityContext and got return code 0x90312."
"19-08-2026 09:56:39","1217","Information","Microsoft-Windows-PushNotifications-Platform","WNP Transport Layer TLS negotiation initiated for the Data Connection."
"19-08-2026 09:56:39","1212","Information","Microsoft-Windows-PushNotifications-Platform","WNP Transport Layer initial server connection completed to server client.wns.windows.com on port 443 for the Data Connection."
"19-08-2026 09:56:39","1211","Information","Microsoft-Windows-PushNotifications-Platform","WNP Transport Layer initial server connection initiated to server client.wns.windows.com on port 443 for the Data Connection."
"19-08-2026 09:56:39","1208","Information","Microsoft-Windows-PushNotifications-Platform","WNP Transport Layer resolving DNS completed for the Data Connection with code The operation completed successfully.."
"19-08-2026 09:56:38","1207","Information","Microsoft-Windows-PushNotifications-Platform","WNP Transport Layer resolving DNS initiated for host client.wns.windows.com for the Data Connection."
"19-08-2026 09:56:38","1113","Information","Microsoft-Windows-PushNotifications-Platform","Device Compact Ticket request completed with Device Id 001880174DE6F7FE for the Data Connection."
"19-08-2026 09:56:37","1022","Information","Microsoft-Windows-PushNotifications-Platform","ConnectWork is requesting ConnectionManager to connect."
"19-08-2026 09:56:37","1022","Information","Microsoft-Windows-PushNotifications-Platform","ConnectWork is requesting ConnectionManager to connect."
"19-08-2026 09:56:37","1022","Information","Microsoft-Windows-PushNotifications-Platform","ConnectWork is requesting ConnectionManager to connect."
"19-08-2026 09:56:37","1022","Information","Microsoft-Windows-PushNotifications-Platform","ConnectWork is requesting ConnectionManager to connect."
"19-08-2026 09:56:37","37","Information","Microsoft-Windows-PushNotifications-Platform","The Windows Push Notification Platform is required to connect on startup, ValidChannelsExist : true."
"19-08-2026 09:56:37","42","Information","Microsoft-Windows-PushNotifications-Platform","Cloud Notifications must be enabled in GP and MDM to receive push notifications. GroupPolicyValue: true, MDMPolicyValue: true."
"19-08-2026 09:56:37","1005","Information","Microsoft-Windows-PushNotifications-Platform","The Connection Provider status changed to Disconnected."
"19-08-2026 09:56:37","1024","Information","Microsoft-Windows-PushNotifications-Platform","Internet connection status changed to true, submitting pending workitems: count = 0."
"19-08-2026 09:56:37","37","Information","Microsoft-Windows-PushNotifications-Platform","The Windows Push Notification Platform is required to connect on startup, ValidChannelsExist : true."
"19-08-2026 09:56:37","42","Information","Microsoft-Windows-PushNotifications-Platform","Cloud Notifications must be enabled in GP and MDM to receive push notifications. GroupPolicyValue: true, MDMPolicyValue: true."
"19-08-2026 09:56:37","1005","Information","Microsoft-Windows-PushNotifications-Platform","The Connection Provider status changed to Disconnected."
"19-08-2026 09:56:37","1239","Information","Microsoft-Windows-PushNotifications-Platform","WNP Keep Alive Detector starting KA measurement with value: 1560 seconds; type: Converged; Min Limit: 60 seconds"
"19-08-2026 09:56:37","1240","Information","Microsoft-Windows-PushNotifications-Platform","WNP Keep Alive Detector stopping KA measurement"
"19-08-2026 09:56:37","37","Information","Microsoft-Windows-PushNotifications-Platform","The Windows Push Notification Platform is required to connect on startup, ValidChannelsExist : true."
"19-08-2026 09:56:37","42","Information","Microsoft-Windows-PushNotifications-Platform","Cloud Notifications must be enabled in GP and MDM to receive push notifications. GroupPolicyValue: true, MDMPolicyValue: true."
"19-08-2026 09:56:37","37","Information","Microsoft-Windows-PushNotifications-Platform","The Windows Push Notification Platform is required to connect on startup, ValidChannelsExist : true."
"19-08-2026 09:56:37","42","Information","Microsoft-Windows-PushNotifications-Platform","Cloud Notifications must be enabled in GP and MDM to receive push notifications. GroupPolicyValue: true, MDMPolicyValue: true."
"19-08-2026 09:56:36","1024","Information","Microsoft-Windows-PushNotifications-Platform","Internet connection status changed to true, submitting pending workitems: count = 0."
"19-08-2026 09:56:36","1024","Information","Microsoft-Windows-PushNotifications-Platform","Internet connection status changed to true, submitting pending workitems: count = 0."
"19-08-2026 09:56:36","42","Information","Microsoft-Windows-PushNotifications-Platform","Cloud Notifications must be enabled in GP and MDM to receive push notifications. GroupPolicyValue: true, MDMPolicyValue: true."
"19-08-2026 09:56:36","1024","Information","Microsoft-Windows-PushNotifications-Platform","Internet connection status changed to true, submitting pending workitems: count = 0."
"19-08-2026 09:56:35","1025","Information","Microsoft-Windows-PushNotifications-Platform","A Power event was fired: MonitorSettingChange [PowerEventType] true [Enabled]."
"19-08-2026 09:56:35","1025","Information","Microsoft-Windows-PushNotifications-Platform","A Power event was fired: MonitorSettingChange [PowerEventType] true [Enabled]."
"19-08-2026 09:56:35","1024","Information","Microsoft-Windows-PushNotifications-Platform","Internet connection status changed to false, submitting pending workitems: count = 0."
"19-08-2026 09:56:35","1024","Information","Microsoft-Windows-PushNotifications-Platform","Internet connection status changed to false, submitting pending workitems: count = 0."
"19-08-2026 09:56:33","1024","Information","Microsoft-Windows-PushNotifications-Platform","Internet connection status changed to false, submitting pending workitems: count = 0."
"19-08-2026 09:56:33","1024","Information","Microsoft-Windows-PushNotifications-Platform","Internet connection status changed to false, submitting pending workitems: count = 0."
"19-08-2026 09:56:33","42","Information","Microsoft-Windows-PushNotifications-Platform","Cloud Notifications must be enabled in GP and MDM to receive push notifications. GroupPolicyValue: true, MDMPolicyValue: true."
"19-08-2026 09:56:33","1025","Information","Microsoft-Windows-PushNotifications-Platform","A Power event was fired: ACPowerChange [PowerEventType] true [Enabled]."
"19-08-2026 09:56:33","1025","Information","Microsoft-Windows-PushNotifications-Platform","A Power event was fired: ACPowerChange [PowerEventType] true [Enabled]."
"19-08-2026 09:56:32","1024","Information","Microsoft-Windows-PushNotifications-Platform","Internet connection status changed to false, submitting pending workitems: count = 0."
"19-08-2026 09:56:32","1024","Information","Microsoft-Windows-PushNotifications-Platform","Internet connection status changed to false, submitting pending workitems: count = 0."
"19-08-2026 09:56:32","1117","Information","Microsoft-Windows-PushNotifications-Platform","Windows Push Notification Service was disconnected due to error: 0x80072745 and will now enter reconnect mode."
"19-08-2026 09:56:32","1258","Information","Microsoft-Windows-PushNotifications-Platform","WNP Transport Layer for Data Connection received asynchronous connection error 10053."
"19-08-2026 00:26:13","1024","Information","Microsoft-Windows-PushNotifications-Platform","Internet connection status changed to true, submitting pending workitems: count = 0."
"19-08-2026 00:26:13","1024","Information","Microsoft-Windows-PushNotifications-Platform","Internet connection status changed to true, submitting pending workitems: count = 0."
"19-08-2026 00:26:09","1268","Verbose","Microsoft-Windows-PushNotifications-Platform","WNP Transport Layer received command: PUT, Trid: 6, Namespace: WNS, CV: xDezu3uRj0eps+8I.6.0 containing 58 bytes of payload only. However, full payload including header is: 0x505554203620574E530035380D0A436F6E746578743A20623732353138346136623661366262300D0A4D532D43563A207844657A753375526A30. IsLongRunning: Data Connection."
"19-08-2026 00:26:09","1225","Verbose","Microsoft-Windows-PushNotifications-Platform","WNP Transport Layer received command: PUT, Trid: 6, Namespace: WNS, CV: xDezu3uRj0eps+8I.6.0 containing 58 bytes of payload: 0x436F6E746578743A20623732353138346136623661366262300D0A4D532D43563A207844657A753375526A306570732B38492E362E300D0A0D0A. IsLongRunning: Data Connection."
"19-08-2026 00:26:09","1268","Verbose","Microsoft-Windows-PushNotifications-Platform","WNP Transport Layer received command: PUT, Trid: 6, Namespace: WNS, CV: xDezu3uRj0eps+8I.6.0 containing 58 bytes of payload only. However, full payload including header is: 0x505554203620574E530035380D0A436F6E746578743A20623732353138346136623661366262300D0A4D532D43563A207844657A753375526A30. IsLongRunning: Data Connection."
"19-08-2026 00:26:09","1225","Verbose","Microsoft-Windows-PushNotifications-Platform","WNP Transport Layer received command: PUT, Trid: 6, Namespace: WNS, CV: xDezu3uRj0eps+8I.6.0 containing 58 bytes of payload: 0x436F6E746578743A20623732353138346136623661366262300D0A4D532D43563A207844657A753375526A306570732B38492E362E300D0A0D0A. IsLongRunning: Data Connection."
"19-08-2026 00:26:09","1267","Verbose","Microsoft-Windows-PushNotifications-Platform","WNP Transport Layer sent command: PUT, Trid: 6, Namespace: WNS\OPTIONS 0, CV: xDezu3uRj0eps+8I.6 containing 119 bytes of payload only. However, full payload including header is: 0x505554203620574E535C4F5054494F4E5320302039350D0A4D532D43563A207844657A753375526A306570732B38492E360D0A436F6E746578743A20623732353138346136623661366262300D0A0D0A3C6F7074696F6E733E3C7077726D6F64653E313C2F7077726D6F64653E3C2F6F7074696F6E733E. IsLongRunning: Data Connection."
"19-08-2026 00:26:09","1223","Verbose","Microsoft-Windows-PushNotifications-Platform","WNP Transport Layer sent command: PUT, Trid: 6, Namespace: WNS\OPTIONS 0, CV: xDezu3uRj0eps+8I.6 containing 68 bytes of payload: 0x436F6E746578743A20623732353138346136623661366262300D0A0D0A3C6F7074696F6E733E3C7077726D6F64653E313C2F7077726D6F64653E3C2F6F7074696F6E733E. IsLongRunning: Data Connection."
"19-08-2026 00:26:09","42","Information","Microsoft-Windows-PushNotifications-Platform","Cloud Notifications must be enabled in GP and MDM to receive push notifications. GroupPolicyValue: true, MDMPolicyValue: true."
"19-08-2026 00:26:08","1005","Information","Microsoft-Windows-PushNotifications-Platform","The Connection Provider status changed to Connected."
"19-08-2026 00:26:08","1264","Information","Microsoft-Windows-PushNotifications-Platform","Adding new user to the Windows Push Notification Service completed. 001880174DE6F7FE [DeviceId] 17056889 [UserId] 0x0 [ErrorCode]."
"19-08-2026 00:26:08","1268","Verbose","Microsoft-Windows-PushNotifications-Platform","WNP Transport Layer received command: BND, Trid: 5, Namespace: CON, CV: xDezu3uRj0eps+8I.5.0 containing 134 bytes of payload only. However, full payload including header is: 0x424E44203520434F4E003133340D0A436F6E746578743A20356162313438616236346561616638390D0A4D532D43563A207844657A753375526A306570732B38492E352E300D0A0D0A3C776E732D726573706F6E73653E3C7665723E313C2F7665723E3C6E6F6E63653E36373338383538303636303434303435363931303C2F6E6F6E63653E. IsLongRunning: Data Connection."
"19-08-2026 00:26:08","1225","Verbose","Microsoft-Windows-PushNotifications-Platform","WNP Transport Layer received command: BND, Trid: 5, Namespace: CON, CV: xDezu3uRj0eps+8I.5.0 containing 134 bytes of payload: 0x436F6E746578743A20356162313438616236346561616638390D0A4D532D43563A207844657A753375526A306570732B38492E352E300D0A0D0A3C776E732D726573706F6E73653E3C7665723E313C2F7665723E3C6E6F6E63653E36373338383538303636303434303435363931303C2F6E6F6E63653E3C2F776E732D726573706F6E73653E. IsLongRunning: Data Connection."
"19-08-2026 00:26:08","1268","Verbose","Microsoft-Windows-PushNotifications-Platform","WNP Transport Layer received command: PUT, Trid: 4, Namespace: WNS, CV: xDezu3uRj0eps+8I.4.0 containing 58 bytes of payload only. However, full payload including header is: 0x505554203420574E530035380D0A436F6E746578743A20666632376530366132316431636564340D0A4D532D43563A207844657A753375526A30. IsLongRunning: Data Connection."
"19-08-2026 00:26:08","1225","Verbose","Microsoft-Windows-PushNotifications-Platform","WNP Transport Layer received command: PUT, Trid: 4, Namespace: WNS, CV: xDezu3uRj0eps+8I.4.0 containing 58 bytes of payload: 0x436F6E746578743A20666632376530366132316431636564340D0A4D532D43563A207844657A753375526A306570732B38492E342E300D0A0D0A. IsLongRunning: Data Connection."
"19-08-2026 00:26:08","1267","Verbose","Microsoft-Windows-PushNotifications-Platform","WNP Transport Layer sent command: BND, Trid: 5, Namespace: CON\WNS 1044479, CV: xDezu3uRj0eps+8I.5 containing 239 bytes of payload only. However, full payload including header is: 0x424E44203520434F4E5C574E532031303434343739203231320D0A4D532D43563A207844657A753375526A306570732B38492E350D0A436F6E746578743A20356162313438616236346561616638390D0A0D0A3C776E733E3C7665723E313C2F7665723E3C636C69656E743E3C6E616D653E57504E3C2F6E616D653E3C7665723E312E303C2F7665723E3C2F636C69656E743E3C6F7074696F6E733E3C7077726D6F6465206D6F64653D2230223E3C2F7077726D6F64653E3C2F6F7074696F6E733E3C6C6173744D736749643E333734373866363634373365393164373C2F6C6173744D736749643E3C2F776E733E. IsLongRunning: Data Connection."
"19-08-2026 00:26:08","1223","Verbose","Microsoft-Windows-PushNotifications-Platform","WNP Transport Layer sent command: BND, Trid: 5, Namespace: CON\WNS 1044479, CV: xDezu3uRj0eps+8I.5 containing 185 bytes of payload: 0x436F6E746578743A20356162313438616236346561616638390D0A0D0A3C776E733E3C7665723E313C2F7665723E3C636C69656E743E3C6E616D653E57504E3C2F6E616D653E3C7665723E312E303C2F7665723E3C2F636C69656E743E3C6F7074696F6E733E3C7077726D6F6465206D6F64653D2230223E3C2F7077726D6F64653E3C2F6F7074696F6E733E3C6C6173744D736749643E333734373866363634373365393164373C2F6C6173744D736749643E3C2F776E733E. IsLongRunning: Data Connection."
"19-08-2026 00:26:08","1005","Information","Microsoft-Windows-PushNotifications-Platform","The Connection Provider status changed to Connected."
"19-08-2026 00:26:08","1267","Verbose","Microsoft-Windows-PushNotifications-Platform","WNP Transport Layer sent command: PUT, Trid: 4, Namespace: WNS\CHALLENGE 0, CV: xDezu3uRj0eps+8I.4 containing 190 bytes of payload only. However, full payload including header is: 0x505554203420574E535C4348414C4C454E47452030203136330D0A4D532D43563A207844657A753375526A306570732B38492E340D0A436F6E746578743A20666632376530366132316431636564340D0A0D0A3C6368616C6C656E67653E3C61707049643E50524F443031323050572143435639403C2F61707049643E3C726573706F6E73653E30623732346634386530383463643666393564323635303562666163363832323C2F726573706F6E73653E3C2F6368616C6C656E67653E. IsLongRunning: Data Connection."
"19-08-2026 00:26:08","1223","Verbose","Microsoft-Windows-PushNotifications-Platform","WNP Transport Layer sent command: PUT, Trid: 4, Namespace: WNS\CHALLENGE 0, CV: xDezu3uRj0eps+8I.4 containing 136 bytes of payload: 0x436F6E746578743A20666632376530366132316431636564340D0A0D0A3C6368616C6C656E67653E3C61707049643E50524F443031323050572143435639403C2F61707049643E3C726573706F6E73653E30623732346634386530383463643666393564323635303562666163363832323C2F726573706F6E73653E3C2F6368616C6C656E67653E. IsLongRunning: Data Connection."
"19-08-2026 00:26:08","1005","Information","Microsoft-Windows-PushNotifications-Platform","The Connection Provider status changed to Connected."
"19-08-2026 00:26:08","1264","Information","Microsoft-Windows-PushNotifications-Platform","Adding new user to the Windows Push Notification Service completed. 001880174DE6F7FE [DeviceId] 0 [UserId] 0x0 [ErrorCode]."
"19-08-2026 00:26:08","1268","Verbose","Microsoft-Windows-PushNotifications-Platform","WNP Transport Layer received command: BND, Trid: 3, Namespace: CON, CV: xDezu3uRj0eps+8I.3.0 containing 134 bytes of payload only. However, full payload including header is: 0x424E44203320434F4E003133340D0A436F6E746578743A20636534366537306337393131633437340D0A4D532D43563A207844657A753375526A306570732B38492E332E300D0A0D0A3C776E732D726573706F6E73653E3C7665723E313C2F7665723E3C6E6F6E63653E33303039343436333832303537383436313333313C2F6E6F6E63653E. IsLongRunning: Data Connection."
"19-08-2026 00:26:08","1225","Verbose","Microsoft-Windows-PushNotifications-Platform","WNP Transport Layer received command: BND, Trid: 3, Namespace: CON, CV: xDezu3uRj0eps+8I.3.0 containing 134 bytes of payload: 0x436F6E746578743A20636534366537306337393131633437340D0A4D532D43563A207844657A753375526A306570732B38492E332E300D0A0D0A3C776E732D726573706F6E73653E3C7665723E313C2F7665723E3C6E6F6E63653E33303039343436333832303537383436313333313C2F6E6F6E63653E3C2F776E732D726573706F6E73653E. IsLongRunning: Data Connection."
"19-08-2026 00:26:08","1268","Verbose","Microsoft-Windows-PushNotifications-Platform","WNP Transport Layer received command: ATH, Trid: 2, Namespace: CON, CV: xDezu3uRj0eps+8I.2.0 containing 58 bytes of payload only. However, full payload including header is: 0x415448203220434F4E0035380D0A436F6E746578743A20636534366537306337393131633437340D0A4D532D43563A207844657A753375526A30. IsLongRunning: Data Connection."
"19-08-2026 00:26:08","1225","Verbose","Microsoft-Windows-PushNotifications-Platform","WNP Transport Layer received command: ATH, Trid: 2, Namespace: CON, CV: xDezu3uRj0eps+8I.2.0 containing 58 bytes of payload: 0x436F6E746578743A20636534366537306337393131633437340D0A4D532D43563A207844657A753375526A306570732B38492E322E300D0A0D0A. IsLongRunning: Data Connection."
"19-08-2026 00:26:08","1268","Verbose","Microsoft-Windows-PushNotifications-Platform","WNP Transport Layer received command: CNT, Trid: 1, Namespace: CON, CV: xDezu3uRj0eps+8I.1.0 containing 236 bytes of payload only. However, full payload including header is: 0x434E54203120434F4E003233360D0A436F6E746578743A20636534366537306337393131633437340D0A4D532D43563A207844657A753375526A306570732B38492E312E300D0A0D0A3C636F6E6E6563742D726573706F6E73653E3C7665723E313C2F7665723E3C73657373696F6E3E3C69643E4D7470312E3333302F35303537353634302E65343532616530312D343566342D663331652D383261342D6666323339656538663565613C2F69643E3C74696D656F75743E323030303C2F74696D656F75743E3C2F73657373696F6E3E3C716F73746573743E66616C73653C2F716F73746573743E3C2F636F. IsLongRunning: Data Connection."
"19-08-2026 00:26:08","1225","Verbose","Microsoft-Windows-PushNotifications-Platform","WNP Transport Layer received command: CNT, Trid: 1, Namespace: CON, CV: xDezu3uRj0eps+8I.1.0 containing 236 bytes of payload: 0x436F6E746578743A20636534366537306337393131633437340D0A4D532D43563A207844657A753375526A306570732B38492E312E300D0A0D0A3C636F6E6E6563742D726573706F6E73653E3C7665723E313C2F7665723E3C73657373696F6E3E3C69643E4D7470312E3333302F35303537353634302E65343532616530312D343566342D663331652D383261342D6666323339656538663565613C2F69643E3C74696D656F75743E323030303C2F74696D656F75743E3C2F73657373696F6E3E3C716F73746573743E66616C73653C2F716F73746573743E3C2F636F6E6E6563742D726573706F6E73653E. IsLongRunning: Data Connection."
"19-08-2026 00:26:08","1267","Verbose","Microsoft-Windows-PushNotifications-Platform","WNP Transport Layer sent command: BND, Trid: 3, Namespace: CON\WNS 0, CV: xDezu3uRj0eps+8I.3 containing 233 bytes of payload only. However, full payload including header is: 0x424E44203320434F4E5C574E532030203231320D0A4D532D43563A207844657A753375526A306570732B38492E330D0A436F6E746578743A20636534366537306337393131633437340D0A0D0A3C776E733E3C7665723E313C2F7665723E3C636C69656E743E3C6E616D653E57504E3C2F6E616D653E3C7665723E312E303C2F7665723E3C2F636C69656E743E3C6F7074696F6E733E3C7077726D6F6465206D6F64653D2230223E3C2F7077726D6F64653E3C2F6F7074696F6E733E3C6C6173744D736749643E373233313265336632643439356336633C2F6C6173744D736749643E3C2F776E733E. IsLongRunning: Data Connection."
"19-08-2026 00:26:08","1223","Verbose","Microsoft-Windows-PushNotifications-Platform","WNP Transport Layer sent command: BND, Trid: 3, Namespace: CON\WNS 0, CV: xDezu3uRj0eps+8I.3 containing 185 bytes of payload: 0x436F6E746578743A20636534366537306337393131633437340D0A0D0A3C776E733E3C7665723E313C2F7665723E3C636C69656E743E3C6E616D653E57504E3C2F6E616D653E3C7665723E312E303C2F7665723E3C2F636C69656E743E3C6F7074696F6E733E3C7077726D6F6465206D6F64653D2230223E3C2F7077726D6F64653E3C2F6F7074696F6E733E3C6C6173744D736749643E373233313265336632643439356336633C2F6C6173744D736749643E3C2F776E733E. IsLongRunning: Data Connection."
"19-08-2026 00:26:08","1267","Verbose","Microsoft-Windows-PushNotifications-Platform","WNP Transport Layer sent command: ATH, Trid: 2, Namespace: CON\DEVICE, CV: xDezu3uRj0eps+8I.2 containing 1384 bytes of payload only. However, full payload including header is: 0x415448203220434F4E5C44455649434520313336310D0A4D532D43563A207844657A753375526A306570732B38492E320D0A436F6E746578743A20636534366537306337393131633437340D0A0D0A3C6465766963653E3C636F6D706163742D7469636B65743E743D45774359412B704942414155316244476664617A69446658706A4E354E36635968543177626D5141415148745A546578654276376D6C717774457A35302B5A324A753849476649695A6171456A4936795257476C544E475930512B32373538426D317A546374744B71653262565954626A436F68484A48634E6976302B4D3739504E35763949384753726D4A626C584D4F4F4E722F6F784C49672F56517575634F72763666786B6F552F67593543654A4A7251615246674949756A3945664E32374E6634457464357932596B7678595A7243787A6B7A424B576950627A4934426B4A453754654D694B3752353835347041666E6B743077365461584761686A30322F334174783163646B794853706664425152694676477A494E744A7767312F765473354F776B344844435574565353647155554C536352627142534144593034324B595076774A684977347054676849704E6538666C496648656F673954756D507A32766F374F6D4734477849674D304E575A73464A4E31425534665A55515A674141454A684D64416A634C31667576583149752F4C3033567467416E63377273477054575175727258336C6B5051323649443654444C4F42524F3068356E5A724171336A62597772306E39504B6937466F2F6E30352F794E4B6E742B365066787537492F4F39516F564B4C472B48366375686D46753134744F454B4B4F796951622B42597957736F634249766E43357962474670454E55497A444B6343596A3278702B70614A31423937305869664848756D636779643768353876515A4836575336787674727955753732707861654176364169786D307A55616571394158733332662F7861704C475948694F36564349464A67566E7A5973676F66704B2F61532F4A43595A523276427461615A7658586163613571576E5A36474F6D4B696452374E634776782B3737694C4F3467666146516C73314C516A684A4F72482F56336B476D49393274666C464748342F4D652F4C5072314E453366766554754C574D6E473733755973516C39515473303178737458434537325234634B433369622B784732494F6F737077703837303075584D6938716E446A42645852564454594C432F4A3655306E4B4F2B71716A734E544C6E4D4A517A3536706E66525A414F4959714C654F39716E77357862386E4D313466667061496A61627277702F4F577A6178794E742B4234417745616C707A4F71655A55537162674C4F69664637786975632B56474D51325833772F6D4646765537553847562F6D65304874623053424E774C71744B632F616A715A63346D73746C745068683279427534317442636E7247334A4A796B5379774E6B527A677A535A6D76536949577573663652376931616837316258544F6133654A516A6863534E69427675666C4E664C3764683938374C716E48303648454177785754477A59597855754F7A7A4333344E52727631326C783754363643345172513547726D7A58526B71454E342B6553343945684C685743767375446B6F6F4B3243334976625355706765435645413567764B4A4532502F435031596455736669374275524C694D794A69616D74376E765A764B593575456543784D75766B45794D30417A30765242316653423635316474485268386D476D6233726A39684B48736338494E7844304445485A50766C697A5A2B624D2B4435726B77493D3C2F636F6D706163742D7469636B65743E3C69643E303031383830313734444536463746453C2F69643E3C2F6465766963653E. IsLongRunning: Data Connection."
"19-08-2026 00:26:08","1223","Verbose","Microsoft-Windows-PushNotifications-Platform","WNP Transport Layer sent command: ATH, Trid: 2, Namespace: CON\DEVICE, CV: xDezu3uRj0eps+8I.2 containing 1334 bytes of payload: 0x436F6E746578743A20636534366537306337393131633437340D0A0D0A3C6465766963653E3C636F6D706163742D7469636B65743E743D45774359412B704942414155316244476664617A69446658706A4E354E36635968543177626D5141415148745A546578654276376D6C717774457A35302B5A324A753849476649695A6171456A4936795257476C544E475930512B32373538426D317A546374744B71653262565954626A436F68484A48634E6976302B4D3739504E35763949384753726D4A626C584D4F4F4E722F6F784C49672F56517575634F72763666786B6F552F67593543654A4A7251615246674949756A3945664E32374E6634457464357932596B7678595A7243787A6B7A424B576950627A4934426B4A453754654D694B3752353835347041666E6B743077365461584761686A30322F334174783163646B794853706664425152694676477A494E744A7767312F765473354F776B344844435574565353647155554C536352627142534144593034324B595076774A684977347054676849704E6538666C496648656F673954756D507A32766F374F6D4734477849674D304E575A73464A4E31425534665A55515A674141454A684D64416A634C31667576583149752F4C3033567467416E63377273477054575175727258336C6B5051323649443654444C4F42524F3068356E5A724171336A62597772306E39504B6937466F2F6E30352F794E4B6E742B365066787537492F4F39516F564B4C472B48366375686D46753134744F454B4B4F796951622B42597957736F634249766E43357962474670454E55497A444B6343596A3278702B70614A31423937305869664848756D636779643768353876515A4836575336787674727955753732707861654176364169786D307A55616571394158733332662F7861704C475948694F36564349464A67566E7A5973676F66704B2F61532F4A43595A523276427461615A7658586163613571576E5A36474F6D4B696452374E634776782B3737694C4F3467666146516C73314C516A684A4F72482F56336B476D49393274666C464748342F4D652F4C5072314E453366766554754C574D6E473733755973516C39515473303178737458434537325234634B433369622B784732494F6F737077703837303075584D6938716E446A42645852564454594C432F4A3655306E4B4F2B71716A734E544C6E4D4A517A3536706E66525A414F4959714C654F39716E77357862386E4D313466667061496A61627277702F4F577A6178794E742B4234417745616C707A4F71655A55537162674C4F69664637786975632B56474D51325833772F6D4646765537553847562F6D65304874623053424E774C71744B632F616A715A63346D73746C745068683279427534317442636E7247334A4A796B5379774E6B527A677A535A6D76536949577573663652376931616837316258544F6133654A516A6863534E69427675666C4E664C3764683938374C716E48303648454177785754477A59597855754F7A7A4333344E52727631326C783754363643345172513547726D7A58526B71454E342B6553343945684C685743767375446B6F6F4B3243334976625355706765435645413567764B4A4532502F435031596455736669374275524C694D794A69616D74376E765A764B593575456543784D75766B45794D30417A30765242316653423635316474485268386D476D6233726A39684B48736338494E7844304445485A50766C697A5A2B624D2B4435726B77493D3C2F636F6D706163742D7469636B65743E3C69643E303031383830313734444536463746453C2F69643E3C2F6465766963653E. IsLongRunning: Data Connection."
"19-08-2026 00:26:08","1267","Verbose","Microsoft-Windows-PushNotifications-Platform","WNP Transport Layer sent command: CNT, Trid: 1, Namespace: CON, CV: xDezu3uRj0eps+8I.1 containing 363 bytes of payload only. However, full payload including header is: 0x434E54203120434F4E203334380D0A4D532D43563A207844657A753375526A306570732B38492E310D0A436F6E746578743A20636534366537306337393131633437340D0A0D0A3C636F6E6E6563743E3C7665723E323C2F7665723E3C6167656E743E3C6F733E57696E646F77733C2F6F733E3C6F735665723E31302E302E302E302E32363130302E383839333C2F6F735665723E3C70726F633E7836343C2F70726F633E3C6C6369643E656E2D494E3C2F6C6369643E3C67656F49643E3131333C2F67656F49643E3C616F61633E313C2F616F61633E3C646576696365547970653E323C2F646576696365547970653E3C6465766963654E616D653E303031383830313734444536463746453C2F6465766963654E616D653E3C666F6C6C6F7752657472793E747275653C2F666F6C6C6F7752657472793E3C2F6167656E743E3C6E6574776F726B3E3C776966693E3C2F776966693E3C2F6E6574776F726B3E3C2F636F6E6E6563743E. IsLongRunning: Data Connection."
"19-08-2026 00:26:08","1223","Verbose","Microsoft-Windows-PushNotifications-Platform","WNP Transport Layer sent command: CNT, Trid: 1, Namespace: CON, CV: xDezu3uRj0eps+8I.1 containing 321 bytes of payload: 0x436F6E746578743A20636534366537306337393131633437340D0A0D0A3C636F6E6E6563743E3C7665723E323C2F7665723E3C6167656E743E3C6F733E57696E646F77733C2F6F733E3C6F735665723E31302E302E302E302E32363130302E383839333C2F6F735665723E3C70726F633E7836343C2F70726F633E3C6C6369643E656E2D494E3C2F6C6369643E3C67656F49643E3131333C2F67656F49643E3C616F61633E313C2F616F61633E3C646576696365547970653E323C2F646576696365547970653E3C6465766963654E616D653E303031383830313734444536463746453C2F6465766963654E616D653E3C666F6C6C6F7752657472793E747275653C2F666F6C6C6F7752657472793E3C2F6167656E743E3C6E6574776F726B3E3C776966693E3C2F776966693E3C2F6E6574776F726B3E3C2F636F6E6E6563743E. IsLongRunning: Data Connection."
"19-08-2026 00:26:08","1113","Information","Microsoft-Windows-PushNotifications-Platform","Device Compact Ticket request completed with Device Id 001880174DE6F7FE for the Data Connection."
