"17-08-2026 12:16:15","100","Information","Microsoft-Windows-Diagnosis-DPS","Diagnostic module {45de1ea9-10bc-4f96-9b21-4b6b83dbf476} (%windir%\system32\radardt.dll) detected a problem for scenario {180b3a99-8c39-4f12-b631-2031998efe45}, instance {ea6699ce-5943-404d-888e-2a471a35630f}, original activity ID {00000000-0000-0000-0000-000000000000}."
"17-08-2026 12:11:15","105","Information","Microsoft-Windows-Diagnosis-DPS","Diagnostic module {45de1ea9-10bc-4f96-9b21-4b6b83dbf476} (%windir%\system32\radardt.dll) started troubleshooting scenario {180b3a99-8c39-4f12-b631-2031998efe45}, instance {4f394ad9-b404-4af3-afb6-decdbffdee8d}, original activity ID {00000000-0000-0000-0000-000000000000}."
"17-08-2026 12:11:15","100","Information","Microsoft-Windows-Diagnosis-DPS","Diagnostic module {45de1ea9-10bc-4f96-9b21-4b6b83dbf476} (%windir%\system32\radardt.dll) detected a problem for scenario {180b3a99-8c39-4f12-b631-2031998efe45}, instance {4f394ad9-b404-4af3-afb6-decdbffdee8d}, original activity ID {00000000-0000-0000-0000-000000000000}."
"17-08-2026 12:06:15","105","Information","Microsoft-Windows-Diagnosis-DPS","Diagnostic module {45de1ea9-10bc-4f96-9b21-4b6b83dbf476} (%windir%\system32\radardt.dll) started troubleshooting scenario {180b3a99-8c39-4f12-b631-2031998efe45}, instance {23bf88c2-d648-4a18-a2d3-644cf3b5500f}, original activity ID {00000000-0000-0000-0000-000000000000}."
"17-08-2026 12:06:15","100","Information","Microsoft-Windows-Diagnosis-DPS","Diagnostic module {45de1ea9-10bc-4f96-9b21-4b6b83dbf476} (%windir%\system32\radardt.dll) detected a problem for scenario {180b3a99-8c39-4f12-b631-2031998efe45}, instance {23bf88c2-d648-4a18-a2d3-644cf3b5500f}, original activity ID {00000000-0000-0000-0000-000000000000}."
"17-08-2026 12:01:15","105","Information","Microsoft-Windows-Diagnosis-DPS","Diagnostic module {45de1ea9-10bc-4f96-9b21-4b6b83dbf476} (%windir%\system32\radardt.dll) started troubleshooting scenario {180b3a99-8c39-4f12-b631-2031998efe45}, instance {4a722be2-c223-41a3-83d6-e9859189962c}, original activity ID {00000000-0000-0000-0000-000000000000}."
"17-08-2026 12:01:15","100","Information","Microsoft-Windows-Diagnosis-DPS","Diagnostic module {45de1ea9-10bc-4f96-9b21-4b6b83dbf476} (%windir%\system32\radardt.dll) detected a problem for scenario {180b3a99-8c39-4f12-b631-2031998efe45}, instance {4a722be2-c223-41a3-83d6-e9859189962c}, original activity ID {00000000-0000-0000-0000-000000000000}."
"17-08-2026 11:56:15","105","Information","Microsoft-Windows-Diagnosis-DPS","Diagnostic module {45de1ea9-10bc-4f96-9b21-4b6b83dbf476} (%windir%\system32\radardt.dll) started troubleshooting scenario {180b3a99-8c39-4f12-b631-2031998efe45}, instance {56f37585-6d89-4aff-b76a-b1341d59f8d2}, original activity ID {00000000-0000-0000-0000-000000000000}."
"17-08-2026 11:56:15","100","Information","Microsoft-Windows-Diagnosis-DPS","Diagnostic module {45de1ea9-10bc-4f96-9b21-4b6b83dbf476} (%windir%\system32\radardt.dll) detected a problem for scenario {180b3a99-8c39-4f12-b631-2031998efe45}, instance {56f37585-6d89-4aff-b76a-b1341d59f8d2}, original activity ID {00000000-0000-0000-0000-000000000000}."
"17-08-2026 11:51:15","105","Information","Microsoft-Windows-Diagnosis-DPS","Diagnostic module {45de1ea9-10bc-4f96-9b21-4b6b83dbf476} (%windir%\system32\radardt.dll) started troubleshooting scenario {180b3a99-8c39-4f12-b631-2031998efe45}, instance {6618abdf-cc2b-46e2-a68c-6f1fc6e1e8b9}, original activity ID {00000000-0000-0000-0000-000000000000}."
"17-08-2026 11:51:15","100","Information","Microsoft-Windows-Diagnosis-DPS","Diagnostic module {45de1ea9-10bc-4f96-9b21-4b6b83dbf476} (%windir%\system32\radardt.dll) detected a problem for scenario {180b3a99-8c39-4f12-b631-2031998efe45}, instance {6618abdf-cc2b-46e2-a68c-6f1fc6e1e8b9}, original activity ID {00000000-0000-0000-0000-000000000000}."
"17-08-2026 11:46:15","105","Information","Microsoft-Windows-Diagnosis-DPS","Diagnostic module {45de1ea9-10bc-4f96-9b21-4b6b83dbf476} (%windir%\system32\radardt.dll) started troubleshooting scenario {180b3a99-8c39-4f12-b631-2031998efe45}, instance {69f66a16-8b26-4a4f-a30e-29bf9497d661}, original activity ID {00000000-0000-0000-0000-000000000000}."
"17-08-2026 11:46:15","100","Information","Microsoft-Windows-Diagnosis-DPS","Diagnostic module {45de1ea9-10bc-4f96-9b21-4b6b83dbf476} (%windir%\system32\radardt.dll) detected a problem for scenario {180b3a99-8c39-4f12-b631-2031998efe45}, instance {69f66a16-8b26-4a4f-a30e-29bf9497d661}, original activity ID {00000000-0000-0000-0000-000000000000}."
"17-08-2026 11:41:15","105","Information","Microsoft-Windows-Diagnosis-DPS","Diagnostic module {45de1ea9-10bc-4f96-9b21-4b6b83dbf476} (%windir%\system32\radardt.dll) started troubleshooting scenario {180b3a99-8c39-4f12-b631-2031998efe45}, instance {6bb34044-b1ae-4ea1-8e61-2c34af5bb5dd}, original activity ID {00000000-0000-0000-0000-000000000000}."
"17-08-2026 11:41:15","100","Information","Microsoft-Windows-Diagnosis-DPS","Diagnostic module {45de1ea9-10bc-4f96-9b21-4b6b83dbf476} (%windir%\system32\radardt.dll) detected a problem for scenario {180b3a99-8c39-4f12-b631-2031998efe45}, instance {6bb34044-b1ae-4ea1-8e61-2c34af5bb5dd}, original activity ID {00000000-0000-0000-0000-000000000000}."
"17-08-2026 11:36:15","105","Information","Microsoft-Windows-Diagnosis-DPS","Diagnostic module {45de1ea9-10bc-4f96-9b21-4b6b83dbf476} (%windir%\system32\radardt.dll) started troubleshooting scenario {180b3a99-8c39-4f12-b631-2031998efe45}, instance {b557f89a-3ef8-413e-843b-0fb5b3beef20}, original activity ID {00000000-0000-0000-0000-000000000000}."
"17-08-2026 11:36:15","100","Information","Microsoft-Windows-Diagnosis-DPS","Diagnostic module {45de1ea9-10bc-4f96-9b21-4b6b83dbf476} (%windir%\system32\radardt.dll) detected a problem for scenario {180b3a99-8c39-4f12-b631-2031998efe45}, instance {b557f89a-3ef8-413e-843b-0fb5b3beef20}, original activity ID {00000000-0000-0000-0000-000000000000}."
"17-08-2026 11:31:15","105","Information","Microsoft-Windows-Diagnosis-DPS","Diagnostic module {45de1ea9-10bc-4f96-9b21-4b6b83dbf476} (%windir%\system32\radardt.dll) started troubleshooting scenario {180b3a99-8c39-4f12-b631-2031998efe45}, instance {05c56fbe-923a-444a-ace0-f3d939d2e41f}, original activity ID {00000000-0000-0000-0000-000000000000}."
"17-08-2026 11:31:15","100","Information","Microsoft-Windows-Diagnosis-DPS","Diagnostic module {45de1ea9-10bc-4f96-9b21-4b6b83dbf476} (%windir%\system32\radardt.dll) detected a problem for scenario {180b3a99-8c39-4f12-b631-2031998efe45}, instance {05c56fbe-923a-444a-ace0-f3d939d2e41f}, original activity ID {00000000-0000-0000-0000-000000000000}."
"17-08-2026 11:26:15","105","Information","Microsoft-Windows-Diagnosis-DPS","Diagnostic module {45de1ea9-10bc-4f96-9b21-4b6b83dbf476} (%windir%\system32\radardt.dll) started troubleshooting scenario {180b3a99-8c39-4f12-b631-2031998efe45}, instance {f53c74f1-bd25-46d2-a482-3c412aa4a4de}, original activity ID {00000000-0000-0000-0000-000000000000}."
"17-08-2026 11:26:15","100","Information","Microsoft-Windows-Diagnosis-DPS","Diagnostic module {45de1ea9-10bc-4f96-9b21-4b6b83dbf476} (%windir%\system32\radardt.dll) detected a problem for scenario {180b3a99-8c39-4f12-b631-2031998efe45}, instance {f53c74f1-bd25-46d2-a482-3c412aa4a4de}, original activity ID {00000000-0000-0000-0000-000000000000}."
"17-08-2026 11:21:15","105","Information","Microsoft-Windows-Diagnosis-DPS","Diagnostic module {45de1ea9-10bc-4f96-9b21-4b6b83dbf476} (%windir%\system32\radardt.dll) started troubleshooting scenario {180b3a99-8c39-4f12-b631-2031998efe45}, instance {01a9bdf2-4d20-4d89-9adf-054e744ddbb6}, original activity ID {00000000-0000-0000-0000-000000000000}."
"17-08-2026 11:21:15","100","Information","Microsoft-Windows-Diagnosis-DPS","Diagnostic module {45de1ea9-10bc-4f96-9b21-4b6b83dbf476} (%windir%\system32\radardt.dll) detected a problem for scenario {180b3a99-8c39-4f12-b631-2031998efe45}, instance {01a9bdf2-4d20-4d89-9adf-054e744ddbb6}, original activity ID {00000000-0000-0000-0000-000000000000}."
"17-08-2026 11:16:15","105","Information","Microsoft-Windows-Diagnosis-DPS","Diagnostic module {45de1ea9-10bc-4f96-9b21-4b6b83dbf476} (%windir%\system32\radardt.dll) started troubleshooting scenario {180b3a99-8c39-4f12-b631-2031998efe45}, instance {a64aea34-be02-473c-aac3-9bb1b73579f4}, original activity ID {00000000-0000-0000-0000-000000000000}."
"17-08-2026 11:16:15","100","Information","Microsoft-Windows-Diagnosis-DPS","Diagnostic module {45de1ea9-10bc-4f96-9b21-4b6b83dbf476} (%windir%\system32\radardt.dll) detected a problem for scenario {180b3a99-8c39-4f12-b631-2031998efe45}, instance {a64aea34-be02-473c-aac3-9bb1b73579f4}, original activity ID {00000000-0000-0000-0000-000000000000}."
"17-08-2026 11:11:15","105","Information","Microsoft-Windows-Diagnosis-DPS","Diagnostic module {45de1ea9-10bc-4f96-9b21-4b6b83dbf476} (%windir%\system32\radardt.dll) started troubleshooting scenario {180b3a99-8c39-4f12-b631-2031998efe45}, instance {ddaa3900-71bc-4429-8c14-f6efcae5ae38}, original activity ID {00000000-0000-0000-0000-000000000000}."
"17-08-2026 11:11:15","100","Information","Microsoft-Windows-Diagnosis-DPS","Diagnostic module {45de1ea9-10bc-4f96-9b21-4b6b83dbf476} (%windir%\system32\radardt.dll) detected a problem for scenario {180b3a99-8c39-4f12-b631-2031998efe45}, instance {ddaa3900-71bc-4429-8c14-f6efcae5ae38}, original activity ID {00000000-0000-0000-0000-000000000000}."
"17-08-2026 11:06:15","105","Information","Microsoft-Windows-Diagnosis-DPS","Diagnostic module {45de1ea9-10bc-4f96-9b21-4b6b83dbf476} (%windir%\system32\radardt.dll) started troubleshooting scenario {180b3a99-8c39-4f12-b631-2031998efe45}, instance {ea1e474b-a8ba-4f4d-9640-e46c57a9e356}, original activity ID {00000000-0000-0000-0000-000000000000}."
"17-08-2026 11:06:15","100","Information","Microsoft-Windows-Diagnosis-DPS","Diagnostic module {45de1ea9-10bc-4f96-9b21-4b6b83dbf476} (%windir%\system32\radardt.dll) detected a problem for scenario {180b3a99-8c39-4f12-b631-2031998efe45}, instance {ea1e474b-a8ba-4f4d-9640-e46c57a9e356}, original activity ID {00000000-0000-0000-0000-000000000000}."
"17-08-2026 11:01:15","105","Information","Microsoft-Windows-Diagnosis-DPS","Diagnostic module {45de1ea9-10bc-4f96-9b21-4b6b83dbf476} (%windir%\system32\radardt.dll) started troubleshooting scenario {180b3a99-8c39-4f12-b631-2031998efe45}, instance {94784122-0e02-4dd3-979c-f03b062a2f67}, original activity ID {00000000-0000-0000-0000-000000000000}."
"17-08-2026 11:01:15","100","Information","Microsoft-Windows-Diagnosis-DPS","Diagnostic module {45de1ea9-10bc-4f96-9b21-4b6b83dbf476} (%windir%\system32\radardt.dll) detected a problem for scenario {180b3a99-8c39-4f12-b631-2031998efe45}, instance {94784122-0e02-4dd3-979c-f03b062a2f67}, original activity ID {00000000-0000-0000-0000-000000000000}."
"17-08-2026 10:56:15","105","Information","Microsoft-Windows-Diagnosis-DPS","Diagnostic module {45de1ea9-10bc-4f96-9b21-4b6b83dbf476} (%windir%\system32\radardt.dll) started troubleshooting scenario {180b3a99-8c39-4f12-b631-2031998efe45}, instance {0fd0c03f-dab5-41f8-8f80-0a639f6e7c72}, original activity ID {00000000-0000-0000-0000-000000000000}."
"17-08-2026 10:56:15","100","Information","Microsoft-Windows-Diagnosis-DPS","Diagnostic module {45de1ea9-10bc-4f96-9b21-4b6b83dbf476} (%windir%\system32\radardt.dll) detected a problem for scenario {180b3a99-8c39-4f12-b631-2031998efe45}, instance {0fd0c03f-dab5-41f8-8f80-0a639f6e7c72}, original activity ID {00000000-0000-0000-0000-000000000000}."
"17-08-2026 10:51:15","105","Information","Microsoft-Windows-Diagnosis-DPS","Diagnostic module {45de1ea9-10bc-4f96-9b21-4b6b83dbf476} (%windir%\system32\radardt.dll) started troubleshooting scenario {180b3a99-8c39-4f12-b631-2031998efe45}, instance {7f19d0dc-5605-432a-8d43-d08e6edeea76}, original activity ID {00000000-0000-0000-0000-000000000000}."
"17-08-2026 10:51:15","100","Information","Microsoft-Windows-Diagnosis-DPS","Diagnostic module {45de1ea9-10bc-4f96-9b21-4b6b83dbf476} (%windir%\system32\radardt.dll) detected a problem for scenario {180b3a99-8c39-4f12-b631-2031998efe45}, instance {7f19d0dc-5605-432a-8d43-d08e6edeea76}, original activity ID {00000000-0000-0000-0000-000000000000}."
"17-08-2026 10:46:15","105","Information","Microsoft-Windows-Diagnosis-DPS","Diagnostic module {45de1ea9-10bc-4f96-9b21-4b6b83dbf476} (%windir%\system32\radardt.dll) started troubleshooting scenario {180b3a99-8c39-4f12-b631-2031998efe45}, instance {00a006c5-43ef-477d-a74a-5b2eddb39104}, original activity ID {00000000-0000-0000-0000-000000000000}."
"17-08-2026 10:46:15","100","Information","Microsoft-Windows-Diagnosis-DPS","Diagnostic module {45de1ea9-10bc-4f96-9b21-4b6b83dbf476} (%windir%\system32\radardt.dll) detected a problem for scenario {180b3a99-8c39-4f12-b631-2031998efe45}, instance {00a006c5-43ef-477d-a74a-5b2eddb39104}, original activity ID {00000000-0000-0000-0000-000000000000}."
"17-08-2026 10:41:15","105","Information","Microsoft-Windows-Diagnosis-DPS","Diagnostic module {45de1ea9-10bc-4f96-9b21-4b6b83dbf476} (%windir%\system32\radardt.dll) started troubleshooting scenario {180b3a99-8c39-4f12-b631-2031998efe45}, instance {158d29a6-440e-4593-9a05-d73d6e68d8da}, original activity ID {00000000-0000-0000-0000-000000000000}."
"17-08-2026 10:41:15","100","Information","Microsoft-Windows-Diagnosis-DPS","Diagnostic module {45de1ea9-10bc-4f96-9b21-4b6b83dbf476} (%windir%\system32\radardt.dll) detected a problem for scenario {180b3a99-8c39-4f12-b631-2031998efe45}, instance {158d29a6-440e-4593-9a05-d73d6e68d8da}, original activity ID {00000000-0000-0000-0000-000000000000}."
"17-08-2026 10:36:15","105","Information","Microsoft-Windows-Diagnosis-DPS","Diagnostic module {45de1ea9-10bc-4f96-9b21-4b6b83dbf476} (%windir%\system32\radardt.dll) started troubleshooting scenario {180b3a99-8c39-4f12-b631-2031998efe45}, instance {c193e12c-195a-484d-b250-a9c19464c4e2}, original activity ID {00000000-0000-0000-0000-000000000000}."
"17-08-2026 10:36:15","100","Information","Microsoft-Windows-Diagnosis-DPS","Diagnostic module {45de1ea9-10bc-4f96-9b21-4b6b83dbf476} (%windir%\system32\radardt.dll) detected a problem for scenario {180b3a99-8c39-4f12-b631-2031998efe45}, instance {c193e12c-195a-484d-b250-a9c19464c4e2}, original activity ID {00000000-0000-0000-0000-000000000000}."
"17-08-2026 10:31:15","105","Information","Microsoft-Windows-Diagnosis-DPS","Diagnostic module {45de1ea9-10bc-4f96-9b21-4b6b83dbf476} (%windir%\system32\radardt.dll) started troubleshooting scenario {180b3a99-8c39-4f12-b631-2031998efe45}, instance {ecde8517-11e9-49fe-b8a5-b84fd324b02a}, original activity ID {00000000-0000-0000-0000-000000000000}."
"17-08-2026 10:31:15","100","Information","Microsoft-Windows-Diagnosis-DPS","Diagnostic module {45de1ea9-10bc-4f96-9b21-4b6b83dbf476} (%windir%\system32\radardt.dll) detected a problem for scenario {180b3a99-8c39-4f12-b631-2031998efe45}, instance {ecde8517-11e9-49fe-b8a5-b84fd324b02a}, original activity ID {00000000-0000-0000-0000-000000000000}."
"17-08-2026 10:26:15","105","Information","Microsoft-Windows-Diagnosis-DPS","Diagnostic module {45de1ea9-10bc-4f96-9b21-4b6b83dbf476} (%windir%\system32\radardt.dll) started troubleshooting scenario {180b3a99-8c39-4f12-b631-2031998efe45}, instance {5519f30b-3e38-43dc-987c-2bf4f7a79c58}, original activity ID {00000000-0000-0000-0000-000000000000}."
"17-08-2026 10:26:15","100","Information","Microsoft-Windows-Diagnosis-DPS","Diagnostic module {45de1ea9-10bc-4f96-9b21-4b6b83dbf476} (%windir%\system32\radardt.dll) detected a problem for scenario {180b3a99-8c39-4f12-b631-2031998efe45}, instance {5519f30b-3e38-43dc-987c-2bf4f7a79c58}, original activity ID {00000000-0000-0000-0000-000000000000}."
"17-08-2026 10:21:15","105","Information","Microsoft-Windows-Diagnosis-DPS","Diagnostic module {45de1ea9-10bc-4f96-9b21-4b6b83dbf476} (%windir%\system32\radardt.dll) started troubleshooting scenario {180b3a99-8c39-4f12-b631-2031998efe45}, instance {2ac2f0d3-ab6c-4bc4-a921-483f869c2d24}, original activity ID {00000000-0000-0000-0000-000000000000}."
"17-08-2026 10:21:15","100","Information","Microsoft-Windows-Diagnosis-DPS","Diagnostic module {45de1ea9-10bc-4f96-9b21-4b6b83dbf476} (%windir%\system32\radardt.dll) detected a problem for scenario {180b3a99-8c39-4f12-b631-2031998efe45}, instance {2ac2f0d3-ab6c-4bc4-a921-483f869c2d24}, original activity ID {00000000-0000-0000-0000-000000000000}."
"17-08-2026 10:16:15","105","Information","Microsoft-Windows-Diagnosis-DPS","Diagnostic module {45de1ea9-10bc-4f96-9b21-4b6b83dbf476} (%windir%\system32\radardt.dll) started troubleshooting scenario {180b3a99-8c39-4f12-b631-2031998efe45}, instance {b2a97fd3-1d1e-4095-9b29-6fa7cc208f4e}, original activity ID {00000000-0000-0000-0000-000000000000}."
"17-08-2026 10:16:15","100","Information","Microsoft-Windows-Diagnosis-DPS","Diagnostic module {45de1ea9-10bc-4f96-9b21-4b6b83dbf476} (%windir%\system32\radardt.dll) detected a problem for scenario {180b3a99-8c39-4f12-b631-2031998efe45}, instance {b2a97fd3-1d1e-4095-9b29-6fa7cc208f4e}, original activity ID {00000000-0000-0000-0000-000000000000}."
"17-08-2026 10:11:15","105","Information","Microsoft-Windows-Diagnosis-DPS","Diagnostic module {45de1ea9-10bc-4f96-9b21-4b6b83dbf476} (%windir%\system32\radardt.dll) started troubleshooting scenario {180b3a99-8c39-4f12-b631-2031998efe45}, instance {f5bd1849-2c31-4119-a851-8511bd2e15da}, original activity ID {00000000-0000-0000-0000-000000000000}."
"17-08-2026 10:11:15","100","Information","Microsoft-Windows-Diagnosis-DPS","Diagnostic module {45de1ea9-10bc-4f96-9b21-4b6b83dbf476} (%windir%\system32\radardt.dll) detected a problem for scenario {180b3a99-8c39-4f12-b631-2031998efe45}, instance {f5bd1849-2c31-4119-a851-8511bd2e15da}, original activity ID {00000000-0000-0000-0000-000000000000}."
"17-08-2026 10:06:15","105","Information","Microsoft-Windows-Diagnosis-DPS","Diagnostic module {45de1ea9-10bc-4f96-9b21-4b6b83dbf476} (%windir%\system32\radardt.dll) started troubleshooting scenario {180b3a99-8c39-4f12-b631-2031998efe45}, instance {f07fcabd-973f-4caf-b2f0-b43f2671ac26}, original activity ID {00000000-0000-0000-0000-000000000000}."
"17-08-2026 10:06:15","100","Information","Microsoft-Windows-Diagnosis-DPS","Diagnostic module {45de1ea9-10bc-4f96-9b21-4b6b83dbf476} (%windir%\system32\radardt.dll) detected a problem for scenario {180b3a99-8c39-4f12-b631-2031998efe45}, instance {f07fcabd-973f-4caf-b2f0-b43f2671ac26}, original activity ID {00000000-0000-0000-0000-000000000000}."
"17-08-2026 10:01:15","105","Information","Microsoft-Windows-Diagnosis-DPS","Diagnostic module {45de1ea9-10bc-4f96-9b21-4b6b83dbf476} (%windir%\system32\radardt.dll) started troubleshooting scenario {180b3a99-8c39-4f12-b631-2031998efe45}, instance {7a4b0cb0-0708-4d90-8b56-fc862b4b0a63}, original activity ID {00000000-0000-0000-0000-000000000000}."
"17-08-2026 10:01:15","100","Information","Microsoft-Windows-Diagnosis-DPS","Diagnostic module {45de1ea9-10bc-4f96-9b21-4b6b83dbf476} (%windir%\system32\radardt.dll) detected a problem for scenario {180b3a99-8c39-4f12-b631-2031998efe45}, instance {7a4b0cb0-0708-4d90-8b56-fc862b4b0a63}, original activity ID {00000000-0000-0000-0000-000000000000}."
"17-08-2026 09:56:15","105","Information","Microsoft-Windows-Diagnosis-DPS","Diagnostic module {45de1ea9-10bc-4f96-9b21-4b6b83dbf476} (%windir%\system32\radardt.dll) started troubleshooting scenario {180b3a99-8c39-4f12-b631-2031998efe45}, instance {999cbab9-b053-4411-b4da-6aa373a4ba11}, original activity ID {00000000-0000-0000-0000-000000000000}."
"17-08-2026 09:56:15","100","Information","Microsoft-Windows-Diagnosis-DPS","Diagnostic module {45de1ea9-10bc-4f96-9b21-4b6b83dbf476} (%windir%\system32\radardt.dll) detected a problem for scenario {180b3a99-8c39-4f12-b631-2031998efe45}, instance {999cbab9-b053-4411-b4da-6aa373a4ba11}, original activity ID {00000000-0000-0000-0000-000000000000}."
"17-08-2026 09:51:15","105","Information","Microsoft-Windows-Diagnosis-DPS","Diagnostic module {45de1ea9-10bc-4f96-9b21-4b6b83dbf476} (%windir%\system32\radardt.dll) started troubleshooting scenario {180b3a99-8c39-4f12-b631-2031998efe45}, instance {cdea8150-6d59-41eb-9fa7-d14fc2a3a390}, original activity ID {00000000-0000-0000-0000-000000000000}."
"17-08-2026 09:51:15","100","Information","Microsoft-Windows-Diagnosis-DPS","Diagnostic module {45de1ea9-10bc-4f96-9b21-4b6b83dbf476} (%windir%\system32\radardt.dll) detected a problem for scenario {180b3a99-8c39-4f12-b631-2031998efe45}, instance {cdea8150-6d59-41eb-9fa7-d14fc2a3a390}, original activity ID {00000000-0000-0000-0000-000000000000}."
"17-08-2026 09:46:15","105","Information","Microsoft-Windows-Diagnosis-DPS","Diagnostic module {45de1ea9-10bc-4f96-9b21-4b6b83dbf476} (%windir%\system32\radardt.dll) started troubleshooting scenario {180b3a99-8c39-4f12-b631-2031998efe45}, instance {b7f22e8a-738f-415b-afd7-7478a56aaacb}, original activity ID {00000000-0000-0000-0000-000000000000}."
"17-08-2026 09:46:15","100","Information","Microsoft-Windows-Diagnosis-DPS","Diagnostic module {45de1ea9-10bc-4f96-9b21-4b6b83dbf476} (%windir%\system32\radardt.dll) detected a problem for scenario {180b3a99-8c39-4f12-b631-2031998efe45}, instance {b7f22e8a-738f-415b-afd7-7478a56aaacb}, original activity ID {00000000-0000-0000-0000-000000000000}."
"17-08-2026 09:41:15","105","Information","Microsoft-Windows-Diagnosis-DPS","Diagnostic module {45de1ea9-10bc-4f96-9b21-4b6b83dbf476} (%windir%\system32\radardt.dll) started troubleshooting scenario {180b3a99-8c39-4f12-b631-2031998efe45}, instance {fd5773cc-d56f-442e-a208-a3b49f1f0b61}, original activity ID {00000000-0000-0000-0000-000000000000}."
"17-08-2026 09:41:15","100","Information","Microsoft-Windows-Diagnosis-DPS","Diagnostic module {45de1ea9-10bc-4f96-9b21-4b6b83dbf476} (%windir%\system32\radardt.dll) detected a problem for scenario {180b3a99-8c39-4f12-b631-2031998efe45}, instance {fd5773cc-d56f-442e-a208-a3b49f1f0b61}, original activity ID {00000000-0000-0000-0000-000000000000}."
"14-08-2026 19:42:04","105","Information","Microsoft-Windows-Diagnosis-DPS","Diagnostic module {45de1ea9-10bc-4f96-9b21-4b6b83dbf476} (%windir%\system32\radardt.dll) started troubleshooting scenario {180b3a99-8c39-4f12-b631-2031998efe45}, instance {e05da3d9-8bc5-4798-985a-13b6628f9e35}, original activity ID {00000000-0000-0000-0000-000000000000}."
"14-08-2026 19:42:04","100","Information","Microsoft-Windows-Diagnosis-DPS","Diagnostic module {45de1ea9-10bc-4f96-9b21-4b6b83dbf476} (%windir%\system32\radardt.dll) detected a problem for scenario {180b3a99-8c39-4f12-b631-2031998efe45}, instance {e05da3d9-8bc5-4798-985a-13b6628f9e35}, original activity ID {00000000-0000-0000-0000-000000000000}."
"14-08-2026 19:37:04","105","Information","Microsoft-Windows-Diagnosis-DPS","Diagnostic module {45de1ea9-10bc-4f96-9b21-4b6b83dbf476} (%windir%\system32\radardt.dll) started troubleshooting scenario {180b3a99-8c39-4f12-b631-2031998efe45}, instance {fbfe2fc4-683a-48aa-a0e4-dd914f1bcc97}, original activity ID {00000000-0000-0000-0000-000000000000}."
"14-08-2026 19:37:04","100","Information","Microsoft-Windows-Diagnosis-DPS","Diagnostic module {45de1ea9-10bc-4f96-9b21-4b6b83dbf476} (%windir%\system32\radardt.dll) detected a problem for scenario {180b3a99-8c39-4f12-b631-2031998efe45}, instance {fbfe2fc4-683a-48aa-a0e4-dd914f1bcc97}, original activity ID {00000000-0000-0000-0000-000000000000}."
"14-08-2026 19:32:04","105","Information","Microsoft-Windows-Diagnosis-DPS","Diagnostic module {45de1ea9-10bc-4f96-9b21-4b6b83dbf476} (%windir%\system32\radardt.dll) started troubleshooting scenario {180b3a99-8c39-4f12-b631-2031998efe45}, instance {7a98e757-5d26-4b73-aa0e-ad9c075a2898}, original activity ID {00000000-0000-0000-0000-000000000000}."
"14-08-2026 19:32:04","100","Information","Microsoft-Windows-Diagnosis-DPS","Diagnostic module {45de1ea9-10bc-4f96-9b21-4b6b83dbf476} (%windir%\system32\radardt.dll) detected a problem for scenario {180b3a99-8c39-4f12-b631-2031998efe45}, instance {7a98e757-5d26-4b73-aa0e-ad9c075a2898}, original activity ID {00000000-0000-0000-0000-000000000000}."
"14-08-2026 19:27:04","105","Information","Microsoft-Windows-Diagnosis-DPS","Diagnostic module {45de1ea9-10bc-4f96-9b21-4b6b83dbf476} (%windir%\system32\radardt.dll) started troubleshooting scenario {180b3a99-8c39-4f12-b631-2031998efe45}, instance {d58d9d1f-7fe0-490f-9dd5-b2a114b7fe87}, original activity ID {00000000-0000-0000-0000-000000000000}."
"14-08-2026 19:27:04","100","Information","Microsoft-Windows-Diagnosis-DPS","Diagnostic module {45de1ea9-10bc-4f96-9b21-4b6b83dbf476} (%windir%\system32\radardt.dll) detected a problem for scenario {180b3a99-8c39-4f12-b631-2031998efe45}, instance {d58d9d1f-7fe0-490f-9dd5-b2a114b7fe87}, original activity ID {00000000-0000-0000-0000-000000000000}."
"14-08-2026 19:22:04","105","Information","Microsoft-Windows-Diagnosis-DPS","Diagnostic module {45de1ea9-10bc-4f96-9b21-4b6b83dbf476} (%windir%\system32\radardt.dll) started troubleshooting scenario {180b3a99-8c39-4f12-b631-2031998efe45}, instance {57fa3b54-1ebc-4c5a-aff4-832644d5aa92}, original activity ID {00000000-0000-0000-0000-000000000000}."
"14-08-2026 19:22:04","100","Information","Microsoft-Windows-Diagnosis-DPS","Diagnostic module {45de1ea9-10bc-4f96-9b21-4b6b83dbf476} (%windir%\system32\radardt.dll) detected a problem for scenario {180b3a99-8c39-4f12-b631-2031998efe45}, instance {57fa3b54-1ebc-4c5a-aff4-832644d5aa92}, original activity ID {00000000-0000-0000-0000-000000000000}."
"14-08-2026 19:17:04","105","Information","Microsoft-Windows-Diagnosis-DPS","Diagnostic module {45de1ea9-10bc-4f96-9b21-4b6b83dbf476} (%windir%\system32\radardt.dll) started troubleshooting scenario {180b3a99-8c39-4f12-b631-2031998efe45}, instance {9929916f-db42-4cfe-a7e1-7b0b87d0e159}, original activity ID {00000000-0000-0000-0000-000000000000}."
"14-08-2026 19:17:04","100","Information","Microsoft-Windows-Diagnosis-DPS","Diagnostic module {45de1ea9-10bc-4f96-9b21-4b6b83dbf476} (%windir%\system32\radardt.dll) detected a problem for scenario {180b3a99-8c39-4f12-b631-2031998efe45}, instance {9929916f-db42-4cfe-a7e1-7b0b87d0e159}, original activity ID {00000000-0000-0000-0000-000000000000}."
"14-08-2026 19:12:04","105","Information","Microsoft-Windows-Diagnosis-DPS","Diagnostic module {45de1ea9-10bc-4f96-9b21-4b6b83dbf476} (%windir%\system32\radardt.dll) started troubleshooting scenario {180b3a99-8c39-4f12-b631-2031998efe45}, instance {7fe14a47-4fb4-4fec-bed9-f01f9f32aeaf}, original activity ID {00000000-0000-0000-0000-000000000000}."
"14-08-2026 19:12:04","100","Information","Microsoft-Windows-Diagnosis-DPS","Diagnostic module {45de1ea9-10bc-4f96-9b21-4b6b83dbf476} (%windir%\system32\radardt.dll) detected a problem for scenario {180b3a99-8c39-4f12-b631-2031998efe45}, instance {7fe14a47-4fb4-4fec-bed9-f01f9f32aeaf}, original activity ID {00000000-0000-0000-0000-000000000000}."
"14-08-2026 19:07:04","105","Information","Microsoft-Windows-Diagnosis-DPS","Diagnostic module {45de1ea9-10bc-4f96-9b21-4b6b83dbf476} (%windir%\system32\radardt.dll) started troubleshooting scenario {180b3a99-8c39-4f12-b631-2031998efe45}, instance {14ab1c7a-9c4c-4583-aa1a-d5d04c810ea5}, original activity ID {00000000-0000-0000-0000-000000000000}."
"14-08-2026 19:07:04","100","Information","Microsoft-Windows-Diagnosis-DPS","Diagnostic module {45de1ea9-10bc-4f96-9b21-4b6b83dbf476} (%windir%\system32\radardt.dll) detected a problem for scenario {180b3a99-8c39-4f12-b631-2031998efe45}, instance {14ab1c7a-9c4c-4583-aa1a-d5d04c810ea5}, original activity ID {00000000-0000-0000-0000-000000000000}."
"14-08-2026 19:02:04","105","Information","Microsoft-Windows-Diagnosis-DPS","Diagnostic module {45de1ea9-10bc-4f96-9b21-4b6b83dbf476} (%windir%\system32\radardt.dll) started troubleshooting scenario {180b3a99-8c39-4f12-b631-2031998efe45}, instance {f842254a-53d8-4b25-a59f-29911b95b29c}, original activity ID {00000000-0000-0000-0000-000000000000}."
"14-08-2026 19:02:04","100","Information","Microsoft-Windows-Diagnosis-DPS","Diagnostic module {45de1ea9-10bc-4f96-9b21-4b6b83dbf476} (%windir%\system32\radardt.dll) detected a problem for scenario {180b3a99-8c39-4f12-b631-2031998efe45}, instance {f842254a-53d8-4b25-a59f-29911b95b29c}, original activity ID {00000000-0000-0000-0000-000000000000}."
"14-08-2026 18:57:04","105","Information","Microsoft-Windows-Diagnosis-DPS","Diagnostic module {45de1ea9-10bc-4f96-9b21-4b6b83dbf476} (%windir%\system32\radardt.dll) started troubleshooting scenario {180b3a99-8c39-4f12-b631-2031998efe45}, instance {7ff9cbe7-b9e9-43b5-a454-593202811ffc}, original activity ID {00000000-0000-0000-0000-000000000000}."
"14-08-2026 18:57:04","100","Information","Microsoft-Windows-Diagnosis-DPS","Diagnostic module {45de1ea9-10bc-4f96-9b21-4b6b83dbf476} (%windir%\system32\radardt.dll) detected a problem for scenario {180b3a99-8c39-4f12-b631-2031998efe45}, instance {7ff9cbe7-b9e9-43b5-a454-593202811ffc}, original activity ID {00000000-0000-0000-0000-000000000000}."
"14-08-2026 18:52:04","105","Information","Microsoft-Windows-Diagnosis-DPS","Diagnostic module {45de1ea9-10bc-4f96-9b21-4b6b83dbf476} (%windir%\system32\radardt.dll) started troubleshooting scenario {180b3a99-8c39-4f12-b631-2031998efe45}, instance {9d761caf-e16d-45c5-9ba9-63407b2e2bac}, original activity ID {00000000-0000-0000-0000-000000000000}."
"14-08-2026 18:52:04","100","Information","Microsoft-Windows-Diagnosis-DPS","Diagnostic module {45de1ea9-10bc-4f96-9b21-4b6b83dbf476} (%windir%\system32\radardt.dll) detected a problem for scenario {180b3a99-8c39-4f12-b631-2031998efe45}, instance {9d761caf-e16d-45c5-9ba9-63407b2e2bac}, original activity ID {00000000-0000-0000-0000-000000000000}."
"14-08-2026 18:47:04","105","Information","Microsoft-Windows-Diagnosis-DPS","Diagnostic module {45de1ea9-10bc-4f96-9b21-4b6b83dbf476} (%windir%\system32\radardt.dll) started troubleshooting scenario {180b3a99-8c39-4f12-b631-2031998efe45}, instance {a9482ee4-3db0-41a1-a3cd-a4e0a3e58882}, original activity ID {00000000-0000-0000-0000-000000000000}."
"14-08-2026 18:47:04","100","Information","Microsoft-Windows-Diagnosis-DPS","Diagnostic module {45de1ea9-10bc-4f96-9b21-4b6b83dbf476} (%windir%\system32\radardt.dll) detected a problem for scenario {180b3a99-8c39-4f12-b631-2031998efe45}, instance {a9482ee4-3db0-41a1-a3cd-a4e0a3e58882}, original activity ID {00000000-0000-0000-0000-000000000000}."
"14-08-2026 18:42:04","105","Information","Microsoft-Windows-Diagnosis-DPS","Diagnostic module {45de1ea9-10bc-4f96-9b21-4b6b83dbf476} (%windir%\system32\radardt.dll) started troubleshooting scenario {180b3a99-8c39-4f12-b631-2031998efe45}, instance {d954e834-5338-4695-ad5c-9bfb3003b3a5}, original activity ID {00000000-0000-0000-0000-000000000000}."
"14-08-2026 18:42:04","100","Information","Microsoft-Windows-Diagnosis-DPS","Diagnostic module {45de1ea9-10bc-4f96-9b21-4b6b83dbf476} (%windir%\system32\radardt.dll) detected a problem for scenario {180b3a99-8c39-4f12-b631-2031998efe45}, instance {d954e834-5338-4695-ad5c-9bfb3003b3a5}, original activity ID {00000000-0000-0000-0000-000000000000}."
"14-08-2026 18:37:04","105","Information","Microsoft-Windows-Diagnosis-DPS","Diagnostic module {45de1ea9-10bc-4f96-9b21-4b6b83dbf476} (%windir%\system32\radardt.dll) started troubleshooting scenario {180b3a99-8c39-4f12-b631-2031998efe45}, instance {a269e566-e8d6-448a-9d97-c4633454882e}, original activity ID {00000000-0000-0000-0000-000000000000}."
"14-08-2026 18:37:04","100","Information","Microsoft-Windows-Diagnosis-DPS","Diagnostic module {45de1ea9-10bc-4f96-9b21-4b6b83dbf476} (%windir%\system32\radardt.dll) detected a problem for scenario {180b3a99-8c39-4f12-b631-2031998efe45}, instance {a269e566-e8d6-448a-9d97-c4633454882e}, original activity ID {00000000-0000-0000-0000-000000000000}."
"14-08-2026 18:32:04","105","Information","Microsoft-Windows-Diagnosis-DPS","Diagnostic module {45de1ea9-10bc-4f96-9b21-4b6b83dbf476} (%windir%\system32\radardt.dll) started troubleshooting scenario {180b3a99-8c39-4f12-b631-2031998efe45}, instance {ad37f696-43c6-440f-b31d-b6995c25b5db}, original activity ID {00000000-0000-0000-0000-000000000000}."
"14-08-2026 18:32:04","100","Information","Microsoft-Windows-Diagnosis-DPS","Diagnostic module {45de1ea9-10bc-4f96-9b21-4b6b83dbf476} (%windir%\system32\radardt.dll) detected a problem for scenario {180b3a99-8c39-4f12-b631-2031998efe45}, instance {ad37f696-43c6-440f-b31d-b6995c25b5db}, original activity ID {00000000-0000-0000-0000-000000000000}."
"14-08-2026 18:27:04","105","Information","Microsoft-Windows-Diagnosis-DPS","Diagnostic module {45de1ea9-10bc-4f96-9b21-4b6b83dbf476} (%windir%\system32\radardt.dll) started troubleshooting scenario {180b3a99-8c39-4f12-b631-2031998efe45}, instance {91d1316e-d4cc-4a6f-9c4c-fe48da490151}, original activity ID {00000000-0000-0000-0000-000000000000}."
"14-08-2026 18:27:04","100","Information","Microsoft-Windows-Diagnosis-DPS","Diagnostic module {45de1ea9-10bc-4f96-9b21-4b6b83dbf476} (%windir%\system32\radardt.dll) detected a problem for scenario {180b3a99-8c39-4f12-b631-2031998efe45}, instance {91d1316e-d4cc-4a6f-9c4c-fe48da490151}, original activity ID {00000000-0000-0000-0000-000000000000}."
"14-08-2026 18:22:04","105","Information","Microsoft-Windows-Diagnosis-DPS","Diagnostic module {45de1ea9-10bc-4f96-9b21-4b6b83dbf476} (%windir%\system32\radardt.dll) started troubleshooting scenario {180b3a99-8c39-4f12-b631-2031998efe45}, instance {74bb8b4c-3613-4d8c-b0b2-e43c8c114b88}, original activity ID {00000000-0000-0000-0000-000000000000}."
"14-08-2026 18:22:04","100","Information","Microsoft-Windows-Diagnosis-DPS","Diagnostic module {45de1ea9-10bc-4f96-9b21-4b6b83dbf476} (%windir%\system32\radardt.dll) detected a problem for scenario {180b3a99-8c39-4f12-b631-2031998efe45}, instance {74bb8b4c-3613-4d8c-b0b2-e43c8c114b88}, original activity ID {00000000-0000-0000-0000-000000000000}."
"14-08-2026 18:17:04","105","Information","Microsoft-Windows-Diagnosis-DPS","Diagnostic module {45de1ea9-10bc-4f96-9b21-4b6b83dbf476} (%windir%\system32\radardt.dll) started troubleshooting scenario {180b3a99-8c39-4f12-b631-2031998efe45}, instance {c898ff00-9ada-4607-9856-1882a2fa31e8}, original activity ID {00000000-0000-0000-0000-000000000000}."
"14-08-2026 18:17:04","100","Information","Microsoft-Windows-Diagnosis-DPS","Diagnostic module {45de1ea9-10bc-4f96-9b21-4b6b83dbf476} (%windir%\system32\radardt.dll) detected a problem for scenario {180b3a99-8c39-4f12-b631-2031998efe45}, instance {c898ff00-9ada-4607-9856-1882a2fa31e8}, original activity ID {00000000-0000-0000-0000-000000000000}."
"14-08-2026 18:12:04","105","Information","Microsoft-Windows-Diagnosis-DPS","Diagnostic module {45de1ea9-10bc-4f96-9b21-4b6b83dbf476} (%windir%\system32\radardt.dll) started troubleshooting scenario {180b3a99-8c39-4f12-b631-2031998efe45}, instance {ff8332a3-7604-4c6b-86cb-f8a176559602}, original activity ID {00000000-0000-0000-0000-000000000000}."
"14-08-2026 18:12:04","100","Information","Microsoft-Windows-Diagnosis-DPS","Diagnostic module {45de1ea9-10bc-4f96-9b21-4b6b83dbf476} (%windir%\system32\radardt.dll) detected a problem for scenario {180b3a99-8c39-4f12-b631-2031998efe45}, instance {ff8332a3-7604-4c6b-86cb-f8a176559602}, original activity ID {00000000-0000-0000-0000-000000000000}."
"14-08-2026 18:07:04","105","Information","Microsoft-Windows-Diagnosis-DPS","Diagnostic module {45de1ea9-10bc-4f96-9b21-4b6b83dbf476} (%windir%\system32\radardt.dll) started troubleshooting scenario {180b3a99-8c39-4f12-b631-2031998efe45}, instance {8b25456e-b6b5-4e95-86ca-cccf303039d2}, original activity ID {00000000-0000-0000-0000-000000000000}."
"14-08-2026 18:07:04","100","Information","Microsoft-Windows-Diagnosis-DPS","Diagnostic module {45de1ea9-10bc-4f96-9b21-4b6b83dbf476} (%windir%\system32\radardt.dll) detected a problem for scenario {180b3a99-8c39-4f12-b631-2031998efe45}, instance {8b25456e-b6b5-4e95-86ca-cccf303039d2}, original activity ID {00000000-0000-0000-0000-000000000000}."
"14-08-2026 18:02:04","105","Information","Microsoft-Windows-Diagnosis-DPS","Diagnostic module {45de1ea9-10bc-4f96-9b21-4b6b83dbf476} (%windir%\system32\radardt.dll) started troubleshooting scenario {180b3a99-8c39-4f12-b631-2031998efe45}, instance {50fddcdd-0d11-4a23-8657-a3a8b9118265}, original activity ID {00000000-0000-0000-0000-000000000000}."
"14-08-2026 18:02:04","100","Information","Microsoft-Windows-Diagnosis-DPS","Diagnostic module {45de1ea9-10bc-4f96-9b21-4b6b83dbf476} (%windir%\system32\radardt.dll) detected a problem for scenario {180b3a99-8c39-4f12-b631-2031998efe45}, instance {50fddcdd-0d11-4a23-8657-a3a8b9118265}, original activity ID {00000000-0000-0000-0000-000000000000}."
"14-08-2026 17:57:04","105","Information","Microsoft-Windows-Diagnosis-DPS","Diagnostic module {45de1ea9-10bc-4f96-9b21-4b6b83dbf476} (%windir%\system32\radardt.dll) started troubleshooting scenario {180b3a99-8c39-4f12-b631-2031998efe45}, instance {17b11276-83ab-4d2f-b3df-36943bea113b}, original activity ID {00000000-0000-0000-0000-000000000000}."
"14-08-2026 17:57:04","100","Information","Microsoft-Windows-Diagnosis-DPS","Diagnostic module {45de1ea9-10bc-4f96-9b21-4b6b83dbf476} (%windir%\system32\radardt.dll) detected a problem for scenario {180b3a99-8c39-4f12-b631-2031998efe45}, instance {17b11276-83ab-4d2f-b3df-36943bea113b}, original activity ID {00000000-0000-0000-0000-000000000000}."
"14-08-2026 17:52:04","105","Information","Microsoft-Windows-Diagnosis-DPS","Diagnostic module {45de1ea9-10bc-4f96-9b21-4b6b83dbf476} (%windir%\system32\radardt.dll) started troubleshooting scenario {180b3a99-8c39-4f12-b631-2031998efe45}, instance {95a7a8b1-9175-4a7d-acaa-3c1363793ac9}, original activity ID {00000000-0000-0000-0000-000000000000}."
"14-08-2026 17:52:04","100","Information","Microsoft-Windows-Diagnosis-DPS","Diagnostic module {45de1ea9-10bc-4f96-9b21-4b6b83dbf476} (%windir%\system32\radardt.dll) detected a problem for scenario {180b3a99-8c39-4f12-b631-2031998efe45}, instance {95a7a8b1-9175-4a7d-acaa-3c1363793ac9}, original activity ID {00000000-0000-0000-0000-000000000000}."
"14-08-2026 17:47:04","105","Information","Microsoft-Windows-Diagnosis-DPS","Diagnostic module {45de1ea9-10bc-4f96-9b21-4b6b83dbf476} (%windir%\system32\radardt.dll) started troubleshooting scenario {180b3a99-8c39-4f12-b631-2031998efe45}, instance {f1025ea4-7749-4901-9623-ef91fb036639}, original activity ID {00000000-0000-0000-0000-000000000000}."
"14-08-2026 17:47:04","100","Information","Microsoft-Windows-Diagnosis-DPS","Diagnostic module {45de1ea9-10bc-4f96-9b21-4b6b83dbf476} (%windir%\system32\radardt.dll) detected a problem for scenario {180b3a99-8c39-4f12-b631-2031998efe45}, instance {f1025ea4-7749-4901-9623-ef91fb036639}, original activity ID {00000000-0000-0000-0000-000000000000}."
"14-08-2026 17:42:04","105","Information","Microsoft-Windows-Diagnosis-DPS","Diagnostic module {45de1ea9-10bc-4f96-9b21-4b6b83dbf476} (%windir%\system32\radardt.dll) started troubleshooting scenario {180b3a99-8c39-4f12-b631-2031998efe45}, instance {64b73b17-8f37-473c-b88b-df3cd3020d5e}, original activity ID {00000000-0000-0000-0000-000000000000}."
"14-08-2026 17:42:04","100","Information","Microsoft-Windows-Diagnosis-DPS","Diagnostic module {45de1ea9-10bc-4f96-9b21-4b6b83dbf476} (%windir%\system32\radardt.dll) detected a problem for scenario {180b3a99-8c39-4f12-b631-2031998efe45}, instance {64b73b17-8f37-473c-b88b-df3cd3020d5e}, original activity ID {00000000-0000-0000-0000-000000000000}."
"14-08-2026 17:32:04","105","Information","Microsoft-Windows-Diagnosis-DPS","Diagnostic module {45de1ea9-10bc-4f96-9b21-4b6b83dbf476} (%windir%\system32\radardt.dll) started troubleshooting scenario {180b3a99-8c39-4f12-b631-2031998efe45}, instance {142e9b2a-cd52-40da-ac48-2758c0c36f2d}, original activity ID {00000000-0000-0000-0000-000000000000}."
"14-08-2026 17:32:04","100","Information","Microsoft-Windows-Diagnosis-DPS","Diagnostic module {45de1ea9-10bc-4f96-9b21-4b6b83dbf476} (%windir%\system32\radardt.dll) detected a problem for scenario {180b3a99-8c39-4f12-b631-2031998efe45}, instance {142e9b2a-cd52-40da-ac48-2758c0c36f2d}, original activity ID {00000000-0000-0000-0000-000000000000}."
"14-08-2026 17:27:04","105","Information","Microsoft-Windows-Diagnosis-DPS","Diagnostic module {45de1ea9-10bc-4f96-9b21-4b6b83dbf476} (%windir%\system32\radardt.dll) started troubleshooting scenario {180b3a99-8c39-4f12-b631-2031998efe45}, instance {2a038fc4-eb01-4190-8b5f-3041e4c4dc0f}, original activity ID {00000000-0000-0000-0000-000000000000}."
"14-08-2026 17:27:04","100","Information","Microsoft-Windows-Diagnosis-DPS","Diagnostic module {45de1ea9-10bc-4f96-9b21-4b6b83dbf476} (%windir%\system32\radardt.dll) detected a problem for scenario {180b3a99-8c39-4f12-b631-2031998efe45}, instance {2a038fc4-eb01-4190-8b5f-3041e4c4dc0f}, original activity ID {00000000-0000-0000-0000-000000000000}."
"14-08-2026 17:22:04","105","Information","Microsoft-Windows-Diagnosis-DPS","Diagnostic module {45de1ea9-10bc-4f96-9b21-4b6b83dbf476} (%windir%\system32\radardt.dll) started troubleshooting scenario {180b3a99-8c39-4f12-b631-2031998efe45}, instance {8d052942-87f6-4db7-895c-9e1263a5b0c9}, original activity ID {00000000-0000-0000-0000-000000000000}."
"14-08-2026 17:22:04","100","Information","Microsoft-Windows-Diagnosis-DPS","Diagnostic module {45de1ea9-10bc-4f96-9b21-4b6b83dbf476} (%windir%\system32\radardt.dll) detected a problem for scenario {180b3a99-8c39-4f12-b631-2031998efe45}, instance {8d052942-87f6-4db7-895c-9e1263a5b0c9}, original activity ID {00000000-0000-0000-0000-000000000000}."
"14-08-2026 17:17:04","105","Information","Microsoft-Windows-Diagnosis-DPS","Diagnostic module {45de1ea9-10bc-4f96-9b21-4b6b83dbf476} (%windir%\system32\radardt.dll) started troubleshooting scenario {180b3a99-8c39-4f12-b631-2031998efe45}, instance {f991f21b-59b9-44fd-b9d9-d5a3bc5cf28e}, original activity ID {00000000-0000-0000-0000-000000000000}."
"14-08-2026 17:17:04","100","Information","Microsoft-Windows-Diagnosis-DPS","Diagnostic module {45de1ea9-10bc-4f96-9b21-4b6b83dbf476} (%windir%\system32\radardt.dll) detected a problem for scenario {180b3a99-8c39-4f12-b631-2031998efe45}, instance {f991f21b-59b9-44fd-b9d9-d5a3bc5cf28e}, original activity ID {00000000-0000-0000-0000-000000000000}."
"14-08-2026 16:12:03","130","Information","Microsoft-Windows-Diagnosis-DPS","Diagnostic module {5ee64afb-398d-4edb-af71-3b830219abf7} (%windir%\system32\radarrs.dll) finished resolving scenario {180b3a99-8c39-4f12-b631-2031998efe45}, instance {68c3fe54-e5f5-4acf-a12b-52f3d4ff570a}, original activity ID {00000000-0000-0000-0000-000000000000}."
"14-08-2026 16:12:01","125","Information","Microsoft-Windows-Diagnosis-DPS","Diagnostic module {5ee64afb-398d-4edb-af71-3b830219abf7} (%windir%\system32\radarrs.dll) started resolving scenario {180b3a99-8c39-4f12-b631-2031998efe45}, instance {68c3fe54-e5f5-4acf-a12b-52f3d4ff570a}, original activity ID {00000000-0000-0000-0000-000000000000}."
"14-08-2026 16:12:00","115","Information","Microsoft-Windows-Diagnosis-DPS","Diagnostic module {45de1ea9-10bc-4f96-9b21-4b6b83dbf476} (%windir%\system32\radardt.dll) finished troubleshooting scenario {180b3a99-8c39-4f12-b631-2031998efe45}, instance {68c3fe54-e5f5-4acf-a12b-52f3d4ff570a}, original activity ID {00000000-0000-0000-0000-000000000000}.  It set resolution {5ee64afb-398d-4edb-af71-3b830219abf7} for user S-1-12-1-2357405129-1281513531-255772574-1816207334 in session 1 with expiration date ‎1601‎-‎01‎-‎01T00:00:00.000000000Z.  The resolution will be started immediately."
"14-08-2026 16:12:00","105","Information","Microsoft-Windows-Diagnosis-DPS","Diagnostic module {45de1ea9-10bc-4f96-9b21-4b6b83dbf476} (%windir%\system32\radardt.dll) started troubleshooting scenario {180b3a99-8c39-4f12-b631-2031998efe45}, instance {68c3fe54-e5f5-4acf-a12b-52f3d4ff570a}, original activity ID {00000000-0000-0000-0000-000000000000}."
"14-08-2026 16:12:00","100","Information","Microsoft-Windows-Diagnosis-DPS","Diagnostic module {45de1ea9-10bc-4f96-9b21-4b6b83dbf476} (%windir%\system32\radardt.dll) detected a problem for scenario {180b3a99-8c39-4f12-b631-2031998efe45}, instance {68c3fe54-e5f5-4acf-a12b-52f3d4ff570a}, original activity ID {00000000-0000-0000-0000-000000000000}."
"14-08-2026 16:07:00","105","Information","Microsoft-Windows-Diagnosis-DPS","Diagnostic module {45de1ea9-10bc-4f96-9b21-4b6b83dbf476} (%windir%\system32\radardt.dll) started troubleshooting scenario {180b3a99-8c39-4f12-b631-2031998efe45}, instance {56af893f-28de-4d7c-88a3-5c11b4085613}, original activity ID {00000000-0000-0000-0000-000000000000}."
"14-08-2026 16:07:00","100","Information","Microsoft-Windows-Diagnosis-DPS","Diagnostic module {45de1ea9-10bc-4f96-9b21-4b6b83dbf476} (%windir%\system32\radardt.dll) detected a problem for scenario {180b3a99-8c39-4f12-b631-2031998efe45}, instance {56af893f-28de-4d7c-88a3-5c11b4085613}, original activity ID {00000000-0000-0000-0000-000000000000}."
"14-08-2026 16:02:00","105","Information","Microsoft-Windows-Diagnosis-DPS","Diagnostic module {45de1ea9-10bc-4f96-9b21-4b6b83dbf476} (%windir%\system32\radardt.dll) started troubleshooting scenario {180b3a99-8c39-4f12-b631-2031998efe45}, instance {dad04d67-13b4-4619-8e2e-39e57f1bf7a6}, original activity ID {00000000-0000-0000-0000-000000000000}."
"14-08-2026 16:02:00","100","Information","Microsoft-Windows-Diagnosis-DPS","Diagnostic module {45de1ea9-10bc-4f96-9b21-4b6b83dbf476} (%windir%\system32\radardt.dll) detected a problem for scenario {180b3a99-8c39-4f12-b631-2031998efe45}, instance {dad04d67-13b4-4619-8e2e-39e57f1bf7a6}, original activity ID {00000000-0000-0000-0000-000000000000}."
"14-08-2026 15:57:00","105","Information","Microsoft-Windows-Diagnosis-DPS","Diagnostic module {45de1ea9-10bc-4f96-9b21-4b6b83dbf476} (%windir%\system32\radardt.dll) started troubleshooting scenario {180b3a99-8c39-4f12-b631-2031998efe45}, instance {5f14b06d-b9e7-4e3f-a072-f4e785570036}, original activity ID {00000000-0000-0000-0000-000000000000}."
"14-08-2026 15:57:00","100","Information","Microsoft-Windows-Diagnosis-DPS","Diagnostic module {45de1ea9-10bc-4f96-9b21-4b6b83dbf476} (%windir%\system32\radardt.dll) detected a problem for scenario {180b3a99-8c39-4f12-b631-2031998efe45}, instance {5f14b06d-b9e7-4e3f-a072-f4e785570036}, original activity ID {00000000-0000-0000-0000-000000000000}."
"14-08-2026 15:42:00","105","Information","Microsoft-Windows-Diagnosis-DPS","Diagnostic module {45de1ea9-10bc-4f96-9b21-4b6b83dbf476} (%windir%\system32\radardt.dll) started troubleshooting scenario {180b3a99-8c39-4f12-b631-2031998efe45}, instance {d91ad29d-fab9-4f86-a94a-5c97c6fdfaf5}, original activity ID {00000000-0000-0000-0000-000000000000}."
"14-08-2026 15:42:00","100","Information","Microsoft-Windows-Diagnosis-DPS","Diagnostic module {45de1ea9-10bc-4f96-9b21-4b6b83dbf476} (%windir%\system32\radardt.dll) detected a problem for scenario {180b3a99-8c39-4f12-b631-2031998efe45}, instance {d91ad29d-fab9-4f86-a94a-5c97c6fdfaf5}, original activity ID {00000000-0000-0000-0000-000000000000}."
"14-08-2026 15:37:00","105","Information","Microsoft-Windows-Diagnosis-DPS","Diagnostic module {45de1ea9-10bc-4f96-9b21-4b6b83dbf476} (%windir%\system32\radardt.dll) started troubleshooting scenario {180b3a99-8c39-4f12-b631-2031998efe45}, instance {3a92ca05-d414-4384-8a48-60583c90c096}, original activity ID {00000000-0000-0000-0000-000000000000}."
"14-08-2026 15:37:00","100","Information","Microsoft-Windows-Diagnosis-DPS","Diagnostic module {45de1ea9-10bc-4f96-9b21-4b6b83dbf476} (%windir%\system32\radardt.dll) detected a problem for scenario {180b3a99-8c39-4f12-b631-2031998efe45}, instance {3a92ca05-d414-4384-8a48-60583c90c096}, original activity ID {00000000-0000-0000-0000-000000000000}."
"14-08-2026 15:32:00","105","Information","Microsoft-Windows-Diagnosis-DPS","Diagnostic module {45de1ea9-10bc-4f96-9b21-4b6b83dbf476} (%windir%\system32\radardt.dll) started troubleshooting scenario {180b3a99-8c39-4f12-b631-2031998efe45}, instance {45e7d482-dcc4-4657-8c58-badb33603325}, original activity ID {00000000-0000-0000-0000-000000000000}."
"14-08-2026 15:32:00","100","Information","Microsoft-Windows-Diagnosis-DPS","Diagnostic module {45de1ea9-10bc-4f96-9b21-4b6b83dbf476} (%windir%\system32\radardt.dll) detected a problem for scenario {180b3a99-8c39-4f12-b631-2031998efe45}, instance {45e7d482-dcc4-4657-8c58-badb33603325}, original activity ID {00000000-0000-0000-0000-000000000000}."
"14-08-2026 15:27:00","105","Information","Microsoft-Windows-Diagnosis-DPS","Diagnostic module {45de1ea9-10bc-4f96-9b21-4b6b83dbf476} (%windir%\system32\radardt.dll) started troubleshooting scenario {180b3a99-8c39-4f12-b631-2031998efe45}, instance {2590fa45-63e8-462a-a2b4-a9dbbffeea43}, original activity ID {00000000-0000-0000-0000-000000000000}."
"14-08-2026 15:27:00","100","Information","Microsoft-Windows-Diagnosis-DPS","Diagnostic module {45de1ea9-10bc-4f96-9b21-4b6b83dbf476} (%windir%\system32\radardt.dll) detected a problem for scenario {180b3a99-8c39-4f12-b631-2031998efe45}, instance {2590fa45-63e8-462a-a2b4-a9dbbffeea43}, original activity ID {00000000-0000-0000-0000-000000000000}."
"14-08-2026 15:22:00","105","Information","Microsoft-Windows-Diagnosis-DPS","Diagnostic module {45de1ea9-10bc-4f96-9b21-4b6b83dbf476} (%windir%\system32\radardt.dll) started troubleshooting scenario {180b3a99-8c39-4f12-b631-2031998efe45}, instance {270209a9-aa48-4add-a884-87017e7642a9}, original activity ID {00000000-0000-0000-0000-000000000000}."
"14-08-2026 15:22:00","100","Information","Microsoft-Windows-Diagnosis-DPS","Diagnostic module {45de1ea9-10bc-4f96-9b21-4b6b83dbf476} (%windir%\system32\radardt.dll) detected a problem for scenario {180b3a99-8c39-4f12-b631-2031998efe45}, instance {270209a9-aa48-4add-a884-87017e7642a9}, original activity ID {00000000-0000-0000-0000-000000000000}."
