"19-08-2026 13:11:15","5858","Error","Microsoft-Windows-WMI-Activity","Id = {952E29DA-DF36-4486-9B3B-5E5B0524CFEE}; ClientMachine = LIND55MBVC4; User = ENTERPRISE\arjo5004; ClientProcessId = 29564; Component = Unknown; Operation = Start IWbemServices::GetObject - root\cimv2\mdm : \\.\ROOT\cimv2\mdm:MDM_ConfigSetting.SettingName=""BitsNetworCostFlags""; ResultCode = 0x80041003; PossibleCause = Unknown"
"19-08-2026 13:11:15","5858","Error","Microsoft-Windows-WMI-Activity","Id = {8876D231-CC71-47F5-BC82-BFDBF9911BA7}; ClientMachine = LIND55MBVC4; User = NT AUTHORITY\SYSTEM; ClientProcessId = 29564; Component = Unknown; Operation = Start IWbemServices::GetObject - root\cimv2\mdm : \\.\ROOT\cimv2\mdm:MDM_ConfigSetting.SettingName=""LockRequestIssued""; ResultCode = 0x80041002; PossibleCause = Unknown"
"19-08-2026 13:11:15","5858","Error","Microsoft-Windows-WMI-Activity","Id = {7B00F91A-E440-48FC-BED4-612BB93B0E76}; ClientMachine = LIND55MBVC4; User = NT AUTHORITY\SYSTEM; ClientProcessId = 29564; Component = Unknown; Operation = Start IWbemServices::GetObject - root\cimv2\mdm : \\.\ROOT\cimv2\mdm:MDM_ConfigSetting.SettingName=""UnenrollRequestIssued""; ResultCode = 0x80041002; PossibleCause = Unknown"
"19-08-2026 13:11:15","5857","Information","Microsoft-Windows-WMI-Activity","MDMSettingsProv provider started with result code 0x0. HostProcess = wmiprvse.exe; ProcessID = 6824; ProviderPath = %systemroot%\system32\wbem\MDMSettingsProv.dll"
"19-08-2026 13:10:26","5857","Information","Microsoft-Windows-WMI-Activity","Provider_DiagnosticsServices provider started with result code 0x0. HostProcess = wmiprvse.exe; ProcessID = 13204; ProviderPath = %systemroot%\system32\wbem\wmiprov.dll"
"19-08-2026 13:10:02","5857","Information","Microsoft-Windows-WMI-Activity","NetAdapterCim provider started with result code 0x0. HostProcess = wmiprvse.exe; ProcessID = 8372; ProviderPath = %systemroot%\system32\wbem\NetAdapterCim.dll"
"19-08-2026 13:09:32","5857","Information","Microsoft-Windows-WMI-Activity","Win32_EncryptableVolumeProvider provider started with result code 0x0. HostProcess = wmiprvse.exe; ProcessID = 7000; ProviderPath = C:\Windows\System32\wbem\Win32_EncryptableVolume.dll"
"19-08-2026 13:09:09","5857","Information","Microsoft-Windows-WMI-Activity","Provider_PlatformBios provider started with result code 0x0. HostProcess = wmiprvse.exe; ProcessID = 13204; ProviderPath = %systemroot%\system32\wbem\wmiprov.dll"
"19-08-2026 13:08:37","5857","Information","Microsoft-Windows-WMI-Activity","MSVDS__PROVIDER provider started with result code 0x0. HostProcess = wmiprvse.exe; ProcessID = 7000; ProviderPath = %systemroot%\system32\wbem\vdswmi.dll"
"19-08-2026 13:08:37","5858","Error","Microsoft-Windows-WMI-Activity","Id = {8DDB8154-A773-4C45-9E64-6B9E1FC65F31}; ClientMachine = LIND55MBVC4; User = NT AUTHORITY\SYSTEM; ClientProcessId = 7000; Component = Unknown; Operation = Start IWbemServices::CreateInstanceEnum - root\Microsoft\Windows\Storage\Providers_v2 : MSFT_PhysicalDisk; ResultCode = 0x80041033; PossibleCause = Unknown"
"19-08-2026 13:08:37","5857","Information","Microsoft-Windows-WMI-Activity","StorageWMI provider started with result code 0x0. HostProcess = wmiprvse.exe; ProcessID = 7000; ProviderPath = %SystemRoot%\System32\storagewmi.dll"
"19-08-2026 13:08:37","5857","Information","Microsoft-Windows-WMI-Activity","WMIProv provider started with result code 0x0. HostProcess = wmiprvse.exe; ProcessID = 6824; ProviderPath = %systemroot%\system32\wbem\wmiprov.dll"
"19-08-2026 13:08:32","5857","Information","Microsoft-Windows-WMI-Activity","Win32_EncryptableVolumeProvider provider started with result code 0x0. HostProcess = wmiprvse.exe; ProcessID = 7000; ProviderPath = C:\Windows\System32\wbem\Win32_EncryptableVolume.dll"
"19-08-2026 13:07:32","5857","Information","Microsoft-Windows-WMI-Activity","Win32_EncryptableVolumeProvider provider started with result code 0x0. HostProcess = wmiprvse.exe; ProcessID = 7000; ProviderPath = C:\Windows\System32\wbem\Win32_EncryptableVolume.dll"
"19-08-2026 13:06:32","5857","Information","Microsoft-Windows-WMI-Activity","Win32_EncryptableVolumeProvider provider started with result code 0x0. HostProcess = wmiprvse.exe; ProcessID = 7000; ProviderPath = C:\Windows\System32\wbem\Win32_EncryptableVolume.dll"
"19-08-2026 13:05:02","5857","Information","Microsoft-Windows-WMI-Activity","NetAdapterCim provider started with result code 0x0. HostProcess = wmiprvse.exe; ProcessID = 11544; ProviderPath = %systemroot%\system32\wbem\NetAdapterCim.dll"
"19-08-2026 13:04:32","5857","Information","Microsoft-Windows-WMI-Activity","Win32_EncryptableVolumeProvider provider started with result code 0x0. HostProcess = wmiprvse.exe; ProcessID = 7000; ProviderPath = C:\Windows\System32\wbem\Win32_EncryptableVolume.dll"
"19-08-2026 13:03:40","5857","Information","Microsoft-Windows-WMI-Activity","DMWmiBridgeProv1 provider started with result code 0x0. HostProcess = wmiprvse.exe; ProcessID = 6824; ProviderPath = %systemroot%\system32\wbem\DMWmiBridgeProv1.dll"
"19-08-2026 13:03:32","5857","Information","Microsoft-Windows-WMI-Activity","Win32_EncryptableVolumeProvider provider started with result code 0x0. HostProcess = wmiprvse.exe; ProcessID = 7000; ProviderPath = C:\Windows\System32\wbem\Win32_EncryptableVolume.dll"
"19-08-2026 13:02:15","5858","Error","Microsoft-Windows-WMI-Activity","Id = {67F26244-7FA1-4E17-9E00-11990CD9390C}; ClientMachine = LIND55MBVC4; User = NT AUTHORITY\SYSTEM; ClientProcessId = 18156; Component = Unknown; Operation = Start IWbemServices::ExecQuery - root\cimv2 : select ProcessId, ExecutablePath from Win32_Process where ProcessId = 8060; ResultCode = 0x80041032; PossibleCause = Unknown"
"19-08-2026 13:01:32","5857","Information","Microsoft-Windows-WMI-Activity","Win32_EncryptableVolumeProvider provider started with result code 0x0. HostProcess = wmiprvse.exe; ProcessID = 7000; ProviderPath = C:\Windows\System32\wbem\Win32_EncryptableVolume.dll"
"19-08-2026 13:00:32","5857","Information","Microsoft-Windows-WMI-Activity","Win32_TpmProvider provider started with result code 0x0. HostProcess = wmiprvse.exe; ProcessID = 7000; ProviderPath = C:\Windows\System32\wbem\Win32_TPM.dll"
"19-08-2026 13:00:02","5857","Information","Microsoft-Windows-WMI-Activity","NetAdapterCim provider started with result code 0x0. HostProcess = wmiprvse.exe; ProcessID = 1832; ProviderPath = %systemroot%\system32\wbem\NetAdapterCim.dll"
"19-08-2026 12:59:32","5857","Information","Microsoft-Windows-WMI-Activity","Win32_EncryptableVolumeProvider provider started with result code 0x0. HostProcess = wmiprvse.exe; ProcessID = 7000; ProviderPath = C:\Windows\System32\wbem\Win32_EncryptableVolume.dll"
"19-08-2026 12:59:28","5858","Error","Microsoft-Windows-WMI-Activity","Id = {95A7C3EF-6C72-4A02-B7A0-FC0FEFFADE5C}; ClientMachine = LIND55MBVC4; User = NT AUTHORITY\SYSTEM; ClientProcessId = 3760; Component = Unknown; Operation = Start IWbemServices::ExecQuery - ROOT\CIMV2 : SELECT * FROM Win32_PnPEntity Where deviceid Like '%PCI\\VEN_8086&DEV_7d1d&SUBSYS_0ce81028%&Rev%'; ResultCode = 0x80041032; PossibleCause = Throttling Idle Tasks, refer to CIMOM regkey: ArbTaskMaxIdle"
"19-08-2026 12:59:28","5858","Error","Microsoft-Windows-WMI-Activity","Id = {E54BB334-9D75-4DB0-A8DB-87DA0D2A58C7}; ClientMachine = LIND55MBVC4; User = NT AUTHORITY\SYSTEM; ClientProcessId = 3760; Component = Unknown; Operation = Start IWbemServices::ExecQuery - ROOT\CIMV2 : SELECT * FROM Win32_PnPEntity Where deviceid Like '%PCI\\VEN_8086&DEV_7d1d&SUBSYS_0ce81028%&Rev%'; ResultCode = 0x80041032; PossibleCause = Throttling Idle Tasks, refer to CIMOM regkey: ArbTaskMaxIdle"
"19-08-2026 12:59:28","5858","Error","Microsoft-Windows-WMI-Activity","Id = {B5FC2867-1AD8-4169-9623-FD69892C9FCF}; ClientMachine = LIND55MBVC4; User = NT AUTHORITY\SYSTEM; ClientProcessId = 3760; Component = Unknown; Operation = Start IWbemServices::ExecQuery - ROOT\CIMV2 : SELECT * FROM Win32_PnPEntity Where deviceid Like '%PCI\\VEN_8086&DEV_7d1d&SUBSYS_0ce81028%&Rev%'; ResultCode = 0x80041032; PossibleCause = Throttling Idle Tasks, refer to CIMOM regkey: ArbTaskMaxIdle"
"19-08-2026 12:59:28","5858","Error","Microsoft-Windows-WMI-Activity","Id = {D4E54A65-3914-46CA-B802-0FD733B56F0D}; ClientMachine = LIND55MBVC4; User = NT AUTHORITY\SYSTEM; ClientProcessId = 3760; Component = Unknown; Operation = Start IWbemServices::ExecQuery - ROOT\CIMV2 : SELECT * FROM Win32_PnPEntity Where deviceid Like '%PCI\\VEN_8086&DEV_7d1d&SUBSYS_0ce81028%&Rev%'; ResultCode = 0x80041032; PossibleCause = Throttling Idle Tasks, refer to CIMOM regkey: ArbTaskMaxIdle"
"19-08-2026 12:59:28","5858","Error","Microsoft-Windows-WMI-Activity","Id = {70B3F36C-E2EE-481E-B5BD-B6828FE54F5D}; ClientMachine = LIND55MBVC4; User = NT AUTHORITY\SYSTEM; ClientProcessId = 3760; Component = Unknown; Operation = Start IWbemServices::ExecQuery - ROOT\CIMV2 : SELECT * FROM Win32_PnPEntity Where deviceid Like '%PCI\\VEN_8086&DEV_7d1d&SUBSYS_0ce81028%&Rev%'; ResultCode = 0x80041032; PossibleCause = Throttling Idle Tasks, refer to CIMOM regkey: ArbTaskMaxIdle"
"19-08-2026 12:58:32","5857","Information","Microsoft-Windows-WMI-Activity","Win32_EncryptableVolumeProvider provider started with result code 0x0. HostProcess = wmiprvse.exe; ProcessID = 7000; ProviderPath = C:\Windows\System32\wbem\Win32_EncryptableVolume.dll"
"19-08-2026 12:57:32","5857","Information","Microsoft-Windows-WMI-Activity","Win32_EncryptableVolumeProvider provider started with result code 0x0. HostProcess = wmiprvse.exe; ProcessID = 7000; ProviderPath = C:\Windows\System32\wbem\Win32_EncryptableVolume.dll"
"19-08-2026 12:56:32","5857","Information","Microsoft-Windows-WMI-Activity","Win32_EncryptableVolumeProvider provider started with result code 0x0. HostProcess = wmiprvse.exe; ProcessID = 7000; ProviderPath = C:\Windows\System32\wbem\Win32_EncryptableVolume.dll"
"19-08-2026 12:55:24","5857","Information","Microsoft-Windows-WMI-Activity","Provider_DiagnosticsServices provider started with result code 0x0. HostProcess = wmiprvse.exe; ProcessID = 3716; ProviderPath = %systemroot%\system32\wbem\wmiprov.dll"
"19-08-2026 12:55:22","5858","Error","Microsoft-Windows-WMI-Activity","Id = {2814BF57-7CB6-4E20-ADC7-BBA8ACFFAEBC}; ClientMachine = LIND55MBVC4; User = NT AUTHORITY\SYSTEM; ClientProcessId = 3760; Component = Unknown; Operation = Start IWbemServices::ExecQuery - ROOT\CIMV2 : SELECT * FROM Win32_SystemDriver WHERE Name = 'BTHUSB'; ResultCode = 0x80041032; PossibleCause = Unknown"
"19-08-2026 12:55:17","5857","Information","Microsoft-Windows-WMI-Activity","Provider_PlatformBios provider started with result code 0x0. HostProcess = wmiprvse.exe; ProcessID = 3716; ProviderPath = %systemroot%\system32\wbem\wmiprov.dll"
"19-08-2026 12:55:02","5857","Information","Microsoft-Windows-WMI-Activity","NetAdapterCim provider started with result code 0x0. HostProcess = wmiprvse.exe; ProcessID = 23104; ProviderPath = %systemroot%\system32\wbem\NetAdapterCim.dll"
"19-08-2026 12:54:32","5857","Information","Microsoft-Windows-WMI-Activity","Win32_EncryptableVolumeProvider provider started with result code 0x0. HostProcess = wmiprvse.exe; ProcessID = 7000; ProviderPath = C:\Windows\System32\wbem\Win32_EncryptableVolume.dll"
"19-08-2026 12:54:09","5857","Information","Microsoft-Windows-WMI-Activity","Provider_PlatformBios provider started with result code 0x0. HostProcess = wmiprvse.exe; ProcessID = 3716; ProviderPath = %systemroot%\system32\wbem\wmiprov.dll"
"19-08-2026 12:53:37","5857","Information","Microsoft-Windows-WMI-Activity","MSVDS__PROVIDER provider started with result code 0x0. HostProcess = wmiprvse.exe; ProcessID = 7000; ProviderPath = %systemroot%\system32\wbem\vdswmi.dll"
"19-08-2026 12:53:37","5857","Information","Microsoft-Windows-WMI-Activity","StorageWMI provider started with result code 0x0. HostProcess = wmiprvse.exe; ProcessID = 7000; ProviderPath = %SystemRoot%\System32\storagewmi.dll"
"19-08-2026 12:53:37","5857","Information","Microsoft-Windows-WMI-Activity","WMIProv provider started with result code 0x0. HostProcess = wmiprvse.exe; ProcessID = 6824; ProviderPath = %systemroot%\system32\wbem\wmiprov.dll"
"19-08-2026 12:53:32","5857","Information","Microsoft-Windows-WMI-Activity","Win32_EncryptableVolumeProvider provider started with result code 0x0. HostProcess = wmiprvse.exe; ProcessID = 7000; ProviderPath = C:\Windows\System32\wbem\Win32_EncryptableVolume.dll"
"19-08-2026 12:52:31","5857","Information","Microsoft-Windows-WMI-Activity","Win32_EncryptableVolumeProvider provider started with result code 0x0. HostProcess = wmiprvse.exe; ProcessID = 7000; ProviderPath = C:\Windows\System32\wbem\Win32_EncryptableVolume.dll"
"19-08-2026 12:51:31","5857","Information","Microsoft-Windows-WMI-Activity","Win32_EncryptableVolumeProvider provider started with result code 0x0. HostProcess = wmiprvse.exe; ProcessID = 7000; ProviderPath = C:\Windows\System32\wbem\Win32_EncryptableVolume.dll"
"19-08-2026 12:50:02","5857","Information","Microsoft-Windows-WMI-Activity","NetAdapterCim provider started with result code 0x0. HostProcess = wmiprvse.exe; ProcessID = 31228; ProviderPath = %systemroot%\system32\wbem\NetAdapterCim.dll"
"19-08-2026 12:49:31","5857","Information","Microsoft-Windows-WMI-Activity","Win32_EncryptableVolumeProvider provider started with result code 0x0. HostProcess = wmiprvse.exe; ProcessID = 7000; ProviderPath = C:\Windows\System32\wbem\Win32_EncryptableVolume.dll"
"19-08-2026 12:48:31","5857","Information","Microsoft-Windows-WMI-Activity","Win32_EncryptableVolumeProvider provider started with result code 0x0. HostProcess = wmiprvse.exe; ProcessID = 7000; ProviderPath = C:\Windows\System32\wbem\Win32_EncryptableVolume.dll"
"19-08-2026 12:46:31","5857","Information","Microsoft-Windows-WMI-Activity","Win32_EncryptableVolumeProvider provider started with result code 0x0. HostProcess = wmiprvse.exe; ProcessID = 7000; ProviderPath = C:\Windows\System32\wbem\Win32_EncryptableVolume.dll"
"19-08-2026 12:45:02","5857","Information","Microsoft-Windows-WMI-Activity","NetAdapterCim provider started with result code 0x0. HostProcess = wmiprvse.exe; ProcessID = 20416; ProviderPath = %systemroot%\system32\wbem\NetAdapterCim.dll"
"19-08-2026 12:44:31","5857","Information","Microsoft-Windows-WMI-Activity","Win32_EncryptableVolumeProvider provider started with result code 0x0. HostProcess = wmiprvse.exe; ProcessID = 7000; ProviderPath = C:\Windows\System32\wbem\Win32_EncryptableVolume.dll"
"19-08-2026 12:44:27","5858","Error","Microsoft-Windows-WMI-Activity","Id = {B709E18A-EA21-4A83-BD9D-9ADEE28D9419}; ClientMachine = LIND55MBVC4; User = NT AUTHORITY\SYSTEM; ClientProcessId = 3760; Component = Unknown; Operation = Start IWbemServices::ExecQuery - ROOT\CIMV2 : SELECT * FROM Win32_PnPEntity Where deviceid Like '%PCI\\VEN_8086&DEV_7d1d&SUBSYS_0ce81028%&Rev%'; ResultCode = 0x80041032; PossibleCause = Throttling Idle Tasks, refer to CIMOM regkey: ArbTaskMaxIdle"
"19-08-2026 12:44:27","5858","Error","Microsoft-Windows-WMI-Activity","Id = {63D5F89A-DBAF-412F-A259-CB6C289234FF}; ClientMachine = LIND55MBVC4; User = NT AUTHORITY\SYSTEM; ClientProcessId = 3760; Component = Unknown; Operation = Start IWbemServices::ExecQuery - ROOT\CIMV2 : SELECT * FROM Win32_PnPEntity Where deviceid Like '%PCI\\VEN_8086&DEV_7d1d&SUBSYS_0ce81028%&Rev%'; ResultCode = 0x80041032; PossibleCause = Throttling Idle Tasks, refer to CIMOM regkey: ArbTaskMaxIdle"
"19-08-2026 12:44:27","5858","Error","Microsoft-Windows-WMI-Activity","Id = {6F07CD05-7BAB-4238-BF3C-EBB4B0183EF2}; ClientMachine = LIND55MBVC4; User = NT AUTHORITY\SYSTEM; ClientProcessId = 3760; Component = Unknown; Operation = Start IWbemServices::ExecQuery - ROOT\CIMV2 : SELECT * FROM Win32_PnPEntity Where deviceid Like '%PCI\\VEN_8086&DEV_7d1d&SUBSYS_0ce81028%&Rev%'; ResultCode = 0x80041032; PossibleCause = Throttling Idle Tasks, refer to CIMOM regkey: ArbTaskMaxIdle"
"19-08-2026 12:44:27","5858","Error","Microsoft-Windows-WMI-Activity","Id = {C2397D8B-6BCB-4F3A-A3AD-2931D570F6E1}; ClientMachine = LIND55MBVC4; User = NT AUTHORITY\SYSTEM; ClientProcessId = 3760; Component = Unknown; Operation = Start IWbemServices::ExecQuery - ROOT\CIMV2 : SELECT * FROM Win32_PnPEntity Where deviceid Like '%PCI\\VEN_8086&DEV_7d1d&SUBSYS_0ce81028%&Rev%'; ResultCode = 0x80041032; PossibleCause = Throttling Idle Tasks, refer to CIMOM regkey: ArbTaskMaxIdle"
"19-08-2026 12:44:27","5858","Error","Microsoft-Windows-WMI-Activity","Id = {60368109-930A-45FF-B939-E4DB4E3C0ADE}; ClientMachine = LIND55MBVC4; User = NT AUTHORITY\SYSTEM; ClientProcessId = 3760; Component = Unknown; Operation = Start IWbemServices::ExecQuery - ROOT\CIMV2 : SELECT * FROM Win32_PnPEntity Where deviceid Like '%PCI\\VEN_8086&DEV_7d1d&SUBSYS_0ce81028%&Rev%'; ResultCode = 0x80041032; PossibleCause = Throttling Idle Tasks, refer to CIMOM regkey: ArbTaskMaxIdle"
"19-08-2026 12:43:31","5857","Information","Microsoft-Windows-WMI-Activity","Win32_EncryptableVolumeProvider provider started with result code 0x0. HostProcess = wmiprvse.exe; ProcessID = 7000; ProviderPath = C:\Windows\System32\wbem\Win32_EncryptableVolume.dll"
"19-08-2026 12:42:31","5857","Information","Microsoft-Windows-WMI-Activity","Win32_EncryptableVolumeProvider provider started with result code 0x0. HostProcess = wmiprvse.exe; ProcessID = 7000; ProviderPath = C:\Windows\System32\wbem\Win32_EncryptableVolume.dll"
"19-08-2026 12:41:31","5857","Information","Microsoft-Windows-WMI-Activity","Win32_EncryptableVolumeProvider provider started with result code 0x0. HostProcess = wmiprvse.exe; ProcessID = 7000; ProviderPath = C:\Windows\System32\wbem\Win32_EncryptableVolume.dll"
"19-08-2026 12:40:21","5857","Information","Microsoft-Windows-WMI-Activity","Provider_DiagnosticsServices provider started with result code 0x0. HostProcess = wmiprvse.exe; ProcessID = 29304; ProviderPath = %systemroot%\system32\wbem\wmiprov.dll"
"19-08-2026 12:40:14","5857","Information","Microsoft-Windows-WMI-Activity","Provider_PlatformBios provider started with result code 0x0. HostProcess = wmiprvse.exe; ProcessID = 29304; ProviderPath = %systemroot%\system32\wbem\wmiprov.dll"
"19-08-2026 12:40:02","5857","Information","Microsoft-Windows-WMI-Activity","NetAdapterCim provider started with result code 0x0. HostProcess = wmiprvse.exe; ProcessID = 26532; ProviderPath = %systemroot%\system32\wbem\NetAdapterCim.dll"
"19-08-2026 12:39:31","5857","Information","Microsoft-Windows-WMI-Activity","Win32_EncryptableVolumeProvider provider started with result code 0x0. HostProcess = wmiprvse.exe; ProcessID = 7000; ProviderPath = C:\Windows\System32\wbem\Win32_EncryptableVolume.dll"
"19-08-2026 12:39:10","5857","Information","Microsoft-Windows-WMI-Activity","Provider_PlatformBios provider started with result code 0x0. HostProcess = wmiprvse.exe; ProcessID = 29304; ProviderPath = %systemroot%\system32\wbem\wmiprov.dll"
"19-08-2026 12:38:38","5857","Information","Microsoft-Windows-WMI-Activity","MSVDS__PROVIDER provider started with result code 0x0. HostProcess = wmiprvse.exe; ProcessID = 7000; ProviderPath = %systemroot%\system32\wbem\vdswmi.dll"
"19-08-2026 12:38:37","5857","Information","Microsoft-Windows-WMI-Activity","StorageWMI provider started with result code 0x0. HostProcess = wmiprvse.exe; ProcessID = 7000; ProviderPath = %SystemRoot%\System32\storagewmi.dll"
"19-08-2026 12:38:37","5857","Information","Microsoft-Windows-WMI-Activity","WMIProv provider started with result code 0x0. HostProcess = wmiprvse.exe; ProcessID = 6824; ProviderPath = %systemroot%\system32\wbem\wmiprov.dll"
"19-08-2026 12:38:31","5857","Information","Microsoft-Windows-WMI-Activity","Win32_EncryptableVolumeProvider provider started with result code 0x0. HostProcess = wmiprvse.exe; ProcessID = 7000; ProviderPath = C:\Windows\System32\wbem\Win32_EncryptableVolume.dll"
"19-08-2026 12:36:31","5857","Information","Microsoft-Windows-WMI-Activity","Win32_EncryptableVolumeProvider provider started with result code 0x0. HostProcess = wmiprvse.exe; ProcessID = 7000; ProviderPath = C:\Windows\System32\wbem\Win32_EncryptableVolume.dll"
"19-08-2026 12:35:02","5857","Information","Microsoft-Windows-WMI-Activity","NetAdapterCim provider started with result code 0x0. HostProcess = wmiprvse.exe; ProcessID = 27020; ProviderPath = %systemroot%\system32\wbem\NetAdapterCim.dll"
"19-08-2026 12:34:30","5857","Information","Microsoft-Windows-WMI-Activity","Win32_EncryptableVolumeProvider provider started with result code 0x0. HostProcess = wmiprvse.exe; ProcessID = 7000; ProviderPath = C:\Windows\System32\wbem\Win32_EncryptableVolume.dll"
"19-08-2026 12:33:30","5857","Information","Microsoft-Windows-WMI-Activity","Win32_EncryptableVolumeProvider provider started with result code 0x0. HostProcess = wmiprvse.exe; ProcessID = 7000; ProviderPath = C:\Windows\System32\wbem\Win32_EncryptableVolume.dll"
"19-08-2026 12:31:30","5857","Information","Microsoft-Windows-WMI-Activity","Win32_EncryptableVolumeProvider provider started with result code 0x0. HostProcess = wmiprvse.exe; ProcessID = 7000; ProviderPath = C:\Windows\System32\wbem\Win32_EncryptableVolume.dll"
"19-08-2026 12:30:02","5857","Information","Microsoft-Windows-WMI-Activity","NetAdapterCim provider started with result code 0x0. HostProcess = wmiprvse.exe; ProcessID = 31224; ProviderPath = %systemroot%\system32\wbem\NetAdapterCim.dll"
"19-08-2026 12:29:30","5857","Information","Microsoft-Windows-WMI-Activity","Win32_EncryptableVolumeProvider provider started with result code 0x0. HostProcess = wmiprvse.exe; ProcessID = 7000; ProviderPath = C:\Windows\System32\wbem\Win32_EncryptableVolume.dll"
"19-08-2026 12:29:27","5858","Error","Microsoft-Windows-WMI-Activity","Id = {F19514B5-4E6B-4FCB-BDD7-0867E5111FA7}; ClientMachine = LIND55MBVC4; User = NT AUTHORITY\SYSTEM; ClientProcessId = 3760; Component = Unknown; Operation = Start IWbemServices::ExecQuery - ROOT\CIMV2 : SELECT * FROM Win32_PnPEntity Where deviceid Like '%PCI\\VEN_8086&DEV_7d1d&SUBSYS_0ce81028%&Rev%'; ResultCode = 0x80041032; PossibleCause = Throttling Idle Tasks, refer to CIMOM regkey: ArbTaskMaxIdle"
"19-08-2026 12:29:27","5858","Error","Microsoft-Windows-WMI-Activity","Id = {C176CC15-6259-40F3-9CE0-BB025585D195}; ClientMachine = LIND55MBVC4; User = NT AUTHORITY\SYSTEM; ClientProcessId = 3760; Component = Unknown; Operation = Start IWbemServices::ExecQuery - ROOT\CIMV2 : SELECT * FROM Win32_PnPEntity Where deviceid Like '%PCI\\VEN_8086&DEV_7d1d&SUBSYS_0ce81028%&Rev%'; ResultCode = 0x80041032; PossibleCause = Throttling Idle Tasks, refer to CIMOM regkey: ArbTaskMaxIdle"
"19-08-2026 12:29:27","5858","Error","Microsoft-Windows-WMI-Activity","Id = {3EFD7269-1C09-4EDA-B054-289915CC8670}; ClientMachine = LIND55MBVC4; User = NT AUTHORITY\SYSTEM; ClientProcessId = 3760; Component = Unknown; Operation = Start IWbemServices::ExecQuery - ROOT\CIMV2 : SELECT * FROM Win32_PnPEntity Where deviceid Like '%PCI\\VEN_8086&DEV_7d1d&SUBSYS_0ce81028%&Rev%'; ResultCode = 0x80041032; PossibleCause = Throttling Idle Tasks, refer to CIMOM regkey: ArbTaskMaxIdle"
"19-08-2026 12:29:27","5858","Error","Microsoft-Windows-WMI-Activity","Id = {8472B1AE-0ADE-4BAB-903C-65C6604F354F}; ClientMachine = LIND55MBVC4; User = NT AUTHORITY\SYSTEM; ClientProcessId = 3760; Component = Unknown; Operation = Start IWbemServices::ExecQuery - ROOT\CIMV2 : SELECT * FROM Win32_PnPEntity Where deviceid Like '%PCI\\VEN_8086&DEV_7d1d&SUBSYS_0ce81028%&Rev%'; ResultCode = 0x80041032; PossibleCause = Throttling Idle Tasks, refer to CIMOM regkey: ArbTaskMaxIdle"
"19-08-2026 12:29:27","5858","Error","Microsoft-Windows-WMI-Activity","Id = {F22D82EC-0360-4C2E-8626-C7448285AAD3}; ClientMachine = LIND55MBVC4; User = NT AUTHORITY\SYSTEM; ClientProcessId = 3760; Component = Unknown; Operation = Start IWbemServices::ExecQuery - ROOT\CIMV2 : SELECT * FROM Win32_PnPEntity Where deviceid Like '%PCI\\VEN_8086&DEV_7d1d&SUBSYS_0ce81028%&Rev%'; ResultCode = 0x80041032; PossibleCause = Throttling Idle Tasks, refer to CIMOM regkey: ArbTaskMaxIdle"
"19-08-2026 12:28:30","5857","Information","Microsoft-Windows-WMI-Activity","Win32_EncryptableVolumeProvider provider started with result code 0x0. HostProcess = wmiprvse.exe; ProcessID = 7000; ProviderPath = C:\Windows\System32\wbem\Win32_EncryptableVolume.dll"
"19-08-2026 12:27:30","5857","Information","Microsoft-Windows-WMI-Activity","Win32_EncryptableVolumeProvider provider started with result code 0x0. HostProcess = wmiprvse.exe; ProcessID = 7000; ProviderPath = C:\Windows\System32\wbem\Win32_EncryptableVolume.dll"
"19-08-2026 12:26:30","5857","Information","Microsoft-Windows-WMI-Activity","Win32_EncryptableVolumeProvider provider started with result code 0x0. HostProcess = wmiprvse.exe; ProcessID = 7000; ProviderPath = C:\Windows\System32\wbem\Win32_EncryptableVolume.dll"
"19-08-2026 12:25:18","5857","Information","Microsoft-Windows-WMI-Activity","Provider_DiagnosticsServices provider started with result code 0x0. HostProcess = wmiprvse.exe; ProcessID = 29504; ProviderPath = %systemroot%\system32\wbem\wmiprov.dll"
"19-08-2026 12:25:14","5858","Error","Microsoft-Windows-WMI-Activity","Id = {1EDA1EC3-E634-40DD-9ED0-5B35502A8EA1}; ClientMachine = LIND55MBVC4; User = NT AUTHORITY\SYSTEM; ClientProcessId = 3760; Component = Unknown; Operation = Start IWbemServices::ExecQuery - ROOT\CIMV2 : SELECT * FROM Win32_SystemDriver WHERE Name = 'BTHUSB'; ResultCode = 0x80041032; PossibleCause = Unknown"
"19-08-2026 12:25:11","5857","Information","Microsoft-Windows-WMI-Activity","Provider_PlatformBios provider started with result code 0x0. HostProcess = wmiprvse.exe; ProcessID = 29504; ProviderPath = %systemroot%\system32\wbem\wmiprov.dll"
"19-08-2026 12:25:02","5857","Information","Microsoft-Windows-WMI-Activity","NetAdapterCim provider started with result code 0x0. HostProcess = wmiprvse.exe; ProcessID = 18784; ProviderPath = %systemroot%\system32\wbem\NetAdapterCim.dll"
"19-08-2026 12:24:30","5857","Information","Microsoft-Windows-WMI-Activity","Win32_EncryptableVolumeProvider provider started with result code 0x0. HostProcess = wmiprvse.exe; ProcessID = 7000; ProviderPath = C:\Windows\System32\wbem\Win32_EncryptableVolume.dll"
"19-08-2026 12:24:09","5857","Information","Microsoft-Windows-WMI-Activity","Provider_PlatformBios provider started with result code 0x0. HostProcess = wmiprvse.exe; ProcessID = 29504; ProviderPath = %systemroot%\system32\wbem\wmiprov.dll"
"19-08-2026 12:23:37","5857","Information","Microsoft-Windows-WMI-Activity","MSVDS__PROVIDER provider started with result code 0x0. HostProcess = wmiprvse.exe; ProcessID = 7000; ProviderPath = %systemroot%\system32\wbem\vdswmi.dll"
"19-08-2026 12:23:37","5857","Information","Microsoft-Windows-WMI-Activity","StorageWMI provider started with result code 0x0. HostProcess = wmiprvse.exe; ProcessID = 7000; ProviderPath = %SystemRoot%\System32\storagewmi.dll"
"19-08-2026 12:23:30","5857","Information","Microsoft-Windows-WMI-Activity","Win32_EncryptableVolumeProvider provider started with result code 0x0. HostProcess = wmiprvse.exe; ProcessID = 7000; ProviderPath = C:\Windows\System32\wbem\Win32_EncryptableVolume.dll"
"19-08-2026 12:22:30","5857","Information","Microsoft-Windows-WMI-Activity","Win32_EncryptableVolumeProvider provider started with result code 0x0. HostProcess = wmiprvse.exe; ProcessID = 7000; ProviderPath = C:\Windows\System32\wbem\Win32_EncryptableVolume.dll"
"19-08-2026 12:21:30","5857","Information","Microsoft-Windows-WMI-Activity","Win32_EncryptableVolumeProvider provider started with result code 0x0. HostProcess = wmiprvse.exe; ProcessID = 7000; ProviderPath = C:\Windows\System32\wbem\Win32_EncryptableVolume.dll"
"19-08-2026 12:20:02","5857","Information","Microsoft-Windows-WMI-Activity","NetAdapterCim provider started with result code 0x0. HostProcess = wmiprvse.exe; ProcessID = 28784; ProviderPath = %systemroot%\system32\wbem\NetAdapterCim.dll"
"19-08-2026 12:19:30","5857","Information","Microsoft-Windows-WMI-Activity","Win32_EncryptableVolumeProvider provider started with result code 0x0. HostProcess = wmiprvse.exe; ProcessID = 7000; ProviderPath = C:\Windows\System32\wbem\Win32_EncryptableVolume.dll"
"19-08-2026 12:18:34","5857","Information","Microsoft-Windows-WMI-Activity","WMIProv provider started with result code 0x0. HostProcess = wmiprvse.exe; ProcessID = 6824; ProviderPath = %systemroot%\system32\wbem\wmiprov.dll"
"19-08-2026 12:18:32","5857","Information","Microsoft-Windows-WMI-Activity","WMIProv provider started with result code 0x0. HostProcess = wmiprvse.exe; ProcessID = 6824; ProviderPath = %systemroot%\system32\wbem\wmiprov.dll"
"19-08-2026 12:18:30","5860","Information","Microsoft-Windows-WMI-Activity","Namespace = root\cimv2; NotificationQuery = select * from RegistryValueChangeEvent where Hive='HKEY_USERS' AND KeyPath='S-1-12-1-2357405129-1281513531-255772574-1816207334\\Software\\Microsoft\\Windows\\CurrentVersion\\Internet Settings' AND ValueName='ProxyEnable'; UserName = ENTERPRISE\arjo5004; ClientProcessID = 17568, ClientMachine = LIND55MBVC4; PossibleCause = Temporary"
"19-08-2026 12:18:30","5860","Information","Microsoft-Windows-WMI-Activity","Namespace = root\cimv2; NotificationQuery = select * from RegistryValueChangeEvent where Hive='HKEY_USERS' AND KeyPath='S-1-12-1-2357405129-1281513531-255772574-1816207334\\Software\\Microsoft\\Windows\\CurrentVersion\\Internet Settings' AND ValueName='ProxyServer'; UserName = ENTERPRISE\arjo5004; ClientProcessID = 17568, ClientMachine = LIND55MBVC4; PossibleCause = Temporary"
"19-08-2026 12:18:30","5858","Error","Microsoft-Windows-WMI-Activity","Id = {4762C949-AB04-4500-8F48-33AAE1D614FE}; ClientMachine = LIND55MBVC4; User = ENTERPRISE\arjo5004; ClientProcessId = 17568; Component = Unknown; Operation = Start IWbemServices::ExecNotificationQuery - root\cimv2 : select * from RegistryValueChangeEvent where Hive='HKEY_USERS' AND KeyPath='S-1-12-1-2357405129-1281513531-255772574-1816207334\\Software\\Microsoft\\Windows\\CurrentVersion\\Internet Settings' AND ValueName='ProxyEnable'; ResultCode = 0x80041032; PossibleCause = Unknown"
"19-08-2026 12:18:30","5858","Error","Microsoft-Windows-WMI-Activity","Id = {45DF3FF5-4B73-4595-919B-1FF072E88DE9}; ClientMachine = LIND55MBVC4; User = ENTERPRISE\arjo5004; ClientProcessId = 17568; Component = Unknown; Operation = Start IWbemServices::ExecNotificationQuery - root\cimv2 : select * from RegistryValueChangeEvent where Hive='HKEY_USERS' AND KeyPath='S-1-12-1-2357405129-1281513531-255772574-1816207334\\Software\\Microsoft\\Windows\\CurrentVersion\\Internet Settings' AND ValueName='ProxyServer'; ResultCode = 0x80041032; PossibleCause = Unknown"
"19-08-2026 12:18:30","5857","Information","Microsoft-Windows-WMI-Activity","VpnClientPSProvider provider started with result code 0x0. HostProcess = wmiprvse.exe; ProcessID = 7000; ProviderPath = %SYSTEMROOT%\System32\wbem\vpnclientpsprovider.dll"
"19-08-2026 12:18:29","5860","Information","Microsoft-Windows-WMI-Activity","Namespace = root\cimv2; NotificationQuery = SELECT * FROM RegistryValueChangeEvent WHERE Hive = 'HKEY_LOCAL_MACHINE' AND KeyPath = 'SOFTWARE\\Cirrus Logic\\Tunings\\DigitalAudioDisplayDevice' AND ValueName='CLABP_BLOCKED'; UserName = ENTERPRISE\arjo5004; ClientProcessID = 8692, ClientMachine = LIND55MBVC4; PossibleCause = Temporary"
"19-08-2026 12:17:49","5857","Information","Microsoft-Windows-WMI-Activity","Win32_EncryptableVolumeProvider provider started with result code 0x0. HostProcess = wmiprvse.exe; ProcessID = 7000; ProviderPath = C:\Windows\System32\wbem\Win32_EncryptableVolume.dll"
"19-08-2026 12:16:49","5857","Information","Microsoft-Windows-WMI-Activity","Win32_EncryptableVolumeProvider provider started with result code 0x0. HostProcess = wmiprvse.exe; ProcessID = 7000; ProviderPath = C:\Windows\System32\wbem\Win32_EncryptableVolume.dll"
"19-08-2026 12:15:49","5857","Information","Microsoft-Windows-WMI-Activity","Win32_EncryptableVolumeProvider provider started with result code 0x0. HostProcess = wmiprvse.exe; ProcessID = 7000; ProviderPath = C:\Windows\System32\wbem\Win32_EncryptableVolume.dll"
"19-08-2026 12:15:02","5857","Information","Microsoft-Windows-WMI-Activity","NetAdapterCim provider started with result code 0x0. HostProcess = wmiprvse.exe; ProcessID = 19736; ProviderPath = %systemroot%\system32\wbem\NetAdapterCim.dll"
"19-08-2026 12:14:49","5857","Information","Microsoft-Windows-WMI-Activity","Win32_EncryptableVolumeProvider provider started with result code 0x0. HostProcess = wmiprvse.exe; ProcessID = 7000; ProviderPath = C:\Windows\System32\wbem\Win32_EncryptableVolume.dll"
"19-08-2026 12:14:27","5858","Error","Microsoft-Windows-WMI-Activity","Id = {3E7F5B3E-F9A0-4E96-8649-1E1CD4DF6D8F}; ClientMachine = LIND55MBVC4; User = NT AUTHORITY\SYSTEM; ClientProcessId = 3760; Component = Unknown; Operation = Start IWbemServices::ExecQuery - ROOT\CIMV2 : SELECT * FROM Win32_PnPEntity Where deviceid Like '%PCI\\VEN_8086&DEV_7d1d&SUBSYS_0ce81028%&Rev%'; ResultCode = 0x80041032; PossibleCause = Throttling Idle Tasks, refer to CIMOM regkey: ArbTaskMaxIdle"
"19-08-2026 12:14:27","5858","Error","Microsoft-Windows-WMI-Activity","Id = {53DA4631-86C1-4C1A-AE5F-90E5F53E76CD}; ClientMachine = LIND55MBVC4; User = NT AUTHORITY\SYSTEM; ClientProcessId = 3760; Component = Unknown; Operation = Start IWbemServices::ExecQuery - ROOT\CIMV2 : SELECT * FROM Win32_PnPEntity Where deviceid Like '%PCI\\VEN_8086&DEV_7d1d&SUBSYS_0ce81028%&Rev%'; ResultCode = 0x80041032; PossibleCause = Throttling Idle Tasks, refer to CIMOM regkey: ArbTaskMaxIdle"
"19-08-2026 12:14:27","5858","Error","Microsoft-Windows-WMI-Activity","Id = {24F42ADB-976E-4DF2-AE6F-E53B91B851D7}; ClientMachine = LIND55MBVC4; User = NT AUTHORITY\SYSTEM; ClientProcessId = 3760; Component = Unknown; Operation = Start IWbemServices::ExecQuery - ROOT\CIMV2 : SELECT * FROM Win32_PnPEntity Where deviceid Like '%PCI\\VEN_8086&DEV_7d1d&SUBSYS_0ce81028%&Rev%'; ResultCode = 0x80041032; PossibleCause = Throttling Idle Tasks, refer to CIMOM regkey: ArbTaskMaxIdle"
"19-08-2026 12:14:27","5858","Error","Microsoft-Windows-WMI-Activity","Id = {4DB80E99-41E0-41CA-9537-7416CB1A6779}; ClientMachine = LIND55MBVC4; User = NT AUTHORITY\SYSTEM; ClientProcessId = 3760; Component = Unknown; Operation = Start IWbemServices::ExecQuery - ROOT\CIMV2 : SELECT * FROM Win32_PnPEntity Where deviceid Like '%PCI\\VEN_8086&DEV_7d1d&SUBSYS_0ce81028%&Rev%'; ResultCode = 0x80041032; PossibleCause = Throttling Idle Tasks, refer to CIMOM regkey: ArbTaskMaxIdle"
"19-08-2026 12:14:27","5858","Error","Microsoft-Windows-WMI-Activity","Id = {9C84FA5D-141C-4378-AD6A-DB973F97F6EA}; ClientMachine = LIND55MBVC4; User = NT AUTHORITY\SYSTEM; ClientProcessId = 3760; Component = Unknown; Operation = Start IWbemServices::ExecQuery - ROOT\CIMV2 : SELECT * FROM Win32_PnPEntity Where deviceid Like '%PCI\\VEN_8086&DEV_7d1d&SUBSYS_0ce81028%&Rev%'; ResultCode = 0x80041032; PossibleCause = Throttling Idle Tasks, refer to CIMOM regkey: ArbTaskMaxIdle"
"19-08-2026 12:13:49","5857","Information","Microsoft-Windows-WMI-Activity","Win32_EncryptableVolumeProvider provider started with result code 0x0. HostProcess = wmiprvse.exe; ProcessID = 7000; ProviderPath = C:\Windows\System32\wbem\Win32_EncryptableVolume.dll"
"19-08-2026 12:12:49","5857","Information","Microsoft-Windows-WMI-Activity","Win32_EncryptableVolumeProvider provider started with result code 0x0. HostProcess = wmiprvse.exe; ProcessID = 7000; ProviderPath = C:\Windows\System32\wbem\Win32_EncryptableVolume.dll"
"19-08-2026 12:11:49","5857","Information","Microsoft-Windows-WMI-Activity","Win32_EncryptableVolumeProvider provider started with result code 0x0. HostProcess = wmiprvse.exe; ProcessID = 7000; ProviderPath = C:\Windows\System32\wbem\Win32_EncryptableVolume.dll"
"19-08-2026 12:10:49","5857","Information","Microsoft-Windows-WMI-Activity","Win32_EncryptableVolumeProvider provider started with result code 0x0. HostProcess = wmiprvse.exe; ProcessID = 7000; ProviderPath = C:\Windows\System32\wbem\Win32_EncryptableVolume.dll"
"19-08-2026 12:10:15","5857","Information","Microsoft-Windows-WMI-Activity","Provider_DiagnosticsServices provider started with result code 0x0. HostProcess = wmiprvse.exe; ProcessID = 28512; ProviderPath = %systemroot%\system32\wbem\wmiprov.dll"
"19-08-2026 12:10:02","5857","Information","Microsoft-Windows-WMI-Activity","NetAdapterCim provider started with result code 0x0. HostProcess = wmiprvse.exe; ProcessID = 2888; ProviderPath = %systemroot%\system32\wbem\NetAdapterCim.dll"
"19-08-2026 12:09:48","5857","Information","Microsoft-Windows-WMI-Activity","Win32_EncryptableVolumeProvider provider started with result code 0x0. HostProcess = wmiprvse.exe; ProcessID = 7000; ProviderPath = C:\Windows\System32\wbem\Win32_EncryptableVolume.dll"
"19-08-2026 12:09:09","5857","Information","Microsoft-Windows-WMI-Activity","Provider_PlatformBios provider started with result code 0x0. HostProcess = wmiprvse.exe; ProcessID = 28512; ProviderPath = %systemroot%\system32\wbem\wmiprov.dll"
"19-08-2026 12:08:37","5857","Information","Microsoft-Windows-WMI-Activity","MSVDS__PROVIDER provider started with result code 0x0. HostProcess = wmiprvse.exe; ProcessID = 7000; ProviderPath = %systemroot%\system32\wbem\vdswmi.dll"
"19-08-2026 12:08:37","5857","Information","Microsoft-Windows-WMI-Activity","StorageWMI provider started with result code 0x0. HostProcess = wmiprvse.exe; ProcessID = 7000; ProviderPath = %SystemRoot%\System32\storagewmi.dll"
"19-08-2026 12:07:48","5857","Information","Microsoft-Windows-WMI-Activity","Win32_EncryptableVolumeProvider provider started with result code 0x0. HostProcess = wmiprvse.exe; ProcessID = 7000; ProviderPath = C:\Windows\System32\wbem\Win32_EncryptableVolume.dll"
"19-08-2026 12:06:48","5857","Information","Microsoft-Windows-WMI-Activity","Win32_EncryptableVolumeProvider provider started with result code 0x0. HostProcess = wmiprvse.exe; ProcessID = 7000; ProviderPath = C:\Windows\System32\wbem\Win32_EncryptableVolume.dll"
"19-08-2026 12:05:48","5857","Information","Microsoft-Windows-WMI-Activity","Win32_EncryptableVolumeProvider provider started with result code 0x0. HostProcess = wmiprvse.exe; ProcessID = 7000; ProviderPath = C:\Windows\System32\wbem\Win32_EncryptableVolume.dll"
"19-08-2026 12:05:02","5857","Information","Microsoft-Windows-WMI-Activity","NetAdapterCim provider started with result code 0x0. HostProcess = wmiprvse.exe; ProcessID = 6128; ProviderPath = %systemroot%\system32\wbem\NetAdapterCim.dll"
"19-08-2026 12:04:48","5857","Information","Microsoft-Windows-WMI-Activity","Win32_EncryptableVolumeProvider provider started with result code 0x0. HostProcess = wmiprvse.exe; ProcessID = 7000; ProviderPath = C:\Windows\System32\wbem\Win32_EncryptableVolume.dll"
"19-08-2026 12:03:48","5857","Information","Microsoft-Windows-WMI-Activity","Win32_EncryptableVolumeProvider provider started with result code 0x0. HostProcess = wmiprvse.exe; ProcessID = 7000; ProviderPath = C:\Windows\System32\wbem\Win32_EncryptableVolume.dll"
"19-08-2026 12:02:48","5857","Information","Microsoft-Windows-WMI-Activity","Win32_EncryptableVolumeProvider provider started with result code 0x0. HostProcess = wmiprvse.exe; ProcessID = 7000; ProviderPath = C:\Windows\System32\wbem\Win32_EncryptableVolume.dll"
"19-08-2026 12:01:48","5857","Information","Microsoft-Windows-WMI-Activity","smbwmiv2 provider started with result code 0x0. HostProcess = wmiprvse.exe; ProcessID = 7000; ProviderPath = %SystemRoot%\System32\smbwmiv2.dll"
"19-08-2026 12:01:45","5857","Information","Microsoft-Windows-WMI-Activity","CIMWin32a provider started with result code 0x0. HostProcess = wmiprvse.exe; ProcessID = 7000; ProviderPath = %systemroot%\system32\wbem\wmipcima.dll"
"19-08-2026 12:01:44","5857","Information","Microsoft-Windows-WMI-Activity","Win32_TpmProvider provider started with result code 0x0. HostProcess = wmiprvse.exe; ProcessID = 7000; ProviderPath = C:\Windows\System32\wbem\Win32_TPM.dll"
"19-08-2026 12:01:43","5857","Information","Microsoft-Windows-WMI-Activity","SystemRestoreProv provider started with result code 0x0. HostProcess = wmiprvse.exe; ProcessID = 7000; ProviderPath = %SystemRoot%\system32\srwmi.dll"
"19-08-2026 12:01:35","5857","Information","Microsoft-Windows-WMI-Activity","StorageWMI provider started with result code 0x0. HostProcess = wmiprvse.exe; ProcessID = 7000; ProviderPath = %SystemRoot%\System32\storagewmi.dll"
"19-08-2026 12:01:34","5857","Information","Microsoft-Windows-WMI-Activity","DMWmiBridgeProv1 provider started with result code 0x0. HostProcess = wmiprvse.exe; ProcessID = 6824; ProviderPath = %systemroot%\system32\wbem\DMWmiBridgeProv1.dll"
"19-08-2026 12:01:32","5858","Error","Microsoft-Windows-WMI-Activity","Id = {FD05341E-F6FC-4087-BDFD-B3A52742BED1}; ClientMachine = LIND55MBVC4; User = NT AUTHORITY\SYSTEM; ClientProcessId = 29012; Component = Unknown; Operation = Start IWbemServices::ExecQuery - root\cimv2 : SELECT * FROM Win32_Volume WHERE DriveLetter = ""C:""; ResultCode = 0x80041032; PossibleCause = Unknown"
"19-08-2026 12:01:32","5857","Information","Microsoft-Windows-WMI-Activity","MSVDS__PROVIDER provider started with result code 0x0. HostProcess = wmiprvse.exe; ProcessID = 7000; ProviderPath = %systemroot%\system32\wbem\vdswmi.dll"
"19-08-2026 12:01:32","5858","Error","Microsoft-Windows-WMI-Activity","Id = {F3F18721-AC81-4B15-B1AC-72A0A7707C30}; ClientMachine = LIND55MBVC4; User = NT AUTHORITY\SYSTEM; ClientProcessId = 29012; Component = Unknown; Operation = Start IWbemServices::ExecQuery - root\cimv2\security\microsoftvolumeencryption : SELECT * FROM Win32_EncryptableVolume WHERE DriveLetter = ""C:""; ResultCode = 0x80041032; PossibleCause = Unknown"
"19-08-2026 12:01:19","5857","Information","Microsoft-Windows-WMI-Activity","IntelMEProv provider started with result code 0x0. HostProcess = wmiprvse.exe; ProcessID = 8372; ProviderPath = %SystemRoot%\System32\DriverStore\FileRepository\mewmiprov.inf_amd64_92a56761ef7ba712\MEProv.dll"
"19-08-2026 12:01:17","5857","Information","Microsoft-Windows-WMI-Activity","Provider_DiagnosticsServices provider started with result code 0x0. HostProcess = wmiprvse.exe; ProcessID = 30868; ProviderPath = %systemroot%\system32\wbem\wmiprov.dll"
"19-08-2026 12:01:08","5857","Information","Microsoft-Windows-WMI-Activity","Provider_PlatformBios provider started with result code 0x0. HostProcess = wmiprvse.exe; ProcessID = 30868; ProviderPath = %systemroot%\system32\wbem\wmiprov.dll"
"19-08-2026 12:00:48","5857","Information","Microsoft-Windows-WMI-Activity","Win32_EncryptableVolumeProvider provider started with result code 0x0. HostProcess = wmiprvse.exe; ProcessID = 7000; ProviderPath = C:\Windows\System32\wbem\Win32_EncryptableVolume.dll"
"19-08-2026 12:00:09","5857","Information","Microsoft-Windows-WMI-Activity","Provider_PlatformBios provider started with result code 0x0. HostProcess = wmiprvse.exe; ProcessID = 30868; ProviderPath = %systemroot%\system32\wbem\wmiprov.dll"
"19-08-2026 12:00:02","5857","Information","Microsoft-Windows-WMI-Activity","NetAdapterCim provider started with result code 0x0. HostProcess = wmiprvse.exe; ProcessID = 9776; ProviderPath = %systemroot%\system32\wbem\NetAdapterCim.dll"
"19-08-2026 11:59:48","5857","Information","Microsoft-Windows-WMI-Activity","Win32_EncryptableVolumeProvider provider started with result code 0x0. HostProcess = wmiprvse.exe; ProcessID = 7000; ProviderPath = C:\Windows\System32\wbem\Win32_EncryptableVolume.dll"
"19-08-2026 11:59:18","5858","Error","Microsoft-Windows-WMI-Activity","Id = {579559F7-3CF3-4418-B46A-B5BEF3BEE404}; ClientMachine = LIND55MBVC4; User = NT AUTHORITY\SYSTEM; ClientProcessId = 3760; Component = Unknown; Operation = Start IWbemServices::ExecQuery - ROOT\CIMV2 : SELECT * FROM Win32_PnPEntity Where deviceid Like '%PCI\\VEN_8086&DEV_7d1d&SUBSYS_0ce81028%&Rev%'; ResultCode = 0x80041032; PossibleCause = Throttling Idle Tasks, refer to CIMOM regkey: ArbTaskMaxIdle"
"19-08-2026 11:59:18","5858","Error","Microsoft-Windows-WMI-Activity","Id = {61BF2846-FB0E-4328-B8FA-4288FD148F2B}; ClientMachine = LIND55MBVC4; User = NT AUTHORITY\SYSTEM; ClientProcessId = 3760; Component = Unknown; Operation = Start IWbemServices::ExecQuery - ROOT\CIMV2 : SELECT * FROM Win32_PnPEntity Where deviceid Like '%PCI\\VEN_8086&DEV_7d1d&SUBSYS_0ce81028%&Rev%'; ResultCode = 0x80041032; PossibleCause = Throttling Idle Tasks, refer to CIMOM regkey: ArbTaskMaxIdle"
"19-08-2026 11:59:18","5858","Error","Microsoft-Windows-WMI-Activity","Id = {F274FA2F-F374-498A-8840-A9E2B0076A75}; ClientMachine = LIND55MBVC4; User = NT AUTHORITY\SYSTEM; ClientProcessId = 3760; Component = Unknown; Operation = Start IWbemServices::ExecQuery - ROOT\CIMV2 : SELECT * FROM Win32_PnPEntity Where deviceid Like '%PCI\\VEN_8086&DEV_7d1d&SUBSYS_0ce81028%&Rev%'; ResultCode = 0x80041032; PossibleCause = Throttling Idle Tasks, refer to CIMOM regkey: ArbTaskMaxIdle"
"19-08-2026 11:59:17","5858","Error","Microsoft-Windows-WMI-Activity","Id = {6C870405-200A-486D-9B71-1498513874CF}; ClientMachine = LIND55MBVC4; User = NT AUTHORITY\SYSTEM; ClientProcessId = 3760; Component = Unknown; Operation = Start IWbemServices::ExecQuery - ROOT\CIMV2 : SELECT * FROM Win32_PnPEntity Where deviceid Like '%PCI\\VEN_8086&DEV_7d1d&SUBSYS_0ce81028%&Rev%'; ResultCode = 0x80041032; PossibleCause = Throttling Idle Tasks, refer to CIMOM regkey: ArbTaskMaxIdle"
"19-08-2026 11:59:17","5858","Error","Microsoft-Windows-WMI-Activity","Id = {7DBB8BD6-E4EA-4368-AB73-C21A72C1AA1A}; ClientMachine = LIND55MBVC4; User = NT AUTHORITY\SYSTEM; ClientProcessId = 3760; Component = Unknown; Operation = Start IWbemServices::ExecQuery - ROOT\CIMV2 : SELECT * FROM Win32_PnPEntity Where deviceid Like '%PCI\\VEN_8086&DEV_7d1d&SUBSYS_0ce81028%&Rev%'; ResultCode = 0x80041032; PossibleCause = Throttling Idle Tasks, refer to CIMOM regkey: ArbTaskMaxIdle"
"19-08-2026 11:59:14","5858","Error","Microsoft-Windows-WMI-Activity","Id = {1744F0C8-34C0-446F-8E6F-06094156318D}; ClientMachine = LIND55MBVC4; User = ENTERPRISE\arjo5004; ClientProcessId = 8692; Component = Unknown; Operation = Start IWbemServices::ExecNotificationQuery - root\cimv2 : SELECT * FROM RegistryValueChangeEvent WHERE Hive = 'HKEY_LOCAL_MACHINE' AND KeyPath = 'SOFTWARE\\Cirrus Logic\\Tunings\\DigitalAudioDisplayDevice' AND ValueName='CLABP_BLOCKED'; ResultCode = 0x80041032; PossibleCause = Unknown"
"19-08-2026 11:58:48","5857","Information","Microsoft-Windows-WMI-Activity","VpnClientPSProvider provider started with result code 0x0. HostProcess = wmiprvse.exe; ProcessID = 7000; ProviderPath = %SYSTEMROOT%\System32\wbem\vpnclientpsprovider.dll"
"19-08-2026 11:58:25","5857","Information","Microsoft-Windows-WMI-Activity","Win32_EncryptableVolumeProvider provider started with result code 0x0. HostProcess = wmiprvse.exe; ProcessID = 7000; ProviderPath = C:\Windows\System32\wbem\Win32_EncryptableVolume.dll"
"19-08-2026 11:57:25","5857","Information","Microsoft-Windows-WMI-Activity","Win32_EncryptableVolumeProvider provider started with result code 0x0. HostProcess = wmiprvse.exe; ProcessID = 7000; ProviderPath = C:\Windows\System32\wbem\Win32_EncryptableVolume.dll"
"19-08-2026 11:56:25","5857","Information","Microsoft-Windows-WMI-Activity","Win32_EncryptableVolumeProvider provider started with result code 0x0. HostProcess = wmiprvse.exe; ProcessID = 7000; ProviderPath = C:\Windows\System32\wbem\Win32_EncryptableVolume.dll"
"19-08-2026 11:55:12","5857","Information","Microsoft-Windows-WMI-Activity","Provider_DiagnosticsServices provider started with result code 0x0. HostProcess = wmiprvse.exe; ProcessID = 28104; ProviderPath = %systemroot%\system32\wbem\wmiprov.dll"
"19-08-2026 11:55:06","5858","Error","Microsoft-Windows-WMI-Activity","Id = {1070E6E4-C9C8-4826-8F9D-53AEFCD37AB3}; ClientMachine = LIND55MBVC4; User = NT AUTHORITY\SYSTEM; ClientProcessId = 3760; Component = Unknown; Operation = Start IWbemServices::ExecQuery - ROOT\CIMV2 : SELECT * FROM Win32_SystemDriver WHERE Name = 'BTHUSB'; ResultCode = 0x80041032; PossibleCause = Unknown"
"19-08-2026 11:55:06","5857","Information","Microsoft-Windows-WMI-Activity","Provider_PlatformBios provider started with result code 0x0. HostProcess = wmiprvse.exe; ProcessID = 28104; ProviderPath = %systemroot%\system32\wbem\wmiprov.dll"
"19-08-2026 11:55:02","5857","Information","Microsoft-Windows-WMI-Activity","NetAdapterCim provider started with result code 0x0. HostProcess = wmiprvse.exe; ProcessID = 27564; ProviderPath = %systemroot%\system32\wbem\NetAdapterCim.dll"
"19-08-2026 11:54:25","5857","Information","Microsoft-Windows-WMI-Activity","Win32_EncryptableVolumeProvider provider started with result code 0x0. HostProcess = wmiprvse.exe; ProcessID = 7000; ProviderPath = C:\Windows\System32\wbem\Win32_EncryptableVolume.dll"
"19-08-2026 11:54:09","5857","Information","Microsoft-Windows-WMI-Activity","Provider_PlatformBios provider started with result code 0x0. HostProcess = wmiprvse.exe; ProcessID = 28104; ProviderPath = %systemroot%\system32\wbem\wmiprov.dll"
"19-08-2026 11:53:37","5857","Information","Microsoft-Windows-WMI-Activity","MSVDS__PROVIDER provider started with result code 0x0. HostProcess = wmiprvse.exe; ProcessID = 7000; ProviderPath = %systemroot%\system32\wbem\vdswmi.dll"
"19-08-2026 11:53:37","5857","Information","Microsoft-Windows-WMI-Activity","StorageWMI provider started with result code 0x0. HostProcess = wmiprvse.exe; ProcessID = 7000; ProviderPath = %SystemRoot%\System32\storagewmi.dll"
"19-08-2026 11:53:37","5857","Information","Microsoft-Windows-WMI-Activity","WMIProv provider started with result code 0x0. HostProcess = wmiprvse.exe; ProcessID = 6824; ProviderPath = %systemroot%\system32\wbem\wmiprov.dll"
