"12-08-2026 03:27:31","1000","Warning","Microsoft-Windows-KnownFolders","Error 0x80070005 occurred while creating known folder {3eb685db-65f9-4cf6-a03a-e3ef65729f3d} with path 'C:\Windows\system32\config\systemprofile\AppData\Roaming'."
"12-08-2026 03:27:31","1000","Warning","Microsoft-Windows-KnownFolders","Error 0x80070005 occurred while creating known folder {5e6c858f-0e22-4760-9afe-ea3317b67173} with path 'C:\Windows\system32\config\systemprofile'."
"12-08-2026 03:27:31","1000","Warning","Microsoft-Windows-KnownFolders","Error 0x80070005 occurred while creating known folder {3eb685db-65f9-4cf6-a03a-e3ef65729f3d} with path 'C:\Windows\system32\config\systemprofile\AppData\Roaming'."
"12-08-2026 03:27:31","1000","Warning","Microsoft-Windows-KnownFolders","Error 0x80070005 occurred while creating known folder {5e6c858f-0e22-4760-9afe-ea3317b67173} with path 'C:\Windows\system32\config\systemprofile'."
"12-08-2026 03:27:25","1002","Warning","Microsoft-Windows-KnownFolders","Error 0x80070005 occurred while verifying known folder {62ab5d82-fdc1-4dc3-a9dd-070d1d495d97} with path 'C:\ProgramData'."
"11-08-2026 23:34:21","1002","Warning","Microsoft-Windows-KnownFolders","Error 0x80070003 occurred while verifying known folder {bcbd3057-ca5c-4622-b42d-bc56db0ae516} with path 'C:\Windows\system32\config\systemprofile\AppData\Local\Programs\Common'."
"11-08-2026 23:34:21","1002","Warning","Microsoft-Windows-KnownFolders","Error 0x80070002 occurred while verifying known folder {5cd7aee2-2219-4a67-b85d-6c9ce15660cb} with path 'C:\Windows\system32\config\systemprofile\AppData\Local\Programs'."
"11-08-2026 23:34:21","1002","Warning","Microsoft-Windows-KnownFolders","Error 0x80070003 occurred while verifying known folder {339719b5-8c47-4894-94c2-d8f77add44a6} with path 'C:\Windows\system32\config\systemprofile\OneDrive\Pictures'."
"11-08-2026 23:34:21","1002","Warning","Microsoft-Windows-KnownFolders","Error 0x80070003 occurred while verifying known folder {24d89e24-2f19-4534-9dde-6a6671fbb8fe} with path 'C:\Windows\system32\config\systemprofile\OneDrive\Documents'."
"11-08-2026 23:34:21","1002","Warning","Microsoft-Windows-KnownFolders","Error 0x80070002 occurred while verifying known folder {a52bba46-e9e1-435f-b3d9-28daa648c0f6} with path 'C:\Windows\system32\config\systemprofile\OneDrive'."
"11-08-2026 23:34:21","1002","Warning","Microsoft-Windows-KnownFolders","Error 0x80070002 occurred while verifying known folder {56784854-c6cb-462b-8169-88e350acb882} with path 'C:\Windows\system32\config\systemprofile\Contacts'."
"11-08-2026 23:34:21","1002","Warning","Microsoft-Windows-KnownFolders","Error 0x80070002 occurred while verifying known folder {374de290-123f-4565-9164-39c4925e467b} with path 'C:\Windows\system32\config\systemprofile\Downloads'."
"11-08-2026 23:34:21","1002","Warning","Microsoft-Windows-KnownFolders","Error 0x80070003 occurred while verifying known folder {9e52ab10-f80d-49df-acb8-4330f5687855} with path 'C:\Windows\system32\config\systemprofile\AppData\Local\Microsoft\Windows\Burn\Burn'."
"11-08-2026 23:34:21","1002","Warning","Microsoft-Windows-KnownFolders","Error 0x80070003 occurred while verifying known folder {724ef170-a42d-4fef-9f26-b60e846fba4f} with path 'C:\Windows\system32\config\systemprofile\AppData\Roaming\Microsoft\Windows\Start Menu\Programs\Administrative Tools'."
"11-08-2026 23:34:21","1002","Warning","Microsoft-Windows-KnownFolders","Error 0x80070002 occurred while verifying known folder {33e28130-4e1e-4676-835a-98395c3bc3bb} with path 'C:\Windows\system32\config\systemprofile\Pictures'."
"11-08-2026 23:34:21","1002","Warning","Microsoft-Windows-KnownFolders","Error 0x80070003 occurred while verifying known folder {9274bd8d-cfd1-41c3-b35e-b13f55a758f4} with path 'C:\Windows\system32\config\systemprofile\AppData\Roaming\Microsoft\Windows\Printer Shortcuts'."
"11-08-2026 23:34:21","1002","Warning","Microsoft-Windows-KnownFolders","Error 0x80070003 occurred while verifying known folder {a63293e8-664e-48db-a079-df759e0509f7} with path 'C:\Windows\system32\config\systemprofile\AppData\Roaming\Microsoft\Windows\Templates'."
"11-08-2026 23:34:21","1002","Warning","Microsoft-Windows-KnownFolders","Error 0x80070003 occurred while verifying known folder {c5abbf53-e17f-4121-8900-86626fc2c973} with path 'C:\Windows\system32\config\systemprofile\AppData\Roaming\Microsoft\Windows\Network Shortcuts'."
"11-08-2026 23:34:21","1002","Warning","Microsoft-Windows-KnownFolders","Error 0x80070002 occurred while verifying known folder {b4bfcc3a-db2c-424c-b029-7fe99a87c641} with path 'C:\Windows\system32\config\systemprofile\Desktop'."
"11-08-2026 23:34:21","1002","Warning","Microsoft-Windows-KnownFolders","Error 0x80070002 occurred while verifying known folder {18989b1d-99b5-455b-841c-ab7c74e4ddfc} with path 'C:\Windows\system32\config\systemprofile\Videos'."
"11-08-2026 23:34:21","1002","Warning","Microsoft-Windows-KnownFolders","Error 0x80070002 occurred while verifying known folder {4bd8d571-6d19-48d3-be97-422220080e43} with path 'C:\Windows\system32\config\systemprofile\Music'."
"11-08-2026 23:34:21","1002","Warning","Microsoft-Windows-KnownFolders","Error 0x80070003 occurred while verifying known folder {625b53c3-ab48-4ec1-ba1f-a1ef4146fc19} with path 'C:\Windows\system32\config\systemprofile\AppData\Roaming\Microsoft\Windows\Start Menu'."
"11-08-2026 23:34:21","1002","Warning","Microsoft-Windows-KnownFolders","Error 0x80070003 occurred while verifying known folder {8983036c-27c0-404b-8f08-102d10dcfd74} with path 'C:\Windows\system32\config\systemprofile\AppData\Roaming\Microsoft\Windows\SendTo'."
"11-08-2026 23:34:21","1002","Warning","Microsoft-Windows-KnownFolders","Error 0x80070003 occurred while verifying known folder {ae50c081-ebd2-438a-8655-8a092e34987a} with path 'C:\Windows\system32\config\systemprofile\AppData\Roaming\Microsoft\Windows\Recent'."
"11-08-2026 23:34:21","1002","Warning","Microsoft-Windows-KnownFolders","Error 0x80070003 occurred while verifying known folder {b97d20bb-f46a-4c97-ba10-5e3608430854} with path 'C:\Windows\system32\config\systemprofile\AppData\Roaming\Microsoft\Windows\Start Menu\Programs\Startup'."
"11-08-2026 23:34:21","1002","Warning","Microsoft-Windows-KnownFolders","Error 0x80070002 occurred while verifying known folder {1777f761-68ad-4d8a-87bd-30b759fa33dd} with path 'C:\Windows\system32\config\systemprofile\Favorites'."
"11-08-2026 23:34:21","1002","Warning","Microsoft-Windows-KnownFolders","Error 0x80070003 occurred while verifying known folder {a77f5d77-2e2b-44c3-a6a2-aba601054a51} with path 'C:\Windows\system32\config\systemprofile\AppData\Roaming\Microsoft\Windows\Start Menu\Programs'."
"11-08-2026 19:04:23","1002","Warning","Microsoft-Windows-KnownFolders","Error 0x80070002 occurred while verifying known folder {18989b1d-99b5-455b-841c-ab7c74e4ddfc} with path 'C:\Windows\system32\config\systemprofile\Videos'."
"11-08-2026 19:02:50","1002","Warning","Microsoft-Windows-KnownFolders","Error 0x80070003 occurred while verifying known folder {bcbd3057-ca5c-4622-b42d-bc56db0ae516} with path 'C:\Windows\system32\config\systemprofile\AppData\Local\Programs\Common'."
"11-08-2026 19:02:50","1002","Warning","Microsoft-Windows-KnownFolders","Error 0x80070002 occurred while verifying known folder {5cd7aee2-2219-4a67-b85d-6c9ce15660cb} with path 'C:\Windows\system32\config\systemprofile\AppData\Local\Programs'."
"11-08-2026 19:02:50","1002","Warning","Microsoft-Windows-KnownFolders","Error 0x80070003 occurred while verifying known folder {339719b5-8c47-4894-94c2-d8f77add44a6} with path 'C:\Windows\system32\config\systemprofile\OneDrive\Pictures'."
"11-08-2026 19:02:50","1002","Warning","Microsoft-Windows-KnownFolders","Error 0x80070003 occurred while verifying known folder {24d89e24-2f19-4534-9dde-6a6671fbb8fe} with path 'C:\Windows\system32\config\systemprofile\OneDrive\Documents'."
"11-08-2026 19:02:50","1002","Warning","Microsoft-Windows-KnownFolders","Error 0x80070002 occurred while verifying known folder {a52bba46-e9e1-435f-b3d9-28daa648c0f6} with path 'C:\Windows\system32\config\systemprofile\OneDrive'."
"11-08-2026 19:02:50","1002","Warning","Microsoft-Windows-KnownFolders","Error 0x80070002 occurred while verifying known folder {56784854-c6cb-462b-8169-88e350acb882} with path 'C:\Windows\system32\config\systemprofile\Contacts'."
"11-08-2026 19:02:50","1002","Warning","Microsoft-Windows-KnownFolders","Error 0x80070002 occurred while verifying known folder {374de290-123f-4565-9164-39c4925e467b} with path 'C:\Windows\system32\config\systemprofile\Downloads'."
"11-08-2026 19:02:50","1002","Warning","Microsoft-Windows-KnownFolders","Error 0x80070003 occurred while verifying known folder {9e52ab10-f80d-49df-acb8-4330f5687855} with path 'C:\Windows\system32\config\systemprofile\AppData\Local\Microsoft\Windows\Burn\Burn'."
"11-08-2026 19:02:50","1002","Warning","Microsoft-Windows-KnownFolders","Error 0x80070003 occurred while verifying known folder {724ef170-a42d-4fef-9f26-b60e846fba4f} with path 'C:\Windows\system32\config\systemprofile\AppData\Roaming\Microsoft\Windows\Start Menu\Programs\Administrative Tools'."
"11-08-2026 19:02:50","1002","Warning","Microsoft-Windows-KnownFolders","Error 0x80070002 occurred while verifying known folder {33e28130-4e1e-4676-835a-98395c3bc3bb} with path 'C:\Windows\system32\config\systemprofile\Pictures'."
"11-08-2026 19:02:50","1002","Warning","Microsoft-Windows-KnownFolders","Error 0x80070003 occurred while verifying known folder {9274bd8d-cfd1-41c3-b35e-b13f55a758f4} with path 'C:\Windows\system32\config\systemprofile\AppData\Roaming\Microsoft\Windows\Printer Shortcuts'."
"11-08-2026 19:02:50","1002","Warning","Microsoft-Windows-KnownFolders","Error 0x80070003 occurred while verifying known folder {a63293e8-664e-48db-a079-df759e0509f7} with path 'C:\Windows\system32\config\systemprofile\AppData\Roaming\Microsoft\Windows\Templates'."
"11-08-2026 19:02:50","1002","Warning","Microsoft-Windows-KnownFolders","Error 0x80070003 occurred while verifying known folder {c5abbf53-e17f-4121-8900-86626fc2c973} with path 'C:\Windows\system32\config\systemprofile\AppData\Roaming\Microsoft\Windows\Network Shortcuts'."
"11-08-2026 19:02:50","1002","Warning","Microsoft-Windows-KnownFolders","Error 0x80070002 occurred while verifying known folder {b4bfcc3a-db2c-424c-b029-7fe99a87c641} with path 'C:\Windows\system32\config\systemprofile\Desktop'."
"11-08-2026 19:02:50","1002","Warning","Microsoft-Windows-KnownFolders","Error 0x80070002 occurred while verifying known folder {18989b1d-99b5-455b-841c-ab7c74e4ddfc} with path 'C:\Windows\system32\config\systemprofile\Videos'."
"11-08-2026 19:02:50","1002","Warning","Microsoft-Windows-KnownFolders","Error 0x80070002 occurred while verifying known folder {4bd8d571-6d19-48d3-be97-422220080e43} with path 'C:\Windows\system32\config\systemprofile\Music'."
"11-08-2026 19:02:50","1002","Warning","Microsoft-Windows-KnownFolders","Error 0x80070003 occurred while verifying known folder {625b53c3-ab48-4ec1-ba1f-a1ef4146fc19} with path 'C:\Windows\system32\config\systemprofile\AppData\Roaming\Microsoft\Windows\Start Menu'."
"11-08-2026 19:02:50","1002","Warning","Microsoft-Windows-KnownFolders","Error 0x80070003 occurred while verifying known folder {8983036c-27c0-404b-8f08-102d10dcfd74} with path 'C:\Windows\system32\config\systemprofile\AppData\Roaming\Microsoft\Windows\SendTo'."
"11-08-2026 19:02:50","1002","Warning","Microsoft-Windows-KnownFolders","Error 0x80070003 occurred while verifying known folder {ae50c081-ebd2-438a-8655-8a092e34987a} with path 'C:\Windows\system32\config\systemprofile\AppData\Roaming\Microsoft\Windows\Recent'."
"11-08-2026 19:02:50","1002","Warning","Microsoft-Windows-KnownFolders","Error 0x80070003 occurred while verifying known folder {b97d20bb-f46a-4c97-ba10-5e3608430854} with path 'C:\Windows\system32\config\systemprofile\AppData\Roaming\Microsoft\Windows\Start Menu\Programs\Startup'."
"11-08-2026 19:02:50","1002","Warning","Microsoft-Windows-KnownFolders","Error 0x80070002 occurred while verifying known folder {1777f761-68ad-4d8a-87bd-30b759fa33dd} with path 'C:\Windows\system32\config\systemprofile\Favorites'."
"11-08-2026 19:02:50","1002","Warning","Microsoft-Windows-KnownFolders","Error 0x80070003 occurred while verifying known folder {a77f5d77-2e2b-44c3-a6a2-aba601054a51} with path 'C:\Windows\system32\config\systemprofile\AppData\Roaming\Microsoft\Windows\Start Menu\Programs'."
"11-08-2026 19:02:21","1002","Warning","Microsoft-Windows-KnownFolders","Error 0x80070005 occurred while verifying known folder {62ab5d82-fdc1-4dc3-a9dd-070d1d495d97} with path 'C:\ProgramData'."
"11-08-2026 18:28:59","1000","Warning","Microsoft-Windows-KnownFolders","Error 0x80070005 occurred while creating known folder {3eb685db-65f9-4cf6-a03a-e3ef65729f3d} with path 'C:\Windows\system32\config\systemprofile\AppData\Roaming'."
"11-08-2026 18:28:59","1000","Warning","Microsoft-Windows-KnownFolders","Error 0x80070005 occurred while creating known folder {5e6c858f-0e22-4760-9afe-ea3317b67173} with path 'C:\Windows\system32\config\systemprofile'."
"11-08-2026 18:28:59","1000","Warning","Microsoft-Windows-KnownFolders","Error 0x80070005 occurred while creating known folder {3eb685db-65f9-4cf6-a03a-e3ef65729f3d} with path 'C:\Windows\system32\config\systemprofile\AppData\Roaming'."
"11-08-2026 18:28:59","1000","Warning","Microsoft-Windows-KnownFolders","Error 0x80070005 occurred while creating known folder {5e6c858f-0e22-4760-9afe-ea3317b67173} with path 'C:\Windows\system32\config\systemprofile'."
"11-08-2026 18:17:32","1002","Warning","Microsoft-Windows-KnownFolders","Error 0x80070005 occurred while verifying known folder {62ab5d82-fdc1-4dc3-a9dd-070d1d495d97} with path 'C:\ProgramData'."
"11-08-2026 18:07:41","1002","Warning","Microsoft-Windows-KnownFolders","Error 0x80070002 occurred while verifying known folder {339719b5-8c47-4894-94c2-d8f77add44a6} with path 'C:\Users\arjo5004\OneDrive\Pictures'."
"11-08-2026 18:07:41","1002","Warning","Microsoft-Windows-KnownFolders","Error 0x80070002 occurred while verifying known folder {24d89e24-2f19-4534-9dde-6a6671fbb8fe} with path 'C:\Users\arjo5004\OneDrive\Documents'."
"11-08-2026 18:06:01","1002","Warning","Microsoft-Windows-KnownFolders","Error 0x80070003 occurred while verifying known folder {bcbd3057-ca5c-4622-b42d-bc56db0ae516} with path 'C:\Windows\ServiceProfiles\LocalService\AppData\Local\Programs\Common'."
"11-08-2026 18:06:01","1002","Warning","Microsoft-Windows-KnownFolders","Error 0x80070002 occurred while verifying known folder {5cd7aee2-2219-4a67-b85d-6c9ce15660cb} with path 'C:\Windows\ServiceProfiles\LocalService\AppData\Local\Programs'."
"11-08-2026 18:06:01","1002","Warning","Microsoft-Windows-KnownFolders","Error 0x80070003 occurred while verifying known folder {339719b5-8c47-4894-94c2-d8f77add44a6} with path 'C:\Windows\ServiceProfiles\LocalService\OneDrive\Pictures'."
"11-08-2026 18:06:01","1002","Warning","Microsoft-Windows-KnownFolders","Error 0x80070003 occurred while verifying known folder {24d89e24-2f19-4534-9dde-6a6671fbb8fe} with path 'C:\Windows\ServiceProfiles\LocalService\OneDrive\Documents'."
"11-08-2026 18:06:01","1002","Warning","Microsoft-Windows-KnownFolders","Error 0x80070002 occurred while verifying known folder {a52bba46-e9e1-435f-b3d9-28daa648c0f6} with path 'C:\Windows\ServiceProfiles\LocalService\OneDrive'."
"11-08-2026 18:06:01","1002","Warning","Microsoft-Windows-KnownFolders","Error 0x80070002 occurred while verifying known folder {56784854-c6cb-462b-8169-88e350acb882} with path 'C:\Windows\ServiceProfiles\LocalService\Contacts'."
"11-08-2026 18:06:01","1002","Warning","Microsoft-Windows-KnownFolders","Error 0x80070003 occurred while verifying known folder {9e52ab10-f80d-49df-acb8-4330f5687855} with path 'C:\Windows\ServiceProfiles\LocalService\AppData\Local\Microsoft\Windows\Burn\Burn'."
"11-08-2026 18:06:01","1002","Warning","Microsoft-Windows-KnownFolders","Error 0x80070002 occurred while verifying known folder {724ef170-a42d-4fef-9f26-b60e846fba4f} with path 'C:\Windows\ServiceProfiles\LocalService\AppData\Roaming\Microsoft\Windows\Start Menu\Programs\Administrative Tools'."
"11-08-2026 18:06:01","1002","Warning","Microsoft-Windows-KnownFolders","Error 0x80070002 occurred while verifying known folder {b97d20bb-f46a-4c97-ba10-5e3608430854} with path 'C:\Windows\ServiceProfiles\LocalService\AppData\Roaming\Microsoft\Windows\Start Menu\Programs\Startup'."
"11-08-2026 18:05:19","1000","Warning","Microsoft-Windows-KnownFolders","Error 0x80070005 occurred while creating known folder {3eb685db-65f9-4cf6-a03a-e3ef65729f3d} with path 'C:\Windows\system32\config\systemprofile\AppData\Roaming'."
"11-08-2026 18:02:49","1002","Warning","Microsoft-Windows-KnownFolders","Error 0x80070003 occurred while verifying known folder {bcbd3057-ca5c-4622-b42d-bc56db0ae516} with path 'C:\Windows\system32\config\systemprofile\AppData\Local\Programs\Common'."
"11-08-2026 18:02:49","1002","Warning","Microsoft-Windows-KnownFolders","Error 0x80070002 occurred while verifying known folder {5cd7aee2-2219-4a67-b85d-6c9ce15660cb} with path 'C:\Windows\system32\config\systemprofile\AppData\Local\Programs'."
"11-08-2026 18:02:49","1002","Warning","Microsoft-Windows-KnownFolders","Error 0x80070003 occurred while verifying known folder {339719b5-8c47-4894-94c2-d8f77add44a6} with path 'C:\Windows\system32\config\systemprofile\OneDrive\Pictures'."
"11-08-2026 18:02:49","1002","Warning","Microsoft-Windows-KnownFolders","Error 0x80070003 occurred while verifying known folder {24d89e24-2f19-4534-9dde-6a6671fbb8fe} with path 'C:\Windows\system32\config\systemprofile\OneDrive\Documents'."
"11-08-2026 18:02:49","1002","Warning","Microsoft-Windows-KnownFolders","Error 0x80070002 occurred while verifying known folder {a52bba46-e9e1-435f-b3d9-28daa648c0f6} with path 'C:\Windows\system32\config\systemprofile\OneDrive'."
"11-08-2026 18:02:49","1002","Warning","Microsoft-Windows-KnownFolders","Error 0x80070002 occurred while verifying known folder {56784854-c6cb-462b-8169-88e350acb882} with path 'C:\Windows\system32\config\systemprofile\Contacts'."
"11-08-2026 18:02:49","1002","Warning","Microsoft-Windows-KnownFolders","Error 0x80070002 occurred while verifying known folder {374de290-123f-4565-9164-39c4925e467b} with path 'C:\Windows\system32\config\systemprofile\Downloads'."
"11-08-2026 18:02:49","1002","Warning","Microsoft-Windows-KnownFolders","Error 0x80070003 occurred while verifying known folder {9e52ab10-f80d-49df-acb8-4330f5687855} with path 'C:\Windows\system32\config\systemprofile\AppData\Local\Microsoft\Windows\Burn\Burn'."
"11-08-2026 18:02:49","1002","Warning","Microsoft-Windows-KnownFolders","Error 0x80070003 occurred while verifying known folder {724ef170-a42d-4fef-9f26-b60e846fba4f} with path 'C:\Windows\system32\config\systemprofile\AppData\Roaming\Microsoft\Windows\Start Menu\Programs\Administrative Tools'."
"11-08-2026 18:02:49","1002","Warning","Microsoft-Windows-KnownFolders","Error 0x80070002 occurred while verifying known folder {33e28130-4e1e-4676-835a-98395c3bc3bb} with path 'C:\Windows\system32\config\systemprofile\Pictures'."
"11-08-2026 18:02:49","1002","Warning","Microsoft-Windows-KnownFolders","Error 0x80070003 occurred while verifying known folder {9274bd8d-cfd1-41c3-b35e-b13f55a758f4} with path 'C:\Windows\system32\config\systemprofile\AppData\Roaming\Microsoft\Windows\Printer Shortcuts'."
"11-08-2026 18:02:49","1002","Warning","Microsoft-Windows-KnownFolders","Error 0x80070003 occurred while verifying known folder {a63293e8-664e-48db-a079-df759e0509f7} with path 'C:\Windows\system32\config\systemprofile\AppData\Roaming\Microsoft\Windows\Templates'."
"11-08-2026 18:02:49","1002","Warning","Microsoft-Windows-KnownFolders","Error 0x80070003 occurred while verifying known folder {c5abbf53-e17f-4121-8900-86626fc2c973} with path 'C:\Windows\system32\config\systemprofile\AppData\Roaming\Microsoft\Windows\Network Shortcuts'."
"11-08-2026 18:02:49","1002","Warning","Microsoft-Windows-KnownFolders","Error 0x80070002 occurred while verifying known folder {b4bfcc3a-db2c-424c-b029-7fe99a87c641} with path 'C:\Windows\system32\config\systemprofile\Desktop'."
"11-08-2026 18:02:49","1002","Warning","Microsoft-Windows-KnownFolders","Error 0x80070002 occurred while verifying known folder {18989b1d-99b5-455b-841c-ab7c74e4ddfc} with path 'C:\Windows\system32\config\systemprofile\Videos'."
"11-08-2026 18:02:49","1002","Warning","Microsoft-Windows-KnownFolders","Error 0x80070002 occurred while verifying known folder {4bd8d571-6d19-48d3-be97-422220080e43} with path 'C:\Windows\system32\config\systemprofile\Music'."
"11-08-2026 18:02:49","1002","Warning","Microsoft-Windows-KnownFolders","Error 0x80070003 occurred while verifying known folder {625b53c3-ab48-4ec1-ba1f-a1ef4146fc19} with path 'C:\Windows\system32\config\systemprofile\AppData\Roaming\Microsoft\Windows\Start Menu'."
"11-08-2026 18:02:49","1002","Warning","Microsoft-Windows-KnownFolders","Error 0x80070003 occurred while verifying known folder {8983036c-27c0-404b-8f08-102d10dcfd74} with path 'C:\Windows\system32\config\systemprofile\AppData\Roaming\Microsoft\Windows\SendTo'."
"11-08-2026 18:02:49","1002","Warning","Microsoft-Windows-KnownFolders","Error 0x80070003 occurred while verifying known folder {ae50c081-ebd2-438a-8655-8a092e34987a} with path 'C:\Windows\system32\config\systemprofile\AppData\Roaming\Microsoft\Windows\Recent'."
"11-08-2026 18:02:49","1002","Warning","Microsoft-Windows-KnownFolders","Error 0x80070003 occurred while verifying known folder {b97d20bb-f46a-4c97-ba10-5e3608430854} with path 'C:\Windows\system32\config\systemprofile\AppData\Roaming\Microsoft\Windows\Start Menu\Programs\Startup'."
"11-08-2026 18:02:49","1002","Warning","Microsoft-Windows-KnownFolders","Error 0x80070002 occurred while verifying known folder {1777f761-68ad-4d8a-87bd-30b759fa33dd} with path 'C:\Windows\system32\config\systemprofile\Favorites'."
"11-08-2026 18:02:49","1002","Warning","Microsoft-Windows-KnownFolders","Error 0x80070003 occurred while verifying known folder {a77f5d77-2e2b-44c3-a6a2-aba601054a51} with path 'C:\Windows\system32\config\systemprofile\AppData\Roaming\Microsoft\Windows\Start Menu\Programs'."
"11-08-2026 17:34:01","1002","Warning","Microsoft-Windows-KnownFolders","Error 0x80070002 occurred while verifying known folder {18989b1d-99b5-455b-841c-ab7c74e4ddfc} with path 'C:\Windows\system32\config\systemprofile\Videos'."
"11-08-2026 17:18:34","1000","Warning","Microsoft-Windows-KnownFolders","Error 0x80070005 occurred while creating known folder {3eb685db-65f9-4cf6-a03a-e3ef65729f3d} with path 'C:\Windows\system32\config\systemprofile\AppData\Roaming'."
"11-08-2026 17:18:34","1000","Warning","Microsoft-Windows-KnownFolders","Error 0x80070005 occurred while creating known folder {5e6c858f-0e22-4760-9afe-ea3317b67173} with path 'C:\Windows\system32\config\systemprofile'."
"11-08-2026 17:18:34","1000","Warning","Microsoft-Windows-KnownFolders","Error 0x80070005 occurred while creating known folder {3eb685db-65f9-4cf6-a03a-e3ef65729f3d} with path 'C:\Windows\system32\config\systemprofile\AppData\Roaming'."
"11-08-2026 17:18:34","1000","Warning","Microsoft-Windows-KnownFolders","Error 0x80070005 occurred while creating known folder {5e6c858f-0e22-4760-9afe-ea3317b67173} with path 'C:\Windows\system32\config\systemprofile'."
"11-08-2026 17:15:31","1002","Warning","Microsoft-Windows-KnownFolders","Error 0x80070005 occurred while verifying known folder {62ab5d82-fdc1-4dc3-a9dd-070d1d495d97} with path 'C:\ProgramData'."
"11-08-2026 17:07:38","1002","Warning","Microsoft-Windows-KnownFolders","Error 0x80070002 occurred while verifying known folder {339719b5-8c47-4894-94c2-d8f77add44a6} with path 'C:\Users\arjo5004\OneDrive\Pictures'."
"11-08-2026 17:07:38","1002","Warning","Microsoft-Windows-KnownFolders","Error 0x80070002 occurred while verifying known folder {24d89e24-2f19-4534-9dde-6a6671fbb8fe} with path 'C:\Users\arjo5004\OneDrive\Documents'."
"11-08-2026 17:06:39","1002","Warning","Microsoft-Windows-KnownFolders","Error 0x80070003 occurred while verifying known folder {bcbd3057-ca5c-4622-b42d-bc56db0ae516} with path 'C:\Windows\ServiceProfiles\NetworkService\AppData\Local\Programs\Common'."
"11-08-2026 17:06:39","1002","Warning","Microsoft-Windows-KnownFolders","Error 0x80070002 occurred while verifying known folder {5cd7aee2-2219-4a67-b85d-6c9ce15660cb} with path 'C:\Windows\ServiceProfiles\NetworkService\AppData\Local\Programs'."
"11-08-2026 17:06:39","1002","Warning","Microsoft-Windows-KnownFolders","Error 0x80070003 occurred while verifying known folder {339719b5-8c47-4894-94c2-d8f77add44a6} with path 'C:\Windows\ServiceProfiles\NetworkService\OneDrive\Pictures'."
"11-08-2026 17:06:39","1002","Warning","Microsoft-Windows-KnownFolders","Error 0x80070003 occurred while verifying known folder {24d89e24-2f19-4534-9dde-6a6671fbb8fe} with path 'C:\Windows\ServiceProfiles\NetworkService\OneDrive\Documents'."
"11-08-2026 17:06:39","1002","Warning","Microsoft-Windows-KnownFolders","Error 0x80070002 occurred while verifying known folder {a52bba46-e9e1-435f-b3d9-28daa648c0f6} with path 'C:\Windows\ServiceProfiles\NetworkService\OneDrive'."
"11-08-2026 17:06:39","1002","Warning","Microsoft-Windows-KnownFolders","Error 0x80070002 occurred while verifying known folder {56784854-c6cb-462b-8169-88e350acb882} with path 'C:\Windows\ServiceProfiles\NetworkService\Contacts'."
"11-08-2026 17:06:39","1002","Warning","Microsoft-Windows-KnownFolders","Error 0x80070003 occurred while verifying known folder {9e52ab10-f80d-49df-acb8-4330f5687855} with path 'C:\Windows\ServiceProfiles\NetworkService\AppData\Local\Microsoft\Windows\Burn\Burn'."
"11-08-2026 17:06:39","1002","Warning","Microsoft-Windows-KnownFolders","Error 0x80070002 occurred while verifying known folder {724ef170-a42d-4fef-9f26-b60e846fba4f} with path 'C:\Windows\ServiceProfiles\NetworkService\AppData\Roaming\Microsoft\Windows\Start Menu\Programs\Administrative Tools'."
"11-08-2026 17:06:39","1002","Warning","Microsoft-Windows-KnownFolders","Error 0x80070002 occurred while verifying known folder {b97d20bb-f46a-4c97-ba10-5e3608430854} with path 'C:\Windows\ServiceProfiles\NetworkService\AppData\Roaming\Microsoft\Windows\Start Menu\Programs\Startup'."
"11-08-2026 17:06:00","1002","Warning","Microsoft-Windows-KnownFolders","Error 0x80070003 occurred while verifying known folder {bcbd3057-ca5c-4622-b42d-bc56db0ae516} with path 'C:\Windows\ServiceProfiles\LocalService\AppData\Local\Programs\Common'."
"11-08-2026 17:06:00","1002","Warning","Microsoft-Windows-KnownFolders","Error 0x80070002 occurred while verifying known folder {5cd7aee2-2219-4a67-b85d-6c9ce15660cb} with path 'C:\Windows\ServiceProfiles\LocalService\AppData\Local\Programs'."
"11-08-2026 17:06:00","1002","Warning","Microsoft-Windows-KnownFolders","Error 0x80070003 occurred while verifying known folder {339719b5-8c47-4894-94c2-d8f77add44a6} with path 'C:\Windows\ServiceProfiles\LocalService\OneDrive\Pictures'."
"11-08-2026 17:06:00","1002","Warning","Microsoft-Windows-KnownFolders","Error 0x80070003 occurred while verifying known folder {24d89e24-2f19-4534-9dde-6a6671fbb8fe} with path 'C:\Windows\ServiceProfiles\LocalService\OneDrive\Documents'."
"11-08-2026 17:06:00","1002","Warning","Microsoft-Windows-KnownFolders","Error 0x80070002 occurred while verifying known folder {a52bba46-e9e1-435f-b3d9-28daa648c0f6} with path 'C:\Windows\ServiceProfiles\LocalService\OneDrive'."
"11-08-2026 17:06:00","1002","Warning","Microsoft-Windows-KnownFolders","Error 0x80070002 occurred while verifying known folder {56784854-c6cb-462b-8169-88e350acb882} with path 'C:\Windows\ServiceProfiles\LocalService\Contacts'."
"11-08-2026 17:06:00","1002","Warning","Microsoft-Windows-KnownFolders","Error 0x80070003 occurred while verifying known folder {9e52ab10-f80d-49df-acb8-4330f5687855} with path 'C:\Windows\ServiceProfiles\LocalService\AppData\Local\Microsoft\Windows\Burn\Burn'."
"11-08-2026 17:06:00","1002","Warning","Microsoft-Windows-KnownFolders","Error 0x80070002 occurred while verifying known folder {724ef170-a42d-4fef-9f26-b60e846fba4f} with path 'C:\Windows\ServiceProfiles\LocalService\AppData\Roaming\Microsoft\Windows\Start Menu\Programs\Administrative Tools'."
"11-08-2026 17:06:00","1002","Warning","Microsoft-Windows-KnownFolders","Error 0x80070002 occurred while verifying known folder {b97d20bb-f46a-4c97-ba10-5e3608430854} with path 'C:\Windows\ServiceProfiles\LocalService\AppData\Roaming\Microsoft\Windows\Start Menu\Programs\Startup'."
"11-08-2026 17:04:20","1000","Warning","Microsoft-Windows-KnownFolders","Error 0x80070005 occurred while creating known folder {3eb685db-65f9-4cf6-a03a-e3ef65729f3d} with path 'C:\Windows\system32\config\systemprofile\AppData\Roaming'."
"11-08-2026 17:04:20","1000","Warning","Microsoft-Windows-KnownFolders","Error 0x80070005 occurred while creating known folder {5e6c858f-0e22-4760-9afe-ea3317b67173} with path 'C:\Windows\system32\config\systemprofile'."
"11-08-2026 17:04:20","1000","Warning","Microsoft-Windows-KnownFolders","Error 0x80070005 occurred while creating known folder {3eb685db-65f9-4cf6-a03a-e3ef65729f3d} with path 'C:\Windows\system32\config\systemprofile\AppData\Roaming'."
"11-08-2026 17:04:20","1000","Warning","Microsoft-Windows-KnownFolders","Error 0x80070005 occurred while creating known folder {5e6c858f-0e22-4760-9afe-ea3317b67173} with path 'C:\Windows\system32\config\systemprofile'."
"11-08-2026 17:02:47","1002","Warning","Microsoft-Windows-KnownFolders","Error 0x80070003 occurred while verifying known folder {bcbd3057-ca5c-4622-b42d-bc56db0ae516} with path 'C:\Windows\system32\config\systemprofile\AppData\Local\Programs\Common'."
"11-08-2026 17:02:47","1002","Warning","Microsoft-Windows-KnownFolders","Error 0x80070002 occurred while verifying known folder {5cd7aee2-2219-4a67-b85d-6c9ce15660cb} with path 'C:\Windows\system32\config\systemprofile\AppData\Local\Programs'."
"11-08-2026 17:02:47","1002","Warning","Microsoft-Windows-KnownFolders","Error 0x80070003 occurred while verifying known folder {339719b5-8c47-4894-94c2-d8f77add44a6} with path 'C:\Windows\system32\config\systemprofile\OneDrive\Pictures'."
"11-08-2026 17:02:47","1002","Warning","Microsoft-Windows-KnownFolders","Error 0x80070003 occurred while verifying known folder {24d89e24-2f19-4534-9dde-6a6671fbb8fe} with path 'C:\Windows\system32\config\systemprofile\OneDrive\Documents'."
"11-08-2026 17:02:47","1002","Warning","Microsoft-Windows-KnownFolders","Error 0x80070002 occurred while verifying known folder {a52bba46-e9e1-435f-b3d9-28daa648c0f6} with path 'C:\Windows\system32\config\systemprofile\OneDrive'."
"11-08-2026 17:02:47","1002","Warning","Microsoft-Windows-KnownFolders","Error 0x80070002 occurred while verifying known folder {56784854-c6cb-462b-8169-88e350acb882} with path 'C:\Windows\system32\config\systemprofile\Contacts'."
"11-08-2026 17:02:47","1002","Warning","Microsoft-Windows-KnownFolders","Error 0x80070002 occurred while verifying known folder {374de290-123f-4565-9164-39c4925e467b} with path 'C:\Windows\system32\config\systemprofile\Downloads'."
"11-08-2026 17:02:47","1002","Warning","Microsoft-Windows-KnownFolders","Error 0x80070003 occurred while verifying known folder {9e52ab10-f80d-49df-acb8-4330f5687855} with path 'C:\Windows\system32\config\systemprofile\AppData\Local\Microsoft\Windows\Burn\Burn'."
"11-08-2026 17:02:47","1002","Warning","Microsoft-Windows-KnownFolders","Error 0x80070003 occurred while verifying known folder {724ef170-a42d-4fef-9f26-b60e846fba4f} with path 'C:\Windows\system32\config\systemprofile\AppData\Roaming\Microsoft\Windows\Start Menu\Programs\Administrative Tools'."
"11-08-2026 17:02:47","1002","Warning","Microsoft-Windows-KnownFolders","Error 0x80070002 occurred while verifying known folder {33e28130-4e1e-4676-835a-98395c3bc3bb} with path 'C:\Windows\system32\config\systemprofile\Pictures'."
"11-08-2026 17:02:47","1002","Warning","Microsoft-Windows-KnownFolders","Error 0x80070003 occurred while verifying known folder {9274bd8d-cfd1-41c3-b35e-b13f55a758f4} with path 'C:\Windows\system32\config\systemprofile\AppData\Roaming\Microsoft\Windows\Printer Shortcuts'."
"11-08-2026 17:02:47","1002","Warning","Microsoft-Windows-KnownFolders","Error 0x80070003 occurred while verifying known folder {a63293e8-664e-48db-a079-df759e0509f7} with path 'C:\Windows\system32\config\systemprofile\AppData\Roaming\Microsoft\Windows\Templates'."
"11-08-2026 17:02:47","1002","Warning","Microsoft-Windows-KnownFolders","Error 0x80070003 occurred while verifying known folder {c5abbf53-e17f-4121-8900-86626fc2c973} with path 'C:\Windows\system32\config\systemprofile\AppData\Roaming\Microsoft\Windows\Network Shortcuts'."
"11-08-2026 17:02:47","1002","Warning","Microsoft-Windows-KnownFolders","Error 0x80070002 occurred while verifying known folder {b4bfcc3a-db2c-424c-b029-7fe99a87c641} with path 'C:\Windows\system32\config\systemprofile\Desktop'."
"11-08-2026 17:02:47","1002","Warning","Microsoft-Windows-KnownFolders","Error 0x80070002 occurred while verifying known folder {18989b1d-99b5-455b-841c-ab7c74e4ddfc} with path 'C:\Windows\system32\config\systemprofile\Videos'."
"11-08-2026 17:02:47","1002","Warning","Microsoft-Windows-KnownFolders","Error 0x80070002 occurred while verifying known folder {4bd8d571-6d19-48d3-be97-422220080e43} with path 'C:\Windows\system32\config\systemprofile\Music'."
"11-08-2026 17:02:47","1002","Warning","Microsoft-Windows-KnownFolders","Error 0x80070003 occurred while verifying known folder {625b53c3-ab48-4ec1-ba1f-a1ef4146fc19} with path 'C:\Windows\system32\config\systemprofile\AppData\Roaming\Microsoft\Windows\Start Menu'."
"11-08-2026 17:02:47","1002","Warning","Microsoft-Windows-KnownFolders","Error 0x80070003 occurred while verifying known folder {8983036c-27c0-404b-8f08-102d10dcfd74} with path 'C:\Windows\system32\config\systemprofile\AppData\Roaming\Microsoft\Windows\SendTo'."
"11-08-2026 17:02:47","1002","Warning","Microsoft-Windows-KnownFolders","Error 0x80070003 occurred while verifying known folder {ae50c081-ebd2-438a-8655-8a092e34987a} with path 'C:\Windows\system32\config\systemprofile\AppData\Roaming\Microsoft\Windows\Recent'."
"11-08-2026 17:02:47","1002","Warning","Microsoft-Windows-KnownFolders","Error 0x80070003 occurred while verifying known folder {b97d20bb-f46a-4c97-ba10-5e3608430854} with path 'C:\Windows\system32\config\systemprofile\AppData\Roaming\Microsoft\Windows\Start Menu\Programs\Startup'."
"11-08-2026 17:02:47","1002","Warning","Microsoft-Windows-KnownFolders","Error 0x80070002 occurred while verifying known folder {1777f761-68ad-4d8a-87bd-30b759fa33dd} with path 'C:\Windows\system32\config\systemprofile\Favorites'."
"11-08-2026 17:02:47","1002","Warning","Microsoft-Windows-KnownFolders","Error 0x80070003 occurred while verifying known folder {a77f5d77-2e2b-44c3-a6a2-aba601054a51} with path 'C:\Windows\system32\config\systemprofile\AppData\Roaming\Microsoft\Windows\Start Menu\Programs'."
"11-08-2026 16:57:18","1002","Warning","Microsoft-Windows-KnownFolders","Error 0x80070005 occurred while verifying known folder {352481e8-33be-4251-ba85-6007caedcf9d} with path 'C:\Windows\system32\config\systemprofile\AppData\Local\Microsoft\Windows\INetCache'."
"11-08-2026 16:54:19","1000","Warning","Microsoft-Windows-KnownFolders","Error 0x80070005 occurred while creating known folder {3eb685db-65f9-4cf6-a03a-e3ef65729f3d} with path 'C:\Windows\system32\config\systemprofile\AppData\Roaming'."
"11-08-2026 16:54:19","1000","Warning","Microsoft-Windows-KnownFolders","Error 0x80070005 occurred while creating known folder {5e6c858f-0e22-4760-9afe-ea3317b67173} with path 'C:\Windows\system32\config\systemprofile'."
"11-08-2026 16:54:19","1000","Warning","Microsoft-Windows-KnownFolders","Error 0x80070005 occurred while creating known folder {3eb685db-65f9-4cf6-a03a-e3ef65729f3d} with path 'C:\Windows\system32\config\systemprofile\AppData\Roaming'."
"11-08-2026 16:54:19","1000","Warning","Microsoft-Windows-KnownFolders","Error 0x80070005 occurred while creating known folder {5e6c858f-0e22-4760-9afe-ea3317b67173} with path 'C:\Windows\system32\config\systemprofile'."
"11-08-2026 16:36:13","1002","Warning","Microsoft-Windows-KnownFolders","Error 0x80070002 occurred while verifying known folder {18989b1d-99b5-455b-841c-ab7c74e4ddfc} with path 'C:\Windows\system32\config\systemprofile\Videos'."
"11-08-2026 16:28:25","1002","Warning","Microsoft-Windows-KnownFolders","Error 0x80070002 occurred while verifying known folder {18989b1d-99b5-455b-841c-ab7c74e4ddfc} with path 'C:\Windows\system32\config\systemprofile\Videos'."
"11-08-2026 16:17:32","1002","Warning","Microsoft-Windows-KnownFolders","Error 0x80070005 occurred while verifying known folder {62ab5d82-fdc1-4dc3-a9dd-070d1d495d97} with path 'C:\ProgramData'."
"11-08-2026 16:07:38","1002","Warning","Microsoft-Windows-KnownFolders","Error 0x80070002 occurred while verifying known folder {339719b5-8c47-4894-94c2-d8f77add44a6} with path 'C:\Users\arjo5004\OneDrive\Pictures'."
"11-08-2026 16:07:38","1002","Warning","Microsoft-Windows-KnownFolders","Error 0x80070002 occurred while verifying known folder {24d89e24-2f19-4534-9dde-6a6671fbb8fe} with path 'C:\Users\arjo5004\OneDrive\Documents'."
"11-08-2026 16:06:27","1002","Warning","Microsoft-Windows-KnownFolders","Error 0x80070003 occurred while verifying known folder {bcbd3057-ca5c-4622-b42d-bc56db0ae516} with path 'C:\Windows\ServiceProfiles\NetworkService\AppData\Local\Programs\Common'."
"11-08-2026 16:06:27","1002","Warning","Microsoft-Windows-KnownFolders","Error 0x80070002 occurred while verifying known folder {5cd7aee2-2219-4a67-b85d-6c9ce15660cb} with path 'C:\Windows\ServiceProfiles\NetworkService\AppData\Local\Programs'."
"11-08-2026 16:06:27","1002","Warning","Microsoft-Windows-KnownFolders","Error 0x80070003 occurred while verifying known folder {339719b5-8c47-4894-94c2-d8f77add44a6} with path 'C:\Windows\ServiceProfiles\NetworkService\OneDrive\Pictures'."
"11-08-2026 16:06:27","1002","Warning","Microsoft-Windows-KnownFolders","Error 0x80070003 occurred while verifying known folder {24d89e24-2f19-4534-9dde-6a6671fbb8fe} with path 'C:\Windows\ServiceProfiles\NetworkService\OneDrive\Documents'."
"11-08-2026 16:06:27","1002","Warning","Microsoft-Windows-KnownFolders","Error 0x80070002 occurred while verifying known folder {a52bba46-e9e1-435f-b3d9-28daa648c0f6} with path 'C:\Windows\ServiceProfiles\NetworkService\OneDrive'."
"11-08-2026 16:06:27","1002","Warning","Microsoft-Windows-KnownFolders","Error 0x80070002 occurred while verifying known folder {56784854-c6cb-462b-8169-88e350acb882} with path 'C:\Windows\ServiceProfiles\NetworkService\Contacts'."
"11-08-2026 16:06:27","1002","Warning","Microsoft-Windows-KnownFolders","Error 0x80070003 occurred while verifying known folder {9e52ab10-f80d-49df-acb8-4330f5687855} with path 'C:\Windows\ServiceProfiles\NetworkService\AppData\Local\Microsoft\Windows\Burn\Burn'."
"11-08-2026 16:06:27","1002","Warning","Microsoft-Windows-KnownFolders","Error 0x80070002 occurred while verifying known folder {724ef170-a42d-4fef-9f26-b60e846fba4f} with path 'C:\Windows\ServiceProfiles\NetworkService\AppData\Roaming\Microsoft\Windows\Start Menu\Programs\Administrative Tools'."
"11-08-2026 16:06:26","1002","Warning","Microsoft-Windows-KnownFolders","Error 0x80070002 occurred while verifying known folder {b97d20bb-f46a-4c97-ba10-5e3608430854} with path 'C:\Windows\ServiceProfiles\NetworkService\AppData\Roaming\Microsoft\Windows\Start Menu\Programs\Startup'."
"11-08-2026 16:05:19","1000","Warning","Microsoft-Windows-KnownFolders","Error 0x80070005 occurred while creating known folder {3eb685db-65f9-4cf6-a03a-e3ef65729f3d} with path 'C:\Windows\system32\config\systemprofile\AppData\Roaming'."
"11-08-2026 16:05:00","1002","Warning","Microsoft-Windows-KnownFolders","Error 0x80070003 occurred while verifying known folder {bcbd3057-ca5c-4622-b42d-bc56db0ae516} with path 'C:\Windows\ServiceProfiles\LocalService\AppData\Local\Programs\Common'."
"11-08-2026 16:05:00","1002","Warning","Microsoft-Windows-KnownFolders","Error 0x80070002 occurred while verifying known folder {5cd7aee2-2219-4a67-b85d-6c9ce15660cb} with path 'C:\Windows\ServiceProfiles\LocalService\AppData\Local\Programs'."
"11-08-2026 16:05:00","1002","Warning","Microsoft-Windows-KnownFolders","Error 0x80070003 occurred while verifying known folder {339719b5-8c47-4894-94c2-d8f77add44a6} with path 'C:\Windows\ServiceProfiles\LocalService\OneDrive\Pictures'."
"11-08-2026 16:05:00","1002","Warning","Microsoft-Windows-KnownFolders","Error 0x80070003 occurred while verifying known folder {24d89e24-2f19-4534-9dde-6a6671fbb8fe} with path 'C:\Windows\ServiceProfiles\LocalService\OneDrive\Documents'."
"11-08-2026 16:05:00","1002","Warning","Microsoft-Windows-KnownFolders","Error 0x80070002 occurred while verifying known folder {a52bba46-e9e1-435f-b3d9-28daa648c0f6} with path 'C:\Windows\ServiceProfiles\LocalService\OneDrive'."
"11-08-2026 16:05:00","1002","Warning","Microsoft-Windows-KnownFolders","Error 0x80070002 occurred while verifying known folder {56784854-c6cb-462b-8169-88e350acb882} with path 'C:\Windows\ServiceProfiles\LocalService\Contacts'."
"11-08-2026 16:05:00","1002","Warning","Microsoft-Windows-KnownFolders","Error 0x80070003 occurred while verifying known folder {9e52ab10-f80d-49df-acb8-4330f5687855} with path 'C:\Windows\ServiceProfiles\LocalService\AppData\Local\Microsoft\Windows\Burn\Burn'."
"11-08-2026 16:05:00","1002","Warning","Microsoft-Windows-KnownFolders","Error 0x80070002 occurred while verifying known folder {724ef170-a42d-4fef-9f26-b60e846fba4f} with path 'C:\Windows\ServiceProfiles\LocalService\AppData\Roaming\Microsoft\Windows\Start Menu\Programs\Administrative Tools'."
"11-08-2026 16:05:00","1002","Warning","Microsoft-Windows-KnownFolders","Error 0x80070002 occurred while verifying known folder {b97d20bb-f46a-4c97-ba10-5e3608430854} with path 'C:\Windows\ServiceProfiles\LocalService\AppData\Roaming\Microsoft\Windows\Start Menu\Programs\Startup'."
"11-08-2026 16:02:44","1002","Warning","Microsoft-Windows-KnownFolders","Error 0x80070003 occurred while verifying known folder {bcbd3057-ca5c-4622-b42d-bc56db0ae516} with path 'C:\Windows\system32\config\systemprofile\AppData\Local\Programs\Common'."
"11-08-2026 16:02:44","1002","Warning","Microsoft-Windows-KnownFolders","Error 0x80070002 occurred while verifying known folder {5cd7aee2-2219-4a67-b85d-6c9ce15660cb} with path 'C:\Windows\system32\config\systemprofile\AppData\Local\Programs'."
"11-08-2026 16:02:44","1002","Warning","Microsoft-Windows-KnownFolders","Error 0x80070003 occurred while verifying known folder {339719b5-8c47-4894-94c2-d8f77add44a6} with path 'C:\Windows\system32\config\systemprofile\OneDrive\Pictures'."
"11-08-2026 16:02:44","1002","Warning","Microsoft-Windows-KnownFolders","Error 0x80070003 occurred while verifying known folder {24d89e24-2f19-4534-9dde-6a6671fbb8fe} with path 'C:\Windows\system32\config\systemprofile\OneDrive\Documents'."
"11-08-2026 16:02:44","1002","Warning","Microsoft-Windows-KnownFolders","Error 0x80070002 occurred while verifying known folder {a52bba46-e9e1-435f-b3d9-28daa648c0f6} with path 'C:\Windows\system32\config\systemprofile\OneDrive'."
"11-08-2026 16:02:44","1002","Warning","Microsoft-Windows-KnownFolders","Error 0x80070002 occurred while verifying known folder {56784854-c6cb-462b-8169-88e350acb882} with path 'C:\Windows\system32\config\systemprofile\Contacts'."
"11-08-2026 16:02:44","1002","Warning","Microsoft-Windows-KnownFolders","Error 0x80070002 occurred while verifying known folder {374de290-123f-4565-9164-39c4925e467b} with path 'C:\Windows\system32\config\systemprofile\Downloads'."
"11-08-2026 16:02:44","1002","Warning","Microsoft-Windows-KnownFolders","Error 0x80070003 occurred while verifying known folder {9e52ab10-f80d-49df-acb8-4330f5687855} with path 'C:\Windows\system32\config\systemprofile\AppData\Local\Microsoft\Windows\Burn\Burn'."
"11-08-2026 16:02:44","1002","Warning","Microsoft-Windows-KnownFolders","Error 0x80070003 occurred while verifying known folder {724ef170-a42d-4fef-9f26-b60e846fba4f} with path 'C:\Windows\system32\config\systemprofile\AppData\Roaming\Microsoft\Windows\Start Menu\Programs\Administrative Tools'."
"11-08-2026 16:02:44","1002","Warning","Microsoft-Windows-KnownFolders","Error 0x80070002 occurred while verifying known folder {33e28130-4e1e-4676-835a-98395c3bc3bb} with path 'C:\Windows\system32\config\systemprofile\Pictures'."
"11-08-2026 16:02:44","1002","Warning","Microsoft-Windows-KnownFolders","Error 0x80070003 occurred while verifying known folder {9274bd8d-cfd1-41c3-b35e-b13f55a758f4} with path 'C:\Windows\system32\config\systemprofile\AppData\Roaming\Microsoft\Windows\Printer Shortcuts'."
"11-08-2026 16:02:44","1002","Warning","Microsoft-Windows-KnownFolders","Error 0x80070003 occurred while verifying known folder {a63293e8-664e-48db-a079-df759e0509f7} with path 'C:\Windows\system32\config\systemprofile\AppData\Roaming\Microsoft\Windows\Templates'."
"11-08-2026 16:02:44","1002","Warning","Microsoft-Windows-KnownFolders","Error 0x80070003 occurred while verifying known folder {c5abbf53-e17f-4121-8900-86626fc2c973} with path 'C:\Windows\system32\config\systemprofile\AppData\Roaming\Microsoft\Windows\Network Shortcuts'."
"11-08-2026 16:02:44","1002","Warning","Microsoft-Windows-KnownFolders","Error 0x80070002 occurred while verifying known folder {b4bfcc3a-db2c-424c-b029-7fe99a87c641} with path 'C:\Windows\system32\config\systemprofile\Desktop'."
"11-08-2026 16:02:44","1002","Warning","Microsoft-Windows-KnownFolders","Error 0x80070002 occurred while verifying known folder {18989b1d-99b5-455b-841c-ab7c74e4ddfc} with path 'C:\Windows\system32\config\systemprofile\Videos'."
"11-08-2026 16:02:44","1002","Warning","Microsoft-Windows-KnownFolders","Error 0x80070002 occurred while verifying known folder {4bd8d571-6d19-48d3-be97-422220080e43} with path 'C:\Windows\system32\config\systemprofile\Music'."
"11-08-2026 16:02:44","1002","Warning","Microsoft-Windows-KnownFolders","Error 0x80070003 occurred while verifying known folder {625b53c3-ab48-4ec1-ba1f-a1ef4146fc19} with path 'C:\Windows\system32\config\systemprofile\AppData\Roaming\Microsoft\Windows\Start Menu'."
"11-08-2026 16:02:44","1002","Warning","Microsoft-Windows-KnownFolders","Error 0x80070003 occurred while verifying known folder {8983036c-27c0-404b-8f08-102d10dcfd74} with path 'C:\Windows\system32\config\systemprofile\AppData\Roaming\Microsoft\Windows\SendTo'."
"11-08-2026 16:02:44","1002","Warning","Microsoft-Windows-KnownFolders","Error 0x80070003 occurred while verifying known folder {ae50c081-ebd2-438a-8655-8a092e34987a} with path 'C:\Windows\system32\config\systemprofile\AppData\Roaming\Microsoft\Windows\Recent'."
"11-08-2026 16:02:44","1002","Warning","Microsoft-Windows-KnownFolders","Error 0x80070003 occurred while verifying known folder {b97d20bb-f46a-4c97-ba10-5e3608430854} with path 'C:\Windows\system32\config\systemprofile\AppData\Roaming\Microsoft\Windows\Start Menu\Programs\Startup'."
"11-08-2026 16:02:44","1002","Warning","Microsoft-Windows-KnownFolders","Error 0x80070002 occurred while verifying known folder {1777f761-68ad-4d8a-87bd-30b759fa33dd} with path 'C:\Windows\system32\config\systemprofile\Favorites'."
"11-08-2026 16:02:44","1002","Warning","Microsoft-Windows-KnownFolders","Error 0x80070003 occurred while verifying known folder {a77f5d77-2e2b-44c3-a6a2-aba601054a51} with path 'C:\Windows\system32\config\systemprofile\AppData\Roaming\Microsoft\Windows\Start Menu\Programs'."
"11-08-2026 15:57:32","1002","Warning","Microsoft-Windows-KnownFolders","Error 0x80070005 occurred while verifying known folder {62ab5d82-fdc1-4dc3-a9dd-070d1d495d97} with path 'C:\ProgramData'."
"11-08-2026 15:57:32","1002","Warning","Microsoft-Windows-KnownFolders","Error 0x80070005 occurred while verifying known folder {62ab5d82-fdc1-4dc3-a9dd-070d1d495d97} with path 'C:\ProgramData'."
"11-08-2026 15:54:58","1000","Warning","Microsoft-Windows-KnownFolders","Error 0x80070005 occurred while creating known folder {3eb685db-65f9-4cf6-a03a-e3ef65729f3d} with path 'C:\Windows\system32\config\systemprofile\AppData\Roaming'."
"11-08-2026 15:54:58","1000","Warning","Microsoft-Windows-KnownFolders","Error 0x80070005 occurred while creating known folder {5e6c858f-0e22-4760-9afe-ea3317b67173} with path 'C:\Windows\system32\config\systemprofile'."
"11-08-2026 15:54:58","1000","Warning","Microsoft-Windows-KnownFolders","Error 0x80070005 occurred while creating known folder {3eb685db-65f9-4cf6-a03a-e3ef65729f3d} with path 'C:\Windows\system32\config\systemprofile\AppData\Roaming'."
"11-08-2026 15:54:58","1000","Warning","Microsoft-Windows-KnownFolders","Error 0x80070005 occurred while creating known folder {5e6c858f-0e22-4760-9afe-ea3317b67173} with path 'C:\Windows\system32\config\systemprofile'."
"11-08-2026 15:54:57","1002","Warning","Microsoft-Windows-KnownFolders","Error 0x80070002 occurred while verifying known folder {7d83ee9b-2244-4e70-b1f5-5393042af1e4} with path 'C:\Windows\system32\config\systemprofile\Downloads'."
"11-08-2026 15:17:32","1002","Warning","Microsoft-Windows-KnownFolders","Error 0x80070005 occurred while verifying known folder {62ab5d82-fdc1-4dc3-a9dd-070d1d495d97} with path 'C:\ProgramData'."
"11-08-2026 15:07:37","1002","Warning","Microsoft-Windows-KnownFolders","Error 0x80070002 occurred while verifying known folder {339719b5-8c47-4894-94c2-d8f77add44a6} with path 'C:\Users\arjo5004\OneDrive\Pictures'."
"11-08-2026 15:07:37","1002","Warning","Microsoft-Windows-KnownFolders","Error 0x80070002 occurred while verifying known folder {24d89e24-2f19-4534-9dde-6a6671fbb8fe} with path 'C:\Users\arjo5004\OneDrive\Documents'."
