"19-08-2026 10:06:53","5858","Error","Microsoft-Windows-WMI-Activity","Id = {EC20B685-3D78-4611-B683-6C0FFA599E49}; ClientMachine = LIND55MBVC4; User = NT AUTHORITY\NETWORK SERVICE; ClientProcessId = 9276; Component = Unknown; Operation = Start IWbemServices::ExecQuery - ROOT\StandardCimv2 : SELECT * FROM MSFT_NetAdapterStatisticsSettingData WHERE Name = 'Wi-Fi'; ResultCode = 0x80041032; PossibleCause = Unknown"
"19-08-2026 10:06:51","5858","Error","Microsoft-Windows-WMI-Activity","Id = {881405CC-EC0A-4838-8A2B-9543A42D545E}; ClientMachine = LIND55MBVC4; User = NT AUTHORITY\NETWORK SERVICE; ClientProcessId = 9276; Component = Unknown; Operation = Start IWbemServices::ExecQuery - ROOT\StandardCimv2 : SELECT * FROM MSFT_NetAdapterStatisticsSettingData WHERE Name = 'Wi-Fi'; ResultCode = 0x80041032; PossibleCause = Unknown"
"19-08-2026 10:06:49","5858","Error","Microsoft-Windows-WMI-Activity","Id = {D8269173-CFC0-4B44-AB4A-010E776A4114}; ClientMachine = LIND55MBVC4; User = NT AUTHORITY\NETWORK SERVICE; ClientProcessId = 9276; Component = Unknown; Operation = Start IWbemServices::ExecQuery - ROOT\StandardCimv2 : SELECT * FROM MSFT_NetAdapterStatisticsSettingData WHERE Name = 'Wi-Fi'; ResultCode = 0x80041032; PossibleCause = Unknown"
"19-08-2026 10:06:47","5858","Error","Microsoft-Windows-WMI-Activity","Id = {104FC431-710E-4F03-A3F5-5FD3E5A9BD6C}; ClientMachine = LIND55MBVC4; User = NT AUTHORITY\NETWORK SERVICE; ClientProcessId = 9276; Component = Unknown; Operation = Start IWbemServices::ExecQuery - ROOT\StandardCimv2 : SELECT * FROM MSFT_NetAdapterStatisticsSettingData WHERE Name = 'Wi-Fi'; ResultCode = 0x80041032; PossibleCause = Unknown"
"19-08-2026 10:06:44","5858","Error","Microsoft-Windows-WMI-Activity","Id = {952C20F7-1212-4B55-B7BF-7EA9AF6E0285}; ClientMachine = LIND55MBVC4; User = NT AUTHORITY\NETWORK SERVICE; ClientProcessId = 9276; Component = Unknown; Operation = Start IWbemServices::ExecQuery - ROOT\StandardCimv2 : SELECT * FROM MSFT_NetAdapterStatisticsSettingData WHERE Name = 'Wi-Fi'; ResultCode = 0x80041032; PossibleCause = Unknown"
"19-08-2026 10:06:42","5858","Error","Microsoft-Windows-WMI-Activity","Id = {02DDFC11-677B-43EC-BC10-9F0F517CD08E}; ClientMachine = LIND55MBVC4; User = NT AUTHORITY\NETWORK SERVICE; ClientProcessId = 9276; Component = Unknown; Operation = Start IWbemServices::ExecQuery - ROOT\StandardCimv2 : SELECT * FROM MSFT_NetAdapterStatisticsSettingData WHERE Name = 'Wi-Fi'; ResultCode = 0x80041032; PossibleCause = Unknown"
"19-08-2026 10:06:40","5858","Error","Microsoft-Windows-WMI-Activity","Id = {46F0AB92-270A-4101-8F69-84D8C52A0CAF}; ClientMachine = LIND55MBVC4; User = NT AUTHORITY\NETWORK SERVICE; ClientProcessId = 9276; Component = Unknown; Operation = Start IWbemServices::ExecQuery - ROOT\StandardCimv2 : SELECT * FROM MSFT_NetAdapterStatisticsSettingData WHERE Name = 'Wi-Fi'; ResultCode = 0x80041032; PossibleCause = Unknown"
"19-08-2026 10:06:38","5858","Error","Microsoft-Windows-WMI-Activity","Id = {D3500B77-DCBF-49DA-92E7-3673594875FD}; ClientMachine = LIND55MBVC4; User = NT AUTHORITY\NETWORK SERVICE; ClientProcessId = 9276; Component = Unknown; Operation = Start IWbemServices::ExecQuery - ROOT\StandardCimv2 : SELECT * FROM MSFT_NetAdapterStatisticsSettingData WHERE Name = 'Wi-Fi'; ResultCode = 0x80041032; PossibleCause = Unknown"
"19-08-2026 10:06:36","5858","Error","Microsoft-Windows-WMI-Activity","Id = {311C952D-55A0-49EE-92D4-2D56CA72E2A3}; ClientMachine = LIND55MBVC4; User = NT AUTHORITY\NETWORK SERVICE; ClientProcessId = 9276; Component = Unknown; Operation = Start IWbemServices::ExecQuery - ROOT\StandardCimv2 : SELECT * FROM MSFT_NetAdapterStatisticsSettingData WHERE Name = 'Wi-Fi'; ResultCode = 0x80041032; PossibleCause = Unknown"
"19-08-2026 10:06:34","5858","Error","Microsoft-Windows-WMI-Activity","Id = {B53F35B7-D1C0-461B-8141-E5CFA92181FA}; ClientMachine = LIND55MBVC4; User = NT AUTHORITY\SYSTEM; ClientProcessId = 18884; Component = Unknown; Operation = Start IWbemServices::ExecQuery - root\Microsoft\Windows\DeviceGuard : SELECT * FROM Win32_DeviceGuard; ResultCode = 0x80041032; PossibleCause = Unknown"
"19-08-2026 10:06:34","5858","Error","Microsoft-Windows-WMI-Activity","Id = {CA0BF7AC-6D61-45F7-BCF6-563C9B572FA0}; ClientMachine = LIND55MBVC4; User = NT AUTHORITY\SYSTEM; ClientProcessId = 18884; Component = Unknown; Operation = Start IWbemServices::ExecQuery - root\Microsoft\Windows\DeviceGuard : SELECT * FROM Win32_DeviceGuard; ResultCode = 0x80041032; PossibleCause = Unknown"
"19-08-2026 10:06:34","5858","Error","Microsoft-Windows-WMI-Activity","Id = {5668F818-2BCC-406F-9F31-D740D2FB5797}; ClientMachine = LIND55MBVC4; User = NT AUTHORITY\NETWORK SERVICE; ClientProcessId = 9276; Component = Unknown; Operation = Start IWbemServices::ExecQuery - ROOT\StandardCimv2 : SELECT * FROM MSFT_NetAdapterStatisticsSettingData WHERE Name = 'Wi-Fi'; ResultCode = 0x80041032; PossibleCause = Unknown"
"19-08-2026 10:06:34","5858","Error","Microsoft-Windows-WMI-Activity","Id = {97F752A7-B38A-45CA-80D5-DA74705D0BB8}; ClientMachine = LIND55MBVC4; User = NT AUTHORITY\SYSTEM; ClientProcessId = 18884; Component = Unknown; Operation = Start IWbemServices::ExecQuery - root\Microsoft\Windows\DeviceGuard : SELECT * FROM Win32_DeviceGuard; ResultCode = 0x80041032; PossibleCause = Unknown"
"19-08-2026 10:06:34","5858","Error","Microsoft-Windows-WMI-Activity","Id = {20F123B9-1923-4869-AB47-4D41C7546969}; ClientMachine = LIND55MBVC4; User = NT AUTHORITY\SYSTEM; ClientProcessId = 18884; Component = Unknown; Operation = Start IWbemServices::ExecQuery - root\Microsoft\Windows\DeviceGuard : SELECT * FROM Win32_DeviceGuard; ResultCode = 0x80041032; PossibleCause = Unknown"
"19-08-2026 10:06:34","5857","Information","Microsoft-Windows-WMI-Activity","Win32_DeviceGuard provider started with result code 0x0. HostProcess = wmiprvse.exe; ProcessID = 7000; ProviderPath = %SystemRoot%\System32\Win32_DeviceGuard.dll"
"19-08-2026 10:06:32","5858","Error","Microsoft-Windows-WMI-Activity","Id = {6B2A54AE-922B-4C5C-9E5D-DABBB7950F77}; ClientMachine = LIND55MBVC4; User = NT AUTHORITY\SYSTEM; ClientProcessId = 23372; Component = Unknown; Operation = Start IWbemServices::ExecQuery - root\cimv2 : SELECT UUID FROM Win32_ComputerSystemProduct; ResultCode = 0x80041032; PossibleCause = Unknown"
"19-08-2026 10:06:32","5858","Error","Microsoft-Windows-WMI-Activity","Id = {C934BFB9-85C1-4DB8-9FCC-1CC3517CB801}; ClientMachine = LIND55MBVC4; User = NT AUTHORITY\NETWORK SERVICE; ClientProcessId = 9276; Component = Unknown; Operation = Start IWbemServices::ExecQuery - ROOT\StandardCimv2 : SELECT * FROM MSFT_NetAdapterStatisticsSettingData WHERE Name = 'Wi-Fi'; ResultCode = 0x80041032; PossibleCause = Unknown"
"19-08-2026 10:06:30","5858","Error","Microsoft-Windows-WMI-Activity","Id = {CF9E493C-586F-4B70-A847-362AD2E9F514}; ClientMachine = LIND55MBVC4; User = NT AUTHORITY\NETWORK SERVICE; ClientProcessId = 9276; Component = Unknown; Operation = Start IWbemServices::ExecQuery - ROOT\StandardCimv2 : SELECT * FROM MSFT_NetAdapterStatisticsSettingData WHERE Name = 'Wi-Fi'; ResultCode = 0x80041032; PossibleCause = Unknown"
"19-08-2026 10:06:28","5858","Error","Microsoft-Windows-WMI-Activity","Id = {732A554C-E5DB-4F6E-8E5A-26D926548AE9}; ClientMachine = LIND55MBVC4; User = NT AUTHORITY\NETWORK SERVICE; ClientProcessId = 9276; Component = Unknown; Operation = Start IWbemServices::ExecQuery - ROOT\StandardCimv2 : SELECT * FROM MSFT_NetAdapterStatisticsSettingData WHERE Name = 'Wi-Fi'; ResultCode = 0x80041032; PossibleCause = Unknown"
"19-08-2026 10:06:25","5858","Error","Microsoft-Windows-WMI-Activity","Id = {78DBF921-7365-4FEE-B95E-B617AE494471}; ClientMachine = LIND55MBVC4; User = NT AUTHORITY\NETWORK SERVICE; ClientProcessId = 9276; Component = Unknown; Operation = Start IWbemServices::ExecQuery - ROOT\StandardCimv2 : SELECT * FROM MSFT_NetAdapterStatisticsSettingData WHERE Name = 'Wi-Fi'; ResultCode = 0x80041032; PossibleCause = Unknown"
"19-08-2026 10:06:23","5858","Error","Microsoft-Windows-WMI-Activity","Id = {2BA64F13-6E19-4D11-87A3-DF0B4FF2ECF0}; ClientMachine = LIND55MBVC4; User = NT AUTHORITY\NETWORK SERVICE; ClientProcessId = 9276; Component = Unknown; Operation = Start IWbemServices::ExecQuery - ROOT\StandardCimv2 : SELECT * FROM MSFT_NetAdapterStatisticsSettingData WHERE Name = 'Wi-Fi'; ResultCode = 0x80041032; PossibleCause = Unknown"
"19-08-2026 10:06:21","5858","Error","Microsoft-Windows-WMI-Activity","Id = {2D019D76-87B4-4298-BCC3-00B58D58AEDD}; ClientMachine = LIND55MBVC4; User = NT AUTHORITY\NETWORK SERVICE; ClientProcessId = 9276; Component = Unknown; Operation = Start IWbemServices::ExecQuery - ROOT\StandardCimv2 : SELECT * FROM MSFT_NetAdapterStatisticsSettingData WHERE Name = 'Wi-Fi'; ResultCode = 0x80041032; PossibleCause = Unknown"
"19-08-2026 10:06:20","5858","Error","Microsoft-Windows-WMI-Activity","Id = {28186CE6-0566-4EC0-AEF0-C594387E9E71}; ClientMachine = LIND55MBVC4; User = NT AUTHORITY\NETWORK SERVICE; ClientProcessId = 9276; Component = Unknown; Operation = Start IWbemServices::ExecQuery - ROOT\StandardCimv2 : SELECT * FROM MSFT_NetAdapterStatisticsSettingData WHERE Name = 'Wi-Fi'; ResultCode = 0x80041032; PossibleCause = Unknown"
"19-08-2026 10:06:19","5858","Error","Microsoft-Windows-WMI-Activity","Id = {D3097E27-06F2-4652-9B27-83A06B8357E0}; ClientMachine = LIND55MBVC4; User = NT AUTHORITY\NETWORK SERVICE; ClientProcessId = 9276; Component = Unknown; Operation = Start IWbemServices::ExecQuery - ROOT\StandardCimv2 : SELECT * FROM MSFT_NetAdapterStatisticsSettingData WHERE Name = 'Wi-Fi'; ResultCode = 0x80041032; PossibleCause = Unknown"
"19-08-2026 10:06:18","5858","Error","Microsoft-Windows-WMI-Activity","Id = {83DAAF74-3D07-41A2-AA68-787BE279AD78}; ClientMachine = LIND55MBVC4; User = NT AUTHORITY\NETWORK SERVICE; ClientProcessId = 9276; Component = Unknown; Operation = Start IWbemServices::ExecQuery - ROOT\StandardCimv2 : SELECT * FROM MSFT_NetAdapterStatisticsSettingData WHERE Name = 'Wi-Fi'; ResultCode = 0x80041032; PossibleCause = Unknown"
"19-08-2026 10:06:17","5858","Error","Microsoft-Windows-WMI-Activity","Id = {48E9577C-24F3-4091-87B3-71E260714F90}; ClientMachine = LIND55MBVC4; User = NT AUTHORITY\NETWORK SERVICE; ClientProcessId = 9276; Component = Unknown; Operation = Start IWbemServices::ExecQuery - ROOT\StandardCimv2 : SELECT * FROM MSFT_NetAdapterStatisticsSettingData WHERE Name = 'Wi-Fi'; ResultCode = 0x80041032; PossibleCause = Unknown"
"19-08-2026 10:06:16","5858","Error","Microsoft-Windows-WMI-Activity","Id = {266784B4-3633-41F2-A0A9-ED3A2B5343D4}; ClientMachine = LIND55MBVC4; User = NT AUTHORITY\NETWORK SERVICE; ClientProcessId = 9276; Component = Unknown; Operation = Start IWbemServices::ExecQuery - ROOT\StandardCimv2 : SELECT * FROM MSFT_NetAdapterStatisticsSettingData WHERE Name = 'Wi-Fi'; ResultCode = 0x80041032; PossibleCause = Unknown"
"19-08-2026 10:06:15","5858","Error","Microsoft-Windows-WMI-Activity","Id = {18C3CA8C-3A7E-4F9C-823E-4F8376A67495}; ClientMachine = LIND55MBVC4; User = NT AUTHORITY\NETWORK SERVICE; ClientProcessId = 9276; Component = Unknown; Operation = Start IWbemServices::ExecQuery - ROOT\StandardCimv2 : SELECT * FROM MSFT_NetAdapterStatisticsSettingData WHERE Name = 'Wi-Fi'; ResultCode = 0x80041032; PossibleCause = Unknown"
"19-08-2026 10:06:14","5858","Error","Microsoft-Windows-WMI-Activity","Id = {077D70B0-C819-4CA2-8A50-909866448C13}; ClientMachine = LIND55MBVC4; User = NT AUTHORITY\NETWORK SERVICE; ClientProcessId = 9276; Component = Unknown; Operation = Start IWbemServices::ExecQuery - ROOT\StandardCimv2 : SELECT * FROM MSFT_NetAdapterStatisticsSettingData WHERE Name = 'Wi-Fi'; ResultCode = 0x80041032; PossibleCause = Unknown"
"19-08-2026 10:06:12","5858","Error","Microsoft-Windows-WMI-Activity","Id = {8D9053ED-3A0F-4879-9FB8-81421CEC8A15}; ClientMachine = LIND55MBVC4; User = ENTERPRISE\arjo5004; ClientProcessId = 5020; Component = Unknown; Operation = Start IWbemServices::GetObject - root\cimv2\mdm : \\.\ROOT\cimv2\mdm:MDM_ConfigSetting.SettingName=""JobPurgeIntervalInDays""; ResultCode = 0x80041003; PossibleCause = Unknown"
"19-08-2026 10:06:12","5858","Error","Microsoft-Windows-WMI-Activity","Id = {9D8B5AF6-DFAB-4E45-B5B5-4529E00CA144}; ClientMachine = LIND55MBVC4; User = ENTERPRISE\arjo5004; ClientProcessId = 5020; Component = Unknown; Operation = Start IWbemServices::GetObject - root\cimv2\mdm : \\.\ROOT\cimv2\mdm:MDM_ConfigSetting.SettingName=""DeployWaitTimeout""; ResultCode = 0x80041003; PossibleCause = Unknown"
"19-08-2026 10:06:12","5858","Error","Microsoft-Windows-WMI-Activity","Id = {D42730D9-2168-4296-862A-D0F61434BF04}; ClientMachine = LIND55MBVC4; User = ENTERPRISE\arjo5004; ClientProcessId = 5020; Component = Unknown; Operation = Start IWbemServices::GetObject - root\cimv2\mdm : \\.\ROOT\cimv2\mdm:MDM_ConfigSetting.SettingName=""BitsJobPriority""; ResultCode = 0x80041003; PossibleCause = Unknown"
"19-08-2026 10:06:12","5858","Error","Microsoft-Windows-WMI-Activity","Id = {648D600B-113A-4672-AA8B-B23CAE6F9A62}; ClientMachine = LIND55MBVC4; User = ENTERPRISE\arjo5004; ClientProcessId = 5020; Component = Unknown; Operation = Start IWbemServices::GetObject - root\cimv2\mdm : \\.\ROOT\cimv2\mdm:MDM_ConfigSetting.SettingName=""CheckCRL""; ResultCode = 0x80041003; PossibleCause = Unknown"
"19-08-2026 10:06:12","5858","Error","Microsoft-Windows-WMI-Activity","Id = {F8F8A2C7-4C14-4DFD-936B-AB2F90A79D6C}; ClientMachine = LIND55MBVC4; User = ENTERPRISE\arjo5004; ClientProcessId = 5020; Component = Unknown; Operation = Start IWbemServices::GetObject - root\cimv2\mdm : \\.\ROOT\cimv2\mdm:MDM_ConfigSetting.SettingName=""DeploymentRetries""; ResultCode = 0x80041003; PossibleCause = Unknown"
"19-08-2026 10:06:12","5858","Error","Microsoft-Windows-WMI-Activity","Id = {FD898DC7-CDB3-4FA2-8B0E-DD427CC2890F}; ClientMachine = LIND55MBVC4; User = ENTERPRISE\arjo5004; ClientProcessId = 5020; Component = Unknown; Operation = Start IWbemServices::GetObject - root\cimv2\mdm : \\.\ROOT\cimv2\mdm:MDM_ConfigSetting.SettingName=""BitsNoProgressTimeout""; ResultCode = 0x80041003; PossibleCause = Unknown"
"19-08-2026 10:06:12","5858","Error","Microsoft-Windows-WMI-Activity","Id = {4FCD37A3-1CF4-4021-94D8-1DB6EFABC46B}; ClientMachine = LIND55MBVC4; User = ENTERPRISE\arjo5004; ClientProcessId = 5020; Component = Unknown; Operation = Start IWbemServices::GetObject - root\cimv2\mdm : \\.\ROOT\cimv2\mdm:MDM_ConfigSetting.SettingName=""BitsRetryDelay""; ResultCode = 0x80041003; PossibleCause = Unknown"
"19-08-2026 10:06:12","5858","Error","Microsoft-Windows-WMI-Activity","Id = {0D51C485-5B0A-4697-82FC-6ECD0A5022A5}; ClientMachine = LIND55MBVC4; User = ENTERPRISE\arjo5004; ClientProcessId = 5020; Component = Unknown; Operation = Start IWbemServices::GetObject - root\cimv2\mdm : \\.\ROOT\cimv2\mdm:MDM_ConfigSetting.SettingName=""BitsNetworCostFlags""; ResultCode = 0x80041003; PossibleCause = Unknown"
"19-08-2026 10:06:12","5858","Error","Microsoft-Windows-WMI-Activity","Id = {956B89E7-4D7E-4E6B-9B40-AA32DE2D8E1B}; ClientMachine = LIND55MBVC4; User = NT AUTHORITY\SYSTEM; ClientProcessId = 5020; Component = Unknown; Operation = Start IWbemServices::GetObject - root\cimv2\mdm : \\.\ROOT\cimv2\mdm:MDM_ConfigSetting.SettingName=""LockRequestIssued""; ResultCode = 0x80041002; PossibleCause = Unknown"
"19-08-2026 10:06:12","5858","Error","Microsoft-Windows-WMI-Activity","Id = {B9CE6AB4-6A7F-49CB-8F3F-15F2B7B9A00F}; ClientMachine = LIND55MBVC4; User = NT AUTHORITY\SYSTEM; ClientProcessId = 5020; Component = Unknown; Operation = Start IWbemServices::GetObject - root\cimv2\mdm : \\.\ROOT\cimv2\mdm:MDM_ConfigSetting.SettingName=""UnenrollRequestIssued""; ResultCode = 0x80041002; PossibleCause = Unknown"
"19-08-2026 10:06:12","5857","Information","Microsoft-Windows-WMI-Activity","MDMSettingsProv provider started with result code 0x0. HostProcess = wmiprvse.exe; ProcessID = 6824; ProviderPath = %systemroot%\system32\wbem\MDMSettingsProv.dll"
"19-08-2026 10:05:49","5857","Information","Microsoft-Windows-WMI-Activity","Win32_EncryptableVolumeProvider provider started with result code 0x0. HostProcess = wmiprvse.exe; ProcessID = 7000; ProviderPath = C:\Windows\System32\wbem\Win32_EncryptableVolume.dll"
"19-08-2026 10:05:02","5857","Information","Microsoft-Windows-WMI-Activity","NetAdapterCim provider started with result code 0x0. HostProcess = wmiprvse.exe; ProcessID = 28896; ProviderPath = %systemroot%\system32\wbem\NetAdapterCim.dll"
"19-08-2026 10:05:00","5858","Error","Microsoft-Windows-WMI-Activity","Id = {82934997-9FA8-43F9-8936-83D8369C8990}; ClientMachine = LIND55MBVC4; User = ENTERPRISE\arjo5004; ClientProcessId = 13424; Component = Unknown; Operation = Start IWbemServices::GetObject - root\cimv2\mdm : \\.\ROOT\cimv2\mdm:MDM_ConfigSetting.SettingName=""JobPurgeIntervalInDays""; ResultCode = 0x80041003; PossibleCause = Unknown"
"19-08-2026 10:05:00","5858","Error","Microsoft-Windows-WMI-Activity","Id = {E3FF34F5-78FB-4C48-A0EB-D5B0085FCF9B}; ClientMachine = LIND55MBVC4; User = ENTERPRISE\arjo5004; ClientProcessId = 13424; Component = Unknown; Operation = Start IWbemServices::GetObject - root\cimv2\mdm : \\.\ROOT\cimv2\mdm:MDM_ConfigSetting.SettingName=""DeployWaitTimeout""; ResultCode = 0x80041003; PossibleCause = Unknown"
"19-08-2026 10:05:00","5858","Error","Microsoft-Windows-WMI-Activity","Id = {FA722911-866C-499F-BD1E-C494BC0B3978}; ClientMachine = LIND55MBVC4; User = ENTERPRISE\arjo5004; ClientProcessId = 13424; Component = Unknown; Operation = Start IWbemServices::GetObject - root\cimv2\mdm : \\.\ROOT\cimv2\mdm:MDM_ConfigSetting.SettingName=""BitsJobPriority""; ResultCode = 0x80041003; PossibleCause = Unknown"
"19-08-2026 10:05:00","5858","Error","Microsoft-Windows-WMI-Activity","Id = {ED655F70-DA25-4532-8670-4A49393429E6}; ClientMachine = LIND55MBVC4; User = ENTERPRISE\arjo5004; ClientProcessId = 13424; Component = Unknown; Operation = Start IWbemServices::GetObject - root\cimv2\mdm : \\.\ROOT\cimv2\mdm:MDM_ConfigSetting.SettingName=""CheckCRL""; ResultCode = 0x80041003; PossibleCause = Unknown"
"19-08-2026 10:05:00","5858","Error","Microsoft-Windows-WMI-Activity","Id = {8AC09866-49C2-4CC0-8400-B9BA2AA49AA9}; ClientMachine = LIND55MBVC4; User = ENTERPRISE\arjo5004; ClientProcessId = 13424; Component = Unknown; Operation = Start IWbemServices::GetObject - root\cimv2\mdm : \\.\ROOT\cimv2\mdm:MDM_ConfigSetting.SettingName=""DeploymentRetries""; ResultCode = 0x80041003; PossibleCause = Unknown"
"19-08-2026 10:05:00","5858","Error","Microsoft-Windows-WMI-Activity","Id = {BF14F9C1-3810-40D0-AAC2-574A62E9ED52}; ClientMachine = LIND55MBVC4; User = ENTERPRISE\arjo5004; ClientProcessId = 13424; Component = Unknown; Operation = Start IWbemServices::GetObject - root\cimv2\mdm : \\.\ROOT\cimv2\mdm:MDM_ConfigSetting.SettingName=""BitsNoProgressTimeout""; ResultCode = 0x80041003; PossibleCause = Unknown"
"19-08-2026 10:05:00","5858","Error","Microsoft-Windows-WMI-Activity","Id = {F8AECA6A-455C-40B0-840F-8E72D7975510}; ClientMachine = LIND55MBVC4; User = ENTERPRISE\arjo5004; ClientProcessId = 13424; Component = Unknown; Operation = Start IWbemServices::GetObject - root\cimv2\mdm : \\.\ROOT\cimv2\mdm:MDM_ConfigSetting.SettingName=""BitsRetryDelay""; ResultCode = 0x80041003; PossibleCause = Unknown"
"19-08-2026 10:05:00","5858","Error","Microsoft-Windows-WMI-Activity","Id = {8F0ADF9B-87EF-42E3-8C54-6AB114C680FD}; ClientMachine = LIND55MBVC4; User = ENTERPRISE\arjo5004; ClientProcessId = 13424; Component = Unknown; Operation = Start IWbemServices::GetObject - root\cimv2\mdm : \\.\ROOT\cimv2\mdm:MDM_ConfigSetting.SettingName=""BitsNetworCostFlags""; ResultCode = 0x80041003; PossibleCause = Unknown"
"19-08-2026 10:05:00","5858","Error","Microsoft-Windows-WMI-Activity","Id = {A6D44B3C-25C2-4BC9-9369-36681941BB08}; ClientMachine = LIND55MBVC4; User = NT AUTHORITY\SYSTEM; ClientProcessId = 13424; Component = Unknown; Operation = Start IWbemServices::GetObject - root\cimv2\mdm : \\.\ROOT\cimv2\mdm:MDM_ConfigSetting.SettingName=""LockRequestIssued""; ResultCode = 0x80041002; PossibleCause = Unknown"
"19-08-2026 10:04:59","5858","Error","Microsoft-Windows-WMI-Activity","Id = {9A8CA2D3-01AF-4667-AC7E-B4967DD1C060}; ClientMachine = LIND55MBVC4; User = NT AUTHORITY\SYSTEM; ClientProcessId = 13424; Component = Unknown; Operation = Start IWbemServices::GetObject - root\cimv2\mdm : \\.\ROOT\cimv2\mdm:MDM_ConfigSetting.SettingName=""UnenrollRequestIssued""; ResultCode = 0x80041002; PossibleCause = Unknown"
"19-08-2026 10:04:51","5858","Error","Microsoft-Windows-WMI-Activity","Id = {8D83016F-6037-400A-8E36-6F852EAED8B8}; ClientMachine = LIND55MBVC4; User = NT AUTHORITY\SYSTEM; ClientProcessId = 13424; Component = Unknown; Operation = Start IWbemServices::ExecQuery - root\Microsoft\Windows\DeviceGuard : SELECT * FROM Win32_DeviceGuard; ResultCode = 0x80041032; PossibleCause = Unknown"
"19-08-2026 10:04:51","5858","Error","Microsoft-Windows-WMI-Activity","Id = {D62EB77B-4D73-4DBD-925F-E1890375EE1C}; ClientMachine = LIND55MBVC4; User = NT AUTHORITY\SYSTEM; ClientProcessId = 13424; Component = Unknown; Operation = Start IWbemServices::ExecQuery - root\Microsoft\Windows\DeviceGuard : SELECT * FROM Win32_DeviceGuard; ResultCode = 0x80041032; PossibleCause = Unknown"
"19-08-2026 10:04:51","5858","Error","Microsoft-Windows-WMI-Activity","Id = {0C1E53F0-8262-4090-9251-757E0CBD1309}; ClientMachine = LIND55MBVC4; User = NT AUTHORITY\SYSTEM; ClientProcessId = 13424; Component = Unknown; Operation = Start IWbemServices::GetObject - root\cimv2\mdm : \\.\ROOT\cimv2\mdm:MDM_ConfigSetting.SettingName=""DefaultComanWorkloads""; ResultCode = 0x80041002; PossibleCause = Unknown"
"19-08-2026 10:04:51","5858","Error","Microsoft-Windows-WMI-Activity","Id = {1219721F-145C-44D9-B019-69780E2DA2E0}; ClientMachine = LIND55MBVC4; User = NT AUTHORITY\SYSTEM; ClientProcessId = 13424; Component = Unknown; Operation = Start IWbemServices::ExecQuery - root\CIMV2\Security\MicrosoftVolumeEncryption : SELECT * FROM Win32_EncryptableVolume Where DriveLetter='C:'; ResultCode = 0x80041032; PossibleCause = Unknown"
"19-08-2026 10:04:50","5858","Error","Microsoft-Windows-WMI-Activity","Id = {FD09C22F-722B-4C1C-B395-FB79E468AEDB}; ClientMachine = LIND55MBVC4; User = NT AUTHORITY\SYSTEM; ClientProcessId = 13424; Component = Unknown; Operation = Start IWbemServices::GetObject - root\cimv2\mdm : \\.\ROOT\cimv2\mdm:MDM_ConfigSetting.SettingName=""ClientHealthLastSyncTime""; ResultCode = 0x80041002; PossibleCause = Unknown"
"19-08-2026 10:04:50","5858","Error","Microsoft-Windows-WMI-Activity","Id = {B3B8312E-82AD-4439-A5C8-BB6C357F5562}; ClientMachine = LIND55MBVC4; User = NT AUTHORITY\SYSTEM; ClientProcessId = 13424; Component = Unknown; Operation = Start IWbemServices::GetObject - root\cimv2\mdm : \\.\ROOT\cimv2\mdm:MDM_ConfigSetting.SettingName=""ClientDeploymentErrorCode""; ResultCode = 0x80041002; PossibleCause = Unknown"
"19-08-2026 10:04:50","5858","Error","Microsoft-Windows-WMI-Activity","Id = {E7400313-A4E2-40BC-AFB4-01E088210BFB}; ClientMachine = LIND55MBVC4; User = NT AUTHORITY\SYSTEM; ClientProcessId = 13424; Component = Unknown; Operation = Start IWbemServices::GetObject - root\cimv2\mdm : \\.\ROOT\cimv2\mdm:MDM_ConfigSetting.SettingName=""ClientHealthStatus""; ResultCode = 0x80041002; PossibleCause = Unknown"
"19-08-2026 10:04:49","5858","Error","Microsoft-Windows-WMI-Activity","Id = {1610A223-2680-4E45-BD51-E060419E7A29}; ClientMachine = LIND55MBVC4; User = NT AUTHORITY\SYSTEM; ClientProcessId = 13424; Component = Unknown; Operation = Start IWbemServices::GetObject - root\cimv2\mdm : \\.\ROOT\cimv2\mdm:MDM_ConfigSetting.SettingName=""DefaultComanWorkloads""; ResultCode = 0x80041002; PossibleCause = Unknown"
"19-08-2026 10:04:48","5858","Error","Microsoft-Windows-WMI-Activity","Id = {F0A36DA9-F11C-4526-BB7F-05C8D5FBD5E3}; ClientMachine = LIND55MBVC4; User = NT AUTHORITY\SYSTEM; ClientProcessId = 13424; Component = Unknown; Operation = Start IWbemServices::ExecQuery - root\Microsoft\Windows\DeviceGuard : SELECT * FROM Win32_DeviceGuard; ResultCode = 0x80041032; PossibleCause = Unknown"
"19-08-2026 10:04:48","5858","Error","Microsoft-Windows-WMI-Activity","Id = {67A30A22-C63A-431C-B648-216D652CD010}; ClientMachine = LIND55MBVC4; User = NT AUTHORITY\SYSTEM; ClientProcessId = 13424; Component = Unknown; Operation = Start IWbemServices::ExecQuery - root\Microsoft\Windows\DeviceGuard : SELECT * FROM Win32_DeviceGuard; ResultCode = 0x80041032; PossibleCause = Unknown"
"19-08-2026 10:04:45","5858","Error","Microsoft-Windows-WMI-Activity","Id = {592D853B-5262-45E0-94D8-6744A9F56BCA}; ClientMachine = LIND55MBVC4; User = NT AUTHORITY\SYSTEM; ClientProcessId = 13424; Component = Unknown; Operation = Start IWbemServices::ExecQuery - root\CIMV2\Security\MicrosoftVolumeEncryption : SELECT * FROM Win32_EncryptableVolume Where DriveLetter='C:'; ResultCode = 0x80041032; PossibleCause = Unknown"
"19-08-2026 10:04:44","5858","Error","Microsoft-Windows-WMI-Activity","Id = {E55297BA-0C6B-4683-B794-85C50A8E34AA}; ClientMachine = LIND55MBVC4; User = NT AUTHORITY\SYSTEM; ClientProcessId = 13424; Component = Unknown; Operation = Start IWbemServices::GetObject - root\cimv2\mdm : \\.\ROOT\cimv2\mdm:MDM_ConfigSetting.SettingName=""ClientHealthLastSyncTime""; ResultCode = 0x80041002; PossibleCause = Unknown"
"19-08-2026 10:04:44","5858","Error","Microsoft-Windows-WMI-Activity","Id = {F8125AEE-300F-4340-8D0E-2844E1C2AB59}; ClientMachine = LIND55MBVC4; User = NT AUTHORITY\SYSTEM; ClientProcessId = 13424; Component = Unknown; Operation = Start IWbemServices::GetObject - root\cimv2\mdm : \\.\ROOT\cimv2\mdm:MDM_ConfigSetting.SettingName=""ClientDeploymentErrorCode""; ResultCode = 0x80041002; PossibleCause = Unknown"
"19-08-2026 10:04:44","5858","Error","Microsoft-Windows-WMI-Activity","Id = {43078A71-78EE-4BD1-A4BD-E8CE290A76EE}; ClientMachine = LIND55MBVC4; User = NT AUTHORITY\SYSTEM; ClientProcessId = 13424; Component = Unknown; Operation = Start IWbemServices::GetObject - root\cimv2\mdm : \\.\ROOT\cimv2\mdm:MDM_ConfigSetting.SettingName=""ClientHealthStatus""; ResultCode = 0x80041002; PossibleCause = Unknown"
"19-08-2026 10:04:25","5858","Error","Microsoft-Windows-WMI-Activity","Id = {96D887E6-09B9-4B84-AA2D-D11FAC64F74C}; ClientMachine = LIND55MBVC4; User = NT AUTHORITY\SYSTEM; ClientProcessId = 13424; Component = Unknown; Operation = Start IWbemServices::GetObject - root\cimv2\mdm : \\.\ROOT\cimv2\mdm:MDM_ConfigSetting.SettingName=""DefaultComanWorkloads""; ResultCode = 0x80041002; PossibleCause = Unknown"
"19-08-2026 10:04:25","5858","Error","Microsoft-Windows-WMI-Activity","Id = {0C7B696C-44F0-4D3C-90CD-D9E8C7AA138F}; ClientMachine = LIND55MBVC4; User = NT AUTHORITY\SYSTEM; ClientProcessId = 13424; Component = Unknown; Operation = Start IWbemServices::GetObject - root\cimv2\mdm : \\.\ROOT\cimv2\mdm:MDM_ConfigSetting.SettingName=""ClientHealthLastSyncTime""; ResultCode = 0x80041002; PossibleCause = Unknown"
"19-08-2026 10:04:25","5858","Error","Microsoft-Windows-WMI-Activity","Id = {88D2C130-160D-4CF2-AB42-A68D0BD3CF1D}; ClientMachine = LIND55MBVC4; User = NT AUTHORITY\SYSTEM; ClientProcessId = 13424; Component = Unknown; Operation = Start IWbemServices::GetObject - root\cimv2\mdm : \\.\ROOT\cimv2\mdm:MDM_ConfigSetting.SettingName=""ClientDeploymentErrorCode""; ResultCode = 0x80041002; PossibleCause = Unknown"
"19-08-2026 10:04:25","5858","Error","Microsoft-Windows-WMI-Activity","Id = {C865CAF8-7354-4534-B0EE-E0FF86F7EF01}; ClientMachine = LIND55MBVC4; User = NT AUTHORITY\SYSTEM; ClientProcessId = 13424; Component = Unknown; Operation = Start IWbemServices::GetObject - root\cimv2\mdm : \\.\ROOT\cimv2\mdm:MDM_ConfigSetting.SettingName=""ClientHealthStatus""; ResultCode = 0x80041002; PossibleCause = Unknown"
"19-08-2026 10:04:18","5858","Error","Microsoft-Windows-WMI-Activity","Id = {83F35FF1-1949-4237-ADB0-A69D0185CCC7}; ClientMachine = LIND55MBVC4; User = NT AUTHORITY\SYSTEM; ClientProcessId = 13424; Component = Unknown; Operation = Start IWbemServices::ExecQuery - root\Microsoft\Windows\DeviceGuard : SELECT * FROM Win32_DeviceGuard; ResultCode = 0x80041032; PossibleCause = Unknown"
"19-08-2026 10:04:18","5858","Error","Microsoft-Windows-WMI-Activity","Id = {39B3D6EC-721A-4126-8627-080DE0343969}; ClientMachine = LIND55MBVC4; User = NT AUTHORITY\SYSTEM; ClientProcessId = 13424; Component = Unknown; Operation = Start IWbemServices::ExecQuery - root\Microsoft\Windows\DeviceGuard : SELECT * FROM Win32_DeviceGuard; ResultCode = 0x80041032; PossibleCause = Unknown"
"19-08-2026 10:04:17","5858","Error","Microsoft-Windows-WMI-Activity","Id = {6EC4EE62-EB57-4F80-9D84-6F179E9ED396}; ClientMachine = LIND55MBVC4; User = NT AUTHORITY\SYSTEM; ClientProcessId = 13424; Component = Unknown; Operation = Start IWbemServices::GetObject - root\cimv2\mdm : \\.\ROOT\cimv2\mdm:MDM_ConfigSetting.SettingName=""DefaultComanWorkloads""; ResultCode = 0x80041002; PossibleCause = Unknown"
"19-08-2026 10:04:17","5858","Error","Microsoft-Windows-WMI-Activity","Id = {E5EA63A8-B253-4749-9F55-621B1DAB45D4}; ClientMachine = LIND55MBVC4; User = NT AUTHORITY\SYSTEM; ClientProcessId = 13424; Component = Unknown; Operation = Start IWbemServices::ExecQuery - root\CIMV2\Security\MicrosoftVolumeEncryption : SELECT * FROM Win32_EncryptableVolume Where DriveLetter='C:'; ResultCode = 0x80041032; PossibleCause = Unknown"
"19-08-2026 10:04:17","5858","Error","Microsoft-Windows-WMI-Activity","Id = {F1E7A218-2B18-44A6-B9A7-DECAFA5998D0}; ClientMachine = LIND55MBVC4; User = NT AUTHORITY\SYSTEM; ClientProcessId = 13424; Component = Unknown; Operation = Start IWbemServices::GetObject - root\cimv2\mdm : \\.\ROOT\cimv2\mdm:MDM_ConfigSetting.SettingName=""ClientHealthLastSyncTime""; ResultCode = 0x80041002; PossibleCause = Unknown"
"19-08-2026 10:04:17","5858","Error","Microsoft-Windows-WMI-Activity","Id = {60AE2F87-41E1-48E7-AE24-B6DE52C43EDA}; ClientMachine = LIND55MBVC4; User = NT AUTHORITY\SYSTEM; ClientProcessId = 13424; Component = Unknown; Operation = Start IWbemServices::GetObject - root\cimv2\mdm : \\.\ROOT\cimv2\mdm:MDM_ConfigSetting.SettingName=""ClientDeploymentErrorCode""; ResultCode = 0x80041002; PossibleCause = Unknown"
"19-08-2026 10:04:17","5858","Error","Microsoft-Windows-WMI-Activity","Id = {850971B7-20C0-4575-B9D5-ADA7632C90D3}; ClientMachine = LIND55MBVC4; User = NT AUTHORITY\SYSTEM; ClientProcessId = 13424; Component = Unknown; Operation = Start IWbemServices::GetObject - root\cimv2\mdm : \\.\ROOT\cimv2\mdm:MDM_ConfigSetting.SettingName=""ClientHealthStatus""; ResultCode = 0x80041002; PossibleCause = Unknown"
"19-08-2026 10:04:16","5858","Error","Microsoft-Windows-WMI-Activity","Id = {A4B83D5E-79A3-438C-A7A4-EB40D3EEF2B3}; ClientMachine = LIND55MBVC4; User = NT AUTHORITY\SYSTEM; ClientProcessId = 13424; Component = Unknown; Operation = Start IWbemServices::GetObject - root\cimv2\mdm : \\.\ROOT\cimv2\mdm:MDM_ConfigSetting.SettingName=""DefaultComanWorkloads""; ResultCode = 0x80041002; PossibleCause = Unknown"
"19-08-2026 10:04:15","5858","Error","Microsoft-Windows-WMI-Activity","Id = {1D6880C4-2B33-4CBA-B90B-928C1B1E6C4E}; ClientMachine = LIND55MBVC4; User = NT AUTHORITY\SYSTEM; ClientProcessId = 13424; Component = Unknown; Operation = Start IWbemServices::ExecQuery - root\Microsoft\Windows\DeviceGuard : SELECT * FROM Win32_DeviceGuard; ResultCode = 0x80041032; PossibleCause = Unknown"
"19-08-2026 10:04:15","5858","Error","Microsoft-Windows-WMI-Activity","Id = {F8FF8EDA-BFF9-47CF-81CA-3F672C529867}; ClientMachine = LIND55MBVC4; User = NT AUTHORITY\SYSTEM; ClientProcessId = 13424; Component = Unknown; Operation = Start IWbemServices::ExecQuery - root\Microsoft\Windows\DeviceGuard : SELECT * FROM Win32_DeviceGuard; ResultCode = 0x80041032; PossibleCause = Unknown"
"19-08-2026 10:04:12","5858","Error","Microsoft-Windows-WMI-Activity","Id = {AC28D799-B916-45DE-A924-5A362EBF2691}; ClientMachine = LIND55MBVC4; User = NT AUTHORITY\SYSTEM; ClientProcessId = 13424; Component = Unknown; Operation = Start IWbemServices::ExecQuery - root\CIMV2\Security\MicrosoftVolumeEncryption : SELECT * FROM Win32_EncryptableVolume Where DriveLetter='C:'; ResultCode = 0x80041032; PossibleCause = Unknown"
"19-08-2026 10:04:11","5858","Error","Microsoft-Windows-WMI-Activity","Id = {936F1394-66E7-43FE-8E8C-27BB52D717E7}; ClientMachine = LIND55MBVC4; User = NT AUTHORITY\SYSTEM; ClientProcessId = 13424; Component = Unknown; Operation = Start IWbemServices::GetObject - root\cimv2\mdm : \\.\ROOT\cimv2\mdm:MDM_ConfigSetting.SettingName=""ClientHealthLastSyncTime""; ResultCode = 0x80041002; PossibleCause = Unknown"
"19-08-2026 10:04:10","5858","Error","Microsoft-Windows-WMI-Activity","Id = {568F8C9D-FA77-410B-9CCE-45D9B696BE0A}; ClientMachine = LIND55MBVC4; User = NT AUTHORITY\SYSTEM; ClientProcessId = 13424; Component = Unknown; Operation = Start IWbemServices::GetObject - root\cimv2\mdm : \\.\ROOT\cimv2\mdm:MDM_ConfigSetting.SettingName=""ClientDeploymentErrorCode""; ResultCode = 0x80041002; PossibleCause = Unknown"
"19-08-2026 10:04:10","5858","Error","Microsoft-Windows-WMI-Activity","Id = {06F9BEBC-EA8B-40B8-A18C-EC825CA0C34B}; ClientMachine = LIND55MBVC4; User = NT AUTHORITY\SYSTEM; ClientProcessId = 13424; Component = Unknown; Operation = Start IWbemServices::GetObject - root\cimv2\mdm : \\.\ROOT\cimv2\mdm:MDM_ConfigSetting.SettingName=""ClientHealthStatus""; ResultCode = 0x80041002; PossibleCause = Unknown"
"19-08-2026 10:04:01","5858","Error","Microsoft-Windows-WMI-Activity","Id = {E4279508-0104-4A67-A8E8-54C64AE61EC0}; ClientMachine = LIND55MBVC4; User = ENTERPRISE\arjo5004; ClientProcessId = 12444; Component = Unknown; Operation = Start IWbemServices::GetObject - root\cimv2\mdm : \\.\ROOT\cimv2\mdm:MDM_ConfigSetting.SettingName=""JobPurgeIntervalInDays""; ResultCode = 0x80041003; PossibleCause = Unknown"
"19-08-2026 10:04:01","5858","Error","Microsoft-Windows-WMI-Activity","Id = {0A343760-549A-4479-B7B5-5A21DA9A5411}; ClientMachine = LIND55MBVC4; User = ENTERPRISE\arjo5004; ClientProcessId = 12444; Component = Unknown; Operation = Start IWbemServices::GetObject - root\cimv2\mdm : \\.\ROOT\cimv2\mdm:MDM_ConfigSetting.SettingName=""DeployWaitTimeout""; ResultCode = 0x80041003; PossibleCause = Unknown"
"19-08-2026 10:04:01","5858","Error","Microsoft-Windows-WMI-Activity","Id = {7B3BD64E-E2C0-4728-8F52-BAA95ED8705B}; ClientMachine = LIND55MBVC4; User = ENTERPRISE\arjo5004; ClientProcessId = 12444; Component = Unknown; Operation = Start IWbemServices::GetObject - root\cimv2\mdm : \\.\ROOT\cimv2\mdm:MDM_ConfigSetting.SettingName=""BitsJobPriority""; ResultCode = 0x80041003; PossibleCause = Unknown"
"19-08-2026 10:04:01","5858","Error","Microsoft-Windows-WMI-Activity","Id = {3F2216E8-4301-43F7-A841-BFAFC3F5B68A}; ClientMachine = LIND55MBVC4; User = ENTERPRISE\arjo5004; ClientProcessId = 12444; Component = Unknown; Operation = Start IWbemServices::GetObject - root\cimv2\mdm : \\.\ROOT\cimv2\mdm:MDM_ConfigSetting.SettingName=""CheckCRL""; ResultCode = 0x80041003; PossibleCause = Unknown"
"19-08-2026 10:04:01","5858","Error","Microsoft-Windows-WMI-Activity","Id = {5CA684BA-2E8A-480B-A482-7B2F76DE790D}; ClientMachine = LIND55MBVC4; User = ENTERPRISE\arjo5004; ClientProcessId = 12444; Component = Unknown; Operation = Start IWbemServices::GetObject - root\cimv2\mdm : \\.\ROOT\cimv2\mdm:MDM_ConfigSetting.SettingName=""DeploymentRetries""; ResultCode = 0x80041003; PossibleCause = Unknown"
"19-08-2026 10:04:01","5858","Error","Microsoft-Windows-WMI-Activity","Id = {21761631-2E91-4DFF-B18F-6BC36AF4F363}; ClientMachine = LIND55MBVC4; User = ENTERPRISE\arjo5004; ClientProcessId = 12444; Component = Unknown; Operation = Start IWbemServices::GetObject - root\cimv2\mdm : \\.\ROOT\cimv2\mdm:MDM_ConfigSetting.SettingName=""BitsNoProgressTimeout""; ResultCode = 0x80041003; PossibleCause = Unknown"
"19-08-2026 10:04:01","5858","Error","Microsoft-Windows-WMI-Activity","Id = {0213F077-2266-42F0-9E93-2C50103C1D56}; ClientMachine = LIND55MBVC4; User = ENTERPRISE\arjo5004; ClientProcessId = 12444; Component = Unknown; Operation = Start IWbemServices::GetObject - root\cimv2\mdm : \\.\ROOT\cimv2\mdm:MDM_ConfigSetting.SettingName=""BitsRetryDelay""; ResultCode = 0x80041003; PossibleCause = Unknown"
"19-08-2026 10:04:01","5858","Error","Microsoft-Windows-WMI-Activity","Id = {5836A1F2-59FF-4A13-AF07-BE156C7932B4}; ClientMachine = LIND55MBVC4; User = ENTERPRISE\arjo5004; ClientProcessId = 12444; Component = Unknown; Operation = Start IWbemServices::GetObject - root\cimv2\mdm : \\.\ROOT\cimv2\mdm:MDM_ConfigSetting.SettingName=""BitsNetworCostFlags""; ResultCode = 0x80041003; PossibleCause = Unknown"
"19-08-2026 10:04:01","5858","Error","Microsoft-Windows-WMI-Activity","Id = {A84743C9-2D57-4784-8E64-7D2CAEC43A11}; ClientMachine = LIND55MBVC4; User = NT AUTHORITY\SYSTEM; ClientProcessId = 12444; Component = Unknown; Operation = Start IWbemServices::GetObject - root\cimv2\mdm : \\.\ROOT\cimv2\mdm:MDM_ConfigSetting.SettingName=""LockRequestIssued""; ResultCode = 0x80041002; PossibleCause = Unknown"
"19-08-2026 10:04:00","5858","Error","Microsoft-Windows-WMI-Activity","Id = {11F5ED64-0286-4BB1-92C5-CE36176890E8}; ClientMachine = LIND55MBVC4; User = NT AUTHORITY\SYSTEM; ClientProcessId = 12444; Component = Unknown; Operation = Start IWbemServices::GetObject - root\cimv2\mdm : \\.\ROOT\cimv2\mdm:MDM_ConfigSetting.SettingName=""UnenrollRequestIssued""; ResultCode = 0x80041002; PossibleCause = Unknown"
"19-08-2026 10:03:57","5858","Error","Microsoft-Windows-WMI-Activity","Id = {ECB75C46-B948-49B6-B7EA-530BAE0FE5E0}; ClientMachine = LIND55MBVC4; User = ENTERPRISE\arjo5004; ClientProcessId = 6944; Component = Unknown; Operation = Start IWbemServices::GetObject - root\cimv2\mdm : \\.\ROOT\cimv2\mdm:MDM_ConfigSetting.SettingName=""JobPurgeIntervalInDays""; ResultCode = 0x80041003; PossibleCause = Unknown"
"19-08-2026 10:03:56","5858","Error","Microsoft-Windows-WMI-Activity","Id = {7C847D7A-E695-4867-A905-71BAA9B396A4}; ClientMachine = LIND55MBVC4; User = ENTERPRISE\arjo5004; ClientProcessId = 6944; Component = Unknown; Operation = Start IWbemServices::GetObject - root\cimv2\mdm : \\.\ROOT\cimv2\mdm:MDM_ConfigSetting.SettingName=""DeployWaitTimeout""; ResultCode = 0x80041003; PossibleCause = Unknown"
"19-08-2026 10:03:56","5858","Error","Microsoft-Windows-WMI-Activity","Id = {C65CB649-D8EC-4662-9FAF-919FD56E93BD}; ClientMachine = LIND55MBVC4; User = ENTERPRISE\arjo5004; ClientProcessId = 6944; Component = Unknown; Operation = Start IWbemServices::GetObject - root\cimv2\mdm : \\.\ROOT\cimv2\mdm:MDM_ConfigSetting.SettingName=""BitsJobPriority""; ResultCode = 0x80041003; PossibleCause = Unknown"
"19-08-2026 10:03:56","5858","Error","Microsoft-Windows-WMI-Activity","Id = {DD11ACCB-E7F1-4BDD-968E-0D8D026FE7D3}; ClientMachine = LIND55MBVC4; User = ENTERPRISE\arjo5004; ClientProcessId = 6944; Component = Unknown; Operation = Start IWbemServices::GetObject - root\cimv2\mdm : \\.\ROOT\cimv2\mdm:MDM_ConfigSetting.SettingName=""CheckCRL""; ResultCode = 0x80041003; PossibleCause = Unknown"
"19-08-2026 10:03:56","5858","Error","Microsoft-Windows-WMI-Activity","Id = {7E8D6A25-8C6B-4F03-BB60-5995FBB54808}; ClientMachine = LIND55MBVC4; User = ENTERPRISE\arjo5004; ClientProcessId = 6944; Component = Unknown; Operation = Start IWbemServices::GetObject - root\cimv2\mdm : \\.\ROOT\cimv2\mdm:MDM_ConfigSetting.SettingName=""DeploymentRetries""; ResultCode = 0x80041003; PossibleCause = Unknown"
"19-08-2026 10:03:56","5858","Error","Microsoft-Windows-WMI-Activity","Id = {00F5178C-6290-4E42-8883-F80DF346C79E}; ClientMachine = LIND55MBVC4; User = ENTERPRISE\arjo5004; ClientProcessId = 6944; Component = Unknown; Operation = Start IWbemServices::GetObject - root\cimv2\mdm : \\.\ROOT\cimv2\mdm:MDM_ConfigSetting.SettingName=""BitsNoProgressTimeout""; ResultCode = 0x80041003; PossibleCause = Unknown"
"19-08-2026 10:03:56","5858","Error","Microsoft-Windows-WMI-Activity","Id = {45A32366-5F3A-4259-B6D1-AC0203DE8841}; ClientMachine = LIND55MBVC4; User = ENTERPRISE\arjo5004; ClientProcessId = 6944; Component = Unknown; Operation = Start IWbemServices::GetObject - root\cimv2\mdm : \\.\ROOT\cimv2\mdm:MDM_ConfigSetting.SettingName=""BitsRetryDelay""; ResultCode = 0x80041003; PossibleCause = Unknown"
"19-08-2026 10:03:56","5858","Error","Microsoft-Windows-WMI-Activity","Id = {9C1FB357-97D6-4F33-B2C1-17B6DD3D0DB7}; ClientMachine = LIND55MBVC4; User = ENTERPRISE\arjo5004; ClientProcessId = 6944; Component = Unknown; Operation = Start IWbemServices::GetObject - root\cimv2\mdm : \\.\ROOT\cimv2\mdm:MDM_ConfigSetting.SettingName=""BitsNetworCostFlags""; ResultCode = 0x80041003; PossibleCause = Unknown"
"19-08-2026 10:03:56","5858","Error","Microsoft-Windows-WMI-Activity","Id = {D0B22C3B-4DC8-4E65-A5D6-5DADDD3879CA}; ClientMachine = LIND55MBVC4; User = NT AUTHORITY\SYSTEM; ClientProcessId = 6944; Component = Unknown; Operation = Start IWbemServices::GetObject - root\cimv2\mdm : \\.\ROOT\cimv2\mdm:MDM_ConfigSetting.SettingName=""LockRequestIssued""; ResultCode = 0x80041002; PossibleCause = Unknown"
"19-08-2026 10:03:56","5858","Error","Microsoft-Windows-WMI-Activity","Id = {52214563-99B4-404B-8A85-54665F6D02F0}; ClientMachine = LIND55MBVC4; User = NT AUTHORITY\SYSTEM; ClientProcessId = 6944; Component = Unknown; Operation = Start IWbemServices::GetObject - root\cimv2\mdm : \\.\ROOT\cimv2\mdm:MDM_ConfigSetting.SettingName=""UnenrollRequestIssued""; ResultCode = 0x80041002; PossibleCause = Unknown"
"19-08-2026 10:03:47","5858","Error","Microsoft-Windows-WMI-Activity","Id = {C3F25D8E-F88E-4F9F-898B-F86C8856DC89}; ClientMachine = LIND55MBVC4; User = NT AUTHORITY\SYSTEM; ClientProcessId = 6944; Component = Unknown; Operation = Start IWbemServices::ExecQuery - root\Microsoft\Windows\DeviceGuard : SELECT * FROM Win32_DeviceGuard; ResultCode = 0x80041032; PossibleCause = Unknown"
"19-08-2026 10:03:47","5858","Error","Microsoft-Windows-WMI-Activity","Id = {4D6A411D-6F53-4A09-8CEB-7DCFC6471FCE}; ClientMachine = LIND55MBVC4; User = NT AUTHORITY\SYSTEM; ClientProcessId = 6944; Component = Unknown; Operation = Start IWbemServices::ExecQuery - root\Microsoft\Windows\DeviceGuard : SELECT * FROM Win32_DeviceGuard; ResultCode = 0x80041032; PossibleCause = Unknown"
"19-08-2026 10:03:47","5858","Error","Microsoft-Windows-WMI-Activity","Id = {4C661B8C-CEB7-4550-83F4-2C15D753668B}; ClientMachine = LIND55MBVC4; User = NT AUTHORITY\SYSTEM; ClientProcessId = 6944; Component = Unknown; Operation = Start IWbemServices::GetObject - root\cimv2\mdm : \\.\ROOT\cimv2\mdm:MDM_ConfigSetting.SettingName=""DefaultComanWorkloads""; ResultCode = 0x80041002; PossibleCause = Unknown"
"19-08-2026 10:03:47","5858","Error","Microsoft-Windows-WMI-Activity","Id = {46B81727-A001-4DC0-9A2C-096722001FEA}; ClientMachine = LIND55MBVC4; User = NT AUTHORITY\SYSTEM; ClientProcessId = 6944; Component = Unknown; Operation = Start IWbemServices::ExecQuery - root\CIMV2\Security\MicrosoftVolumeEncryption : SELECT * FROM Win32_EncryptableVolume Where DriveLetter='C:'; ResultCode = 0x80041032; PossibleCause = Unknown"
"19-08-2026 10:03:47","5858","Error","Microsoft-Windows-WMI-Activity","Id = {CECD5A5E-36CC-4032-8F13-AC8FA4F04534}; ClientMachine = LIND55MBVC4; User = NT AUTHORITY\SYSTEM; ClientProcessId = 6944; Component = Unknown; Operation = Start IWbemServices::GetObject - root\cimv2\mdm : \\.\ROOT\cimv2\mdm:MDM_ConfigSetting.SettingName=""ClientHealthLastSyncTime""; ResultCode = 0x80041002; PossibleCause = Unknown"
"19-08-2026 10:03:46","5858","Error","Microsoft-Windows-WMI-Activity","Id = {5A857883-409C-4876-AE17-F6B8317CDF94}; ClientMachine = LIND55MBVC4; User = NT AUTHORITY\SYSTEM; ClientProcessId = 6944; Component = Unknown; Operation = Start IWbemServices::GetObject - root\cimv2\mdm : \\.\ROOT\cimv2\mdm:MDM_ConfigSetting.SettingName=""ClientDeploymentErrorCode""; ResultCode = 0x80041002; PossibleCause = Unknown"
"19-08-2026 10:03:46","5858","Error","Microsoft-Windows-WMI-Activity","Id = {88E14BB0-DD28-43E3-A816-B60738C30B3A}; ClientMachine = LIND55MBVC4; User = NT AUTHORITY\SYSTEM; ClientProcessId = 6944; Component = Unknown; Operation = Start IWbemServices::GetObject - root\cimv2\mdm : \\.\ROOT\cimv2\mdm:MDM_ConfigSetting.SettingName=""ClientHealthStatus""; ResultCode = 0x80041002; PossibleCause = Unknown"
"19-08-2026 10:03:45","5858","Error","Microsoft-Windows-WMI-Activity","Id = {13524443-6248-43C1-AA19-9924315898A9}; ClientMachine = LIND55MBVC4; User = NT AUTHORITY\SYSTEM; ClientProcessId = 6944; Component = Unknown; Operation = Start IWbemServices::GetObject - root\cimv2\mdm : \\.\ROOT\cimv2\mdm:MDM_ConfigSetting.SettingName=""DefaultComanWorkloads""; ResultCode = 0x80041002; PossibleCause = Unknown"
"19-08-2026 10:03:45","5858","Error","Microsoft-Windows-WMI-Activity","Id = {6E4E54FA-8AF0-474D-A261-D92B764FDAE1}; ClientMachine = LIND55MBVC4; User = NT AUTHORITY\SYSTEM; ClientProcessId = 6944; Component = Unknown; Operation = Start IWbemServices::ExecQuery - root\Microsoft\Windows\DeviceGuard : SELECT * FROM Win32_DeviceGuard; ResultCode = 0x80041032; PossibleCause = Unknown"
"19-08-2026 10:03:45","5858","Error","Microsoft-Windows-WMI-Activity","Id = {DC438D4B-8FEB-4757-BDBE-92AE07A28E9A}; ClientMachine = LIND55MBVC4; User = NT AUTHORITY\SYSTEM; ClientProcessId = 6944; Component = Unknown; Operation = Start IWbemServices::ExecQuery - root\Microsoft\Windows\DeviceGuard : SELECT * FROM Win32_DeviceGuard; ResultCode = 0x80041032; PossibleCause = Unknown"
"19-08-2026 10:03:44","5857","Information","Microsoft-Windows-WMI-Activity","Win32_DeviceGuard provider started with result code 0x0. HostProcess = wmiprvse.exe; ProcessID = 7000; ProviderPath = %SystemRoot%\System32\Win32_DeviceGuard.dll"
"19-08-2026 10:03:41","5858","Error","Microsoft-Windows-WMI-Activity","Id = {EB485364-4E95-4E5F-840D-8C8C8A7C512F}; ClientMachine = LIND55MBVC4; User = NT AUTHORITY\SYSTEM; ClientProcessId = 6944; Component = Unknown; Operation = Start IWbemServices::ExecQuery - root\CIMV2\Security\MicrosoftVolumeEncryption : SELECT * FROM Win32_EncryptableVolume Where DriveLetter='C:'; ResultCode = 0x80041032; PossibleCause = Unknown"
"19-08-2026 10:03:40","5858","Error","Microsoft-Windows-WMI-Activity","Id = {A4B4BB7E-8F92-4B93-92CC-557956AEAC4A}; ClientMachine = LIND55MBVC4; User = NT AUTHORITY\SYSTEM; ClientProcessId = 6944; Component = Unknown; Operation = Start IWbemServices::GetObject - root\cimv2\mdm : \\.\ROOT\cimv2\mdm:MDM_ConfigSetting.SettingName=""ClientHealthLastSyncTime""; ResultCode = 0x80041002; PossibleCause = Unknown"
"19-08-2026 10:03:40","5858","Error","Microsoft-Windows-WMI-Activity","Id = {88205A84-E93A-407E-AA9F-DE9339176DEF}; ClientMachine = LIND55MBVC4; User = NT AUTHORITY\SYSTEM; ClientProcessId = 6944; Component = Unknown; Operation = Start IWbemServices::GetObject - root\cimv2\mdm : \\.\ROOT\cimv2\mdm:MDM_ConfigSetting.SettingName=""ClientDeploymentErrorCode""; ResultCode = 0x80041002; PossibleCause = Unknown"
"19-08-2026 10:03:39","5858","Error","Microsoft-Windows-WMI-Activity","Id = {6B3E5602-F93D-4EA1-9820-8FB61A6FF62E}; ClientMachine = LIND55MBVC4; User = NT AUTHORITY\SYSTEM; ClientProcessId = 6944; Component = Unknown; Operation = Start IWbemServices::GetObject - root\cimv2\mdm : \\.\ROOT\cimv2\mdm:MDM_ConfigSetting.SettingName=""ClientHealthStatus""; ResultCode = 0x80041002; PossibleCause = Unknown"
"19-08-2026 10:03:15","5858","Error","Microsoft-Windows-WMI-Activity","Id = {765D2762-3C9B-4AE2-BCB5-BE249E3946A2}; ClientMachine = LIND55MBVC4; User = NT AUTHORITY\SYSTEM; ClientProcessId = 6944; Component = Unknown; Operation = Start IWbemServices::GetObject - root\cimv2\mdm : \\.\ROOT\cimv2\mdm:MDM_ConfigSetting.SettingName=""DefaultComanWorkloads""; ResultCode = 0x80041002; PossibleCause = Unknown"
"19-08-2026 10:03:14","5858","Error","Microsoft-Windows-WMI-Activity","Id = {BED3FE34-5D52-4EAD-A96D-8F69184766CB}; ClientMachine = LIND55MBVC4; User = NT AUTHORITY\SYSTEM; ClientProcessId = 6944; Component = Unknown; Operation = Start IWbemServices::GetObject - root\cimv2\mdm : \\.\ROOT\cimv2\mdm:MDM_ConfigSetting.SettingName=""ClientHealthLastSyncTime""; ResultCode = 0x80041002; PossibleCause = Unknown"
"19-08-2026 10:03:14","5858","Error","Microsoft-Windows-WMI-Activity","Id = {9E28927A-696E-40C6-9AFF-B73259073406}; ClientMachine = LIND55MBVC4; User = NT AUTHORITY\SYSTEM; ClientProcessId = 6944; Component = Unknown; Operation = Start IWbemServices::GetObject - root\cimv2\mdm : \\.\ROOT\cimv2\mdm:MDM_ConfigSetting.SettingName=""ClientDeploymentErrorCode""; ResultCode = 0x80041002; PossibleCause = Unknown"
"19-08-2026 10:03:14","5858","Error","Microsoft-Windows-WMI-Activity","Id = {C128D52C-73B0-4D98-8041-46F1A473F1C0}; ClientMachine = LIND55MBVC4; User = NT AUTHORITY\SYSTEM; ClientProcessId = 6944; Component = Unknown; Operation = Start IWbemServices::GetObject - root\cimv2\mdm : \\.\ROOT\cimv2\mdm:MDM_ConfigSetting.SettingName=""ClientHealthStatus""; ResultCode = 0x80041002; PossibleCause = Unknown"
"19-08-2026 10:02:52","5858","Error","Microsoft-Windows-WMI-Activity","Id = {3D495F79-0B8D-4698-A5D8-A9E3BA090FAF}; ClientMachine = LIND55MBVC4; User = NT AUTHORITY\SYSTEM; ClientProcessId = 6944; Component = Unknown; Operation = Start IWbemServices::ExecQuery - root\Microsoft\Windows\DeviceGuard : SELECT * FROM Win32_DeviceGuard; ResultCode = 0x80041032; PossibleCause = Unknown"
"19-08-2026 10:02:52","5858","Error","Microsoft-Windows-WMI-Activity","Id = {6CD0CAB7-3F82-4AD7-A50D-7AFEC82F2738}; ClientMachine = LIND55MBVC4; User = NT AUTHORITY\SYSTEM; ClientProcessId = 6944; Component = Unknown; Operation = Start IWbemServices::ExecQuery - root\Microsoft\Windows\DeviceGuard : SELECT * FROM Win32_DeviceGuard; ResultCode = 0x80041032; PossibleCause = Unknown"
