"TimeCreated","Id","LevelDisplayName","ProviderName","Message"
"19-08-2026 14:49:26","25","Information","Microsoft-Windows-Audio","Stream stopped.
App Id: Microsoft.Windows.ShellExperienceHost_cw5n1h2txyewy!App
PID: 12092
Audio Stream Category: 5"
"19-08-2026 14:49:24","24","Information","Microsoft-Windows-Audio","Stream started.
App Id: Microsoft.Windows.ShellExperienceHost_cw5n1h2txyewy!App
PID: 12092
Audio Stream Category: 5"
"19-08-2026 12:28:31","25","Information","Microsoft-Windows-Audio","Stream stopped.
App Id: Microsoft.Windows.ShellExperienceHost_cw5n1h2txyewy!App
PID: 12092
Audio Stream Category: 5"
"19-08-2026 12:28:29","24","Information","Microsoft-Windows-Audio","Stream started.
App Id: Microsoft.Windows.ShellExperienceHost_cw5n1h2txyewy!App
PID: 12092
Audio Stream Category: 5"
"19-08-2026 12:24:51","25","Information","Microsoft-Windows-Audio","Stream stopped.
App Id: Microsoft.Windows.ShellExperienceHost_cw5n1h2txyewy!App
PID: 12092
Audio Stream Category: 5"
"19-08-2026 12:24:50","24","Information","Microsoft-Windows-Audio","Stream started.
App Id: Microsoft.Windows.ShellExperienceHost_cw5n1h2txyewy!App
PID: 12092
Audio Stream Category: 5"
"19-08-2026 11:19:47","25","Information","Microsoft-Windows-Audio","Stream stopped.
App Id: Microsoft.Windows.ShellExperienceHost_cw5n1h2txyewy!App
PID: 12092
Audio Stream Category: 5"
"19-08-2026 11:19:45","24","Information","Microsoft-Windows-Audio","Stream started.
App Id: Microsoft.Windows.ShellExperienceHost_cw5n1h2txyewy!App
PID: 12092
Audio Stream Category: 5"
"19-08-2026 10:18:41","25","Information","Microsoft-Windows-Audio","Stream stopped.
App Id: Microsoft.Windows.ShellExperienceHost_cw5n1h2txyewy!App
PID: 12092
Audio Stream Category: 5"
"19-08-2026 10:18:39","24","Information","Microsoft-Windows-Audio","Stream started.
App Id: Microsoft.Windows.ShellExperienceHost_cw5n1h2txyewy!App
PID: 12092
Audio Stream Category: 5"
"19-08-2026 09:57:47","25","Information","Microsoft-Windows-Audio","Stream stopped.
App Id: Microsoft.Windows.ShellExperienceHost_cw5n1h2txyewy!App
PID: 12092
Audio Stream Category: 5"
"19-08-2026 09:57:46","24","Information","Microsoft-Windows-Audio","Stream started.
App Id: Microsoft.Windows.ShellExperienceHost_cw5n1h2txyewy!App
PID: 12092
Audio Stream Category: 5"
"19-08-2026 09:57:37","25","Information","Microsoft-Windows-Audio","Stream stopped.
App Id: Microsoft.Windows.ShellExperienceHost_cw5n1h2txyewy!App
PID: 12092
Audio Stream Category: 5"
"19-08-2026 09:57:35","24","Information","Microsoft-Windows-Audio","Stream started.
App Id: Microsoft.Windows.ShellExperienceHost_cw5n1h2txyewy!App
PID: 12092
Audio Stream Category: 5"
"19-08-2026 09:57:30","25","Information","Microsoft-Windows-Audio","Stream stopped.
App Id: Microsoft.Windows.ShellExperienceHost_cw5n1h2txyewy!App
PID: 12092
Audio Stream Category: 5"
"19-08-2026 09:57:28","24","Information","Microsoft-Windows-Audio","Stream started.
App Id: Microsoft.Windows.ShellExperienceHost_cw5n1h2txyewy!App
PID: 12092
Audio Stream Category: 5"
"19-08-2026 09:57:23","25","Information","Microsoft-Windows-Audio","Stream stopped.
App Id: Microsoft.Windows.ShellExperienceHost_cw5n1h2txyewy!App
PID: 12092
Audio Stream Category: 5"
"19-08-2026 09:57:21","24","Information","Microsoft-Windows-Audio","Stream started.
App Id: Microsoft.Windows.ShellExperienceHost_cw5n1h2txyewy!App
PID: 12092
Audio Stream Category: 5"
"18-08-2026 18:23:16","25","Information","Microsoft-Windows-Audio","Stream stopped.
App Id: Microsoft.Windows.ShellExperienceHost_cw5n1h2txyewy!App
PID: 12092
Audio Stream Category: 5"
"18-08-2026 18:23:14","24","Information","Microsoft-Windows-Audio","Stream started.
App Id: Microsoft.Windows.ShellExperienceHost_cw5n1h2txyewy!App
PID: 12092
Audio Stream Category: 5"
"18-08-2026 18:20:00","25","Information","Microsoft-Windows-Audio","Stream stopped.
App Id: Microsoft.Windows.ShellExperienceHost_cw5n1h2txyewy!App
PID: 12092
Audio Stream Category: 5"
"18-08-2026 18:19:58","24","Information","Microsoft-Windows-Audio","Stream started.
App Id: Microsoft.Windows.ShellExperienceHost_cw5n1h2txyewy!App
PID: 12092
Audio Stream Category: 5"
"18-08-2026 18:19:02","25","Information","Microsoft-Windows-Audio","Stream stopped.
App Id: Microsoft.Windows.ShellExperienceHost_cw5n1h2txyewy!App
PID: 12092
Audio Stream Category: 5"
"18-08-2026 18:19:01","24","Information","Microsoft-Windows-Audio","Stream started.
App Id: Microsoft.Windows.ShellExperienceHost_cw5n1h2txyewy!App
PID: 12092
Audio Stream Category: 5"
"18-08-2026 18:04:41","25","Information","Microsoft-Windows-Audio","Stream stopped.
App Id: Microsoft.Windows.ShellExperienceHost_cw5n1h2txyewy!App
PID: 12092
Audio Stream Category: 5"
"18-08-2026 18:04:39","24","Information","Microsoft-Windows-Audio","Stream started.
App Id: Microsoft.Windows.ShellExperienceHost_cw5n1h2txyewy!App
PID: 12092
Audio Stream Category: 5"
"18-08-2026 16:54:05","25","Information","Microsoft-Windows-Audio","Stream stopped.
App Id: Microsoft.Windows.ShellExperienceHost_cw5n1h2txyewy!App
PID: 12092
Audio Stream Category: 5"
"18-08-2026 16:54:03","24","Information","Microsoft-Windows-Audio","Stream started.
App Id: Microsoft.Windows.ShellExperienceHost_cw5n1h2txyewy!App
PID: 12092
Audio Stream Category: 5"
"18-08-2026 16:53:28","25","Information","Microsoft-Windows-Audio","Stream stopped.
App Id: Microsoft.Windows.ShellExperienceHost_cw5n1h2txyewy!App
PID: 12092
Audio Stream Category: 5"
"18-08-2026 16:53:27","24","Information","Microsoft-Windows-Audio","Stream started.
App Id: Microsoft.Windows.ShellExperienceHost_cw5n1h2txyewy!App
PID: 12092
Audio Stream Category: 5"
"18-08-2026 16:52:26","25","Information","Microsoft-Windows-Audio","Stream stopped.
App Id: Microsoft.Windows.ShellExperienceHost_cw5n1h2txyewy!App
PID: 12092
Audio Stream Category: 5"
"18-08-2026 16:52:25","24","Information","Microsoft-Windows-Audio","Stream started.
App Id: Microsoft.Windows.ShellExperienceHost_cw5n1h2txyewy!App
PID: 12092
Audio Stream Category: 5"
"18-08-2026 16:34:31","23","Information","Microsoft-Windows-Audio","Released exclusive mode resource false
Released offload mode resource false"
"18-08-2026 16:34:31","23","Information","Microsoft-Windows-Audio","Released exclusive mode resource false
Released offload mode resource false"
"18-08-2026 16:34:31","23","Information","Microsoft-Windows-Audio","Released exclusive mode resource false
Released offload mode resource false"
"18-08-2026 16:33:17","25","Information","Microsoft-Windows-Audio","Stream stopped.
App Id: Microsoft.Windows.ShellExperienceHost_cw5n1h2txyewy!App
PID: 12092
Audio Stream Category: 5"
"18-08-2026 16:33:15","24","Information","Microsoft-Windows-Audio","Stream started.
App Id: Microsoft.Windows.ShellExperienceHost_cw5n1h2txyewy!App
PID: 12092
Audio Stream Category: 5"
"18-08-2026 16:03:26","25","Information","Microsoft-Windows-Audio","Stream stopped.
App Id: Microsoft.Windows.ShellExperienceHost_cw5n1h2txyewy!App
PID: 12092
Audio Stream Category: 5"
"18-08-2026 16:03:24","24","Information","Microsoft-Windows-Audio","Stream started.
App Id: Microsoft.Windows.ShellExperienceHost_cw5n1h2txyewy!App
PID: 12092
Audio Stream Category: 5"
"18-08-2026 14:51:34","25","Information","Microsoft-Windows-Audio","Stream stopped.
App Id: Microsoft.Windows.ShellExperienceHost_cw5n1h2txyewy!App
PID: 12092
Audio Stream Category: 5"
"18-08-2026 14:51:32","24","Information","Microsoft-Windows-Audio","Stream started.
App Id: Microsoft.Windows.ShellExperienceHost_cw5n1h2txyewy!App
PID: 12092
Audio Stream Category: 5"
"18-08-2026 13:15:17","25","Information","Microsoft-Windows-Audio","Stream stopped.
App Id: Microsoft.Windows.ShellExperienceHost_cw5n1h2txyewy!App
PID: 23376
Audio Stream Category: 5"
"18-08-2026 13:15:16","24","Information","Microsoft-Windows-Audio","Stream started.
App Id: Microsoft.Windows.ShellExperienceHost_cw5n1h2txyewy!App
PID: 23376
Audio Stream Category: 5"
"18-08-2026 12:01:14","25","Information","Microsoft-Windows-Audio","Stream stopped.
App Id: Microsoft.Windows.ShellExperienceHost_cw5n1h2txyewy!App
PID: 23376
Audio Stream Category: 5"
"18-08-2026 12:01:13","24","Information","Microsoft-Windows-Audio","Stream started.
App Id: Microsoft.Windows.ShellExperienceHost_cw5n1h2txyewy!App
PID: 23376
Audio Stream Category: 5"
"18-08-2026 11:51:25","25","Information","Microsoft-Windows-Audio","Stream stopped.
App Id: Microsoft.Windows.ShellExperienceHost_cw5n1h2txyewy!App
PID: 23376
Audio Stream Category: 5"
"18-08-2026 11:51:24","24","Information","Microsoft-Windows-Audio","Stream started.
App Id: Microsoft.Windows.ShellExperienceHost_cw5n1h2txyewy!App
PID: 23376
Audio Stream Category: 5"
"18-08-2026 11:30:44","25","Information","Microsoft-Windows-Audio","Stream stopped.
App Id: Microsoft.Windows.ShellExperienceHost_cw5n1h2txyewy!App
PID: 23376
Audio Stream Category: 5"
"18-08-2026 11:30:42","24","Information","Microsoft-Windows-Audio","Stream started.
App Id: Microsoft.Windows.ShellExperienceHost_cw5n1h2txyewy!App
PID: 23376
Audio Stream Category: 5"
"18-08-2026 10:45:53","25","Information","Microsoft-Windows-Audio","Stream stopped.
App Id: Microsoft.Windows.ShellExperienceHost_cw5n1h2txyewy!App
PID: 23376
Audio Stream Category: 5"
"18-08-2026 10:45:52","24","Information","Microsoft-Windows-Audio","Stream started.
App Id: Microsoft.Windows.ShellExperienceHost_cw5n1h2txyewy!App
PID: 23376
Audio Stream Category: 5"
"18-08-2026 10:39:45","25","Information","Microsoft-Windows-Audio","Stream stopped.
App Id: Microsoft.Windows.ShellExperienceHost_cw5n1h2txyewy!App
PID: 23376
Audio Stream Category: 5"
"18-08-2026 10:39:43","24","Information","Microsoft-Windows-Audio","Stream started.
App Id: Microsoft.Windows.ShellExperienceHost_cw5n1h2txyewy!App
PID: 23376
Audio Stream Category: 5"
"18-08-2026 10:36:23","25","Information","Microsoft-Windows-Audio","Stream stopped.
App Id: Microsoft.Windows.ShellExperienceHost_cw5n1h2txyewy!App
PID: 23376
Audio Stream Category: 5"
"18-08-2026 10:36:22","24","Information","Microsoft-Windows-Audio","Stream started.
App Id: Microsoft.Windows.ShellExperienceHost_cw5n1h2txyewy!App
PID: 23376
Audio Stream Category: 5"
"18-08-2026 10:33:56","25","Information","Microsoft-Windows-Audio","Stream stopped.
App Id: Microsoft.Windows.ShellExperienceHost_cw5n1h2txyewy!App
PID: 23376
Audio Stream Category: 5"
"18-08-2026 10:33:55","24","Information","Microsoft-Windows-Audio","Stream started.
App Id: Microsoft.Windows.ShellExperienceHost_cw5n1h2txyewy!App
PID: 23376
Audio Stream Category: 5"
"18-08-2026 10:33:53","25","Information","Microsoft-Windows-Audio","Stream stopped.
App Id: Microsoft.Windows.ShellExperienceHost_cw5n1h2txyewy!App
PID: 23376
Audio Stream Category: 5"
"18-08-2026 10:33:52","24","Information","Microsoft-Windows-Audio","Stream started.
App Id: Microsoft.Windows.ShellExperienceHost_cw5n1h2txyewy!App
PID: 23376
Audio Stream Category: 5"
"18-08-2026 10:32:16","22","Information","Microsoft-Windows-Audio","Suspended: false"
"18-08-2026 10:32:16","22","Information","Microsoft-Windows-Audio","Suspended: true"
"18-08-2026 10:32:10","25","Information","Microsoft-Windows-Audio","Stream stopped.
App Id: Microsoft.Windows.ShellExperienceHost_cw5n1h2txyewy!App
PID: 23376
Audio Stream Category: 5"
"18-08-2026 10:32:09","24","Information","Microsoft-Windows-Audio","Stream started.
App Id: Microsoft.Windows.ShellExperienceHost_cw5n1h2txyewy!App
PID: 23376
Audio Stream Category: 5"
"18-08-2026 10:31:43","25","Information","Microsoft-Windows-Audio","Stream stopped.
App Id: Microsoft.Windows.ShellExperienceHost_cw5n1h2txyewy!App
PID: 23376
Audio Stream Category: 5"
"18-08-2026 10:31:42","24","Information","Microsoft-Windows-Audio","Stream started.
App Id: Microsoft.Windows.ShellExperienceHost_cw5n1h2txyewy!App
PID: 23376
Audio Stream Category: 5"
"18-08-2026 10:15:02","25","Information","Microsoft-Windows-Audio","Stream stopped.
App Id: Microsoft.Windows.ShellExperienceHost_cw5n1h2txyewy!App
PID: 17076
Audio Stream Category: 5"
"18-08-2026 10:15:00","24","Information","Microsoft-Windows-Audio","Stream started.
App Id: Microsoft.Windows.ShellExperienceHost_cw5n1h2txyewy!App
PID: 17076
Audio Stream Category: 5"
"17-08-2026 15:58:10","25","Information","Microsoft-Windows-Audio","Stream stopped.
App Id: Microsoft.Windows.ShellExperienceHost_cw5n1h2txyewy!App
PID: 17076
Audio Stream Category: 5"
"17-08-2026 15:58:08","24","Information","Microsoft-Windows-Audio","Stream started.
App Id: Microsoft.Windows.ShellExperienceHost_cw5n1h2txyewy!App
PID: 17076
Audio Stream Category: 5"
"17-08-2026 15:42:19","25","Information","Microsoft-Windows-Audio","Stream stopped.
App Id: Microsoft.Windows.ShellExperienceHost_cw5n1h2txyewy!App
PID: 17076
Audio Stream Category: 5"
"17-08-2026 15:42:17","24","Information","Microsoft-Windows-Audio","Stream started.
App Id: Microsoft.Windows.ShellExperienceHost_cw5n1h2txyewy!App
PID: 17076
Audio Stream Category: 5"
"17-08-2026 15:41:54","25","Information","Microsoft-Windows-Audio","Stream stopped.
App Id: Microsoft.Windows.ShellExperienceHost_cw5n1h2txyewy!App
PID: 17076
Audio Stream Category: 5"
"17-08-2026 15:41:53","24","Information","Microsoft-Windows-Audio","Stream started.
App Id: Microsoft.Windows.ShellExperienceHost_cw5n1h2txyewy!App
PID: 17076
Audio Stream Category: 5"
"17-08-2026 15:32:48","25","Information","Microsoft-Windows-Audio","Stream stopped.
App Id: Microsoft.Windows.ShellExperienceHost_cw5n1h2txyewy!App
PID: 17076
Audio Stream Category: 5"
"17-08-2026 15:32:46","24","Information","Microsoft-Windows-Audio","Stream started.
App Id: Microsoft.Windows.ShellExperienceHost_cw5n1h2txyewy!App
PID: 17076
Audio Stream Category: 5"
"17-08-2026 15:24:02","25","Information","Microsoft-Windows-Audio","Stream stopped.
App Id: Microsoft.Windows.ShellExperienceHost_cw5n1h2txyewy!App
PID: 17076
Audio Stream Category: 5"
"17-08-2026 15:24:00","24","Information","Microsoft-Windows-Audio","Stream started.
App Id: Microsoft.Windows.ShellExperienceHost_cw5n1h2txyewy!App
PID: 17076
Audio Stream Category: 5"
"17-08-2026 12:35:31","25","Information","Microsoft-Windows-Audio","Stream stopped.
App Id: Microsoft.Windows.ShellExperienceHost_cw5n1h2txyewy!App
PID: 17076
Audio Stream Category: 5"
"17-08-2026 12:35:29","24","Information","Microsoft-Windows-Audio","Stream started.
App Id: Microsoft.Windows.ShellExperienceHost_cw5n1h2txyewy!App
PID: 17076
Audio Stream Category: 5"
"17-08-2026 12:31:14","25","Information","Microsoft-Windows-Audio","Stream stopped.
App Id: Microsoft.Windows.ShellExperienceHost_cw5n1h2txyewy!App
PID: 17076
Audio Stream Category: 5"
"17-08-2026 12:31:12","24","Information","Microsoft-Windows-Audio","Stream started.
App Id: Microsoft.Windows.ShellExperienceHost_cw5n1h2txyewy!App
PID: 17076
Audio Stream Category: 5"
"17-08-2026 12:21:13","25","Information","Microsoft-Windows-Audio","Stream stopped.
App Id: Microsoft.Windows.ShellExperienceHost_cw5n1h2txyewy!App
PID: 17076
Audio Stream Category: 5"
"17-08-2026 12:21:11","24","Information","Microsoft-Windows-Audio","Stream started.
App Id: Microsoft.Windows.ShellExperienceHost_cw5n1h2txyewy!App
PID: 17076
Audio Stream Category: 5"
"17-08-2026 12:14:19","25","Information","Microsoft-Windows-Audio","Stream stopped.
App Id: Microsoft.Windows.ShellExperienceHost_cw5n1h2txyewy!App
PID: 17076
Audio Stream Category: 5"
"17-08-2026 12:14:17","24","Information","Microsoft-Windows-Audio","Stream started.
App Id: Microsoft.Windows.ShellExperienceHost_cw5n1h2txyewy!App
PID: 17076
Audio Stream Category: 5"
"17-08-2026 11:54:31","25","Information","Microsoft-Windows-Audio","Stream stopped.
App Id: Microsoft.Windows.ShellExperienceHost_cw5n1h2txyewy!App
PID: 17076
Audio Stream Category: 5"
"17-08-2026 11:54:29","24","Information","Microsoft-Windows-Audio","Stream started.
App Id: Microsoft.Windows.ShellExperienceHost_cw5n1h2txyewy!App
PID: 17076
Audio Stream Category: 5"
"17-08-2026 11:53:40","25","Information","Microsoft-Windows-Audio","Stream stopped.
App Id: Microsoft.Windows.ShellExperienceHost_cw5n1h2txyewy!App
PID: 17076
Audio Stream Category: 5"
"17-08-2026 11:53:38","24","Information","Microsoft-Windows-Audio","Stream started.
App Id: Microsoft.Windows.ShellExperienceHost_cw5n1h2txyewy!App
PID: 17076
Audio Stream Category: 5"
"17-08-2026 10:59:52","25","Information","Microsoft-Windows-Audio","Stream stopped.
App Id: Microsoft.Windows.ShellExperienceHost_cw5n1h2txyewy!App
PID: 17076
Audio Stream Category: 5"
"17-08-2026 10:59:50","24","Information","Microsoft-Windows-Audio","Stream started.
App Id: Microsoft.Windows.ShellExperienceHost_cw5n1h2txyewy!App
PID: 17076
Audio Stream Category: 5"
"17-08-2026 10:39:07","25","Information","Microsoft-Windows-Audio","Stream stopped.
App Id: Microsoft.Windows.ShellExperienceHost_cw5n1h2txyewy!App
PID: 17076
Audio Stream Category: 5"
"17-08-2026 10:39:05","24","Information","Microsoft-Windows-Audio","Stream started.
App Id: Microsoft.Windows.ShellExperienceHost_cw5n1h2txyewy!App
PID: 17076
Audio Stream Category: 5"
"17-08-2026 10:30:13","25","Information","Microsoft-Windows-Audio","Stream stopped.
App Id: Microsoft.Windows.ShellExperienceHost_cw5n1h2txyewy!App
PID: 17076
Audio Stream Category: 5"
"17-08-2026 10:30:11","24","Information","Microsoft-Windows-Audio","Stream started.
App Id: Microsoft.Windows.ShellExperienceHost_cw5n1h2txyewy!App
PID: 17076
Audio Stream Category: 5"
"17-08-2026 10:21:05","25","Information","Microsoft-Windows-Audio","Stream stopped.
App Id: Microsoft.Windows.ShellExperienceHost_cw5n1h2txyewy!App
PID: 17076
Audio Stream Category: 5"
"17-08-2026 10:21:03","24","Information","Microsoft-Windows-Audio","Stream started.
App Id: Microsoft.Windows.ShellExperienceHost_cw5n1h2txyewy!App
PID: 17076
Audio Stream Category: 5"
"17-08-2026 09:57:58","25","Information","Microsoft-Windows-Audio","Stream stopped.
App Id: Microsoft.Windows.ShellExperienceHost_cw5n1h2txyewy!App
PID: 17076
Audio Stream Category: 5"
"17-08-2026 09:57:56","24","Information","Microsoft-Windows-Audio","Stream started.
App Id: Microsoft.Windows.ShellExperienceHost_cw5n1h2txyewy!App
PID: 17076
Audio Stream Category: 5"
"14-08-2026 17:15:00","25","Information","Microsoft-Windows-Audio","Stream stopped.
App Id: Microsoft.Windows.ShellExperienceHost_cw5n1h2txyewy!App
PID: 17076
Audio Stream Category: 5"
"14-08-2026 17:14:58","24","Information","Microsoft-Windows-Audio","Stream started.
App Id: Microsoft.Windows.ShellExperienceHost_cw5n1h2txyewy!App
PID: 17076
Audio Stream Category: 5"
"14-08-2026 16:01:45","25","Information","Microsoft-Windows-Audio","Stream stopped.
App Id: Microsoft.Windows.ShellExperienceHost_cw5n1h2txyewy!App
PID: 17076
Audio Stream Category: 5"
"14-08-2026 16:01:43","24","Information","Microsoft-Windows-Audio","Stream started.
App Id: Microsoft.Windows.ShellExperienceHost_cw5n1h2txyewy!App
PID: 17076
Audio Stream Category: 5"
"14-08-2026 15:56:30","25","Information","Microsoft-Windows-Audio","Stream stopped.
App Id: Microsoft.Windows.ShellExperienceHost_cw5n1h2txyewy!App
PID: 17076
Audio Stream Category: 5"
"14-08-2026 15:56:28","24","Information","Microsoft-Windows-Audio","Stream started.
App Id: Microsoft.Windows.ShellExperienceHost_cw5n1h2txyewy!App
PID: 17076
Audio Stream Category: 5"
"14-08-2026 15:31:15","25","Information","Microsoft-Windows-Audio","Stream stopped.
App Id: Microsoft.Windows.ShellExperienceHost_cw5n1h2txyewy!App
PID: 17076
Audio Stream Category: 5"
"14-08-2026 15:31:13","24","Information","Microsoft-Windows-Audio","Stream started.
App Id: Microsoft.Windows.ShellExperienceHost_cw5n1h2txyewy!App
PID: 17076
Audio Stream Category: 5"
"14-08-2026 14:54:58","25","Information","Microsoft-Windows-Audio","Stream stopped.
App Id: Microsoft.Windows.ShellExperienceHost_cw5n1h2txyewy!App
PID: 17076
Audio Stream Category: 5"
"14-08-2026 14:54:56","24","Information","Microsoft-Windows-Audio","Stream started.
App Id: Microsoft.Windows.ShellExperienceHost_cw5n1h2txyewy!App
PID: 17076
Audio Stream Category: 5"
"14-08-2026 14:20:57","25","Information","Microsoft-Windows-Audio","Stream stopped.
App Id: Microsoft.Windows.ShellExperienceHost_cw5n1h2txyewy!App
PID: 17076
Audio Stream Category: 5"
"14-08-2026 14:20:55","24","Information","Microsoft-Windows-Audio","Stream started.
App Id: Microsoft.Windows.ShellExperienceHost_cw5n1h2txyewy!App
PID: 17076
Audio Stream Category: 5"
"14-08-2026 14:17:16","25","Information","Microsoft-Windows-Audio","Stream stopped.
App Id: Microsoft.Windows.ShellExperienceHost_cw5n1h2txyewy!App
PID: 17076
Audio Stream Category: 5"
"14-08-2026 14:17:14","24","Information","Microsoft-Windows-Audio","Stream started.
App Id: Microsoft.Windows.ShellExperienceHost_cw5n1h2txyewy!App
PID: 17076
Audio Stream Category: 5"
"14-08-2026 13:44:45","25","Information","Microsoft-Windows-Audio","Stream stopped.
App Id: Microsoft.Windows.ShellExperienceHost_cw5n1h2txyewy!App
PID: 17076
Audio Stream Category: 5"
"14-08-2026 13:44:43","24","Information","Microsoft-Windows-Audio","Stream started.
App Id: Microsoft.Windows.ShellExperienceHost_cw5n1h2txyewy!App
PID: 17076
Audio Stream Category: 5"
"14-08-2026 13:38:17","25","Information","Microsoft-Windows-Audio","Stream stopped.
App Id: Microsoft.Windows.ShellExperienceHost_cw5n1h2txyewy!App
PID: 17076
Audio Stream Category: 5"
"14-08-2026 13:38:15","24","Information","Microsoft-Windows-Audio","Stream started.
App Id: Microsoft.Windows.ShellExperienceHost_cw5n1h2txyewy!App
PID: 17076
Audio Stream Category: 5"
"14-08-2026 13:23:28","25","Information","Microsoft-Windows-Audio","Stream stopped.
App Id: Microsoft.Windows.ShellExperienceHost_cw5n1h2txyewy!App
PID: 17076
Audio Stream Category: 5"
"14-08-2026 13:23:26","24","Information","Microsoft-Windows-Audio","Stream started.
App Id: Microsoft.Windows.ShellExperienceHost_cw5n1h2txyewy!App
PID: 17076
Audio Stream Category: 5"
"14-08-2026 13:23:21","25","Information","Microsoft-Windows-Audio","Stream stopped.
App Id: Microsoft.Windows.ShellExperienceHost_cw5n1h2txyewy!App
PID: 17076
Audio Stream Category: 5"
"14-08-2026 13:23:19","24","Information","Microsoft-Windows-Audio","Stream started.
App Id: Microsoft.Windows.ShellExperienceHost_cw5n1h2txyewy!App
PID: 17076
Audio Stream Category: 5"
"13-08-2026 18:11:48","25","Information","Microsoft-Windows-Audio","Stream stopped.
App Id: Microsoft.Windows.ShellExperienceHost_cw5n1h2txyewy!App
PID: 17076
Audio Stream Category: 5"
"13-08-2026 18:11:46","24","Information","Microsoft-Windows-Audio","Stream started.
App Id: Microsoft.Windows.ShellExperienceHost_cw5n1h2txyewy!App
PID: 17076
Audio Stream Category: 5"
"13-08-2026 18:02:44","25","Information","Microsoft-Windows-Audio","Stream stopped.
App Id: Microsoft.Windows.ShellExperienceHost_cw5n1h2txyewy!App
PID: 17076
Audio Stream Category: 5"
"13-08-2026 18:02:42","24","Information","Microsoft-Windows-Audio","Stream started.
App Id: Microsoft.Windows.ShellExperienceHost_cw5n1h2txyewy!App
PID: 17076
Audio Stream Category: 5"
"13-08-2026 17:44:47","25","Information","Microsoft-Windows-Audio","Stream stopped.
App Id: Microsoft.Windows.ShellExperienceHost_cw5n1h2txyewy!App
PID: 17076
Audio Stream Category: 5"
"13-08-2026 17:44:45","24","Information","Microsoft-Windows-Audio","Stream started.
App Id: Microsoft.Windows.ShellExperienceHost_cw5n1h2txyewy!App
PID: 17076
Audio Stream Category: 5"
"13-08-2026 15:41:00","25","Information","Microsoft-Windows-Audio","Stream stopped.
App Id: Microsoft.Windows.ShellExperienceHost_cw5n1h2txyewy!App
PID: 17076
Audio Stream Category: 5"
"13-08-2026 15:40:58","24","Information","Microsoft-Windows-Audio","Stream started.
App Id: Microsoft.Windows.ShellExperienceHost_cw5n1h2txyewy!App
PID: 17076
Audio Stream Category: 5"
"13-08-2026 15:37:22","25","Information","Microsoft-Windows-Audio","Stream stopped.
App Id: Microsoft.Windows.ShellExperienceHost_cw5n1h2txyewy!App
PID: 17076
Audio Stream Category: 5"
"13-08-2026 15:37:20","24","Information","Microsoft-Windows-Audio","Stream started.
App Id: Microsoft.Windows.ShellExperienceHost_cw5n1h2txyewy!App
PID: 17076
Audio Stream Category: 5"
"13-08-2026 15:21:09","25","Information","Microsoft-Windows-Audio","Stream stopped.
App Id: Microsoft.Windows.ShellExperienceHost_cw5n1h2txyewy!App
PID: 17076
Audio Stream Category: 5"
"13-08-2026 15:21:07","24","Information","Microsoft-Windows-Audio","Stream started.
App Id: Microsoft.Windows.ShellExperienceHost_cw5n1h2txyewy!App
PID: 17076
Audio Stream Category: 5"
"13-08-2026 14:59:06","25","Information","Microsoft-Windows-Audio","Stream stopped.
App Id: Microsoft.Windows.ShellExperienceHost_cw5n1h2txyewy!App
PID: 17076
Audio Stream Category: 5"
"13-08-2026 14:59:04","24","Information","Microsoft-Windows-Audio","Stream started.
App Id: Microsoft.Windows.ShellExperienceHost_cw5n1h2txyewy!App
PID: 17076
Audio Stream Category: 5"
"13-08-2026 14:23:10","25","Information","Microsoft-Windows-Audio","Stream stopped.
App Id: Microsoft.Windows.ShellExperienceHost_cw5n1h2txyewy!App
PID: 17076
Audio Stream Category: 5"
"13-08-2026 14:23:09","24","Information","Microsoft-Windows-Audio","Stream started.
App Id: Microsoft.Windows.ShellExperienceHost_cw5n1h2txyewy!App
PID: 17076
Audio Stream Category: 5"
"13-08-2026 14:19:27","25","Information","Microsoft-Windows-Audio","Stream stopped.
App Id: Microsoft.Windows.ShellExperienceHost_cw5n1h2txyewy!App
PID: 17076
Audio Stream Category: 5"
"13-08-2026 14:19:25","24","Information","Microsoft-Windows-Audio","Stream started.
App Id: Microsoft.Windows.ShellExperienceHost_cw5n1h2txyewy!App
PID: 17076
Audio Stream Category: 5"
"13-08-2026 14:16:40","25","Information","Microsoft-Windows-Audio","Stream stopped.
App Id: Microsoft.Windows.ShellExperienceHost_cw5n1h2txyewy!App
PID: 17076
Audio Stream Category: 5"
"13-08-2026 14:16:38","24","Information","Microsoft-Windows-Audio","Stream started.
App Id: Microsoft.Windows.ShellExperienceHost_cw5n1h2txyewy!App
PID: 17076
Audio Stream Category: 5"
"13-08-2026 14:14:14","25","Information","Microsoft-Windows-Audio","Stream stopped.
App Id: Microsoft.Windows.ShellExperienceHost_cw5n1h2txyewy!App
PID: 17076
Audio Stream Category: 5"
"13-08-2026 14:14:12","24","Information","Microsoft-Windows-Audio","Stream started.
App Id: Microsoft.Windows.ShellExperienceHost_cw5n1h2txyewy!App
PID: 17076
Audio Stream Category: 5"
"13-08-2026 13:10:23","25","Information","Microsoft-Windows-Audio","Stream stopped.
App Id: Microsoft.Windows.ShellExperienceHost_cw5n1h2txyewy!App
PID: 17076
Audio Stream Category: 5"
"13-08-2026 13:10:21","24","Information","Microsoft-Windows-Audio","Stream started.
App Id: Microsoft.Windows.ShellExperienceHost_cw5n1h2txyewy!App
PID: 17076
Audio Stream Category: 5"
"13-08-2026 13:06:45","25","Information","Microsoft-Windows-Audio","Stream stopped.
App Id: Microsoft.Windows.ShellExperienceHost_cw5n1h2txyewy!App
PID: 17076
Audio Stream Category: 5"
"13-08-2026 13:06:43","24","Information","Microsoft-Windows-Audio","Stream started.
App Id: Microsoft.Windows.ShellExperienceHost_cw5n1h2txyewy!App
PID: 17076
Audio Stream Category: 5"
"13-08-2026 12:57:39","25","Information","Microsoft-Windows-Audio","Stream stopped.
App Id: Microsoft.Windows.ShellExperienceHost_cw5n1h2txyewy!App
PID: 17076
Audio Stream Category: 5"
"13-08-2026 12:57:37","24","Information","Microsoft-Windows-Audio","Stream started.
App Id: Microsoft.Windows.ShellExperienceHost_cw5n1h2txyewy!App
PID: 17076
Audio Stream Category: 5"
"13-08-2026 12:56:34","25","Information","Microsoft-Windows-Audio","Stream stopped.
App Id: Microsoft.Windows.ShellExperienceHost_cw5n1h2txyewy!App
PID: 17076
Audio Stream Category: 5"
"13-08-2026 12:56:32","24","Information","Microsoft-Windows-Audio","Stream started.
App Id: Microsoft.Windows.ShellExperienceHost_cw5n1h2txyewy!App
PID: 17076
Audio Stream Category: 5"
"13-08-2026 12:49:25","25","Information","Microsoft-Windows-Audio","Stream stopped.
App Id: Microsoft.Windows.ShellExperienceHost_cw5n1h2txyewy!App
PID: 17076
Audio Stream Category: 5"
"13-08-2026 12:49:23","24","Information","Microsoft-Windows-Audio","Stream started.
App Id: Microsoft.Windows.ShellExperienceHost_cw5n1h2txyewy!App
PID: 17076
Audio Stream Category: 5"
"13-08-2026 11:38:35","25","Information","Microsoft-Windows-Audio","Stream stopped.
App Id: Microsoft.Windows.ShellExperienceHost_cw5n1h2txyewy!App
PID: 17076
Audio Stream Category: 5"
"13-08-2026 11:38:33","24","Information","Microsoft-Windows-Audio","Stream started.
App Id: Microsoft.Windows.ShellExperienceHost_cw5n1h2txyewy!App
PID: 17076
Audio Stream Category: 5"
"13-08-2026 11:34:17","25","Information","Microsoft-Windows-Audio","Stream stopped.
App Id: Microsoft.Windows.ShellExperienceHost_cw5n1h2txyewy!App
PID: 17076
Audio Stream Category: 5"
"13-08-2026 11:34:15","24","Information","Microsoft-Windows-Audio","Stream started.
App Id: Microsoft.Windows.ShellExperienceHost_cw5n1h2txyewy!App
PID: 17076
Audio Stream Category: 5"
"13-08-2026 11:33:31","25","Information","Microsoft-Windows-Audio","Stream stopped.
App Id: Microsoft.Windows.ShellExperienceHost_cw5n1h2txyewy!App
PID: 17076
Audio Stream Category: 5"
"13-08-2026 11:33:29","24","Information","Microsoft-Windows-Audio","Stream started.
App Id: Microsoft.Windows.ShellExperienceHost_cw5n1h2txyewy!App
PID: 17076
Audio Stream Category: 5"
"13-08-2026 11:32:58","25","Information","Microsoft-Windows-Audio","Stream stopped.
App Id: Microsoft.Windows.ShellExperienceHost_cw5n1h2txyewy!App
PID: 17076
Audio Stream Category: 5"
"13-08-2026 11:32:56","24","Information","Microsoft-Windows-Audio","Stream started.
App Id: Microsoft.Windows.ShellExperienceHost_cw5n1h2txyewy!App
PID: 17076
Audio Stream Category: 5"
"13-08-2026 10:36:23","25","Information","Microsoft-Windows-Audio","Stream stopped.
App Id: Microsoft.Windows.ShellExperienceHost_cw5n1h2txyewy!App
PID: 17076
Audio Stream Category: 5"
"13-08-2026 10:36:21","24","Information","Microsoft-Windows-Audio","Stream started.
App Id: Microsoft.Windows.ShellExperienceHost_cw5n1h2txyewy!App
PID: 17076
Audio Stream Category: 5"
"13-08-2026 09:53:40","25","Information","Microsoft-Windows-Audio","Stream stopped.
App Id: Microsoft.Windows.ShellExperienceHost_cw5n1h2txyewy!App
PID: 17076
Audio Stream Category: 5"
"13-08-2026 09:53:38","24","Information","Microsoft-Windows-Audio","Stream started.
App Id: Microsoft.Windows.ShellExperienceHost_cw5n1h2txyewy!App
PID: 17076
Audio Stream Category: 5"
"13-08-2026 09:42:05","25","Information","Microsoft-Windows-Audio","Stream stopped.
App Id: Microsoft.Windows.ShellExperienceHost_cw5n1h2txyewy!App
PID: 17076
Audio Stream Category: 5"
"13-08-2026 09:42:03","24","Information","Microsoft-Windows-Audio","Stream started.
App Id: Microsoft.Windows.ShellExperienceHost_cw5n1h2txyewy!App
PID: 17076
Audio Stream Category: 5"
"12-08-2026 18:55:04","25","Information","Microsoft-Windows-Audio","Stream stopped.
App Id: Microsoft.Windows.ShellExperienceHost_cw5n1h2txyewy!App
PID: 17076
Audio Stream Category: 5"
"12-08-2026 18:55:02","24","Information","Microsoft-Windows-Audio","Stream started.
App Id: Microsoft.Windows.ShellExperienceHost_cw5n1h2txyewy!App
PID: 17076
Audio Stream Category: 5"
"12-08-2026 18:28:18","25","Information","Microsoft-Windows-Audio","Stream stopped.
App Id: Microsoft.Windows.ShellExperienceHost_cw5n1h2txyewy!App
PID: 17076
Audio Stream Category: 5"
"12-08-2026 18:28:17","24","Information","Microsoft-Windows-Audio","Stream started.
App Id: Microsoft.Windows.ShellExperienceHost_cw5n1h2txyewy!App
PID: 17076
Audio Stream Category: 5"
"12-08-2026 17:51:27","25","Information","Microsoft-Windows-Audio","Stream stopped.
App Id: Microsoft.Windows.ShellExperienceHost_cw5n1h2txyewy!App
PID: 17076
Audio Stream Category: 5"
"12-08-2026 17:51:25","24","Information","Microsoft-Windows-Audio","Stream started.
App Id: Microsoft.Windows.ShellExperienceHost_cw5n1h2txyewy!App
PID: 17076
Audio Stream Category: 5"
"12-08-2026 11:25:49","25","Information","Microsoft-Windows-Audio","Stream stopped.
App Id: Microsoft.Windows.ShellExperienceHost_cw5n1h2txyewy!App
PID: 17076
Audio Stream Category: 5"
"12-08-2026 11:25:48","24","Information","Microsoft-Windows-Audio","Stream started.
App Id: Microsoft.Windows.ShellExperienceHost_cw5n1h2txyewy!App
PID: 17076
Audio Stream Category: 5"
"12-08-2026 10:43:39","25","Information","Microsoft-Windows-Audio","Stream stopped.
App Id: Microsoft.Windows.ShellExperienceHost_cw5n1h2txyewy!App
PID: 17076
Audio Stream Category: 5"
"12-08-2026 10:43:37","24","Information","Microsoft-Windows-Audio","Stream started.
App Id: Microsoft.Windows.ShellExperienceHost_cw5n1h2txyewy!App
PID: 17076
Audio Stream Category: 5"
"12-08-2026 10:18:39","25","Information","Microsoft-Windows-Audio","Stream stopped.
App Id: Microsoft.Windows.ShellExperienceHost_cw5n1h2txyewy!App
PID: 17076
Audio Stream Category: 5"
"12-08-2026 10:18:37","24","Information","Microsoft-Windows-Audio","Stream started.
App Id: Microsoft.Windows.ShellExperienceHost_cw5n1h2txyewy!App
PID: 17076
Audio Stream Category: 5"
"12-08-2026 10:13:02","25","Information","Microsoft-Windows-Audio","Stream stopped.
App Id: Microsoft.Windows.ShellExperienceHost_cw5n1h2txyewy!App
PID: 17076
Audio Stream Category: 5"
"12-08-2026 10:13:00","24","Information","Microsoft-Windows-Audio","Stream started.
App Id: Microsoft.Windows.ShellExperienceHost_cw5n1h2txyewy!App
PID: 17076
Audio Stream Category: 5"
"12-08-2026 09:17:51","25","Information","Microsoft-Windows-Audio","Stream stopped.
App Id: Microsoft.Windows.ShellExperienceHost_cw5n1h2txyewy!App
PID: 17076
Audio Stream Category: 5"
"12-08-2026 09:17:49","24","Information","Microsoft-Windows-Audio","Stream started.
App Id: Microsoft.Windows.ShellExperienceHost_cw5n1h2txyewy!App
PID: 17076
Audio Stream Category: 5"
"11-08-2026 17:34:23","25","Information","Microsoft-Windows-Audio","Stream stopped.
App Id: Microsoft.Windows.ShellExperienceHost_cw5n1h2txyewy!App
PID: 17076
Audio Stream Category: 5"
"11-08-2026 17:34:22","24","Information","Microsoft-Windows-Audio","Stream started.
App Id: Microsoft.Windows.ShellExperienceHost_cw5n1h2txyewy!App
PID: 17076
Audio Stream Category: 5"
"11-08-2026 17:19:55","25","Information","Microsoft-Windows-Audio","Stream stopped.
App Id: Microsoft.Windows.ShellExperienceHost_cw5n1h2txyewy!App
PID: 17076
Audio Stream Category: 5"
"11-08-2026 17:19:53","24","Information","Microsoft-Windows-Audio","Stream started.
App Id: Microsoft.Windows.ShellExperienceHost_cw5n1h2txyewy!App
PID: 17076
Audio Stream Category: 5"
"11-08-2026 17:10:37","25","Information","Microsoft-Windows-Audio","Stream stopped.
App Id: Microsoft.Windows.ShellExperienceHost_cw5n1h2txyewy!App
PID: 17076
Audio Stream Category: 5"
"11-08-2026 17:10:35","24","Information","Microsoft-Windows-Audio","Stream started.
App Id: Microsoft.Windows.ShellExperienceHost_cw5n1h2txyewy!App
PID: 17076
Audio Stream Category: 5"
"11-08-2026 17:08:13","25","Information","Microsoft-Windows-Audio","Stream stopped.
App Id: Microsoft.Windows.ShellExperienceHost_cw5n1h2txyewy!App
PID: 17076
Audio Stream Category: 5"
"11-08-2026 17:08:11","24","Information","Microsoft-Windows-Audio","Stream started.
App Id: Microsoft.Windows.ShellExperienceHost_cw5n1h2txyewy!App
PID: 17076
Audio Stream Category: 5"
"11-08-2026 17:07:19","25","Information","Microsoft-Windows-Audio","Stream stopped.
App Id: Microsoft.Windows.ShellExperienceHost_cw5n1h2txyewy!App
PID: 17076
Audio Stream Category: 5"
"11-08-2026 17:07:17","24","Information","Microsoft-Windows-Audio","Stream started.
App Id: Microsoft.Windows.ShellExperienceHost_cw5n1h2txyewy!App
PID: 17076
Audio Stream Category: 5"
"11-08-2026 17:00:53","23","Information","Microsoft-Windows-Audio","Released exclusive mode resource false
Released offload mode resource false"
"11-08-2026 17:00:53","23","Information","Microsoft-Windows-Audio","Released exclusive mode resource false
Released offload mode resource false"
"11-08-2026 16:11:10","25","Information","Microsoft-Windows-Audio","Stream stopped.
App Id: Microsoft.Windows.ShellExperienceHost_cw5n1h2txyewy!App
PID: 17076
Audio Stream Category: 5"
"11-08-2026 16:11:08","24","Information","Microsoft-Windows-Audio","Stream started.
App Id: Microsoft.Windows.ShellExperienceHost_cw5n1h2txyewy!App
PID: 17076
Audio Stream Category: 5"
"11-08-2026 16:00:52","25","Information","Microsoft-Windows-Audio","Stream stopped.
App Id: Microsoft.Windows.ShellExperienceHost_cw5n1h2txyewy!App
PID: 17076
Audio Stream Category: 5"
"11-08-2026 16:00:50","24","Information","Microsoft-Windows-Audio","Stream started.
App Id: Microsoft.Windows.ShellExperienceHost_cw5n1h2txyewy!App
PID: 17076
Audio Stream Category: 5"
"11-08-2026 15:41:06","25","Information","Microsoft-Windows-Audio","Stream stopped.
App Id: Microsoft.Windows.ShellExperienceHost_cw5n1h2txyewy!App
PID: 17076
Audio Stream Category: 5"
"11-08-2026 15:41:04","24","Information","Microsoft-Windows-Audio","Stream started.
App Id: Microsoft.Windows.ShellExperienceHost_cw5n1h2txyewy!App
PID: 17076
Audio Stream Category: 5"
"11-08-2026 15:37:27","25","Information","Microsoft-Windows-Audio","Stream stopped.
App Id: Microsoft.Windows.ShellExperienceHost_cw5n1h2txyewy!App
PID: 17076
Audio Stream Category: 5"
"11-08-2026 15:37:25","24","Information","Microsoft-Windows-Audio","Stream started.
App Id: Microsoft.Windows.ShellExperienceHost_cw5n1h2txyewy!App
PID: 17076
Audio Stream Category: 5"
"11-08-2026 12:31:42","25","Information","Microsoft-Windows-Audio","Stream stopped.
App Id: Microsoft.Windows.ShellExperienceHost_cw5n1h2txyewy!App
PID: 17076
Audio Stream Category: 5"
"11-08-2026 12:31:40","24","Information","Microsoft-Windows-Audio","Stream started.
App Id: Microsoft.Windows.ShellExperienceHost_cw5n1h2txyewy!App
PID: 17076
Audio Stream Category: 5"
"11-08-2026 12:28:56","25","Information","Microsoft-Windows-Audio","Stream stopped.
App Id: Microsoft.Windows.ShellExperienceHost_cw5n1h2txyewy!App
PID: 17076
Audio Stream Category: 5"
"11-08-2026 12:28:54","24","Information","Microsoft-Windows-Audio","Stream started.
App Id: Microsoft.Windows.ShellExperienceHost_cw5n1h2txyewy!App
PID: 17076
Audio Stream Category: 5"
"11-08-2026 12:11:11","25","Information","Microsoft-Windows-Audio","Stream stopped.
App Id: Microsoft.Windows.ShellExperienceHost_cw5n1h2txyewy!App
PID: 17076
Audio Stream Category: 5"
"11-08-2026 12:11:10","24","Information","Microsoft-Windows-Audio","Stream started.
App Id: Microsoft.Windows.ShellExperienceHost_cw5n1h2txyewy!App
PID: 17076
Audio Stream Category: 5"
"11-08-2026 12:09:32","25","Information","Microsoft-Windows-Audio","Stream stopped.
App Id: Microsoft.Windows.ShellExperienceHost_cw5n1h2txyewy!App
PID: 17076
Audio Stream Category: 5"
"11-08-2026 12:09:31","24","Information","Microsoft-Windows-Audio","Stream started.
App Id: Microsoft.Windows.ShellExperienceHost_cw5n1h2txyewy!App
PID: 17076
Audio Stream Category: 5"
"11-08-2026 12:08:40","25","Information","Microsoft-Windows-Audio","Stream stopped.
App Id: Microsoft.Windows.ShellExperienceHost_cw5n1h2txyewy!App
PID: 17076
Audio Stream Category: 5"
"11-08-2026 12:08:39","24","Information","Microsoft-Windows-Audio","Stream started.
App Id: Microsoft.Windows.ShellExperienceHost_cw5n1h2txyewy!App
PID: 17076
Audio Stream Category: 5"
"11-08-2026 11:45:52","25","Information","Microsoft-Windows-Audio","Stream stopped.
App Id: Microsoft.Windows.ShellExperienceHost_cw5n1h2txyewy!App
PID: 6564
Audio Stream Category: 5"
"11-08-2026 11:45:50","24","Information","Microsoft-Windows-Audio","Stream started.
App Id: Microsoft.Windows.ShellExperienceHost_cw5n1h2txyewy!App
PID: 6564
Audio Stream Category: 5"
"11-08-2026 11:07:13","25","Information","Microsoft-Windows-Audio","Stream stopped.
App Id: Microsoft.Windows.ShellExperienceHost_cw5n1h2txyewy!App
PID: 6564
Audio Stream Category: 5"
"11-08-2026 11:07:11","24","Information","Microsoft-Windows-Audio","Stream started.
App Id: Microsoft.Windows.ShellExperienceHost_cw5n1h2txyewy!App
PID: 6564
Audio Stream Category: 5"
"11-08-2026 10:16:14","25","Information","Microsoft-Windows-Audio","Stream stopped.
App Id: Microsoft.Windows.ShellExperienceHost_cw5n1h2txyewy!App
PID: 6564
Audio Stream Category: 5"
"11-08-2026 10:16:12","24","Information","Microsoft-Windows-Audio","Stream started.
App Id: Microsoft.Windows.ShellExperienceHost_cw5n1h2txyewy!App
PID: 6564
Audio Stream Category: 5"
"11-08-2026 09:51:41","25","Information","Microsoft-Windows-Audio","Stream stopped.
App Id: Microsoft.Windows.ShellExperienceHost_cw5n1h2txyewy!App
PID: 6564
Audio Stream Category: 5"
"11-08-2026 09:51:39","24","Information","Microsoft-Windows-Audio","Stream started.
App Id: Microsoft.Windows.ShellExperienceHost_cw5n1h2txyewy!App
PID: 6564
Audio Stream Category: 5"
"10-08-2026 16:59:55","25","Information","Microsoft-Windows-Audio","Stream stopped.
App Id: Microsoft.Windows.ShellExperienceHost_cw5n1h2txyewy!App
PID: 6564
Audio Stream Category: 5"
"10-08-2026 16:59:53","24","Information","Microsoft-Windows-Audio","Stream started.
App Id: Microsoft.Windows.ShellExperienceHost_cw5n1h2txyewy!App
PID: 6564
Audio Stream Category: 5"
"10-08-2026 16:56:42","25","Information","Microsoft-Windows-Audio","Stream stopped.
App Id: Microsoft.Windows.ShellExperienceHost_cw5n1h2txyewy!App
PID: 6564
Audio Stream Category: 5"
"10-08-2026 16:56:41","24","Information","Microsoft-Windows-Audio","Stream started.
App Id: Microsoft.Windows.ShellExperienceHost_cw5n1h2txyewy!App
PID: 6564
Audio Stream Category: 5"
"10-08-2026 16:02:43","25","Information","Microsoft-Windows-Audio","Stream stopped.
App Id: Microsoft.Windows.ShellExperienceHost_cw5n1h2txyewy!App
PID: 6564
Audio Stream Category: 5"
"10-08-2026 16:02:41","24","Information","Microsoft-Windows-Audio","Stream started.
App Id: Microsoft.Windows.ShellExperienceHost_cw5n1h2txyewy!App
PID: 6564
Audio Stream Category: 5"
"10-08-2026 15:50:19","25","Information","Microsoft-Windows-Audio","Stream stopped.
App Id: Microsoft.Windows.ShellExperienceHost_cw5n1h2txyewy!App
PID: 6564
Audio Stream Category: 5"
"10-08-2026 15:50:17","24","Information","Microsoft-Windows-Audio","Stream started.
App Id: Microsoft.Windows.ShellExperienceHost_cw5n1h2txyewy!App
PID: 6564
Audio Stream Category: 5"
"10-08-2026 13:58:48","25","Information","Microsoft-Windows-Audio","Stream stopped.
App Id: Microsoft.Windows.ShellExperienceHost_cw5n1h2txyewy!App
PID: 6564
Audio Stream Category: 5"
"10-08-2026 13:58:46","24","Information","Microsoft-Windows-Audio","Stream started.
App Id: Microsoft.Windows.ShellExperienceHost_cw5n1h2txyewy!App
PID: 6564
Audio Stream Category: 5"
"10-08-2026 13:07:18","25","Information","Microsoft-Windows-Audio","Stream stopped.
App Id: Microsoft.Windows.ShellExperienceHost_cw5n1h2txyewy!App
PID: 6564
Audio Stream Category: 5"
"10-08-2026 13:07:16","24","Information","Microsoft-Windows-Audio","Stream started.
App Id: Microsoft.Windows.ShellExperienceHost_cw5n1h2txyewy!App
PID: 6564
Audio Stream Category: 5"
"10-08-2026 12:56:25","25","Information","Microsoft-Windows-Audio","Stream stopped.
App Id: Microsoft.Windows.ShellExperienceHost_cw5n1h2txyewy!App
PID: 6564
Audio Stream Category: 5"
"10-08-2026 12:56:23","24","Information","Microsoft-Windows-Audio","Stream started.
App Id: Microsoft.Windows.ShellExperienceHost_cw5n1h2txyewy!App
PID: 6564
Audio Stream Category: 5"
"10-08-2026 12:48:14","25","Information","Microsoft-Windows-Audio","Stream stopped.
App Id: Microsoft.Windows.ShellExperienceHost_cw5n1h2txyewy!App
PID: 6564
Audio Stream Category: 5"
"10-08-2026 12:48:12","24","Information","Microsoft-Windows-Audio","Stream started.
App Id: Microsoft.Windows.ShellExperienceHost_cw5n1h2txyewy!App
PID: 6564
Audio Stream Category: 5"
"10-08-2026 12:06:21","23","Information","Microsoft-Windows-Audio","Released exclusive mode resource false
Released offload mode resource false"
"10-08-2026 12:06:21","23","Information","Microsoft-Windows-Audio","Released exclusive mode resource false
Released offload mode resource false"
"10-08-2026 12:06:21","23","Information","Microsoft-Windows-Audio","Released exclusive mode resource false
Released offload mode resource false"
"10-08-2026 11:55:01","25","Information","Microsoft-Windows-Audio","Stream stopped.
App Id: Microsoft.Windows.ShellExperienceHost_cw5n1h2txyewy!App
PID: 6564
Audio Stream Category: 5"
"10-08-2026 11:54:59","24","Information","Microsoft-Windows-Audio","Stream started.
App Id: Microsoft.Windows.ShellExperienceHost_cw5n1h2txyewy!App
PID: 6564
Audio Stream Category: 5"
"10-08-2026 10:46:31","25","Information","Microsoft-Windows-Audio","Stream stopped.
App Id: Microsoft.Windows.ShellExperienceHost_cw5n1h2txyewy!App
PID: 6564
Audio Stream Category: 5"
"10-08-2026 10:46:29","24","Information","Microsoft-Windows-Audio","Stream started.
App Id: Microsoft.Windows.ShellExperienceHost_cw5n1h2txyewy!App
PID: 6564
Audio Stream Category: 5"
"10-08-2026 10:46:25","25","Information","Microsoft-Windows-Audio","Stream stopped.
App Id: Microsoft.Windows.ShellExperienceHost_cw5n1h2txyewy!App
PID: 6564
Audio Stream Category: 5"
"10-08-2026 10:46:23","24","Information","Microsoft-Windows-Audio","Stream started.
App Id: Microsoft.Windows.ShellExperienceHost_cw5n1h2txyewy!App
PID: 6564
Audio Stream Category: 5"
"10-08-2026 10:14:22","25","Information","Microsoft-Windows-Audio","Stream stopped.
App Id: Microsoft.Windows.ShellExperienceHost_cw5n1h2txyewy!App
PID: 6564
Audio Stream Category: 5"
"10-08-2026 10:14:20","24","Information","Microsoft-Windows-Audio","Stream started.
App Id: Microsoft.Windows.ShellExperienceHost_cw5n1h2txyewy!App
PID: 6564
Audio Stream Category: 5"
"10-08-2026 09:48:47","25","Information","Microsoft-Windows-Audio","Stream stopped.
App Id: Microsoft.Windows.ShellExperienceHost_cw5n1h2txyewy!App
PID: 6564
Audio Stream Category: 5"
"10-08-2026 09:48:45","24","Information","Microsoft-Windows-Audio","Stream started.
App Id: Microsoft.Windows.ShellExperienceHost_cw5n1h2txyewy!App
PID: 6564
Audio Stream Category: 5"
"10-08-2026 09:45:08","25","Information","Microsoft-Windows-Audio","Stream stopped.
App Id: Microsoft.Windows.ShellExperienceHost_cw5n1h2txyewy!App
PID: 6564
Audio Stream Category: 5"
"10-08-2026 09:45:06","24","Information","Microsoft-Windows-Audio","Stream started.
App Id: Microsoft.Windows.ShellExperienceHost_cw5n1h2txyewy!App
PID: 6564
Audio Stream Category: 5"
"10-08-2026 09:44:26","25","Information","Microsoft-Windows-Audio","Stream stopped.
App Id: Microsoft.Windows.ShellExperienceHost_cw5n1h2txyewy!App
PID: 6564
Audio Stream Category: 5"
"10-08-2026 09:44:25","24","Information","Microsoft-Windows-Audio","Stream started.
App Id: Microsoft.Windows.ShellExperienceHost_cw5n1h2txyewy!App
PID: 6564
Audio Stream Category: 5"
"10-08-2026 09:44:24","25","Information","Microsoft-Windows-Audio","Stream stopped.
App Id: Microsoft.Windows.ShellExperienceHost_cw5n1h2txyewy!App
PID: 6564
Audio Stream Category: 5"
"10-08-2026 09:44:24","24","Information","Microsoft-Windows-Audio","Stream started.
App Id: Microsoft.Windows.ShellExperienceHost_cw5n1h2txyewy!App
PID: 6564
Audio Stream Category: 5"
"10-08-2026 09:43:07","25","Information","Microsoft-Windows-Audio","Stream stopped.
App Id: Microsoft.Windows.ShellExperienceHost_cw5n1h2txyewy!App
PID: 6564
Audio Stream Category: 5"
"10-08-2026 09:43:05","24","Information","Microsoft-Windows-Audio","Stream started.
App Id: Microsoft.Windows.ShellExperienceHost_cw5n1h2txyewy!App
PID: 6564
Audio Stream Category: 5"
"07-08-2026 18:21:25","23","Information","Microsoft-Windows-Audio","Released exclusive mode resource false
Released offload mode resource false"
"07-08-2026 18:16:33","25","Information","Microsoft-Windows-Audio","Stream stopped.
App Id: Microsoft.Windows.ShellExperienceHost_cw5n1h2txyewy!App
PID: 18024
Audio Stream Category: 5"
"07-08-2026 18:16:31","24","Information","Microsoft-Windows-Audio","Stream started.
App Id: Microsoft.Windows.ShellExperienceHost_cw5n1h2txyewy!App
PID: 18024
Audio Stream Category: 5"
"07-08-2026 18:15:12","25","Information","Microsoft-Windows-Audio","Stream stopped.
App Id: Microsoft.Windows.ShellExperienceHost_cw5n1h2txyewy!App
PID: 18024
Audio Stream Category: 5"
"07-08-2026 18:15:10","24","Information","Microsoft-Windows-Audio","Stream started.
App Id: Microsoft.Windows.ShellExperienceHost_cw5n1h2txyewy!App
PID: 18024
Audio Stream Category: 5"
"07-08-2026 18:14:32","25","Information","Microsoft-Windows-Audio","Stream stopped.
App Id: Microsoft.Windows.ShellExperienceHost_cw5n1h2txyewy!App
PID: 18024
Audio Stream Category: 5"
"07-08-2026 18:14:31","24","Information","Microsoft-Windows-Audio","Stream started.
App Id: Microsoft.Windows.ShellExperienceHost_cw5n1h2txyewy!App
PID: 18024
Audio Stream Category: 5"
"07-08-2026 18:13:32","25","Information","Microsoft-Windows-Audio","Stream stopped.
App Id: Microsoft.Windows.ShellExperienceHost_cw5n1h2txyewy!App
PID: 18024
Audio Stream Category: 5"
"07-08-2026 18:13:31","24","Information","Microsoft-Windows-Audio","Stream started.
App Id: Microsoft.Windows.ShellExperienceHost_cw5n1h2txyewy!App
PID: 18024
Audio Stream Category: 5"
"07-08-2026 18:12:16","25","Information","Microsoft-Windows-Audio","Stream stopped.
App Id: Microsoft.Windows.ShellExperienceHost_cw5n1h2txyewy!App
PID: 18024
Audio Stream Category: 5"
"07-08-2026 18:12:15","24","Information","Microsoft-Windows-Audio","Stream started.
App Id: Microsoft.Windows.ShellExperienceHost_cw5n1h2txyewy!App
PID: 18024
Audio Stream Category: 5"
"07-08-2026 14:58:12","25","Information","Microsoft-Windows-Audio","Stream stopped.
App Id: Microsoft.Windows.ShellExperienceHost_cw5n1h2txyewy!App
PID: 18024
Audio Stream Category: 5"
"07-08-2026 14:58:10","24","Information","Microsoft-Windows-Audio","Stream started.
App Id: Microsoft.Windows.ShellExperienceHost_cw5n1h2txyewy!App
PID: 18024
Audio Stream Category: 5"
"07-08-2026 10:18:28","23","Information","Microsoft-Windows-Audio","Released exclusive mode resource false
Released offload mode resource false"
"07-08-2026 10:18:28","23","Information","Microsoft-Windows-Audio","Released exclusive mode resource false
Released offload mode resource false"
