"13-08-2026 14:13:33","12","Information","Microsoft-Windows-MF-FrameServer","FrameServer WatchdogTimer Stop Event, TimerScope: FSSource, TimerScopeId: 0, WatchdogOperation: Initialize, DurationToCompletionInHns: 11063."
"13-08-2026 14:13:33","11","Information","Microsoft-Windows-MF-FrameServer","FrameServer WatchdogTimer Start Event, TimerScope: FSSource, TimerScopeId: 0, WatchdogOperation: Initialize, DurationToTriggerInHns: 250000000, 
SymbolicLink: \\?\USB#VID_0BDA&PID_5599&MI_00#6&236e8108&0&0000#{e5323777-f976-4f5b-9b55-b94699c46e44}\Global."
"13-08-2026 14:13:33","6","Information","Microsoft-Windows-MF-FrameServer","FrameServer FsProxy Initialization Start, SymbolicLink: \\?\usb#vid_0bda&pid_5599&mi_00#6&236e8108&0&0000#{e5323777-f976-4f5b-9b55-b94699c46e44}\global, Devices: 1, StreamType: MASTER."
"13-08-2026 13:00:01","12","Information","Microsoft-Windows-MF-FrameServer","FrameServer WatchdogTimer Stop Event, TimerScope: FSSource, TimerScopeId: 0, WatchdogOperation: 4, DurationToCompletionInHns: 2924."
"13-08-2026 13:00:01","11","Information","Microsoft-Windows-MF-FrameServer","FrameServer WatchdogTimer Start Event, TimerScope: FSSource, TimerScopeId: 0, WatchdogOperation: 4, DurationToTriggerInHns: 200000000, 
SymbolicLink: <none>."
"13-08-2026 13:00:01","5","Information","Microsoft-Windows-MF-FrameServer","FrameServer FsProxy D3dManager Stop, hr=0x0."
"13-08-2026 13:00:01","4","Information","Microsoft-Windows-MF-FrameServer","FrameServer FsProxy D3dManager Start, D3dDesc: Intel(R) Graphics, LUID: 0x10DFF, VendorId: 32902, DeviceId: 32065, SubSysId: 216535080."
"13-08-2026 13:00:01","3","Information","Microsoft-Windows-MF-FrameServer","FrameServer FsProxy SetOutputType Stop, hr=0x0."
"13-08-2026 13:00:01","2","Information","Microsoft-Windows-MF-FrameServer","FrameServer FsProxy SetOutputType Start, PinId: 0, MediaType: FrameSize=8246337209400 (1920,1080),MajorType={73646976-0000-0010-8000-00AA00389B71},FrameRate=128849018881 (30,1),PixelAspectRatio=4294967297 (1,1),InterlacedMode=2,Subtype={32595559-0000-0010-8000-00AA00389B71}."
"13-08-2026 13:00:01","5","Information","Microsoft-Windows-MF-FrameServer","FrameServer FsProxy D3dManager Stop, hr=0x0."
"13-08-2026 13:00:01","4","Information","Microsoft-Windows-MF-FrameServer","FrameServer FsProxy D3dManager Start, D3dDesc: Intel(R) Graphics, LUID: 0x10DFF, VendorId: 32902, DeviceId: 32065, SubSysId: 216535080."
"13-08-2026 13:00:01","5","Information","Microsoft-Windows-MF-FrameServer","FrameServer FsProxy D3dManager Stop, hr=0x0."
"13-08-2026 13:00:01","4","Information","Microsoft-Windows-MF-FrameServer","FrameServer FsProxy D3dManager Start, D3dDesc: Intel(R) Graphics, LUID: 0x10DFF, VendorId: 32902, DeviceId: 32065, SubSysId: 216535080."
"13-08-2026 13:00:01","7","Information","Microsoft-Windows-MF-FrameServer","FrameServer FsProxy Initialization Stop, SymbolicLink: \\?\usb#vid_0bda&pid_5599&mi_00#6&236e8108&0&0000#{e5323777-f976-4f5b-9b55-b94699c46e44}\global, Devices: 1, Streams: 1, StreamType: MASTER, hr: 0x0."
"13-08-2026 13:00:01","12","Information","Microsoft-Windows-MF-FrameServer","FrameServer WatchdogTimer Stop Event, TimerScope: FSSource, TimerScopeId: 0, WatchdogOperation: Initialize, DurationToCompletionInHns: 4453."
"13-08-2026 13:00:01","11","Information","Microsoft-Windows-MF-FrameServer","FrameServer WatchdogTimer Start Event, TimerScope: FSSource, TimerScopeId: 0, WatchdogOperation: Initialize, DurationToTriggerInHns: 249965211, 
SymbolicLink: \\?\USB#VID_0BDA&PID_5599&MI_00#6&236e8108&0&0000#{e5323777-f976-4f5b-9b55-b94699c46e44}\Global."
"13-08-2026 13:00:01","12","Information","Microsoft-Windows-MF-FrameServer","FrameServer WatchdogTimer Stop Event, TimerScope: FSSource, TimerScopeId: 0, WatchdogOperation: Initialize, DurationToCompletionInHns: 34726."
"13-08-2026 13:00:01","11","Information","Microsoft-Windows-MF-FrameServer","FrameServer WatchdogTimer Start Event, TimerScope: FSSource, TimerScopeId: 0, WatchdogOperation: Initialize, DurationToTriggerInHns: 250000000, 
SymbolicLink: \\?\USB#VID_0BDA&PID_5599&MI_00#6&236e8108&0&0000#{e5323777-f976-4f5b-9b55-b94699c46e44}\Global."
"13-08-2026 13:00:01","6","Information","Microsoft-Windows-MF-FrameServer","FrameServer FsProxy Initialization Start, SymbolicLink: \\?\usb#vid_0bda&pid_5599&mi_00#6&236e8108&0&0000#{e5323777-f976-4f5b-9b55-b94699c46e44}\global, Devices: 1, StreamType: MASTER."
"13-08-2026 12:01:25","12","Information","Microsoft-Windows-MF-FrameServer","FrameServer WatchdogTimer Stop Event, TimerScope: FSSource, TimerScopeId: 0, WatchdogOperation: 4, DurationToCompletionInHns: 14612."
"13-08-2026 12:01:25","11","Information","Microsoft-Windows-MF-FrameServer","FrameServer WatchdogTimer Start Event, TimerScope: FSSource, TimerScopeId: 0, WatchdogOperation: 4, DurationToTriggerInHns: 200000000, 
SymbolicLink: <none>."
"13-08-2026 12:01:25","5","Information","Microsoft-Windows-MF-FrameServer","FrameServer FsProxy D3dManager Stop, hr=0x0."
"13-08-2026 12:01:25","4","Information","Microsoft-Windows-MF-FrameServer","FrameServer FsProxy D3dManager Start, D3dDesc: Intel(R) Graphics, LUID: 0x10DFF, VendorId: 32902, DeviceId: 32065, SubSysId: 216535080."
"13-08-2026 12:01:25","3","Information","Microsoft-Windows-MF-FrameServer","FrameServer FsProxy SetOutputType Stop, hr=0x0."
"13-08-2026 12:01:25","2","Information","Microsoft-Windows-MF-FrameServer","FrameServer FsProxy SetOutputType Start, PinId: 0, MediaType: FrameSize=8246337209400 (1920,1080),MajorType={73646976-0000-0010-8000-00AA00389B71},FrameRate=128849018881 (30,1),PixelAspectRatio=4294967297 (1,1),InterlacedMode=2,Subtype={32595559-0000-0010-8000-00AA00389B71}."
"13-08-2026 12:01:25","7","Information","Microsoft-Windows-MF-FrameServer","FrameServer FsProxy Initialization Stop, SymbolicLink: \\?\usb#vid_0bda&pid_5599&mi_00#6&236e8108&0&0000#{e5323777-f976-4f5b-9b55-b94699c46e44}\global, Devices: 1, Streams: 1, StreamType: MASTER, hr: 0x0."
"13-08-2026 12:01:25","12","Information","Microsoft-Windows-MF-FrameServer","FrameServer WatchdogTimer Stop Event, TimerScope: FSSource, TimerScopeId: 0, WatchdogOperation: Initialize, DurationToCompletionInHns: 23374."
"13-08-2026 12:01:25","11","Information","Microsoft-Windows-MF-FrameServer","FrameServer WatchdogTimer Start Event, TimerScope: FSSource, TimerScopeId: 0, WatchdogOperation: Initialize, DurationToTriggerInHns: 249943318, 
SymbolicLink: \\?\USB#VID_0BDA&PID_5599&MI_00#6&236e8108&0&0000#{e5323777-f976-4f5b-9b55-b94699c46e44}\Global."
"13-08-2026 12:01:25","12","Information","Microsoft-Windows-MF-FrameServer","FrameServer WatchdogTimer Stop Event, TimerScope: FSSource, TimerScopeId: 0, WatchdogOperation: Initialize, DurationToCompletionInHns: 56592."
"13-08-2026 12:01:25","11","Information","Microsoft-Windows-MF-FrameServer","FrameServer WatchdogTimer Start Event, TimerScope: FSSource, TimerScopeId: 0, WatchdogOperation: Initialize, DurationToTriggerInHns: 250000000, 
SymbolicLink: \\?\USB#VID_0BDA&PID_5599&MI_00#6&236e8108&0&0000#{e5323777-f976-4f5b-9b55-b94699c46e44}\Global."
"13-08-2026 12:01:25","6","Information","Microsoft-Windows-MF-FrameServer","FrameServer FsProxy Initialization Start, SymbolicLink: \\?\usb#vid_0bda&pid_5599&mi_00#6&236e8108&0&0000#{e5323777-f976-4f5b-9b55-b94699c46e44}\global, Devices: 1, StreamType: MASTER."
"13-08-2026 10:07:51","12","Information","Microsoft-Windows-MF-FrameServer","FrameServer WatchdogTimer Stop Event, TimerScope: FSSource, TimerScopeId: 0, WatchdogOperation: 4, DurationToCompletionInHns: 6463."
"13-08-2026 10:07:51","11","Information","Microsoft-Windows-MF-FrameServer","FrameServer WatchdogTimer Start Event, TimerScope: FSSource, TimerScopeId: 0, WatchdogOperation: 4, DurationToTriggerInHns: 200000000, 
SymbolicLink: <none>."
"13-08-2026 10:07:51","5","Information","Microsoft-Windows-MF-FrameServer","FrameServer FsProxy D3dManager Stop, hr=0x0."
"13-08-2026 10:07:51","4","Information","Microsoft-Windows-MF-FrameServer","FrameServer FsProxy D3dManager Start, D3dDesc: Intel(R) Graphics, LUID: 0x10DFF, VendorId: 32902, DeviceId: 32065, SubSysId: 216535080."
"13-08-2026 10:07:51","3","Information","Microsoft-Windows-MF-FrameServer","FrameServer FsProxy SetOutputType Stop, hr=0x0."
"13-08-2026 10:07:51","2","Information","Microsoft-Windows-MF-FrameServer","FrameServer FsProxy SetOutputType Start, PinId: 0, MediaType: FrameSize=8246337209400 (1920,1080),MajorType={73646976-0000-0010-8000-00AA00389B71},FrameRate=128849018881 (30,1),PixelAspectRatio=4294967297 (1,1),InterlacedMode=2,Subtype={32595559-0000-0010-8000-00AA00389B71}."
"13-08-2026 10:07:51","5","Information","Microsoft-Windows-MF-FrameServer","FrameServer FsProxy D3dManager Stop, hr=0x0."
"13-08-2026 10:07:51","4","Information","Microsoft-Windows-MF-FrameServer","FrameServer FsProxy D3dManager Start, D3dDesc: Intel(R) Graphics, LUID: 0x10DFF, VendorId: 32902, DeviceId: 32065, SubSysId: 216535080."
"13-08-2026 10:07:51","5","Information","Microsoft-Windows-MF-FrameServer","FrameServer FsProxy D3dManager Stop, hr=0x0."
"13-08-2026 10:07:51","4","Information","Microsoft-Windows-MF-FrameServer","FrameServer FsProxy D3dManager Start, D3dDesc: Intel(R) Graphics, LUID: 0x10DFF, VendorId: 32902, DeviceId: 32065, SubSysId: 216535080."
"13-08-2026 10:07:51","7","Information","Microsoft-Windows-MF-FrameServer","FrameServer FsProxy Initialization Stop, SymbolicLink: \\?\usb#vid_0bda&pid_5599&mi_00#6&236e8108&0&0000#{e5323777-f976-4f5b-9b55-b94699c46e44}\global, Devices: 1, Streams: 1, StreamType: MASTER, hr: 0x0."
"13-08-2026 10:07:51","12","Information","Microsoft-Windows-MF-FrameServer","FrameServer WatchdogTimer Stop Event, TimerScope: FSSource, TimerScopeId: 0, WatchdogOperation: Initialize, DurationToCompletionInHns: 14680."
"13-08-2026 10:07:51","11","Information","Microsoft-Windows-MF-FrameServer","FrameServer WatchdogTimer Start Event, TimerScope: FSSource, TimerScopeId: 0, WatchdogOperation: Initialize, DurationToTriggerInHns: 249961831, 
SymbolicLink: \\?\USB#VID_0BDA&PID_5599&MI_00#6&236e8108&0&0000#{e5323777-f976-4f5b-9b55-b94699c46e44}\Global."
"13-08-2026 10:07:51","12","Information","Microsoft-Windows-MF-FrameServer","FrameServer WatchdogTimer Stop Event, TimerScope: FSSource, TimerScopeId: 0, WatchdogOperation: Initialize, DurationToCompletionInHns: 38047."
"13-08-2026 10:07:51","11","Information","Microsoft-Windows-MF-FrameServer","FrameServer WatchdogTimer Start Event, TimerScope: FSSource, TimerScopeId: 0, WatchdogOperation: Initialize, DurationToTriggerInHns: 250000000, 
SymbolicLink: \\?\USB#VID_0BDA&PID_5599&MI_00#6&236e8108&0&0000#{e5323777-f976-4f5b-9b55-b94699c46e44}\Global."
"13-08-2026 10:07:51","6","Information","Microsoft-Windows-MF-FrameServer","FrameServer FsProxy Initialization Start, SymbolicLink: \\?\usb#vid_0bda&pid_5599&mi_00#6&236e8108&0&0000#{e5323777-f976-4f5b-9b55-b94699c46e44}\global, Devices: 1, StreamType: MASTER."
"13-08-2026 09:14:57","12","Information","Microsoft-Windows-MF-FrameServer","FrameServer WatchdogTimer Stop Event, TimerScope: FSSource, TimerScopeId: 0, WatchdogOperation: 4, DurationToCompletionInHns: 14067."
"13-08-2026 09:14:57","11","Information","Microsoft-Windows-MF-FrameServer","FrameServer WatchdogTimer Start Event, TimerScope: FSSource, TimerScopeId: 0, WatchdogOperation: 4, DurationToTriggerInHns: 200000000, 
SymbolicLink: <none>."
"13-08-2026 09:14:57","5","Information","Microsoft-Windows-MF-FrameServer","FrameServer FsProxy D3dManager Stop, hr=0x0."
"13-08-2026 09:14:57","4","Information","Microsoft-Windows-MF-FrameServer","FrameServer FsProxy D3dManager Start, D3dDesc: Intel(R) Graphics, LUID: 0x10DFF, VendorId: 32902, DeviceId: 32065, SubSysId: 216535080."
"13-08-2026 09:14:57","3","Information","Microsoft-Windows-MF-FrameServer","FrameServer FsProxy SetOutputType Stop, hr=0x0."
"13-08-2026 09:14:57","2","Information","Microsoft-Windows-MF-FrameServer","FrameServer FsProxy SetOutputType Start, PinId: 0, MediaType: FrameSize=8246337209400 (1920,1080),MajorType={73646976-0000-0010-8000-00AA00389B71},FrameRate=128849018881 (30,1),PixelAspectRatio=4294967297 (1,1),InterlacedMode=2,Subtype={32595559-0000-0010-8000-00AA00389B71}."
"13-08-2026 09:14:57","7","Information","Microsoft-Windows-MF-FrameServer","FrameServer FsProxy Initialization Stop, SymbolicLink: \\?\usb#vid_0bda&pid_5599&mi_00#6&236e8108&0&0000#{e5323777-f976-4f5b-9b55-b94699c46e44}\global, Devices: 1, Streams: 1, StreamType: MASTER, hr: 0x0."
"13-08-2026 09:14:57","12","Information","Microsoft-Windows-MF-FrameServer","FrameServer WatchdogTimer Stop Event, TimerScope: FSSource, TimerScopeId: 0, WatchdogOperation: Initialize, DurationToCompletionInHns: 7905."
"13-08-2026 09:14:57","11","Information","Microsoft-Windows-MF-FrameServer","FrameServer WatchdogTimer Start Event, TimerScope: FSSource, TimerScopeId: 0, WatchdogOperation: Initialize, DurationToTriggerInHns: 249962534, 
SymbolicLink: \\?\USB#VID_0BDA&PID_5599&MI_00#6&236e8108&0&0000#{e5323777-f976-4f5b-9b55-b94699c46e44}\Global."
"13-08-2026 09:14:57","12","Information","Microsoft-Windows-MF-FrameServer","FrameServer WatchdogTimer Stop Event, TimerScope: FSSource, TimerScopeId: 0, WatchdogOperation: Initialize, DurationToCompletionInHns: 37427."
"13-08-2026 09:14:57","11","Information","Microsoft-Windows-MF-FrameServer","FrameServer WatchdogTimer Start Event, TimerScope: FSSource, TimerScopeId: 0, WatchdogOperation: Initialize, DurationToTriggerInHns: 250000000, 
SymbolicLink: \\?\USB#VID_0BDA&PID_5599&MI_00#6&236e8108&0&0000#{e5323777-f976-4f5b-9b55-b94699c46e44}\Global."
"13-08-2026 09:14:57","6","Information","Microsoft-Windows-MF-FrameServer","FrameServer FsProxy Initialization Start, SymbolicLink: \\?\usb#vid_0bda&pid_5599&mi_00#6&236e8108&0&0000#{e5323777-f976-4f5b-9b55-b94699c46e44}\global, Devices: 1, StreamType: MASTER."
"12-08-2026 18:55:35","12","Information","Microsoft-Windows-MF-FrameServer","FrameServer WatchdogTimer Stop Event, TimerScope: FSSource, TimerScopeId: 0, WatchdogOperation: 4, DurationToCompletionInHns: 129809."
"12-08-2026 18:55:35","11","Information","Microsoft-Windows-MF-FrameServer","FrameServer WatchdogTimer Start Event, TimerScope: FSSource, TimerScopeId: 0, WatchdogOperation: 4, DurationToTriggerInHns: 200000000, 
SymbolicLink: <none>."
"12-08-2026 18:55:35","12","Information","Microsoft-Windows-MF-FrameServer","FrameServer WatchdogTimer Stop Event, TimerScope: FSStream, TimerScopeId: 1313086986384, WatchdogOperation: Stop, DurationToCompletionInHns: 2823245."
"12-08-2026 18:55:35","11","Information","Microsoft-Windows-MF-FrameServer","FrameServer WatchdogTimer Start Event, TimerScope: FSStream, TimerScopeId: 1313086986384, WatchdogOperation: Stop, DurationToTriggerInHns: 200000000, 
SymbolicLink: \\?\USB#VID_0BDA&PID_5599&MI_00#6&236e8108&0&0000#{e5323777-f976-4f5b-9b55-b94699c46e44}\Global."
"12-08-2026 17:31:09","12","Information","Microsoft-Windows-MF-FrameServer","FrameServer WatchdogTimer Stop Event, TimerScope: FSStream, TimerScopeId: 1313086986384, WatchdogOperation: Start, DurationToCompletionInHns: 85642."
"12-08-2026 17:31:09","11","Information","Microsoft-Windows-MF-FrameServer","FrameServer WatchdogTimer Start Event, TimerScope: FSStream, TimerScopeId: 1313086986384, WatchdogOperation: Start, DurationToTriggerInHns: 200000000, 
SymbolicLink: \\?\USB#VID_0BDA&PID_5599&MI_00#6&236e8108&0&0000#{e5323777-f976-4f5b-9b55-b94699c46e44}\Global."
"12-08-2026 17:31:09","3","Information","Microsoft-Windows-MF-FrameServer","FrameServer FsProxy SetOutputType Stop, hr=0x0."
"12-08-2026 17:31:09","2","Information","Microsoft-Windows-MF-FrameServer","FrameServer FsProxy SetOutputType Start, PinId: 0, MediaType: FrameSize=8246337209400 (1920,1080),MajorType={73646976-0000-0010-8000-00AA00389B71},FrameRate=128849018881 (30,1),PixelAspectRatio=4294967297 (1,1),InterlacedMode=2,Subtype={32595559-0000-0010-8000-00AA00389B71}."
"12-08-2026 17:31:09","12","Information","Microsoft-Windows-MF-FrameServer","FrameServer WatchdogTimer Stop Event, TimerScope: FSStream, TimerScopeId: 1313086986384, WatchdogOperation: Stop, DurationToCompletionInHns: 2635225."
"12-08-2026 17:31:08","11","Information","Microsoft-Windows-MF-FrameServer","FrameServer WatchdogTimer Start Event, TimerScope: FSStream, TimerScopeId: 1313086986384, WatchdogOperation: Stop, DurationToTriggerInHns: 200000000, 
SymbolicLink: \\?\USB#VID_0BDA&PID_5599&MI_00#6&236e8108&0&0000#{e5323777-f976-4f5b-9b55-b94699c46e44}\Global."
"12-08-2026 17:30:26","12","Information","Microsoft-Windows-MF-FrameServer","FrameServer WatchdogTimer Stop Event, TimerScope: FSStream, TimerScopeId: 1313086986384, WatchdogOperation: Start, DurationToCompletionInHns: 68993."
"12-08-2026 17:30:26","11","Information","Microsoft-Windows-MF-FrameServer","FrameServer WatchdogTimer Start Event, TimerScope: FSStream, TimerScopeId: 1313086986384, WatchdogOperation: Start, DurationToTriggerInHns: 200000000, 
SymbolicLink: \\?\USB#VID_0BDA&PID_5599&MI_00#6&236e8108&0&0000#{e5323777-f976-4f5b-9b55-b94699c46e44}\Global."
"12-08-2026 17:30:26","3","Information","Microsoft-Windows-MF-FrameServer","FrameServer FsProxy SetOutputType Stop, hr=0x0."
"12-08-2026 17:30:26","2","Information","Microsoft-Windows-MF-FrameServer","FrameServer FsProxy SetOutputType Start, PinId: 0, MediaType: FrameSize=5497558139600 (1280,720),MajorType={73646976-0000-0010-8000-00AA00389B71},FrameRate=128849018881 (30,1),PixelAspectRatio=4294967297 (1,1),InterlacedMode=2,Subtype={32595559-0000-0010-8000-00AA00389B71}."
"12-08-2026 17:30:26","12","Information","Microsoft-Windows-MF-FrameServer","FrameServer WatchdogTimer Stop Event, TimerScope: FSStream, TimerScopeId: 1313086986384, WatchdogOperation: Stop, DurationToCompletionInHns: 2644903."
"12-08-2026 17:30:25","11","Information","Microsoft-Windows-MF-FrameServer","FrameServer WatchdogTimer Start Event, TimerScope: FSStream, TimerScopeId: 1313086986384, WatchdogOperation: Stop, DurationToTriggerInHns: 200000000, 
SymbolicLink: \\?\USB#VID_0BDA&PID_5599&MI_00#6&236e8108&0&0000#{e5323777-f976-4f5b-9b55-b94699c46e44}\Global."
"12-08-2026 17:30:23","12","Information","Microsoft-Windows-MF-FrameServer","FrameServer WatchdogTimer Stop Event, TimerScope: FSStream, TimerScopeId: 1313086986384, WatchdogOperation: Start, DurationToCompletionInHns: 87227."
"12-08-2026 17:30:23","11","Information","Microsoft-Windows-MF-FrameServer","FrameServer WatchdogTimer Start Event, TimerScope: FSStream, TimerScopeId: 1313086986384, WatchdogOperation: Start, DurationToTriggerInHns: 200000000, 
SymbolicLink: \\?\USB#VID_0BDA&PID_5599&MI_00#6&236e8108&0&0000#{e5323777-f976-4f5b-9b55-b94699c46e44}\Global."
"12-08-2026 17:30:23","3","Information","Microsoft-Windows-MF-FrameServer","FrameServer FsProxy SetOutputType Stop, hr=0x0."
"12-08-2026 17:30:23","2","Information","Microsoft-Windows-MF-FrameServer","FrameServer FsProxy SetOutputType Start, PinId: 0, MediaType: FrameSize=2748779069800 (640,360),BitRate=110592000,MajorType={73646976-0000-0010-8000-00AA00389B71},Stride=1280,FrameRate=128849018881 (30,1),PixelAspectRatio=4294967297 (1,1),InterlacedMode=2,Subtype={32595559-0000-0010-8000-00AA00389B71}."
"12-08-2026 17:30:23","12","Information","Microsoft-Windows-MF-FrameServer","FrameServer WatchdogTimer Stop Event, TimerScope: FSStream, TimerScopeId: 1313086986384, WatchdogOperation: Stop, DurationToCompletionInHns: 2892284."
"12-08-2026 17:30:22","11","Information","Microsoft-Windows-MF-FrameServer","FrameServer WatchdogTimer Start Event, TimerScope: FSStream, TimerScopeId: 1313086986384, WatchdogOperation: Stop, DurationToTriggerInHns: 200000000, 
SymbolicLink: \\?\USB#VID_0BDA&PID_5599&MI_00#6&236e8108&0&0000#{e5323777-f976-4f5b-9b55-b94699c46e44}\Global."
"12-08-2026 17:30:13","12","Information","Microsoft-Windows-MF-FrameServer","FrameServer WatchdogTimer Stop Event, TimerScope: FSStream, TimerScopeId: 1313086986384, WatchdogOperation: Start, DurationToCompletionInHns: 567437."
"12-08-2026 17:30:13","11","Information","Microsoft-Windows-MF-FrameServer","FrameServer WatchdogTimer Start Event, TimerScope: FSStream, TimerScopeId: 1313086986384, WatchdogOperation: Start, DurationToTriggerInHns: 200000000, 
SymbolicLink: \\?\USB#VID_0BDA&PID_5599&MI_00#6&236e8108&0&0000#{e5323777-f976-4f5b-9b55-b94699c46e44}\Global."
"12-08-2026 17:30:13","3","Information","Microsoft-Windows-MF-FrameServer","FrameServer FsProxy SetOutputType Stop, hr=0x0."
"12-08-2026 17:30:13","2","Information","Microsoft-Windows-MF-FrameServer","FrameServer FsProxy SetOutputType Start, PinId: 0, MediaType: FrameSize=8246337209400 (1920,1080),MajorType={73646976-0000-0010-8000-00AA00389B71},FrameRate=128849018881 (30,1),PixelAspectRatio=4294967297 (1,1),InterlacedMode=2,Subtype={32595559-0000-0010-8000-00AA00389B71}."
"12-08-2026 17:30:12","7","Information","Microsoft-Windows-MF-FrameServer","FrameServer FsProxy Initialization Stop, SymbolicLink: \\?\usb#vid_0bda&pid_5599&mi_00#6&236e8108&0&0000#{e5323777-f976-4f5b-9b55-b94699c46e44}\global, Devices: 1, Streams: 1, StreamType: MASTER, hr: 0x0."
"12-08-2026 17:30:12","12","Information","Microsoft-Windows-MF-FrameServer","FrameServer WatchdogTimer Stop Event, TimerScope: FSSource, TimerScopeId: 0, WatchdogOperation: Initialize, DurationToCompletionInHns: 9268."
"12-08-2026 17:30:12","11","Information","Microsoft-Windows-MF-FrameServer","FrameServer WatchdogTimer Start Event, TimerScope: FSSource, TimerScopeId: 0, WatchdogOperation: Initialize, DurationToTriggerInHns: 249969031, 
SymbolicLink: \\?\USB#VID_0BDA&PID_5599&MI_00#6&236e8108&0&0000#{e5323777-f976-4f5b-9b55-b94699c46e44}\Global."
"12-08-2026 17:30:12","12","Information","Microsoft-Windows-MF-FrameServer","FrameServer WatchdogTimer Stop Event, TimerScope: FSSource, TimerScopeId: 0, WatchdogOperation: Initialize, DurationToCompletionInHns: 30889."
"12-08-2026 17:30:12","11","Information","Microsoft-Windows-MF-FrameServer","FrameServer WatchdogTimer Start Event, TimerScope: FSSource, TimerScopeId: 0, WatchdogOperation: Initialize, DurationToTriggerInHns: 250000000, 
SymbolicLink: \\?\USB#VID_0BDA&PID_5599&MI_00#6&236e8108&0&0000#{e5323777-f976-4f5b-9b55-b94699c46e44}\Global."
"12-08-2026 17:30:12","6","Information","Microsoft-Windows-MF-FrameServer","FrameServer FsProxy Initialization Start, SymbolicLink: \\?\usb#vid_0bda&pid_5599&mi_00#6&236e8108&0&0000#{e5323777-f976-4f5b-9b55-b94699c46e44}\global, Devices: 1, StreamType: MASTER."
"12-08-2026 12:01:23","12","Information","Microsoft-Windows-MF-FrameServer","FrameServer WatchdogTimer Stop Event, TimerScope: FSSource, TimerScopeId: 0, WatchdogOperation: 4, DurationToCompletionInHns: 2836."
"12-08-2026 12:01:23","11","Information","Microsoft-Windows-MF-FrameServer","FrameServer WatchdogTimer Start Event, TimerScope: FSSource, TimerScopeId: 0, WatchdogOperation: 4, DurationToTriggerInHns: 200000000, 
SymbolicLink: <none>."
"12-08-2026 12:01:23","5","Information","Microsoft-Windows-MF-FrameServer","FrameServer FsProxy D3dManager Stop, hr=0x0."
"12-08-2026 12:01:23","4","Information","Microsoft-Windows-MF-FrameServer","FrameServer FsProxy D3dManager Start, D3dDesc: Intel(R) Graphics, LUID: 0x10DFF, VendorId: 32902, DeviceId: 32065, SubSysId: 216535080."
"12-08-2026 12:01:23","3","Information","Microsoft-Windows-MF-FrameServer","FrameServer FsProxy SetOutputType Stop, hr=0x0."
"12-08-2026 12:01:23","2","Information","Microsoft-Windows-MF-FrameServer","FrameServer FsProxy SetOutputType Start, PinId: 0, MediaType: FrameSize=8246337209400 (1920,1080),MajorType={73646976-0000-0010-8000-00AA00389B71},FrameRate=128849018881 (30,1),PixelAspectRatio=4294967297 (1,1),InterlacedMode=2,Subtype={32595559-0000-0010-8000-00AA00389B71}."
"12-08-2026 12:01:23","7","Information","Microsoft-Windows-MF-FrameServer","FrameServer FsProxy Initialization Stop, SymbolicLink: \\?\usb#vid_0bda&pid_5599&mi_00#6&236e8108&0&0000#{e5323777-f976-4f5b-9b55-b94699c46e44}\global, Devices: 1, Streams: 1, StreamType: MASTER, hr: 0x0."
"12-08-2026 12:01:23","12","Information","Microsoft-Windows-MF-FrameServer","FrameServer WatchdogTimer Stop Event, TimerScope: FSSource, TimerScopeId: 0, WatchdogOperation: Initialize, DurationToCompletionInHns: 3928."
"12-08-2026 12:01:23","11","Information","Microsoft-Windows-MF-FrameServer","FrameServer WatchdogTimer Start Event, TimerScope: FSSource, TimerScopeId: 0, WatchdogOperation: Initialize, DurationToTriggerInHns: 249988342, 
SymbolicLink: \\?\USB#VID_0BDA&PID_5599&MI_00#6&236e8108&0&0000#{e5323777-f976-4f5b-9b55-b94699c46e44}\Global."
"12-08-2026 12:01:23","12","Information","Microsoft-Windows-MF-FrameServer","FrameServer WatchdogTimer Stop Event, TimerScope: FSSource, TimerScopeId: 0, WatchdogOperation: Initialize, DurationToCompletionInHns: 11624."
"12-08-2026 12:01:23","11","Information","Microsoft-Windows-MF-FrameServer","FrameServer WatchdogTimer Start Event, TimerScope: FSSource, TimerScopeId: 0, WatchdogOperation: Initialize, DurationToTriggerInHns: 250000000, 
SymbolicLink: \\?\USB#VID_0BDA&PID_5599&MI_00#6&236e8108&0&0000#{e5323777-f976-4f5b-9b55-b94699c46e44}\Global."
"12-08-2026 12:01:23","6","Information","Microsoft-Windows-MF-FrameServer","FrameServer FsProxy Initialization Start, SymbolicLink: \\?\usb#vid_0bda&pid_5599&mi_00#6&236e8108&0&0000#{e5323777-f976-4f5b-9b55-b94699c46e44}\global, Devices: 1, StreamType: MASTER."
"12-08-2026 10:25:04","12","Information","Microsoft-Windows-MF-FrameServer","FrameServer WatchdogTimer Stop Event, TimerScope: FSSource, TimerScopeId: 0, WatchdogOperation: 4, DurationToCompletionInHns: 13855."
"12-08-2026 10:25:04","11","Information","Microsoft-Windows-MF-FrameServer","FrameServer WatchdogTimer Start Event, TimerScope: FSSource, TimerScopeId: 0, WatchdogOperation: 4, DurationToTriggerInHns: 200000000, 
SymbolicLink: <none>."
"12-08-2026 10:25:04","5","Information","Microsoft-Windows-MF-FrameServer","FrameServer FsProxy D3dManager Stop, hr=0x0."
"12-08-2026 10:25:04","4","Information","Microsoft-Windows-MF-FrameServer","FrameServer FsProxy D3dManager Start, D3dDesc: Intel(R) Graphics, LUID: 0x10DFF, VendorId: 32902, DeviceId: 32065, SubSysId: 216535080."
"12-08-2026 10:25:04","3","Information","Microsoft-Windows-MF-FrameServer","FrameServer FsProxy SetOutputType Stop, hr=0x0."
"12-08-2026 10:25:04","2","Information","Microsoft-Windows-MF-FrameServer","FrameServer FsProxy SetOutputType Start, PinId: 0, MediaType: FrameSize=8246337209400 (1920,1080),MajorType={73646976-0000-0010-8000-00AA00389B71},FrameRate=128849018881 (30,1),PixelAspectRatio=4294967297 (1,1),InterlacedMode=2,Subtype={32595559-0000-0010-8000-00AA00389B71}."
"12-08-2026 10:25:04","5","Information","Microsoft-Windows-MF-FrameServer","FrameServer FsProxy D3dManager Stop, hr=0x0."
"12-08-2026 10:25:04","4","Information","Microsoft-Windows-MF-FrameServer","FrameServer FsProxy D3dManager Start, D3dDesc: Intel(R) Graphics, LUID: 0x10DFF, VendorId: 32902, DeviceId: 32065, SubSysId: 216535080."
"12-08-2026 10:25:04","5","Information","Microsoft-Windows-MF-FrameServer","FrameServer FsProxy D3dManager Stop, hr=0x0."
"12-08-2026 10:25:04","4","Information","Microsoft-Windows-MF-FrameServer","FrameServer FsProxy D3dManager Start, D3dDesc: Intel(R) Graphics, LUID: 0x10DFF, VendorId: 32902, DeviceId: 32065, SubSysId: 216535080."
"12-08-2026 10:25:04","7","Information","Microsoft-Windows-MF-FrameServer","FrameServer FsProxy Initialization Stop, SymbolicLink: \\?\usb#vid_0bda&pid_5599&mi_00#6&236e8108&0&0000#{e5323777-f976-4f5b-9b55-b94699c46e44}\global, Devices: 1, Streams: 1, StreamType: MASTER, hr: 0x0."
"12-08-2026 10:25:04","12","Information","Microsoft-Windows-MF-FrameServer","FrameServer WatchdogTimer Stop Event, TimerScope: FSSource, TimerScopeId: 0, WatchdogOperation: Initialize, DurationToCompletionInHns: 17335."
"12-08-2026 10:25:04","11","Information","Microsoft-Windows-MF-FrameServer","FrameServer WatchdogTimer Start Event, TimerScope: FSSource, TimerScopeId: 0, WatchdogOperation: Initialize, DurationToTriggerInHns: 249959048, 
SymbolicLink: \\?\USB#VID_0BDA&PID_5599&MI_00#6&236e8108&0&0000#{e5323777-f976-4f5b-9b55-b94699c46e44}\Global."
"12-08-2026 10:25:04","12","Information","Microsoft-Windows-MF-FrameServer","FrameServer WatchdogTimer Stop Event, TimerScope: FSSource, TimerScopeId: 0, WatchdogOperation: Initialize, DurationToCompletionInHns: 40827."
"12-08-2026 10:25:04","11","Information","Microsoft-Windows-MF-FrameServer","FrameServer WatchdogTimer Start Event, TimerScope: FSSource, TimerScopeId: 0, WatchdogOperation: Initialize, DurationToTriggerInHns: 250000000, 
SymbolicLink: \\?\USB#VID_0BDA&PID_5599&MI_00#6&236e8108&0&0000#{e5323777-f976-4f5b-9b55-b94699c46e44}\Global."
"12-08-2026 10:25:04","6","Information","Microsoft-Windows-MF-FrameServer","FrameServer FsProxy Initialization Start, SymbolicLink: \\?\usb#vid_0bda&pid_5599&mi_00#6&236e8108&0&0000#{e5323777-f976-4f5b-9b55-b94699c46e44}\global, Devices: 1, StreamType: MASTER."
"12-08-2026 08:56:44","12","Information","Microsoft-Windows-MF-FrameServer","FrameServer WatchdogTimer Stop Event, TimerScope: FSSource, TimerScopeId: 0, WatchdogOperation: 4, DurationToCompletionInHns: 4365."
"12-08-2026 08:56:44","11","Information","Microsoft-Windows-MF-FrameServer","FrameServer WatchdogTimer Start Event, TimerScope: FSSource, TimerScopeId: 0, WatchdogOperation: 4, DurationToTriggerInHns: 200000000, 
SymbolicLink: <none>."
"12-08-2026 08:56:44","5","Information","Microsoft-Windows-MF-FrameServer","FrameServer FsProxy D3dManager Stop, hr=0x0."
"12-08-2026 08:56:44","4","Information","Microsoft-Windows-MF-FrameServer","FrameServer FsProxy D3dManager Start, D3dDesc: Intel(R) Graphics, LUID: 0x10DFF, VendorId: 32902, DeviceId: 32065, SubSysId: 216535080."
"12-08-2026 08:56:44","3","Information","Microsoft-Windows-MF-FrameServer","FrameServer FsProxy SetOutputType Stop, hr=0x0."
"12-08-2026 08:56:44","2","Information","Microsoft-Windows-MF-FrameServer","FrameServer FsProxy SetOutputType Start, PinId: 0, MediaType: FrameSize=8246337209400 (1920,1080),MajorType={73646976-0000-0010-8000-00AA00389B71},FrameRate=128849018881 (30,1),PixelAspectRatio=4294967297 (1,1),InterlacedMode=2,Subtype={32595559-0000-0010-8000-00AA00389B71}."
"12-08-2026 08:56:44","7","Information","Microsoft-Windows-MF-FrameServer","FrameServer FsProxy Initialization Stop, SymbolicLink: \\?\usb#vid_0bda&pid_5599&mi_00#6&236e8108&0&0000#{e5323777-f976-4f5b-9b55-b94699c46e44}\global, Devices: 1, Streams: 1, StreamType: MASTER, hr: 0x0."
"12-08-2026 08:56:44","12","Information","Microsoft-Windows-MF-FrameServer","FrameServer WatchdogTimer Stop Event, TimerScope: FSSource, TimerScopeId: 0, WatchdogOperation: Initialize, DurationToCompletionInHns: 10918."
"12-08-2026 08:56:44","11","Information","Microsoft-Windows-MF-FrameServer","FrameServer WatchdogTimer Start Event, TimerScope: FSSource, TimerScopeId: 0, WatchdogOperation: Initialize, DurationToTriggerInHns: 249976645, 
SymbolicLink: \\?\USB#VID_0BDA&PID_5599&MI_00#6&236e8108&0&0000#{e5323777-f976-4f5b-9b55-b94699c46e44}\Global."
"12-08-2026 08:56:44","12","Information","Microsoft-Windows-MF-FrameServer","FrameServer WatchdogTimer Stop Event, TimerScope: FSSource, TimerScopeId: 0, WatchdogOperation: Initialize, DurationToCompletionInHns: 23280."
"12-08-2026 08:56:44","11","Information","Microsoft-Windows-MF-FrameServer","FrameServer WatchdogTimer Start Event, TimerScope: FSSource, TimerScopeId: 0, WatchdogOperation: Initialize, DurationToTriggerInHns: 250000000, 
SymbolicLink: \\?\USB#VID_0BDA&PID_5599&MI_00#6&236e8108&0&0000#{e5323777-f976-4f5b-9b55-b94699c46e44}\Global."
"12-08-2026 08:56:44","6","Information","Microsoft-Windows-MF-FrameServer","FrameServer FsProxy Initialization Start, SymbolicLink: \\?\usb#vid_0bda&pid_5599&mi_00#6&236e8108&0&0000#{e5323777-f976-4f5b-9b55-b94699c46e44}\global, Devices: 1, StreamType: MASTER."
"11-08-2026 18:34:24","12","Information","Microsoft-Windows-MF-FrameServer","FrameServer WatchdogTimer Stop Event, TimerScope: FSSource, TimerScopeId: 0, WatchdogOperation: 4, DurationToCompletionInHns: 92431."
"11-08-2026 18:34:24","11","Information","Microsoft-Windows-MF-FrameServer","FrameServer WatchdogTimer Start Event, TimerScope: FSSource, TimerScopeId: 0, WatchdogOperation: 4, DurationToTriggerInHns: 200000000, 
SymbolicLink: <none>."
"11-08-2026 12:10:29","3","Information","Microsoft-Windows-MF-FrameServer","FrameServer FsProxy SetOutputType Stop, hr=0x0."
"11-08-2026 12:10:29","2","Information","Microsoft-Windows-MF-FrameServer","FrameServer FsProxy SetOutputType Start, PinId: 0, MediaType: FrameSize=8246337209400 (1920,1080),MajorType={73646976-0000-0010-8000-00AA00389B71},FrameRate=128849018881 (30,1),PixelAspectRatio=4294967297 (1,1),InterlacedMode=2,Subtype={32595559-0000-0010-8000-00AA00389B71}."
"11-08-2026 12:10:29","7","Information","Microsoft-Windows-MF-FrameServer","FrameServer FsProxy Initialization Stop, SymbolicLink: \\?\usb#vid_0bda&pid_5599&mi_00#6&236e8108&0&0000#{65e8773d-8f56-11d0-a3b9-00a0c9223196}\global, Devices: 1, Streams: 1, StreamType: MASTER, hr: 0x0."
"11-08-2026 12:10:29","12","Information","Microsoft-Windows-MF-FrameServer","FrameServer WatchdogTimer Stop Event, TimerScope: FSSource, TimerScopeId: 0, WatchdogOperation: Initialize, DurationToCompletionInHns: 64851."
"11-08-2026 12:10:29","11","Information","Microsoft-Windows-MF-FrameServer","FrameServer WatchdogTimer Start Event, TimerScope: FSSource, TimerScopeId: 0, WatchdogOperation: Initialize, DurationToTriggerInHns: 249116607, 
SymbolicLink: \\?\USB#VID_0BDA&PID_5599&MI_00#6&236e8108&0&0000#{e5323777-f976-4f5b-9b55-b94699c46e44}\global."
"11-08-2026 12:10:29","12","Information","Microsoft-Windows-MF-FrameServer","FrameServer WatchdogTimer Stop Event, TimerScope: FSSource, TimerScopeId: 0, WatchdogOperation: Initialize, DurationToCompletionInHns: 883216."
"11-08-2026 12:10:29","11","Information","Microsoft-Windows-MF-FrameServer","FrameServer WatchdogTimer Start Event, TimerScope: FSSource, TimerScopeId: 0, WatchdogOperation: Initialize, DurationToTriggerInHns: 250000000, 
SymbolicLink: \\?\USB#VID_0BDA&PID_5599&MI_00#6&236e8108&0&0000#{e5323777-f976-4f5b-9b55-b94699c46e44}\global."
"11-08-2026 12:10:29","6","Information","Microsoft-Windows-MF-FrameServer","FrameServer FsProxy Initialization Start, SymbolicLink: \\?\usb#vid_0bda&pid_5599&mi_00#6&236e8108&0&0000#{65e8773d-8f56-11d0-a3b9-00a0c9223196}\global, Devices: 1, StreamType: MASTER."
"11-08-2026 12:02:32","62","Information","Microsoft-Windows-MF-FrameServer","FrameServer FsmDeviceWatcher InternalUpdateSensorGroups Stop, AnyFailed: false"
"11-08-2026 12:02:32","61","Information","Microsoft-Windows-MF-FrameServer","FrameServer FsmDeviceWatcher InternalUpdateSensorGroups Start"
"11-08-2026 09:11:19","12","Information","Microsoft-Windows-MF-FrameServer","FrameServer WatchdogTimer Stop Event, TimerScope: FSSource, TimerScopeId: 0, WatchdogOperation: 4, DurationToCompletionInHns: 3820."
"11-08-2026 09:11:19","11","Information","Microsoft-Windows-MF-FrameServer","FrameServer WatchdogTimer Start Event, TimerScope: FSSource, TimerScopeId: 0, WatchdogOperation: 4, DurationToTriggerInHns: 200000000, 
SymbolicLink: <none>."
"11-08-2026 09:11:19","5","Information","Microsoft-Windows-MF-FrameServer","FrameServer FsProxy D3dManager Stop, hr=0x0."
"11-08-2026 09:11:19","4","Information","Microsoft-Windows-MF-FrameServer","FrameServer FsProxy D3dManager Start, D3dDesc: Intel(R) Graphics, LUID: 0x13580, VendorId: 32902, DeviceId: 32065, SubSysId: 216535080."
"11-08-2026 09:11:19","3","Information","Microsoft-Windows-MF-FrameServer","FrameServer FsProxy SetOutputType Stop, hr=0x0."
"11-08-2026 09:11:19","2","Information","Microsoft-Windows-MF-FrameServer","FrameServer FsProxy SetOutputType Start, PinId: 0, MediaType: FrameSize=8246337209400 (1920,1080),MajorType={73646976-0000-0010-8000-00AA00389B71},FrameRate=128849018881 (30,1),PixelAspectRatio=4294967297 (1,1),InterlacedMode=2,Subtype={32595559-0000-0010-8000-00AA00389B71}."
"11-08-2026 09:11:19","7","Information","Microsoft-Windows-MF-FrameServer","FrameServer FsProxy Initialization Stop, SymbolicLink: \\?\usb#vid_0bda&pid_5599&mi_00#6&236e8108&0&0000#{e5323777-f976-4f5b-9b55-b94699c46e44}\global, Devices: 1, Streams: 1, StreamType: MASTER, hr: 0x0."
"11-08-2026 09:11:19","12","Information","Microsoft-Windows-MF-FrameServer","FrameServer WatchdogTimer Stop Event, TimerScope: FSSource, TimerScopeId: 0, WatchdogOperation: Initialize, DurationToCompletionInHns: 25983."
"11-08-2026 09:11:19","11","Information","Microsoft-Windows-MF-FrameServer","FrameServer WatchdogTimer Start Event, TimerScope: FSSource, TimerScopeId: 0, WatchdogOperation: Initialize, DurationToTriggerInHns: 249965748, 
SymbolicLink: \\?\USB#VID_0BDA&PID_5599&MI_00#6&236e8108&0&0000#{e5323777-f976-4f5b-9b55-b94699c46e44}\Global."
"11-08-2026 09:11:19","12","Information","Microsoft-Windows-MF-FrameServer","FrameServer WatchdogTimer Stop Event, TimerScope: FSSource, TimerScopeId: 0, WatchdogOperation: Initialize, DurationToCompletionInHns: 34195."
"11-08-2026 09:11:19","11","Information","Microsoft-Windows-MF-FrameServer","FrameServer WatchdogTimer Start Event, TimerScope: FSSource, TimerScopeId: 0, WatchdogOperation: Initialize, DurationToTriggerInHns: 250000000, 
SymbolicLink: \\?\USB#VID_0BDA&PID_5599&MI_00#6&236e8108&0&0000#{e5323777-f976-4f5b-9b55-b94699c46e44}\Global."
"11-08-2026 09:11:19","6","Information","Microsoft-Windows-MF-FrameServer","FrameServer FsProxy Initialization Start, SymbolicLink: \\?\usb#vid_0bda&pid_5599&mi_00#6&236e8108&0&0000#{e5323777-f976-4f5b-9b55-b94699c46e44}\global, Devices: 1, StreamType: MASTER."
"11-08-2026 06:06:51","62","Information","Microsoft-Windows-MF-FrameServer","FrameServer FsmDeviceWatcher InternalUpdateSensorGroups Stop, AnyFailed: false"
"11-08-2026 06:06:51","61","Information","Microsoft-Windows-MF-FrameServer","FrameServer FsmDeviceWatcher InternalUpdateSensorGroups Start"
"11-08-2026 06:06:51","62","Information","Microsoft-Windows-MF-FrameServer","FrameServer FsmDeviceWatcher InternalUpdateSensorGroups Stop, AnyFailed: false"
"11-08-2026 06:06:51","61","Information","Microsoft-Windows-MF-FrameServer","FrameServer FsmDeviceWatcher InternalUpdateSensorGroups Start"
"11-08-2026 06:06:51","62","Information","Microsoft-Windows-MF-FrameServer","FrameServer FsmDeviceWatcher InternalUpdateSensorGroups Stop, AnyFailed: false"
"11-08-2026 06:06:51","61","Information","Microsoft-Windows-MF-FrameServer","FrameServer FsmDeviceWatcher InternalUpdateSensorGroups Start"
"11-08-2026 06:06:51","62","Information","Microsoft-Windows-MF-FrameServer","FrameServer FsmDeviceWatcher InternalUpdateSensorGroups Stop, AnyFailed: false"
"11-08-2026 06:06:51","61","Information","Microsoft-Windows-MF-FrameServer","FrameServer FsmDeviceWatcher InternalUpdateSensorGroups Start"
"11-08-2026 06:06:48","62","Information","Microsoft-Windows-MF-FrameServer","FrameServer FsmDeviceWatcher InternalUpdateSensorGroups Stop, AnyFailed: false"
"11-08-2026 06:06:48","61","Information","Microsoft-Windows-MF-FrameServer","FrameServer FsmDeviceWatcher InternalUpdateSensorGroups Start"
"11-08-2026 06:06:48","62","Information","Microsoft-Windows-MF-FrameServer","FrameServer FsmDeviceWatcher InternalUpdateSensorGroups Stop, AnyFailed: false"
"11-08-2026 06:06:48","61","Information","Microsoft-Windows-MF-FrameServer","FrameServer FsmDeviceWatcher InternalUpdateSensorGroups Start"
"10-08-2026 18:50:36","12","Information","Microsoft-Windows-MF-FrameServer","FrameServer WatchdogTimer Stop Event, TimerScope: FSSource, TimerScopeId: 0, WatchdogOperation: 4, DurationToCompletionInHns: 557377."
"10-08-2026 18:50:36","11","Information","Microsoft-Windows-MF-FrameServer","FrameServer WatchdogTimer Start Event, TimerScope: FSSource, TimerScopeId: 0, WatchdogOperation: 4, DurationToTriggerInHns: 200000000, 
SymbolicLink: <none>."
"10-08-2026 12:50:25","12","Information","Microsoft-Windows-MF-FrameServer","FrameServer WatchdogTimer Stop Event, TimerScope: FSStream, TimerScopeId: 2576596177552, WatchdogOperation: Stop, DurationToCompletionInHns: 2867067."
"10-08-2026 12:50:25","11","Information","Microsoft-Windows-MF-FrameServer","FrameServer WatchdogTimer Start Event, TimerScope: FSStream, TimerScopeId: 2576596177552, WatchdogOperation: Stop, DurationToTriggerInHns: 200000000, 
SymbolicLink: \\?\USB#VID_0BDA&PID_5599&MI_00#6&236e8108&0&0000#{e5323777-f976-4f5b-9b55-b94699c46e44}\global."
"10-08-2026 12:37:21","12","Information","Microsoft-Windows-MF-FrameServer","FrameServer WatchdogTimer Stop Event, TimerScope: FSStream, TimerScopeId: 2576596177552, WatchdogOperation: Start, DurationToCompletionInHns: 55589."
"10-08-2026 12:37:21","11","Information","Microsoft-Windows-MF-FrameServer","FrameServer WatchdogTimer Start Event, TimerScope: FSStream, TimerScopeId: 2576596177552, WatchdogOperation: Start, DurationToTriggerInHns: 200000000, 
SymbolicLink: \\?\USB#VID_0BDA&PID_5599&MI_00#6&236e8108&0&0000#{e5323777-f976-4f5b-9b55-b94699c46e44}\global."
"10-08-2026 12:37:21","3","Information","Microsoft-Windows-MF-FrameServer","FrameServer FsProxy SetOutputType Stop, hr=0x0."
"10-08-2026 12:37:21","2","Information","Microsoft-Windows-MF-FrameServer","FrameServer FsProxy SetOutputType Start, PinId: 0, MediaType: FrameSize=5497558139600 (1280,720),MajorType={73646976-0000-0010-8000-00AA00389B71},FrameRate=128849018881 (30,1),PixelAspectRatio=4294967297 (1,1),InterlacedMode=2,Subtype={32595559-0000-0010-8000-00AA00389B71}."
