"03-07-2026 19:02:29","31010","Error","Microsoft-Windows-SMBClient","The SMB client failed to connect to the share.

Error: {Access Denied}
A process has requested access to an object, but has not been granted those access rights.

Path: \lhrnetapp05cifs1\cati"
"03-07-2026 18:46:04","31010","Error","Microsoft-Windows-SMBClient","The SMB client failed to connect to the share.

Error: {Access Denied}
A process has requested access to an object, but has not been granted those access rights.

Path: \lhrnetapp05cifs1\cati"
"03-07-2026 18:46:04","31010","Error","Microsoft-Windows-SMBClient","The SMB client failed to connect to the share.

Error: {Access Denied}
A process has requested access to an object, but has not been granted those access rights.

Path: \lhrnetapp05cifs1\cati"
"03-07-2026 18:32:29","31010","Error","Microsoft-Windows-SMBClient","The SMB client failed to connect to the share.

Error: {Access Denied}
A process has requested access to an object, but has not been granted those access rights.

Path: \lhrnetapp05cifs1\cati"
"03-07-2026 18:32:29","31010","Error","Microsoft-Windows-SMBClient","The SMB client failed to connect to the share.

Error: {Access Denied}
A process has requested access to an object, but has not been granted those access rights.

Path: \lhrnetapp05cifs1\cati"
"03-07-2026 18:25:02","31010","Error","Microsoft-Windows-SMBClient","The SMB client failed to connect to the share.

Error: {Access Denied}
A process has requested access to an object, but has not been granted those access rights.

Path: \lhrnetapp05cifs1\cati"
"03-07-2026 18:25:02","31010","Error","Microsoft-Windows-SMBClient","The SMB client failed to connect to the share.

Error: {Access Denied}
A process has requested access to an object, but has not been granted those access rights.

Path: \lhrnetapp05cifs1\cati"
"03-07-2026 18:02:29","31010","Error","Microsoft-Windows-SMBClient","The SMB client failed to connect to the share.

Error: {Access Denied}
A process has requested access to an object, but has not been granted those access rights.

Path: \lhrnetapp05cifs1\cati"
"03-07-2026 18:02:29","31010","Error","Microsoft-Windows-SMBClient","The SMB client failed to connect to the share.

Error: {Access Denied}
A process has requested access to an object, but has not been granted those access rights.

Path: \lhrnetapp05cifs1\cati"
"03-07-2026 17:24:00","31010","Error","Microsoft-Windows-SMBClient","The SMB client failed to connect to the share.

Error: {Access Denied}
A process has requested access to an object, but has not been granted those access rights.

Path: \lhrnetapp05cifs1\cati"
"03-07-2026 17:24:00","31010","Error","Microsoft-Windows-SMBClient","The SMB client failed to connect to the share.

Error: {Access Denied}
A process has requested access to an object, but has not been granted those access rights.

Path: \lhrnetapp05cifs1\cati"
"03-07-2026 17:02:29","31010","Error","Microsoft-Windows-SMBClient","The SMB client failed to connect to the share.

Error: {Access Denied}
A process has requested access to an object, but has not been granted those access rights.

Path: \lhrnetapp05cifs1\cati"
"03-07-2026 17:02:29","31010","Error","Microsoft-Windows-SMBClient","The SMB client failed to connect to the share.

Error: {Access Denied}
A process has requested access to an object, but has not been granted those access rights.

Path: \lhrnetapp05cifs1\cati"
"03-07-2026 16:46:45","31010","Error","Microsoft-Windows-SMBClient","The SMB client failed to connect to the share.

Error: {Access Denied}
A process has requested access to an object, but has not been granted those access rights.

Path: \lhrnetapp05cifs1\cati"
"03-07-2026 16:46:45","31010","Error","Microsoft-Windows-SMBClient","The SMB client failed to connect to the share.

Error: {Access Denied}
A process has requested access to an object, but has not been granted those access rights.

Path: \lhrnetapp05cifs1\cati"
"03-07-2026 16:26:13","31010","Error","Microsoft-Windows-SMBClient","The SMB client failed to connect to the share.

Error: {Access Denied}
A process has requested access to an object, but has not been granted those access rights.

Path: \lhrnetapp05cifs1\cati"
"03-07-2026 16:26:13","31010","Error","Microsoft-Windows-SMBClient","The SMB client failed to connect to the share.

Error: {Access Denied}
A process has requested access to an object, but has not been granted those access rights.

Path: \lhrnetapp05cifs1\cati"
"03-07-2026 16:21:13","31010","Error","Microsoft-Windows-SMBClient","The SMB client failed to connect to the share.

Error: {Access Denied}
A process has requested access to an object, but has not been granted those access rights.

Path: \lhrnetapp05cifs1\cati"
"03-07-2026 16:21:12","31010","Error","Microsoft-Windows-SMBClient","The SMB client failed to connect to the share.

Error: {Access Denied}
A process has requested access to an object, but has not been granted those access rights.

Path: \lhrnetapp05cifs1\cati"
