"17-08-2026 10:04:25","400","Information","Microsoft-Windows-AppXDeployment-Server","Deployment Register operation with target volume C: on Package Microsoft.OfficePushNotificationUtility_16.0.20228.20188_neutral__8wekyb3d8bbwe from:  (AppxManifest.xml)  finished successfully."
"17-08-2026 10:04:25","617","Verbose","Microsoft-Windows-AppXDeployment-Server","Successfully updated the status for package Microsoft.OfficePushNotificationUtility_16.0.20228.20188_neutral__8wekyb3d8bbwe and user S-1-12-1-2357405129-1281513531-255772574-1816207334 (Clear=0x300, Set=0x0)."
"17-08-2026 10:04:25","617","Verbose","Microsoft-Windows-AppXDeployment-Server","Successfully updated the status for package Microsoft.OfficePushNotificationUtility_16.0.20228.20188_neutral__8wekyb3d8bbwe and user S-1-12-1-2357405129-1281513531-255772574-1816207334 (Clear=0x10000C00, Set=0x0)."
"17-08-2026 10:04:25","617","Verbose","Microsoft-Windows-AppXDeployment-Server","Successfully updated the status for package Microsoft.OfficePushNotificationUtility_16.0.20228.20188_neutral__8wekyb3d8bbwe and user S-1-12-1-2357405129-1281513531-255772574-1816207334 (Clear=0x20, Set=0x0)."
"17-08-2026 10:04:25","617","Verbose","Microsoft-Windows-AppXDeployment-Server","Successfully updated the status for package Microsoft.OfficePushNotificationUtility_16.0.20228.20188_neutral__8wekyb3d8bbwe and user S-1-12-1-2357405129-1281513531-255772574-1816207334 (Clear=0x20, Set=0x0)."
"17-08-2026 10:04:24","813","Verbose","Microsoft-Windows-AppXDeployment-Server","Successfully updated all user store with package Microsoft.OfficePushNotificationUtility_16.0.20228.20188_neutral__8wekyb3d8bbwe."
"17-08-2026 10:04:24","5507","Verbose","Microsoft-Windows-AppXDeployment-Server","Microsoft.OfficePushNotificationUtility_16.0.20228.20188_neutral__8wekyb3d8bbwe : C:\Program Files\WindowsApps\Microsoft.OfficePushNotificationUtility_16.0.20228.20188_neutral__8wekyb3d8bbwe\microsoft.system.package.metadata\Resources.????????.pri : No shared merged files found"
"17-08-2026 10:04:24","5507","Verbose","Microsoft-Windows-AppXDeployment-Server","Microsoft.OfficePushNotificationUtility_16.0.20228.20188_neutral__8wekyb3d8bbwe : C:\Program Files\WindowsApps\Microsoft.OfficePushNotificationUtility_16.0.20228.20188_neutral__8wekyb3d8bbwe\microsoft.system.package.metadata\S-1-12-1-2357405129-1281513531-255772574-1816207334-MergedResources-*.pri : No user-specific merged files found"
"17-08-2026 10:04:24","5507","Verbose","Microsoft-Windows-AppXDeployment-Server","Microsoft.OfficePushNotificationUtility_16.0.20228.20188_neutral__8wekyb3d8bbwe : C:\Program Files\WindowsApps\Microsoft.OfficePushNotificationUtility_16.0.20228.20188_neutral__8wekyb3d8bbwe\microsoft.system.package.metadata\Resources.????????.pri : No shared merged files found"
"17-08-2026 10:04:24","5507","Verbose","Microsoft-Windows-AppXDeployment-Server","Microsoft.OfficePushNotificationUtility_16.0.20228.20188_neutral__8wekyb3d8bbwe : C:\Program Files\WindowsApps\Microsoft.OfficePushNotificationUtility_16.0.20228.20188_neutral__8wekyb3d8bbwe\microsoft.system.package.metadata\S-1-12-1-2357405129-1281513531-255772574-1816207334-MergedResources-*.pri : No user-specific merged files found"
"17-08-2026 10:04:24","617","Verbose","Microsoft-Windows-AppXDeployment-Server","Successfully updated the status for package Microsoft.OfficePushNotificationUtility_16.0.20131.20152_neutral__8wekyb3d8bbwe and user S-1-12-1-2357405129-1281513531-255772574-1816207334 (Clear=0xFFFFFFFF, Set=0x0)."
"17-08-2026 10:04:24","617","Verbose","Microsoft-Windows-AppXDeployment-Server","Successfully updated the status for package Microsoft.OfficePushNotificationUtility_16.0.20228.20188_neutral__8wekyb3d8bbwe and user S-1-12-1-2357405129-1281513531-255772574-1816207334 (Clear=0x0, Set=0x10000820)."
"17-08-2026 10:04:24","8101","Verbose","Microsoft-Windows-AppXDeployment-Server","Finished validation and setting the Trust Label on package Microsoft.Office.ActionsServer_16.0.20228.20188_neutral__8wekyb3d8bbwe with flags 0x122."
"17-08-2026 10:04:24","8100","Verbose","Microsoft-Windows-AppXDeployment-Server","Starting validation and setting the Trust Label on package Microsoft.Office.ActionsServer_16.0.20228.20188_neutral__8wekyb3d8bbwe with flags 0x122."
"17-08-2026 10:04:24","647","Information","Microsoft-Windows-AppXDeployment-Server","Removing registrations for DownlevelInstalled package Microsoft.OfficePushNotificationUtility_16.0.20131.20152_neutral__8wekyb3d8bbwe."
"17-08-2026 10:04:24","9643","Verbose","Microsoft-Windows-AppXDeployment-Server","0x0: TerminateApplications successful."
"17-08-2026 10:04:24","9643","Verbose","Microsoft-Windows-AppXDeployment-Server","0x0: TerminateApplications successful."
"17-08-2026 10:04:24","617","Verbose","Microsoft-Windows-AppXDeployment-Server","Successfully updated the status for package Microsoft.OfficePushNotificationUtility_16.0.20228.20188_neutral__8wekyb3d8bbwe and user S-1-12-1-2357405129-1281513531-255772574-1816207334 (Clear=0x0, Set=0x20)."
"17-08-2026 10:04:24","617","Verbose","Microsoft-Windows-AppXDeployment-Server","Successfully updated the status for package Microsoft.OfficePushNotificationUtility_16.0.20131.20152_neutral__8wekyb3d8bbwe and user S-1-12-1-2357405129-1281513531-255772574-1816207334 (Clear=0x0, Set=0x20)."
"17-08-2026 10:04:24","9643","Verbose","Microsoft-Windows-AppXDeployment-Server","0x0: TerminateApplications successful."
"17-08-2026 10:04:24","9643","Verbose","Microsoft-Windows-AppXDeployment-Server","0x0: TerminateApplications successful."
"17-08-2026 10:04:24","855","Information","Microsoft-Windows-AppXDeployment-Server","Finished resolving action lists. DeploymentRequest action lists: updateList: Microsoft.OfficePushNotificationUtility_16.0.20131.20152_neutral__8wekyb3d8bbwe is updating to Microsoft.OfficePushNotificationUtility_16.0.20228.20188_neutral__8wekyb3d8bbwe."
"17-08-2026 10:04:24","854","Information","Microsoft-Windows-AppXDeployment-Server","Successfully added the following uri(s) to be processed:  C:\Program Files\WindowsApps\Microsoft.OfficePushNotificationUtility_16.0.20228.20188_neutral__8wekyb3d8bbwe\AppxManifest.xml."
"17-08-2026 10:04:24","607","Information","Microsoft-Windows-AppXDeployment-Server","Deployment Register operation on package Microsoft.OfficePushNotificationUtility_16.0.20228.20188_neutral__8wekyb3d8bbwe has been de-queued and is running for user SID S-1-12-1-2357405129-1281513531-255772574-1816207334."
"17-08-2026 10:04:24","10002","Verbose","Microsoft-Windows-AppXDeployment-Server","Creating Resiliency File C:\ProgramData\Microsoft\Windows\AppRepository\9277d23e-5d12-4078-b69f-c5a251c77737_S-1-12-1-2357405129-1281513531-255772574-1816207334_17.rslc for Register Operation on Package Microsoft.OfficePushNotificationUtility_16.0.20228.20188_neutral__8wekyb3d8bbwe."
"17-08-2026 10:04:24","603","Information","Microsoft-Windows-AppXDeployment-Server","Started deployment RegisterByPackageFamilyName operation on a package with main parameter Microsoft.OfficePushNotificationUtility_8wekyb3d8bbwe and Options ForceTargetApplicationShutdownOption,SkipReregisterIfPackageStatusOk,LowPriorityRequest and SkipDeploymentOperationRpcCallerIsAdminCheck. See http://go.microsoft.com/fwlink/?LinkId=235160 for help diagnosing app deployment issues."
"17-08-2026 10:04:24","822","Verbose","Microsoft-Windows-AppXDeployment-Server","Updating registry for package Microsoft.Office.ActionsServer_16.0.20228.20188_neutral__8wekyb3d8bbwe completed with result: 0x0."
"17-08-2026 10:04:24","471","Information","Microsoft-Windows-AppXDeployment-Server","error 0x5: Deleting file \\?\C:\Program Files\WindowsApps\Deleted\Microsoft.MicrosoftOfficeHub_19.2608.34011.0_x64__8wekyb3d8bbwee1b6bff2-7844-4ece-a5dd-799a5f0a66ff\resources.pri failed."
"17-08-2026 10:04:24","471","Information","Microsoft-Windows-AppXDeployment-Server","error 0x12C: Deleting file \\?\C:\Program Files\WindowsApps\Deleted\Microsoft.MicrosoftOfficeHub_19.2608.34011.0_x64__8wekyb3d8bbwee1b6bff2-7844-4ece-a5dd-799a5f0a66ff\NoiseAsset_256X256_PNG.png failed."
"17-08-2026 10:04:24","471","Information","Microsoft-Windows-AppXDeployment-Server","error 0x12C: Deleting file \\?\C:\Program Files\WindowsApps\Deleted\Microsoft.MicrosoftOfficeHub_19.2608.34011.0_x64__8wekyb3d8bbwee1b6bff2-7844-4ece-a5dd-799a5f0a66ff\Microsoft.UI.Xaml\Assets\NoiseAsset_256X256_PNG.png failed."
"17-08-2026 10:04:24","821","Verbose","Microsoft-Windows-AppXDeployment-Server","During-logon registration of package Microsoft.Office.ActionsServer_16.0.20228.20188_neutral__8wekyb3d8bbwe for user S-1-12-1-2357405129-1281513531-255772574-1816207334 finished with result: 0x0; updating registry..."
"17-08-2026 10:04:24","613","Information","Microsoft-Windows-AppXDeployment-Server","Performance summary of Deployment Register operation on Package Microsoft.Office.ActionsServer_16.0.20228.20188_neutral__8wekyb3d8bbwe: 
Overall time: 1203 ms (Active time: 1187 ms)
Enqueue cost: 15 ms
Dequeue delay: 16 ms
Bundle processing cost: 0 ms
Indexing cost: 16 ms
Resolve dependency cost: 31 ms
Gap: 16 ms
Check approval cost: 0 ms
Evaluation cost: 0 ms
Hardlinking evaluation cost: 0 ms
Stage required cost: 0 ms
Flushing and closing files cost: 0 ms
Gap: 93 ms
Machine register cost: 0 ms
Stage user data cost: 0 ms
Registration cost: 391 ms
Gap: 94 ms
Repository commit transaction cost: 281 ms
Gap: 219 ms
Data flush cost: 15 ms
Post DeStage repository commit transaction cost: 0 ms
Remaining cost: 16 ms
"
"17-08-2026 10:04:24","472","Verbose","Microsoft-Windows-AppXDeployment-Server","Moving package folder \\?\C:\Program Files\WindowsApps\Microsoft.Office.ActionsServer_16.0.20131.20152_neutral__8wekyb3d8bbwe to \\?\C:\Program Files\WindowsApps\Deleted\Microsoft.Office.ActionsServer_16.0.20131.20152_neutral__8wekyb3d8bbwef2af37af-23d8-4ce5-bc62-f3a604be5582. Result: 0x0."
"17-08-2026 10:04:24","400","Information","Microsoft-Windows-AppXDeployment-Server","Deployment Register operation with target volume C: on Package Microsoft.Office.ActionsServer_16.0.20228.20188_neutral__8wekyb3d8bbwe from:  (AppxManifest.xml)  finished successfully."
"17-08-2026 10:04:24","617","Verbose","Microsoft-Windows-AppXDeployment-Server","Successfully updated the status for package Microsoft.Office.ActionsServer_16.0.20228.20188_neutral__8wekyb3d8bbwe and user S-1-12-1-2357405129-1281513531-255772574-1816207334 (Clear=0x300, Set=0x0)."
"17-08-2026 10:04:24","617","Verbose","Microsoft-Windows-AppXDeployment-Server","Successfully updated the status for package Microsoft.Office.ActionsServer_16.0.20228.20188_neutral__8wekyb3d8bbwe and user S-1-12-1-2357405129-1281513531-255772574-1816207334 (Clear=0x10000C00, Set=0x0)."
"17-08-2026 10:04:24","617","Verbose","Microsoft-Windows-AppXDeployment-Server","Successfully updated the status for package Microsoft.Office.ActionsServer_16.0.20228.20188_neutral__8wekyb3d8bbwe and user S-1-12-1-2357405129-1281513531-255772574-1816207334 (Clear=0x20, Set=0x0)."
"17-08-2026 10:04:24","617","Verbose","Microsoft-Windows-AppXDeployment-Server","Successfully updated the status for package Microsoft.Office.ActionsServer_16.0.20228.20188_neutral__8wekyb3d8bbwe and user S-1-12-1-2357405129-1281513531-255772574-1816207334 (Clear=0x20, Set=0x0)."
"17-08-2026 10:04:23","813","Verbose","Microsoft-Windows-AppXDeployment-Server","Successfully updated all user store with package Microsoft.Office.ActionsServer_16.0.20228.20188_neutral__8wekyb3d8bbwe."
"17-08-2026 10:04:23","5507","Verbose","Microsoft-Windows-AppXDeployment-Server","Microsoft.Office.ActionsServer_16.0.20228.20188_neutral__8wekyb3d8bbwe : C:\Program Files\WindowsApps\Microsoft.Office.ActionsServer_16.0.20228.20188_neutral__8wekyb3d8bbwe\microsoft.system.package.metadata\Resources.????????.pri : No shared merged files found"
"17-08-2026 10:04:23","5507","Verbose","Microsoft-Windows-AppXDeployment-Server","Microsoft.Office.ActionsServer_16.0.20228.20188_neutral__8wekyb3d8bbwe : C:\Program Files\WindowsApps\Microsoft.Office.ActionsServer_16.0.20228.20188_neutral__8wekyb3d8bbwe\microsoft.system.package.metadata\S-1-12-1-2357405129-1281513531-255772574-1816207334-MergedResources-*.pri : No user-specific merged files found"
"17-08-2026 10:04:23","5507","Verbose","Microsoft-Windows-AppXDeployment-Server","Microsoft.Office.ActionsServer_16.0.20228.20188_neutral__8wekyb3d8bbwe : C:\Program Files\WindowsApps\Microsoft.Office.ActionsServer_16.0.20228.20188_neutral__8wekyb3d8bbwe\microsoft.system.package.metadata\Resources.????????.pri : No shared merged files found"
"17-08-2026 10:04:23","5507","Verbose","Microsoft-Windows-AppXDeployment-Server","Microsoft.Office.ActionsServer_16.0.20228.20188_neutral__8wekyb3d8bbwe : C:\Program Files\WindowsApps\Microsoft.Office.ActionsServer_16.0.20228.20188_neutral__8wekyb3d8bbwe\microsoft.system.package.metadata\S-1-12-1-2357405129-1281513531-255772574-1816207334-MergedResources-*.pri : No user-specific merged files found"
"17-08-2026 10:04:23","617","Verbose","Microsoft-Windows-AppXDeployment-Server","Successfully updated the status for package Microsoft.Office.ActionsServer_16.0.20131.20152_neutral__8wekyb3d8bbwe and user S-1-12-1-2357405129-1281513531-255772574-1816207334 (Clear=0xFFFFFFFF, Set=0x0)."
"17-08-2026 10:04:23","617","Verbose","Microsoft-Windows-AppXDeployment-Server","Successfully updated the status for package Microsoft.Office.ActionsServer_16.0.20228.20188_neutral__8wekyb3d8bbwe and user S-1-12-1-2357405129-1281513531-255772574-1816207334 (Clear=0x0, Set=0x10000820)."
"17-08-2026 10:04:23","647","Information","Microsoft-Windows-AppXDeployment-Server","Removing registrations for DownlevelInstalled package Microsoft.Office.ActionsServer_16.0.20131.20152_neutral__8wekyb3d8bbwe."
"17-08-2026 10:04:23","9643","Verbose","Microsoft-Windows-AppXDeployment-Server","0x0: TerminateApplications successful."
"17-08-2026 10:04:23","9643","Verbose","Microsoft-Windows-AppXDeployment-Server","0x0: TerminateApplications successful."
"17-08-2026 10:04:23","617","Verbose","Microsoft-Windows-AppXDeployment-Server","Successfully updated the status for package Microsoft.Office.ActionsServer_16.0.20228.20188_neutral__8wekyb3d8bbwe and user S-1-12-1-2357405129-1281513531-255772574-1816207334 (Clear=0x0, Set=0x20)."
"17-08-2026 10:04:23","617","Verbose","Microsoft-Windows-AppXDeployment-Server","Successfully updated the status for package Microsoft.Office.ActionsServer_16.0.20131.20152_neutral__8wekyb3d8bbwe and user S-1-12-1-2357405129-1281513531-255772574-1816207334 (Clear=0x0, Set=0x20)."
"17-08-2026 10:04:23","9643","Verbose","Microsoft-Windows-AppXDeployment-Server","0x0: TerminateApplications successful."
"17-08-2026 10:04:23","9643","Verbose","Microsoft-Windows-AppXDeployment-Server","0x0: TerminateApplications successful."
"17-08-2026 10:04:23","855","Information","Microsoft-Windows-AppXDeployment-Server","Finished resolving action lists. DeploymentRequest action lists: updateList: Microsoft.Office.ActionsServer_16.0.20131.20152_neutral__8wekyb3d8bbwe is updating to Microsoft.Office.ActionsServer_16.0.20228.20188_neutral__8wekyb3d8bbwe."
"17-08-2026 10:04:23","854","Information","Microsoft-Windows-AppXDeployment-Server","Successfully added the following uri(s) to be processed:  C:\Program Files\WindowsApps\Microsoft.Office.ActionsServer_16.0.20228.20188_neutral__8wekyb3d8bbwe\AppxManifest.xml."
"17-08-2026 10:04:23","607","Information","Microsoft-Windows-AppXDeployment-Server","Deployment Register operation on package Microsoft.Office.ActionsServer_16.0.20228.20188_neutral__8wekyb3d8bbwe has been de-queued and is running for user SID S-1-12-1-2357405129-1281513531-255772574-1816207334."
"17-08-2026 10:04:23","10002","Verbose","Microsoft-Windows-AppXDeployment-Server","Creating Resiliency File C:\ProgramData\Microsoft\Windows\AppRepository\9277d23e-5d12-4078-b69f-c5a251c77737_S-1-12-1-2357405129-1281513531-255772574-1816207334_16.rslc for Register Operation on Package Microsoft.Office.ActionsServer_16.0.20228.20188_neutral__8wekyb3d8bbwe."
"17-08-2026 10:04:23","603","Information","Microsoft-Windows-AppXDeployment-Server","Started deployment RegisterByPackageFamilyName operation on a package with main parameter Microsoft.Office.ActionsServer_8wekyb3d8bbwe and Options ForceTargetApplicationShutdownOption,SkipReregisterIfPackageStatusOk,LowPriorityRequest and SkipDeploymentOperationRpcCallerIsAdminCheck. See http://go.microsoft.com/fwlink/?LinkId=235160 for help diagnosing app deployment issues."
"17-08-2026 10:04:23","471","Information","Microsoft-Windows-AppXDeployment-Server","error 0x5: Deleting file \\?\C:\Program Files\WindowsApps\Deleted\Microsoft.MicrosoftOfficeHub_19.2608.34011.0_x64__8wekyb3d8bbwee1b6bff2-7844-4ece-a5dd-799a5f0a66ff\resources.pri failed."
"17-08-2026 10:04:23","471","Information","Microsoft-Windows-AppXDeployment-Server","error 0x12C: Deleting file \\?\C:\Program Files\WindowsApps\Deleted\Microsoft.MicrosoftOfficeHub_19.2608.34011.0_x64__8wekyb3d8bbwee1b6bff2-7844-4ece-a5dd-799a5f0a66ff\NoiseAsset_256X256_PNG.png failed."
"17-08-2026 10:04:23","822","Verbose","Microsoft-Windows-AppXDeployment-Server","Updating registry for package Microsoft.WindowsAppRuntime.1.8_8000.946.1701.0_x64__8wekyb3d8bbwe completed with result: 0x0."
"17-08-2026 10:04:23","471","Information","Microsoft-Windows-AppXDeployment-Server","error 0x12C: Deleting file \\?\C:\Program Files\WindowsApps\Deleted\Microsoft.MicrosoftOfficeHub_19.2608.34011.0_x64__8wekyb3d8bbwee1b6bff2-7844-4ece-a5dd-799a5f0a66ff\Microsoft.UI.Xaml\Assets\NoiseAsset_256X256_PNG.png failed."
"17-08-2026 10:04:23","821","Verbose","Microsoft-Windows-AppXDeployment-Server","During-logon registration of package Microsoft.WindowsAppRuntime.1.8_8000.946.1701.0_x64__8wekyb3d8bbwe for user S-1-12-1-2357405129-1281513531-255772574-1816207334 finished with result: 0x0; updating registry..."
"17-08-2026 10:04:23","613","Information","Microsoft-Windows-AppXDeployment-Server","Performance summary of Deployment Register operation on Package Microsoft.WindowsAppRuntime.1.8_8000.946.1701.0_x64__8wekyb3d8bbwe: 
Overall time: 1453 ms (Active time: 1266 ms)
Gap: 31 ms
Enqueue cost: 32 ms
Dequeue delay: 187 ms
Gap: 16 ms
Bundle processing cost: 31 ms
Indexing cost: 0 ms
Resolve dependency cost: 47 ms
Check approval cost: 15 ms
Evaluation cost: 0 ms
Hardlinking evaluation cost: 0 ms
Stage required cost: 0 ms
Flushing and closing files cost: 0 ms
Gap: 219 ms
Machine register cost: 16 ms
Stage user data cost: 0 ms
Registration cost: 297 ms
Repository commit transaction cost: 156 ms
Gap: 344 ms
Data flush cost: 15 ms
Post DeStage repository commit transaction cost: 32 ms
Remaining cost: 15 ms
"
"17-08-2026 10:04:23","400","Information","Microsoft-Windows-AppXDeployment-Server","Deployment Register operation with target volume C: on Package Microsoft.WindowsAppRuntime.1.8_8000.946.1701.0_x64__8wekyb3d8bbwe from:  (AppxManifest.xml)  finished successfully."
"17-08-2026 10:04:22","9660","Warning","Microsoft-Windows-AppXDeployment-Server","error 0xD007007A: Unable to notify BrokerInfrastructure service for package Microsoft.WindowsAppRuntime.1.8_8000.921.1539.0_x64__8wekyb3d8bbwe and state change 2."
"17-08-2026 10:04:22","617","Verbose","Microsoft-Windows-AppXDeployment-Server","Successfully updated the status for package Microsoft.WindowsAppRuntime.1.8_8000.946.1701.0_x64__8wekyb3d8bbwe and user S-1-12-1-2357405129-1281513531-255772574-1816207334 (Clear=0x300, Set=0x0)."
"17-08-2026 10:04:22","617","Verbose","Microsoft-Windows-AppXDeployment-Server","Successfully updated the status for package Microsoft.WindowsAppRuntime.1.8_8000.946.1701.0_x64__8wekyb3d8bbwe and user S-1-12-1-2357405129-1281513531-255772574-1816207334 (Clear=0x10000C00, Set=0x0)."
"17-08-2026 10:04:22","617","Verbose","Microsoft-Windows-AppXDeployment-Server","Successfully updated the status for package Microsoft.WindowsAppRuntime.1.8_8000.946.1701.0_x64__8wekyb3d8bbwe and user S-1-12-1-2357405129-1281513531-255772574-1816207334 (Clear=0x20, Set=0x0)."
"17-08-2026 10:04:22","617","Verbose","Microsoft-Windows-AppXDeployment-Server","Successfully updated the status for package Microsoft.WindowsAlarms_11.2606.11.0_x64__8wekyb3d8bbwe and user S-1-12-1-2357405129-1281513531-255772574-1816207334 (Clear=0x20, Set=0x0)."
"17-08-2026 10:04:22","617","Verbose","Microsoft-Windows-AppXDeployment-Server","Successfully updated the status for package MicrosoftCorporationII.WinAppRuntime.Main.1.8_8000.921.1539.0_x64__8wekyb3d8bbwe and user S-1-12-1-2357405129-1281513531-255772574-1816207334 (Clear=0x20, Set=0x0)."
"17-08-2026 10:04:22","617","Verbose","Microsoft-Windows-AppXDeployment-Server","Successfully updated the status for package Microsoft.DesktopAppInstaller_1.29.280.0_x64__8wekyb3d8bbwe and user S-1-12-1-2357405129-1281513531-255772574-1816207334 (Clear=0x20, Set=0x0)."
"17-08-2026 10:04:22","617","Verbose","Microsoft-Windows-AppXDeployment-Server","Successfully updated the status for package Microsoft.WindowsAppRuntime.1.8_8000.946.1701.0_x64__8wekyb3d8bbwe and user S-1-12-1-2357405129-1281513531-255772574-1816207334 (Clear=0x20, Set=0x0)."
"17-08-2026 10:04:22","617","Verbose","Microsoft-Windows-AppXDeployment-Server","Successfully updated the status for package Microsoft.WindowsAppRuntime.1.8_8000.921.1539.0_x64__8wekyb3d8bbwe and user S-1-12-1-2357405129-1281513531-255772574-1816207334 (Clear=0x20, Set=0x0)."
"17-08-2026 10:04:22","617","Verbose","Microsoft-Windows-AppXDeployment-Server","Successfully updated the status for package Microsoft.WindowsAppRuntime.1.8_8000.946.1701.0_x64__8wekyb3d8bbwe and user S-1-12-1-2357405129-1281513531-255772574-1816207334 (Clear=0x0, Set=0x20)."
"17-08-2026 10:04:22","617","Verbose","Microsoft-Windows-AppXDeployment-Server","Successfully updated the status for package Microsoft.ScreenSketch_11.2602.49.0_x64__8wekyb3d8bbwe and user S-1-12-1-2357405129-1281513531-255772574-1816207334 (Clear=0x0, Set=0x400)."
"17-08-2026 10:04:22","658","Warning","Microsoft-Windows-AppXDeployment-Server","Marking package {Microsoft.WindowsAppRuntime.1.8_8000.946.1701.0_x64__8wekyb3d8bbwe} for deferred registration because {Microsoft.ScreenSketch_11.2602.49.0_x64__8wekyb3d8bbwe} is still running."
"17-08-2026 10:04:22","9643","Verbose","Microsoft-Windows-AppXDeployment-Server","0x0: TerminateApplications successful."
"17-08-2026 10:04:22","9643","Verbose","Microsoft-Windows-AppXDeployment-Server","0x0: TerminateApplications successful."
"17-08-2026 10:04:22","617","Verbose","Microsoft-Windows-AppXDeployment-Server","Successfully updated the status for package Microsoft.WindowsAlarms_11.2606.11.0_x64__8wekyb3d8bbwe and user S-1-12-1-2357405129-1281513531-255772574-1816207334 (Clear=0x0, Set=0x20)."
"17-08-2026 10:04:22","617","Verbose","Microsoft-Windows-AppXDeployment-Server","Successfully updated the status for package MicrosoftCorporationII.WinAppRuntime.Main.1.8_8000.921.1539.0_x64__8wekyb3d8bbwe and user S-1-12-1-2357405129-1281513531-255772574-1816207334 (Clear=0x0, Set=0x20)."
"17-08-2026 10:04:22","617","Verbose","Microsoft-Windows-AppXDeployment-Server","Successfully updated the status for package Microsoft.DesktopAppInstaller_1.29.280.0_x64__8wekyb3d8bbwe and user S-1-12-1-2357405129-1281513531-255772574-1816207334 (Clear=0x0, Set=0x20)."
"17-08-2026 10:04:22","617","Verbose","Microsoft-Windows-AppXDeployment-Server","Successfully updated the status for package Microsoft.WindowsAppRuntime.1.8_8000.946.1701.0_x64__8wekyb3d8bbwe and user S-1-12-1-2357405129-1281513531-255772574-1816207334 (Clear=0x0, Set=0x20)."
"17-08-2026 10:04:22","617","Verbose","Microsoft-Windows-AppXDeployment-Server","Successfully updated the status for package Microsoft.WindowsAppRuntime.1.8_8000.921.1539.0_x64__8wekyb3d8bbwe and user S-1-12-1-2357405129-1281513531-255772574-1816207334 (Clear=0x0, Set=0x20)."
"17-08-2026 10:04:22","638","Information","Microsoft-Windows-AppXDeployment-Server","Packages were not updated because affected apps are still running.  Running apps: {Microsoft.ScreenSketch_8wekyb3d8bbwe!App}, Directly serviced packages: {NULL}, Indirectly serviced packages: {Microsoft.ScreenSketch_11.2602.49.0_x64__8wekyb3d8bbwe Microsoft.DesktopAppInstaller_1.29.280.0_x64__8wekyb3d8bbwe MicrosoftCorporationII.WinAppRuntime.Main.1.8_8000.921.1539.0_x64__8wekyb3d8bbwe Microsoft.WindowsAlarms_11.2606.11.0_x64__8wekyb3d8bbwe}, Number of previous attempts: 0, Is user session locked: false, Force update deferred by package: false"
"17-08-2026 10:04:22","9643","Verbose","Microsoft-Windows-AppXDeployment-Server","0x0: TerminateApplications successful."
"17-08-2026 10:04:22","9643","Verbose","Microsoft-Windows-AppXDeployment-Server","0x0: TerminateApplications successful."
"17-08-2026 10:04:22","855","Information","Microsoft-Windows-AppXDeployment-Server","Finished resolving action lists. DeploymentRequest action lists: updateList: Microsoft.WindowsAppRuntime.1.8_8000.921.1539.0_x64__8wekyb3d8bbwe is updating to Microsoft.WindowsAppRuntime.1.8_8000.946.1701.0_x64__8wekyb3d8bbwe."
"17-08-2026 10:04:21","854","Information","Microsoft-Windows-AppXDeployment-Server","Successfully added the following uri(s) to be processed:  C:\Program Files\WindowsApps\Microsoft.WindowsAppRuntime.1.8_8000.946.1701.0_x64__8wekyb3d8bbwe\AppxManifest.xml."
"17-08-2026 10:04:21","607","Information","Microsoft-Windows-AppXDeployment-Server","Deployment Register operation on package Microsoft.WindowsAppRuntime.1.8_8000.946.1701.0_x64__8wekyb3d8bbwe has been de-queued and is running for user SID S-1-12-1-2357405129-1281513531-255772574-1816207334."
"17-08-2026 10:04:21","626","Verbose","Microsoft-Windows-AppXDeployment-Server","Deployment Register operation on package Microsoft.WindowsAppRuntime.1.8_8000.946.1701.0_x64__8wekyb3d8bbwe has been requeued for user SID S-1-12-1-2357405129-1281513531-255772574-1816207334."
"17-08-2026 10:04:21","855","Information","Microsoft-Windows-AppXDeployment-Server","Finished resolving action lists. DeploymentRequest action lists: updateList: Microsoft.WindowsAppRuntime.1.8_8000.921.1539.0_x64__8wekyb3d8bbwe is updating to Microsoft.WindowsAppRuntime.1.8_8000.946.1701.0_x64__8wekyb3d8bbwe."
"17-08-2026 10:04:21","854","Information","Microsoft-Windows-AppXDeployment-Server","Successfully added the following uri(s) to be processed:  C:\Program Files\WindowsApps\Microsoft.WindowsAppRuntime.1.8_8000.946.1701.0_x64__8wekyb3d8bbwe\AppxManifest.xml."
"17-08-2026 10:04:21","607","Information","Microsoft-Windows-AppXDeployment-Server","Deployment Register operation on package Microsoft.WindowsAppRuntime.1.8_8000.946.1701.0_x64__8wekyb3d8bbwe has been de-queued and is running for user SID S-1-12-1-2357405129-1281513531-255772574-1816207334."
"17-08-2026 10:04:21","626","Verbose","Microsoft-Windows-AppXDeployment-Server","Deployment Register operation on package Microsoft.WindowsAppRuntime.1.8_8000.946.1701.0_x64__8wekyb3d8bbwe has been requeued for user SID S-1-12-1-2357405129-1281513531-255772574-1816207334."
"17-08-2026 10:04:21","855","Information","Microsoft-Windows-AppXDeployment-Server","Finished resolving action lists. DeploymentRequest action lists: updateList: Microsoft.WindowsAppRuntime.1.8_8000.921.1539.0_x64__8wekyb3d8bbwe is updating to Microsoft.WindowsAppRuntime.1.8_8000.946.1701.0_x64__8wekyb3d8bbwe."
"17-08-2026 10:04:21","854","Information","Microsoft-Windows-AppXDeployment-Server","Successfully added the following uri(s) to be processed:  C:\Program Files\WindowsApps\Microsoft.WindowsAppRuntime.1.8_8000.946.1701.0_x64__8wekyb3d8bbwe\AppxManifest.xml."
"17-08-2026 10:04:21","607","Information","Microsoft-Windows-AppXDeployment-Server","Deployment Register operation on package Microsoft.WindowsAppRuntime.1.8_8000.946.1701.0_x64__8wekyb3d8bbwe has been de-queued and is running for user SID S-1-12-1-2357405129-1281513531-255772574-1816207334."
"17-08-2026 10:04:21","10002","Verbose","Microsoft-Windows-AppXDeployment-Server","Creating Resiliency File C:\ProgramData\Microsoft\Windows\AppRepository\9277d23e-5d12-4078-b69f-c5a251c77737_S-1-12-1-2357405129-1281513531-255772574-1816207334_15.rslc for Register Operation on Package Microsoft.WindowsAppRuntime.1.8_8000.946.1701.0_x64__8wekyb3d8bbwe."
"17-08-2026 10:04:21","603","Information","Microsoft-Windows-AppXDeployment-Server","Started deployment Register operation on a package with main parameter AppxManifest.xml and Options ForceTargetApplicationShutdownOption,SkipReregisterIfPackageStatusOk,LowPriorityRequest and SkipDeploymentOperationRpcCallerIsAdminCheck. See http://go.microsoft.com/fwlink/?LinkId=235160 for help diagnosing app deployment issues."
"17-08-2026 10:04:21","822","Verbose","Microsoft-Windows-AppXDeployment-Server","Updating registry for package aimgr_0.20.60.0_x64__8wekyb3d8bbwe completed with result: 0x0."
"17-08-2026 10:04:21","821","Verbose","Microsoft-Windows-AppXDeployment-Server","During-logon registration of package aimgr_0.20.60.0_x64__8wekyb3d8bbwe for user S-1-12-1-2357405129-1281513531-255772574-1816207334 finished with result: 0x0; updating registry..."
"17-08-2026 10:04:21","471","Information","Microsoft-Windows-AppXDeployment-Server","error 0x5: Deleting file \\?\C:\Program Files\WindowsApps\Deleted\Microsoft.MicrosoftOfficeHub_19.2608.34011.0_x64__8wekyb3d8bbwee1b6bff2-7844-4ece-a5dd-799a5f0a66ff\resources.pri failed."
"17-08-2026 10:04:21","471","Information","Microsoft-Windows-AppXDeployment-Server","error 0x12C: Deleting file \\?\C:\Program Files\WindowsApps\Deleted\Microsoft.MicrosoftOfficeHub_19.2608.34011.0_x64__8wekyb3d8bbwee1b6bff2-7844-4ece-a5dd-799a5f0a66ff\NoiseAsset_256X256_PNG.png failed."
"17-08-2026 10:04:21","471","Information","Microsoft-Windows-AppXDeployment-Server","error 0x12C: Deleting file \\?\C:\Program Files\WindowsApps\Deleted\Microsoft.MicrosoftOfficeHub_19.2608.34011.0_x64__8wekyb3d8bbwee1b6bff2-7844-4ece-a5dd-799a5f0a66ff\Microsoft.UI.Xaml\Assets\NoiseAsset_256X256_PNG.png failed."
"17-08-2026 10:04:21","400","Information","Microsoft-Windows-AppXDeployment-Server","Deployment OnDemandRegisterOperation operation with target volume C: on Package aimgr_0.20.60.0_x64__8wekyb3d8bbwe from:   finished successfully."
"17-08-2026 10:04:21","822","Verbose","Microsoft-Windows-AppXDeployment-Server","Updating registry for package Microsoft.WindowsAppRuntime.2_2.4.0.0_x86__8wekyb3d8bbwe completed with result: 0x0."
"17-08-2026 10:04:21","821","Verbose","Microsoft-Windows-AppXDeployment-Server","During-logon registration of package Microsoft.WindowsAppRuntime.2_2.4.0.0_x86__8wekyb3d8bbwe for user S-1-12-1-2357405129-1281513531-255772574-1816207334 finished with result: 0x0; updating registry..."
"17-08-2026 10:04:21","684","Information","Microsoft-Windows-AppXDeployment-Server","OnDemandRegisterPackage Microsoft.WindowsAppRuntime.2_2.4.0.0_x86__8wekyb3d8bbwe, framework not supported by OnDemandRegister operation found. We will register later."
"17-08-2026 10:04:21","684","Information","Microsoft-Windows-AppXDeployment-Server","OnDemandRegisterPackage Microsoft.WindowsAppRuntime.1.8_8000.946.1701.0_x64__8wekyb3d8bbwe, framework not supported by OnDemandRegister operation found. We will register later."
"17-08-2026 10:04:21","684","Information","Microsoft-Windows-AppXDeployment-Server","OnDemandRegisterPackage Microsoft.WindowsAppRuntime.2_2.4.0.0_x64__8wekyb3d8bbwe, framework not supported by OnDemandRegister operation found. We will register later."
"17-08-2026 10:04:21","679","Information","Microsoft-Windows-AppXDeployment-Server","OnDemandRegisterPackageList aimgr_0.20.60.0_x64__8wekyb3d8bbwe Microsoft.Office.ActionsServer_16.0.20228.20188_neutral__8wekyb3d8bbwe Microsoft.OfficePushNotificationUtility_16.0.20228.20188_neutral__8wekyb3d8bbwe Microsoft.WindowsAppRuntime.2_2.4.0.0_x64__8wekyb3d8bbwe Microsoft.WindowsAppRuntime.1.8_8000.946.1701.0_x64__8wekyb3d8bbwe Microsoft.WindowsAppRuntime.2_2.4.0.0_x86__8wekyb3d8bbwe ."
"17-08-2026 10:04:21","607","Information","Microsoft-Windows-AppXDeployment-Server","Deployment OnDemandRegisterOperation operation on package aimgr_0.20.60.0_x64__8wekyb3d8bbwe has been de-queued and is running for user SID S-1-12-1-2357405129-1281513531-255772574-1816207334."
"17-08-2026 10:04:21","10002","Verbose","Microsoft-Windows-AppXDeployment-Server","Creating Resiliency File C:\ProgramData\Microsoft\Windows\AppRepository\9277d23e-5d12-4078-b69f-c5a251c77737_S-1-12-1-2357405129-1281513531-255772574-1816207334_14.rslc for OnDemandRegisterOperation Operation on Package aimgr_0.20.60.0_x64__8wekyb3d8bbwe."
"17-08-2026 10:04:21","613","Information","Microsoft-Windows-AppXDeployment-Server","Performance summary of Deployment Register operation on Package Microsoft.WindowsAppRuntime.2_2.4.0.0_x86__8wekyb3d8bbwe: 
Overall time: 2000 ms (Active time: 1234 ms)
Enqueue cost: 31 ms
Dequeue delay: 766 ms
Bundle processing cost: 31 ms
Indexing cost: 0 ms
Resolve dependency cost: 15 ms
Gap: 16 ms
Check approval cost: 16 ms
Evaluation cost: 0 ms
Hardlinking evaluation cost: 0 ms
Stage required cost: 0 ms
Flushing and closing files cost: 0 ms
Gap: 47 ms
Machine register cost: 0 ms
Stage user data cost: 0 ms
Registration cost: 296 ms
Gap: 172 ms
Repository commit transaction cost: 344 ms
Gap: 78 ms
Data flush cost: 156 ms
Post DeStage repository commit transaction cost: 32 ms
Remaining cost: 0 ms
"
"17-08-2026 10:04:21","472","Verbose","Microsoft-Windows-AppXDeployment-Server","Moving package folder \\?\C:\Program Files\WindowsApps\Microsoft.WindowsAppRuntime.2_2.3.1.0_x86__8wekyb3d8bbwe to \\?\C:\Program Files\WindowsApps\Deleted\Microsoft.WindowsAppRuntime.2_2.3.1.0_x86__8wekyb3d8bbwe3706ff4c-c710-48e7-8591-6a3ab17a08d6. Result: 0x0."
"17-08-2026 10:04:21","400","Information","Microsoft-Windows-AppXDeployment-Server","Deployment Register operation with target volume C: on Package Microsoft.WindowsAppRuntime.2_2.4.0.0_x86__8wekyb3d8bbwe from:  (AppxManifest.xml)  finished successfully."
"17-08-2026 10:04:21","9660","Warning","Microsoft-Windows-AppXDeployment-Server","error 0xD007007A: Unable to notify BrokerInfrastructure service for package Microsoft.WindowsAppRuntime.2_2.3.1.0_x86__8wekyb3d8bbwe and state change 2."
"17-08-2026 10:04:21","617","Verbose","Microsoft-Windows-AppXDeployment-Server","Successfully updated the status for package Microsoft.WindowsAppRuntime.2_2.4.0.0_x86__8wekyb3d8bbwe and user S-1-12-1-2357405129-1281513531-255772574-1816207334 (Clear=0x300, Set=0x0)."
"17-08-2026 10:04:21","617","Verbose","Microsoft-Windows-AppXDeployment-Server","Successfully updated the status for package Microsoft.WindowsAppRuntime.2_2.4.0.0_x86__8wekyb3d8bbwe and user S-1-12-1-2357405129-1281513531-255772574-1816207334 (Clear=0x10000C00, Set=0x0)."
"17-08-2026 10:04:21","617","Verbose","Microsoft-Windows-AppXDeployment-Server","Successfully updated the status for package Microsoft.WindowsAppRuntime.2_2.4.0.0_x86__8wekyb3d8bbwe and user S-1-12-1-2357405129-1281513531-255772574-1816207334 (Clear=0x20, Set=0x0)."
"17-08-2026 10:04:21","617","Verbose","Microsoft-Windows-AppXDeployment-Server","Successfully updated the status for package Microsoft.WindowsAppRuntime.2_2.4.0.0_x86__8wekyb3d8bbwe and user S-1-12-1-2357405129-1281513531-255772574-1816207334 (Clear=0x20, Set=0x0)."
"17-08-2026 10:04:20","813","Verbose","Microsoft-Windows-AppXDeployment-Server","Successfully updated all user store with package Microsoft.WindowsAppRuntime.2_2.4.0.0_x86__8wekyb3d8bbwe."
"17-08-2026 10:04:20","617","Verbose","Microsoft-Windows-AppXDeployment-Server","Successfully updated the status for package Microsoft.WindowsAppRuntime.2_2.3.1.0_x86__8wekyb3d8bbwe and user S-1-12-1-2357405129-1281513531-255772574-1816207334 (Clear=0xFFFFFFFF, Set=0x0)."
"17-08-2026 10:04:20","617","Verbose","Microsoft-Windows-AppXDeployment-Server","Successfully updated the status for package Microsoft.WindowsAppRuntime.2_2.4.0.0_x86__8wekyb3d8bbwe and user S-1-12-1-2357405129-1281513531-255772574-1816207334 (Clear=0x0, Set=0x20)."
"17-08-2026 10:04:20","9643","Verbose","Microsoft-Windows-AppXDeployment-Server","0x0: TerminateApplications successful."
"17-08-2026 10:04:20","9643","Verbose","Microsoft-Windows-AppXDeployment-Server","0x0: TerminateApplications successful."
"17-08-2026 10:04:20","617","Verbose","Microsoft-Windows-AppXDeployment-Server","Successfully updated the status for package Microsoft.WindowsAppRuntime.2_2.4.0.0_x86__8wekyb3d8bbwe and user S-1-12-1-2357405129-1281513531-255772574-1816207334 (Clear=0x0, Set=0x20)."
"17-08-2026 10:04:20","617","Verbose","Microsoft-Windows-AppXDeployment-Server","Successfully updated the status for package Microsoft.WindowsAppRuntime.2_2.3.1.0_x86__8wekyb3d8bbwe and user S-1-12-1-2357405129-1281513531-255772574-1816207334 (Clear=0x0, Set=0x20)."
"17-08-2026 10:04:20","9643","Verbose","Microsoft-Windows-AppXDeployment-Server","0x0: TerminateApplications successful."
"17-08-2026 10:04:20","9643","Verbose","Microsoft-Windows-AppXDeployment-Server","0x0: TerminateApplications successful."
"17-08-2026 10:04:20","855","Information","Microsoft-Windows-AppXDeployment-Server","Finished resolving action lists. DeploymentRequest action lists: updateList: Microsoft.WindowsAppRuntime.2_2.3.1.0_x86__8wekyb3d8bbwe is updating to Microsoft.WindowsAppRuntime.2_2.4.0.0_x86__8wekyb3d8bbwe."
"17-08-2026 10:04:20","604","Information","Microsoft-Windows-AppXDeployment-Server","Started deployment OnDemandRegisterOperation operation on a package with main parameter , dependency parameters aimgr_0.20.60.0_x64__8wekyb3d8bbwe, and Options ImmediatePriorityRequest and 0. See http://go.microsoft.com/fwlink/?LinkId=235160 for help diagnosing app deployment issues."
"17-08-2026 10:04:20","854","Information","Microsoft-Windows-AppXDeployment-Server","Successfully added the following uri(s) to be processed:  C:\Program Files\WindowsApps\Microsoft.WindowsAppRuntime.2_2.4.0.0_x86__8wekyb3d8bbwe\AppxManifest.xml."
"17-08-2026 10:04:20","617","Verbose","Microsoft-Windows-AppXDeployment-Server","Successfully updated the status for package aimgr_0.20.60.0_x64__8wekyb3d8bbwe and user NULL (Clear=0x8, Set=0x0)."
"17-08-2026 10:04:20","607","Information","Microsoft-Windows-AppXDeployment-Server","Deployment Register operation on package Microsoft.WindowsAppRuntime.2_2.4.0.0_x86__8wekyb3d8bbwe has been de-queued and is running for user SID S-1-12-1-2357405129-1281513531-255772574-1816207334."
"17-08-2026 10:04:20","819","Verbose","Microsoft-Windows-AppXDeployment-Server","The following packages will be installed: aimgr_0.20.60.0_x64__8wekyb3d8bbwe Microsoft.Office.ActionsServer_16.0.20228.20188_neutral__8wekyb3d8bbwe Microsoft.OfficePushNotificationUtility_16.0.20228.20188_neutral__8wekyb3d8bbwe . The following packages will be removed: NULL"
"17-08-2026 10:04:20","400","Information","Microsoft-Windows-AppXDeployment-Server","Deployment ProvisionPackageOperation operation with target volume C: on Package aimgr_0.20.60.0_x64__8wekyb3d8bbwe from:   finished successfully."
"17-08-2026 10:04:20","617","Verbose","Microsoft-Windows-AppXDeployment-Server","Successfully updated the status for package aimgr_0.20.60.0_x64__8wekyb3d8bbwe and user S-1-5-18 (Clear=0x10000C00, Set=0x0)."
"17-08-2026 10:04:20","813","Verbose","Microsoft-Windows-AppXDeployment-Server","Successfully updated all user store with package aimgr_0.20.60.0_x64__8wekyb3d8bbwe."
"17-08-2026 10:04:20","855","Information","Microsoft-Windows-AppXDeployment-Server","Finished resolving action lists. DeploymentRequest action lists: addPackageList: aimgr_0.20.60.0_x64__8wekyb3d8bbwe."
"17-08-2026 10:04:20","607","Information","Microsoft-Windows-AppXDeployment-Server","Deployment ProvisionPackageOperation operation on package aimgr_0.20.60.0_x64__8wekyb3d8bbwe has been de-queued and is running for user SID S-1-5-18."
"17-08-2026 10:04:20","10002","Verbose","Microsoft-Windows-AppXDeployment-Server","Creating Resiliency File C:\ProgramData\Microsoft\Windows\AppRepository\9277d23e-5d12-4078-b69f-c5a251c77737_S-1-5-18_13.rslc for ProvisionPackageOperation Operation on Package aimgr_0.20.60.0_x64__8wekyb3d8bbwe."
"17-08-2026 10:04:20","603","Information","Microsoft-Windows-AppXDeployment-Server","Started deployment ProvisionPackageOperation operation on a package with main parameter aimgr_8wekyb3d8bbwe and Options 0 and 0. See http://go.microsoft.com/fwlink/?LinkId=235160 for help diagnosing app deployment issues."
"17-08-2026 10:04:20","613","Information","Microsoft-Windows-AppXDeployment-Server","Performance summary of Deployment Stage operation on Package aimgr_0.20.60.0_x64__8wekyb3d8bbwe: 
Overall time: 594 ms (Active time: 578 ms)
Enqueue cost: 297 ms
Dequeue delay: 16 ms
Bundle processing cost: 0 ms
Indexing cost: 16 ms
Resolve dependency cost: 0 ms
Check approval cost: 15 ms
Evaluation cost: 0 ms
Hardlinking evaluation cost: 0 ms
Gap: 16 ms
Stage required cost: 0 ms
Flushing and closing files cost: 0 ms
Machine register cost: 0 ms
Stage user data cost: 0 ms
Registration cost: 0 ms
Repository commit transaction cost: 156 ms
Gap: 47 ms
Data flush cost: 0 ms
Post DeStage repository commit transaction cost: 16 ms
Remaining cost: 15 ms
"
"17-08-2026 10:04:20","400","Information","Microsoft-Windows-AppXDeployment-Server","Deployment Stage operation with target volume C: on Package aimgr_0.20.60.0_x64__8wekyb3d8bbwe from:  (aimgr.msix)  finished successfully."
"17-08-2026 10:04:20","617","Verbose","Microsoft-Windows-AppXDeployment-Server","Successfully updated the status for package aimgr_0.20.60.0_x64__8wekyb3d8bbwe and user S-1-5-18 (Clear=0x10000C00, Set=0x0)."
"17-08-2026 10:04:20","400","Information","Microsoft-Windows-AppXDeployment-Server","Deployment OnDemandRegisterOperation operation with target volume C: on Package Microsoft.Office.ActionsServer_16.0.20228.20188_neutral__8wekyb3d8bbwe from:   finished successfully."
"17-08-2026 10:04:20","684","Information","Microsoft-Windows-AppXDeployment-Server","OnDemandRegisterPackage Microsoft.WindowsAppRuntime.2_2.4.0.0_x86__8wekyb3d8bbwe, framework not supported by OnDemandRegister operation found. We will register later."
"17-08-2026 10:04:20","684","Information","Microsoft-Windows-AppXDeployment-Server","OnDemandRegisterPackage Microsoft.WindowsAppRuntime.1.8_8000.946.1701.0_x64__8wekyb3d8bbwe, framework not supported by OnDemandRegister operation found. We will register later."
"17-08-2026 10:04:20","684","Information","Microsoft-Windows-AppXDeployment-Server","OnDemandRegisterPackage Microsoft.WindowsAppRuntime.2_2.4.0.0_x64__8wekyb3d8bbwe, framework not supported by OnDemandRegister operation found. We will register later."
"17-08-2026 10:04:20","642","Information","Microsoft-Windows-AppXDeployment-Server","OnDemandRegisterPackage found existing package Microsoft.Office.ActionsServer_16.0.20131.20152_neutral__8wekyb3d8bbwe, set PACKAGE_STATUS_REGISTRATION_REQUIRED_BLOCKING"
"17-08-2026 10:04:20","617","Verbose","Microsoft-Windows-AppXDeployment-Server","Successfully updated the status for package Microsoft.Office.ActionsServer_16.0.20228.20188_neutral__8wekyb3d8bbwe and user S-1-12-1-2357405129-1281513531-255772574-1816207334 (Clear=0x400, Set=0x10000800)."
"17-08-2026 10:04:20","679","Information","Microsoft-Windows-AppXDeployment-Server","OnDemandRegisterPackageList Microsoft.Office.ActionsServer_16.0.20228.20188_neutral__8wekyb3d8bbwe Microsoft.OfficePushNotificationUtility_16.0.20228.20188_neutral__8wekyb3d8bbwe Microsoft.WindowsAppRuntime.2_2.4.0.0_x64__8wekyb3d8bbwe Microsoft.WindowsAppRuntime.1.8_8000.946.1701.0_x64__8wekyb3d8bbwe Microsoft.WindowsAppRuntime.2_2.4.0.0_x86__8wekyb3d8bbwe ."
"17-08-2026 10:04:20","607","Information","Microsoft-Windows-AppXDeployment-Server","Deployment OnDemandRegisterOperation operation on package Microsoft.Office.ActionsServer_16.0.20228.20188_neutral__8wekyb3d8bbwe has been de-queued and is running for user SID S-1-12-1-2357405129-1281513531-255772574-1816207334."
"17-08-2026 10:04:20","10002","Verbose","Microsoft-Windows-AppXDeployment-Server","Creating Resiliency File C:\ProgramData\Microsoft\Windows\AppRepository\9277d23e-5d12-4078-b69f-c5a251c77737_S-1-12-1-2357405129-1281513531-255772574-1816207334_12.rslc for OnDemandRegisterOperation Operation on Package Microsoft.Office.ActionsServer_16.0.20228.20188_neutral__8wekyb3d8bbwe."
"17-08-2026 10:04:20","626","Verbose","Microsoft-Windows-AppXDeployment-Server","Deployment Register operation on package Microsoft.WindowsAppRuntime.2_2.4.0.0_x86__8wekyb3d8bbwe has been requeued for user SID S-1-12-1-2357405129-1281513531-255772574-1816207334."
"17-08-2026 10:04:20","855","Information","Microsoft-Windows-AppXDeployment-Server","Finished resolving action lists. DeploymentRequest action lists: updateList: Microsoft.WindowsAppRuntime.2_2.3.1.0_x86__8wekyb3d8bbwe is updating to Microsoft.WindowsAppRuntime.2_2.4.0.0_x86__8wekyb3d8bbwe."
"17-08-2026 10:04:19","854","Information","Microsoft-Windows-AppXDeployment-Server","Successfully added the following uri(s) to be processed:  C:\Program Files\WindowsApps\Microsoft.WindowsAppRuntime.2_2.4.0.0_x86__8wekyb3d8bbwe\AppxManifest.xml."
"17-08-2026 10:04:19","607","Information","Microsoft-Windows-AppXDeployment-Server","Deployment Register operation on package Microsoft.WindowsAppRuntime.2_2.4.0.0_x86__8wekyb3d8bbwe has been de-queued and is running for user SID S-1-12-1-2357405129-1281513531-255772574-1816207334."
"17-08-2026 10:04:19","854","Information","Microsoft-Windows-AppXDeployment-Server","Successfully added the following uri(s) to be processed:  file:///C:/Program%20Files/Microsoft%20Office/root/Integration/Addons/aimgr.msix."
"17-08-2026 10:04:19","607","Information","Microsoft-Windows-AppXDeployment-Server","Deployment Stage operation on package aimgr_0.20.60.0_x64__8wekyb3d8bbwe has been de-queued and is running for user SID S-1-5-18."
"17-08-2026 10:04:19","10002","Verbose","Microsoft-Windows-AppXDeployment-Server","Creating Resiliency File C:\ProgramData\Microsoft\Windows\AppRepository\9277d23e-5d12-4078-b69f-c5a251c77737_S-1-5-18_11.rslc for Stage Operation on Package aimgr_0.20.60.0_x64__8wekyb3d8bbwe."
"17-08-2026 10:04:19","604","Information","Microsoft-Windows-AppXDeployment-Server","Started deployment OnDemandRegisterOperation operation on a package with main parameter , dependency parameters Microsoft.Office.ActionsServer_16.0.20228.20188_neutral__8wekyb3d8bbwe, and Options ImmediatePriorityRequest and 0. See http://go.microsoft.com/fwlink/?LinkId=235160 for help diagnosing app deployment issues."
"17-08-2026 10:04:19","626","Verbose","Microsoft-Windows-AppXDeployment-Server","Deployment Register operation on package Microsoft.WindowsAppRuntime.2_2.4.0.0_x86__8wekyb3d8bbwe has been requeued for user SID S-1-12-1-2357405129-1281513531-255772574-1816207334."
"17-08-2026 10:04:19","855","Information","Microsoft-Windows-AppXDeployment-Server","Finished resolving action lists. DeploymentRequest action lists: updateList: Microsoft.WindowsAppRuntime.2_2.3.1.0_x86__8wekyb3d8bbwe is updating to Microsoft.WindowsAppRuntime.2_2.4.0.0_x86__8wekyb3d8bbwe."
"17-08-2026 10:04:19","603","Information","Microsoft-Windows-AppXDeployment-Server","Started deployment Stage operation on a package with main parameter aimgr.msix and Options NormalPriorityRequest and 0. See http://go.microsoft.com/fwlink/?LinkId=235160 for help diagnosing app deployment issues."
"17-08-2026 10:04:19","819","Verbose","Microsoft-Windows-AppXDeployment-Server","The following packages will be installed: Microsoft.Office.ActionsServer_16.0.20228.20188_neutral__8wekyb3d8bbwe Microsoft.OfficePushNotificationUtility_16.0.20228.20188_neutral__8wekyb3d8bbwe . The following packages will be removed: NULL"
"17-08-2026 10:04:19","854","Information","Microsoft-Windows-AppXDeployment-Server","Successfully added the following uri(s) to be processed:  C:\Program Files\WindowsApps\Microsoft.WindowsAppRuntime.2_2.4.0.0_x86__8wekyb3d8bbwe\AppxManifest.xml."
"17-08-2026 10:04:19","607","Information","Microsoft-Windows-AppXDeployment-Server","Deployment Register operation on package Microsoft.WindowsAppRuntime.2_2.4.0.0_x86__8wekyb3d8bbwe has been de-queued and is running for user SID S-1-12-1-2357405129-1281513531-255772574-1816207334."
"17-08-2026 10:04:19","400","Information","Microsoft-Windows-AppXDeployment-Server","Deployment ProvisionPackageOperation operation with target volume C: on Package Microsoft.Office.ActionsServer_16.0.20228.20188_neutral__8wekyb3d8bbwe from:   finished successfully."
"17-08-2026 10:04:19","617","Verbose","Microsoft-Windows-AppXDeployment-Server","Successfully updated the status for package Microsoft.Office.ActionsServer_16.0.20228.20188_neutral__8wekyb3d8bbwe and user S-1-5-18 (Clear=0x10000C00, Set=0x0)."
"17-08-2026 10:04:19","10002","Verbose","Microsoft-Windows-AppXDeployment-Server","Creating Resiliency File C:\ProgramData\Microsoft\Windows\AppRepository\9277d23e-5d12-4078-b69f-c5a251c77737_S-1-12-1-2357405129-1281513531-255772574-1816207334_10.rslc for Register Operation on Package Microsoft.WindowsAppRuntime.2_2.4.0.0_x86__8wekyb3d8bbwe."
"17-08-2026 10:04:19","813","Verbose","Microsoft-Windows-AppXDeployment-Server","Successfully updated all user store with package Microsoft.Office.ActionsServer_16.0.20228.20188_neutral__8wekyb3d8bbwe."
"17-08-2026 10:04:19","822","Verbose","Microsoft-Windows-AppXDeployment-Server","Updating registry for package Microsoft.Office.ActionsServer_16.0.20228.20188_neutral__8wekyb3d8bbwe completed with result: 0x0."
"17-08-2026 10:04:19","821","Verbose","Microsoft-Windows-AppXDeployment-Server","During-logon registration of package Microsoft.Office.ActionsServer_16.0.20228.20188_neutral__8wekyb3d8bbwe for user S-1-12-1-2357405129-1281513531-255772574-1816207334 finished with result: 0x0; updating registry..."
