"06-08-2026 09:23:22","12289","Information","Microsoft-Windows-Crypto-DPAPI","DPAPI found credential key.

 	Credential Key Identifier:	0xA72919B2574C12D1E74078B64D62E14D0586E3130B54594F7F724BB0CD0F668A
 	User Name:	joe.prakash@nielseniq.com
 	User Sid:	S-1-12-1-2357405129-1281513531-255772574-1816207334
"
"06-08-2026 09:23:17","12289","Information","Microsoft-Windows-Crypto-DPAPI","DPAPI found credential key.

 	Credential Key Identifier:	0xA72919B2574C12D1E74078B64D62E14D0586E3130B54594F7F724BB0CD0F668A
 	User Name:	joe.prakash@nielseniq.com
 	User Sid:	S-1-12-1-2357405129-1281513531-255772574-1816207334
"
"06-08-2026 08:55:21","12290","Information","Microsoft-Windows-Crypto-DPAPI","Credential key does not exist."
"06-08-2026 08:55:19","12290","Information","Microsoft-Windows-Crypto-DPAPI","Credential key does not exist."
"06-08-2026 08:55:15","12289","Information","Microsoft-Windows-Crypto-DPAPI","DPAPI found credential key.

 	Credential Key Identifier:	0xA72919B2574C12D1E74078B64D62E14D0586E3130B54594F7F724BB0CD0F668A
 	User Name:	joe.prakash@nielseniq.com
 	User Sid:	S-1-12-1-2357405129-1281513531-255772574-1816207334
"
"06-08-2026 08:55:08","12289","Information","Microsoft-Windows-Crypto-DPAPI","DPAPI found credential key.

 	Credential Key Identifier:	0xA72919B2574C12D1E74078B64D62E14D0586E3130B54594F7F724BB0CD0F668A
 	User Name:	joe.prakash@nielseniq.com
 	User Sid:	S-1-12-1-2357405129-1281513531-255772574-1816207334
"
"05-08-2026 19:47:41","12290","Information","Microsoft-Windows-Crypto-DPAPI","Credential key does not exist."
"05-08-2026 19:47:40","12290","Information","Microsoft-Windows-Crypto-DPAPI","Credential key does not exist."
"05-08-2026 19:47:38","12289","Information","Microsoft-Windows-Crypto-DPAPI","DPAPI found credential key.

 	Credential Key Identifier:	0xA72919B2574C12D1E74078B64D62E14D0586E3130B54594F7F724BB0CD0F668A
 	User Name:	joe.prakash@nielseniq.com
 	User Sid:	S-1-12-1-2357405129-1281513531-255772574-1816207334
"
"05-08-2026 19:47:33","12289","Information","Microsoft-Windows-Crypto-DPAPI","DPAPI found credential key.

 	Credential Key Identifier:	0xA72919B2574C12D1E74078B64D62E14D0586E3130B54594F7F724BB0CD0F668A
 	User Name:	joe.prakash@nielseniq.com
 	User Sid:	S-1-12-1-2357405129-1281513531-255772574-1816207334
"
"05-08-2026 19:10:28","12290","Information","Microsoft-Windows-Crypto-DPAPI","Credential key does not exist."
"05-08-2026 19:10:27","12290","Information","Microsoft-Windows-Crypto-DPAPI","Credential key does not exist."
"05-08-2026 19:10:24","12289","Information","Microsoft-Windows-Crypto-DPAPI","DPAPI found credential key.

 	Credential Key Identifier:	0xA72919B2574C12D1E74078B64D62E14D0586E3130B54594F7F724BB0CD0F668A
 	User Name:	joe.prakash@nielseniq.com
 	User Sid:	S-1-12-1-2357405129-1281513531-255772574-1816207334
"
"05-08-2026 19:10:19","12289","Information","Microsoft-Windows-Crypto-DPAPI","DPAPI found credential key.

 	Credential Key Identifier:	0xA72919B2574C12D1E74078B64D62E14D0586E3130B54594F7F724BB0CD0F668A
 	User Name:	joe.prakash@nielseniq.com
 	User Sid:	S-1-12-1-2357405129-1281513531-255772574-1816207334
"
"05-08-2026 18:29:02","12290","Information","Microsoft-Windows-Crypto-DPAPI","Credential key does not exist."
"05-08-2026 18:29:01","12290","Information","Microsoft-Windows-Crypto-DPAPI","Credential key does not exist."
"05-08-2026 18:28:59","12289","Information","Microsoft-Windows-Crypto-DPAPI","DPAPI found credential key.

 	Credential Key Identifier:	0xA72919B2574C12D1E74078B64D62E14D0586E3130B54594F7F724BB0CD0F668A
 	User Name:	joe.prakash@nielseniq.com
 	User Sid:	S-1-12-1-2357405129-1281513531-255772574-1816207334
"
"05-08-2026 18:28:54","12289","Information","Microsoft-Windows-Crypto-DPAPI","DPAPI found credential key.

 	Credential Key Identifier:	0xA72919B2574C12D1E74078B64D62E14D0586E3130B54594F7F724BB0CD0F668A
 	User Name:	joe.prakash@nielseniq.com
 	User Sid:	S-1-12-1-2357405129-1281513531-255772574-1816207334
"
"05-08-2026 17:10:44","12290","Information","Microsoft-Windows-Crypto-DPAPI","Credential key does not exist."
"05-08-2026 17:10:43","12290","Information","Microsoft-Windows-Crypto-DPAPI","Credential key does not exist."
"05-08-2026 17:10:41","12289","Information","Microsoft-Windows-Crypto-DPAPI","DPAPI found credential key.

 	Credential Key Identifier:	0xA72919B2574C12D1E74078B64D62E14D0586E3130B54594F7F724BB0CD0F668A
 	User Name:	joe.prakash@nielseniq.com
 	User Sid:	S-1-12-1-2357405129-1281513531-255772574-1816207334
"
"05-08-2026 17:10:36","12289","Information","Microsoft-Windows-Crypto-DPAPI","DPAPI found credential key.

 	Credential Key Identifier:	0xA72919B2574C12D1E74078B64D62E14D0586E3130B54594F7F724BB0CD0F668A
 	User Name:	joe.prakash@nielseniq.com
 	User Sid:	S-1-12-1-2357405129-1281513531-255772574-1816207334
"
"05-08-2026 15:52:55","12290","Information","Microsoft-Windows-Crypto-DPAPI","Credential key does not exist."
"05-08-2026 15:52:54","12290","Information","Microsoft-Windows-Crypto-DPAPI","Credential key does not exist."
"05-08-2026 15:52:52","12289","Information","Microsoft-Windows-Crypto-DPAPI","DPAPI found credential key.

 	Credential Key Identifier:	0xA72919B2574C12D1E74078B64D62E14D0586E3130B54594F7F724BB0CD0F668A
 	User Name:	joe.prakash@nielseniq.com
 	User Sid:	S-1-12-1-2357405129-1281513531-255772574-1816207334
"
"05-08-2026 15:52:47","12289","Information","Microsoft-Windows-Crypto-DPAPI","DPAPI found credential key.

 	Credential Key Identifier:	0xA72919B2574C12D1E74078B64D62E14D0586E3130B54594F7F724BB0CD0F668A
 	User Name:	joe.prakash@nielseniq.com
 	User Sid:	S-1-12-1-2357405129-1281513531-255772574-1816207334
"
"05-08-2026 15:05:46","12290","Information","Microsoft-Windows-Crypto-DPAPI","Credential key does not exist."
"05-08-2026 15:05:45","12290","Information","Microsoft-Windows-Crypto-DPAPI","Credential key does not exist."
"05-08-2026 15:05:43","12289","Information","Microsoft-Windows-Crypto-DPAPI","DPAPI found credential key.

 	Credential Key Identifier:	0xA72919B2574C12D1E74078B64D62E14D0586E3130B54594F7F724BB0CD0F668A
 	User Name:	joe.prakash@nielseniq.com
 	User Sid:	S-1-12-1-2357405129-1281513531-255772574-1816207334
"
"05-08-2026 15:05:38","12289","Information","Microsoft-Windows-Crypto-DPAPI","DPAPI found credential key.

 	Credential Key Identifier:	0xA72919B2574C12D1E74078B64D62E14D0586E3130B54594F7F724BB0CD0F668A
 	User Name:	joe.prakash@nielseniq.com
 	User Sid:	S-1-12-1-2357405129-1281513531-255772574-1816207334
"
"05-08-2026 14:15:00","12290","Information","Microsoft-Windows-Crypto-DPAPI","Credential key does not exist."
"05-08-2026 14:14:59","12290","Information","Microsoft-Windows-Crypto-DPAPI","Credential key does not exist."
"05-08-2026 14:14:57","12289","Information","Microsoft-Windows-Crypto-DPAPI","DPAPI found credential key.

 	Credential Key Identifier:	0xA72919B2574C12D1E74078B64D62E14D0586E3130B54594F7F724BB0CD0F668A
 	User Name:	joe.prakash@nielseniq.com
 	User Sid:	S-1-12-1-2357405129-1281513531-255772574-1816207334
"
"05-08-2026 14:14:52","12289","Information","Microsoft-Windows-Crypto-DPAPI","DPAPI found credential key.

 	Credential Key Identifier:	0xA72919B2574C12D1E74078B64D62E14D0586E3130B54594F7F724BB0CD0F668A
 	User Name:	joe.prakash@nielseniq.com
 	User Sid:	S-1-12-1-2357405129-1281513531-255772574-1816207334
"
"05-08-2026 13:50:35","12290","Information","Microsoft-Windows-Crypto-DPAPI","Credential key does not exist."
"05-08-2026 13:50:34","12290","Information","Microsoft-Windows-Crypto-DPAPI","Credential key does not exist."
"05-08-2026 13:50:33","12289","Information","Microsoft-Windows-Crypto-DPAPI","DPAPI found credential key.

 	Credential Key Identifier:	0xA72919B2574C12D1E74078B64D62E14D0586E3130B54594F7F724BB0CD0F668A
 	User Name:	joe.prakash@nielseniq.com
 	User Sid:	S-1-12-1-2357405129-1281513531-255772574-1816207334
"
"05-08-2026 13:50:28","12289","Information","Microsoft-Windows-Crypto-DPAPI","DPAPI found credential key.

 	Credential Key Identifier:	0xA72919B2574C12D1E74078B64D62E14D0586E3130B54594F7F724BB0CD0F668A
 	User Name:	joe.prakash@nielseniq.com
 	User Sid:	S-1-12-1-2357405129-1281513531-255772574-1816207334
"
"05-08-2026 11:51:25","12290","Information","Microsoft-Windows-Crypto-DPAPI","Credential key does not exist."
"05-08-2026 11:51:24","12290","Information","Microsoft-Windows-Crypto-DPAPI","Credential key does not exist."
"05-08-2026 11:51:23","12289","Information","Microsoft-Windows-Crypto-DPAPI","DPAPI found credential key.

 	Credential Key Identifier:	0xA72919B2574C12D1E74078B64D62E14D0586E3130B54594F7F724BB0CD0F668A
 	User Name:	joe.prakash@nielseniq.com
 	User Sid:	S-1-12-1-2357405129-1281513531-255772574-1816207334
"
"05-08-2026 11:51:18","12289","Information","Microsoft-Windows-Crypto-DPAPI","DPAPI found credential key.

 	Credential Key Identifier:	0xA72919B2574C12D1E74078B64D62E14D0586E3130B54594F7F724BB0CD0F668A
 	User Name:	joe.prakash@nielseniq.com
 	User Sid:	S-1-12-1-2357405129-1281513531-255772574-1816207334
"
"05-08-2026 09:39:00","12290","Information","Microsoft-Windows-Crypto-DPAPI","Credential key does not exist."
"05-08-2026 09:38:59","12290","Information","Microsoft-Windows-Crypto-DPAPI","Credential key does not exist."
"05-08-2026 09:38:55","12289","Information","Microsoft-Windows-Crypto-DPAPI","DPAPI found credential key.

 	Credential Key Identifier:	0xA72919B2574C12D1E74078B64D62E14D0586E3130B54594F7F724BB0CD0F668A
 	User Name:	joe.prakash@nielseniq.com
 	User Sid:	S-1-12-1-2357405129-1281513531-255772574-1816207334
"
"05-08-2026 09:38:49","12289","Information","Microsoft-Windows-Crypto-DPAPI","DPAPI found credential key.

 	Credential Key Identifier:	0xA72919B2574C12D1E74078B64D62E14D0586E3130B54594F7F724BB0CD0F668A
 	User Name:	joe.prakash@nielseniq.com
 	User Sid:	S-1-12-1-2357405129-1281513531-255772574-1816207334
"
"04-08-2026 18:33:10","12290","Information","Microsoft-Windows-Crypto-DPAPI","Credential key does not exist."
"04-08-2026 18:33:09","12290","Information","Microsoft-Windows-Crypto-DPAPI","Credential key does not exist."
"04-08-2026 18:33:07","12289","Information","Microsoft-Windows-Crypto-DPAPI","DPAPI found credential key.

 	Credential Key Identifier:	0xA72919B2574C12D1E74078B64D62E14D0586E3130B54594F7F724BB0CD0F668A
 	User Name:	joe.prakash@nielseniq.com
 	User Sid:	S-1-12-1-2357405129-1281513531-255772574-1816207334
"
"04-08-2026 18:33:00","12289","Information","Microsoft-Windows-Crypto-DPAPI","DPAPI found credential key.

 	Credential Key Identifier:	0xA72919B2574C12D1E74078B64D62E14D0586E3130B54594F7F724BB0CD0F668A
 	User Name:	joe.prakash@nielseniq.com
 	User Sid:	S-1-12-1-2357405129-1281513531-255772574-1816207334
"
"04-08-2026 17:52:01","12290","Information","Microsoft-Windows-Crypto-DPAPI","Credential key does not exist."
"04-08-2026 17:52:00","12290","Information","Microsoft-Windows-Crypto-DPAPI","Credential key does not exist."
"04-08-2026 17:51:58","12289","Information","Microsoft-Windows-Crypto-DPAPI","DPAPI found credential key.

 	Credential Key Identifier:	0xA72919B2574C12D1E74078B64D62E14D0586E3130B54594F7F724BB0CD0F668A
 	User Name:	joe.prakash@nielseniq.com
 	User Sid:	S-1-12-1-2357405129-1281513531-255772574-1816207334
"
"04-08-2026 17:51:53","12289","Information","Microsoft-Windows-Crypto-DPAPI","DPAPI found credential key.

 	Credential Key Identifier:	0xA72919B2574C12D1E74078B64D62E14D0586E3130B54594F7F724BB0CD0F668A
 	User Name:	joe.prakash@nielseniq.com
 	User Sid:	S-1-12-1-2357405129-1281513531-255772574-1816207334
"
"04-08-2026 17:27:52","12290","Information","Microsoft-Windows-Crypto-DPAPI","Credential key does not exist."
"04-08-2026 17:27:51","12290","Information","Microsoft-Windows-Crypto-DPAPI","Credential key does not exist."
"04-08-2026 17:27:50","12289","Information","Microsoft-Windows-Crypto-DPAPI","DPAPI found credential key.

 	Credential Key Identifier:	0xA72919B2574C12D1E74078B64D62E14D0586E3130B54594F7F724BB0CD0F668A
 	User Name:	joe.prakash@nielseniq.com
 	User Sid:	S-1-12-1-2357405129-1281513531-255772574-1816207334
"
"04-08-2026 17:27:45","12289","Information","Microsoft-Windows-Crypto-DPAPI","DPAPI found credential key.

 	Credential Key Identifier:	0xA72919B2574C12D1E74078B64D62E14D0586E3130B54594F7F724BB0CD0F668A
 	User Name:	joe.prakash@nielseniq.com
 	User Sid:	S-1-12-1-2357405129-1281513531-255772574-1816207334
"
"04-08-2026 17:08:37","12290","Information","Microsoft-Windows-Crypto-DPAPI","Credential key does not exist."
"04-08-2026 17:08:36","12290","Information","Microsoft-Windows-Crypto-DPAPI","Credential key does not exist."
"04-08-2026 17:08:34","12289","Information","Microsoft-Windows-Crypto-DPAPI","DPAPI found credential key.

 	Credential Key Identifier:	0xA72919B2574C12D1E74078B64D62E14D0586E3130B54594F7F724BB0CD0F668A
 	User Name:	joe.prakash@nielseniq.com
 	User Sid:	S-1-12-1-2357405129-1281513531-255772574-1816207334
"
"04-08-2026 17:08:28","12289","Information","Microsoft-Windows-Crypto-DPAPI","DPAPI found credential key.

 	Credential Key Identifier:	0xA72919B2574C12D1E74078B64D62E14D0586E3130B54594F7F724BB0CD0F668A
 	User Name:	joe.prakash@nielseniq.com
 	User Sid:	S-1-12-1-2357405129-1281513531-255772574-1816207334
"
"04-08-2026 16:48:26","12290","Information","Microsoft-Windows-Crypto-DPAPI","Credential key does not exist."
"04-08-2026 16:48:25","12290","Information","Microsoft-Windows-Crypto-DPAPI","Credential key does not exist."
"04-08-2026 16:48:24","12289","Information","Microsoft-Windows-Crypto-DPAPI","DPAPI found credential key.

 	Credential Key Identifier:	0xA72919B2574C12D1E74078B64D62E14D0586E3130B54594F7F724BB0CD0F668A
 	User Name:	joe.prakash@nielseniq.com
 	User Sid:	S-1-12-1-2357405129-1281513531-255772574-1816207334
"
"04-08-2026 16:48:19","12289","Information","Microsoft-Windows-Crypto-DPAPI","DPAPI found credential key.

 	Credential Key Identifier:	0xA72919B2574C12D1E74078B64D62E14D0586E3130B54594F7F724BB0CD0F668A
 	User Name:	joe.prakash@nielseniq.com
 	User Sid:	S-1-12-1-2357405129-1281513531-255772574-1816207334
"
"04-08-2026 15:26:34","12290","Information","Microsoft-Windows-Crypto-DPAPI","Credential key does not exist."
"04-08-2026 15:26:33","12290","Information","Microsoft-Windows-Crypto-DPAPI","Credential key does not exist."
"04-08-2026 15:26:31","12289","Information","Microsoft-Windows-Crypto-DPAPI","DPAPI found credential key.

 	Credential Key Identifier:	0xA72919B2574C12D1E74078B64D62E14D0586E3130B54594F7F724BB0CD0F668A
 	User Name:	joe.prakash@nielseniq.com
 	User Sid:	S-1-12-1-2357405129-1281513531-255772574-1816207334
"
"04-08-2026 15:26:26","12289","Information","Microsoft-Windows-Crypto-DPAPI","DPAPI found credential key.

 	Credential Key Identifier:	0xA72919B2574C12D1E74078B64D62E14D0586E3130B54594F7F724BB0CD0F668A
 	User Name:	joe.prakash@nielseniq.com
 	User Sid:	S-1-12-1-2357405129-1281513531-255772574-1816207334
"
"04-08-2026 14:11:15","12290","Information","Microsoft-Windows-Crypto-DPAPI","Credential key does not exist."
"04-08-2026 14:11:14","12290","Information","Microsoft-Windows-Crypto-DPAPI","Credential key does not exist."
"04-08-2026 14:11:13","12289","Information","Microsoft-Windows-Crypto-DPAPI","DPAPI found credential key.

 	Credential Key Identifier:	0xA72919B2574C12D1E74078B64D62E14D0586E3130B54594F7F724BB0CD0F668A
 	User Name:	joe.prakash@nielseniq.com
 	User Sid:	S-1-12-1-2357405129-1281513531-255772574-1816207334
"
"04-08-2026 14:11:06","12289","Information","Microsoft-Windows-Crypto-DPAPI","DPAPI found credential key.

 	Credential Key Identifier:	0xA72919B2574C12D1E74078B64D62E14D0586E3130B54594F7F724BB0CD0F668A
 	User Name:	joe.prakash@nielseniq.com
 	User Sid:	S-1-12-1-2357405129-1281513531-255772574-1816207334
"
"04-08-2026 11:44:21","12290","Information","Microsoft-Windows-Crypto-DPAPI","Credential key does not exist."
"04-08-2026 11:44:20","12290","Information","Microsoft-Windows-Crypto-DPAPI","Credential key does not exist."
"04-08-2026 11:44:19","12289","Information","Microsoft-Windows-Crypto-DPAPI","DPAPI found credential key.

 	Credential Key Identifier:	0xA72919B2574C12D1E74078B64D62E14D0586E3130B54594F7F724BB0CD0F668A
 	User Name:	joe.prakash@nielseniq.com
 	User Sid:	S-1-12-1-2357405129-1281513531-255772574-1816207334
"
"04-08-2026 11:44:14","12289","Information","Microsoft-Windows-Crypto-DPAPI","DPAPI found credential key.

 	Credential Key Identifier:	0xA72919B2574C12D1E74078B64D62E14D0586E3130B54594F7F724BB0CD0F668A
 	User Name:	joe.prakash@nielseniq.com
 	User Sid:	S-1-12-1-2357405129-1281513531-255772574-1816207334
"
"04-08-2026 09:36:00","12290","Information","Microsoft-Windows-Crypto-DPAPI","Credential key does not exist."
"04-08-2026 09:35:59","12290","Information","Microsoft-Windows-Crypto-DPAPI","Credential key does not exist."
"04-08-2026 09:35:58","12289","Information","Microsoft-Windows-Crypto-DPAPI","DPAPI found credential key.

 	Credential Key Identifier:	0xA72919B2574C12D1E74078B64D62E14D0586E3130B54594F7F724BB0CD0F668A
 	User Name:	joe.prakash@nielseniq.com
 	User Sid:	S-1-12-1-2357405129-1281513531-255772574-1816207334
"
"04-08-2026 09:35:52","12289","Information","Microsoft-Windows-Crypto-DPAPI","DPAPI found credential key.

 	Credential Key Identifier:	0xA72919B2574C12D1E74078B64D62E14D0586E3130B54594F7F724BB0CD0F668A
 	User Name:	joe.prakash@nielseniq.com
 	User Sid:	S-1-12-1-2357405129-1281513531-255772574-1816207334
"
"03-08-2026 18:21:28","12290","Information","Microsoft-Windows-Crypto-DPAPI","Credential key does not exist."
"03-08-2026 18:21:27","12290","Information","Microsoft-Windows-Crypto-DPAPI","Credential key does not exist."
"03-08-2026 18:21:25","12289","Information","Microsoft-Windows-Crypto-DPAPI","DPAPI found credential key.

 	Credential Key Identifier:	0xA72919B2574C12D1E74078B64D62E14D0586E3130B54594F7F724BB0CD0F668A
 	User Name:	joe.prakash@nielseniq.com
 	User Sid:	S-1-12-1-2357405129-1281513531-255772574-1816207334
"
"03-08-2026 18:21:21","12289","Information","Microsoft-Windows-Crypto-DPAPI","DPAPI found credential key.

 	Credential Key Identifier:	0xA72919B2574C12D1E74078B64D62E14D0586E3130B54594F7F724BB0CD0F668A
 	User Name:	joe.prakash@nielseniq.com
 	User Sid:	S-1-12-1-2357405129-1281513531-255772574-1816207334
"
"03-08-2026 17:44:58","12290","Information","Microsoft-Windows-Crypto-DPAPI","Credential key does not exist."
"03-08-2026 17:44:57","12290","Information","Microsoft-Windows-Crypto-DPAPI","Credential key does not exist."
"03-08-2026 17:44:55","12289","Information","Microsoft-Windows-Crypto-DPAPI","DPAPI found credential key.

 	Credential Key Identifier:	0xA72919B2574C12D1E74078B64D62E14D0586E3130B54594F7F724BB0CD0F668A
 	User Name:	joe.prakash@nielseniq.com
 	User Sid:	S-1-12-1-2357405129-1281513531-255772574-1816207334
"
"03-08-2026 17:44:49","12289","Information","Microsoft-Windows-Crypto-DPAPI","DPAPI found credential key.

 	Credential Key Identifier:	0xA72919B2574C12D1E74078B64D62E14D0586E3130B54594F7F724BB0CD0F668A
 	User Name:	joe.prakash@nielseniq.com
 	User Sid:	S-1-12-1-2357405129-1281513531-255772574-1816207334
"
"03-08-2026 17:23:23","12290","Information","Microsoft-Windows-Crypto-DPAPI","Credential key does not exist."
"03-08-2026 17:23:22","12290","Information","Microsoft-Windows-Crypto-DPAPI","Credential key does not exist."
"03-08-2026 17:23:20","12289","Information","Microsoft-Windows-Crypto-DPAPI","DPAPI found credential key.

 	Credential Key Identifier:	0xA72919B2574C12D1E74078B64D62E14D0586E3130B54594F7F724BB0CD0F668A
 	User Name:	joe.prakash@nielseniq.com
 	User Sid:	S-1-12-1-2357405129-1281513531-255772574-1816207334
"
"03-08-2026 17:23:15","12289","Information","Microsoft-Windows-Crypto-DPAPI","DPAPI found credential key.

 	Credential Key Identifier:	0xA72919B2574C12D1E74078B64D62E14D0586E3130B54594F7F724BB0CD0F668A
 	User Name:	joe.prakash@nielseniq.com
 	User Sid:	S-1-12-1-2357405129-1281513531-255772574-1816207334
"
"03-08-2026 16:54:48","12290","Information","Microsoft-Windows-Crypto-DPAPI","Credential key does not exist."
"03-08-2026 16:54:47","12290","Information","Microsoft-Windows-Crypto-DPAPI","Credential key does not exist."
"03-08-2026 16:54:45","12289","Information","Microsoft-Windows-Crypto-DPAPI","DPAPI found credential key.

 	Credential Key Identifier:	0xA72919B2574C12D1E74078B64D62E14D0586E3130B54594F7F724BB0CD0F668A
 	User Name:	joe.prakash@nielseniq.com
 	User Sid:	S-1-12-1-2357405129-1281513531-255772574-1816207334
"
"03-08-2026 16:54:40","12289","Information","Microsoft-Windows-Crypto-DPAPI","DPAPI found credential key.

 	Credential Key Identifier:	0xA72919B2574C12D1E74078B64D62E14D0586E3130B54594F7F724BB0CD0F668A
 	User Name:	joe.prakash@nielseniq.com
 	User Sid:	S-1-12-1-2357405129-1281513531-255772574-1816207334
"
"03-08-2026 16:34:33","12290","Information","Microsoft-Windows-Crypto-DPAPI","Credential key does not exist."
"03-08-2026 16:34:32","12290","Information","Microsoft-Windows-Crypto-DPAPI","Credential key does not exist."
"03-08-2026 16:34:30","12289","Information","Microsoft-Windows-Crypto-DPAPI","DPAPI found credential key.

 	Credential Key Identifier:	0xA72919B2574C12D1E74078B64D62E14D0586E3130B54594F7F724BB0CD0F668A
 	User Name:	joe.prakash@nielseniq.com
 	User Sid:	S-1-12-1-2357405129-1281513531-255772574-1816207334
"
"03-08-2026 16:34:25","12289","Information","Microsoft-Windows-Crypto-DPAPI","DPAPI found credential key.

 	Credential Key Identifier:	0xA72919B2574C12D1E74078B64D62E14D0586E3130B54594F7F724BB0CD0F668A
 	User Name:	joe.prakash@nielseniq.com
 	User Sid:	S-1-12-1-2357405129-1281513531-255772574-1816207334
"
"03-08-2026 16:16:04","12290","Information","Microsoft-Windows-Crypto-DPAPI","Credential key does not exist."
"03-08-2026 16:16:03","12290","Information","Microsoft-Windows-Crypto-DPAPI","Credential key does not exist."
"03-08-2026 16:16:01","12289","Information","Microsoft-Windows-Crypto-DPAPI","DPAPI found credential key.

 	Credential Key Identifier:	0xA72919B2574C12D1E74078B64D62E14D0586E3130B54594F7F724BB0CD0F668A
 	User Name:	joe.prakash@nielseniq.com
 	User Sid:	S-1-12-1-2357405129-1281513531-255772574-1816207334
"
"03-08-2026 16:15:56","12289","Information","Microsoft-Windows-Crypto-DPAPI","DPAPI found credential key.

 	Credential Key Identifier:	0xA72919B2574C12D1E74078B64D62E14D0586E3130B54594F7F724BB0CD0F668A
 	User Name:	joe.prakash@nielseniq.com
 	User Sid:	S-1-12-1-2357405129-1281513531-255772574-1816207334
"
"03-08-2026 15:54:31","12290","Information","Microsoft-Windows-Crypto-DPAPI","Credential key does not exist."
"03-08-2026 15:54:30","12290","Information","Microsoft-Windows-Crypto-DPAPI","Credential key does not exist."
"03-08-2026 15:54:28","12289","Information","Microsoft-Windows-Crypto-DPAPI","DPAPI found credential key.

 	Credential Key Identifier:	0xA72919B2574C12D1E74078B64D62E14D0586E3130B54594F7F724BB0CD0F668A
 	User Name:	joe.prakash@nielseniq.com
 	User Sid:	S-1-12-1-2357405129-1281513531-255772574-1816207334
"
"03-08-2026 15:54:23","12289","Information","Microsoft-Windows-Crypto-DPAPI","DPAPI found credential key.

 	Credential Key Identifier:	0xA72919B2574C12D1E74078B64D62E14D0586E3130B54594F7F724BB0CD0F668A
 	User Name:	joe.prakash@nielseniq.com
 	User Sid:	S-1-12-1-2357405129-1281513531-255772574-1816207334
"
"03-08-2026 14:41:51","12290","Information","Microsoft-Windows-Crypto-DPAPI","Credential key does not exist."
"03-08-2026 14:41:49","12290","Information","Microsoft-Windows-Crypto-DPAPI","Credential key does not exist."
"03-08-2026 14:41:48","12289","Information","Microsoft-Windows-Crypto-DPAPI","DPAPI found credential key.

 	Credential Key Identifier:	0xA72919B2574C12D1E74078B64D62E14D0586E3130B54594F7F724BB0CD0F668A
 	User Name:	joe.prakash@nielseniq.com
 	User Sid:	S-1-12-1-2357405129-1281513531-255772574-1816207334
"
"03-08-2026 14:41:43","12289","Information","Microsoft-Windows-Crypto-DPAPI","DPAPI found credential key.

 	Credential Key Identifier:	0xA72919B2574C12D1E74078B64D62E14D0586E3130B54594F7F724BB0CD0F668A
 	User Name:	joe.prakash@nielseniq.com
 	User Sid:	S-1-12-1-2357405129-1281513531-255772574-1816207334
"
"03-08-2026 14:20:47","12290","Information","Microsoft-Windows-Crypto-DPAPI","Credential key does not exist."
"03-08-2026 14:20:46","12290","Information","Microsoft-Windows-Crypto-DPAPI","Credential key does not exist."
"03-08-2026 14:20:44","12289","Information","Microsoft-Windows-Crypto-DPAPI","DPAPI found credential key.

 	Credential Key Identifier:	0xA72919B2574C12D1E74078B64D62E14D0586E3130B54594F7F724BB0CD0F668A
 	User Name:	joe.prakash@nielseniq.com
 	User Sid:	S-1-12-1-2357405129-1281513531-255772574-1816207334
"
"03-08-2026 14:20:37","12289","Information","Microsoft-Windows-Crypto-DPAPI","DPAPI found credential key.

 	Credential Key Identifier:	0xA72919B2574C12D1E74078B64D62E14D0586E3130B54594F7F724BB0CD0F668A
 	User Name:	joe.prakash@nielseniq.com
 	User Sid:	S-1-12-1-2357405129-1281513531-255772574-1816207334
"
"03-08-2026 13:19:10","12290","Information","Microsoft-Windows-Crypto-DPAPI","Credential key does not exist."
"03-08-2026 13:19:09","12290","Information","Microsoft-Windows-Crypto-DPAPI","Credential key does not exist."
"03-08-2026 13:19:07","12289","Information","Microsoft-Windows-Crypto-DPAPI","DPAPI found credential key.

 	Credential Key Identifier:	0xA72919B2574C12D1E74078B64D62E14D0586E3130B54594F7F724BB0CD0F668A
 	User Name:	joe.prakash@nielseniq.com
 	User Sid:	S-1-12-1-2357405129-1281513531-255772574-1816207334
"
"03-08-2026 13:19:02","12289","Information","Microsoft-Windows-Crypto-DPAPI","DPAPI found credential key.

 	Credential Key Identifier:	0xA72919B2574C12D1E74078B64D62E14D0586E3130B54594F7F724BB0CD0F668A
 	User Name:	joe.prakash@nielseniq.com
 	User Sid:	S-1-12-1-2357405129-1281513531-255772574-1816207334
"
"03-08-2026 12:33:53","12290","Information","Microsoft-Windows-Crypto-DPAPI","Credential key does not exist."
"03-08-2026 12:33:52","12290","Information","Microsoft-Windows-Crypto-DPAPI","Credential key does not exist."
"03-08-2026 12:33:50","12289","Information","Microsoft-Windows-Crypto-DPAPI","DPAPI found credential key.

 	Credential Key Identifier:	0xA72919B2574C12D1E74078B64D62E14D0586E3130B54594F7F724BB0CD0F668A
 	User Name:	joe.prakash@nielseniq.com
 	User Sid:	S-1-12-1-2357405129-1281513531-255772574-1816207334
"
"03-08-2026 12:33:45","12289","Information","Microsoft-Windows-Crypto-DPAPI","DPAPI found credential key.

 	Credential Key Identifier:	0xA72919B2574C12D1E74078B64D62E14D0586E3130B54594F7F724BB0CD0F668A
 	User Name:	joe.prakash@nielseniq.com
 	User Sid:	S-1-12-1-2357405129-1281513531-255772574-1816207334
"
"03-08-2026 11:04:37","12290","Information","Microsoft-Windows-Crypto-DPAPI","Credential key does not exist."
"03-08-2026 11:04:36","12290","Information","Microsoft-Windows-Crypto-DPAPI","Credential key does not exist."
"03-08-2026 11:04:35","12289","Information","Microsoft-Windows-Crypto-DPAPI","DPAPI found credential key.

 	Credential Key Identifier:	0xA72919B2574C12D1E74078B64D62E14D0586E3130B54594F7F724BB0CD0F668A
 	User Name:	joe.prakash@nielseniq.com
 	User Sid:	S-1-12-1-2357405129-1281513531-255772574-1816207334
"
"03-08-2026 11:04:29","12289","Information","Microsoft-Windows-Crypto-DPAPI","DPAPI found credential key.

 	Credential Key Identifier:	0xA72919B2574C12D1E74078B64D62E14D0586E3130B54594F7F724BB0CD0F668A
 	User Name:	joe.prakash@nielseniq.com
 	User Sid:	S-1-12-1-2357405129-1281513531-255772574-1816207334
"
"03-08-2026 10:17:14","12290","Information","Microsoft-Windows-Crypto-DPAPI","Credential key does not exist."
"03-08-2026 10:17:13","12290","Information","Microsoft-Windows-Crypto-DPAPI","Credential key does not exist."
"03-08-2026 10:17:11","12289","Information","Microsoft-Windows-Crypto-DPAPI","DPAPI found credential key.

 	Credential Key Identifier:	0xA72919B2574C12D1E74078B64D62E14D0586E3130B54594F7F724BB0CD0F668A
 	User Name:	joe.prakash@nielseniq.com
 	User Sid:	S-1-12-1-2357405129-1281513531-255772574-1816207334
"
"03-08-2026 10:17:06","12289","Information","Microsoft-Windows-Crypto-DPAPI","DPAPI found credential key.

 	Credential Key Identifier:	0xA72919B2574C12D1E74078B64D62E14D0586E3130B54594F7F724BB0CD0F668A
 	User Name:	joe.prakash@nielseniq.com
 	User Sid:	S-1-12-1-2357405129-1281513531-255772574-1816207334
"
"03-08-2026 09:52:29","12290","Information","Microsoft-Windows-Crypto-DPAPI","Credential key does not exist."
"03-08-2026 09:52:28","12290","Information","Microsoft-Windows-Crypto-DPAPI","Credential key does not exist."
"03-08-2026 09:52:26","12289","Information","Microsoft-Windows-Crypto-DPAPI","DPAPI found credential key.

 	Credential Key Identifier:	0xA72919B2574C12D1E74078B64D62E14D0586E3130B54594F7F724BB0CD0F668A
 	User Name:	joe.prakash@nielseniq.com
 	User Sid:	S-1-12-1-2357405129-1281513531-255772574-1816207334
"
"03-08-2026 09:52:21","12289","Information","Microsoft-Windows-Crypto-DPAPI","DPAPI found credential key.

 	Credential Key Identifier:	0xA72919B2574C12D1E74078B64D62E14D0586E3130B54594F7F724BB0CD0F668A
 	User Name:	joe.prakash@nielseniq.com
 	User Sid:	S-1-12-1-2357405129-1281513531-255772574-1816207334
"
"03-08-2026 09:26:38","12289","Information","Microsoft-Windows-Crypto-DPAPI","DPAPI found credential key.

 	Credential Key Identifier:	0xB84E35FA149AEE20C19FBF72F715CAA1D379D69D2C13CEB3CA243C93D00E2E36
 	User Name:	arjo5004
 	User Sid:	S-1-12-1-2357405129-1281513531-255772574-1816207334
"
"03-08-2026 09:26:38","12289","Information","Microsoft-Windows-Crypto-DPAPI","DPAPI found credential key.

 	Credential Key Identifier:	0xFDFC6D73D0C9059572A4216E6805D17132CF800534031D85C61FC808CD367D20
 	User Name:	arjo5004
 	User Sid:	S-1-12-1-2357405129-1281513531-255772574-1816207334
"
"03-08-2026 09:26:38","12289","Information","Microsoft-Windows-Crypto-DPAPI","DPAPI found credential key.

 	Credential Key Identifier:	0xA72919B2574C12D1E74078B64D62E14D0586E3130B54594F7F724BB0CD0F668A
 	User Name:	joe.prakash@nielseniq.com
 	User Sid:	S-1-12-1-2357405129-1281513531-255772574-1816207334
"
"03-08-2026 09:26:19","12289","Information","Microsoft-Windows-Crypto-DPAPI","DPAPI found credential key.

 	Credential Key Identifier:	0x34E504769AD44B2737760AE5927E0C8374FF5BB8E8ED529D0915232E48ACAD34
 	User Name:	arjo5004
 	User Sid:	S-1-12-1-2357405129-1281513531-255772574-1816207334
"
"03-08-2026 09:26:19","12289","Information","Microsoft-Windows-Crypto-DPAPI","DPAPI found credential key.

 	Credential Key Identifier:	0xA72919B2574C12D1E74078B64D62E14D0586E3130B54594F7F724BB0CD0F668A
 	User Name:	joe.prakash@nielseniq.com
 	User Sid:	S-1-12-1-2357405129-1281513531-255772574-1816207334
"
"31-07-2026 18:27:33","12290","Information","Microsoft-Windows-Crypto-DPAPI","Credential key does not exist."
"31-07-2026 18:27:32","12290","Information","Microsoft-Windows-Crypto-DPAPI","Credential key does not exist."
"31-07-2026 18:27:29","12289","Information","Microsoft-Windows-Crypto-DPAPI","DPAPI found credential key.

 	Credential Key Identifier:	0xA72919B2574C12D1E74078B64D62E14D0586E3130B54594F7F724BB0CD0F668A
 	User Name:	joe.prakash@nielseniq.com
 	User Sid:	S-1-12-1-2357405129-1281513531-255772574-1816207334
"
"31-07-2026 18:27:24","12289","Information","Microsoft-Windows-Crypto-DPAPI","DPAPI found credential key.

 	Credential Key Identifier:	0xA72919B2574C12D1E74078B64D62E14D0586E3130B54594F7F724BB0CD0F668A
 	User Name:	joe.prakash@nielseniq.com
 	User Sid:	S-1-12-1-2357405129-1281513531-255772574-1816207334
"
"31-07-2026 15:56:33","12290","Information","Microsoft-Windows-Crypto-DPAPI","Credential key does not exist."
"31-07-2026 15:56:32","12290","Information","Microsoft-Windows-Crypto-DPAPI","Credential key does not exist."
"31-07-2026 15:56:29","12289","Information","Microsoft-Windows-Crypto-DPAPI","DPAPI found credential key.

 	Credential Key Identifier:	0xA72919B2574C12D1E74078B64D62E14D0586E3130B54594F7F724BB0CD0F668A
 	User Name:	joe.prakash@nielseniq.com
 	User Sid:	S-1-12-1-2357405129-1281513531-255772574-1816207334
"
"31-07-2026 15:56:24","12289","Information","Microsoft-Windows-Crypto-DPAPI","DPAPI found credential key.

 	Credential Key Identifier:	0xA72919B2574C12D1E74078B64D62E14D0586E3130B54594F7F724BB0CD0F668A
 	User Name:	joe.prakash@nielseniq.com
 	User Sid:	S-1-12-1-2357405129-1281513531-255772574-1816207334
"
"31-07-2026 15:13:22","12290","Information","Microsoft-Windows-Crypto-DPAPI","Credential key does not exist."
"31-07-2026 15:13:21","12290","Information","Microsoft-Windows-Crypto-DPAPI","Credential key does not exist."
"31-07-2026 15:13:19","12289","Information","Microsoft-Windows-Crypto-DPAPI","DPAPI found credential key.

 	Credential Key Identifier:	0xA72919B2574C12D1E74078B64D62E14D0586E3130B54594F7F724BB0CD0F668A
 	User Name:	joe.prakash@nielseniq.com
 	User Sid:	S-1-12-1-2357405129-1281513531-255772574-1816207334
"
"31-07-2026 15:13:13","12289","Information","Microsoft-Windows-Crypto-DPAPI","DPAPI found credential key.

 	Credential Key Identifier:	0xA72919B2574C12D1E74078B64D62E14D0586E3130B54594F7F724BB0CD0F668A
 	User Name:	joe.prakash@nielseniq.com
 	User Sid:	S-1-12-1-2357405129-1281513531-255772574-1816207334
"
"31-07-2026 14:56:27","12290","Information","Microsoft-Windows-Crypto-DPAPI","Credential key does not exist."
"31-07-2026 14:56:26","12290","Information","Microsoft-Windows-Crypto-DPAPI","Credential key does not exist."
"31-07-2026 14:56:24","12289","Information","Microsoft-Windows-Crypto-DPAPI","DPAPI found credential key.

 	Credential Key Identifier:	0xA72919B2574C12D1E74078B64D62E14D0586E3130B54594F7F724BB0CD0F668A
 	User Name:	joe.prakash@nielseniq.com
 	User Sid:	S-1-12-1-2357405129-1281513531-255772574-1816207334
"
"31-07-2026 14:56:19","12289","Information","Microsoft-Windows-Crypto-DPAPI","DPAPI found credential key.

 	Credential Key Identifier:	0xA72919B2574C12D1E74078B64D62E14D0586E3130B54594F7F724BB0CD0F668A
 	User Name:	joe.prakash@nielseniq.com
 	User Sid:	S-1-12-1-2357405129-1281513531-255772574-1816207334
"
"31-07-2026 13:30:10","12290","Information","Microsoft-Windows-Crypto-DPAPI","Credential key does not exist."
"31-07-2026 13:30:09","12290","Information","Microsoft-Windows-Crypto-DPAPI","Credential key does not exist."
"31-07-2026 13:30:07","12289","Information","Microsoft-Windows-Crypto-DPAPI","DPAPI found credential key.

 	Credential Key Identifier:	0xA72919B2574C12D1E74078B64D62E14D0586E3130B54594F7F724BB0CD0F668A
 	User Name:	joe.prakash@nielseniq.com
 	User Sid:	S-1-12-1-2357405129-1281513531-255772574-1816207334
"
"31-07-2026 13:30:01","12289","Information","Microsoft-Windows-Crypto-DPAPI","DPAPI found credential key.

 	Credential Key Identifier:	0xA72919B2574C12D1E74078B64D62E14D0586E3130B54594F7F724BB0CD0F668A
 	User Name:	joe.prakash@nielseniq.com
 	User Sid:	S-1-12-1-2357405129-1281513531-255772574-1816207334
"
"31-07-2026 12:07:19","12290","Information","Microsoft-Windows-Crypto-DPAPI","Credential key does not exist."
"31-07-2026 12:07:18","12290","Information","Microsoft-Windows-Crypto-DPAPI","Credential key does not exist."
"31-07-2026 12:07:16","12289","Information","Microsoft-Windows-Crypto-DPAPI","DPAPI found credential key.

 	Credential Key Identifier:	0xA72919B2574C12D1E74078B64D62E14D0586E3130B54594F7F724BB0CD0F668A
 	User Name:	joe.prakash@nielseniq.com
 	User Sid:	S-1-12-1-2357405129-1281513531-255772574-1816207334
"
"31-07-2026 12:07:11","12289","Information","Microsoft-Windows-Crypto-DPAPI","DPAPI found credential key.

 	Credential Key Identifier:	0xA72919B2574C12D1E74078B64D62E14D0586E3130B54594F7F724BB0CD0F668A
 	User Name:	joe.prakash@nielseniq.com
 	User Sid:	S-1-12-1-2357405129-1281513531-255772574-1816207334
"
"31-07-2026 11:17:13","12290","Information","Microsoft-Windows-Crypto-DPAPI","Credential key does not exist."
"31-07-2026 11:17:12","12290","Information","Microsoft-Windows-Crypto-DPAPI","Credential key does not exist."
"31-07-2026 11:17:10","12289","Information","Microsoft-Windows-Crypto-DPAPI","DPAPI found credential key.

 	Credential Key Identifier:	0xA72919B2574C12D1E74078B64D62E14D0586E3130B54594F7F724BB0CD0F668A
 	User Name:	joe.prakash@nielseniq.com
 	User Sid:	S-1-12-1-2357405129-1281513531-255772574-1816207334
"
"31-07-2026 11:17:05","12289","Information","Microsoft-Windows-Crypto-DPAPI","DPAPI found credential key.

 	Credential Key Identifier:	0xA72919B2574C12D1E74078B64D62E14D0586E3130B54594F7F724BB0CD0F668A
 	User Name:	joe.prakash@nielseniq.com
 	User Sid:	S-1-12-1-2357405129-1281513531-255772574-1816207334
"
"31-07-2026 10:43:10","12290","Information","Microsoft-Windows-Crypto-DPAPI","Credential key does not exist."
"31-07-2026 10:43:09","12290","Information","Microsoft-Windows-Crypto-DPAPI","Credential key does not exist."
"31-07-2026 10:43:07","12289","Information","Microsoft-Windows-Crypto-DPAPI","DPAPI found credential key.

 	Credential Key Identifier:	0xA72919B2574C12D1E74078B64D62E14D0586E3130B54594F7F724BB0CD0F668A
 	User Name:	joe.prakash@nielseniq.com
 	User Sid:	S-1-12-1-2357405129-1281513531-255772574-1816207334
"
"31-07-2026 10:43:02","12289","Information","Microsoft-Windows-Crypto-DPAPI","DPAPI found credential key.

 	Credential Key Identifier:	0xA72919B2574C12D1E74078B64D62E14D0586E3130B54594F7F724BB0CD0F668A
 	User Name:	joe.prakash@nielseniq.com
 	User Sid:	S-1-12-1-2357405129-1281513531-255772574-1816207334
"
"31-07-2026 10:26:08","12290","Information","Microsoft-Windows-Crypto-DPAPI","Credential key does not exist."
"31-07-2026 10:26:07","12290","Information","Microsoft-Windows-Crypto-DPAPI","Credential key does not exist."
"31-07-2026 10:26:05","12289","Information","Microsoft-Windows-Crypto-DPAPI","DPAPI found credential key.

 	Credential Key Identifier:	0xA72919B2574C12D1E74078B64D62E14D0586E3130B54594F7F724BB0CD0F668A
 	User Name:	joe.prakash@nielseniq.com
 	User Sid:	S-1-12-1-2357405129-1281513531-255772574-1816207334
"
"31-07-2026 10:25:59","12289","Information","Microsoft-Windows-Crypto-DPAPI","DPAPI found credential key.

 	Credential Key Identifier:	0xA72919B2574C12D1E74078B64D62E14D0586E3130B54594F7F724BB0CD0F668A
 	User Name:	joe.prakash@nielseniq.com
 	User Sid:	S-1-12-1-2357405129-1281513531-255772574-1816207334
"
"31-07-2026 09:45:13","12289","Information","Microsoft-Windows-Crypto-DPAPI","DPAPI found credential key.

 	Credential Key Identifier:	0x4DB4519E6FE7B832220837226463C96D026442C49F3B22B00E83C893BEFC67B1
 	User Name:	arjo5004
 	User Sid:	S-1-12-1-2357405129-1281513531-255772574-1816207334
"
"31-07-2026 09:45:13","12289","Information","Microsoft-Windows-Crypto-DPAPI","DPAPI found credential key.

 	Credential Key Identifier:	0xC266F026D75FFCF4231F68A8D7C8D39774FF0854DE5249A45D513B5081E518B4
 	User Name:	arjo5004
 	User Sid:	S-1-12-1-2357405129-1281513531-255772574-1816207334
"
"31-07-2026 09:45:13","12289","Information","Microsoft-Windows-Crypto-DPAPI","DPAPI found credential key.

 	Credential Key Identifier:	0xA72919B2574C12D1E74078B64D62E14D0586E3130B54594F7F724BB0CD0F668A
 	User Name:	joe.prakash@nielseniq.com
 	User Sid:	S-1-12-1-2357405129-1281513531-255772574-1816207334
"
"31-07-2026 09:45:09","12289","Information","Microsoft-Windows-Crypto-DPAPI","DPAPI found credential key.

 	Credential Key Identifier:	0x84E0E2F5647CD8AAAA296D02C4B7C9EEF65BC0566AB7260A7F52A15E629FD75E
 	User Name:	arjo5004
 	User Sid:	S-1-12-1-2357405129-1281513531-255772574-1816207334
"
"31-07-2026 09:45:09","12289","Information","Microsoft-Windows-Crypto-DPAPI","DPAPI found credential key.

 	Credential Key Identifier:	0xA72919B2574C12D1E74078B64D62E14D0586E3130B54594F7F724BB0CD0F668A
 	User Name:	joe.prakash@nielseniq.com
 	User Sid:	S-1-12-1-2357405129-1281513531-255772574-1816207334
"
"31-07-2026 09:32:08","12290","Information","Microsoft-Windows-Crypto-DPAPI","Credential key does not exist."
"31-07-2026 09:32:07","12290","Information","Microsoft-Windows-Crypto-DPAPI","Credential key does not exist."
"31-07-2026 09:32:05","12289","Information","Microsoft-Windows-Crypto-DPAPI","DPAPI found credential key.

 	Credential Key Identifier:	0xA72919B2574C12D1E74078B64D62E14D0586E3130B54594F7F724BB0CD0F668A
 	User Name:	joe.prakash@nielseniq.com
 	User Sid:	S-1-12-1-2357405129-1281513531-255772574-1816207334
"
"31-07-2026 09:32:00","12289","Information","Microsoft-Windows-Crypto-DPAPI","DPAPI found credential key.

 	Credential Key Identifier:	0xA72919B2574C12D1E74078B64D62E14D0586E3130B54594F7F724BB0CD0F668A
 	User Name:	joe.prakash@nielseniq.com
 	User Sid:	S-1-12-1-2357405129-1281513531-255772574-1816207334
"
"30-07-2026 18:17:33","12290","Information","Microsoft-Windows-Crypto-DPAPI","Credential key does not exist."
"30-07-2026 18:17:32","12290","Information","Microsoft-Windows-Crypto-DPAPI","Credential key does not exist."
"30-07-2026 18:17:30","12289","Information","Microsoft-Windows-Crypto-DPAPI","DPAPI found credential key.

 	Credential Key Identifier:	0xA72919B2574C12D1E74078B64D62E14D0586E3130B54594F7F724BB0CD0F668A
 	User Name:	joe.prakash@nielseniq.com
 	User Sid:	S-1-12-1-2357405129-1281513531-255772574-1816207334
"
"30-07-2026 18:17:25","12289","Information","Microsoft-Windows-Crypto-DPAPI","DPAPI found credential key.

 	Credential Key Identifier:	0xA72919B2574C12D1E74078B64D62E14D0586E3130B54594F7F724BB0CD0F668A
 	User Name:	joe.prakash@nielseniq.com
 	User Sid:	S-1-12-1-2357405129-1281513531-255772574-1816207334
"
"30-07-2026 15:45:23","12290","Information","Microsoft-Windows-Crypto-DPAPI","Credential key does not exist."
"30-07-2026 15:45:21","12290","Information","Microsoft-Windows-Crypto-DPAPI","Credential key does not exist."
"30-07-2026 15:45:19","12289","Information","Microsoft-Windows-Crypto-DPAPI","DPAPI found credential key.

 	Credential Key Identifier:	0xA72919B2574C12D1E74078B64D62E14D0586E3130B54594F7F724BB0CD0F668A
 	User Name:	joe.prakash@nielseniq.com
 	User Sid:	S-1-12-1-2357405129-1281513531-255772574-1816207334
"
"30-07-2026 15:45:14","12289","Information","Microsoft-Windows-Crypto-DPAPI","DPAPI found credential key.

 	Credential Key Identifier:	0xA72919B2574C12D1E74078B64D62E14D0586E3130B54594F7F724BB0CD0F668A
 	User Name:	joe.prakash@nielseniq.com
 	User Sid:	S-1-12-1-2357405129-1281513531-255772574-1816207334
"
"30-07-2026 14:47:06","12290","Information","Microsoft-Windows-Crypto-DPAPI","Credential key does not exist."
"30-07-2026 14:47:05","12290","Information","Microsoft-Windows-Crypto-DPAPI","Credential key does not exist."
"30-07-2026 14:47:03","12289","Information","Microsoft-Windows-Crypto-DPAPI","DPAPI found credential key.

 	Credential Key Identifier:	0xA72919B2574C12D1E74078B64D62E14D0586E3130B54594F7F724BB0CD0F668A
 	User Name:	joe.prakash@nielseniq.com
 	User Sid:	S-1-12-1-2357405129-1281513531-255772574-1816207334
"
"30-07-2026 14:46:57","12289","Information","Microsoft-Windows-Crypto-DPAPI","DPAPI found credential key.

 	Credential Key Identifier:	0xA72919B2574C12D1E74078B64D62E14D0586E3130B54594F7F724BB0CD0F668A
 	User Name:	joe.prakash@nielseniq.com
 	User Sid:	S-1-12-1-2357405129-1281513531-255772574-1816207334
"
"30-07-2026 14:17:53","12290","Information","Microsoft-Windows-Crypto-DPAPI","Credential key does not exist."
"30-07-2026 14:17:52","12290","Information","Microsoft-Windows-Crypto-DPAPI","Credential key does not exist."
"30-07-2026 14:17:39","12289","Information","Microsoft-Windows-Crypto-DPAPI","DPAPI found credential key.

 	Credential Key Identifier:	0xA72919B2574C12D1E74078B64D62E14D0586E3130B54594F7F724BB0CD0F668A
 	User Name:	joe.prakash@nielseniq.com
 	User Sid:	S-1-12-1-2357405129-1281513531-255772574-1816207334
"
"30-07-2026 14:17:29","12289","Information","Microsoft-Windows-Crypto-DPAPI","DPAPI found credential key.

 	Credential Key Identifier:	0xA72919B2574C12D1E74078B64D62E14D0586E3130B54594F7F724BB0CD0F668A
 	User Name:	joe.prakash@nielseniq.com
 	User Sid:	S-1-12-1-2357405129-1281513531-255772574-1816207334
"
"30-07-2026 12:20:47","12290","Information","Microsoft-Windows-Crypto-DPAPI","Credential key does not exist."
"30-07-2026 12:20:46","12290","Information","Microsoft-Windows-Crypto-DPAPI","Credential key does not exist."
"30-07-2026 12:20:44","12289","Information","Microsoft-Windows-Crypto-DPAPI","DPAPI found credential key.

 	Credential Key Identifier:	0xA72919B2574C12D1E74078B64D62E14D0586E3130B54594F7F724BB0CD0F668A
 	User Name:	joe.prakash@nielseniq.com
 	User Sid:	S-1-12-1-2357405129-1281513531-255772574-1816207334
"
"30-07-2026 12:20:37","12289","Information","Microsoft-Windows-Crypto-DPAPI","DPAPI found credential key.

 	Credential Key Identifier:	0xA72919B2574C12D1E74078B64D62E14D0586E3130B54594F7F724BB0CD0F668A
 	User Name:	joe.prakash@nielseniq.com
 	User Sid:	S-1-12-1-2357405129-1281513531-255772574-1816207334
"
"30-07-2026 11:25:37","12290","Information","Microsoft-Windows-Crypto-DPAPI","Credential key does not exist."
"30-07-2026 11:25:36","12290","Information","Microsoft-Windows-Crypto-DPAPI","Credential key does not exist."
"30-07-2026 11:25:35","12289","Information","Microsoft-Windows-Crypto-DPAPI","DPAPI found credential key.

 	Credential Key Identifier:	0xA72919B2574C12D1E74078B64D62E14D0586E3130B54594F7F724BB0CD0F668A
 	User Name:	joe.prakash@nielseniq.com
 	User Sid:	S-1-12-1-2357405129-1281513531-255772574-1816207334
"
"30-07-2026 11:25:29","12289","Information","Microsoft-Windows-Crypto-DPAPI","DPAPI found credential key.

 	Credential Key Identifier:	0xA72919B2574C12D1E74078B64D62E14D0586E3130B54594F7F724BB0CD0F668A
 	User Name:	joe.prakash@nielseniq.com
 	User Sid:	S-1-12-1-2357405129-1281513531-255772574-1816207334
"
"30-07-2026 09:47:04","12290","Information","Microsoft-Windows-Crypto-DPAPI","Credential key does not exist."
"30-07-2026 09:47:03","12290","Information","Microsoft-Windows-Crypto-DPAPI","Credential key does not exist."
"30-07-2026 09:47:02","12289","Information","Microsoft-Windows-Crypto-DPAPI","DPAPI found credential key.

 	Credential Key Identifier:	0xA72919B2574C12D1E74078B64D62E14D0586E3130B54594F7F724BB0CD0F668A
 	User Name:	joe.prakash@nielseniq.com
 	User Sid:	S-1-12-1-2357405129-1281513531-255772574-1816207334
"
"30-07-2026 09:46:56","12289","Information","Microsoft-Windows-Crypto-DPAPI","DPAPI found credential key.

 	Credential Key Identifier:	0xA72919B2574C12D1E74078B64D62E14D0586E3130B54594F7F724BB0CD0F668A
 	User Name:	joe.prakash@nielseniq.com
 	User Sid:	S-1-12-1-2357405129-1281513531-255772574-1816207334
"
"30-07-2026 09:34:54","12290","Information","Microsoft-Windows-Crypto-DPAPI","Credential key does not exist."
"30-07-2026 09:34:53","12290","Information","Microsoft-Windows-Crypto-DPAPI","Credential key does not exist."
"30-07-2026 09:34:51","12289","Information","Microsoft-Windows-Crypto-DPAPI","DPAPI found credential key.

 	Credential Key Identifier:	0xA72919B2574C12D1E74078B64D62E14D0586E3130B54594F7F724BB0CD0F668A
 	User Name:	joe.prakash@nielseniq.com
 	User Sid:	S-1-12-1-2357405129-1281513531-255772574-1816207334
"
"30-07-2026 09:34:44","12289","Information","Microsoft-Windows-Crypto-DPAPI","DPAPI found credential key.

 	Credential Key Identifier:	0xA72919B2574C12D1E74078B64D62E14D0586E3130B54594F7F724BB0CD0F668A
 	User Name:	joe.prakash@nielseniq.com
 	User Sid:	S-1-12-1-2357405129-1281513531-255772574-1816207334
"
"29-07-2026 18:00:09","12290","Information","Microsoft-Windows-Crypto-DPAPI","Credential key does not exist."
"29-07-2026 18:00:08","12290","Information","Microsoft-Windows-Crypto-DPAPI","Credential key does not exist."
"29-07-2026 18:00:05","12289","Information","Microsoft-Windows-Crypto-DPAPI","DPAPI found credential key.

 	Credential Key Identifier:	0xA72919B2574C12D1E74078B64D62E14D0586E3130B54594F7F724BB0CD0F668A
 	User Name:	joe.prakash@nielseniq.com
 	User Sid:	S-1-12-1-2357405129-1281513531-255772574-1816207334
"
"29-07-2026 17:59:59","12289","Information","Microsoft-Windows-Crypto-DPAPI","DPAPI found credential key.

 	Credential Key Identifier:	0xA72919B2574C12D1E74078B64D62E14D0586E3130B54594F7F724BB0CD0F668A
 	User Name:	joe.prakash@nielseniq.com
 	User Sid:	S-1-12-1-2357405129-1281513531-255772574-1816207334
"
"29-07-2026 16:46:53","12290","Information","Microsoft-Windows-Crypto-DPAPI","Credential key does not exist."
"29-07-2026 16:46:52","12290","Information","Microsoft-Windows-Crypto-DPAPI","Credential key does not exist."
"29-07-2026 16:46:50","12289","Information","Microsoft-Windows-Crypto-DPAPI","DPAPI found credential key.

 	Credential Key Identifier:	0xA72919B2574C12D1E74078B64D62E14D0586E3130B54594F7F724BB0CD0F668A
 	User Name:	joe.prakash@nielseniq.com
 	User Sid:	S-1-12-1-2357405129-1281513531-255772574-1816207334
"
"29-07-2026 16:46:45","12289","Information","Microsoft-Windows-Crypto-DPAPI","DPAPI found credential key.

 	Credential Key Identifier:	0xA72919B2574C12D1E74078B64D62E14D0586E3130B54594F7F724BB0CD0F668A
 	User Name:	joe.prakash@nielseniq.com
 	User Sid:	S-1-12-1-2357405129-1281513531-255772574-1816207334
"
"29-07-2026 16:00:54","12290","Information","Microsoft-Windows-Crypto-DPAPI","Credential key does not exist."
"29-07-2026 16:00:53","12290","Information","Microsoft-Windows-Crypto-DPAPI","Credential key does not exist."
"29-07-2026 16:00:51","12289","Information","Microsoft-Windows-Crypto-DPAPI","DPAPI found credential key.

 	Credential Key Identifier:	0xA72919B2574C12D1E74078B64D62E14D0586E3130B54594F7F724BB0CD0F668A
 	User Name:	joe.prakash@nielseniq.com
 	User Sid:	S-1-12-1-2357405129-1281513531-255772574-1816207334
"
"29-07-2026 16:00:46","12289","Information","Microsoft-Windows-Crypto-DPAPI","DPAPI found credential key.

 	Credential Key Identifier:	0xA72919B2574C12D1E74078B64D62E14D0586E3130B54594F7F724BB0CD0F668A
 	User Name:	joe.prakash@nielseniq.com
 	User Sid:	S-1-12-1-2357405129-1281513531-255772574-1816207334
"
"29-07-2026 15:21:13","12290","Information","Microsoft-Windows-Crypto-DPAPI","Credential key does not exist."
"29-07-2026 15:21:12","12290","Information","Microsoft-Windows-Crypto-DPAPI","Credential key does not exist."
