"18-08-2026 13:33:32","1223","Verbose","Microsoft-Windows-PushNotifications-Platform","WNP Transport Layer sent command: PNG, Trid: 6, Namespace: CON, CV: WyWEORtIhkyPy3Co.6 containing 29 bytes of payload: 0x436F6E746578743A20353938303135666236633666613464310D0A0D0A. IsLongRunning: Data Connection."
"18-08-2026 13:27:56","3053","Information","Microsoft-Windows-PushNotifications-Platform","badge with notification tracking id 8094 is being delivered to Microsoft.Todos_8wekyb3d8bbwe!App."
"18-08-2026 13:27:56","2418","Information","Microsoft-Windows-PushNotifications-Platform","A local notification was submitted to threadpool: Microsoft.Todos_8wekyb3d8bbwe!App [AppUserModelId] badge [NotificationType] 8094 [NotificationTrackingId] Local [NotificationSource]."
"18-08-2026 13:27:56","2416","Information","Microsoft-Windows-PushNotifications-Platform","A local notification was received from Microsoft.Todos_8wekyb3d8bbwe!App [AppUserModelId] with a 0 [NotificationId] through an application endpoint."
"18-08-2026 13:27:56","2418","Information","Microsoft-Windows-PushNotifications-Platform","A local notification was submitted to threadpool: Microsoft.Todos_8wekyb3d8bbwe!App [AppUserModelId] tile [NotificationType] 8093 [NotificationTrackingId] Local [NotificationSource]."
"18-08-2026 13:27:56","2416","Information","Microsoft-Windows-PushNotifications-Platform","A local notification was received from Microsoft.Todos_8wekyb3d8bbwe!App [AppUserModelId] with a 0 [NotificationId] through an application endpoint."
"18-08-2026 13:25:14","42","Information","Microsoft-Windows-PushNotifications-Platform","Cloud Notifications must be enabled in GP and MDM to receive push notifications. GroupPolicyValue: true, MDMPolicyValue: true."
"18-08-2026 13:18:46","1025","Information","Microsoft-Windows-PushNotifications-Platform","A Power event was fired: MonitorSettingChange [PowerEventType] false [Enabled]."
"18-08-2026 13:18:46","1025","Information","Microsoft-Windows-PushNotifications-Platform","A Power event was fired: MonitorSettingChange [PowerEventType] false [Enabled]."
"18-08-2026 13:17:11","42","Information","Microsoft-Windows-PushNotifications-Platform","Cloud Notifications must be enabled in GP and MDM to receive push notifications. GroupPolicyValue: true, MDMPolicyValue: true."
"18-08-2026 13:15:18","3055","Information","Microsoft-Windows-PushNotifications-Platform","Some toast notifications have been cleared - informed session 1."
"18-08-2026 13:15:16","3049","Information","Microsoft-Windows-PushNotifications-Platform","Endpoint 0x0 is being cleanedup"
"18-08-2026 13:15:16","3153","Information","Microsoft-Windows-PushNotifications-Platform","Toast with notification tracking id 8092 is delivered to Microsoft.ScreenSketch_8wekyb3d8bbwe!App on session 1."
"18-08-2026 13:15:16","3052","Information","Microsoft-Windows-PushNotifications-Platform","Toast with notification tracking id 8092 is being delivered to Microsoft.ScreenSketch_8wekyb3d8bbwe!App on session 1."
"18-08-2026 13:15:16","2418","Information","Microsoft-Windows-PushNotifications-Platform","A local notification was submitted to threadpool: Microsoft.ScreenSketch_8wekyb3d8bbwe!App [AppUserModelId] toast [NotificationType] 8092 [NotificationTrackingId] Local [NotificationSource]."
"18-08-2026 13:15:16","2416","Information","Microsoft-Windows-PushNotifications-Platform","A local notification was received from Microsoft.ScreenSketch_8wekyb3d8bbwe!App [AppUserModelId] with a 0 [NotificationId] through an application endpoint."
"18-08-2026 13:15:16","3055","Information","Microsoft-Windows-PushNotifications-Platform","Some toast notifications have been cleared - informed session 1."
"18-08-2026 13:13:27","3053","Information","Microsoft-Windows-PushNotifications-Platform","badge with notification tracking id 8091 is being delivered to Microsoft.Todos_8wekyb3d8bbwe!App."
"18-08-2026 13:13:27","2418","Information","Microsoft-Windows-PushNotifications-Platform","A local notification was submitted to threadpool: Microsoft.Todos_8wekyb3d8bbwe!App [AppUserModelId] badge [NotificationType] 8091 [NotificationTrackingId] Local [NotificationSource]."
"18-08-2026 13:13:27","2416","Information","Microsoft-Windows-PushNotifications-Platform","A local notification was received from Microsoft.Todos_8wekyb3d8bbwe!App [AppUserModelId] with a 0 [NotificationId] through an application endpoint."
"18-08-2026 13:13:27","2418","Information","Microsoft-Windows-PushNotifications-Platform","A local notification was submitted to threadpool: Microsoft.Todos_8wekyb3d8bbwe!App [AppUserModelId] tile [NotificationType] 8090 [NotificationTrackingId] Local [NotificationSource]."
"18-08-2026 13:13:27","2416","Information","Microsoft-Windows-PushNotifications-Platform","A local notification was received from Microsoft.Todos_8wekyb3d8bbwe!App [AppUserModelId] with a 0 [NotificationId] through an application endpoint."
"18-08-2026 13:13:26","42","Information","Microsoft-Windows-PushNotifications-Platform","Cloud Notifications must be enabled in GP and MDM to receive push notifications. GroupPolicyValue: true, MDMPolicyValue: true."
"18-08-2026 13:13:25","42","Information","Microsoft-Windows-PushNotifications-Platform","Cloud Notifications must be enabled in GP and MDM to receive push notifications. GroupPolicyValue: true, MDMPolicyValue: true."
"18-08-2026 13:13:25","42","Information","Microsoft-Windows-PushNotifications-Platform","Cloud Notifications must be enabled in GP and MDM to receive push notifications. GroupPolicyValue: true, MDMPolicyValue: true."
"18-08-2026 13:13:25","42","Information","Microsoft-Windows-PushNotifications-Platform","Cloud Notifications must be enabled in GP and MDM to receive push notifications. GroupPolicyValue: true, MDMPolicyValue: true."
"18-08-2026 13:13:25","1005","Information","Microsoft-Windows-PushNotifications-Platform","The Connection Provider status changed to Connected."
"18-08-2026 13:13:25","1264","Information","Microsoft-Windows-PushNotifications-Platform","Adding new user to the Windows Push Notification Service completed. 001880174DE6F7FE [DeviceId] 17056889 [UserId] 0x0 [ErrorCode]."
"18-08-2026 13:13:25","1268","Verbose","Microsoft-Windows-PushNotifications-Platform","WNP Transport Layer received command: BND, Trid: 5, Namespace: CON, CV: WyWEORtIhkyPy3Co.5.0 containing 134 bytes of payload only. However, full payload including header is: 0x424E44203520434F4E003133340D0A436F6E746578743A20396562626437646539313037333966620D0A4D532D43563A20577957454F527449686B79507933436F2E352E300D0A0D0A3C776E732D726573706F6E73653E3C7665723E313C2F7665723E3C6E6F6E63653E38353837353034353631363535383033313839323C2F6E6F6E63653E. IsLongRunning: Data Connection."
"18-08-2026 13:13:25","1225","Verbose","Microsoft-Windows-PushNotifications-Platform","WNP Transport Layer received command: BND, Trid: 5, Namespace: CON, CV: WyWEORtIhkyPy3Co.5.0 containing 134 bytes of payload: 0x436F6E746578743A20396562626437646539313037333966620D0A4D532D43563A20577957454F527449686B79507933436F2E352E300D0A0D0A3C776E732D726573706F6E73653E3C7665723E313C2F7665723E3C6E6F6E63653E38353837353034353631363535383033313839323C2F6E6F6E63653E3C2F776E732D726573706F6E73653E. IsLongRunning: Data Connection."
"18-08-2026 13:13:25","1267","Verbose","Microsoft-Windows-PushNotifications-Platform","WNP Transport Layer sent command: BND, Trid: 5, Namespace: CON\WNS 1044479, CV: WyWEORtIhkyPy3Co.5 containing 239 bytes of payload only. However, full payload including header is: 0x424E44203520434F4E5C574E532031303434343739203231320D0A4D532D43563A20577957454F527449686B79507933436F2E350D0A436F6E746578743A20396562626437646539313037333966620D0A0D0A3C776E733E3C7665723E313C2F7665723E3C636C69656E743E3C6E616D653E57504E3C2F6E616D653E3C7665723E312E303C2F7665723E3C2F636C69656E743E3C6F7074696F6E733E3C7077726D6F6465206D6F64653D2230223E3C2F7077726D6F64653E3C2F6F7074696F6E733E3C6C6173744D736749643E333734373866363634373365393164373C2F6C6173744D736749643E3C2F776E733E. IsLongRunning: Data Connection."
"18-08-2026 13:13:25","1223","Verbose","Microsoft-Windows-PushNotifications-Platform","WNP Transport Layer sent command: BND, Trid: 5, Namespace: CON\WNS 1044479, CV: WyWEORtIhkyPy3Co.5 containing 185 bytes of payload: 0x436F6E746578743A20396562626437646539313037333966620D0A0D0A3C776E733E3C7665723E313C2F7665723E3C636C69656E743E3C6E616D653E57504E3C2F6E616D653E3C7665723E312E303C2F7665723E3C2F636C69656E743E3C6F7074696F6E733E3C7077726D6F6465206D6F64653D2230223E3C2F7077726D6F64653E3C2F6F7074696F6E733E3C6C6173744D736749643E333734373866363634373365393164373C2F6C6173744D736749643E3C2F776E733E. IsLongRunning: Data Connection."
"18-08-2026 13:13:25","1268","Verbose","Microsoft-Windows-PushNotifications-Platform","WNP Transport Layer received command: PUT, Trid: 4, Namespace: WNS, CV: WyWEORtIhkyPy3Co.4.0 containing 58 bytes of payload only. However, full payload including header is: 0x505554203420574E530035380D0A436F6E746578743A20393465353935623737633139653637330D0A4D532D43563A20577957454F527449686B. IsLongRunning: Data Connection."
"18-08-2026 13:13:25","1225","Verbose","Microsoft-Windows-PushNotifications-Platform","WNP Transport Layer received command: PUT, Trid: 4, Namespace: WNS, CV: WyWEORtIhkyPy3Co.4.0 containing 58 bytes of payload: 0x436F6E746578743A20393465353935623737633139653637330D0A4D532D43563A20577957454F527449686B79507933436F2E342E300D0A0D0A. IsLongRunning: Data Connection."
"18-08-2026 13:13:25","1267","Verbose","Microsoft-Windows-PushNotifications-Platform","WNP Transport Layer sent command: PUT, Trid: 4, Namespace: WNS\CHALLENGE 0, CV: WyWEORtIhkyPy3Co.4 containing 190 bytes of payload only. However, full payload including header is: 0x505554203420574E535C4348414C4C454E47452030203136330D0A4D532D43563A20577957454F527449686B79507933436F2E340D0A436F6E746578743A20393465353935623737633139653637330D0A0D0A3C6368616C6C656E67653E3C61707049643E50524F443031323050572143435639403C2F61707049643E3C726573706F6E73653E64303261633532356461353535303266326133323365356435383339643265393C2F726573706F6E73653E3C2F6368616C6C656E67653E. IsLongRunning: Data Connection."
"18-08-2026 13:13:25","1223","Verbose","Microsoft-Windows-PushNotifications-Platform","WNP Transport Layer sent command: PUT, Trid: 4, Namespace: WNS\CHALLENGE 0, CV: WyWEORtIhkyPy3Co.4 containing 136 bytes of payload: 0x436F6E746578743A20393465353935623737633139653637330D0A0D0A3C6368616C6C656E67653E3C61707049643E50524F443031323050572143435639403C2F61707049643E3C726573706F6E73653E64303261633532356461353535303266326133323365356435383339643265393C2F726573706F6E73653E3C2F6368616C6C656E67653E. IsLongRunning: Data Connection."
"18-08-2026 13:13:25","1005","Information","Microsoft-Windows-PushNotifications-Platform","The Connection Provider status changed to Connected."
"18-08-2026 13:13:25","1264","Information","Microsoft-Windows-PushNotifications-Platform","Adding new user to the Windows Push Notification Service completed. 001880174DE6F7FE [DeviceId] 0 [UserId] 0x0 [ErrorCode]."
"18-08-2026 13:13:25","1268","Verbose","Microsoft-Windows-PushNotifications-Platform","WNP Transport Layer received command: BND, Trid: 3, Namespace: CON, CV: WyWEORtIhkyPy3Co.3.0 containing 134 bytes of payload only. However, full payload including header is: 0x424E44203320434F4E003133340D0A436F6E746578743A20313038333263646130396634633833340D0A4D532D43563A20577957454F527449686B79507933436F2E332E300D0A0D0A3C776E732D726573706F6E73653E3C7665723E313C2F7665723E3C6E6F6E63653E31393038363430303932313736393636363633313C2F6E6F6E63653E. IsLongRunning: Data Connection."
"18-08-2026 13:13:25","1225","Verbose","Microsoft-Windows-PushNotifications-Platform","WNP Transport Layer received command: BND, Trid: 3, Namespace: CON, CV: WyWEORtIhkyPy3Co.3.0 containing 134 bytes of payload: 0x436F6E746578743A20313038333263646130396634633833340D0A4D532D43563A20577957454F527449686B79507933436F2E332E300D0A0D0A3C776E732D726573706F6E73653E3C7665723E313C2F7665723E3C6E6F6E63653E31393038363430303932313736393636363633313C2F6E6F6E63653E3C2F776E732D726573706F6E73653E. IsLongRunning: Data Connection."
"18-08-2026 13:13:25","1268","Verbose","Microsoft-Windows-PushNotifications-Platform","WNP Transport Layer received command: ATH, Trid: 2, Namespace: CON, CV: WyWEORtIhkyPy3Co.2.0 containing 58 bytes of payload only. However, full payload including header is: 0x415448203220434F4E0035380D0A436F6E746578743A20313038333263646130396634633833340D0A4D532D43563A20577957454F527449686B. IsLongRunning: Data Connection."
"18-08-2026 13:13:25","1225","Verbose","Microsoft-Windows-PushNotifications-Platform","WNP Transport Layer received command: ATH, Trid: 2, Namespace: CON, CV: WyWEORtIhkyPy3Co.2.0 containing 58 bytes of payload: 0x436F6E746578743A20313038333263646130396634633833340D0A4D532D43563A20577957454F527449686B79507933436F2E322E300D0A0D0A. IsLongRunning: Data Connection."
"18-08-2026 13:13:25","1268","Verbose","Microsoft-Windows-PushNotifications-Platform","WNP Transport Layer received command: CNT, Trid: 1, Namespace: CON, CV: WyWEORtIhkyPy3Co.1.0 containing 237 bytes of payload only. However, full payload including header is: 0x434E54203120434F4E003233370D0A436F6E746578743A20313038333263646130396634633833340D0A4D532D43563A20577957454F527449686B79507933436F2E312E300D0A0D0A3C636F6E6E6563742D726573706F6E73653E3C7665723E313C2F7665723E3C73657373696F6E3E3C69643E4D7470312E3533352F3130303732313033392E38623934353938392D643639342D386161312D663830362D3339333866313862353336633C2F69643E3C74696D656F75743E323030303C2F74696D656F75743E3C2F73657373696F6E3E3C716F73746573743E66616C73653C2F716F73746573743E3C2F636F. IsLongRunning: Data Connection."
"18-08-2026 13:13:25","1225","Verbose","Microsoft-Windows-PushNotifications-Platform","WNP Transport Layer received command: CNT, Trid: 1, Namespace: CON, CV: WyWEORtIhkyPy3Co.1.0 containing 237 bytes of payload: 0x436F6E746578743A20313038333263646130396634633833340D0A4D532D43563A20577957454F527449686B79507933436F2E312E300D0A0D0A3C636F6E6E6563742D726573706F6E73653E3C7665723E313C2F7665723E3C73657373696F6E3E3C69643E4D7470312E3533352F3130303732313033392E38623934353938392D643639342D386161312D663830362D3339333866313862353336633C2F69643E3C74696D656F75743E323030303C2F74696D656F75743E3C2F73657373696F6E3E3C716F73746573743E66616C73653C2F716F73746573743E3C2F636F6E6E6563742D726573706F6E73653E. IsLongRunning: Data Connection."
"18-08-2026 13:13:25","1267","Verbose","Microsoft-Windows-PushNotifications-Platform","WNP Transport Layer sent command: BND, Trid: 3, Namespace: CON\WNS 0, CV: WyWEORtIhkyPy3Co.3 containing 233 bytes of payload only. However, full payload including header is: 0x424E44203320434F4E5C574E532030203231320D0A4D532D43563A20577957454F527449686B79507933436F2E330D0A436F6E746578743A20313038333263646130396634633833340D0A0D0A3C776E733E3C7665723E313C2F7665723E3C636C69656E743E3C6E616D653E57504E3C2F6E616D653E3C7665723E312E303C2F7665723E3C2F636C69656E743E3C6F7074696F6E733E3C7077726D6F6465206D6F64653D2230223E3C2F7077726D6F64653E3C2F6F7074696F6E733E3C6C6173744D736749643E363434336438383934666563393937333C2F6C6173744D736749643E3C2F776E733E. IsLongRunning: Data Connection."
"18-08-2026 13:13:25","1223","Verbose","Microsoft-Windows-PushNotifications-Platform","WNP Transport Layer sent command: BND, Trid: 3, Namespace: CON\WNS 0, CV: WyWEORtIhkyPy3Co.3 containing 185 bytes of payload: 0x436F6E746578743A20313038333263646130396634633833340D0A0D0A3C776E733E3C7665723E313C2F7665723E3C636C69656E743E3C6E616D653E57504E3C2F6E616D653E3C7665723E312E303C2F7665723E3C2F636C69656E743E3C6F7074696F6E733E3C7077726D6F6465206D6F64653D2230223E3C2F7077726D6F64653E3C2F6F7074696F6E733E3C6C6173744D736749643E363434336438383934666563393937333C2F6C6173744D736749643E3C2F776E733E. IsLongRunning: Data Connection."
"18-08-2026 13:13:25","1267","Verbose","Microsoft-Windows-PushNotifications-Platform","WNP Transport Layer sent command: ATH, Trid: 2, Namespace: CON\DEVICE, CV: WyWEORtIhkyPy3Co.2 containing 1384 bytes of payload only. However, full payload including header is: 0x415448203220434F4E5C44455649434520313336310D0A4D532D43563A20577957454F527449686B79507933436F2E320D0A436F6E746578743A20313038333263646130396634633833340D0A0D0A3C6465766963653E3C636F6D706163742D7469636B65743E743D45774359412B704942414155316244476664617A69446658706A4E354E36635968543177626D5141415148745A546578654276376D6C717774457A35302B5A324A753849476649695A6171456A4936795257476C544E475930512B32373538426D317A546374744B71653262565954626A436F68484A48634E6976302B4D3739504E35763949384753726D4A626C584D4F4F4E722F6F784C49672F56517575634F72763666786B6F552F67593543654A4A7251615246674949756A3945664E32374E6634457464357932596B7678595A7243787A6B7A424B576950627A4934426B4A453754654D694B3752353835347041666E6B743077365461584761686A30322F334174783163646B794853706664425152694676477A494E744A7767312F765473354F776B344844435574565353647155554C536352627142534144593034324B595076774A684977347054676849704E6538666C496648656F673954756D507A32766F374F6D4734477849674D304E575A73464A4E31425534665A55515A674141454A684D64416A634C31667576583149752F4C3033567467416E63377273477054575175727258336C6B5051323649443654444C4F42524F3068356E5A724171336A62597772306E39504B6937466F2F6E30352F794E4B6E742B365066787537492F4F39516F564B4C472B48366375686D46753134744F454B4B4F796951622B42597957736F634249766E43357962474670454E55497A444B6343596A3278702B70614A31423937305869664848756D636779643768353876515A4836575336787674727955753732707861654176364169786D307A55616571394158733332662F7861704C475948694F36564349464A67566E7A5973676F66704B2F61532F4A43595A523276427461615A7658586163613571576E5A36474F6D4B696452374E634776782B3737694C4F3467666146516C73314C516A684A4F72482F56336B476D49393274666C464748342F4D652F4C5072314E453366766554754C574D6E473733755973516C39515473303178737458434537325234634B433369622B784732494F6F737077703837303075584D6938716E446A42645852564454594C432F4A3655306E4B4F2B71716A734E544C6E4D4A517A3536706E66525A414F4959714C654F39716E77357862386E4D313466667061496A61627277702F4F577A6178794E742B4234417745616C707A4F71655A55537162674C4F69664637786975632B56474D51325833772F6D4646765537553847562F6D65304874623053424E774C71744B632F616A715A63346D73746C745068683279427534317442636E7247334A4A796B5379774E6B527A677A535A6D76536949577573663652376931616837316258544F6133654A516A6863534E69427675666C4E664C3764683938374C716E48303648454177785754477A59597855754F7A7A4333344E52727631326C783754363643345172513547726D7A58526B71454E342B6553343945684C685743767375446B6F6F4B3243334976625355706765435645413567764B4A4532502F435031596455736669374275524C694D794A69616D74376E765A764B593575456543784D75766B45794D30417A30765242316653423635316474485268386D476D6233726A39684B48736338494E7844304445485A50766C697A5A2B624D2B4435726B77493D3C2F636F6D706163742D7469636B65743E3C69643E303031383830313734444536463746453C2F69643E3C2F6465766963653E. IsLongRunning: Data Connection."
"18-08-2026 13:13:25","1223","Verbose","Microsoft-Windows-PushNotifications-Platform","WNP Transport Layer sent command: ATH, Trid: 2, Namespace: CON\DEVICE, CV: WyWEORtIhkyPy3Co.2 containing 1334 bytes of payload: 0x436F6E746578743A20313038333263646130396634633833340D0A0D0A3C6465766963653E3C636F6D706163742D7469636B65743E743D45774359412B704942414155316244476664617A69446658706A4E354E36635968543177626D5141415148745A546578654276376D6C717774457A35302B5A324A753849476649695A6171456A4936795257476C544E475930512B32373538426D317A546374744B71653262565954626A436F68484A48634E6976302B4D3739504E35763949384753726D4A626C584D4F4F4E722F6F784C49672F56517575634F72763666786B6F552F67593543654A4A7251615246674949756A3945664E32374E6634457464357932596B7678595A7243787A6B7A424B576950627A4934426B4A453754654D694B3752353835347041666E6B743077365461584761686A30322F334174783163646B794853706664425152694676477A494E744A7767312F765473354F776B344844435574565353647155554C536352627142534144593034324B595076774A684977347054676849704E6538666C496648656F673954756D507A32766F374F6D4734477849674D304E575A73464A4E31425534665A55515A674141454A684D64416A634C31667576583149752F4C3033567467416E63377273477054575175727258336C6B5051323649443654444C4F42524F3068356E5A724171336A62597772306E39504B6937466F2F6E30352F794E4B6E742B365066787537492F4F39516F564B4C472B48366375686D46753134744F454B4B4F796951622B42597957736F634249766E43357962474670454E55497A444B6343596A3278702B70614A31423937305869664848756D636779643768353876515A4836575336787674727955753732707861654176364169786D307A55616571394158733332662F7861704C475948694F36564349464A67566E7A5973676F66704B2F61532F4A43595A523276427461615A7658586163613571576E5A36474F6D4B696452374E634776782B3737694C4F3467666146516C73314C516A684A4F72482F56336B476D49393274666C464748342F4D652F4C5072314E453366766554754C574D6E473733755973516C39515473303178737458434537325234634B433369622B784732494F6F737077703837303075584D6938716E446A42645852564454594C432F4A3655306E4B4F2B71716A734E544C6E4D4A517A3536706E66525A414F4959714C654F39716E77357862386E4D313466667061496A61627277702F4F577A6178794E742B4234417745616C707A4F71655A55537162674C4F69664637786975632B56474D51325833772F6D4646765537553847562F6D65304874623053424E774C71744B632F616A715A63346D73746C745068683279427534317442636E7247334A4A796B5379774E6B527A677A535A6D76536949577573663652376931616837316258544F6133654A516A6863534E69427675666C4E664C3764683938374C716E48303648454177785754477A59597855754F7A7A4333344E52727631326C783754363643345172513547726D7A58526B71454E342B6553343945684C685743767375446B6F6F4B3243334976625355706765435645413567764B4A4532502F435031596455736669374275524C694D794A69616D74376E765A764B593575456543784D75766B45794D30417A30765242316653423635316474485268386D476D6233726A39684B48736338494E7844304445485A50766C697A5A2B624D2B4435726B77493D3C2F636F6D706163742D7469636B65743E3C69643E303031383830313734444536463746453C2F69643E3C2F6465766963653E. IsLongRunning: Data Connection."
"18-08-2026 13:13:25","1267","Verbose","Microsoft-Windows-PushNotifications-Platform","WNP Transport Layer sent command: CNT, Trid: 1, Namespace: CON, CV: WyWEORtIhkyPy3Co.1 containing 363 bytes of payload only. However, full payload including header is: 0x434E54203120434F4E203334380D0A4D532D43563A20577957454F527449686B79507933436F2E310D0A436F6E746578743A20313038333263646130396634633833340D0A0D0A3C636F6E6E6563743E3C7665723E323C2F7665723E3C6167656E743E3C6F733E57696E646F77733C2F6F733E3C6F735665723E31302E302E302E302E32363130302E383839333C2F6F735665723E3C70726F633E7836343C2F70726F633E3C6C6369643E656E2D494E3C2F6C6369643E3C67656F49643E3131333C2F67656F49643E3C616F61633E313C2F616F61633E3C646576696365547970653E323C2F646576696365547970653E3C6465766963654E616D653E303031383830313734444536463746453C2F6465766963654E616D653E3C666F6C6C6F7752657472793E747275653C2F666F6C6C6F7752657472793E3C2F6167656E743E3C6E6574776F726B3E3C776966693E3C2F776966693E3C2F6E6574776F726B3E3C2F636F6E6E6563743E. IsLongRunning: Data Connection."
"18-08-2026 13:13:25","1223","Verbose","Microsoft-Windows-PushNotifications-Platform","WNP Transport Layer sent command: CNT, Trid: 1, Namespace: CON, CV: WyWEORtIhkyPy3Co.1 containing 321 bytes of payload: 0x436F6E746578743A20313038333263646130396634633833340D0A0D0A3C636F6E6E6563743E3C7665723E323C2F7665723E3C6167656E743E3C6F733E57696E646F77733C2F6F733E3C6F735665723E31302E302E302E302E32363130302E383839333C2F6F735665723E3C70726F633E7836343C2F70726F633E3C6C6369643E656E2D494E3C2F6C6369643E3C67656F49643E3131333C2F67656F49643E3C616F61633E313C2F616F61633E3C646576696365547970653E323C2F646576696365547970653E3C6465766963654E616D653E303031383830313734444536463746453C2F6465766963654E616D653E3C666F6C6C6F7752657472793E747275653C2F666F6C6C6F7752657472793E3C2F6167656E743E3C6E6574776F726B3E3C776966693E3C2F776966693E3C2F6E6574776F726B3E3C2F636F6E6E6563743E. IsLongRunning: Data Connection."
"18-08-2026 13:13:25","1113","Information","Microsoft-Windows-PushNotifications-Platform","Device Compact Ticket request completed with Device Id 001880174DE6F7FE for the Data Connection."
"18-08-2026 13:13:25","1218","Information","Microsoft-Windows-PushNotifications-Platform","WNP Transport Layer TLS negotiation completed for the Data Connection with code The operation completed successfully.."
"18-08-2026 13:13:25","1257","Information","Microsoft-Windows-PushNotifications-Platform","WNP Transport Layer for Data Connection called InitializeSecurityContext and got return code 0x0."
"18-08-2026 13:13:25","1257","Information","Microsoft-Windows-PushNotifications-Platform","WNP Transport Layer for Data Connection called InitializeSecurityContext and got return code 0x90312."
"18-08-2026 13:13:25","1257","Information","Microsoft-Windows-PushNotifications-Platform","WNP Transport Layer for Data Connection called InitializeSecurityContext and got return code 0x80090318."
"18-08-2026 13:13:25","1257","Information","Microsoft-Windows-PushNotifications-Platform","WNP Transport Layer for Data Connection called InitializeSecurityContext and got return code 0x80090318."
"18-08-2026 13:13:25","1257","Information","Microsoft-Windows-PushNotifications-Platform","WNP Transport Layer for Data Connection called InitializeSecurityContext and got return code 0x90312."
"18-08-2026 13:13:25","1217","Information","Microsoft-Windows-PushNotifications-Platform","WNP Transport Layer TLS negotiation initiated for the Data Connection."
"18-08-2026 13:13:25","1212","Information","Microsoft-Windows-PushNotifications-Platform","WNP Transport Layer initial server connection completed to server client.wns.windows.com on port 443 for the Data Connection."
"18-08-2026 13:13:25","1211","Information","Microsoft-Windows-PushNotifications-Platform","WNP Transport Layer initial server connection initiated to server client.wns.windows.com on port 443 for the Data Connection."
"18-08-2026 13:13:25","1208","Information","Microsoft-Windows-PushNotifications-Platform","WNP Transport Layer resolving DNS completed for the Data Connection with code The operation completed successfully.."
"18-08-2026 13:13:24","1207","Information","Microsoft-Windows-PushNotifications-Platform","WNP Transport Layer resolving DNS initiated for host client.wns.windows.com for the Data Connection."
"18-08-2026 13:13:24","1113","Information","Microsoft-Windows-PushNotifications-Platform","Device Compact Ticket request completed with Device Id 001880174DE6F7FE for the Data Connection."
"18-08-2026 13:13:24","1022","Information","Microsoft-Windows-PushNotifications-Platform","ConnectWork is requesting ConnectionManager to connect."
"18-08-2026 13:13:24","1205","Information","Microsoft-Windows-PushNotifications-Platform","WNP Transport Layer Disconnect call initiated for the Data Connection."
"18-08-2026 13:13:24","1113","Information","Microsoft-Windows-PushNotifications-Platform","Device Compact Ticket request completed with Device Id 001880174DE6F7FE for the Data Connection."
"18-08-2026 13:13:24","1022","Information","Microsoft-Windows-PushNotifications-Platform","ConnectWork is requesting ConnectionManager to connect."
"18-08-2026 13:13:24","37","Information","Microsoft-Windows-PushNotifications-Platform","The Windows Push Notification Platform is required to connect on startup, ValidChannelsExist : true."
"18-08-2026 13:13:24","42","Information","Microsoft-Windows-PushNotifications-Platform","Cloud Notifications must be enabled in GP and MDM to receive push notifications. GroupPolicyValue: true, MDMPolicyValue: true."
"18-08-2026 13:13:24","1005","Information","Microsoft-Windows-PushNotifications-Platform","The Connection Provider status changed to Disconnected."
"18-08-2026 13:13:24","37","Information","Microsoft-Windows-PushNotifications-Platform","The Windows Push Notification Platform is required to connect on startup, ValidChannelsExist : true."
"18-08-2026 13:13:24","42","Information","Microsoft-Windows-PushNotifications-Platform","Cloud Notifications must be enabled in GP and MDM to receive push notifications. GroupPolicyValue: true, MDMPolicyValue: true."
"18-08-2026 13:13:24","1005","Information","Microsoft-Windows-PushNotifications-Platform","The Connection Provider status changed to Disconnected."
"18-08-2026 13:13:21","1207","Information","Microsoft-Windows-PushNotifications-Platform","WNP Transport Layer resolving DNS initiated for host client.wns.windows.com for the Data Connection."
"18-08-2026 13:13:18","1208","Information","Microsoft-Windows-PushNotifications-Platform","WNP Transport Layer resolving DNS completed for the Data Connection with code No such host is known.."
"18-08-2026 13:13:13","1216","Information","Microsoft-Windows-PushNotifications-Platform","WNP Transport Layer proxy negotiation completed for the Data Connection."
"18-08-2026 13:13:13","1215","Information","Microsoft-Windows-PushNotifications-Platform","WNP Transport Layer proxy negotiation initiated for the Data Connection."
"18-08-2026 13:13:13","1213","Information","Microsoft-Windows-PushNotifications-Platform","WNP Transport Layer proxy connection initiated for the Data Connection."
"18-08-2026 13:13:13","1207","Information","Microsoft-Windows-PushNotifications-Platform","WNP Transport Layer resolving DNS initiated for host client.wns.windows.com for the Data Connection."
"18-08-2026 13:13:07","1207","Information","Microsoft-Windows-PushNotifications-Platform","WNP Transport Layer resolving DNS initiated for host client.wns.windows.com for the Data Connection."
"18-08-2026 13:13:04","1208","Information","Microsoft-Windows-PushNotifications-Platform","WNP Transport Layer resolving DNS completed for the Data Connection with code No such host is known.."
"18-08-2026 13:12:52","1207","Information","Microsoft-Windows-PushNotifications-Platform","WNP Transport Layer resolving DNS initiated for host client.wns.windows.com for the Data Connection."
"18-08-2026 13:12:52","1022","Information","Microsoft-Windows-PushNotifications-Platform","ConnectWork is requesting ConnectionManager to connect."
"18-08-2026 13:12:52","1024","Information","Microsoft-Windows-PushNotifications-Platform","Internet connection status changed to true, submitting pending workitems: count = 1."
"18-08-2026 13:12:52","1254","Information","Microsoft-Windows-PushNotifications-Platform","WNP Transport Layer for Data Connection detected preferred interface change. Old index 0, old address family 0. New index 12, new address family 2, NDIS_PHYSICAL_MEDIUM 9."
"18-08-2026 13:12:52","42","Information","Microsoft-Windows-PushNotifications-Platform","Cloud Notifications must be enabled in GP and MDM to receive push notifications. GroupPolicyValue: true, MDMPolicyValue: true."
"18-08-2026 13:12:52","1113","Information","Microsoft-Windows-PushNotifications-Platform","Device Compact Ticket request completed with Device Id 001880174DE6F7FE for the Data Connection."
"18-08-2026 13:12:52","1022","Information","Microsoft-Windows-PushNotifications-Platform","ConnectWork is requesting ConnectionManager to connect."
"18-08-2026 13:12:52","1239","Information","Microsoft-Windows-PushNotifications-Platform","WNP Keep Alive Detector starting KA measurement with value: 1560 seconds; type: Converged; Min Limit: 60 seconds"
"18-08-2026 13:12:52","1024","Information","Microsoft-Windows-PushNotifications-Platform","Internet connection status changed to true, submitting pending workitems: count = 1."
"18-08-2026 13:12:52","1025","Information","Microsoft-Windows-PushNotifications-Platform","A Power event was fired: MonitorSettingChange [PowerEventType] true [Enabled]."
"18-08-2026 13:12:52","1025","Information","Microsoft-Windows-PushNotifications-Platform","A Power event was fired: MonitorSettingChange [PowerEventType] true [Enabled]."
"18-08-2026 13:12:52","42","Information","Microsoft-Windows-PushNotifications-Platform","Cloud Notifications must be enabled in GP and MDM to receive push notifications. GroupPolicyValue: true, MDMPolicyValue: true."
"18-08-2026 13:07:45","1240","Information","Microsoft-Windows-PushNotifications-Platform","WNP Keep Alive Detector stopping KA measurement"
"18-08-2026 13:07:45","1024","Information","Microsoft-Windows-PushNotifications-Platform","Internet connection status changed to false, submitting pending workitems: count = 1."
"18-08-2026 13:07:45","1024","Information","Microsoft-Windows-PushNotifications-Platform","Internet connection status changed to false, submitting pending workitems: count = 1."
"18-08-2026 13:07:45","1254","Information","Microsoft-Windows-PushNotifications-Platform","WNP Transport Layer for Data Connection detected preferred interface change. Old index 12, old address family 2. New index 0, new address family 0, NDIS_PHYSICAL_MEDIUM 0."
"18-08-2026 13:07:45","1023","Information","Microsoft-Windows-PushNotifications-Platform","No internet connection available, ConnectWork is queued for next network status change."
"18-08-2026 13:07:45","37","Information","Microsoft-Windows-PushNotifications-Platform","The Windows Push Notification Platform is required to connect on startup, ValidChannelsExist : true."
"18-08-2026 13:07:45","42","Information","Microsoft-Windows-PushNotifications-Platform","Cloud Notifications must be enabled in GP and MDM to receive push notifications. GroupPolicyValue: true, MDMPolicyValue: true."
"18-08-2026 13:07:45","1005","Information","Microsoft-Windows-PushNotifications-Platform","The Connection Provider status changed to Disconnected."
"18-08-2026 13:07:45","1023","Information","Microsoft-Windows-PushNotifications-Platform","No internet connection available, ConnectWork is queued for next network status change."
"18-08-2026 13:07:45","37","Information","Microsoft-Windows-PushNotifications-Platform","The Windows Push Notification Platform is required to connect on startup, ValidChannelsExist : true."
"18-08-2026 13:07:45","42","Information","Microsoft-Windows-PushNotifications-Platform","Cloud Notifications must be enabled in GP and MDM to receive push notifications. GroupPolicyValue: true, MDMPolicyValue: true."
"18-08-2026 13:07:45","1005","Information","Microsoft-Windows-PushNotifications-Platform","The Connection Provider status changed to Disconnected."
"18-08-2026 13:07:45","1258","Information","Microsoft-Windows-PushNotifications-Platform","WNP Transport Layer for Data Connection received asynchronous connection error 10053."
"18-08-2026 13:07:41","1005","Information","Microsoft-Windows-PushNotifications-Platform","The Connection Provider status changed to Connected."
"18-08-2026 13:07:41","1264","Information","Microsoft-Windows-PushNotifications-Platform","Adding new user to the Windows Push Notification Service completed. 001880174DE6F7FE [DeviceId] 17056889 [UserId] 0x0 [ErrorCode]."
"18-08-2026 13:07:41","1268","Verbose","Microsoft-Windows-PushNotifications-Platform","WNP Transport Layer received command: BND, Trid: 5, Namespace: CON, CV: EEnbxEfVnUmgYtO+.5.0 containing 134 bytes of payload only. However, full payload including header is: 0x424E44203520434F4E003133340D0A436F6E746578743A20386362326561313665336566396135310D0A4D532D43563A2045456E62784566566E556D6759744F2B2E352E300D0A0D0A3C776E732D726573706F6E73653E3C7665723E313C2F7665723E3C6E6F6E63653E38333534383935393636323334393133363332303C2F6E6F6E63653E. IsLongRunning: Data Connection."
"18-08-2026 13:07:41","1225","Verbose","Microsoft-Windows-PushNotifications-Platform","WNP Transport Layer received command: BND, Trid: 5, Namespace: CON, CV: EEnbxEfVnUmgYtO+.5.0 containing 134 bytes of payload: 0x436F6E746578743A20386362326561313665336566396135310D0A4D532D43563A2045456E62784566566E556D6759744F2B2E352E300D0A0D0A3C776E732D726573706F6E73653E3C7665723E313C2F7665723E3C6E6F6E63653E38333534383935393636323334393133363332303C2F6E6F6E63653E3C2F776E732D726573706F6E73653E. IsLongRunning: Data Connection."
"18-08-2026 13:07:41","1267","Verbose","Microsoft-Windows-PushNotifications-Platform","WNP Transport Layer sent command: BND, Trid: 5, Namespace: CON\WNS 1044479, CV: EEnbxEfVnUmgYtO+.5 containing 239 bytes of payload only. However, full payload including header is: 0x424E44203520434F4E5C574E532031303434343739203231320D0A4D532D43563A2045456E62784566566E556D6759744F2B2E350D0A436F6E746578743A20386362326561313665336566396135310D0A0D0A3C776E733E3C7665723E313C2F7665723E3C636C69656E743E3C6E616D653E57504E3C2F6E616D653E3C7665723E312E303C2F7665723E3C2F636C69656E743E3C6F7074696F6E733E3C7077726D6F6465206D6F64653D2230223E3C2F7077726D6F64653E3C2F6F7074696F6E733E3C6C6173744D736749643E333734373866363634373365393164373C2F6C6173744D736749643E3C2F776E733E. IsLongRunning: Data Connection."
"18-08-2026 13:07:41","1223","Verbose","Microsoft-Windows-PushNotifications-Platform","WNP Transport Layer sent command: BND, Trid: 5, Namespace: CON\WNS 1044479, CV: EEnbxEfVnUmgYtO+.5 containing 185 bytes of payload: 0x436F6E746578743A20386362326561313665336566396135310D0A0D0A3C776E733E3C7665723E313C2F7665723E3C636C69656E743E3C6E616D653E57504E3C2F6E616D653E3C7665723E312E303C2F7665723E3C2F636C69656E743E3C6F7074696F6E733E3C7077726D6F6465206D6F64653D2230223E3C2F7077726D6F64653E3C2F6F7074696F6E733E3C6C6173744D736749643E333734373866363634373365393164373C2F6C6173744D736749643E3C2F776E733E. IsLongRunning: Data Connection."
"18-08-2026 13:07:41","1268","Verbose","Microsoft-Windows-PushNotifications-Platform","WNP Transport Layer received command: PUT, Trid: 4, Namespace: WNS, CV: EEnbxEfVnUmgYtO+.4.0 containing 58 bytes of payload only. However, full payload including header is: 0x505554203420574E530035380D0A436F6E746578743A20373938633262386566323836313136310D0A4D532D43563A2045456E62784566566E55. IsLongRunning: Data Connection."
"18-08-2026 13:07:41","1225","Verbose","Microsoft-Windows-PushNotifications-Platform","WNP Transport Layer received command: PUT, Trid: 4, Namespace: WNS, CV: EEnbxEfVnUmgYtO+.4.0 containing 58 bytes of payload: 0x436F6E746578743A20373938633262386566323836313136310D0A4D532D43563A2045456E62784566566E556D6759744F2B2E342E300D0A0D0A. IsLongRunning: Data Connection."
"18-08-2026 13:07:41","1005","Information","Microsoft-Windows-PushNotifications-Platform","The Connection Provider status changed to Connected."
"18-08-2026 13:07:41","1267","Verbose","Microsoft-Windows-PushNotifications-Platform","WNP Transport Layer sent command: PUT, Trid: 4, Namespace: WNS\CHALLENGE 0, CV: EEnbxEfVnUmgYtO+.4 containing 190 bytes of payload only. However, full payload including header is: 0x505554203420574E535C4348414C4C454E47452030203136330D0A4D532D43563A2045456E62784566566E556D6759744F2B2E340D0A436F6E746578743A20373938633262386566323836313136310D0A0D0A3C6368616C6C656E67653E3C61707049643E50524F443031323050572143435639403C2F61707049643E3C726573706F6E73653E31633864373565393535633533663233323366646533366633643237326433343C2F726573706F6E73653E3C2F6368616C6C656E67653E. IsLongRunning: Data Connection."
"18-08-2026 13:07:41","1223","Verbose","Microsoft-Windows-PushNotifications-Platform","WNP Transport Layer sent command: PUT, Trid: 4, Namespace: WNS\CHALLENGE 0, CV: EEnbxEfVnUmgYtO+.4 containing 136 bytes of payload: 0x436F6E746578743A20373938633262386566323836313136310D0A0D0A3C6368616C6C656E67653E3C61707049643E50524F443031323050572143435639403C2F61707049643E3C726573706F6E73653E31633864373565393535633533663233323366646533366633643237326433343C2F726573706F6E73653E3C2F6368616C6C656E67653E. IsLongRunning: Data Connection."
"18-08-2026 13:07:41","1005","Information","Microsoft-Windows-PushNotifications-Platform","The Connection Provider status changed to Connected."
"18-08-2026 13:07:41","1264","Information","Microsoft-Windows-PushNotifications-Platform","Adding new user to the Windows Push Notification Service completed. 001880174DE6F7FE [DeviceId] 0 [UserId] 0x0 [ErrorCode]."
"18-08-2026 13:07:41","1268","Verbose","Microsoft-Windows-PushNotifications-Platform","WNP Transport Layer received command: BND, Trid: 3, Namespace: CON, CV: EEnbxEfVnUmgYtO+.3.0 containing 134 bytes of payload only. However, full payload including header is: 0x424E44203320434F4E003133340D0A436F6E746578743A20396539666539393333336434636636380D0A4D532D43563A2045456E62784566566E556D6759744F2B2E332E300D0A0D0A3C776E732D726573706F6E73653E3C7665723E313C2F7665723E3C6E6F6E63653E31353133373033363031343034313932373730323C2F6E6F6E63653E. IsLongRunning: Data Connection."
"18-08-2026 13:07:41","1225","Verbose","Microsoft-Windows-PushNotifications-Platform","WNP Transport Layer received command: BND, Trid: 3, Namespace: CON, CV: EEnbxEfVnUmgYtO+.3.0 containing 134 bytes of payload: 0x436F6E746578743A20396539666539393333336434636636380D0A4D532D43563A2045456E62784566566E556D6759744F2B2E332E300D0A0D0A3C776E732D726573706F6E73653E3C7665723E313C2F7665723E3C6E6F6E63653E31353133373033363031343034313932373730323C2F6E6F6E63653E3C2F776E732D726573706F6E73653E. IsLongRunning: Data Connection."
"18-08-2026 13:07:41","1268","Verbose","Microsoft-Windows-PushNotifications-Platform","WNP Transport Layer received command: ATH, Trid: 2, Namespace: CON, CV: EEnbxEfVnUmgYtO+.2.0 containing 58 bytes of payload only. However, full payload including header is: 0x415448203220434F4E0035380D0A436F6E746578743A20396539666539393333336434636636380D0A4D532D43563A2045456E62784566566E55. IsLongRunning: Data Connection."
"18-08-2026 13:07:41","1225","Verbose","Microsoft-Windows-PushNotifications-Platform","WNP Transport Layer received command: ATH, Trid: 2, Namespace: CON, CV: EEnbxEfVnUmgYtO+.2.0 containing 58 bytes of payload: 0x436F6E746578743A20396539666539393333336434636636380D0A4D532D43563A2045456E62784566566E556D6759744F2B2E322E300D0A0D0A. IsLongRunning: Data Connection."
"18-08-2026 13:07:41","1268","Verbose","Microsoft-Windows-PushNotifications-Platform","WNP Transport Layer received command: CNT, Trid: 1, Namespace: CON, CV: EEnbxEfVnUmgYtO+.1.0 containing 236 bytes of payload only. However, full payload including header is: 0x434E54203120434F4E003233360D0A436F6E746578743A20396539666539393333336434636636380D0A4D532D43563A2045456E62784566566E556D6759744F2B2E312E300D0A0D0A3C636F6E6E6563742D726573706F6E73653E3C7665723E313C2F7665723E3C73657373696F6E3E3C69643E4D7470312E3337382F35303935353638392E63373564643837652D303731342D633332372D383831332D6461333162653535363061363C2F69643E3C74696D656F75743E323030303C2F74696D656F75743E3C2F73657373696F6E3E3C716F73746573743E66616C73653C2F716F73746573743E3C2F636F. IsLongRunning: Data Connection."
"18-08-2026 13:07:41","1225","Verbose","Microsoft-Windows-PushNotifications-Platform","WNP Transport Layer received command: CNT, Trid: 1, Namespace: CON, CV: EEnbxEfVnUmgYtO+.1.0 containing 236 bytes of payload: 0x436F6E746578743A20396539666539393333336434636636380D0A4D532D43563A2045456E62784566566E556D6759744F2B2E312E300D0A0D0A3C636F6E6E6563742D726573706F6E73653E3C7665723E313C2F7665723E3C73657373696F6E3E3C69643E4D7470312E3337382F35303935353638392E63373564643837652D303731342D633332372D383831332D6461333162653535363061363C2F69643E3C74696D656F75743E323030303C2F74696D656F75743E3C2F73657373696F6E3E3C716F73746573743E66616C73653C2F716F73746573743E3C2F636F6E6E6563742D726573706F6E73653E. IsLongRunning: Data Connection."
"18-08-2026 13:07:41","1267","Verbose","Microsoft-Windows-PushNotifications-Platform","WNP Transport Layer sent command: BND, Trid: 3, Namespace: CON\WNS 0, CV: EEnbxEfVnUmgYtO+.3 containing 233 bytes of payload only. However, full payload including header is: 0x424E44203320434F4E5C574E532030203231320D0A4D532D43563A2045456E62784566566E556D6759744F2B2E330D0A436F6E746578743A20396539666539393333336434636636380D0A0D0A3C776E733E3C7665723E313C2F7665723E3C636C69656E743E3C6E616D653E57504E3C2F6E616D653E3C7665723E312E303C2F7665723E3C2F636C69656E743E3C6F7074696F6E733E3C7077726D6F6465206D6F64653D2230223E3C2F7077726D6F64653E3C2F6F7074696F6E733E3C6C6173744D736749643E363434336438383934666563393937333C2F6C6173744D736749643E3C2F776E733E. IsLongRunning: Data Connection."
"18-08-2026 13:07:41","1223","Verbose","Microsoft-Windows-PushNotifications-Platform","WNP Transport Layer sent command: BND, Trid: 3, Namespace: CON\WNS 0, CV: EEnbxEfVnUmgYtO+.3 containing 185 bytes of payload: 0x436F6E746578743A20396539666539393333336434636636380D0A0D0A3C776E733E3C7665723E313C2F7665723E3C636C69656E743E3C6E616D653E57504E3C2F6E616D653E3C7665723E312E303C2F7665723E3C2F636C69656E743E3C6F7074696F6E733E3C7077726D6F6465206D6F64653D2230223E3C2F7077726D6F64653E3C2F6F7074696F6E733E3C6C6173744D736749643E363434336438383934666563393937333C2F6C6173744D736749643E3C2F776E733E. IsLongRunning: Data Connection."
"18-08-2026 13:07:41","1267","Verbose","Microsoft-Windows-PushNotifications-Platform","WNP Transport Layer sent command: ATH, Trid: 2, Namespace: CON\DEVICE, CV: EEnbxEfVnUmgYtO+.2 containing 1384 bytes of payload only. However, full payload including header is: 0x415448203220434F4E5C44455649434520313336310D0A4D532D43563A2045456E62784566566E556D6759744F2B2E320D0A436F6E746578743A20396539666539393333336434636636380D0A0D0A3C6465766963653E3C636F6D706163742D7469636B65743E743D45774359412B704942414155316244476664617A69446658706A4E354E36635968543177626D5141415148745A546578654276376D6C717774457A35302B5A324A753849476649695A6171456A4936795257476C544E475930512B32373538426D317A546374744B71653262565954626A436F68484A48634E6976302B4D3739504E35763949384753726D4A626C584D4F4F4E722F6F784C49672F56517575634F72763666786B6F552F67593543654A4A7251615246674949756A3945664E32374E6634457464357932596B7678595A7243787A6B7A424B576950627A4934426B4A453754654D694B3752353835347041666E6B743077365461584761686A30322F334174783163646B794853706664425152694676477A494E744A7767312F765473354F776B344844435574565353647155554C536352627142534144593034324B595076774A684977347054676849704E6538666C496648656F673954756D507A32766F374F6D4734477849674D304E575A73464A4E31425534665A55515A674141454A684D64416A634C31667576583149752F4C3033567467416E63377273477054575175727258336C6B5051323649443654444C4F42524F3068356E5A724171336A62597772306E39504B6937466F2F6E30352F794E4B6E742B365066787537492F4F39516F564B4C472B48366375686D46753134744F454B4B4F796951622B42597957736F634249766E43357962474670454E55497A444B6343596A3278702B70614A31423937305869664848756D636779643768353876515A4836575336787674727955753732707861654176364169786D307A55616571394158733332662F7861704C475948694F36564349464A67566E7A5973676F66704B2F61532F4A43595A523276427461615A7658586163613571576E5A36474F6D4B696452374E634776782B3737694C4F3467666146516C73314C516A684A4F72482F56336B476D49393274666C464748342F4D652F4C5072314E453366766554754C574D6E473733755973516C39515473303178737458434537325234634B433369622B784732494F6F737077703837303075584D6938716E446A42645852564454594C432F4A3655306E4B4F2B71716A734E544C6E4D4A517A3536706E66525A414F4959714C654F39716E77357862386E4D313466667061496A61627277702F4F577A6178794E742B4234417745616C707A4F71655A55537162674C4F69664637786975632B56474D51325833772F6D4646765537553847562F6D65304874623053424E774C71744B632F616A715A63346D73746C745068683279427534317442636E7247334A4A796B5379774E6B527A677A535A6D76536949577573663652376931616837316258544F6133654A516A6863534E69427675666C4E664C3764683938374C716E48303648454177785754477A59597855754F7A7A4333344E52727631326C783754363643345172513547726D7A58526B71454E342B6553343945684C685743767375446B6F6F4B3243334976625355706765435645413567764B4A4532502F435031596455736669374275524C694D794A69616D74376E765A764B593575456543784D75766B45794D30417A30765242316653423635316474485268386D476D6233726A39684B48736338494E7844304445485A50766C697A5A2B624D2B4435726B77493D3C2F636F6D706163742D7469636B65743E3C69643E303031383830313734444536463746453C2F69643E3C2F6465766963653E. IsLongRunning: Data Connection."
