"TimeCreated","Id","LevelDisplayName","ProviderName","Message"
"19-08-2026 14:36:58","12","Information","Microsoft-Windows-MF-FrameServer","FrameServer WatchdogTimer Stop Event, TimerScope: FSSource, TimerScopeId: 0, WatchdogOperation: 4, DurationToCompletionInHns: 5209."
"19-08-2026 14:36:58","11","Information","Microsoft-Windows-MF-FrameServer","FrameServer WatchdogTimer Start Event, TimerScope: FSSource, TimerScopeId: 0, WatchdogOperation: 4, DurationToTriggerInHns: 200000000, 
SymbolicLink: <none>."
"19-08-2026 14:36:58","5","Information","Microsoft-Windows-MF-FrameServer","FrameServer FsProxy D3dManager Stop, hr=0x0."
"19-08-2026 14:36:58","4","Information","Microsoft-Windows-MF-FrameServer","FrameServer FsProxy D3dManager Start, D3dDesc: Intel(R) Graphics, LUID: 0x10911, VendorId: 32902, DeviceId: 32065, SubSysId: 216535080."
"19-08-2026 14:36:58","3","Information","Microsoft-Windows-MF-FrameServer","FrameServer FsProxy SetOutputType Stop, hr=0x0."
"19-08-2026 14:36:58","2","Information","Microsoft-Windows-MF-FrameServer","FrameServer FsProxy SetOutputType Start, PinId: 0, MediaType: FrameSize=8246337209400 (1920,1080),MajorType={73646976-0000-0010-8000-00AA00389B71},FrameRate=128849018881 (30,1),PixelAspectRatio=4294967297 (1,1),InterlacedMode=2,Subtype={32595559-0000-0010-8000-00AA00389B71}."
"19-08-2026 14:36:58","5","Information","Microsoft-Windows-MF-FrameServer","FrameServer FsProxy D3dManager Stop, hr=0x0."
"19-08-2026 14:36:58","4","Information","Microsoft-Windows-MF-FrameServer","FrameServer FsProxy D3dManager Start, D3dDesc: Intel(R) Graphics, LUID: 0x10911, VendorId: 32902, DeviceId: 32065, SubSysId: 216535080."
"19-08-2026 14:36:58","5","Information","Microsoft-Windows-MF-FrameServer","FrameServer FsProxy D3dManager Stop, hr=0x0."
"19-08-2026 14:36:58","4","Information","Microsoft-Windows-MF-FrameServer","FrameServer FsProxy D3dManager Start, D3dDesc: Intel(R) Graphics, LUID: 0x10911, VendorId: 32902, DeviceId: 32065, SubSysId: 216535080."
"19-08-2026 14:36:58","7","Information","Microsoft-Windows-MF-FrameServer","FrameServer FsProxy Initialization Stop, SymbolicLink: \\?\usb#vid_0bda&pid_5599&mi_00#6&236e8108&0&0000#{e5323777-f976-4f5b-9b55-b94699c46e44}\global, Devices: 1, Streams: 1, StreamType: MASTER, hr: 0x0."
"19-08-2026 14:36:58","12","Information","Microsoft-Windows-MF-FrameServer","FrameServer WatchdogTimer Stop Event, TimerScope: FSSource, TimerScopeId: 0, WatchdogOperation: Initialize, DurationToCompletionInHns: 4716."
"19-08-2026 14:36:58","11","Information","Microsoft-Windows-MF-FrameServer","FrameServer WatchdogTimer Start Event, TimerScope: FSSource, TimerScopeId: 0, WatchdogOperation: Initialize, DurationToTriggerInHns: 249975545, 
SymbolicLink: \\?\USB#VID_0BDA&PID_5599&MI_00#6&236e8108&0&0000#{e5323777-f976-4f5b-9b55-b94699c46e44}\Global."
"19-08-2026 14:36:58","12","Information","Microsoft-Windows-MF-FrameServer","FrameServer WatchdogTimer Stop Event, TimerScope: FSSource, TimerScopeId: 0, WatchdogOperation: Initialize, DurationToCompletionInHns: 24375."
"19-08-2026 14:36:58","11","Information","Microsoft-Windows-MF-FrameServer","FrameServer WatchdogTimer Start Event, TimerScope: FSSource, TimerScopeId: 0, WatchdogOperation: Initialize, DurationToTriggerInHns: 250000000, 
SymbolicLink: \\?\USB#VID_0BDA&PID_5599&MI_00#6&236e8108&0&0000#{e5323777-f976-4f5b-9b55-b94699c46e44}\Global."
"19-08-2026 14:36:58","6","Information","Microsoft-Windows-MF-FrameServer","FrameServer FsProxy Initialization Start, SymbolicLink: \\?\usb#vid_0bda&pid_5599&mi_00#6&236e8108&0&0000#{e5323777-f976-4f5b-9b55-b94699c46e44}\global, Devices: 1, StreamType: MASTER."
"19-08-2026 14:18:32","12","Information","Microsoft-Windows-MF-FrameServer","FrameServer WatchdogTimer Stop Event, TimerScope: FSSource, TimerScopeId: 0, WatchdogOperation: 4, DurationToCompletionInHns: 1844."
"19-08-2026 14:18:32","11","Information","Microsoft-Windows-MF-FrameServer","FrameServer WatchdogTimer Start Event, TimerScope: FSSource, TimerScopeId: 0, WatchdogOperation: 4, DurationToTriggerInHns: 200000000, 
SymbolicLink: <none>."
"19-08-2026 14:18:32","5","Information","Microsoft-Windows-MF-FrameServer","FrameServer FsProxy D3dManager Stop, hr=0x0."
"19-08-2026 14:18:32","4","Information","Microsoft-Windows-MF-FrameServer","FrameServer FsProxy D3dManager Start, D3dDesc: Intel(R) Graphics, LUID: 0x10911, VendorId: 32902, DeviceId: 32065, SubSysId: 216535080."
"19-08-2026 14:18:32","3","Information","Microsoft-Windows-MF-FrameServer","FrameServer FsProxy SetOutputType Stop, hr=0x0."
"19-08-2026 14:18:32","2","Information","Microsoft-Windows-MF-FrameServer","FrameServer FsProxy SetOutputType Start, PinId: 0, MediaType: FrameSize=8246337209400 (1920,1080),MajorType={73646976-0000-0010-8000-00AA00389B71},FrameRate=128849018881 (30,1),PixelAspectRatio=4294967297 (1,1),InterlacedMode=2,Subtype={32595559-0000-0010-8000-00AA00389B71}."
"19-08-2026 14:18:32","5","Information","Microsoft-Windows-MF-FrameServer","FrameServer FsProxy D3dManager Stop, hr=0x0."
"19-08-2026 14:18:32","4","Information","Microsoft-Windows-MF-FrameServer","FrameServer FsProxy D3dManager Start, D3dDesc: Intel(R) Graphics, LUID: 0x10911, VendorId: 32902, DeviceId: 32065, SubSysId: 216535080."
"19-08-2026 14:18:32","5","Information","Microsoft-Windows-MF-FrameServer","FrameServer FsProxy D3dManager Stop, hr=0x0."
"19-08-2026 14:18:32","4","Information","Microsoft-Windows-MF-FrameServer","FrameServer FsProxy D3dManager Start, D3dDesc: Intel(R) Graphics, LUID: 0x10911, VendorId: 32902, DeviceId: 32065, SubSysId: 216535080."
"19-08-2026 14:18:32","7","Information","Microsoft-Windows-MF-FrameServer","FrameServer FsProxy Initialization Stop, SymbolicLink: \\?\usb#vid_0bda&pid_5599&mi_00#6&236e8108&0&0000#{e5323777-f976-4f5b-9b55-b94699c46e44}\global, Devices: 1, Streams: 1, StreamType: MASTER, hr: 0x0."
"19-08-2026 14:18:32","12","Information","Microsoft-Windows-MF-FrameServer","FrameServer WatchdogTimer Stop Event, TimerScope: FSSource, TimerScopeId: 0, WatchdogOperation: Initialize, DurationToCompletionInHns: 3052."
"19-08-2026 14:18:32","11","Information","Microsoft-Windows-MF-FrameServer","FrameServer WatchdogTimer Start Event, TimerScope: FSSource, TimerScopeId: 0, WatchdogOperation: Initialize, DurationToTriggerInHns: 249985125, 
SymbolicLink: \\?\USB#VID_0BDA&PID_5599&MI_00#6&236e8108&0&0000#{e5323777-f976-4f5b-9b55-b94699c46e44}\Global."
"19-08-2026 14:18:32","12","Information","Microsoft-Windows-MF-FrameServer","FrameServer WatchdogTimer Stop Event, TimerScope: FSSource, TimerScopeId: 0, WatchdogOperation: Initialize, DurationToCompletionInHns: 14827."
"19-08-2026 14:18:32","11","Information","Microsoft-Windows-MF-FrameServer","FrameServer WatchdogTimer Start Event, TimerScope: FSSource, TimerScopeId: 0, WatchdogOperation: Initialize, DurationToTriggerInHns: 250000000, 
SymbolicLink: \\?\USB#VID_0BDA&PID_5599&MI_00#6&236e8108&0&0000#{e5323777-f976-4f5b-9b55-b94699c46e44}\Global."
"19-08-2026 14:18:32","6","Information","Microsoft-Windows-MF-FrameServer","FrameServer FsProxy Initialization Start, SymbolicLink: \\?\usb#vid_0bda&pid_5599&mi_00#6&236e8108&0&0000#{e5323777-f976-4f5b-9b55-b94699c46e44}\global, Devices: 1, StreamType: MASTER."
"19-08-2026 14:18:32","12","Information","Microsoft-Windows-MF-FrameServer","FrameServer WatchdogTimer Stop Event, TimerScope: FSSource, TimerScopeId: 0, WatchdogOperation: 4, DurationToCompletionInHns: 68599."
"19-08-2026 14:18:32","11","Information","Microsoft-Windows-MF-FrameServer","FrameServer WatchdogTimer Start Event, TimerScope: FSSource, TimerScopeId: 0, WatchdogOperation: 4, DurationToTriggerInHns: 200000000, 
SymbolicLink: <none>."
"19-08-2026 14:18:32","12","Information","Microsoft-Windows-MF-FrameServer","FrameServer WatchdogTimer Stop Event, TimerScope: FSStream, TimerScopeId: 1704624898128, WatchdogOperation: Stop, DurationToCompletionInHns: 2617892."
"19-08-2026 14:18:32","11","Information","Microsoft-Windows-MF-FrameServer","FrameServer WatchdogTimer Start Event, TimerScope: FSStream, TimerScopeId: 1704624898128, WatchdogOperation: Stop, DurationToTriggerInHns: 200000000, 
SymbolicLink: \\?\USB#VID_0BDA&PID_5599&MI_00#6&236e8108&0&0000#{e5323777-f976-4f5b-9b55-b94699c46e44}\Global."
"19-08-2026 14:15:54","5","Information","Microsoft-Windows-MF-FrameServer","FrameServer FsProxy D3dManager Stop, hr=0x0."
"19-08-2026 14:15:54","4","Information","Microsoft-Windows-MF-FrameServer","FrameServer FsProxy D3dManager Start, D3dDesc: Intel(R) Graphics, LUID: 0x10911, VendorId: 32902, DeviceId: 32065, SubSysId: 216535080."
"19-08-2026 14:15:54","3","Information","Microsoft-Windows-MF-FrameServer","FrameServer FsProxy SetOutputType Stop, hr=0x0."
"19-08-2026 14:15:54","2","Information","Microsoft-Windows-MF-FrameServer","FrameServer FsProxy SetOutputType Start, PinId: 0, MediaType: FrameSize=8246337209400 (1920,1080),MajorType={73646976-0000-0010-8000-00AA00389B71},FrameRate=128849018881 (30,1),PixelAspectRatio=4294967297 (1,1),InterlacedMode=2,Subtype={32595559-0000-0010-8000-00AA00389B71}."
"19-08-2026 14:15:54","5","Information","Microsoft-Windows-MF-FrameServer","FrameServer FsProxy D3dManager Stop, hr=0x0."
"19-08-2026 14:15:54","4","Information","Microsoft-Windows-MF-FrameServer","FrameServer FsProxy D3dManager Start, D3dDesc: Intel(R) Graphics, LUID: 0x10911, VendorId: 32902, DeviceId: 32065, SubSysId: 216535080."
"19-08-2026 14:15:54","5","Information","Microsoft-Windows-MF-FrameServer","FrameServer FsProxy D3dManager Stop, hr=0x0."
"19-08-2026 14:15:54","4","Information","Microsoft-Windows-MF-FrameServer","FrameServer FsProxy D3dManager Start, D3dDesc: Intel(R) Graphics, LUID: 0x10911, VendorId: 32902, DeviceId: 32065, SubSysId: 216535080."
"19-08-2026 14:15:54","7","Information","Microsoft-Windows-MF-FrameServer","FrameServer FsProxy Initialization Stop, SymbolicLink: \\?\usb#vid_0bda&pid_5599&mi_00#6&236e8108&0&0000#{e5323777-f976-4f5b-9b55-b94699c46e44}\global, Devices: 1, Streams: 1, StreamType: MASTER, hr: 0x0."
"19-08-2026 14:15:54","12","Information","Microsoft-Windows-MF-FrameServer","FrameServer WatchdogTimer Stop Event, TimerScope: FSSource, TimerScopeId: 0, WatchdogOperation: Activate, DurationToCompletionInHns: 84."
"19-08-2026 14:15:54","11","Information","Microsoft-Windows-MF-FrameServer","FrameServer WatchdogTimer Start Event, TimerScope: FSSource, TimerScopeId: 0, WatchdogOperation: Activate, DurationToTriggerInHns: 200000000, 
SymbolicLink: <none>."
"19-08-2026 14:15:54","6","Information","Microsoft-Windows-MF-FrameServer","FrameServer FsProxy Initialization Start, SymbolicLink: \\?\usb#vid_0bda&pid_5599&mi_00#6&236e8108&0&0000#{e5323777-f976-4f5b-9b55-b94699c46e44}\global, Devices: 1, StreamType: MASTER."
"19-08-2026 14:15:54","12","Information","Microsoft-Windows-MF-FrameServer","FrameServer WatchdogTimer Stop Event, TimerScope: FSStream, TimerScopeId: 1704624898128, WatchdogOperation: Start, DurationToCompletionInHns: 363134."
"19-08-2026 14:15:54","11","Information","Microsoft-Windows-MF-FrameServer","FrameServer WatchdogTimer Start Event, TimerScope: FSStream, TimerScopeId: 1704624898128, WatchdogOperation: Start, DurationToTriggerInHns: 200000000, 
SymbolicLink: \\?\USB#VID_0BDA&PID_5599&MI_00#6&236e8108&0&0000#{e5323777-f976-4f5b-9b55-b94699c46e44}\Global."
"19-08-2026 14:15:54","3","Information","Microsoft-Windows-MF-FrameServer","FrameServer FsProxy SetOutputType Stop, hr=0x0."
"19-08-2026 14:15:54","2","Information","Microsoft-Windows-MF-FrameServer","FrameServer FsProxy SetOutputType Start, PinId: 0, MediaType: FrameSize=8246337209400 (1920,1080),MajorType={73646976-0000-0010-8000-00AA00389B71},FrameRate=128849018881 (30,1),PixelAspectRatio=4294967297 (1,1),InterlacedMode=2,Subtype={32595559-0000-0010-8000-00AA00389B71}."
"19-08-2026 14:15:54","7","Information","Microsoft-Windows-MF-FrameServer","FrameServer FsProxy Initialization Stop, SymbolicLink: \\?\usb#vid_0bda&pid_5599&mi_00#6&236e8108&0&0000#{e5323777-f976-4f5b-9b55-b94699c46e44}\global, Devices: 1, Streams: 1, StreamType: MASTER, hr: 0x0."
"19-08-2026 14:15:54","12","Information","Microsoft-Windows-MF-FrameServer","FrameServer WatchdogTimer Stop Event, TimerScope: FSSource, TimerScopeId: 0, WatchdogOperation: Initialize, DurationToCompletionInHns: 15657."
"19-08-2026 14:15:54","11","Information","Microsoft-Windows-MF-FrameServer","FrameServer WatchdogTimer Start Event, TimerScope: FSSource, TimerScopeId: 0, WatchdogOperation: Initialize, DurationToTriggerInHns: 249976020, 
SymbolicLink: \\?\USB#VID_0BDA&PID_5599&MI_00#6&236e8108&0&0000#{e5323777-f976-4f5b-9b55-b94699c46e44}\Global."
"19-08-2026 14:15:54","12","Information","Microsoft-Windows-MF-FrameServer","FrameServer WatchdogTimer Stop Event, TimerScope: FSSource, TimerScopeId: 0, WatchdogOperation: Initialize, DurationToCompletionInHns: 23897."
"19-08-2026 14:15:54","11","Information","Microsoft-Windows-MF-FrameServer","FrameServer WatchdogTimer Start Event, TimerScope: FSSource, TimerScopeId: 0, WatchdogOperation: Initialize, DurationToTriggerInHns: 250000000, 
SymbolicLink: \\?\USB#VID_0BDA&PID_5599&MI_00#6&236e8108&0&0000#{e5323777-f976-4f5b-9b55-b94699c46e44}\Global."
"19-08-2026 14:15:54","6","Information","Microsoft-Windows-MF-FrameServer","FrameServer FsProxy Initialization Start, SymbolicLink: \\?\usb#vid_0bda&pid_5599&mi_00#6&236e8108&0&0000#{e5323777-f976-4f5b-9b55-b94699c46e44}\global, Devices: 1, StreamType: MASTER."
"19-08-2026 12:24:23","12","Information","Microsoft-Windows-MF-FrameServer","FrameServer WatchdogTimer Stop Event, TimerScope: FSSource, TimerScopeId: 0, WatchdogOperation: 4, DurationToCompletionInHns: 2177."
"19-08-2026 12:24:23","11","Information","Microsoft-Windows-MF-FrameServer","FrameServer WatchdogTimer Start Event, TimerScope: FSSource, TimerScopeId: 0, WatchdogOperation: 4, DurationToTriggerInHns: 200000000, 
SymbolicLink: <none>."
"19-08-2026 12:24:23","5","Information","Microsoft-Windows-MF-FrameServer","FrameServer FsProxy D3dManager Stop, hr=0x0."
"19-08-2026 12:24:23","4","Information","Microsoft-Windows-MF-FrameServer","FrameServer FsProxy D3dManager Start, D3dDesc: Intel(R) Graphics, LUID: 0x10911, VendorId: 32902, DeviceId: 32065, SubSysId: 216535080."
"19-08-2026 12:24:23","3","Information","Microsoft-Windows-MF-FrameServer","FrameServer FsProxy SetOutputType Stop, hr=0x0."
"19-08-2026 12:24:23","2","Information","Microsoft-Windows-MF-FrameServer","FrameServer FsProxy SetOutputType Start, PinId: 0, MediaType: FrameSize=8246337209400 (1920,1080),MajorType={73646976-0000-0010-8000-00AA00389B71},FrameRate=128849018881 (30,1),PixelAspectRatio=4294967297 (1,1),InterlacedMode=2,Subtype={32595559-0000-0010-8000-00AA00389B71}."
"19-08-2026 12:24:23","5","Information","Microsoft-Windows-MF-FrameServer","FrameServer FsProxy D3dManager Stop, hr=0x0."
"19-08-2026 12:24:23","4","Information","Microsoft-Windows-MF-FrameServer","FrameServer FsProxy D3dManager Start, D3dDesc: Intel(R) Graphics, LUID: 0x10911, VendorId: 32902, DeviceId: 32065, SubSysId: 216535080."
"19-08-2026 12:24:23","5","Information","Microsoft-Windows-MF-FrameServer","FrameServer FsProxy D3dManager Stop, hr=0x0."
"19-08-2026 12:24:23","4","Information","Microsoft-Windows-MF-FrameServer","FrameServer FsProxy D3dManager Start, D3dDesc: Intel(R) Graphics, LUID: 0x10911, VendorId: 32902, DeviceId: 32065, SubSysId: 216535080."
"19-08-2026 12:24:23","7","Information","Microsoft-Windows-MF-FrameServer","FrameServer FsProxy Initialization Stop, SymbolicLink: \\?\usb#vid_0bda&pid_5599&mi_00#6&236e8108&0&0000#{e5323777-f976-4f5b-9b55-b94699c46e44}\global, Devices: 1, Streams: 1, StreamType: MASTER, hr: 0x0."
"19-08-2026 12:24:23","12","Information","Microsoft-Windows-MF-FrameServer","FrameServer WatchdogTimer Stop Event, TimerScope: FSSource, TimerScopeId: 0, WatchdogOperation: Initialize, DurationToCompletionInHns: 2976."
"19-08-2026 12:24:23","11","Information","Microsoft-Windows-MF-FrameServer","FrameServer WatchdogTimer Start Event, TimerScope: FSSource, TimerScopeId: 0, WatchdogOperation: Initialize, DurationToTriggerInHns: 249991953, 
SymbolicLink: \\?\USB#VID_0BDA&PID_5599&MI_00#6&236e8108&0&0000#{e5323777-f976-4f5b-9b55-b94699c46e44}\Global."
"19-08-2026 12:24:23","12","Information","Microsoft-Windows-MF-FrameServer","FrameServer WatchdogTimer Stop Event, TimerScope: FSSource, TimerScopeId: 0, WatchdogOperation: Initialize, DurationToCompletionInHns: 8014."
"19-08-2026 12:24:23","11","Information","Microsoft-Windows-MF-FrameServer","FrameServer WatchdogTimer Start Event, TimerScope: FSSource, TimerScopeId: 0, WatchdogOperation: Initialize, DurationToTriggerInHns: 250000000, 
SymbolicLink: \\?\USB#VID_0BDA&PID_5599&MI_00#6&236e8108&0&0000#{e5323777-f976-4f5b-9b55-b94699c46e44}\Global."
"19-08-2026 12:24:23","6","Information","Microsoft-Windows-MF-FrameServer","FrameServer FsProxy Initialization Start, SymbolicLink: \\?\usb#vid_0bda&pid_5599&mi_00#6&236e8108&0&0000#{e5323777-f976-4f5b-9b55-b94699c46e44}\global, Devices: 1, StreamType: MASTER."
"19-08-2026 12:01:17","12","Information","Microsoft-Windows-MF-FrameServer","FrameServer WatchdogTimer Stop Event, TimerScope: FSSource, TimerScopeId: 0, WatchdogOperation: 4, DurationToCompletionInHns: 4844."
"19-08-2026 12:01:17","11","Information","Microsoft-Windows-MF-FrameServer","FrameServer WatchdogTimer Start Event, TimerScope: FSSource, TimerScopeId: 0, WatchdogOperation: 4, DurationToTriggerInHns: 200000000, 
SymbolicLink: <none>."
"19-08-2026 12:01:17","5","Information","Microsoft-Windows-MF-FrameServer","FrameServer FsProxy D3dManager Stop, hr=0x0."
"19-08-2026 12:01:17","4","Information","Microsoft-Windows-MF-FrameServer","FrameServer FsProxy D3dManager Start, D3dDesc: Intel(R) Graphics, LUID: 0x10911, VendorId: 32902, DeviceId: 32065, SubSysId: 216535080."
"19-08-2026 12:01:17","3","Information","Microsoft-Windows-MF-FrameServer","FrameServer FsProxy SetOutputType Stop, hr=0x0."
"19-08-2026 12:01:17","2","Information","Microsoft-Windows-MF-FrameServer","FrameServer FsProxy SetOutputType Start, PinId: 0, MediaType: FrameSize=8246337209400 (1920,1080),MajorType={73646976-0000-0010-8000-00AA00389B71},FrameRate=128849018881 (30,1),PixelAspectRatio=4294967297 (1,1),InterlacedMode=2,Subtype={32595559-0000-0010-8000-00AA00389B71}."
"19-08-2026 12:01:17","7","Information","Microsoft-Windows-MF-FrameServer","FrameServer FsProxy Initialization Stop, SymbolicLink: \\?\usb#vid_0bda&pid_5599&mi_00#6&236e8108&0&0000#{e5323777-f976-4f5b-9b55-b94699c46e44}\global, Devices: 1, Streams: 1, StreamType: MASTER, hr: 0x0."
"19-08-2026 12:01:17","12","Information","Microsoft-Windows-MF-FrameServer","FrameServer WatchdogTimer Stop Event, TimerScope: FSSource, TimerScopeId: 0, WatchdogOperation: Initialize, DurationToCompletionInHns: 3147."
"19-08-2026 12:01:17","11","Information","Microsoft-Windows-MF-FrameServer","FrameServer WatchdogTimer Start Event, TimerScope: FSSource, TimerScopeId: 0, WatchdogOperation: Initialize, DurationToTriggerInHns: 249990162, 
SymbolicLink: \\?\USB#VID_0BDA&PID_5599&MI_00#6&236e8108&0&0000#{e5323777-f976-4f5b-9b55-b94699c46e44}\Global."
"19-08-2026 12:01:17","12","Information","Microsoft-Windows-MF-FrameServer","FrameServer WatchdogTimer Stop Event, TimerScope: FSSource, TimerScopeId: 0, WatchdogOperation: Initialize, DurationToCompletionInHns: 9793."
"19-08-2026 12:01:17","11","Information","Microsoft-Windows-MF-FrameServer","FrameServer WatchdogTimer Start Event, TimerScope: FSSource, TimerScopeId: 0, WatchdogOperation: Initialize, DurationToTriggerInHns: 250000000, 
SymbolicLink: \\?\USB#VID_0BDA&PID_5599&MI_00#6&236e8108&0&0000#{e5323777-f976-4f5b-9b55-b94699c46e44}\Global."
"19-08-2026 12:01:17","6","Information","Microsoft-Windows-MF-FrameServer","FrameServer FsProxy Initialization Start, SymbolicLink: \\?\usb#vid_0bda&pid_5599&mi_00#6&236e8108&0&0000#{e5323777-f976-4f5b-9b55-b94699c46e44}\global, Devices: 1, StreamType: MASTER."
"19-08-2026 11:38:32","12","Information","Microsoft-Windows-MF-FrameServer","FrameServer WatchdogTimer Stop Event, TimerScope: FSSource, TimerScopeId: 0, WatchdogOperation: 4, DurationToCompletionInHns: 6556."
"19-08-2026 11:38:32","11","Information","Microsoft-Windows-MF-FrameServer","FrameServer WatchdogTimer Start Event, TimerScope: FSSource, TimerScopeId: 0, WatchdogOperation: 4, DurationToTriggerInHns: 200000000, 
SymbolicLink: <none>."
"19-08-2026 11:38:32","5","Information","Microsoft-Windows-MF-FrameServer","FrameServer FsProxy D3dManager Stop, hr=0x0."
"19-08-2026 11:38:32","4","Information","Microsoft-Windows-MF-FrameServer","FrameServer FsProxy D3dManager Start, D3dDesc: Intel(R) Graphics, LUID: 0x10911, VendorId: 32902, DeviceId: 32065, SubSysId: 216535080."
"19-08-2026 11:38:32","3","Information","Microsoft-Windows-MF-FrameServer","FrameServer FsProxy SetOutputType Stop, hr=0x0."
"19-08-2026 11:38:32","2","Information","Microsoft-Windows-MF-FrameServer","FrameServer FsProxy SetOutputType Start, PinId: 0, MediaType: FrameSize=8246337209400 (1920,1080),MajorType={73646976-0000-0010-8000-00AA00389B71},FrameRate=128849018881 (30,1),PixelAspectRatio=4294967297 (1,1),InterlacedMode=2,Subtype={32595559-0000-0010-8000-00AA00389B71}."
"19-08-2026 11:38:32","5","Information","Microsoft-Windows-MF-FrameServer","FrameServer FsProxy D3dManager Stop, hr=0x0."
"19-08-2026 11:38:32","4","Information","Microsoft-Windows-MF-FrameServer","FrameServer FsProxy D3dManager Start, D3dDesc: Intel(R) Graphics, LUID: 0x10911, VendorId: 32902, DeviceId: 32065, SubSysId: 216535080."
"19-08-2026 11:38:32","5","Information","Microsoft-Windows-MF-FrameServer","FrameServer FsProxy D3dManager Stop, hr=0x0."
"19-08-2026 11:38:32","4","Information","Microsoft-Windows-MF-FrameServer","FrameServer FsProxy D3dManager Start, D3dDesc: Intel(R) Graphics, LUID: 0x10911, VendorId: 32902, DeviceId: 32065, SubSysId: 216535080."
"19-08-2026 11:38:32","7","Information","Microsoft-Windows-MF-FrameServer","FrameServer FsProxy Initialization Stop, SymbolicLink: \\?\usb#vid_0bda&pid_5599&mi_00#6&236e8108&0&0000#{e5323777-f976-4f5b-9b55-b94699c46e44}\global, Devices: 1, Streams: 1, StreamType: MASTER, hr: 0x0."
"19-08-2026 11:38:32","12","Information","Microsoft-Windows-MF-FrameServer","FrameServer WatchdogTimer Stop Event, TimerScope: FSSource, TimerScopeId: 0, WatchdogOperation: Initialize, DurationToCompletionInHns: 20132."
"19-08-2026 11:38:32","11","Information","Microsoft-Windows-MF-FrameServer","FrameServer WatchdogTimer Start Event, TimerScope: FSSource, TimerScopeId: 0, WatchdogOperation: Initialize, DurationToTriggerInHns: 249967211, 
SymbolicLink: \\?\USB#VID_0BDA&PID_5599&MI_00#6&236e8108&0&0000#{e5323777-f976-4f5b-9b55-b94699c46e44}\Global."
"19-08-2026 11:38:32","12","Information","Microsoft-Windows-MF-FrameServer","FrameServer WatchdogTimer Stop Event, TimerScope: FSSource, TimerScopeId: 0, WatchdogOperation: Initialize, DurationToCompletionInHns: 32728."
"19-08-2026 11:38:32","11","Information","Microsoft-Windows-MF-FrameServer","FrameServer WatchdogTimer Start Event, TimerScope: FSSource, TimerScopeId: 0, WatchdogOperation: Initialize, DurationToTriggerInHns: 250000000, 
SymbolicLink: \\?\USB#VID_0BDA&PID_5599&MI_00#6&236e8108&0&0000#{e5323777-f976-4f5b-9b55-b94699c46e44}\Global."
"19-08-2026 11:38:32","6","Information","Microsoft-Windows-MF-FrameServer","FrameServer FsProxy Initialization Start, SymbolicLink: \\?\usb#vid_0bda&pid_5599&mi_00#6&236e8108&0&0000#{e5323777-f976-4f5b-9b55-b94699c46e44}\global, Devices: 1, StreamType: MASTER."
"19-08-2026 09:57:45","12","Information","Microsoft-Windows-MF-FrameServer","FrameServer WatchdogTimer Stop Event, TimerScope: FSSource, TimerScopeId: 0, WatchdogOperation: 4, DurationToCompletionInHns: 3571."
"19-08-2026 09:57:45","11","Information","Microsoft-Windows-MF-FrameServer","FrameServer WatchdogTimer Start Event, TimerScope: FSSource, TimerScopeId: 0, WatchdogOperation: 4, DurationToTriggerInHns: 200000000, 
SymbolicLink: <none>."
"19-08-2026 09:57:45","5","Information","Microsoft-Windows-MF-FrameServer","FrameServer FsProxy D3dManager Stop, hr=0x0."
"19-08-2026 09:57:45","4","Information","Microsoft-Windows-MF-FrameServer","FrameServer FsProxy D3dManager Start, D3dDesc: Intel(R) Graphics, LUID: 0x10911, VendorId: 32902, DeviceId: 32065, SubSysId: 216535080."
"19-08-2026 09:57:45","3","Information","Microsoft-Windows-MF-FrameServer","FrameServer FsProxy SetOutputType Stop, hr=0x0."
"19-08-2026 09:57:45","2","Information","Microsoft-Windows-MF-FrameServer","FrameServer FsProxy SetOutputType Start, PinId: 0, MediaType: FrameSize=8246337209400 (1920,1080),MajorType={73646976-0000-0010-8000-00AA00389B71},FrameRate=128849018881 (30,1),PixelAspectRatio=4294967297 (1,1),InterlacedMode=2,Subtype={32595559-0000-0010-8000-00AA00389B71}."
"19-08-2026 09:57:45","7","Information","Microsoft-Windows-MF-FrameServer","FrameServer FsProxy Initialization Stop, SymbolicLink: \\?\usb#vid_0bda&pid_5599&mi_00#6&236e8108&0&0000#{e5323777-f976-4f5b-9b55-b94699c46e44}\global, Devices: 1, Streams: 1, StreamType: MASTER, hr: 0x0."
"19-08-2026 09:57:45","12","Information","Microsoft-Windows-MF-FrameServer","FrameServer WatchdogTimer Stop Event, TimerScope: FSSource, TimerScopeId: 0, WatchdogOperation: Initialize, DurationToCompletionInHns: 13444."
"19-08-2026 09:57:45","11","Information","Microsoft-Windows-MF-FrameServer","FrameServer WatchdogTimer Start Event, TimerScope: FSSource, TimerScopeId: 0, WatchdogOperation: Initialize, DurationToTriggerInHns: 249960457, 
SymbolicLink: \\?\USB#VID_0BDA&PID_5599&MI_00#6&236e8108&0&0000#{e5323777-f976-4f5b-9b55-b94699c46e44}\Global."
"19-08-2026 09:57:45","12","Information","Microsoft-Windows-MF-FrameServer","FrameServer WatchdogTimer Stop Event, TimerScope: FSSource, TimerScopeId: 0, WatchdogOperation: Initialize, DurationToCompletionInHns: 39489."
"19-08-2026 09:57:45","11","Information","Microsoft-Windows-MF-FrameServer","FrameServer WatchdogTimer Start Event, TimerScope: FSSource, TimerScopeId: 0, WatchdogOperation: Initialize, DurationToTriggerInHns: 250000000, 
SymbolicLink: \\?\USB#VID_0BDA&PID_5599&MI_00#6&236e8108&0&0000#{e5323777-f976-4f5b-9b55-b94699c46e44}\Global."
"19-08-2026 09:57:45","6","Information","Microsoft-Windows-MF-FrameServer","FrameServer FsProxy Initialization Start, SymbolicLink: \\?\usb#vid_0bda&pid_5599&mi_00#6&236e8108&0&0000#{e5323777-f976-4f5b-9b55-b94699c46e44}\global, Devices: 1, StreamType: MASTER."
"18-08-2026 19:06:03","12","Information","Microsoft-Windows-MF-FrameServer","FrameServer WatchdogTimer Stop Event, TimerScope: FSSource, TimerScopeId: 0, WatchdogOperation: 4, DurationToCompletionInHns: 584898."
"18-08-2026 19:06:03","11","Information","Microsoft-Windows-MF-FrameServer","FrameServer WatchdogTimer Start Event, TimerScope: FSSource, TimerScopeId: 0, WatchdogOperation: 4, DurationToTriggerInHns: 200000000, 
SymbolicLink: <none>."
"18-08-2026 17:19:10","5","Information","Microsoft-Windows-MF-FrameServer","FrameServer FsProxy D3dManager Stop, hr=0x0."
"18-08-2026 17:19:10","4","Information","Microsoft-Windows-MF-FrameServer","FrameServer FsProxy D3dManager Start, D3dDesc: Intel(R) Graphics, LUID: 0x10911, VendorId: 32902, DeviceId: 32065, SubSysId: 216535080."
"18-08-2026 17:19:10","3","Information","Microsoft-Windows-MF-FrameServer","FrameServer FsProxy SetOutputType Stop, hr=0x0."
"18-08-2026 17:19:10","2","Information","Microsoft-Windows-MF-FrameServer","FrameServer FsProxy SetOutputType Start, PinId: 0, MediaType: FrameSize=5497558139600 (1280,720),MajorType={73646976-0000-0010-8000-00AA00389B71},FrameRate=128849018881 (30,1),PixelAspectRatio=4294967297 (1,1),InterlacedMode=2,Subtype={32595559-0000-0010-8000-00AA00389B71}."
"18-08-2026 17:19:10","5","Information","Microsoft-Windows-MF-FrameServer","FrameServer FsProxy D3dManager Stop, hr=0x0."
"18-08-2026 17:19:10","4","Information","Microsoft-Windows-MF-FrameServer","FrameServer FsProxy D3dManager Start, D3dDesc: Intel(R) Graphics, LUID: 0x10911, VendorId: 32902, DeviceId: 32065, SubSysId: 216535080."
"18-08-2026 17:19:10","5","Information","Microsoft-Windows-MF-FrameServer","FrameServer FsProxy D3dManager Stop, hr=0x0."
"18-08-2026 17:19:10","4","Information","Microsoft-Windows-MF-FrameServer","FrameServer FsProxy D3dManager Start, D3dDesc: Intel(R) Graphics, LUID: 0x10911, VendorId: 32902, DeviceId: 32065, SubSysId: 216535080."
"18-08-2026 17:19:10","7","Information","Microsoft-Windows-MF-FrameServer","FrameServer FsProxy Initialization Stop, SymbolicLink: \\?\usb#vid_0bda&pid_5599&mi_00#6&236e8108&0&0000#{e5323777-f976-4f5b-9b55-b94699c46e44}\global, Devices: 1, Streams: 1, StreamType: MASTER, hr: 0x0."
"18-08-2026 17:19:10","12","Information","Microsoft-Windows-MF-FrameServer","FrameServer WatchdogTimer Stop Event, TimerScope: FSSource, TimerScopeId: 0, WatchdogOperation: Activate, DurationToCompletionInHns: 83."
"18-08-2026 17:19:10","11","Information","Microsoft-Windows-MF-FrameServer","FrameServer WatchdogTimer Start Event, TimerScope: FSSource, TimerScopeId: 0, WatchdogOperation: Activate, DurationToTriggerInHns: 200000000, 
SymbolicLink: <none>."
"18-08-2026 17:19:10","6","Information","Microsoft-Windows-MF-FrameServer","FrameServer FsProxy Initialization Start, SymbolicLink: \\?\usb#vid_0bda&pid_5599&mi_00#6&236e8108&0&0000#{e5323777-f976-4f5b-9b55-b94699c46e44}\global, Devices: 1, StreamType: MASTER."
"18-08-2026 17:15:28","12","Information","Microsoft-Windows-MF-FrameServer","FrameServer WatchdogTimer Stop Event, TimerScope: FSStream, TimerScopeId: 1704483004368, WatchdogOperation: Stop, DurationToCompletionInHns: 2876720."
"18-08-2026 17:15:28","11","Information","Microsoft-Windows-MF-FrameServer","FrameServer WatchdogTimer Start Event, TimerScope: FSStream, TimerScopeId: 1704483004368, WatchdogOperation: Stop, DurationToTriggerInHns: 200000000, 
SymbolicLink: \\?\USB#VID_0BDA&PID_5599&MI_00#6&236e8108&0&0000#{e5323777-f976-4f5b-9b55-b94699c46e44}\global."
"18-08-2026 16:31:34","12","Information","Microsoft-Windows-MF-FrameServer","FrameServer WatchdogTimer Stop Event, TimerScope: FSStream, TimerScopeId: 1704483004368, WatchdogOperation: Start, DurationToCompletionInHns: 46288."
"18-08-2026 16:31:34","11","Information","Microsoft-Windows-MF-FrameServer","FrameServer WatchdogTimer Start Event, TimerScope: FSStream, TimerScopeId: 1704483004368, WatchdogOperation: Start, DurationToTriggerInHns: 200000000, 
SymbolicLink: \\?\USB#VID_0BDA&PID_5599&MI_00#6&236e8108&0&0000#{e5323777-f976-4f5b-9b55-b94699c46e44}\global."
"18-08-2026 16:31:34","3","Information","Microsoft-Windows-MF-FrameServer","FrameServer FsProxy SetOutputType Stop, hr=0x0."
"18-08-2026 16:31:34","2","Information","Microsoft-Windows-MF-FrameServer","FrameServer FsProxy SetOutputType Start, PinId: 0, MediaType: FrameSize=5497558139600 (1280,720),MajorType={73646976-0000-0010-8000-00AA00389B71},FrameRate=128849018881 (30,1),PixelAspectRatio=4294967297 (1,1),InterlacedMode=2,Subtype={32595559-0000-0010-8000-00AA00389B71}."
"18-08-2026 16:31:34","12","Information","Microsoft-Windows-MF-FrameServer","FrameServer WatchdogTimer Stop Event, TimerScope: FSStream, TimerScopeId: 1704483004368, WatchdogOperation: Stop, DurationToCompletionInHns: 2631551."
"18-08-2026 16:31:33","11","Information","Microsoft-Windows-MF-FrameServer","FrameServer WatchdogTimer Start Event, TimerScope: FSStream, TimerScopeId: 1704483004368, WatchdogOperation: Stop, DurationToTriggerInHns: 200000000, 
SymbolicLink: \\?\USB#VID_0BDA&PID_5599&MI_00#6&236e8108&0&0000#{e5323777-f976-4f5b-9b55-b94699c46e44}\global."
"18-08-2026 16:31:31","12","Information","Microsoft-Windows-MF-FrameServer","FrameServer WatchdogTimer Stop Event, TimerScope: FSStream, TimerScopeId: 1704483004368, WatchdogOperation: Start, DurationToCompletionInHns: 54464."
"18-08-2026 16:31:31","11","Information","Microsoft-Windows-MF-FrameServer","FrameServer WatchdogTimer Start Event, TimerScope: FSStream, TimerScopeId: 1704483004368, WatchdogOperation: Start, DurationToTriggerInHns: 200000000, 
SymbolicLink: \\?\USB#VID_0BDA&PID_5599&MI_00#6&236e8108&0&0000#{e5323777-f976-4f5b-9b55-b94699c46e44}\global."
"18-08-2026 16:31:31","3","Information","Microsoft-Windows-MF-FrameServer","FrameServer FsProxy SetOutputType Stop, hr=0x0."
"18-08-2026 16:31:31","2","Information","Microsoft-Windows-MF-FrameServer","FrameServer FsProxy SetOutputType Start, PinId: 0, MediaType: FrameSize=2748779069800 (640,360),BitRate=110592000,MajorType={73646976-0000-0010-8000-00AA00389B71},Stride=1280,FrameRate=128849018881 (30,1),PixelAspectRatio=4294967297 (1,1),InterlacedMode=2,Subtype={32595559-0000-0010-8000-00AA00389B71}."
"18-08-2026 16:31:31","12","Information","Microsoft-Windows-MF-FrameServer","FrameServer WatchdogTimer Stop Event, TimerScope: FSStream, TimerScopeId: 1704483004368, WatchdogOperation: Stop, DurationToCompletionInHns: 2743949."
"18-08-2026 16:31:30","11","Information","Microsoft-Windows-MF-FrameServer","FrameServer WatchdogTimer Start Event, TimerScope: FSStream, TimerScopeId: 1704483004368, WatchdogOperation: Stop, DurationToTriggerInHns: 200000000, 
SymbolicLink: \\?\USB#VID_0BDA&PID_5599&MI_00#6&236e8108&0&0000#{e5323777-f976-4f5b-9b55-b94699c46e44}\global."
"18-08-2026 16:31:30","12","Information","Microsoft-Windows-MF-FrameServer","FrameServer WatchdogTimer Stop Event, TimerScope: FSStream, TimerScopeId: 1704483004368, WatchdogOperation: Start, DurationToCompletionInHns: 363997."
"18-08-2026 16:31:30","11","Information","Microsoft-Windows-MF-FrameServer","FrameServer WatchdogTimer Start Event, TimerScope: FSStream, TimerScopeId: 1704483004368, WatchdogOperation: Start, DurationToTriggerInHns: 200000000, 
SymbolicLink: \\?\USB#VID_0BDA&PID_5599&MI_00#6&236e8108&0&0000#{e5323777-f976-4f5b-9b55-b94699c46e44}\global."
"18-08-2026 16:31:30","3","Information","Microsoft-Windows-MF-FrameServer","FrameServer FsProxy SetOutputType Stop, hr=0x0."
"18-08-2026 16:31:30","2","Information","Microsoft-Windows-MF-FrameServer","FrameServer FsProxy SetOutputType Start, PinId: 0, MediaType: FrameSize=8246337209400 (1920,1080),MajorType={73646976-0000-0010-8000-00AA00389B71},FrameRate=128849018881 (30,1),PixelAspectRatio=4294967297 (1,1),InterlacedMode=2,Subtype={32595559-0000-0010-8000-00AA00389B71}."
"18-08-2026 16:31:30","7","Information","Microsoft-Windows-MF-FrameServer","FrameServer FsProxy Initialization Stop, SymbolicLink: \\?\usb#vid_0bda&pid_5599&mi_00#6&236e8108&0&0000#{e5323777-f976-4f5b-9b55-b94699c46e44}\global, Devices: 1, Streams: 1, StreamType: MASTER, hr: 0x0."
"18-08-2026 16:31:30","12","Information","Microsoft-Windows-MF-FrameServer","FrameServer WatchdogTimer Stop Event, TimerScope: FSSource, TimerScopeId: 0, WatchdogOperation: Activate, DurationToCompletionInHns: 73."
"18-08-2026 16:31:30","11","Information","Microsoft-Windows-MF-FrameServer","FrameServer WatchdogTimer Start Event, TimerScope: FSSource, TimerScopeId: 0, WatchdogOperation: Activate, DurationToTriggerInHns: 200000000, 
SymbolicLink: <none>."
"18-08-2026 16:31:30","6","Information","Microsoft-Windows-MF-FrameServer","FrameServer FsProxy Initialization Start, SymbolicLink: \\?\usb#vid_0bda&pid_5599&mi_00#6&236e8108&0&0000#{e5323777-f976-4f5b-9b55-b94699c46e44}\global, Devices: 1, StreamType: MASTER."
"18-08-2026 14:44:54","5","Information","Microsoft-Windows-MF-FrameServer","FrameServer FsProxy D3dManager Stop, hr=0x0."
"18-08-2026 14:44:54","4","Information","Microsoft-Windows-MF-FrameServer","FrameServer FsProxy D3dManager Start, D3dDesc: Intel(R) Graphics, LUID: 0x10911, VendorId: 32902, DeviceId: 32065, SubSysId: 216535080."
"18-08-2026 14:44:54","3","Information","Microsoft-Windows-MF-FrameServer","FrameServer FsProxy SetOutputType Stop, hr=0x0."
"18-08-2026 14:44:54","2","Information","Microsoft-Windows-MF-FrameServer","FrameServer FsProxy SetOutputType Start, PinId: 0, MediaType: FrameSize=8246337209400 (1920,1080),MajorType={73646976-0000-0010-8000-00AA00389B71},FrameRate=128849018881 (30,1),PixelAspectRatio=4294967297 (1,1),InterlacedMode=2,Subtype={32595559-0000-0010-8000-00AA00389B71}."
"18-08-2026 14:44:54","5","Information","Microsoft-Windows-MF-FrameServer","FrameServer FsProxy D3dManager Stop, hr=0x0."
"18-08-2026 14:44:54","4","Information","Microsoft-Windows-MF-FrameServer","FrameServer FsProxy D3dManager Start, D3dDesc: Intel(R) Graphics, LUID: 0x10911, VendorId: 32902, DeviceId: 32065, SubSysId: 216535080."
"18-08-2026 14:44:54","5","Information","Microsoft-Windows-MF-FrameServer","FrameServer FsProxy D3dManager Stop, hr=0x0."
"18-08-2026 14:44:54","4","Information","Microsoft-Windows-MF-FrameServer","FrameServer FsProxy D3dManager Start, D3dDesc: Intel(R) Graphics, LUID: 0x10911, VendorId: 32902, DeviceId: 32065, SubSysId: 216535080."
"18-08-2026 14:44:54","7","Information","Microsoft-Windows-MF-FrameServer","FrameServer FsProxy Initialization Stop, SymbolicLink: \\?\usb#vid_0bda&pid_5599&mi_00#6&236e8108&0&0000#{e5323777-f976-4f5b-9b55-b94699c46e44}\global, Devices: 1, Streams: 1, StreamType: MASTER, hr: 0x0."
"18-08-2026 14:44:54","12","Information","Microsoft-Windows-MF-FrameServer","FrameServer WatchdogTimer Stop Event, TimerScope: FSSource, TimerScopeId: 0, WatchdogOperation: Activate, DurationToCompletionInHns: 70."
"18-08-2026 14:44:54","11","Information","Microsoft-Windows-MF-FrameServer","FrameServer WatchdogTimer Start Event, TimerScope: FSSource, TimerScopeId: 0, WatchdogOperation: Activate, DurationToTriggerInHns: 200000000, 
SymbolicLink: <none>."
"18-08-2026 14:44:54","6","Information","Microsoft-Windows-MF-FrameServer","FrameServer FsProxy Initialization Start, SymbolicLink: \\?\usb#vid_0bda&pid_5599&mi_00#6&236e8108&0&0000#{e5323777-f976-4f5b-9b55-b94699c46e44}\global, Devices: 1, StreamType: MASTER."
"18-08-2026 14:33:51","3","Information","Microsoft-Windows-MF-FrameServer","FrameServer FsProxy SetOutputType Stop, hr=0x0."
"18-08-2026 14:33:51","2","Information","Microsoft-Windows-MF-FrameServer","FrameServer FsProxy SetOutputType Start, PinId: 0, MediaType: FrameSize=8246337209400 (1920,1080),MajorType={73646976-0000-0010-8000-00AA00389B71},FrameRate=128849018881 (30,1),PixelAspectRatio=4294967297 (1,1),InterlacedMode=2,Subtype={32595559-0000-0010-8000-00AA00389B71}."
"18-08-2026 14:33:51","7","Information","Microsoft-Windows-MF-FrameServer","FrameServer FsProxy Initialization Stop, SymbolicLink: \\?\usb#vid_0bda&pid_5599&mi_00#6&236e8108&0&0000#{65e8773d-8f56-11d0-a3b9-00a0c9223196}\global, Devices: 1, Streams: 1, StreamType: MASTER, hr: 0x0."
"18-08-2026 14:33:51","12","Information","Microsoft-Windows-MF-FrameServer","FrameServer WatchdogTimer Stop Event, TimerScope: FSSource, TimerScopeId: 0, WatchdogOperation: Initialize, DurationToCompletionInHns: 27228."
"18-08-2026 14:33:51","11","Information","Microsoft-Windows-MF-FrameServer","FrameServer WatchdogTimer Start Event, TimerScope: FSSource, TimerScopeId: 0, WatchdogOperation: Initialize, DurationToTriggerInHns: 249311372, 
SymbolicLink: \\?\USB#VID_0BDA&PID_5599&MI_00#6&236e8108&0&0000#{e5323777-f976-4f5b-9b55-b94699c46e44}\global."
"18-08-2026 14:33:51","12","Information","Microsoft-Windows-MF-FrameServer","FrameServer WatchdogTimer Stop Event, TimerScope: FSSource, TimerScopeId: 0, WatchdogOperation: Initialize, DurationToCompletionInHns: 688482."
"18-08-2026 14:33:51","11","Information","Microsoft-Windows-MF-FrameServer","FrameServer WatchdogTimer Start Event, TimerScope: FSSource, TimerScopeId: 0, WatchdogOperation: Initialize, DurationToTriggerInHns: 250000000, 
SymbolicLink: \\?\USB#VID_0BDA&PID_5599&MI_00#6&236e8108&0&0000#{e5323777-f976-4f5b-9b55-b94699c46e44}\global."
"18-08-2026 14:33:50","6","Information","Microsoft-Windows-MF-FrameServer","FrameServer FsProxy Initialization Start, SymbolicLink: \\?\usb#vid_0bda&pid_5599&mi_00#6&236e8108&0&0000#{65e8773d-8f56-11d0-a3b9-00a0c9223196}\global, Devices: 1, StreamType: MASTER."
"18-08-2026 14:30:54","62","Information","Microsoft-Windows-MF-FrameServer","FrameServer FsmDeviceWatcher InternalUpdateSensorGroups Stop, AnyFailed: false"
"18-08-2026 14:30:53","61","Information","Microsoft-Windows-MF-FrameServer","FrameServer FsmDeviceWatcher InternalUpdateSensorGroups Start"
"18-08-2026 14:18:49","12","Information","Microsoft-Windows-MF-FrameServer","FrameServer WatchdogTimer Stop Event, TimerScope: FSSource, TimerScopeId: 0, WatchdogOperation: 4, DurationToCompletionInHns: 2516."
"18-08-2026 14:18:49","11","Information","Microsoft-Windows-MF-FrameServer","FrameServer WatchdogTimer Start Event, TimerScope: FSSource, TimerScopeId: 0, WatchdogOperation: 4, DurationToTriggerInHns: 200000000, 
SymbolicLink: <none>."
"18-08-2026 14:18:49","5","Information","Microsoft-Windows-MF-FrameServer","FrameServer FsProxy D3dManager Stop, hr=0x0."
"18-08-2026 14:18:49","4","Information","Microsoft-Windows-MF-FrameServer","FrameServer FsProxy D3dManager Start, D3dDesc: Intel(R) Graphics, LUID: 0x12332, VendorId: 32902, DeviceId: 32065, SubSysId: 216535080."
"18-08-2026 14:18:49","3","Information","Microsoft-Windows-MF-FrameServer","FrameServer FsProxy SetOutputType Stop, hr=0x0."
"18-08-2026 14:18:49","2","Information","Microsoft-Windows-MF-FrameServer","FrameServer FsProxy SetOutputType Start, PinId: 0, MediaType: FrameSize=8246337209400 (1920,1080),MajorType={73646976-0000-0010-8000-00AA00389B71},FrameRate=128849018881 (30,1),PixelAspectRatio=4294967297 (1,1),InterlacedMode=2,Subtype={32595559-0000-0010-8000-00AA00389B71}."
"18-08-2026 14:18:49","5","Information","Microsoft-Windows-MF-FrameServer","FrameServer FsProxy D3dManager Stop, hr=0x0."
"18-08-2026 14:18:49","4","Information","Microsoft-Windows-MF-FrameServer","FrameServer FsProxy D3dManager Start, D3dDesc: Intel(R) Graphics, LUID: 0x12332, VendorId: 32902, DeviceId: 32065, SubSysId: 216535080."
"18-08-2026 14:18:49","5","Information","Microsoft-Windows-MF-FrameServer","FrameServer FsProxy D3dManager Stop, hr=0x0."
"18-08-2026 14:18:49","4","Information","Microsoft-Windows-MF-FrameServer","FrameServer FsProxy D3dManager Start, D3dDesc: Intel(R) Graphics, LUID: 0x12332, VendorId: 32902, DeviceId: 32065, SubSysId: 216535080."
"18-08-2026 14:18:49","7","Information","Microsoft-Windows-MF-FrameServer","FrameServer FsProxy Initialization Stop, SymbolicLink: \\?\usb#vid_0bda&pid_5599&mi_00#6&236e8108&0&0000#{e5323777-f976-4f5b-9b55-b94699c46e44}\global, Devices: 1, Streams: 1, StreamType: MASTER, hr: 0x0."
"18-08-2026 14:18:49","12","Information","Microsoft-Windows-MF-FrameServer","FrameServer WatchdogTimer Stop Event, TimerScope: FSSource, TimerScopeId: 0, WatchdogOperation: Initialize, DurationToCompletionInHns: 16479."
"18-08-2026 14:18:49","11","Information","Microsoft-Windows-MF-FrameServer","FrameServer WatchdogTimer Start Event, TimerScope: FSSource, TimerScopeId: 0, WatchdogOperation: Initialize, DurationToTriggerInHns: 249971888, 
SymbolicLink: \\?\USB#VID_0BDA&PID_5599&MI_00#6&236e8108&0&0000#{e5323777-f976-4f5b-9b55-b94699c46e44}\Global."
"18-08-2026 14:18:49","12","Information","Microsoft-Windows-MF-FrameServer","FrameServer WatchdogTimer Stop Event, TimerScope: FSSource, TimerScopeId: 0, WatchdogOperation: Initialize, DurationToCompletionInHns: 28002."
"18-08-2026 14:18:49","11","Information","Microsoft-Windows-MF-FrameServer","FrameServer WatchdogTimer Start Event, TimerScope: FSSource, TimerScopeId: 0, WatchdogOperation: Initialize, DurationToTriggerInHns: 250000000, 
SymbolicLink: \\?\USB#VID_0BDA&PID_5599&MI_00#6&236e8108&0&0000#{e5323777-f976-4f5b-9b55-b94699c46e44}\Global."
"18-08-2026 14:18:48","6","Information","Microsoft-Windows-MF-FrameServer","FrameServer FsProxy Initialization Start, SymbolicLink: \\?\usb#vid_0bda&pid_5599&mi_00#6&236e8108&0&0000#{e5323777-f976-4f5b-9b55-b94699c46e44}\global, Devices: 1, StreamType: MASTER."
"18-08-2026 13:06:58","12","Information","Microsoft-Windows-MF-FrameServer","FrameServer WatchdogTimer Stop Event, TimerScope: FSSource, TimerScopeId: 0, WatchdogOperation: 4, DurationToCompletionInHns: 368018."
"18-08-2026 13:06:58","11","Information","Microsoft-Windows-MF-FrameServer","FrameServer WatchdogTimer Start Event, TimerScope: FSSource, TimerScopeId: 0, WatchdogOperation: 4, DurationToTriggerInHns: 200000000, 
SymbolicLink: <none>."
"18-08-2026 12:01:36","5","Information","Microsoft-Windows-MF-FrameServer","FrameServer FsProxy D3dManager Stop, hr=0x0."
"18-08-2026 12:01:36","4","Information","Microsoft-Windows-MF-FrameServer","FrameServer FsProxy D3dManager Start, D3dDesc: Intel(R) Graphics, LUID: 0x12332, VendorId: 32902, DeviceId: 32065, SubSysId: 216535080."
"18-08-2026 12:01:36","3","Information","Microsoft-Windows-MF-FrameServer","FrameServer FsProxy SetOutputType Stop, hr=0x0."
"18-08-2026 12:01:36","2","Information","Microsoft-Windows-MF-FrameServer","FrameServer FsProxy SetOutputType Start, PinId: 0, MediaType: FrameSize=8246337209400 (1920,1080),MajorType={73646976-0000-0010-8000-00AA00389B71},FrameRate=128849018881 (30,1),PixelAspectRatio=4294967297 (1,1),InterlacedMode=2,Subtype={32595559-0000-0010-8000-00AA00389B71}."
"18-08-2026 12:01:36","7","Information","Microsoft-Windows-MF-FrameServer","FrameServer FsProxy Initialization Stop, SymbolicLink: \\?\usb#vid_0bda&pid_5599&mi_00#6&236e8108&0&0000#{e5323777-f976-4f5b-9b55-b94699c46e44}\global, Devices: 1, Streams: 1, StreamType: MASTER, hr: 0x0."
"18-08-2026 12:01:36","12","Information","Microsoft-Windows-MF-FrameServer","FrameServer WatchdogTimer Stop Event, TimerScope: FSSource, TimerScopeId: 0, WatchdogOperation: Activate, DurationToCompletionInHns: 51."
"18-08-2026 12:01:36","11","Information","Microsoft-Windows-MF-FrameServer","FrameServer WatchdogTimer Start Event, TimerScope: FSSource, TimerScopeId: 0, WatchdogOperation: Activate, DurationToTriggerInHns: 200000000, 
SymbolicLink: <none>."
"18-08-2026 12:01:36","6","Information","Microsoft-Windows-MF-FrameServer","FrameServer FsProxy Initialization Start, SymbolicLink: \\?\usb#vid_0bda&pid_5599&mi_00#6&236e8108&0&0000#{e5323777-f976-4f5b-9b55-b94699c46e44}\global, Devices: 1, StreamType: MASTER."
"18-08-2026 11:45:48","12","Information","Microsoft-Windows-MF-FrameServer","FrameServer WatchdogTimer Stop Event, TimerScope: FSStream, TimerScopeId: 1732064657248, WatchdogOperation: Stop, DurationToCompletionInHns: 2941559."
"18-08-2026 11:45:48","11","Information","Microsoft-Windows-MF-FrameServer","FrameServer WatchdogTimer Start Event, TimerScope: FSStream, TimerScopeId: 1732064657248, WatchdogOperation: Stop, DurationToTriggerInHns: 200000000, 
SymbolicLink: \\?\USB#VID_0BDA&PID_5599&MI_00#6&236e8108&0&0000#{e5323777-f976-4f5b-9b55-b94699c46e44}\global."
"18-08-2026 11:31:48","12","Information","Microsoft-Windows-MF-FrameServer","FrameServer WatchdogTimer Stop Event, TimerScope: FSStream, TimerScopeId: 1732064657248, WatchdogOperation: Start, DurationToCompletionInHns: 307348."
"18-08-2026 11:31:48","11","Information","Microsoft-Windows-MF-FrameServer","FrameServer WatchdogTimer Start Event, TimerScope: FSStream, TimerScopeId: 1732064657248, WatchdogOperation: Start, DurationToTriggerInHns: 200000000, 
SymbolicLink: \\?\USB#VID_0BDA&PID_5599&MI_00#6&236e8108&0&0000#{e5323777-f976-4f5b-9b55-b94699c46e44}\global."
"18-08-2026 11:31:48","3","Information","Microsoft-Windows-MF-FrameServer","FrameServer FsProxy SetOutputType Stop, hr=0x0."
"18-08-2026 11:31:48","2","Information","Microsoft-Windows-MF-FrameServer","FrameServer FsProxy SetOutputType Start, PinId: 0, MediaType: FrameSize=8246337209400 (1920,1080),MajorType={73646976-0000-0010-8000-00AA00389B71},FrameRate=128849018881 (30,1),PixelAspectRatio=4294967297 (1,1),InterlacedMode=2,Subtype={32595559-0000-0010-8000-00AA00389B71}."
"18-08-2026 11:31:48","7","Information","Microsoft-Windows-MF-FrameServer","FrameServer FsProxy Initialization Stop, SymbolicLink: \\?\usb#vid_0bda&pid_5599&mi_00#6&236e8108&0&0000#{e5323777-f976-4f5b-9b55-b94699c46e44}\global, Devices: 1, Streams: 1, StreamType: MASTER, hr: 0x0."
"18-08-2026 11:31:48","12","Information","Microsoft-Windows-MF-FrameServer","FrameServer WatchdogTimer Stop Event, TimerScope: FSSource, TimerScopeId: 0, WatchdogOperation: Activate, DurationToCompletionInHns: 271."
"18-08-2026 11:31:48","11","Information","Microsoft-Windows-MF-FrameServer","FrameServer WatchdogTimer Start Event, TimerScope: FSSource, TimerScopeId: 0, WatchdogOperation: Activate, DurationToTriggerInHns: 200000000, 
SymbolicLink: <none>."
"18-08-2026 11:31:48","6","Information","Microsoft-Windows-MF-FrameServer","FrameServer FsProxy Initialization Start, SymbolicLink: \\?\usb#vid_0bda&pid_5599&mi_00#6&236e8108&0&0000#{e5323777-f976-4f5b-9b55-b94699c46e44}\global, Devices: 1, StreamType: MASTER."
"18-08-2026 10:33:45","3","Information","Microsoft-Windows-MF-FrameServer","FrameServer FsProxy SetOutputType Stop, hr=0x0."
"18-08-2026 10:33:45","2","Information","Microsoft-Windows-MF-FrameServer","FrameServer FsProxy SetOutputType Start, PinId: 0, MediaType: FrameSize=8246337209400 (1920,1080),MajorType={73646976-0000-0010-8000-00AA00389B71},FrameRate=128849018881 (30,1),PixelAspectRatio=4294967297 (1,1),InterlacedMode=2,Subtype={32595559-0000-0010-8000-00AA00389B71}."
"18-08-2026 10:33:45","7","Information","Microsoft-Windows-MF-FrameServer","FrameServer FsProxy Initialization Stop, SymbolicLink: \\?\usb#vid_0bda&pid_5599&mi_00#6&236e8108&0&0000#{65e8773d-8f56-11d0-a3b9-00a0c9223196}\global, Devices: 1, Streams: 1, StreamType: MASTER, hr: 0x0."
"18-08-2026 10:33:45","12","Information","Microsoft-Windows-MF-FrameServer","FrameServer WatchdogTimer Stop Event, TimerScope: FSSource, TimerScopeId: 0, WatchdogOperation: Initialize, DurationToCompletionInHns: 26653."
"18-08-2026 10:33:45","11","Information","Microsoft-Windows-MF-FrameServer","FrameServer WatchdogTimer Start Event, TimerScope: FSSource, TimerScopeId: 0, WatchdogOperation: Initialize, DurationToTriggerInHns: 249281377, 
SymbolicLink: \\?\USB#VID_0BDA&PID_5599&MI_00#6&236e8108&0&0000#{e5323777-f976-4f5b-9b55-b94699c46e44}\global."
