"02-07-2026 15:27:11","145","Information","Microsoft-Windows-WinRM","WSMan operation Enumeration started with resourceUri http://schemas.microsoft.com/wbem/wsman/1/config/listener"
"02-07-2026 15:02:40","142","Error","Microsoft-Windows-WinRM","WSMan operation Enumeration failed, error code 2150858770"
"02-07-2026 15:02:40","161","Error","Microsoft-Windows-WinRM","The client cannot connect to the destination specified in the request. Verify that the service on the destination is running and is accepting requests. Consult the logs and documentation for the WS-Management service running on the destination, most commonly IIS or WinRM. If the destination is the WinRM service, run the following command on the destination to analyze and configure the WinRM service: ""winrm quickconfig""."
"02-07-2026 15:02:40","254","Information","Microsoft-Windows-WinRM","Activity Transfer"
"02-07-2026 15:02:35","145","Information","Microsoft-Windows-WinRM","WSMan operation Enumeration started with resourceUri http://schemas.microsoft.com/wbem/wsman/1/config/listener"
"02-07-2026 14:02:45","142","Error","Microsoft-Windows-WinRM","WSMan operation Enumeration failed, error code 2150858770"
"02-07-2026 14:02:45","161","Error","Microsoft-Windows-WinRM","The client cannot connect to the destination specified in the request. Verify that the service on the destination is running and is accepting requests. Consult the logs and documentation for the WS-Management service running on the destination, most commonly IIS or WinRM. If the destination is the WinRM service, run the following command on the destination to analyze and configure the WinRM service: ""winrm quickconfig""."
"02-07-2026 14:02:45","254","Information","Microsoft-Windows-WinRM","Activity Transfer"
"02-07-2026 14:02:41","145","Information","Microsoft-Windows-WinRM","WSMan operation Enumeration started with resourceUri http://schemas.microsoft.com/wbem/wsman/1/config/listener"
"02-07-2026 10:55:10","142","Error","Microsoft-Windows-WinRM","WSMan operation Enumeration failed, error code 2150858770"
"02-07-2026 10:55:10","161","Error","Microsoft-Windows-WinRM","The client cannot connect to the destination specified in the request. Verify that the service on the destination is running and is accepting requests. Consult the logs and documentation for the WS-Management service running on the destination, most commonly IIS or WinRM. If the destination is the WinRM service, run the following command on the destination to analyze and configure the WinRM service: ""winrm quickconfig""."
"02-07-2026 10:55:10","254","Information","Microsoft-Windows-WinRM","Activity Transfer"
"02-07-2026 10:55:06","145","Information","Microsoft-Windows-WinRM","WSMan operation Enumeration started with resourceUri http://schemas.microsoft.com/wbem/wsman/1/config/listener"
"02-07-2026 09:35:08","142","Error","Microsoft-Windows-WinRM","WSMan operation Enumeration failed, error code 2150858770"
"02-07-2026 09:35:08","161","Error","Microsoft-Windows-WinRM","The client cannot connect to the destination specified in the request. Verify that the service on the destination is running and is accepting requests. Consult the logs and documentation for the WS-Management service running on the destination, most commonly IIS or WinRM. If the destination is the WinRM service, run the following command on the destination to analyze and configure the WinRM service: ""winrm quickconfig""."
"02-07-2026 09:35:08","254","Information","Microsoft-Windows-WinRM","Activity Transfer"
"02-07-2026 09:35:04","145","Information","Microsoft-Windows-WinRM","WSMan operation Enumeration started with resourceUri http://schemas.microsoft.com/wbem/wsman/1/config/listener"
"01-07-2026 15:02:40","142","Error","Microsoft-Windows-WinRM","WSMan operation Enumeration failed, error code 2150858770"
"01-07-2026 15:02:40","161","Error","Microsoft-Windows-WinRM","The client cannot connect to the destination specified in the request. Verify that the service on the destination is running and is accepting requests. Consult the logs and documentation for the WS-Management service running on the destination, most commonly IIS or WinRM. If the destination is the WinRM service, run the following command on the destination to analyze and configure the WinRM service: ""winrm quickconfig""."
"01-07-2026 15:02:40","254","Information","Microsoft-Windows-WinRM","Activity Transfer"
"01-07-2026 15:02:36","145","Information","Microsoft-Windows-WinRM","WSMan operation Enumeration started with resourceUri http://schemas.microsoft.com/wbem/wsman/1/config/listener"
"01-07-2026 14:28:15","142","Error","Microsoft-Windows-WinRM","WSMan operation Enumeration failed, error code 2150858770"
"01-07-2026 14:28:15","161","Error","Microsoft-Windows-WinRM","The client cannot connect to the destination specified in the request. Verify that the service on the destination is running and is accepting requests. Consult the logs and documentation for the WS-Management service running on the destination, most commonly IIS or WinRM. If the destination is the WinRM service, run the following command on the destination to analyze and configure the WinRM service: ""winrm quickconfig""."
"01-07-2026 14:28:15","254","Information","Microsoft-Windows-WinRM","Activity Transfer"
"01-07-2026 14:28:11","145","Information","Microsoft-Windows-WinRM","WSMan operation Enumeration started with resourceUri http://schemas.microsoft.com/wbem/wsman/1/config/listener"
"01-07-2026 14:01:51","142","Error","Microsoft-Windows-WinRM","WSMan operation Enumeration failed, error code 2150858770"
"01-07-2026 14:01:51","161","Error","Microsoft-Windows-WinRM","The client cannot connect to the destination specified in the request. Verify that the service on the destination is running and is accepting requests. Consult the logs and documentation for the WS-Management service running on the destination, most commonly IIS or WinRM. If the destination is the WinRM service, run the following command on the destination to analyze and configure the WinRM service: ""winrm quickconfig""."
"01-07-2026 14:01:51","254","Information","Microsoft-Windows-WinRM","Activity Transfer"
"01-07-2026 14:01:47","145","Information","Microsoft-Windows-WinRM","WSMan operation Enumeration started with resourceUri http://schemas.microsoft.com/wbem/wsman/1/config/listener"
"01-07-2026 13:41:16","142","Error","Microsoft-Windows-WinRM","WSMan operation Enumeration failed, error code 2150858770"
"01-07-2026 13:41:16","161","Error","Microsoft-Windows-WinRM","The client cannot connect to the destination specified in the request. Verify that the service on the destination is running and is accepting requests. Consult the logs and documentation for the WS-Management service running on the destination, most commonly IIS or WinRM. If the destination is the WinRM service, run the following command on the destination to analyze and configure the WinRM service: ""winrm quickconfig""."
"01-07-2026 13:41:16","254","Information","Microsoft-Windows-WinRM","Activity Transfer"
"01-07-2026 13:41:12","145","Information","Microsoft-Windows-WinRM","WSMan operation Enumeration started with resourceUri http://schemas.microsoft.com/wbem/wsman/1/config/listener"
"01-07-2026 10:14:28","142","Error","Microsoft-Windows-WinRM","WSMan operation Enumeration failed, error code 2150858770"
"01-07-2026 10:14:28","161","Error","Microsoft-Windows-WinRM","The client cannot connect to the destination specified in the request. Verify that the service on the destination is running and is accepting requests. Consult the logs and documentation for the WS-Management service running on the destination, most commonly IIS or WinRM. If the destination is the WinRM service, run the following command on the destination to analyze and configure the WinRM service: ""winrm quickconfig""."
"01-07-2026 10:14:28","254","Information","Microsoft-Windows-WinRM","Activity Transfer"
"01-07-2026 10:14:23","145","Information","Microsoft-Windows-WinRM","WSMan operation Enumeration started with resourceUri http://schemas.microsoft.com/wbem/wsman/1/config/listener"
"01-07-2026 10:08:35","142","Error","Microsoft-Windows-WinRM","WSMan operation Enumeration failed, error code 2150858770"
"01-07-2026 10:08:35","161","Error","Microsoft-Windows-WinRM","The client cannot connect to the destination specified in the request. Verify that the service on the destination is running and is accepting requests. Consult the logs and documentation for the WS-Management service running on the destination, most commonly IIS or WinRM. If the destination is the WinRM service, run the following command on the destination to analyze and configure the WinRM service: ""winrm quickconfig""."
"01-07-2026 10:08:35","254","Information","Microsoft-Windows-WinRM","Activity Transfer"
"01-07-2026 10:08:31","145","Information","Microsoft-Windows-WinRM","WSMan operation Enumeration started with resourceUri http://schemas.microsoft.com/wbem/wsman/1/config/listener"
"29-06-2026 10:24:34","142","Error","Microsoft-Windows-WinRM","WSMan operation Enumeration failed, error code 2150858770"
"29-06-2026 10:24:34","161","Error","Microsoft-Windows-WinRM","The client cannot connect to the destination specified in the request. Verify that the service on the destination is running and is accepting requests. Consult the logs and documentation for the WS-Management service running on the destination, most commonly IIS or WinRM. If the destination is the WinRM service, run the following command on the destination to analyze and configure the WinRM service: ""winrm quickconfig""."
"29-06-2026 10:24:34","254","Information","Microsoft-Windows-WinRM","Activity Transfer"
"29-06-2026 10:24:29","145","Information","Microsoft-Windows-WinRM","WSMan operation Enumeration started with resourceUri http://schemas.microsoft.com/wbem/wsman/1/config/listener"
"29-06-2026 09:02:43","142","Error","Microsoft-Windows-WinRM","WSMan operation Enumeration failed, error code 2150858770"
"29-06-2026 09:02:43","161","Error","Microsoft-Windows-WinRM","The client cannot connect to the destination specified in the request. Verify that the service on the destination is running and is accepting requests. Consult the logs and documentation for the WS-Management service running on the destination, most commonly IIS or WinRM. If the destination is the WinRM service, run the following command on the destination to analyze and configure the WinRM service: ""winrm quickconfig""."
"29-06-2026 09:02:43","254","Information","Microsoft-Windows-WinRM","Activity Transfer"
"29-06-2026 09:02:39","145","Information","Microsoft-Windows-WinRM","WSMan operation Enumeration started with resourceUri http://schemas.microsoft.com/wbem/wsman/1/config/listener"
"26-06-2026 15:59:52","142","Error","Microsoft-Windows-WinRM","WSMan operation Enumeration failed, error code 2150858770"
"26-06-2026 15:59:52","161","Error","Microsoft-Windows-WinRM","The client cannot connect to the destination specified in the request. Verify that the service on the destination is running and is accepting requests. Consult the logs and documentation for the WS-Management service running on the destination, most commonly IIS or WinRM. If the destination is the WinRM service, run the following command on the destination to analyze and configure the WinRM service: ""winrm quickconfig""."
"26-06-2026 15:59:52","254","Information","Microsoft-Windows-WinRM","Activity Transfer"
"26-06-2026 15:59:48","145","Information","Microsoft-Windows-WinRM","WSMan operation Enumeration started with resourceUri http://schemas.microsoft.com/wbem/wsman/1/config/listener"
"26-06-2026 13:41:16","142","Error","Microsoft-Windows-WinRM","WSMan operation Enumeration failed, error code 2150858770"
"26-06-2026 13:41:16","161","Error","Microsoft-Windows-WinRM","The client cannot connect to the destination specified in the request. Verify that the service on the destination is running and is accepting requests. Consult the logs and documentation for the WS-Management service running on the destination, most commonly IIS or WinRM. If the destination is the WinRM service, run the following command on the destination to analyze and configure the WinRM service: ""winrm quickconfig""."
"26-06-2026 13:41:16","254","Information","Microsoft-Windows-WinRM","Activity Transfer"
"26-06-2026 13:41:12","145","Information","Microsoft-Windows-WinRM","WSMan operation Enumeration started with resourceUri http://schemas.microsoft.com/wbem/wsman/1/config/listener"
"26-06-2026 13:09:49","142","Error","Microsoft-Windows-WinRM","WSMan operation Enumeration failed, error code 2150858770"
"26-06-2026 13:09:49","161","Error","Microsoft-Windows-WinRM","The client cannot connect to the destination specified in the request. Verify that the service on the destination is running and is accepting requests. Consult the logs and documentation for the WS-Management service running on the destination, most commonly IIS or WinRM. If the destination is the WinRM service, run the following command on the destination to analyze and configure the WinRM service: ""winrm quickconfig""."
"26-06-2026 13:09:49","254","Information","Microsoft-Windows-WinRM","Activity Transfer"
"26-06-2026 13:09:45","145","Information","Microsoft-Windows-WinRM","WSMan operation Enumeration started with resourceUri http://schemas.microsoft.com/wbem/wsman/1/config/listener"
"26-06-2026 12:47:56","142","Error","Microsoft-Windows-WinRM","WSMan operation Enumeration failed, error code 2150858770"
"26-06-2026 12:47:56","161","Error","Microsoft-Windows-WinRM","The client cannot connect to the destination specified in the request. Verify that the service on the destination is running and is accepting requests. Consult the logs and documentation for the WS-Management service running on the destination, most commonly IIS or WinRM. If the destination is the WinRM service, run the following command on the destination to analyze and configure the WinRM service: ""winrm quickconfig""."
"26-06-2026 12:47:56","254","Information","Microsoft-Windows-WinRM","Activity Transfer"
"26-06-2026 12:47:52","145","Information","Microsoft-Windows-WinRM","WSMan operation Enumeration started with resourceUri http://schemas.microsoft.com/wbem/wsman/1/config/listener"
"26-06-2026 10:42:03","142","Error","Microsoft-Windows-WinRM","WSMan operation Enumeration failed, error code 2150858770"
"26-06-2026 10:42:03","161","Error","Microsoft-Windows-WinRM","The client cannot connect to the destination specified in the request. Verify that the service on the destination is running and is accepting requests. Consult the logs and documentation for the WS-Management service running on the destination, most commonly IIS or WinRM. If the destination is the WinRM service, run the following command on the destination to analyze and configure the WinRM service: ""winrm quickconfig""."
"26-06-2026 10:42:03","254","Information","Microsoft-Windows-WinRM","Activity Transfer"
"26-06-2026 10:41:59","145","Information","Microsoft-Windows-WinRM","WSMan operation Enumeration started with resourceUri http://schemas.microsoft.com/wbem/wsman/1/config/listener"
"26-06-2026 10:04:22","142","Error","Microsoft-Windows-WinRM","WSMan operation Enumeration failed, error code 2150858770"
"26-06-2026 10:04:22","161","Error","Microsoft-Windows-WinRM","The client cannot connect to the destination specified in the request. Verify that the service on the destination is running and is accepting requests. Consult the logs and documentation for the WS-Management service running on the destination, most commonly IIS or WinRM. If the destination is the WinRM service, run the following command on the destination to analyze and configure the WinRM service: ""winrm quickconfig""."
"26-06-2026 10:04:22","254","Information","Microsoft-Windows-WinRM","Activity Transfer"
"26-06-2026 10:04:18","145","Information","Microsoft-Windows-WinRM","WSMan operation Enumeration started with resourceUri http://schemas.microsoft.com/wbem/wsman/1/config/listener"
"26-06-2026 09:42:46","142","Error","Microsoft-Windows-WinRM","WSMan operation Enumeration failed, error code 2150858770"
"26-06-2026 09:42:46","161","Error","Microsoft-Windows-WinRM","The client cannot connect to the destination specified in the request. Verify that the service on the destination is running and is accepting requests. Consult the logs and documentation for the WS-Management service running on the destination, most commonly IIS or WinRM. If the destination is the WinRM service, run the following command on the destination to analyze and configure the WinRM service: ""winrm quickconfig""."
"26-06-2026 09:42:46","254","Information","Microsoft-Windows-WinRM","Activity Transfer"
"26-06-2026 09:42:41","145","Information","Microsoft-Windows-WinRM","WSMan operation Enumeration started with resourceUri http://schemas.microsoft.com/wbem/wsman/1/config/listener"
"25-06-2026 13:40:13","142","Error","Microsoft-Windows-WinRM","WSMan operation Enumeration failed, error code 2150858770"
"25-06-2026 13:40:13","161","Error","Microsoft-Windows-WinRM","The client cannot connect to the destination specified in the request. Verify that the service on the destination is running and is accepting requests. Consult the logs and documentation for the WS-Management service running on the destination, most commonly IIS or WinRM. If the destination is the WinRM service, run the following command on the destination to analyze and configure the WinRM service: ""winrm quickconfig""."
"25-06-2026 13:40:13","254","Information","Microsoft-Windows-WinRM","Activity Transfer"
"25-06-2026 13:40:09","145","Information","Microsoft-Windows-WinRM","WSMan operation Enumeration started with resourceUri http://schemas.microsoft.com/wbem/wsman/1/config/listener"
"25-06-2026 12:48:05","142","Error","Microsoft-Windows-WinRM","WSMan operation Enumeration failed, error code 2150858770"
"25-06-2026 12:48:05","161","Error","Microsoft-Windows-WinRM","The client cannot connect to the destination specified in the request. Verify that the service on the destination is running and is accepting requests. Consult the logs and documentation for the WS-Management service running on the destination, most commonly IIS or WinRM. If the destination is the WinRM service, run the following command on the destination to analyze and configure the WinRM service: ""winrm quickconfig""."
"25-06-2026 12:48:05","254","Information","Microsoft-Windows-WinRM","Activity Transfer"
"25-06-2026 12:48:01","145","Information","Microsoft-Windows-WinRM","WSMan operation Enumeration started with resourceUri http://schemas.microsoft.com/wbem/wsman/1/config/listener"
"25-06-2026 11:45:09","142","Error","Microsoft-Windows-WinRM","WSMan operation Enumeration failed, error code 2150858770"
"25-06-2026 11:45:09","161","Error","Microsoft-Windows-WinRM","The client cannot connect to the destination specified in the request. Verify that the service on the destination is running and is accepting requests. Consult the logs and documentation for the WS-Management service running on the destination, most commonly IIS or WinRM. If the destination is the WinRM service, run the following command on the destination to analyze and configure the WinRM service: ""winrm quickconfig""."
"25-06-2026 11:45:09","254","Information","Microsoft-Windows-WinRM","Activity Transfer"
"25-06-2026 11:45:04","145","Information","Microsoft-Windows-WinRM","WSMan operation Enumeration started with resourceUri http://schemas.microsoft.com/wbem/wsman/1/config/listener"
"25-06-2026 10:41:57","142","Error","Microsoft-Windows-WinRM","WSMan operation Enumeration failed, error code 2150858770"
"25-06-2026 10:41:57","161","Error","Microsoft-Windows-WinRM","The client cannot connect to the destination specified in the request. Verify that the service on the destination is running and is accepting requests. Consult the logs and documentation for the WS-Management service running on the destination, most commonly IIS or WinRM. If the destination is the WinRM service, run the following command on the destination to analyze and configure the WinRM service: ""winrm quickconfig""."
"25-06-2026 10:41:57","254","Information","Microsoft-Windows-WinRM","Activity Transfer"
"25-06-2026 10:41:53","145","Information","Microsoft-Windows-WinRM","WSMan operation Enumeration started with resourceUri http://schemas.microsoft.com/wbem/wsman/1/config/listener"
"25-06-2026 09:46:27","142","Error","Microsoft-Windows-WinRM","WSMan operation Enumeration failed, error code 2150858770"
"25-06-2026 09:46:27","161","Error","Microsoft-Windows-WinRM","The client cannot connect to the destination specified in the request. Verify that the service on the destination is running and is accepting requests. Consult the logs and documentation for the WS-Management service running on the destination, most commonly IIS or WinRM. If the destination is the WinRM service, run the following command on the destination to analyze and configure the WinRM service: ""winrm quickconfig""."
"25-06-2026 09:46:27","254","Information","Microsoft-Windows-WinRM","Activity Transfer"
"25-06-2026 09:46:23","145","Information","Microsoft-Windows-WinRM","WSMan operation Enumeration started with resourceUri http://schemas.microsoft.com/wbem/wsman/1/config/listener"
"25-06-2026 09:43:51","142","Error","Microsoft-Windows-WinRM","WSMan operation Enumeration failed, error code 2150858770"
"25-06-2026 09:43:51","161","Error","Microsoft-Windows-WinRM","The client cannot connect to the destination specified in the request. Verify that the service on the destination is running and is accepting requests. Consult the logs and documentation for the WS-Management service running on the destination, most commonly IIS or WinRM. If the destination is the WinRM service, run the following command on the destination to analyze and configure the WinRM service: ""winrm quickconfig""."
"25-06-2026 09:43:51","254","Information","Microsoft-Windows-WinRM","Activity Transfer"
"25-06-2026 09:43:47","145","Information","Microsoft-Windows-WinRM","WSMan operation Enumeration started with resourceUri http://schemas.microsoft.com/wbem/wsman/1/config/listener"
"25-06-2026 09:36:30","142","Error","Microsoft-Windows-WinRM","WSMan operation Enumeration failed, error code 2150858770"
"25-06-2026 09:36:30","161","Error","Microsoft-Windows-WinRM","The client cannot connect to the destination specified in the request. Verify that the service on the destination is running and is accepting requests. Consult the logs and documentation for the WS-Management service running on the destination, most commonly IIS or WinRM. If the destination is the WinRM service, run the following command on the destination to analyze and configure the WinRM service: ""winrm quickconfig""."
"25-06-2026 09:36:30","254","Information","Microsoft-Windows-WinRM","Activity Transfer"
"25-06-2026 09:36:26","145","Information","Microsoft-Windows-WinRM","WSMan operation Enumeration started with resourceUri http://schemas.microsoft.com/wbem/wsman/1/config/listener"
"18-06-2026 09:05:49","142","Error","Microsoft-Windows-WinRM","WSMan operation Enumeration failed, error code 2150858770"
"18-06-2026 09:05:49","161","Error","Microsoft-Windows-WinRM","The client cannot connect to the destination specified in the request. Verify that the service on the destination is running and is accepting requests. Consult the logs and documentation for the WS-Management service running on the destination, most commonly IIS or WinRM. If the destination is the WinRM service, run the following command on the destination to analyze and configure the WinRM service: ""winrm quickconfig""."
"18-06-2026 09:05:49","254","Information","Microsoft-Windows-WinRM","Activity Transfer"
"18-06-2026 09:05:45","145","Information","Microsoft-Windows-WinRM","WSMan operation Enumeration started with resourceUri http://schemas.microsoft.com/wbem/wsman/1/config/listener"
"17-06-2026 19:18:29","142","Error","Microsoft-Windows-WinRM","WSMan operation Enumeration failed, error code 2150858770"
"17-06-2026 19:18:29","161","Error","Microsoft-Windows-WinRM","The client cannot connect to the destination specified in the request. Verify that the service on the destination is running and is accepting requests. Consult the logs and documentation for the WS-Management service running on the destination, most commonly IIS or WinRM. If the destination is the WinRM service, run the following command on the destination to analyze and configure the WinRM service: ""winrm quickconfig""."
"17-06-2026 19:18:29","254","Information","Microsoft-Windows-WinRM","Activity Transfer"
"17-06-2026 19:18:25","145","Information","Microsoft-Windows-WinRM","WSMan operation Enumeration started with resourceUri http://schemas.microsoft.com/wbem/wsman/1/config/listener"
"17-06-2026 19:17:02","142","Error","Microsoft-Windows-WinRM","WSMan operation Enumeration failed, error code 2150858770"
"17-06-2026 19:17:02","161","Error","Microsoft-Windows-WinRM","The client cannot connect to the destination specified in the request. Verify that the service on the destination is running and is accepting requests. Consult the logs and documentation for the WS-Management service running on the destination, most commonly IIS or WinRM. If the destination is the WinRM service, run the following command on the destination to analyze and configure the WinRM service: ""winrm quickconfig""."
"17-06-2026 19:17:02","254","Information","Microsoft-Windows-WinRM","Activity Transfer"
"17-06-2026 19:16:58","145","Information","Microsoft-Windows-WinRM","WSMan operation Enumeration started with resourceUri http://schemas.microsoft.com/wbem/wsman/1/config/listener"
"17-06-2026 19:13:58","142","Error","Microsoft-Windows-WinRM","WSMan operation Enumeration failed, error code 2150858770"
"17-06-2026 19:13:58","161","Error","Microsoft-Windows-WinRM","The client cannot connect to the destination specified in the request. Verify that the service on the destination is running and is accepting requests. Consult the logs and documentation for the WS-Management service running on the destination, most commonly IIS or WinRM. If the destination is the WinRM service, run the following command on the destination to analyze and configure the WinRM service: ""winrm quickconfig""."
"17-06-2026 19:13:58","254","Information","Microsoft-Windows-WinRM","Activity Transfer"
"17-06-2026 19:13:54","145","Information","Microsoft-Windows-WinRM","WSMan operation Enumeration started with resourceUri http://schemas.microsoft.com/wbem/wsman/1/config/listener"
"16-06-2026 16:28:45","142","Error","Microsoft-Windows-WinRM","WSMan operation Enumeration failed, error code 2150858770"
"16-06-2026 16:28:45","161","Error","Microsoft-Windows-WinRM","The client cannot connect to the destination specified in the request. Verify that the service on the destination is running and is accepting requests. Consult the logs and documentation for the WS-Management service running on the destination, most commonly IIS or WinRM. If the destination is the WinRM service, run the following command on the destination to analyze and configure the WinRM service: ""winrm quickconfig""."
"16-06-2026 16:28:45","254","Information","Microsoft-Windows-WinRM","Activity Transfer"
"16-06-2026 16:28:41","145","Information","Microsoft-Windows-WinRM","WSMan operation Enumeration started with resourceUri http://schemas.microsoft.com/wbem/wsman/1/config/listener"
"16-06-2026 10:14:09","142","Error","Microsoft-Windows-WinRM","WSMan operation Enumeration failed, error code 2150858770"
"16-06-2026 10:14:09","161","Error","Microsoft-Windows-WinRM","The client cannot connect to the destination specified in the request. Verify that the service on the destination is running and is accepting requests. Consult the logs and documentation for the WS-Management service running on the destination, most commonly IIS or WinRM. If the destination is the WinRM service, run the following command on the destination to analyze and configure the WinRM service: ""winrm quickconfig""."
"16-06-2026 10:14:09","254","Information","Microsoft-Windows-WinRM","Activity Transfer"
"16-06-2026 10:14:05","145","Information","Microsoft-Windows-WinRM","WSMan operation Enumeration started with resourceUri http://schemas.microsoft.com/wbem/wsman/1/config/listener"
"16-06-2026 10:07:59","142","Error","Microsoft-Windows-WinRM","WSMan operation Enumeration failed, error code 2150858770"
"16-06-2026 10:07:59","161","Error","Microsoft-Windows-WinRM","The client cannot connect to the destination specified in the request. Verify that the service on the destination is running and is accepting requests. Consult the logs and documentation for the WS-Management service running on the destination, most commonly IIS or WinRM. If the destination is the WinRM service, run the following command on the destination to analyze and configure the WinRM service: ""winrm quickconfig""."
"16-06-2026 10:07:59","254","Information","Microsoft-Windows-WinRM","Activity Transfer"
"16-06-2026 10:07:55","145","Information","Microsoft-Windows-WinRM","WSMan operation Enumeration started with resourceUri http://schemas.microsoft.com/wbem/wsman/1/config/listener"
"16-06-2026 10:04:32","142","Error","Microsoft-Windows-WinRM","WSMan operation Enumeration failed, error code 2150858770"
"16-06-2026 10:04:32","161","Error","Microsoft-Windows-WinRM","The client cannot connect to the destination specified in the request. Verify that the service on the destination is running and is accepting requests. Consult the logs and documentation for the WS-Management service running on the destination, most commonly IIS or WinRM. If the destination is the WinRM service, run the following command on the destination to analyze and configure the WinRM service: ""winrm quickconfig""."
"16-06-2026 10:04:32","254","Information","Microsoft-Windows-WinRM","Activity Transfer"
"16-06-2026 10:04:28","145","Information","Microsoft-Windows-WinRM","WSMan operation Enumeration started with resourceUri http://schemas.microsoft.com/wbem/wsman/1/config/listener"
"16-06-2026 09:59:36","142","Error","Microsoft-Windows-WinRM","WSMan operation Enumeration failed, error code 2150858770"
"16-06-2026 09:59:36","161","Error","Microsoft-Windows-WinRM","The client cannot connect to the destination specified in the request. Verify that the service on the destination is running and is accepting requests. Consult the logs and documentation for the WS-Management service running on the destination, most commonly IIS or WinRM. If the destination is the WinRM service, run the following command on the destination to analyze and configure the WinRM service: ""winrm quickconfig""."
"16-06-2026 09:59:36","254","Information","Microsoft-Windows-WinRM","Activity Transfer"
"16-06-2026 09:59:32","145","Information","Microsoft-Windows-WinRM","WSMan operation Enumeration started with resourceUri http://schemas.microsoft.com/wbem/wsman/1/config/listener"
"15-06-2026 08:52:56","142","Error","Microsoft-Windows-WinRM","WSMan operation Enumeration failed, error code 2150858770"
"15-06-2026 08:52:56","161","Error","Microsoft-Windows-WinRM","The client cannot connect to the destination specified in the request. Verify that the service on the destination is running and is accepting requests. Consult the logs and documentation for the WS-Management service running on the destination, most commonly IIS or WinRM. If the destination is the WinRM service, run the following command on the destination to analyze and configure the WinRM service: ""winrm quickconfig""."
"15-06-2026 08:52:56","254","Information","Microsoft-Windows-WinRM","Activity Transfer"
"13-06-2026 01:47:45","145","Information","Microsoft-Windows-WinRM","WSMan operation Enumeration started with resourceUri http://schemas.microsoft.com/wbem/wsman/1/config/listener"
"12-06-2026 16:11:51","142","Error","Microsoft-Windows-WinRM","WSMan operation Enumeration failed, error code 2150858770"
"12-06-2026 16:11:51","161","Error","Microsoft-Windows-WinRM","The client cannot connect to the destination specified in the request. Verify that the service on the destination is running and is accepting requests. Consult the logs and documentation for the WS-Management service running on the destination, most commonly IIS or WinRM. If the destination is the WinRM service, run the following command on the destination to analyze and configure the WinRM service: ""winrm quickconfig""."
"12-06-2026 16:11:51","254","Information","Microsoft-Windows-WinRM","Activity Transfer"
"12-06-2026 16:11:47","145","Information","Microsoft-Windows-WinRM","WSMan operation Enumeration started with resourceUri http://schemas.microsoft.com/wbem/wsman/1/config/listener"
"12-06-2026 16:03:07","142","Error","Microsoft-Windows-WinRM","WSMan operation Enumeration failed, error code 2150858770"
"12-06-2026 16:03:07","161","Error","Microsoft-Windows-WinRM","The client cannot connect to the destination specified in the request. Verify that the service on the destination is running and is accepting requests. Consult the logs and documentation for the WS-Management service running on the destination, most commonly IIS or WinRM. If the destination is the WinRM service, run the following command on the destination to analyze and configure the WinRM service: ""winrm quickconfig""."
"12-06-2026 16:03:07","254","Information","Microsoft-Windows-WinRM","Activity Transfer"
"12-06-2026 16:03:03","145","Information","Microsoft-Windows-WinRM","WSMan operation Enumeration started with resourceUri http://schemas.microsoft.com/wbem/wsman/1/config/listener"
"12-06-2026 15:00:22","142","Error","Microsoft-Windows-WinRM","WSMan operation Enumeration failed, error code 2150858770"
"12-06-2026 15:00:22","161","Error","Microsoft-Windows-WinRM","The client cannot connect to the destination specified in the request. Verify that the service on the destination is running and is accepting requests. Consult the logs and documentation for the WS-Management service running on the destination, most commonly IIS or WinRM. If the destination is the WinRM service, run the following command on the destination to analyze and configure the WinRM service: ""winrm quickconfig""."
"12-06-2026 15:00:22","254","Information","Microsoft-Windows-WinRM","Activity Transfer"
"12-06-2026 15:00:18","145","Information","Microsoft-Windows-WinRM","WSMan operation Enumeration started with resourceUri http://schemas.microsoft.com/wbem/wsman/1/config/listener"
"12-06-2026 10:54:23","142","Error","Microsoft-Windows-WinRM","WSMan operation Enumeration failed, error code 2150858770"
"12-06-2026 10:54:23","161","Error","Microsoft-Windows-WinRM","The client cannot connect to the destination specified in the request. Verify that the service on the destination is running and is accepting requests. Consult the logs and documentation for the WS-Management service running on the destination, most commonly IIS or WinRM. If the destination is the WinRM service, run the following command on the destination to analyze and configure the WinRM service: ""winrm quickconfig""."
"12-06-2026 10:54:23","254","Information","Microsoft-Windows-WinRM","Activity Transfer"
"12-06-2026 10:54:19","145","Information","Microsoft-Windows-WinRM","WSMan operation Enumeration started with resourceUri http://schemas.microsoft.com/wbem/wsman/1/config/listener"
"12-06-2026 10:02:25","142","Error","Microsoft-Windows-WinRM","WSMan operation Enumeration failed, error code 2150858770"
"12-06-2026 10:02:24","161","Error","Microsoft-Windows-WinRM","The client cannot connect to the destination specified in the request. Verify that the service on the destination is running and is accepting requests. Consult the logs and documentation for the WS-Management service running on the destination, most commonly IIS or WinRM. If the destination is the WinRM service, run the following command on the destination to analyze and configure the WinRM service: ""winrm quickconfig""."
"12-06-2026 10:02:24","254","Information","Microsoft-Windows-WinRM","Activity Transfer"
"12-06-2026 10:02:20","145","Information","Microsoft-Windows-WinRM","WSMan operation Enumeration started with resourceUri http://schemas.microsoft.com/wbem/wsman/1/config/listener"
"12-06-2026 09:54:49","142","Error","Microsoft-Windows-WinRM","WSMan operation Enumeration failed, error code 2150858770"
"12-06-2026 09:54:49","161","Error","Microsoft-Windows-WinRM","The client cannot connect to the destination specified in the request. Verify that the service on the destination is running and is accepting requests. Consult the logs and documentation for the WS-Management service running on the destination, most commonly IIS or WinRM. If the destination is the WinRM service, run the following command on the destination to analyze and configure the WinRM service: ""winrm quickconfig""."
"12-06-2026 09:54:49","254","Information","Microsoft-Windows-WinRM","Activity Transfer"
"12-06-2026 09:54:45","145","Information","Microsoft-Windows-WinRM","WSMan operation Enumeration started with resourceUri http://schemas.microsoft.com/wbem/wsman/1/config/listener"
"11-06-2026 15:53:01","142","Error","Microsoft-Windows-WinRM","WSMan operation Enumeration failed, error code 2150858770"
"11-06-2026 15:53:01","161","Error","Microsoft-Windows-WinRM","The client cannot connect to the destination specified in the request. Verify that the service on the destination is running and is accepting requests. Consult the logs and documentation for the WS-Management service running on the destination, most commonly IIS or WinRM. If the destination is the WinRM service, run the following command on the destination to analyze and configure the WinRM service: ""winrm quickconfig""."
"11-06-2026 15:53:01","254","Information","Microsoft-Windows-WinRM","Activity Transfer"
"11-06-2026 15:52:57","145","Information","Microsoft-Windows-WinRM","WSMan operation Enumeration started with resourceUri http://schemas.microsoft.com/wbem/wsman/1/config/listener"
"11-06-2026 10:45:16","142","Error","Microsoft-Windows-WinRM","WSMan operation Enumeration failed, error code 2150858770"
"11-06-2026 10:45:16","161","Error","Microsoft-Windows-WinRM","The client cannot connect to the destination specified in the request. Verify that the service on the destination is running and is accepting requests. Consult the logs and documentation for the WS-Management service running on the destination, most commonly IIS or WinRM. If the destination is the WinRM service, run the following command on the destination to analyze and configure the WinRM service: ""winrm quickconfig""."
"11-06-2026 10:45:16","254","Information","Microsoft-Windows-WinRM","Activity Transfer"
"11-06-2026 10:45:12","145","Information","Microsoft-Windows-WinRM","WSMan operation Enumeration started with resourceUri http://schemas.microsoft.com/wbem/wsman/1/config/listener"
"11-06-2026 10:10:53","142","Error","Microsoft-Windows-WinRM","WSMan operation Enumeration failed, error code 2150858770"
"11-06-2026 10:10:53","161","Error","Microsoft-Windows-WinRM","The client cannot connect to the destination specified in the request. Verify that the service on the destination is running and is accepting requests. Consult the logs and documentation for the WS-Management service running on the destination, most commonly IIS or WinRM. If the destination is the WinRM service, run the following command on the destination to analyze and configure the WinRM service: ""winrm quickconfig""."
"11-06-2026 10:10:53","254","Information","Microsoft-Windows-WinRM","Activity Transfer"
"11-06-2026 10:10:49","145","Information","Microsoft-Windows-WinRM","WSMan operation Enumeration started with resourceUri http://schemas.microsoft.com/wbem/wsman/1/config/listener"
"11-06-2026 09:53:56","142","Error","Microsoft-Windows-WinRM","WSMan operation Enumeration failed, error code 2150858770"
"11-06-2026 09:53:56","161","Error","Microsoft-Windows-WinRM","The client cannot connect to the destination specified in the request. Verify that the service on the destination is running and is accepting requests. Consult the logs and documentation for the WS-Management service running on the destination, most commonly IIS or WinRM. If the destination is the WinRM service, run the following command on the destination to analyze and configure the WinRM service: ""winrm quickconfig""."
"11-06-2026 09:53:56","254","Information","Microsoft-Windows-WinRM","Activity Transfer"
"11-06-2026 09:53:51","145","Information","Microsoft-Windows-WinRM","WSMan operation Enumeration started with resourceUri http://schemas.microsoft.com/wbem/wsman/1/config/listener"
"11-06-2026 09:49:51","142","Error","Microsoft-Windows-WinRM","WSMan operation Enumeration failed, error code 2150858770"
"11-06-2026 09:49:51","161","Error","Microsoft-Windows-WinRM","The client cannot connect to the destination specified in the request. Verify that the service on the destination is running and is accepting requests. Consult the logs and documentation for the WS-Management service running on the destination, most commonly IIS or WinRM. If the destination is the WinRM service, run the following command on the destination to analyze and configure the WinRM service: ""winrm quickconfig""."
"11-06-2026 09:49:51","254","Information","Microsoft-Windows-WinRM","Activity Transfer"
"11-06-2026 09:49:47","145","Information","Microsoft-Windows-WinRM","WSMan operation Enumeration started with resourceUri http://schemas.microsoft.com/wbem/wsman/1/config/listener"
"11-06-2026 08:49:05","142","Error","Microsoft-Windows-WinRM","WSMan operation Enumeration failed, error code 2150858770"
"11-06-2026 08:49:05","161","Error","Microsoft-Windows-WinRM","The client cannot connect to the destination specified in the request. Verify that the service on the destination is running and is accepting requests. Consult the logs and documentation for the WS-Management service running on the destination, most commonly IIS or WinRM. If the destination is the WinRM service, run the following command on the destination to analyze and configure the WinRM service: ""winrm quickconfig""."
"11-06-2026 08:49:05","254","Information","Microsoft-Windows-WinRM","Activity Transfer"
"11-06-2026 06:08:21","145","Information","Microsoft-Windows-WinRM","WSMan operation Enumeration started with resourceUri http://schemas.microsoft.com/wbem/wsman/1/config/listener"
"10-06-2026 20:07:49","142","Error","Microsoft-Windows-WinRM","WSMan operation Enumeration failed, error code 2150858770"
"10-06-2026 20:07:49","161","Error","Microsoft-Windows-WinRM","The client cannot connect to the destination specified in the request. Verify that the service on the destination is running and is accepting requests. Consult the logs and documentation for the WS-Management service running on the destination, most commonly IIS or WinRM. If the destination is the WinRM service, run the following command on the destination to analyze and configure the WinRM service: ""winrm quickconfig""."
"10-06-2026 20:07:49","254","Information","Microsoft-Windows-WinRM","Activity Transfer"
"10-06-2026 20:07:45","145","Information","Microsoft-Windows-WinRM","WSMan operation Enumeration started with resourceUri http://schemas.microsoft.com/wbem/wsman/1/config/listener"
"10-06-2026 19:14:51","142","Error","Microsoft-Windows-WinRM","WSMan operation Enumeration failed, error code 2150858770"
"10-06-2026 19:14:51","161","Error","Microsoft-Windows-WinRM","The client cannot connect to the destination specified in the request. Verify that the service on the destination is running and is accepting requests. Consult the logs and documentation for the WS-Management service running on the destination, most commonly IIS or WinRM. If the destination is the WinRM service, run the following command on the destination to analyze and configure the WinRM service: ""winrm quickconfig""."
"10-06-2026 19:14:51","254","Information","Microsoft-Windows-WinRM","Activity Transfer"
"10-06-2026 19:14:47","145","Information","Microsoft-Windows-WinRM","WSMan operation Enumeration started with resourceUri http://schemas.microsoft.com/wbem/wsman/1/config/listener"
"10-06-2026 15:54:35","142","Error","Microsoft-Windows-WinRM","WSMan operation Enumeration failed, error code 2150858770"
"10-06-2026 15:54:35","161","Error","Microsoft-Windows-WinRM","The client cannot connect to the destination specified in the request. Verify that the service on the destination is running and is accepting requests. Consult the logs and documentation for the WS-Management service running on the destination, most commonly IIS or WinRM. If the destination is the WinRM service, run the following command on the destination to analyze and configure the WinRM service: ""winrm quickconfig""."
"10-06-2026 15:54:35","254","Information","Microsoft-Windows-WinRM","Activity Transfer"
"10-06-2026 15:54:30","145","Information","Microsoft-Windows-WinRM","WSMan operation Enumeration started with resourceUri http://schemas.microsoft.com/wbem/wsman/1/config/listener"
"10-06-2026 13:07:15","142","Error","Microsoft-Windows-WinRM","WSMan operation Enumeration failed, error code 2150858770"
"10-06-2026 13:07:15","161","Error","Microsoft-Windows-WinRM","The client cannot connect to the destination specified in the request. Verify that the service on the destination is running and is accepting requests. Consult the logs and documentation for the WS-Management service running on the destination, most commonly IIS or WinRM. If the destination is the WinRM service, run the following command on the destination to analyze and configure the WinRM service: ""winrm quickconfig""."
"10-06-2026 13:07:15","254","Information","Microsoft-Windows-WinRM","Activity Transfer"
"10-06-2026 13:07:11","145","Information","Microsoft-Windows-WinRM","WSMan operation Enumeration started with resourceUri http://schemas.microsoft.com/wbem/wsman/1/config/listener"
"10-06-2026 12:57:44","142","Error","Microsoft-Windows-WinRM","WSMan operation Enumeration failed, error code 2150858770"
"10-06-2026 12:57:44","161","Error","Microsoft-Windows-WinRM","The client cannot connect to the destination specified in the request. Verify that the service on the destination is running and is accepting requests. Consult the logs and documentation for the WS-Management service running on the destination, most commonly IIS or WinRM. If the destination is the WinRM service, run the following command on the destination to analyze and configure the WinRM service: ""winrm quickconfig""."
"10-06-2026 12:57:44","254","Information","Microsoft-Windows-WinRM","Activity Transfer"
"10-06-2026 12:57:40","145","Information","Microsoft-Windows-WinRM","WSMan operation Enumeration started with resourceUri http://schemas.microsoft.com/wbem/wsman/1/config/listener"
"10-06-2026 12:53:49","142","Error","Microsoft-Windows-WinRM","WSMan operation Enumeration failed, error code 2150858770"
"10-06-2026 12:53:49","161","Error","Microsoft-Windows-WinRM","The client cannot connect to the destination specified in the request. Verify that the service on the destination is running and is accepting requests. Consult the logs and documentation for the WS-Management service running on the destination, most commonly IIS or WinRM. If the destination is the WinRM service, run the following command on the destination to analyze and configure the WinRM service: ""winrm quickconfig""."
"10-06-2026 12:53:49","254","Information","Microsoft-Windows-WinRM","Activity Transfer"
"10-06-2026 12:53:45","145","Information","Microsoft-Windows-WinRM","WSMan operation Enumeration started with resourceUri http://schemas.microsoft.com/wbem/wsman/1/config/listener"
"10-06-2026 12:15:20","142","Error","Microsoft-Windows-WinRM","WSMan operation Enumeration failed, error code 2150858770"
"10-06-2026 12:15:20","161","Error","Microsoft-Windows-WinRM","The client cannot connect to the destination specified in the request. Verify that the service on the destination is running and is accepting requests. Consult the logs and documentation for the WS-Management service running on the destination, most commonly IIS or WinRM. If the destination is the WinRM service, run the following command on the destination to analyze and configure the WinRM service: ""winrm quickconfig""."
"10-06-2026 12:15:20","254","Information","Microsoft-Windows-WinRM","Activity Transfer"
"10-06-2026 12:15:16","145","Information","Microsoft-Windows-WinRM","WSMan operation Enumeration started with resourceUri http://schemas.microsoft.com/wbem/wsman/1/config/listener"
"10-06-2026 10:39:26","142","Error","Microsoft-Windows-WinRM","WSMan operation Enumeration failed, error code 2150858770"
"10-06-2026 10:39:26","161","Error","Microsoft-Windows-WinRM","The client cannot connect to the destination specified in the request. Verify that the service on the destination is running and is accepting requests. Consult the logs and documentation for the WS-Management service running on the destination, most commonly IIS or WinRM. If the destination is the WinRM service, run the following command on the destination to analyze and configure the WinRM service: ""winrm quickconfig""."
"10-06-2026 10:39:26","254","Information","Microsoft-Windows-WinRM","Activity Transfer"
"10-06-2026 10:39:22","145","Information","Microsoft-Windows-WinRM","WSMan operation Enumeration started with resourceUri http://schemas.microsoft.com/wbem/wsman/1/config/listener"
"10-06-2026 09:53:44","142","Error","Microsoft-Windows-WinRM","WSMan operation Enumeration failed, error code 2150858770"
