"22-06-2026 08:54:21","107","Information","Microsoft-Windows-DeviceSetupManager","DSM service has shut down."
"22-06-2026 08:54:21","101","Information","Microsoft-Windows-DeviceSetupManager","DSM Service is shutting down. Service uptime was 163 seconds, active worktime was 117973 ms."
"22-06-2026 08:53:36","11","Information","Microsoft-Windows-DeviceSetupManager","DSM service is idle and waiting for stop."
"22-06-2026 08:53:36","112","Information","Microsoft-Windows-DeviceSetupManager","Device container 'USB Receiver' ({65a5b7d5-6ba2-11f1-a27e-54582d32ed0c}) has been serviced, processed 12 tasks, and wrote 35 properties in 117420 ms."
"22-06-2026 08:53:36","190","Information","Microsoft-Windows-DeviceSetupManager","Property heuristics for device container 'USB Receiver' ({65a5b7d5-6ba2-11f1-a27e-54582d32ed0c}) completed in 31 ms."
"22-06-2026 08:53:36","127","Information","Microsoft-Windows-DeviceSetupManager","Device 'HID\VID_046D&PID_C538&MI_01&Col02\8&198ea069&0&0001' does not match any driver updates that are not optional."
"22-06-2026 08:53:36","127","Information","Microsoft-Windows-DeviceSetupManager","Device 'HID\VID_046D&PID_C538&MI_01&Col03\8&198ea069&0&0002' does not match any driver updates that are not optional."
"22-06-2026 08:53:36","127","Information","Microsoft-Windows-DeviceSetupManager","Device 'USB\VID_046D&PID_C538&MI_00\7&be57b28&0&0000' does not match any driver updates that are not optional."
"22-06-2026 08:53:36","127","Information","Microsoft-Windows-DeviceSetupManager","Device 'HID\VID_046D&PID_C538&MI_01&Col01\8&198ea069&0&0000' does not match any driver updates that are not optional."
"22-06-2026 08:53:36","127","Information","Microsoft-Windows-DeviceSetupManager","Device 'USB\VID_046D&PID_C538&MI_01\7&be57b28&0&0001' does not match any driver updates that are not optional."
"22-06-2026 08:53:36","127","Information","Microsoft-Windows-DeviceSetupManager","Device 'USB\VID_046D&PID_C538&MI_00\7&be57b28&0&0000' does not match any driver updates that are not optional."
"22-06-2026 08:53:36","127","Information","Microsoft-Windows-DeviceSetupManager","Device 'USB\VID_046D&PID_C538&MI_01\7&be57b28&0&0001' does not match any driver updates that are not optional."
"22-06-2026 08:53:36","41","Information","Microsoft-Windows-DeviceSetupManager","WU search completed."
"22-06-2026 08:53:16","41","Information","Microsoft-Windows-DeviceSetupManager","WU search completed."
"22-06-2026 08:51:41","112","Information","Microsoft-Windows-DeviceSetupManager","Device container 'Generic Monitor (Logi)' ({010efe14-0230-55ea-ad57-3a6de2791598}) has been serviced, processed 3 tasks, and wrote 35 properties in 480 ms."
"22-06-2026 08:51:41","190","Information","Microsoft-Windows-DeviceSetupManager","Property heuristics for device container 'Generic Monitor (Logi)' ({010efe14-0230-55ea-ad57-3a6de2791598}) completed in 392 ms."
"22-06-2026 08:51:40","112","Information","Microsoft-Windows-DeviceSetupManager","Device container 'Generic Monitor (Logi)' ({010efe14-0230-55ea-ad57-3a6de2791598}) has been serviced, processed 4 tasks, and wrote 35 properties in 157 ms."
"22-06-2026 08:51:40","190","Information","Microsoft-Windows-DeviceSetupManager","Property heuristics for device container 'Generic Monitor (Logi)' ({010efe14-0230-55ea-ad57-3a6de2791598}) completed in 140 ms."
"22-06-2026 08:51:39","11","Information","Microsoft-Windows-DeviceSetupManager","DSM service is idle and waiting for stop."
"22-06-2026 08:51:39","112","Information","Microsoft-Windows-DeviceSetupManager","Device container 'USB Receiver' ({65a5b7d5-6ba2-11f1-a27e-54582d32ed0c}) has been serviced, processed 5 tasks, and wrote 44 properties in 76 ms."
"22-06-2026 08:51:39","190","Information","Microsoft-Windows-DeviceSetupManager","Property heuristics for device container 'USB Receiver' ({65a5b7d5-6ba2-11f1-a27e-54582d32ed0c}) completed in 16 ms."
"22-06-2026 08:51:39","30","Information","Microsoft-Windows-DeviceSetupManager","Device container {65a5b7d5-6ba2-11f1-a27e-54582d32ed0c} is queued for setup."
"22-06-2026 08:51:39","11","Information","Microsoft-Windows-DeviceSetupManager","DSM service is idle and waiting for stop."
"22-06-2026 08:51:39","112","Information","Microsoft-Windows-DeviceSetupManager","Device container 'Realtek USB GbE Family Controller #2' ({13150715-2e0e-0103-0c00-004e34524b34}) has been serviced, processed 3 tasks, and wrote 35 properties in 29 ms."
"22-06-2026 08:51:39","190","Information","Microsoft-Windows-DeviceSetupManager","Property heuristics for device container 'Realtek USB GbE Family Controller #2' ({13150715-2e0e-0103-0c00-004e34524b34}) completed in 26 ms."
"22-06-2026 08:51:38","11","Information","Microsoft-Windows-DeviceSetupManager","DSM service is idle and waiting for stop."
"22-06-2026 08:51:38","112","Information","Microsoft-Windows-DeviceSetupManager","Device container 'Dell DA310' ({3bbca2de-ffda-53c6-90f2-f7fdd4f42870}) has been serviced, processed 6 tasks, and wrote 35 properties in 34 ms."
"22-06-2026 08:51:38","190","Information","Microsoft-Windows-DeviceSetupManager","Property heuristics for device container 'Dell DA310' ({3bbca2de-ffda-53c6-90f2-f7fdd4f42870}) completed in 19 ms."
"22-06-2026 08:51:38","11","Information","Microsoft-Windows-DeviceSetupManager","DSM service is idle and waiting for stop."
"22-06-2026 08:51:38","112","Information","Microsoft-Windows-DeviceSetupManager","Device container 'Dell DA310' ({3bbca2de-ffda-53c6-90f2-f7fdd4f42870}) has been serviced, processed 6 tasks, and wrote 44 properties in 55 ms."
"22-06-2026 08:51:38","190","Information","Microsoft-Windows-DeviceSetupManager","Property heuristics for device container 'Dell DA310' ({3bbca2de-ffda-53c6-90f2-f7fdd4f42870}) completed in 31 ms."
"22-06-2026 08:51:38","30","Information","Microsoft-Windows-DeviceSetupManager","Device container {3bbca2de-ffda-53c6-90f2-f7fdd4f42870} is queued for setup."
"22-06-2026 08:51:38","11","Information","Microsoft-Windows-DeviceSetupManager","DSM service is idle and waiting for stop."
"22-06-2026 08:51:38","112","Information","Microsoft-Windows-DeviceSetupManager","Device container 'Generic Monitor (Logi)' ({010efe14-0230-55ea-ad57-3a6de2791598}) has been serviced, processed 3 tasks, and wrote 35 properties in 79 ms."
"22-06-2026 08:51:38","190","Information","Microsoft-Windows-DeviceSetupManager","Property heuristics for device container 'Generic Monitor (Logi)' ({010efe14-0230-55ea-ad57-3a6de2791598}) completed in 79 ms."
"22-06-2026 08:51:38","11","Information","Microsoft-Windows-DeviceSetupManager","DSM service is idle and waiting for stop."
"22-06-2026 08:51:38","112","Information","Microsoft-Windows-DeviceSetupManager","Device container 'Frescologic USB3.1Gen2 HUB' ({13150715-2e0e-0103-0c00-004e34524b34}) has been serviced, processed 3 tasks, and wrote 44 properties in 216 ms."
"22-06-2026 08:51:38","112","Information","Microsoft-Windows-DeviceSetupManager","Device container 'Generic Monitor (Logi)' ({010efe14-0230-55ea-ad57-3a6de2791598}) has been serviced, processed 4 tasks, and wrote 35 properties in 216 ms."
"22-06-2026 08:51:38","190","Information","Microsoft-Windows-DeviceSetupManager","Property heuristics for device container 'Generic Monitor (Logi)' ({010efe14-0230-55ea-ad57-3a6de2791598}) completed in 126 ms."
"22-06-2026 08:51:38","190","Information","Microsoft-Windows-DeviceSetupManager","Property heuristics for device container 'Frescologic USB3.1Gen2 HUB' ({13150715-2e0e-0103-0c00-004e34524b34}) completed in 24 ms."
"22-06-2026 08:51:38","30","Information","Microsoft-Windows-DeviceSetupManager","Device container {010efe14-0230-55ea-ad57-3a6de2791598} is queued for setup."
"22-06-2026 08:51:38","30","Information","Microsoft-Windows-DeviceSetupManager","Device container {13150715-2e0e-0103-0c00-004e34524b34} is queued for setup."
"22-06-2026 08:51:38","100","Information","Microsoft-Windows-DeviceSetupManager","DSM service started, mode is Normal, last session (or boot) was 309 seconds ago."
"22-06-2026 08:46:28","107","Information","Microsoft-Windows-DeviceSetupManager","DSM service has shut down."
"22-06-2026 08:46:28","101","Information","Microsoft-Windows-DeviceSetupManager","DSM Service is shutting down. Service uptime was 185009 seconds, active worktime was 2322 ms."
"22-06-2026 08:45:43","203","Information","Microsoft-Windows-DeviceSetupManager","The Network List Manager reports connection to the internet has been established."
"22-06-2026 08:45:32","11","Information","Microsoft-Windows-DeviceSetupManager","DSM service is idle and waiting for stop."
"22-06-2026 08:45:32","112","Information","Microsoft-Windows-DeviceSetupManager","Device container 'Plantronics Blackwire 3225 Series' ({ccc49380-9067-5383-966e-8334bad8972a}) has been serviced, processed 6 tasks, and wrote 35 properties in 2170 ms."
"22-06-2026 08:45:32","190","Information","Microsoft-Windows-DeviceSetupManager","Property heuristics for device container 'Plantronics Blackwire 3225 Series' ({ccc49380-9067-5383-966e-8334bad8972a}) completed in 1431 ms."
"20-06-2026 05:23:02","203","Information","Microsoft-Windows-DeviceSetupManager","The Network List Manager reports connection to the internet has been established."
"20-06-2026 05:22:59","11","Information","Microsoft-Windows-DeviceSetupManager","DSM service is idle and waiting for stop."
"20-06-2026 05:22:59","112","Information","Microsoft-Windows-DeviceSetupManager","Device container 'Plantronics Blackwire 3225 Series' ({ccc49380-9067-5383-966e-8334bad8972a}) has been serviced, processed 5 tasks, and wrote 35 properties in 126 ms."
"20-06-2026 05:22:59","190","Information","Microsoft-Windows-DeviceSetupManager","Property heuristics for device container 'Plantronics Blackwire 3225 Series' ({ccc49380-9067-5383-966e-8334bad8972a}) completed in 20 ms."
"20-06-2026 05:22:59","30","Information","Microsoft-Windows-DeviceSetupManager","Device container {ccc49380-9067-5383-966e-8334bad8972a} is queued for setup."
"20-06-2026 05:22:59","100","Information","Microsoft-Windows-DeviceSetupManager","DSM service started, mode is Normal, last session (or boot) was 70925 seconds ago."
"19-06-2026 09:40:53","107","Information","Microsoft-Windows-DeviceSetupManager","DSM service has shut down."
"19-06-2026 09:40:53","101","Information","Microsoft-Windows-DeviceSetupManager","DSM Service is shutting down. Service uptime was 45 seconds, active worktime was 728 ms."
"19-06-2026 09:40:08","11","Information","Microsoft-Windows-DeviceSetupManager","DSM service is idle and waiting for stop."
"19-06-2026 09:40:08","112","Information","Microsoft-Windows-DeviceSetupManager","Device container 'Hub Feature Controller' ({00000000-0000-0000-0000-002b68d90a1a}) has been serviced, processed 4 tasks, and wrote 35 properties in 728 ms."
"19-06-2026 09:40:08","190","Information","Microsoft-Windows-DeviceSetupManager","Property heuristics for device container 'Hub Feature Controller' ({00000000-0000-0000-0000-002b68d90a1a}) completed in 23 ms."
"19-06-2026 09:40:08","30","Information","Microsoft-Windows-DeviceSetupManager","Device container {00000000-0000-0000-0000-002b68d90a1a} is queued for setup."
"19-06-2026 09:40:08","100","Information","Microsoft-Windows-DeviceSetupManager","DSM service started, mode is Normal, last session (or boot) was 8 seconds ago."
"19-06-2026 09:39:59","107","Information","Microsoft-Windows-DeviceSetupManager","DSM service has shut down."
"19-06-2026 09:39:59","101","Information","Microsoft-Windows-DeviceSetupManager","DSM Service is shutting down. Service uptime was 48 seconds, active worktime was 239 ms."
"19-06-2026 09:39:14","11","Information","Microsoft-Windows-DeviceSetupManager","DSM service is idle and waiting for stop."
"19-06-2026 09:39:14","112","Information","Microsoft-Windows-DeviceSetupManager","Device container 'Hub Feature Controller' ({00000000-0000-0000-0000-002b68d90a1a}) has been serviced, processed 3 tasks, and wrote 35 properties in 45 ms."
"19-06-2026 09:39:14","190","Information","Microsoft-Windows-DeviceSetupManager","Property heuristics for device container 'Hub Feature Controller' ({00000000-0000-0000-0000-002b68d90a1a}) completed in 42 ms."
"19-06-2026 09:39:12","11","Information","Microsoft-Windows-DeviceSetupManager","DSM service is idle and waiting for stop."
"19-06-2026 09:39:12","112","Information","Microsoft-Windows-DeviceSetupManager","Device container 'Hub Feature Controller' ({00000000-0000-0000-0000-002b68d90a1a}) has been serviced, processed 5 tasks, and wrote 35 properties in 34 ms."
"19-06-2026 09:39:12","190","Information","Microsoft-Windows-DeviceSetupManager","Property heuristics for device container 'Hub Feature Controller' ({00000000-0000-0000-0000-002b68d90a1a}) completed in 16 ms."
"19-06-2026 09:39:12","190","Information","Microsoft-Windows-DeviceSetupManager","Property heuristics for device container 'Hub Feature Controller' ({00000000-0000-0000-0000-002b68d90a1a}) completed in 16 ms."
"19-06-2026 09:39:12","112","Information","Microsoft-Windows-DeviceSetupManager","Device container 'Hub Feature Controller' ({00000000-0000-0000-0000-002b68d90a1a}) has been serviced, processed 3 tasks, and wrote 35 properties in 13 ms."
"19-06-2026 09:39:12","190","Information","Microsoft-Windows-DeviceSetupManager","Property heuristics for device container 'Hub Feature Controller' ({00000000-0000-0000-0000-002b68d90a1a}) completed in 11 ms."
"19-06-2026 09:39:11","11","Information","Microsoft-Windows-DeviceSetupManager","DSM service is idle and waiting for stop."
"19-06-2026 09:39:11","112","Information","Microsoft-Windows-DeviceSetupManager","Device container 'USB2806 Smart Hub' ({00000000-0000-0000-0000-002b68d90a1a}) has been serviced, processed 3 tasks, and wrote 35 properties in 8 ms."
"19-06-2026 09:39:11","190","Information","Microsoft-Windows-DeviceSetupManager","Property heuristics for device container 'USB2806 Smart Hub' ({00000000-0000-0000-0000-002b68d90a1a}) completed in 8 ms."
"19-06-2026 09:39:11","11","Information","Microsoft-Windows-DeviceSetupManager","DSM service is idle and waiting for stop."
"19-06-2026 09:39:11","112","Information","Microsoft-Windows-DeviceSetupManager","Device container 'USB5806 Smart Hub' ({00000000-0000-0000-0000-002b68d90a1a}) has been serviced, processed 3 tasks, and wrote 44 properties in 118 ms."
"19-06-2026 09:39:11","190","Information","Microsoft-Windows-DeviceSetupManager","Property heuristics for device container 'USB5806 Smart Hub' ({00000000-0000-0000-0000-002b68d90a1a}) completed in 19 ms."
"19-06-2026 09:39:11","30","Information","Microsoft-Windows-DeviceSetupManager","Device container {00000000-0000-0000-0000-002b68d90a1a} is queued for setup."
"19-06-2026 09:39:11","100","Information","Microsoft-Windows-DeviceSetupManager","DSM service started, mode is Normal, last session (or boot) was 2271 seconds ago."
"19-06-2026 09:01:19","107","Information","Microsoft-Windows-DeviceSetupManager","DSM service has shut down."
"19-06-2026 09:01:19","101","Information","Microsoft-Windows-DeviceSetupManager","DSM Service is shutting down. Service uptime was 46 seconds, active worktime was 1579 ms."
"19-06-2026 09:00:34","11","Information","Microsoft-Windows-DeviceSetupManager","DSM service is idle and waiting for stop."
"19-06-2026 09:00:34","112","Information","Microsoft-Windows-DeviceSetupManager","Device container 'LIND55MBVC4' ({00000000-0000-0000-ffff-ffffffffffff}) has been serviced, processed 7 tasks, and wrote 43 properties in 1577 ms."
"19-06-2026 09:00:34","190","Information","Microsoft-Windows-DeviceSetupManager","Property heuristics for device container 'LIND55MBVC4' ({00000000-0000-0000-ffff-ffffffffffff}) completed in 1186 ms."
"19-06-2026 09:00:32","30","Information","Microsoft-Windows-DeviceSetupManager","Device container {00000000-0000-0000-ffff-ffffffffffff} is queued for setup."
"19-06-2026 09:00:32","100","Information","Microsoft-Windows-DeviceSetupManager","DSM service started, mode is Normal, last session (or boot) was 86109 seconds ago."
"17-06-2026 19:14:37","107","Information","Microsoft-Windows-DeviceSetupManager","DSM service has shut down."
"17-06-2026 19:14:37","101","Information","Microsoft-Windows-DeviceSetupManager","DSM Service is shutting down. Service uptime was 61 seconds, active worktime was 198 ms."
"17-06-2026 19:13:52","203","Information","Microsoft-Windows-DeviceSetupManager","The Network List Manager reports connection to the internet has been established."
"17-06-2026 19:13:36","11","Information","Microsoft-Windows-DeviceSetupManager","DSM service is idle and waiting for stop."
"17-06-2026 19:13:36","112","Information","Microsoft-Windows-DeviceSetupManager","Device container 'LIND55MBVC4' ({00000000-0000-0000-ffff-ffffffffffff}) has been serviced, processed 7 tasks, and wrote 43 properties in 198 ms."
"17-06-2026 19:13:36","190","Information","Microsoft-Windows-DeviceSetupManager","Property heuristics for device container 'LIND55MBVC4' ({00000000-0000-0000-ffff-ffffffffffff}) completed in 154 ms."
"17-06-2026 19:13:36","30","Information","Microsoft-Windows-DeviceSetupManager","Device container {00000000-0000-0000-ffff-ffffffffffff} is queued for setup."
"17-06-2026 19:13:36","100","Information","Microsoft-Windows-DeviceSetupManager","DSM service started, mode is Normal, last session (or boot) was 14 seconds ago."
"17-06-2026 18:21:25","107","Information","Microsoft-Windows-DeviceSetupManager","DSM service has shut down."
"17-06-2026 18:21:25","101","Information","Microsoft-Windows-DeviceSetupManager","DSM Service is shutting down. Service uptime was 45 seconds, active worktime was 400 ms."
"17-06-2026 18:20:40","11","Information","Microsoft-Windows-DeviceSetupManager","DSM service is idle and waiting for stop."
"17-06-2026 18:20:40","112","Information","Microsoft-Windows-DeviceSetupManager","Device container 'LIND55MBVC4' ({00000000-0000-0000-ffff-ffffffffffff}) has been serviced, processed 7 tasks, and wrote 43 properties in 396 ms."
"17-06-2026 18:20:40","190","Information","Microsoft-Windows-DeviceSetupManager","Property heuristics for device container 'LIND55MBVC4' ({00000000-0000-0000-ffff-ffffffffffff}) completed in 369 ms."
"17-06-2026 18:20:40","112","Information","Microsoft-Windows-DeviceSetupManager","Device container 'Dell U2422HE(USB Type_C)' ({1a280936-c6ed-5221-9721-f685a263cb13}) has been serviced, processed 7 tasks, and wrote 35 properties in 153 ms."
"17-06-2026 18:20:40","190","Information","Microsoft-Windows-DeviceSetupManager","Property heuristics for device container 'Dell U2422HE(USB Type_C)' ({1a280936-c6ed-5221-9721-f685a263cb13}) completed in 16 ms."
"17-06-2026 18:20:40","190","Information","Microsoft-Windows-DeviceSetupManager","Property heuristics for device container 'Dell U2422HE(USB Type_C)' ({1a280936-c6ed-5221-9721-f685a263cb13}) completed in 13 ms."
"17-06-2026 18:20:40","30","Information","Microsoft-Windows-DeviceSetupManager","Device container {1a280936-c6ed-5221-9721-f685a263cb13} is queued for setup."
"17-06-2026 18:20:40","30","Information","Microsoft-Windows-DeviceSetupManager","Device container {00000000-0000-0000-ffff-ffffffffffff} is queued for setup."
"17-06-2026 18:20:40","100","Information","Microsoft-Windows-DeviceSetupManager","DSM service started, mode is Normal, last session (or boot) was 5710 seconds ago."
"17-06-2026 16:45:29","107","Information","Microsoft-Windows-DeviceSetupManager","DSM service has shut down."
"17-06-2026 16:45:29","101","Information","Microsoft-Windows-DeviceSetupManager","DSM Service is shutting down. Service uptime was 47 seconds, active worktime was 993 ms."
"17-06-2026 16:44:44","11","Information","Microsoft-Windows-DeviceSetupManager","DSM service is idle and waiting for stop."
"17-06-2026 16:44:44","112","Information","Microsoft-Windows-DeviceSetupManager","Device container 'Headphone on SoundWire Device (5- Cirrus Logic XU)' ({c50ccab6-be23-566d-b12f-e319603873eb}) has been serviced, processed 3 tasks, and wrote 35 properties in 8 ms."
"17-06-2026 16:44:44","190","Information","Microsoft-Windows-DeviceSetupManager","Property heuristics for device container 'Headphone on SoundWire Device (5- Cirrus Logic XU)' ({c50ccab6-be23-566d-b12f-e319603873eb}) completed in 8 ms."
"17-06-2026 16:44:44","11","Information","Microsoft-Windows-DeviceSetupManager","DSM service is idle and waiting for stop."
"17-06-2026 16:44:44","112","Information","Microsoft-Windows-DeviceSetupManager","Device container 'Headphone on SoundWire Device (5- Cirrus Logic XU)' ({c50ccab6-be23-566d-b12f-e319603873eb}) has been serviced, processed 4 tasks, and wrote 44 properties in 23 ms."
"17-06-2026 16:44:44","190","Information","Microsoft-Windows-DeviceSetupManager","Property heuristics for device container 'Headphone on SoundWire Device (5- Cirrus Logic XU)' ({c50ccab6-be23-566d-b12f-e319603873eb}) completed in 12 ms."
"17-06-2026 16:44:44","30","Information","Microsoft-Windows-DeviceSetupManager","Device container {c50ccab6-be23-566d-b12f-e319603873eb} is queued for setup."
"17-06-2026 16:44:42","11","Information","Microsoft-Windows-DeviceSetupManager","DSM service is idle and waiting for stop."
"17-06-2026 16:44:42","112","Information","Microsoft-Windows-DeviceSetupManager","Device container 'LIND55MBVC4' ({00000000-0000-0000-ffff-ffffffffffff}) has been serviced, processed 20 tasks, and wrote 43 properties in 957 ms."
"17-06-2026 16:44:42","190","Information","Microsoft-Windows-DeviceSetupManager","Property heuristics for device container 'LIND55MBVC4' ({00000000-0000-0000-ffff-ffffffffffff}) completed in 202 ms."
"17-06-2026 16:44:41","30","Information","Microsoft-Windows-DeviceSetupManager","Device container {00000000-0000-0000-ffff-ffffffffffff} is queued for setup."
"17-06-2026 16:44:41","100","Information","Microsoft-Windows-DeviceSetupManager","DSM service started, mode is Normal, last session (or boot) was 5967 seconds ago."
"17-06-2026 15:05:14","107","Information","Microsoft-Windows-DeviceSetupManager","DSM service has shut down."
"17-06-2026 15:05:14","101","Information","Microsoft-Windows-DeviceSetupManager","DSM Service is shutting down. Service uptime was 53 seconds, active worktime was 3652 ms."
"17-06-2026 15:04:29","11","Information","Microsoft-Windows-DeviceSetupManager","DSM service is idle and waiting for stop."
"17-06-2026 15:04:29","112","Information","Microsoft-Windows-DeviceSetupManager","Device container 'Generic Monitor (Logi)' ({010efe14-0230-55ea-ad57-3a6de2791598}) has been serviced, processed 6 tasks, and wrote 35 properties in 484 ms."
"17-06-2026 15:04:29","190","Information","Microsoft-Windows-DeviceSetupManager","Property heuristics for device container 'Generic Monitor (Logi)' ({010efe14-0230-55ea-ad57-3a6de2791598}) completed in 87 ms."
"17-06-2026 15:04:29","190","Information","Microsoft-Windows-DeviceSetupManager","Property heuristics for device container 'Generic Monitor (Logi)' ({010efe14-0230-55ea-ad57-3a6de2791598}) completed in 241 ms."
"17-06-2026 15:04:27","11","Information","Microsoft-Windows-DeviceSetupManager","DSM service is idle and waiting for stop."
"17-06-2026 15:04:27","112","Information","Microsoft-Windows-DeviceSetupManager","Device container 'LIND55MBVC4' ({00000000-0000-0000-ffff-ffffffffffff}) has been serviced, processed 7 tasks, and wrote 43 properties in 2949 ms."
"17-06-2026 15:04:27","190","Information","Microsoft-Windows-DeviceSetupManager","Property heuristics for device container 'LIND55MBVC4' ({00000000-0000-0000-ffff-ffffffffffff}) completed in 2839 ms."
"17-06-2026 15:04:24","30","Information","Microsoft-Windows-DeviceSetupManager","Device container {00000000-0000-0000-ffff-ffffffffffff} is queued for setup."
"17-06-2026 15:04:21","11","Information","Microsoft-Windows-DeviceSetupManager","DSM service is idle and waiting for stop."
"17-06-2026 15:04:21","112","Information","Microsoft-Windows-DeviceSetupManager","Device container 'Generic Monitor (Logi)' ({010efe14-0230-55ea-ad57-3a6de2791598}) has been serviced, processed 3 tasks, and wrote 0 properties in 195 ms."
"17-06-2026 15:04:20","30","Information","Microsoft-Windows-DeviceSetupManager","Device container {010efe14-0230-55ea-ad57-3a6de2791598} is queued for setup."
"17-06-2026 15:04:20","100","Information","Microsoft-Windows-DeviceSetupManager","DSM service started, mode is Normal, last session (or boot) was 17491 seconds ago."
"17-06-2026 10:12:49","107","Information","Microsoft-Windows-DeviceSetupManager","DSM service has shut down."
"17-06-2026 10:12:49","101","Information","Microsoft-Windows-DeviceSetupManager","DSM Service is shutting down. Service uptime was 45 seconds, active worktime was 569 ms."
"17-06-2026 10:12:04","11","Information","Microsoft-Windows-DeviceSetupManager","DSM service is idle and waiting for stop."
"17-06-2026 10:12:04","112","Information","Microsoft-Windows-DeviceSetupManager","Device container 'LIND55MBVC4' ({00000000-0000-0000-ffff-ffffffffffff}) has been serviced, processed 12 tasks, and wrote 52 properties in 567 ms."
"17-06-2026 10:12:03","190","Information","Microsoft-Windows-DeviceSetupManager","Property heuristics for device container 'LIND55MBVC4' ({00000000-0000-0000-ffff-ffffffffffff}) completed in 211 ms."
"17-06-2026 10:12:03","190","Information","Microsoft-Windows-DeviceSetupManager","Property heuristics for device container 'LIND55MBVC4' ({00000000-0000-0000-ffff-ffffffffffff}) completed in 215 ms."
"17-06-2026 10:12:03","30","Information","Microsoft-Windows-DeviceSetupManager","Device container {00000000-0000-0000-ffff-ffffffffffff} is queued for setup."
"17-06-2026 10:12:03","100","Information","Microsoft-Windows-DeviceSetupManager","DSM service started, mode is Normal, last session (or boot) was 2037 seconds ago."
"17-06-2026 09:38:05","107","Information","Microsoft-Windows-DeviceSetupManager","DSM service has shut down."
"17-06-2026 09:38:05","101","Information","Microsoft-Windows-DeviceSetupManager","DSM Service is shutting down. Service uptime was 203 seconds, active worktime was 76111 ms."
"17-06-2026 09:37:20","11","Information","Microsoft-Windows-DeviceSetupManager","DSM service is idle and waiting for stop."
"17-06-2026 09:37:20","106","Information","Microsoft-Windows-DeviceSetupManager","DSM Service is leaving the retry state, there have been 3 retry cycles in this session."
"17-06-2026 09:37:20","112","Information","Microsoft-Windows-DeviceSetupManager","Device container 'Dell Universal Receiver' ({0831f13c-6974-11f1-a27a-54582d32ed0c}) has been serviced, processed 11 tasks, and wrote 35 properties in 72382 ms."
"17-06-2026 09:37:20","190","Information","Microsoft-Windows-DeviceSetupManager","Property heuristics for device container 'Dell Universal Receiver' ({0831f13c-6974-11f1-a27a-54582d32ed0c}) completed in 30 ms."
"17-06-2026 09:37:20","190","Information","Microsoft-Windows-DeviceSetupManager","Property heuristics for device container 'Dell Universal Receiver' ({0831f13c-6974-11f1-a27a-54582d32ed0c}) completed in 32 ms."
"17-06-2026 09:37:20","161","Information","Microsoft-Windows-DeviceSetupManager","Software DDPMSoftwareInstall_Device_component_software was not newer, Version: '2.0.1.0'. Current Version: '2.0.1.0'."
"17-06-2026 09:37:20","127","Information","Microsoft-Windows-DeviceSetupManager","Device 'HID\VID_413C&PID_4503&MI_02&Col01\8&3affadc2&0&0000' does not match any driver updates that are not optional."
"17-06-2026 09:37:20","127","Information","Microsoft-Windows-DeviceSetupManager","Device 'HID\VID_413C&PID_4503&MI_01&Col03\8&29f3806e&0&0002' does not match any driver updates that are not optional."
"17-06-2026 09:37:20","127","Information","Microsoft-Windows-DeviceSetupManager","Device 'HID\VID_413C&PID_4503&MI_01&Col02\8&29f3806e&0&0001' does not match any driver updates that are not optional."
"17-06-2026 09:37:20","127","Information","Microsoft-Windows-DeviceSetupManager","Device 'USB\VID_413C&PID_4503&MI_02\7&17dfca00&0&0002' does not match any driver updates that are not optional."
"17-06-2026 09:37:20","127","Information","Microsoft-Windows-DeviceSetupManager","Device 'USB\VID_413C&PID_4503&MI_00\7&17dfca00&0&0000' does not match any driver updates that are not optional."
"17-06-2026 09:37:20","127","Information","Microsoft-Windows-DeviceSetupManager","Device 'USB\VID_413C&PID_4503&MI_01\7&17dfca00&0&0001' does not match any driver updates that are not optional."
"17-06-2026 09:37:20","41","Information","Microsoft-Windows-DeviceSetupManager","WU search completed."
"17-06-2026 09:36:08","105","Information","Microsoft-Windows-DeviceSetupManager","DSM Service is entering a retry cycle (count: 3) because transient errors were encountered."
"17-06-2026 09:36:05","203","Information","Microsoft-Windows-DeviceSetupManager","The Network List Manager reports connection to the internet has been established."
"17-06-2026 09:35:25","11","Information","Microsoft-Windows-DeviceSetupManager","DSM service is idle and waiting for retry."
"17-06-2026 09:35:25","112","Information","Microsoft-Windows-DeviceSetupManager","Device container 'Dell Universal Receiver' ({0831f13c-6974-11f1-a27a-54582d32ed0c}) has been serviced, processed 9 tasks, and wrote 0 properties in 15 ms."
"17-06-2026 09:35:25","161","Information","Microsoft-Windows-DeviceSetupManager","Software DDPMSoftwareInstall_Device_component_software was not newer, Version: '2.0.1.0'. Current Version: '2.0.1.0'."
"17-06-2026 09:35:25","202","Warning","Microsoft-Windows-DeviceSetupManager","The Network List Manager reports no connectivity to the internet."
"17-06-2026 09:35:25","105","Information","Microsoft-Windows-DeviceSetupManager","DSM Service is entering a retry cycle (count: 2) because transient errors were encountered."
"17-06-2026 09:34:55","11","Information","Microsoft-Windows-DeviceSetupManager","DSM service is idle and waiting for retry."
"17-06-2026 09:34:55","112","Information","Microsoft-Windows-DeviceSetupManager","Device container 'Dell Universal Receiver' ({0831f13c-6974-11f1-a27a-54582d32ed0c}) has been serviced, processed 9 tasks, and wrote 0 properties in 99 ms."
"17-06-2026 09:34:55","161","Information","Microsoft-Windows-DeviceSetupManager","Software DDPMSoftwareInstall_Device_component_software was not newer, Version: '2.0.1.0'. Current Version: '2.0.1.0'."
"17-06-2026 09:34:55","202","Warning","Microsoft-Windows-DeviceSetupManager","The Network List Manager reports no connectivity to the internet."
"17-06-2026 09:34:55","105","Information","Microsoft-Windows-DeviceSetupManager","DSM Service is entering a retry cycle (count: 1) because transient errors were encountered."
"17-06-2026 09:34:52","11","Information","Microsoft-Windows-DeviceSetupManager","DSM service is idle and waiting for retry."
"17-06-2026 09:34:52","112","Information","Microsoft-Windows-DeviceSetupManager","Device container 'Dell Universal Receiver' ({0831f13c-6974-11f1-a27a-54582d32ed0c}) has been serviced, processed 27 tasks, and wrote 44 properties in 3324 ms."
"17-06-2026 09:34:52","190","Information","Microsoft-Windows-DeviceSetupManager","Property heuristics for device container 'Dell Universal Receiver' ({0831f13c-6974-11f1-a27a-54582d32ed0c}) completed in 161 ms."
"17-06-2026 09:34:52","160","Information","Microsoft-Windows-DeviceSetupManager","Software DDPMSoftwareInstall_Device_component_software was installed for device 'SWD\DRIVERENUM\DPMAutoInstallDriver_Device_component&9&15273fe1&0' in 1756 ms."
"17-06-2026 09:34:51","165","Information","Microsoft-Windows-DeviceSetupManager","Software DDPMSoftwareInstall_Device_component_software is being launched with command line: '""C:\Windows\System32\DriverStore\FileRepository\ddpmsoftwareinstall_component.inf_amd64_3d39f607b80ee919\DDPMDownloader.exe"" /InstallFromDriver /RecommendedFlow /DeviceInstanceID=SWD\DRIVERENUM\DPMAutoInstallDriver_Device_component&9&15273fe1&0'."
"17-06-2026 09:34:49","202","Warning","Microsoft-Windows-DeviceSetupManager","The Network List Manager reports no connectivity to the internet."
"17-06-2026 09:34:49","112","Information","Microsoft-Windows-DeviceSetupManager","Device container 'Hub Feature Controller' ({00000000-0000-0000-0000-007b6dd8dc18}) has been serviced, processed 4 tasks, and wrote 35 properties in 208 ms."
"17-06-2026 09:34:49","190","Information","Microsoft-Windows-DeviceSetupManager","Property heuristics for device container 'Hub Feature Controller' ({00000000-0000-0000-0000-007b6dd8dc18}) completed in 135 ms."
"17-06-2026 09:34:45","30","Information","Microsoft-Windows-DeviceSetupManager","Device container {0831f13c-6974-11f1-a27a-54582d32ed0c} is queued for setup."
"17-06-2026 09:34:42","11","Information","Microsoft-Windows-DeviceSetupManager","DSM service is idle and waiting for stop."
"17-06-2026 09:34:42","112","Information","Microsoft-Windows-DeviceSetupManager","Device container 'Realtek USB GbE Family Controller #3' ({00000000-0000-0000-0000-007b6dd8dc18}) has been serviced, processed 3 tasks, and wrote 44 properties in 183 ms."
"17-06-2026 09:34:42","190","Information","Microsoft-Windows-DeviceSetupManager","Property heuristics for device container 'Realtek USB GbE Family Controller #3' ({00000000-0000-0000-0000-007b6dd8dc18}) completed in 70 ms."
"17-06-2026 09:34:42","30","Information","Microsoft-Windows-DeviceSetupManager","Device container {00000000-0000-0000-0000-007b6dd8dc18} is queued for setup."
"17-06-2026 09:34:42","100","Information","Microsoft-Windows-DeviceSetupManager","DSM service started, mode is Normal, last session (or boot) was 54305 seconds ago."
"16-06-2026 18:29:37","107","Information","Microsoft-Windows-DeviceSetupManager","DSM service has shut down."
"16-06-2026 18:29:37","101","Information","Microsoft-Windows-DeviceSetupManager","DSM Service is shutting down. Service uptime was 45 seconds, active worktime was 62 ms."
"16-06-2026 18:28:52","11","Information","Microsoft-Windows-DeviceSetupManager","DSM service is idle and waiting for stop."
"16-06-2026 18:28:52","112","Information","Microsoft-Windows-DeviceSetupManager","Device container 'TSC TE244' ({66d57f75-1acf-5fa1-888e-b7e753613c0f}) has been serviced, processed 3 tasks, and wrote 0 properties in 62 ms."
"16-06-2026 18:28:52","30","Information","Microsoft-Windows-DeviceSetupManager","Device container {66d57f75-1acf-5fa1-888e-b7e753613c0f} is queued for setup."
"16-06-2026 18:28:52","100","Information","Microsoft-Windows-DeviceSetupManager","DSM service started, mode is Normal, last session (or boot) was 6930 seconds ago."
"16-06-2026 16:33:22","107","Information","Microsoft-Windows-DeviceSetupManager","DSM service has shut down."
"16-06-2026 16:33:22","101","Information","Microsoft-Windows-DeviceSetupManager","DSM Service is shutting down. Service uptime was 46 seconds, active worktime was 578 ms."
"16-06-2026 16:32:37","11","Information","Microsoft-Windows-DeviceSetupManager","DSM service is idle and waiting for stop."
"16-06-2026 16:32:37","112","Information","Microsoft-Windows-DeviceSetupManager","Device container 'Plantronics Blackwire 3225 Series' ({ccc49380-9067-5383-966e-8334bad8972a}) has been serviced, processed 11 tasks, and wrote 35 properties in 120 ms."
"16-06-2026 16:32:37","190","Information","Microsoft-Windows-DeviceSetupManager","Property heuristics for device container 'Plantronics Blackwire 3225 Series' ({ccc49380-9067-5383-966e-8334bad8972a}) completed in 24 ms."
"16-06-2026 16:32:37","190","Information","Microsoft-Windows-DeviceSetupManager","Property heuristics for device container 'Plantronics Blackwire 3225 Series' ({ccc49380-9067-5383-966e-8334bad8972a}) completed in 59 ms."
"16-06-2026 16:32:36","11","Information","Microsoft-Windows-DeviceSetupManager","DSM service is idle and waiting for stop."
"16-06-2026 16:32:36","112","Information","Microsoft-Windows-DeviceSetupManager","Device container 'LIND55MBVC4' ({00000000-0000-0000-ffff-ffffffffffff}) has been serviced, processed 12 tasks, and wrote 52 properties in 384 ms."
"16-06-2026 16:32:36","190","Information","Microsoft-Windows-DeviceSetupManager","Property heuristics for device container 'LIND55MBVC4' ({00000000-0000-0000-ffff-ffffffffffff}) completed in 178 ms."
"16-06-2026 16:32:36","190","Information","Microsoft-Windows-DeviceSetupManager","Property heuristics for device container 'LIND55MBVC4' ({00000000-0000-0000-ffff-ffffffffffff}) completed in 195 ms."
"16-06-2026 16:32:36","30","Information","Microsoft-Windows-DeviceSetupManager","Device container {00000000-0000-0000-ffff-ffffffffffff} is queued for setup."
"16-06-2026 16:32:35","11","Information","Microsoft-Windows-DeviceSetupManager","DSM service is idle and waiting for stop."
"16-06-2026 16:32:35","112","Information","Microsoft-Windows-DeviceSetupManager","Device container 'Plantronics Blackwire 3225 Series' ({ccc49380-9067-5383-966e-8334bad8972a}) has been serviced, processed 3 tasks, and wrote 0 properties in 50 ms."
"16-06-2026 16:32:35","30","Information","Microsoft-Windows-DeviceSetupManager","Device container {ccc49380-9067-5383-966e-8334bad8972a} is queued for setup."
"16-06-2026 16:32:35","100","Information","Microsoft-Windows-DeviceSetupManager","DSM service started, mode is Normal, last session (or boot) was 449 seconds ago."
"16-06-2026 16:25:06","107","Information","Microsoft-Windows-DeviceSetupManager","DSM service has shut down."
"16-06-2026 16:25:06","101","Information","Microsoft-Windows-DeviceSetupManager","DSM Service is shutting down. Service uptime was 49 seconds, active worktime was 1005 ms."
"16-06-2026 16:24:21","11","Information","Microsoft-Windows-DeviceSetupManager","DSM service is idle and waiting for stop."
"16-06-2026 16:24:21","112","Information","Microsoft-Windows-DeviceSetupManager","Device container 'Dell U2422HE(USB Type_C)' ({1a280936-c6ed-5221-9721-f685a263cb13}) has been serviced, processed 6 tasks, and wrote 35 properties in 70 ms."
"16-06-2026 16:24:21","190","Information","Microsoft-Windows-DeviceSetupManager","Property heuristics for device container 'Dell U2422HE(USB Type_C)' ({1a280936-c6ed-5221-9721-f685a263cb13}) completed in 20 ms."
"16-06-2026 16:24:21","190","Information","Microsoft-Windows-DeviceSetupManager","Property heuristics for device container 'Dell U2422HE(USB Type_C)' ({1a280936-c6ed-5221-9721-f685a263cb13}) completed in 24 ms."
"16-06-2026 16:24:21","11","Information","Microsoft-Windows-DeviceSetupManager","DSM service is idle and waiting for stop."
"16-06-2026 16:24:21","112","Information","Microsoft-Windows-DeviceSetupManager","Device container 'LIND55MBVC4' ({00000000-0000-0000-ffff-ffffffffffff}) has been serviced, processed 19 tasks, and wrote 61 properties in 786 ms."
"16-06-2026 16:24:21","190","Information","Microsoft-Windows-DeviceSetupManager","Property heuristics for device container 'LIND55MBVC4' ({00000000-0000-0000-ffff-ffffffffffff}) completed in 275 ms."
"16-06-2026 16:24:20","190","Information","Microsoft-Windows-DeviceSetupManager","Property heuristics for device container 'LIND55MBVC4' ({00000000-0000-0000-ffff-ffffffffffff}) completed in 219 ms."
"16-06-2026 16:24:20","190","Information","Microsoft-Windows-DeviceSetupManager","Property heuristics for device container 'LIND55MBVC4' ({00000000-0000-0000-ffff-ffffffffffff}) completed in 254 ms."
"16-06-2026 16:24:20","30","Information","Microsoft-Windows-DeviceSetupManager","Device container {00000000-0000-0000-ffff-ffffffffffff} is queued for setup."
"16-06-2026 16:24:19","11","Information","Microsoft-Windows-DeviceSetupManager","DSM service is idle and waiting for stop."
"16-06-2026 16:24:19","112","Information","Microsoft-Windows-DeviceSetupManager","Device container 'Dell U2422HE(USB Type_C)' ({1a280936-c6ed-5221-9721-f685a263cb13}) has been serviced, processed 3 tasks, and wrote 0 properties in 1 ms."
"16-06-2026 16:24:19","30","Information","Microsoft-Windows-DeviceSetupManager","Device container {1a280936-c6ed-5221-9721-f685a263cb13} is queued for setup."
"16-06-2026 16:24:17","11","Information","Microsoft-Windows-DeviceSetupManager","DSM service is idle and waiting for stop."
"16-06-2026 16:24:17","112","Information","Microsoft-Windows-DeviceSetupManager","Device container 'USB2 Controller Hub' ({00000000-0000-2c00-060a-160107000502}) has been serviced, processed 3 tasks, and wrote 0 properties in 82 ms."
"16-06-2026 16:24:17","30","Information","Microsoft-Windows-DeviceSetupManager","Device container {00000000-0000-2c00-060a-160107000502} is queued for setup."
"16-06-2026 16:24:17","100","Information","Microsoft-Windows-DeviceSetupManager","DSM service started, mode is Normal, last session (or boot) was 22847 seconds ago."
"16-06-2026 10:03:30","107","Information","Microsoft-Windows-DeviceSetupManager","DSM service has shut down."
"16-06-2026 10:03:30","101","Information","Microsoft-Windows-DeviceSetupManager","DSM Service is shutting down. Service uptime was 248 seconds, active worktime was 203605 ms."
"16-06-2026 10:02:45","11","Information","Microsoft-Windows-DeviceSetupManager","DSM service is idle and waiting for stop."
"16-06-2026 10:02:45","112","Information","Microsoft-Windows-DeviceSetupManager","Device container 'LIND55MBVC4' ({00000000-0000-0000-ffff-ffffffffffff}) has been serviced, processed 91 tasks, and wrote 43 properties in 203593 ms."
"16-06-2026 10:02:45","190","Information","Microsoft-Windows-DeviceSetupManager","Property heuristics for device container 'LIND55MBVC4' ({00000000-0000-0000-ffff-ffffffffffff}) completed in 360 ms."
"16-06-2026 10:02:44","127","Information","Microsoft-Windows-DeviceSetupManager","Device 'HID\HID_DEVICE_SYSTEM_VHF&Col01\9&25542e13&0&0000' does not match any driver updates that are not optional."
"16-06-2026 10:02:44","127","Information","Microsoft-Windows-DeviceSetupManager","Device 'HID\HID_DEVICE_SYSTEM_VHF&Col01\9&25542e13&0&0000' does not match any driver updates that are not optional."
"16-06-2026 10:02:44","41","Information","Microsoft-Windows-DeviceSetupManager","WU search completed."
"16-06-2026 10:02:31","41","Information","Microsoft-Windows-DeviceSetupManager","WU search completed."
"16-06-2026 09:59:33","203","Information","Microsoft-Windows-DeviceSetupManager","The Network List Manager reports connection to the internet has been established."
"16-06-2026 09:59:21","30","Information","Microsoft-Windows-DeviceSetupManager","Device container {00000000-0000-0000-ffff-ffffffffffff} is queued for setup."
"16-06-2026 09:59:21","100","Information","Microsoft-Windows-DeviceSetupManager","DSM service started, mode is Normal, last session (or boot) was 11 seconds ago."
"16-06-2026 09:46:04","107","Information","Microsoft-Windows-DeviceSetupManager","DSM service has shut down."
"16-06-2026 09:46:04","101","Information","Microsoft-Windows-DeviceSetupManager","DSM Service is shutting down. Service uptime was 45 seconds, active worktime was 215 ms."
"16-06-2026 09:45:19","11","Information","Microsoft-Windows-DeviceSetupManager","DSM service is idle and waiting for stop."
"16-06-2026 09:45:19","112","Information","Microsoft-Windows-DeviceSetupManager","Device container 'LIND55MBVC4' ({00000000-0000-0000-ffff-ffffffffffff}) has been serviced, processed 7 tasks, and wrote 43 properties in 215 ms."
"16-06-2026 09:45:19","190","Information","Microsoft-Windows-DeviceSetupManager","Property heuristics for device container 'LIND55MBVC4' ({00000000-0000-0000-ffff-ffffffffffff}) completed in 110 ms."
"16-06-2026 09:45:19","30","Information","Microsoft-Windows-DeviceSetupManager","Device container {00000000-0000-0000-ffff-ffffffffffff} is queued for setup."
"16-06-2026 09:45:19","100","Information","Microsoft-Windows-DeviceSetupManager","DSM service started, mode is Normal, last session (or boot) was 248 seconds ago."
"16-06-2026 09:41:10","107","Information","Microsoft-Windows-DeviceSetupManager","DSM service has shut down."
"16-06-2026 09:41:10","101","Information","Microsoft-Windows-DeviceSetupManager","DSM Service is shutting down. Service uptime was 55 seconds, active worktime was 2497 ms."
"16-06-2026 09:40:25","11","Information","Microsoft-Windows-DeviceSetupManager","DSM service is idle and waiting for stop."
"16-06-2026 09:40:25","112","Information","Microsoft-Windows-DeviceSetupManager","Device container 'LIND55MBVC4' ({00000000-0000-0000-ffff-ffffffffffff}) has been serviced, processed 6 tasks, and wrote 43 properties in 252 ms."
"16-06-2026 09:40:25","190","Information","Microsoft-Windows-DeviceSetupManager","Property heuristics for device container 'LIND55MBVC4' ({00000000-0000-0000-ffff-ffffffffffff}) completed in 242 ms."
"16-06-2026 09:40:17","11","Information","Microsoft-Windows-DeviceSetupManager","DSM service is idle and waiting for stop."
"16-06-2026 09:40:17","112","Information","Microsoft-Windows-DeviceSetupManager","Device container 'LIND55MBVC4' ({00000000-0000-0000-ffff-ffffffffffff}) has been serviced, processed 12 tasks, and wrote 43 properties in 2238 ms."
"16-06-2026 09:40:17","190","Information","Microsoft-Windows-DeviceSetupManager","Property heuristics for device container 'LIND55MBVC4' ({00000000-0000-0000-ffff-ffffffffffff}) completed in 91 ms."
"16-06-2026 09:40:15","30","Information","Microsoft-Windows-DeviceSetupManager","Device container {00000000-0000-0000-ffff-ffffffffffff} is queued for setup."
"16-06-2026 09:40:15","100","Information","Microsoft-Windows-DeviceSetupManager","DSM service started, mode is Normal, last session (or boot) was 2073 seconds ago."
"16-06-2026 09:05:42","107","Information","Microsoft-Windows-DeviceSetupManager","DSM service has shut down."
"16-06-2026 09:05:42","101","Information","Microsoft-Windows-DeviceSetupManager","DSM Service is shutting down. Service uptime was 45935 seconds, active worktime was 1795 ms."
"16-06-2026 05:05:53","203","Information","Microsoft-Windows-DeviceSetupManager","The Network List Manager reports connection to the internet has been established."
"15-06-2026 22:18:17","11","Information","Microsoft-Windows-DeviceSetupManager","DSM service is idle and waiting for stop."
"15-06-2026 22:18:17","112","Information","Microsoft-Windows-DeviceSetupManager","Device container 'Dell Universal Receiver' ({31506464-56d6-11f1-a26a-806e6f6e6963}) has been serviced, processed 3 tasks, and wrote 0 properties in 1795 ms."
"15-06-2026 20:20:06","30","Information","Microsoft-Windows-DeviceSetupManager","Device container {31506464-56d6-11f1-a26a-806e6f6e6963} is queued for setup."
"15-06-2026 20:20:06","100","Information","Microsoft-Windows-DeviceSetupManager","DSM service started, mode is Paused, last session (or boot) was 5144 seconds ago."
"15-06-2026 18:54:22","107","Information","Microsoft-Windows-DeviceSetupManager","DSM service has shut down."
"15-06-2026 18:54:22","101","Information","Microsoft-Windows-DeviceSetupManager","DSM Service is shutting down. Service uptime was 134 seconds, active worktime was 89116 ms."
"15-06-2026 18:53:37","11","Information","Microsoft-Windows-DeviceSetupManager","DSM service is idle and waiting for stop."
"15-06-2026 18:53:37","112","Information","Microsoft-Windows-DeviceSetupManager","Device container 'Hub Feature Controller' ({00000000-0000-0000-0000-005c6dd8fa1b}) has been serviced, processed 13 tasks, and wrote 44 properties in 89086 ms."
"15-06-2026 18:53:37","190","Information","Microsoft-Windows-DeviceSetupManager","Property heuristics for device container 'Hub Feature Controller' ({00000000-0000-0000-0000-005c6dd8fa1b}) completed in 30 ms."
"15-06-2026 18:53:37","127","Information","Microsoft-Windows-DeviceSetupManager","Device 'HID\VID_0424&PID_284C&MI_01\8&2dc08571&0&0000' does not match any driver updates that are not optional."
"15-06-2026 18:53:37","127","Information","Microsoft-Windows-DeviceSetupManager","Device 'USB\VID_0424&PID_284C&MI_01\7&1839e01b&0&0001' does not match any driver updates that are not optional."
"15-06-2026 18:53:37","127","Information","Microsoft-Windows-DeviceSetupManager","Device 'USB\VID_0424&PID_284C&MI_01\7&1839e01b&0&0001' does not match any driver updates that are not optional."
"15-06-2026 18:53:37","127","Information","Microsoft-Windows-DeviceSetupManager","Device 'HID\VID_0424&PID_284C&MI_01\8&2dc08571&0&0000' does not match any driver updates that are not optional."
"15-06-2026 18:53:37","41","Information","Microsoft-Windows-DeviceSetupManager","WU search completed."
"15-06-2026 18:53:25","41","Information","Microsoft-Windows-DeviceSetupManager","WU search completed."
"15-06-2026 18:52:09","112","Information","Microsoft-Windows-DeviceSetupManager","Device container 'Dell P2422HE(USB Type_C)' ({170e2716-68a6-11f1-a279-54582d32ed0c}) has been serviced, processed 4 tasks, and wrote 44 properties in 673 ms."
"15-06-2026 18:52:09","190","Information","Microsoft-Windows-DeviceSetupManager","Property heuristics for device container 'Dell P2422HE(USB Type_C)' ({170e2716-68a6-11f1-a279-54582d32ed0c}) completed in 117 ms."
"15-06-2026 18:52:09","30","Information","Microsoft-Windows-DeviceSetupManager","Device container {170e2716-68a6-11f1-a279-54582d32ed0c} is queued for setup."
"15-06-2026 18:52:08","30","Information","Microsoft-Windows-DeviceSetupManager","Device container {00000000-0000-0000-0000-005c6dd8fa1b} is queued for setup."
"15-06-2026 18:52:08","100","Information","Microsoft-Windows-DeviceSetupManager","DSM service started, mode is Normal, last session (or boot) was 26482 seconds ago."
"15-06-2026 11:30:45","107","Information","Microsoft-Windows-DeviceSetupManager","DSM service has shut down."
"15-06-2026 11:30:45","101","Information","Microsoft-Windows-DeviceSetupManager","DSM Service is shutting down. Service uptime was 45 seconds, active worktime was 168 ms."
"15-06-2026 11:30:00","11","Information","Microsoft-Windows-DeviceSetupManager","DSM service is idle and waiting for stop."
"15-06-2026 11:30:00","112","Information","Microsoft-Windows-DeviceSetupManager","Device container 'OneNote (Desktop)' ({056018f3-ea11-de01-11c1-516050c076bc}) has been serviced, processed 4 tasks, and wrote 44 properties in 164 ms."
