"18-08-2026 13:48:35","8001","Information","Microsoft-Windows-Store","Decoding: {""entitlementId"":""182fce73-23e2-360a-ffd5-fdda9a76ba47"",""entitlementSatisfaction"":""Device"",""isOffline"":true,""leaseEnforcement"":""None"",""leaseUri"":""https://licensing.md.mp.microsoft.com/v7.0/licenses/?beneficiaryId=msaonecoreuap\enduser\winstore\licensemanager\lib\clipdocument.cppa844432217418028&contentId=42493de9-7734-949c-ad90-1d11f59f45cb&entitlementId=182fce73-23e2-360a-ffd5-fdda9a76ba47&market=IN&policyType=Device"",""keyIds"":[""f1d940d0-b5b2-0083-8403-807a8db430d5""],""kind"":""Content"",""packages"":[{""packageIdentifier"":""42493de9-7734-949c-ad90-1d11f59f45cb"",""packageType"":""msix"",""productAddOns"":[],""productId"":""9MZ95KL8MR0L"",""skuId"":""0010""}],""pollAt"":""2026-08-31T17:43:41.0794494+00:00"",""refreshOnStartup"":false,""version"":7}
Function: DecodeCustomPolicy
Source: onecoreuap\enduser\winstore\licensemanager\lib\clipdocument.cpp (50)"
"18-08-2026 13:48:35","8001","Information","Microsoft-Windows-Store","Installing lease
Function: ClipStorage::StoreLeaseDocument
Source: onecoreuap\enduser\winstore\licensemanager\lib\clipstorage.cpp (285)"
"18-08-2026 13:48:35","8001","Information","Microsoft-Windows-Store","Renew Response: 1 success 0 failure (Corr: SQoiw6oxqEKpIt2H.1, Svr: ent-6d79bbdbcb-r262r)
Function: LogRenewLeaseSuccess
Source: onecoreuap\enduser\winstore\licensemanager\lib\telemetry.cpp (425)"
"18-08-2026 13:48:34","8001","Information","Microsoft-Windows-Store","Renewing lease https://licensing.md.mp.microsoft.com/v7.0/licenses/?beneficiaryId=msahwonecoreuap\enduser\winstore\licensemanager\lib\proxy.cppa6755426027759980&contentId=42493de9-7734-949c-ad90-1d11f59f45cb&entitlementId=3e02f730-6c37-0771-2032-e36c77c20d1e&market=IN&policyType=Device at /v7.0/licenses/leases/renew (https://licensing.mp.microsoft.com) (Corr: SQoiw6oxqEKpIt2H.1)
Function: LicenseProxyService::RenewLeaseWithId
Source: onecoreuap\enduser\winstore\licensemanager\lib\proxy.cpp (476)"
"18-08-2026 13:48:34","8001","Information","Microsoft-Windows-Store","Identity capture succeeded
Function: SingleUserStoredIdentitySnapshot::CaptureIdentity
Source: onecoreuap\enduser\winstore\licensemanager\lib\identity.cpp (441)"
"18-08-2026 13:48:34","8001","Information","Microsoft-Windows-Store","Captured 0 MSA tickets and 1 AAD tickets for S-1-12-1-2357405129-1281513531-255772574-1816207334
Function: SingleUserStoredIdentitySnapshot::CaptureIdentity
Source: onecoreuap\enduser\winstore\licensemanager\lib\identity.cpp (424)"
"18-08-2026 13:48:34","8001","Information","Microsoft-Windows-Store","Failure Message: Account Ticket succesfully extracted. Ticket providerType: AAD web: fdQ459V7DuFE5chksjJy-R1xWD_8v04qeKuetk_Eq90 
Function: 
Source: onecoreuap\enduser\winstore\auth\lib\winstoreauth.cpp (2093)"
"18-08-2026 13:48:33","8001","Information","Microsoft-Windows-Store","Getting user tickets for S-1-12-1-2357405129-1281513531-255772574-1816207334
Function: SingleUserStoredIdentitySnapshot::CaptureIdentity
Source: onecoreuap\enduser\winstore\licensemanager\lib\identity.cpp (351)"
"18-08-2026 13:48:33","8001","Information","Microsoft-Windows-Store","Not bypassing renew request: network cost type is 1 [https://licensing.md.mp.microsoft.com/v7.0/licenses/?beneficiaryId=msahwonecoreuap\enduser\winstore\licensemanager\lib\proxy.cppa6755426027759980&contentId=42493de9-7734-949c-ad90-1d11f59f45cb&entitlementId=3e02f730-6c37-0771-2032-e36c77c20d1e&market=IN&policyType=Device]
Function: LicenseProxyService::BypassServiceRenew
Source: onecoreuap\enduser\winstore\licensemanager\lib\proxy.cpp (1519)"
"18-08-2026 13:48:33","8001","Information","Microsoft-Windows-Store","Timer callback returned 0x00000000
Function: MemoryTimerService::TimerHandler::OnTimerExpired
Source: onecoreuap\enduser\winstore\licensemanager\lib\memorytimer.cpp (240)"
"18-08-2026 13:48:33","8011","Verbose","Microsoft-Windows-Store","0x21b4f129220: 23472: {9F9E6616-7956-022A-E9A7-86D240A5A818}: Dispatch: Lease:TimerExpired => Lease:Valid"
"18-08-2026 13:43:56","8001","Information","Microsoft-Windows-Store","Skipping license manager: PFN Microsoft.Todos_2.176.7601.0_x64__8wekyb3d8bbwe
Function: InvokeLicenseManagerRequired
Source: onecoreuap\enduser\winstore\licensemanager\apisethost\activationapis.cpp (373)"
"18-08-2026 13:42:52","8001","Information","Microsoft-Windows-Store","Skipping license manager: PFN Microsoft.Todos_2.176.7601.0_x64__8wekyb3d8bbwe
Function: InvokeLicenseManagerRequired
Source: onecoreuap\enduser\winstore\licensemanager\apisethost\activationapis.cpp (373)"
"18-08-2026 13:42:52","8001","Information","Microsoft-Windows-Store","Skipping license manager: PFN Microsoft.Todos_2.176.7601.0_x64__8wekyb3d8bbwe
Function: InvokeLicenseManagerRequired
Source: onecoreuap\enduser\winstore\licensemanager\apisethost\activationapis.cpp (373)"
"18-08-2026 13:28:57","8001","Information","Microsoft-Windows-Store","Skipping license manager: PFN Microsoft.Todos_2.176.7601.0_x64__8wekyb3d8bbwe
Function: InvokeLicenseManagerRequired
Source: onecoreuap\enduser\winstore\licensemanager\apisethost\activationapis.cpp (373)"
"18-08-2026 13:27:52","8001","Information","Microsoft-Windows-Store","Skipping license manager: PFN Microsoft.Todos_2.176.7601.0_x64__8wekyb3d8bbwe
Function: InvokeLicenseManagerRequired
Source: onecoreuap\enduser\winstore\licensemanager\apisethost\activationapis.cpp (373)"
"18-08-2026 13:27:52","8001","Information","Microsoft-Windows-Store","Skipping license manager: PFN Microsoft.Todos_2.176.7601.0_x64__8wekyb3d8bbwe
Function: InvokeLicenseManagerRequired
Source: onecoreuap\enduser\winstore\licensemanager\apisethost\activationapis.cpp (373)"
"18-08-2026 13:17:10","3","Warning","Windows-ApplicationModel-Store-SDK","Task 'WinStore.Tasks.WindowsSearchTask+Runner' was canceled, reason: 'SystemPolicy'.
Function: Run
Source: .\src\Core\WinStore.Tasks\Helpers\BackgroundTaskRunner.cs (99)"
"18-08-2026 13:17:10","8001","Information","Microsoft-Windows-Store","Skipping license manager: PFN Microsoft.WindowsStore_22607.1401.3.0_x64__8wekyb3d8bbwe
Function: InvokeLicenseManagerRequired
Source: onecoreuap\enduser\winstore\licensemanager\apisethost\activationapis.cpp (373)"
"18-08-2026 13:17:10","8001","Information","Microsoft-Windows-Store","Skipping license manager: PFN Microsoft.WindowsStore_22607.1401.3.0_x64__8wekyb3d8bbwe
Function: InvokeLicenseManagerRequired
Source: onecoreuap\enduser\winstore\licensemanager\apisethost\activationapis.cpp (373)"
"18-08-2026 13:15:19","8001","Information","Microsoft-Windows-Store","Skipping license manager: PFN Microsoft.ScreenSketch_11.2602.49.0_x64__8wekyb3d8bbwe
Function: InvokeLicenseManagerRequired
Source: onecoreuap\enduser\winstore\licensemanager\apisethost\activationapis.cpp (373)"
"18-08-2026 13:15:19","8011","Verbose","Microsoft-Windows-Store","0x21b4f129220: 27216: {9F9E6616-7956-022A-E9A7-86D240A5A818}: Dispatch: Lease:AddKey => Lease:Valid"
"18-08-2026 13:15:19","8001","Information","Microsoft-Windows-Store","Added timer for {9F9E6616-7956-022A-E9A7-86D240A5A818}
Function: MemoryTimerService::CreateTimerWithId
Source: onecoreuap\enduser\winstore\licensemanager\lib\memorytimer.cpp (57)"
"18-08-2026 13:15:19","8001","Information","Microsoft-Windows-Store","Updating lease timer for {9F9E6616-7956-022A-E9A7-86D240A5A818} to expire @ 2026-08-18T08:18:33Z (jitter was 33.238167 minutes)
Function: LeaseMachine::DoUpdateLeaseTimer
Source: onecoreuap\enduser\winstore\licensemanager\lib\leasemachine.cpp (276)"
"18-08-2026 13:15:19","8001","Information","Microsoft-Windows-Store","ReactiveLicensingResult: 0x00000000 for Microsoft.ScreenSketch_11.2602.49.0_x64__8wekyb3d8bbwe, 46ms
Function: LogReactiveLicensingResult
Source: onecoreuap\enduser\winstore\licensemanager\lib\telemetry.cpp (512)"
"18-08-2026 13:15:19","8011","Verbose","Microsoft-Windows-Store","0x21b4f171190: 15468: 42493DE9-7734-949C-AD90-1D11F59F45CB: Dispatch: Key:RegisterCallback => Key:Valid"
"18-08-2026 13:15:19","8001","Information","Microsoft-Windows-Store","Decoding: {""entitlementId"":""3e02f730-6c37-0771-2032-e36c77c20d1e"",""entitlementSatisfaction"":""Device"",""isOffline"":true,""leaseEnforcement"":""None"",""leaseUri"":""https://licensing.md.mp.microsoft.com/v7.0/licenses/?beneficiaryId=msahwonecoreuap\enduser\winstore\licensemanager\lib\clipdocument.cppa6755426027759980&contentId=42493de9-7734-949c-ad90-1d11f59f45cb&entitlementId=3e02f730-6c37-0771-2032-e36c77c20d1e&market=IN&policyType=Device"",""keyIds"":[""f1d940d0-b5b2-0083-8403-807a8db430d5""],""kind"":""Content"",""packages"":[{""packageIdentifier"":""42493de9-7734-949c-ad90-1d11f59f45cb"",""packageType"":""msix"",""productAddOns"":[],""productId"":""9MZ95KL8MR0L"",""skuId"":""0010""}],""pollAt"":""2026-08-13T17:23:16.9826078+00:00"",""refreshOnStartup"":false,""version"":7}
Function: DecodeCustomPolicy
Source: onecoreuap\enduser\winstore\licensemanager\lib\clipdocument.cpp (50)"
"18-08-2026 13:15:19","8001","Information","Microsoft-Windows-Store","Decoding: {""entitlementId"":""3e02f730-6c37-0771-2032-e36c77c20d1e"",""entitlementSatisfaction"":""Device"",""isOffline"":true,""leaseEnforcement"":""None"",""leaseUri"":""https://licensing.md.mp.microsoft.com/v7.0/licenses/?beneficiaryId=msahwonecoreuap\enduser\winstore\licensemanager\lib\clipdocument.cppa6755426027759980&contentId=42493de9-7734-949c-ad90-1d11f59f45cb&entitlementId=3e02f730-6c37-0771-2032-e36c77c20d1e&market=IN&policyType=Device"",""keyIds"":[""f1d940d0-b5b2-0083-8403-807a8db430d5""],""kind"":""Content"",""packages"":[{""packageIdentifier"":""42493de9-7734-949c-ad90-1d11f59f45cb"",""packageType"":""msix"",""productAddOns"":[],""productId"":""9MZ95KL8MR0L"",""skuId"":""0010""}],""pollAt"":""2026-08-13T17:23:16.9826078+00:00"",""refreshOnStartup"":false,""version"":7}
Function: DecodeCustomPolicy
Source: onecoreuap\enduser\winstore\licensemanager\lib\clipdocument.cpp (50)"
"18-08-2026 13:15:19","8001","Information","Microsoft-Windows-Store","Decoding: {""legacyProductId"":""74a4d5f7-a2f1-401f-9768-d26e2dfe0273""}
Function: DecodeCustomPolicy
Source: onecoreuap\enduser\winstore\licensemanager\lib\clipdocument.cpp (50)"
"18-08-2026 13:15:19","8012","Verbose","Microsoft-Windows-Store","0x21b4f129220: 27216: Lease:Initial Change: Lease:Valid => {9F9E6616-7956-022A-E9A7-86D240A5A818}"
"18-08-2026 13:15:19","8011","Verbose","Microsoft-Windows-Store","0x21b4f129220: 27216: {9F9E6616-7956-022A-E9A7-86D240A5A818}: Dispatch: Lease:UpdateLeaseDocument => Lease:Initial"
"18-08-2026 13:15:19","8012","Verbose","Microsoft-Windows-Store","0x21b4f171190: 27216: Key:NegotiatingUnleased Change: Key:Valid => 42493DE9-7734-949C-AD90-1D11F59F45CB"
"18-08-2026 13:15:19","8001","Information","Microsoft-Windows-Store","No cached lease or key found, not renewing with service and treating this as a valid license with lease = 0x4f13c8d8
Function: KeyMachine::NegotiatingUnleased::LicenseDone
Source: onecoreuap\enduser\winstore\licensemanager\lib\keymachine.cpp (2032)"
"18-08-2026 13:15:19","8001","Information","Microsoft-Windows-Store","Set results for lease = 0x4f13c8d8, policy = 2147483647, operation = 3, Leasebehavior = 0
Function: KeyMachine::DoSetResult
Source: onecoreuap\enduser\winstore\licensemanager\lib\keymachine.cpp (1520)"
"18-08-2026 13:15:19","8001","Information","Microsoft-Windows-Store","Lease Machine: 0000021B4F129200: {9F9E6616-7956-022A-E9A7-86D240A5A818}
Function: LeaseMachine::LeaseMachine
Source: onecoreuap\enduser\winstore\licensemanager\lib\leasemachine.cpp (40)"
"18-08-2026 13:15:19","8001","Information","Microsoft-Windows-Store","lease = 0x4f13c8d8, leaseActive = 1, leaseBehavior = 0
Function: KeyMachine::NegotiatingUnleased::LicenseDone
Source: onecoreuap\enduser\winstore\licensemanager\lib\keymachine.cpp (1986)"
"18-08-2026 13:15:19","8011","Verbose","Microsoft-Windows-Store","0x21b4f171190: 27216: 42493DE9-7734-949C-AD90-1D11F59F45CB: Dispatch: Key:@LicenseDone => Key:NegotiatingUnleased"
"18-08-2026 13:15:19","8001","Information","Microsoft-Windows-Store","content is alreadyLicensed, lease is cached
Function: KeyMachine::DoLicenseThreadProc
Source: onecoreuap\enduser\winstore\licensemanager\lib\keymachine.cpp (942)"
"18-08-2026 13:15:19","8001","Information","Microsoft-Windows-Store","lease = 0x4f13c8d8, quality = 1073741824
Function: KeyMachine::DoLicenseThreadProc
Source: onecoreuap\enduser\winstore\licensemanager\lib\keymachine.cpp (935)"
"18-08-2026 13:15:19","8001","Information","Microsoft-Windows-Store","lease = 0x4f13c8d8, usage = 536870912, policy = 2147483647, operation = 3, leaseBehavior = 0, shouldContentBeDeactivated = 0
Function: KeyMachine::DoLicenseThreadProc
Source: onecoreuap\enduser\winstore\licensemanager\lib\keymachine.cpp (905)"
"18-08-2026 13:15:19","8001","Information","Microsoft-Windows-Store","Returning 1 lease documents for contentid 42493DE9-7734-949C-AD90-1D11F59F45CB
Function: ClipStorage::GetLeaseDocumentsForKeyDocument
Source: onecoreuap\enduser\winstore\licensemanager\lib\clipstorage.cpp (460)"
"18-08-2026 13:15:19","8001","Information","Microsoft-Windows-Store","Adding lease {306E67C8-9A1D-38DE-8654-054BD8A6E6D6} to results
Function: ClipStorage::GetLeaseDocumentsForKeyDocument
Source: onecoreuap\enduser\winstore\licensemanager\lib\clipstorage.cpp (387)"
"18-08-2026 13:15:19","8001","Information","Microsoft-Windows-Store","Decoding: {""entitlementId"":""3e02f730-6c37-0771-2032-e36c77c20d1e"",""entitlementSatisfaction"":""Device"",""isOffline"":true,""leaseEnforcement"":""None"",""leaseUri"":""https://licensing.md.mp.microsoft.com/v7.0/licenses/?beneficiaryId=msahwonecoreuap\enduser\winstore\licensemanager\lib\clipdocument.cppa6755426027759980&contentId=42493de9-7734-949c-ad90-1d11f59f45cb&entitlementId=3e02f730-6c37-0771-2032-e36c77c20d1e&market=IN&policyType=Device"",""keyIds"":[""f1d940d0-b5b2-0083-8403-807a8db430d5""],""kind"":""Content"",""packages"":[{""packageIdentifier"":""42493de9-7734-949c-ad90-1d11f59f45cb"",""packageType"":""msix"",""productAddOns"":[],""productId"":""9MZ95KL8MR0L"",""skuId"":""0010""}],""pollAt"":""2026-08-13T17:23:16.9826078+00:00"",""refreshOnStartup"":false,""version"":7}
Function: DecodeCustomPolicy
Source: onecoreuap\enduser\winstore\licensemanager\lib\clipdocument.cpp (50)"
"18-08-2026 13:15:19","8001","Information","Microsoft-Windows-Store","Getting lease for 42493DE9-7734-949C-AD90-1D11F59F45CB
Function: LicenseManagerCore::GetExistingLeaseAndLicense
Source: onecoreuap\enduser\winstore\licensemanager\lib\managercore.cpp (415)"
"18-08-2026 13:15:19","8001","Information","Microsoft-Windows-Store","Returning key document for contentid 42493DE9-7734-949C-AD90-1D11F59F45CB
Function: ClipStorage::GetKeyDocumentForContentWithIdAndMinQuality
Source: onecoreuap\enduser\winstore\licensemanager\lib\clipstorage.cpp (262)"
"18-08-2026 13:15:19","8001","Information","Microsoft-Windows-Store","Accepting key with License ID {F1D940D0-B5B2-0083-8403-807A8DB430D5} for Content ID 42493DE9-7734-949C-AD90-1D11F59F45CB (first match)
Function: ClipStorage::GetKeyDocumentForContentWithIdAndMinQuality
Source: onecoreuap\enduser\winstore\licensemanager\lib\clipstorage.cpp (223)"
"18-08-2026 13:15:19","8001","Information","Microsoft-Windows-Store","Decoding: {""legacyProductId"":""74a4d5f7-a2f1-401f-9768-d26e2dfe0273""}
Function: DecodeCustomPolicy
Source: onecoreuap\enduser\winstore\licensemanager\lib\clipdocument.cpp (50)"
"18-08-2026 13:15:19","8001","Information","Microsoft-Windows-Store","Considering License ID {F1D940D0-B5B2-0083-8403-807A8DB430D5} for content ID 42493DE9-7734-949C-AD90-1D11F59F45CB...
Function: ClipStorage::GetKeyDocumentForContentWithIdAndMinQuality
Source: onecoreuap\enduser\winstore\licensemanager\lib\clipstorage.cpp (192)"
"18-08-2026 13:15:19","8012","Verbose","Microsoft-Windows-Store","0x21b4f171190: 27216: Key:Initial Change: Key:NegotiatingUnleased => 42493DE9-7734-949C-AD90-1D11F59F45CB"
"18-08-2026 13:15:19","8001","Information","Microsoft-Windows-Store","0000021B4F171170: BeginLicense: Operation 3, CachedLeaseOK true, RequireServiceValidation false
Function: KeyMachine::DoBeginLicense
Source: onecoreuap\enduser\winstore\licensemanager\lib\keymachine.cpp (819)"
"18-08-2026 13:15:19","8011","Verbose","Microsoft-Windows-Store","0x21b4f171190: 27216: 42493DE9-7734-949C-AD90-1D11F59F45CB: Dispatch: Key:Activate => Key:Initial"
"18-08-2026 13:15:19","8011","Verbose","Microsoft-Windows-Store","0x21b4f134528: 15468: RootMachine: Dispatch: Root:Connect => Root:Valid"
"18-08-2026 13:15:19","8001","Information","Microsoft-Windows-Store","0000021B4F171170: Key Machine for content: 42493DE9-7734-949C-AD90-1D11F59F45CB
Function: KeyMachine::KeyMachine
Source: onecoreuap\enduser\winstore\licensemanager\lib\keymachine.cpp (95)"
"18-08-2026 13:15:19","8001","Information","Microsoft-Windows-Store","Licensing 42493DE9-7734-949C-AD90-1D11F59F45CB (Active)
Function: LicenseManager::LicenseContentWithId
Source: onecoreuap\enduser\winstore\licensemanager\lib\manager.cpp (88)"
"18-08-2026 13:15:19","8001","Information","Microsoft-Windows-Store","Licensing package Microsoft.ScreenSketch_11.2602.49.0_x64__8wekyb3d8bbwe (3)
Function: OneStoreApplicationLicenseManager::GetLicenseForInstalledPackage
Source: onecoreuap\enduser\winstore\licensemanager\lib\onestoreapplicensemanager.cpp (120)"
"18-08-2026 13:15:19","8001","Information","Microsoft-Windows-Store","ServiceBeginAcquireLicenseImpl PsmKey:Microsoft.ScreenSketch_11.2602.49.0_x64__8wekyb3d8bbwe+LMV1xF00Dx7238, IsSystemUsage:0
Function: ServiceBeginAcquireLicenseImpl
Source: onecoreuap\enduser\winstore\licensemanager\lib\service.cpp (2304)"
"18-08-2026 13:15:19","8001","Information","Microsoft-Windows-Store","Invoking license manager because license/lease polling time up: PFN Microsoft.ScreenSketch_11.2602.49.0_x64__8wekyb3d8bbwe
Function: InvokeLicenseManagerRequired
Source: onecoreuap\enduser\winstore\licensemanager\apisethost\activationapis.cpp (361)"
"18-08-2026 13:15:19","8001","Information","Microsoft-Windows-Store","canDisableApps value is 1
Function: InitStoreAppsAreDisabled
Source: onecoreuap\enduser\winstore\licensemanager\apisethost\activationapis.cpp (195)"
"18-08-2026 13:15:19","8000","Information","Microsoft-Windows-Store","Process Name: C:\Windows\system32\svchost.exe
Module Name: C:\Windows\SYSTEM32\licensemanagerapi.dll
Build: 26100.1.amd64fre.ge_release.240331-1435
"
"18-08-2026 13:15:16","8001","Information","Microsoft-Windows-Store","Removed timer for {9F9E6616-7956-022A-E9A7-86D240A5A818}
Function: MemoryTimerService::CleanupTimer
Source: onecoreuap\enduser\winstore\licensemanager\lib\memorytimer.cpp (19)"
"18-08-2026 13:15:16","8002","Warning","Microsoft-Windows-Store","Trying to remove timer {9F9E6616-7956-022A-E9A7-86D240A5A818} not in table
Function: MemoryTimerService::CancelTimerWithId
Source: onecoreuap\enduser\winstore\licensemanager\lib\memorytimer.cpp (80)"
"18-08-2026 13:15:16","8001","Information","Microsoft-Windows-Store","Ignoring lease removal with reason 0x00000000 because this is an offline lease

Function: ClipStorage::RemoveLeaseDocumentWithIdAndReason
Source: onecoreuap\enduser\winstore\licensemanager\lib\clipstorage.cpp (501)"
"18-08-2026 13:15:16","8001","Information","Microsoft-Windows-Store","Decoding: {""entitlementId"":""3e02f730-6c37-0771-2032-e36c77c20d1e"",""entitlementSatisfaction"":""Device"",""isOffline"":true,""leaseEnforcement"":""None"",""leaseUri"":""https://licensing.md.mp.microsoft.com/v7.0/licenses/?beneficiaryId=msahwonecoreuap\enduser\winstore\licensemanager\lib\clipdocument.cppa6755426027759980&contentId=42493de9-7734-949c-ad90-1d11f59f45cb&entitlementId=3e02f730-6c37-0771-2032-e36c77c20d1e&market=IN&policyType=Device"",""keyIds"":[""f1d940d0-b5b2-0083-8403-807a8db430d5""],""kind"":""Content"",""packages"":[{""packageIdentifier"":""42493de9-7734-949c-ad90-1d11f59f45cb"",""packageType"":""msix"",""productAddOns"":[],""productId"":""9MZ95KL8MR0L"",""skuId"":""0010""}],""pollAt"":""2026-08-13T17:23:16.9826078+00:00"",""refreshOnStartup"":false,""version"":7}
Function: DecodeCustomPolicy
Source: onecoreuap\enduser\winstore\licensemanager\lib\clipdocument.cpp (50)"
"18-08-2026 13:15:16","8001","Information","Microsoft-Windows-Store","Requesting lease document removal for reason 0x00000000, {9F9E6616-7956-022A-E9A7-86D240A5A818}
Function: LicenseManagerCore::DoRemoveLeaseDocumentWithId
Source: onecoreuap\enduser\winstore\licensemanager\lib\managercore.cpp (1460)"
"18-08-2026 13:15:16","8012","Verbose","Microsoft-Windows-Store","0x21b4f129b20: 15468: Lease:Valid Change: Lease:Invalid => {9F9E6616-7956-022A-E9A7-86D240A5A818}"
"18-08-2026 13:15:16","8011","Verbose","Microsoft-Windows-Store","0x21b4f129b20: 15468: {9F9E6616-7956-022A-E9A7-86D240A5A818}: Dispatch: Lease:Unregistered => Lease:Valid"
"18-08-2026 13:15:16","8001","Information","Microsoft-Windows-Store","Set results for lease = 0x0, policy = 0, operation = 0, Leasebehavior = 0
Function: KeyMachine::DoSetResult
Source: onecoreuap\enduser\winstore\licensemanager\lib\keymachine.cpp (1520)"
"18-08-2026 13:15:16","8011","Verbose","Microsoft-Windows-Store","0x21b4f129b20: 15468: {9F9E6616-7956-022A-E9A7-86D240A5A818}: Dispatch: Lease:RemoveKey => Lease:Valid"
"18-08-2026 13:15:16","8012","Verbose","Microsoft-Windows-Store","0x21b4f13c8f0: 2052: Key:Valid Change: Key:Invalid => 42493DE9-7734-949C-AD90-1D11F59F45CB"
"18-08-2026 13:15:16","8001","Information","Microsoft-Windows-Store","Lease dropped
Function: KeyMachine::DoDropLease
Source: onecoreuap\enduser\winstore\licensemanager\lib\keymachine.cpp (279)"
"18-08-2026 13:15:16","8011","Verbose","Microsoft-Windows-Store","0x21b4f13c8f0: 2052: 42493DE9-7734-949C-AD90-1D11F59F45CB: Dispatch: Key:Unregistered => Key:Valid"
"18-08-2026 13:15:16","8001","Information","Microsoft-Windows-Store","ServicePackageRundownNotificationImpl PsmKey:Microsoft.ScreenSketch_11.2602.49.0_x64__8wekyb3d8bbwe+App, sid:S-1-12-1-2357405129-1281513531-255772574-1816207334
Function: ServicePackageRundownNotificationImpl
Source: onecoreuap\enduser\winstore\licensemanager\lib\service.cpp (2587)"
"18-08-2026 13:15:16","8001","Information","Microsoft-Windows-Store","Invoking license manager because license/lease polling time up: PFN Microsoft.ScreenSketch_11.2602.49.0_x64__8wekyb3d8bbwe
Function: InvokeLicenseManagerRequired
Source: onecoreuap\enduser\winstore\licensemanager\apisethost\activationapis.cpp (361)"
"18-08-2026 13:15:05","8001","Information","Microsoft-Windows-Store","Skipping license manager: PFN Microsoft.ScreenSketch_11.2602.49.0_x64__8wekyb3d8bbwe
Function: InvokeLicenseManagerRequired
Source: onecoreuap\enduser\winstore\licensemanager\apisethost\activationapis.cpp (373)"
"18-08-2026 13:15:05","8011","Verbose","Microsoft-Windows-Store","0x21b4f129b20: 15468: {9F9E6616-7956-022A-E9A7-86D240A5A818}: Dispatch: Lease:AddKey => Lease:Valid"
"18-08-2026 13:15:05","8001","Information","Microsoft-Windows-Store","Added timer for {9F9E6616-7956-022A-E9A7-86D240A5A818}
Function: MemoryTimerService::CreateTimerWithId
Source: onecoreuap\enduser\winstore\licensemanager\lib\memorytimer.cpp (57)"
"18-08-2026 13:15:05","8001","Information","Microsoft-Windows-Store","Updating lease timer for {9F9E6616-7956-022A-E9A7-86D240A5A818} to expire @ 2026-08-18T08:23:17Z (jitter was 38.199917 minutes)
Function: LeaseMachine::DoUpdateLeaseTimer
Source: onecoreuap\enduser\winstore\licensemanager\lib\leasemachine.cpp (276)"
"18-08-2026 13:15:05","8011","Verbose","Microsoft-Windows-Store","0x21b4f13c8f0: 27216: 42493DE9-7734-949C-AD90-1D11F59F45CB: Dispatch: Key:RegisterCallback => Key:Valid"
"18-08-2026 13:15:05","8001","Information","Microsoft-Windows-Store","ReactiveLicensingResult: 0x00000000 for Microsoft.ScreenSketch_11.2602.49.0_x64__8wekyb3d8bbwe, 15ms
Function: LogReactiveLicensingResult
Source: onecoreuap\enduser\winstore\licensemanager\lib\telemetry.cpp (512)"
"18-08-2026 13:15:05","8001","Information","Microsoft-Windows-Store","Decoding: {""entitlementId"":""3e02f730-6c37-0771-2032-e36c77c20d1e"",""entitlementSatisfaction"":""Device"",""isOffline"":true,""leaseEnforcement"":""None"",""leaseUri"":""https://licensing.md.mp.microsoft.com/v7.0/licenses/?beneficiaryId=msahwonecoreuap\enduser\winstore\licensemanager\lib\clipdocument.cppa6755426027759980&contentId=42493de9-7734-949c-ad90-1d11f59f45cb&entitlementId=3e02f730-6c37-0771-2032-e36c77c20d1e&market=IN&policyType=Device"",""keyIds"":[""f1d940d0-b5b2-0083-8403-807a8db430d5""],""kind"":""Content"",""packages"":[{""packageIdentifier"":""42493de9-7734-949c-ad90-1d11f59f45cb"",""packageType"":""msix"",""productAddOns"":[],""productId"":""9MZ95KL8MR0L"",""skuId"":""0010""}],""pollAt"":""2026-08-13T17:23:16.9826078+00:00"",""refreshOnStartup"":false,""version"":7}
Function: DecodeCustomPolicy
Source: onecoreuap\enduser\winstore\licensemanager\lib\clipdocument.cpp (50)"
"18-08-2026 13:15:05","8001","Information","Microsoft-Windows-Store","Decoding: {""entitlementId"":""3e02f730-6c37-0771-2032-e36c77c20d1e"",""entitlementSatisfaction"":""Device"",""isOffline"":true,""leaseEnforcement"":""None"",""leaseUri"":""https://licensing.md.mp.microsoft.com/v7.0/licenses/?beneficiaryId=msahwonecoreuap\enduser\winstore\licensemanager\lib\clipdocument.cppa6755426027759980&contentId=42493de9-7734-949c-ad90-1d11f59f45cb&entitlementId=3e02f730-6c37-0771-2032-e36c77c20d1e&market=IN&policyType=Device"",""keyIds"":[""f1d940d0-b5b2-0083-8403-807a8db430d5""],""kind"":""Content"",""packages"":[{""packageIdentifier"":""42493de9-7734-949c-ad90-1d11f59f45cb"",""packageType"":""msix"",""productAddOns"":[],""productId"":""9MZ95KL8MR0L"",""skuId"":""0010""}],""pollAt"":""2026-08-13T17:23:16.9826078+00:00"",""refreshOnStartup"":false,""version"":7}
Function: DecodeCustomPolicy
Source: onecoreuap\enduser\winstore\licensemanager\lib\clipdocument.cpp (50)"
"18-08-2026 13:15:05","8001","Information","Microsoft-Windows-Store","Decoding: {""legacyProductId"":""74a4d5f7-a2f1-401f-9768-d26e2dfe0273""}
Function: DecodeCustomPolicy
Source: onecoreuap\enduser\winstore\licensemanager\lib\clipdocument.cpp (50)"
"18-08-2026 13:15:05","8012","Verbose","Microsoft-Windows-Store","0x21b4f129b20: 15468: Lease:Initial Change: Lease:Valid => {9F9E6616-7956-022A-E9A7-86D240A5A818}"
"18-08-2026 13:15:05","8011","Verbose","Microsoft-Windows-Store","0x21b4f129b20: 15468: {9F9E6616-7956-022A-E9A7-86D240A5A818}: Dispatch: Lease:UpdateLeaseDocument => Lease:Initial"
"18-08-2026 13:15:05","8012","Verbose","Microsoft-Windows-Store","0x21b4f13c8f0: 15468: Key:NegotiatingUnleased Change: Key:Valid => 42493DE9-7734-949C-AD90-1D11F59F45CB"
"18-08-2026 13:15:05","8001","Information","Microsoft-Windows-Store","No cached lease or key found, not renewing with service and treating this as a valid license with lease = 0x4f167c48
Function: KeyMachine::NegotiatingUnleased::LicenseDone
Source: onecoreuap\enduser\winstore\licensemanager\lib\keymachine.cpp (2032)"
"18-08-2026 13:15:05","8001","Information","Microsoft-Windows-Store","Set results for lease = 0x4f167c48, policy = 2147483647, operation = 3, Leasebehavior = 0
Function: KeyMachine::DoSetResult
Source: onecoreuap\enduser\winstore\licensemanager\lib\keymachine.cpp (1520)"
"18-08-2026 13:15:05","8001","Information","Microsoft-Windows-Store","Lease Machine: 0000021B4F129B00: {9F9E6616-7956-022A-E9A7-86D240A5A818}
Function: LeaseMachine::LeaseMachine
Source: onecoreuap\enduser\winstore\licensemanager\lib\leasemachine.cpp (40)"
"18-08-2026 13:15:05","8001","Information","Microsoft-Windows-Store","lease = 0x4f167c48, leaseActive = 1, leaseBehavior = 0
Function: KeyMachine::NegotiatingUnleased::LicenseDone
Source: onecoreuap\enduser\winstore\licensemanager\lib\keymachine.cpp (1986)"
"18-08-2026 13:15:05","8011","Verbose","Microsoft-Windows-Store","0x21b4f13c8f0: 15468: 42493DE9-7734-949C-AD90-1D11F59F45CB: Dispatch: Key:@LicenseDone => Key:NegotiatingUnleased"
"18-08-2026 13:15:05","8001","Information","Microsoft-Windows-Store","content is alreadyLicensed, lease is cached
Function: KeyMachine::DoLicenseThreadProc
Source: onecoreuap\enduser\winstore\licensemanager\lib\keymachine.cpp (942)"
"18-08-2026 13:15:05","8001","Information","Microsoft-Windows-Store","lease = 0x4f167c48, quality = 1073741824
Function: KeyMachine::DoLicenseThreadProc
Source: onecoreuap\enduser\winstore\licensemanager\lib\keymachine.cpp (935)"
"18-08-2026 13:15:05","8001","Information","Microsoft-Windows-Store","lease = 0x4f167c48, usage = 536870912, policy = 2147483647, operation = 3, leaseBehavior = 0, shouldContentBeDeactivated = 0
Function: KeyMachine::DoLicenseThreadProc
Source: onecoreuap\enduser\winstore\licensemanager\lib\keymachine.cpp (905)"
"18-08-2026 13:15:05","8001","Information","Microsoft-Windows-Store","Returning 1 lease documents for contentid 42493DE9-7734-949C-AD90-1D11F59F45CB
Function: ClipStorage::GetLeaseDocumentsForKeyDocument
Source: onecoreuap\enduser\winstore\licensemanager\lib\clipstorage.cpp (460)"
"18-08-2026 13:15:05","8001","Information","Microsoft-Windows-Store","Adding lease {306E67C8-9A1D-38DE-8654-054BD8A6E6D6} to results
Function: ClipStorage::GetLeaseDocumentsForKeyDocument
Source: onecoreuap\enduser\winstore\licensemanager\lib\clipstorage.cpp (387)"
"18-08-2026 13:15:05","8001","Information","Microsoft-Windows-Store","Decoding: {""entitlementId"":""3e02f730-6c37-0771-2032-e36c77c20d1e"",""entitlementSatisfaction"":""Device"",""isOffline"":true,""leaseEnforcement"":""None"",""leaseUri"":""https://licensing.md.mp.microsoft.com/v7.0/licenses/?beneficiaryId=msahwonecoreuap\enduser\winstore\licensemanager\lib\clipdocument.cppa6755426027759980&contentId=42493de9-7734-949c-ad90-1d11f59f45cb&entitlementId=3e02f730-6c37-0771-2032-e36c77c20d1e&market=IN&policyType=Device"",""keyIds"":[""f1d940d0-b5b2-0083-8403-807a8db430d5""],""kind"":""Content"",""packages"":[{""packageIdentifier"":""42493de9-7734-949c-ad90-1d11f59f45cb"",""packageType"":""msix"",""productAddOns"":[],""productId"":""9MZ95KL8MR0L"",""skuId"":""0010""}],""pollAt"":""2026-08-13T17:23:16.9826078+00:00"",""refreshOnStartup"":false,""version"":7}
Function: DecodeCustomPolicy
Source: onecoreuap\enduser\winstore\licensemanager\lib\clipdocument.cpp (50)"
"18-08-2026 13:15:05","8001","Information","Microsoft-Windows-Store","Getting lease for 42493DE9-7734-949C-AD90-1D11F59F45CB
Function: LicenseManagerCore::GetExistingLeaseAndLicense
Source: onecoreuap\enduser\winstore\licensemanager\lib\managercore.cpp (415)"
"18-08-2026 13:15:05","8001","Information","Microsoft-Windows-Store","Returning key document for contentid 42493DE9-7734-949C-AD90-1D11F59F45CB
Function: ClipStorage::GetKeyDocumentForContentWithIdAndMinQuality
Source: onecoreuap\enduser\winstore\licensemanager\lib\clipstorage.cpp (262)"
"18-08-2026 13:15:05","8001","Information","Microsoft-Windows-Store","Accepting key with License ID {F1D940D0-B5B2-0083-8403-807A8DB430D5} for Content ID 42493DE9-7734-949C-AD90-1D11F59F45CB (first match)
Function: ClipStorage::GetKeyDocumentForContentWithIdAndMinQuality
Source: onecoreuap\enduser\winstore\licensemanager\lib\clipstorage.cpp (223)"
"18-08-2026 13:15:05","8001","Information","Microsoft-Windows-Store","Decoding: {""legacyProductId"":""74a4d5f7-a2f1-401f-9768-d26e2dfe0273""}
Function: DecodeCustomPolicy
Source: onecoreuap\enduser\winstore\licensemanager\lib\clipdocument.cpp (50)"
"18-08-2026 13:15:05","8001","Information","Microsoft-Windows-Store","Considering License ID {F1D940D0-B5B2-0083-8403-807A8DB430D5} for content ID 42493DE9-7734-949C-AD90-1D11F59F45CB...
Function: ClipStorage::GetKeyDocumentForContentWithIdAndMinQuality
Source: onecoreuap\enduser\winstore\licensemanager\lib\clipstorage.cpp (192)"
"18-08-2026 13:15:05","8012","Verbose","Microsoft-Windows-Store","0x21b4f13c8f0: 15468: Key:Initial Change: Key:NegotiatingUnleased => 42493DE9-7734-949C-AD90-1D11F59F45CB"
"18-08-2026 13:15:05","8001","Information","Microsoft-Windows-Store","0000021B4F13C8D0: BeginLicense: Operation 3, CachedLeaseOK true, RequireServiceValidation false
Function: KeyMachine::DoBeginLicense
Source: onecoreuap\enduser\winstore\licensemanager\lib\keymachine.cpp (819)"
"18-08-2026 13:15:05","8011","Verbose","Microsoft-Windows-Store","0x21b4f13c8f0: 15468: 42493DE9-7734-949C-AD90-1D11F59F45CB: Dispatch: Key:Activate => Key:Initial"
"18-08-2026 13:15:05","8011","Verbose","Microsoft-Windows-Store","0x21b4f134528: 15468: RootMachine: Dispatch: Root:Connect => Root:Valid"
"18-08-2026 13:15:05","8001","Information","Microsoft-Windows-Store","0000021B4F13C8D0: Key Machine for content: 42493DE9-7734-949C-AD90-1D11F59F45CB
Function: KeyMachine::KeyMachine
Source: onecoreuap\enduser\winstore\licensemanager\lib\keymachine.cpp (95)"
"18-08-2026 13:15:05","8001","Information","Microsoft-Windows-Store","Licensing 42493DE9-7734-949C-AD90-1D11F59F45CB (Active)
Function: LicenseManager::LicenseContentWithId
Source: onecoreuap\enduser\winstore\licensemanager\lib\manager.cpp (88)"
"18-08-2026 13:15:05","8001","Information","Microsoft-Windows-Store","Licensing package Microsoft.ScreenSketch_11.2602.49.0_x64__8wekyb3d8bbwe (3)
Function: OneStoreApplicationLicenseManager::GetLicenseForInstalledPackage
Source: onecoreuap\enduser\winstore\licensemanager\lib\onestoreapplicensemanager.cpp (120)"
"18-08-2026 13:15:05","8001","Information","Microsoft-Windows-Store","ServiceBeginAcquireLicenseImpl PsmKey:Microsoft.ScreenSketch_11.2602.49.0_x64__8wekyb3d8bbwe+LMV1xF00Dx7238, IsSystemUsage:0
Function: ServiceBeginAcquireLicenseImpl
Source: onecoreuap\enduser\winstore\licensemanager\lib\service.cpp (2304)"
"18-08-2026 13:15:05","8001","Information","Microsoft-Windows-Store","Invoking license manager because license/lease polling time up: PFN Microsoft.ScreenSketch_11.2602.49.0_x64__8wekyb3d8bbwe
Function: InvokeLicenseManagerRequired
Source: onecoreuap\enduser\winstore\licensemanager\apisethost\activationapis.cpp (361)"
"18-08-2026 13:14:28","8001","Information","Microsoft-Windows-Store","Skipping license manager: PFN Microsoft.Todos_2.176.7601.0_x64__8wekyb3d8bbwe
Function: InvokeLicenseManagerRequired
Source: onecoreuap\enduser\winstore\licensemanager\apisethost\activationapis.cpp (373)"
"18-08-2026 13:13:07","8001","Information","Microsoft-Windows-Store","Skipping license manager: PFN Microsoft.Todos_2.176.7601.0_x64__8wekyb3d8bbwe
Function: InvokeLicenseManagerRequired
Source: onecoreuap\enduser\winstore\licensemanager\apisethost\activationapis.cpp (373)"
"18-08-2026 13:13:07","8001","Information","Microsoft-Windows-Store","Skipping license manager: PFN Microsoft.Todos_2.176.7601.0_x64__8wekyb3d8bbwe
Function: InvokeLicenseManagerRequired
Source: onecoreuap\enduser\winstore\licensemanager\apisethost\activationapis.cpp (373)"
"18-08-2026 13:12:52","8012","Verbose","Microsoft-Windows-Store","0x21b4f134528: 17216: Root:Negotiating Change: Root:Valid => RootMachine"
"18-08-2026 13:12:52","8011","Verbose","Microsoft-Windows-Store","0x21b4f134528: 17216: RootMachine: Dispatch: Root:@LicenseDone => Root:Negotiating"
"18-08-2026 13:12:52","8012","Verbose","Microsoft-Windows-Store","0x21b4f134528: 17216: Root:Valid Change: Root:Negotiating => RootMachine"
"18-08-2026 13:12:52","8001","Information","Microsoft-Windows-Store","0000021B4F134510: BeginRootLicense
Function: RootMachine::DoBeginRootLicense
Source: onecoreuap\enduser\winstore\licensemanager\lib\rootmachine.cpp (201)"
"18-08-2026 13:12:52","8011","Verbose","Microsoft-Windows-Store","0x21b4f134528: 17216: RootMachine: Dispatch: Root:EnsureAllKeysAndLeases => Root:Valid"
"18-08-2026 13:12:52","8001","Information","Microsoft-Windows-Store","Network connectivity level changed to 0x3
Function: NetworkStatusMonitor::Invoke
Source: onecoreuap\enduser\winstore\licensemanager\lib\networkstatusmonitor.cpp (132)"
"18-08-2026 13:12:52","8001","Information","Microsoft-Windows-Store","Lease any offline running content after 316 seconds
Function: NetworkStatusMonitor::Invoke
Source: onecoreuap\enduser\winstore\licensemanager\lib\networkstatusmonitor.cpp (121)"
"18-08-2026 13:12:52","2006","Information","Microsoft-Windows-Install-Agent","[Telemetry]: StateTransition :: ProductId = (null)  PFN = (null)  CatalogId = (null)  FulfillmentPluginId = (null)  PluginTelemetryData = (null)  PrevState = ServiceStateChange  NewState = ServiceStateChange  PluginLastStage = 4  HResult = 0  __TlgCV__ = (null)  
Error: Unknown HResult Error code: 0xefffffff
Function: LogTelemetryEvent
Source: onecoreuap\enduser\winstore\installservice\svc\logging.cpp (10)"
"18-08-2026 13:07:59","8001","Information","Microsoft-Windows-Store","Skipping license manager: PFN Microsoft.WindowsStore_22607.1401.3.0_x64__8wekyb3d8bbwe
Function: InvokeLicenseManagerRequired
Source: onecoreuap\enduser\winstore\licensemanager\apisethost\activationapis.cpp (373)"
"18-08-2026 13:07:45","8001","Information","Microsoft-Windows-Store","Network connectivity level changed to 0x0
Function: NetworkStatusMonitor::Invoke
Source: onecoreuap\enduser\winstore\licensemanager\lib\networkstatusmonitor.cpp (108)"
"18-08-2026 13:07:36","8012","Verbose","Microsoft-Windows-Store","0x21b4f134528: 25280: Root:Negotiating Change: Root:Valid => RootMachine"
"18-08-2026 13:07:36","8011","Verbose","Microsoft-Windows-Store","0x21b4f134528: 25280: RootMachine: Dispatch: Root:@LicenseDone => Root:Negotiating"
"18-08-2026 13:07:36","8012","Verbose","Microsoft-Windows-Store","0x21b4f134528: 25280: Root:Valid Change: Root:Negotiating => RootMachine"
"18-08-2026 13:07:36","8001","Information","Microsoft-Windows-Store","0000021B4F134510: BeginRootLicense
Function: RootMachine::DoBeginRootLicense
Source: onecoreuap\enduser\winstore\licensemanager\lib\rootmachine.cpp (201)"
"18-08-2026 13:07:36","8011","Verbose","Microsoft-Windows-Store","0x21b4f134528: 25280: RootMachine: Dispatch: Root:EnsureAllKeysAndLeases => Root:Valid"
"18-08-2026 13:07:36","8001","Information","Microsoft-Windows-Store","Network connectivity level changed to 0x3
Function: NetworkStatusMonitor::Invoke
Source: onecoreuap\enduser\winstore\licensemanager\lib\networkstatusmonitor.cpp (132)"
"18-08-2026 13:07:36","8001","Information","Microsoft-Windows-Store","Lease any offline running content after 1787038656 seconds
Function: NetworkStatusMonitor::Invoke
Source: onecoreuap\enduser\winstore\licensemanager\lib\networkstatusmonitor.cpp (121)"
"18-08-2026 13:07:05","8001","Information","Microsoft-Windows-Store","Network connectivity level changed to 0x0
Function: NetworkStatusMonitor::Invoke
Source: onecoreuap\enduser\winstore\licensemanager\lib\networkstatusmonitor.cpp (108)"
"18-08-2026 13:06:58","2006","Information","Microsoft-Windows-Install-Agent","[Telemetry]: StateTransition :: ProductId = (null)  PFN = (null)  CatalogId = (null)  FulfillmentPluginId = (null)  PluginTelemetryData = (null)  PrevState = ServiceStateChange  NewState = ServiceStateChange  PluginLastStage = 3  HResult = 0  __TlgCV__ = (null)  
Error: Unknown HResult Error code: 0xefffffff
Function: LogTelemetryEvent
Source: onecoreuap\enduser\winstore\installservice\svc\logging.cpp (10)"
"18-08-2026 13:06:58","3","Warning","Windows-ApplicationModel-Store-SDK","Task 'WinStore.Tasks.WindowsSearchTask+Runner' was canceled, reason: 'ResourceRevocation'.
Function: Run
Source: .\src\Core\WinStore.Tasks\Helpers\BackgroundTaskRunner.cs (99)"
"18-08-2026 12:58:56","8001","Information","Microsoft-Windows-Store","Skipping license manager: PFN Microsoft.Todos_2.176.7601.0_x64__8wekyb3d8bbwe
Function: InvokeLicenseManagerRequired
Source: onecoreuap\enduser\winstore\licensemanager\apisethost\activationapis.cpp (373)"
"18-08-2026 12:58:56","8001","Information","Microsoft-Windows-Store","Skipping license manager: PFN Microsoft.Todos_2.176.7601.0_x64__8wekyb3d8bbwe
Function: InvokeLicenseManagerRequired
Source: onecoreuap\enduser\winstore\licensemanager\apisethost\activationapis.cpp (373)"
"18-08-2026 12:44:10","8001","Information","Microsoft-Windows-Store","Skipping license manager: PFN Microsoft.Todos_2.176.7601.0_x64__8wekyb3d8bbwe
Function: InvokeLicenseManagerRequired
Source: onecoreuap\enduser\winstore\licensemanager\apisethost\activationapis.cpp (373)"
"18-08-2026 12:43:07","8001","Information","Microsoft-Windows-Store","Skipping license manager: PFN Microsoft.Todos_2.176.7601.0_x64__8wekyb3d8bbwe
Function: InvokeLicenseManagerRequired
Source: onecoreuap\enduser\winstore\licensemanager\apisethost\activationapis.cpp (373)"
"18-08-2026 12:43:07","8001","Information","Microsoft-Windows-Store","Skipping license manager: PFN Microsoft.Todos_2.176.7601.0_x64__8wekyb3d8bbwe
Function: InvokeLicenseManagerRequired
Source: onecoreuap\enduser\winstore\licensemanager\apisethost\activationapis.cpp (373)"
"18-08-2026 12:30:00","8001","Information","Microsoft-Windows-Store","Skipping license manager: PFN Microsoft.Todos_2.176.7601.0_x64__8wekyb3d8bbwe
Function: InvokeLicenseManagerRequired
Source: onecoreuap\enduser\winstore\licensemanager\apisethost\activationapis.cpp (373)"
"18-08-2026 12:29:42","2006","Information","Microsoft-Windows-Install-Agent","result: Microsoft.WindowsStore, CN=Microsoft Corporation, O=Microsoft Corporation, L=Redmond, S=Washington, C=US, blocked = false
Error: The operation completed successfully.
Function: Windows::ApplicationModel::Store::Preview::InstallControl::AppInstallManagerImpl::IsStoreBlockedByPolicyAsync::<lambda_35f23dcfc9a41a7838ece0b329dc2eaf>::operator ()
Source: onecoreuap\enduser\winstore\installservice\lib\appinstallcontrol.cpp (2026)"
"18-08-2026 12:29:42","2006","Information","Microsoft-Windows-Install-Agent","request: Microsoft.WindowsStore CN=Microsoft Corporation, O=Microsoft Corporation, L=Redmond, S=Washington, C=US
Error: Unknown HResult Error code: 0xefffffff
Function: Windows::ApplicationModel::Store::Preview::InstallControl::AppInstallManagerImpl::IsStoreBlockedByPolicyAsync
Source: onecoreuap\enduser\winstore\installservice\lib\appinstallcontrol.cpp (1995)"
"18-08-2026 12:29:42","2006","Information","Microsoft-Windows-Install-Agent","result: Microsoft.WindowsStore, CN=Microsoft Corporation, O=Microsoft Corporation, L=Redmond, S=Washington, C=US, blocked = false
Error: The operation completed successfully.
Function: Windows::ApplicationModel::Store::Preview::InstallControl::AppInstallManagerImpl::IsStoreBlockedByPolicyAsync::<lambda_35f23dcfc9a41a7838ece0b329dc2eaf>::operator ()
Source: onecoreuap\enduser\winstore\installservice\lib\appinstallcontrol.cpp (2026)"
"18-08-2026 12:29:42","2006","Information","Microsoft-Windows-Install-Agent","request: Microsoft.WindowsStore CN=Microsoft Corporation, O=Microsoft Corporation, L=Redmond, S=Washington, C=US
Error: Unknown HResult Error code: 0xefffffff
Function: Windows::ApplicationModel::Store::Preview::InstallControl::AppInstallManagerImpl::IsStoreBlockedByPolicyAsync
Source: onecoreuap\enduser\winstore\installservice\lib\appinstallcontrol.cpp (1995)"
"18-08-2026 12:29:42","2005","Verbose","Microsoft-Windows-Install-Agent","oneSettingsconcurrentDefaultInstalls = 3, oneSettingsconcurrentMinInstalls = 3
Error: Unknown HResult Error code: 0xefffffff
Function: GetConcurrentInstallsFromOneSettings
Source: onecoreuap\enduser\winstore\installservice\lib\settings.cpp (846)"
"18-08-2026 12:29:42","2006","Information","Microsoft-Windows-Install-Agent","Setting MSA Client Id for Token requests: {f0c62012-2cef-4831-b1f7-930682874c86}
Error: Unspecified error
Function: 
Source: onecoreuap\enduser\winstore\auth\lib\winstoreauth.cpp (206)"
"18-08-2026 12:29:42","2000","Information","Microsoft-Windows-Install-Agent","Process Name: C:\Windows\system32\svchost.exe
Module Name: C:\Windows\System32\InstallService.dll
Build: 26100.1.amd64fre.ge_release.240331-1435, UBR: 8893
"
"18-08-2026 12:29:38","2005","Verbose","Microsoft-Windows-Install-Agent","oneSettingsconcurrentDefaultInstalls = 3, oneSettingsconcurrentMinInstalls = 3
Error: Unknown HResult Error code: 0xefffffff
Function: GetConcurrentInstallsFromOneSettings
Source: onecoreuap\enduser\winstore\installservice\lib\settings.cpp (846)"
"18-08-2026 12:29:38","2006","Information","Microsoft-Windows-Install-Agent","Setting MSA Client Id for Token requests: {f0c62012-2cef-4831-b1f7-930682874c86}
Error: Unspecified error
Function: 
Source: onecoreuap\enduser\winstore\auth\lib\winstoreauth.cpp (206)"
"18-08-2026 12:29:38","2000","Information","Microsoft-Windows-Install-Agent","Process Name: C:\Windows\System32\svchost.exe
Module Name: C:\Windows\System32\InstallService.dll
Build: 26100.1.amd64fre.ge_release.240331-1435, UBR: 8893
"
"18-08-2026 12:29:38","6004","Information","Microsoft-Windows-Push-To-Install-Service","Smart Install App Control setting retrieved: 0
Error Code: Unknown HResult Error code: 0xefffffff
Function: GetAppControlSettingAsInt
Source: onecoreuap\enduser\winstore\pushtoinstall\lib\service.cpp (96)"
"18-08-2026 12:29:38","6004","Information","Microsoft-Windows-Push-To-Install-Service","PTI started with login
Error Code: Unknown HResult Error code: 0xefffffff
Function: ServiceInitialize
Source: onecoreuap\enduser\winstore\pushtoinstall\lib\service.cpp (343)"
"18-08-2026 12:29:38","6004","Information","Microsoft-Windows-Push-To-Install-Service","canDisableApps value is 1
Error Code: Unknown HResult Error code: 0xefffffff
Function: InitStoreAppsAreDisabled
Source: onecoreuap\enduser\winstore\pushtoinstall\svc\svcmain.cpp (58)"
"18-08-2026 12:29:38","6006","Information","Microsoft-Windows-Push-To-Install-Service","Process Name: C:\Windows\System32\svchost.exe
Module Name: c:\windows\system32\pushtoinstall.dll
Build: 26100.1.amd64fre.ge_release.240331-1435
"
"18-08-2026 12:29:06","2006","Information","Microsoft-Windows-Install-Agent","USO store provider is enabled.
Error: Unknown HResult Error code: 0xefffffff
Function: CanUseUsoStoreProvider
Source: onecoreuap\enduser\winstore\installservice\lib\settings.cpp (4188)"
"18-08-2026 12:29:06","2006","Information","Microsoft-Windows-Install-Agent","[Telemetry]: Stats :: AppControlPreferenceOptions = 99  ShouldHonorAppUpdatePauseFlags = 2  
Error: Unknown HResult Error code: 0xefffffff
Function: LogTelemetryEvent
Source: onecoreuap\enduser\winstore\installservice\tasksdll\logging.cpp (10)"
"18-08-2026 12:29:06","2006","Information","Microsoft-Windows-Install-Agent","Update block list not found or empty in OneSettings
Error: Unknown HResult Error code: 0xefffffff
Function: DoInitializeOneSettingsConfiguration
Source: onecoreuap\enduser\winstore\installservice\lib\settings.cpp (2735)"
"18-08-2026 12:29:06","2006","Information","Microsoft-Windows-Install-Agent","Failure detected
Error: JSON value not found.
Function: 
Source: onecoreuap\enduser\winstore\installservice\lib\settings.cpp (578)"
"18-08-2026 12:29:06","2006","Information","Microsoft-Windows-Install-Agent","Failure detected
Error: JSON value not found.
Function: 
Source: onecoreuap\enduser\winstore\installservice\lib\settings.cpp (558)"
"18-08-2026 12:29:06","2005","Verbose","Microsoft-Windows-Install-Agent","CheckpointAbandonmentRules fetched from OneSettings payload: [{""callerApplicationIdKeyword"":""WindowsStore"",""systemAttemptCountThreshold"":5,""creationTimestampThresholdInDays"":2},{""callerApplicationIdKeyword"":""MoUsoCoreWorker"",""systemAttemptCountThreshold"":2,""creationTimestampThresholdInDays"":2}]
Error: Unknown HResult Error code: 0xefffffff
Function: _ReadCheckpointAbandonmentRules
Source: onecoreuap\enduser\winstore\installservice\lib\settings.cpp (4907)"
"18-08-2026 12:29:06","2005","Verbose","Microsoft-Windows-Install-Agent","SfEdgeFallbackEndpointUrl fetched from cache: https://sfdataservice.microsoft.com/package-retrieval
Error: Unknown HResult Error code: 0xefffffff
Function: _ReadSfEdgeFallbackEndpointUrl
Source: onecoreuap\enduser\winstore\installservice\lib\settings.cpp (4660)"
"18-08-2026 12:29:06","2005","Verbose","Microsoft-Windows-Install-Agent","ProductCatalogUrl fetched from cache: https://fe3cr.delivery.mp.microsoft.com/ClientWebService/client.asmx/secured
Error: Unknown HResult Error code: 0xefffffff
Function: _ReadProductCatalogUrl
Source: onecoreuap\enduser\winstore\installservice\lib\settings.cpp (4639)"
"18-08-2026 12:29:06","2005","Verbose","Microsoft-Windows-Install-Agent","DirectDownloadEnablementLiveCheckThreshold in milliseconds fetched from cache: 600000
Error: Unknown HResult Error code: 0xefffffff
Function: _ReadDirectDownloadEnablementLiveCheckThreshold
Source: onecoreuap\enduser\winstore\installservice\lib\settings.cpp (4617)"
"18-08-2026 12:29:06","2007","Warning","Microsoft-Windows-Install-Agent","Error while reading DirectDownloadReplacementSettings from OneSettings cache, value will remain empty
Error: Unknown HResult Error code: 0xefffffff
Function: DoInitializeOneSettingsConfiguration
Source: onecoreuap\enduser\winstore\installservice\lib\settings.cpp (2638)"
"18-08-2026 12:29:06","2006","Information","Microsoft-Windows-Install-Agent","Failure detected
Error: JSON value not found.
Function: 
Source: onecoreuap\enduser\winstore\installservice\lib\settings.cpp (4556)"
"18-08-2026 12:29:06","2006","Information","Microsoft-Windows-Install-Agent","DirectDownloadEnablementSettings Source field missing. Defaulting to Default.
Error: Unknown HResult Error code: 0xefffffff
Function: _ParseDirectDownloadSourceFromJson
Source: onecoreuap\enduser\winstore\installservice\lib\settings.cpp (4428)"
"18-08-2026 12:29:06","2006","Information","Microsoft-Windows-Install-Agent","DirectDownloadEnablementSettings Source field missing. Defaulting to Default.
Error: Unknown HResult Error code: 0xefffffff
Function: _ParseDirectDownloadSourceFromJson
Source: onecoreuap\enduser\winstore\installservice\lib\settings.cpp (4428)"
"18-08-2026 12:29:06","2006","Information","Microsoft-Windows-Install-Agent","DirectDownloadEnablementSettings Source field missing. Defaulting to Default.
Error: Unknown HResult Error code: 0xefffffff
Function: _ParseDirectDownloadSourceFromJson
Source: onecoreuap\enduser\winstore\installservice\lib\settings.cpp (4428)"
