"17-08-2026 10:04:19","455","Verbose","Microsoft-Windows-AppXDeployment-Server","User S-1-12-1-2357405129-1281513531-255772574-1816207334 had outdated package Microsoft.Office.ActionsServer_16.0.20131.20152_neutral__8wekyb3d8bbwe, which will be updated to Microsoft.Office.ActionsServer_16.0.20228.20188_neutral__8wekyb3d8bbwe. User was online: true."
"17-08-2026 10:04:19","603","Information","Microsoft-Windows-AppXDeployment-Server","Started deployment Register operation on a package with main parameter AppxManifest.xml and Options ForceTargetApplicationShutdownOption,SkipReregisterIfPackageStatusOk,LowPriorityRequest and SkipDeploymentOperationRpcCallerIsAdminCheck. See http://go.microsoft.com/fwlink/?LinkId=235160 for help diagnosing app deployment issues."
"17-08-2026 10:04:19","855","Information","Microsoft-Windows-AppXDeployment-Server","Finished resolving action lists. DeploymentRequest action lists: updateList: Microsoft.Office.ActionsServer_16.0.20131.20152_neutral__8wekyb3d8bbwe is updating to Microsoft.Office.ActionsServer_16.0.20228.20188_neutral__8wekyb3d8bbwe."
"17-08-2026 10:04:19","607","Information","Microsoft-Windows-AppXDeployment-Server","Deployment ProvisionPackageOperation operation on package Microsoft.Office.ActionsServer_16.0.20228.20188_neutral__8wekyb3d8bbwe has been de-queued and is running for user SID S-1-5-18."
"17-08-2026 10:04:19","10002","Verbose","Microsoft-Windows-AppXDeployment-Server","Creating Resiliency File C:\ProgramData\Microsoft\Windows\AppRepository\9277d23e-5d12-4078-b69f-c5a251c77737_S-1-5-18_9.rslc for ProvisionPackageOperation Operation on Package Microsoft.Office.ActionsServer_16.0.20228.20188_neutral__8wekyb3d8bbwe."
"17-08-2026 10:04:19","822","Verbose","Microsoft-Windows-AppXDeployment-Server","Updating registry for package Microsoft.WindowsAppRuntime.1.8_8000.946.1701.0_x86__8wekyb3d8bbwe completed with result: 0x0."
"17-08-2026 10:04:19","821","Verbose","Microsoft-Windows-AppXDeployment-Server","During-logon registration of package Microsoft.WindowsAppRuntime.1.8_8000.946.1701.0_x86__8wekyb3d8bbwe for user S-1-12-1-2357405129-1281513531-255772574-1816207334 finished with result: 0x0; updating registry..."
"17-08-2026 10:04:19","613","Information","Microsoft-Windows-AppXDeployment-Server","Performance summary of Deployment Register operation on Package Microsoft.WindowsAppRuntime.1.8_8000.946.1701.0_x86__8wekyb3d8bbwe: 
Overall time: 2687 ms (Active time: 1281 ms)
Gap: 16 ms
Enqueue cost: 15 ms
Dequeue delay: 1406 ms
Bundle processing cost: 47 ms
Indexing cost: 0 ms
Resolve dependency cost: 63 ms
Check approval cost: 15 ms
Evaluation cost: 0 ms
Hardlinking evaluation cost: 0 ms
Stage required cost: 32 ms
Flushing and closing files cost: 0 ms
Gap: 140 ms
Machine register cost: 0 ms
Stage user data cost: 0 ms
Registration cost: 282 ms
Gap: 125 ms
Repository commit transaction cost: 343 ms
Gap: 141 ms
Data flush cost: 16 ms
Post DeStage repository commit transaction cost: 31 ms
Remaining cost: 15 ms
"
"17-08-2026 10:04:19","472","Verbose","Microsoft-Windows-AppXDeployment-Server","Moving package folder \\?\C:\Program Files\WindowsApps\Microsoft.WindowsAppRuntime.1.8_8000.921.1539.0_x86__8wekyb3d8bbwe to \\?\C:\Program Files\WindowsApps\Deleted\Microsoft.WindowsAppRuntime.1.8_8000.921.1539.0_x86__8wekyb3d8bbwef4759188-c643-4ab8-a9c3-807e335d23fd. Result: 0x0."
"17-08-2026 10:04:19","400","Information","Microsoft-Windows-AppXDeployment-Server","Deployment Register operation with target volume C: on Package Microsoft.WindowsAppRuntime.1.8_8000.946.1701.0_x86__8wekyb3d8bbwe from:  (AppxManifest.xml)  finished successfully."
"17-08-2026 10:04:19","9660","Warning","Microsoft-Windows-AppXDeployment-Server","error 0xD007007A: Unable to notify BrokerInfrastructure service for package Microsoft.WindowsAppRuntime.1.8_8000.921.1539.0_x86__8wekyb3d8bbwe and state change 2."
"17-08-2026 10:04:19","617","Verbose","Microsoft-Windows-AppXDeployment-Server","Successfully updated the status for package Microsoft.WindowsAppRuntime.1.8_8000.946.1701.0_x86__8wekyb3d8bbwe and user S-1-12-1-2357405129-1281513531-255772574-1816207334 (Clear=0x300, Set=0x0)."
"17-08-2026 10:04:19","617","Verbose","Microsoft-Windows-AppXDeployment-Server","Successfully updated the status for package Microsoft.WindowsAppRuntime.1.8_8000.946.1701.0_x86__8wekyb3d8bbwe and user S-1-12-1-2357405129-1281513531-255772574-1816207334 (Clear=0x10000C00, Set=0x0)."
"17-08-2026 10:04:19","617","Verbose","Microsoft-Windows-AppXDeployment-Server","Successfully updated the status for package Microsoft.WindowsAppRuntime.1.8_8000.946.1701.0_x86__8wekyb3d8bbwe and user S-1-12-1-2357405129-1281513531-255772574-1816207334 (Clear=0x20, Set=0x0)."
"17-08-2026 10:04:19","617","Verbose","Microsoft-Windows-AppXDeployment-Server","Successfully updated the status for package Microsoft.WindowsAppRuntime.1.8_8000.946.1701.0_x86__8wekyb3d8bbwe and user S-1-12-1-2357405129-1281513531-255772574-1816207334 (Clear=0x20, Set=0x0)."
"17-08-2026 10:04:18","813","Verbose","Microsoft-Windows-AppXDeployment-Server","Successfully updated all user store with package Microsoft.WindowsAppRuntime.1.8_8000.946.1701.0_x86__8wekyb3d8bbwe."
"17-08-2026 10:04:18","617","Verbose","Microsoft-Windows-AppXDeployment-Server","Successfully updated the status for package Microsoft.WindowsAppRuntime.1.8_8000.921.1539.0_x86__8wekyb3d8bbwe and user S-1-12-1-2357405129-1281513531-255772574-1816207334 (Clear=0xFFFFFFFF, Set=0x0)."
"17-08-2026 10:04:18","617","Verbose","Microsoft-Windows-AppXDeployment-Server","Successfully updated the status for package Microsoft.WindowsAppRuntime.1.8_8000.946.1701.0_x86__8wekyb3d8bbwe and user S-1-12-1-2357405129-1281513531-255772574-1816207334 (Clear=0x0, Set=0x20)."
"17-08-2026 10:04:18","9643","Verbose","Microsoft-Windows-AppXDeployment-Server","0x0: TerminateApplications successful."
"17-08-2026 10:04:18","9643","Verbose","Microsoft-Windows-AppXDeployment-Server","0x0: TerminateApplications successful."
"17-08-2026 10:04:18","617","Verbose","Microsoft-Windows-AppXDeployment-Server","Successfully updated the status for package Microsoft.WindowsAppRuntime.1.8_8000.946.1701.0_x86__8wekyb3d8bbwe and user S-1-12-1-2357405129-1281513531-255772574-1816207334 (Clear=0x0, Set=0x20)."
"17-08-2026 10:04:18","617","Verbose","Microsoft-Windows-AppXDeployment-Server","Successfully updated the status for package Microsoft.WindowsAppRuntime.1.8_8000.921.1539.0_x86__8wekyb3d8bbwe and user S-1-12-1-2357405129-1281513531-255772574-1816207334 (Clear=0x0, Set=0x20)."
"17-08-2026 10:04:18","9643","Verbose","Microsoft-Windows-AppXDeployment-Server","0x0: TerminateApplications successful."
"17-08-2026 10:04:18","9643","Verbose","Microsoft-Windows-AppXDeployment-Server","0x0: TerminateApplications successful."
"17-08-2026 10:04:18","855","Information","Microsoft-Windows-AppXDeployment-Server","Finished resolving action lists. DeploymentRequest action lists: updateList: Microsoft.WindowsAppRuntime.1.8_8000.921.1539.0_x86__8wekyb3d8bbwe is updating to Microsoft.WindowsAppRuntime.1.8_8000.946.1701.0_x86__8wekyb3d8bbwe."
"17-08-2026 10:04:18","854","Information","Microsoft-Windows-AppXDeployment-Server","Successfully added the following uri(s) to be processed:  C:\Program Files\WindowsApps\Microsoft.WindowsAppRuntime.1.8_8000.946.1701.0_x86__8wekyb3d8bbwe\AppxManifest.xml."
"17-08-2026 10:04:18","607","Information","Microsoft-Windows-AppXDeployment-Server","Deployment Register operation on package Microsoft.WindowsAppRuntime.1.8_8000.946.1701.0_x86__8wekyb3d8bbwe has been de-queued and is running for user SID S-1-12-1-2357405129-1281513531-255772574-1816207334."
"17-08-2026 10:04:18","603","Information","Microsoft-Windows-AppXDeployment-Server","Started deployment ProvisionPackageOperation operation on a package with main parameter Microsoft.Office.ActionsServer_8wekyb3d8bbwe and Options 0 and 0. See http://go.microsoft.com/fwlink/?LinkId=235160 for help diagnosing app deployment issues."
"17-08-2026 10:04:18","613","Information","Microsoft-Windows-AppXDeployment-Server","Performance summary of Deployment Stage operation on Package Microsoft.Office.ActionsServer_16.0.20228.20188_neutral__8wekyb3d8bbwe: 
Overall time: 1562 ms (Active time: 1562 ms)
Enqueue cost: 187 ms
Dequeue delay: 0 ms
Bundle processing cost: 0 ms
Indexing cost: 47 ms
Resolve dependency cost: 0 ms
Check approval cost: 16 ms
Evaluation cost: 187 ms
Hardlinking evaluation cost: 0 ms
Stage required cost: 704 ms
Flushing and closing files cost: 31 ms
Gap: 31 ms
Machine register cost: 140 ms
Stage user data cost: 0 ms
Registration cost: 0 ms
Repository commit transaction cost: 172 ms
Gap: 16 ms
Data flush cost: 0 ms
Post DeStage repository commit transaction cost: 16 ms
Remaining cost: 46 ms
"
"17-08-2026 10:04:18","400","Information","Microsoft-Windows-AppXDeployment-Server","Deployment Stage operation with target volume C: on Package Microsoft.Office.ActionsServer_16.0.20228.20188_neutral__8wekyb3d8bbwe from:  (ActionsServer.msix)  finished successfully."
"17-08-2026 10:04:18","617","Verbose","Microsoft-Windows-AppXDeployment-Server","Successfully updated the status for package Microsoft.Office.ActionsServer_16.0.20228.20188_neutral__8wekyb3d8bbwe and user S-1-5-18 (Clear=0x10000C00, Set=0x0)."
"17-08-2026 10:04:16","626","Verbose","Microsoft-Windows-AppXDeployment-Server","Deployment Register operation on package Microsoft.WindowsAppRuntime.1.8_8000.946.1701.0_x86__8wekyb3d8bbwe has been requeued for user SID S-1-12-1-2357405129-1281513531-255772574-1816207334."
"17-08-2026 10:04:16","855","Information","Microsoft-Windows-AppXDeployment-Server","Finished resolving action lists. DeploymentRequest action lists: updateList: Microsoft.WindowsAppRuntime.1.8_8000.921.1539.0_x86__8wekyb3d8bbwe is updating to Microsoft.WindowsAppRuntime.1.8_8000.946.1701.0_x86__8wekyb3d8bbwe."
"17-08-2026 10:04:16","574","Information","Microsoft-Windows-AppXDeployment-Server","Preferred package version for package family is changing. Current preferred version is: Microsoft.Office.ActionsServer_16.0.20131.20152_neutral__8wekyb3d8bbwe. New preferred version will be: Microsoft.Office.ActionsServer_16.0.20228.20188_neutral__8wekyb3d8bbwe."
"17-08-2026 10:04:16","854","Information","Microsoft-Windows-AppXDeployment-Server","Successfully added the following uri(s) to be processed:  C:\Program Files\WindowsApps\Microsoft.WindowsAppRuntime.1.8_8000.946.1701.0_x86__8wekyb3d8bbwe\AppxManifest.xml."
"17-08-2026 10:04:16","607","Information","Microsoft-Windows-AppXDeployment-Server","Deployment Register operation on package Microsoft.WindowsAppRuntime.1.8_8000.946.1701.0_x86__8wekyb3d8bbwe has been de-queued and is running for user SID S-1-12-1-2357405129-1281513531-255772574-1816207334."
"17-08-2026 10:04:16","854","Information","Microsoft-Windows-AppXDeployment-Server","Successfully added the following uri(s) to be processed:  file:///C:/Program%20Files/Microsoft%20Office/root/Integration/Addons/ActionsServer.msix."
"17-08-2026 10:04:16","607","Information","Microsoft-Windows-AppXDeployment-Server","Deployment Stage operation on package Microsoft.Office.ActionsServer_16.0.20228.20188_neutral__8wekyb3d8bbwe has been de-queued and is running for user SID S-1-5-18."
"17-08-2026 10:04:16","10002","Verbose","Microsoft-Windows-AppXDeployment-Server","Creating Resiliency File C:\ProgramData\Microsoft\Windows\AppRepository\9277d23e-5d12-4078-b69f-c5a251c77737_S-1-5-18_8.rslc for Stage Operation on Package Microsoft.Office.ActionsServer_16.0.20228.20188_neutral__8wekyb3d8bbwe."
"17-08-2026 10:04:16","626","Verbose","Microsoft-Windows-AppXDeployment-Server","Deployment Register operation on package Microsoft.WindowsAppRuntime.1.8_8000.946.1701.0_x86__8wekyb3d8bbwe has been requeued for user SID S-1-12-1-2357405129-1281513531-255772574-1816207334."
"17-08-2026 10:04:16","855","Information","Microsoft-Windows-AppXDeployment-Server","Finished resolving action lists. DeploymentRequest action lists: updateList: Microsoft.WindowsAppRuntime.1.8_8000.921.1539.0_x86__8wekyb3d8bbwe is updating to Microsoft.WindowsAppRuntime.1.8_8000.946.1701.0_x86__8wekyb3d8bbwe."
"17-08-2026 10:04:16","854","Information","Microsoft-Windows-AppXDeployment-Server","Successfully added the following uri(s) to be processed:  C:\Program Files\WindowsApps\Microsoft.WindowsAppRuntime.1.8_8000.946.1701.0_x86__8wekyb3d8bbwe\AppxManifest.xml."
"17-08-2026 10:04:16","607","Information","Microsoft-Windows-AppXDeployment-Server","Deployment Register operation on package Microsoft.WindowsAppRuntime.1.8_8000.946.1701.0_x86__8wekyb3d8bbwe has been de-queued and is running for user SID S-1-12-1-2357405129-1281513531-255772574-1816207334."
"17-08-2026 10:04:16","10002","Verbose","Microsoft-Windows-AppXDeployment-Server","Creating Resiliency File C:\ProgramData\Microsoft\Windows\AppRepository\9277d23e-5d12-4078-b69f-c5a251c77737_S-1-12-1-2357405129-1281513531-255772574-1816207334_7.rslc for Register Operation on Package Microsoft.WindowsAppRuntime.1.8_8000.946.1701.0_x86__8wekyb3d8bbwe."
"17-08-2026 10:04:16","603","Information","Microsoft-Windows-AppXDeployment-Server","Started deployment Register operation on a package with main parameter AppxManifest.xml and Options ForceTargetApplicationShutdownOption,SkipReregisterIfPackageStatusOk,LowPriorityRequest and SkipDeploymentOperationRpcCallerIsAdminCheck. See http://go.microsoft.com/fwlink/?LinkId=235160 for help diagnosing app deployment issues."
"17-08-2026 10:04:16","400","Information","Microsoft-Windows-AppXDeployment-Server","Deployment OnDemandRegisterOperation operation with target volume C: on Package Microsoft.OfficePushNotificationUtility_16.0.20228.20188_neutral__8wekyb3d8bbwe from:   finished successfully."
"17-08-2026 10:04:16","684","Information","Microsoft-Windows-AppXDeployment-Server","OnDemandRegisterPackage Microsoft.WindowsAppRuntime.2_2.4.0.0_x86__8wekyb3d8bbwe, framework not supported by OnDemandRegister operation found. We will register later."
"17-08-2026 10:04:16","684","Information","Microsoft-Windows-AppXDeployment-Server","OnDemandRegisterPackage Microsoft.WindowsAppRuntime.1.8_8000.946.1701.0_x86__8wekyb3d8bbwe, framework not supported by OnDemandRegister operation found. We will register later."
"17-08-2026 10:04:16","684","Information","Microsoft-Windows-AppXDeployment-Server","OnDemandRegisterPackage Microsoft.WindowsAppRuntime.1.8_8000.946.1701.0_x64__8wekyb3d8bbwe, framework not supported by OnDemandRegister operation found. We will register later."
"17-08-2026 10:04:16","684","Information","Microsoft-Windows-AppXDeployment-Server","OnDemandRegisterPackage Microsoft.WindowsAppRuntime.2_2.4.0.0_x64__8wekyb3d8bbwe, framework not supported by OnDemandRegister operation found. We will register later."
"17-08-2026 10:04:16","642","Information","Microsoft-Windows-AppXDeployment-Server","OnDemandRegisterPackage found existing package Microsoft.OfficePushNotificationUtility_16.0.20131.20152_neutral__8wekyb3d8bbwe, set PACKAGE_STATUS_REGISTRATION_REQUIRED_BLOCKING"
"17-08-2026 10:04:16","617","Verbose","Microsoft-Windows-AppXDeployment-Server","Successfully updated the status for package Microsoft.OfficePushNotificationUtility_16.0.20228.20188_neutral__8wekyb3d8bbwe and user S-1-12-1-2357405129-1281513531-255772574-1816207334 (Clear=0x400, Set=0x10000800)."
"17-08-2026 10:04:16","679","Information","Microsoft-Windows-AppXDeployment-Server","OnDemandRegisterPackageList Microsoft.OfficePushNotificationUtility_16.0.20228.20188_neutral__8wekyb3d8bbwe Microsoft.WindowsAppRuntime.2_2.4.0.0_x64__8wekyb3d8bbwe Microsoft.WindowsAppRuntime.1.8_8000.946.1701.0_x64__8wekyb3d8bbwe Microsoft.WindowsAppRuntime.1.8_8000.946.1701.0_x86__8wekyb3d8bbwe Microsoft.WindowsAppRuntime.2_2.4.0.0_x86__8wekyb3d8bbwe ."
"17-08-2026 10:04:16","603","Information","Microsoft-Windows-AppXDeployment-Server","Started deployment Stage operation on a package with main parameter ActionsServer.msix and Options NormalPriorityRequest and 0. See http://go.microsoft.com/fwlink/?LinkId=235160 for help diagnosing app deployment issues."
"17-08-2026 10:04:16","607","Information","Microsoft-Windows-AppXDeployment-Server","Deployment OnDemandRegisterOperation operation on package Microsoft.OfficePushNotificationUtility_16.0.20228.20188_neutral__8wekyb3d8bbwe has been de-queued and is running for user SID S-1-12-1-2357405129-1281513531-255772574-1816207334."
"17-08-2026 10:04:16","10002","Verbose","Microsoft-Windows-AppXDeployment-Server","Creating Resiliency File C:\ProgramData\Microsoft\Windows\AppRepository\9277d23e-5d12-4078-b69f-c5a251c77737_S-1-12-1-2357405129-1281513531-255772574-1816207334_6.rslc for OnDemandRegisterOperation Operation on Package Microsoft.OfficePushNotificationUtility_16.0.20228.20188_neutral__8wekyb3d8bbwe."
"17-08-2026 10:04:16","604","Information","Microsoft-Windows-AppXDeployment-Server","Started deployment OnDemandRegisterOperation operation on a package with main parameter , dependency parameters Microsoft.OfficePushNotificationUtility_16.0.20228.20188_neutral__8wekyb3d8bbwe, and Options ImmediatePriorityRequest and 0. See http://go.microsoft.com/fwlink/?LinkId=235160 for help diagnosing app deployment issues."
"17-08-2026 10:04:16","471","Information","Microsoft-Windows-AppXDeployment-Server","error 0x5: Deleting file \\?\C:\Program Files\WindowsApps\Deleted\Microsoft.MicrosoftOfficeHub_19.2608.34011.0_x64__8wekyb3d8bbwee1b6bff2-7844-4ece-a5dd-799a5f0a66ff\resources.pri failed."
"17-08-2026 10:04:16","471","Information","Microsoft-Windows-AppXDeployment-Server","error 0x12C: Deleting file \\?\C:\Program Files\WindowsApps\Deleted\Microsoft.MicrosoftOfficeHub_19.2608.34011.0_x64__8wekyb3d8bbwee1b6bff2-7844-4ece-a5dd-799a5f0a66ff\NoiseAsset_256X256_PNG.png failed."
"17-08-2026 10:04:16","471","Information","Microsoft-Windows-AppXDeployment-Server","error 0x12C: Deleting file \\?\C:\Program Files\WindowsApps\Deleted\Microsoft.MicrosoftOfficeHub_19.2608.34011.0_x64__8wekyb3d8bbwee1b6bff2-7844-4ece-a5dd-799a5f0a66ff\Microsoft.UI.Xaml\Assets\NoiseAsset_256X256_PNG.png failed."
"17-08-2026 10:04:16","819","Verbose","Microsoft-Windows-AppXDeployment-Server","The following packages will be installed: Microsoft.OfficePushNotificationUtility_16.0.20228.20188_neutral__8wekyb3d8bbwe . The following packages will be removed: NULL"
"17-08-2026 10:04:16","400","Information","Microsoft-Windows-AppXDeployment-Server","Deployment ProvisionPackageOperation operation with target volume C: on Package Microsoft.OfficePushNotificationUtility_16.0.20228.20188_neutral__8wekyb3d8bbwe from:   finished successfully."
"17-08-2026 10:04:16","617","Verbose","Microsoft-Windows-AppXDeployment-Server","Successfully updated the status for package Microsoft.OfficePushNotificationUtility_16.0.20228.20188_neutral__8wekyb3d8bbwe and user S-1-5-18 (Clear=0x10000C00, Set=0x0)."
"17-08-2026 10:04:16","813","Verbose","Microsoft-Windows-AppXDeployment-Server","Successfully updated all user store with package Microsoft.OfficePushNotificationUtility_16.0.20228.20188_neutral__8wekyb3d8bbwe."
"17-08-2026 10:04:16","822","Verbose","Microsoft-Windows-AppXDeployment-Server","Updating registry for package Microsoft.OfficePushNotificationUtility_16.0.20228.20188_neutral__8wekyb3d8bbwe completed with result: 0x0."
"17-08-2026 10:04:16","821","Verbose","Microsoft-Windows-AppXDeployment-Server","During-logon registration of package Microsoft.OfficePushNotificationUtility_16.0.20228.20188_neutral__8wekyb3d8bbwe for user S-1-12-1-2357405129-1281513531-255772574-1816207334 finished with result: 0x0; updating registry..."
"17-08-2026 10:04:16","455","Verbose","Microsoft-Windows-AppXDeployment-Server","User S-1-12-1-2357405129-1281513531-255772574-1816207334 had outdated package Microsoft.OfficePushNotificationUtility_16.0.20131.20152_neutral__8wekyb3d8bbwe, which will be updated to Microsoft.OfficePushNotificationUtility_16.0.20228.20188_neutral__8wekyb3d8bbwe. User was online: true."
"17-08-2026 10:04:16","855","Information","Microsoft-Windows-AppXDeployment-Server","Finished resolving action lists. DeploymentRequest action lists: updateList: Microsoft.OfficePushNotificationUtility_16.0.20131.20152_neutral__8wekyb3d8bbwe is updating to Microsoft.OfficePushNotificationUtility_16.0.20228.20188_neutral__8wekyb3d8bbwe."
"17-08-2026 10:04:16","607","Information","Microsoft-Windows-AppXDeployment-Server","Deployment ProvisionPackageOperation operation on package Microsoft.OfficePushNotificationUtility_16.0.20228.20188_neutral__8wekyb3d8bbwe has been de-queued and is running for user SID S-1-5-18."
"17-08-2026 10:04:16","10002","Verbose","Microsoft-Windows-AppXDeployment-Server","Creating Resiliency File C:\ProgramData\Microsoft\Windows\AppRepository\9277d23e-5d12-4078-b69f-c5a251c77737_S-1-5-18_5.rslc for ProvisionPackageOperation Operation on Package Microsoft.OfficePushNotificationUtility_16.0.20228.20188_neutral__8wekyb3d8bbwe."
"17-08-2026 10:04:16","603","Information","Microsoft-Windows-AppXDeployment-Server","Started deployment ProvisionPackageOperation operation on a package with main parameter Microsoft.OfficePushNotificationUtility_8wekyb3d8bbwe and Options 0 and 0. See http://go.microsoft.com/fwlink/?LinkId=235160 for help diagnosing app deployment issues."
"17-08-2026 10:04:16","613","Information","Microsoft-Windows-AppXDeployment-Server","Performance summary of Deployment Stage operation on Package Microsoft.OfficePushNotificationUtility_16.0.20228.20188_neutral__8wekyb3d8bbwe: 
Overall time: 1875 ms (Active time: 1875 ms)
Enqueue cost: 343 ms
Dequeue delay: 0 ms
Bundle processing cost: 0 ms
Indexing cost: 63 ms
Resolve dependency cost: 0 ms
Check approval cost: 15 ms
Evaluation cost: 63 ms
Hardlinking evaluation cost: 0 ms
Stage required cost: 78 ms
Flushing and closing files cost: 15 ms
Machine register cost: 453 ms
Stage user data cost: 0 ms
Registration cost: 0 ms
Repository commit transaction cost: 797 ms
Gap: 16 ms
Data flush cost: 0 ms
Post DeStage repository commit transaction cost: 31 ms
Remaining cost: 16 ms
"
"17-08-2026 10:04:16","400","Information","Microsoft-Windows-AppXDeployment-Server","Deployment Stage operation with target volume C: on Package Microsoft.OfficePushNotificationUtility_16.0.20228.20188_neutral__8wekyb3d8bbwe from:  (OPushUtil.msix)  finished successfully."
"17-08-2026 10:04:16","617","Verbose","Microsoft-Windows-AppXDeployment-Server","Successfully updated the status for package Microsoft.OfficePushNotificationUtility_16.0.20228.20188_neutral__8wekyb3d8bbwe and user S-1-5-18 (Clear=0x10000C00, Set=0x0)."
"17-08-2026 10:04:15","574","Information","Microsoft-Windows-AppXDeployment-Server","Preferred package version for package family is changing. Current preferred version is: Microsoft.OfficePushNotificationUtility_16.0.20131.20152_neutral__8wekyb3d8bbwe. New preferred version will be: Microsoft.OfficePushNotificationUtility_16.0.20228.20188_neutral__8wekyb3d8bbwe."
"17-08-2026 10:04:14","854","Information","Microsoft-Windows-AppXDeployment-Server","Successfully added the following uri(s) to be processed:  file:///C:/Program%20Files/Microsoft%20Office/root/Integration/Addons/OPushUtil.msix."
"17-08-2026 10:04:14","607","Information","Microsoft-Windows-AppXDeployment-Server","Deployment Stage operation on package Microsoft.OfficePushNotificationUtility_16.0.20228.20188_neutral__8wekyb3d8bbwe has been de-queued and is running for user SID S-1-5-18."
"17-08-2026 10:04:14","10002","Verbose","Microsoft-Windows-AppXDeployment-Server","Creating Resiliency File C:\ProgramData\Microsoft\Windows\AppRepository\9277d23e-5d12-4078-b69f-c5a251c77737_S-1-5-18_4.rslc for Stage Operation on Package Microsoft.OfficePushNotificationUtility_16.0.20228.20188_neutral__8wekyb3d8bbwe."
"17-08-2026 10:04:14","603","Information","Microsoft-Windows-AppXDeployment-Server","Started deployment Stage operation on a package with main parameter OPushUtil.msix and Options NormalPriorityRequest and 0. See http://go.microsoft.com/fwlink/?LinkId=235160 for help diagnosing app deployment issues."
"17-08-2026 10:02:24","471","Information","Microsoft-Windows-AppXDeployment-Server","error 0x5: Deleting file \\?\C:\Program Files\WindowsApps\Deleted\Microsoft.MicrosoftOfficeHub_19.2608.34011.0_x64__8wekyb3d8bbwee1b6bff2-7844-4ece-a5dd-799a5f0a66ff\resources.pri failed."
"17-08-2026 10:02:24","471","Information","Microsoft-Windows-AppXDeployment-Server","error 0x12C: Deleting file \\?\C:\Program Files\WindowsApps\Deleted\Microsoft.MicrosoftOfficeHub_19.2608.34011.0_x64__8wekyb3d8bbwee1b6bff2-7844-4ece-a5dd-799a5f0a66ff\NoiseAsset_256X256_PNG.png failed."
"17-08-2026 10:02:24","471","Information","Microsoft-Windows-AppXDeployment-Server","error 0x12C: Deleting file \\?\C:\Program Files\WindowsApps\Deleted\Microsoft.MicrosoftOfficeHub_19.2608.34011.0_x64__8wekyb3d8bbwee1b6bff2-7844-4ece-a5dd-799a5f0a66ff\Microsoft.UI.Xaml\Assets\NoiseAsset_256X256_PNG.png failed."
"17-08-2026 10:02:24","613","Information","Microsoft-Windows-AppXDeployment-Server","Performance summary of Deployment Stage operation on Package AppUp.IntelGraphicsExperience_1.100.5688.0_neutral_~_8j3eq9eme6ctt: 
Overall time: 27078 ms (Active time: 27078 ms)
Enqueue cost: 828 ms
Dequeue delay: 0 ms
Bundle processing cost: 25859 ms
Indexing cost: 47 ms
Resolve dependency cost: 0 ms
Gap: 16 ms
Check approval cost: 16 ms
Evaluation cost: 62 ms
Hardlinking evaluation cost: 0 ms
Stage required cost: 31 ms
Flushing and closing files cost: 0 ms
Machine register cost: 0 ms
Stage user data cost: 0 ms
Registration cost: 0 ms
Repository commit transaction cost: 78 ms
Gap: 32 ms
Data flush cost: 0 ms
Post DeStage repository commit transaction cost: 31 ms
Remaining cost: 78 ms
"
"17-08-2026 10:02:24","478","Verbose","Microsoft-Windows-AppXDeployment-Server","Deployment Stage operation with target volume C: on Package AppUp.IntelGraphicsExperience_1.100.5688.0_x64__8j3eq9eme6ctt from:  (b11f84c609e953a85a1e9c6ff7f6ff462eecc447)  finished successfully."
"17-08-2026 10:02:24","400","Information","Microsoft-Windows-AppXDeployment-Server","Deployment Stage operation with target volume C: on Package AppUp.IntelGraphicsExperience_1.100.5688.0_neutral_~_8j3eq9eme6ctt from:  (b11f84c609e953a85a1e9c6ff7f6ff462eecc447)  finished successfully."
"17-08-2026 10:02:24","617","Verbose","Microsoft-Windows-AppXDeployment-Server","Successfully updated the status for package AppUp.IntelGraphicsExperience_1.100.5688.0_neutral_split.scale-100_8j3eq9eme6ctt and user S-1-5-18 (Clear=0x10000C00, Set=0x0)."
"17-08-2026 10:02:24","617","Verbose","Microsoft-Windows-AppXDeployment-Server","Successfully updated the status for package AppUp.IntelGraphicsExperience_1.100.5688.0_neutral_split.scale-150_8j3eq9eme6ctt and user S-1-5-18 (Clear=0x10000C00, Set=0x0)."
"17-08-2026 10:02:24","617","Verbose","Microsoft-Windows-AppXDeployment-Server","Successfully updated the status for package AppUp.IntelGraphicsExperience_1.100.5688.0_x64__8j3eq9eme6ctt and user S-1-5-18 (Clear=0x10000C00, Set=0x0)."
"17-08-2026 10:02:24","617","Verbose","Microsoft-Windows-AppXDeployment-Server","Successfully updated the status for package AppUp.IntelGraphicsExperience_1.100.5688.0_neutral_~_8j3eq9eme6ctt and user S-1-5-18 (Clear=0x10000C00, Set=0x0)."
"17-08-2026 10:02:23","854","Information","Microsoft-Windows-AppXDeployment-Server","Successfully added the following uri(s) to be processed:  x-windowsupdate://9A3368EA-032A-478D-BA19-4F780E533DE7/E16735C5-32A5-4FC3-A094-7C4C073B30B8/b11f84c609e953a85a1e9c6ff7f6ff462eecc447 x-windowsupdate://9A3368EA-032A-478D-BA19-4F780E533DE7/E16735C5-32A5-4FC3-A094-7C4C073B30B8/b11f84c609e953a85a1e9c6ff7f6ff462eecc447\IGCC_Release.appx x-windowsupdate://9A3368EA-032A-478D-BA19-4F780E533DE7/E16735C5-32A5-4FC3-A094-7C4C073B30B8/b11f84c609e953a85a1e9c6ff7f6ff462eecc447\IGCC_Release_scale-150.appx x-windowsupdate://9A3368EA-032A-478D-BA19-4F780E533DE7/E16735C5-32A5-4FC3-A094-7C4C073B30B8/b11f84c609e953a85a1e9c6ff7f6ff462eecc447\IGCC_Release_scale-100.appx."
"17-08-2026 10:02:23","617","Verbose","Microsoft-Windows-AppXDeployment-Server","Successfully updated the status for package Microsoft.Office.ActionsServer_16.0.20131.20152_neutral__8wekyb3d8bbwe and user NULL (Clear=0x0, Set=0x8)."
"17-08-2026 10:02:23","617","Verbose","Microsoft-Windows-AppXDeployment-Server","Successfully updated the status for package aimgr_0.20.60.0_x64__8wekyb3d8bbwe and user NULL (Clear=0x0, Set=0x8)."
"17-08-2026 10:02:23","617","Verbose","Microsoft-Windows-AppXDeployment-Server","Successfully updated the status for package Microsoft.OfficePushNotificationUtility_16.0.20131.20152_neutral__8wekyb3d8bbwe and user NULL (Clear=0x0, Set=0x8)."
"17-08-2026 10:01:58","607","Information","Microsoft-Windows-AppXDeployment-Server","Deployment Stage operation on package AppUp.IntelGraphicsExperience_1.100.5688.0_neutral_~_8j3eq9eme6ctt has been de-queued and is running for user SID S-1-5-18."
"17-08-2026 10:01:58","10002","Verbose","Microsoft-Windows-AppXDeployment-Server","Creating Resiliency File C:\ProgramData\Microsoft\Windows\AppRepository\9277d23e-5d12-4078-b69f-c5a251c77737_S-1-5-18_3.rslc for Stage Operation on Package AppUp.IntelGraphicsExperience_1.100.5688.0_neutral_~_8j3eq9eme6ctt."
"17-08-2026 10:01:57","603","Information","Microsoft-Windows-AppXDeployment-Server","Started deployment Stage operation on a package with main parameter b11f84c609e953a85a1e9c6ff7f6ff462eecc447 and Options BackgroundTaskOption,LowPriorityRequest and StageAdditionalRelatedSetUpdateRequiredPackages. See http://go.microsoft.com/fwlink/?LinkId=235160 for help diagnosing app deployment issues."
"17-08-2026 10:01:52","471","Information","Microsoft-Windows-AppXDeployment-Server","error 0x5: Deleting file \\?\C:\Program Files\WindowsApps\Deleted\Microsoft.MicrosoftOfficeHub_19.2608.34011.0_x64__8wekyb3d8bbwee1b6bff2-7844-4ece-a5dd-799a5f0a66ff\resources.pri failed."
"17-08-2026 10:01:52","471","Information","Microsoft-Windows-AppXDeployment-Server","error 0x12C: Deleting file \\?\C:\Program Files\WindowsApps\Deleted\Microsoft.MicrosoftOfficeHub_19.2608.34011.0_x64__8wekyb3d8bbwee1b6bff2-7844-4ece-a5dd-799a5f0a66ff\NoiseAsset_256X256_PNG.png failed."
"17-08-2026 10:01:52","471","Information","Microsoft-Windows-AppXDeployment-Server","error 0x12C: Deleting file \\?\C:\Program Files\WindowsApps\Deleted\Microsoft.MicrosoftOfficeHub_19.2608.34011.0_x64__8wekyb3d8bbwee1b6bff2-7844-4ece-a5dd-799a5f0a66ff\Microsoft.UI.Xaml\Assets\NoiseAsset_256X256_PNG.png failed."
"17-08-2026 10:01:52","613","Information","Microsoft-Windows-AppXDeployment-Server","Performance summary of Deployment Stage operation on Package Microsoft.MicrosoftStickyNotes_6.1.4.0_neutral_~_8wekyb3d8bbwe: 
Overall time: 3406 ms (Active time: 3390 ms)
Enqueue cost: 828 ms
Dequeue delay: 16 ms
Gap: 15 ms
Bundle processing cost: 2110 ms
Indexing cost: 62 ms
Resolve dependency cost: 0 ms
Gap: 32 ms
Check approval cost: 15 ms
Gap: 16 ms
Evaluation cost: 78 ms
Hardlinking evaluation cost: 0 ms
Stage required cost: 31 ms
Flushing and closing files cost: 0 ms
Machine register cost: 0 ms
Stage user data cost: 0 ms
Registration cost: 0 ms
Repository commit transaction cost: 78 ms
Gap: 16 ms
Data flush cost: 16 ms
Post DeStage repository commit transaction cost: 15 ms
Remaining cost: 78 ms
"
"17-08-2026 10:01:52","478","Verbose","Microsoft-Windows-AppXDeployment-Server","Deployment Stage operation with target volume C: on Package Microsoft.MicrosoftStickyNotes_6.1.4.0_x64__8wekyb3d8bbwe from:  (c40f7d78053f908e61ce845690603b45d0b489b8)  finished successfully."
"17-08-2026 10:01:52","400","Information","Microsoft-Windows-AppXDeployment-Server","Deployment Stage operation with target volume C: on Package Microsoft.MicrosoftStickyNotes_6.1.4.0_neutral_~_8wekyb3d8bbwe from:  (c40f7d78053f908e61ce845690603b45d0b489b8)  finished successfully."
"17-08-2026 10:01:52","617","Verbose","Microsoft-Windows-AppXDeployment-Server","Successfully updated the status for package Microsoft.MicrosoftStickyNotes_6.1.4.0_neutral_split.scale-100_8wekyb3d8bbwe and user S-1-5-18 (Clear=0x10000C00, Set=0x0)."
"17-08-2026 10:01:52","617","Verbose","Microsoft-Windows-AppXDeployment-Server","Successfully updated the status for package Microsoft.MicrosoftStickyNotes_6.1.4.0_neutral_split.scale-150_8wekyb3d8bbwe and user S-1-5-18 (Clear=0x10000C00, Set=0x0)."
"17-08-2026 10:01:52","617","Verbose","Microsoft-Windows-AppXDeployment-Server","Successfully updated the status for package Microsoft.MicrosoftStickyNotes_6.1.4.0_x64__8wekyb3d8bbwe and user S-1-5-18 (Clear=0x10000C00, Set=0x0)."
"17-08-2026 10:01:52","617","Verbose","Microsoft-Windows-AppXDeployment-Server","Successfully updated the status for package Microsoft.MicrosoftStickyNotes_6.1.4.0_neutral_~_8wekyb3d8bbwe and user S-1-5-18 (Clear=0x10000C00, Set=0x0)."
"17-08-2026 10:01:52","854","Information","Microsoft-Windows-AppXDeployment-Server","Successfully added the following uri(s) to be processed:  x-windowsupdate://B26B6F03-9DA9-4785-ABB9-515D29B4C05B/B90F3A9A-C043-41A7-A774-E51F6069283B/c40f7d78053f908e61ce845690603b45d0b489b8 x-windowsupdate://B26B6F03-9DA9-4785-ABB9-515D29B4C05B/B90F3A9A-C043-41A7-A774-E51F6069283B/c40f7d78053f908e61ce845690603b45d0b489b8\App_6.1.4.0_x64.msix x-windowsupdate://B26B6F03-9DA9-4785-ABB9-515D29B4C05B/B90F3A9A-C043-41A7-A774-E51F6069283B/c40f7d78053f908e61ce845690603b45d0b489b8\App_6.1.4.0_scale-150.msix x-windowsupdate://B26B6F03-9DA9-4785-ABB9-515D29B4C05B/B90F3A9A-C043-41A7-A774-E51F6069283B/c40f7d78053f908e61ce845690603b45d0b489b8\App_6.1.4.0_scale-100.msix."
"17-08-2026 10:01:51","613","Information","Microsoft-Windows-AppXDeployment-Server","Performance summary of Deployment Stage operation on Package Microsoft.People_2021.2202.100.0_neutral_~_8wekyb3d8bbwe: 
Overall time: 11750 ms (Active time: 11750 ms)
Enqueue cost: 7594 ms
Dequeue delay: 0 ms
Gap: 15 ms
Bundle processing cost: 2375 ms
Indexing cost: 110 ms
Resolve dependency cost: 0 ms
Gap: 15 ms
Check approval cost: 141 ms
Evaluation cost: 78 ms
Hardlinking evaluation cost: 0 ms
Stage required cost: 47 ms
Flushing and closing files cost: 0 ms
Gap: 16 ms
Machine register cost: 0 ms
Stage user data cost: 0 ms
Registration cost: 0 ms
Repository commit transaction cost: 1218 ms
Gap: 32 ms
Data flush cost: 0 ms
Post DeStage repository commit transaction cost: 15 ms
Remaining cost: 94 ms
"
"17-08-2026 10:01:51","478","Verbose","Microsoft-Windows-AppXDeployment-Server","Deployment Stage operation with target volume C: on Package Microsoft.People_10.2202.100.0_x64__8wekyb3d8bbwe from:  (f1005f2f2b0a98cbee3725ac19c9e0fa4fccff0a)  finished successfully."
"17-08-2026 10:01:51","400","Information","Microsoft-Windows-AppXDeployment-Server","Deployment Stage operation with target volume C: on Package Microsoft.People_2021.2202.100.0_neutral_~_8wekyb3d8bbwe from:  (f1005f2f2b0a98cbee3725ac19c9e0fa4fccff0a)  finished successfully."
"17-08-2026 10:01:51","617","Verbose","Microsoft-Windows-AppXDeployment-Server","Successfully updated the status for package Microsoft.People_10.2202.100.0_neutral_split.scale-100_8wekyb3d8bbwe and user S-1-5-18 (Clear=0x10000C00, Set=0x0)."
"17-08-2026 10:01:51","617","Verbose","Microsoft-Windows-AppXDeployment-Server","Successfully updated the status for package Microsoft.People_10.2202.100.0_neutral_split.scale-150_8wekyb3d8bbwe and user S-1-5-18 (Clear=0x10000C00, Set=0x0)."
"17-08-2026 10:01:51","617","Verbose","Microsoft-Windows-AppXDeployment-Server","Successfully updated the status for package Microsoft.People_10.2202.100.0_x64__8wekyb3d8bbwe and user S-1-5-18 (Clear=0x10000C00, Set=0x0)."
"17-08-2026 10:01:51","617","Verbose","Microsoft-Windows-AppXDeployment-Server","Successfully updated the status for package Microsoft.People_2021.2202.100.0_neutral_~_8wekyb3d8bbwe and user S-1-5-18 (Clear=0x10000C00, Set=0x0)."
"17-08-2026 10:01:50","607","Information","Microsoft-Windows-AppXDeployment-Server","Deployment Stage operation on package Microsoft.MicrosoftStickyNotes_6.1.4.0_neutral_~_8wekyb3d8bbwe has been de-queued and is running for user SID S-1-5-18."
"17-08-2026 10:01:50","10002","Verbose","Microsoft-Windows-AppXDeployment-Server","Creating Resiliency File C:\ProgramData\Microsoft\Windows\AppRepository\9277d23e-5d12-4078-b69f-c5a251c77737_S-1-5-18_2.rslc for Stage Operation on Package Microsoft.MicrosoftStickyNotes_6.1.4.0_neutral_~_8wekyb3d8bbwe."
"17-08-2026 10:01:49","854","Information","Microsoft-Windows-AppXDeployment-Server","Successfully added the following uri(s) to be processed:  x-windowsupdate://22B63447-B9D1-44E6-A2C7-2C4707C71336/CFC4A10E-0356-451D-BB3E-C4FE5EDFD20C/f1005f2f2b0a98cbee3725ac19c9e0fa4fccff0a x-windowsupdate://22B63447-B9D1-44E6-A2C7-2C4707C71336/CFC4A10E-0356-451D-BB3E-C4FE5EDFD20C/f1005f2f2b0a98cbee3725ac19c9e0fa4fccff0a\App_10.2202.100.0_x64.appx x-windowsupdate://22B63447-B9D1-44E6-A2C7-2C4707C71336/CFC4A10E-0356-451D-BB3E-C4FE5EDFD20C/f1005f2f2b0a98cbee3725ac19c9e0fa4fccff0a\App_10.2202.100.0_scale-150.appx x-windowsupdate://22B63447-B9D1-44E6-A2C7-2C4707C71336/CFC4A10E-0356-451D-BB3E-C4FE5EDFD20C/f1005f2f2b0a98cbee3725ac19c9e0fa4fccff0a\App_10.2202.100.0_scale-100.appx."
"17-08-2026 10:01:49","603","Information","Microsoft-Windows-AppXDeployment-Server","Started deployment Stage operation on a package with main parameter c40f7d78053f908e61ce845690603b45d0b489b8 and Options BackgroundTaskOption,LowPriorityRequest and StageAdditionalRelatedSetUpdateRequiredPackages. See http://go.microsoft.com/fwlink/?LinkId=235160 for help diagnosing app deployment issues."
"17-08-2026 10:01:47","607","Information","Microsoft-Windows-AppXDeployment-Server","Deployment Stage operation on package Microsoft.People_2021.2202.100.0_neutral_~_8wekyb3d8bbwe has been de-queued and is running for user SID S-1-5-18."
"17-08-2026 10:01:47","10002","Verbose","Microsoft-Windows-AppXDeployment-Server","Creating Resiliency File C:\ProgramData\Microsoft\Windows\AppRepository\9277d23e-5d12-4078-b69f-c5a251c77737_S-1-5-18_1.rslc for Stage Operation on Package Microsoft.People_2021.2202.100.0_neutral_~_8wekyb3d8bbwe."
"17-08-2026 10:01:39","603","Information","Microsoft-Windows-AppXDeployment-Server","Started deployment Stage operation on a package with main parameter f1005f2f2b0a98cbee3725ac19c9e0fa4fccff0a and Options BackgroundTaskOption,LowPriorityRequest and StageAdditionalRelatedSetUpdateRequiredPackages. See http://go.microsoft.com/fwlink/?LinkId=235160 for help diagnosing app deployment issues."
"17-08-2026 10:01:32","940","Information","Microsoft-Windows-AppXDeployment-Server","Appxsvc lifecycle transition to Running (Checkpoint=4)"
"17-08-2026 10:01:32","939","Information","Microsoft-Windows-AppXDeployment-Server","Appxsvc lifecycle transition to Starting (Checkpoint=2)"
"17-08-2026 09:59:26","942","Information","Microsoft-Windows-AppXDeployment-Server","Appxsvc lifecycle transition to Stopped (Checkpoint=8)"
"17-08-2026 09:59:26","941","Information","Microsoft-Windows-AppXDeployment-Server","Appxsvc lifecycle transition to Stopping (Checkpoint=5)"
"17-08-2026 09:54:26","471","Information","Microsoft-Windows-AppXDeployment-Server","error 0x5: Deleting file \\?\C:\Program Files\WindowsApps\Deleted\Microsoft.MicrosoftOfficeHub_19.2608.34011.0_x64__8wekyb3d8bbwee1b6bff2-7844-4ece-a5dd-799a5f0a66ff\resources.pri failed."
"17-08-2026 09:54:26","471","Information","Microsoft-Windows-AppXDeployment-Server","error 0x12C: Deleting file \\?\C:\Program Files\WindowsApps\Deleted\Microsoft.MicrosoftOfficeHub_19.2608.34011.0_x64__8wekyb3d8bbwee1b6bff2-7844-4ece-a5dd-799a5f0a66ff\NoiseAsset_256X256_PNG.png failed."
"17-08-2026 09:54:26","471","Information","Microsoft-Windows-AppXDeployment-Server","error 0x12C: Deleting file \\?\C:\Program Files\WindowsApps\Deleted\Microsoft.MicrosoftOfficeHub_19.2608.34011.0_x64__8wekyb3d8bbwee1b6bff2-7844-4ece-a5dd-799a5f0a66ff\Microsoft.UI.Xaml\Assets\NoiseAsset_256X256_PNG.png failed."
"17-08-2026 09:54:26","613","Information","Microsoft-Windows-AppXDeployment-Server","Performance summary of Deployment Stage operation on Package Microsoft.WindowsAppRuntime.1.8_8000.946.1701.0_x64__8wekyb3d8bbwe: 
Overall time: 7360 ms (Active time: 7360 ms)
Enqueue cost: 7141 ms
Dequeue delay: 0 ms
Bundle processing cost: 0 ms
Indexing cost: 16 ms
Resolve dependency cost: 0 ms
Gap: 15 ms
Check approval cost: 0 ms
Evaluation cost: 16 ms
Hardlinking evaluation cost: 0 ms
Stage required cost: 31 ms
Flushing and closing files cost: 0 ms
Machine register cost: 0 ms
Stage user data cost: 0 ms
Registration cost: 0 ms
Gap: 16 ms
Repository commit transaction cost: 47 ms
Gap: 31 ms
Data flush cost: 0 ms
Post DeStage repository commit transaction cost: 15 ms
Remaining cost: 32 ms
"
"17-08-2026 09:54:25","400","Information","Microsoft-Windows-AppXDeployment-Server","Deployment Stage operation with target volume C: on Package Microsoft.WindowsAppRuntime.1.8_8000.946.1701.0_x64__8wekyb3d8bbwe from:  (1bb328bcaf3f0421a6b403f2adaa793c7318ebd0)  finished successfully."
"17-08-2026 09:54:25","617","Verbose","Microsoft-Windows-AppXDeployment-Server","Successfully updated the status for package Microsoft.WindowsAppRuntime.1.8_8000.946.1701.0_x64__8wekyb3d8bbwe and user S-1-5-18 (Clear=0x10000C00, Set=0x0)."
"17-08-2026 09:54:25","854","Information","Microsoft-Windows-AppXDeployment-Server","Successfully added the following uri(s) to be processed:  x-windowsupdate://944F8C2B-4C88-458D-B2C4-AFCB4A7F31CE/60D317C1-21B3-4F94-B5BB-52126864802F/1bb328bcaf3f0421a6b403f2adaa793c7318ebd0."
"17-08-2026 09:54:25","607","Information","Microsoft-Windows-AppXDeployment-Server","Deployment Stage operation on package Microsoft.WindowsAppRuntime.1.8_8000.946.1701.0_x64__8wekyb3d8bbwe has been de-queued and is running for user SID S-1-5-18."
"17-08-2026 09:54:25","10002","Verbose","Microsoft-Windows-AppXDeployment-Server","Creating Resiliency File C:\ProgramData\Microsoft\Windows\AppRepository\0e3d8546-f0a6-44c5-877e-a02f9d5a072d_S-1-5-18_11.rslc for Stage Operation on Package Microsoft.WindowsAppRuntime.1.8_8000.946.1701.0_x64__8wekyb3d8bbwe."
"17-08-2026 09:54:20","613","Information","Microsoft-Windows-AppXDeployment-Server","Performance summary of Deployment Stage operation on Package Microsoft.WindowsAppRuntime.1.8_8000.946.1701.0_x86__8wekyb3d8bbwe: 
Overall time: 1984 ms (Active time: 1984 ms)
Enqueue cost: 1750 ms
Dequeue delay: 0 ms
Bundle processing cost: 0 ms
Indexing cost: 15 ms
Resolve dependency cost: 0 ms
Gap: 16 ms
Check approval cost: 0 ms
Evaluation cost: 47 ms
Hardlinking evaluation cost: 0 ms
Stage required cost: 0 ms
Flushing and closing files cost: 0 ms
Gap: 15 ms
Machine register cost: 0 ms
Stage user data cost: 0 ms
Registration cost: 0 ms
Repository commit transaction cost: 79 ms
Gap: 15 ms
Data flush cost: 0 ms
Post DeStage repository commit transaction cost: 16 ms
Remaining cost: 31 ms
"
"17-08-2026 09:54:20","400","Information","Microsoft-Windows-AppXDeployment-Server","Deployment Stage operation with target volume C: on Package Microsoft.WindowsAppRuntime.1.8_8000.946.1701.0_x86__8wekyb3d8bbwe from:  (529fe6c5d91170a1a3eee0093e7b66321dd4e38d)  finished successfully."
"17-08-2026 09:54:20","617","Verbose","Microsoft-Windows-AppXDeployment-Server","Successfully updated the status for package Microsoft.WindowsAppRuntime.1.8_8000.946.1701.0_x86__8wekyb3d8bbwe and user S-1-5-18 (Clear=0x10000C00, Set=0x0)."
"17-08-2026 09:54:20","854","Information","Microsoft-Windows-AppXDeployment-Server","Successfully added the following uri(s) to be processed:  x-windowsupdate://A4745989-CB66-41C2-A91D-625226DE5F3A/60D317C1-21B3-4F94-B5BB-52126864802F/529fe6c5d91170a1a3eee0093e7b66321dd4e38d."
"17-08-2026 09:54:20","607","Information","Microsoft-Windows-AppXDeployment-Server","Deployment Stage operation on package Microsoft.WindowsAppRuntime.1.8_8000.946.1701.0_x86__8wekyb3d8bbwe has been de-queued and is running for user SID S-1-5-18."
"17-08-2026 09:54:20","10002","Verbose","Microsoft-Windows-AppXDeployment-Server","Creating Resiliency File C:\ProgramData\Microsoft\Windows\AppRepository\0e3d8546-f0a6-44c5-877e-a02f9d5a072d_S-1-5-18_10.rslc for Stage Operation on Package Microsoft.WindowsAppRuntime.1.8_8000.946.1701.0_x86__8wekyb3d8bbwe."
"17-08-2026 09:54:18","603","Information","Microsoft-Windows-AppXDeployment-Server","Started deployment Stage operation on a package with main parameter 529fe6c5d91170a1a3eee0093e7b66321dd4e38d and Options BackgroundTaskOption,LowPriorityRequest and StageAdditionalRelatedSetUpdateRequiredPackages. See http://go.microsoft.com/fwlink/?LinkId=235160 for help diagnosing app deployment issues."
"17-08-2026 09:54:18","603","Information","Microsoft-Windows-AppXDeployment-Server","Started deployment Stage operation on a package with main parameter 1bb328bcaf3f0421a6b403f2adaa793c7318ebd0 and Options BackgroundTaskOption,LowPriorityRequest and StageAdditionalRelatedSetUpdateRequiredPackages. See http://go.microsoft.com/fwlink/?LinkId=235160 for help diagnosing app deployment issues."
"17-08-2026 09:54:18","471","Information","Microsoft-Windows-AppXDeployment-Server","error 0x5: Deleting file \\?\C:\Program Files\WindowsApps\Deleted\Microsoft.MicrosoftOfficeHub_19.2608.34011.0_x64__8wekyb3d8bbwee1b6bff2-7844-4ece-a5dd-799a5f0a66ff\resources.pri failed."
"17-08-2026 09:54:18","471","Information","Microsoft-Windows-AppXDeployment-Server","error 0x12C: Deleting file \\?\C:\Program Files\WindowsApps\Deleted\Microsoft.MicrosoftOfficeHub_19.2608.34011.0_x64__8wekyb3d8bbwee1b6bff2-7844-4ece-a5dd-799a5f0a66ff\NoiseAsset_256X256_PNG.png failed."
"17-08-2026 09:54:18","471","Information","Microsoft-Windows-AppXDeployment-Server","error 0x12C: Deleting file \\?\C:\Program Files\WindowsApps\Deleted\Microsoft.MicrosoftOfficeHub_19.2608.34011.0_x64__8wekyb3d8bbwee1b6bff2-7844-4ece-a5dd-799a5f0a66ff\Microsoft.UI.Xaml\Assets\NoiseAsset_256X256_PNG.png failed."
"17-08-2026 09:54:18","613","Information","Microsoft-Windows-AppXDeployment-Server","Performance summary of Deployment Stage operation on Package Microsoft.WindowsAppRuntime.2_2.4.0.0_x86__8wekyb3d8bbwe: 
Overall time: 16922 ms (Active time: 16750 ms)
Enqueue cost: 16563 ms
Dequeue delay: 172 ms
Bundle processing cost: 0 ms
Indexing cost: 15 ms
Resolve dependency cost: 0 ms
Gap: 16 ms
Check approval cost: 0 ms
Evaluation cost: 16 ms
Hardlinking evaluation cost: 0 ms
Stage required cost: 15 ms
Flushing and closing files cost: 0 ms
Machine register cost: 0 ms
Stage user data cost: 0 ms
Registration cost: 0 ms
Repository commit transaction cost: 47 ms
Gap: 16 ms
Data flush cost: 0 ms
Post DeStage repository commit transaction cost: 31 ms
Remaining cost: 31 ms
"
"17-08-2026 09:54:18","400","Information","Microsoft-Windows-AppXDeployment-Server","Deployment Stage operation with target volume C: on Package Microsoft.WindowsAppRuntime.2_2.4.0.0_x86__8wekyb3d8bbwe from:  (3c6e7e1033b5b3e63e741b1a8966e395e34bac7b)  finished successfully."
"17-08-2026 09:54:18","617","Verbose","Microsoft-Windows-AppXDeployment-Server","Successfully updated the status for package Microsoft.WindowsAppRuntime.2_2.4.0.0_x86__8wekyb3d8bbwe and user S-1-5-18 (Clear=0x10000C00, Set=0x0)."
"17-08-2026 09:54:18","854","Information","Microsoft-Windows-AppXDeployment-Server","Successfully added the following uri(s) to be processed:  x-windowsupdate://7711B1E0-8BFA-4212-A6D1-A9D35BB6E0E6/23F6AC41-7701-46EF-81FE-D3BC61D011BF/3c6e7e1033b5b3e63e741b1a8966e395e34bac7b."
"17-08-2026 09:54:18","607","Information","Microsoft-Windows-AppXDeployment-Server","Deployment Stage operation on package Microsoft.WindowsAppRuntime.2_2.4.0.0_x86__8wekyb3d8bbwe has been de-queued and is running for user SID S-1-5-18."
"17-08-2026 09:54:18","10002","Verbose","Microsoft-Windows-AppXDeployment-Server","Creating Resiliency File C:\ProgramData\Microsoft\Windows\AppRepository\0e3d8546-f0a6-44c5-877e-a02f9d5a072d_S-1-5-18_9.rslc for Stage Operation on Package Microsoft.WindowsAppRuntime.2_2.4.0.0_x86__8wekyb3d8bbwe."
"17-08-2026 09:54:18","613","Information","Microsoft-Windows-AppXDeployment-Server","Performance summary of Deployment Stage operation on Package Microsoft.WindowsAppRuntime.2_2.4.0.0_x64__8wekyb3d8bbwe: 
Overall time: 16953 ms (Active time: 16937 ms)
Enqueue cost: 15484 ms
Dequeue delay: 16 ms
Bundle processing cost: 0 ms
Indexing cost: 16 ms
Resolve dependency cost: 15 ms
Gap: 16 ms
Check approval cost: 47 ms
Evaluation cost: 31 ms
Hardlinking evaluation cost: 0 ms
Stage required cost: 31 ms
Flushing and closing files cost: 0 ms
Gap: 16 ms
Machine register cost: 0 ms
Stage user data cost: 0 ms
Registration cost: 0 ms
Repository commit transaction cost: 1203 ms
Gap: 31 ms
Data flush cost: 0 ms
Post DeStage repository commit transaction cost: 16 ms
Remaining cost: 31 ms
"
"17-08-2026 09:54:18","400","Information","Microsoft-Windows-AppXDeployment-Server","Deployment Stage operation with target volume C: on Package Microsoft.WindowsAppRuntime.2_2.4.0.0_x64__8wekyb3d8bbwe from:  (6ccd56f6f28057632f1a09f1fb2cc29250d59696)  finished successfully."
"17-08-2026 09:54:18","617","Verbose","Microsoft-Windows-AppXDeployment-Server","Successfully updated the status for package Microsoft.WindowsAppRuntime.2_2.4.0.0_x64__8wekyb3d8bbwe and user S-1-5-18 (Clear=0x10000C00, Set=0x0)."
"17-08-2026 09:54:16","854","Information","Microsoft-Windows-AppXDeployment-Server","Successfully added the following uri(s) to be processed:  x-windowsupdate://1697729C-3F22-406E-97C6-DDD03E03A27D/23F6AC41-7701-46EF-81FE-D3BC61D011BF/6ccd56f6f28057632f1a09f1fb2cc29250d59696."
"17-08-2026 09:54:16","607","Information","Microsoft-Windows-AppXDeployment-Server","Deployment Stage operation on package Microsoft.WindowsAppRuntime.2_2.4.0.0_x64__8wekyb3d8bbwe has been de-queued and is running for user SID S-1-5-18."
