"TimeCreated","Id","LevelDisplayName","ProviderName","Message"
"19-08-2026 15:04:30","4006","Information","Microsoft-Windows-AppID","AppID certificate store is verified."
"19-08-2026 15:04:00","4006","Information","Microsoft-Windows-AppID","AppID certificate store is verified."
"19-08-2026 15:02:49","4006","Information","Microsoft-Windows-AppID","AppID certificate store is verified."
"19-08-2026 14:02:25","4006","Information","Microsoft-Windows-AppID","AppID certificate store is verified."
"19-08-2026 13:02:03","4006","Information","Microsoft-Windows-AppID","AppID certificate store is verified."
"19-08-2026 13:01:12","4006","Information","Microsoft-Windows-AppID","AppID certificate store is verified."
"19-08-2026 12:00:37","4006","Information","Microsoft-Windows-AppID","AppID certificate store is verified."
"19-08-2026 12:00:18","4006","Information","Microsoft-Windows-AppID","AppID certificate store is verified."
"19-08-2026 11:59:26","4006","Information","Microsoft-Windows-AppID","AppID certificate store is verified."
"19-08-2026 10:58:08","4006","Information","Microsoft-Windows-AppID","AppID certificate store is verified."
"19-08-2026 09:57:44","4006","Information","Microsoft-Windows-AppID","AppID certificate store is verified."
"19-08-2026 09:56:45","4006","Information","Microsoft-Windows-AppID","AppID certificate store is verified."
"19-08-2026 09:56:34","4006","Information","Microsoft-Windows-AppID","AppID certificate store is verified."
"18-08-2026 18:53:33","4006","Information","Microsoft-Windows-AppID","AppID certificate store is verified."
"18-08-2026 18:47:37","4006","Information","Microsoft-Windows-AppID","AppID certificate store is verified."
"18-08-2026 17:52:57","4006","Information","Microsoft-Windows-AppID","AppID certificate store is verified."
"18-08-2026 17:45:37","4006","Information","Microsoft-Windows-AppID","AppID certificate store is verified."
"18-08-2026 17:44:41","4006","Information","Microsoft-Windows-AppID","AppID certificate store is verified."
"18-08-2026 16:52:30","4006","Information","Microsoft-Windows-AppID","AppID certificate store is verified."
"18-08-2026 16:51:41","4006","Information","Microsoft-Windows-AppID","AppID certificate store is verified."
"18-08-2026 16:44:19","4006","Information","Microsoft-Windows-AppID","AppID certificate store is verified."
"18-08-2026 15:48:08","4006","Information","Microsoft-Windows-AppID","AppID certificate store is verified."
"18-08-2026 15:44:18","4006","Information","Microsoft-Windows-AppID","AppID certificate store is verified."
"18-08-2026 15:25:46","4006","Information","Microsoft-Windows-AppID","AppID certificate store is verified."
"18-08-2026 14:47:49","4006","Information","Microsoft-Windows-AppID","AppID certificate store is verified."
"18-08-2026 14:47:10","4006","Information","Microsoft-Windows-AppID","AppID certificate store is verified."
"18-08-2026 14:44:05","4006","Information","Microsoft-Windows-AppID","AppID certificate store is verified."
"18-08-2026 13:46:19","4006","Information","Microsoft-Windows-AppID","AppID certificate store is verified."
"18-08-2026 13:44:03","4006","Information","Microsoft-Windows-AppID","AppID certificate store is verified."
"18-08-2026 12:45:50","4006","Information","Microsoft-Windows-AppID","AppID certificate store is verified."
"18-08-2026 12:45:33","4006","Information","Microsoft-Windows-AppID","AppID certificate store is verified."
"18-08-2026 12:43:13","4006","Information","Microsoft-Windows-AppID","AppID certificate store is verified."
"18-08-2026 12:07:09","4006","Information","Microsoft-Windows-AppID","AppID certificate store is verified."
"18-08-2026 11:45:24","4006","Information","Microsoft-Windows-AppID","AppID certificate store is verified."
"18-08-2026 11:44:40","4006","Information","Microsoft-Windows-AppID","AppID certificate store is verified."
"18-08-2026 11:44:19","4006","Information","Microsoft-Windows-AppID","AppID certificate store is verified."
"18-08-2026 11:42:39","4006","Information","Microsoft-Windows-AppID","AppID certificate store is verified."
"18-08-2026 11:41:50","4006","Information","Microsoft-Windows-AppID","AppID certificate store is verified."
"18-08-2026 10:43:36","4006","Information","Microsoft-Windows-AppID","AppID certificate store is verified."
"18-08-2026 10:42:42","4006","Information","Microsoft-Windows-AppID","AppID certificate store is verified."
"18-08-2026 10:41:45","4006","Information","Microsoft-Windows-AppID","AppID certificate store is verified."
"18-08-2026 10:41:31","4006","Information","Microsoft-Windows-AppID","AppID certificate store is verified."
"18-08-2026 09:42:11","4006","Information","Microsoft-Windows-AppID","AppID certificate store is verified."
"18-08-2026 09:42:04","4006","Information","Microsoft-Windows-AppID","AppID certificate store is verified."
"18-08-2026 09:40:53","4006","Information","Microsoft-Windows-AppID","AppID certificate store is verified."
"17-08-2026 20:49:52","4006","Information","Microsoft-Windows-AppID","AppID certificate store is verified."
"17-08-2026 20:49:35","4006","Information","Microsoft-Windows-AppID","AppID certificate store is verified."
"17-08-2026 19:49:55","4006","Information","Microsoft-Windows-AppID","AppID certificate store is verified."
"17-08-2026 19:47:30","4006","Information","Microsoft-Windows-AppID","AppID certificate store is verified."
"17-08-2026 18:46:53","4006","Information","Microsoft-Windows-AppID","AppID certificate store is verified."
"17-08-2026 18:46:13","4006","Information","Microsoft-Windows-AppID","AppID certificate store is verified."
"17-08-2026 17:46:26","4006","Information","Microsoft-Windows-AppID","AppID certificate store is verified."
"17-08-2026 17:45:26","4006","Information","Microsoft-Windows-AppID","AppID certificate store is verified."
"17-08-2026 16:44:58","4006","Information","Microsoft-Windows-AppID","AppID certificate store is verified."
"17-08-2026 16:44:23","4006","Information","Microsoft-Windows-AppID","AppID certificate store is verified."
"17-08-2026 16:44:13","4006","Information","Microsoft-Windows-AppID","AppID certificate store is verified."
"17-08-2026 16:43:47","4006","Information","Microsoft-Windows-AppID","AppID certificate store is verified."
"17-08-2026 15:41:20","4006","Information","Microsoft-Windows-AppID","AppID certificate store is verified."
"17-08-2026 14:41:10","4006","Information","Microsoft-Windows-AppID","AppID certificate store is verified."
"17-08-2026 14:40:36","4006","Information","Microsoft-Windows-AppID","AppID certificate store is verified."
"17-08-2026 13:40:33","4006","Information","Microsoft-Windows-AppID","AppID certificate store is verified."
"17-08-2026 12:40:05","4006","Information","Microsoft-Windows-AppID","AppID certificate store is verified."
"17-08-2026 11:40:40","4006","Information","Microsoft-Windows-AppID","AppID certificate store is verified."
"17-08-2026 11:39:34","4006","Information","Microsoft-Windows-AppID","AppID certificate store is verified."
"17-08-2026 10:38:15","4006","Information","Microsoft-Windows-AppID","AppID certificate store is verified."
"17-08-2026 10:02:56","4006","Information","Microsoft-Windows-AppID","AppID certificate store is verified."
"17-08-2026 09:37:56","4006","Information","Microsoft-Windows-AppID","AppID certificate store is verified."
"17-08-2026 09:37:01","4006","Information","Microsoft-Windows-AppID","AppID certificate store is verified."
"14-08-2026 19:32:14","4006","Information","Microsoft-Windows-AppID","AppID certificate store is verified."
"14-08-2026 19:31:48","4006","Information","Microsoft-Windows-AppID","AppID certificate store is verified."
"14-08-2026 19:31:38","4006","Information","Microsoft-Windows-AppID","AppID certificate store is verified."
"14-08-2026 19:30:38","4006","Information","Microsoft-Windows-AppID","AppID certificate store is verified."
"14-08-2026 18:29:39","4006","Information","Microsoft-Windows-AppID","AppID certificate store is verified."
"14-08-2026 18:28:48","4006","Information","Microsoft-Windows-AppID","AppID certificate store is verified."
"14-08-2026 17:28:30","4006","Information","Microsoft-Windows-AppID","AppID certificate store is verified."
"14-08-2026 17:28:20","4006","Information","Microsoft-Windows-AppID","AppID certificate store is verified."
"14-08-2026 17:27:18","4006","Information","Microsoft-Windows-AppID","AppID certificate store is verified."
"14-08-2026 16:27:48","4006","Information","Microsoft-Windows-AppID","AppID certificate store is verified."
"14-08-2026 15:27:01","4006","Information","Microsoft-Windows-AppID","AppID certificate store is verified."
"14-08-2026 15:26:48","4006","Information","Microsoft-Windows-AppID","AppID certificate store is verified."
"14-08-2026 14:26:23","4006","Information","Microsoft-Windows-AppID","AppID certificate store is verified."
"14-08-2026 14:26:13","4006","Information","Microsoft-Windows-AppID","AppID certificate store is verified."
"14-08-2026 14:25:28","4006","Information","Microsoft-Windows-AppID","AppID certificate store is verified."
"14-08-2026 14:25:12","4006","Information","Microsoft-Windows-AppID","AppID certificate store is verified."
"14-08-2026 13:23:46","4006","Information","Microsoft-Windows-AppID","AppID certificate store is verified."
"14-08-2026 13:22:49","4006","Information","Microsoft-Windows-AppID","AppID certificate store is verified."
"14-08-2026 04:14:31","4006","Information","Microsoft-Windows-AppID","AppID certificate store is verified."
"13-08-2026 18:21:53","4006","Information","Microsoft-Windows-AppID","AppID certificate store is verified."
"13-08-2026 17:27:18","4006","Information","Microsoft-Windows-AppID","AppID certificate store is verified."
"13-08-2026 17:21:26","4006","Information","Microsoft-Windows-AppID","AppID certificate store is verified."
"13-08-2026 16:21:17","4006","Information","Microsoft-Windows-AppID","AppID certificate store is verified."
"13-08-2026 16:20:48","4006","Information","Microsoft-Windows-AppID","AppID certificate store is verified."
"13-08-2026 15:20:26","4006","Information","Microsoft-Windows-AppID","AppID certificate store is verified."
"13-08-2026 15:19:33","4006","Information","Microsoft-Windows-AppID","AppID certificate store is verified."
"13-08-2026 14:19:07","4006","Information","Microsoft-Windows-AppID","AppID certificate store is verified."
"13-08-2026 13:18:41","4006","Information","Microsoft-Windows-AppID","AppID certificate store is verified."
"13-08-2026 13:17:57","4006","Information","Microsoft-Windows-AppID","AppID certificate store is verified."
"13-08-2026 12:17:27","4006","Information","Microsoft-Windows-AppID","AppID certificate store is verified."
"13-08-2026 11:16:24","4006","Information","Microsoft-Windows-AppID","AppID certificate store is verified."
"13-08-2026 10:16:19","4006","Information","Microsoft-Windows-AppID","AppID certificate store is verified."
"13-08-2026 10:15:09","4006","Information","Microsoft-Windows-AppID","AppID certificate store is verified."
"13-08-2026 09:24:53","4006","Information","Microsoft-Windows-AppID","AppID certificate store is verified."
"13-08-2026 09:14:50","4006","Information","Microsoft-Windows-AppID","AppID certificate store is verified."
"13-08-2026 09:13:50","4006","Information","Microsoft-Windows-AppID","AppID certificate store is verified."
"13-08-2026 09:13:49","4005","Error","Microsoft-Windows-AppID","AppID certificate store verification failed. Status Unknown NTSTATUS Error code: 0x5."
"12-08-2026 20:13:21","4006","Information","Microsoft-Windows-AppID","AppID certificate store is verified."
"12-08-2026 20:12:34","4006","Information","Microsoft-Windows-AppID","AppID certificate store is verified."
"12-08-2026 20:12:16","4006","Information","Microsoft-Windows-AppID","AppID certificate store is verified."
"12-08-2026 20:11:55","4006","Information","Microsoft-Windows-AppID","AppID certificate store is verified."
"12-08-2026 19:12:59","4006","Information","Microsoft-Windows-AppID","AppID certificate store is verified."
"12-08-2026 19:11:51","4006","Information","Microsoft-Windows-AppID","AppID certificate store is verified."
"12-08-2026 18:11:33","4006","Information","Microsoft-Windows-AppID","AppID certificate store is verified."
"12-08-2026 18:11:04","4006","Information","Microsoft-Windows-AppID","AppID certificate store is verified."
"12-08-2026 17:08:20","4006","Information","Microsoft-Windows-AppID","AppID certificate store is verified."
"12-08-2026 17:07:32","4006","Information","Microsoft-Windows-AppID","AppID certificate store is verified."
"12-08-2026 17:07:21","4006","Information","Microsoft-Windows-AppID","AppID certificate store is verified."
"12-08-2026 16:07:19","4006","Information","Microsoft-Windows-AppID","AppID certificate store is verified."
"12-08-2026 16:07:04","4006","Information","Microsoft-Windows-AppID","AppID certificate store is verified."
"12-08-2026 15:05:02","4006","Information","Microsoft-Windows-AppID","AppID certificate store is verified."
"12-08-2026 14:04:01","4006","Information","Microsoft-Windows-AppID","AppID certificate store is verified."
"12-08-2026 14:03:22","4006","Information","Microsoft-Windows-AppID","AppID certificate store is verified."
"12-08-2026 13:03:10","4006","Information","Microsoft-Windows-AppID","AppID certificate store is verified."
"12-08-2026 13:02:30","4006","Information","Microsoft-Windows-AppID","AppID certificate store is verified."
"12-08-2026 12:01:03","4006","Information","Microsoft-Windows-AppID","AppID certificate store is verified."
"12-08-2026 12:00:48","4006","Information","Microsoft-Windows-AppID","AppID certificate store is verified."
"12-08-2026 11:00:31","4006","Information","Microsoft-Windows-AppID","AppID certificate store is verified."
"12-08-2026 10:59:31","4006","Information","Microsoft-Windows-AppID","AppID certificate store is verified."
"12-08-2026 10:56:46","4006","Information","Microsoft-Windows-AppID","AppID certificate store is verified."
"12-08-2026 09:58:44","4006","Information","Microsoft-Windows-AppID","AppID certificate store is verified."
"12-08-2026 09:58:08","4006","Information","Microsoft-Windows-AppID","AppID certificate store is verified."
"12-08-2026 09:57:47","4006","Information","Microsoft-Windows-AppID","AppID certificate store is verified."
"12-08-2026 09:56:34","4006","Information","Microsoft-Windows-AppID","AppID certificate store is verified."
"12-08-2026 09:56:15","4006","Information","Microsoft-Windows-AppID","AppID certificate store is verified."
"12-08-2026 08:56:33","4006","Information","Microsoft-Windows-AppID","AppID certificate store is verified."
"12-08-2026 08:55:28","4006","Information","Microsoft-Windows-AppID","AppID certificate store is verified."
"12-08-2026 08:55:27","4005","Error","Microsoft-Windows-AppID","AppID certificate store verification failed. Status Unknown NTSTATUS Error code: 0x5."
"12-08-2026 03:28:47","4006","Information","Microsoft-Windows-AppID","AppID certificate store is verified."
"12-08-2026 03:28:29","4006","Information","Microsoft-Windows-AppID","AppID certificate store is verified."
"11-08-2026 18:19:32","4006","Information","Microsoft-Windows-AppID","AppID certificate store is verified."
"11-08-2026 18:19:04","4006","Information","Microsoft-Windows-AppID","AppID certificate store is verified."
"11-08-2026 18:18:43","4006","Information","Microsoft-Windows-AppID","AppID certificate store is verified."
"11-08-2026 18:18:30","4006","Information","Microsoft-Windows-AppID","AppID certificate store is verified."
"11-08-2026 17:34:39","4006","Information","Microsoft-Windows-AppID","AppID certificate store is verified."
"11-08-2026 17:18:28","4006","Information","Microsoft-Windows-AppID","AppID certificate store is verified."
"11-08-2026 17:17:57","4006","Information","Microsoft-Windows-AppID","AppID certificate store is verified."
"11-08-2026 17:16:46","4006","Information","Microsoft-Windows-AppID","AppID certificate store is verified."
"11-08-2026 16:17:08","4006","Information","Microsoft-Windows-AppID","AppID certificate store is verified."
"11-08-2026 16:16:25","4006","Information","Microsoft-Windows-AppID","AppID certificate store is verified."
"11-08-2026 16:15:32","4006","Information","Microsoft-Windows-AppID","AppID certificate store is verified."
"11-08-2026 15:16:55","4006","Information","Microsoft-Windows-AppID","AppID certificate store is verified."
"11-08-2026 15:15:10","4006","Information","Microsoft-Windows-AppID","AppID certificate store is verified."
"11-08-2026 14:16:24","4006","Information","Microsoft-Windows-AppID","AppID certificate store is verified."
"11-08-2026 14:15:55","4006","Information","Microsoft-Windows-AppID","AppID certificate store is verified."
"11-08-2026 14:14:43","4006","Information","Microsoft-Windows-AppID","AppID certificate store is verified."
"11-08-2026 13:15:25","4006","Information","Microsoft-Windows-AppID","AppID certificate store is verified."
"11-08-2026 13:14:15","4006","Information","Microsoft-Windows-AppID","AppID certificate store is verified."
"11-08-2026 13:13:34","4006","Information","Microsoft-Windows-AppID","AppID certificate store is verified."
"11-08-2026 12:14:12","4006","Information","Microsoft-Windows-AppID","AppID certificate store is verified."
"11-08-2026 12:13:03","4006","Information","Microsoft-Windows-AppID","AppID certificate store is verified."
"11-08-2026 11:13:53","4006","Information","Microsoft-Windows-AppID","AppID certificate store is verified."
"11-08-2026 11:13:22","4006","Information","Microsoft-Windows-AppID","AppID certificate store is verified."
"11-08-2026 11:12:12","4006","Information","Microsoft-Windows-AppID","AppID certificate store is verified."
"11-08-2026 10:13:13","4006","Information","Microsoft-Windows-AppID","AppID certificate store is verified."
"11-08-2026 10:12:04","4006","Information","Microsoft-Windows-AppID","AppID certificate store is verified."
"11-08-2026 09:12:39","4006","Information","Microsoft-Windows-AppID","AppID certificate store is verified."
"11-08-2026 09:11:57","4006","Information","Microsoft-Windows-AppID","AppID certificate store is verified."
"11-08-2026 06:05:41","4006","Information","Microsoft-Windows-AppID","AppID certificate store is verified."
"11-08-2026 06:05:25","4006","Information","Microsoft-Windows-AppID","AppID certificate store is verified."
"10-08-2026 18:47:04","4006","Information","Microsoft-Windows-AppID","AppID certificate store is verified."
"10-08-2026 18:45:43","4006","Information","Microsoft-Windows-AppID","AppID certificate store is verified."
"10-08-2026 18:45:08","4006","Information","Microsoft-Windows-AppID","AppID certificate store is verified."
"10-08-2026 17:45:54","4006","Information","Microsoft-Windows-AppID","AppID certificate store is verified."
"10-08-2026 17:43:58","4006","Information","Microsoft-Windows-AppID","AppID certificate store is verified."
"10-08-2026 16:45:53","4006","Information","Microsoft-Windows-AppID","AppID certificate store is verified."
"10-08-2026 16:45:19","4006","Information","Microsoft-Windows-AppID","AppID certificate store is verified."
"10-08-2026 16:43:06","4006","Information","Microsoft-Windows-AppID","AppID certificate store is verified."
"10-08-2026 15:45:17","4006","Information","Microsoft-Windows-AppID","AppID certificate store is verified."
"10-08-2026 15:44:30","4006","Information","Microsoft-Windows-AppID","AppID certificate store is verified."
"10-08-2026 15:42:41","4006","Information","Microsoft-Windows-AppID","AppID certificate store is verified."
"10-08-2026 15:42:10","4006","Information","Microsoft-Windows-AppID","AppID certificate store is verified."
"10-08-2026 15:41:36","4006","Information","Microsoft-Windows-AppID","AppID certificate store is verified."
"10-08-2026 14:43:51","4006","Information","Microsoft-Windows-AppID","AppID certificate store is verified."
"10-08-2026 14:42:59","4006","Information","Microsoft-Windows-AppID","AppID certificate store is verified."
"10-08-2026 14:42:00","4006","Information","Microsoft-Windows-AppID","AppID certificate store is verified."
"10-08-2026 14:41:10","4006","Information","Microsoft-Windows-AppID","AppID certificate store is verified."
"10-08-2026 14:40:49","4006","Information","Microsoft-Windows-AppID","AppID certificate store is verified."
"10-08-2026 14:39:55","4006","Information","Microsoft-Windows-AppID","AppID certificate store is verified."
"10-08-2026 13:42:55","4006","Information","Microsoft-Windows-AppID","AppID certificate store is verified."
"10-08-2026 13:42:17","4006","Information","Microsoft-Windows-AppID","AppID certificate store is verified."
"10-08-2026 13:41:05","4006","Information","Microsoft-Windows-AppID","AppID certificate store is verified."
"10-08-2026 13:39:54","4006","Information","Microsoft-Windows-AppID","AppID certificate store is verified."
"10-08-2026 13:00:23","4006","Information","Microsoft-Windows-AppID","AppID certificate store is verified."
"10-08-2026 12:41:32","4006","Information","Microsoft-Windows-AppID","AppID certificate store is verified."
"10-08-2026 12:39:54","4006","Information","Microsoft-Windows-AppID","AppID certificate store is verified."
"10-08-2026 12:38:21","4006","Information","Microsoft-Windows-AppID","AppID certificate store is verified."
"10-08-2026 11:40:55","4006","Information","Microsoft-Windows-AppID","AppID certificate store is verified."
"10-08-2026 11:39:53","4006","Information","Microsoft-Windows-AppID","AppID certificate store is verified."
"10-08-2026 11:39:19","4006","Information","Microsoft-Windows-AppID","AppID certificate store is verified."
"10-08-2026 11:38:08","4006","Information","Microsoft-Windows-AppID","AppID certificate store is verified."
"10-08-2026 10:39:53","4006","Information","Microsoft-Windows-AppID","AppID certificate store is verified."
"10-08-2026 10:38:43","4006","Information","Microsoft-Windows-AppID","AppID certificate store is verified."
"10-08-2026 10:37:32","4006","Information","Microsoft-Windows-AppID","AppID certificate store is verified."
"07-08-2026 17:29:46","4006","Information","Microsoft-Windows-AppID","AppID certificate store is verified."
"07-08-2026 17:29:20","4006","Information","Microsoft-Windows-AppID","AppID certificate store is verified."
"07-08-2026 16:26:38","4006","Information","Microsoft-Windows-AppID","AppID certificate store is verified."
"07-08-2026 15:24:48","4006","Information","Microsoft-Windows-AppID","AppID certificate store is verified."
"07-08-2026 14:25:25","4006","Information","Microsoft-Windows-AppID","AppID certificate store is verified."
"07-08-2026 14:24:25","4006","Information","Microsoft-Windows-AppID","AppID certificate store is verified."
"07-08-2026 14:24:01","4006","Information","Microsoft-Windows-AppID","AppID certificate store is verified."
"07-08-2026 13:22:36","4006","Information","Microsoft-Windows-AppID","AppID certificate store is verified."
"07-08-2026 13:21:25","4006","Information","Microsoft-Windows-AppID","AppID certificate store is verified."
"07-08-2026 12:21:24","4006","Information","Microsoft-Windows-AppID","AppID certificate store is verified."
"07-08-2026 12:20:30","4006","Information","Microsoft-Windows-AppID","AppID certificate store is verified."
"07-08-2026 11:18:31","4006","Information","Microsoft-Windows-AppID","AppID certificate store is verified."
"07-08-2026 10:18:36","4006","Information","Microsoft-Windows-AppID","AppID certificate store is verified."
"07-08-2026 10:18:05","4006","Information","Microsoft-Windows-AppID","AppID certificate store is verified."
"07-08-2026 09:17:51","4006","Information","Microsoft-Windows-AppID","AppID certificate store is verified."
"07-08-2026 09:16:48","4006","Information","Microsoft-Windows-AppID","AppID certificate store is verified."
"07-08-2026 04:02:25","4006","Information","Microsoft-Windows-AppID","AppID certificate store is verified."
"06-08-2026 18:12:07","4006","Information","Microsoft-Windows-AppID","AppID certificate store is verified."
"06-08-2026 18:11:34","4006","Information","Microsoft-Windows-AppID","AppID certificate store is verified."
"06-08-2026 17:10:28","4006","Information","Microsoft-Windows-AppID","AppID certificate store is verified."
"06-08-2026 16:09:02","4006","Information","Microsoft-Windows-AppID","AppID certificate store is verified."
"06-08-2026 15:06:23","4006","Information","Microsoft-Windows-AppID","AppID certificate store is verified."
"06-08-2026 15:06:11","4006","Information","Microsoft-Windows-AppID","AppID certificate store is verified."
"06-08-2026 15:05:03","4006","Information","Microsoft-Windows-AppID","AppID certificate store is verified."
"06-08-2026 14:05:30","4006","Information","Microsoft-Windows-AppID","AppID certificate store is verified."
"06-08-2026 14:04:47","4006","Information","Microsoft-Windows-AppID","AppID certificate store is verified."
"06-08-2026 14:04:31","4006","Information","Microsoft-Windows-AppID","AppID certificate store is verified."
"06-08-2026 13:03:20","4006","Information","Microsoft-Windows-AppID","AppID certificate store is verified."
"06-08-2026 13:03:03","4006","Information","Microsoft-Windows-AppID","AppID certificate store is verified."
"06-08-2026 13:02:19","4006","Information","Microsoft-Windows-AppID","AppID certificate store is verified."
"06-08-2026 13:00:59","4006","Information","Microsoft-Windows-AppID","AppID certificate store is verified."
"06-08-2026 12:59:48","4006","Information","Microsoft-Windows-AppID","AppID certificate store is verified."
"06-08-2026 12:58:55","4006","Information","Microsoft-Windows-AppID","AppID certificate store is verified."
"06-08-2026 12:01:14","4006","Information","Microsoft-Windows-AppID","AppID certificate store is verified."
"06-08-2026 12:00:00","4006","Information","Microsoft-Windows-AppID","AppID certificate store is verified."
"06-08-2026 11:58:49","4006","Information","Microsoft-Windows-AppID","AppID certificate store is verified."
"06-08-2026 10:59:12","4006","Information","Microsoft-Windows-AppID","AppID certificate store is verified."
"06-08-2026 10:58:25","4006","Information","Microsoft-Windows-AppID","AppID certificate store is verified."
"06-08-2026 10:57:45","4006","Information","Microsoft-Windows-AppID","AppID certificate store is verified."
"06-08-2026 10:39:35","4006","Information","Microsoft-Windows-AppID","AppID certificate store is verified."
"06-08-2026 09:57:26","4006","Information","Microsoft-Windows-AppID","AppID certificate store is verified."
"06-08-2026 09:56:41","4006","Information","Microsoft-Windows-AppID","AppID certificate store is verified."
"06-08-2026 09:56:07","4006","Information","Microsoft-Windows-AppID","AppID certificate store is verified."
"06-08-2026 09:55:43","4006","Information","Microsoft-Windows-AppID","AppID certificate store is verified."
"06-08-2026 09:55:30","4006","Information","Microsoft-Windows-AppID","AppID certificate store is verified."
"06-08-2026 08:56:27","4006","Information","Microsoft-Windows-AppID","AppID certificate store is verified."
"06-08-2026 08:55:26","4006","Information","Microsoft-Windows-AppID","AppID certificate store is verified."
"06-08-2026 05:13:28","4006","Information","Microsoft-Windows-AppID","AppID certificate store is verified."
"05-08-2026 20:49:54","4006","Information","Microsoft-Windows-AppID","AppID certificate store is verified."
"05-08-2026 20:22:04","4006","Information","Microsoft-Windows-AppID","AppID certificate store is verified."
"05-08-2026 19:49:03","4006","Information","Microsoft-Windows-AppID","AppID certificate store is verified."
"05-08-2026 19:48:45","4006","Information","Microsoft-Windows-AppID","AppID certificate store is verified."
"05-08-2026 19:48:02","4006","Information","Microsoft-Windows-AppID","AppID certificate store is verified."
"05-08-2026 19:17:44","4006","Information","Microsoft-Windows-AppID","AppID certificate store is verified."
"05-08-2026 19:17:21","4006","Information","Microsoft-Windows-AppID","AppID certificate store is verified."
"05-08-2026 19:16:48","4006","Information","Microsoft-Windows-AppID","AppID certificate store is verified."
"05-08-2026 18:47:02","4006","Information","Microsoft-Windows-AppID","AppID certificate store is verified."
"05-08-2026 18:16:47","4006","Information","Microsoft-Windows-AppID","AppID certificate store is verified."
"05-08-2026 17:46:43","4006","Information","Microsoft-Windows-AppID","AppID certificate store is verified."
"05-08-2026 17:16:46","4006","Information","Microsoft-Windows-AppID","AppID certificate store is verified."
"05-08-2026 16:46:11","4006","Information","Microsoft-Windows-AppID","AppID certificate store is verified."
"05-08-2026 16:45:18","4006","Information","Microsoft-Windows-AppID","AppID certificate store is verified."
"05-08-2026 16:45:00","4006","Information","Microsoft-Windows-AppID","AppID certificate store is verified."
"05-08-2026 16:16:46","4006","Information","Microsoft-Windows-AppID","AppID certificate store is verified."
"05-08-2026 15:45:00","4006","Information","Microsoft-Windows-AppID","AppID certificate store is verified."
"05-08-2026 15:44:37","4006","Information","Microsoft-Windows-AppID","AppID certificate store is verified."
"05-08-2026 15:44:27","4006","Information","Microsoft-Windows-AppID","AppID certificate store is verified."
"05-08-2026 15:43:49","4006","Information","Microsoft-Windows-AppID","AppID certificate store is verified."
"05-08-2026 15:16:44","4006","Information","Microsoft-Windows-AppID","AppID certificate store is verified."
"05-08-2026 14:43:15","4006","Information","Microsoft-Windows-AppID","AppID certificate store is verified."
"05-08-2026 14:42:58","4006","Information","Microsoft-Windows-AppID","AppID certificate store is verified."
"05-08-2026 14:16:35","4006","Information","Microsoft-Windows-AppID","AppID certificate store is verified."
"05-08-2026 13:41:58","4006","Information","Microsoft-Windows-AppID","AppID certificate store is verified."
"05-08-2026 13:16:14","4006","Information","Microsoft-Windows-AppID","AppID certificate store is verified."
"05-08-2026 13:15:37","4006","Information","Microsoft-Windows-AppID","AppID certificate store is verified."
"05-08-2026 12:41:39","4006","Information","Microsoft-Windows-AppID","AppID certificate store is verified."
"05-08-2026 12:41:11","4006","Information","Microsoft-Windows-AppID","AppID certificate store is verified."
"05-08-2026 12:14:36","4006","Information","Microsoft-Windows-AppID","AppID certificate store is verified."
"05-08-2026 12:14:17","4006","Information","Microsoft-Windows-AppID","AppID certificate store is verified."
"05-08-2026 12:13:50","4006","Information","Microsoft-Windows-AppID","AppID certificate store is verified."
"05-08-2026 11:41:31","4006","Information","Microsoft-Windows-AppID","AppID certificate store is verified."
"05-08-2026 11:39:46","4006","Information","Microsoft-Windows-AppID","AppID certificate store is verified."
"05-08-2026 11:37:11","4006","Information","Microsoft-Windows-AppID","AppID certificate store is verified."
"05-08-2026 11:11:40","4006","Information","Microsoft-Windows-AppID","AppID certificate store is verified."
"05-08-2026 10:41:15","4006","Information","Microsoft-Windows-AppID","AppID certificate store is verified."
"05-08-2026 10:40:30","4006","Information","Microsoft-Windows-AppID","AppID certificate store is verified."
"05-08-2026 10:39:41","4006","Information","Microsoft-Windows-AppID","AppID certificate store is verified."
"05-08-2026 10:39:28","4006","Information","Microsoft-Windows-AppID","AppID certificate store is verified."
"05-08-2026 10:11:06","4006","Information","Microsoft-Windows-AppID","AppID certificate store is verified."
"05-08-2026 09:39:46","4006","Information","Microsoft-Windows-AppID","AppID certificate store is verified."
"05-08-2026 09:38:49","4006","Information","Microsoft-Windows-AppID","AppID certificate store is verified."
"05-08-2026 06:30:41","4006","Information","Microsoft-Windows-AppID","AppID certificate store is verified."
"04-08-2026 21:28:50","4006","Information","Microsoft-Windows-AppID","AppID certificate store is verified."
"04-08-2026 19:27:41","4006","Information","Microsoft-Windows-AppID","AppID certificate store is verified."
"04-08-2026 19:17:39","4006","Information","Microsoft-Windows-AppID","AppID certificate store is verified."
"04-08-2026 18:25:56","4006","Information","Microsoft-Windows-AppID","AppID certificate store is verified."
"04-08-2026 18:17:27","4006","Information","Microsoft-Windows-AppID","AppID certificate store is verified."
"04-08-2026 17:23:45","4006","Information","Microsoft-Windows-AppID","AppID certificate store is verified."
"04-08-2026 17:23:08","4006","Information","Microsoft-Windows-AppID","AppID certificate store is verified."
"04-08-2026 17:16:59","4006","Information","Microsoft-Windows-AppID","AppID certificate store is verified."
"04-08-2026 16:22:24","4006","Information","Microsoft-Windows-AppID","AppID certificate store is verified."
"04-08-2026 16:16:17","4006","Information","Microsoft-Windows-AppID","AppID certificate store is verified."
"04-08-2026 16:15:24","4006","Information","Microsoft-Windows-AppID","AppID certificate store is verified."
"04-08-2026 15:22:17","4006","Information","Microsoft-Windows-AppID","AppID certificate store is verified."
"04-08-2026 15:21:21","4006","Information","Microsoft-Windows-AppID","AppID certificate store is verified."
"04-08-2026 15:15:15","4006","Information","Microsoft-Windows-AppID","AppID certificate store is verified."
"04-08-2026 15:14:56","4006","Information","Microsoft-Windows-AppID","AppID certificate store is verified."
"04-08-2026 14:19:52","4006","Information","Microsoft-Windows-AppID","AppID certificate store is verified."
"04-08-2026 14:18:51","4006","Information","Microsoft-Windows-AppID","AppID certificate store is verified."
"04-08-2026 14:14:16","4006","Information","Microsoft-Windows-AppID","AppID certificate store is verified."
"04-08-2026 14:13:48","4006","Information","Microsoft-Windows-AppID","AppID certificate store is verified."
"04-08-2026 14:13:32","4006","Information","Microsoft-Windows-AppID","AppID certificate store is verified."
"04-08-2026 13:17:02","4006","Information","Microsoft-Windows-AppID","AppID certificate store is verified."
"04-08-2026 13:13:13","4006","Information","Microsoft-Windows-AppID","AppID certificate store is verified."
"04-08-2026 13:12:29","4006","Information","Microsoft-Windows-AppID","AppID certificate store is verified."
"04-08-2026 12:16:33","4006","Information","Microsoft-Windows-AppID","AppID certificate store is verified."
"04-08-2026 12:12:28","4006","Information","Microsoft-Windows-AppID","AppID certificate store is verified."
"04-08-2026 11:53:26","4006","Information","Microsoft-Windows-AppID","AppID certificate store is verified."
"04-08-2026 11:16:05","4006","Information","Microsoft-Windows-AppID","AppID certificate store is verified."
"04-08-2026 11:15:52","4006","Information","Microsoft-Windows-AppID","AppID certificate store is verified."
"04-08-2026 11:15:31","4006","Information","Microsoft-Windows-AppID","AppID certificate store is verified."
"04-08-2026 11:11:51","4006","Information","Microsoft-Windows-AppID","AppID certificate store is verified."
"04-08-2026 10:13:31","4006","Information","Microsoft-Windows-AppID","AppID certificate store is verified."
"04-08-2026 10:11:09","4006","Information","Microsoft-Windows-AppID","AppID certificate store is verified."
"04-08-2026 10:10:44","4006","Information","Microsoft-Windows-AppID","AppID certificate store is verified."
"04-08-2026 10:09:58","4006","Information","Microsoft-Windows-AppID","AppID certificate store is verified."
"04-08-2026 09:11:58","4006","Information","Microsoft-Windows-AppID","AppID certificate store is verified."
"04-08-2026 09:10:09","4006","Information","Microsoft-Windows-AppID","AppID certificate store is verified."
"04-08-2026 09:09:09","4006","Information","Microsoft-Windows-AppID","AppID certificate store is verified."
"04-08-2026 03:10:58","4006","Information","Microsoft-Windows-AppID","AppID certificate store is verified."
"03-08-2026 17:39:55","4006","Information","Microsoft-Windows-AppID","AppID certificate store is verified."
"03-08-2026 17:37:02","4006","Information","Microsoft-Windows-AppID","AppID certificate store is verified."
"03-08-2026 17:36:16","4006","Information","Microsoft-Windows-AppID","AppID certificate store is verified."
"03-08-2026 17:35:05","4006","Information","Microsoft-Windows-AppID","AppID certificate store is verified."
"03-08-2026 16:39:28","4006","Information","Microsoft-Windows-AppID","AppID certificate store is verified."
"03-08-2026 16:34:25","4006","Information","Microsoft-Windows-AppID","AppID certificate store is verified."
"03-08-2026 15:37:24","4006","Information","Microsoft-Windows-AppID","AppID certificate store is verified."
"03-08-2026 15:36:59","4006","Information","Microsoft-Windows-AppID","AppID certificate store is verified."
"03-08-2026 15:36:25","4006","Information","Microsoft-Windows-AppID","AppID certificate store is verified."
"03-08-2026 15:33:03","4006","Information","Microsoft-Windows-AppID","AppID certificate store is verified."
"03-08-2026 15:32:11","4006","Information","Microsoft-Windows-AppID","AppID certificate store is verified."
"03-08-2026 14:35:05","4006","Information","Microsoft-Windows-AppID","AppID certificate store is verified."
"03-08-2026 14:30:47","4006","Information","Microsoft-Windows-AppID","AppID certificate store is verified."
"03-08-2026 13:34:59","4006","Information","Microsoft-Windows-AppID","AppID certificate store is verified."
"03-08-2026 13:34:45","4006","Information","Microsoft-Windows-AppID","AppID certificate store is verified."
"03-08-2026 13:30:22","4006","Information","Microsoft-Windows-AppID","AppID certificate store is verified."
"03-08-2026 12:34:29","4006","Information","Microsoft-Windows-AppID","AppID certificate store is verified."
"03-08-2026 12:33:29","4006","Information","Microsoft-Windows-AppID","AppID certificate store is verified."
"03-08-2026 12:32:37","4006","Information","Microsoft-Windows-AppID","AppID certificate store is verified."
"03-08-2026 12:30:13","4006","Information","Microsoft-Windows-AppID","AppID certificate store is verified."
"03-08-2026 12:29:20","4006","Information","Microsoft-Windows-AppID","AppID certificate store is verified."
"03-08-2026 11:31:23","4006","Information","Microsoft-Windows-AppID","AppID certificate store is verified."
"03-08-2026 11:28:45","4006","Information","Microsoft-Windows-AppID","AppID certificate store is verified."
"03-08-2026 11:28:19","4006","Information","Microsoft-Windows-AppID","AppID certificate store is verified."
"03-08-2026 10:30:45","4006","Information","Microsoft-Windows-AppID","AppID certificate store is verified."
"03-08-2026 10:29:51","4006","Information","Microsoft-Windows-AppID","AppID certificate store is verified."
"03-08-2026 10:28:23","4006","Information","Microsoft-Windows-AppID","AppID certificate store is verified."
"03-08-2026 10:27:46","4006","Information","Microsoft-Windows-AppID","AppID certificate store is verified."
"03-08-2026 10:27:22","4006","Information","Microsoft-Windows-AppID","AppID certificate store is verified."
"03-08-2026 10:27:12","4006","Information","Microsoft-Windows-AppID","AppID certificate store is verified."
"03-08-2026 10:08:42","4006","Information","Microsoft-Windows-AppID","AppID certificate store is verified."
"03-08-2026 09:28:55","4006","Information","Microsoft-Windows-AppID","AppID certificate store is verified."
"31-07-2026 18:34:24","4006","Information","Microsoft-Windows-AppID","AppID certificate store is verified."
"31-07-2026 18:01:13","4006","Information","Microsoft-Windows-AppID","AppID certificate store is verified."
"31-07-2026 17:41:55","4006","Information","Microsoft-Windows-AppID","AppID certificate store is verified."
"31-07-2026 17:34:23","4006","Information","Microsoft-Windows-AppID","AppID certificate store is verified."
"31-07-2026 17:33:29","4006","Information","Microsoft-Windows-AppID","AppID certificate store is verified."
"31-07-2026 16:38:31","4006","Information","Microsoft-Windows-AppID","AppID certificate store is verified."
"31-07-2026 16:37:31","4006","Information","Microsoft-Windows-AppID","AppID certificate store is verified."
"31-07-2026 16:33:18","4006","Information","Microsoft-Windows-AppID","AppID certificate store is verified."
"31-07-2026 15:36:43","4006","Information","Microsoft-Windows-AppID","AppID certificate store is verified."
"31-07-2026 15:33:01","4006","Information","Microsoft-Windows-AppID","AppID certificate store is verified."
"31-07-2026 14:35:56","4006","Information","Microsoft-Windows-AppID","AppID certificate store is verified."
"31-07-2026 14:35:27","4006","Information","Microsoft-Windows-AppID","AppID certificate store is verified."
"31-07-2026 14:32:50","4006","Information","Microsoft-Windows-AppID","AppID certificate store is verified."
"31-07-2026 13:34:05","4006","Information","Microsoft-Windows-AppID","AppID certificate store is verified."
"31-07-2026 13:33:39","4006","Information","Microsoft-Windows-AppID","AppID certificate store is verified."
"31-07-2026 13:32:28","4006","Information","Microsoft-Windows-AppID","AppID certificate store is verified."
"31-07-2026 12:32:41","4006","Information","Microsoft-Windows-AppID","AppID certificate store is verified."
"31-07-2026 12:31:30","4006","Information","Microsoft-Windows-AppID","AppID certificate store is verified."
"31-07-2026 11:31:47","4006","Information","Microsoft-Windows-AppID","AppID certificate store is verified."
"31-07-2026 11:31:23","4006","Information","Microsoft-Windows-AppID","AppID certificate store is verified."
"31-07-2026 11:30:35","4006","Information","Microsoft-Windows-AppID","AppID certificate store is verified."
"31-07-2026 10:31:02","4006","Information","Microsoft-Windows-AppID","AppID certificate store is verified."
"31-07-2026 10:29:51","4006","Information","Microsoft-Windows-AppID","AppID certificate store is verified."
"31-07-2026 09:30:29","4006","Information","Microsoft-Windows-AppID","AppID certificate store is verified."
"31-07-2026 09:29:54","4006","Information","Microsoft-Windows-AppID","AppID certificate store is verified."
"31-07-2026 04:44:39","4006","Information","Microsoft-Windows-AppID","AppID certificate store is verified."
"30-07-2026 18:46:15","4006","Information","Microsoft-Windows-AppID","AppID certificate store is verified."
"30-07-2026 17:46:12","4006","Information","Microsoft-Windows-AppID","AppID certificate store is verified."
"30-07-2026 17:45:53","4006","Information","Microsoft-Windows-AppID","AppID certificate store is verified."
"30-07-2026 17:45:21","4006","Information","Microsoft-Windows-AppID","AppID certificate store is verified."
"30-07-2026 16:44:25","4006","Information","Microsoft-Windows-AppID","AppID certificate store is verified."
"30-07-2026 16:43:40","4006","Information","Microsoft-Windows-AppID","AppID certificate store is verified."
"30-07-2026 15:41:14","4006","Information","Microsoft-Windows-AppID","AppID certificate store is verified."
"30-07-2026 14:41:05","4006","Information","Microsoft-Windows-AppID","AppID certificate store is verified."
"30-07-2026 13:40:48","4006","Information","Microsoft-Windows-AppID","AppID certificate store is verified."
"30-07-2026 12:38:37","4006","Information","Microsoft-Windows-AppID","AppID certificate store is verified."
"30-07-2026 11:38:36","4006","Information","Microsoft-Windows-AppID","AppID certificate store is verified."
"30-07-2026 10:37:25","4006","Information","Microsoft-Windows-AppID","AppID certificate store is verified."
"30-07-2026 10:37:09","4006","Information","Microsoft-Windows-AppID","AppID certificate store is verified."
"30-07-2026 10:36:14","4006","Information","Microsoft-Windows-AppID","AppID certificate store is verified."
"30-07-2026 09:44:49","4006","Information","Microsoft-Windows-AppID","AppID certificate store is verified."
"30-07-2026 09:40:20","4006","Information","Microsoft-Windows-AppID","AppID certificate store is verified."
"30-07-2026 09:35:38","4006","Information","Microsoft-Windows-AppID","AppID certificate store is verified."
"30-07-2026 09:35:30","4006","Information","Microsoft-Windows-AppID","AppID certificate store is verified."
"30-07-2026 09:34:47","4006","Information","Microsoft-Windows-AppID","AppID certificate store is verified."
"30-07-2026 06:32:20","4006","Information","Microsoft-Windows-AppID","AppID certificate store is verified."
"29-07-2026 19:37:31","4006","Information","Microsoft-Windows-AppID","AppID certificate store is verified."
"29-07-2026 18:36:13","4006","Information","Microsoft-Windows-AppID","AppID certificate store is verified."
"29-07-2026 17:34:48","4006","Information","Microsoft-Windows-AppID","AppID certificate store is verified."
"29-07-2026 17:34:38","4006","Information","Microsoft-Windows-AppID","AppID certificate store is verified."
"29-07-2026 17:34:00","4006","Information","Microsoft-Windows-AppID","AppID certificate store is verified."
"29-07-2026 17:33:38","4006","Information","Microsoft-Windows-AppID","AppID certificate store is verified."
"29-07-2026 16:33:29","4006","Information","Microsoft-Windows-AppID","AppID certificate store is verified."
"29-07-2026 16:32:28","4006","Information","Microsoft-Windows-AppID","AppID certificate store is verified."
"29-07-2026 16:31:28","4006","Information","Microsoft-Windows-AppID","AppID certificate store is verified."
"29-07-2026 15:30:07","4006","Information","Microsoft-Windows-AppID","AppID certificate store is verified."
"29-07-2026 15:28:57","4006","Information","Microsoft-Windows-AppID","AppID certificate store is verified."
"29-07-2026 14:29:37","4006","Information","Microsoft-Windows-AppID","AppID certificate store is verified."
"29-07-2026 14:28:48","4006","Information","Microsoft-Windows-AppID","AppID certificate store is verified."
"29-07-2026 14:28:27","4006","Information","Microsoft-Windows-AppID","AppID certificate store is verified."
"29-07-2026 13:29:33","4006","Information","Microsoft-Windows-AppID","AppID certificate store is verified."
"29-07-2026 13:28:23","4006","Information","Microsoft-Windows-AppID","AppID certificate store is verified."
"29-07-2026 12:29:22","4006","Information","Microsoft-Windows-AppID","AppID certificate store is verified."
"29-07-2026 12:28:35","4006","Information","Microsoft-Windows-AppID","AppID certificate store is verified."
"29-07-2026 12:27:24","4006","Information","Microsoft-Windows-AppID","AppID certificate store is verified."
"29-07-2026 11:27:24","4006","Information","Microsoft-Windows-AppID","AppID certificate store is verified."
"29-07-2026 11:27:11","4006","Information","Microsoft-Windows-AppID","AppID certificate store is verified."
"29-07-2026 11:26:11","4006","Information","Microsoft-Windows-AppID","AppID certificate store is verified."
"29-07-2026 11:26:00","4006","Information","Microsoft-Windows-AppID","AppID certificate store is verified."
"29-07-2026 11:21:40","4006","Information","Microsoft-Windows-AppID","AppID certificate store is verified."
"29-07-2026 10:26:46","4006","Information","Microsoft-Windows-AppID","AppID certificate store is verified."
"29-07-2026 10:25:56","4006","Information","Microsoft-Windows-AppID","AppID certificate store is verified."
"29-07-2026 10:25:46","4006","Information","Microsoft-Windows-AppID","AppID certificate store is verified."
"29-07-2026 10:25:35","4006","Information","Microsoft-Windows-AppID","AppID certificate store is verified."
"29-07-2026 10:12:27","4006","Information","Microsoft-Windows-AppID","AppID certificate store is verified."
"29-07-2026 10:10:43","4006","Information","Microsoft-Windows-AppID","AppID certificate store is verified."
"29-07-2026 09:25:23","4006","Information","Microsoft-Windows-AppID","AppID certificate store is verified."
"29-07-2026 06:01:33","4006","Information","Microsoft-Windows-AppID","AppID certificate store is verified."
"28-07-2026 19:34:52","4006","Information","Microsoft-Windows-AppID","AppID certificate store is verified."
"28-07-2026 18:33:47","4006","Information","Microsoft-Windows-AppID","AppID certificate store is verified."
"28-07-2026 17:33:40","4006","Information","Microsoft-Windows-AppID","AppID certificate store is verified."
"28-07-2026 16:33:04","4006","Information","Microsoft-Windows-AppID","AppID certificate store is verified."
"28-07-2026 15:31:55","4006","Information","Microsoft-Windows-AppID","AppID certificate store is verified."
"28-07-2026 15:31:44","4006","Information","Microsoft-Windows-AppID","AppID certificate store is verified."
"28-07-2026 15:30:43","4006","Information","Microsoft-Windows-AppID","AppID certificate store is verified."
"28-07-2026 14:29:43","4006","Information","Microsoft-Windows-AppID","AppID certificate store is verified."
"28-07-2026 13:31:04","4006","Information","Microsoft-Windows-AppID","AppID certificate store is verified."
"28-07-2026 13:30:04","4006","Information","Microsoft-Windows-AppID","AppID certificate store is verified."
"28-07-2026 13:29:17","4006","Information","Microsoft-Windows-AppID","AppID certificate store is verified."
"28-07-2026 12:27:28","4006","Information","Microsoft-Windows-AppID","AppID certificate store is verified."
"28-07-2026 12:27:11","4006","Information","Microsoft-Windows-AppID","AppID certificate store is verified."
"28-07-2026 11:27:10","4006","Information","Microsoft-Windows-AppID","AppID certificate store is verified."
"28-07-2026 11:26:24","4006","Information","Microsoft-Windows-AppID","AppID certificate store is verified."
"28-07-2026 11:26:14","4006","Information","Microsoft-Windows-AppID","AppID certificate store is verified."
"28-07-2026 10:36:03","4006","Information","Microsoft-Windows-AppID","AppID certificate store is verified."
"28-07-2026 10:25:34","4006","Information","Microsoft-Windows-AppID","AppID certificate store is verified."
"28-07-2026 10:24:29","4006","Information","Microsoft-Windows-AppID","AppID certificate store is verified."
