"19-08-2026 14:36:32","4674","Information","Microsoft-Windows-Security-Auditing","An operation was attempted on a privileged object.

Subject:
	Security ID:		S-1-12-1-4220155720-1073834589-1054805678-3526012841
	Account Name:		arjo5004.T1
	Account Domain:		ENTERPRISE
	Logon ID:		0x692902

Object:
	Object Server:	Security
	Object Type:	Key
	Object Name:	\REGISTRY\USER\S-1-12-1-4220155720-1073834589-1054805678-3526012841\Software\Microsoft\Windows\CurrentVersion\Explorer\User Shell Folders
	Object Handle:	0x9b8

Process Information:
	Process ID:	0x1aa8
	Process Name:	C:\Windows\System32\wbem\WmiPrvSE.exe

Requested Operation:
	Desired Access:	DELETE
				READ_CONTROL
				WRITE_DAC
				WRITE_OWNER
				Query key value
				Set key value
				Create sub-key
				Enumerate sub-keys
				Notify about changes to keys
				Create Link
				
	Privileges:		SeTakeOwnershipPrivilege"
"19-08-2026 14:36:32","4688","Information","Microsoft-Windows-Security-Auditing","A new process has been created.

Creator Subject:
	Security ID:		S-1-5-18
	Account Name:		LIND55MBVC4$
	Account Domain:		WORKGROUP
	Logon ID:		0x3E7

Target Subject:
	Security ID:		S-1-12-1-2357405129-1281513531-255772574-1816207334
	Account Name:		arjo5004
	Account Domain:		ENTERPRISE
	Logon ID:		0x18250F

Process Information:
	New Process ID:		0x1460
	New Process Name:	C:\Windows\System32\backgroundTaskHost.exe
	Token Elevation Type:	TokenElevationTypeDefault (1)
	Mandatory Label:		S-1-16-4096
	Creator Process ID:	0x62c
	Creator Process Name:	C:\Windows\System32\svchost.exe
	Process Command Line:	

Token Elevation Type indicates the type of token that was assigned to the new process in accordance with User Account Control policy.

Type 1 is a full token with no privileges removed or groups disabled.  A full token is only used if User Account Control is disabled or if the user is the built-in Administrator account or a service account.

Type 2 is an elevated token with no privileges removed or groups disabled.  An elevated token is used when User Account Control is enabled and the user chooses to start the program using Run as administrator.  An elevated token is also used when an application is configured to always require administrative privilege or to always require maximum privilege, and the user is a member of the Administrators group.

Type 3 is a limited token with administrative privileges removed and administrative groups disabled.  The limited token is used when User Account Control is enabled, the application does not require administrative privilege, and the user does not choose to start the program using Run as administrator."
"19-08-2026 14:36:32","4674","Information","Microsoft-Windows-Security-Auditing","An operation was attempted on a privileged object.

Subject:
	Security ID:		S-1-12-1-4220155720-1073834589-1054805678-3526012841
	Account Name:		arjo5004.T1
	Account Domain:		ENTERPRISE
	Logon ID:		0x692902

Object:
	Object Server:	Security
	Object Type:	-
	Object Name:	-
	Object Handle:	0x71c

Process Information:
	Process ID:	0x1aa8
	Process Name:	C:\Windows\System32\wbem\WmiPrvSE.exe

Requested Operation:
	Desired Access:	983103
	Privileges:		SeTakeOwnershipPrivilege"
"19-08-2026 14:36:32","4674","Information","Microsoft-Windows-Security-Auditing","An operation was attempted on a privileged object.

Subject:
	Security ID:		S-1-12-1-4220155720-1073834589-1054805678-3526012841
	Account Name:		arjo5004.T1
	Account Domain:		ENTERPRISE
	Logon ID:		0x692902

Object:
	Object Server:	Security
	Object Type:	Key
	Object Name:	\REGISTRY\USER\S-1-12-1-4220155720-1073834589-1054805678-3526012841\Software\Microsoft\Windows\CurrentVersion\Explorer\User Shell Folders
	Object Handle:	0x71c

Process Information:
	Process ID:	0x1aa8
	Process Name:	C:\Windows\System32\wbem\WmiPrvSE.exe

Requested Operation:
	Desired Access:	DELETE
				READ_CONTROL
				WRITE_DAC
				WRITE_OWNER
				Query key value
				Set key value
				Create sub-key
				Enumerate sub-keys
				Notify about changes to keys
				Create Link
				
	Privileges:		SeTakeOwnershipPrivilege"
"19-08-2026 14:36:32","4674","Information","Microsoft-Windows-Security-Auditing","An operation was attempted on a privileged object.

Subject:
	Security ID:		S-1-12-1-4220155720-1073834589-1054805678-3526012841
	Account Name:		arjo5004.T1
	Account Domain:		ENTERPRISE
	Logon ID:		0x692902

Object:
	Object Server:	Security
	Object Type:	-
	Object Name:	-
	Object Handle:	0x738

Process Information:
	Process ID:	0x1aa8
	Process Name:	C:\Windows\System32\wbem\WmiPrvSE.exe

Requested Operation:
	Desired Access:	983103
	Privileges:		SeTakeOwnershipPrivilege"
"19-08-2026 14:36:32","4674","Information","Microsoft-Windows-Security-Auditing","An operation was attempted on a privileged object.

Subject:
	Security ID:		S-1-12-1-4220155720-1073834589-1054805678-3526012841
	Account Name:		arjo5004.T1
	Account Domain:		ENTERPRISE
	Logon ID:		0x692902

Object:
	Object Server:	Security
	Object Type:	Key
	Object Name:	\REGISTRY\USER\S-1-12-1-4220155720-1073834589-1054805678-3526012841\Software\Microsoft\Windows\CurrentVersion\Explorer\User Shell Folders
	Object Handle:	0x738

Process Information:
	Process ID:	0x1aa8
	Process Name:	C:\Windows\System32\wbem\WmiPrvSE.exe

Requested Operation:
	Desired Access:	DELETE
				READ_CONTROL
				WRITE_DAC
				WRITE_OWNER
				Query key value
				Set key value
				Create sub-key
				Enumerate sub-keys
				Notify about changes to keys
				Create Link
				
	Privileges:		SeTakeOwnershipPrivilege"
"19-08-2026 14:36:32","4674","Information","Microsoft-Windows-Security-Auditing","An operation was attempted on a privileged object.

Subject:
	Security ID:		S-1-12-1-4220155720-1073834589-1054805678-3526012841
	Account Name:		arjo5004.T1
	Account Domain:		ENTERPRISE
	Logon ID:		0x692902

Object:
	Object Server:	Security
	Object Type:	-
	Object Name:	-
	Object Handle:	0xb38

Process Information:
	Process ID:	0x1aa8
	Process Name:	C:\Windows\System32\wbem\WmiPrvSE.exe

Requested Operation:
	Desired Access:	983103
	Privileges:		SeTakeOwnershipPrivilege"
"19-08-2026 14:36:32","4674","Information","Microsoft-Windows-Security-Auditing","An operation was attempted on a privileged object.

Subject:
	Security ID:		S-1-12-1-4220155720-1073834589-1054805678-3526012841
	Account Name:		arjo5004.T1
	Account Domain:		ENTERPRISE
	Logon ID:		0x692902

Object:
	Object Server:	Security
	Object Type:	Key
	Object Name:	\REGISTRY\USER\S-1-12-1-4220155720-1073834589-1054805678-3526012841\Software\Microsoft\Windows\CurrentVersion\Explorer\User Shell Folders
	Object Handle:	0xb38

Process Information:
	Process ID:	0x1aa8
	Process Name:	C:\Windows\System32\wbem\WmiPrvSE.exe

Requested Operation:
	Desired Access:	DELETE
				READ_CONTROL
				WRITE_DAC
				WRITE_OWNER
				Query key value
				Set key value
				Create sub-key
				Enumerate sub-keys
				Notify about changes to keys
				Create Link
				
	Privileges:		SeTakeOwnershipPrivilege"
"19-08-2026 14:36:32","4674","Information","Microsoft-Windows-Security-Auditing","An operation was attempted on a privileged object.

Subject:
	Security ID:		S-1-12-1-4220155720-1073834589-1054805678-3526012841
	Account Name:		arjo5004.T1
	Account Domain:		ENTERPRISE
	Logon ID:		0x692902

Object:
	Object Server:	Security
	Object Type:	-
	Object Name:	-
	Object Handle:	0x780

Process Information:
	Process ID:	0x1aa8
	Process Name:	C:\Windows\System32\wbem\WmiPrvSE.exe

Requested Operation:
	Desired Access:	983103
	Privileges:		SeTakeOwnershipPrivilege"
"19-08-2026 14:36:32","4674","Information","Microsoft-Windows-Security-Auditing","An operation was attempted on a privileged object.

Subject:
	Security ID:		S-1-12-1-4220155720-1073834589-1054805678-3526012841
	Account Name:		arjo5004.T1
	Account Domain:		ENTERPRISE
	Logon ID:		0x692902

Object:
	Object Server:	Security
	Object Type:	Key
	Object Name:	\REGISTRY\USER\S-1-12-1-4220155720-1073834589-1054805678-3526012841\Software\Microsoft\Windows\CurrentVersion\Explorer\User Shell Folders
	Object Handle:	0x780

Process Information:
	Process ID:	0x1aa8
	Process Name:	C:\Windows\System32\wbem\WmiPrvSE.exe

Requested Operation:
	Desired Access:	DELETE
				READ_CONTROL
				WRITE_DAC
				WRITE_OWNER
				Query key value
				Set key value
				Create sub-key
				Enumerate sub-keys
				Notify about changes to keys
				Create Link
				
	Privileges:		SeTakeOwnershipPrivilege"
"19-08-2026 14:36:32","4674","Information","Microsoft-Windows-Security-Auditing","An operation was attempted on a privileged object.

Subject:
	Security ID:		S-1-12-1-4220155720-1073834589-1054805678-3526012841
	Account Name:		arjo5004.T1
	Account Domain:		ENTERPRISE
	Logon ID:		0x692902

Object:
	Object Server:	Security
	Object Type:	-
	Object Name:	-
	Object Handle:	0xb38

Process Information:
	Process ID:	0x1aa8
	Process Name:	C:\Windows\System32\wbem\WmiPrvSE.exe

Requested Operation:
	Desired Access:	983103
	Privileges:		SeTakeOwnershipPrivilege"
"19-08-2026 14:36:32","4674","Information","Microsoft-Windows-Security-Auditing","An operation was attempted on a privileged object.

Subject:
	Security ID:		S-1-12-1-4220155720-1073834589-1054805678-3526012841
	Account Name:		arjo5004.T1
	Account Domain:		ENTERPRISE
	Logon ID:		0x692902

Object:
	Object Server:	Security
	Object Type:	Key
	Object Name:	\REGISTRY\USER\S-1-12-1-4220155720-1073834589-1054805678-3526012841\Software\Microsoft\Windows\CurrentVersion\Explorer\User Shell Folders
	Object Handle:	0xb38

Process Information:
	Process ID:	0x1aa8
	Process Name:	C:\Windows\System32\wbem\WmiPrvSE.exe

Requested Operation:
	Desired Access:	DELETE
				READ_CONTROL
				WRITE_DAC
				WRITE_OWNER
				Query key value
				Set key value
				Create sub-key
				Enumerate sub-keys
				Notify about changes to keys
				Create Link
				
	Privileges:		SeTakeOwnershipPrivilege"
"19-08-2026 14:36:32","4674","Information","Microsoft-Windows-Security-Auditing","An operation was attempted on a privileged object.

Subject:
	Security ID:		S-1-12-1-4220155720-1073834589-1054805678-3526012841
	Account Name:		arjo5004.T1
	Account Domain:		ENTERPRISE
	Logon ID:		0x692902

Object:
	Object Server:	Security
	Object Type:	-
	Object Name:	-
	Object Handle:	0x294

Process Information:
	Process ID:	0x1aa8
	Process Name:	C:\Windows\System32\wbem\WmiPrvSE.exe

Requested Operation:
	Desired Access:	983103
	Privileges:		SeTakeOwnershipPrivilege"
"19-08-2026 14:36:32","4674","Information","Microsoft-Windows-Security-Auditing","An operation was attempted on a privileged object.

Subject:
	Security ID:		S-1-12-1-4220155720-1073834589-1054805678-3526012841
	Account Name:		arjo5004.T1
	Account Domain:		ENTERPRISE
	Logon ID:		0x692902

Object:
	Object Server:	Security
	Object Type:	Key
	Object Name:	\REGISTRY\USER\S-1-12-1-4220155720-1073834589-1054805678-3526012841\Software\Microsoft\Windows\CurrentVersion\Explorer\User Shell Folders
	Object Handle:	0x294

Process Information:
	Process ID:	0x1aa8
	Process Name:	C:\Windows\System32\wbem\WmiPrvSE.exe

Requested Operation:
	Desired Access:	DELETE
				READ_CONTROL
				WRITE_DAC
				WRITE_OWNER
				Query key value
				Set key value
				Create sub-key
				Enumerate sub-keys
				Notify about changes to keys
				Create Link
				
	Privileges:		SeTakeOwnershipPrivilege"
"19-08-2026 14:36:32","4673","Information","Microsoft-Windows-Security-Auditing","A privileged service was called.

Subject:
	Security ID:		S-1-12-1-2357405129-1281513531-255772574-1816207334
	Account Name:		arjo5004
	Account Domain:		ENTERPRISE
	Logon ID:		0x18250F

Service:
	Server:	Security
	Service Name:	-

Process:
	Process ID:	0x62c
	Process Name:	C:\Windows\System32\svchost.exe

Service Request Information:
	Privileges:		SeTcbPrivilege"
"19-08-2026 14:36:32","4674","Information","Microsoft-Windows-Security-Auditing","An operation was attempted on a privileged object.

Subject:
	Security ID:		S-1-12-1-4220155720-1073834589-1054805678-3526012841
	Account Name:		arjo5004.T1
	Account Domain:		ENTERPRISE
	Logon ID:		0x692902

Object:
	Object Server:	Security
	Object Type:	-
	Object Name:	-
	Object Handle:	0xa6c

Process Information:
	Process ID:	0x1aa8
	Process Name:	C:\Windows\System32\wbem\WmiPrvSE.exe

Requested Operation:
	Desired Access:	983103
	Privileges:		SeTakeOwnershipPrivilege"
"19-08-2026 14:36:32","4674","Information","Microsoft-Windows-Security-Auditing","An operation was attempted on a privileged object.

Subject:
	Security ID:		S-1-12-1-4220155720-1073834589-1054805678-3526012841
	Account Name:		arjo5004.T1
	Account Domain:		ENTERPRISE
	Logon ID:		0x692902

Object:
	Object Server:	Security
	Object Type:	Key
	Object Name:	\REGISTRY\USER\S-1-12-1-4220155720-1073834589-1054805678-3526012841\Software\Microsoft\Windows\CurrentVersion\Explorer\User Shell Folders
	Object Handle:	0xa6c

Process Information:
	Process ID:	0x1aa8
	Process Name:	C:\Windows\System32\wbem\WmiPrvSE.exe

Requested Operation:
	Desired Access:	DELETE
				READ_CONTROL
				WRITE_DAC
				WRITE_OWNER
				Query key value
				Set key value
				Create sub-key
				Enumerate sub-keys
				Notify about changes to keys
				Create Link
				
	Privileges:		SeTakeOwnershipPrivilege"
"19-08-2026 14:36:32","4674","Information","Microsoft-Windows-Security-Auditing","An operation was attempted on a privileged object.

Subject:
	Security ID:		S-1-12-1-4220155720-1073834589-1054805678-3526012841
	Account Name:		arjo5004.T1
	Account Domain:		ENTERPRISE
	Logon ID:		0x692902

Object:
	Object Server:	Security
	Object Type:	-
	Object Name:	-
	Object Handle:	0xbb0

Process Information:
	Process ID:	0x1aa8
	Process Name:	C:\Windows\System32\wbem\WmiPrvSE.exe

Requested Operation:
	Desired Access:	983103
	Privileges:		SeTakeOwnershipPrivilege"
"19-08-2026 14:36:32","4674","Information","Microsoft-Windows-Security-Auditing","An operation was attempted on a privileged object.

Subject:
	Security ID:		S-1-12-1-4220155720-1073834589-1054805678-3526012841
	Account Name:		arjo5004.T1
	Account Domain:		ENTERPRISE
	Logon ID:		0x692902

Object:
	Object Server:	Security
	Object Type:	Key
	Object Name:	\REGISTRY\USER\S-1-12-1-4220155720-1073834589-1054805678-3526012841\Software\Microsoft\Windows\CurrentVersion\Explorer\User Shell Folders
	Object Handle:	0xbb0

Process Information:
	Process ID:	0x1aa8
	Process Name:	C:\Windows\System32\wbem\WmiPrvSE.exe

Requested Operation:
	Desired Access:	DELETE
				READ_CONTROL
				WRITE_DAC
				WRITE_OWNER
				Query key value
				Set key value
				Create sub-key
				Enumerate sub-keys
				Notify about changes to keys
				Create Link
				
	Privileges:		SeTakeOwnershipPrivilege"
"19-08-2026 14:36:32","4674","Information","Microsoft-Windows-Security-Auditing","An operation was attempted on a privileged object.

Subject:
	Security ID:		S-1-12-1-4220155720-1073834589-1054805678-3526012841
	Account Name:		arjo5004.T1
	Account Domain:		ENTERPRISE
	Logon ID:		0x692902

Object:
	Object Server:	Security
	Object Type:	-
	Object Name:	-
	Object Handle:	0x8a8

Process Information:
	Process ID:	0x1aa8
	Process Name:	C:\Windows\System32\wbem\WmiPrvSE.exe

Requested Operation:
	Desired Access:	983103
	Privileges:		SeTakeOwnershipPrivilege"
"19-08-2026 14:36:32","4674","Information","Microsoft-Windows-Security-Auditing","An operation was attempted on a privileged object.

Subject:
	Security ID:		S-1-12-1-4220155720-1073834589-1054805678-3526012841
	Account Name:		arjo5004.T1
	Account Domain:		ENTERPRISE
	Logon ID:		0x692902

Object:
	Object Server:	Security
	Object Type:	Key
	Object Name:	\REGISTRY\USER\S-1-12-1-4220155720-1073834589-1054805678-3526012841\Software\Microsoft\Windows\CurrentVersion\Explorer\User Shell Folders
	Object Handle:	0x8a8

Process Information:
	Process ID:	0x1aa8
	Process Name:	C:\Windows\System32\wbem\WmiPrvSE.exe

Requested Operation:
	Desired Access:	DELETE
				READ_CONTROL
				WRITE_DAC
				WRITE_OWNER
				Query key value
				Set key value
				Create sub-key
				Enumerate sub-keys
				Notify about changes to keys
				Create Link
				
	Privileges:		SeTakeOwnershipPrivilege"
"19-08-2026 14:36:32","4674","Information","Microsoft-Windows-Security-Auditing","An operation was attempted on a privileged object.

Subject:
	Security ID:		S-1-12-1-4220155720-1073834589-1054805678-3526012841
	Account Name:		arjo5004.T1
	Account Domain:		ENTERPRISE
	Logon ID:		0x692902

Object:
	Object Server:	Security
	Object Type:	-
	Object Name:	-
	Object Handle:	0x764

Process Information:
	Process ID:	0x1aa8
	Process Name:	C:\Windows\System32\wbem\WmiPrvSE.exe

Requested Operation:
	Desired Access:	983103
	Privileges:		SeTakeOwnershipPrivilege"
"19-08-2026 14:36:32","4674","Information","Microsoft-Windows-Security-Auditing","An operation was attempted on a privileged object.

Subject:
	Security ID:		S-1-12-1-4220155720-1073834589-1054805678-3526012841
	Account Name:		arjo5004.T1
	Account Domain:		ENTERPRISE
	Logon ID:		0x692902

Object:
	Object Server:	Security
	Object Type:	Key
	Object Name:	\REGISTRY\USER\S-1-12-1-4220155720-1073834589-1054805678-3526012841\Software\Microsoft\Windows\CurrentVersion\Explorer\User Shell Folders
	Object Handle:	0x764

Process Information:
	Process ID:	0x1aa8
	Process Name:	C:\Windows\System32\wbem\WmiPrvSE.exe

Requested Operation:
	Desired Access:	DELETE
				READ_CONTROL
				WRITE_DAC
				WRITE_OWNER
				Query key value
				Set key value
				Create sub-key
				Enumerate sub-keys
				Notify about changes to keys
				Create Link
				
	Privileges:		SeTakeOwnershipPrivilege"
"19-08-2026 14:36:32","4674","Information","Microsoft-Windows-Security-Auditing","An operation was attempted on a privileged object.

Subject:
	Security ID:		S-1-12-1-4220155720-1073834589-1054805678-3526012841
	Account Name:		arjo5004.T1
	Account Domain:		ENTERPRISE
	Logon ID:		0x692902

Object:
	Object Server:	Security
	Object Type:	-
	Object Name:	-
	Object Handle:	0x8a8

Process Information:
	Process ID:	0x1aa8
	Process Name:	C:\Windows\System32\wbem\WmiPrvSE.exe

Requested Operation:
	Desired Access:	983103
	Privileges:		SeTakeOwnershipPrivilege"
"19-08-2026 14:36:32","4674","Information","Microsoft-Windows-Security-Auditing","An operation was attempted on a privileged object.

Subject:
	Security ID:		S-1-12-1-4220155720-1073834589-1054805678-3526012841
	Account Name:		arjo5004.T1
	Account Domain:		ENTERPRISE
	Logon ID:		0x692902

Object:
	Object Server:	Security
	Object Type:	Key
	Object Name:	\REGISTRY\USER\S-1-12-1-4220155720-1073834589-1054805678-3526012841\Software\Microsoft\Windows\CurrentVersion\Explorer\User Shell Folders
	Object Handle:	0x8a8

Process Information:
	Process ID:	0x1aa8
	Process Name:	C:\Windows\System32\wbem\WmiPrvSE.exe

Requested Operation:
	Desired Access:	DELETE
				READ_CONTROL
				WRITE_DAC
				WRITE_OWNER
				Query key value
				Set key value
				Create sub-key
				Enumerate sub-keys
				Notify about changes to keys
				Create Link
				
	Privileges:		SeTakeOwnershipPrivilege"
"19-08-2026 14:36:32","4674","Information","Microsoft-Windows-Security-Auditing","An operation was attempted on a privileged object.

Subject:
	Security ID:		S-1-12-1-4220155720-1073834589-1054805678-3526012841
	Account Name:		arjo5004.T1
	Account Domain:		ENTERPRISE
	Logon ID:		0x692902

Object:
	Object Server:	Security
	Object Type:	-
	Object Name:	-
	Object Handle:	0x6b4

Process Information:
	Process ID:	0x1aa8
	Process Name:	C:\Windows\System32\wbem\WmiPrvSE.exe

Requested Operation:
	Desired Access:	983103
	Privileges:		SeTakeOwnershipPrivilege"
"19-08-2026 14:36:32","4674","Information","Microsoft-Windows-Security-Auditing","An operation was attempted on a privileged object.

Subject:
	Security ID:		S-1-12-1-4220155720-1073834589-1054805678-3526012841
	Account Name:		arjo5004.T1
	Account Domain:		ENTERPRISE
	Logon ID:		0x692902

Object:
	Object Server:	Security
	Object Type:	Key
	Object Name:	\REGISTRY\USER\S-1-12-1-4220155720-1073834589-1054805678-3526012841\Software\Microsoft\Windows\CurrentVersion\Explorer\User Shell Folders
	Object Handle:	0x6b4

Process Information:
	Process ID:	0x1aa8
	Process Name:	C:\Windows\System32\wbem\WmiPrvSE.exe

Requested Operation:
	Desired Access:	DELETE
				READ_CONTROL
				WRITE_DAC
				WRITE_OWNER
				Query key value
				Set key value
				Create sub-key
				Enumerate sub-keys
				Notify about changes to keys
				Create Link
				
	Privileges:		SeTakeOwnershipPrivilege"
"19-08-2026 14:36:32","4674","Information","Microsoft-Windows-Security-Auditing","An operation was attempted on a privileged object.

Subject:
	Security ID:		S-1-12-1-4220155720-1073834589-1054805678-3526012841
	Account Name:		arjo5004.T1
	Account Domain:		ENTERPRISE
	Logon ID:		0x692902

Object:
	Object Server:	Security
	Object Type:	-
	Object Name:	-
	Object Handle:	0x6a0

Process Information:
	Process ID:	0x1aa8
	Process Name:	C:\Windows\System32\wbem\WmiPrvSE.exe

Requested Operation:
	Desired Access:	983103
	Privileges:		SeTakeOwnershipPrivilege"
"19-08-2026 14:36:32","4674","Information","Microsoft-Windows-Security-Auditing","An operation was attempted on a privileged object.

Subject:
	Security ID:		S-1-12-1-4220155720-1073834589-1054805678-3526012841
	Account Name:		arjo5004.T1
	Account Domain:		ENTERPRISE
	Logon ID:		0x692902

Object:
	Object Server:	Security
	Object Type:	Key
	Object Name:	\REGISTRY\USER\S-1-12-1-4220155720-1073834589-1054805678-3526012841\Software\Microsoft\Windows\CurrentVersion\Explorer\User Shell Folders
	Object Handle:	0x6a0

Process Information:
	Process ID:	0x1aa8
	Process Name:	C:\Windows\System32\wbem\WmiPrvSE.exe

Requested Operation:
	Desired Access:	DELETE
				READ_CONTROL
				WRITE_DAC
				WRITE_OWNER
				Query key value
				Set key value
				Create sub-key
				Enumerate sub-keys
				Notify about changes to keys
				Create Link
				
	Privileges:		SeTakeOwnershipPrivilege"
"19-08-2026 14:36:32","4674","Information","Microsoft-Windows-Security-Auditing","An operation was attempted on a privileged object.

Subject:
	Security ID:		S-1-12-1-4220155720-1073834589-1054805678-3526012841
	Account Name:		arjo5004.T1
	Account Domain:		ENTERPRISE
	Logon ID:		0x692902

Object:
	Object Server:	Security
	Object Type:	-
	Object Name:	-
	Object Handle:	0x764

Process Information:
	Process ID:	0x1aa8
	Process Name:	C:\Windows\System32\wbem\WmiPrvSE.exe

Requested Operation:
	Desired Access:	983103
	Privileges:		SeTakeOwnershipPrivilege"
"19-08-2026 14:36:32","4674","Information","Microsoft-Windows-Security-Auditing","An operation was attempted on a privileged object.

Subject:
	Security ID:		S-1-12-1-4220155720-1073834589-1054805678-3526012841
	Account Name:		arjo5004.T1
	Account Domain:		ENTERPRISE
	Logon ID:		0x692902

Object:
	Object Server:	Security
	Object Type:	Key
	Object Name:	\REGISTRY\USER\S-1-12-1-4220155720-1073834589-1054805678-3526012841\Software\Microsoft\Windows\CurrentVersion\Explorer\User Shell Folders
	Object Handle:	0x764

Process Information:
	Process ID:	0x1aa8
	Process Name:	C:\Windows\System32\wbem\WmiPrvSE.exe

Requested Operation:
	Desired Access:	DELETE
				READ_CONTROL
				WRITE_DAC
				WRITE_OWNER
				Query key value
				Set key value
				Create sub-key
				Enumerate sub-keys
				Notify about changes to keys
				Create Link
				
	Privileges:		SeTakeOwnershipPrivilege"
"19-08-2026 14:36:32","4674","Information","Microsoft-Windows-Security-Auditing","An operation was attempted on a privileged object.

Subject:
	Security ID:		S-1-12-1-4220155720-1073834589-1054805678-3526012841
	Account Name:		arjo5004.T1
	Account Domain:		ENTERPRISE
	Logon ID:		0x692902

Object:
	Object Server:	Security
	Object Type:	-
	Object Name:	-
	Object Handle:	0x6a0

Process Information:
	Process ID:	0x1aa8
	Process Name:	C:\Windows\System32\wbem\WmiPrvSE.exe

Requested Operation:
	Desired Access:	983103
	Privileges:		SeTakeOwnershipPrivilege"
"19-08-2026 14:36:32","4674","Information","Microsoft-Windows-Security-Auditing","An operation was attempted on a privileged object.

Subject:
	Security ID:		S-1-12-1-4220155720-1073834589-1054805678-3526012841
	Account Name:		arjo5004.T1
	Account Domain:		ENTERPRISE
	Logon ID:		0x692902

Object:
	Object Server:	Security
	Object Type:	Key
	Object Name:	\REGISTRY\USER\S-1-12-1-4220155720-1073834589-1054805678-3526012841\Software\Microsoft\Windows\CurrentVersion\Explorer\User Shell Folders
	Object Handle:	0x6a0

Process Information:
	Process ID:	0x1aa8
	Process Name:	C:\Windows\System32\wbem\WmiPrvSE.exe

Requested Operation:
	Desired Access:	DELETE
				READ_CONTROL
				WRITE_DAC
				WRITE_OWNER
				Query key value
				Set key value
				Create sub-key
				Enumerate sub-keys
				Notify about changes to keys
				Create Link
				
	Privileges:		SeTakeOwnershipPrivilege"
"19-08-2026 14:36:32","4674","Information","Microsoft-Windows-Security-Auditing","An operation was attempted on a privileged object.

Subject:
	Security ID:		S-1-12-1-4220155720-1073834589-1054805678-3526012841
	Account Name:		arjo5004.T1
	Account Domain:		ENTERPRISE
	Logon ID:		0x692902

Object:
	Object Server:	Security
	Object Type:	-
	Object Name:	-
	Object Handle:	0x9b8

Process Information:
	Process ID:	0x1aa8
	Process Name:	C:\Windows\System32\wbem\WmiPrvSE.exe

Requested Operation:
	Desired Access:	983103
	Privileges:		SeTakeOwnershipPrivilege"
"19-08-2026 14:36:32","4674","Information","Microsoft-Windows-Security-Auditing","An operation was attempted on a privileged object.

Subject:
	Security ID:		S-1-12-1-4220155720-1073834589-1054805678-3526012841
	Account Name:		arjo5004.T1
	Account Domain:		ENTERPRISE
	Logon ID:		0x692902

Object:
	Object Server:	Security
	Object Type:	Key
	Object Name:	\REGISTRY\USER\S-1-12-1-4220155720-1073834589-1054805678-3526012841\Software\Microsoft\Windows\CurrentVersion\Explorer\User Shell Folders
	Object Handle:	0x9b8

Process Information:
	Process ID:	0x1aa8
	Process Name:	C:\Windows\System32\wbem\WmiPrvSE.exe

Requested Operation:
	Desired Access:	DELETE
				READ_CONTROL
				WRITE_DAC
				WRITE_OWNER
				Query key value
				Set key value
				Create sub-key
				Enumerate sub-keys
				Notify about changes to keys
				Create Link
				
	Privileges:		SeTakeOwnershipPrivilege"
"19-08-2026 14:36:32","4674","Information","Microsoft-Windows-Security-Auditing","An operation was attempted on a privileged object.

Subject:
	Security ID:		S-1-12-1-4220155720-1073834589-1054805678-3526012841
	Account Name:		arjo5004.T1
	Account Domain:		ENTERPRISE
	Logon ID:		0x692902

Object:
	Object Server:	Security
	Object Type:	-
	Object Name:	-
	Object Handle:	0x6a0

Process Information:
	Process ID:	0x1aa8
	Process Name:	C:\Windows\System32\wbem\WmiPrvSE.exe

Requested Operation:
	Desired Access:	983103
	Privileges:		SeTakeOwnershipPrivilege"
"19-08-2026 14:36:32","4674","Information","Microsoft-Windows-Security-Auditing","An operation was attempted on a privileged object.

Subject:
	Security ID:		S-1-12-1-4220155720-1073834589-1054805678-3526012841
	Account Name:		arjo5004.T1
	Account Domain:		ENTERPRISE
	Logon ID:		0x692902

Object:
	Object Server:	Security
	Object Type:	Key
	Object Name:	\REGISTRY\USER\S-1-12-1-4220155720-1073834589-1054805678-3526012841\Software\Microsoft\Windows\CurrentVersion\Explorer\User Shell Folders
	Object Handle:	0x6a0

Process Information:
	Process ID:	0x1aa8
	Process Name:	C:\Windows\System32\wbem\WmiPrvSE.exe

Requested Operation:
	Desired Access:	DELETE
				READ_CONTROL
				WRITE_DAC
				WRITE_OWNER
				Query key value
				Set key value
				Create sub-key
				Enumerate sub-keys
				Notify about changes to keys
				Create Link
				
	Privileges:		SeTakeOwnershipPrivilege"
"19-08-2026 14:36:32","4674","Information","Microsoft-Windows-Security-Auditing","An operation was attempted on a privileged object.

Subject:
	Security ID:		S-1-12-1-4220155720-1073834589-1054805678-3526012841
	Account Name:		arjo5004.T1
	Account Domain:		ENTERPRISE
	Logon ID:		0x692902

Object:
	Object Server:	Security
	Object Type:	-
	Object Name:	-
	Object Handle:	0x764

Process Information:
	Process ID:	0x1aa8
	Process Name:	C:\Windows\System32\wbem\WmiPrvSE.exe

Requested Operation:
	Desired Access:	983103
	Privileges:		SeTakeOwnershipPrivilege"
"19-08-2026 14:36:32","4674","Information","Microsoft-Windows-Security-Auditing","An operation was attempted on a privileged object.

Subject:
	Security ID:		S-1-12-1-4220155720-1073834589-1054805678-3526012841
	Account Name:		arjo5004.T1
	Account Domain:		ENTERPRISE
	Logon ID:		0x692902

Object:
	Object Server:	Security
	Object Type:	Key
	Object Name:	\REGISTRY\USER\S-1-12-1-4220155720-1073834589-1054805678-3526012841\Software\Microsoft\Windows\CurrentVersion\Explorer\User Shell Folders
	Object Handle:	0x764

Process Information:
	Process ID:	0x1aa8
	Process Name:	C:\Windows\System32\wbem\WmiPrvSE.exe

Requested Operation:
	Desired Access:	DELETE
				READ_CONTROL
				WRITE_DAC
				WRITE_OWNER
				Query key value
				Set key value
				Create sub-key
				Enumerate sub-keys
				Notify about changes to keys
				Create Link
				
	Privileges:		SeTakeOwnershipPrivilege"
"19-08-2026 14:36:32","4674","Information","Microsoft-Windows-Security-Auditing","An operation was attempted on a privileged object.

Subject:
	Security ID:		S-1-12-1-4220155720-1073834589-1054805678-3526012841
	Account Name:		arjo5004.T1
	Account Domain:		ENTERPRISE
	Logon ID:		0x692902

Object:
	Object Server:	Security
	Object Type:	-
	Object Name:	-
	Object Handle:	0x6a0

Process Information:
	Process ID:	0x1aa8
	Process Name:	C:\Windows\System32\wbem\WmiPrvSE.exe

Requested Operation:
	Desired Access:	983103
	Privileges:		SeTakeOwnershipPrivilege"
"19-08-2026 14:36:32","4674","Information","Microsoft-Windows-Security-Auditing","An operation was attempted on a privileged object.

Subject:
	Security ID:		S-1-12-1-4220155720-1073834589-1054805678-3526012841
	Account Name:		arjo5004.T1
	Account Domain:		ENTERPRISE
	Logon ID:		0x692902

Object:
	Object Server:	Security
	Object Type:	Key
	Object Name:	\REGISTRY\USER\S-1-12-1-4220155720-1073834589-1054805678-3526012841\Software\Microsoft\Windows\CurrentVersion\Explorer\User Shell Folders
	Object Handle:	0x6a0

Process Information:
	Process ID:	0x1aa8
	Process Name:	C:\Windows\System32\wbem\WmiPrvSE.exe

Requested Operation:
	Desired Access:	DELETE
				READ_CONTROL
				WRITE_DAC
				WRITE_OWNER
				Query key value
				Set key value
				Create sub-key
				Enumerate sub-keys
				Notify about changes to keys
				Create Link
				
	Privileges:		SeTakeOwnershipPrivilege"
"19-08-2026 14:36:32","4674","Information","Microsoft-Windows-Security-Auditing","An operation was attempted on a privileged object.

Subject:
	Security ID:		S-1-12-1-4220155720-1073834589-1054805678-3526012841
	Account Name:		arjo5004.T1
	Account Domain:		ENTERPRISE
	Logon ID:		0x692902

Object:
	Object Server:	Security
	Object Type:	-
	Object Name:	-
	Object Handle:	0x9b8

Process Information:
	Process ID:	0x1aa8
	Process Name:	C:\Windows\System32\wbem\WmiPrvSE.exe

Requested Operation:
	Desired Access:	983103
	Privileges:		SeTakeOwnershipPrivilege"
"19-08-2026 14:36:32","4674","Information","Microsoft-Windows-Security-Auditing","An operation was attempted on a privileged object.

Subject:
	Security ID:		S-1-12-1-4220155720-1073834589-1054805678-3526012841
	Account Name:		arjo5004.T1
	Account Domain:		ENTERPRISE
	Logon ID:		0x692902

Object:
	Object Server:	Security
	Object Type:	Key
	Object Name:	\REGISTRY\USER\S-1-12-1-4220155720-1073834589-1054805678-3526012841\Software\Microsoft\Windows\CurrentVersion\Explorer\User Shell Folders
	Object Handle:	0x9b8

Process Information:
	Process ID:	0x1aa8
	Process Name:	C:\Windows\System32\wbem\WmiPrvSE.exe

Requested Operation:
	Desired Access:	DELETE
				READ_CONTROL
				WRITE_DAC
				WRITE_OWNER
				Query key value
				Set key value
				Create sub-key
				Enumerate sub-keys
				Notify about changes to keys
				Create Link
				
	Privileges:		SeTakeOwnershipPrivilege"
"19-08-2026 14:36:32","4674","Information","Microsoft-Windows-Security-Auditing","An operation was attempted on a privileged object.

Subject:
	Security ID:		S-1-12-1-4220155720-1073834589-1054805678-3526012841
	Account Name:		arjo5004.T1
	Account Domain:		ENTERPRISE
	Logon ID:		0x692902

Object:
	Object Server:	Security
	Object Type:	-
	Object Name:	-
	Object Handle:	0xb80

Process Information:
	Process ID:	0x1aa8
	Process Name:	C:\Windows\System32\wbem\WmiPrvSE.exe

Requested Operation:
	Desired Access:	983103
	Privileges:		SeTakeOwnershipPrivilege"
"19-08-2026 14:36:32","4674","Information","Microsoft-Windows-Security-Auditing","An operation was attempted on a privileged object.

Subject:
	Security ID:		S-1-12-1-4220155720-1073834589-1054805678-3526012841
	Account Name:		arjo5004.T1
	Account Domain:		ENTERPRISE
	Logon ID:		0x692902

Object:
	Object Server:	Security
	Object Type:	Key
	Object Name:	\REGISTRY\USER\S-1-12-1-4220155720-1073834589-1054805678-3526012841\Software\Microsoft\Windows\CurrentVersion\Explorer\User Shell Folders
	Object Handle:	0xb80

Process Information:
	Process ID:	0x1aa8
	Process Name:	C:\Windows\System32\wbem\WmiPrvSE.exe

Requested Operation:
	Desired Access:	DELETE
				READ_CONTROL
				WRITE_DAC
				WRITE_OWNER
				Query key value
				Set key value
				Create sub-key
				Enumerate sub-keys
				Notify about changes to keys
				Create Link
				
	Privileges:		SeTakeOwnershipPrivilege"
"19-08-2026 14:36:32","4674","Information","Microsoft-Windows-Security-Auditing","An operation was attempted on a privileged object.

Subject:
	Security ID:		S-1-12-1-4220155720-1073834589-1054805678-3526012841
	Account Name:		arjo5004.T1
	Account Domain:		ENTERPRISE
	Logon ID:		0x692902

Object:
	Object Server:	Security
	Object Type:	-
	Object Name:	-
	Object Handle:	0x764

Process Information:
	Process ID:	0x1aa8
	Process Name:	C:\Windows\System32\wbem\WmiPrvSE.exe

Requested Operation:
	Desired Access:	983103
	Privileges:		SeTakeOwnershipPrivilege"
"19-08-2026 14:36:32","4674","Information","Microsoft-Windows-Security-Auditing","An operation was attempted on a privileged object.

Subject:
	Security ID:		S-1-12-1-4220155720-1073834589-1054805678-3526012841
	Account Name:		arjo5004.T1
	Account Domain:		ENTERPRISE
	Logon ID:		0x692902

Object:
	Object Server:	Security
	Object Type:	Key
	Object Name:	\REGISTRY\USER\S-1-12-1-4220155720-1073834589-1054805678-3526012841\Software\Microsoft\Windows\CurrentVersion\Explorer\User Shell Folders
	Object Handle:	0x764

Process Information:
	Process ID:	0x1aa8
	Process Name:	C:\Windows\System32\wbem\WmiPrvSE.exe

Requested Operation:
	Desired Access:	DELETE
				READ_CONTROL
				WRITE_DAC
				WRITE_OWNER
				Query key value
				Set key value
				Create sub-key
				Enumerate sub-keys
				Notify about changes to keys
				Create Link
				
	Privileges:		SeTakeOwnershipPrivilege"
"19-08-2026 14:36:32","4674","Information","Microsoft-Windows-Security-Auditing","An operation was attempted on a privileged object.

Subject:
	Security ID:		S-1-12-1-4220155720-1073834589-1054805678-3526012841
	Account Name:		arjo5004.T1
	Account Domain:		ENTERPRISE
	Logon ID:		0x692902

Object:
	Object Server:	Security
	Object Type:	-
	Object Name:	-
	Object Handle:	0x8b8

Process Information:
	Process ID:	0x1aa8
	Process Name:	C:\Windows\System32\wbem\WmiPrvSE.exe

Requested Operation:
	Desired Access:	983103
	Privileges:		SeTakeOwnershipPrivilege"
"19-08-2026 14:36:32","4674","Information","Microsoft-Windows-Security-Auditing","An operation was attempted on a privileged object.

Subject:
	Security ID:		S-1-12-1-4220155720-1073834589-1054805678-3526012841
	Account Name:		arjo5004.T1
	Account Domain:		ENTERPRISE
	Logon ID:		0x692902

Object:
	Object Server:	Security
	Object Type:	Key
	Object Name:	\REGISTRY\USER\S-1-12-1-4220155720-1073834589-1054805678-3526012841\Software\Microsoft\Windows\CurrentVersion\Explorer\User Shell Folders
	Object Handle:	0x8b8

Process Information:
	Process ID:	0x1aa8
	Process Name:	C:\Windows\System32\wbem\WmiPrvSE.exe

Requested Operation:
	Desired Access:	DELETE
				READ_CONTROL
				WRITE_DAC
				WRITE_OWNER
				Query key value
				Set key value
				Create sub-key
				Enumerate sub-keys
				Notify about changes to keys
				Create Link
				
	Privileges:		SeTakeOwnershipPrivilege"
"19-08-2026 14:36:32","4674","Information","Microsoft-Windows-Security-Auditing","An operation was attempted on a privileged object.

Subject:
	Security ID:		S-1-12-1-4220155720-1073834589-1054805678-3526012841
	Account Name:		arjo5004.T1
	Account Domain:		ENTERPRISE
	Logon ID:		0x692902

Object:
	Object Server:	Security
	Object Type:	-
	Object Name:	-
	Object Handle:	0x8a8

Process Information:
	Process ID:	0x1aa8
	Process Name:	C:\Windows\System32\wbem\WmiPrvSE.exe

Requested Operation:
	Desired Access:	983103
	Privileges:		SeTakeOwnershipPrivilege"
"19-08-2026 14:36:32","4674","Information","Microsoft-Windows-Security-Auditing","An operation was attempted on a privileged object.

Subject:
	Security ID:		S-1-12-1-4220155720-1073834589-1054805678-3526012841
	Account Name:		arjo5004.T1
	Account Domain:		ENTERPRISE
	Logon ID:		0x692902

Object:
	Object Server:	Security
	Object Type:	Key
	Object Name:	\REGISTRY\USER\S-1-12-1-4220155720-1073834589-1054805678-3526012841\Software\Microsoft\Windows\CurrentVersion\Explorer\User Shell Folders
	Object Handle:	0x8a8

Process Information:
	Process ID:	0x1aa8
	Process Name:	C:\Windows\System32\wbem\WmiPrvSE.exe

Requested Operation:
	Desired Access:	DELETE
				READ_CONTROL
				WRITE_DAC
				WRITE_OWNER
				Query key value
				Set key value
				Create sub-key
				Enumerate sub-keys
				Notify about changes to keys
				Create Link
				
	Privileges:		SeTakeOwnershipPrivilege"
"19-08-2026 14:36:32","4674","Information","Microsoft-Windows-Security-Auditing","An operation was attempted on a privileged object.

Subject:
	Security ID:		S-1-12-1-4220155720-1073834589-1054805678-3526012841
	Account Name:		arjo5004.T1
	Account Domain:		ENTERPRISE
	Logon ID:		0x692902

Object:
	Object Server:	Security
	Object Type:	-
	Object Name:	-
	Object Handle:	0x8b8

Process Information:
	Process ID:	0x1aa8
	Process Name:	C:\Windows\System32\wbem\WmiPrvSE.exe

Requested Operation:
	Desired Access:	983103
	Privileges:		SeTakeOwnershipPrivilege"
"19-08-2026 14:36:32","4674","Information","Microsoft-Windows-Security-Auditing","An operation was attempted on a privileged object.

Subject:
	Security ID:		S-1-12-1-4220155720-1073834589-1054805678-3526012841
	Account Name:		arjo5004.T1
	Account Domain:		ENTERPRISE
	Logon ID:		0x692902

Object:
	Object Server:	Security
	Object Type:	Key
	Object Name:	\REGISTRY\USER\S-1-12-1-4220155720-1073834589-1054805678-3526012841\Software\Microsoft\Windows\CurrentVersion\Explorer\User Shell Folders
	Object Handle:	0x8b8

Process Information:
	Process ID:	0x1aa8
	Process Name:	C:\Windows\System32\wbem\WmiPrvSE.exe

Requested Operation:
	Desired Access:	DELETE
				READ_CONTROL
				WRITE_DAC
				WRITE_OWNER
				Query key value
				Set key value
				Create sub-key
				Enumerate sub-keys
				Notify about changes to keys
				Create Link
				
	Privileges:		SeTakeOwnershipPrivilege"
"19-08-2026 14:36:32","4674","Information","Microsoft-Windows-Security-Auditing","An operation was attempted on a privileged object.

Subject:
	Security ID:		S-1-12-1-4220155720-1073834589-1054805678-3526012841
	Account Name:		arjo5004.T1
	Account Domain:		ENTERPRISE
	Logon ID:		0x692902

Object:
	Object Server:	Security
	Object Type:	-
	Object Name:	-
	Object Handle:	0x764

Process Information:
	Process ID:	0x1aa8
	Process Name:	C:\Windows\System32\wbem\WmiPrvSE.exe

Requested Operation:
	Desired Access:	983103
	Privileges:		SeTakeOwnershipPrivilege"
"19-08-2026 14:36:32","4674","Information","Microsoft-Windows-Security-Auditing","An operation was attempted on a privileged object.

Subject:
	Security ID:		S-1-12-1-4220155720-1073834589-1054805678-3526012841
	Account Name:		arjo5004.T1
	Account Domain:		ENTERPRISE
	Logon ID:		0x692902

Object:
	Object Server:	Security
	Object Type:	Key
	Object Name:	\REGISTRY\USER\S-1-12-1-4220155720-1073834589-1054805678-3526012841\Software\Microsoft\Windows\CurrentVersion\Explorer\User Shell Folders
	Object Handle:	0x764

Process Information:
	Process ID:	0x1aa8
	Process Name:	C:\Windows\System32\wbem\WmiPrvSE.exe

Requested Operation:
	Desired Access:	DELETE
				READ_CONTROL
				WRITE_DAC
				WRITE_OWNER
				Query key value
				Set key value
				Create sub-key
				Enumerate sub-keys
				Notify about changes to keys
				Create Link
				
	Privileges:		SeTakeOwnershipPrivilege"
"19-08-2026 14:36:32","4674","Information","Microsoft-Windows-Security-Auditing","An operation was attempted on a privileged object.

Subject:
	Security ID:		S-1-12-1-4220155720-1073834589-1054805678-3526012841
	Account Name:		arjo5004.T1
	Account Domain:		ENTERPRISE
	Logon ID:		0x692902

Object:
	Object Server:	Security
	Object Type:	-
	Object Name:	-
	Object Handle:	0x8b8

Process Information:
	Process ID:	0x1aa8
	Process Name:	C:\Windows\System32\wbem\WmiPrvSE.exe

Requested Operation:
	Desired Access:	983103
	Privileges:		SeTakeOwnershipPrivilege"
"19-08-2026 14:36:32","4674","Information","Microsoft-Windows-Security-Auditing","An operation was attempted on a privileged object.

Subject:
	Security ID:		S-1-12-1-4220155720-1073834589-1054805678-3526012841
	Account Name:		arjo5004.T1
	Account Domain:		ENTERPRISE
	Logon ID:		0x692902

Object:
	Object Server:	Security
	Object Type:	Key
	Object Name:	\REGISTRY\USER\S-1-12-1-4220155720-1073834589-1054805678-3526012841\Software\Microsoft\Windows\CurrentVersion\Explorer\User Shell Folders
	Object Handle:	0x8b8

Process Information:
	Process ID:	0x1aa8
	Process Name:	C:\Windows\System32\wbem\WmiPrvSE.exe

Requested Operation:
	Desired Access:	DELETE
				READ_CONTROL
				WRITE_DAC
				WRITE_OWNER
				Query key value
				Set key value
				Create sub-key
				Enumerate sub-keys
				Notify about changes to keys
				Create Link
				
	Privileges:		SeTakeOwnershipPrivilege"
"19-08-2026 14:36:32","4674","Information","Microsoft-Windows-Security-Auditing","An operation was attempted on a privileged object.

Subject:
	Security ID:		S-1-12-1-4220155720-1073834589-1054805678-3526012841
	Account Name:		arjo5004.T1
	Account Domain:		ENTERPRISE
	Logon ID:		0x692902

Object:
	Object Server:	Security
	Object Type:	-
	Object Name:	-
	Object Handle:	0x8a8

Process Information:
	Process ID:	0x1aa8
	Process Name:	C:\Windows\System32\wbem\WmiPrvSE.exe

Requested Operation:
	Desired Access:	983103
	Privileges:		SeTakeOwnershipPrivilege"
"19-08-2026 14:36:32","4674","Information","Microsoft-Windows-Security-Auditing","An operation was attempted on a privileged object.

Subject:
	Security ID:		S-1-12-1-4220155720-1073834589-1054805678-3526012841
	Account Name:		arjo5004.T1
	Account Domain:		ENTERPRISE
	Logon ID:		0x692902

Object:
	Object Server:	Security
	Object Type:	Key
	Object Name:	\REGISTRY\USER\S-1-12-1-4220155720-1073834589-1054805678-3526012841\Software\Microsoft\Windows\CurrentVersion\Explorer\User Shell Folders
	Object Handle:	0x8a8

Process Information:
	Process ID:	0x1aa8
	Process Name:	C:\Windows\System32\wbem\WmiPrvSE.exe

Requested Operation:
	Desired Access:	DELETE
				READ_CONTROL
				WRITE_DAC
				WRITE_OWNER
				Query key value
				Set key value
				Create sub-key
				Enumerate sub-keys
				Notify about changes to keys
				Create Link
				
	Privileges:		SeTakeOwnershipPrivilege"
"19-08-2026 14:36:32","4688","Information","Microsoft-Windows-Security-Auditing","A new process has been created.

Creator Subject:
	Security ID:		S-1-12-1-2357405129-1281513531-255772574-1816207334
	Account Name:		arjo5004
	Account Domain:		ENTERPRISE
	Logon ID:		0x18250F

Target Subject:
	Security ID:		S-1-0-0
	Account Name:		-
	Account Domain:		-
	Logon ID:		0x0

Process Information:
	New Process ID:		0x74e4
	New Process Name:	C:\Program Files (x86)\Microsoft\Edge\Application\msedge.exe
	Token Elevation Type:	TokenElevationTypeDefault (1)
	Mandatory Label:		S-1-16-4096
	Creator Process ID:	0xbf0
	Creator Process Name:	C:\Program Files (x86)\Microsoft\Edge\Application\msedge.exe
	Process Command Line:	

Token Elevation Type indicates the type of token that was assigned to the new process in accordance with User Account Control policy.

Type 1 is a full token with no privileges removed or groups disabled.  A full token is only used if User Account Control is disabled or if the user is the built-in Administrator account or a service account.

Type 2 is an elevated token with no privileges removed or groups disabled.  An elevated token is used when User Account Control is enabled and the user chooses to start the program using Run as administrator.  An elevated token is also used when an application is configured to always require administrative privilege or to always require maximum privilege, and the user is a member of the Administrators group.

Type 3 is a limited token with administrative privileges removed and administrative groups disabled.  The limited token is used when User Account Control is enabled, the application does not require administrative privilege, and the user does not choose to start the program using Run as administrator."
"19-08-2026 14:36:32","4670","Information","Microsoft-Windows-Security-Auditing","Permissions on an object were changed.

Subject:
	Security ID:		S-1-12-1-2357405129-1281513531-255772574-1816207334
	Account Name:		arjo5004
	Account Domain:		ENTERPRISE
	Logon ID:		0x18250F

Object:
	Object Server:	Security
	Object Type:	Token
	Object Name:	-
	Handle ID:	0x1384

Process:
	Process ID:	0xbf0
	Process Name:	C:\Program Files (x86)\Microsoft\Edge\Application\msedge.exe

Permissions Change:
	Original Security Descriptor:	D:(A;;GA;;;S-1-12-1-2357405129-1281513531-255772574-1816207334)(A;;GA;;;SY)(A;;GXGR;;;S-1-5-5-0-1581148)
	New Security Descriptor:	D:(A;;GA;;;S-1-12-1-2357405129-1281513531-255772574-1816207334)(A;;GA;;;SY)"
"19-08-2026 14:36:32","4670","Information","Microsoft-Windows-Security-Auditing","Permissions on an object were changed.

Subject:
	Security ID:		S-1-12-1-2357405129-1281513531-255772574-1816207334
	Account Name:		arjo5004
	Account Domain:		ENTERPRISE
	Logon ID:		0x18250F

Object:
	Object Server:	Security
	Object Type:	Token
	Object Name:	-
	Handle ID:	0x2098

Process:
	Process ID:	0xbf0
	Process Name:	C:\Program Files (x86)\Microsoft\Edge\Application\msedge.exe

Permissions Change:
	Original Security Descriptor:	D:(A;;GA;;;S-1-12-1-2357405129-1281513531-255772574-1816207334)(A;;GA;;;SY)(A;;GXGR;;;S-1-5-5-0-1581148)
	New Security Descriptor:	D:(A;;GA;;;S-1-12-1-2357405129-1281513531-255772574-1816207334)(A;;GA;;;SY)"
"19-08-2026 14:36:32","4674","Information","Microsoft-Windows-Security-Auditing","An operation was attempted on a privileged object.

Subject:
	Security ID:		S-1-12-1-4220155720-1073834589-1054805678-3526012841
	Account Name:		arjo5004.T1
	Account Domain:		ENTERPRISE
	Logon ID:		0x692902

Object:
	Object Server:	Security
	Object Type:	-
	Object Name:	-
	Object Handle:	0xa30

Process Information:
	Process ID:	0x1aa8
	Process Name:	C:\Windows\System32\wbem\WmiPrvSE.exe

Requested Operation:
	Desired Access:	983103
	Privileges:		SeTakeOwnershipPrivilege"
"19-08-2026 14:36:32","4674","Information","Microsoft-Windows-Security-Auditing","An operation was attempted on a privileged object.

Subject:
	Security ID:		S-1-12-1-4220155720-1073834589-1054805678-3526012841
	Account Name:		arjo5004.T1
	Account Domain:		ENTERPRISE
	Logon ID:		0x692902

Object:
	Object Server:	Security
	Object Type:	Key
	Object Name:	\REGISTRY\USER\S-1-12-1-4220155720-1073834589-1054805678-3526012841\Software\Microsoft\Windows\CurrentVersion\Explorer\User Shell Folders
	Object Handle:	0xa30

Process Information:
	Process ID:	0x1aa8
	Process Name:	C:\Windows\System32\wbem\WmiPrvSE.exe

Requested Operation:
	Desired Access:	DELETE
				READ_CONTROL
				WRITE_DAC
				WRITE_OWNER
				Query key value
				Set key value
				Create sub-key
				Enumerate sub-keys
				Notify about changes to keys
				Create Link
				
	Privileges:		SeTakeOwnershipPrivilege"
"19-08-2026 14:36:32","4674","Information","Microsoft-Windows-Security-Auditing","An operation was attempted on a privileged object.

Subject:
	Security ID:		S-1-12-1-4220155720-1073834589-1054805678-3526012841
	Account Name:		arjo5004.T1
	Account Domain:		ENTERPRISE
	Logon ID:		0x692902

Object:
	Object Server:	Security
	Object Type:	-
	Object Name:	-
	Object Handle:	0x3c4

Process Information:
	Process ID:	0x1aa8
	Process Name:	C:\Windows\System32\wbem\WmiPrvSE.exe

Requested Operation:
	Desired Access:	983103
	Privileges:		SeTakeOwnershipPrivilege"
"19-08-2026 14:36:32","4674","Information","Microsoft-Windows-Security-Auditing","An operation was attempted on a privileged object.

Subject:
	Security ID:		S-1-12-1-4220155720-1073834589-1054805678-3526012841
	Account Name:		arjo5004.T1
	Account Domain:		ENTERPRISE
	Logon ID:		0x692902

Object:
	Object Server:	Security
	Object Type:	Key
	Object Name:	\REGISTRY\USER\S-1-12-1-4220155720-1073834589-1054805678-3526012841\Software\Microsoft\Windows\CurrentVersion\Explorer\User Shell Folders
	Object Handle:	0x3c4

Process Information:
	Process ID:	0x1aa8
	Process Name:	C:\Windows\System32\wbem\WmiPrvSE.exe

Requested Operation:
	Desired Access:	DELETE
				READ_CONTROL
				WRITE_DAC
				WRITE_OWNER
				Query key value
				Set key value
				Create sub-key
				Enumerate sub-keys
				Notify about changes to keys
				Create Link
				
	Privileges:		SeTakeOwnershipPrivilege"
"19-08-2026 14:36:32","4674","Information","Microsoft-Windows-Security-Auditing","An operation was attempted on a privileged object.

Subject:
	Security ID:		S-1-12-1-4220155720-1073834589-1054805678-3526012841
	Account Name:		arjo5004.T1
	Account Domain:		ENTERPRISE
	Logon ID:		0x692902

Object:
	Object Server:	Security
	Object Type:	-
	Object Name:	-
	Object Handle:	0xbb8

Process Information:
	Process ID:	0x1aa8
	Process Name:	C:\Windows\System32\wbem\WmiPrvSE.exe

Requested Operation:
	Desired Access:	983103
	Privileges:		SeTakeOwnershipPrivilege"
