"17-08-2026 13:31:55","2","Information","Microsoft-Windows-IsolatedUserMode","Secure Trustlet Id 0 and Pid 0 stopped with status STATUS_SUCCESS."
"17-08-2026 13:31:54","16","Information","Microsoft-Windows-Kernel-General","The access history in hive \??\C:\Users\arjo5004\AppData\Local\Packages\Microsoft.MicrosoftEdge.Stable_8wekyb3d8bbwe\Settings\settings.dat was cleared updating 1 keys and creating 1 modified pages."
"17-08-2026 13:30:39","566","Information","Microsoft-Windows-Kernel-Power","The system session has transitioned from 247 to 249.

Reason InputAccelerometer 

BootId: 35"
"17-08-2026 13:30:39","507","Information","Microsoft-Windows-Kernel-Power","The system is exiting Modern Standby 

Reason: Input Keyboard."
"17-08-2026 12:48:18","506","Information","Microsoft-Windows-Kernel-Power","The system is entering Modern Standby 

Reason: Idle Timeout."
"17-08-2026 12:48:18","566","Information","Microsoft-Windows-Kernel-Power","The system session has transitioned from 246 to 247.

Reason SessionUnlock 

BootId: 35"
"17-08-2026 12:02:10","98","Information","Microsoft-Windows-Ntfs","Volume OS (\Device\HarddiskVolumeShadowCopy14) is healthy.  No action is needed."
"17-08-2026 12:00:00","6013","Information","EventLog","The system uptime is 518259 seconds."
"17-08-2026 11:55:06","19","Information","Microsoft-Windows-WindowsUpdateClient","Installation Successful: Windows successfully installed the following update: Security Intelligence Update for Microsoft Defender Antivirus - KB2267602 (Version 1.457.203.0) - Current Channel (Broad)"
"17-08-2026 11:54:58","43","Information","Microsoft-Windows-WindowsUpdateClient","Installation Started: Windows has started installing the following update: Security Intelligence Update for Microsoft Defender Antivirus - KB2267602 (Version 1.457.203.0) - Current Channel (Broad)"
"17-08-2026 11:54:57","44","Information","Microsoft-Windows-WindowsUpdateClient","Windows Update started downloading an update."
"17-08-2026 11:38:26","16","Information","Microsoft-Windows-Kernel-General","The access history in hive \??\C:\ProgramData\Microsoft\Windows\AppRepository\Packages\MSTeams_26198.304.4946.9672_x64__8wekyb3d8bbwe\ActivationStore.dat was cleared updating 0 keys and creating 0 modified pages."
"17-08-2026 11:28:29","566","Information","Microsoft-Windows-Kernel-Power","The system session has transitioned from 244 to 246.

Reason InputAccelerometer 

BootId: 35"
"17-08-2026 11:28:29","507","Information","Microsoft-Windows-Kernel-Power","The system is exiting Modern Standby 

Reason: Input Keyboard."
"17-08-2026 11:11:30","158","Information","Microsoft-Windows-Time-Service","The time provider 'VMICTimeProvider' has indicated that the current hardware and operating environment is not supported and has stopped. This behavior is expected for VMICTimeProvider on non-HyperV-guest environments. This may be the expected behavior for the current provider in the current operating environment as well."
"17-08-2026 11:05:55","506","Information","Microsoft-Windows-Kernel-Power","The system is entering Modern Standby 

Reason: Idle Timeout."
"17-08-2026 11:05:55","566","Information","Microsoft-Windows-Kernel-Power","The system session has transitioned from 243 to 244.

Reason SessionUnlock 

BootId: 35"
"17-08-2026 10:59:40","16","Information","Microsoft-Windows-Kernel-General","The access history in hive \??\C:\Users\arjo5004\AppData\Local\Packages\Microsoft.Todos_8wekyb3d8bbwe\Settings\settings.dat was cleared updating 9 keys and creating 2 modified pages."
"17-08-2026 10:54:26","158","Information","Microsoft-Windows-Time-Service","The time provider 'VMICTimeProvider' has indicated that the current hardware and operating environment is not supported and has stopped. This behavior is expected for VMICTimeProvider on non-HyperV-guest environments. This may be the expected behavior for the current provider in the current operating environment as well."
"17-08-2026 10:47:46","7040","Information","Service Control Manager","The start type of the Background Intelligent Transfer Service service was changed from demand start to auto start."
"17-08-2026 10:37:22","158","Information","Microsoft-Windows-Time-Service","The time provider 'VMICTimeProvider' has indicated that the current hardware and operating environment is not supported and has stopped. This behavior is expected for VMICTimeProvider on non-HyperV-guest environments. This may be the expected behavior for the current provider in the current operating environment as well."
"17-08-2026 10:37:21","7040","Information","Service Control Manager","The start type of the Background Intelligent Transfer Service service was changed from auto start to demand start."
"17-08-2026 10:35:24","113","Information","Microsoft-Windows-HttpService","Attempted to add URL (http://+:5160/Licensing/Discovery/) to URL group (0xFA00000620000003). Status: 0x0. Process Id 0x11CC Executable path \Device\HarddiskVolume3\Program Files\Seagull\BarTender 11.5\Licensing.Service.exe, User S-1-5-18"
"17-08-2026 10:35:24","111","Information","Microsoft-Windows-HttpService","Create URL group 0xFA00000620000003. Status 0x0. Process Id 0x11CC Executable path \Device\HarddiskVolume3\Program Files\Seagull\BarTender 11.5\Licensing.Service.exe, User S-1-5-18"
"17-08-2026 10:35:24","113","Information","Microsoft-Windows-HttpService","Attempted to add URL (http://+:5160/Licensing/Discovery_v4/) to URL group (0xFC0000062000001A). Status: 0x0. Process Id 0x11CC Executable path \Device\HarddiskVolume3\Program Files\Seagull\BarTender 11.5\Licensing.Service.exe, User S-1-5-18"
"17-08-2026 10:35:24","111","Information","Microsoft-Windows-HttpService","Create URL group 0xFC0000062000001A. Status 0x0. Process Id 0x11CC Executable path \Device\HarddiskVolume3\Program Files\Seagull\BarTender 11.5\Licensing.Service.exe, User S-1-5-18"
"17-08-2026 10:35:22","113","Information","Microsoft-Windows-HttpService","Attempted to add URL (http://+:5160/Licensing/Triad/) to URL group (0xFB00000420000029). Status: 0x0. Process Id 0x11CC Executable path \Device\HarddiskVolume3\Program Files\Seagull\BarTender 11.5\Licensing.Service.exe, User S-1-5-18"
"17-08-2026 10:35:22","111","Information","Microsoft-Windows-HttpService","Create URL group 0xFB00000420000029. Status 0x0. Process Id 0x11CC Executable path \Device\HarddiskVolume3\Program Files\Seagull\BarTender 11.5\Licensing.Service.exe, User S-1-5-18"
"17-08-2026 10:35:22","113","Information","Microsoft-Windows-HttpService","Attempted to add URL (http://+:5160/Licensing/Triad_v4/) to URL group (0xFD000004200005DB). Status: 0x0. Process Id 0x11CC Executable path \Device\HarddiskVolume3\Program Files\Seagull\BarTender 11.5\Licensing.Service.exe, User S-1-5-18"
"17-08-2026 10:35:22","111","Information","Microsoft-Windows-HttpService","Create URL group 0xFD000004200005DB. Status 0x0. Process Id 0x11CC Executable path \Device\HarddiskVolume3\Program Files\Seagull\BarTender 11.5\Licensing.Service.exe, User S-1-5-18"
"17-08-2026 10:35:22","113","Information","Microsoft-Windows-HttpService","Attempted to add URL (http://+:5160/Licensing/Management_nrs/) to URL group (0xFB00000720000002). Status: 0x0. Process Id 0x11CC Executable path \Device\HarddiskVolume3\Program Files\Seagull\BarTender 11.5\Licensing.Service.exe, User S-1-5-18"
"17-08-2026 10:35:22","111","Information","Microsoft-Windows-HttpService","Create URL group 0xFB00000720000002. Status 0x0. Process Id 0x11CC Executable path \Device\HarddiskVolume3\Program Files\Seagull\BarTender 11.5\Licensing.Service.exe, User S-1-5-18"
"17-08-2026 10:35:22","113","Information","Microsoft-Windows-HttpService","Attempted to add URL (http://+:5160/Licensing/Management/) to URL group (0xFC00000920000001). Status: 0x0. Process Id 0x11CC Executable path \Device\HarddiskVolume3\Program Files\Seagull\BarTender 11.5\Licensing.Service.exe, User S-1-5-18"
"17-08-2026 10:35:22","111","Information","Microsoft-Windows-HttpService","Create URL group 0xFC00000920000001. Status 0x0. Process Id 0x11CC Executable path \Device\HarddiskVolume3\Program Files\Seagull\BarTender 11.5\Licensing.Service.exe, User S-1-5-18"
"17-08-2026 10:35:22","113","Information","Microsoft-Windows-HttpService","Attempted to add URL (http://+:5160/Licensing/Management_v4_nrs/) to URL group (0xFE00000920000001). Status: 0x0. Process Id 0x11CC Executable path \Device\HarddiskVolume3\Program Files\Seagull\BarTender 11.5\Licensing.Service.exe, User S-1-5-18"
"17-08-2026 10:35:22","111","Information","Microsoft-Windows-HttpService","Create URL group 0xFE00000920000001. Status 0x0. Process Id 0x11CC Executable path \Device\HarddiskVolume3\Program Files\Seagull\BarTender 11.5\Licensing.Service.exe, User S-1-5-18"
"17-08-2026 10:35:22","113","Information","Microsoft-Windows-HttpService","Attempted to add URL (http://+:5160/Licensing/Management_v4/) to URL group (0xFD00000520000002). Status: 0x0. Process Id 0x11CC Executable path \Device\HarddiskVolume3\Program Files\Seagull\BarTender 11.5\Licensing.Service.exe, User S-1-5-18"
"17-08-2026 10:35:22","111","Information","Microsoft-Windows-HttpService","Create URL group 0xFD00000520000002. Status 0x0. Process Id 0x11CC Executable path \Device\HarddiskVolume3\Program Files\Seagull\BarTender 11.5\Licensing.Service.exe, User S-1-5-18"
"17-08-2026 10:35:22","113","Information","Microsoft-Windows-HttpService","Attempted to add URL (http://+:5160/Licensing/Control_nrs/) to URL group (0xFE0000002000006D). Status: 0x0. Process Id 0x11CC Executable path \Device\HarddiskVolume3\Program Files\Seagull\BarTender 11.5\Licensing.Service.exe, User S-1-5-18"
"17-08-2026 10:35:22","111","Information","Microsoft-Windows-HttpService","Create URL group 0xFE0000002000006D. Status 0x0. Process Id 0x11CC Executable path \Device\HarddiskVolume3\Program Files\Seagull\BarTender 11.5\Licensing.Service.exe, User S-1-5-18"
"17-08-2026 10:35:22","113","Information","Microsoft-Windows-HttpService","Attempted to add URL (http://+:5160/Licensing/Control/) to URL group (0xFE00000620000002). Status: 0x0. Process Id 0x11CC Executable path \Device\HarddiskVolume3\Program Files\Seagull\BarTender 11.5\Licensing.Service.exe, User S-1-5-18"
"17-08-2026 10:35:22","111","Information","Microsoft-Windows-HttpService","Create URL group 0xFE00000620000002. Status 0x0. Process Id 0x11CC Executable path \Device\HarddiskVolume3\Program Files\Seagull\BarTender 11.5\Licensing.Service.exe, User S-1-5-18"
"17-08-2026 10:35:22","113","Information","Microsoft-Windows-HttpService","Attempted to add URL (http://+:5160/Licensing/Control_v4_nrs/) to URL group (0xFE00000720000002). Status: 0x0. Process Id 0x11CC Executable path \Device\HarddiskVolume3\Program Files\Seagull\BarTender 11.5\Licensing.Service.exe, User S-1-5-18"
"17-08-2026 10:35:22","111","Information","Microsoft-Windows-HttpService","Create URL group 0xFE00000720000002. Status 0x0. Process Id 0x11CC Executable path \Device\HarddiskVolume3\Program Files\Seagull\BarTender 11.5\Licensing.Service.exe, User S-1-5-18"
"17-08-2026 10:35:22","113","Information","Microsoft-Windows-HttpService","Attempted to add URL (http://+:5160/Licensing/Control_v4/) to URL group (0xFF00000420000002). Status: 0x0. Process Id 0x11CC Executable path \Device\HarddiskVolume3\Program Files\Seagull\BarTender 11.5\Licensing.Service.exe, User S-1-5-18"
"17-08-2026 10:35:21","111","Information","Microsoft-Windows-HttpService","Create URL group 0xFF00000420000002. Status 0x0. Process Id 0x11CC Executable path \Device\HarddiskVolume3\Program Files\Seagull\BarTender 11.5\Licensing.Service.exe, User S-1-5-18"
"17-08-2026 10:35:15","7040","Information","Service Control Manager","The start type of the Background Intelligent Transfer Service service was changed from demand start to auto start."
"17-08-2026 10:34:56","117","Information","Microsoft-Windows-HttpService","Delete URL group 0xFA00000520000003. Status 0x0. Process Id 0x11CC Executable path \Device\HarddiskVolume3\Program Files\Seagull\BarTender 11.5\Licensing.Service.exe, User S-1-5-18"
"17-08-2026 10:34:56","114","Information","Microsoft-Windows-HttpService","Removed URL (http://+:5160/Licensing/Discovery/) from URL group (0xFA00000520000003). Process Id 0x11CC Executable path \Device\HarddiskVolume3\Program Files\Seagull\BarTender 11.5\Licensing.Service.exe, User S-1-5-18"
"17-08-2026 10:34:56","117","Information","Microsoft-Windows-HttpService","Delete URL group 0xFA00000B20000001. Status 0x0. Process Id 0x11CC Executable path \Device\HarddiskVolume3\Program Files\Seagull\BarTender 11.5\Licensing.Service.exe, User S-1-5-18"
"17-08-2026 10:34:56","114","Information","Microsoft-Windows-HttpService","Removed URL (http://+:5160/Licensing/Discovery_v4/) from URL group (0xFA00000B20000001). Process Id 0x11CC Executable path \Device\HarddiskVolume3\Program Files\Seagull\BarTender 11.5\Licensing.Service.exe, User S-1-5-18"
"17-08-2026 10:34:54","117","Information","Microsoft-Windows-HttpService","Delete URL group 0xFE00000220000001. Status 0x0. Process Id 0x11CC Executable path \Device\HarddiskVolume3\Program Files\Seagull\BarTender 11.5\Licensing.Service.exe, User S-1-5-18"
"17-08-2026 10:34:54","114","Information","Microsoft-Windows-HttpService","Removed URL (http://+:5160/Licensing/Management_nrs/) from URL group (0xFE00000220000001). Process Id 0x11CC Executable path \Device\HarddiskVolume3\Program Files\Seagull\BarTender 11.5\Licensing.Service.exe, User S-1-5-18"
"17-08-2026 10:34:54","117","Information","Microsoft-Windows-HttpService","Delete URL group 0xFC00000B20000001. Status 0x0. Process Id 0x11CC Executable path \Device\HarddiskVolume3\Program Files\Seagull\BarTender 11.5\Licensing.Service.exe, User S-1-5-18"
"17-08-2026 10:34:54","114","Information","Microsoft-Windows-HttpService","Removed URL (http://+:5160/Licensing/Management_v4_nrs/) from URL group (0xFC00000B20000001). Process Id 0x11CC Executable path \Device\HarddiskVolume3\Program Files\Seagull\BarTender 11.5\Licensing.Service.exe, User S-1-5-18"
"17-08-2026 10:34:54","117","Information","Microsoft-Windows-HttpService","Delete URL group 0xFE00000B20000001. Status 0x0. Process Id 0x11CC Executable path \Device\HarddiskVolume3\Program Files\Seagull\BarTender 11.5\Licensing.Service.exe, User S-1-5-18"
"17-08-2026 10:34:54","114","Information","Microsoft-Windows-HttpService","Removed URL (http://+:5160/Licensing/Control_nrs/) from URL group (0xFE00000B20000001). Process Id 0x11CC Executable path \Device\HarddiskVolume3\Program Files\Seagull\BarTender 11.5\Licensing.Service.exe, User S-1-5-18"
"17-08-2026 10:34:54","117","Information","Microsoft-Windows-HttpService","Delete URL group 0xFE00000620000001. Status 0x0. Process Id 0x11CC Executable path \Device\HarddiskVolume3\Program Files\Seagull\BarTender 11.5\Licensing.Service.exe, User S-1-5-18"
"17-08-2026 10:34:54","114","Information","Microsoft-Windows-HttpService","Removed URL (http://+:5160/Licensing/Control_v4_nrs/) from URL group (0xFE00000620000001). Process Id 0x11CC Executable path \Device\HarddiskVolume3\Program Files\Seagull\BarTender 11.5\Licensing.Service.exe, User S-1-5-18"
"17-08-2026 10:34:54","117","Information","Microsoft-Windows-HttpService","Delete URL group 0xFC00000520000001. Status 0x0. Process Id 0x11CC Executable path \Device\HarddiskVolume3\Program Files\Seagull\BarTender 11.5\Licensing.Service.exe, User S-1-5-18"
"17-08-2026 10:34:54","114","Information","Microsoft-Windows-HttpService","Removed URL (http://+:5160/Licensing/Triad/) from URL group (0xFC00000520000001). Process Id 0x11CC Executable path \Device\HarddiskVolume3\Program Files\Seagull\BarTender 11.5\Licensing.Service.exe, User S-1-5-18"
"17-08-2026 10:34:54","117","Information","Microsoft-Windows-HttpService","Delete URL group 0xFC00000120000001. Status 0x0. Process Id 0x11CC Executable path \Device\HarddiskVolume3\Program Files\Seagull\BarTender 11.5\Licensing.Service.exe, User S-1-5-18"
"17-08-2026 10:34:54","114","Information","Microsoft-Windows-HttpService","Removed URL (http://+:5160/Licensing/Management/) from URL group (0xFC00000120000001). Process Id 0x11CC Executable path \Device\HarddiskVolume3\Program Files\Seagull\BarTender 11.5\Licensing.Service.exe, User S-1-5-18"
"17-08-2026 10:34:54","117","Information","Microsoft-Windows-HttpService","Delete URL group 0xFE00000120000001. Status 0x0. Process Id 0x11CC Executable path \Device\HarddiskVolume3\Program Files\Seagull\BarTender 11.5\Licensing.Service.exe, User S-1-5-18"
"17-08-2026 10:34:54","114","Information","Microsoft-Windows-HttpService","Removed URL (http://+:5160/Licensing/Control/) from URL group (0xFE00000120000001). Process Id 0x11CC Executable path \Device\HarddiskVolume3\Program Files\Seagull\BarTender 11.5\Licensing.Service.exe, User S-1-5-18"
"17-08-2026 10:34:54","117","Information","Microsoft-Windows-HttpService","Delete URL group 0xFE00000720000001. Status 0x0. Process Id 0x11CC Executable path \Device\HarddiskVolume3\Program Files\Seagull\BarTender 11.5\Licensing.Service.exe, User S-1-5-18"
"17-08-2026 10:34:54","114","Information","Microsoft-Windows-HttpService","Removed URL (http://+:5160/Licensing/Control_v4/) from URL group (0xFE00000720000001). Process Id 0x11CC Executable path \Device\HarddiskVolume3\Program Files\Seagull\BarTender 11.5\Licensing.Service.exe, User S-1-5-18"
"17-08-2026 10:34:54","117","Information","Microsoft-Windows-HttpService","Delete URL group 0xFE00000520000001. Status 0x0. Process Id 0x11CC Executable path \Device\HarddiskVolume3\Program Files\Seagull\BarTender 11.5\Licensing.Service.exe, User S-1-5-18"
"17-08-2026 10:34:54","114","Information","Microsoft-Windows-HttpService","Removed URL (http://+:5160/Licensing/Triad_v4/) from URL group (0xFE00000520000001). Process Id 0x11CC Executable path \Device\HarddiskVolume3\Program Files\Seagull\BarTender 11.5\Licensing.Service.exe, User S-1-5-18"
"17-08-2026 10:34:54","117","Information","Microsoft-Windows-HttpService","Delete URL group 0xFE00000420000001. Status 0x0. Process Id 0x11CC Executable path \Device\HarddiskVolume3\Program Files\Seagull\BarTender 11.5\Licensing.Service.exe, User S-1-5-18"
"17-08-2026 10:34:54","114","Information","Microsoft-Windows-HttpService","Removed URL (http://+:5160/Licensing/Management_v4/) from URL group (0xFE00000420000001). Process Id 0x11CC Executable path \Device\HarddiskVolume3\Program Files\Seagull\BarTender 11.5\Licensing.Service.exe, User S-1-5-18"
"17-08-2026 10:20:18","158","Information","Microsoft-Windows-Time-Service","The time provider 'VMICTimeProvider' has indicated that the current hardware and operating environment is not supported and has stopped. This behavior is expected for VMICTimeProvider on non-HyperV-guest environments. This may be the expected behavior for the current provider in the current operating environment as well."
"17-08-2026 10:09:53","566","Information","Microsoft-Windows-Kernel-Power","The system session has transitioned from 241 to 243.

Reason InputAccelerometer 

BootId: 35"
"17-08-2026 10:09:53","507","Information","Microsoft-Windows-Kernel-Power","The system is exiting Modern Standby 

Reason: Input Keyboard."
"17-08-2026 10:09:40","7040","Information","Service Control Manager","The start type of the Background Intelligent Transfer Service service was changed from auto start to demand start."
"17-08-2026 10:05:46","16","Information","Microsoft-Windows-Kernel-General","The access history in hive \??\C:\Users\arjo5004\AppData\Local\Packages\Microsoft.Windows.ContentDeliveryManager_cw5n1h2txyewy\Settings\settings.dat was cleared updating 260 keys and creating 22 modified pages."
"17-08-2026 10:05:12","10010","Error","Microsoft-Windows-DistributedCOM","The server {00000000-0000-0000-0000-000000000000} did not register with DCOM within the required timeout."
"17-08-2026 10:05:09","7040","Information","Service Control Manager","The start type of the Background Intelligent Transfer Service service was changed from demand start to auto start."
"17-08-2026 10:04:24","16","Information","Microsoft-Windows-Kernel-General","The access history in hive \??\C:\Users\arjo5004\AppData\Local\Packages\Microsoft.OfficePushNotificationUtility_8wekyb3d8bbwe\Settings\settings.dat was cleared updating 1 keys and creating 1 modified pages."
"17-08-2026 10:04:23","16","Information","Microsoft-Windows-Kernel-General","The access history in hive \??\C:\Users\arjo5004\AppData\Local\Packages\Microsoft.Office.ActionsServer_8wekyb3d8bbwe\Settings\settings.dat was cleared updating 1 keys and creating 1 modified pages."
"17-08-2026 10:04:17","16","Information","Microsoft-Windows-Kernel-General","The access history in hive \??\C:\ProgramData\Microsoft\Windows\AppRepository\Packages\Microsoft.Office.ActionsServer_16.0.20228.20188_neutral__8wekyb3d8bbwe\ActivationStore.dat was cleared updating 0 keys and creating 0 modified pages."
"17-08-2026 10:04:15","16","Information","Microsoft-Windows-Kernel-General","The access history in hive \??\C:\ProgramData\Microsoft\Windows\AppRepository\Packages\Microsoft.OfficePushNotificationUtility_16.0.20228.20188_neutral__8wekyb3d8bbwe\ActivationStore.dat was cleared updating 0 keys and creating 0 modified pages."
"17-08-2026 10:03:35","7040","Information","Service Control Manager","The start type of the Background Intelligent Transfer Service service was changed from auto start to demand start."
"17-08-2026 10:02:58","37","Information","Microsoft-Windows-Time-Service","The time provider NtpClient is currently receiving valid time data from time.windows.com,0x9 (ntp.m|0x9|0.0.0.0:123->40.81.94.65:123)."
"17-08-2026 10:02:58","158","Information","Microsoft-Windows-Time-Service","The time provider 'VMICTimeProvider' has indicated that the current hardware and operating environment is not supported and has stopped. This behavior is expected for VMICTimeProvider on non-HyperV-guest environments. This may be the expected behavior for the current provider in the current operating environment as well."
"17-08-2026 10:02:02","44","Information","Microsoft-Windows-WindowsUpdateClient","Windows Update started downloading an update."
"17-08-2026 10:01:53","44","Information","Microsoft-Windows-WindowsUpdateClient","Windows Update started downloading an update."
"17-08-2026 10:01:45","44","Information","Microsoft-Windows-WindowsUpdateClient","Windows Update started downloading an update."
"17-08-2026 10:01:30","506","Information","Microsoft-Windows-Kernel-Power","The system is entering Modern Standby 

Reason: Idle Timeout."
"17-08-2026 10:01:30","566","Information","Microsoft-Windows-Kernel-Power","The system session has transitioned from 240 to 241.

Reason SessionUnlock 

BootId: 35"
"17-08-2026 09:59:50","7040","Information","Service Control Manager","The start type of the Background Intelligent Transfer Service service was changed from demand start to auto start."
"17-08-2026 09:58:06","10016","Warning","Microsoft-Windows-DistributedCOM","The application-specific permission settings do not grant Local Activation permission for the COM Server application with CLSID 
{00000000-0000-0000-0000-000000000000}
 and APPID 
{15C20B67-12E7-4BB6-92BB-7AFF07997402}
 to the user ENTERPRISE\arjo5004 SID (S-1-12-1-2357405129-1281513531-255772574-1816207334) from address LocalHost (Using LRPC) running in the application container Unavailable SID (Unavailable). This security permission can be modified using the Component Services administrative tool."
"17-08-2026 09:54:24","44","Information","Microsoft-Windows-WindowsUpdateClient","Windows Update started downloading an update."
"17-08-2026 09:54:18","44","Information","Microsoft-Windows-WindowsUpdateClient","Windows Update started downloading an update."
"17-08-2026 09:54:05","44","Information","Microsoft-Windows-WindowsUpdateClient","Windows Update started downloading an update."
"17-08-2026 09:54:05","44","Information","Microsoft-Windows-WindowsUpdateClient","Windows Update started downloading an update."
"17-08-2026 09:53:45","98","Information","Microsoft-Windows-Ntfs","Volume OS (\Device\HarddiskVolumeShadowCopy13) is healthy.  No action is needed."
"17-08-2026 09:53:24","98","Information","Microsoft-Windows-Ntfs","Volume OS (\Device\HarddiskVolumeShadowCopy12) is healthy.  No action is needed."
"17-08-2026 09:53:09","98","Information","Microsoft-Windows-Ntfs","Volume OS (\Device\HarddiskVolumeShadowCopy11) is healthy.  No action is needed."
"17-08-2026 09:52:54","19","Information","Microsoft-Windows-WindowsUpdateClient","Installation Successful: Windows successfully installed the following update: Security Intelligence Update for Microsoft Defender Antivirus - KB2267602 (Version 1.457.201.0) - Current Channel (Broad)"
"17-08-2026 09:52:39","43","Information","Microsoft-Windows-WindowsUpdateClient","Installation Started: Windows has started installing the following update: Security Intelligence Update for Microsoft Defender Antivirus - KB2267602 (Version 1.457.201.0) - Current Channel (Broad)"
"17-08-2026 09:52:26","44","Information","Microsoft-Windows-WindowsUpdateClient","Windows Update started downloading an update."
"17-08-2026 09:48:57","98","Information","Microsoft-Windows-Ntfs","Volume OS (\Device\HarddiskVolumeShadowCopy10) is healthy.  No action is needed."
"17-08-2026 09:48:44","98","Information","Microsoft-Windows-Ntfs","Volume OS (\Device\HarddiskVolumeShadowCopy9) is healthy.  No action is needed."
"17-08-2026 09:48:31","98","Information","Microsoft-Windows-Ntfs","Volume OS (\Device\HarddiskVolumeShadowCopy8) is healthy.  No action is needed."
"17-08-2026 09:46:24","19","Information","Microsoft-Windows-WindowsUpdateClient","Installation Successful: Windows successfully installed the following update: 9NRZT3Q9R3DL-Microsoft.WindowsAppRuntime.2"
"17-08-2026 09:46:24","43","Information","Microsoft-Windows-WindowsUpdateClient","Installation Started: Windows has started installing the following update: 9NRZT3Q9R3DL-Microsoft.WindowsAppRuntime.2"
"17-08-2026 09:46:24","19","Information","Microsoft-Windows-WindowsUpdateClient","Installation Successful: Windows successfully installed the following update: 9NRZT3Q9R3DL-Microsoft.WindowsAppRuntime.2"
"17-08-2026 09:46:24","43","Information","Microsoft-Windows-WindowsUpdateClient","Installation Started: Windows has started installing the following update: 9NRZT3Q9R3DL-Microsoft.WindowsAppRuntime.2"
"17-08-2026 09:46:23","44","Information","Microsoft-Windows-WindowsUpdateClient","Windows Update started downloading an update."
"17-08-2026 09:46:23","44","Information","Microsoft-Windows-WindowsUpdateClient","Windows Update started downloading an update."
"17-08-2026 09:46:23","44","Information","Microsoft-Windows-WindowsUpdateClient","Windows Update started downloading an update."
"17-08-2026 09:45:56","19","Information","Microsoft-Windows-WindowsUpdateClient","Installation Successful: Windows successfully installed the following update: 9NRZT3Q9R3DL-Microsoft.WindowsAppRuntime.2"
"17-08-2026 09:45:56","43","Information","Microsoft-Windows-WindowsUpdateClient","Installation Started: Windows has started installing the following update: 9NRZT3Q9R3DL-Microsoft.WindowsAppRuntime.2"
"17-08-2026 09:45:56","19","Information","Microsoft-Windows-WindowsUpdateClient","Installation Successful: Windows successfully installed the following update: 9NRZT3Q9R3DL-Microsoft.WindowsAppRuntime.2"
"17-08-2026 09:45:56","43","Information","Microsoft-Windows-WindowsUpdateClient","Installation Started: Windows has started installing the following update: 9NRZT3Q9R3DL-Microsoft.WindowsAppRuntime.2"
"17-08-2026 09:45:51","44","Information","Microsoft-Windows-WindowsUpdateClient","Windows Update started downloading an update."
"17-08-2026 09:45:51","44","Information","Microsoft-Windows-WindowsUpdateClient","Windows Update started downloading an update."
"17-08-2026 09:45:51","44","Information","Microsoft-Windows-WindowsUpdateClient","Windows Update started downloading an update."
"17-08-2026 09:45:20","2","Information","Microsoft-Windows-IsolatedUserMode","Secure Trustlet Id 4 and Pid 32384 stopped with status STATUS_SUCCESS."
"17-08-2026 09:44:42","7040","Information","Service Control Manager","The start type of the Background Intelligent Transfer Service service was changed from auto start to demand start."
"17-08-2026 09:42:35","7040","Information","Service Control Manager","The start type of the Background Intelligent Transfer Service service was changed from demand start to auto start."
"17-08-2026 09:41:32","7040","Information","Service Control Manager","The start type of the Background Intelligent Transfer Service service was changed from auto start to demand start."
"17-08-2026 09:39:24","7040","Information","Service Control Manager","The start type of the Background Intelligent Transfer Service service was changed from demand start to auto start."
"17-08-2026 09:38:49","7040","Information","Service Control Manager","The start type of the Background Intelligent Transfer Service service was changed from auto start to demand start."
"17-08-2026 09:38:31","98","Information","Microsoft-Windows-Ntfs","Volume OS (\Device\HarddiskVolumeShadowCopy7) is healthy.  No action is needed."
"17-08-2026 09:38:08","1","Information","Microsoft-Windows-IsolatedUserMode","Secure Trustlet \??\C:\Windows\system32\BioIso.exe Id 4 and Pid 32384 started with status STATUS_SUCCESS."
"17-08-2026 09:38:08","5","Information","Microsoft-Windows-IsolatedUserMode","Secure Trustlet NULL Id 0 and Pid 0 started with status STATUS_SUCCESS."
"17-08-2026 09:37:30","1038","Information","Microsoft-Windows-TPM-WMI","Pre-attestation health checks confirm that the device is expected to pass attestation.
 Please see C:\Windows\Logs\MeasuredBoot\0000000035-0000000003.json for detailed information on what checks were made."
"17-08-2026 09:37:30","1041","Information","Microsoft-Windows-TPM-WMI","Pre-attestation health check detailed information: {""Version"":2,""HealthStatus"":""Attestable"",""Required"":[{""Field"":""TpmPresent"",""Value"":true,""DesiredValue"":true},{""Field"":""TpmMeetsMinimumVersion"",""Value"":true,""DesiredValue"":true},{""Field"":""TpmIsResponsive"",""Value"":true,""DesiredValue"":true},{""Field"":""EkCertIsAvailable"",""Value"":true,""DesiredValue"":true},{""Field"":""TcgLogFound"",""Value"":true,""DesiredValue"":true}],""Expected"":[{""Field"":""PcrsMatchTcgLog"",""Value"":true,""DesiredValue"":true}],""Informational"":[{""Field"":""SecureBootEnabled"",""ValueFromComputer"":true,""ValueFromTcgLog"":true,""DesiredValue"":true,""TcgValueIsVerifiable"":true},{""Field"":""VirtualSecureMemory"",""ValueFromComputer"":false,""ValueFromTcgLog"":false,""DesiredValue"":true,""TcgValueIsVerifiable"":true},{""Field"":""SecureCorePCCompliant"",""ValueFromComputer"":false,""ValueFromTcgLog"":false,""DesiredValue"":true,""TcgValueIsVerifiable"":true},{""Field"":""MostRecentBootTcgLogFoundInFileSystem"",""Value"":true,""DesiredValue"":true},{""Field"":""CurrentTcgLogFoundInFileSystem"",""Value"":true,""DesiredValue"":true},{""Field"":""EkCertRsa2048IsAvailable"",""Value"":true,""DesiredValue"":true},{""Field"":""EkCertEccP256IsAvailable"",""Value"":true,""DesiredValue"":true},{""Field"":""EkCertEccP384IsAvailable"",""Value"":true,""DesiredValue"":true},{""Field"":""WindowsAikCertRsa2048IsAvailable"",""Value"":true,""DesiredValue"":true},{""Field"":""WindowsAikCertEccP256IsAvailable"",""Value"":false,""DesiredValue"":true},{""Field"":""WindowsAikCertEccP384IsAvailable"",""Value"":true,""DesiredValue"":true}]}"
"17-08-2026 09:36:46","113","Information","Microsoft-Windows-HttpService","Attempted to add URL (http://+:5160/Licensing/Discovery/) to URL group (0xFA00000520000003). Status: 0x0. Process Id 0x11CC Executable path \Device\HarddiskVolume3\Program Files\Seagull\BarTender 11.5\Licensing.Service.exe, User S-1-5-18"
"17-08-2026 09:36:46","111","Information","Microsoft-Windows-HttpService","Create URL group 0xFA00000520000003. Status 0x0. Process Id 0x11CC Executable path \Device\HarddiskVolume3\Program Files\Seagull\BarTender 11.5\Licensing.Service.exe, User S-1-5-18"
"17-08-2026 09:36:45","113","Information","Microsoft-Windows-HttpService","Attempted to add URL (http://+:5160/Licensing/Discovery_v4/) to URL group (0xFA00000B20000001). Status: 0x0. Process Id 0x11CC Executable path \Device\HarddiskVolume3\Program Files\Seagull\BarTender 11.5\Licensing.Service.exe, User S-1-5-18"
"17-08-2026 09:36:44","111","Information","Microsoft-Windows-HttpService","Create URL group 0xFA00000B20000001. Status 0x0. Process Id 0x11CC Executable path \Device\HarddiskVolume3\Program Files\Seagull\BarTender 11.5\Licensing.Service.exe, User S-1-5-18"
"17-08-2026 09:36:44","117","Information","Microsoft-Windows-HttpService","Delete URL group 0xFE00000320000032. Status 0x0. Process Id 0x11CC Executable path \Device\HarddiskVolume3\Program Files\Seagull\BarTender 11.5\Licensing.Service.exe, User S-1-5-18"
"17-08-2026 09:36:44","114","Information","Microsoft-Windows-HttpService","Removed URL (http://+:5160/Licensing/Discovery/) from URL group (0xFE00000320000032). Process Id 0x11CC Executable path \Device\HarddiskVolume3\Program Files\Seagull\BarTender 11.5\Licensing.Service.exe, User S-1-5-18"
"17-08-2026 09:36:44","117","Information","Microsoft-Windows-HttpService","Delete URL group 0xFA00000520000002. Status 0x0. Process Id 0x11CC Executable path \Device\HarddiskVolume3\Program Files\Seagull\BarTender 11.5\Licensing.Service.exe, User S-1-5-18"
"17-08-2026 09:36:44","114","Information","Microsoft-Windows-HttpService","Removed URL (http://+:5160/Licensing/Discovery_v4/) from URL group (0xFA00000520000002). Process Id 0x11CC Executable path \Device\HarddiskVolume3\Program Files\Seagull\BarTender 11.5\Licensing.Service.exe, User S-1-5-18"
"17-08-2026 09:36:37","7040","Information","Service Control Manager","The start type of the Background Intelligent Transfer Service service was changed from demand start to auto start."
"17-08-2026 09:36:36","1","Information","Microsoft-Windows-Power-Troubleshooter","The system has returned from a low power state.

Sleep Time: ‎2026‎-‎08‎-‎14T23:41:29.371892800Z
Wake Time: ‎2026‎-‎08‎-‎17T04:06:35.309171200Z

Wake Source: Unknown"
"17-08-2026 09:36:36","111","Information","CirrusLogic-Drv-XuCsMe","Device <Bus0>/4243.0:03: Jack Selected Mode: Unplugged."
"17-08-2026 09:36:35","7021","Information","Netwaw18","7021 - Wi-Fi Driver Info"
"17-08-2026 09:36:35","107","Information","CirrusLogic-Drv-XuCsMe","Device <Bus0>/4243.0:03 ready latency is 571792 micro-seconds."
"17-08-2026 09:36:35","100","Information","CirrusLogic-Drv-XuCsMe","Device <Bus0>/4243.0:03 FW version 2.6.4."
"17-08-2026 09:36:35","107","Information","CirrusLogic-Drv-XuCsMe","Device <Bus0>/4243.0:01 ready latency is 567066 micro-seconds."
"17-08-2026 09:36:35","100","Information","CirrusLogic-Drv-XuCsMe","Device <Bus0>/4243.0:01 FW version 2.6.4."
"17-08-2026 09:36:35","107","Information","CirrusLogic-Drv-XuCsMe","Device <Bus0>/4243.0:02 ready latency is 559933 micro-seconds."
"17-08-2026 09:36:35","100","Information","CirrusLogic-Drv-XuCsMe","Device <Bus0>/4243.0:02 FW version 2.6.4."
"17-08-2026 09:36:35","105","Information","Microsoft-Windows-Kernel-Power","Power source change."
"17-08-2026 09:36:35","26","Information","Microsoft-Windows-Wininit","Boot App Anti-Rollback: Boot.stl Enforcement completed with status:

HRESULT: The operation completed successfully.
Boot Stl Enforced Successfully: true
WNF Published with result: STATUS_SUCCESS
"
"17-08-2026 09:36:35","566","Information","Microsoft-Windows-Kernel-Power","The system session has transitioned from 238 to 240.

Reason PolicyChange 

BootId: 35"
"17-08-2026 09:36:35","507","Information","Microsoft-Windows-Kernel-Power","The system is exiting Modern Standby 

Reason: Lid."
"17-08-2026 09:36:35","16","Information","Microsoft-Windows-Kernel-General","The access history in hive \Device\HarddiskVolume1\EFI\Microsoft\Boot\BCD was cleared updating 164 keys and creating 10 modified pages."
"17-08-2026 09:36:35","506","Information","Microsoft-Windows-Kernel-Power","The system is entering Modern Standby 

Reason: Sleep, Hibernate, or Shutdown."
"17-08-2026 09:36:35","566","Information","Microsoft-Windows-Kernel-Power","The system session has transitioned from 237 to 238.

Reason SxTransition 

BootId: 35"
"17-08-2026 09:36:35","32","Information","Microsoft-Windows-Kernel-Boot","The bootmgr spent 0 ms waiting for user input."
"17-08-2026 09:36:35","18","Information","Microsoft-Windows-Kernel-Boot","There are 0x1 boot options on this system."
"17-08-2026 09:36:35","247","Information","Microsoft-Windows-Kernel-Boot","Unable to load Pluton-Windows firmware. StatusCode: STATUS_SUCCESS, Reason: Failed to apply firmware."
"17-08-2026 09:36:35","27","Information","Microsoft-Windows-Kernel-Boot","The boot type was 0x2."
"17-08-2026 09:36:35","25","Information","Microsoft-Windows-Kernel-Boot","The boot menu policy was 0x0."
"17-08-2026 09:36:35","30","Information","Microsoft-Windows-Kernel-Boot","The firmware reported boot metrics."
"17-08-2026 09:36:35","28","Information","Intel-SST-OED","Loaded DSP FW library: \??\C:\Windows\System32\DriverStore\FileRepository\intcoed_oemlibpath_cirrus.inf_amd64_11b19b14b736837d\fw\IntelDsp\Cirrus\mtl\cl01002mtllib.bin, status = STATUS_SUCCESS."
"17-08-2026 09:36:35","28","Information","Intel-SST-OED","Loaded DSP FW library: Libs\dsp_lib_whm_mtl_release.bin, status = STATUS_SUCCESS."
"17-08-2026 09:36:35","28","Information","Intel-SST-OED","Loaded DSP FW library: Libs\dsp_lib_nld_mtl_release.bin, status = STATUS_SUCCESS."
"17-08-2026 09:36:35","27","Warning","e1dnexpress","Intel(R) Ethernet Connection (24) I219-LM
 Network link is disconnected.
"
"17-08-2026 09:36:35","28","Information","Intel-SST-OED","Loaded DSP FW library: Libs\dsp_lib_intel_wov_mtl_release.bin, status = STATUS_SUCCESS."
"17-08-2026 09:36:35","28","Information","Intel-SST-OED","Loaded DSP FW library: Libs\dsp_lib_asrc_mtl_release.bin, status = STATUS_SUCCESS."
"17-08-2026 09:36:34","24709","Information","Microsoft-Windows-BitLocker-Driver","This event contains the boot-time final TPM PCR values and TCG log data."
"17-08-2026 09:36:34","24711","Information","Microsoft-Windows-BitLocker-Driver","A V2 TPM protector was used to start Windows.
Binding ID: {e0f3b476-a73e-4425-805b-0c939f260e04}."
"17-08-2026 09:36:34","701","Warning","Win32k","Power Manager has not requested suppression of all input (INPUT_SUPPRESS_REQUEST=0)"
"17-08-2026 09:36:34","701","Warning","Win32k","Power Manager has not requested suppression of all input (INPUT_SUPPRESS_REQUEST=0)"
"17-08-2026 09:36:34","1","Information","Microsoft-Windows-Kernel-General","The system time has changed to ‎2026‎-‎08‎-‎17T04:06:34.500000000Z from ‎2026‎-‎08‎-‎14T23:41:49.631438100Z.
Time Delta: 188684868 ms

Change Reason: System time synchronized with the hardware clock.
Process: '' (PID 4).

RTC time: ‎2026‎-‎08‎-‎17T09:36:34.500000000Z
Current time zone bias: -330
RTC time is in UTC: false
System time was based on RTC time: false"
"17-08-2026 09:36:35","6013","Information","EventLog","The system uptime is 509654 seconds."
"15-08-2026 05:11:49","107","Information","Microsoft-Windows-Kernel-Power","The system has resumed from sleep."
"15-08-2026 05:11:47","27","Warning","e1dnexpress","Intel(R) Ethernet Connection (24) I219-LM
 Network link is disconnected.
"
"15-08-2026 05:11:37","42","Information","Microsoft-Windows-Kernel-Power","The system is entering sleep.

Sleep Reason: Hibernate from Sleep - Standby Battery Budget Exceeded"
"15-08-2026 05:11:30","7021","Information","Netwaw18","7021 - Wi-Fi Driver Info"
"15-08-2026 05:11:29","566","Information","Microsoft-Windows-Kernel-Power","The system session has transitioned from 236 to 237.

Reason SxTransition 

BootId: 35"
"15-08-2026 05:11:29","507","Information","Microsoft-Windows-Kernel-Power","The system is exiting Modern Standby 

Reason: Sleep, Hibernate, or Shutdown."
"15-08-2026 05:11:29","172","Information","Microsoft-Windows-Kernel-Power","Connectivity state in standby: Connected, Reason: None"
"14-08-2026 20:08:45","172","Information","Microsoft-Windows-Kernel-Power","Connectivity state in standby: Disconnected, Reason: Policy Setting"
"14-08-2026 20:08:39","566","Information","Microsoft-Windows-Kernel-Power","The system session has transitioned from 235 to 236.

Reason 55 

BootId: 35"
"14-08-2026 20:08:33","506","Information","Microsoft-Windows-Kernel-Power","The system is entering Modern Standby 

Reason: Austerity Battery Drain Budget Exceeded."
"14-08-2026 20:08:33","566","Information","Microsoft-Windows-Kernel-Power","The system session has transitioned from 234 to 235.

Reason 55 

BootId: 35"
"14-08-2026 20:08:33","507","Information","Microsoft-Windows-Kernel-Power","The system is exiting Modern Standby 

Reason: Austerity Battery Drain Budget Exceeded."
"14-08-2026 20:08:33","172","Information","Microsoft-Windows-Kernel-Power","Connectivity state in standby: Connected, Reason: None"
"14-08-2026 19:43:02","172","Information","Microsoft-Windows-Kernel-Power","Connectivity state in standby: Disconnected, Reason: Policy Setting"
"14-08-2026 19:42:57","566","Information","Microsoft-Windows-Kernel-Power","The system session has transitioned from 233 to 234.

Reason PolicyChange 

BootId: 35"
"14-08-2026 19:42:52","506","Information","Microsoft-Windows-Kernel-Power","The system is entering Modern Standby 

Reason: Lid."
"14-08-2026 19:42:51","566","Information","Microsoft-Windows-Kernel-Power","The system session has transitioned from 232 to 233.

Reason PolicyChange 

BootId: 35"
"14-08-2026 19:42:51","507","Information","Microsoft-Windows-Kernel-Power","The system is exiting Modern Standby 

Reason: Lid."
"14-08-2026 19:42:51","700","Warning","Win32k","Power Manager has requested suppression of all input (INPUT_SUPPRESS_REQUEST=1)"
"14-08-2026 19:42:51","700","Warning","Win32k","Power Manager has requested suppression of all input (INPUT_SUPPRESS_REQUEST=1)"
"14-08-2026 19:42:47","566","Information","Microsoft-Windows-Kernel-Power","The system session has transitioned from 231 to 232.

Reason InputMouse 

BootId: 35"
"14-08-2026 19:42:46","506","Information","Microsoft-Windows-Kernel-Power","The system is entering Modern Standby 

Reason: AC/DC Display Burst Suppressed."
"14-08-2026 19:42:46","566","Information","Microsoft-Windows-Kernel-Power","The system session has transitioned from 229 to 231.

Reason InputMouse 

BootId: 35"
"14-08-2026 19:42:46","507","Information","Microsoft-Windows-Kernel-Power","The system is exiting Modern Standby 

Reason: AC/DC Display Burst Suppressed."
"14-08-2026 19:42:46","105","Information","Microsoft-Windows-Kernel-Power","Power source change."
"14-08-2026 19:42:46","15","Warning","ACPI",": The embedded controller (EC) returned data when none was requested. The BIOS might be trying to access the EC without synchronizing with the operating system. This data will be ignored. No further action is necessary; however, you should check with your computer manufacturer for an upgraded BIOS."
"14-08-2026 19:42:44","506","Information","Microsoft-Windows-Kernel-Power","The system is entering Modern Standby 

Reason: Screen Off Request."
"14-08-2026 19:42:44","566","Information","Microsoft-Windows-Kernel-Power","The system session has transitioned from 228 to 229.

Reason FullWake 

BootId: 35"
"14-08-2026 18:57:32","7040","Information","Service Control Manager","The start type of the Background Intelligent Transfer Service service was changed from auto start to demand start."
"14-08-2026 18:55:24","7040","Information","Service Control Manager","The start type of the Background Intelligent Transfer Service service was changed from demand start to auto start."
"14-08-2026 18:52:35","566","Information","Microsoft-Windows-Kernel-Power","The system session has transitioned from 226 to 228.

Reason InputAccelerometer 

BootId: 35"
"14-08-2026 18:52:35","507","Information","Microsoft-Windows-Kernel-Power","The system is exiting Modern Standby 

Reason: Input Keyboard."
"14-08-2026 18:51:08","506","Information","Microsoft-Windows-Kernel-Power","The system is entering Modern Standby 

Reason: Idle Timeout."
"14-08-2026 18:51:08","566","Information","Microsoft-Windows-Kernel-Power","The system session has transitioned from 225 to 226.

Reason SessionUnlock 

BootId: 35"
"14-08-2026 18:35:26","566","Information","Microsoft-Windows-Kernel-Power","The system session has transitioned from 223 to 225.

Reason InputAccelerometer 

BootId: 35"
"14-08-2026 18:35:26","507","Information","Microsoft-Windows-Kernel-Power","The system is exiting Modern Standby 

Reason: Input Keyboard."
"14-08-2026 18:25:31","1","Information","Microsoft-Windows-Kernel-General","The system time has changed to ‎2026‎-‎08‎-‎14T12:55:31.876098400Z from ‎2026‎-‎08‎-‎14T12:55:31.873702700Z.
Time Delta: 2 ms

Change Reason: An application or system component changed the time.
Process: '\Device\HarddiskVolume3\Windows\System32\svchost.exe' (PID 16224).

RTC time: ‎2026‎-‎08‎-‎14T18:25:31.876098400Z
Current time zone bias: -330
RTC time is in UTC: false
System time was based on RTC time: false"
"14-08-2026 18:25:31","21","Error","Microsoft-Windows-HAL","The hardware real-time clock was not set because evaluation of the ACPI Time and Alarm Device method failed.  Status: 0xC00000BB."
"14-08-2026 18:25:31","20","Error","Microsoft-Windows-HAL","The hardware real-time clock was not queried because evaluation of the ACPI Time and Alarm Device method failed.  Status: 0xC00000BB."
"14-08-2026 18:25:31","24","Information","Microsoft-Windows-Kernel-General","The time zone information was refreshed with exit reason 0. Current time zone bias is -330."
"14-08-2026 18:25:31","35","Information","Microsoft-Windows-Time-Service","The time service is now synchronizing the system time with the time source time.windows.com,0x9 (ntp.m|0x9|0.0.0.0:123->40.81.94.65:123) with reference id 1096700200. Current local stratum number is 5."
"14-08-2026 18:25:15","37","Information","Microsoft-Windows-Time-Service","The time provider NtpClient is currently receiving valid time data from time.windows.com,0x9 (ntp.m|0x9|0.0.0.0:123->40.81.94.65:123)."
"14-08-2026 18:08:52","506","Information","Microsoft-Windows-Kernel-Power","The system is entering Modern Standby 

Reason: Idle Timeout."
"14-08-2026 18:08:52","566","Information","Microsoft-Windows-Kernel-Power","The system session has transitioned from 222 to 223.

Reason SessionUnlock 

BootId: 35"
"14-08-2026 18:07:10","566","Information","Microsoft-Windows-Kernel-Power","The system session has transitioned from 220 to 222.

Reason InputAccelerometer 

BootId: 35"
"14-08-2026 18:07:10","507","Information","Microsoft-Windows-Kernel-Power","The system is exiting Modern Standby 

Reason: Input Keyboard."
"14-08-2026 18:04:35","506","Information","Microsoft-Windows-Kernel-Power","The system is entering Modern Standby 

Reason: Idle Timeout."
"14-08-2026 18:04:35","566","Information","Microsoft-Windows-Kernel-Power","The system session has transitioned from 219 to 220.

Reason SessionUnlock 

BootId: 35"
"14-08-2026 17:56:48","566","Information","Microsoft-Windows-Kernel-Power","The system session has transitioned from 217 to 219.

Reason InputAccelerometer 

BootId: 35"
"14-08-2026 17:56:48","507","Information","Microsoft-Windows-Kernel-Power","The system is exiting Modern Standby 

Reason: Input Keyboard."
"14-08-2026 17:55:42","506","Information","Microsoft-Windows-Kernel-Power","The system is entering Modern Standby 

Reason: Idle Timeout."
"14-08-2026 17:55:42","566","Information","Microsoft-Windows-Kernel-Power","The system session has transitioned from 216 to 217.

Reason SessionUnlock 

BootId: 35"
"14-08-2026 17:35:11","566","Information","Microsoft-Windows-Kernel-Power","The system session has transitioned from 214 to 216.

Reason InputAccelerometer 

BootId: 35"
"14-08-2026 17:35:11","507","Information","Microsoft-Windows-Kernel-Power","The system is exiting Modern Standby 

Reason: Input Keyboard."
"14-08-2026 17:16:38","506","Information","Microsoft-Windows-Kernel-Power","The system is entering Modern Standby 

Reason: Idle Timeout."
"14-08-2026 17:16:38","566","Information","Microsoft-Windows-Kernel-Power","The system session has transitioned from 213 to 214.

Reason SessionUnlock 

BootId: 35"
"14-08-2026 16:26:37","7003","Information","Netwaw18","7003 - Wi-Fi Driver Info"
"14-08-2026 16:07:20","7040","Information","Service Control Manager","The start type of the Background Intelligent Transfer Service service was changed from auto start to demand start."
"14-08-2026 16:05:14","7040","Information","Service Control Manager","The start type of the Background Intelligent Transfer Service service was changed from demand start to auto start."
"14-08-2026 16:01:10","19","Information","Microsoft-Windows-WindowsUpdateClient","Installation Successful: Windows successfully installed the following update: Security Intelligence Update for Microsoft Defender Antivirus - KB2267602 (Version 1.457.159.0) - Current Channel (Broad)"
"14-08-2026 16:01:03","43","Information","Microsoft-Windows-WindowsUpdateClient","Installation Started: Windows has started installing the following update: Security Intelligence Update for Microsoft Defender Antivirus - KB2267602 (Version 1.457.159.0) - Current Channel (Broad)"
"14-08-2026 16:01:01","44","Information","Microsoft-Windows-WindowsUpdateClient","Windows Update started downloading an update."
