"14-08-2026 15:00:43","158","Information","Microsoft-Windows-Time-Service","The time provider 'VMICTimeProvider' has indicated that the current hardware and operating environment is not supported and has stopped. This behavior is expected for VMICTimeProvider on non-HyperV-guest environments. This may be the expected behavior for the current provider in the current operating environment as well."
"14-08-2026 14:54:49","7040","Information","Service Control Manager","The start type of the Background Intelligent Transfer Service service was changed from auto start to demand start."
"14-08-2026 14:52:44","7040","Information","Service Control Manager","The start type of the Background Intelligent Transfer Service service was changed from demand start to auto start."
"14-08-2026 14:43:39","158","Information","Microsoft-Windows-Time-Service","The time provider 'VMICTimeProvider' has indicated that the current hardware and operating environment is not supported and has stopped. This behavior is expected for VMICTimeProvider on non-HyperV-guest environments. This may be the expected behavior for the current provider in the current operating environment as well."
"14-08-2026 14:26:35","158","Information","Microsoft-Windows-Time-Service","The time provider 'VMICTimeProvider' has indicated that the current hardware and operating environment is not supported and has stopped. This behavior is expected for VMICTimeProvider on non-HyperV-guest environments. This may be the expected behavior for the current provider in the current operating environment as well."
"14-08-2026 14:25:20","7040","Information","Service Control Manager","The start type of the Background Intelligent Transfer Service service was changed from auto start to demand start."
"14-08-2026 14:22:30","7040","Information","Service Control Manager","The start type of the Background Intelligent Transfer Service service was changed from demand start to auto start."
"14-08-2026 14:15:44","16","Information","Microsoft-Windows-Kernel-General","The access history in hive \??\C:\ProgramData\Packages\Microsoft.WindowsStore_8wekyb3d8bbwe\S-1-12-1-2357405129-1281513531-255772574-1816207334\SystemAppData\Helium\Cache\b6514570118e2fa4_COM15.dat was cleared updating 1 keys and creating 1 modified pages."
"14-08-2026 14:09:31","158","Information","Microsoft-Windows-Time-Service","The time provider 'VMICTimeProvider' has indicated that the current hardware and operating environment is not supported and has stopped. This behavior is expected for VMICTimeProvider on non-HyperV-guest environments. This may be the expected behavior for the current provider in the current operating environment as well."
"14-08-2026 14:09:09","566","Information","Microsoft-Windows-Kernel-Power","The system session has transitioned from 211 to 213.

Reason InputAccelerometer 

BootId: 35"
"14-08-2026 14:09:09","507","Information","Microsoft-Windows-Kernel-Power","The system is exiting Modern Standby 

Reason: Input Keyboard."
"14-08-2026 13:54:57","7040","Information","Service Control Manager","The start type of the Background Intelligent Transfer Service service was changed from auto start to demand start."
"14-08-2026 13:52:52","7040","Information","Service Control Manager","The start type of the Background Intelligent Transfer Service service was changed from demand start to auto start."
"14-08-2026 13:52:49","19","Information","Microsoft-Windows-WindowsUpdateClient","Installation Successful: Windows successfully installed the following update: 9PG2DK419DRG-Microsoft.WebpImageExtension"
"14-08-2026 13:52:48","16","Information","Microsoft-Windows-Kernel-General","The access history in hive \??\C:\Users\arjo5004\AppData\Local\Packages\Microsoft.WebpImageExtension_8wekyb3d8bbwe\Settings\settings.dat was cleared updating 3 keys and creating 1 modified pages."
"14-08-2026 13:52:48","43","Information","Microsoft-Windows-WindowsUpdateClient","Installation Started: Windows has started installing the following update: 9PG2DK419DRG-Microsoft.WebpImageExtension"
"14-08-2026 13:52:42","19","Information","Microsoft-Windows-WindowsUpdateClient","Installation Successful: Windows successfully installed the following update: 9PMMSR1CGPWG-Microsoft.HEIFImageExtension"
"14-08-2026 13:52:41","16","Information","Microsoft-Windows-Kernel-General","The access history in hive \??\C:\Users\arjo5004\AppData\Local\Packages\Microsoft.HEIFImageExtension_8wekyb3d8bbwe\Settings\settings.dat was cleared updating 1 keys and creating 1 modified pages."
"14-08-2026 13:52:40","43","Information","Microsoft-Windows-WindowsUpdateClient","Installation Started: Windows has started installing the following update: 9PMMSR1CGPWG-Microsoft.HEIFImageExtension"
"14-08-2026 13:52:28","44","Information","Microsoft-Windows-WindowsUpdateClient","Windows Update started downloading an update."
"14-08-2026 13:52:28","44","Information","Microsoft-Windows-WindowsUpdateClient","Windows Update started downloading an update."
"14-08-2026 13:52:11","37","Information","Microsoft-Windows-Time-Service","The time provider NtpClient is currently receiving valid time data from time.windows.com,0x9 (ntp.m|0x9|0.0.0.0:123->40.81.94.65:123)."
"14-08-2026 13:52:11","158","Information","Microsoft-Windows-Time-Service","The time provider 'VMICTimeProvider' has indicated that the current hardware and operating environment is not supported and has stopped. This behavior is expected for VMICTimeProvider on non-HyperV-guest environments. This may be the expected behavior for the current provider in the current operating environment as well."
"14-08-2026 13:52:09","44","Information","Microsoft-Windows-WindowsUpdateClient","Windows Update started downloading an update."
"14-08-2026 13:52:09","44","Information","Microsoft-Windows-WindowsUpdateClient","Windows Update started downloading an update."
"14-08-2026 13:52:02","44","Information","Microsoft-Windows-WindowsUpdateClient","Windows Update started downloading an update."
"14-08-2026 13:51:47","506","Information","Microsoft-Windows-Kernel-Power","The system is entering Modern Standby 

Reason: Idle Timeout."
"14-08-2026 13:51:47","566","Information","Microsoft-Windows-Kernel-Power","The system session has transitioned from 210 to 211.

Reason SessionUnlock 

BootId: 35"
"14-08-2026 13:41:51","16","Information","Microsoft-Windows-Kernel-General","The access history in hive \??\C:\ProgramData\Microsoft\Windows\AppRepository\Packages\Microsoft.WindowsAppRuntime.1.8_8000.946.1701.0_x86__8wekyb3d8bbwe\ActivationStore.dat was cleared updating 0 keys and creating 0 modified pages."
"14-08-2026 13:41:44","16","Information","Microsoft-Windows-Kernel-General","The access history in hive \??\C:\ProgramData\Microsoft\Windows\AppRepository\Packages\Microsoft.WindowsAppRuntime.1.8_8000.946.1701.0_x64__8wekyb3d8bbwe\ActivationStore.dat was cleared updating 0 keys and creating 0 modified pages."
"14-08-2026 13:41:28","44","Information","Microsoft-Windows-WindowsUpdateClient","Windows Update started downloading an update."
"14-08-2026 13:41:25","16","Information","Microsoft-Windows-Kernel-General","The access history in hive \??\C:\ProgramData\Microsoft\Windows\AppRepository\Packages\Microsoft.WindowsAppRuntime.2_2.4.0.0_x86__8wekyb3d8bbwe\ActivationStore.dat was cleared updating 0 keys and creating 0 modified pages."
"14-08-2026 13:41:06","16","Information","Microsoft-Windows-Kernel-General","The access history in hive \??\C:\ProgramData\Microsoft\Windows\AppRepository\Packages\Microsoft.WindowsAppRuntime.2_2.4.0.0_x64__8wekyb3d8bbwe\ActivationStore.dat was cleared updating 0 keys and creating 0 modified pages."
"14-08-2026 13:40:53","98","Information","Microsoft-Windows-Ntfs","Volume OS (\Device\HarddiskVolumeShadowCopy6) is healthy.  No action is needed."
"14-08-2026 13:40:28","44","Information","Microsoft-Windows-WindowsUpdateClient","Windows Update started downloading an update."
"14-08-2026 13:39:43","19","Information","Microsoft-Windows-WindowsUpdateClient","Installation Successful: Windows successfully installed the following update: Security Intelligence Update for Microsoft Defender Antivirus - KB2267602 (Version 1.457.156.0) - Current Channel (Broad)"
"14-08-2026 13:39:16","43","Information","Microsoft-Windows-WindowsUpdateClient","Installation Started: Windows has started installing the following update: Security Intelligence Update for Microsoft Defender Antivirus - KB2267602 (Version 1.457.156.0) - Current Channel (Broad)"
"14-08-2026 13:39:02","44","Information","Microsoft-Windows-WindowsUpdateClient","Windows Update started downloading an update."
"14-08-2026 13:36:54","7040","Information","Service Control Manager","The start type of the Background Intelligent Transfer Service service was changed from auto start to demand start."
"14-08-2026 13:34:34","7040","Information","Service Control Manager","The start type of the Background Intelligent Transfer Service service was changed from demand start to auto start."
"14-08-2026 13:33:33","5","Information","Microsoft-Windows-IsolatedUserMode","Secure Trustlet NULL Id 0 and Pid 0 started with status STATUS_SUCCESS."
"14-08-2026 13:33:32","2","Information","Microsoft-Windows-IsolatedUserMode","Secure Trustlet Id 0 and Pid 0 stopped with status STATUS_SUCCESS."
"14-08-2026 13:31:29","19","Information","Microsoft-Windows-WindowsUpdateClient","Installation Successful: Windows successfully installed the following update: 9WZDNCRD29V9-MICROSOFT.MICROSOFTOFFICEHUB"
"14-08-2026 13:31:24","43","Information","Microsoft-Windows-WindowsUpdateClient","Installation Started: Windows has started installing the following update: 9WZDNCRD29V9-MICROSOFT.MICROSOFTOFFICEHUB"
"14-08-2026 13:31:23","44","Information","Microsoft-Windows-WindowsUpdateClient","Windows Update started downloading an update."
"14-08-2026 13:31:02","44","Information","Microsoft-Windows-WindowsUpdateClient","Windows Update started downloading an update."
"14-08-2026 13:30:34","7040","Information","Service Control Manager","The start type of the Background Intelligent Transfer Service service was changed from auto start to demand start."
"14-08-2026 13:29:33","2","Information","Microsoft-Windows-IsolatedUserMode","Secure Trustlet Id 4 and Pid 17172 stopped with status STATUS_SUCCESS."
"14-08-2026 13:28:29","7040","Information","Service Control Manager","The start type of the Background Intelligent Transfer Service service was changed from demand start to auto start."
"14-08-2026 13:24:42","7040","Information","Service Control Manager","The start type of the Background Intelligent Transfer Service service was changed from auto start to demand start."
"14-08-2026 13:23:54","98","Information","Microsoft-Windows-Ntfs","Volume OS (\Device\HarddiskVolumeShadowCopy5) is healthy.  No action is needed."
"14-08-2026 13:23:15","1","Information","Microsoft-Windows-IsolatedUserMode","Secure Trustlet \??\C:\Windows\system32\BioIso.exe Id 4 and Pid 17172 started with status STATUS_SUCCESS."
"14-08-2026 13:23:15","5","Information","Microsoft-Windows-IsolatedUserMode","Secure Trustlet NULL Id 0 and Pid 0 started with status STATUS_SUCCESS."
"14-08-2026 13:23:01","1038","Information","Microsoft-Windows-TPM-WMI","Pre-attestation health checks confirm that the device is expected to pass attestation.
 Please see C:\Windows\Logs\MeasuredBoot\0000000035-0000000002.json for detailed information on what checks were made."
"14-08-2026 13:23:01","1041","Information","Microsoft-Windows-TPM-WMI","Pre-attestation health check detailed information: {""Version"":2,""HealthStatus"":""Attestable"",""Required"":[{""Field"":""TpmPresent"",""Value"":true,""DesiredValue"":true},{""Field"":""TpmMeetsMinimumVersion"",""Value"":true,""DesiredValue"":true},{""Field"":""TpmIsResponsive"",""Value"":true,""DesiredValue"":true},{""Field"":""EkCertIsAvailable"",""Value"":true,""DesiredValue"":true},{""Field"":""TcgLogFound"",""Value"":true,""DesiredValue"":true}],""Expected"":[{""Field"":""PcrsMatchTcgLog"",""Value"":true,""DesiredValue"":true}],""Informational"":[{""Field"":""SecureBootEnabled"",""ValueFromComputer"":true,""ValueFromTcgLog"":true,""DesiredValue"":true,""TcgValueIsVerifiable"":true},{""Field"":""VirtualSecureMemory"",""ValueFromComputer"":false,""ValueFromTcgLog"":false,""DesiredValue"":true,""TcgValueIsVerifiable"":true},{""Field"":""SecureCorePCCompliant"",""ValueFromComputer"":false,""ValueFromTcgLog"":false,""DesiredValue"":true,""TcgValueIsVerifiable"":true},{""Field"":""MostRecentBootTcgLogFoundInFileSystem"",""Value"":true,""DesiredValue"":true},{""Field"":""CurrentTcgLogFoundInFileSystem"",""Value"":true,""DesiredValue"":true},{""Field"":""EkCertRsa2048IsAvailable"",""Value"":true,""DesiredValue"":true},{""Field"":""EkCertEccP256IsAvailable"",""Value"":true,""DesiredValue"":true},{""Field"":""EkCertEccP384IsAvailable"",""Value"":true,""DesiredValue"":true},{""Field"":""WindowsAikCertRsa2048IsAvailable"",""Value"":true,""DesiredValue"":true},{""Field"":""WindowsAikCertEccP256IsAvailable"",""Value"":false,""DesiredValue"":true},{""Field"":""WindowsAikCertEccP384IsAvailable"",""Value"":true,""DesiredValue"":true}]}"
"14-08-2026 13:22:37","113","Information","Microsoft-Windows-HttpService","Attempted to add URL (http://+:5160/Licensing/Discovery/) to URL group (0xFE00000320000032). Status: 0x0. Process Id 0x11CC Executable path \Device\HarddiskVolume3\Program Files\Seagull\BarTender 11.5\Licensing.Service.exe, User S-1-5-18"
"14-08-2026 13:22:37","111","Information","Microsoft-Windows-HttpService","Create URL group 0xFE00000320000032. Status 0x0. Process Id 0x11CC Executable path \Device\HarddiskVolume3\Program Files\Seagull\BarTender 11.5\Licensing.Service.exe, User S-1-5-18"
"14-08-2026 13:22:37","113","Information","Microsoft-Windows-HttpService","Attempted to add URL (http://+:5160/Licensing/Discovery_v4/) to URL group (0xFA00000520000002). Status: 0x0. Process Id 0x11CC Executable path \Device\HarddiskVolume3\Program Files\Seagull\BarTender 11.5\Licensing.Service.exe, User S-1-5-18"
"14-08-2026 13:22:37","111","Information","Microsoft-Windows-HttpService","Create URL group 0xFA00000520000002. Status 0x0. Process Id 0x11CC Executable path \Device\HarddiskVolume3\Program Files\Seagull\BarTender 11.5\Licensing.Service.exe, User S-1-5-18"
"14-08-2026 13:22:37","117","Information","Microsoft-Windows-HttpService","Delete URL group 0xFC00000420000002. Status 0x0. Process Id 0x11CC Executable path \Device\HarddiskVolume3\Program Files\Seagull\BarTender 11.5\Licensing.Service.exe, User S-1-5-18"
"14-08-2026 13:22:37","114","Information","Microsoft-Windows-HttpService","Removed URL (http://+:5160/Licensing/Discovery_v4/) from URL group (0xFC00000420000002). Process Id 0x11CC Executable path \Device\HarddiskVolume3\Program Files\Seagull\BarTender 11.5\Licensing.Service.exe, User S-1-5-18"
"14-08-2026 13:22:37","117","Information","Microsoft-Windows-HttpService","Delete URL group 0xFA00000520000001. Status 0x0. Process Id 0x11CC Executable path \Device\HarddiskVolume3\Program Files\Seagull\BarTender 11.5\Licensing.Service.exe, User S-1-5-18"
"14-08-2026 13:22:37","114","Information","Microsoft-Windows-HttpService","Removed URL (http://+:5160/Licensing/Discovery/) from URL group (0xFA00000520000001). Process Id 0x11CC Executable path \Device\HarddiskVolume3\Program Files\Seagull\BarTender 11.5\Licensing.Service.exe, User S-1-5-18"
"14-08-2026 13:22:32","7040","Information","Service Control Manager","The start type of the Background Intelligent Transfer Service service was changed from demand start to auto start."
"14-08-2026 13:22:31","7021","Information","Netwaw18","7021 - Wi-Fi Driver Info"
"14-08-2026 13:22:29","111","Information","CirrusLogic-Drv-XuCsMe","Device <Bus0>/4243.0:03: Jack Selected Mode: Unplugged."
"14-08-2026 13:22:29","1","Information","Microsoft-Windows-Power-Troubleshooter","The system has returned from a low power state.

Sleep Time: ‎2026‎-‎08‎-‎13T22:44:16.375639500Z
Wake Time: ‎2026‎-‎08‎-‎14T07:52:27.117856000Z

Wake Source: Unknown"
"14-08-2026 13:22:29","107","Information","CirrusLogic-Drv-XuCsMe","Device <Bus0>/4243.0:02 ready latency is 1964463 micro-seconds."
"14-08-2026 13:22:29","100","Information","CirrusLogic-Drv-XuCsMe","Device <Bus0>/4243.0:02 FW version 2.6.4."
"14-08-2026 13:22:29","107","Information","CirrusLogic-Drv-XuCsMe","Device <Bus0>/4243.0:03 ready latency is 1956028 micro-seconds."
"14-08-2026 13:22:29","100","Information","CirrusLogic-Drv-XuCsMe","Device <Bus0>/4243.0:03 FW version 2.6.4."
"14-08-2026 13:22:29","107","Information","CirrusLogic-Drv-XuCsMe","Device <Bus0>/4243.0:01 ready latency is 1956696 micro-seconds."
"14-08-2026 13:22:29","100","Information","CirrusLogic-Drv-XuCsMe","Device <Bus0>/4243.0:01 FW version 2.6.4."
"14-08-2026 13:22:27","105","Information","Microsoft-Windows-Kernel-Power","Power source change."
"14-08-2026 13:22:27","28","Information","Intel-SST-OED","Loaded DSP FW library: \??\C:\Windows\System32\DriverStore\FileRepository\intcoed_oemlibpath_cirrus.inf_amd64_11b19b14b736837d\fw\IntelDsp\Cirrus\mtl\cl01002mtllib.bin, status = STATUS_SUCCESS."
"14-08-2026 13:22:27","701","Warning","Win32k","Power Manager has not requested suppression of all input (INPUT_SUPPRESS_REQUEST=0)"
"14-08-2026 13:22:27","701","Warning","Win32k","Power Manager has not requested suppression of all input (INPUT_SUPPRESS_REQUEST=0)"
"14-08-2026 13:22:27","566","Information","Microsoft-Windows-Kernel-Power","The system session has transitioned from 208 to 210.

Reason WinRT 

BootId: 35"
"14-08-2026 13:22:27","507","Information","Microsoft-Windows-Kernel-Power","The system is exiting Modern Standby 

Reason: Resume from Hibernate."
"14-08-2026 13:22:27","28","Information","Intel-SST-OED","Loaded DSP FW library: Libs\dsp_lib_whm_mtl_release.bin, status = STATUS_SUCCESS."
"14-08-2026 13:22:27","506","Information","Microsoft-Windows-Kernel-Power","The system is entering Modern Standby 

Reason: Sleep, Hibernate, or Shutdown."
"14-08-2026 13:22:27","566","Information","Microsoft-Windows-Kernel-Power","The system session has transitioned from 207 to 208.

Reason SxTransition 

BootId: 35"
"14-08-2026 13:22:27","247","Information","Microsoft-Windows-Kernel-Boot","Unable to load Pluton-Windows firmware. StatusCode: STATUS_SUCCESS, Reason: Failed to apply firmware."
"14-08-2026 13:22:27","27","Information","Microsoft-Windows-Kernel-Boot","The boot type was 0x2."
"14-08-2026 13:22:27","25","Information","Microsoft-Windows-Kernel-Boot","The boot menu policy was 0x0."
"14-08-2026 13:22:27","32","Information","Microsoft-Windows-Kernel-Boot","The bootmgr spent 0 ms waiting for user input."
"14-08-2026 13:22:27","18","Information","Microsoft-Windows-Kernel-Boot","There are 0x1 boot options on this system."
"14-08-2026 13:22:27","30","Information","Microsoft-Windows-Kernel-Boot","The firmware reported boot metrics."
"14-08-2026 13:22:27","28","Information","Intel-SST-OED","Loaded DSP FW library: Libs\dsp_lib_nld_mtl_release.bin, status = STATUS_SUCCESS."
"14-08-2026 13:22:27","28","Information","Intel-SST-OED","Loaded DSP FW library: Libs\dsp_lib_intel_wov_mtl_release.bin, status = STATUS_SUCCESS."
"14-08-2026 13:22:27","27","Warning","e1dnexpress","Intel(R) Ethernet Connection (24) I219-LM
 Network link is disconnected.
"
"14-08-2026 13:22:27","28","Information","Intel-SST-OED","Loaded DSP FW library: Libs\dsp_lib_asrc_mtl_release.bin, status = STATUS_SUCCESS."
"14-08-2026 13:22:26","24709","Information","Microsoft-Windows-BitLocker-Driver","This event contains the boot-time final TPM PCR values and TCG log data."
"14-08-2026 13:22:26","24711","Information","Microsoft-Windows-BitLocker-Driver","A V2 TPM protector was used to start Windows.
Binding ID: {e0f3b476-a73e-4425-805b-0c939f260e04}."
"14-08-2026 13:22:26","1","Information","Microsoft-Windows-Kernel-General","The system time has changed to ‎2026‎-‎08‎-‎14T07:52:26.500000000Z from ‎2026‎-‎08‎-‎13T22:44:45.194398100Z.
Time Delta: 32861305 ms

Change Reason: System time synchronized with the hardware clock.
Process: '' (PID 4).

RTC time: ‎2026‎-‎08‎-‎14T13:22:26.500000000Z
Current time zone bias: -330
RTC time is in UTC: false
System time was based on RTC time: false"
"14-08-2026 04:14:45","107","Information","Microsoft-Windows-Kernel-Power","The system has resumed from sleep."
"14-08-2026 13:22:26","6013","Information","EventLog","The system uptime is 264005 seconds."
"14-08-2026 04:14:40","27","Warning","e1dnexpress","Intel(R) Ethernet Connection (24) I219-LM
 Network link is disconnected.
"
"14-08-2026 04:14:38","1","Information","Microsoft-Windows-Kernel-General","The system time has changed to ‎2026‎-‎08‎-‎13T22:44:38.500000000Z from ‎2026‎-‎08‎-‎13T22:44:37.426419000Z.
Time Delta: 1073 ms

Change Reason: System time synchronized with the hardware clock.
Process: '' (PID 4).

RTC time: ‎2026‎-‎08‎-‎14T04:14:38.500000000Z
Current time zone bias: -330
RTC time is in UTC: false
System time was based on RTC time: false"
"14-08-2026 04:14:29","42","Information","Microsoft-Windows-Kernel-Power","The system is entering sleep.

Sleep Reason: Hibernate from Sleep - Standby Battery Budget Exceeded"
"14-08-2026 04:14:21","113","Information","Microsoft-Windows-HttpService","Attempted to add URL (http://+:5160/Licensing/Discovery/) to URL group (0xFA00000520000001). Status: 0x0. Process Id 0x11CC Executable path \Device\HarddiskVolume3\Program Files\Seagull\BarTender 11.5\Licensing.Service.exe, User S-1-5-18"
"14-08-2026 04:14:21","111","Information","Microsoft-Windows-HttpService","Create URL group 0xFA00000520000001. Status 0x0. Process Id 0x11CC Executable path \Device\HarddiskVolume3\Program Files\Seagull\BarTender 11.5\Licensing.Service.exe, User S-1-5-18"
"14-08-2026 04:14:21","113","Information","Microsoft-Windows-HttpService","Attempted to add URL (http://+:5160/Licensing/Discovery_v4/) to URL group (0xFC00000420000002). Status: 0x0. Process Id 0x11CC Executable path \Device\HarddiskVolume3\Program Files\Seagull\BarTender 11.5\Licensing.Service.exe, User S-1-5-18"
"14-08-2026 04:14:21","111","Information","Microsoft-Windows-HttpService","Create URL group 0xFC00000420000002. Status 0x0. Process Id 0x11CC Executable path \Device\HarddiskVolume3\Program Files\Seagull\BarTender 11.5\Licensing.Service.exe, User S-1-5-18"
"14-08-2026 04:14:21","117","Information","Microsoft-Windows-HttpService","Delete URL group 0xFB00000720000001. Status 0x0. Process Id 0x11CC Executable path \Device\HarddiskVolume3\Program Files\Seagull\BarTender 11.5\Licensing.Service.exe, User S-1-5-18"
"14-08-2026 04:14:21","114","Information","Microsoft-Windows-HttpService","Removed URL (http://+:5160/Licensing/Discovery_v4/) from URL group (0xFB00000720000001). Process Id 0x11CC Executable path \Device\HarddiskVolume3\Program Files\Seagull\BarTender 11.5\Licensing.Service.exe, User S-1-5-18"
"14-08-2026 04:14:21","117","Information","Microsoft-Windows-HttpService","Delete URL group 0xF900000720000001. Status 0x0. Process Id 0x11CC Executable path \Device\HarddiskVolume3\Program Files\Seagull\BarTender 11.5\Licensing.Service.exe, User S-1-5-18"
"14-08-2026 04:14:21","114","Information","Microsoft-Windows-HttpService","Removed URL (http://+:5160/Licensing/Discovery/) from URL group (0xF900000720000001). Process Id 0x11CC Executable path \Device\HarddiskVolume3\Program Files\Seagull\BarTender 11.5\Licensing.Service.exe, User S-1-5-18"
"14-08-2026 04:14:19","7021","Information","Netwaw18","7021 - Wi-Fi Driver Info"
"14-08-2026 04:14:16","566","Information","Microsoft-Windows-Kernel-Power","The system session has transitioned from 206 to 207.

Reason SxTransition 

BootId: 35"
"14-08-2026 04:14:16","507","Information","Microsoft-Windows-Kernel-Power","The system is exiting Modern Standby 

Reason: Sleep, Hibernate, or Shutdown."
"14-08-2026 04:14:16","172","Information","Microsoft-Windows-Kernel-Power","Connectivity state in standby: Connected, Reason: None"
"13-08-2026 19:10:02","172","Information","Microsoft-Windows-Kernel-Power","Connectivity state in standby: Disconnected, Reason: Policy Setting"
"13-08-2026 19:09:56","566","Information","Microsoft-Windows-Kernel-Power","The system session has transitioned from 205 to 206.

Reason 55 

BootId: 35"
"13-08-2026 19:09:51","506","Information","Microsoft-Windows-Kernel-Power","The system is entering Modern Standby 

Reason: Austerity Battery Drain Budget Exceeded."
"13-08-2026 19:09:51","566","Information","Microsoft-Windows-Kernel-Power","The system session has transitioned from 204 to 205.

Reason 55 

BootId: 35"
"13-08-2026 19:09:51","507","Information","Microsoft-Windows-Kernel-Power","The system is exiting Modern Standby 

Reason: Austerity Battery Drain Budget Exceeded."
"13-08-2026 19:09:51","172","Information","Microsoft-Windows-Kernel-Power","Connectivity state in standby: Connected, Reason: None"
"13-08-2026 18:43:30","7021","Information","Netwaw18","7021 - Wi-Fi Driver Info"
"13-08-2026 18:43:25","7021","Information","Netwaw18","7021 - Wi-Fi Driver Info"
"13-08-2026 18:43:25","7021","Information","Netwaw18","7021 - Wi-Fi Driver Info"
"13-08-2026 18:43:24","7021","Information","Netwaw18","7021 - Wi-Fi Driver Info"
"13-08-2026 18:43:23","7021","Information","Netwaw18","7021 - Wi-Fi Driver Info"
"13-08-2026 18:37:17","172","Information","Microsoft-Windows-Kernel-Power","Connectivity state in standby: Disconnected, Reason: Policy Setting"
"13-08-2026 18:37:10","566","Information","Microsoft-Windows-Kernel-Power","The system session has transitioned from 203 to 204.

Reason PolicyChange 

BootId: 35"
"13-08-2026 18:37:05","700","Warning","Win32k","Power Manager has requested suppression of all input (INPUT_SUPPRESS_REQUEST=1)"
"13-08-2026 18:37:05","700","Warning","Win32k","Power Manager has requested suppression of all input (INPUT_SUPPRESS_REQUEST=1)"
"13-08-2026 18:37:05","506","Information","Microsoft-Windows-Kernel-Power","The system is entering Modern Standby 

Reason: Lid."
"13-08-2026 18:37:05","566","Information","Microsoft-Windows-Kernel-Power","The system session has transitioned from 202 to 203.

Reason PolicyChange 

BootId: 35"
"13-08-2026 18:37:05","507","Information","Microsoft-Windows-Kernel-Power","The system is exiting Modern Standby 

Reason: Lid."
"13-08-2026 18:37:05","172","Information","Microsoft-Windows-Kernel-Power","Connectivity state in standby: Connected, Reason: None"
"13-08-2026 18:37:04","172","Information","Microsoft-Windows-Kernel-Power","Connectivity state in standby: Disconnected, Reason: Policy Setting"
"13-08-2026 18:36:58","566","Information","Microsoft-Windows-Kernel-Power","The system session has transitioned from 201 to 202.

Reason InputMouse 

BootId: 35"
"13-08-2026 18:36:53","506","Information","Microsoft-Windows-Kernel-Power","The system is entering Modern Standby 

Reason: AC/DC Display Burst Suppressed."
"13-08-2026 18:36:53","566","Information","Microsoft-Windows-Kernel-Power","The system session has transitioned from 200 to 201.

Reason InputMouse 

BootId: 35"
"13-08-2026 18:36:53","507","Information","Microsoft-Windows-Kernel-Power","The system is exiting Modern Standby 

Reason: AC/DC Display Burst Suppressed."
"13-08-2026 18:36:52","105","Information","Microsoft-Windows-Kernel-Power","Power source change."
"13-08-2026 18:36:50","15","Warning","ACPI",": The embedded controller (EC) returned data when none was requested. The BIOS might be trying to access the EC without synchronizing with the operating system. This data will be ignored. No further action is necessary; however, you should check with your computer manufacturer for an upgraded BIOS."
"13-08-2026 18:36:48","566","Information","Microsoft-Windows-Kernel-Power","The system session has transitioned from 199 to 200.

Reason FullWake 

BootId: 35"
"13-08-2026 18:36:47","506","Information","Microsoft-Windows-Kernel-Power","The system is entering Modern Standby 

Reason: Screen Off Request."
"13-08-2026 18:36:47","566","Information","Microsoft-Windows-Kernel-Power","The system session has transitioned from 198 to 199.

Reason FullWake 

BootId: 35"
"13-08-2026 18:29:07","566","Information","Microsoft-Windows-Kernel-Power","The system session has transitioned from 196 to 198.

Reason InputAccelerometer 

BootId: 35"
"13-08-2026 18:29:07","507","Information","Microsoft-Windows-Kernel-Power","The system is exiting Modern Standby 

Reason: Input Keyboard."
"13-08-2026 18:14:15","506","Information","Microsoft-Windows-Kernel-Power","The system is entering Modern Standby 

Reason: Idle Timeout."
"13-08-2026 18:14:15","566","Information","Microsoft-Windows-Kernel-Power","The system session has transitioned from 195 to 196.

Reason SessionUnlock 

BootId: 35"
"13-08-2026 18:12:54","16","Information","Microsoft-Windows-Kernel-General","The access history in hive \??\C:\ProgramData\Packages\Microsoft.Paint_8wekyb3d8bbwe\S-1-12-1-2357405129-1281513531-255772574-1816207334\SystemAppData\Helium\Cache\5ae524c025a2f318_COM15.dat was cleared updating 1 keys and creating 1 modified pages."
"13-08-2026 18:12:54","16","Information","Microsoft-Windows-Kernel-General","The access history in hive \??\C:\Users\arjo5004\AppData\Local\Packages\Microsoft.Paint_8wekyb3d8bbwe\SystemAppData\Helium\UserClasses.dat was cleared updating 30 keys and creating 4 modified pages."
"13-08-2026 18:12:54","16","Information","Microsoft-Windows-Kernel-General","The access history in hive \??\C:\Users\arjo5004\AppData\Local\Packages\Microsoft.Paint_8wekyb3d8bbwe\SystemAppData\Helium\User.dat was cleared updating 35 keys and creating 3 modified pages."
"13-08-2026 18:12:54","16","Information","Microsoft-Windows-Kernel-General","The access history in hive \??\C:\ProgramData\Packages\Clipchamp.Clipchamp_yxz26nhyzhsrt\S-1-12-1-2357405129-1281513531-255772574-1816207334\SystemAppData\Helium\Cache\ea19da3ac36e3162_COM15.dat was cleared updating 1 keys and creating 1 modified pages."
"13-08-2026 18:12:54","16","Information","Microsoft-Windows-Kernel-General","The access history in hive \??\C:\Users\arjo5004\AppData\Local\Packages\Clipchamp.Clipchamp_yxz26nhyzhsrt\SystemAppData\Helium\UserClasses.dat was cleared updating 6 keys and creating 1 modified pages."
"13-08-2026 18:12:54","16","Information","Microsoft-Windows-Kernel-General","The access history in hive \??\C:\Users\arjo5004\AppData\Local\Packages\Clipchamp.Clipchamp_yxz26nhyzhsrt\SystemAppData\Helium\User.dat was cleared updating 1 keys and creating 1 modified pages."
"13-08-2026 18:00:32","566","Information","Microsoft-Windows-Kernel-Power","The system session has transitioned from 193 to 195.

Reason InputAccelerometer 

BootId: 35"
"13-08-2026 18:00:32","507","Information","Microsoft-Windows-Kernel-Power","The system is exiting Modern Standby 

Reason: Input Keyboard."
"13-08-2026 17:56:29","506","Information","Microsoft-Windows-Kernel-Power","The system is entering Modern Standby 

Reason: Idle Timeout."
"13-08-2026 17:56:29","566","Information","Microsoft-Windows-Kernel-Power","The system session has transitioned from 192 to 193.

Reason SessionUnlock 

BootId: 35"
"13-08-2026 17:32:00","5","Information","Microsoft-Windows-IsolatedUserMode","Secure Trustlet NULL Id 0 and Pid 0 started with status STATUS_SUCCESS."
"13-08-2026 17:32:00","2","Information","Microsoft-Windows-IsolatedUserMode","Secure Trustlet Id 0 and Pid 0 stopped with status STATUS_SUCCESS."
"13-08-2026 17:29:56","566","Information","Microsoft-Windows-Kernel-Power","The system session has transitioned from 190 to 192.

Reason InputAccelerometer 

BootId: 35"
"13-08-2026 17:29:56","507","Information","Microsoft-Windows-Kernel-Power","The system is exiting Modern Standby 

Reason: Input Keyboard."
"13-08-2026 17:18:19","506","Information","Microsoft-Windows-Kernel-Power","The system is entering Modern Standby 

Reason: Idle Timeout."
"13-08-2026 17:18:19","566","Information","Microsoft-Windows-Kernel-Power","The system session has transitioned from 189 to 190.

Reason SessionUnlock 

BootId: 35"
"13-08-2026 17:16:47","566","Information","Microsoft-Windows-Kernel-Power","The system session has transitioned from 187 to 189.

Reason InputAccelerometer 

BootId: 35"
"13-08-2026 17:16:47","507","Information","Microsoft-Windows-Kernel-Power","The system is exiting Modern Standby 

Reason: Input Keyboard."
"13-08-2026 17:15:53","506","Information","Microsoft-Windows-Kernel-Power","The system is entering Modern Standby 

Reason: Idle Timeout."
"13-08-2026 17:15:53","566","Information","Microsoft-Windows-Kernel-Power","The system session has transitioned from 186 to 187.

Reason SessionUnlock 

BootId: 35"
"13-08-2026 17:07:29","566","Information","Microsoft-Windows-Kernel-Power","The system session has transitioned from 184 to 186.

Reason InputHid 

BootId: 35"
"13-08-2026 17:07:29","507","Information","Microsoft-Windows-Kernel-Power","The system is exiting Modern Standby 

Reason: Input Mouse."
"13-08-2026 17:07:15","506","Information","Microsoft-Windows-Kernel-Power","The system is entering Modern Standby 

Reason: Idle Timeout."
"13-08-2026 17:07:15","566","Information","Microsoft-Windows-Kernel-Power","The system session has transitioned from 183 to 184.

Reason SessionUnlock 

BootId: 35"
"13-08-2026 16:57:26","566","Information","Microsoft-Windows-Kernel-Power","The system session has transitioned from 181 to 183.

Reason InputAccelerometer 

BootId: 35"
"13-08-2026 16:57:26","507","Information","Microsoft-Windows-Kernel-Power","The system is exiting Modern Standby 

Reason: Input Keyboard."
"13-08-2026 16:51:02","506","Information","Microsoft-Windows-Kernel-Power","The system is entering Modern Standby 

Reason: Idle Timeout."
"13-08-2026 16:51:02","566","Information","Microsoft-Windows-Kernel-Power","The system session has transitioned from 180 to 181.

Reason SessionUnlock 

BootId: 35"
"13-08-2026 16:32:52","16","Information","Microsoft-Windows-Kernel-General","The access history in hive \??\C:\Users\arjo5004\AppData\Local\Packages\Microsoft.Windows.Photos_8wekyb3d8bbwe\Settings\settings.dat was cleared updating 12 keys and creating 4 modified pages."
"13-08-2026 16:32:52","16","Information","Microsoft-Windows-Kernel-General","The access history in hive \??\C:\ProgramData\Packages\Microsoft.Windows.Photos_8wekyb3d8bbwe\S-1-12-1-2357405129-1281513531-255772574-1816207334\SystemAppData\Helium\Cache\6aee7d1d614fca38_COM15.dat was cleared updating 1 keys and creating 1 modified pages."
"13-08-2026 16:32:52","16","Information","Microsoft-Windows-Kernel-General","The access history in hive \??\C:\Users\arjo5004\AppData\Local\Packages\Microsoft.Windows.Photos_8wekyb3d8bbwe\SystemAppData\Helium\UserClasses.dat was cleared updating 21 keys and creating 4 modified pages."
"13-08-2026 16:32:52","16","Information","Microsoft-Windows-Kernel-General","The access history in hive \??\C:\Users\arjo5004\AppData\Local\Packages\Microsoft.Windows.Photos_8wekyb3d8bbwe\SystemAppData\Helium\User.dat was cleared updating 33 keys and creating 4 modified pages."
"13-08-2026 16:30:50","566","Information","Microsoft-Windows-Kernel-Power","The system session has transitioned from 178 to 180.

Reason InputAccelerometer 

BootId: 35"
"13-08-2026 16:30:50","507","Information","Microsoft-Windows-Kernel-Power","The system is exiting Modern Standby 

Reason: Input Keyboard."
"13-08-2026 16:26:04","506","Information","Microsoft-Windows-Kernel-Power","The system is entering Modern Standby 

Reason: Idle Timeout."
"13-08-2026 16:26:04","566","Information","Microsoft-Windows-Kernel-Power","The system session has transitioned from 177 to 178.

Reason SessionUnlock 

BootId: 35"
"13-08-2026 16:18:01","566","Information","Microsoft-Windows-Kernel-Power","The system session has transitioned from 175 to 177.

Reason InputAccelerometer 

BootId: 35"
"13-08-2026 16:18:01","507","Information","Microsoft-Windows-Kernel-Power","The system is exiting Modern Standby 

Reason: Input Keyboard."
"13-08-2026 16:15:17","506","Information","Microsoft-Windows-Kernel-Power","The system is entering Modern Standby 

Reason: Idle Timeout."
"13-08-2026 16:15:17","566","Information","Microsoft-Windows-Kernel-Power","The system session has transitioned from 174 to 175.

Reason SessionUnlock 

BootId: 35"
"13-08-2026 16:05:31","566","Information","Microsoft-Windows-Kernel-Power","The system session has transitioned from 172 to 174.

Reason InputAccelerometer 

BootId: 35"
"13-08-2026 16:05:31","507","Information","Microsoft-Windows-Kernel-Power","The system is exiting Modern Standby 

Reason: Input Keyboard."
"13-08-2026 16:05:08","506","Information","Microsoft-Windows-Kernel-Power","The system is entering Modern Standby 

Reason: Idle Timeout."
"13-08-2026 16:05:08","566","Information","Microsoft-Windows-Kernel-Power","The system session has transitioned from 171 to 172.

Reason SessionUnlock 

BootId: 35"
"13-08-2026 15:58:29","566","Information","Microsoft-Windows-Kernel-Power","The system session has transitioned from 169 to 171.

Reason InputAccelerometer 

BootId: 35"
"13-08-2026 15:58:29","507","Information","Microsoft-Windows-Kernel-Power","The system is exiting Modern Standby 

Reason: Input Keyboard."
"13-08-2026 15:56:03","506","Information","Microsoft-Windows-Kernel-Power","The system is entering Modern Standby 

Reason: Idle Timeout."
"13-08-2026 15:56:03","566","Information","Microsoft-Windows-Kernel-Power","The system session has transitioned from 168 to 169.

Reason SessionUnlock 

BootId: 35"
"13-08-2026 15:35:19","7040","Information","Service Control Manager","The start type of the Background Intelligent Transfer Service service was changed from auto start to demand start."
"13-08-2026 15:33:13","7040","Information","Service Control Manager","The start type of the Background Intelligent Transfer Service service was changed from demand start to auto start."
"13-08-2026 15:31:33","16","Information","Microsoft-Windows-Kernel-General","The access history in hive \??\C:\Users\arjo5004\AppData\Local\Packages\Microsoft.WindowsNotepad_8wekyb3d8bbwe\Settings\settings.dat was cleared updating 2 keys and creating 1 modified pages."
"13-08-2026 15:24:09","2","Information","Microsoft-Windows-IsolatedUserMode","Secure Trustlet Id 4 and Pid 35176 stopped with status STATUS_SUCCESS."
"13-08-2026 15:17:51","1","Information","Microsoft-Windows-IsolatedUserMode","Secure Trustlet \??\C:\Windows\system32\BioIso.exe Id 4 and Pid 35176 started with status STATUS_SUCCESS."
"13-08-2026 15:17:51","5","Information","Microsoft-Windows-IsolatedUserMode","Secure Trustlet NULL Id 0 and Pid 0 started with status STATUS_SUCCESS."
"13-08-2026 15:10:55","7040","Information","Service Control Manager","The start type of the Background Intelligent Transfer Service service was changed from auto start to demand start."
"13-08-2026 15:08:39","7040","Information","Service Control Manager","The start type of the Background Intelligent Transfer Service service was changed from demand start to auto start."
"13-08-2026 14:54:49","7040","Information","Service Control Manager","The start type of the Background Intelligent Transfer Service service was changed from auto start to demand start."
"13-08-2026 14:52:44","7040","Information","Service Control Manager","The start type of the Background Intelligent Transfer Service service was changed from demand start to auto start."
"13-08-2026 14:23:01","16","Information","Microsoft-Windows-Kernel-General","The access history in hive \??\C:\Users\arjo5004\AppData\Local\Packages\Microsoft.ScreenSketch_8wekyb3d8bbwe\Settings\settings.dat was cleared updating 2 keys and creating 1 modified pages."
"13-08-2026 14:23:00","16","Information","Microsoft-Windows-Kernel-General","The access history in hive \??\C:\ProgramData\Packages\Microsoft.ScreenSketch_8wekyb3d8bbwe\S-1-12-1-2357405129-1281513531-255772574-1816207334\SystemAppData\Helium\Cache\3e5065552186b12f_COM15.dat was cleared updating 1 keys and creating 1 modified pages."
"13-08-2026 14:23:00","16","Information","Microsoft-Windows-Kernel-General","The access history in hive \??\C:\Users\arjo5004\AppData\Local\Packages\Microsoft.ScreenSketch_8wekyb3d8bbwe\SystemAppData\Helium\UserClasses.dat was cleared updating 5 keys and creating 2 modified pages."
"13-08-2026 14:23:00","16","Information","Microsoft-Windows-Kernel-General","The access history in hive \??\C:\Users\arjo5004\AppData\Local\Packages\Microsoft.ScreenSketch_8wekyb3d8bbwe\SystemAppData\Helium\User.dat was cleared updating 1 keys and creating 1 modified pages."
"13-08-2026 14:10:53","566","Information","Microsoft-Windows-Kernel-Power","The system session has transitioned from 166 to 168.

Reason InputAccelerometer 

BootId: 35"
"13-08-2026 14:10:53","507","Information","Microsoft-Windows-Kernel-Power","The system is exiting Modern Standby 

Reason: Input Keyboard."
"13-08-2026 13:58:14","1","Information","Microsoft-Windows-Kernel-General","The system time has changed to ‎2026‎-‎08‎-‎13T08:28:14.981628600Z from ‎2026‎-‎08‎-‎13T08:28:14.981713600Z.
Time Delta: 0 ms

Change Reason: An application or system component changed the time.
Process: '\Device\HarddiskVolume3\Windows\System32\svchost.exe' (PID 18664).

RTC time: ‎2026‎-‎08‎-‎13T13:58:14.981628600Z
Current time zone bias: -330
RTC time is in UTC: false
System time was based on RTC time: false"
"13-08-2026 13:58:14","21","Error","Microsoft-Windows-HAL","The hardware real-time clock was not set because evaluation of the ACPI Time and Alarm Device method failed.  Status: 0xC00000BB."
"13-08-2026 13:58:14","20","Error","Microsoft-Windows-HAL","The hardware real-time clock was not queried because evaluation of the ACPI Time and Alarm Device method failed.  Status: 0xC00000BB."
"13-08-2026 13:58:14","24","Information","Microsoft-Windows-Kernel-General","The time zone information was refreshed with exit reason 0. Current time zone bias is -330."
"13-08-2026 13:58:14","35","Information","Microsoft-Windows-Time-Service","The time service is now synchronizing the system time with the time source time.windows.com,0x9 (ntp.m|0x9|0.0.0.0:123->40.81.94.65:123) with reference id 1096700200. Current local stratum number is 5."
"13-08-2026 13:57:59","37","Information","Microsoft-Windows-Time-Service","The time provider NtpClient is currently receiving valid time data from time.windows.com,0x9 (ntp.m|0x9|0.0.0.0:123->40.81.94.65:123)."
"13-08-2026 13:54:55","7040","Information","Service Control Manager","The start type of the Background Intelligent Transfer Service service was changed from auto start to demand start."
"13-08-2026 13:52:47","7040","Information","Service Control Manager","The start type of the Background Intelligent Transfer Service service was changed from demand start to auto start."
"13-08-2026 13:11:37","506","Information","Microsoft-Windows-Kernel-Power","The system is entering Modern Standby 

Reason: Idle Timeout."
"13-08-2026 13:11:37","566","Information","Microsoft-Windows-Kernel-Power","The system session has transitioned from 165 to 166.

Reason SessionUnlock 

BootId: 35"
"13-08-2026 13:08:39","16","Information","Microsoft-Windows-Kernel-General","The access history in hive \??\C:\Users\arjo5004\AppData\Local\Packages\Microsoft.CompanyPortal_8wekyb3d8bbwe\SystemAppData\Helium\UserClasses.dat was cleared updating 1 keys and creating 1 modified pages."
"13-08-2026 13:08:39","16","Information","Microsoft-Windows-Kernel-General","The access history in hive \??\C:\Users\arjo5004\AppData\Local\Packages\Microsoft.CompanyPortal_8wekyb3d8bbwe\SystemAppData\Helium\User.dat was cleared updating 1 keys and creating 1 modified pages."
"13-08-2026 12:44:08","566","Information","Microsoft-Windows-Kernel-Power","The system session has transitioned from 163 to 165.

Reason InputHid 

BootId: 35"
"13-08-2026 12:44:08","507","Information","Microsoft-Windows-Kernel-Power","The system is exiting Modern Standby 

Reason: Input Mouse."
"13-08-2026 12:29:23","701","Warning","Win32k","Power Manager has not requested suppression of all input (INPUT_SUPPRESS_REQUEST=0)"
"13-08-2026 12:29:23","506","Information","Microsoft-Windows-Kernel-Power","The system is entering Modern Standby 

Reason: AC/DC Display Burst Suppressed."
"13-08-2026 12:29:23","566","Information","Microsoft-Windows-Kernel-Power","The system session has transitioned from 161 to 163.

Reason InputMouse 

BootId: 35"
"13-08-2026 12:29:23","507","Information","Microsoft-Windows-Kernel-Power","The system is exiting Modern Standby 

Reason: AC/DC Display Burst Suppressed."
"13-08-2026 12:29:23","701","Warning","Win32k","Power Manager has not requested suppression of all input (INPUT_SUPPRESS_REQUEST=0)"
"13-08-2026 12:29:23","105","Information","Microsoft-Windows-Kernel-Power","Power source change."
"13-08-2026 12:29:20","7003","Information","Netwaw18","7003 - Wi-Fi Driver Info"
"13-08-2026 12:29:20","7021","Information","Netwaw18","7021 - Wi-Fi Driver Info"
"13-08-2026 12:29:11","7003","Information","Netwaw18","7003 - Wi-Fi Driver Info"
"13-08-2026 12:29:11","7021","Information","Netwaw18","7021 - Wi-Fi Driver Info"
"13-08-2026 12:29:00","113","Information","Microsoft-Windows-HttpService","Attempted to add URL (http://+:5160/Licensing/Discovery/) to URL group (0xF900000720000001). Status: 0x0. Process Id 0x11CC Executable path \Device\HarddiskVolume3\Program Files\Seagull\BarTender 11.5\Licensing.Service.exe, User S-1-5-18"
"13-08-2026 12:29:00","111","Information","Microsoft-Windows-HttpService","Create URL group 0xF900000720000001. Status 0x0. Process Id 0x11CC Executable path \Device\HarddiskVolume3\Program Files\Seagull\BarTender 11.5\Licensing.Service.exe, User S-1-5-18"
"13-08-2026 12:29:00","113","Information","Microsoft-Windows-HttpService","Attempted to add URL (http://+:5160/Licensing/Discovery_v4/) to URL group (0xFB00000720000001). Status: 0x0. Process Id 0x11CC Executable path \Device\HarddiskVolume3\Program Files\Seagull\BarTender 11.5\Licensing.Service.exe, User S-1-5-18"
"13-08-2026 12:29:00","111","Information","Microsoft-Windows-HttpService","Create URL group 0xFB00000720000001. Status 0x0. Process Id 0x11CC Executable path \Device\HarddiskVolume3\Program Files\Seagull\BarTender 11.5\Licensing.Service.exe, User S-1-5-18"
"13-08-2026 12:29:00","117","Information","Microsoft-Windows-HttpService","Delete URL group 0xFC00000420000001. Status 0x0. Process Id 0x11CC Executable path \Device\HarddiskVolume3\Program Files\Seagull\BarTender 11.5\Licensing.Service.exe, User S-1-5-18"
"13-08-2026 12:29:00","114","Information","Microsoft-Windows-HttpService","Removed URL (http://+:5160/Licensing/Discovery/) from URL group (0xFC00000420000001). Process Id 0x11CC Executable path \Device\HarddiskVolume3\Program Files\Seagull\BarTender 11.5\Licensing.Service.exe, User S-1-5-18"
"13-08-2026 12:29:00","117","Information","Microsoft-Windows-HttpService","Delete URL group 0xFD00000620000002. Status 0x0. Process Id 0x11CC Executable path \Device\HarddiskVolume3\Program Files\Seagull\BarTender 11.5\Licensing.Service.exe, User S-1-5-18"
