"13-08-2026 12:29:00","114","Information","Microsoft-Windows-HttpService","Removed URL (http://+:5160/Licensing/Discovery_v4/) from URL group (0xFD00000620000002). Process Id 0x11CC Executable path \Device\HarddiskVolume3\Program Files\Seagull\BarTender 11.5\Licensing.Service.exe, User S-1-5-18"
"13-08-2026 12:28:56","7021","Information","Netwaw18","7021 - Wi-Fi Driver Info"
"13-08-2026 12:28:54","7021","Information","Netwaw18","7021 - Wi-Fi Driver Info"
"13-08-2026 12:28:54","7021","Information","Netwaw18","7021 - Wi-Fi Driver Info"
"13-08-2026 12:28:54","7021","Information","Netwaw18","7021 - Wi-Fi Driver Info"
"13-08-2026 12:28:54","7021","Information","Netwaw18","7021 - Wi-Fi Driver Info"
"13-08-2026 12:28:54","7021","Information","Netwaw18","7021 - Wi-Fi Driver Info"
"13-08-2026 12:28:54","7021","Information","Netwaw18","7021 - Wi-Fi Driver Info"
"13-08-2026 12:28:54","7021","Information","Netwaw18","7021 - Wi-Fi Driver Info"
"13-08-2026 12:28:53","7021","Information","Netwaw18","7021 - Wi-Fi Driver Info"
"13-08-2026 12:28:53","7021","Information","Netwaw18","7021 - Wi-Fi Driver Info"
"13-08-2026 12:28:53","7021","Information","Netwaw18","7021 - Wi-Fi Driver Info"
"13-08-2026 12:28:53","7021","Information","Netwaw18","7021 - Wi-Fi Driver Info"
"13-08-2026 12:28:53","7021","Information","Netwaw18","7021 - Wi-Fi Driver Info"
"13-08-2026 12:28:53","7021","Information","Netwaw18","7021 - Wi-Fi Driver Info"
"13-08-2026 12:28:53","7021","Information","Netwaw18","7021 - Wi-Fi Driver Info"
"13-08-2026 12:28:53","7021","Information","Netwaw18","7021 - Wi-Fi Driver Info"
"13-08-2026 12:28:52","7021","Information","Netwaw18","7021 - Wi-Fi Driver Info"
"13-08-2026 12:28:52","7021","Information","Netwaw18","7021 - Wi-Fi Driver Info"
"13-08-2026 12:28:52","7021","Information","Netwaw18","7021 - Wi-Fi Driver Info"
"13-08-2026 12:28:52","7021","Information","Netwaw18","7021 - Wi-Fi Driver Info"
"13-08-2026 12:28:52","7021","Information","Netwaw18","7021 - Wi-Fi Driver Info"
"13-08-2026 12:28:52","7021","Information","Netwaw18","7021 - Wi-Fi Driver Info"
"13-08-2026 12:28:52","7021","Information","Netwaw18","7021 - Wi-Fi Driver Info"
"13-08-2026 12:28:51","7021","Information","Netwaw18","7021 - Wi-Fi Driver Info"
"13-08-2026 12:28:51","7021","Information","Netwaw18","7021 - Wi-Fi Driver Info"
"13-08-2026 12:28:51","7021","Information","Netwaw18","7021 - Wi-Fi Driver Info"
"13-08-2026 12:28:51","7021","Information","Netwaw18","7021 - Wi-Fi Driver Info"
"13-08-2026 12:28:51","7021","Information","Netwaw18","7021 - Wi-Fi Driver Info"
"13-08-2026 12:28:51","7021","Information","Netwaw18","7021 - Wi-Fi Driver Info"
"13-08-2026 12:28:44","7021","Information","Netwaw18","7021 - Wi-Fi Driver Info"
"13-08-2026 12:28:44","7021","Information","Netwaw18","7021 - Wi-Fi Driver Info"
"13-08-2026 12:28:44","7021","Information","Netwaw18","7021 - Wi-Fi Driver Info"
"13-08-2026 12:28:44","7021","Information","Netwaw18","7021 - Wi-Fi Driver Info"
"13-08-2026 12:28:44","7021","Information","Netwaw18","7021 - Wi-Fi Driver Info"
"13-08-2026 12:28:44","7021","Information","Netwaw18","7021 - Wi-Fi Driver Info"
"13-08-2026 12:28:44","7021","Information","Netwaw18","7021 - Wi-Fi Driver Info"
"13-08-2026 12:28:43","7021","Information","Netwaw18","7021 - Wi-Fi Driver Info"
"13-08-2026 12:28:43","7021","Information","Netwaw18","7021 - Wi-Fi Driver Info"
"13-08-2026 12:28:43","7021","Information","Netwaw18","7021 - Wi-Fi Driver Info"
"13-08-2026 12:28:43","7021","Information","Netwaw18","7021 - Wi-Fi Driver Info"
"13-08-2026 12:28:43","7021","Information","Netwaw18","7021 - Wi-Fi Driver Info"
"13-08-2026 12:28:43","7021","Information","Netwaw18","7021 - Wi-Fi Driver Info"
"13-08-2026 12:28:43","7021","Information","Netwaw18","7021 - Wi-Fi Driver Info"
"13-08-2026 12:28:42","7021","Information","Netwaw18","7021 - Wi-Fi Driver Info"
"13-08-2026 12:28:42","7021","Information","Netwaw18","7021 - Wi-Fi Driver Info"
"13-08-2026 12:28:42","7021","Information","Netwaw18","7021 - Wi-Fi Driver Info"
"13-08-2026 12:28:42","7021","Information","Netwaw18","7021 - Wi-Fi Driver Info"
"13-08-2026 12:28:42","7021","Information","Netwaw18","7021 - Wi-Fi Driver Info"
"13-08-2026 12:28:42","7021","Information","Netwaw18","7021 - Wi-Fi Driver Info"
"13-08-2026 12:28:42","7021","Information","Netwaw18","7021 - Wi-Fi Driver Info"
"13-08-2026 12:28:42","7021","Information","Netwaw18","7021 - Wi-Fi Driver Info"
"13-08-2026 12:28:41","7021","Information","Netwaw18","7021 - Wi-Fi Driver Info"
"13-08-2026 12:28:41","7021","Information","Netwaw18","7021 - Wi-Fi Driver Info"
"13-08-2026 12:28:41","7021","Information","Netwaw18","7021 - Wi-Fi Driver Info"
"13-08-2026 12:28:41","7021","Information","Netwaw18","7021 - Wi-Fi Driver Info"
"13-08-2026 12:28:41","7021","Information","Netwaw18","7021 - Wi-Fi Driver Info"
"13-08-2026 12:28:41","7021","Information","Netwaw18","7021 - Wi-Fi Driver Info"
"13-08-2026 12:28:36","7003","Information","Netwaw18","7003 - Wi-Fi Driver Info"
"13-08-2026 12:28:34","7021","Information","Netwaw18","7021 - Wi-Fi Driver Info"
"13-08-2026 12:28:33","7021","Information","Netwaw18","7021 - Wi-Fi Driver Info"
"13-08-2026 12:28:33","7021","Information","Netwaw18","7021 - Wi-Fi Driver Info"
"13-08-2026 12:28:33","7021","Information","Netwaw18","7021 - Wi-Fi Driver Info"
"13-08-2026 12:28:33","7021","Information","Netwaw18","7021 - Wi-Fi Driver Info"
"13-08-2026 12:28:33","7021","Information","Netwaw18","7021 - Wi-Fi Driver Info"
"13-08-2026 12:28:33","7021","Information","Netwaw18","7021 - Wi-Fi Driver Info"
"13-08-2026 12:28:33","7021","Information","Netwaw18","7021 - Wi-Fi Driver Info"
"13-08-2026 12:28:33","7021","Information","Netwaw18","7021 - Wi-Fi Driver Info"
"13-08-2026 12:28:31","7021","Information","Netwaw18","7021 - Wi-Fi Driver Info"
"13-08-2026 12:28:31","7021","Information","Netwaw18","7021 - Wi-Fi Driver Info"
"13-08-2026 12:28:31","7021","Information","Netwaw18","7021 - Wi-Fi Driver Info"
"13-08-2026 12:28:30","7021","Information","Netwaw18","7021 - Wi-Fi Driver Info"
"13-08-2026 12:28:30","7021","Information","Netwaw18","7021 - Wi-Fi Driver Info"
"13-08-2026 12:28:30","7021","Information","Netwaw18","7021 - Wi-Fi Driver Info"
"13-08-2026 12:28:30","7021","Information","Netwaw18","7021 - Wi-Fi Driver Info"
"13-08-2026 12:28:30","7021","Information","Netwaw18","7021 - Wi-Fi Driver Info"
"13-08-2026 12:28:30","7021","Information","Netwaw18","7021 - Wi-Fi Driver Info"
"13-08-2026 12:28:30","7021","Information","Netwaw18","7021 - Wi-Fi Driver Info"
"13-08-2026 12:28:29","7021","Information","Netwaw18","7021 - Wi-Fi Driver Info"
"13-08-2026 12:28:29","7021","Information","Netwaw18","7021 - Wi-Fi Driver Info"
"13-08-2026 12:28:29","7021","Information","Netwaw18","7021 - Wi-Fi Driver Info"
"13-08-2026 12:28:29","7021","Information","Netwaw18","7021 - Wi-Fi Driver Info"
"13-08-2026 12:28:29","7021","Information","Netwaw18","7021 - Wi-Fi Driver Info"
"13-08-2026 12:28:29","7021","Information","Netwaw18","7021 - Wi-Fi Driver Info"
"13-08-2026 12:28:29","7021","Information","Netwaw18","7021 - Wi-Fi Driver Info"
"13-08-2026 12:28:28","7021","Information","Netwaw18","7021 - Wi-Fi Driver Info"
"13-08-2026 12:28:28","7021","Information","Netwaw18","7021 - Wi-Fi Driver Info"
"13-08-2026 12:28:28","7021","Information","Netwaw18","7021 - Wi-Fi Driver Info"
"13-08-2026 12:28:28","7021","Information","Netwaw18","7021 - Wi-Fi Driver Info"
"13-08-2026 12:28:28","7021","Information","Netwaw18","7021 - Wi-Fi Driver Info"
"13-08-2026 12:28:28","7021","Information","Netwaw18","7021 - Wi-Fi Driver Info"
"13-08-2026 12:28:27","7021","Information","Netwaw18","7021 - Wi-Fi Driver Info"
"13-08-2026 12:28:27","7021","Information","Netwaw18","7021 - Wi-Fi Driver Info"
"13-08-2026 12:28:27","7021","Information","Netwaw18","7021 - Wi-Fi Driver Info"
"13-08-2026 12:28:27","7021","Information","Netwaw18","7021 - Wi-Fi Driver Info"
"13-08-2026 12:28:27","7021","Information","Netwaw18","7021 - Wi-Fi Driver Info"
"13-08-2026 12:28:26","7021","Information","Netwaw18","7021 - Wi-Fi Driver Info"
"13-08-2026 12:28:26","7021","Information","Netwaw18","7021 - Wi-Fi Driver Info"
"13-08-2026 12:28:19","7003","Information","Netwaw18","7003 - Wi-Fi Driver Info"
"13-08-2026 12:28:19","7021","Information","Netwaw18","7021 - Wi-Fi Driver Info"
"13-08-2026 12:22:50","7003","Information","Netwaw18","7003 - Wi-Fi Driver Info"
"13-08-2026 12:22:50","7021","Information","Netwaw18","7021 - Wi-Fi Driver Info"
"13-08-2026 12:22:14","700","Warning","Win32k","Power Manager has requested suppression of all input (INPUT_SUPPRESS_REQUEST=1)"
"13-08-2026 12:22:14","506","Information","Microsoft-Windows-Kernel-Power","The system is entering Modern Standby 

Reason: Idle Timeout."
"13-08-2026 12:22:14","566","Information","Microsoft-Windows-Kernel-Power","The system session has transitioned from 160 to 161.

Reason SessionUnlock 

BootId: 35"
"13-08-2026 12:22:14","700","Warning","Win32k","Power Manager has requested suppression of all input (INPUT_SUPPRESS_REQUEST=1)"
"13-08-2026 12:12:15","566","Information","Microsoft-Windows-Kernel-Power","The system session has transitioned from 158 to 160.

Reason PolicyChange 

BootId: 35"
"13-08-2026 12:12:15","507","Information","Microsoft-Windows-Kernel-Power","The system is exiting Modern Standby 

Reason: Lid."
"13-08-2026 12:12:14","701","Warning","Win32k","Power Manager has not requested suppression of all input (INPUT_SUPPRESS_REQUEST=0)"
"13-08-2026 12:12:14","701","Warning","Win32k","Power Manager has not requested suppression of all input (INPUT_SUPPRESS_REQUEST=0)"
"13-08-2026 12:03:30","20","Error","Microsoft-Windows-WindowsUpdateClient","Installation Failure: Windows failed to install the following update with error 0x80073D02: 9WZDNCRD29V9-MICROSOFT.MICROSOFTOFFICEHUB."
"13-08-2026 12:03:29","43","Information","Microsoft-Windows-WindowsUpdateClient","Installation Started: Windows has started installing the following update: 9WZDNCRD29V9-MICROSOFT.MICROSOFTOFFICEHUB"
"13-08-2026 12:03:28","16","Information","Microsoft-Windows-Kernel-General","The access history in hive \??\C:\ProgramData\Microsoft\Windows\AppRepository\Packages\Microsoft.MicrosoftOfficeHub_19.2608.39011.0_x64__8wekyb3d8bbwe\ActivationStore.dat was cleared updating 0 keys and creating 0 modified pages."
"13-08-2026 12:02:53","44","Information","Microsoft-Windows-WindowsUpdateClient","Windows Update started downloading an update."
"13-08-2026 12:02:45","44","Information","Microsoft-Windows-WindowsUpdateClient","Windows Update started downloading an update."
"13-08-2026 12:02:34","44","Information","Microsoft-Windows-WindowsUpdateClient","Windows Update started downloading an update."
"13-08-2026 12:02:26","44","Information","Microsoft-Windows-WindowsUpdateClient","Windows Update started downloading an update."
"13-08-2026 12:02:23","700","Warning","Win32k","Power Manager has requested suppression of all input (INPUT_SUPPRESS_REQUEST=1)"
"13-08-2026 12:02:23","506","Information","Microsoft-Windows-Kernel-Power","The system is entering Modern Standby 

Reason: Idle Timeout."
"13-08-2026 12:02:23","566","Information","Microsoft-Windows-Kernel-Power","The system session has transitioned from 157 to 158.

Reason SessionUnlock 

BootId: 35"
"13-08-2026 12:02:23","700","Warning","Win32k","Power Manager has requested suppression of all input (INPUT_SUPPRESS_REQUEST=1)"
"13-08-2026 12:02:05","98","Information","Microsoft-Windows-Ntfs","Volume OS (\Device\HarddiskVolumeShadowCopy4) is healthy.  No action is needed."
"13-08-2026 12:00:00","6013","Information","EventLog","The system uptime is 172660 seconds."
"13-08-2026 11:59:28","7003","Information","Netwaw18","7003 - Wi-Fi Driver Info"
"13-08-2026 11:59:28","7021","Information","Netwaw18","7021 - Wi-Fi Driver Info"
"13-08-2026 11:58:15","113","Information","Microsoft-Windows-HttpService","Attempted to add URL (http://+:5160/Licensing/Discovery/) to URL group (0xFC00000420000001). Status: 0x0. Process Id 0x11CC Executable path \Device\HarddiskVolume3\Program Files\Seagull\BarTender 11.5\Licensing.Service.exe, User S-1-5-18"
"13-08-2026 11:58:15","111","Information","Microsoft-Windows-HttpService","Create URL group 0xFC00000420000001. Status 0x0. Process Id 0x11CC Executable path \Device\HarddiskVolume3\Program Files\Seagull\BarTender 11.5\Licensing.Service.exe, User S-1-5-18"
"13-08-2026 11:58:15","113","Information","Microsoft-Windows-HttpService","Attempted to add URL (http://+:5160/Licensing/Discovery_v4/) to URL group (0xFD00000620000002). Status: 0x0. Process Id 0x11CC Executable path \Device\HarddiskVolume3\Program Files\Seagull\BarTender 11.5\Licensing.Service.exe, User S-1-5-18"
"13-08-2026 11:58:15","111","Information","Microsoft-Windows-HttpService","Create URL group 0xFD00000620000002. Status 0x0. Process Id 0x11CC Executable path \Device\HarddiskVolume3\Program Files\Seagull\BarTender 11.5\Licensing.Service.exe, User S-1-5-18"
"13-08-2026 11:58:15","117","Information","Microsoft-Windows-HttpService","Delete URL group 0xFC00000620000001. Status 0x0. Process Id 0x11CC Executable path \Device\HarddiskVolume3\Program Files\Seagull\BarTender 11.5\Licensing.Service.exe, User S-1-5-18"
"13-08-2026 11:58:15","114","Information","Microsoft-Windows-HttpService","Removed URL (http://+:5160/Licensing/Discovery/) from URL group (0xFC00000620000001). Process Id 0x11CC Executable path \Device\HarddiskVolume3\Program Files\Seagull\BarTender 11.5\Licensing.Service.exe, User S-1-5-18"
"13-08-2026 11:58:15","117","Information","Microsoft-Windows-HttpService","Delete URL group 0xFE00000320000001. Status 0x0. Process Id 0x11CC Executable path \Device\HarddiskVolume3\Program Files\Seagull\BarTender 11.5\Licensing.Service.exe, User S-1-5-18"
"13-08-2026 11:58:15","114","Information","Microsoft-Windows-HttpService","Removed URL (http://+:5160/Licensing/Discovery_v4/) from URL group (0xFE00000320000001). Process Id 0x11CC Executable path \Device\HarddiskVolume3\Program Files\Seagull\BarTender 11.5\Licensing.Service.exe, User S-1-5-18"
"13-08-2026 11:58:08","7021","Information","Netwaw18","7021 - Wi-Fi Driver Info"
"13-08-2026 11:58:07","7021","Information","Netwaw18","7021 - Wi-Fi Driver Info"
"13-08-2026 11:58:07","7021","Information","Netwaw18","7021 - Wi-Fi Driver Info"
"13-08-2026 11:58:07","7021","Information","Netwaw18","7021 - Wi-Fi Driver Info"
"13-08-2026 11:58:07","7021","Information","Netwaw18","7021 - Wi-Fi Driver Info"
"13-08-2026 11:58:07","7021","Information","Netwaw18","7021 - Wi-Fi Driver Info"
"13-08-2026 11:58:06","7021","Information","Netwaw18","7021 - Wi-Fi Driver Info"
"13-08-2026 11:58:06","7021","Information","Netwaw18","7021 - Wi-Fi Driver Info"
"13-08-2026 11:58:06","7021","Information","Netwaw18","7021 - Wi-Fi Driver Info"
"13-08-2026 11:58:06","7021","Information","Netwaw18","7021 - Wi-Fi Driver Info"
"13-08-2026 11:58:06","7021","Information","Netwaw18","7021 - Wi-Fi Driver Info"
"13-08-2026 11:58:06","7021","Information","Netwaw18","7021 - Wi-Fi Driver Info"
"13-08-2026 11:58:06","7021","Information","Netwaw18","7021 - Wi-Fi Driver Info"
"13-08-2026 11:58:05","7021","Information","Netwaw18","7021 - Wi-Fi Driver Info"
"13-08-2026 11:58:05","7021","Information","Netwaw18","7021 - Wi-Fi Driver Info"
"13-08-2026 11:58:05","7021","Information","Netwaw18","7021 - Wi-Fi Driver Info"
"13-08-2026 11:58:05","7021","Information","Netwaw18","7021 - Wi-Fi Driver Info"
"13-08-2026 11:58:05","7021","Information","Netwaw18","7021 - Wi-Fi Driver Info"
"13-08-2026 11:58:05","7021","Information","Netwaw18","7021 - Wi-Fi Driver Info"
"13-08-2026 11:58:05","7021","Information","Netwaw18","7021 - Wi-Fi Driver Info"
"13-08-2026 11:58:04","7021","Information","Netwaw18","7021 - Wi-Fi Driver Info"
"13-08-2026 11:58:04","7021","Information","Netwaw18","7021 - Wi-Fi Driver Info"
"13-08-2026 11:58:04","7021","Information","Netwaw18","7021 - Wi-Fi Driver Info"
"13-08-2026 11:58:04","7021","Information","Netwaw18","7021 - Wi-Fi Driver Info"
"13-08-2026 11:58:04","7021","Information","Netwaw18","7021 - Wi-Fi Driver Info"
"13-08-2026 11:58:04","7021","Information","Netwaw18","7021 - Wi-Fi Driver Info"
"13-08-2026 11:58:04","7021","Information","Netwaw18","7021 - Wi-Fi Driver Info"
"13-08-2026 11:58:03","7021","Information","Netwaw18","7021 - Wi-Fi Driver Info"
"13-08-2026 11:58:03","7021","Information","Netwaw18","7021 - Wi-Fi Driver Info"
"13-08-2026 11:58:03","7021","Information","Netwaw18","7021 - Wi-Fi Driver Info"
"13-08-2026 11:58:03","7021","Information","Netwaw18","7021 - Wi-Fi Driver Info"
"13-08-2026 11:58:03","7021","Information","Netwaw18","7021 - Wi-Fi Driver Info"
"13-08-2026 11:58:03","7021","Information","Netwaw18","7021 - Wi-Fi Driver Info"
"13-08-2026 11:58:03","7021","Information","Netwaw18","7021 - Wi-Fi Driver Info"
"13-08-2026 11:58:02","7021","Information","Netwaw18","7021 - Wi-Fi Driver Info"
"13-08-2026 11:58:02","7021","Information","Netwaw18","7021 - Wi-Fi Driver Info"
"13-08-2026 11:58:02","7021","Information","Netwaw18","7021 - Wi-Fi Driver Info"
"13-08-2026 11:58:01","1014","Warning","Microsoft-Windows-DNS-Client","Name resolution for the name gateway.zscalertwo.net timed out after none of the configured DNS servers responded. Client PID 19356."
"13-08-2026 11:57:57","7021","Information","Netwaw18","7021 - Wi-Fi Driver Info"
"13-08-2026 11:57:57","7021","Information","Netwaw18","7021 - Wi-Fi Driver Info"
"13-08-2026 11:57:57","7021","Information","Netwaw18","7021 - Wi-Fi Driver Info"
"13-08-2026 11:57:57","7021","Information","Netwaw18","7021 - Wi-Fi Driver Info"
"13-08-2026 11:57:56","7021","Information","Netwaw18","7021 - Wi-Fi Driver Info"
"13-08-2026 11:57:56","7021","Information","Netwaw18","7021 - Wi-Fi Driver Info"
"13-08-2026 11:57:56","7021","Information","Netwaw18","7021 - Wi-Fi Driver Info"
"13-08-2026 11:57:56","7021","Information","Netwaw18","7021 - Wi-Fi Driver Info"
"13-08-2026 11:57:56","7021","Information","Netwaw18","7021 - Wi-Fi Driver Info"
"13-08-2026 11:57:56","7021","Information","Netwaw18","7021 - Wi-Fi Driver Info"
"13-08-2026 11:57:56","7021","Information","Netwaw18","7021 - Wi-Fi Driver Info"
"13-08-2026 11:57:55","7021","Information","Netwaw18","7021 - Wi-Fi Driver Info"
"13-08-2026 11:57:55","7021","Information","Netwaw18","7021 - Wi-Fi Driver Info"
"13-08-2026 11:57:55","7021","Information","Netwaw18","7021 - Wi-Fi Driver Info"
"13-08-2026 11:57:55","7021","Information","Netwaw18","7021 - Wi-Fi Driver Info"
"13-08-2026 11:57:55","7021","Information","Netwaw18","7021 - Wi-Fi Driver Info"
"13-08-2026 11:57:55","7021","Information","Netwaw18","7021 - Wi-Fi Driver Info"
"13-08-2026 11:57:55","7021","Information","Netwaw18","7021 - Wi-Fi Driver Info"
"13-08-2026 11:57:54","7021","Information","Netwaw18","7021 - Wi-Fi Driver Info"
"13-08-2026 11:57:54","7021","Information","Netwaw18","7021 - Wi-Fi Driver Info"
"13-08-2026 11:57:54","7021","Information","Netwaw18","7021 - Wi-Fi Driver Info"
"13-08-2026 11:57:54","7021","Information","Netwaw18","7021 - Wi-Fi Driver Info"
"13-08-2026 11:57:54","7021","Information","Netwaw18","7021 - Wi-Fi Driver Info"
"13-08-2026 11:57:54","7021","Information","Netwaw18","7021 - Wi-Fi Driver Info"
"13-08-2026 11:57:54","7021","Information","Netwaw18","7021 - Wi-Fi Driver Info"
"13-08-2026 11:57:54","7021","Information","Netwaw18","7021 - Wi-Fi Driver Info"
"13-08-2026 11:57:53","7021","Information","Netwaw18","7021 - Wi-Fi Driver Info"
"13-08-2026 11:57:53","7021","Information","Netwaw18","7021 - Wi-Fi Driver Info"
"13-08-2026 11:57:53","7021","Information","Netwaw18","7021 - Wi-Fi Driver Info"
"13-08-2026 11:57:53","7021","Information","Netwaw18","7021 - Wi-Fi Driver Info"
"13-08-2026 11:57:53","7021","Information","Netwaw18","7021 - Wi-Fi Driver Info"
"13-08-2026 11:57:53","7021","Information","Netwaw18","7021 - Wi-Fi Driver Info"
"13-08-2026 11:57:53","7021","Information","Netwaw18","7021 - Wi-Fi Driver Info"
"13-08-2026 11:57:52","7021","Information","Netwaw18","7021 - Wi-Fi Driver Info"
"13-08-2026 11:57:52","7021","Information","Netwaw18","7021 - Wi-Fi Driver Info"
"13-08-2026 11:57:52","7021","Information","Netwaw18","7021 - Wi-Fi Driver Info"
"13-08-2026 11:57:34","7003","Information","Netwaw18","7003 - Wi-Fi Driver Info"
"13-08-2026 11:57:34","7021","Information","Netwaw18","7021 - Wi-Fi Driver Info"
"13-08-2026 11:56:15","7003","Information","Netwaw18","7003 - Wi-Fi Driver Info"
"13-08-2026 11:56:15","7021","Information","Netwaw18","7021 - Wi-Fi Driver Info"
"13-08-2026 11:56:06","105","Information","Microsoft-Windows-Kernel-Power","Power source change."
"13-08-2026 11:13:51","16","Information","Microsoft-Windows-Kernel-General","The access history in hive \??\C:\ProgramData\Packages\Microsoft.WindowsTerminal_8wekyb3d8bbwe\S-1-12-1-2357405129-1281513531-255772574-1816207334\SystemAppData\Helium\Cache\76804d2cd6f9d6e7_COM15.dat was cleared updating 1 keys and creating 1 modified pages."
"13-08-2026 11:13:51","16","Information","Microsoft-Windows-Kernel-General","The access history in hive \??\C:\Users\arjo5004\AppData\Local\Packages\Microsoft.WindowsTerminal_8wekyb3d8bbwe\SystemAppData\Helium\UserClasses.dat was cleared updating 1 keys and creating 1 modified pages."
"13-08-2026 11:13:51","16","Information","Microsoft-Windows-Kernel-General","The access history in hive \??\C:\Users\arjo5004\AppData\Local\Packages\Microsoft.WindowsTerminal_8wekyb3d8bbwe\SystemAppData\Helium\User.dat was cleared updating 1 keys and creating 1 modified pages."
"13-08-2026 11:12:12","566","Information","Microsoft-Windows-Kernel-Power","The system session has transitioned from 155 to 157.

Reason InputAccelerometer 

BootId: 35"
"13-08-2026 11:12:12","507","Information","Microsoft-Windows-Kernel-Power","The system is exiting Modern Standby 

Reason: Input Keyboard."
"13-08-2026 10:48:36","7040","Information","Service Control Manager","The start type of the Background Intelligent Transfer Service service was changed from auto start to demand start."
"13-08-2026 10:46:34","506","Information","Microsoft-Windows-Kernel-Power","The system is entering Modern Standby 

Reason: Idle Timeout."
"13-08-2026 10:46:34","566","Information","Microsoft-Windows-Kernel-Power","The system session has transitioned from 154 to 155.

Reason SessionUnlock 

BootId: 35"
"13-08-2026 10:46:31","7040","Information","Service Control Manager","The start type of the Background Intelligent Transfer Service service was changed from demand start to auto start."
"13-08-2026 10:33:26","158","Information","Microsoft-Windows-Time-Service","The time provider 'VMICTimeProvider' has indicated that the current hardware and operating environment is not supported and has stopped. This behavior is expected for VMICTimeProvider on non-HyperV-guest environments. This may be the expected behavior for the current provider in the current operating environment as well."
"13-08-2026 10:30:44","566","Information","Microsoft-Windows-Kernel-Power","The system session has transitioned from 152 to 154.

Reason InputHid 

BootId: 35"
"13-08-2026 10:30:44","507","Information","Microsoft-Windows-Kernel-Power","The system is exiting Modern Standby 

Reason: Input Mouse."
"13-08-2026 10:30:33","506","Information","Microsoft-Windows-Kernel-Power","The system is entering Modern Standby 

Reason: Idle Timeout."
"13-08-2026 10:30:33","566","Information","Microsoft-Windows-Kernel-Power","The system session has transitioned from 151 to 152.

Reason SessionUnlock 

BootId: 35"
"13-08-2026 10:16:22","158","Information","Microsoft-Windows-Time-Service","The time provider 'VMICTimeProvider' has indicated that the current hardware and operating environment is not supported and has stopped. This behavior is expected for VMICTimeProvider on non-HyperV-guest environments. This may be the expected behavior for the current provider in the current operating environment as well."
"13-08-2026 10:11:33","7040","Information","Service Control Manager","The start type of the Background Intelligent Transfer Service service was changed from auto start to demand start."
"13-08-2026 10:08:38","7040","Information","Service Control Manager","The start type of the Background Intelligent Transfer Service service was changed from demand start to auto start."
"13-08-2026 10:07:51","10016","Warning","Microsoft-Windows-DistributedCOM","The application-specific permission settings do not grant Local Activation permission for the COM Server application with CLSID 
{00000000-0000-0000-0000-000000000000}
 and APPID 
{15C20B67-12E7-4BB6-92BB-7AFF07997402}
 to the user ENTERPRISE\arjo5004 SID (S-1-12-1-2357405129-1281513531-255772574-1816207334) from address LocalHost (Using LRPC) running in the application container Unavailable SID (Unavailable). This security permission can be modified using the Component Services administrative tool."
"13-08-2026 09:59:18","158","Information","Microsoft-Windows-Time-Service","The time provider 'VMICTimeProvider' has indicated that the current hardware and operating environment is not supported and has stopped. This behavior is expected for VMICTimeProvider on non-HyperV-guest environments. This may be the expected behavior for the current provider in the current operating environment as well."
"13-08-2026 09:48:48","7040","Information","Service Control Manager","The start type of the Background Intelligent Transfer Service service was changed from auto start to demand start."
"13-08-2026 09:46:43","7040","Information","Service Control Manager","The start type of the Background Intelligent Transfer Service service was changed from demand start to auto start."
"13-08-2026 09:42:16","10016","Warning","Microsoft-Windows-DistributedCOM","The application-specific permission settings do not grant Local Activation permission for the COM Server application with CLSID 
{00000000-0000-0000-0000-000000000000}
 and APPID 
{15C20B67-12E7-4BB6-92BB-7AFF07997402}
 to the user ENTERPRISE\arjo5004 SID (S-1-12-1-2357405129-1281513531-255772574-1816207334) from address LocalHost (Using LRPC) running in the application container Unavailable SID (Unavailable). This security permission can be modified using the Component Services administrative tool."
"13-08-2026 09:42:14","158","Information","Microsoft-Windows-Time-Service","The time provider 'VMICTimeProvider' has indicated that the current hardware and operating environment is not supported and has stopped. This behavior is expected for VMICTimeProvider on non-HyperV-guest environments. This may be the expected behavior for the current provider in the current operating environment as well."
"13-08-2026 09:36:34","566","Information","Microsoft-Windows-Kernel-Power","The system session has transitioned from 149 to 151.

Reason InputAccelerometer 

BootId: 35"
"13-08-2026 09:36:34","507","Information","Microsoft-Windows-Kernel-Power","The system is exiting Modern Standby 

Reason: Input Keyboard."
"13-08-2026 09:24:55","37","Information","Microsoft-Windows-Time-Service","The time provider NtpClient is currently receiving valid time data from time.windows.com,0x9 (ntp.m|0x9|0.0.0.0:123->40.81.94.65:123)."
"13-08-2026 09:24:54","158","Information","Microsoft-Windows-Time-Service","The time provider 'VMICTimeProvider' has indicated that the current hardware and operating environment is not supported and has stopped. This behavior is expected for VMICTimeProvider on non-HyperV-guest environments. This may be the expected behavior for the current provider in the current operating environment as well."
"13-08-2026 09:20:35","2","Information","Microsoft-Windows-IsolatedUserMode","Secure Trustlet Id 4 and Pid 36280 stopped with status STATUS_SUCCESS."
"13-08-2026 09:20:34","16","Information","Microsoft-Windows-Kernel-General","The access history in hive \??\C:\ProgramData\Packages\Microsoft.DesktopAppInstaller_8wekyb3d8bbwe\S-1-12-1-2357405129-1281513531-255772574-1816207334\SystemAppData\Helium\Cache\5610139f1afff929_COM15.dat was cleared updating 1 keys and creating 1 modified pages."
"13-08-2026 09:18:04","19","Information","Microsoft-Windows-WindowsUpdateClient","Installation Successful: Windows successfully installed the following update: Security Intelligence Update for Microsoft Defender Antivirus - KB2267602 (Version 1.457.130.0) - Current Channel (Broad)"
"13-08-2026 09:17:57","43","Information","Microsoft-Windows-WindowsUpdateClient","Installation Started: Windows has started installing the following update: Security Intelligence Update for Microsoft Defender Antivirus - KB2267602 (Version 1.457.130.0) - Current Channel (Broad)"
"13-08-2026 09:17:50","44","Information","Microsoft-Windows-WindowsUpdateClient","Windows Update started downloading an update."
"13-08-2026 09:16:52","19","Information","Microsoft-Windows-WindowsUpdateClient","Installation Successful: Windows successfully installed the following update: 9NRZT3Q9R3DL-Microsoft.WindowsAppRuntime.2"
"13-08-2026 09:16:51","43","Information","Microsoft-Windows-WindowsUpdateClient","Installation Started: Windows has started installing the following update: 9NRZT3Q9R3DL-Microsoft.WindowsAppRuntime.2"
"13-08-2026 09:16:33","44","Information","Microsoft-Windows-WindowsUpdateClient","Windows Update started downloading an update."
"13-08-2026 09:15:14","98","Information","Microsoft-Windows-Ntfs","Volume OS (\Device\HarddiskVolumeShadowCopy3) is healthy.  No action is needed."
"13-08-2026 09:14:57","506","Information","Microsoft-Windows-Kernel-Power","The system is entering Modern Standby 

Reason: Idle Timeout."
"13-08-2026 09:14:57","566","Information","Microsoft-Windows-Kernel-Power","The system session has transitioned from 148 to 149.

Reason SessionUnlock 

BootId: 35"
"13-08-2026 09:13:59","1","Information","Microsoft-Windows-IsolatedUserMode","Secure Trustlet \??\C:\Windows\system32\BioIso.exe Id 4 and Pid 36280 started with status STATUS_SUCCESS."
"13-08-2026 09:13:59","5","Information","Microsoft-Windows-IsolatedUserMode","Secure Trustlet NULL Id 0 and Pid 0 started with status STATUS_SUCCESS."
"13-08-2026 09:13:54","7021","Information","Netwaw18","7021 - Wi-Fi Driver Info"
"13-08-2026 09:13:52","7017","Information","Netwaw18","7017 - Wi-Fi Driver Info"
"13-08-2026 09:13:51","7010","Information","Netwaw18","7010 - Wi-Fi Driver Enabled"
"13-08-2026 09:13:51","7005","Information","Netwaw18","7005 - Wi-Fi Driver Info"
"13-08-2026 09:13:51","7006","Information","Netwaw18","7006 - Wi-Fi Driver Info"
"13-08-2026 09:13:51","7027","Information","Netwaw18","7027 - Wi-Fi Driver Info"
"13-08-2026 09:13:51","7029","Information","Netwaw18","7029 - Wi-Fi Driver Initialization"
"13-08-2026 09:13:51","11","Error","Microsoft-Windows-Security-Kerberos","The Distinguished Name in the subject field of your smart card logon certificate does not contain enough information to identify the appropriate domain on an non-domain joined computer. Contact your system administrator."
"13-08-2026 09:13:50","8000","Information","Netwaw18","8000 - Wi-Fi Driver Miniport Halt"
"13-08-2026 09:13:47","1038","Information","Microsoft-Windows-TPM-WMI","Pre-attestation health checks confirm that the device is expected to pass attestation.
 Please see C:\Windows\Logs\MeasuredBoot\0000000035-0000000001.json for detailed information on what checks were made."
"13-08-2026 09:13:47","1041","Information","Microsoft-Windows-TPM-WMI","Pre-attestation health check detailed information: {""Version"":2,""HealthStatus"":""Attestable"",""Required"":[{""Field"":""TpmPresent"",""Value"":true,""DesiredValue"":true},{""Field"":""TpmMeetsMinimumVersion"",""Value"":true,""DesiredValue"":true},{""Field"":""TpmIsResponsive"",""Value"":true,""DesiredValue"":true},{""Field"":""EkCertIsAvailable"",""Value"":true,""DesiredValue"":true},{""Field"":""TcgLogFound"",""Value"":true,""DesiredValue"":true}],""Expected"":[{""Field"":""PcrsMatchTcgLog"",""Value"":true,""DesiredValue"":true}],""Informational"":[{""Field"":""SecureBootEnabled"",""ValueFromComputer"":true,""ValueFromTcgLog"":true,""DesiredValue"":true,""TcgValueIsVerifiable"":true},{""Field"":""VirtualSecureMemory"",""ValueFromComputer"":false,""ValueFromTcgLog"":false,""DesiredValue"":true,""TcgValueIsVerifiable"":true},{""Field"":""SecureCorePCCompliant"",""ValueFromComputer"":false,""ValueFromTcgLog"":false,""DesiredValue"":true,""TcgValueIsVerifiable"":true},{""Field"":""MostRecentBootTcgLogFoundInFileSystem"",""Value"":true,""DesiredValue"":true},{""Field"":""CurrentTcgLogFoundInFileSystem"",""Value"":true,""DesiredValue"":true},{""Field"":""EkCertRsa2048IsAvailable"",""Value"":true,""DesiredValue"":true},{""Field"":""EkCertEccP256IsAvailable"",""Value"":true,""DesiredValue"":true},{""Field"":""EkCertEccP384IsAvailable"",""Value"":true,""DesiredValue"":true},{""Field"":""WindowsAikCertRsa2048IsAvailable"",""Value"":true,""DesiredValue"":true},{""Field"":""WindowsAikCertEccP256IsAvailable"",""Value"":false,""DesiredValue"":true},{""Field"":""WindowsAikCertEccP384IsAvailable"",""Value"":true,""DesiredValue"":true}]}"
"13-08-2026 09:13:39","4003","Warning","Microsoft-Windows-WLAN-AutoConfig","WLAN AutoConfig detected limited connectivity, attempting automatic recovery.

Recovery Type: 4
Error Code: 0x0
Trigger Reason: 5
IP Family: 0
"
"13-08-2026 09:13:35","1","Information","Microsoft-Windows-Power-Troubleshooter","The system has returned from a low power state.

Sleep Time: ‎2026‎-‎08‎-‎13T00:00:17.160426400Z
Wake Time: ‎2026‎-‎08‎-‎13T03:43:33.391805000Z

Wake Source: Unknown"
"13-08-2026 09:13:34","105","Information","Microsoft-Windows-Kernel-Power","Power source change."
"13-08-2026 09:13:34","111","Information","CirrusLogic-Drv-XuCsMe","Device <Bus0>/4243.0:03: Jack Selected Mode: Unplugged."
"13-08-2026 09:13:34","7021","Information","Netwaw18","7021 - Wi-Fi Driver Info"
"13-08-2026 09:13:34","107","Information","CirrusLogic-Drv-XuCsMe","Device <Bus0>/4243.0:03 ready latency is 548265 micro-seconds."
"13-08-2026 09:13:34","100","Information","CirrusLogic-Drv-XuCsMe","Device <Bus0>/4243.0:03 FW version 2.6.4."
"13-08-2026 09:13:34","107","Information","CirrusLogic-Drv-XuCsMe","Device <Bus0>/4243.0:02 ready latency is 526523 micro-seconds."
"13-08-2026 09:13:34","100","Information","CirrusLogic-Drv-XuCsMe","Device <Bus0>/4243.0:02 FW version 2.6.4."
"13-08-2026 09:13:34","107","Information","CirrusLogic-Drv-XuCsMe","Device <Bus0>/4243.0:01 ready latency is 525596 micro-seconds."
"13-08-2026 09:13:34","100","Information","CirrusLogic-Drv-XuCsMe","Device <Bus0>/4243.0:01 FW version 2.6.4."
"13-08-2026 09:13:33","28","Information","Intel-SST-OED","Loaded DSP FW library: \??\C:\Windows\System32\DriverStore\FileRepository\intcoed_oemlibpath_cirrus.inf_amd64_11b19b14b736837d\fw\IntelDsp\Cirrus\mtl\cl01002mtllib.bin, status = STATUS_SUCCESS."
"13-08-2026 09:13:33","28","Information","Intel-SST-OED","Loaded DSP FW library: Libs\dsp_lib_whm_mtl_release.bin, status = STATUS_SUCCESS."
"13-08-2026 09:13:33","28","Information","Intel-SST-OED","Loaded DSP FW library: Libs\dsp_lib_nld_mtl_release.bin, status = STATUS_SUCCESS."
"13-08-2026 09:13:33","28","Information","Intel-SST-OED","Loaded DSP FW library: Libs\dsp_lib_intel_wov_mtl_release.bin, status = STATUS_SUCCESS."
"13-08-2026 09:13:33","27","Warning","e1dnexpress","Intel(R) Ethernet Connection (24) I219-LM
 Network link is disconnected.
"
"13-08-2026 09:13:33","566","Information","Microsoft-Windows-Kernel-Power","The system session has transitioned from 146 to 148.

Reason WinRT 

BootId: 35"
"13-08-2026 09:13:33","507","Information","Microsoft-Windows-Kernel-Power","The system is exiting Modern Standby 

Reason: Resume from Hibernate."
"13-08-2026 09:13:33","28","Information","Intel-SST-OED","Loaded DSP FW library: Libs\dsp_lib_asrc_mtl_release.bin, status = STATUS_SUCCESS."
"13-08-2026 09:13:33","506","Information","Microsoft-Windows-Kernel-Power","The system is entering Modern Standby 

Reason: Sleep, Hibernate, or Shutdown."
"13-08-2026 09:13:33","566","Information","Microsoft-Windows-Kernel-Power","The system session has transitioned from 145 to 146.

Reason SxTransition 

BootId: 35"
"13-08-2026 09:13:33","32","Information","Microsoft-Windows-Kernel-Boot","The bootmgr spent 0 ms waiting for user input."
"13-08-2026 09:13:33","18","Information","Microsoft-Windows-Kernel-Boot","There are 0x1 boot options on this system."
"13-08-2026 09:13:33","247","Information","Microsoft-Windows-Kernel-Boot","Unable to load Pluton-Windows firmware. StatusCode: STATUS_SUCCESS, Reason: Failed to apply firmware."
"13-08-2026 09:13:33","27","Information","Microsoft-Windows-Kernel-Boot","The boot type was 0x2."
"13-08-2026 09:13:33","25","Information","Microsoft-Windows-Kernel-Boot","The boot menu policy was 0x0."
"13-08-2026 09:13:33","30","Information","Microsoft-Windows-Kernel-Boot","The firmware reported boot metrics."
"13-08-2026 09:13:32","24709","Information","Microsoft-Windows-BitLocker-Driver","This event contains the boot-time final TPM PCR values and TCG log data."
"13-08-2026 09:13:32","24711","Information","Microsoft-Windows-BitLocker-Driver","A V2 TPM protector was used to start Windows.
Binding ID: {e0f3b476-a73e-4425-805b-0c939f260e04}."
"13-08-2026 09:13:32","1","Information","Microsoft-Windows-Kernel-General","The system time has changed to ‎2026‎-‎08‎-‎13T03:43:32.500000000Z from ‎2026‎-‎08‎-‎13T00:00:27.943758300Z.
Time Delta: 13384556 ms

Change Reason: System time synchronized with the hardware clock.
Process: '' (PID 4).

RTC time: ‎2026‎-‎08‎-‎13T09:13:32.500000000Z
Current time zone bias: -330
RTC time is in UTC: false
System time was based on RTC time: false"
"13-08-2026 05:30:27","107","Information","Microsoft-Windows-Kernel-Power","The system has resumed from sleep."
"13-08-2026 05:30:26","27","Warning","e1dnexpress","Intel(R) Ethernet Connection (24) I219-LM
 Network link is disconnected.
"
"13-08-2026 05:30:22","1","Information","Microsoft-Windows-Kernel-General","The system time has changed to ‎2026‎-‎08‎-‎13T00:00:22.500000000Z from ‎2026‎-‎08‎-‎13T00:00:21.254389400Z.
Time Delta: 1245 ms

Change Reason: System time synchronized with the hardware clock.
Process: '' (PID 4).

RTC time: ‎2026‎-‎08‎-‎13T05:30:22.500000000Z
Current time zone bias: -330
RTC time is in UTC: false
System time was based on RTC time: false"
"13-08-2026 05:30:21","42","Information","Microsoft-Windows-Kernel-Power","The system is entering sleep.

Sleep Reason: Hibernate from Sleep - Standby Battery Budget Exceeded"
"13-08-2026 05:30:18","7021","Information","Netwaw18","7021 - Wi-Fi Driver Info"
"13-08-2026 05:30:17","566","Information","Microsoft-Windows-Kernel-Power","The system session has transitioned from 144 to 145.

Reason SxTransition 

BootId: 35"
"13-08-2026 05:30:17","507","Information","Microsoft-Windows-Kernel-Power","The system is exiting Modern Standby 

Reason: Sleep, Hibernate, or Shutdown."
"13-08-2026 05:30:17","172","Information","Microsoft-Windows-Kernel-Power","Connectivity state in standby: Connected, Reason: None"
"12-08-2026 21:16:17","172","Information","Microsoft-Windows-Kernel-Power","Connectivity state in standby: Disconnected, Reason: Policy Setting"
"12-08-2026 21:16:11","566","Information","Microsoft-Windows-Kernel-Power","The system session has transitioned from 143 to 144.

Reason 55 

BootId: 35"
"12-08-2026 21:16:06","506","Information","Microsoft-Windows-Kernel-Power","The system is entering Modern Standby 

Reason: Austerity Battery Drain Budget Exceeded."
"12-08-2026 21:16:06","566","Information","Microsoft-Windows-Kernel-Power","The system session has transitioned from 142 to 143.

Reason 55 

BootId: 35"
"12-08-2026 21:16:06","507","Information","Microsoft-Windows-Kernel-Power","The system is exiting Modern Standby 

Reason: Austerity Battery Drain Budget Exceeded."
"12-08-2026 21:16:06","172","Information","Microsoft-Windows-Kernel-Power","Connectivity state in standby: Connected, Reason: None"
"12-08-2026 20:24:47","172","Information","Microsoft-Windows-Kernel-Power","Connectivity state in standby: Disconnected, Reason: Policy Setting"
"12-08-2026 20:24:40","566","Information","Microsoft-Windows-Kernel-Power","The system session has transitioned from 141 to 142.

Reason SessionUnlock 

BootId: 35"
"12-08-2026 19:25:54","7040","Information","Service Control Manager","The start type of the Background Intelligent Transfer Service service was changed from auto start to demand start."
"12-08-2026 19:24:42","506","Information","Microsoft-Windows-Kernel-Power","The system is entering Modern Standby 

Reason: Idle Timeout."
"12-08-2026 19:24:42","566","Information","Microsoft-Windows-Kernel-Power","The system session has transitioned from 140 to 141.

Reason SessionUnlock 

BootId: 35"
"12-08-2026 19:23:33","7040","Information","Service Control Manager","The start type of the Background Intelligent Transfer Service service was changed from demand start to auto start."
"12-08-2026 19:23:03","566","Information","Microsoft-Windows-Kernel-Power","The system session has transitioned from 138 to 140.

Reason InputAccelerometer 

BootId: 35"
"12-08-2026 19:23:03","507","Information","Microsoft-Windows-Kernel-Power","The system is exiting Modern Standby 

Reason: Input Keyboard."
"12-08-2026 18:57:09","506","Information","Microsoft-Windows-Kernel-Power","The system is entering Modern Standby 

Reason: Idle Timeout."
"12-08-2026 18:57:09","566","Information","Microsoft-Windows-Kernel-Power","The system session has transitioned from 137 to 138.

Reason SessionUnlock 

BootId: 35"
"12-08-2026 18:56:00","105","Information","Microsoft-Windows-Kernel-Power","Power source change."
"12-08-2026 18:40:14","105","Information","Microsoft-Windows-Kernel-Power","Power source change."
"12-08-2026 18:38:38","105","Information","Microsoft-Windows-Kernel-Power","Power source change."
"12-08-2026 18:35:10","105","Information","Microsoft-Windows-Kernel-Power","Power source change."
"12-08-2026 18:30:05","19","Information","Microsoft-Windows-WindowsUpdateClient","Installation Successful: Windows successfully installed the following update: Security Intelligence Update for Microsoft Defender Antivirus - KB2267602 (Version 1.457.125.0) - Current Channel (Broad)"
"12-08-2026 18:29:47","43","Information","Microsoft-Windows-WindowsUpdateClient","Installation Started: Windows has started installing the following update: Security Intelligence Update for Microsoft Defender Antivirus - KB2267602 (Version 1.457.125.0) - Current Channel (Broad)"
"12-08-2026 18:29:30","44","Information","Microsoft-Windows-WindowsUpdateClient","Windows Update started downloading an update."
"12-08-2026 17:28:21","10010","Error","Microsoft-Windows-DistributedCOM","The server {00000000-0000-0000-0000-000000000000} did not register with DCOM within the required timeout."
"12-08-2026 17:24:04","566","Information","Microsoft-Windows-Kernel-Power","The system session has transitioned from 135 to 137.

Reason InputAccelerometer 

BootId: 35"
"12-08-2026 17:24:04","507","Information","Microsoft-Windows-Kernel-Power","The system is exiting Modern Standby 

Reason: Input Keyboard."
"12-08-2026 17:08:35","506","Information","Microsoft-Windows-Kernel-Power","The system is entering Modern Standby 

Reason: Idle Timeout."
"12-08-2026 17:08:35","566","Information","Microsoft-Windows-Kernel-Power","The system session has transitioned from 134 to 135.

Reason SessionUnlock 

BootId: 35"
"12-08-2026 16:03:05","566","Information","Microsoft-Windows-Kernel-Power","The system session has transitioned from 132 to 134.

Reason InputAccelerometer 

BootId: 35"
"12-08-2026 16:03:05","507","Information","Microsoft-Windows-Kernel-Power","The system is exiting Modern Standby 

Reason: Input Keyboard."
"12-08-2026 16:00:34","506","Information","Microsoft-Windows-Kernel-Power","The system is entering Modern Standby 

Reason: Idle Timeout."
"12-08-2026 16:00:34","566","Information","Microsoft-Windows-Kernel-Power","The system session has transitioned from 131 to 132.

Reason SessionUnlock 

BootId: 35"
"12-08-2026 16:00:03","566","Information","Microsoft-Windows-Kernel-Power","The system session has transitioned from 129 to 131.

Reason InputAccelerometer 

BootId: 35"
"12-08-2026 16:00:03","507","Information","Microsoft-Windows-Kernel-Power","The system is exiting Modern Standby 

Reason: Input Keyboard."
"12-08-2026 15:59:34","506","Information","Microsoft-Windows-Kernel-Power","The system is entering Modern Standby 

Reason: Idle Timeout."
"12-08-2026 15:59:34","566","Information","Microsoft-Windows-Kernel-Power","The system session has transitioned from 128 to 129.

Reason SessionUnlock 

BootId: 35"
"12-08-2026 15:54:02","566","Information","Microsoft-Windows-Kernel-Power","The system session has transitioned from 126 to 128.

Reason InputAccelerometer 

BootId: 35"
"12-08-2026 15:54:02","507","Information","Microsoft-Windows-Kernel-Power","The system is exiting Modern Standby 

Reason: Input Keyboard."
"12-08-2026 15:35:57","19","Information","Microsoft-Windows-WindowsUpdateClient","Installation Successful: Windows successfully installed the following update: Security Intelligence Update for Microsoft Defender Antivirus - KB2267602 (Version 1.457.123.0) - Current Channel (Broad)"
"12-08-2026 15:35:48","43","Information","Microsoft-Windows-WindowsUpdateClient","Installation Started: Windows has started installing the following update: Security Intelligence Update for Microsoft Defender Antivirus - KB2267602 (Version 1.457.123.0) - Current Channel (Broad)"
"12-08-2026 15:35:29","44","Information","Microsoft-Windows-WindowsUpdateClient","Windows Update started downloading an update."
"12-08-2026 15:24:06","506","Information","Microsoft-Windows-Kernel-Power","The system is entering Modern Standby 

Reason: Idle Timeout."
"12-08-2026 15:24:06","566","Information","Microsoft-Windows-Kernel-Power","The system session has transitioned from 125 to 126.

Reason SessionUnlock 

BootId: 35"
"12-08-2026 15:19:17","566","Information","Microsoft-Windows-Kernel-Power","The system session has transitioned from 123 to 125.

Reason InputAccelerometer 

BootId: 35"
"12-08-2026 15:19:17","507","Information","Microsoft-Windows-Kernel-Power","The system is exiting Modern Standby 

Reason: Input Keyboard."
"12-08-2026 15:10:39","506","Information","Microsoft-Windows-Kernel-Power","The system is entering Modern Standby 

Reason: Idle Timeout."
"12-08-2026 15:10:39","566","Information","Microsoft-Windows-Kernel-Power","The system session has transitioned from 122 to 123.

Reason SessionUnlock 

BootId: 35"
"12-08-2026 15:05:35","566","Information","Microsoft-Windows-Kernel-Power","The system session has transitioned from 120 to 122.

Reason InputAccelerometer 

BootId: 35"
"12-08-2026 15:05:35","507","Information","Microsoft-Windows-Kernel-Power","The system is exiting Modern Standby 

Reason: Input Keyboard."
"12-08-2026 15:02:18","1","Information","Microsoft-Windows-Kernel-General","The system time has changed to ‎2026‎-‎08‎-‎12T09:32:18.552168700Z from ‎2026‎-‎08‎-‎12T09:32:18.552382800Z.
Time Delta: 0 ms

Change Reason: An application or system component changed the time.
Process: '\Device\HarddiskVolume3\Windows\System32\svchost.exe' (PID 8312).

RTC time: ‎2026‎-‎08‎-‎12T15:02:18.552168700Z
Current time zone bias: -330
RTC time is in UTC: false
System time was based on RTC time: false"
"12-08-2026 15:02:18","21","Error","Microsoft-Windows-HAL","The hardware real-time clock was not set because evaluation of the ACPI Time and Alarm Device method failed.  Status: 0xC00000BB."
"12-08-2026 15:02:18","20","Error","Microsoft-Windows-HAL","The hardware real-time clock was not queried because evaluation of the ACPI Time and Alarm Device method failed.  Status: 0xC00000BB."
"12-08-2026 15:02:18","24","Information","Microsoft-Windows-Kernel-General","The time zone information was refreshed with exit reason 0. Current time zone bias is -330."
"12-08-2026 15:02:18","1","Information","Microsoft-Windows-Kernel-General","The system time has changed to ‎2026‎-‎08‎-‎12T09:32:18.546395100Z from ‎2026‎-‎08‎-‎12T09:32:18.545526100Z.
Time Delta: 0 ms

Change Reason: An application or system component changed the time.
Process: '\Device\HarddiskVolume3\Windows\System32\svchost.exe' (PID 8312).

RTC time: ‎2026‎-‎08‎-‎12T15:02:18.546395100Z
Current time zone bias: -330
RTC time is in UTC: false
System time was based on RTC time: false"
"12-08-2026 15:02:18","21","Error","Microsoft-Windows-HAL","The hardware real-time clock was not set because evaluation of the ACPI Time and Alarm Device method failed.  Status: 0xC00000BB."
"12-08-2026 15:02:18","20","Error","Microsoft-Windows-HAL","The hardware real-time clock was not queried because evaluation of the ACPI Time and Alarm Device method failed.  Status: 0xC00000BB."
"12-08-2026 15:02:18","24","Information","Microsoft-Windows-Kernel-General","The time zone information was refreshed with exit reason 0. Current time zone bias is -330."
"12-08-2026 15:02:18","35","Information","Microsoft-Windows-Time-Service","The time service is now synchronizing the system time with the time source time.windows.com,0x9 (ntp.m|0x9|0.0.0.0:123->40.81.94.65:123) with reference id 1096700200. Current local stratum number is 5."
"12-08-2026 15:02:18","1","Information","Microsoft-Windows-Kernel-General","The system time has changed to ‎2026‎-‎08‎-‎12T09:32:18.540596400Z from ‎2026‎-‎08‎-‎12T09:32:17.477004500Z.
Time Delta: 1063 ms

Change Reason: An application or system component changed the time.
Process: '\Device\HarddiskVolume3\Windows\System32\svchost.exe' (PID 8312).

RTC time: ‎2026‎-‎08‎-‎12T15:02:18.540596400Z
Current time zone bias: -330
RTC time is in UTC: false
System time was based on RTC time: false"
"12-08-2026 15:02:18","21","Error","Microsoft-Windows-HAL","The hardware real-time clock was not set because evaluation of the ACPI Time and Alarm Device method failed.  Status: 0xC00000BB."
