"18-08-2026 14:31:48","113","Information","Microsoft-Windows-HttpService","Attempted to add URL (http://+:5160/Licensing/Management_v4/) to URL group (0xFC00000020000001). Status: 0x0. Process Id 0x11FC Executable path \Device\HarddiskVolume3\Program Files\Seagull\BarTender 11.5\Licensing.Service.exe, User S-1-5-18"
"18-08-2026 14:31:48","111","Information","Microsoft-Windows-HttpService","Create URL group 0xFC00000020000001. Status 0x0. Process Id 0x11FC Executable path \Device\HarddiskVolume3\Program Files\Seagull\BarTender 11.5\Licensing.Service.exe, User S-1-5-18"
"18-08-2026 14:31:48","113","Information","Microsoft-Windows-HttpService","Attempted to add URL (http://+:5160/Licensing/Control_nrs/) to URL group (0xFE00000020000001). Status: 0x0. Process Id 0x11FC Executable path \Device\HarddiskVolume3\Program Files\Seagull\BarTender 11.5\Licensing.Service.exe, User S-1-5-18"
"18-08-2026 14:31:48","111","Information","Microsoft-Windows-HttpService","Create URL group 0xFE00000020000001. Status 0x0. Process Id 0x11FC Executable path \Device\HarddiskVolume3\Program Files\Seagull\BarTender 11.5\Licensing.Service.exe, User S-1-5-18"
"18-08-2026 14:31:48","113","Information","Microsoft-Windows-HttpService","Attempted to add URL (http://+:5160/Licensing/Control/) to URL group (0xFE00000920000001). Status: 0x0. Process Id 0x11FC Executable path \Device\HarddiskVolume3\Program Files\Seagull\BarTender 11.5\Licensing.Service.exe, User S-1-5-18"
"18-08-2026 14:31:48","111","Information","Microsoft-Windows-HttpService","Create URL group 0xFE00000920000001. Status 0x0. Process Id 0x11FC Executable path \Device\HarddiskVolume3\Program Files\Seagull\BarTender 11.5\Licensing.Service.exe, User S-1-5-18"
"18-08-2026 14:31:48","113","Information","Microsoft-Windows-HttpService","Attempted to add URL (http://+:5160/Licensing/Control_v4_nrs/) to URL group (0xFE00000320000001). Status: 0x0. Process Id 0x11FC Executable path \Device\HarddiskVolume3\Program Files\Seagull\BarTender 11.5\Licensing.Service.exe, User S-1-5-18"
"18-08-2026 14:31:48","111","Information","Microsoft-Windows-HttpService","Create URL group 0xFE00000320000001. Status 0x0. Process Id 0x11FC Executable path \Device\HarddiskVolume3\Program Files\Seagull\BarTender 11.5\Licensing.Service.exe, User S-1-5-18"
"18-08-2026 14:31:48","113","Information","Microsoft-Windows-HttpService","Attempted to add URL (http://+:5160/Licensing/Control_v4/) to URL group (0xFE00000620000001). Status: 0x0. Process Id 0x11FC Executable path \Device\HarddiskVolume3\Program Files\Seagull\BarTender 11.5\Licensing.Service.exe, User S-1-5-18"
"18-08-2026 14:31:48","111","Information","Microsoft-Windows-HttpService","Create URL group 0xFE00000620000001. Status 0x0. Process Id 0x11FC Executable path \Device\HarddiskVolume3\Program Files\Seagull\BarTender 11.5\Licensing.Service.exe, User S-1-5-18"
"18-08-2026 14:31:40","7040","Information","Service Control Manager","The start type of the Background Intelligent Transfer Service service was changed from demand start to auto start."
"18-08-2026 14:31:39","7023","Error","Service Control Manager","The SysMain service terminated with the following error: 
The parameter is incorrect."
"18-08-2026 14:31:34","5","Error","vsdatant","Process C:\Program Files (x86)\CheckPoint\Endpoint Connect\DAAW.exe (pid 17336) is signed by Check Point but it will be allowed because there are no rules for it."
"18-08-2026 14:31:33","5","Error","vsdatant","Process C:\Program Files (x86)\CheckPoint\Endpoint Connect\DAAW.exe (pid 9484) is signed by Check Point but it will be allowed because there are no rules for it."
"18-08-2026 14:31:22","10016","Warning","Microsoft-Windows-DistributedCOM","The application-specific permission settings do not grant Local Activation permission for the COM Server application with CLSID 
{00000000-0000-0000-0000-000000000000}
 and APPID 
{4839DDB7-58C2-48F5-8283-E1D1807D0D7D}
 to the user NT AUTHORITY\LOCAL SERVICE SID (S-1-5-19) from address LocalHost (Using LRPC) running in the application container Unavailable SID (Unavailable). This security permission can be modified using the Component Services administrative tool."
"18-08-2026 14:31:22","10016","Warning","Microsoft-Windows-DistributedCOM","The application-specific permission settings do not grant Local Activation permission for the COM Server application with CLSID 
{00000000-0000-0000-0000-000000000000}
 and APPID 
{4839DDB7-58C2-48F5-8283-E1D1807D0D7D}
 to the user NT AUTHORITY\LOCAL SERVICE SID (S-1-5-19) from address LocalHost (Using LRPC) running in the application container Unavailable SID (Unavailable). This security permission can be modified using the Component Services administrative tool."
"18-08-2026 14:31:20","7001","Information","Microsoft-Windows-Winlogon","User Logon Notification for Customer Experience Improvement Program"
"18-08-2026 14:31:20","1282","Information","Microsoft-Windows-TPM-WMI","The TBS device identifier has been generated."
"18-08-2026 14:31:20","1537","Information","Microsoft-Windows-TPM-WMI","The Device Health Certificate was successfully provisioned from has.spserv.microsoft.com."
"18-08-2026 14:31:12","18","Information","TPM","This event triggers the Trusted Platform Module (TPM) provisioning/status check to run."
"18-08-2026 14:31:12","7026","Information","Service Control Manager","The following boot-start or system-start driver(s) did not load: 
WinSetupMon"
"18-08-2026 14:31:12","5","Error","vsdatant","Process C:\Program Files (x86)\CheckPoint\Endpoint Connect\TracSrvWrapper.exe (pid 5272) is signed by Check Point but it will be allowed because there are no rules for it."
"18-08-2026 14:31:11","5","Error","vsdatant","Process C:\Program Files (x86)\CheckPoint\Endpoint Connect\Watchdog\EPWD.exe (pid 4680) is signed by Check Point but it will be allowed because there are no rules for it."
"18-08-2026 14:31:00","7021","Information","Netwaw18","7021 - Wi-Fi Driver Info"
"18-08-2026 14:30:59","1038","Information","Microsoft-Windows-TPM-WMI","Pre-attestation health checks confirm that the device is expected to pass attestation.
 Please see C:\Windows\Logs\MeasuredBoot\0000000037-0000000000.json for detailed information on what checks were made."
"18-08-2026 14:30:59","1041","Information","Microsoft-Windows-TPM-WMI","Pre-attestation health check detailed information: {""Version"":2,""HealthStatus"":""Attestable"",""Required"":[{""Field"":""TpmPresent"",""Value"":true,""DesiredValue"":true},{""Field"":""TpmMeetsMinimumVersion"",""Value"":true,""DesiredValue"":true},{""Field"":""TpmIsResponsive"",""Value"":true,""DesiredValue"":true},{""Field"":""EkCertIsAvailable"",""Value"":true,""DesiredValue"":true},{""Field"":""TcgLogFound"",""Value"":true,""DesiredValue"":true}],""Expected"":[{""Field"":""PcrsMatchTcgLog"",""Value"":true,""DesiredValue"":true}],""Informational"":[{""Field"":""SecureBootEnabled"",""ValueFromComputer"":true,""ValueFromTcgLog"":true,""DesiredValue"":true,""TcgValueIsVerifiable"":true},{""Field"":""VirtualSecureMemory"",""ValueFromComputer"":false,""ValueFromTcgLog"":false,""DesiredValue"":true,""TcgValueIsVerifiable"":true},{""Field"":""SecureCorePCCompliant"",""ValueFromComputer"":false,""ValueFromTcgLog"":false,""DesiredValue"":true,""TcgValueIsVerifiable"":true},{""Field"":""MostRecentBootTcgLogFoundInFileSystem"",""Value"":true,""DesiredValue"":true},{""Field"":""CurrentTcgLogFoundInFileSystem"",""Value"":true,""DesiredValue"":true},{""Field"":""EkCertRsa2048IsAvailable"",""Value"":true,""DesiredValue"":true},{""Field"":""EkCertEccP256IsAvailable"",""Value"":true,""DesiredValue"":true},{""Field"":""EkCertEccP384IsAvailable"",""Value"":true,""DesiredValue"":true},{""Field"":""WindowsAikCertRsa2048IsAvailable"",""Value"":true,""DesiredValue"":true},{""Field"":""WindowsAikCertEccP256IsAvailable"",""Value"":false,""DesiredValue"":true},{""Field"":""WindowsAikCertEccP384IsAvailable"",""Value"":true,""DesiredValue"":true}]}"
"18-08-2026 14:30:58","3502","Error","Microsoft-Windows-DeviceAssociationService","Device Disassociation (Unpairing) Failed."
"18-08-2026 14:30:57","8","Information","CirrusLogic-App-CsGMMuteSrv","Global Mute state: Unmuted"
"18-08-2026 14:30:57","10001","Information","Microsoft-Windows-WLAN-AutoConfig","WLAN Extensibility Module has successfully started.

Module Path: C:\Windows\System32\DriverStore\FileRepository\netwtw6e.inf_amd64_bd0a3abded73be0b\IntelIHVRouter18.dll
"
"18-08-2026 14:30:57","4000","Information","Microsoft-Windows-WLAN-AutoConfig","WLAN AutoConfig service has successfully started.
"
"18-08-2026 14:30:57","1","Information","Microsoft-Windows-IsolatedUserMode","Secure Trustlet \??\C:\Windows\System32\NgcIso.exe Id 6 and Pid 8320 started with status STATUS_SUCCESS."
"18-08-2026 14:30:57","5","Information","Microsoft-Windows-IsolatedUserMode","Secure Trustlet NULL Id 0 and Pid 0 started with status STATUS_SUCCESS."
"18-08-2026 14:30:56","16","Information","Microsoft-Windows-Kernel-General","The access history in hive \SystemRoot\System32\AppLocker\AppCache.dat was cleared updating 1 keys and creating 1 modified pages."
"18-08-2026 14:30:55","267","Information","Win32k","Touch/Touchpad Hardware Quality Assurance verification succeeded."
"18-08-2026 14:30:54","103","Information","CLoggerSrvLogging","Service started."
"18-08-2026 14:30:54","3","Information","CirrusLogic-App-CsGMMuteSrv","Service started."
"18-08-2026 14:30:54","2","Information","CirrusLogic-App-CsGMMuteSrv","Service starting."
"18-08-2026 14:30:54","101","Information","CLoggerSrvLogging","Service initializing."
"18-08-2026 14:30:54","1","Information","CirrusLogic-App-CsGMMuteSrv","Service initializing."
"18-08-2026 14:30:54","112","Information","Microsoft-Windows-HttpService","Attempted to reserve URL http://+:10246/MDEServer/. Status 0x0. Process Id 0x4 Executable path , User S-1-5-18"
"18-08-2026 14:30:54","112","Information","Microsoft-Windows-HttpService","Attempted to reserve URL https://+:443/sra_{BA195980-CD49-458b-9E23-C84EE0ADCD75}/. Status 0x0. Process Id 0x4 Executable path , User S-1-5-18"
"18-08-2026 14:30:54","112","Information","Microsoft-Windows-HttpService","Attempted to reserve URL https://+:3392/rdp/. Status 0x0. Process Id 0x4 Executable path , User S-1-5-18"
"18-08-2026 14:30:54","112","Information","Microsoft-Windows-HttpService","Attempted to reserve URL http://+:10243/WMPNSSv4/. Status 0x0. Process Id 0x4 Executable path , User S-1-5-18"
"18-08-2026 14:30:54","112","Information","Microsoft-Windows-HttpService","Attempted to reserve URL https://+:10245/WMPNSSv4/. Status 0x0. Process Id 0x4 Executable path , User S-1-5-18"
"18-08-2026 14:30:54","112","Information","Microsoft-Windows-HttpService","Attempted to reserve URL http://+:80/116B50EB-ECE2-41ac-8429-9F9E963361B7/. Status 0x0. Process Id 0x4 Executable path , User S-1-5-18"
"18-08-2026 14:30:54","112","Information","Microsoft-Windows-HttpService","Attempted to reserve URL https://+:443/C574AC30-5794-4AEE-B1BB-6651C5315029/. Status 0x0. Process Id 0x4 Executable path , User S-1-5-18"
"18-08-2026 14:30:54","112","Information","Microsoft-Windows-HttpService","Attempted to reserve URL http://+:80/0131501b-d67f-491b-9a40-c4bf27bcb4d4/. Status 0x0. Process Id 0x4 Executable path , User S-1-5-18"
"18-08-2026 14:30:54","112","Information","Microsoft-Windows-HttpService","Attempted to reserve URL http://+:5985/wsman/. Status 0x0. Process Id 0x4 Executable path , User S-1-5-18"
"18-08-2026 14:30:54","112","Information","Microsoft-Windows-HttpService","Attempted to reserve URL http://+:47001/wsman/. Status 0x0. Process Id 0x4 Executable path , User S-1-5-18"
"18-08-2026 14:30:54","112","Information","Microsoft-Windows-HttpService","Attempted to reserve URL https://+:5986/wsman/. Status 0x0. Process Id 0x4 Executable path , User S-1-5-18"
"18-08-2026 14:30:54","112","Information","Microsoft-Windows-HttpService","Attempted to reserve URL http://*:2869/. Status 0x0. Process Id 0x4 Executable path , User S-1-5-18"
"18-08-2026 14:30:54","112","Information","Microsoft-Windows-HttpService","Attempted to reserve URL http://+:10247/apps/. Status 0x0. Process Id 0x4 Executable path , User S-1-5-18"
"18-08-2026 14:30:54","112","Information","Microsoft-Windows-HttpService","Attempted to reserve URL https://*:5358/. Status 0x0. Process Id 0x4 Executable path , User S-1-5-18"
"18-08-2026 14:30:54","112","Information","Microsoft-Windows-HttpService","Attempted to reserve URL http://+:80/Temporary_Listen_Addresses/. Status 0x0. Process Id 0x4 Executable path , User S-1-5-18"
"18-08-2026 14:30:54","112","Information","Microsoft-Windows-HttpService","Attempted to reserve URL http://*:5357/. Status 0x0. Process Id 0x4 Executable path , User S-1-5-18"
"18-08-2026 14:30:54","27","Information","RST Middleware","Found passthru disk: SCSI Port: 0, SCSI Bus: 2, SCSI Target: 0, PCIe SSD, 256060514304 bytes, PM9C1b Samsung 256GB                    "
"18-08-2026 14:30:54","6","Information","Microsoft-Windows-FilterManager","File System Filter 'bindflt' (10.0, ‎2067‎-‎04‎-‎06T14:02:46.000000000Z) has successfully loaded and registered with Filter Manager."
"18-08-2026 14:30:54","6","Information","Microsoft-Windows-FilterManager","File System Filter 'storqosflt' (10.0, ‎1985‎-‎05‎-‎08T20:25:41.000000000Z) has successfully loaded and registered with Filter Manager."
"18-08-2026 14:30:54","6","Information","Microsoft-Windows-FilterManager","File System Filter 'UnionFS' (10.0, ‎2047‎-‎08‎-‎08T07:57:53.000000000Z) has successfully loaded and registered with Filter Manager."
"18-08-2026 14:30:54","6","Information","Microsoft-Windows-FilterManager","File System Filter 'CldFlt' (10.0, ‎2090‎-‎09‎-‎14T20:46:11.000000000Z) has successfully loaded and registered with Filter Manager."
"18-08-2026 14:30:54","1","Information","Microsoft-Windows-FilterManager","File System Filter 'CldFlt' (Version 10.0, ‎2090‎-‎09‎-‎14T20:46:11.000000000Z) unloaded successfully."
"18-08-2026 14:30:54","6","Information","Microsoft-Windows-FilterManager","File System Filter 'CldFlt' (10.0, ‎2090‎-‎09‎-‎14T20:46:11.000000000Z) has successfully loaded and registered with Filter Manager."
"18-08-2026 14:30:53","6","Information","Microsoft-Windows-FilterManager","File System Filter 'luafv' (10.0, ‎2041‎-‎09‎-‎18T20:52:04.000000000Z) has successfully loaded and registered with Filter Manager."
"18-08-2026 14:30:53","6","Information","Microsoft-Windows-FilterManager","File System Filter 'wcifs' (10.0, ‎2090‎-‎05‎-‎02T08:48:34.000000000Z) has successfully loaded and registered with Filter Manager."
"18-08-2026 14:30:53","51046","Information","Microsoft-Windows-DHCPv6-Client","DHCPv6 client service is started"
"18-08-2026 14:30:53","6","Information","Microsoft-Windows-FilterManager","File System Filter 'bfs' (10.0, ‎2043‎-‎04‎-‎09T13:46:26.000000000Z) has successfully loaded and registered with Filter Manager."
"18-08-2026 14:30:53","50036","Information","Microsoft-Windows-Dhcp-Client","DHCPv4 client service is started"
"18-08-2026 14:30:53","50103","Information","Microsoft-Windows-Dhcp-Client","DHCPv4 client registered for shutdown notification"
"18-08-2026 14:30:53","50036","Information","Microsoft-Windows-Dhcp-Client","DHCPv4 client service is started"
"18-08-2026 14:30:53","16993","Information","Microsoft-Windows-Directory-Services-SAM","The security account manager successfully initialized the Local Administrator Password Solution (LAPS) extension dll.
"
"18-08-2026 14:30:53","16983","Information","Microsoft-Windows-Directory-Services-SAM","The security account manager is now logging periodic summary events for remote clients that call legacy password change or set RPC methods.

For more information please see https://go.microsoft.com/fwlink/?linkid=2150956.
"
"18-08-2026 14:30:53","16977","Information","Microsoft-Windows-Directory-Services-SAM","The domain is configured with the following minimum password length-related settings.

MinimumPasswordLength: 0

RelaxMinimumPasswordLengthLimits: 0

MinimumPasswordLengthAudit: -1

For more information see https://go.microsoft.com/fwlink/?LinkId=2097191.
"
"18-08-2026 14:30:53","16963","Information","Microsoft-Windows-Directory-Services-SAM","Remote calls to the SAM database are being restricted using the configured registry security descriptor: O:BAG:BAD:(A;;RC;;;BA).
For more information please see http://go.microsoft.com/fwlink/?LinkId=787651."
"18-08-2026 14:30:53","5","Information","Microsoft-Windows-IsolatedUserMode","Secure Trustlet NULL Id 0 and Pid 0 started with status STATUS_SUCCESS."
"18-08-2026 14:30:53","6156","Information","LsaSrv","Credential Guard auto enablement status.

Hardware Requirements for Virtualization Based Security:	1
Domain Joined:	0
Azure AD Joined:	1
 Licensed for Credential Guard:	1
Domain Controller:	0"
"18-08-2026 14:30:53","12","Information","Microsoft-Windows-Wininit","LSASS.exe was started as a protected process with level: 4."
"18-08-2026 14:30:53","13","Information","Microsoft-Windows-Wininit","Credential Guard was started and will protect LSA credentials."
"18-08-2026 14:30:53","18","Information","Microsoft-Windows-Wininit","VBS Key Isolation was started and will protect VSM-isolated keys."
"18-08-2026 14:30:53","1","Information","Microsoft-Windows-IsolatedUserMode","Secure Trustlet \??\C:\Windows\system32\lsaiso.exe Id 1 and Pid 1420 started with status STATUS_SUCCESS."
"18-08-2026 14:30:53","5","Information","Microsoft-Windows-IsolatedUserMode","Secure Trustlet NULL Id 0 and Pid 0 started with status STATUS_SUCCESS."
"18-08-2026 14:30:53","14","Information","Microsoft-Windows-Wininit","Credential Guard configuration:

Registry Configuration: 0x1
Test Configuration: 0
Auto Enablement: 0"
"18-08-2026 14:30:53","23","Information","Microsoft-Windows-Wininit","Boot App Anti-Rollback: Initialize Completed with status:
HRESULT: The operation completed successfully.
New timer needed: false
New timer waiting for system update completion: false
Previous latch timer exists but disabled by registry: false
"
"18-08-2026 14:30:53","25","Information","Microsoft-Windows-Wininit","Boot App Anti-Rollback: Previous timer resumed with status:

HRESULT: The operation completed successfully.
Previous timer present: false
Start time: ‎1601‎-‎01‎-‎01T00:00:00.000000000Z
Grace period: 0
Attempted recovery enforcement succeeded: false
"
"18-08-2026 14:30:53","19","Information","Microsoft-Windows-Wininit","Virtualization Based Security new timer creation status

HRESULT: The operation completed successfully.
New latch timer needed: false
New latch timer waiting for system update completion: false
Previous latch timer exists but disabled by registry: false
Policy file exists: false
"
"18-08-2026 14:30:51","111","Information","CirrusLogic-Drv-XuCsMe","Device <Bus0>/4243.0:03: Jack Selected Mode: Unplugged."
"18-08-2026 14:30:51","6","Information","Microsoft-Windows-FilterManager","File System Filter 'MsSecFlt' (10.0, ‎2076‎-‎07‎-‎20T18:20:10.000000000Z) has successfully loaded and registered with Filter Manager."
"18-08-2026 14:30:50","107","Information","CirrusLogic-Drv-XuCsMe","Device <Bus0>/4243.0:02 ready latency is 218097 micro-seconds."
"18-08-2026 14:30:50","100","Information","CirrusLogic-Drv-XuCsMe","Device <Bus0>/4243.0:02 FW version 2.6.4."
"18-08-2026 14:30:50","107","Information","CirrusLogic-Drv-XuCsMe","Device <Bus0>/4243.0:03 ready latency is 213713 micro-seconds."
"18-08-2026 14:30:50","100","Information","CirrusLogic-Drv-XuCsMe","Device <Bus0>/4243.0:03 FW version 2.6.4."
"18-08-2026 14:30:50","107","Information","CirrusLogic-Drv-XuCsMe","Device <Bus0>/4243.0:01 ready latency is 214242 micro-seconds."
"18-08-2026 14:30:50","100","Information","CirrusLogic-Drv-XuCsMe","Device <Bus0>/4243.0:01 FW version 2.6.4."
"18-08-2026 14:30:50","219","Warning","Microsoft-Windows-Kernel-PnP","The driver \Driver\WUDFRd failed to load.
Device: HID\HID_DEVICE_SYSTEM_VHF&Col02\9&25542e13&0&0001
Status: 0xC0000365"
"18-08-2026 14:30:50","10118","Information","Microsoft-Windows-DriverFrameworks-UserMode","UMDF reflector is unable to connect to service control manager (SCM). This is expected during boot, when SCM has not started yet. Will retry when it starts."
"18-08-2026 14:30:50","219","Warning","Microsoft-Windows-Kernel-PnP","The driver \Driver\WUDFRd failed to load.
Device: HID\Vid_8087&Pid_0AC2\7&1b7be250&0&0000
Status: 0xC0000365"
"18-08-2026 14:30:50","10118","Information","Microsoft-Windows-DriverFrameworks-UserMode","UMDF reflector is unable to connect to service control manager (SCM). This is expected during boot, when SCM has not started yet. Will retry when it starts."
"18-08-2026 14:30:49","102","Information","CirrusLogic-Drv-XuCsMe","Device <Bus0>/4243.0:03 added."
"18-08-2026 14:30:49","102","Information","CirrusLogic-Drv-XuCsMe","Device <Bus0>/4243.0:02 added."
"18-08-2026 14:30:49","102","Information","CirrusLogic-Drv-XuCsMe","Device <Bus0>/4243.0:01 added."
"18-08-2026 14:30:49","1","Information","CirrusLogic-Drv-XuCsMe","Driver 1.0.709.49429 loaded."
"18-08-2026 14:30:48","219","Warning","Microsoft-Windows-Kernel-PnP","The driver \Driver\WUDFRd failed to load.
Device: INTELAUDIO\DIF_0000&UIF_0000&CTLR_DEV_7728&VEN_8086&DetectionVerification\5&32640736&1&DIF_0000&UIF_0000
Status: 0xC0000365"
"18-08-2026 14:30:48","10118","Information","Microsoft-Windows-DriverFrameworks-UserMode","UMDF reflector is unable to connect to service control manager (SCM). This is expected during boot, when SCM has not started yet. Will retry when it starts."
"18-08-2026 14:30:48","28","Information","Intel-SST-OED","Loaded DSP FW library: \??\C:\Windows\System32\DriverStore\FileRepository\intcoed_oemlibpath_cirrus.inf_amd64_11b19b14b736837d\fw\IntelDsp\Cirrus\mtl\cl01002mtllib.bin, status = STATUS_SUCCESS."
"18-08-2026 14:30:48","28","Information","Intel-SST-OED","Loaded DSP FW library: Libs\dsp_lib_whm_mtl_release.bin, status = STATUS_SUCCESS."
"18-08-2026 14:30:48","28","Information","Intel-SST-OED","Loaded DSP FW library: Libs\dsp_lib_nld_mtl_release.bin, status = STATUS_SUCCESS."
"18-08-2026 14:30:48","28","Information","Intel-SST-OED","Loaded DSP FW library: Libs\dsp_lib_intel_wov_mtl_release.bin, status = STATUS_SUCCESS."
"18-08-2026 14:30:48","28","Information","Intel-SST-OED","Loaded DSP FW library: Libs\dsp_lib_asrc_mtl_release.bin, status = STATUS_SUCCESS."
"18-08-2026 14:30:47","7017","Information","Netwaw18","7017 - Wi-Fi Driver Info"
"18-08-2026 14:30:46","7010","Information","Netwaw18","7010 - Wi-Fi Driver Enabled"
"18-08-2026 14:30:46","7005","Information","Netwaw18","7005 - Wi-Fi Driver Info"
"18-08-2026 14:30:46","7006","Information","Netwaw18","7006 - Wi-Fi Driver Info"
"18-08-2026 14:30:46","7027","Information","Netwaw18","7027 - Wi-Fi Driver Info"
"18-08-2026 14:30:46","7029","Information","Netwaw18","7029 - Wi-Fi Driver Initialization"
"18-08-2026 14:30:46","2","Information","WiManHio","Intel(R) Wireless Manageability Driver is idle (AMT on this machine is not supported)."
"18-08-2026 14:30:45","27","Warning","e1dnexpress","Intel(R) Ethernet Connection (24) I219-LM
 Network link is disconnected.
"
"18-08-2026 14:30:45","521","Information","Microsoft-Windows-Kernel-Power","Active battery count change."
"18-08-2026 14:30:45","521","Information","Microsoft-Windows-Kernel-Power","Active battery count change."
"18-08-2026 14:30:45","55","Information","Microsoft-Windows-Kernel-Processor-Power","Processor 13 in group 0 exposes the following power management capabilities:

Idle state type: Micro Power Engine Plugin (11 state(s))

Performance state type: ACPI Collaborative Processor Performance Control
Nominal Frequency (MHz): 700
Maximum performance percentage: 342
Minimum performance percentage: 100
Minimum throttle percentage: 14"
"18-08-2026 14:30:45","55","Information","Microsoft-Windows-Kernel-Processor-Power","Processor 12 in group 0 exposes the following power management capabilities:

Idle state type: Micro Power Engine Plugin (11 state(s))

Performance state type: ACPI Collaborative Processor Performance Control
Nominal Frequency (MHz): 700
Maximum performance percentage: 342
Minimum performance percentage: 100
Minimum throttle percentage: 14"
"18-08-2026 14:30:45","55","Information","Microsoft-Windows-Kernel-Processor-Power","Processor 11 in group 0 exposes the following power management capabilities:

Idle state type: Micro Power Engine Plugin (11 state(s))

Performance state type: ACPI Collaborative Processor Performance Control
Nominal Frequency (MHz): 2100
Maximum performance percentage: 257
Minimum performance percentage: 69
Minimum throttle percentage: 3"
"18-08-2026 14:30:45","55","Information","Microsoft-Windows-Kernel-Processor-Power","Processor 10 in group 0 exposes the following power management capabilities:

Idle state type: Micro Power Engine Plugin (11 state(s))

Performance state type: ACPI Collaborative Processor Performance Control
Nominal Frequency (MHz): 2100
Maximum performance percentage: 257
Minimum performance percentage: 69
Minimum throttle percentage: 3"
"18-08-2026 14:30:45","55","Information","Microsoft-Windows-Kernel-Processor-Power","Processor 1 in group 0 exposes the following power management capabilities:

Idle state type: Micro Power Engine Plugin (11 state(s))

Performance state type: ACPI Collaborative Processor Performance Control
Nominal Frequency (MHz): 2100
Maximum performance percentage: 257
Minimum performance percentage: 69
Minimum throttle percentage: 3"
"18-08-2026 14:30:45","2","Information","MEIx64","Intel(R) Management Engine Interface driver has started successfully."
"18-08-2026 14:30:45","55","Information","Microsoft-Windows-Kernel-Processor-Power","Processor 0 in group 0 exposes the following power management capabilities:

Idle state type: Micro Power Engine Plugin (11 state(s))

Performance state type: ACPI Collaborative Processor Performance Control
Nominal Frequency (MHz): 2100
Maximum performance percentage: 257
Minimum performance percentage: 69
Minimum throttle percentage: 3"
"18-08-2026 14:30:45","55","Information","Microsoft-Windows-Kernel-Processor-Power","Processor 9 in group 0 exposes the following power management capabilities:

Idle state type: Micro Power Engine Plugin (11 state(s))

Performance state type: ACPI Collaborative Processor Performance Control
Nominal Frequency (MHz): 1700
Maximum performance percentage: 256
Minimum performance percentage: 73
Minimum throttle percentage: 4"
"18-08-2026 14:30:45","55","Information","Microsoft-Windows-Kernel-Processor-Power","Processor 8 in group 0 exposes the following power management capabilities:

Idle state type: Micro Power Engine Plugin (11 state(s))

Performance state type: ACPI Collaborative Processor Performance Control
Nominal Frequency (MHz): 1700
Maximum performance percentage: 256
Minimum performance percentage: 73
Minimum throttle percentage: 4"
"18-08-2026 14:30:45","55","Information","Microsoft-Windows-Kernel-Processor-Power","Processor 7 in group 0 exposes the following power management capabilities:

Idle state type: Micro Power Engine Plugin (11 state(s))

Performance state type: ACPI Collaborative Processor Performance Control
Nominal Frequency (MHz): 1700
Maximum performance percentage: 256
Minimum performance percentage: 73
Minimum throttle percentage: 4"
"18-08-2026 14:30:45","55","Information","Microsoft-Windows-Kernel-Processor-Power","Processor 6 in group 0 exposes the following power management capabilities:

Idle state type: Micro Power Engine Plugin (11 state(s))

Performance state type: ACPI Collaborative Processor Performance Control
Nominal Frequency (MHz): 1700
Maximum performance percentage: 256
Minimum performance percentage: 73
Minimum throttle percentage: 4"
"18-08-2026 14:30:45","55","Information","Microsoft-Windows-Kernel-Processor-Power","Processor 5 in group 0 exposes the following power management capabilities:

Idle state type: Micro Power Engine Plugin (11 state(s))

Performance state type: ACPI Collaborative Processor Performance Control
Nominal Frequency (MHz): 1700
Maximum performance percentage: 256
Minimum performance percentage: 73
Minimum throttle percentage: 4"
"18-08-2026 14:30:45","55","Information","Microsoft-Windows-Kernel-Processor-Power","Processor 4 in group 0 exposes the following power management capabilities:

Idle state type: Micro Power Engine Plugin (11 state(s))

Performance state type: ACPI Collaborative Processor Performance Control
Nominal Frequency (MHz): 1700
Maximum performance percentage: 256
Minimum performance percentage: 73
Minimum throttle percentage: 4"
"18-08-2026 14:30:45","55","Information","Microsoft-Windows-Kernel-Processor-Power","Processor 3 in group 0 exposes the following power management capabilities:

Idle state type: Micro Power Engine Plugin (11 state(s))

Performance state type: ACPI Collaborative Processor Performance Control
Nominal Frequency (MHz): 1700
Maximum performance percentage: 256
Minimum performance percentage: 73
Minimum throttle percentage: 4"
"18-08-2026 14:30:45","55","Information","Microsoft-Windows-Kernel-Processor-Power","Processor 2 in group 0 exposes the following power management capabilities:

Idle state type: Micro Power Engine Plugin (11 state(s))

Performance state type: ACPI Collaborative Processor Performance Control
Nominal Frequency (MHz): 1700
Maximum performance percentage: 256
Minimum performance percentage: 73
Minimum throttle percentage: 4"
"18-08-2026 14:30:45","24","Information","Microsoft-Windows-Kernel-General","The time zone information was refreshed with exit reason 0. Current time zone bias is -330."
"18-08-2026 14:30:45","98","Information","Microsoft-Windows-Ntfs","Volume \\?\Volume{effcabed-bb48-44d2-a9ca-b0bdf73688b0} (\Device\HarddiskVolume4) is healthy.  No action is needed."
"18-08-2026 14:30:44","219","Warning","Microsoft-Windows-Kernel-PnP","The driver \Driver\WUDFRd failed to load.
Device: PCI\VEN_8086&DEV_7D03&SUBSYS_0CE81028&REV_05\3&11583659&0&20
Status: 0xC0000365"
"18-08-2026 14:30:44","10118","Information","Microsoft-Windows-DriverFrameworks-UserMode","UMDF reflector is unable to connect to service control manager (SCM). This is expected during boot, when SCM has not started yet. Will retry when it starts."
"18-08-2026 14:30:43","6","Information","Microsoft-Windows-FilterManager","File System Filter 'npsvctrig' (10.0, ‎1978‎-‎05‎-‎14T14:43:30.000000000Z) has successfully loaded and registered with Filter Manager."
"18-08-2026 14:30:43","6","Information","Microsoft-Windows-FilterManager","File System Filter 'vsdatant' (10.0, ‎2024‎-‎05‎-‎02T14:46:43.000000000Z) has successfully loaded and registered with Filter Manager."
"18-08-2026 14:30:43","6","Information","Microsoft-Windows-FilterManager","File System Filter 'UCPD' (10.0, ‎2104‎-‎11‎-‎25T05:04:34.000000000Z) has successfully loaded and registered with Filter Manager."
"18-08-2026 14:30:43","6","Information","Microsoft-Windows-FilterManager","File System Filter 'zepprotect' (10.0, ‎2026‎-‎05‎-‎12T12:41:02.000000000Z) has successfully loaded and registered with Filter Manager."
"18-08-2026 14:30:43","6","Information","Microsoft-Windows-FilterManager","File System Filter 'FileCrypt' (10.0, ‎2075‎-‎09‎-‎01T03:37:07.000000000Z) has successfully loaded and registered with Filter Manager."
"18-08-2026 14:30:42","98","Information","Microsoft-Windows-Ntfs","Volume C: (\Device\HarddiskVolume3) is healthy.  No action is needed."
"18-08-2026 14:30:42","24709","Information","Microsoft-Windows-BitLocker-Driver","This event contains the boot-time final TPM PCR values and TCG log data."
"18-08-2026 14:30:42","1","Information","Microsoft-Windows-FilterManager","File System Filter 'WdDevFlt' (Version 10.0, ‎2015‎-‎01‎-‎01T12:48:19.000000000Z) unloaded successfully."
"18-08-2026 14:30:42","6","Information","Microsoft-Windows-FilterManager","File System Filter 'WdDevFlt' (10.0, ‎2015‎-‎01‎-‎01T12:48:19.000000000Z) has successfully loaded and registered with Filter Manager."
"18-08-2026 14:30:42","6","Information","Microsoft-Windows-FilterManager","File System Filter 'WdFilter' (10.0, ‎2039‎-‎08‎-‎19T03:02:16.000000000Z) has successfully loaded and registered with Filter Manager."
"18-08-2026 14:30:42","6","Information","Microsoft-Windows-FilterManager","File System Filter 'Wof' (10.0, ‎1996‎-‎03‎-‎28T13:26:38.000000000Z) has successfully loaded and registered with Filter Manager."
"18-08-2026 14:30:42","6","Information","Microsoft-Windows-FilterManager","File System Filter 'FileInfo' (10.0, ‎2093‎-‎04‎-‎02T06:59:43.000000000Z) has successfully loaded and registered with Filter Manager."
"18-08-2026 14:30:41","16","Information","Microsoft-Windows-HAL","IOMMU fault reporting has been initialized."
"18-08-2026 14:30:41","20","Information","Microsoft-Windows-Kernel-General","The leap second configuration has been updated.
Reason: Leap second data initialized from registry during boot
Leap seconds enabled: true
New leap second count: 0
Old leap second count: 0"
"18-08-2026 14:30:41","30","Information","Microsoft-Windows-Kernel-Boot","The firmware reported boot metrics."
"18-08-2026 14:30:41","3","Information","Microsoft-Windows-IsolatedUserMode","Secure Kernel started with status STATUS_SUCCESS and flags HvciEnabled,HvciStrictMode."
"18-08-2026 14:30:41","165","Information","Microsoft-Windows-Hyper-V-Hypervisor","Hypervisor configured mitigations for CVE-2019-11091, CVE-2018-12126, CVE-2018-12127, CVE-2018-12130 for virtual machines.

Processor not affected: true
Processor family not affected: false
Processor supports microarchitectural buffer flush: true
Buffer flush needed: false
"
"18-08-2026 14:30:41","156","Information","Microsoft-Windows-Hyper-V-Hypervisor","Hypervisor configured mitigations for CVE-2018-3646 for virtual machines.

Processor not affected: true
Processor family not affected: false
Processor supports cache flush: true
HyperThreading enabled: false
Parent hypervisor applies mitigations: false
Mitigations disabled by bcdedit: false
Mitigations enabled: true
Cache flush needed: false
"
"18-08-2026 14:30:41","129","Information","Microsoft-Windows-Hyper-V-Hypervisor","Hypervisor initialized I/O remapping.

Hardware present: true
Hardware enabled: true
Policy: 0x1
Enabled features: 0x63
Internal information: 0x0
Problems: 0x0
Additional information: 0x0"
"18-08-2026 14:30:41","2","Information","Microsoft-Windows-Hyper-V-Hypervisor","Hypervisor scheduler type is 0x4."
"18-08-2026 14:30:41","1","Information","Microsoft-Windows-Hyper-V-Hypervisor","Hypervisor successfully started."
"18-08-2026 14:30:41","27","Information","Microsoft-Windows-Kernel-Boot","The boot type was 0x0."
"18-08-2026 14:30:41","25","Information","Microsoft-Windows-Kernel-Boot","The boot menu policy was 0x1."
"18-08-2026 14:30:41","238","Information","Microsoft-Windows-Kernel-Boot","EFI time zone bias: 2047. Daylight flags: 0. Firmware time: ‎2026‎-‎08‎-‎18T14:30:32.000000000Z."
"18-08-2026 14:30:41","247","Information","Microsoft-Windows-Kernel-Boot","Unable to load Pluton-Windows firmware. StatusCode: STATUS_SUCCESS, Reason: Failed to apply firmware."
"18-08-2026 14:30:41","20","Information","Microsoft-Windows-Kernel-Boot","The last shutdown's success status was true. The last boot's success status was true."
"18-08-2026 14:30:41","32","Information","Microsoft-Windows-Kernel-Boot","The bootmgr spent 0 ms waiting for user input."
"18-08-2026 14:30:41","18","Information","Microsoft-Windows-Kernel-Boot","There are 0x1 boot options on this system."
"18-08-2026 14:30:41","153","Information","Microsoft-Windows-Kernel-Boot","Virtualization-based security (policies: VBS Enabled,VSM Required,Secure Boot,Iommu Protection,Mmio Nx,Strong MSR Filtering,Hvci,Boot Chain Signer Soft Enforced) is enabled due to VBS locked configuration."
"18-08-2026 14:30:41","25","Information","Microsoft-Windows-Kernel-General","The system time was initialized to ‎2026‎-‎08‎-‎18T09:00:40.500000000Z. 

Loader time: ‎2026‎-‎08‎-‎18T09:00:32.000000000Z
Internal boot flags: 0x2
HAL RTC error code: 0x0
RTC time is in UTC: false
Soft boot: false
Success: true
Phase: 0"
"18-08-2026 14:30:41","12","Information","Microsoft-Windows-Kernel-General","The operating system started at system time ‎2026‎-‎08‎-‎18T09:00:40.500000000Z."
"18-08-2026 14:20:41","13","Information","Microsoft-Windows-Kernel-General","The operating system is shutting down at system time ‎2026‎-‎08‎-‎18T08:50:41.118460700Z."
"18-08-2026 14:20:41","577","Information","Microsoft-Windows-Kernel-Power","The system has prepared for a system initiated reboot from Active."
"18-08-2026 14:20:38","109","Information","Microsoft-Windows-Kernel-Power","The kernel power manager has initiated a shutdown transition.

Action: Power Action Reboot 
Event Code: 0x0 
Reason: Kernel API"
"18-08-2026 14:20:34","4001","Information","Microsoft-Windows-WLAN-AutoConfig","WLAN AutoConfig service has successfully stopped.
"
"18-08-2026 14:20:34","10002","Warning","Microsoft-Windows-WLAN-AutoConfig","WLAN Extensibility Module has stopped.

Module Path: C:\Windows\System32\DriverStore\FileRepository\netwtw6e.inf_amd64_bd0a3abded73be0b\IntelIHVRouter18.dll
"
"18-08-2026 14:30:54","6013","Information","EventLog","The system uptime is 13 seconds."
"18-08-2026 14:30:54","6005","Information","EventLog","The Event log service was started."
"18-08-2026 14:30:54","6009","Information","EventLog","Microsoft (R) Windows (R) 10.00. 26100  Multiprocessor Free."
"18-08-2026 14:20:33","50037","Information","Microsoft-Windows-Dhcp-Client","DHCPv4 client service is stopped. ShutDown Flag value is 1"
"18-08-2026 14:20:33","50106","Information","Microsoft-Windows-Dhcp-Client","DHCPv4 is waiting on DHCPv6 service to stop"
"18-08-2026 14:20:33","51047","Information","Microsoft-Windows-DHCPv6-Client","DHCPv6 client service is stopped. ShutDown Flag value is 1"
"18-08-2026 14:20:33","50105","Information","Microsoft-Windows-Dhcp-Client","DHCPv4 client ProcessDHCPRequestForever received TERMINATE_EVENT"
"18-08-2026 14:20:33","50104","Information","Microsoft-Windows-Dhcp-Client","DHCPv4 client received shutdown notification"
"18-08-2026 14:20:33","6006","Information","EventLog","The Event log service was stopped."
"18-08-2026 14:20:33","117","Information","Microsoft-Windows-HttpService","Delete URL group 0xFC00000420000001. Status 0x0. Process Id 0x57D0 Executable path \Device\HarddiskVolume3\Program Files\Seagull\BarTender 11.5\net8.0\Seagull.Services.Integration.WebService.exe, User S-1-5-18"
"18-08-2026 14:20:33","114","Information","Microsoft-Windows-HttpService","Removed URL (http://*:5159/) from URL group (0xFC00000420000001). Process Id 0x57D0 Executable path \Device\HarddiskVolume3\Program Files\Seagull\BarTender 11.5\net8.0\Seagull.Services.Integration.WebService.exe, User S-1-5-18"
"18-08-2026 14:20:33","7043","Error","Service Control Manager","The Windows Defender Advanced Threat Protection Service service did not shut down properly after receiving a preshutdown control."
"18-08-2026 14:20:17","2","Information","Microsoft-Windows-IsolatedUserMode","Secure Trustlet Id 6 and Pid 7040 stopped with status STATUS_SUCCESS."
"18-08-2026 14:20:16","7002","Information","Microsoft-Windows-Winlogon","User Logoff Notification for Customer Experience Improvement Program"
"18-08-2026 14:20:14","2","Information","Microsoft-Windows-IsolatedUserMode","Secure Trustlet Id 0 and Pid 0 stopped with status STATUS_SUCCESS."
"18-08-2026 14:20:14","1074","Information","User32","The process C:\Windows\SystemApps\Microsoft.Windows.StartMenuExperienceHost_cw5n1h2txyewy\StartMenuExperienceHost.exe (LIND55MBVC4) has initiated the restart of computer LIND55MBVC4 on behalf of user ENTERPRISE\arjo5004 for the following reason: Other (Unplanned)
 Reason Code: 0x0
 Shutdown Type: restart
 Comment: "
"18-08-2026 14:20:03","5","Information","Microsoft-Windows-IsolatedUserMode","Secure Trustlet NULL Id 0 and Pid 0 started with status STATUS_SUCCESS."
"18-08-2026 14:20:03","2","Information","Microsoft-Windows-IsolatedUserMode","Secure Trustlet Id 0 and Pid 0 stopped with status STATUS_SUCCESS."
"18-08-2026 14:18:47","10016","Warning","Microsoft-Windows-DistributedCOM","The application-specific permission settings do not grant Local Activation permission for the COM Server application with CLSID 
{00000000-0000-0000-0000-000000000000}
 and APPID 
{15C20B67-12E7-4BB6-92BB-7AFF07997402}
 to the user ENTERPRISE\arjo5004 SID (S-1-12-1-2357405129-1281513531-255772574-1816207334) from address LocalHost (Using LRPC) running in the application container Unavailable SID (Unavailable). This security permission can be modified using the Component Services administrative tool."
"18-08-2026 14:12:01","7031","Error","Service Control Manager","The Microsoft Defender Antivirus Service service terminated unexpectedly.  It has done this 1 time(s).  The following corrective action will be taken in 1000 milliseconds: Restart the service."
"18-08-2026 14:05:50","566","Information","Microsoft-Windows-Kernel-Power","The system session has transitioned from 13 to 15.

Reason InputHid 

BootId: 36"
"18-08-2026 14:05:50","507","Information","Microsoft-Windows-Kernel-Power","The system is exiting Modern Standby 

Reason: Input Mouse."
"18-08-2026 14:04:15","19","Information","Microsoft-Windows-WindowsUpdateClient","Installation Successful: Windows successfully installed the following update: Security Intelligence Update for Microsoft Defender Antivirus - KB2267602 (Version 1.457.222.0) - Current Channel (Broad)"
"18-08-2026 14:04:09","43","Information","Microsoft-Windows-WindowsUpdateClient","Installation Started: Windows has started installing the following update: Security Intelligence Update for Microsoft Defender Antivirus - KB2267602 (Version 1.457.222.0) - Current Channel (Broad)"
"18-08-2026 14:04:05","44","Information","Microsoft-Windows-WindowsUpdateClient","Windows Update started downloading an update."
"18-08-2026 13:18:46","506","Information","Microsoft-Windows-Kernel-Power","The system is entering Modern Standby 

Reason: Idle Timeout."
"18-08-2026 13:18:46","566","Information","Microsoft-Windows-Kernel-Power","The system session has transitioned from 12 to 13.

Reason SessionUnlock 

BootId: 36"
"18-08-2026 13:16:47","7040","Information","Service Control Manager","The start type of the Background Intelligent Transfer Service service was changed from auto start to demand start."
"18-08-2026 13:15:25","16","Information","Microsoft-Windows-Kernel-General","The access history in hive \??\C:\Users\arjo5004\AppData\Local\Packages\Windows.PrintDialog_cw5n1h2txyewy\Settings\settings.dat was cleared updating 2 keys and creating 1 modified pages."
"18-08-2026 13:14:46","16","Information","Microsoft-Windows-Kernel-General","The access history in hive \??\C:\Users\defaultuser0\NTUSER.DAT was cleared updating 39 keys and creating 12 modified pages."
"18-08-2026 13:14:41","7040","Information","Service Control Manager","The start type of the Background Intelligent Transfer Service service was changed from demand start to auto start."
"18-08-2026 13:13:04","1014","Warning","Microsoft-Windows-DNS-Client","Name resolution for the name nielsenenterprise-my.sharepoint.com timed out after none of the configured DNS servers responded. Client PID 13024."
"18-08-2026 13:12:52","566","Information","Microsoft-Windows-Kernel-Power","The system session has transitioned from 11 to 12.

Reason InputAccelerometer 

BootId: 36"
"18-08-2026 13:12:52","507","Information","Microsoft-Windows-Kernel-Power","The system is exiting Modern Standby 

Reason: Input Keyboard."
"18-08-2026 13:12:52","205","Information","Microsoft-Windows-USB-USBHUB3","Re-enumerating a DRIPS blocking device that was previously removed when exiting low power epoch.             
             
USB Device: VID: 0x424 PID: 0x7240 REV: 0x207             
IsPortCycle: true"
"18-08-2026 13:12:52","205","Information","Microsoft-Windows-USB-USBHUB3","Re-enumerating a DRIPS blocking device that was previously removed when exiting low power epoch.             
             
USB Device: VID: 0x424 PID: 0x7260 REV: 0x625             
IsPortCycle: true"
"18-08-2026 13:12:51","172","Information","Microsoft-Windows-Kernel-Power","Connectivity state in standby: Connected, Reason: None"
"18-08-2026 13:08:21","205","Information","Microsoft-Windows-USB-USBHUB3","Re-enumerating a DRIPS blocking device that was previously removed when exiting low power epoch.             
             
USB Device: VID: 0x424 PID: 0x7240 REV: 0x207             
IsPortCycle: false"
"18-08-2026 13:08:21","205","Information","Microsoft-Windows-USB-USBHUB3","Re-enumerating a DRIPS blocking device that was previously removed when exiting low power epoch.             
             
USB Device: VID: 0x424 PID: 0x7260 REV: 0x625             
IsPortCycle: false"
"18-08-2026 13:08:21","196","Warning","Microsoft-Windows-USB-USBHUB3","USB device draining system power when system is idle.             
             
USB Device: VID: 0x424 PID: 0x7240 REV: 0x207             
Removal action failed: QueryRemovalInitiated"
"18-08-2026 13:08:21","196","Warning","Microsoft-Windows-USB-USBHUB3","USB device draining system power when system is idle.             
             
USB Device: VID: 0x424 PID: 0x7260 REV: 0x625             
Removal action failed: QueryRemovalInitiated"
"18-08-2026 13:07:05","172","Information","Microsoft-Windows-Kernel-Power","Connectivity state in standby: Disconnected, Reason: Policy Setting"
"18-08-2026 13:06:58","566","Information","Microsoft-Windows-Kernel-Power","The system session has transitioned from 10 to 11.

Reason SessionUnlock 

BootId: 36"
"18-08-2026 12:07:13","506","Information","Microsoft-Windows-Kernel-Power","The system is entering Modern Standby 

Reason: Idle Timeout."
"18-08-2026 12:07:13","566","Information","Microsoft-Windows-Kernel-Power","The system session has transitioned from 9 to 10.

Reason SessionUnlock 

BootId: 36"
"18-08-2026 12:02:03","98","Information","Microsoft-Windows-Ntfs","Volume OS (\Device\HarddiskVolumeShadowCopy1) is healthy.  No action is needed."
"18-08-2026 12:00:00","6013","Information","EventLog","The system uptime is 5476 seconds."
"18-08-2026 11:23:44","16","Information","Microsoft-Windows-Kernel-General","The access history in hive \??\C:\Users\arjo5004\AppData\Local\Packages\Microsoft.WindowsNotepad_8wekyb3d8bbwe\SystemAppData\Helium\UserClasses.dat was cleared updating 39 keys and creating 6 modified pages."
"18-08-2026 11:23:44","16","Information","Microsoft-Windows-Kernel-General","The access history in hive \??\C:\Users\arjo5004\AppData\Local\Packages\Microsoft.WindowsNotepad_8wekyb3d8bbwe\SystemAppData\Helium\User.dat was cleared updating 32 keys and creating 3 modified pages."
"18-08-2026 11:06:44","16","Information","Microsoft-Windows-Kernel-General","The access history in hive \??\C:\Users\arjo5004\AppData\Local\Packages\Microsoft.Windows.ShellExperienceHost_cw5n1h2txyewy\Settings\settings.dat was cleared updating 2 keys and creating 1 modified pages."
"18-08-2026 11:02:56","566","Information","Microsoft-Windows-Kernel-Power","The system session has transitioned from 7 to 9.

Reason InputAccelerometer 

BootId: 36"
"18-08-2026 11:02:56","507","Information","Microsoft-Windows-Kernel-Power","The system is exiting Modern Standby 

Reason: Input Keyboard."
"18-08-2026 10:59:42","506","Information","Microsoft-Windows-Kernel-Power","The system is entering Modern Standby 

Reason: Idle Timeout."
"18-08-2026 10:59:42","566","Information","Microsoft-Windows-Kernel-Power","The system session has transitioned from 6 to 7.

Reason SessionUnlock 

BootId: 36"
"18-08-2026 10:59:00","7003","Information","Netwaw18","7003 - Wi-Fi Driver Info"
"18-08-2026 10:59:00","7021","Information","Netwaw18","7021 - Wi-Fi Driver Info"
"18-08-2026 10:58:50","566","Information","Microsoft-Windows-Kernel-Power","The system session has transitioned from 4 to 6.

Reason PolicyChange 

BootId: 36"
"18-08-2026 10:58:50","507","Information","Microsoft-Windows-Kernel-Power","The system is exiting Modern Standby 

Reason: Lid."
"18-08-2026 10:55:32","506","Information","Microsoft-Windows-Kernel-Power","The system is entering Modern Standby 

Reason: Idle Timeout."
"18-08-2026 10:55:32","566","Information","Microsoft-Windows-Kernel-Power","The system session has transitioned from 3 to 4.

Reason SessionUnlock 

BootId: 36"
"18-08-2026 10:50:14","16","Information","Microsoft-Windows-Kernel-General","The access history in hive \??\C:\Users\arjo5004\AppData\Local\Packages\MicrosoftWindows.CrossDevice_cw5n1h2txyewy\SystemAppData\Helium\UserClasses.dat was cleared updating 1 keys and creating 1 modified pages."
"18-08-2026 10:50:14","16","Information","Microsoft-Windows-Kernel-General","The access history in hive \??\C:\Users\arjo5004\AppData\Local\Packages\MicrosoftWindows.CrossDevice_cw5n1h2txyewy\SystemAppData\Helium\User.dat was cleared updating 1 keys and creating 1 modified pages."
"18-08-2026 10:50:07","566","Information","Microsoft-Windows-Kernel-Power","The system session has transitioned from 1 to 3.

Reason InputHid 

BootId: 36"
"18-08-2026 10:50:07","507","Information","Microsoft-Windows-Kernel-Power","The system is exiting Modern Standby 

Reason: Input Mouse."
"18-08-2026 10:50:03","506","Information","Microsoft-Windows-Kernel-Power","The system is entering Modern Standby 

Reason: Idle Timeout."
"18-08-2026 10:50:03","566","Information","Microsoft-Windows-Kernel-Power","The system session has transitioned from 0 to 1.

Reason SessionUnlock 

BootId: 36"
"18-08-2026 10:49:32","16","Information","Microsoft-Windows-Kernel-General","The access history in hive \??\C:\ProgramData\Microsoft\Provisioning\Microsoft-Desktop-Provisioning-Sequence.dat was cleared updating 0 keys and creating 0 modified pages."
