"18-08-2026 10:28:47","55","Information","Microsoft-Windows-Kernel-Processor-Power","Processor 3 in group 0 exposes the following power management capabilities:

Idle state type: Micro Power Engine Plugin (11 state(s))

Performance state type: ACPI Collaborative Processor Performance Control
Nominal Frequency (MHz): 1700
Maximum performance percentage: 256
Minimum performance percentage: 73
Minimum throttle percentage: 4"
"18-08-2026 10:28:47","55","Information","Microsoft-Windows-Kernel-Processor-Power","Processor 2 in group 0 exposes the following power management capabilities:

Idle state type: Micro Power Engine Plugin (11 state(s))

Performance state type: ACPI Collaborative Processor Performance Control
Nominal Frequency (MHz): 1700
Maximum performance percentage: 256
Minimum performance percentage: 73
Minimum throttle percentage: 4"
"18-08-2026 10:28:46","219","Warning","Microsoft-Windows-Kernel-PnP","The driver \Driver\WUDFRd failed to load.
Device: PCI\VEN_8086&DEV_7D03&SUBSYS_0CE81028&REV_05\3&11583659&0&20
Status: 0xC0000365"
"18-08-2026 10:28:46","10118","Information","Microsoft-Windows-DriverFrameworks-UserMode","UMDF reflector is unable to connect to service control manager (SCM). This is expected during boot, when SCM has not started yet. Will retry when it starts."
"18-08-2026 10:28:45","16","Information","Microsoft-Windows-Kernel-General","The access history in hive \SystemRoot\System32\Config\DEFAULT was cleared updating 1240 keys and creating 190 modified pages."
"18-08-2026 10:28:45","16","Information","Microsoft-Windows-Kernel-General","The access history in hive \SystemRoot\System32\Config\SECURITY was cleared updating 104 keys and creating 6 modified pages."
"18-08-2026 10:28:45","16","Information","Microsoft-Windows-Kernel-General","The access history in hive \SystemRoot\System32\Config\SAM was cleared updating 86 keys and creating 10 modified pages."
"18-08-2026 10:28:45","6","Information","Microsoft-Windows-FilterManager","File System Filter 'npsvctrig' (10.0, ‎1978‎-‎05‎-‎14T14:43:30.000000000Z) has successfully loaded and registered with Filter Manager."
"18-08-2026 10:28:45","6","Information","Microsoft-Windows-FilterManager","File System Filter 'vsdatant' (10.0, ‎2024‎-‎05‎-‎02T14:46:43.000000000Z) has successfully loaded and registered with Filter Manager."
"18-08-2026 10:28:45","6","Information","Microsoft-Windows-FilterManager","File System Filter 'UCPD' (10.0, ‎2104‎-‎11‎-‎25T05:04:34.000000000Z) has successfully loaded and registered with Filter Manager."
"18-08-2026 10:28:45","6","Information","Microsoft-Windows-FilterManager","File System Filter 'zepprotect' (10.0, ‎2026‎-‎05‎-‎12T12:41:02.000000000Z) has successfully loaded and registered with Filter Manager."
"18-08-2026 10:28:45","6","Information","Microsoft-Windows-FilterManager","File System Filter 'FileCrypt' (10.0, ‎2075‎-‎09‎-‎01T03:37:07.000000000Z) has successfully loaded and registered with Filter Manager."
"18-08-2026 10:28:45","98","Information","Microsoft-Windows-Ntfs","Volume C: (\Device\HarddiskVolume3) is healthy.  No action is needed."
"18-08-2026 10:28:45","24709","Information","Microsoft-Windows-BitLocker-Driver","This event contains the boot-time final TPM PCR values and TCG log data."
"18-08-2026 10:28:45","24711","Information","Microsoft-Windows-BitLocker-Driver","A V2 TPM protector was used to start Windows.
Binding ID: {e0f3b476-a73e-4425-805b-0c939f260e04}."
"18-08-2026 10:28:45","1","Information","Microsoft-Windows-FilterManager","File System Filter 'WdDevFlt' (Version 10.0, ‎2015‎-‎01‎-‎01T12:48:19.000000000Z) unloaded successfully."
"18-08-2026 10:28:45","6","Information","Microsoft-Windows-FilterManager","File System Filter 'WdDevFlt' (10.0, ‎2015‎-‎01‎-‎01T12:48:19.000000000Z) has successfully loaded and registered with Filter Manager."
"18-08-2026 10:28:44","6","Information","Microsoft-Windows-FilterManager","File System Filter 'WdFilter' (10.0, ‎2039‎-‎08‎-‎19T03:02:16.000000000Z) has successfully loaded and registered with Filter Manager."
"18-08-2026 10:28:44","6","Information","Microsoft-Windows-FilterManager","File System Filter 'Wof' (10.0, ‎1996‎-‎03‎-‎28T13:26:38.000000000Z) has successfully loaded and registered with Filter Manager."
"18-08-2026 10:28:44","6","Information","Microsoft-Windows-FilterManager","File System Filter 'FileInfo' (10.0, ‎2093‎-‎04‎-‎02T06:59:43.000000000Z) has successfully loaded and registered with Filter Manager."
"18-08-2026 10:28:44","16","Information","Microsoft-Windows-HAL","IOMMU fault reporting has been initialized."
"18-08-2026 10:28:44","20","Information","Microsoft-Windows-Kernel-General","The leap second configuration has been updated.
Reason: Leap second data initialized from registry during boot
Leap seconds enabled: true
New leap second count: 0
Old leap second count: 0"
"18-08-2026 10:28:44","30","Information","Microsoft-Windows-Kernel-Boot","The firmware reported boot metrics."
"18-08-2026 10:28:44","3","Information","Microsoft-Windows-IsolatedUserMode","Secure Kernel started with status STATUS_SUCCESS and flags HvciEnabled,HvciStrictMode."
"18-08-2026 10:28:44","165","Information","Microsoft-Windows-Hyper-V-Hypervisor","Hypervisor configured mitigations for CVE-2019-11091, CVE-2018-12126, CVE-2018-12127, CVE-2018-12130 for virtual machines.

Processor not affected: true
Processor family not affected: false
Processor supports microarchitectural buffer flush: true
Buffer flush needed: false
"
"18-08-2026 10:28:44","156","Information","Microsoft-Windows-Hyper-V-Hypervisor","Hypervisor configured mitigations for CVE-2018-3646 for virtual machines.

Processor not affected: true
Processor family not affected: false
Processor supports cache flush: true
HyperThreading enabled: false
Parent hypervisor applies mitigations: false
Mitigations disabled by bcdedit: false
Mitigations enabled: true
Cache flush needed: false
"
"18-08-2026 10:28:44","129","Information","Microsoft-Windows-Hyper-V-Hypervisor","Hypervisor initialized I/O remapping.

Hardware present: true
Hardware enabled: true
Policy: 0x1
Enabled features: 0x63
Internal information: 0x0
Problems: 0x0
Additional information: 0x0"
"18-08-2026 10:28:44","2","Information","Microsoft-Windows-Hyper-V-Hypervisor","Hypervisor scheduler type is 0x4."
"18-08-2026 10:28:44","1","Information","Microsoft-Windows-Hyper-V-Hypervisor","Hypervisor successfully started."
"18-08-2026 10:28:44","27","Information","Microsoft-Windows-Kernel-Boot","The boot type was 0x0."
"18-08-2026 10:28:44","25","Information","Microsoft-Windows-Kernel-Boot","The boot menu policy was 0x1."
"18-08-2026 10:28:44","238","Information","Microsoft-Windows-Kernel-Boot","EFI time zone bias: 2047. Daylight flags: 0. Firmware time: ‎2026‎-‎08‎-‎18T10:28:42.000000000Z."
"18-08-2026 10:28:44","247","Information","Microsoft-Windows-Kernel-Boot","Unable to load Pluton-Windows firmware. StatusCode: STATUS_SUCCESS, Reason: Failed to apply firmware."
"18-08-2026 10:28:44","20","Information","Microsoft-Windows-Kernel-Boot","The last shutdown's success status was true. The last boot's success status was true."
"18-08-2026 10:28:44","32","Information","Microsoft-Windows-Kernel-Boot","The bootmgr spent 0 ms waiting for user input."
"18-08-2026 10:28:44","18","Information","Microsoft-Windows-Kernel-Boot","There are 0x1 boot options on this system."
"18-08-2026 10:28:44","153","Information","Microsoft-Windows-Kernel-Boot","Virtualization-based security (policies: VBS Enabled,VSM Required,Secure Boot,Iommu Protection,Mmio Nx,Strong MSR Filtering,Hvci,Boot Chain Signer Soft Enforced) is enabled due to VBS locked configuration."
"18-08-2026 10:28:44","25","Information","Microsoft-Windows-Kernel-General","The system time was initialized to ‎2026‎-‎08‎-‎18T04:58:43.500000000Z. 

Loader time: ‎2026‎-‎08‎-‎18T04:58:42.000000000Z
Internal boot flags: 0x2
HAL RTC error code: 0x0
RTC time is in UTC: false
Soft boot: false
Success: true
Phase: 0"
"18-08-2026 10:28:44","12","Information","Microsoft-Windows-Kernel-General","The operating system started at system time ‎2026‎-‎08‎-‎18T04:58:43.500000000Z."
"18-08-2026 10:28:27","13","Information","Microsoft-Windows-Kernel-General","The operating system is shutting down at system time ‎2026‎-‎08‎-‎18T04:58:27.333581200Z."
"18-08-2026 10:28:27","577","Information","Microsoft-Windows-Kernel-Power","The system has prepared for a system initiated reboot from Active."
"18-08-2026 10:28:25","109","Information","Microsoft-Windows-Kernel-Power","The kernel power manager has initiated a shutdown transition.

Action: Power Action Reboot 
Event Code: 0x0 
Reason: Kernel API"
"18-08-2026 10:28:21","4001","Information","Microsoft-Windows-WLAN-AutoConfig","WLAN AutoConfig service has successfully stopped.
"
"18-08-2026 10:28:21","10002","Warning","Microsoft-Windows-WLAN-AutoConfig","WLAN Extensibility Module has stopped.

Module Path: C:\Windows\System32\DriverStore\FileRepository\netwtw6e.inf_amd64_bd0a3abded73be0b\IntelIHVRouter18.dll
"
"18-08-2026 10:28:57","6013","Information","EventLog","The system uptime is 13 seconds."
"18-08-2026 10:28:57","6005","Information","EventLog","The Event log service was started."
"18-08-2026 10:28:57","6009","Information","EventLog","Microsoft (R) Windows (R) 10.00. 26100  Multiprocessor Free."
"18-08-2026 10:28:21","50037","Information","Microsoft-Windows-Dhcp-Client","DHCPv4 client service is stopped. ShutDown Flag value is 1"
"18-08-2026 10:28:21","50106","Information","Microsoft-Windows-Dhcp-Client","DHCPv4 is waiting on DHCPv6 service to stop"
"18-08-2026 10:28:21","51047","Information","Microsoft-Windows-DHCPv6-Client","DHCPv6 client service is stopped. ShutDown Flag value is 1"
"18-08-2026 10:28:20","50105","Information","Microsoft-Windows-Dhcp-Client","DHCPv4 client ProcessDHCPRequestForever received TERMINATE_EVENT"
"18-08-2026 10:28:20","50104","Information","Microsoft-Windows-Dhcp-Client","DHCPv4 client received shutdown notification"
"18-08-2026 10:28:20","117","Information","Microsoft-Windows-HttpService","Delete URL group 0xFD00000320000001. Status 0x0. Process Id 0x9D4 Executable path \Device\HarddiskVolume3\Program Files\Seagull\BarTender 11.5\net8.0\Seagull.Services.Integration.WebService.exe, User S-1-5-18"
"18-08-2026 10:28:20","114","Information","Microsoft-Windows-HttpService","Removed URL (http://*:5159/) from URL group (0xFD00000320000001). Process Id 0x9D4 Executable path \Device\HarddiskVolume3\Program Files\Seagull\BarTender 11.5\net8.0\Seagull.Services.Integration.WebService.exe, User S-1-5-18"
"18-08-2026 10:28:20","7043","Error","Service Control Manager","The Windows Defender Advanced Threat Protection Service service did not shut down properly after receiving a preshutdown control."
"18-08-2026 10:28:21","6006","Information","EventLog","The Event log service was stopped."
"18-08-2026 10:28:04","2","Information","Microsoft-Windows-IsolatedUserMode","Secure Trustlet Id 6 and Pid 8700 stopped with status STATUS_SUCCESS."
"18-08-2026 10:28:03","7002","Information","Microsoft-Windows-Winlogon","User Logoff Notification for Customer Experience Improvement Program"
"18-08-2026 10:28:01","5","Error","vsdatant","Process C:\Program Files (x86)\CheckPoint\Endpoint Connect\TrGUI.exe (pid 10624) is signed by Check Point but it will be allowed because there are no rules for it."
"18-08-2026 10:28:01","2","Information","Microsoft-Windows-IsolatedUserMode","Secure Trustlet Id 0 and Pid 0 stopped with status STATUS_SUCCESS."
"18-08-2026 10:28:01","1074","Information","User32","The process C:\Windows\SystemApps\Microsoft.Windows.StartMenuExperienceHost_cw5n1h2txyewy\StartMenuExperienceHost.exe (LIND55MBVC4) has initiated the restart of computer LIND55MBVC4 on behalf of user ENTERPRISE\arjo5004 for the following reason: Other (Unplanned)
 Reason Code: 0x0
 Shutdown Type: restart
 Comment: "
"18-08-2026 10:27:41","5","Information","Microsoft-Windows-IsolatedUserMode","Secure Trustlet NULL Id 0 and Pid 0 started with status STATUS_SUCCESS."
"18-08-2026 10:27:41","2","Information","Microsoft-Windows-IsolatedUserMode","Secure Trustlet Id 0 and Pid 0 stopped with status STATUS_SUCCESS."
"18-08-2026 10:26:04","158","Information","Microsoft-Windows-Time-Service","The time provider 'VMICTimeProvider' has indicated that the current hardware and operating environment is not supported and has stopped. This behavior is expected for VMICTimeProvider on non-HyperV-guest environments. This may be the expected behavior for the current provider in the current operating environment as well."
"18-08-2026 10:09:05","566","Information","Microsoft-Windows-Kernel-Power","The system session has transitioned from 294 to 296.

Reason InputAccelerometer 

BootId: 35"
"18-08-2026 10:09:05","507","Information","Microsoft-Windows-Kernel-Power","The system is exiting Modern Standby 

Reason: Input Keyboard."
"18-08-2026 10:09:01","16","Information","Microsoft-Windows-Kernel-General","The access history in hive \??\C:\Users\arjo5004\AppData\Local\Packages\Microsoft.AAD.BrokerPlugin_cw5n1h2txyewy\Settings\settings.dat was cleared updating 117 keys and creating 12 modified pages."
"18-08-2026 10:09:00","158","Information","Microsoft-Windows-Time-Service","The time provider 'VMICTimeProvider' has indicated that the current hardware and operating environment is not supported and has stopped. This behavior is expected for VMICTimeProvider on non-HyperV-guest environments. This may be the expected behavior for the current provider in the current operating environment as well."
"18-08-2026 10:02:11","19","Information","Microsoft-Windows-WindowsUpdateClient","Installation Successful: Windows successfully installed the following update: Windows Malicious Software Removal Tool x64 - v5.144 (KB890830)"
"18-08-2026 10:02:01","7040","Information","Service Control Manager","The start type of the Background Intelligent Transfer Service service was changed from demand start to auto start."
"18-08-2026 09:59:40","20","Error","Microsoft-Windows-WindowsUpdateClient","Installation Failure: Windows failed to install the following update with error 0x80073D02: 9NTXGKQ8P7N0-MicrosoftWindows.CrossDevice."
"18-08-2026 09:59:40","43","Information","Microsoft-Windows-WindowsUpdateClient","Installation Started: Windows has started installing the following update: 9NTXGKQ8P7N0-MicrosoftWindows.CrossDevice"
"18-08-2026 09:59:37","16","Information","Microsoft-Windows-Kernel-General","The access history in hive \??\C:\ProgramData\Microsoft\Windows\AppRepository\Packages\MicrosoftWindows.CrossDevice_1.26071.84.0_x64__cw5n1h2txyewy\ActivationStore.dat was cleared updating 0 keys and creating 0 modified pages."
"18-08-2026 09:59:31","20","Error","Microsoft-Windows-WindowsUpdateClient","Installation Failure: Windows failed to install the following update with error 0x80073D02: 9P8K5G2MWW6Z-AppUp.IntelArcSoftware."
"18-08-2026 09:59:31","43","Information","Microsoft-Windows-WindowsUpdateClient","Installation Started: Windows has started installing the following update: 9P8K5G2MWW6Z-AppUp.IntelArcSoftware"
"18-08-2026 09:59:16","44","Information","Microsoft-Windows-WindowsUpdateClient","Windows Update started downloading an update."
"18-08-2026 09:59:09","19","Information","Microsoft-Windows-WindowsUpdateClient","Installation Successful: Windows successfully installed the following update: 9WZDNCRFJBMP-MICROSOFT.WINDOWSSTORE"
"18-08-2026 09:59:05","43","Information","Microsoft-Windows-WindowsUpdateClient","Installation Started: Windows has started installing the following update: 9WZDNCRFJBMP-MICROSOFT.WINDOWSSTORE"
"18-08-2026 09:59:05","44","Information","Microsoft-Windows-WindowsUpdateClient","Windows Update started downloading an update."
"18-08-2026 09:59:02","16","Information","Microsoft-Windows-Kernel-General","The access history in hive \??\C:\ProgramData\Microsoft\Windows\AppRepository\Packages\Microsoft.WindowsStore_22607.1401.3.0_x64__8wekyb3d8bbwe\ActivationStore.dat was cleared updating 0 keys and creating 0 modified pages."
"18-08-2026 09:59:00","44","Information","Microsoft-Windows-WindowsUpdateClient","Windows Update started downloading an update."
"18-08-2026 09:58:32","44","Information","Microsoft-Windows-WindowsUpdateClient","Windows Update started downloading an update."
"18-08-2026 09:58:24","44","Information","Microsoft-Windows-WindowsUpdateClient","Windows Update started downloading an update."
"18-08-2026 09:58:24","44","Information","Microsoft-Windows-WindowsUpdateClient","Windows Update started downloading an update."
"18-08-2026 09:57:02","43","Information","Microsoft-Windows-WindowsUpdateClient","Installation Started: Windows has started installing the following update: Windows Malicious Software Removal Tool x64 - v5.144 (KB890830)"
"18-08-2026 09:56:46","19","Information","Microsoft-Windows-WindowsUpdateClient","Installation Successful: Windows successfully installed the following update: Security Intelligence Update for Microsoft Defender Antivirus - KB2267602 (Version 1.457.219.0) - Current Channel (Broad)"
"18-08-2026 09:56:39","43","Information","Microsoft-Windows-WindowsUpdateClient","Installation Started: Windows has started installing the following update: Security Intelligence Update for Microsoft Defender Antivirus - KB2267602 (Version 1.457.219.0) - Current Channel (Broad)"
"18-08-2026 09:56:27","44","Information","Microsoft-Windows-WindowsUpdateClient","Windows Update started downloading an update."
"18-08-2026 09:56:27","44","Information","Microsoft-Windows-WindowsUpdateClient","Windows Update started downloading an update."
"18-08-2026 09:51:53","2","Information","Microsoft-Windows-IsolatedUserMode","Secure Trustlet Id 4 and Pid 31280 stopped with status STATUS_SUCCESS."
"18-08-2026 09:51:40","37","Information","Microsoft-Windows-Time-Service","The time provider NtpClient is currently receiving valid time data from time.windows.com,0x9 (ntp.m|0x9|0.0.0.0:123->40.81.94.65:123)."
"18-08-2026 09:51:40","158","Information","Microsoft-Windows-Time-Service","The time provider 'VMICTimeProvider' has indicated that the current hardware and operating environment is not supported and has stopped. This behavior is expected for VMICTimeProvider on non-HyperV-guest environments. This may be the expected behavior for the current provider in the current operating environment as well."
"18-08-2026 09:47:22","7040","Information","Service Control Manager","The start type of the Background Intelligent Transfer Service service was changed from auto start to demand start."
"18-08-2026 09:45:14","7040","Information","Service Control Manager","The start type of the Background Intelligent Transfer Service service was changed from demand start to auto start."
"18-08-2026 09:44:40","1","Information","Microsoft-Windows-IsolatedUserMode","Secure Trustlet \??\C:\Windows\system32\BioIso.exe Id 4 and Pid 31280 started with status STATUS_SUCCESS."
"18-08-2026 09:44:40","5","Information","Microsoft-Windows-IsolatedUserMode","Secure Trustlet NULL Id 0 and Pid 0 started with status STATUS_SUCCESS."
"18-08-2026 09:43:51","98","Information","Microsoft-Windows-Ntfs","Volume OS (\Device\HarddiskVolumeShadowCopy15) is healthy.  No action is needed."
"18-08-2026 09:43:42","506","Information","Microsoft-Windows-Kernel-Power","The system is entering Modern Standby 

Reason: Idle Timeout."
"18-08-2026 09:43:42","566","Information","Microsoft-Windows-Kernel-Power","The system session has transitioned from 293 to 294.

Reason SessionUnlock 

BootId: 35"
"18-08-2026 09:43:02","7040","Information","Service Control Manager","The start type of the Background Intelligent Transfer Service service was changed from auto start to demand start."
"18-08-2026 09:42:55","1038","Information","Microsoft-Windows-TPM-WMI","Pre-attestation health checks confirm that the device is expected to pass attestation.
 Please see C:\Windows\Logs\MeasuredBoot\0000000035-0000000004.json for detailed information on what checks were made."
"18-08-2026 09:42:55","1041","Information","Microsoft-Windows-TPM-WMI","Pre-attestation health check detailed information: {""Version"":2,""HealthStatus"":""Attestable"",""Required"":[{""Field"":""TpmPresent"",""Value"":true,""DesiredValue"":true},{""Field"":""TpmMeetsMinimumVersion"",""Value"":true,""DesiredValue"":true},{""Field"":""TpmIsResponsive"",""Value"":true,""DesiredValue"":true},{""Field"":""EkCertIsAvailable"",""Value"":true,""DesiredValue"":true},{""Field"":""TcgLogFound"",""Value"":true,""DesiredValue"":true}],""Expected"":[{""Field"":""PcrsMatchTcgLog"",""Value"":true,""DesiredValue"":true}],""Informational"":[{""Field"":""SecureBootEnabled"",""ValueFromComputer"":true,""ValueFromTcgLog"":true,""DesiredValue"":true,""TcgValueIsVerifiable"":true},{""Field"":""VirtualSecureMemory"",""ValueFromComputer"":false,""ValueFromTcgLog"":false,""DesiredValue"":true,""TcgValueIsVerifiable"":true},{""Field"":""SecureCorePCCompliant"",""ValueFromComputer"":false,""ValueFromTcgLog"":false,""DesiredValue"":true,""TcgValueIsVerifiable"":true},{""Field"":""MostRecentBootTcgLogFoundInFileSystem"",""Value"":true,""DesiredValue"":true},{""Field"":""CurrentTcgLogFoundInFileSystem"",""Value"":true,""DesiredValue"":true},{""Field"":""EkCertRsa2048IsAvailable"",""Value"":true,""DesiredValue"":true},{""Field"":""EkCertEccP256IsAvailable"",""Value"":true,""DesiredValue"":true},{""Field"":""EkCertEccP384IsAvailable"",""Value"":true,""DesiredValue"":true},{""Field"":""WindowsAikCertRsa2048IsAvailable"",""Value"":true,""DesiredValue"":true},{""Field"":""WindowsAikCertEccP256IsAvailable"",""Value"":false,""DesiredValue"":true},{""Field"":""WindowsAikCertEccP384IsAvailable"",""Value"":true,""DesiredValue"":true}]}"
"18-08-2026 09:40:57","16","Information","Microsoft-Windows-Kernel-General","The access history in hive \SystemRoot\System32\config\DRIVERS was cleared updating 39477 keys and creating 1879 modified pages."
"18-08-2026 09:40:51","1","Information","Microsoft-Windows-Power-Troubleshooter","The system has returned from a low power state.

Sleep Time: ‎2026‎-‎08‎-‎18T00:52:45.903926000Z
Wake Time: ‎2026‎-‎08‎-‎18T04:10:49.108965300Z

Wake Source: Unknown"
"18-08-2026 09:40:50","111","Information","CirrusLogic-Drv-XuCsMe","Device <Bus0>/4243.0:03: Jack Selected Mode: Unplugged."
"18-08-2026 09:40:49","566","Information","Microsoft-Windows-Kernel-Power","The system session has transitioned from 291 to 293.

Reason WinRT 

BootId: 35"
"18-08-2026 09:40:49","507","Information","Microsoft-Windows-Kernel-Power","The system is exiting Modern Standby 

Reason: Resume from Hibernate."
"18-08-2026 09:40:49","701","Warning","Win32k","Power Manager has not requested suppression of all input (INPUT_SUPPRESS_REQUEST=0)"
"18-08-2026 09:40:49","701","Warning","Win32k","Power Manager has not requested suppression of all input (INPUT_SUPPRESS_REQUEST=0)"
"18-08-2026 09:40:49","506","Information","Microsoft-Windows-Kernel-Power","The system is entering Modern Standby 

Reason: Sleep, Hibernate, or Shutdown."
"18-08-2026 09:40:49","566","Information","Microsoft-Windows-Kernel-Power","The system session has transitioned from 290 to 291.

Reason SxTransition 

BootId: 35"
"18-08-2026 09:40:49","105","Information","Microsoft-Windows-Kernel-Power","Power source change."
"18-08-2026 09:40:49","7021","Information","Netwaw18","7021 - Wi-Fi Driver Info"
"18-08-2026 09:40:49","107","Information","CirrusLogic-Drv-XuCsMe","Device <Bus0>/4243.0:02 ready latency is 379642 micro-seconds."
"18-08-2026 09:40:49","100","Information","CirrusLogic-Drv-XuCsMe","Device <Bus0>/4243.0:02 FW version 2.6.4."
"18-08-2026 09:40:49","107","Information","CirrusLogic-Drv-XuCsMe","Device <Bus0>/4243.0:03 ready latency is 368231 micro-seconds."
"18-08-2026 09:40:49","100","Information","CirrusLogic-Drv-XuCsMe","Device <Bus0>/4243.0:03 FW version 2.6.4."
"18-08-2026 09:40:49","107","Information","CirrusLogic-Drv-XuCsMe","Device <Bus0>/4243.0:01 ready latency is 371042 micro-seconds."
"18-08-2026 09:40:49","100","Information","CirrusLogic-Drv-XuCsMe","Device <Bus0>/4243.0:01 FW version 2.6.4."
"18-08-2026 09:40:49","247","Information","Microsoft-Windows-Kernel-Boot","Unable to load Pluton-Windows firmware. StatusCode: STATUS_SUCCESS, Reason: Failed to apply firmware."
"18-08-2026 09:40:49","27","Information","Microsoft-Windows-Kernel-Boot","The boot type was 0x2."
"18-08-2026 09:40:49","25","Information","Microsoft-Windows-Kernel-Boot","The boot menu policy was 0x0."
"18-08-2026 09:40:49","32","Information","Microsoft-Windows-Kernel-Boot","The bootmgr spent 0 ms waiting for user input."
"18-08-2026 09:40:49","18","Information","Microsoft-Windows-Kernel-Boot","There are 0x1 boot options on this system."
"18-08-2026 09:40:49","30","Information","Microsoft-Windows-Kernel-Boot","The firmware reported boot metrics."
"18-08-2026 09:40:48","7040","Information","Service Control Manager","The start type of the Background Intelligent Transfer Service service was changed from demand start to auto start."
"18-08-2026 09:40:48","28","Information","Intel-SST-OED","Loaded DSP FW library: \??\C:\Windows\System32\DriverStore\FileRepository\intcoed_oemlibpath_cirrus.inf_amd64_11b19b14b736837d\fw\IntelDsp\Cirrus\mtl\cl01002mtllib.bin, status = STATUS_SUCCESS."
"18-08-2026 09:40:48","28","Information","Intel-SST-OED","Loaded DSP FW library: Libs\dsp_lib_whm_mtl_release.bin, status = STATUS_SUCCESS."
"18-08-2026 09:40:48","28","Information","Intel-SST-OED","Loaded DSP FW library: Libs\dsp_lib_nld_mtl_release.bin, status = STATUS_SUCCESS."
"18-08-2026 09:40:48","28","Information","Intel-SST-OED","Loaded DSP FW library: Libs\dsp_lib_intel_wov_mtl_release.bin, status = STATUS_SUCCESS."
"18-08-2026 09:40:48","27","Warning","e1dnexpress","Intel(R) Ethernet Connection (24) I219-LM
 Network link is disconnected.
"
"18-08-2026 09:40:48","28","Information","Intel-SST-OED","Loaded DSP FW library: Libs\dsp_lib_asrc_mtl_release.bin, status = STATUS_SUCCESS."
"18-08-2026 09:40:47","24709","Information","Microsoft-Windows-BitLocker-Driver","This event contains the boot-time final TPM PCR values and TCG log data."
"18-08-2026 09:40:47","24711","Information","Microsoft-Windows-BitLocker-Driver","A V2 TPM protector was used to start Windows.
Binding ID: {e0f3b476-a73e-4425-805b-0c939f260e04}."
"18-08-2026 09:40:47","1","Information","Microsoft-Windows-Kernel-General","The system time has changed to ‎2026‎-‎08‎-‎18T04:10:47.500000000Z from ‎2026‎-‎08‎-‎18T00:53:06.193834000Z.
Time Delta: 11861306 ms

Change Reason: System time synchronized with the hardware clock.
Process: '' (PID 4).

RTC time: ‎2026‎-‎08‎-‎18T09:40:47.500000000Z
Current time zone bias: -330
RTC time is in UTC: false
System time was based on RTC time: false"
"18-08-2026 06:23:06","107","Information","Microsoft-Windows-Kernel-Power","The system has resumed from sleep."
"18-08-2026 06:23:03","27","Warning","e1dnexpress","Intel(R) Ethernet Connection (24) I219-LM
 Network link is disconnected.
"
"18-08-2026 06:23:02","1","Information","Microsoft-Windows-Kernel-General","The system time has changed to ‎2026‎-‎08‎-‎18T00:53:02.500000000Z from ‎2026‎-‎08‎-‎18T00:53:01.178269700Z.
Time Delta: 1321 ms

Change Reason: System time synchronized with the hardware clock.
Process: '' (PID 4).

RTC time: ‎2026‎-‎08‎-‎18T06:23:02.500000000Z
Current time zone bias: -330
RTC time is in UTC: false
System time was based on RTC time: false"
"18-08-2026 06:22:53","42","Information","Microsoft-Windows-Kernel-Power","The system is entering sleep.

Sleep Reason: Hibernate from Sleep - Standby Battery Budget Exceeded"
"18-08-2026 06:22:46","7021","Information","Netwaw18","7021 - Wi-Fi Driver Info"
"18-08-2026 06:22:45","566","Information","Microsoft-Windows-Kernel-Power","The system session has transitioned from 289 to 290.

Reason SxTransition 

BootId: 35"
"18-08-2026 06:22:45","507","Information","Microsoft-Windows-Kernel-Power","The system is exiting Modern Standby 

Reason: Sleep, Hibernate, or Shutdown."
"18-08-2026 06:22:45","172","Information","Microsoft-Windows-Kernel-Power","Connectivity state in standby: Connected, Reason: None"
"17-08-2026 21:28:02","172","Information","Microsoft-Windows-Kernel-Power","Connectivity state in standby: Disconnected, Reason: Policy Setting"
"17-08-2026 21:27:56","566","Information","Microsoft-Windows-Kernel-Power","The system session has transitioned from 288 to 289.

Reason 55 

BootId: 35"
"17-08-2026 21:27:51","506","Information","Microsoft-Windows-Kernel-Power","The system is entering Modern Standby 

Reason: Austerity Battery Drain Budget Exceeded."
"17-08-2026 21:27:51","566","Information","Microsoft-Windows-Kernel-Power","The system session has transitioned from 287 to 288.

Reason 55 

BootId: 35"
"17-08-2026 21:27:51","507","Information","Microsoft-Windows-Kernel-Power","The system is exiting Modern Standby 

Reason: Austerity Battery Drain Budget Exceeded."
"17-08-2026 21:27:51","172","Information","Microsoft-Windows-Kernel-Power","Connectivity state in standby: Connected, Reason: None"
"17-08-2026 21:08:14","172","Information","Microsoft-Windows-Kernel-Power","Connectivity state in standby: Disconnected, Reason: Policy Setting"
"17-08-2026 21:08:08","566","Information","Microsoft-Windows-Kernel-Power","The system session has transitioned from 286 to 287.

Reason SessionUnlock 

BootId: 35"
"17-08-2026 20:08:26","700","Warning","Win32k","Power Manager has requested suppression of all input (INPUT_SUPPRESS_REQUEST=1)"
"17-08-2026 20:08:26","506","Information","Microsoft-Windows-Kernel-Power","The system is entering Modern Standby 

Reason: Idle Timeout."
"17-08-2026 20:08:26","566","Information","Microsoft-Windows-Kernel-Power","The system session has transitioned from 285 to 286.

Reason SessionUnlock 

BootId: 35"
"17-08-2026 20:08:26","700","Warning","Win32k","Power Manager has requested suppression of all input (INPUT_SUPPRESS_REQUEST=1)"
"17-08-2026 20:08:02","7003","Information","Netwaw18","7003 - Wi-Fi Driver Info"
"17-08-2026 20:08:02","7021","Information","Netwaw18","7021 - Wi-Fi Driver Info"
"17-08-2026 20:07:54","105","Information","Microsoft-Windows-Kernel-Power","Power source change."
"17-08-2026 19:54:48","19","Information","Microsoft-Windows-WindowsUpdateClient","Installation Successful: Windows successfully installed the following update: Security Intelligence Update for Microsoft Defender Antivirus - KB2267602 (Version 1.457.209.0) - Current Channel (Broad)"
"17-08-2026 19:54:41","43","Information","Microsoft-Windows-WindowsUpdateClient","Installation Started: Windows has started installing the following update: Security Intelligence Update for Microsoft Defender Antivirus - KB2267602 (Version 1.457.209.0) - Current Channel (Broad)"
"17-08-2026 19:54:41","44","Information","Microsoft-Windows-WindowsUpdateClient","Windows Update started downloading an update."
"17-08-2026 19:53:39","566","Information","Microsoft-Windows-Kernel-Power","The system session has transitioned from 283 to 285.

Reason InputHid 

BootId: 35"
"17-08-2026 19:53:39","507","Information","Microsoft-Windows-Kernel-Power","The system is exiting Modern Standby 

Reason: Input Mouse."
"17-08-2026 19:50:55","506","Information","Microsoft-Windows-Kernel-Power","The system is entering Modern Standby 

Reason: Idle Timeout."
"17-08-2026 19:50:55","566","Information","Microsoft-Windows-Kernel-Power","The system session has transitioned from 282 to 283.

Reason SessionUnlock 

BootId: 35"
"17-08-2026 19:43:04","7040","Information","Service Control Manager","The start type of the Background Intelligent Transfer Service service was changed from auto start to demand start."
"17-08-2026 19:36:34","7040","Information","Service Control Manager","The start type of the Background Intelligent Transfer Service service was changed from demand start to auto start."
"17-08-2026 19:11:08","105","Information","Microsoft-Windows-Kernel-Power","Power source change."
"17-08-2026 18:56:40","7040","Information","Service Control Manager","The start type of the Background Intelligent Transfer Service service was changed from auto start to demand start."
"17-08-2026 18:49:46","10016","Warning","Microsoft-Windows-DistributedCOM","The application-specific permission settings do not grant Local Activation permission for the COM Server application with CLSID 
{00000000-0000-0000-0000-000000000000}
 and APPID 
{8BC3F05E-D86B-11D0-A075-00C04FB68820}
 to the user ENTERPRISE\arjo5004 SID (S-1-12-1-2357405129-1281513531-255772574-1816207334) from address LocalHost (Using LRPC) running in the application container Unavailable SID (S-1-15-2-1807998480-786012624-932681338-3301235867-2017340321-1207953946-165325067). This security permission can be modified using the Component Services administrative tool."
"17-08-2026 18:33:38","566","Information","Microsoft-Windows-Kernel-Power","The system session has transitioned from 280 to 282.

Reason PolicyChange 

BootId: 35"
"17-08-2026 18:33:38","507","Information","Microsoft-Windows-Kernel-Power","The system is exiting Modern Standby 

Reason: Lid."
"17-08-2026 18:33:38","701","Warning","Win32k","Power Manager has not requested suppression of all input (INPUT_SUPPRESS_REQUEST=0)"
"17-08-2026 18:33:38","701","Warning","Win32k","Power Manager has not requested suppression of all input (INPUT_SUPPRESS_REQUEST=0)"
"17-08-2026 17:54:56","19","Information","Microsoft-Windows-WindowsUpdateClient","Installation Successful: Windows successfully installed the following update: Security Intelligence Update for Microsoft Defender Antivirus - KB2267602 (Version 1.457.206.0) - Current Channel (Broad)"
"17-08-2026 17:54:46","43","Information","Microsoft-Windows-WindowsUpdateClient","Installation Started: Windows has started installing the following update: Security Intelligence Update for Microsoft Defender Antivirus - KB2267602 (Version 1.457.206.0) - Current Channel (Broad)"
"17-08-2026 17:54:46","44","Information","Microsoft-Windows-WindowsUpdateClient","Windows Update started downloading an update."
"17-08-2026 17:51:52","700","Warning","Win32k","Power Manager has requested suppression of all input (INPUT_SUPPRESS_REQUEST=1)"
"17-08-2026 17:51:52","506","Information","Microsoft-Windows-Kernel-Power","The system is entering Modern Standby 

Reason: Idle Timeout."
"17-08-2026 17:51:52","566","Information","Microsoft-Windows-Kernel-Power","The system session has transitioned from 279 to 280.

Reason SessionUnlock 

BootId: 35"
"17-08-2026 17:51:52","700","Warning","Win32k","Power Manager has requested suppression of all input (INPUT_SUPPRESS_REQUEST=1)"
"17-08-2026 17:51:44","7003","Information","Netwaw18","7003 - Wi-Fi Driver Info"
"17-08-2026 17:51:44","7021","Information","Netwaw18","7021 - Wi-Fi Driver Info"
"17-08-2026 17:48:08","7003","Information","Netwaw18","7003 - Wi-Fi Driver Info"
"17-08-2026 17:48:08","7021","Information","Netwaw18","7021 - Wi-Fi Driver Info"
"17-08-2026 17:47:42","7003","Information","Netwaw18","7003 - Wi-Fi Driver Info"
"17-08-2026 17:47:42","7021","Information","Netwaw18","7021 - Wi-Fi Driver Info"
"17-08-2026 17:47:35","7003","Information","Netwaw18","7003 - Wi-Fi Driver Info"
"17-08-2026 17:47:35","7021","Information","Netwaw18","7021 - Wi-Fi Driver Info"
"17-08-2026 17:44:52","566","Information","Microsoft-Windows-Kernel-Power","The system session has transitioned from 277 to 279.

Reason InputPoUserPresent 

BootId: 35"
"17-08-2026 17:44:52","507","Information","Microsoft-Windows-Kernel-Power","The system is exiting Modern Standby 

Reason: Input Touchpad."
"17-08-2026 17:44:45","506","Information","Microsoft-Windows-Kernel-Power","The system is entering Modern Standby 

Reason: Idle Timeout."
"17-08-2026 17:44:45","566","Information","Microsoft-Windows-Kernel-Power","The system session has transitioned from 276 to 277.

Reason SessionUnlock 

BootId: 35"
"17-08-2026 17:40:59","566","Information","Microsoft-Windows-Kernel-Power","The system session has transitioned from 274 to 276.

Reason InputAccelerometer 

BootId: 35"
"17-08-2026 17:40:59","507","Information","Microsoft-Windows-Kernel-Power","The system is exiting Modern Standby 

Reason: Input Keyboard."
"17-08-2026 17:39:28","506","Information","Microsoft-Windows-Kernel-Power","The system is entering Modern Standby 

Reason: Idle Timeout."
"17-08-2026 17:39:28","566","Information","Microsoft-Windows-Kernel-Power","The system session has transitioned from 273 to 274.

Reason SessionUnlock 

BootId: 35"
"17-08-2026 17:35:44","566","Information","Microsoft-Windows-Kernel-Power","The system session has transitioned from 271 to 273.

Reason InputAccelerometer 

BootId: 35"
"17-08-2026 17:35:44","507","Information","Microsoft-Windows-Kernel-Power","The system is exiting Modern Standby 

Reason: Input Keyboard."
"17-08-2026 17:35:44","506","Information","Microsoft-Windows-Kernel-Power","The system is entering Modern Standby 

Reason: Idle Timeout."
"17-08-2026 17:35:44","566","Information","Microsoft-Windows-Kernel-Power","The system session has transitioned from 270 to 271.

Reason SessionUnlock 

BootId: 35"
"17-08-2026 17:35:12","566","Information","Microsoft-Windows-Kernel-Power","The system session has transitioned from 268 to 270.

Reason InputAccelerometer 

BootId: 35"
"17-08-2026 17:35:12","507","Information","Microsoft-Windows-Kernel-Power","The system is exiting Modern Standby 

Reason: Input Keyboard."
"17-08-2026 17:32:26","506","Information","Microsoft-Windows-Kernel-Power","The system is entering Modern Standby 

Reason: Idle Timeout."
"17-08-2026 17:32:26","566","Information","Microsoft-Windows-Kernel-Power","The system session has transitioned from 267 to 268.

Reason SessionUnlock 

BootId: 35"
"17-08-2026 17:31:55","566","Information","Microsoft-Windows-Kernel-Power","The system session has transitioned from 265 to 267.

Reason InputHid 

BootId: 35"
"17-08-2026 17:31:55","507","Information","Microsoft-Windows-Kernel-Power","The system is exiting Modern Standby 

Reason: Input Mouse."
"17-08-2026 17:19:54","506","Information","Microsoft-Windows-Kernel-Power","The system is entering Modern Standby 

Reason: Idle Timeout."
"17-08-2026 17:19:54","566","Information","Microsoft-Windows-Kernel-Power","The system session has transitioned from 264 to 265.

Reason SessionUnlock 

BootId: 35"
"17-08-2026 17:14:22","566","Information","Microsoft-Windows-Kernel-Power","The system session has transitioned from 262 to 264.

Reason InputAccelerometer 

BootId: 35"
"17-08-2026 17:14:22","507","Information","Microsoft-Windows-Kernel-Power","The system is exiting Modern Standby 

Reason: Input Keyboard."
"17-08-2026 17:10:57","506","Information","Microsoft-Windows-Kernel-Power","The system is entering Modern Standby 

Reason: Idle Timeout."
"17-08-2026 17:10:57","566","Information","Microsoft-Windows-Kernel-Power","The system session has transitioned from 261 to 262.

Reason SessionUnlock 

BootId: 35"
"17-08-2026 16:58:49","566","Information","Microsoft-Windows-Kernel-Power","The system session has transitioned from 259 to 261.

Reason PolicyChange 

BootId: 35"
"17-08-2026 16:58:49","507","Information","Microsoft-Windows-Kernel-Power","The system is exiting Modern Standby 

Reason: Lid."
"17-08-2026 16:58:49","701","Warning","Win32k","Power Manager has not requested suppression of all input (INPUT_SUPPRESS_REQUEST=0)"
"17-08-2026 16:58:49","701","Warning","Win32k","Power Manager has not requested suppression of all input (INPUT_SUPPRESS_REQUEST=0)"
"17-08-2026 16:57:27","7003","Information","Netwaw18","7003 - Wi-Fi Driver Info"
"17-08-2026 16:57:27","7021","Information","Netwaw18","7021 - Wi-Fi Driver Info"
"17-08-2026 16:57:03","7003","Information","Netwaw18","7003 - Wi-Fi Driver Info"
"17-08-2026 16:57:03","7021","Information","Netwaw18","7021 - Wi-Fi Driver Info"
"17-08-2026 16:56:47","700","Warning","Win32k","Power Manager has requested suppression of all input (INPUT_SUPPRESS_REQUEST=1)"
"17-08-2026 16:56:47","506","Information","Microsoft-Windows-Kernel-Power","The system is entering Modern Standby 

Reason: Idle Timeout."
"17-08-2026 16:56:47","566","Information","Microsoft-Windows-Kernel-Power","The system session has transitioned from 258 to 259.

Reason SessionUnlock 

BootId: 35"
"17-08-2026 16:56:47","700","Warning","Win32k","Power Manager has requested suppression of all input (INPUT_SUPPRESS_REQUEST=1)"
"17-08-2026 16:56:31","7003","Information","Netwaw18","7003 - Wi-Fi Driver Info"
"17-08-2026 16:56:31","7021","Information","Netwaw18","7021 - Wi-Fi Driver Info"
"17-08-2026 16:56:13","105","Information","Microsoft-Windows-Kernel-Power","Power source change."
"17-08-2026 16:54:57","566","Information","Microsoft-Windows-Kernel-Power","The system session has transitioned from 256 to 258.

Reason InputAccelerometer 

BootId: 35"
"17-08-2026 16:54:57","507","Information","Microsoft-Windows-Kernel-Power","The system is exiting Modern Standby 

Reason: Input Keyboard."
"17-08-2026 16:39:21","506","Information","Microsoft-Windows-Kernel-Power","The system is entering Modern Standby 

Reason: Idle Timeout."
"17-08-2026 16:39:21","566","Information","Microsoft-Windows-Kernel-Power","The system session has transitioned from 255 to 256.

Reason SessionUnlock 

BootId: 35"
"17-08-2026 16:07:44","7003","Information","Netwaw18","7003 - Wi-Fi Driver Info"
"17-08-2026 16:07:44","7021","Information","Netwaw18","7021 - Wi-Fi Driver Info"
"17-08-2026 15:16:24","10016","Warning","Microsoft-Windows-DistributedCOM","The application-specific permission settings do not grant Local Activation permission for the COM Server application with CLSID 
{00000000-0000-0000-0000-000000000000}
 and APPID 
{15C20B67-12E7-4BB6-92BB-7AFF07997402}
 to the user ENTERPRISE\arjo5004 SID (S-1-12-1-2357405129-1281513531-255772574-1816207334) from address LocalHost (Using LRPC) running in the application container Unavailable SID (Unavailable). This security permission can be modified using the Component Services administrative tool."
"17-08-2026 15:09:43","16","Information","Microsoft-Windows-Kernel-General","The access history in hive \??\C:\Windows\system32\Microsoft\Protect\Recovery\Recovery.dat was cleared updating 1 keys and creating 1 modified pages."
"17-08-2026 15:08:54","16","Information","Microsoft-Windows-Kernel-General","The access history in hive \??\C:\Users\arjo5004\AppData\Local\Packages\Microsoft.MicrosoftStickyNotes_8wekyb3d8bbwe\Settings\settings.dat was cleared updating 3 keys and creating 0 modified pages."
"17-08-2026 15:00:05","10016","Warning","Microsoft-Windows-DistributedCOM","The application-specific permission settings do not grant Local Activation permission for the COM Server application with CLSID 
{00000000-0000-0000-0000-000000000000}
 and APPID 
{8BC3F05E-D86B-11D0-A075-00C04FB68820}
 to the user ENTERPRISE\arjo5004 SID (S-1-12-1-2357405129-1281513531-255772574-1816207334) from address LocalHost (Using LRPC) running in the application container Unavailable SID (S-1-15-2-2903968896-746706500-698974985-2873998230-2031288658-2757807771-2976793330). This security permission can be modified using the Component Services administrative tool."
"17-08-2026 14:57:25","566","Information","Microsoft-Windows-Kernel-Power","The system session has transitioned from 253 to 255.

Reason InputAccelerometer 

BootId: 35"
"17-08-2026 14:57:25","507","Information","Microsoft-Windows-Kernel-Power","The system is exiting Modern Standby 

Reason: Input Keyboard."
"17-08-2026 14:53:12","506","Information","Microsoft-Windows-Kernel-Power","The system is entering Modern Standby 

Reason: Idle Timeout."
"17-08-2026 14:53:12","566","Information","Microsoft-Windows-Kernel-Power","The system session has transitioned from 252 to 253.

Reason SessionUnlock 

BootId: 35"
"17-08-2026 14:46:32","10016","Warning","Microsoft-Windows-DistributedCOM","The application-specific permission settings do not grant Local Activation permission for the COM Server application with CLSID 
{00000000-0000-0000-0000-000000000000}
 and APPID 
{8BC3F05E-D86B-11D0-A075-00C04FB68820}
 to the user ENTERPRISE\arjo5004 SID (S-1-12-1-2357405129-1281513531-255772574-1816207334) from address LocalHost (Using LRPC) running in the application container Unavailable SID (S-1-15-2-4048549989-4034744858-2996841004-3486979307-617582289-2918225536-1728881579). This security permission can be modified using the Component Services administrative tool."
"17-08-2026 14:36:17","1","Information","Microsoft-Windows-Kernel-General","The system time has changed to ‎2026‎-‎08‎-‎17T09:06:17.388093100Z from ‎2026‎-‎08‎-‎17T09:06:17.387931300Z.
Time Delta: 0 ms

Change Reason: An application or system component changed the time.
Process: '\Device\HarddiskVolume3\Windows\System32\svchost.exe' (PID 40432).

RTC time: ‎2026‎-‎08‎-‎17T14:36:17.388093100Z
Current time zone bias: -330
RTC time is in UTC: false
System time was based on RTC time: false"
"17-08-2026 14:36:17","21","Error","Microsoft-Windows-HAL","The hardware real-time clock was not set because evaluation of the ACPI Time and Alarm Device method failed.  Status: 0xC00000BB."
"17-08-2026 14:36:17","20","Error","Microsoft-Windows-HAL","The hardware real-time clock was not queried because evaluation of the ACPI Time and Alarm Device method failed.  Status: 0xC00000BB."
"17-08-2026 14:36:17","24","Information","Microsoft-Windows-Kernel-General","The time zone information was refreshed with exit reason 0. Current time zone bias is -330."
"17-08-2026 14:36:17","1","Information","Microsoft-Windows-Kernel-General","The system time has changed to ‎2026‎-‎08‎-‎17T09:06:17.385270200Z from ‎2026‎-‎08‎-‎17T09:06:17.384540000Z.
Time Delta: 0 ms

Change Reason: An application or system component changed the time.
Process: '\Device\HarddiskVolume3\Windows\System32\svchost.exe' (PID 40432).

RTC time: ‎2026‎-‎08‎-‎17T14:36:17.385270200Z
Current time zone bias: -330
RTC time is in UTC: false
System time was based on RTC time: false"
"17-08-2026 14:36:17","21","Error","Microsoft-Windows-HAL","The hardware real-time clock was not set because evaluation of the ACPI Time and Alarm Device method failed.  Status: 0xC00000BB."
"17-08-2026 14:36:17","20","Error","Microsoft-Windows-HAL","The hardware real-time clock was not queried because evaluation of the ACPI Time and Alarm Device method failed.  Status: 0xC00000BB."
"17-08-2026 14:36:17","24","Information","Microsoft-Windows-Kernel-General","The time zone information was refreshed with exit reason 0. Current time zone bias is -330."
"17-08-2026 14:36:17","35","Information","Microsoft-Windows-Time-Service","The time service is now synchronizing the system time with the time source time.windows.com,0x9 (ntp.m|0x9|0.0.0.0:123->40.81.94.65:123) with reference id 1096700200. Current local stratum number is 5."
"17-08-2026 14:36:17","1","Information","Microsoft-Windows-Kernel-General","The system time has changed to ‎2026‎-‎08‎-‎17T09:06:17.382049600Z from ‎2026‎-‎08‎-‎17T09:06:18.527315300Z.
Time Delta: -1145 ms

Change Reason: An application or system component changed the time.
Process: '\Device\HarddiskVolume3\Windows\System32\svchost.exe' (PID 40432).

RTC time: ‎2026‎-‎08‎-‎17T14:36:17.382049600Z
Current time zone bias: -330
RTC time is in UTC: false
System time was based on RTC time: false"
"17-08-2026 14:36:17","21","Error","Microsoft-Windows-HAL","The hardware real-time clock was not set because evaluation of the ACPI Time and Alarm Device method failed.  Status: 0xC00000BB."
"17-08-2026 14:36:17","20","Error","Microsoft-Windows-HAL","The hardware real-time clock was not queried because evaluation of the ACPI Time and Alarm Device method failed.  Status: 0xC00000BB."
"17-08-2026 14:36:17","24","Information","Microsoft-Windows-Kernel-General","The time zone information was refreshed with exit reason 0. Current time zone bias is -330."
"17-08-2026 14:36:02","37","Information","Microsoft-Windows-Time-Service","The time provider NtpClient is currently receiving valid time data from time.windows.com,0x9 (ntp.m|0x9|0.0.0.0:123->40.81.94.65:123)."
"17-08-2026 14:03:47","566","Information","Microsoft-Windows-Kernel-Power","The system session has transitioned from 250 to 252.

Reason InputAccelerometer 

BootId: 35"
"17-08-2026 14:03:47","507","Information","Microsoft-Windows-Kernel-Power","The system is exiting Modern Standby 

Reason: Input Keyboard."
"17-08-2026 13:54:56","19","Information","Microsoft-Windows-WindowsUpdateClient","Installation Successful: Windows successfully installed the following update: Security Intelligence Update for Microsoft Defender Antivirus - KB2267602 (Version 1.457.205.0) - Current Channel (Broad)"
"17-08-2026 13:54:49","43","Information","Microsoft-Windows-WindowsUpdateClient","Installation Started: Windows has started installing the following update: Security Intelligence Update for Microsoft Defender Antivirus - KB2267602 (Version 1.457.205.0) - Current Channel (Broad)"
"17-08-2026 13:54:49","44","Information","Microsoft-Windows-WindowsUpdateClient","Windows Update started downloading an update."
"17-08-2026 13:39:34","506","Information","Microsoft-Windows-Kernel-Power","The system is entering Modern Standby 

Reason: Idle Timeout."
"17-08-2026 13:39:34","566","Information","Microsoft-Windows-Kernel-Power","The system session has transitioned from 249 to 250.

Reason SessionUnlock 

BootId: 35"
"17-08-2026 13:36:49","16","Information","Microsoft-Windows-Kernel-General","The access history in hive \??\C:\Windows\System32\SMI\Store\Machine\schema.dat was cleared updating 1 keys and creating 1 modified pages."
"17-08-2026 13:36:48","15","Information","Microsoft-Windows-Kernel-General","Hive \??\C:\Windows\System32\config\COMPONENTS was reorganized with a starting size of 54382592 bytes and an ending size of 54382592 bytes."
"17-08-2026 13:31:55","5","Information","Microsoft-Windows-IsolatedUserMode","Secure Trustlet NULL Id 0 and Pid 0 started with status STATUS_SUCCESS."
