"12-08-2026 15:02:18","20","Error","Microsoft-Windows-HAL","The hardware real-time clock was not queried because evaluation of the ACPI Time and Alarm Device method failed.  Status: 0xC00000BB."
"12-08-2026 15:02:18","24","Information","Microsoft-Windows-Kernel-General","The time zone information was refreshed with exit reason 0. Current time zone bias is -330."
"12-08-2026 15:02:17","37","Information","Microsoft-Windows-Time-Service","The time provider NtpClient is currently receiving valid time data from time.windows.com,0x9 (ntp.m|0x9|0.0.0.0:123->40.81.94.65:123)."
"12-08-2026 14:54:49","7040","Information","Service Control Manager","The start type of the Background Intelligent Transfer Service service was changed from auto start to demand start."
"12-08-2026 14:52:43","7040","Information","Service Control Manager","The start type of the Background Intelligent Transfer Service service was changed from demand start to auto start."
"12-08-2026 14:43:28","506","Information","Microsoft-Windows-Kernel-Power","The system is entering Modern Standby 

Reason: Idle Timeout."
"12-08-2026 14:43:28","566","Information","Microsoft-Windows-Kernel-Power","The system session has transitioned from 119 to 120.

Reason SessionUnlock 

BootId: 35"
"12-08-2026 14:42:57","566","Information","Microsoft-Windows-Kernel-Power","The system session has transitioned from 117 to 119.

Reason InputHid 

BootId: 35"
"12-08-2026 14:42:57","507","Information","Microsoft-Windows-Kernel-Power","The system is exiting Modern Standby 

Reason: Input Mouse."
"12-08-2026 14:30:56","506","Information","Microsoft-Windows-Kernel-Power","The system is entering Modern Standby 

Reason: Idle Timeout."
"12-08-2026 14:30:56","566","Information","Microsoft-Windows-Kernel-Power","The system session has transitioned from 116 to 117.

Reason SessionUnlock 

BootId: 35"
"12-08-2026 14:27:43","566","Information","Microsoft-Windows-Kernel-Power","The system session has transitioned from 114 to 116.

Reason InputAccelerometer 

BootId: 35"
"12-08-2026 14:27:43","507","Information","Microsoft-Windows-Kernel-Power","The system is exiting Modern Standby 

Reason: Input Keyboard."
"12-08-2026 14:23:43","7040","Information","Service Control Manager","The start type of the Background Intelligent Transfer Service service was changed from auto start to demand start."
"12-08-2026 14:21:34","7040","Information","Service Control Manager","The start type of the Background Intelligent Transfer Service service was changed from demand start to auto start."
"12-08-2026 13:54:54","7040","Information","Service Control Manager","The start type of the Background Intelligent Transfer Service service was changed from auto start to demand start."
"12-08-2026 13:52:42","16","Information","Microsoft-Windows-Kernel-General","The access history in hive \??\C:\Users\arjo5004.T1\AppData\Local\Microsoft\Windows\UsrClass.dat was cleared updating 11 keys and creating 3 modified pages."
"12-08-2026 13:51:44","7040","Information","Service Control Manager","The start type of the Background Intelligent Transfer Service service was changed from demand start to auto start."
"12-08-2026 13:36:59","506","Information","Microsoft-Windows-Kernel-Power","The system is entering Modern Standby 

Reason: Idle Timeout."
"12-08-2026 13:36:59","566","Information","Microsoft-Windows-Kernel-Power","The system session has transitioned from 113 to 114.

Reason SessionUnlock 

BootId: 35"
"12-08-2026 13:36:28","566","Information","Microsoft-Windows-Kernel-Power","The system session has transitioned from 111 to 113.

Reason InputHid 

BootId: 35"
"12-08-2026 13:36:28","507","Information","Microsoft-Windows-Kernel-Power","The system is exiting Modern Standby 

Reason: Input Mouse."
"12-08-2026 13:33:21","7003","Information","Netwaw18","7003 - Wi-Fi Driver Info"
"12-08-2026 13:33:21","7021","Information","Netwaw18","7021 - Wi-Fi Driver Info"
"12-08-2026 13:24:28","506","Information","Microsoft-Windows-Kernel-Power","The system is entering Modern Standby 

Reason: Idle Timeout."
"12-08-2026 13:24:28","566","Information","Microsoft-Windows-Kernel-Power","The system session has transitioned from 110 to 111.

Reason SessionUnlock 

BootId: 35"
"12-08-2026 13:21:05","566","Information","Microsoft-Windows-Kernel-Power","The system session has transitioned from 108 to 110.

Reason InputHid 

BootId: 35"
"12-08-2026 13:21:05","507","Information","Microsoft-Windows-Kernel-Power","The system is exiting Modern Standby 

Reason: Input Mouse."
"12-08-2026 13:09:06","506","Information","Microsoft-Windows-Kernel-Power","The system is entering Modern Standby 

Reason: Idle Timeout."
"12-08-2026 13:09:06","566","Information","Microsoft-Windows-Kernel-Power","The system session has transitioned from 107 to 108.

Reason SessionUnlock 

BootId: 35"
"12-08-2026 13:04:36","566","Information","Microsoft-Windows-Kernel-Power","The system session has transitioned from 105 to 107.

Reason InputAccelerometer 

BootId: 35"
"12-08-2026 13:04:36","507","Information","Microsoft-Windows-Kernel-Power","The system is exiting Modern Standby 

Reason: Input Keyboard."
"12-08-2026 12:55:22","506","Information","Microsoft-Windows-Kernel-Power","The system is entering Modern Standby 

Reason: Idle Timeout."
"12-08-2026 12:55:22","566","Information","Microsoft-Windows-Kernel-Power","The system session has transitioned from 104 to 105.

Reason SessionUnlock 

BootId: 35"
"12-08-2026 12:52:35","105","Information","Microsoft-Windows-Kernel-Power","Power source change."
"12-08-2026 12:52:10","566","Information","Microsoft-Windows-Kernel-Power","The system session has transitioned from 102 to 104.

Reason InputAccelerometer 

BootId: 35"
"12-08-2026 12:52:10","507","Information","Microsoft-Windows-Kernel-Power","The system is exiting Modern Standby 

Reason: Input Keyboard."
"12-08-2026 12:43:16","506","Information","Microsoft-Windows-Kernel-Power","The system is entering Modern Standby 

Reason: Idle Timeout."
"12-08-2026 12:43:16","566","Information","Microsoft-Windows-Kernel-Power","The system session has transitioned from 101 to 102.

Reason SessionUnlock 

BootId: 35"
"12-08-2026 12:42:46","566","Information","Microsoft-Windows-Kernel-Power","The system session has transitioned from 99 to 101.

Reason InputHid 

BootId: 35"
"12-08-2026 12:42:46","507","Information","Microsoft-Windows-Kernel-Power","The system is exiting Modern Standby 

Reason: Input Mouse."
"12-08-2026 12:32:45","506","Information","Microsoft-Windows-Kernel-Power","The system is entering Modern Standby 

Reason: Idle Timeout."
"12-08-2026 12:32:45","566","Information","Microsoft-Windows-Kernel-Power","The system session has transitioned from 98 to 99.

Reason SessionUnlock 

BootId: 35"
"12-08-2026 12:30:04","19","Information","Microsoft-Windows-WindowsUpdateClient","Installation Successful: Windows successfully installed the following update: Security Intelligence Update for Microsoft Defender Antivirus - KB2267602 (Version 1.457.122.0) - Current Channel (Broad)"
"12-08-2026 12:29:58","43","Information","Microsoft-Windows-WindowsUpdateClient","Installation Started: Windows has started installing the following update: Security Intelligence Update for Microsoft Defender Antivirus - KB2267602 (Version 1.457.122.0) - Current Channel (Broad)"
"12-08-2026 12:29:28","44","Information","Microsoft-Windows-WindowsUpdateClient","Windows Update started downloading an update."
"12-08-2026 12:27:39","566","Information","Microsoft-Windows-Kernel-Power","The system session has transitioned from 96 to 98.

Reason InputAccelerometer 

BootId: 35"
"12-08-2026 12:27:39","507","Information","Microsoft-Windows-Kernel-Power","The system is exiting Modern Standby 

Reason: Input Keyboard."
"12-08-2026 12:22:51","506","Information","Microsoft-Windows-Kernel-Power","The system is entering Modern Standby 

Reason: Idle Timeout."
"12-08-2026 12:22:51","566","Information","Microsoft-Windows-Kernel-Power","The system session has transitioned from 95 to 96.

Reason SessionUnlock 

BootId: 35"
"12-08-2026 12:16:42","566","Information","Microsoft-Windows-Kernel-Power","The system session has transitioned from 93 to 95.

Reason InputAccelerometer 

BootId: 35"
"12-08-2026 12:16:42","507","Information","Microsoft-Windows-Kernel-Power","The system is exiting Modern Standby 

Reason: Input Keyboard."
"12-08-2026 12:11:16","7040","Information","Service Control Manager","The start type of the Background Intelligent Transfer Service service was changed from auto start to demand start."
"12-08-2026 12:08:39","7040","Information","Service Control Manager","The start type of the Background Intelligent Transfer Service service was changed from demand start to auto start."
"12-08-2026 12:07:39","7040","Information","Service Control Manager","The start type of the Background Intelligent Transfer Service service was changed from auto start to demand start."
"12-08-2026 12:05:54","506","Information","Microsoft-Windows-Kernel-Power","The system is entering Modern Standby 

Reason: Idle Timeout."
"12-08-2026 12:05:54","566","Information","Microsoft-Windows-Kernel-Power","The system session has transitioned from 92 to 93.

Reason SessionUnlock 

BootId: 35"
"12-08-2026 12:05:34","7040","Information","Service Control Manager","The start type of the Background Intelligent Transfer Service service was changed from demand start to auto start."
"12-08-2026 12:05:06","566","Information","Microsoft-Windows-Kernel-Power","The system session has transitioned from 90 to 92.

Reason InputHid 

BootId: 35"
"12-08-2026 12:05:06","507","Information","Microsoft-Windows-Kernel-Power","The system is exiting Modern Standby 

Reason: Input Mouse."
"12-08-2026 12:01:53","98","Information","Microsoft-Windows-Ntfs","Volume OS (\Device\HarddiskVolumeShadowCopy2) is healthy.  No action is needed."
"12-08-2026 12:00:00","6013","Information","EventLog","The system uptime is 86260 seconds."
"12-08-2026 11:55:05","506","Information","Microsoft-Windows-Kernel-Power","The system is entering Modern Standby 

Reason: Idle Timeout."
"12-08-2026 11:55:05","566","Information","Microsoft-Windows-Kernel-Power","The system session has transitioned from 89 to 90.

Reason SessionUnlock 

BootId: 35"
"12-08-2026 11:49:54","566","Information","Microsoft-Windows-Kernel-Power","The system session has transitioned from 87 to 89.

Reason InputAccelerometer 

BootId: 35"
"12-08-2026 11:49:54","507","Information","Microsoft-Windows-Kernel-Power","The system is exiting Modern Standby 

Reason: Input Keyboard."
"12-08-2026 11:39:33","7040","Information","Service Control Manager","The start type of the Background Intelligent Transfer Service service was changed from auto start to demand start."
"12-08-2026 11:37:45","158","Information","Microsoft-Windows-Time-Service","The time provider 'VMICTimeProvider' has indicated that the current hardware and operating environment is not supported and has stopped. This behavior is expected for VMICTimeProvider on non-HyperV-guest environments. This may be the expected behavior for the current provider in the current operating environment as well."
"12-08-2026 11:37:32","16","Information","Microsoft-Windows-Kernel-General","The access history in hive \??\C:\Users\arjo5004.T1\NTUSER.DAT was cleared updating 37 keys and creating 13 modified pages."
"12-08-2026 11:37:27","7040","Information","Service Control Manager","The start type of the Background Intelligent Transfer Service service was changed from demand start to auto start."
"12-08-2026 11:31:50","506","Information","Microsoft-Windows-Kernel-Power","The system is entering Modern Standby 

Reason: Idle Timeout."
"12-08-2026 11:31:50","566","Information","Microsoft-Windows-Kernel-Power","The system session has transitioned from 86 to 87.

Reason SessionUnlock 

BootId: 35"
"12-08-2026 11:25:59","40960","Warning","LsaSrv","The Security System detected an authentication error for the server host/hkgwinprnp001.enterprisenet.org. The failure code from authentication protocol Kerberos was ""The user account has been automatically locked because too many invalid logon attempts or password change attempts have been requested.
 (0xc0000234)""."
"12-08-2026 11:25:56","40960","Warning","LsaSrv","The Security System detected an authentication error for the server RPC/hkgwinprnp001.enterprisenet.org. The failure code from authentication protocol Kerberos was ""The user account has been automatically locked because too many invalid logon attempts or password change attempts have been requested.
 (0xc0000234)""."
"12-08-2026 11:25:36","566","Information","Microsoft-Windows-Kernel-Power","The system session has transitioned from 84 to 86.

Reason InputAccelerometer 

BootId: 35"
"12-08-2026 11:25:36","507","Information","Microsoft-Windows-Kernel-Power","The system is exiting Modern Standby 

Reason: Input Keyboard."
"12-08-2026 11:20:41","158","Information","Microsoft-Windows-Time-Service","The time provider 'VMICTimeProvider' has indicated that the current hardware and operating environment is not supported and has stopped. This behavior is expected for VMICTimeProvider on non-HyperV-guest environments. This may be the expected behavior for the current provider in the current operating environment as well."
"12-08-2026 11:08:43","506","Information","Microsoft-Windows-Kernel-Power","The system is entering Modern Standby 

Reason: Idle Timeout."
"12-08-2026 11:08:43","566","Information","Microsoft-Windows-Kernel-Power","The system session has transitioned from 83 to 84.

Reason SessionUnlock 

BootId: 35"
"12-08-2026 11:08:11","566","Information","Microsoft-Windows-Kernel-Power","The system session has transitioned from 81 to 83.

Reason InputAccelerometer 

BootId: 35"
"12-08-2026 11:08:11","507","Information","Microsoft-Windows-Kernel-Power","The system is exiting Modern Standby 

Reason: Input Keyboard."
"12-08-2026 11:03:37","158","Information","Microsoft-Windows-Time-Service","The time provider 'VMICTimeProvider' has indicated that the current hardware and operating environment is not supported and has stopped. This behavior is expected for VMICTimeProvider on non-HyperV-guest environments. This may be the expected behavior for the current provider in the current operating environment as well."
"12-08-2026 10:58:28","7040","Information","Service Control Manager","The start type of the Background Intelligent Transfer Service service was changed from auto start to demand start."
"12-08-2026 10:55:50","7040","Information","Service Control Manager","The start type of the Background Intelligent Transfer Service service was changed from demand start to auto start."
"12-08-2026 10:53:50","19","Information","Microsoft-Windows-WindowsUpdateClient","Installation Successful: Windows successfully installed the following update: 9MSSGKG348SP-MicrosoftWindows.Client.WebExperience"
"12-08-2026 10:53:48","16","Information","Microsoft-Windows-Kernel-General","The access history in hive \??\C:\Users\arjo5004\AppData\Local\Packages\MicrosoftWindows.Client.WebExperience_cw5n1h2txyewy\Settings\settings.dat was cleared updating 1 keys and creating 1 modified pages."
"12-08-2026 10:53:48","43","Information","Microsoft-Windows-WindowsUpdateClient","Installation Started: Windows has started installing the following update: 9MSSGKG348SP-MicrosoftWindows.Client.WebExperience"
"12-08-2026 10:53:45","16","Information","Microsoft-Windows-Kernel-General","The access history in hive \??\C:\ProgramData\Microsoft\Windows\AppRepository\Packages\MicrosoftWindows.Client.WebExperience_526.21100.40.0_x64__cw5n1h2txyewy\ActivationStore.dat was cleared updating 0 keys and creating 0 modified pages."
"12-08-2026 10:48:18","19","Information","Microsoft-Windows-WindowsUpdateClient","Installation Successful: Windows successfully installed the following update: 9P7BP5VNWKX5-MicrosoftCorporationII.QuickAssist"
"12-08-2026 10:48:17","16","Information","Microsoft-Windows-Kernel-General","The access history in hive \??\C:\Users\arjo5004\AppData\Local\Packages\MicrosoftCorporationII.QuickAssist_8wekyb3d8bbwe\Settings\settings.dat was cleared updating 1 keys and creating 1 modified pages."
"12-08-2026 10:48:16","43","Information","Microsoft-Windows-WindowsUpdateClient","Installation Started: Windows has started installing the following update: 9P7BP5VNWKX5-MicrosoftCorporationII.QuickAssist"
"12-08-2026 10:48:02","44","Information","Microsoft-Windows-WindowsUpdateClient","Windows Update started downloading an update."
"12-08-2026 10:47:51","44","Information","Microsoft-Windows-WindowsUpdateClient","Windows Update started downloading an update."
"12-08-2026 10:47:04","44","Information","Microsoft-Windows-WindowsUpdateClient","Windows Update started downloading an update."
"12-08-2026 10:46:54","44","Information","Microsoft-Windows-WindowsUpdateClient","Windows Update started downloading an update."
"12-08-2026 10:46:47","44","Information","Microsoft-Windows-WindowsUpdateClient","Windows Update started downloading an update."
"12-08-2026 10:46:33","158","Information","Microsoft-Windows-Time-Service","The time provider 'VMICTimeProvider' has indicated that the current hardware and operating environment is not supported and has stopped. This behavior is expected for VMICTimeProvider on non-HyperV-guest environments. This may be the expected behavior for the current provider in the current operating environment as well."
"12-08-2026 10:44:46","7040","Information","Service Control Manager","The start type of the Background Intelligent Transfer Service service was changed from auto start to demand start."
"12-08-2026 10:44:38","506","Information","Microsoft-Windows-Kernel-Power","The system is entering Modern Standby 

Reason: Idle Timeout."
"12-08-2026 10:44:38","566","Information","Microsoft-Windows-Kernel-Power","The system session has transitioned from 80 to 81.

Reason SessionUnlock 

BootId: 35"
"12-08-2026 10:42:42","7040","Information","Service Control Manager","The start type of the Background Intelligent Transfer Service service was changed from demand start to auto start."
"12-08-2026 10:37:45","566","Information","Microsoft-Windows-Kernel-Power","The system session has transitioned from 78 to 80.

Reason InputAccelerometer 

BootId: 35"
"12-08-2026 10:37:45","507","Information","Microsoft-Windows-Kernel-Power","The system is exiting Modern Standby 

Reason: Input Keyboard."
"12-08-2026 10:33:40","7003","Information","Netwaw18","7003 - Wi-Fi Driver Info"
"12-08-2026 10:30:11","506","Information","Microsoft-Windows-Kernel-Power","The system is entering Modern Standby 

Reason: Idle Timeout."
"12-08-2026 10:30:11","566","Information","Microsoft-Windows-Kernel-Power","The system session has transitioned from 77 to 78.

Reason SessionUnlock 

BootId: 35"
"12-08-2026 10:30:04","19","Information","Microsoft-Windows-WindowsUpdateClient","Installation Successful: Windows successfully installed the following update: Security Intelligence Update for Microsoft Defender Antivirus - KB2267602 (Version 1.457.120.0) - Current Channel (Broad)"
"12-08-2026 10:29:57","43","Information","Microsoft-Windows-WindowsUpdateClient","Installation Started: Windows has started installing the following update: Security Intelligence Update for Microsoft Defender Antivirus - KB2267602 (Version 1.457.120.0) - Current Channel (Broad)"
"12-08-2026 10:29:27","44","Information","Microsoft-Windows-WindowsUpdateClient","Windows Update started downloading an update."
"12-08-2026 10:29:13","37","Information","Microsoft-Windows-Time-Service","The time provider NtpClient is currently receiving valid time data from time.windows.com,0x9 (ntp.m|0x9|0.0.0.0:123->40.81.94.65:123)."
"12-08-2026 10:29:13","158","Information","Microsoft-Windows-Time-Service","The time provider 'VMICTimeProvider' has indicated that the current hardware and operating environment is not supported and has stopped. This behavior is expected for VMICTimeProvider on non-HyperV-guest environments. This may be the expected behavior for the current provider in the current operating environment as well."
"12-08-2026 10:25:01","10016","Warning","Microsoft-Windows-DistributedCOM","The application-specific permission settings do not grant Local Activation permission for the COM Server application with CLSID 
{00000000-0000-0000-0000-000000000000}
 and APPID 
{15C20B67-12E7-4BB6-92BB-7AFF07997402}
 to the user ENTERPRISE\arjo5004 SID (S-1-12-1-2357405129-1281513531-255772574-1816207334) from address LocalHost (Using LRPC) running in the application container Unavailable SID (Unavailable). This security permission can be modified using the Component Services administrative tool."
"12-08-2026 10:24:36","105","Information","Microsoft-Windows-Kernel-Power","Power source change."
"12-08-2026 10:23:59","566","Information","Microsoft-Windows-Kernel-Power","The system session has transitioned from 75 to 77.

Reason InputAccelerometer 

BootId: 35"
"12-08-2026 10:23:59","507","Information","Microsoft-Windows-Kernel-Power","The system is exiting Modern Standby 

Reason: Input Keyboard."
"12-08-2026 10:22:16","506","Information","Microsoft-Windows-Kernel-Power","The system is entering Modern Standby 

Reason: Idle Timeout."
"12-08-2026 10:22:16","566","Information","Microsoft-Windows-Kernel-Power","The system session has transitioned from 74 to 75.

Reason SessionUnlock 

BootId: 35"
"12-08-2026 10:12:52","566","Information","Microsoft-Windows-Kernel-Power","The system session has transitioned from 72 to 74.

Reason InputAccelerometer 

BootId: 35"
"12-08-2026 10:12:52","507","Information","Microsoft-Windows-Kernel-Power","The system is exiting Modern Standby 

Reason: Input Keyboard."
"12-08-2026 10:04:07","506","Information","Microsoft-Windows-Kernel-Power","The system is entering Modern Standby 

Reason: Idle Timeout."
"12-08-2026 10:04:07","566","Information","Microsoft-Windows-Kernel-Power","The system session has transitioned from 71 to 72.

Reason SessionUnlock 

BootId: 35"
"12-08-2026 10:03:21","566","Information","Microsoft-Windows-Kernel-Power","The system session has transitioned from 69 to 71.

Reason InputAccelerometer 

BootId: 35"
"12-08-2026 10:03:21","507","Information","Microsoft-Windows-Kernel-Power","The system is exiting Modern Standby 

Reason: Input Keyboard."
"12-08-2026 09:48:43","7040","Information","Service Control Manager","The start type of the Background Intelligent Transfer Service service was changed from auto start to demand start."
"12-08-2026 09:48:14","19","Information","Microsoft-Windows-WindowsUpdateClient","Installation Successful: Windows successfully installed the following update: 9NRZT3Q9R3DL-Microsoft.WindowsAppRuntime.2"
"12-08-2026 09:48:14","43","Information","Microsoft-Windows-WindowsUpdateClient","Installation Started: Windows has started installing the following update: 9NRZT3Q9R3DL-Microsoft.WindowsAppRuntime.2"
"12-08-2026 09:47:27","44","Information","Microsoft-Windows-WindowsUpdateClient","Windows Update started downloading an update."
"12-08-2026 09:46:38","7040","Information","Service Control Manager","The start type of the Background Intelligent Transfer Service service was changed from demand start to auto start."
"12-08-2026 09:41:14","506","Information","Microsoft-Windows-Kernel-Power","The system is entering Modern Standby 

Reason: Idle Timeout."
"12-08-2026 09:41:14","566","Information","Microsoft-Windows-Kernel-Power","The system session has transitioned from 68 to 69.

Reason SessionUnlock 

BootId: 35"
"12-08-2026 09:38:12","566","Information","Microsoft-Windows-Kernel-Power","The system session has transitioned from 66 to 68.

Reason InputAccelerometer 

BootId: 35"
"12-08-2026 09:38:12","507","Information","Microsoft-Windows-Kernel-Power","The system is exiting Modern Standby 

Reason: Input Keyboard."
"12-08-2026 09:27:22","506","Information","Microsoft-Windows-Kernel-Power","The system is entering Modern Standby 

Reason: Idle Timeout."
"12-08-2026 09:27:22","566","Information","Microsoft-Windows-Kernel-Power","The system session has transitioned from 65 to 66.

Reason SessionUnlock 

BootId: 35"
"12-08-2026 09:22:41","105","Information","Microsoft-Windows-Kernel-Power","Power source change."
"12-08-2026 09:22:32","5","Information","Microsoft-Windows-IsolatedUserMode","Secure Trustlet NULL Id 0 and Pid 0 started with status STATUS_SUCCESS."
"12-08-2026 09:22:31","2","Information","Microsoft-Windows-IsolatedUserMode","Secure Trustlet Id 0 and Pid 0 stopped with status STATUS_SUCCESS."
"12-08-2026 09:19:00","5","Information","Microsoft-Windows-IsolatedUserMode","Secure Trustlet NULL Id 0 and Pid 0 started with status STATUS_SUCCESS."
"12-08-2026 09:19:00","2","Information","Microsoft-Windows-IsolatedUserMode","Secure Trustlet Id 0 and Pid 0 stopped with status STATUS_SUCCESS."
"12-08-2026 09:17:43","5","Information","Microsoft-Windows-IsolatedUserMode","Secure Trustlet NULL Id 0 and Pid 0 started with status STATUS_SUCCESS."
"12-08-2026 09:17:43","2","Information","Microsoft-Windows-IsolatedUserMode","Secure Trustlet Id 0 and Pid 0 stopped with status STATUS_SUCCESS."
"12-08-2026 09:15:21","16","Information","Microsoft-Windows-Kernel-General","The access history in hive \??\C:\Users\arjo5004\AppData\Local\Packages\Microsoft.WindowsStore_8wekyb3d8bbwe\Settings\settings.dat was cleared updating 16 keys and creating 3 modified pages."
"12-08-2026 09:14:49","7040","Information","Service Control Manager","The start type of the Background Intelligent Transfer Service service was changed from auto start to demand start."
"12-08-2026 09:12:43","7040","Information","Service Control Manager","The start type of the Background Intelligent Transfer Service service was changed from demand start to auto start."
"12-08-2026 09:02:54","2","Information","Microsoft-Windows-IsolatedUserMode","Secure Trustlet Id 4 and Pid 15680 stopped with status STATUS_SUCCESS."
"12-08-2026 08:57:09","98","Information","Microsoft-Windows-Ntfs","Volume OS (\Device\HarddiskVolumeShadowCopy1) is healthy.  No action is needed."
"12-08-2026 08:56:40","19","Information","Microsoft-Windows-WindowsUpdateClient","Installation Successful: Windows successfully installed the following update: 9NRZT3Q9R3DL-Microsoft.WindowsAppRuntime.2"
"12-08-2026 08:56:40","43","Information","Microsoft-Windows-WindowsUpdateClient","Installation Started: Windows has started installing the following update: 9NRZT3Q9R3DL-Microsoft.WindowsAppRuntime.2"
"12-08-2026 08:56:11","44","Information","Microsoft-Windows-WindowsUpdateClient","Windows Update started downloading an update."
"12-08-2026 08:55:56","16","Information","Microsoft-Windows-Kernel-General","The access history in hive \??\C:\Users\arjo5004\AppData\Local\Packages\Microsoft.DesktopAppInstaller_8wekyb3d8bbwe\Settings\settings.dat was cleared updating 2 keys and creating 1 modified pages."
"12-08-2026 08:55:42","1","Information","Microsoft-Windows-IsolatedUserMode","Secure Trustlet \??\C:\Windows\system32\BioIso.exe Id 4 and Pid 15680 started with status STATUS_SUCCESS."
"12-08-2026 08:55:42","5","Information","Microsoft-Windows-IsolatedUserMode","Secure Trustlet NULL Id 0 and Pid 0 started with status STATUS_SUCCESS."
"12-08-2026 08:55:31","2","Information","Microsoft-Windows-IsolatedUserMode","Secure Trustlet Id 0 and Pid 0 stopped with status STATUS_SUCCESS."
"12-08-2026 08:55:30","5","Information","Microsoft-Windows-IsolatedUserMode","Secure Trustlet NULL Id 0 and Pid 0 started with status STATUS_SUCCESS."
"12-08-2026 08:55:20","566","Information","Microsoft-Windows-Kernel-Power","The system session has transitioned from 64 to 65.

Reason InputHid 

BootId: 35"
"12-08-2026 08:55:20","507","Information","Microsoft-Windows-Kernel-Power","The system is exiting Modern Standby 

Reason: Input Mouse."
"12-08-2026 08:55:19","205","Information","Microsoft-Windows-USB-USBHUB3","Re-enumerating a DRIPS blocking device that was previously removed when exiting low power epoch.             
             
USB Device: VID: 0x424 PID: 0x7240 REV: 0x207             
IsPortCycle: true"
"12-08-2026 08:55:19","205","Information","Microsoft-Windows-USB-USBHUB3","Re-enumerating a DRIPS blocking device that was previously removed when exiting low power epoch.             
             
USB Device: VID: 0x424 PID: 0x7260 REV: 0x625             
IsPortCycle: true"
"12-08-2026 08:55:19","172","Information","Microsoft-Windows-Kernel-Power","Connectivity state in standby: Connected, Reason: None"
"12-08-2026 03:29:55","205","Information","Microsoft-Windows-USB-USBHUB3","Re-enumerating a DRIPS blocking device that was previously removed when exiting low power epoch.             
             
USB Device: VID: 0x424 PID: 0x7240 REV: 0x207             
IsPortCycle: false"
"12-08-2026 03:29:55","205","Information","Microsoft-Windows-USB-USBHUB3","Re-enumerating a DRIPS blocking device that was previously removed when exiting low power epoch.             
             
USB Device: VID: 0x424 PID: 0x7260 REV: 0x625             
IsPortCycle: false"
"12-08-2026 03:29:55","196","Warning","Microsoft-Windows-USB-USBHUB3","USB device draining system power when system is idle.             
             
USB Device: VID: 0x424 PID: 0x7240 REV: 0x207             
Removal action failed: QueryRemovalInitiated"
"12-08-2026 03:29:55","196","Warning","Microsoft-Windows-USB-USBHUB3","USB device draining system power when system is idle.             
             
USB Device: VID: 0x424 PID: 0x7260 REV: 0x625             
Removal action failed: QueryRemovalInitiated"
"12-08-2026 03:29:42","10010","Error","Microsoft-Windows-DistributedCOM","The server {00000000-0000-0000-0000-000000000000} did not register with DCOM within the required timeout."
"12-08-2026 03:29:15","19","Information","Microsoft-Windows-WindowsUpdateClient","Installation Successful: Windows successfully installed the following update: Security Intelligence Update for Microsoft Defender Antivirus - KB2267602 (Version 1.457.115.0) - Current Channel (Broad)"
"12-08-2026 03:29:01","43","Information","Microsoft-Windows-WindowsUpdateClient","Installation Started: Windows has started installing the following update: Security Intelligence Update for Microsoft Defender Antivirus - KB2267602 (Version 1.457.115.0) - Current Channel (Broad)"
"12-08-2026 03:28:55","44","Information","Microsoft-Windows-WindowsUpdateClient","Windows Update started downloading an update."
"12-08-2026 03:27:43","172","Information","Microsoft-Windows-Kernel-Power","Connectivity state in standby: Disconnected, Reason: Policy Setting"
"12-08-2026 03:27:38","566","Information","Microsoft-Windows-Kernel-Power","The system session has transitioned from 63 to 64.

Reason FullWake 

BootId: 35"
"12-08-2026 03:27:27","5","Information","Microsoft-Windows-IsolatedUserMode","Secure Trustlet NULL Id 0 and Pid 0 started with status STATUS_SUCCESS."
"12-08-2026 03:27:27","2","Information","Microsoft-Windows-IsolatedUserMode","Secure Trustlet Id 0 and Pid 0 stopped with status STATUS_SUCCESS."
"12-08-2026 03:27:17","205","Information","Microsoft-Windows-USB-USBHUB3","Re-enumerating a DRIPS blocking device that was previously removed when exiting low power epoch.             
             
USB Device: VID: 0x424 PID: 0x7240 REV: 0x207             
IsPortCycle: true"
"12-08-2026 03:27:17","205","Information","Microsoft-Windows-USB-USBHUB3","Re-enumerating a DRIPS blocking device that was previously removed when exiting low power epoch.             
             
USB Device: VID: 0x424 PID: 0x7260 REV: 0x625             
IsPortCycle: true"
"12-08-2026 03:27:17","506","Information","Microsoft-Windows-Kernel-Power","The system is entering Modern Standby 

Reason: 16777220."
"12-08-2026 03:27:17","566","Information","Microsoft-Windows-Kernel-Power","The system session has transitioned from 62 to 63.

Reason 16777220 

BootId: 35"
"12-08-2026 03:27:17","507","Information","Microsoft-Windows-Kernel-Power","The system is exiting Modern Standby 

Reason: 16777220."
"12-08-2026 03:27:17","172","Information","Microsoft-Windows-Kernel-Power","Connectivity state in standby: Connected, Reason: None"
"11-08-2026 19:05:09","205","Information","Microsoft-Windows-USB-USBHUB3","Re-enumerating a DRIPS blocking device that was previously removed when exiting low power epoch.             
             
USB Device: VID: 0x424 PID: 0x7240 REV: 0x207             
IsPortCycle: false"
"11-08-2026 19:05:09","205","Information","Microsoft-Windows-USB-USBHUB3","Re-enumerating a DRIPS blocking device that was previously removed when exiting low power epoch.             
             
USB Device: VID: 0x424 PID: 0x7260 REV: 0x625             
IsPortCycle: false"
"11-08-2026 19:05:09","196","Warning","Microsoft-Windows-USB-USBHUB3","USB device draining system power when system is idle.             
             
USB Device: VID: 0x424 PID: 0x7260 REV: 0x625             
Removal action failed: QueryRemovalInitiated"
"11-08-2026 19:05:09","196","Warning","Microsoft-Windows-USB-USBHUB3","USB device draining system power when system is idle.             
             
USB Device: VID: 0x424 PID: 0x7240 REV: 0x207             
Removal action failed: QueryRemovalInitiated"
"11-08-2026 19:04:33","172","Information","Microsoft-Windows-Kernel-Power","Connectivity state in standby: Disconnected, Reason: Policy Setting"
"11-08-2026 19:04:26","566","Information","Microsoft-Windows-Kernel-Power","The system session has transitioned from 61 to 62.

Reason FullWake 

BootId: 35"
"11-08-2026 19:04:26","506","Information","Microsoft-Windows-Kernel-Power","The system is entering Modern Standby 

Reason: Screen Off Request."
"11-08-2026 19:04:26","566","Information","Microsoft-Windows-Kernel-Power","The system session has transitioned from 60 to 61.

Reason FullWake 

BootId: 35"
"11-08-2026 19:02:23","5","Information","Microsoft-Windows-IsolatedUserMode","Secure Trustlet NULL Id 0 and Pid 0 started with status STATUS_SUCCESS."
"11-08-2026 19:02:23","2","Information","Microsoft-Windows-IsolatedUserMode","Secure Trustlet Id 0 and Pid 0 stopped with status STATUS_SUCCESS."
"11-08-2026 19:02:13","566","Information","Microsoft-Windows-Kernel-Power","The system session has transitioned from 59 to 60.

Reason InputHid 

BootId: 35"
"11-08-2026 19:02:13","507","Information","Microsoft-Windows-Kernel-Power","The system is exiting Modern Standby 

Reason: Input Mouse."
"11-08-2026 19:02:12","205","Information","Microsoft-Windows-USB-USBHUB3","Re-enumerating a DRIPS blocking device that was previously removed when exiting low power epoch.             
             
USB Device: VID: 0x424 PID: 0x7240 REV: 0x207             
IsPortCycle: true"
"11-08-2026 19:02:12","205","Information","Microsoft-Windows-USB-USBHUB3","Re-enumerating a DRIPS blocking device that was previously removed when exiting low power epoch.             
             
USB Device: VID: 0x424 PID: 0x7260 REV: 0x625             
IsPortCycle: true"
"11-08-2026 19:02:12","172","Information","Microsoft-Windows-Kernel-Power","Connectivity state in standby: Connected, Reason: None"
"11-08-2026 18:35:06","205","Information","Microsoft-Windows-USB-USBHUB3","Re-enumerating a DRIPS blocking device that was previously removed when exiting low power epoch.             
             
USB Device: VID: 0x424 PID: 0x7240 REV: 0x207             
IsPortCycle: false"
"11-08-2026 18:35:06","205","Information","Microsoft-Windows-USB-USBHUB3","Re-enumerating a DRIPS blocking device that was previously removed when exiting low power epoch.             
             
USB Device: VID: 0x424 PID: 0x7260 REV: 0x625             
IsPortCycle: false"
"11-08-2026 18:35:06","196","Warning","Microsoft-Windows-USB-USBHUB3","USB device draining system power when system is idle.             
             
USB Device: VID: 0x424 PID: 0x7240 REV: 0x207             
Removal action failed: QueryRemovalInitiated"
"11-08-2026 18:35:06","196","Warning","Microsoft-Windows-USB-USBHUB3","USB device draining system power when system is idle.             
             
USB Device: VID: 0x424 PID: 0x7260 REV: 0x625             
Removal action failed: QueryRemovalInitiated"
"11-08-2026 18:34:30","172","Information","Microsoft-Windows-Kernel-Power","Connectivity state in standby: Disconnected, Reason: Policy Setting"
"11-08-2026 18:34:24","566","Information","Microsoft-Windows-Kernel-Power","The system session has transitioned from 58 to 59.

Reason SessionUnlock 

BootId: 35"
"11-08-2026 18:13:04","19","Information","Microsoft-Windows-WindowsUpdateClient","Installation Successful: Windows successfully installed the following update: Security Intelligence Update for Microsoft Defender Antivirus - KB2267602 (Version 1.457.110.0) - Current Channel (Broad)"
"11-08-2026 18:12:57","43","Information","Microsoft-Windows-WindowsUpdateClient","Installation Started: Windows has started installing the following update: Security Intelligence Update for Microsoft Defender Antivirus - KB2267602 (Version 1.457.110.0) - Current Channel (Broad)"
"11-08-2026 18:12:57","44","Information","Microsoft-Windows-WindowsUpdateClient","Windows Update started downloading an update."
"11-08-2026 17:34:43","506","Information","Microsoft-Windows-Kernel-Power","The system is entering Modern Standby 

Reason: Idle Timeout."
"11-08-2026 17:34:43","566","Information","Microsoft-Windows-Kernel-Power","The system session has transitioned from 57 to 58.

Reason SessionUnlock 

BootId: 35"
"11-08-2026 17:34:17","105","Information","Microsoft-Windows-Kernel-Power","Power source change."
"11-08-2026 17:34:05","105","Information","Microsoft-Windows-Kernel-Power","Power source change."
"11-08-2026 17:17:18","5","Information","Microsoft-Windows-IsolatedUserMode","Secure Trustlet NULL Id 0 and Pid 0 started with status STATUS_SUCCESS."
"11-08-2026 17:17:18","2","Information","Microsoft-Windows-IsolatedUserMode","Secure Trustlet Id 0 and Pid 0 stopped with status STATUS_SUCCESS."
"11-08-2026 16:57:29","566","Information","Microsoft-Windows-Kernel-Power","The system session has transitioned from 55 to 57.

Reason InputAccelerometer 

BootId: 35"
